2025-06-18 14:22:52,431 INFO: log_path:/logs_2025_6_18_HS_mos2_L1/AMFormer_simple_KAN_dim32_depth2_heads4_dropout0.4_lr0.0001_4P 
2025-06-18 14:22:52,431 INFO: Model:namespace(attn_dropout=0.4, categories=[], cluster=3, depth=2, dim=32, ff_dropout=0.4, groups=[54, 54, 54], heads=4, name='AMFormer_simple_KAN_dim32_depth2_heads4_dropout0.4', num_cate=0, num_cont=20, num_special_tokens=1, out_dim=1, predictor='simple_KAN', prod_num_per_group=[6, 6, 6], qk_relu=False, static_fusion={'kan_weight': 0.4, 'trans_weight': 0.6}, sum_num_per_group=[32, 16, 8], target_mode='regression', token_descent=False, use_cls_token=True, use_prod=True, use_row_col_attention=True, use_sigmoid=True) 
2025-06-18 14:22:52,431 INFO: lr:0.0001, loss:L1 
2025-06-18 14:22:52,431 INFO: Dataset:HS_mos2, Target:['metal4_Peak'] 
2025-06-18 14:22:52,432 INFO: ------Begin Training Model------ 
2025-06-18 14:23:02,285 INFO: Epoch 1, Train Loss: 0.34325755816517456, Test Loss: 0.34008008066345663, Inverse Test Loss: 0.17092270272619584 
2025-06-18 14:23:05,260 INFO: Epoch 2, Train Loss: 0.3087185016184142, Test Loss: 0.3104797075776493, Inverse Test Loss: 0.15936844094711192 
2025-06-18 14:23:08,152 INFO: Epoch 3, Train Loss: 0.289076514767878, Test Loss: 0.29313554921570945, Inverse Test Loss: 0.15205032772877636 
2025-06-18 14:23:11,058 INFO: Epoch 4, Train Loss: 0.2718542552355564, Test Loss: 0.27141834970782786, Inverse Test Loss: 0.14130732636241353 
2025-06-18 14:23:13,941 INFO: Epoch 5, Train Loss: 0.25586166097359225, Test Loss: 0.26561519152977886, Inverse Test Loss: 0.13854476940982483 
2025-06-18 14:23:16,804 INFO: Epoch 6, Train Loss: 0.24417254283572687, Test Loss: 0.25038472782163057, Inverse Test Loss: 0.13054117385078878 
2025-06-18 14:23:19,715 INFO: Epoch 7, Train Loss: 0.23378184482906805, Test Loss: 0.238220231497989, Inverse Test Loss: 0.12359527060214211 
2025-06-18 14:23:22,556 INFO: Epoch 8, Train Loss: 0.22720794740951422, Test Loss: 0.22662165059762843, Inverse Test Loss: 0.11724267023451188 
2025-06-18 14:23:25,471 INFO: Epoch 9, Train Loss: 0.21532822445486532, Test Loss: 0.21665453823173747, Inverse Test Loss: 0.11110754179603913 
2025-06-18 14:23:28,379 INFO: Epoch 10, Train Loss: 0.2067923481491479, Test Loss: 0.2045056460534825, Inverse Test Loss: 0.10371133948073667 
2025-06-18 14:23:31,296 INFO: Epoch 11, Train Loss: 0.20255147530273956, Test Loss: 0.19592784695765553, Inverse Test Loss: 0.09894375941332649 
2025-06-18 14:23:34,223 INFO: Epoch 12, Train Loss: 0.1930547354347778, Test Loss: 0.1842907824937035, Inverse Test Loss: 0.09174484474694028 
2025-06-18 14:23:37,151 INFO: Epoch 13, Train Loss: 0.1855656219025453, Test Loss: 0.1785007539917441, Inverse Test Loss: 0.08783591494840734 
2025-06-18 14:23:40,074 INFO: Epoch 14, Train Loss: 0.17982132969932121, Test Loss: 0.1637407519361552, Inverse Test Loss: 0.07933388694244273 
2025-06-18 14:23:42,997 INFO: Epoch 15, Train Loss: 0.17253211309964006, Test Loss: 0.1568460473242928, Inverse Test Loss: 0.07517392363618403 
2025-06-18 14:23:45,924 INFO: Epoch 16, Train Loss: 0.1664650793554205, Test Loss: 0.14210539968574748, Inverse Test Loss: 0.06746197272749509 
2025-06-18 14:23:48,843 INFO: Epoch 17, Train Loss: 0.15714377537369728, Test Loss: 0.1309433053521549, Inverse Test Loss: 0.06139301366227515 
2025-06-18 14:23:51,722 INFO: Epoch 18, Train Loss: 0.14635101547746948, Test Loss: 0.12507018972845638, Inverse Test Loss: 0.05895543843507767 
2025-06-18 14:23:54,604 INFO: Epoch 19, Train Loss: 0.14238083588354516, Test Loss: 0.12486700034316849, Inverse Test Loss: 0.05868730507791042 
2025-06-18 14:23:57,622 INFO: Epoch 20, Train Loss: 0.13875475706476154, Test Loss: 0.11957290702882935, Inverse Test Loss: 0.05623315669157926 
2025-06-18 14:24:00,527 INFO: Epoch 21, Train Loss: 0.1360357930940209, Test Loss: 0.11819171554902021, Inverse Test Loss: 0.05559067055583 
2025-06-18 14:24:03,479 INFO: Epoch 22, Train Loss: 0.1354853478119229, Test Loss: 0.11777857603395686, Inverse Test Loss: 0.05523622912519118 
2025-06-18 14:24:06,378 INFO: Epoch 23, Train Loss: 0.1323148221003287, Test Loss: 0.11805267982623156, Inverse Test Loss: 0.05544303784913877 
2025-06-18 14:24:09,286 INFO: Epoch 24, Train Loss: 0.1308777111046242, Test Loss: 0.1146043041611419, Inverse Test Loss: 0.05391765100991025 
2025-06-18 14:24:12,213 INFO: Epoch 25, Train Loss: 0.13098542804293561, Test Loss: 0.11770997064955094, Inverse Test Loss: 0.055216167012558263 
2025-06-18 14:24:15,142 INFO: Epoch 26, Train Loss: 0.1273333921351216, Test Loss: 0.11502413276363821, Inverse Test Loss: 0.05395985197495012 
2025-06-18 14:24:18,075 INFO: Epoch 27, Train Loss: 0.12794105369936337, Test Loss: 0.11285039519562441, Inverse Test Loss: 0.052965268711833394 
2025-06-18 14:24:20,961 INFO: Epoch 28, Train Loss: 0.12713147857875534, Test Loss: 0.11409095981541802, Inverse Test Loss: 0.05352533805896254 
2025-06-18 14:24:23,884 INFO: Epoch 29, Train Loss: 0.1267846136382132, Test Loss: 0.11043866986737531, Inverse Test Loss: 0.05196270269944387 
2025-06-18 14:24:26,794 INFO: Epoch 30, Train Loss: 0.1255716293147116, Test Loss: 0.11050102092763957, Inverse Test Loss: 0.05192655072930981 
2025-06-18 14:24:29,703 INFO: Epoch 31, Train Loss: 0.1246283980030002, Test Loss: 0.11225331355543698, Inverse Test Loss: 0.052685302846571976 
2025-06-18 14:24:32,633 INFO: Epoch 32, Train Loss: 0.12264490421071197, Test Loss: 0.11096686037147746, Inverse Test Loss: 0.05213804740239592 
2025-06-18 14:24:35,564 INFO: Epoch 33, Train Loss: 0.12404957063721889, Test Loss: 0.10992971062660217, Inverse Test Loss: 0.05158068513607278 
2025-06-18 14:24:38,439 INFO: Epoch 34, Train Loss: 0.12265490345431096, Test Loss: 0.10799133909099243, Inverse Test Loss: 0.0508219516452621 
2025-06-18 14:24:41,335 INFO: Epoch 35, Train Loss: 0.12144004993818024, Test Loss: 0.10802350171348628, Inverse Test Loss: 0.05071565125356702 
2025-06-18 14:24:44,242 INFO: Epoch 36, Train Loss: 0.12172317685502948, Test Loss: 0.10657851376077708, Inverse Test Loss: 0.05013389107497299 
2025-06-18 14:24:47,127 INFO: Epoch 37, Train Loss: 0.12147259655775446, Test Loss: 0.10689443985328954, Inverse Test Loss: 0.050258921788019294 
2025-06-18 14:24:50,045 INFO: Epoch 38, Train Loss: 0.11915753821306156, Test Loss: 0.10894079594051137, Inverse Test Loss: 0.051191291388343364 
2025-06-18 14:24:52,944 INFO: Epoch 39, Train Loss: 0.11992424952261375, Test Loss: 0.10896010718801442, Inverse Test Loss: 0.051187589983729756 
2025-06-18 14:24:55,857 INFO: Epoch 40, Train Loss: 0.11886747508789554, Test Loss: 0.10504266641595784, Inverse Test Loss: 0.04941225095706828 
2025-06-18 14:24:58,783 INFO: Epoch 41, Train Loss: 0.11854467755465796, Test Loss: 0.10518189234768643, Inverse Test Loss: 0.04947473853826523 
2025-06-18 14:25:01,663 INFO: Epoch 42, Train Loss: 0.11824277037698211, Test Loss: 0.10442731770522454, Inverse Test Loss: 0.04904022867627004 
2025-06-18 14:25:04,596 INFO: Epoch 43, Train Loss: 0.11779480483947379, Test Loss: 0.10388000747736763, Inverse Test Loss: 0.048924021313295644 
2025-06-18 14:25:07,543 INFO: Epoch 44, Train Loss: 0.11870257979766889, Test Loss: 0.10354273459490608, Inverse Test Loss: 0.0487421364249552 
2025-06-18 14:25:10,454 INFO: Epoch 45, Train Loss: 0.11545460061593489, Test Loss: 0.10430361330509186, Inverse Test Loss: 0.04902695075554006 
2025-06-18 14:25:13,361 INFO: Epoch 46, Train Loss: 0.11769098472414595, Test Loss: 0.10227614860324298, Inverse Test Loss: 0.04818234811810886 
2025-06-18 14:25:16,282 INFO: Epoch 47, Train Loss: 0.11575042693452402, Test Loss: 0.10443203260793406, Inverse Test Loss: 0.04917835455168696 
2025-06-18 14:25:19,212 INFO: Epoch 48, Train Loss: 0.11487607742575082, Test Loss: 0.10360999602605314, Inverse Test Loss: 0.048786032287513506 
2025-06-18 14:25:22,157 INFO: Epoch 49, Train Loss: 0.1146434811931668, Test Loss: 0.10163435208446839, Inverse Test Loss: 0.0479000571238644 
2025-06-18 14:25:25,059 INFO: Epoch 50, Train Loss: 0.1155012273652987, Test Loss: 0.10109214068335645, Inverse Test Loss: 0.0476096100447809 
2025-06-18 14:25:28,004 INFO: Epoch 51, Train Loss: 0.1146474140837337, Test Loss: 0.10134152673623141, Inverse Test Loss: 0.04774460437543252 
2025-06-18 14:25:30,938 INFO: Epoch 52, Train Loss: 0.11471147259527986, Test Loss: 0.10269458767245798, Inverse Test Loss: 0.048282523584716464 
2025-06-18 14:25:33,858 INFO: Epoch 53, Train Loss: 0.11314604318503177, Test Loss: 0.10142629505956874, Inverse Test Loss: 0.047759821967167014 
2025-06-18 14:25:36,792 INFO: Epoch 54, Train Loss: 0.11269546255017772, Test Loss: 0.10162706716972239, Inverse Test Loss: 0.04783419914105359 
2025-06-18 14:25:39,695 INFO: Epoch 55, Train Loss: 0.11221012619860245, Test Loss: 0.10084803314769969, Inverse Test Loss: 0.04747986672993969 
2025-06-18 14:25:42,619 INFO: Epoch 56, Train Loss: 0.11300006474960934, Test Loss: 0.10118314558092285, Inverse Test Loss: 0.04769395532853463 
2025-06-18 14:25:45,512 INFO: Epoch 57, Train Loss: 0.11286836665010813, Test Loss: 0.10061327543328791, Inverse Test Loss: 0.04742976519114831 
2025-06-18 14:25:48,440 INFO: Epoch 58, Train Loss: 0.11179054850204424, Test Loss: 0.10040107500903747, Inverse Test Loss: 0.04734247802373241 
2025-06-18 14:25:51,305 INFO: Epoch 59, Train Loss: 0.11231294624281651, Test Loss: 0.100821114200003, Inverse Test Loss: 0.047447522992596906 
2025-06-18 14:25:54,245 INFO: Epoch 60, Train Loss: 0.11149201609871605, Test Loss: 0.09947235400185865, Inverse Test Loss: 0.046928437317118925 
2025-06-18 14:25:57,162 INFO: Epoch 61, Train Loss: 0.11052113635973497, Test Loss: 0.09884736884166212, Inverse Test Loss: 0.04659630829358802 
2025-06-18 14:26:00,079 INFO: Epoch 62, Train Loss: 0.11066345678585948, Test Loss: 0.09916293270447675, Inverse Test Loss: 0.04675293494673336 
2025-06-18 14:26:03,022 INFO: Epoch 63, Train Loss: 0.109452873750618, Test Loss: 0.0977986435241559, Inverse Test Loss: 0.046111817636034065 
2025-06-18 14:26:05,999 INFO: Epoch 64, Train Loss: 0.1102169498123906, Test Loss: 0.09758036211133003, Inverse Test Loss: 0.04607373070629204 
2025-06-18 14:26:09,035 INFO: Epoch 65, Train Loss: 0.10992051615859523, Test Loss: 0.09807801662999041, Inverse Test Loss: 0.04626514083322357 
2025-06-18 14:26:11,976 INFO: Epoch 66, Train Loss: 0.1085976878689094, Test Loss: 0.09707495898884885, Inverse Test Loss: 0.04577638570438413 
2025-06-18 14:26:14,885 INFO: Epoch 67, Train Loss: 0.1087301867364934, Test Loss: 0.09790166839957237, Inverse Test Loss: 0.046148939715588796 
2025-06-18 14:26:17,838 INFO: Epoch 68, Train Loss: 0.10933693605616238, Test Loss: 0.09747482288409681, Inverse Test Loss: 0.04606510194785455 
2025-06-18 14:26:20,763 INFO: Epoch 69, Train Loss: 0.10830284293853876, Test Loss: 0.09846278981250875, Inverse Test Loss: 0.04649764332262909 
2025-06-18 14:26:23,696 INFO: Epoch 70, Train Loss: 0.10776223840587067, Test Loss: 0.09724772896836786, Inverse Test Loss: 0.04586457745993838 
2025-06-18 14:26:26,627 INFO: Epoch 71, Train Loss: 0.10785969058898362, Test Loss: 0.09825566783547401, Inverse Test Loss: 0.046301821356310564 
2025-06-18 14:26:29,550 INFO: Epoch 72, Train Loss: 0.10760580432234389, Test Loss: 0.09904313503819354, Inverse Test Loss: 0.04667949369725059 
2025-06-18 14:26:32,471 INFO: Epoch 73, Train Loss: 0.1063762108484904, Test Loss: 0.09628539247547879, Inverse Test Loss: 0.04545330212396734 
2025-06-18 14:26:35,399 INFO: Epoch 74, Train Loss: 0.10637166328502423, Test Loss: 0.09849098850699033, Inverse Test Loss: 0.04643846653840121 
2025-06-18 14:26:38,351 INFO: Epoch 75, Train Loss: 0.10693167054066152, Test Loss: 0.09764039100093, Inverse Test Loss: 0.04607270537492107 
2025-06-18 14:26:41,346 INFO: Epoch 76, Train Loss: 0.10683715783736923, Test Loss: 0.09778799774015651, Inverse Test Loss: 0.04614442608812276 
2025-06-18 14:26:44,361 INFO: Epoch 77, Train Loss: 0.10675944517733472, Test Loss: 0.09655312229605283, Inverse Test Loss: 0.04558087973033681 
2025-06-18 14:26:47,327 INFO: Epoch 78, Train Loss: 0.10567186552692544, Test Loss: 0.0978570402983357, Inverse Test Loss: 0.0462031341431772 
2025-06-18 14:26:50,303 INFO: Epoch 79, Train Loss: 0.10524895612263319, Test Loss: 0.09765280125772252, Inverse Test Loss: 0.04608244689948419 
2025-06-18 14:26:53,290 INFO: Epoch 80, Train Loss: 0.10548058434417754, Test Loss: 0.09592220537802752, Inverse Test Loss: 0.04528688365483985 
2025-06-18 14:26:56,250 INFO: Epoch 81, Train Loss: 0.10513009463973118, Test Loss: 0.09587830370839905, Inverse Test Loss: 0.04522116252166383 
2025-06-18 14:26:59,156 INFO: Epoch 82, Train Loss: 0.10500811350842316, Test Loss: 0.09729838064488243, Inverse Test Loss: 0.04592490524930112 
2025-06-18 14:27:02,062 INFO: Epoch 83, Train Loss: 0.10440161818582, Test Loss: 0.09593416377902031, Inverse Test Loss: 0.04532060881747919 
2025-06-18 14:27:05,003 INFO: Epoch 84, Train Loss: 0.1041720203039321, Test Loss: 0.09576191555927782, Inverse Test Loss: 0.04528905319816926 
2025-06-18 14:27:07,919 INFO: Epoch 85, Train Loss: 0.10387845873606927, Test Loss: 0.09544629844672539, Inverse Test Loss: 0.045033333056113296 
2025-06-18 14:27:10,827 INFO: Epoch 86, Train Loss: 0.10450464255656257, Test Loss: 0.09660324783009641, Inverse Test Loss: 0.04563859357115101 
2025-06-18 14:27:13,741 INFO: Epoch 87, Train Loss: 0.10453477355115341, Test Loss: 0.0953807513065198, Inverse Test Loss: 0.04507486982380643 
2025-06-18 14:27:16,649 INFO: Epoch 88, Train Loss: 0.10333560260407852, Test Loss: 0.09640621788361493, Inverse Test Loss: 0.045508291243630296 
2025-06-18 14:27:19,530 INFO: Epoch 89, Train Loss: 0.10345405475659804, Test Loss: 0.09483240698190297, Inverse Test Loss: 0.044770997017621994 
2025-06-18 14:27:22,466 INFO: Epoch 90, Train Loss: 0.10352509051109805, Test Loss: 0.09484581999918994, Inverse Test Loss: 0.04483813343240934 
2025-06-18 14:27:25,391 INFO: Epoch 91, Train Loss: 0.10403680355485642, Test Loss: 0.09470660151804194, Inverse Test Loss: 0.044722856734605396 
2025-06-18 14:27:28,277 INFO: Epoch 92, Train Loss: 0.10328110900114883, Test Loss: 0.09434134644620559, Inverse Test Loss: 0.044560409753638154 
2025-06-18 14:27:31,187 INFO: Epoch 93, Train Loss: 0.10218128336198402, Test Loss: 0.09455016715561643, Inverse Test Loss: 0.04464026792522739 
2025-06-18 14:27:34,127 INFO: Epoch 94, Train Loss: 0.10261955050130685, Test Loss: 0.09376982226967812, Inverse Test Loss: 0.044305001988130456 
2025-06-18 14:27:37,042 INFO: Epoch 95, Train Loss: 0.10264393122810306, Test Loss: 0.09530520285753642, Inverse Test Loss: 0.045048258102992005 
2025-06-18 14:27:39,913 INFO: Epoch 96, Train Loss: 0.1023591011762619, Test Loss: 0.09444639218204162, Inverse Test Loss: 0.04455912299454212 
2025-06-18 14:27:42,806 INFO: Epoch 97, Train Loss: 0.10196989887591565, Test Loss: 0.09485509816338034, Inverse Test Loss: 0.044796474716242624 
2025-06-18 14:27:45,659 INFO: Epoch 98, Train Loss: 0.1021686816644488, Test Loss: 0.09440623771618395, Inverse Test Loss: 0.044570871793171936 
2025-06-18 14:27:48,569 INFO: Epoch 99, Train Loss: 0.1019777094550205, Test Loss: 0.09432641482528518, Inverse Test Loss: 0.04457280653364518 
2025-06-18 14:27:51,456 INFO: Epoch 100, Train Loss: 0.10091401139895122, Test Loss: 0.09370143076076227, Inverse Test Loss: 0.04428149463937563 
2025-06-18 14:27:51,456 INFO: Best Epoch 100, Best Test Loss: 0.09370143076076227, Inverse Test Loss: 0.04428149463937563 
2025-06-18 14:27:54,367 INFO: Epoch 101, Train Loss: 0.10059980466736085, Test Loss: 0.09430005138411242, Inverse Test Loss: 0.044583339353694636 
2025-06-18 14:27:57,280 INFO: Epoch 102, Train Loss: 0.10121698897670615, Test Loss: 0.09419783270534347, Inverse Test Loss: 0.044486110372578394 
2025-06-18 14:28:00,137 INFO: Epoch 103, Train Loss: 0.10035877973970139, Test Loss: 0.09350235409596387, Inverse Test Loss: 0.04414304915596457 
2025-06-18 14:28:03,061 INFO: Epoch 104, Train Loss: 0.10063844185435411, Test Loss: 0.09429711410227944, Inverse Test Loss: 0.04449375948923476 
2025-06-18 14:28:05,943 INFO: Epoch 105, Train Loss: 0.10071386227553542, Test Loss: 0.09364273289547247, Inverse Test Loss: 0.04419968342956375 
2025-06-18 14:28:08,850 INFO: Epoch 106, Train Loss: 0.10058662888001312, Test Loss: 0.093687624177512, Inverse Test Loss: 0.044199012329473215 
2025-06-18 14:28:11,729 INFO: Epoch 107, Train Loss: 0.10024662186024767, Test Loss: 0.09398185001576648, Inverse Test Loss: 0.0443498125190244 
2025-06-18 14:28:14,627 INFO: Epoch 108, Train Loss: 0.10043056247135003, Test Loss: 0.09293605650172514, Inverse Test Loss: 0.04390007772428148 
2025-06-18 14:28:17,518 INFO: Epoch 109, Train Loss: 0.09984028582094294, Test Loss: 0.0932467189781806, Inverse Test Loss: 0.044004547464496946 
2025-06-18 14:28:20,389 INFO: Epoch 110, Train Loss: 0.10051101649349387, Test Loss: 0.09338443704387721, Inverse Test Loss: 0.04410983096150791 
2025-06-18 14:28:23,317 INFO: Epoch 111, Train Loss: 0.09889930520545352, Test Loss: 0.09331468120217323, Inverse Test Loss: 0.04403738031054244 
2025-06-18 14:28:26,220 INFO: Epoch 112, Train Loss: 0.09966366337330053, Test Loss: 0.0927297674557742, Inverse Test Loss: 0.043761774788008016 
2025-06-18 14:28:29,131 INFO: Epoch 113, Train Loss: 0.0987367791434129, Test Loss: 0.09430261876653223, Inverse Test Loss: 0.04448878250139601 
2025-06-18 14:28:32,050 INFO: Epoch 114, Train Loss: 0.0988789705954718, Test Loss: 0.09442721066229484, Inverse Test Loss: 0.04455173125161844 
2025-06-18 14:28:34,994 INFO: Epoch 115, Train Loss: 0.09987191257603241, Test Loss: 0.09427493942134521, Inverse Test Loss: 0.04449178190792308 
2025-06-18 14:28:37,963 INFO: Epoch 116, Train Loss: 0.09917327123835232, Test Loss: 0.09271193251890295, Inverse Test Loss: 0.04380556206931086 
2025-06-18 14:28:40,904 INFO: Epoch 117, Train Loss: 0.09852329048920762, Test Loss: 0.09304200748310369, Inverse Test Loss: 0.04397960555027513 
2025-06-18 14:28:43,819 INFO: Epoch 118, Train Loss: 0.09794095248887033, Test Loss: 0.09288168764289688, Inverse Test Loss: 0.04382495987502968 
2025-06-18 14:28:46,734 INFO: Epoch 119, Train Loss: 0.09791272726248611, Test Loss: 0.09284556021585184, Inverse Test Loss: 0.04377292677321855 
2025-06-18 14:28:49,653 INFO: Epoch 120, Train Loss: 0.09776350980003674, Test Loss: 0.09283911108094103, Inverse Test Loss: 0.04379541744642398 
2025-06-18 14:28:52,526 INFO: Epoch 121, Train Loss: 0.09873514131388882, Test Loss: 0.09274650912951021, Inverse Test Loss: 0.04372796295758556 
2025-06-18 14:28:55,382 INFO: Epoch 122, Train Loss: 0.09869855433476693, Test Loss: 0.09408053843414083, Inverse Test Loss: 0.0443299109225764 
2025-06-18 14:28:58,316 INFO: Epoch 123, Train Loss: 0.09704273769801314, Test Loss: 0.09286544230930946, Inverse Test Loss: 0.04382561771746944 
2025-06-18 14:29:01,232 INFO: Epoch 124, Train Loss: 0.09785437194461172, Test Loss: 0.09285689232980504, Inverse Test Loss: 0.043840260299689626 
2025-06-18 14:29:04,129 INFO: Epoch 125, Train Loss: 0.09764526400602225, Test Loss: 0.0920994012233089, Inverse Test Loss: 0.04349443940993618 
2025-06-18 14:29:07,034 INFO: Epoch 126, Train Loss: 0.09722387824546207, Test Loss: 0.09259131901404437, Inverse Test Loss: 0.04369805775144521 
2025-06-18 14:29:09,975 INFO: Epoch 127, Train Loss: 0.0980920743648753, Test Loss: 0.09298653769142487, Inverse Test Loss: 0.04388402446227915 
2025-06-18 14:29:12,905 INFO: Epoch 128, Train Loss: 0.09677644367470886, Test Loss: 0.09226082331117462, Inverse Test Loss: 0.0435689521186492 
2025-06-18 14:29:15,773 INFO: Epoch 129, Train Loss: 0.09692176363684914, Test Loss: 0.09308045138331021, Inverse Test Loss: 0.04392469268949593 
2025-06-18 14:29:18,692 INFO: Epoch 130, Train Loss: 0.09694681835897041, Test Loss: 0.09248623054693728, Inverse Test Loss: 0.04364316143533763 
2025-06-18 14:29:21,615 INFO: Epoch 131, Train Loss: 0.09759239829850919, Test Loss: 0.09256119982284658, Inverse Test Loss: 0.043643639039467365 
2025-06-18 14:29:24,488 INFO: Epoch 132, Train Loss: 0.09722064525792093, Test Loss: 0.09271319385837107, Inverse Test Loss: 0.04375309431377579 
2025-06-18 14:29:27,405 INFO: Epoch 133, Train Loss: 0.09668314428717802, Test Loss: 0.09226207741919686, Inverse Test Loss: 0.043512818787027806 
2025-06-18 14:29:30,325 INFO: Epoch 134, Train Loss: 0.09728977202691814, Test Loss: 0.09256232968148063, Inverse Test Loss: 0.04369524493813515 
2025-06-18 14:29:33,247 INFO: Epoch 135, Train Loss: 0.09666226922788403, Test Loss: 0.09229301661252975, Inverse Test Loss: 0.04347194851759602 
2025-06-18 14:29:36,165 INFO: Epoch 136, Train Loss: 0.0962601825594902, Test Loss: 0.09191924004870303, Inverse Test Loss: 0.043404987958424235 
2025-06-18 14:29:39,091 INFO: Epoch 137, Train Loss: 0.09631308715677622, Test Loss: 0.09171413739814478, Inverse Test Loss: 0.0432338706929894 
2025-06-18 14:29:42,005 INFO: Epoch 138, Train Loss: 0.0963893739337271, Test Loss: 0.09118401281097356, Inverse Test Loss: 0.04305571810725857 
2025-06-18 14:29:44,935 INFO: Epoch 139, Train Loss: 0.09708342085959333, Test Loss: 0.09173721162711873, Inverse Test Loss: 0.04330836762400234 
2025-06-18 14:29:47,829 INFO: Epoch 140, Train Loss: 0.09610817220174905, Test Loss: 0.09202946306151502, Inverse Test Loss: 0.04341652649728691 
2025-06-18 14:29:50,746 INFO: Epoch 141, Train Loss: 0.09541228255539229, Test Loss: 0.09142009037382462, Inverse Test Loss: 0.043128806549836605 
2025-06-18 14:29:53,663 INFO: Epoch 142, Train Loss: 0.09509181349792263, Test Loss: 0.09174492955207825, Inverse Test Loss: 0.04326532551032655 
2025-06-18 14:29:56,578 INFO: Epoch 143, Train Loss: 0.09519293040714481, Test Loss: 0.09263013018404737, Inverse Test Loss: 0.043719855520655125 
2025-06-18 14:29:59,554 INFO: Epoch 144, Train Loss: 0.09554788278359355, Test Loss: 0.09233153720988947, Inverse Test Loss: 0.043542781296898335 
2025-06-18 14:30:02,485 INFO: Epoch 145, Train Loss: 0.09508056509675401, Test Loss: 0.09181510898120263, Inverse Test Loss: 0.043352949049542934 
2025-06-18 14:30:05,414 INFO: Epoch 146, Train Loss: 0.09580461630089716, Test Loss: 0.09141720458865166, Inverse Test Loss: 0.04310913438744405 
2025-06-18 14:30:08,355 INFO: Epoch 147, Train Loss: 0.0945846571615248, Test Loss: 0.09175432714469292, Inverse Test Loss: 0.04328844279927366 
2025-06-18 14:30:11,201 INFO: Epoch 148, Train Loss: 0.09489848622770021, Test Loss: 0.09151031734312282, Inverse Test Loss: 0.04317942283609334 
2025-06-18 14:30:14,120 INFO: Epoch 149, Train Loss: 0.09538376884478511, Test Loss: 0.09212623602327179, Inverse Test Loss: 0.043473843813819045 
2025-06-18 14:30:17,037 INFO: Epoch 150, Train Loss: 0.09504132497717034, Test Loss: 0.09220574861940216, Inverse Test Loss: 0.04347075894474983 
2025-06-18 14:30:19,971 INFO: Epoch 151, Train Loss: 0.09436268489243406, Test Loss: 0.09171065337517682, Inverse Test Loss: 0.04326264845097766 
2025-06-18 14:30:22,919 INFO: Epoch 152, Train Loss: 0.09501025520942429, Test Loss: 0.09098468392210848, Inverse Test Loss: 0.042939064038150454 
2025-06-18 14:30:25,849 INFO: Epoch 153, Train Loss: 0.09535483349904869, Test Loss: 0.0910193974919179, Inverse Test Loss: 0.042966019690913314 
2025-06-18 14:30:28,785 INFO: Epoch 154, Train Loss: 0.09482633074124654, Test Loss: 0.09144535901791909, Inverse Test Loss: 0.04315720454734914 
2025-06-18 14:30:31,694 INFO: Epoch 155, Train Loss: 0.09468191032382575, Test Loss: 0.09161609455066569, Inverse Test Loss: 0.043172922971494054 
2025-06-18 14:30:34,594 INFO: Epoch 156, Train Loss: 0.09449609295662606, Test Loss: 0.09101682550766889, Inverse Test Loss: 0.042953768197227925 
2025-06-18 14:30:37,535 INFO: Epoch 157, Train Loss: 0.09382228254143035, Test Loss: 0.09113800569492228, Inverse Test Loss: 0.04298760292722898 
2025-06-18 14:30:40,461 INFO: Epoch 158, Train Loss: 0.09340265754497412, Test Loss: 0.09065989821272738, Inverse Test Loss: 0.04278157267938642 
2025-06-18 14:30:43,393 INFO: Epoch 159, Train Loss: 0.09437280983635873, Test Loss: 0.09099208782700931, Inverse Test Loss: 0.04291905232650392 
2025-06-18 14:30:46,310 INFO: Epoch 160, Train Loss: 0.0937747780910947, Test Loss: 0.09139554268297027, Inverse Test Loss: 0.043068998328903145 
2025-06-18 14:30:49,242 INFO: Epoch 161, Train Loss: 0.09358759438901236, Test Loss: 0.09172891430995044, Inverse Test Loss: 0.043316110639887696 
2025-06-18 14:30:52,163 INFO: Epoch 162, Train Loss: 0.09339212747572949, Test Loss: 0.09099498807507403, Inverse Test Loss: 0.04289616512901643 
2025-06-18 14:30:55,096 INFO: Epoch 163, Train Loss: 0.09447242703401681, Test Loss: 0.09070978182203629, Inverse Test Loss: 0.042836384628625476 
2025-06-18 14:30:58,037 INFO: Epoch 164, Train Loss: 0.09391137664065216, Test Loss: 0.09047573782941874, Inverse Test Loss: 0.042686387567835694 
2025-06-18 14:31:00,971 INFO: Epoch 165, Train Loss: 0.09361970430296479, Test Loss: 0.09130602658671491, Inverse Test Loss: 0.0430956654908026 
2025-06-18 14:31:03,903 INFO: Epoch 166, Train Loss: 0.09321540695699779, Test Loss: 0.09084646885885912, Inverse Test Loss: 0.04278553562129245 
2025-06-18 14:31:06,935 INFO: Epoch 167, Train Loss: 0.09312240226250706, Test Loss: 0.0915456486537176, Inverse Test Loss: 0.043156287797233635 
2025-06-18 14:31:09,860 INFO: Epoch 168, Train Loss: 0.09352787917084766, Test Loss: 0.09144791588187218, Inverse Test Loss: 0.04306351382504491 
2025-06-18 14:31:12,767 INFO: Epoch 169, Train Loss: 0.09312510078377796, Test Loss: 0.09067745813552071, Inverse Test Loss: 0.042746642714037615 
2025-06-18 14:31:15,683 INFO: Epoch 170, Train Loss: 0.09402354270445579, Test Loss: 0.09026900021468892, Inverse Test Loss: 0.042541444301605225 
2025-06-18 14:31:18,611 INFO: Epoch 171, Train Loss: 0.09318388022030845, Test Loss: 0.09063143896705964, Inverse Test Loss: 0.0426993577138466 
2025-06-18 14:31:21,515 INFO: Epoch 172, Train Loss: 0.09316492419351231, Test Loss: 0.09035781990079318, Inverse Test Loss: 0.04263843804159585 
2025-06-18 14:31:24,369 INFO: Epoch 173, Train Loss: 0.09326561997559937, Test Loss: 0.09056017372538061, Inverse Test Loss: 0.042703350896344465 
2025-06-18 14:31:27,266 INFO: Epoch 174, Train Loss: 0.09279154624902841, Test Loss: 0.09032391691032578, Inverse Test Loss: 0.04257607240887249 
2025-06-18 14:31:30,171 INFO: Epoch 175, Train Loss: 0.09204914031380956, Test Loss: 0.0902176637421636, Inverse Test Loss: 0.04253128894111689 
2025-06-18 14:31:33,075 INFO: Epoch 176, Train Loss: 0.09304941547187892, Test Loss: 0.09116735462756718, Inverse Test Loss: 0.04292544711600332 
2025-06-18 14:31:35,938 INFO: Epoch 177, Train Loss: 0.0924698266793381, Test Loss: 0.09002214692094747, Inverse Test Loss: 0.04244615674457129 
2025-06-18 14:31:38,827 INFO: Epoch 178, Train Loss: 0.09174533239142461, Test Loss: 0.08994187042117119, Inverse Test Loss: 0.04240058965104468 
2025-06-18 14:31:41,765 INFO: Epoch 179, Train Loss: 0.09227071990343658, Test Loss: 0.09047460446462911, Inverse Test Loss: 0.04255818652317805 
2025-06-18 14:31:44,639 INFO: Epoch 180, Train Loss: 0.09108807654543356, Test Loss: 0.09043056671233739, Inverse Test Loss: 0.042598255855195666 
2025-06-18 14:31:47,572 INFO: Epoch 181, Train Loss: 0.09125670525386478, Test Loss: 0.09027975052595139, Inverse Test Loss: 0.04257166582871886 
2025-06-18 14:31:50,493 INFO: Epoch 182, Train Loss: 0.0924081512811509, Test Loss: 0.09029662411879091, Inverse Test Loss: 0.04254366709467243 
2025-06-18 14:31:53,402 INFO: Epoch 183, Train Loss: 0.09259114070146372, Test Loss: 0.089946879840949, Inverse Test Loss: 0.042419131845235825 
2025-06-18 14:31:56,310 INFO: Epoch 184, Train Loss: 0.09145813615936221, Test Loss: 0.09030525452073883, Inverse Test Loss: 0.04257994320462732 
2025-06-18 14:31:59,231 INFO: Epoch 185, Train Loss: 0.09211284977694352, Test Loss: 0.08986646309494972, Inverse Test Loss: 0.04236655167358763 
2025-06-18 14:32:02,126 INFO: Epoch 186, Train Loss: 0.09266638022029039, Test Loss: 0.09098891716669588, Inverse Test Loss: 0.04288041394423036 
2025-06-18 14:32:05,033 INFO: Epoch 187, Train Loss: 0.09228652134311921, Test Loss: 0.0897414026891484, Inverse Test Loss: 0.042349653537659085 
2025-06-18 14:32:07,935 INFO: Epoch 188, Train Loss: 0.0914815670500199, Test Loss: 0.08961969066192121, Inverse Test Loss: 0.042247372515061325 
2025-06-18 14:32:10,845 INFO: Epoch 189, Train Loss: 0.0918580839466868, Test Loss: 0.08990352556985967, Inverse Test Loss: 0.04230340318206478 
2025-06-18 14:32:13,765 INFO: Epoch 190, Train Loss: 0.09123065204105595, Test Loss: 0.0896743691581137, Inverse Test Loss: 0.04222773815340856 
2025-06-18 14:32:16,677 INFO: Epoch 191, Train Loss: 0.09197219636178378, Test Loss: 0.09016588549403583, Inverse Test Loss: 0.04247672034098821 
2025-06-18 14:32:19,559 INFO: Epoch 192, Train Loss: 0.09132707621337789, Test Loss: 0.08965562853743048, Inverse Test Loss: 0.042253279291531616 
2025-06-18 14:32:22,491 INFO: Epoch 193, Train Loss: 0.09065956622362137, Test Loss: 0.08999856933951378, Inverse Test Loss: 0.04233028334291542 
2025-06-18 14:32:25,405 INFO: Epoch 194, Train Loss: 0.09155614154808449, Test Loss: 0.08992720570634394, Inverse Test Loss: 0.04239531847483972 
2025-06-18 14:32:28,289 INFO: Epoch 195, Train Loss: 0.0910306576865189, Test Loss: 0.08911260568043765, Inverse Test Loss: 0.041959212545086354 
2025-06-18 14:32:31,166 INFO: Epoch 196, Train Loss: 0.09090254280829069, Test Loss: 0.08920875191688538, Inverse Test Loss: 0.04203432075241033 
2025-06-18 14:32:34,081 INFO: Epoch 197, Train Loss: 0.09030256730814774, Test Loss: 0.09019510206930778, Inverse Test Loss: 0.04240934517891968 
2025-06-18 14:32:36,980 INFO: Epoch 198, Train Loss: 0.090387647124854, Test Loss: 0.08983239180901471, Inverse Test Loss: 0.042312862022834664 
2025-06-18 14:32:39,935 INFO: Epoch 199, Train Loss: 0.09118686249536095, Test Loss: 0.09011695095721413, Inverse Test Loss: 0.042422096080639786 
2025-06-18 14:32:42,861 INFO: Epoch 200, Train Loss: 0.0913712207340833, Test Loss: 0.08973081913941047, Inverse Test Loss: 0.042215880992657995 
2025-06-18 14:32:42,861 INFO: Best Epoch 195, Best Test Loss: 0.08911260568043765, Inverse Test Loss: 0.041959212545086354 
2025-06-18 14:32:45,781 INFO: Epoch 201, Train Loss: 0.0898436496993809, Test Loss: 0.08918751535170219, Inverse Test Loss: 0.04197441435912076 
2025-06-18 14:32:48,708 INFO: Epoch 202, Train Loss: 0.09010935540903699, Test Loss: 0.08900538525160621, Inverse Test Loss: 0.04193283935241839 
2025-06-18 14:32:51,600 INFO: Epoch 203, Train Loss: 0.09066756752630074, Test Loss: 0.08955488857977531, Inverse Test Loss: 0.04214095806374269 
2025-06-18 14:32:54,510 INFO: Epoch 204, Train Loss: 0.09063505996583086, Test Loss: 0.08956408873200417, Inverse Test Loss: 0.04211953786366126 
2025-06-18 14:32:57,442 INFO: Epoch 205, Train Loss: 0.09048454881165967, Test Loss: 0.08988217877991059, Inverse Test Loss: 0.042304580812068546 
2025-06-18 14:33:00,357 INFO: Epoch 206, Train Loss: 0.09021867631059705, Test Loss: 0.08918498478391591, Inverse Test Loss: 0.04196764528751373 
2025-06-18 14:33:03,264 INFO: Epoch 207, Train Loss: 0.08995902109326738, Test Loss: 0.0893024841652197, Inverse Test Loss: 0.04201399030930856 
2025-06-18 14:33:06,178 INFO: Epoch 208, Train Loss: 0.09019634319525777, Test Loss: 0.08858495600083295, Inverse Test Loss: 0.04174903254298603 
2025-06-18 14:33:09,113 INFO: Epoch 209, Train Loss: 0.08973753886918227, Test Loss: 0.08868438246495583, Inverse Test Loss: 0.041757231359096134 
2025-06-18 14:33:12,016 INFO: Epoch 210, Train Loss: 0.08988285064697266, Test Loss: 0.0891954399207059, Inverse Test Loss: 0.04196044254828902 
2025-06-18 14:33:14,907 INFO: Epoch 211, Train Loss: 0.08986539320286477, Test Loss: 0.08854865545735639, Inverse Test Loss: 0.04173858091235161 
2025-06-18 14:33:17,793 INFO: Epoch 212, Train Loss: 0.08979273519732735, Test Loss: 0.08895459026098251, Inverse Test Loss: 0.04187449473230278 
2025-06-18 14:33:20,744 INFO: Epoch 213, Train Loss: 0.09018507921560244, Test Loss: 0.08908950953799136, Inverse Test Loss: 0.041913697386489195 
2025-06-18 14:33:23,686 INFO: Epoch 214, Train Loss: 0.09079575262060671, Test Loss: 0.08877627441988271, Inverse Test Loss: 0.04182048317264108 
2025-06-18 14:33:26,582 INFO: Epoch 215, Train Loss: 0.08950883319432085, Test Loss: 0.08856818430563983, Inverse Test Loss: 0.04170712412280195 
2025-06-18 14:33:29,525 INFO: Epoch 216, Train Loss: 0.08886859204733011, Test Loss: 0.0889498361331575, Inverse Test Loss: 0.04184936239000629 
2025-06-18 14:33:32,443 INFO: Epoch 217, Train Loss: 0.0889639010032018, Test Loss: 0.08973058860968142, Inverse Test Loss: 0.042173308484694534 
2025-06-18 14:33:35,367 INFO: Epoch 218, Train Loss: 0.08926616230923118, Test Loss: 0.08851964004776057, Inverse Test Loss: 0.04164707814069355 
2025-06-18 14:33:38,308 INFO: Epoch 219, Train Loss: 0.08870731034513676, Test Loss: 0.0889446939177373, Inverse Test Loss: 0.04186568650252679 
2025-06-18 14:33:41,233 INFO: Epoch 220, Train Loss: 0.08906854943118313, Test Loss: 0.08862800677033032, Inverse Test Loss: 0.041702319265288466 
2025-06-18 14:33:44,174 INFO: Epoch 221, Train Loss: 0.0896239567435149, Test Loss: 0.08908926103921498, Inverse Test Loss: 0.04184325170867583 
2025-06-18 14:33:47,085 INFO: Epoch 222, Train Loss: 0.08956128624126766, Test Loss: 0.08913024471086614, Inverse Test Loss: 0.041923398809397924 
2025-06-18 14:33:50,015 INFO: Epoch 223, Train Loss: 0.08948334780606357, Test Loss: 0.08925294613136965, Inverse Test Loss: 0.04199531499077292 
2025-06-18 14:33:52,959 INFO: Epoch 224, Train Loss: 0.08860385084919857, Test Loss: 0.08824997877373415, Inverse Test Loss: 0.041572865427416915 
2025-06-18 14:33:55,905 INFO: Epoch 225, Train Loss: 0.08885122880791173, Test Loss: 0.08858863549197421, Inverse Test Loss: 0.04166212590301738 
2025-06-18 14:33:58,831 INFO: Epoch 226, Train Loss: 0.08843154764988205, Test Loss: 0.08834452707977856, Inverse Test Loss: 0.04157267806722837 
2025-06-18 14:34:01,768 INFO: Epoch 227, Train Loss: 0.08812130033744103, Test Loss: 0.08924369579728912, Inverse Test Loss: 0.041925490779035235 
2025-06-18 14:34:04,714 INFO: Epoch 228, Train Loss: 0.08887685699896379, Test Loss: 0.09031058738336843, Inverse Test Loss: 0.04242929443717003 
2025-06-18 14:34:07,639 INFO: Epoch 229, Train Loss: 0.08861234524484837, Test Loss: 0.08932852460181012, Inverse Test Loss: 0.04196269492454389 
2025-06-18 14:34:10,554 INFO: Epoch 230, Train Loss: 0.0889177941576098, Test Loss: 0.08845533408662852, Inverse Test Loss: 0.04155296098221751 
2025-06-18 14:34:13,452 INFO: Epoch 231, Train Loss: 0.08781550553711978, Test Loss: 0.08905353857313886, Inverse Test Loss: 0.04177883552277789 
2025-06-18 14:34:16,397 INFO: Epoch 232, Train Loss: 0.0879337147555568, Test Loss: 0.08863498511559822, Inverse Test Loss: 0.04162768175935044 
2025-06-18 14:34:19,347 INFO: Epoch 233, Train Loss: 0.08835046676297982, Test Loss: 0.08824747844653971, Inverse Test Loss: 0.04152203997706666 
2025-06-18 14:34:22,307 INFO: Epoch 234, Train Loss: 0.0888738843301932, Test Loss: 0.08843345063574173, Inverse Test Loss: 0.04160792884581229 
2025-06-18 14:34:25,287 INFO: Epoch 235, Train Loss: 0.08777128346264362, Test Loss: 0.0887032133691451, Inverse Test Loss: 0.0417241948273252 
2025-06-18 14:34:28,187 INFO: Epoch 236, Train Loss: 0.08797902568723216, Test Loss: 0.08823020252234795, Inverse Test Loss: 0.04152119367876474 
2025-06-18 14:34:31,072 INFO: Epoch 237, Train Loss: 0.08758194476478931, Test Loss: 0.0890045718235128, Inverse Test Loss: 0.04182026140830096 
2025-06-18 14:34:33,961 INFO: Epoch 238, Train Loss: 0.08768398077650504, Test Loss: 0.08882507813327453, Inverse Test Loss: 0.04170157201588154 
2025-06-18 14:34:36,917 INFO: Epoch 239, Train Loss: 0.08725216668663603, Test Loss: 0.08871106233666926, Inverse Test Loss: 0.04171381868860301 
2025-06-18 14:34:39,861 INFO: Epoch 240, Train Loss: 0.08761401039858659, Test Loss: 0.08822434154503486, Inverse Test Loss: 0.04152682094889529 
2025-06-18 14:34:42,770 INFO: Epoch 241, Train Loss: 0.08716998878640658, Test Loss: 0.08837847959469347, Inverse Test Loss: 0.04155290269238107 
2025-06-18 14:34:45,706 INFO: Epoch 242, Train Loss: 0.08683919381688941, Test Loss: 0.08882052539026036, Inverse Test Loss: 0.04172944255611476 
2025-06-18 14:34:48,619 INFO: Epoch 243, Train Loss: 0.08786507227429838, Test Loss: 0.08812617970740094, Inverse Test Loss: 0.041409740991452164 
2025-06-18 14:34:51,454 INFO: Epoch 244, Train Loss: 0.08697692434670347, Test Loss: 0.08927824808394208, Inverse Test Loss: 0.04189662087489577 
2025-06-18 14:34:54,355 INFO: Epoch 245, Train Loss: 0.08681207545327418, Test Loss: 0.08814032134764335, Inverse Test Loss: 0.041450380183318085 
2025-06-18 14:34:57,273 INFO: Epoch 246, Train Loss: 0.0884069927939863, Test Loss: 0.08860139066682142, Inverse Test Loss: 0.041655648828429336 
2025-06-18 14:35:00,160 INFO: Epoch 247, Train Loss: 0.08811752249797185, Test Loss: 0.08791541505385847, Inverse Test Loss: 0.04135716717471095 
2025-06-18 14:35:03,094 INFO: Epoch 248, Train Loss: 0.08620212498036298, Test Loss: 0.08862230313174865, Inverse Test Loss: 0.04157730290556655 
2025-06-18 14:35:06,005 INFO: Epoch 249, Train Loss: 0.08657969912570534, Test Loss: 0.08864514442051158, Inverse Test Loss: 0.04165328140644466 
2025-06-18 14:35:08,930 INFO: Epoch 250, Train Loss: 0.08669975411259767, Test Loss: 0.08870325631955091, Inverse Test Loss: 0.041682410218259865 
2025-06-18 14:35:11,838 INFO: Epoch 251, Train Loss: 0.0868433854458007, Test Loss: 0.08919697495944359, Inverse Test Loss: 0.04194275432211511 
2025-06-18 14:35:14,735 INFO: Epoch 252, Train Loss: 0.08667898635295304, Test Loss: 0.08852049511145144, Inverse Test Loss: 0.04163707518840537 
2025-06-18 14:35:17,641 INFO: Epoch 253, Train Loss: 0.08690515561311533, Test Loss: 0.08820205510539167, Inverse Test Loss: 0.04146771636955878 
2025-06-18 14:35:20,588 INFO: Epoch 254, Train Loss: 0.08637815307487141, Test Loss: 0.08909467980265617, Inverse Test Loss: 0.04185156962450813 
2025-06-18 14:35:23,502 INFO: Epoch 255, Train Loss: 0.08678883410087138, Test Loss: 0.0893510606359033, Inverse Test Loss: 0.0419256634571973 
2025-06-18 14:35:26,420 INFO: Epoch 256, Train Loss: 0.08639227073978294, Test Loss: 0.08863880375728887, Inverse Test Loss: 0.04165081197724623 
2025-06-18 14:35:29,329 INFO: Epoch 257, Train Loss: 0.08568162984694495, Test Loss: 0.08853223810301107, Inverse Test Loss: 0.04151460846119067 
2025-06-18 14:35:32,235 INFO: Epoch 258, Train Loss: 0.08707164306983803, Test Loss: 0.08805859899696182, Inverse Test Loss: 0.0414145019124536 
2025-06-18 14:35:35,061 INFO: Epoch 259, Train Loss: 0.08658332518781676, Test Loss: 0.08784881562871091, Inverse Test Loss: 0.04127700670677073 
2025-06-18 14:35:37,969 INFO: Epoch 260, Train Loss: 0.08560785086769046, Test Loss: 0.08831716350772802, Inverse Test Loss: 0.041460283319739735 
2025-06-18 14:35:40,858 INFO: Epoch 261, Train Loss: 0.08611242365882252, Test Loss: 0.08855828796239461, Inverse Test Loss: 0.04162259728592985 
2025-06-18 14:35:43,781 INFO: Epoch 262, Train Loss: 0.08572334130153511, Test Loss: 0.08897464700481471, Inverse Test Loss: 0.041790700353243775 
2025-06-18 14:35:46,666 INFO: Epoch 263, Train Loss: 0.08610492205303727, Test Loss: 0.08819106330766398, Inverse Test Loss: 0.041361992302186346 
2025-06-18 14:35:49,574 INFO: Epoch 264, Train Loss: 0.0862071941973585, Test Loss: 0.08821804098346654, Inverse Test Loss: 0.04145363871665562 
2025-06-18 14:35:52,467 INFO: Epoch 265, Train Loss: 0.08631013593438899, Test Loss: 0.08922192607732381, Inverse Test Loss: 0.04191622773514075 
2025-06-18 14:35:55,356 INFO: Epoch 266, Train Loss: 0.08591510801378524, Test Loss: 0.0883962424362407, Inverse Test Loss: 0.04154115159283666 
2025-06-18 14:35:58,286 INFO: Epoch 267, Train Loss: 0.08517057764710802, Test Loss: 0.08795375289285884, Inverse Test Loss: 0.041323739925728124 
2025-06-18 14:36:01,214 INFO: Epoch 268, Train Loss: 0.08556764697035153, Test Loss: 0.08837842349620427, Inverse Test Loss: 0.04150863879305475 
2025-06-18 14:36:04,107 INFO: Epoch 269, Train Loss: 0.08608543838966977, Test Loss: 0.08877167894559748, Inverse Test Loss: 0.04166911443804994 
2025-06-18 14:36:07,053 INFO: Epoch 270, Train Loss: 0.08541445197029547, Test Loss: 0.08847453291801845, Inverse Test Loss: 0.04153287355952403 
2025-06-18 14:36:09,972 INFO: Epoch 271, Train Loss: 0.08548452699500503, Test Loss: 0.08847257779801593, Inverse Test Loss: 0.0415174597326447 
2025-06-18 14:36:12,874 INFO: Epoch 272, Train Loss: 0.08489257424618259, Test Loss: 0.08841951476300464, Inverse Test Loss: 0.04146947788403315 
2025-06-18 14:36:15,721 INFO: Epoch 273, Train Loss: 0.0848696997784304, Test Loss: 0.08790268507950447, Inverse Test Loss: 0.04123706041890032 
2025-06-18 14:36:18,625 INFO: Epoch 274, Train Loss: 0.08536055723600315, Test Loss: 0.08863471163546338, Inverse Test Loss: 0.041662609752486736 
2025-06-18 14:36:21,560 INFO: Epoch 275, Train Loss: 0.08504128777845339, Test Loss: 0.08871141163741841, Inverse Test Loss: 0.04162841772331911 
2025-06-18 14:36:24,474 INFO: Epoch 276, Train Loss: 0.08494384976273234, Test Loss: 0.08829572533859927, Inverse Test Loss: 0.04143637024304446 
2025-06-18 14:36:27,405 INFO: Epoch 277, Train Loss: 0.08477200875340989, Test Loss: 0.08851956904811017, Inverse Test Loss: 0.04151709443506073 
2025-06-18 14:36:30,381 INFO: Epoch 278, Train Loss: 0.08481787105627132, Test Loss: 0.08861021390732597, Inverse Test Loss: 0.041565925430725605 
2025-06-18 14:36:33,314 INFO: Epoch 279, Train Loss: 0.08482086342392546, Test Loss: 0.0882765280411524, Inverse Test Loss: 0.04140198504661813 
2025-06-18 14:36:36,260 INFO: Epoch 280, Train Loss: 0.08537098686351921, Test Loss: 0.0888108578236664, Inverse Test Loss: 0.04173556693336543 
2025-06-18 14:36:39,315 INFO: Epoch 281, Train Loss: 0.08491791553343787, Test Loss: 0.08853437225608264, Inverse Test Loss: 0.04154715993825127 
2025-06-18 14:36:42,365 INFO: Epoch 282, Train Loss: 0.08525883073382305, Test Loss: 0.0878561695708948, Inverse Test Loss: 0.04124805298359955 
2025-06-18 14:36:45,352 INFO: Epoch 283, Train Loss: 0.08530485906609983, Test Loss: 0.08800313775153722, Inverse Test Loss: 0.04123546785729773 
2025-06-18 14:36:48,337 INFO: Epoch 284, Train Loss: 0.08417631753466347, Test Loss: 0.08853312757085352, Inverse Test Loss: 0.04160154380780809 
2025-06-18 14:36:51,333 INFO: Epoch 285, Train Loss: 0.08462364029026392, Test Loss: 0.08866710873211131, Inverse Test Loss: 0.04164647256188533 
2025-06-18 14:36:54,265 INFO: Epoch 286, Train Loss: 0.08492702499709347, Test Loss: 0.088277958552627, Inverse Test Loss: 0.04143845399512964 
2025-06-18 14:36:57,205 INFO: Epoch 287, Train Loss: 0.08459148036711144, Test Loss: 0.08834896784494906, Inverse Test Loss: 0.04145365602829877 
2025-06-18 14:37:00,149 INFO: Epoch 288, Train Loss: 0.08460157477494443, Test Loss: 0.08851715571740094, Inverse Test Loss: 0.041591425919357466 
2025-06-18 14:37:03,083 INFO: Epoch 289, Train Loss: 0.08375552341793523, Test Loss: 0.08805469642667209, Inverse Test Loss: 0.04129494222648004 
2025-06-18 14:37:06,041 INFO: Epoch 290, Train Loss: 0.08404964722241416, Test Loss: 0.08805176418493776, Inverse Test Loss: 0.04135828125564491 
2025-06-18 14:37:08,990 INFO: Epoch 291, Train Loss: 0.08520482474881591, Test Loss: 0.08828887387233622, Inverse Test Loss: 0.041394326397601294 
2025-06-18 14:37:11,924 INFO: Epoch 292, Train Loss: 0.08523314844139597, Test Loss: 0.08838992587783757, Inverse Test Loss: 0.041526556343716735 
2025-06-18 14:37:14,889 INFO: Epoch 293, Train Loss: 0.08350495661072659, Test Loss: 0.08841516691095688, Inverse Test Loss: 0.041477841051185835 
2025-06-18 14:37:17,935 INFO: Epoch 294, Train Loss: 0.08438647848864396, Test Loss: 0.08877621328129488, Inverse Test Loss: 0.041663079358199066 
2025-06-18 14:37:20,874 INFO: Epoch 295, Train Loss: 0.08345739481349786, Test Loss: 0.08810574649011388, Inverse Test Loss: 0.04133610843735583 
2025-06-18 14:37:23,885 INFO: Epoch 296, Train Loss: 0.08293394687952417, Test Loss: 0.0881396001752685, Inverse Test Loss: 0.041327162262271434 
2025-06-18 14:37:26,862 INFO: Epoch 297, Train Loss: 0.08287139157905724, Test Loss: 0.0882851779460907, Inverse Test Loss: 0.041391911532949 
2025-06-18 14:37:29,819 INFO: Epoch 298, Train Loss: 0.08269992380431204, Test Loss: 0.08816594805787592, Inverse Test Loss: 0.04139419699854711 
2025-06-18 14:37:32,880 INFO: Epoch 299, Train Loss: 0.08392610389626387, Test Loss: 0.08810060821911868, Inverse Test Loss: 0.041354659177801185 
2025-06-18 14:37:35,841 INFO: Epoch 300, Train Loss: 0.08364740984909462, Test Loss: 0.08809375850593343, Inverse Test Loss: 0.041365877560832924 
2025-06-18 14:37:35,842 INFO: Best Epoch 259, Best Test Loss: 0.08784881562871091, Inverse Test Loss: 0.04127700670677073 
2025-06-18 14:37:38,819 INFO: Epoch 301, Train Loss: 0.0834678460589864, Test Loss: 0.08835111383129568, Inverse Test Loss: 0.04148652546984308 
2025-06-18 14:37:41,799 INFO: Epoch 302, Train Loss: 0.08338284639246536, Test Loss: 0.0880310346975046, Inverse Test Loss: 0.041407898287562764 
2025-06-18 14:37:44,802 INFO: Epoch 303, Train Loss: 0.08343583266391899, Test Loss: 0.08823969434289371, Inverse Test Loss: 0.04146639071404934 
2025-06-18 14:37:47,792 INFO: Epoch 304, Train Loss: 0.08346207490698858, Test Loss: 0.08862282379585154, Inverse Test Loss: 0.04161770521279644 
2025-06-18 14:37:50,684 INFO: Epoch 305, Train Loss: 0.08273713657576026, Test Loss: 0.08798634918297038, Inverse Test Loss: 0.041319368078428155 
2025-06-18 14:37:53,645 INFO: Epoch 306, Train Loss: 0.08294674861385967, Test Loss: 0.08826864313553362, Inverse Test Loss: 0.04141733499572558 
2025-06-18 14:37:56,574 INFO: Epoch 307, Train Loss: 0.08320255193746451, Test Loss: 0.08845455287133946, Inverse Test Loss: 0.04151576078113388 
2025-06-18 14:37:59,504 INFO: Epoch 308, Train Loss: 0.08244681764732707, Test Loss: 0.0879911445081234, Inverse Test Loss: 0.041290014215251976 
2025-06-18 14:38:02,511 INFO: Epoch 309, Train Loss: 0.08345506357198412, Test Loss: 0.08798290000242345, Inverse Test Loss: 0.04128165258204236 
2025-06-18 14:38:05,558 INFO: Epoch 310, Train Loss: 0.08378296740578883, Test Loss: 0.08835580901188009, Inverse Test Loss: 0.0415240050676991 
2025-06-18 14:38:08,520 INFO: Epoch 311, Train Loss: 0.0825148221444, Test Loss: 0.08806434164152425, Inverse Test Loss: 0.04132503303973114 
2025-06-18 14:38:11,442 INFO: Epoch 312, Train Loss: 0.0831102528468226, Test Loss: 0.08839167785995147, Inverse Test Loss: 0.04150916789384449 
2025-06-18 14:38:14,373 INFO: Epoch 313, Train Loss: 0.08304403863395705, Test Loss: 0.08851623578983195, Inverse Test Loss: 0.0415560152819928 
2025-06-18 14:38:17,307 INFO: Epoch 314, Train Loss: 0.08249095014550469, Test Loss: 0.08835570273153923, Inverse Test Loss: 0.04146952105357366 
2025-06-18 14:38:20,216 INFO: Epoch 315, Train Loss: 0.08321155065839941, Test Loss: 0.08819542299298679, Inverse Test Loss: 0.041414436719873375 
2025-06-18 14:38:23,144 INFO: Epoch 316, Train Loss: 0.08249632483630469, Test Loss: 0.08848500602385577, Inverse Test Loss: 0.04149524034822688 
2025-06-18 14:38:26,104 INFO: Epoch 317, Train Loss: 0.08273521895435723, Test Loss: 0.08795534709797186, Inverse Test Loss: 0.041275922975995964 
2025-06-18 14:38:29,072 INFO: Epoch 318, Train Loss: 0.08217306875369766, Test Loss: 0.08870661872274735, Inverse Test Loss: 0.041644964148016536 
2025-06-18 14:38:32,018 INFO: Epoch 319, Train Loss: 0.0815442603533015, Test Loss: 0.08836714112583328, Inverse Test Loss: 0.041457719005206055 
2025-06-18 14:38:35,001 INFO: Epoch 320, Train Loss: 0.08191276313454816, Test Loss: 0.08783129339709002, Inverse Test Loss: 0.04122530679930659 
2025-06-18 14:38:37,935 INFO: Epoch 321, Train Loss: 0.08230282981513125, Test Loss: 0.08823773768894813, Inverse Test Loss: 0.04139530603938243 
2025-06-18 14:38:40,854 INFO: Epoch 322, Train Loss: 0.08239786710703012, Test Loss: 0.08863301706664703, Inverse Test Loss: 0.04154761332799407 
2025-06-18 14:38:43,724 INFO: Epoch 323, Train Loss: 0.08199727168363152, Test Loss: 0.08926388687070679, Inverse Test Loss: 0.04187105387887534 
2025-06-18 14:38:46,629 INFO: Epoch 324, Train Loss: 0.08269106670085227, Test Loss: 0.08839117560316534, Inverse Test Loss: 0.04155178554356098 
2025-06-18 14:38:49,554 INFO: Epoch 325, Train Loss: 0.08111508574449655, Test Loss: 0.08894525205387789, Inverse Test Loss: 0.04171065580757225 
2025-06-18 14:38:52,476 INFO: Epoch 326, Train Loss: 0.08224388940090482, Test Loss: 0.08877124944153954, Inverse Test Loss: 0.041645108009962475 
2025-06-18 14:38:55,420 INFO: Epoch 327, Train Loss: 0.0818851301728776, Test Loss: 0.08842535273117177, Inverse Test Loss: 0.04147273367818664 
2025-06-18 14:38:58,345 INFO: Epoch 328, Train Loss: 0.08138690143823624, Test Loss: 0.08848367719089284, Inverse Test Loss: 0.04144646446494495 
2025-06-18 14:39:01,292 INFO: Epoch 329, Train Loss: 0.08103870151733811, Test Loss: 0.08838177757228122, Inverse Test Loss: 0.04145672457183108 
2025-06-18 14:39:04,183 INFO: Epoch 330, Train Loss: 0.08065957254306837, Test Loss: 0.08850280699484489, Inverse Test Loss: 0.04148126634604791 
2025-06-18 14:39:07,092 INFO: Epoch 331, Train Loss: 0.08184319305600542, Test Loss: 0.08853353034047519, Inverse Test Loss: 0.04149015729918199 
2025-06-18 14:39:10,015 INFO: Epoch 332, Train Loss: 0.08123490942472761, Test Loss: 0.08884250832831159, Inverse Test Loss: 0.041735227712813544 
2025-06-18 14:39:12,943 INFO: Epoch 333, Train Loss: 0.08134064343616818, Test Loss: 0.08821553802665542, Inverse Test Loss: 0.04139541111448232 
2025-06-18 14:39:15,881 INFO: Epoch 334, Train Loss: 0.08175620171382572, Test Loss: 0.08878481081303428, Inverse Test Loss: 0.04164016553584267 
2025-06-18 14:39:18,791 INFO: Epoch 335, Train Loss: 0.08083701099861752, Test Loss: 0.0882729370804394, Inverse Test Loss: 0.04141876506893074 
2025-06-18 14:39:21,759 INFO: Epoch 336, Train Loss: 0.08092064280627352, Test Loss: 0.08884907185154803, Inverse Test Loss: 0.04170131409431205 
2025-06-18 14:39:24,613 INFO: Epoch 337, Train Loss: 0.08186482299457896, Test Loss: 0.08881279431721743, Inverse Test Loss: 0.04169402096201392 
2025-06-18 14:39:27,546 INFO: Epoch 338, Train Loss: 0.08044632936291622, Test Loss: 0.08885783088557861, Inverse Test Loss: 0.041700905846322286 
2025-06-18 14:39:30,465 INFO: Epoch 339, Train Loss: 0.08152134496379983, Test Loss: 0.08927038881708593, Inverse Test Loss: 0.0419551283121109 
2025-06-18 14:39:33,368 INFO: Epoch 340, Train Loss: 0.08043815765642759, Test Loss: 0.08877740405938205, Inverse Test Loss: 0.041631438385914356 
2025-06-18 14:39:36,266 INFO: Epoch 341, Train Loss: 0.08110214679530173, Test Loss: 0.08859080229611958, Inverse Test Loss: 0.04159034065463964 
2025-06-18 14:39:39,177 INFO: Epoch 342, Train Loss: 0.08128684403544123, Test Loss: 0.08941402856041403, Inverse Test Loss: 0.04200669619090417 
2025-06-18 14:39:42,065 INFO: Epoch 343, Train Loss: 0.0808115577268781, Test Loss: 0.08948452179046239, Inverse Test Loss: 0.04197004864759305 
2025-06-18 14:39:44,989 INFO: Epoch 344, Train Loss: 0.08075714342747674, Test Loss: 0.08868199455387452, Inverse Test Loss: 0.041639299624983 
2025-06-18 14:39:47,846 INFO: Epoch 345, Train Loss: 0.08051296989574577, Test Loss: 0.0887995500336675, Inverse Test Loss: 0.04165657565874212 
2025-06-18 14:39:50,779 INFO: Epoch 346, Train Loss: 0.08002569255503741, Test Loss: 0.08827639984733918, Inverse Test Loss: 0.04145527894006056 
2025-06-18 14:39:53,700 INFO: Epoch 347, Train Loss: 0.08206365748562595, Test Loss: 0.08863913881428101, Inverse Test Loss: 0.04161813734647106 
2025-06-18 14:39:56,648 INFO: Epoch 348, Train Loss: 0.08028503975859194, Test Loss: 0.08841390250360265, Inverse Test Loss: 0.04146508828682058 
2025-06-18 14:39:59,583 INFO: Epoch 349, Train Loss: 0.07951728136024692, Test Loss: 0.08882599258247544, Inverse Test Loss: 0.0416160575388109 
2025-06-18 14:40:02,512 INFO: Epoch 350, Train Loss: 0.08043981112088218, Test Loss: 0.08894541596665102, Inverse Test Loss: 0.0418003700016176 
2025-06-18 14:40:05,444 INFO: Epoch 351, Train Loss: 0.07973520779474215, Test Loss: 0.08896089871140088, Inverse Test Loss: 0.04170233307077604 
2025-06-18 14:40:08,362 INFO: Epoch 352, Train Loss: 0.08054150217636065, Test Loss: 0.08901948109269142, Inverse Test Loss: 0.041738715132369715 
2025-06-18 14:40:11,286 INFO: Epoch 353, Train Loss: 0.08008963654212879, Test Loss: 0.08878119048826835, Inverse Test Loss: 0.041644472738399226 
2025-06-18 14:40:14,192 INFO: Epoch 354, Train Loss: 0.07946683268881205, Test Loss: 0.08917325033861048, Inverse Test Loss: 0.04181492920307552 
2025-06-18 14:40:17,136 INFO: Epoch 355, Train Loss: 0.07963538807675694, Test Loss: 0.08925340280813329, Inverse Test Loss: 0.04191389329293195 
2025-06-18 14:40:20,073 INFO: Epoch 356, Train Loss: 0.07976146508008242, Test Loss: 0.08894401503836408, Inverse Test Loss: 0.0417318166617085 
2025-06-18 14:40:22,974 INFO: Epoch 357, Train Loss: 0.07955076218102917, Test Loss: 0.08885888141744278, Inverse Test Loss: 0.0417000084896298 
2025-06-18 14:40:25,544 INFO: Epoch 358, Train Loss: 0.08005572008815678, Test Loss: 0.0890894576030619, Inverse Test Loss: 0.04182639663272044 
2025-06-18 14:40:27,526 INFO: Epoch 359, Train Loss: 0.07906579212144468, Test Loss: 0.08907316559377838, Inverse Test Loss: 0.04177535993649679 
2025-06-18 14:40:29,314 INFO: Epoch 360, Train Loss: 0.07898624162330772, Test Loss: 0.08920990894822513, Inverse Test Loss: 0.04185561189318404 
2025-06-18 14:40:30,994 INFO: Epoch 361, Train Loss: 0.07971154542809183, Test Loss: 0.08875764249002233, Inverse Test Loss: 0.041649520725888366 
2025-06-18 14:40:32,671 INFO: Epoch 362, Train Loss: 0.07923970365840377, Test Loss: 0.08904250075711924, Inverse Test Loss: 0.04171970037414747 
2025-06-18 14:40:34,343 INFO: Epoch 363, Train Loss: 0.0794776946757779, Test Loss: 0.08945307267062805, Inverse Test Loss: 0.04191869869828224 
2025-06-18 14:40:36,026 INFO: Epoch 364, Train Loss: 0.07983162920131828, Test Loss: 0.0889045506277505, Inverse Test Loss: 0.04168331250548363 
2025-06-18 14:40:37,705 INFO: Epoch 365, Train Loss: 0.07895753154474677, Test Loss: 0.08935074486276683, Inverse Test Loss: 0.04185348157497013 
2025-06-18 14:40:39,394 INFO: Epoch 366, Train Loss: 0.07905793003737926, Test Loss: 0.08924500337418388, Inverse Test Loss: 0.04188093247220797 
2025-06-18 14:40:41,067 INFO: Epoch 367, Train Loss: 0.07817910617273865, Test Loss: 0.08917172559920479, Inverse Test Loss: 0.0418560115949196 
2025-06-18 14:40:42,744 INFO: Epoch 368, Train Loss: 0.07903743174039957, Test Loss: 0.08875692350899472, Inverse Test Loss: 0.041629501125391793 
2025-06-18 14:40:44,420 INFO: Epoch 369, Train Loss: 0.0788751095533371, Test Loss: 0.08923826761105481, Inverse Test Loss: 0.04195105065317715 
2025-06-18 14:40:46,081 INFO: Epoch 370, Train Loss: 0.07884556280844139, Test Loss: 0.08931049989426837, Inverse Test Loss: 0.041923543547882754 
2025-06-18 14:40:47,770 INFO: Epoch 371, Train Loss: 0.07848086140372536, Test Loss: 0.08992259708397529, Inverse Test Loss: 0.04220861547133502 
2025-06-18 14:40:49,458 INFO: Epoch 372, Train Loss: 0.07857678565337803, Test Loss: 0.08935027547618922, Inverse Test Loss: 0.041926618775024134 
2025-06-18 14:40:51,138 INFO: Epoch 373, Train Loss: 0.07813179233308995, Test Loss: 0.0895738270791138, Inverse Test Loss: 0.04210862966583056 
2025-06-18 14:40:52,807 INFO: Epoch 374, Train Loss: 0.07872833497822285, Test Loss: 0.08931470048778198, Inverse Test Loss: 0.04188862651148263 
2025-06-18 14:40:54,477 INFO: Epoch 375, Train Loss: 0.07863674013677871, Test Loss: 0.08925813392681234, Inverse Test Loss: 0.04189852482694037 
2025-06-18 14:40:56,156 INFO: Epoch 376, Train Loss: 0.07770723375407132, Test Loss: 0.08924719099612798, Inverse Test Loss: 0.04182986926068278 
2025-06-18 14:40:57,853 INFO: Epoch 377, Train Loss: 0.07751082662831653, Test Loss: 0.08934743176488315, Inverse Test Loss: 0.041943706462488455 
2025-06-18 14:40:59,526 INFO: Epoch 378, Train Loss: 0.07798077431366299, Test Loss: 0.08963858380037196, Inverse Test Loss: 0.042020213187617415 
2025-06-18 14:41:01,223 INFO: Epoch 379, Train Loss: 0.07790253091264855, Test Loss: 0.08958855139858582, Inverse Test Loss: 0.04198222738855025 
2025-06-18 14:41:02,944 INFO: Epoch 380, Train Loss: 0.0777967306926395, Test Loss: 0.0892303049126092, Inverse Test Loss: 0.04179296007051187 
2025-06-18 14:41:04,807 INFO: Epoch 381, Train Loss: 0.07775123829417156, Test Loss: 0.08957508337848327, Inverse Test Loss: 0.04197925614083514 
2025-06-18 14:41:06,545 INFO: Epoch 382, Train Loss: 0.07832331565970724, Test Loss: 0.08948685009689893, Inverse Test Loss: 0.04201971980578759 
2025-06-18 14:41:08,300 INFO: Epoch 383, Train Loss: 0.0779719500604904, Test Loss: 0.08943621069192886, Inverse Test Loss: 0.04195385459153091 
2025-06-18 14:41:10,309 INFO: Epoch 384, Train Loss: 0.07800097018480301, Test Loss: 0.08978774793007795, Inverse Test Loss: 0.04210557503735318 
2025-06-18 14:41:12,061 INFO: Epoch 385, Train Loss: 0.0776917493591706, Test Loss: 0.08968999390216435, Inverse Test Loss: 0.042014579672147244 
2025-06-18 14:41:13,733 INFO: Epoch 386, Train Loss: 0.0779654819969878, Test Loss: 0.08965508574072052, Inverse Test Loss: 0.04206212062169524 
2025-06-18 14:41:15,461 INFO: Epoch 387, Train Loss: 0.07800154049288142, Test Loss: 0.08967988740871935, Inverse Test Loss: 0.0421578777844415 
2025-06-18 14:41:17,237 INFO: Epoch 388, Train Loss: 0.07683538098001119, Test Loss: 0.08935357761733673, Inverse Test Loss: 0.041918530293247276 
2025-06-18 14:41:19,035 INFO: Epoch 389, Train Loss: 0.07763407277789983, Test Loss: 0.08943948785171789, Inverse Test Loss: 0.0419161356985569 
2025-06-18 14:41:21,174 INFO: Epoch 390, Train Loss: 0.07659543463678072, Test Loss: 0.08947056334684877, Inverse Test Loss: 0.04191183167345384 
2025-06-18 14:41:23,479 INFO: Epoch 391, Train Loss: 0.07648104423600616, Test Loss: 0.08948285001165726, Inverse Test Loss: 0.04190281504655585 
2025-06-18 14:41:25,832 INFO: Epoch 392, Train Loss: 0.07751813959894759, Test Loss: 0.08995142644819092, Inverse Test Loss: 0.04221411312327666 
2025-06-18 14:41:28,576 INFO: Epoch 393, Train Loss: 0.0766309096167485, Test Loss: 0.08931328049477409, Inverse Test Loss: 0.04190673580502763 
2025-06-18 14:41:31,300 INFO: Epoch 394, Train Loss: 0.07659511544713468, Test Loss: 0.08982972296721795, Inverse Test Loss: 0.0421308741411742 
2025-06-18 14:41:34,062 INFO: Epoch 395, Train Loss: 0.07654283551329916, Test Loss: 0.08963784597375814, Inverse Test Loss: 0.04206754179561839 
2025-06-18 14:41:36,837 INFO: Epoch 396, Train Loss: 0.07591180012307384, Test Loss: 0.08929659338558421, Inverse Test Loss: 0.04190500091542216 
2025-06-18 14:41:39,871 INFO: Epoch 397, Train Loss: 0.07581907318848552, Test Loss: 0.08959921821951866, Inverse Test Loss: 0.04198216088116169 
2025-06-18 14:41:42,671 INFO: Epoch 398, Train Loss: 0.0768459067313057, Test Loss: 0.09004101069534526, Inverse Test Loss: 0.042283156338860005 
2025-06-18 14:41:45,401 INFO: Epoch 399, Train Loss: 0.07792112033701304, Test Loss: 0.08936712145805359, Inverse Test Loss: 0.04190994547132183 
2025-06-18 14:41:48,121 INFO: Epoch 400, Train Loss: 0.0766630174987244, Test Loss: 0.08924808265531764, Inverse Test Loss: 0.041900984395076245 
2025-06-18 14:41:48,121 INFO: Best Epoch 320, Best Test Loss: 0.08783129339709002, Inverse Test Loss: 0.04122530679930659 
