2025-05-16 16:37:37,674 INFO: log_path:/logs_2025_5_16_HS_mos2_L1/AMFormer_simple_MLP_dim32_depth2_heads4_dropout0.4_fusion0.39_0.61_simple_MLP_lr0.0001_kan_+amformer_rc+fusion_6P 
2025-05-16 16:37:37,675 INFO: Model:namespace(attn_dropout=0.4, categories=[], cluster=3, depth=2, dim=32, ff_dropout=0.4, groups=[54, 54, 54], heads=4, name='AMFormer_simple_MLP_dim32_depth2_heads4_dropout0.4_fusion0.39_0.61_simple_MLP', num_cate=0, num_cont=20, num_special_tokens=1, out_dim=1, predictor='simple_MLP', prod_num_per_group=[6, 6, 6], qk_relu=False, static_fusion={'kan_weight': 0.39, 'trans_weight': 0.61}, sum_num_per_group=[32, 16, 8], target_mode='regression', token_descent=False, use_cls_token=True, use_prod=True, use_row_col_attention=True, use_sigmoid=True) 
2025-05-16 16:37:37,675 INFO: lr:0.0001, loss:L1 
2025-05-16 16:37:37,675 INFO: Dataset:HS_mos2, Target:['metal6_Peak'] 
2025-05-16 16:37:37,675 INFO: ------Begin Training Model------ 
2025-05-16 16:37:43,634 INFO: Epoch 1, Train Loss: 0.29707447958715033, Test Loss: 0.28126156154800863, Inverse Test Loss: 3.4027677844552433 
2025-05-16 16:37:45,738 INFO: Epoch 2, Train Loss: 0.2641217236717542, Test Loss: 0.26931240102824044, Inverse Test Loss: 3.312584077610689 
2025-05-16 16:37:48,245 INFO: Epoch 3, Train Loss: 0.25097018593188486, Test Loss: 0.25293515096692476, Inverse Test Loss: 3.1406715757706585 
2025-05-16 16:37:50,941 INFO: Epoch 4, Train Loss: 0.24598113695780435, Test Loss: 0.23594997384968927, Inverse Test Loss: 2.9262375831604004 
2025-05-16 16:37:53,676 INFO: Epoch 5, Train Loss: 0.23855463979822217, Test Loss: 0.22966820790487177, Inverse Test Loss: 2.8660874787498924 
2025-05-16 16:37:57,104 INFO: Epoch 6, Train Loss: 0.23303399720426762, Test Loss: 0.22018779551281648, Inverse Test Loss: 2.7872359892901253 
2025-05-16 16:38:00,814 INFO: Epoch 7, Train Loss: 0.22562502640666385, Test Loss: 0.20945844229529886, Inverse Test Loss: 2.667692969827091 
2025-05-16 16:38:04,519 INFO: Epoch 8, Train Loss: 0.22076230902563443, Test Loss: 0.20175442187225118, Inverse Test Loss: 2.5897761793697582 
2025-05-16 16:38:08,215 INFO: Epoch 9, Train Loss: 0.21307077913573294, Test Loss: 0.19196132263716528, Inverse Test Loss: 2.49578576929429 
2025-05-16 16:38:11,891 INFO: Epoch 10, Train Loss: 0.2088858216549411, Test Loss: 0.18304446427261128, Inverse Test Loss: 2.4040794793297264 
2025-05-16 16:38:15,598 INFO: Epoch 11, Train Loss: 0.20258505924633055, Test Loss: 0.17734808693913853, Inverse Test Loss: 2.400826229768641 
2025-05-16 16:38:19,320 INFO: Epoch 12, Train Loss: 0.19717794453555887, Test Loss: 0.16621510246220758, Inverse Test Loss: 2.2107647166532627 
2025-05-16 16:38:22,964 INFO: Epoch 13, Train Loss: 0.1871902724784432, Test Loss: 0.16035911835291805, Inverse Test Loss: 2.247555830899407 
2025-05-16 16:38:26,681 INFO: Epoch 14, Train Loss: 0.1804382557218725, Test Loss: 0.14841256422155044, Inverse Test Loss: 2.0973229268017937 
2025-05-16 16:38:30,388 INFO: Epoch 15, Train Loss: 0.17097544884591392, Test Loss: 0.1413077918045661, Inverse Test Loss: 2.0028601253733918 
2025-05-16 16:38:34,048 INFO: Epoch 16, Train Loss: 0.16638771828376886, Test Loss: 0.13754764462218566, Inverse Test Loss: 1.9893059450037338 
2025-05-16 16:38:37,750 INFO: Epoch 17, Train Loss: 0.16021578578334866, Test Loss: 0.13297713109675577, Inverse Test Loss: 1.9044005450080423 
2025-05-16 16:38:41,372 INFO: Epoch 18, Train Loss: 0.15985782139680602, Test Loss: 0.1321147198186201, Inverse Test Loss: 1.9443732149460737 
2025-05-16 16:38:45,034 INFO: Epoch 19, Train Loss: 0.15455584927941812, Test Loss: 0.1295648142695427, Inverse Test Loss: 1.9248669427983902 
2025-05-16 16:38:48,756 INFO: Epoch 20, Train Loss: 0.1544336573869893, Test Loss: 0.12639541003633947, Inverse Test Loss: 1.8695760053746842 
2025-05-16 16:38:52,436 INFO: Epoch 21, Train Loss: 0.14973575576688303, Test Loss: 0.1269013680079404, Inverse Test Loss: 1.8818789720535278 
2025-05-16 16:38:56,099 INFO: Epoch 22, Train Loss: 0.14936210203802947, Test Loss: 0.12109733767369214, Inverse Test Loss: 1.7630791523877312 
2025-05-16 16:38:59,789 INFO: Epoch 23, Train Loss: 0.14703928137367422, Test Loss: 0.1213037426419118, Inverse Test Loss: 1.7972791545531328 
2025-05-16 16:39:03,497 INFO: Epoch 24, Train Loss: 0.1461814275067864, Test Loss: 0.11914586977047079, Inverse Test Loss: 1.742050752920263 
2025-05-16 16:39:07,146 INFO: Epoch 25, Train Loss: 0.14397160358952754, Test Loss: 0.11816058307886124, Inverse Test Loss: 1.711449896588045 
2025-05-16 16:39:10,842 INFO: Epoch 26, Train Loss: 0.14288522348259436, Test Loss: 0.11669506636612556, Inverse Test Loss: 1.7110194458680994 
2025-05-16 16:39:14,539 INFO: Epoch 27, Train Loss: 0.1412025529778365, Test Loss: 0.11549783629529617, Inverse Test Loss: 1.6880033086327946 
2025-05-16 16:39:18,255 INFO: Epoch 28, Train Loss: 0.1400046321478757, Test Loss: 0.11321589087738711, Inverse Test Loss: 1.6618937534444473 
2025-05-16 16:39:21,999 INFO: Epoch 29, Train Loss: 0.1387112531246561, Test Loss: 0.11408364904277465, Inverse Test Loss: 1.682387856876149 
2025-05-16 16:39:25,709 INFO: Epoch 30, Train Loss: 0.13768748510064502, Test Loss: 0.11295457315795562, Inverse Test Loss: 1.6462711656794828 
2025-05-16 16:39:29,476 INFO: Epoch 31, Train Loss: 0.1381372773286068, Test Loss: 0.11216194489422966, Inverse Test Loss: 1.6698648088118608 
2025-05-16 16:39:33,244 INFO: Epoch 32, Train Loss: 0.1360949692175244, Test Loss: 0.11095055587151471, Inverse Test Loss: 1.6234557418262257 
2025-05-16 16:39:36,957 INFO: Epoch 33, Train Loss: 0.13471680145823595, Test Loss: 0.11076843234546044, Inverse Test Loss: 1.6188283247106217 
2025-05-16 16:39:40,663 INFO: Epoch 34, Train Loss: 0.1352693255652081, Test Loss: 0.11039576657554682, Inverse Test Loss: 1.6301776310976814 
2025-05-16 16:39:44,426 INFO: Epoch 35, Train Loss: 0.13350762923558554, Test Loss: 0.11072394712006345, Inverse Test Loss: 1.654375903746661 
2025-05-16 16:39:48,120 INFO: Epoch 36, Train Loss: 0.13213273487759358, Test Loss: 0.10720202655476682, Inverse Test Loss: 1.5721418016097124 
2025-05-16 16:39:51,836 INFO: Epoch 37, Train Loss: 0.13237909995245212, Test Loss: 0.10806908677606021, Inverse Test Loss: 1.5943204515120561 
2025-05-16 16:39:55,535 INFO: Epoch 38, Train Loss: 0.13156941183137172, Test Loss: 0.1049297905581839, Inverse Test Loss: 1.5466351859709795 
2025-05-16 16:39:59,191 INFO: Epoch 39, Train Loss: 0.12884888301293054, Test Loss: 0.10534671124290018, Inverse Test Loss: 1.5420215620714075 
2025-05-16 16:40:02,966 INFO: Epoch 40, Train Loss: 0.12966916755293356, Test Loss: 0.1045794863911236, Inverse Test Loss: 1.5746411716236788 
2025-05-16 16:40:06,692 INFO: Epoch 41, Train Loss: 0.12905116164774605, Test Loss: 0.10434829180731493, Inverse Test Loss: 1.5474649527493645 
2025-05-16 16:40:10,434 INFO: Epoch 42, Train Loss: 0.12695297977012215, Test Loss: 0.10276665516635951, Inverse Test Loss: 1.5291420221328735 
2025-05-16 16:40:14,140 INFO: Epoch 43, Train Loss: 0.1264021641038584, Test Loss: 0.10275245151099037, Inverse Test Loss: 1.5201124303481157 
2025-05-16 16:40:17,814 INFO: Epoch 44, Train Loss: 0.12607390162619678, Test Loss: 0.102498027989093, Inverse Test Loss: 1.4997302293777466 
2025-05-16 16:40:21,511 INFO: Epoch 45, Train Loss: 0.12595902597813896, Test Loss: 0.10271424712503657, Inverse Test Loss: 1.5280962551341337 
2025-05-16 16:40:25,243 INFO: Epoch 46, Train Loss: 0.12643431685864925, Test Loss: 0.10109950010390843, Inverse Test Loss: 1.503518917981316 
2025-05-16 16:40:28,991 INFO: Epoch 47, Train Loss: 0.12450650780264175, Test Loss: 0.10113234511193107, Inverse Test Loss: 1.5169551723143633 
2025-05-16 16:40:32,737 INFO: Epoch 48, Train Loss: 0.12291944438986706, Test Loss: 0.09963503962053973, Inverse Test Loss: 1.4663877346936394 
2025-05-16 16:40:36,451 INFO: Epoch 49, Train Loss: 0.12229533527385104, Test Loss: 0.09950276464223862, Inverse Test Loss: 1.485163590487312 
2025-05-16 16:40:40,150 INFO: Epoch 50, Train Loss: 0.12235419305436539, Test Loss: 0.10066194525536369, Inverse Test Loss: 1.4647855478174545 
2025-05-16 16:40:43,832 INFO: Epoch 51, Train Loss: 0.12190513617613098, Test Loss: 0.10109601016430293, Inverse Test Loss: 1.5010278154821957 
2025-05-16 16:40:47,529 INFO: Epoch 52, Train Loss: 0.12089687789028342, Test Loss: 0.09880241795497782, Inverse Test Loss: 1.4712885267594282 
2025-05-16 16:40:51,213 INFO: Epoch 53, Train Loss: 0.1205474699875622, Test Loss: 0.09795473318766146, Inverse Test Loss: 1.46740582410027 
2025-05-16 16:40:54,994 INFO: Epoch 54, Train Loss: 0.12015789690794366, Test Loss: 0.09742507338523865, Inverse Test Loss: 1.4507336406146778 
2025-05-16 16:40:58,765 INFO: Epoch 55, Train Loss: 0.11779078863786929, Test Loss: 0.09669600449064199, Inverse Test Loss: 1.422769259004032 
2025-05-16 16:41:02,520 INFO: Epoch 56, Train Loss: 0.11940852902603871, Test Loss: 0.0966638190781369, Inverse Test Loss: 1.4196618655148674 
2025-05-16 16:41:06,274 INFO: Epoch 57, Train Loss: 0.11802223093356147, Test Loss: 0.09604815108811154, Inverse Test Loss: 1.4301177263259888 
2025-05-16 16:41:10,004 INFO: Epoch 58, Train Loss: 0.1172331648906975, Test Loss: 0.09556374501656084, Inverse Test Loss: 1.412055590573479 
2025-05-16 16:41:13,741 INFO: Epoch 59, Train Loss: 0.11615160959913876, Test Loss: 0.09548768664107603, Inverse Test Loss: 1.3910942919114058 
2025-05-16 16:41:17,441 INFO: Epoch 60, Train Loss: 0.11696516694218824, Test Loss: 0.09675271546139437, Inverse Test Loss: 1.4502482133753158 
2025-05-16 16:41:21,146 INFO: Epoch 61, Train Loss: 0.11578908240930601, Test Loss: 0.09651735424995422, Inverse Test Loss: 1.4458556315478157 
2025-05-16 16:41:24,887 INFO: Epoch 62, Train Loss: 0.11478972220511148, Test Loss: 0.096946951440152, Inverse Test Loss: 1.4009621704325956 
2025-05-16 16:41:28,647 INFO: Epoch 63, Train Loss: 0.11580275704689098, Test Loss: 0.0942378736594144, Inverse Test Loss: 1.3787068619447596 
2025-05-16 16:41:32,362 INFO: Epoch 64, Train Loss: 0.11344654321896308, Test Loss: 0.09503129497170448, Inverse Test Loss: 1.4133267122156479 
2025-05-16 16:41:36,007 INFO: Epoch 65, Train Loss: 0.11329194734042342, Test Loss: 0.09425962672514074, Inverse Test Loss: 1.406202140976401 
2025-05-16 16:41:39,734 INFO: Epoch 66, Train Loss: 0.11368692869489844, Test Loss: 0.09445726279826726, Inverse Test Loss: 1.4132333923788631 
2025-05-16 16:41:43,436 INFO: Epoch 67, Train Loss: 0.11218251716909987, Test Loss: 0.09438154627295102, Inverse Test Loss: 1.3856770992279053 
2025-05-16 16:41:47,184 INFO: Epoch 68, Train Loss: 0.11102869796256225, Test Loss: 0.09512068944818833, Inverse Test Loss: 1.4103836522382849 
2025-05-16 16:41:50,905 INFO: Epoch 69, Train Loss: 0.11291275444355878, Test Loss: 0.09524362315149869, Inverse Test Loss: 1.4393909468370325 
2025-05-16 16:41:54,617 INFO: Epoch 70, Train Loss: 0.11207834140143612, Test Loss: 0.09379675918642212, Inverse Test Loss: 1.364667296409607 
2025-05-16 16:41:58,295 INFO: Epoch 71, Train Loss: 0.10985808875976187, Test Loss: 0.09349593279116294, Inverse Test Loss: 1.3632922943900614 
2025-05-16 16:42:02,056 INFO: Epoch 72, Train Loss: 0.10947174014467181, Test Loss: 0.09351880585446078, Inverse Test Loss: 1.3663964692284079 
2025-05-16 16:42:05,768 INFO: Epoch 73, Train Loss: 0.11154565824703737, Test Loss: 0.09337635469787262, Inverse Test Loss: 1.3606610087787403 
2025-05-16 16:42:09,548 INFO: Epoch 74, Train Loss: 0.10962001889040976, Test Loss: 0.09227022682042683, Inverse Test Loss: 1.3476167987374699 
2025-05-16 16:42:13,239 INFO: Epoch 75, Train Loss: 0.1098120106440602, Test Loss: 0.0921335200614789, Inverse Test Loss: 1.3458471718956442 
2025-05-16 16:42:17,042 INFO: Epoch 76, Train Loss: 0.10868997883164522, Test Loss: 0.09254570765530362, Inverse Test Loss: 1.3647570399677051 
2025-05-16 16:42:20,860 INFO: Epoch 77, Train Loss: 0.10828141851181333, Test Loss: 0.0926627301994492, Inverse Test Loss: 1.3689920762005974 
2025-05-16 16:42:24,540 INFO: Epoch 78, Train Loss: 0.10873292572796345, Test Loss: 0.09221674129366875, Inverse Test Loss: 1.3523523176417631 
2025-05-16 16:42:28,273 INFO: Epoch 79, Train Loss: 0.10782164386050268, Test Loss: 0.09347643330693245, Inverse Test Loss: 1.346752173760358 
2025-05-16 16:42:32,055 INFO: Epoch 80, Train Loss: 0.10791409828446129, Test Loss: 0.09165953537997078, Inverse Test Loss: 1.342569210950066 
2025-05-16 16:42:35,793 INFO: Epoch 81, Train Loss: 0.10775689899244091, Test Loss: 0.09200345176984281, Inverse Test Loss: 1.3466734605676987 
2025-05-16 16:42:39,555 INFO: Epoch 82, Train Loss: 0.10801851461556825, Test Loss: 0.0924320271348252, Inverse Test Loss: 1.3827826626160566 
2025-05-16 16:42:43,297 INFO: Epoch 83, Train Loss: 0.10634730778860324, Test Loss: 0.09278186060049955, Inverse Test Loss: 1.3746790815802181 
2025-05-16 16:42:47,026 INFO: Epoch 84, Train Loss: 0.10627792877229778, Test Loss: 0.09170527208377333, Inverse Test Loss: 1.339727801435134 
2025-05-16 16:42:50,786 INFO: Epoch 85, Train Loss: 0.10642286835972106, Test Loss: 0.09185538550510126, Inverse Test Loss: 1.3520037917529835 
2025-05-16 16:42:54,520 INFO: Epoch 86, Train Loss: 0.10579490074605653, Test Loss: 0.09213456029401106, Inverse Test Loss: 1.3730788581511553 
2025-05-16 16:42:58,201 INFO: Epoch 87, Train Loss: 0.10497067874353944, Test Loss: 0.09199477600700715, Inverse Test Loss: 1.3764794013079475 
2025-05-16 16:43:01,921 INFO: Epoch 88, Train Loss: 0.10480360534380782, Test Loss: 0.0913025991005056, Inverse Test Loss: 1.3390602784998276 
2025-05-16 16:43:05,630 INFO: Epoch 89, Train Loss: 0.1063958706164902, Test Loss: 0.09153272386859446, Inverse Test Loss: 1.348806900136611 
2025-05-16 16:43:09,375 INFO: Epoch 90, Train Loss: 0.10502014935693958, Test Loss: 0.09183174349805888, Inverse Test Loss: 1.3674354132483988 
2025-05-16 16:43:13,117 INFO: Epoch 91, Train Loss: 0.105376876439109, Test Loss: 0.09155511527377017, Inverse Test Loss: 1.3278877104029936 
2025-05-16 16:43:16,868 INFO: Epoch 92, Train Loss: 0.10329481174774242, Test Loss: 0.09203754584578906, Inverse Test Loss: 1.3588220161550186 
2025-05-16 16:43:20,577 INFO: Epoch 93, Train Loss: 0.10467723249034448, Test Loss: 0.09229480606668136, Inverse Test Loss: 1.3169957679860733 
2025-05-16 16:43:24,308 INFO: Epoch 94, Train Loss: 0.10402705142218055, Test Loss: 0.0914820732877535, Inverse Test Loss: 1.3444933891296387 
2025-05-16 16:43:28,062 INFO: Epoch 95, Train Loss: 0.1046626057024255, Test Loss: 0.09199833694626303, Inverse Test Loss: 1.3320244480581844 
2025-05-16 16:43:31,774 INFO: Epoch 96, Train Loss: 0.10459674505347555, Test Loss: 0.09294294565916061, Inverse Test Loss: 1.3896377367131851 
2025-05-16 16:43:35,516 INFO: Epoch 97, Train Loss: 0.1020556293766607, Test Loss: 0.09162135772845324, Inverse Test Loss: 1.3521618141847498 
2025-05-16 16:43:39,214 INFO: Epoch 98, Train Loss: 0.10223857832677437, Test Loss: 0.09172340438646429, Inverse Test Loss: 1.349018181071562 
2025-05-16 16:43:42,978 INFO: Epoch 99, Train Loss: 0.1007307782543428, Test Loss: 0.0916925587636583, Inverse Test Loss: 1.3499411554897534 
2025-05-16 16:43:46,683 INFO: Epoch 100, Train Loss: 0.10171892753604686, Test Loss: 0.09208139448481448, Inverse Test Loss: 1.3256771774852978 
2025-05-16 16:43:46,683 INFO: Best Epoch 88, Best Test Loss: 0.0913025991005056, Inverse Test Loss: 1.3390602784998276 
2025-05-16 16:43:50,424 INFO: Epoch 101, Train Loss: 0.1022496743861473, Test Loss: 0.09127967497881721, Inverse Test Loss: 1.3587771513882805 
2025-05-16 16:43:54,178 INFO: Epoch 102, Train Loss: 0.10310175241620252, Test Loss: 0.09035959927474752, Inverse Test Loss: 1.3197789122076595 
2025-05-16 16:43:57,943 INFO: Epoch 103, Train Loss: 0.10205276886170561, Test Loss: 0.09096910760683172, Inverse Test Loss: 1.3363593676510979 
2025-05-16 16:44:01,677 INFO: Epoch 104, Train Loss: 0.10067815096540884, Test Loss: 0.09083182277048335, Inverse Test Loss: 1.3159115875468534 
2025-05-16 16:44:05,403 INFO: Epoch 105, Train Loss: 0.10147833502428098, Test Loss: 0.09076500727849848, Inverse Test Loss: 1.310975011657266 
2025-05-16 16:44:09,135 INFO: Epoch 106, Train Loss: 0.10154951832285433, Test Loss: 0.09126782132422223, Inverse Test Loss: 1.298341709024766 
2025-05-16 16:44:12,906 INFO: Epoch 107, Train Loss: 0.10199350327479118, Test Loss: 0.0902092522558044, Inverse Test Loss: 1.3239468826967127 
2025-05-16 16:44:16,673 INFO: Epoch 108, Train Loss: 0.10152682498323196, Test Loss: 0.09046764518408214, Inverse Test Loss: 1.307919474209056 
2025-05-16 16:44:20,425 INFO: Epoch 109, Train Loss: 0.10217041076358521, Test Loss: 0.09017954963971586, Inverse Test Loss: 1.3083286215277279 
2025-05-16 16:44:24,108 INFO: Epoch 110, Train Loss: 0.10045562656314085, Test Loss: 0.0896299446330351, Inverse Test Loss: 1.2939749360084534 
2025-05-16 16:44:27,817 INFO: Epoch 111, Train Loss: 0.10141010763067188, Test Loss: 0.0913201539832003, Inverse Test Loss: 1.3319291787988998 
2025-05-16 16:44:31,523 INFO: Epoch 112, Train Loss: 0.10066825924723437, Test Loss: 0.08972487598657608, Inverse Test Loss: 1.311428708188674 
2025-05-16 16:44:35,276 INFO: Epoch 113, Train Loss: 0.10042611955467498, Test Loss: 0.09018837397589403, Inverse Test Loss: 1.3048696447821224 
2025-05-16 16:44:38,970 INFO: Epoch 114, Train Loss: 0.100655264983123, Test Loss: 0.09228905640980777, Inverse Test Loss: 1.335465389139512 
2025-05-16 16:44:42,649 INFO: Epoch 115, Train Loss: 0.09989587889250481, Test Loss: 0.09025616768528433, Inverse Test Loss: 1.3212581592447616 
2025-05-16 16:44:46,355 INFO: Epoch 116, Train Loss: 0.1001904768248399, Test Loss: 0.09170082014273195, Inverse Test Loss: 1.3044305128209732 
2025-05-16 16:44:50,068 INFO: Epoch 117, Train Loss: 0.10022035455613425, Test Loss: 0.08991906156434733, Inverse Test Loss: 1.319548578823314 
2025-05-16 16:44:53,809 INFO: Epoch 118, Train Loss: 0.09915366475329254, Test Loss: 0.0905827088829349, Inverse Test Loss: 1.312977391130784 
2025-05-16 16:44:57,547 INFO: Epoch 119, Train Loss: 0.10125985594861435, Test Loss: 0.09071698828655131, Inverse Test Loss: 1.3176758990568274 
2025-05-16 16:45:01,282 INFO: Epoch 120, Train Loss: 0.10059695058699811, Test Loss: 0.09043440200826701, Inverse Test Loss: 1.3378501709769755 
2025-05-16 16:45:05,002 INFO: Epoch 121, Train Loss: 0.10026415132663467, Test Loss: 0.09198723711511668, Inverse Test Loss: 1.3058593764024622 
2025-05-16 16:45:08,667 INFO: Epoch 122, Train Loss: 0.09887208179994063, Test Loss: 0.09138690088601674, Inverse Test Loss: 1.3422506486668306 
2025-05-16 16:45:12,406 INFO: Epoch 123, Train Loss: 0.0989083033055067, Test Loss: 0.08972909674048424, Inverse Test Loss: 1.2940567942226635 
2025-05-16 16:45:16,203 INFO: Epoch 124, Train Loss: 0.09914021809218508, Test Loss: 0.09074702376828474, Inverse Test Loss: 1.3256492754992317 
2025-05-16 16:45:19,903 INFO: Epoch 125, Train Loss: 0.09959286609382341, Test Loss: 0.09002117177142817, Inverse Test Loss: 1.303059812854318 
2025-05-16 16:45:23,608 INFO: Epoch 126, Train Loss: 0.09876863782604535, Test Loss: 0.08936048408641535, Inverse Test Loss: 1.2901854199521683 
2025-05-16 16:45:27,305 INFO: Epoch 127, Train Loss: 0.0987027601875139, Test Loss: 0.08979109433643959, Inverse Test Loss: 1.3063283527598661 
2025-05-16 16:45:31,070 INFO: Epoch 128, Train Loss: 0.09704302996397018, Test Loss: 0.09235298611661967, Inverse Test Loss: 1.353152029654559 
2025-05-16 16:45:34,752 INFO: Epoch 129, Train Loss: 0.09764287225676305, Test Loss: 0.09077978134155273, Inverse Test Loss: 1.311670927440419 
2025-05-16 16:45:38,514 INFO: Epoch 130, Train Loss: 0.09781624783169139, Test Loss: 0.09100626496707692, Inverse Test Loss: 1.3474337143056534 
2025-05-16 16:45:42,212 INFO: Epoch 131, Train Loss: 0.09913148860813993, Test Loss: 0.08996756199528189, Inverse Test Loss: 1.3088566625819487 
2025-05-16 16:45:45,975 INFO: Epoch 132, Train Loss: 0.09777574387915207, Test Loss: 0.08954143721391172, Inverse Test Loss: 1.3126499863231884 
2025-05-16 16:45:49,707 INFO: Epoch 133, Train Loss: 0.09841945485183687, Test Loss: 0.09128045750891461, Inverse Test Loss: 1.3612166713265812 
2025-05-16 16:45:53,454 INFO: Epoch 134, Train Loss: 0.09651217756397797, Test Loss: 0.08951483688810292, Inverse Test Loss: 1.2946050377453076 
2025-05-16 16:45:57,213 INFO: Epoch 135, Train Loss: 0.09724512820442517, Test Loss: 0.0913593251915539, Inverse Test Loss: 1.360826990183662 
2025-05-16 16:46:00,995 INFO: Epoch 136, Train Loss: 0.0962479839552984, Test Loss: 0.08989292536588277, Inverse Test Loss: 1.2868076983620138 
2025-05-16 16:46:04,709 INFO: Epoch 137, Train Loss: 0.09823257052762942, Test Loss: 0.08986354378216407, Inverse Test Loss: 1.313746368183809 
2025-05-16 16:46:08,425 INFO: Epoch 138, Train Loss: 0.09723720287509037, Test Loss: 0.08924882092020091, Inverse Test Loss: 1.2978110734154196 
2025-05-16 16:46:12,147 INFO: Epoch 139, Train Loss: 0.09761337461796674, Test Loss: 0.08998539715128787, Inverse Test Loss: 1.3206000398187077 
2025-05-16 16:46:15,867 INFO: Epoch 140, Train Loss: 0.09713896454283685, Test Loss: 0.08994164778029218, Inverse Test Loss: 1.2837165418793173 
2025-05-16 16:46:19,643 INFO: Epoch 141, Train Loss: 0.09767646037719467, Test Loss: 0.0893038640565732, Inverse Test Loss: 1.2814001125447891 
2025-05-16 16:46:23,405 INFO: Epoch 142, Train Loss: 0.0966586663641713, Test Loss: 0.08950076055000811, Inverse Test Loss: 1.2772439823431128 
2025-05-16 16:46:27,106 INFO: Epoch 143, Train Loss: 0.09772239292435574, Test Loss: 0.08879631407120649, Inverse Test Loss: 1.2759656485389261 
2025-05-16 16:46:30,854 INFO: Epoch 144, Train Loss: 0.09887299534272063, Test Loss: 0.08989278621533338, Inverse Test Loss: 1.2789530683966244 
2025-05-16 16:46:34,630 INFO: Epoch 145, Train Loss: 0.09680022434754805, Test Loss: 0.0906690017265432, Inverse Test Loss: 1.2834497129215914 
2025-05-16 16:46:38,373 INFO: Epoch 146, Train Loss: 0.09655507044358687, Test Loss: 0.09016862489721354, Inverse Test Loss: 1.2844249641194063 
2025-05-16 16:46:42,061 INFO: Epoch 147, Train Loss: 0.09569978702700499, Test Loss: 0.09054429566158968, Inverse Test Loss: 1.3076827385846306 
2025-05-16 16:46:45,809 INFO: Epoch 148, Train Loss: 0.09700107980858196, Test Loss: 0.09008459440049003, Inverse Test Loss: 1.3131537788054521 
2025-05-16 16:46:49,504 INFO: Epoch 149, Train Loss: 0.0963486097753048, Test Loss: 0.09091348683132845, Inverse Test Loss: 1.3547660603242762 
2025-05-16 16:46:53,159 INFO: Epoch 150, Train Loss: 0.0951027734148683, Test Loss: 0.0888703914687914, Inverse Test Loss: 1.28666953830158 
2025-05-16 16:46:56,850 INFO: Epoch 151, Train Loss: 0.09433896692864822, Test Loss: 0.08992387200979625, Inverse Test Loss: 1.3096462347928215 
2025-05-16 16:47:00,573 INFO: Epoch 152, Train Loss: 0.09444145672023296, Test Loss: 0.08887890923549147, Inverse Test Loss: 1.2782672854030834 
2025-05-16 16:47:04,297 INFO: Epoch 153, Train Loss: 0.09503920652875394, Test Loss: 0.08900573367581648, Inverse Test Loss: 1.290277831694659 
2025-05-16 16:47:08,069 INFO: Epoch 154, Train Loss: 0.09524213172721141, Test Loss: 0.08906918084796737, Inverse Test Loss: 1.2971296380547916 
2025-05-16 16:47:11,800 INFO: Epoch 155, Train Loss: 0.09463385910247311, Test Loss: 0.0887020633501165, Inverse Test Loss: 1.2722942373331856 
2025-05-16 16:47:15,486 INFO: Epoch 156, Train Loss: 0.09445981116908969, Test Loss: 0.090223217054325, Inverse Test Loss: 1.3213217188330257 
2025-05-16 16:47:19,226 INFO: Epoch 157, Train Loss: 0.09446258075309522, Test Loss: 0.08951817474821035, Inverse Test Loss: 1.2987522588056677 
2025-05-16 16:47:22,976 INFO: Epoch 158, Train Loss: 0.09544844298877499, Test Loss: 0.08907506965539035, Inverse Test Loss: 1.2808501019197351 
2025-05-16 16:47:26,710 INFO: Epoch 159, Train Loss: 0.09498523378914053, Test Loss: 0.08960988898487653, Inverse Test Loss: 1.3115821024950813 
2025-05-16 16:47:30,466 INFO: Epoch 160, Train Loss: 0.09431054793072469, Test Loss: 0.08880026769988678, Inverse Test Loss: 1.2700575414825888 
2025-05-16 16:47:34,193 INFO: Epoch 161, Train Loss: 0.09401490443357916, Test Loss: 0.08980569615960121, Inverse Test Loss: 1.3084708031486063 
2025-05-16 16:47:37,938 INFO: Epoch 162, Train Loss: 0.09492913656162494, Test Loss: 0.0889589889522861, Inverse Test Loss: 1.2818909077083362 
2025-05-16 16:47:41,664 INFO: Epoch 163, Train Loss: 0.09565757056980422, Test Loss: 0.08926620969877523, Inverse Test Loss: 1.2916450219995834 
2025-05-16 16:47:45,432 INFO: Epoch 164, Train Loss: 0.09379624312912876, Test Loss: 0.08832220272982821, Inverse Test Loss: 1.2691424383836634 
2025-05-16 16:47:49,141 INFO: Epoch 165, Train Loss: 0.09348851662467826, Test Loss: 0.08949318703483133, Inverse Test Loss: 1.2952897057813757 
2025-05-16 16:47:52,880 INFO: Epoch 166, Train Loss: 0.09494427286765793, Test Loss: 0.09012222837875872, Inverse Test Loss: 1.2723267709507662 
2025-05-16 16:47:56,604 INFO: Epoch 167, Train Loss: 0.09509482325026483, Test Loss: 0.09123111187535174, Inverse Test Loss: 1.3531229776494644 
2025-05-16 16:48:00,377 INFO: Epoch 168, Train Loss: 0.09516873803328384, Test Loss: 0.08980508148670197, Inverse Test Loss: 1.345169467084548 
2025-05-16 16:48:04,167 INFO: Epoch 169, Train Loss: 0.0937025412126924, Test Loss: 0.09042157101280549, Inverse Test Loss: 1.3262943029403687 
2025-05-16 16:48:07,856 INFO: Epoch 170, Train Loss: 0.0932947297326543, Test Loss: 0.08882247897631981, Inverse Test Loss: 1.273363439475789 
2025-05-16 16:48:11,551 INFO: Epoch 171, Train Loss: 0.09420596125225227, Test Loss: 0.08905575227211504, Inverse Test Loss: 1.2969705006655525 
2025-05-16 16:48:15,291 INFO: Epoch 172, Train Loss: 0.09423111785541881, Test Loss: 0.0899876152329585, Inverse Test Loss: 1.2977828313322628 
2025-05-16 16:48:19,000 INFO: Epoch 173, Train Loss: 0.09301877896668333, Test Loss: 0.08893893527634003, Inverse Test Loss: 1.266484193942126 
2025-05-16 16:48:22,753 INFO: Epoch 174, Train Loss: 0.09387539383588415, Test Loss: 0.08850322773351389, Inverse Test Loss: 1.2663685083389282 
2025-05-16 16:48:26,443 INFO: Epoch 175, Train Loss: 0.09456360204653307, Test Loss: 0.09163294995532316, Inverse Test Loss: 1.3674856424331665 
2025-05-16 16:48:30,192 INFO: Epoch 176, Train Loss: 0.09338369931687009, Test Loss: 0.08924061344826922, Inverse Test Loss: 1.2657466951538534 
2025-05-16 16:48:33,926 INFO: Epoch 177, Train Loss: 0.09253866005350243, Test Loss: 0.08855883908622406, Inverse Test Loss: 1.2543994749293608 
2025-05-16 16:48:37,582 INFO: Epoch 178, Train Loss: 0.09312018571477948, Test Loss: 0.08904220996534123, Inverse Test Loss: 1.2933152563431685 
2025-05-16 16:48:41,310 INFO: Epoch 179, Train Loss: 0.09329231015660545, Test Loss: 0.08845692588125958, Inverse Test Loss: 1.2622299860505497 
2025-05-16 16:48:45,060 INFO: Epoch 180, Train Loss: 0.09314287431312329, Test Loss: 0.08886552821187411, Inverse Test Loss: 1.2571735662572525 
2025-05-16 16:48:48,771 INFO: Epoch 181, Train Loss: 0.09262208138225657, Test Loss: 0.08969586649361778, Inverse Test Loss: 1.2696127260432524 
2025-05-16 16:48:52,471 INFO: Epoch 182, Train Loss: 0.09334005748457981, Test Loss: 0.089143435963813, Inverse Test Loss: 1.287356551955728 
2025-05-16 16:48:56,217 INFO: Epoch 183, Train Loss: 0.092789249720447, Test Loss: 0.09042428850251086, Inverse Test Loss: 1.284087580793044 
2025-05-16 16:48:59,916 INFO: Epoch 184, Train Loss: 0.09241964989765124, Test Loss: 0.08812826192554306, Inverse Test Loss: 1.2782874387853287 
2025-05-16 16:49:03,666 INFO: Epoch 185, Train Loss: 0.09300433629841516, Test Loss: 0.08795674123308238, Inverse Test Loss: 1.2593043025802164 
2025-05-16 16:49:07,415 INFO: Epoch 186, Train Loss: 0.09199539425246643, Test Loss: 0.08832949531428955, Inverse Test Loss: 1.269188123590806 
2025-05-16 16:49:11,078 INFO: Epoch 187, Train Loss: 0.09376952554466146, Test Loss: 0.0896495041601798, Inverse Test Loss: 1.293862710980808 
2025-05-16 16:49:14,766 INFO: Epoch 188, Train Loss: 0.09190877329445246, Test Loss: 0.08896919690510806, Inverse Test Loss: 1.2597151083104752 
2025-05-16 16:49:18,521 INFO: Epoch 189, Train Loss: 0.09229393633590503, Test Loss: 0.08940057412666433, Inverse Test Loss: 1.2784178432296305 
2025-05-16 16:49:22,239 INFO: Epoch 190, Train Loss: 0.09314591781885335, Test Loss: 0.08849306382677134, Inverse Test Loss: 1.2769301218145035 
2025-05-16 16:49:26,005 INFO: Epoch 191, Train Loss: 0.09197561860536084, Test Loss: 0.0884857870200101, Inverse Test Loss: 1.2774671631700851 
2025-05-16 16:49:29,718 INFO: Epoch 192, Train Loss: 0.09182936568377596, Test Loss: 0.08863644959295497, Inverse Test Loss: 1.2695951952653772 
2025-05-16 16:49:33,467 INFO: Epoch 193, Train Loss: 0.0917261013704719, Test Loss: 0.08815734636257677, Inverse Test Loss: 1.2682602125055649 
2025-05-16 16:49:37,227 INFO: Epoch 194, Train Loss: 0.09086277358459705, Test Loss: 0.08871871101505616, Inverse Test Loss: 1.265684376744663 
2025-05-16 16:49:40,957 INFO: Epoch 195, Train Loss: 0.09091646585500601, Test Loss: 0.08830429087666904, Inverse Test Loss: 1.2580917442546171 
2025-05-16 16:49:44,758 INFO: Epoch 196, Train Loss: 0.0921686990468791, Test Loss: 0.0884220825836939, Inverse Test Loss: 1.2497523181578691 
2025-05-16 16:49:48,472 INFO: Epoch 197, Train Loss: 0.09130762246522037, Test Loss: 0.08822830109035268, Inverse Test Loss: 1.2688993916792028 
2025-05-16 16:49:52,227 INFO: Epoch 198, Train Loss: 0.09124098435947389, Test Loss: 0.08870718693908523, Inverse Test Loss: 1.26435905344346 
2025-05-16 16:49:55,926 INFO: Epoch 199, Train Loss: 0.09221263472555262, Test Loss: 0.08861611060359899, Inverse Test Loss: 1.255843783126158 
2025-05-16 16:49:59,622 INFO: Epoch 200, Train Loss: 0.09241095540875738, Test Loss: 0.08905835077166557, Inverse Test Loss: 1.3115782562424154 
2025-05-16 16:49:59,622 INFO: Best Epoch 185, Best Test Loss: 0.08795674123308238, Inverse Test Loss: 1.2593043025802164 
2025-05-16 16:50:03,309 INFO: Epoch 201, Train Loss: 0.09141162370867802, Test Loss: 0.08952248819610652, Inverse Test Loss: 1.2927827800021452 
2025-05-16 16:50:07,036 INFO: Epoch 202, Train Loss: 0.09116268973571784, Test Loss: 0.0878492089755395, Inverse Test Loss: 1.2608654884731068 
2025-05-16 16:50:10,790 INFO: Epoch 203, Train Loss: 0.09093587331925378, Test Loss: 0.08857394360444125, Inverse Test Loss: 1.2908920084728914 
2025-05-16 16:50:14,547 INFO: Epoch 204, Train Loss: 0.09089461392299696, Test Loss: 0.08937407657504082, Inverse Test Loss: 1.2637878936879776 
2025-05-16 16:50:18,285 INFO: Epoch 205, Train Loss: 0.091347819645748, Test Loss: 0.08850480857140877, Inverse Test Loss: 1.2712522184147554 
2025-05-16 16:50:22,047 INFO: Epoch 206, Train Loss: 0.09046988764947111, Test Loss: 0.08983395160997615, Inverse Test Loss: 1.3070766434949987 
2025-05-16 16:50:25,743 INFO: Epoch 207, Train Loss: 0.09171621586111459, Test Loss: 0.08784991897204343, Inverse Test Loss: 1.2486518831814037 
2025-05-16 16:50:29,526 INFO: Epoch 208, Train Loss: 0.09004995610677835, Test Loss: 0.0881454133812119, Inverse Test Loss: 1.2556932813981 
2025-05-16 16:50:33,207 INFO: Epoch 209, Train Loss: 0.09151504042022156, Test Loss: 0.08802756842444925, Inverse Test Loss: 1.2612110165988697 
2025-05-16 16:50:36,905 INFO: Epoch 210, Train Loss: 0.09013893856017878, Test Loss: 0.0878037299741717, Inverse Test Loss: 1.2636203695746029 
2025-05-16 16:50:40,617 INFO: Epoch 211, Train Loss: 0.09095101306835811, Test Loss: 0.09001970028176028, Inverse Test Loss: 1.2618735888425041 
2025-05-16 16:50:44,296 INFO: Epoch 212, Train Loss: 0.09145459961710554, Test Loss: 0.09061728965710192, Inverse Test Loss: 1.2822812830700594 
2025-05-16 16:50:48,024 INFO: Epoch 213, Train Loss: 0.09097166579555381, Test Loss: 0.08792998795123662, Inverse Test Loss: 1.2490439940901363 
2025-05-16 16:50:51,786 INFO: Epoch 214, Train Loss: 0.09117851073317455, Test Loss: 0.0883789557744475, Inverse Test Loss: 1.2516646455315983 
2025-05-16 16:50:55,479 INFO: Epoch 215, Train Loss: 0.08987288560831186, Test Loss: 0.08901585945311714, Inverse Test Loss: 1.2693046857328976 
2025-05-16 16:50:59,193 INFO: Epoch 216, Train Loss: 0.09038260099336956, Test Loss: 0.08793099356048248, Inverse Test Loss: 1.2467115907108082 
2025-05-16 16:51:02,923 INFO: Epoch 217, Train Loss: 0.09061176346784289, Test Loss: 0.0914604506071876, Inverse Test Loss: 1.2936869018218096 
2025-05-16 16:51:06,653 INFO: Epoch 218, Train Loss: 0.09120290923976537, Test Loss: 0.08980476001606268, Inverse Test Loss: 1.3225694614298202 
2025-05-16 16:51:10,383 INFO: Epoch 219, Train Loss: 0.09067714050637954, Test Loss: 0.08803442076725118, Inverse Test Loss: 1.2634576874620773 
2025-05-16 16:51:14,154 INFO: Epoch 220, Train Loss: 0.09126354330642657, Test Loss: 0.08828433668788742, Inverse Test Loss: 1.2478601757217855 
2025-05-16 16:51:17,919 INFO: Epoch 221, Train Loss: 0.09097450576496846, Test Loss: 0.08785916207467809, Inverse Test Loss: 1.2598422555362476 
2025-05-16 16:51:21,682 INFO: Epoch 222, Train Loss: 0.08940780049923694, Test Loss: 0.0886380177210359, Inverse Test Loss: 1.2564742459970362 
2025-05-16 16:51:25,441 INFO: Epoch 223, Train Loss: 0.08946867829019373, Test Loss: 0.08830353661495097, Inverse Test Loss: 1.2687705334495096 
2025-05-16 16:51:29,172 INFO: Epoch 224, Train Loss: 0.09022017669948665, Test Loss: 0.08854058472549214, Inverse Test Loss: 1.2547036619747387 
2025-05-16 16:51:32,958 INFO: Epoch 225, Train Loss: 0.0886575286135529, Test Loss: 0.08846064678886358, Inverse Test Loss: 1.266723548664766 
2025-05-16 16:51:36,706 INFO: Epoch 226, Train Loss: 0.09109718826684085, Test Loss: 0.08880246145760312, Inverse Test Loss: 1.2598928002750172 
2025-05-16 16:51:40,409 INFO: Epoch 227, Train Loss: 0.09014589045986984, Test Loss: 0.08930593356490135, Inverse Test Loss: 1.2541224115035112 
2025-05-16 16:51:44,154 INFO: Epoch 228, Train Loss: 0.08890328962694515, Test Loss: 0.09050705722149681, Inverse Test Loss: 1.3135752888286816 
2025-05-16 16:51:47,903 INFO: Epoch 229, Train Loss: 0.09004355916245417, Test Loss: 0.08790635843487347, Inverse Test Loss: 1.2585289302994223 
2025-05-16 16:51:51,586 INFO: Epoch 230, Train Loss: 0.08839003922361316, Test Loss: 0.08803398907184601, Inverse Test Loss: 1.2534472276182735 
2025-05-16 16:51:55,368 INFO: Epoch 231, Train Loss: 0.08981374600394205, Test Loss: 0.08801444860942223, Inverse Test Loss: 1.244650637402254 
2025-05-16 16:51:59,145 INFO: Epoch 232, Train Loss: 0.0897584670985287, Test Loss: 0.08821072911514956, Inverse Test Loss: 1.2611627718981575 
2025-05-16 16:52:02,878 INFO: Epoch 233, Train Loss: 0.08851775617310495, Test Loss: 0.0885940531597418, Inverse Test Loss: 1.2647275433820837 
2025-05-16 16:52:06,629 INFO: Epoch 234, Train Loss: 0.08790512597470572, Test Loss: 0.08847258108503678, Inverse Test Loss: 1.2591846760581522 
2025-05-16 16:52:10,316 INFO: Epoch 235, Train Loss: 0.08851604282178661, Test Loss: 0.08873116948148783, Inverse Test Loss: 1.2717156936140621 
2025-05-16 16:52:14,069 INFO: Epoch 236, Train Loss: 0.08976945241518093, Test Loss: 0.08857807933407671, Inverse Test Loss: 1.2593876509105457 
2025-05-16 16:52:17,830 INFO: Epoch 237, Train Loss: 0.0905439296003544, Test Loss: 0.0896927972926813, Inverse Test Loss: 1.2851013751590954 
2025-05-16 16:52:21,594 INFO: Epoch 238, Train Loss: 0.08983129900739048, Test Loss: 0.08775197166730375, Inverse Test Loss: 1.2458977208418005 
2025-05-16 16:52:25,362 INFO: Epoch 239, Train Loss: 0.089624596195239, Test Loss: 0.09003074248047437, Inverse Test Loss: 1.2949286313617931 
2025-05-16 16:52:29,113 INFO: Epoch 240, Train Loss: 0.08837226027566375, Test Loss: 0.08813784183824763, Inverse Test Loss: 1.2679058383492863 
2025-05-16 16:52:32,917 INFO: Epoch 241, Train Loss: 0.08965420948736595, Test Loss: 0.0878089160165366, Inverse Test Loss: 1.2388702105073368 
2025-05-16 16:52:36,668 INFO: Epoch 242, Train Loss: 0.08861596475947987, Test Loss: 0.08819117703858544, Inverse Test Loss: 1.2624462317017948 
2025-05-16 16:52:40,387 INFO: Epoch 243, Train Loss: 0.08793592357048483, Test Loss: 0.08919540705049739, Inverse Test Loss: 1.2924526999978458 
2025-05-16 16:52:44,082 INFO: Epoch 244, Train Loss: 0.08883143492946119, Test Loss: 0.08860340341925621, Inverse Test Loss: 1.2558877362924463 
2025-05-16 16:52:47,809 INFO: Epoch 245, Train Loss: 0.08944256078790534, Test Loss: 0.09042783826589584, Inverse Test Loss: 1.310603513437159 
2025-05-16 16:52:51,502 INFO: Epoch 246, Train Loss: 0.08957229503853754, Test Loss: 0.08917857399758171, Inverse Test Loss: 1.2745312837993397 
2025-05-16 16:52:55,212 INFO: Epoch 247, Train Loss: 0.08771622440580165, Test Loss: 0.08925710004918716, Inverse Test Loss: 1.2624170955489664 
2025-05-16 16:52:58,953 INFO: Epoch 248, Train Loss: 0.08880653525843765, Test Loss: 0.08866455515517908, Inverse Test Loss: 1.2504781169049881 
2025-05-16 16:53:02,702 INFO: Epoch 249, Train Loss: 0.08764768668422193, Test Loss: 0.08832151618073969, Inverse Test Loss: 1.2583248334772446 
2025-05-16 16:53:06,432 INFO: Epoch 250, Train Loss: 0.0884534391489896, Test Loss: 0.09077679869883201, Inverse Test Loss: 1.321020904709311 
2025-05-16 16:53:10,154 INFO: Epoch 251, Train Loss: 0.08857439706722896, Test Loss: 0.08963233451632892, Inverse Test Loss: 1.2514843519996195 
2025-05-16 16:53:13,899 INFO: Epoch 252, Train Loss: 0.08818169214734525, Test Loss: 0.0885834924000151, Inverse Test Loss: 1.2574540902586544 
2025-05-16 16:53:17,636 INFO: Epoch 253, Train Loss: 0.08891964365135539, Test Loss: 0.08787809947834295, Inverse Test Loss: 1.2564584192107706 
2025-05-16 16:53:21,380 INFO: Epoch 254, Train Loss: 0.08789202582203981, Test Loss: 0.08756200662430595, Inverse Test Loss: 1.241997175356921 
2025-05-16 16:53:25,148 INFO: Epoch 255, Train Loss: 0.08784488345863241, Test Loss: 0.08837810640825945, Inverse Test Loss: 1.2684841436498306 
2025-05-16 16:53:28,904 INFO: Epoch 256, Train Loss: 0.08773909503537597, Test Loss: 0.08805341887123444, Inverse Test Loss: 1.2712932053734274 
2025-05-16 16:53:32,668 INFO: Epoch 257, Train Loss: 0.08853232798477013, Test Loss: 0.08808508230482831, Inverse Test Loss: 1.2641177457921646 
2025-05-16 16:53:36,394 INFO: Epoch 258, Train Loss: 0.08722189921095516, Test Loss: 0.08809200411333758, Inverse Test Loss: 1.2601410781635958 
2025-05-16 16:53:40,178 INFO: Epoch 259, Train Loss: 0.08720303896927473, Test Loss: 0.08866026449729414, Inverse Test Loss: 1.2794042860760408 
2025-05-16 16:53:43,963 INFO: Epoch 260, Train Loss: 0.08861140635880557, Test Loss: 0.08874028395203983, Inverse Test Loss: 1.2592583964852726 
2025-05-16 16:53:47,747 INFO: Epoch 261, Train Loss: 0.08920372322653279, Test Loss: 0.08810122661730822, Inverse Test Loss: 1.2461490315549515 
2025-05-16 16:53:51,467 INFO: Epoch 262, Train Loss: 0.08707516612202833, Test Loss: 0.0879981704056263, Inverse Test Loss: 1.2496638403219336 
2025-05-16 16:53:55,243 INFO: Epoch 263, Train Loss: 0.08798752725124359, Test Loss: 0.08783634116544443, Inverse Test Loss: 1.2469429829541374 
2025-05-16 16:53:58,991 INFO: Epoch 264, Train Loss: 0.08945266084011758, Test Loss: 0.08868363017545026, Inverse Test Loss: 1.260557868901421 
2025-05-16 16:54:02,702 INFO: Epoch 265, Train Loss: 0.08813580323123571, Test Loss: 0.0880739680107902, Inverse Test Loss: 1.244652692009421 
2025-05-16 16:54:06,438 INFO: Epoch 266, Train Loss: 0.08726843152985428, Test Loss: 0.08925159187877879, Inverse Test Loss: 1.2635363200131584 
2025-05-16 16:54:10,176 INFO: Epoch 267, Train Loss: 0.08701512042545911, Test Loss: 0.08888083630624939, Inverse Test Loss: 1.2495836300008438 
2025-05-16 16:54:13,879 INFO: Epoch 268, Train Loss: 0.08826594365139802, Test Loss: 0.08818230777978897, Inverse Test Loss: 1.2472959756851196 
2025-05-16 16:54:17,567 INFO: Epoch 269, Train Loss: 0.08569326872626941, Test Loss: 0.088383499532938, Inverse Test Loss: 1.2538792455897612 
2025-05-16 16:54:21,338 INFO: Epoch 270, Train Loss: 0.08732258675224853, Test Loss: 0.08937178157708224, Inverse Test Loss: 1.2817755446714514 
2025-05-16 16:54:25,071 INFO: Epoch 271, Train Loss: 0.08725748882826531, Test Loss: 0.08964001321617295, Inverse Test Loss: 1.269777098122765 
2025-05-16 16:54:28,878 INFO: Epoch 272, Train Loss: 0.08818069690217574, Test Loss: 0.0895178125185125, Inverse Test Loss: 1.252021880710826 
2025-05-16 16:54:32,585 INFO: Epoch 273, Train Loss: 0.08706829482407281, Test Loss: 0.08799559031339253, Inverse Test Loss: 1.2398850777569939 
2025-05-16 16:54:36,334 INFO: Epoch 274, Train Loss: 0.08786491722320065, Test Loss: 0.08795162093113451, Inverse Test Loss: 1.2553879022598267 
2025-05-16 16:54:40,096 INFO: Epoch 275, Train Loss: 0.08707133658004529, Test Loss: 0.089320830124266, Inverse Test Loss: 1.2554609109373653 
2025-05-16 16:54:43,796 INFO: Epoch 276, Train Loss: 0.08757230391105016, Test Loss: 0.08826095545116593, Inverse Test Loss: 1.2589207396787756 
2025-05-16 16:54:47,480 INFO: Epoch 277, Train Loss: 0.08745293121672038, Test Loss: 0.08805475997574189, Inverse Test Loss: 1.2489040353718925 
2025-05-16 16:54:51,187 INFO: Epoch 278, Train Loss: 0.08685329274246187, Test Loss: 0.0887024755425313, Inverse Test Loss: 1.263919241288129 
2025-05-16 16:54:54,878 INFO: Epoch 279, Train Loss: 0.08715032876440973, Test Loss: 0.0886561607613283, Inverse Test Loss: 1.2574357250157524 
2025-05-16 16:54:58,601 INFO: Epoch 280, Train Loss: 0.08631831080173001, Test Loss: 0.08792396086980314, Inverse Test Loss: 1.2458171914605534 
2025-05-16 16:55:02,376 INFO: Epoch 281, Train Loss: 0.08701854537833821, Test Loss: 0.09050748146632139, Inverse Test Loss: 1.2700276655309342 
2025-05-16 16:55:06,148 INFO: Epoch 282, Train Loss: 0.08697193285281007, Test Loss: 0.08861694550689529, Inverse Test Loss: 1.2662658726467806 
2025-05-16 16:55:09,932 INFO: Epoch 283, Train Loss: 0.086111883830392, Test Loss: 0.08939834837527837, Inverse Test Loss: 1.2589239162557266 
2025-05-16 16:55:13,742 INFO: Epoch 284, Train Loss: 0.08745718233738885, Test Loss: 0.08849203433184062, Inverse Test Loss: 1.2639300051857443 
2025-05-16 16:55:17,509 INFO: Epoch 285, Train Loss: 0.08595004265732838, Test Loss: 0.0899781275759725, Inverse Test Loss: 1.257767281111549 
2025-05-16 16:55:21,268 INFO: Epoch 286, Train Loss: 0.08757441039338257, Test Loss: 0.08934593288337483, Inverse Test Loss: 1.2545042037963867 
2025-05-16 16:55:24,997 INFO: Epoch 287, Train Loss: 0.08613647881782416, Test Loss: 0.08761714683736072, Inverse Test Loss: 1.2364038965281319 
2025-05-16 16:55:28,711 INFO: Epoch 288, Train Loss: 0.0859768030826341, Test Loss: 0.08798915016300538, Inverse Test Loss: 1.233249629245085 
2025-05-16 16:55:32,450 INFO: Epoch 289, Train Loss: 0.08741475111155798, Test Loss: 0.08839282590676756, Inverse Test Loss: 1.2449788240825428 
2025-05-16 16:55:36,186 INFO: Epoch 290, Train Loss: 0.08509946721747066, Test Loss: 0.08935890587813713, Inverse Test Loss: 1.2857751285328585 
2025-05-16 16:55:39,913 INFO: Epoch 291, Train Loss: 0.08571558519068992, Test Loss: 0.08898977825746816, Inverse Test Loss: 1.2873485018225277 
2025-05-16 16:55:43,636 INFO: Epoch 292, Train Loss: 0.0855816358869726, Test Loss: 0.0887124371879241, Inverse Test Loss: 1.2491178898250355 
2025-05-16 16:55:47,377 INFO: Epoch 293, Train Loss: 0.0853846909929857, Test Loss: 0.08863685543046278, Inverse Test Loss: 1.2480087876319885 
2025-05-16 16:55:51,168 INFO: Epoch 294, Train Loss: 0.08591830578039993, Test Loss: 0.08886032726834803, Inverse Test Loss: 1.2647911801057703 
2025-05-16 16:55:54,878 INFO: Epoch 295, Train Loss: 0.08556440506469119, Test Loss: 0.08865362186642255, Inverse Test Loss: 1.2537911990109611 
2025-05-16 16:55:58,600 INFO: Epoch 296, Train Loss: 0.08566328138113022, Test Loss: 0.08919512414756943, Inverse Test Loss: 1.2661904026480282 
2025-05-16 16:56:02,316 INFO: Epoch 297, Train Loss: 0.08772833447790507, Test Loss: 0.0873538233778056, Inverse Test Loss: 1.2442924275117762 
2025-05-16 16:56:06,138 INFO: Epoch 298, Train Loss: 0.08595302830817121, Test Loss: 0.08769395355792607, Inverse Test Loss: 1.2545774579048157 
2025-05-16 16:56:09,889 INFO: Epoch 299, Train Loss: 0.08611770482225851, Test Loss: 0.08915137236609179, Inverse Test Loss: 1.2835451995625216 
2025-05-16 16:56:13,599 INFO: Epoch 300, Train Loss: 0.08558654079608845, Test Loss: 0.08954607541946803, Inverse Test Loss: 1.2510183067882763 
2025-05-16 16:56:13,600 INFO: Best Epoch 297, Best Test Loss: 0.0873538233778056, Inverse Test Loss: 1.2442924275117762 
2025-05-16 16:56:17,284 INFO: Epoch 301, Train Loss: 0.08554730321647543, Test Loss: 0.08740374686963417, Inverse Test Loss: 1.236728499917423 
2025-05-16 16:56:20,965 INFO: Epoch 302, Train Loss: 0.08683113815883796, Test Loss: 0.08827543214840047, Inverse Test Loss: 1.2385706200319178 
2025-05-16 16:56:24,693 INFO: Epoch 303, Train Loss: 0.08616669171235779, Test Loss: 0.08796846735126831, Inverse Test Loss: 1.2525244074709274 
2025-05-16 16:56:28,447 INFO: Epoch 304, Train Loss: 0.08686965901517507, Test Loss: 0.08983342502923573, Inverse Test Loss: 1.2644923855276669 
2025-05-16 16:56:32,221 INFO: Epoch 305, Train Loss: 0.08729196040693557, Test Loss: 0.08889601861729342, Inverse Test Loss: 1.2586412044132458 
2025-05-16 16:56:35,983 INFO: Epoch 306, Train Loss: 0.08469761591969115, Test Loss: 0.08913388212814051, Inverse Test Loss: 1.2674807204919702 
2025-05-16 16:56:39,717 INFO: Epoch 307, Train Loss: 0.08470496267193195, Test Loss: 0.08851213621742585, Inverse Test Loss: 1.2437712234609268 
2025-05-16 16:56:43,502 INFO: Epoch 308, Train Loss: 0.08587455038319934, Test Loss: 0.08904227526748881, Inverse Test Loss: 1.2512136943200056 
2025-05-16 16:56:47,246 INFO: Epoch 309, Train Loss: 0.08657917696418184, Test Loss: 0.08930637797012049, Inverse Test Loss: 1.2726486325263977 
2025-05-16 16:56:50,992 INFO: Epoch 310, Train Loss: 0.08501047200777313, Test Loss: 0.08871040076893918, Inverse Test Loss: 1.2616870122797348 
2025-05-16 16:56:54,706 INFO: Epoch 311, Train Loss: 0.08500144941111405, Test Loss: 0.08898177151294316, Inverse Test Loss: 1.2658018890549154 
2025-05-16 16:56:58,455 INFO: Epoch 312, Train Loss: 0.08580575533437007, Test Loss: 0.08833873491076862, Inverse Test Loss: 1.271724851692424 
2025-05-16 16:57:02,185 INFO: Epoch 313, Train Loss: 0.0850490622899749, Test Loss: 0.0886117119122954, Inverse Test Loss: 1.246343409313875 
2025-05-16 16:57:05,923 INFO: Epoch 314, Train Loss: 0.0853305829858238, Test Loss: 0.08855756547521143, Inverse Test Loss: 1.2403857602792627 
2025-05-16 16:57:09,605 INFO: Epoch 315, Train Loss: 0.08553915758701888, Test Loss: 0.08794017705847235, Inverse Test Loss: 1.2399070858955383 
2025-05-16 16:57:13,299 INFO: Epoch 316, Train Loss: 0.08465346022311485, Test Loss: 0.08741919367628939, Inverse Test Loss: 1.2357969739857841 
2025-05-16 16:57:17,139 INFO: Epoch 317, Train Loss: 0.08515813867702629, Test Loss: 0.08786331752643865, Inverse Test Loss: 1.2426365789245157 
2025-05-16 16:57:20,925 INFO: Epoch 318, Train Loss: 0.08469480112420791, Test Loss: 0.08885754206601311, Inverse Test Loss: 1.247039861538831 
2025-05-16 16:57:24,669 INFO: Epoch 319, Train Loss: 0.08444548595809576, Test Loss: 0.09010636609266787, Inverse Test Loss: 1.2704906744115494 
2025-05-16 16:57:28,409 INFO: Epoch 320, Train Loss: 0.08488713441924615, Test Loss: 0.08824952143956633, Inverse Test Loss: 1.2445354777223923 
2025-05-16 16:57:32,071 INFO: Epoch 321, Train Loss: 0.08513693423998175, Test Loss: 0.08798824951929204, Inverse Test Loss: 1.2456933154779322 
2025-05-16 16:57:35,745 INFO: Epoch 322, Train Loss: 0.08502168129339363, Test Loss: 0.08783018764327555, Inverse Test Loss: 1.245517043506398 
2025-05-16 16:57:39,472 INFO: Epoch 323, Train Loss: 0.08495384502704396, Test Loss: 0.08793902528636596, Inverse Test Loss: 1.2442610193701351 
2025-05-16 16:57:43,178 INFO: Epoch 324, Train Loss: 0.08561876150920536, Test Loss: 0.08845780614544363, Inverse Test Loss: 1.2449741959571838 
2025-05-16 16:57:46,930 INFO: Epoch 325, Train Loss: 0.08507554475782496, Test Loss: 0.08830871805548668, Inverse Test Loss: 1.2430203627137577 
2025-05-16 16:57:50,640 INFO: Epoch 326, Train Loss: 0.08550126675629255, Test Loss: 0.08864877570201368, Inverse Test Loss: 1.2372123774360209 
2025-05-16 16:57:54,404 INFO: Epoch 327, Train Loss: 0.08459563158226735, Test Loss: 0.08827995815697838, Inverse Test Loss: 1.249291577759911 
2025-05-16 16:57:58,092 INFO: Epoch 328, Train Loss: 0.08563958283400896, Test Loss: 0.08771411745863802, Inverse Test Loss: 1.2460687335799723 
2025-05-16 16:58:01,856 INFO: Epoch 329, Train Loss: 0.08423024918319601, Test Loss: 0.088131403660073, Inverse Test Loss: 1.2537761295542997 
2025-05-16 16:58:05,678 INFO: Epoch 330, Train Loss: 0.0840359961783344, Test Loss: 0.08825636085341959, Inverse Test Loss: 1.2515908619936775 
2025-05-16 16:58:09,414 INFO: Epoch 331, Train Loss: 0.08474214346797178, Test Loss: 0.08816611876382548, Inverse Test Loss: 1.2634021569700802 
2025-05-16 16:58:13,120 INFO: Epoch 332, Train Loss: 0.08340140403897474, Test Loss: 0.08957252958241631, Inverse Test Loss: 1.2929004606078653 
2025-05-16 16:58:16,832 INFO: Epoch 333, Train Loss: 0.083737447519194, Test Loss: 0.08846874600824188, Inverse Test Loss: 1.257425020722782 
2025-05-16 16:58:20,571 INFO: Epoch 334, Train Loss: 0.08414230303782405, Test Loss: 0.0887376556501669, Inverse Test Loss: 1.2462033734602087 
2025-05-16 16:58:24,354 INFO: Epoch 335, Train Loss: 0.08568425239487128, Test Loss: 0.08838853108532288, Inverse Test Loss: 1.2528452732983757 
2025-05-16 16:58:28,052 INFO: Epoch 336, Train Loss: 0.08425148610364307, Test Loss: 0.08955037637668498, Inverse Test Loss: 1.2611027359962463 
2025-05-16 16:58:31,760 INFO: Epoch 337, Train Loss: 0.08318039441876339, Test Loss: 0.08972333700341337, Inverse Test Loss: 1.2570402832592236 
2025-05-16 16:58:35,485 INFO: Epoch 338, Train Loss: 0.08450789219050696, Test Loss: 0.08699843046419761, Inverse Test Loss: 1.2476844156489653 
2025-05-16 16:58:39,230 INFO: Epoch 339, Train Loss: 0.08425774199493004, Test Loss: 0.08934043128700818, Inverse Test Loss: 1.2478166503064774 
2025-05-16 16:58:42,943 INFO: Epoch 340, Train Loss: 0.08401167104867371, Test Loss: 0.08817818760871887, Inverse Test Loss: 1.2578831735779257 
2025-05-16 16:58:46,653 INFO: Epoch 341, Train Loss: 0.0843784726986831, Test Loss: 0.08891815253916908, Inverse Test Loss: 1.2752517882515402 
2025-05-16 16:58:50,422 INFO: Epoch 342, Train Loss: 0.0836413475317937, Test Loss: 0.08784723500995074, Inverse Test Loss: 1.2372089414035572 
2025-05-16 16:58:54,166 INFO: Epoch 343, Train Loss: 0.08308747010023305, Test Loss: 0.08810404863427668, Inverse Test Loss: 1.2507779037251192 
2025-05-16 16:58:57,904 INFO: Epoch 344, Train Loss: 0.08473663015121763, Test Loss: 0.08885977395317134, Inverse Test Loss: 1.2716169287176693 
2025-05-16 16:59:01,656 INFO: Epoch 345, Train Loss: 0.08390715424761627, Test Loss: 0.08977857670363258, Inverse Test Loss: 1.2997801864848417 
2025-05-16 16:59:05,379 INFO: Epoch 346, Train Loss: 0.08360780273197276, Test Loss: 0.0883145492304774, Inverse Test Loss: 1.2366891924072714 
2025-05-16 16:59:09,073 INFO: Epoch 347, Train Loss: 0.08374293430736571, Test Loss: 0.0880246903089916, Inverse Test Loss: 1.245619567001567 
2025-05-16 16:59:12,795 INFO: Epoch 348, Train Loss: 0.08359588360921903, Test Loss: 0.08730258025667247, Inverse Test Loss: 1.238666155759026 
2025-05-16 16:59:16,504 INFO: Epoch 349, Train Loss: 0.08444867012175647, Test Loss: 0.08874436906155418, Inverse Test Loss: 1.2440027945181902 
2025-05-16 16:59:20,175 INFO: Epoch 350, Train Loss: 0.08365140657759074, Test Loss: 0.08956480880870539, Inverse Test Loss: 1.2472880167119644 
2025-05-16 16:59:23,864 INFO: Epoch 351, Train Loss: 0.0843719852467378, Test Loss: 0.08950617208200343, Inverse Test Loss: 1.2692243947702295 
2025-05-16 16:59:27,604 INFO: Epoch 352, Train Loss: 0.08574279956519604, Test Loss: 0.08915427217588705, Inverse Test Loss: 1.247821082087124 
2025-05-16 16:59:31,411 INFO: Epoch 353, Train Loss: 0.08444816613513412, Test Loss: 0.08943711330785471, Inverse Test Loss: 1.2489377680946798 
2025-05-16 16:59:35,235 INFO: Epoch 354, Train Loss: 0.08338004232130268, Test Loss: 0.08791907657595242, Inverse Test Loss: 1.250307865002576 
2025-05-16 16:59:38,949 INFO: Epoch 355, Train Loss: 0.08376312775142265, Test Loss: 0.08809543817358859, Inverse Test Loss: 1.242236968349008 
2025-05-16 16:59:42,787 INFO: Epoch 356, Train Loss: 0.08270988280348705, Test Loss: 0.08979941729237051, Inverse Test Loss: 1.2582301848074968 
2025-05-16 16:59:46,501 INFO: Epoch 357, Train Loss: 0.08297936020023895, Test Loss: 0.08895790993290789, Inverse Test Loss: 1.2552660388105057 
2025-05-16 16:59:50,253 INFO: Epoch 358, Train Loss: 0.08372154050139767, Test Loss: 0.08953679068123593, Inverse Test Loss: 1.2945946735494278 
2025-05-16 16:59:53,967 INFO: Epoch 359, Train Loss: 0.0836173819208687, Test Loss: 0.08946086729274076, Inverse Test Loss: 1.2781744353911455 
2025-05-16 16:59:57,697 INFO: Epoch 360, Train Loss: 0.08345173067893043, Test Loss: 0.0888152164133156, Inverse Test Loss: 1.263468623161316 
2025-05-16 17:00:01,415 INFO: Epoch 361, Train Loss: 0.08333452243470785, Test Loss: 0.08982666099772733, Inverse Test Loss: 1.2503154207678402 
2025-05-16 17:00:05,130 INFO: Epoch 362, Train Loss: 0.08300315346004385, Test Loss: 0.08846661689526894, Inverse Test Loss: 1.2466359979966108 
2025-05-16 17:00:08,883 INFO: Epoch 363, Train Loss: 0.08416430059481751, Test Loss: 0.08945532953914474, Inverse Test Loss: 1.2703893254784977 
2025-05-16 17:00:12,607 INFO: Epoch 364, Train Loss: 0.0834208642217246, Test Loss: 0.09005069732666016, Inverse Test Loss: 1.291424218346091 
2025-05-16 17:00:16,317 INFO: Epoch 365, Train Loss: 0.0829659750064214, Test Loss: 0.08941138579564936, Inverse Test Loss: 1.2622490069445442 
2025-05-16 17:00:20,005 INFO: Epoch 366, Train Loss: 0.08395097799824947, Test Loss: 0.08894319744671092, Inverse Test Loss: 1.2511591420454138 
2025-05-16 17:00:23,791 INFO: Epoch 367, Train Loss: 0.08216294488220503, Test Loss: 0.08855403346173904, Inverse Test Loss: 1.2477751970291138 
2025-05-16 17:00:27,590 INFO: Epoch 368, Train Loss: 0.08338392130804784, Test Loss: 0.0882002958918319, Inverse Test Loss: 1.238489354358 
2025-05-16 17:00:31,343 INFO: Epoch 369, Train Loss: 0.08226973219125559, Test Loss: 0.08903196147259544, Inverse Test Loss: 1.243465178153094 
2025-05-16 17:00:35,079 INFO: Epoch 370, Train Loss: 0.08276064417353182, Test Loss: 0.08820199856863302, Inverse Test Loss: 1.237233060247758 
2025-05-16 17:00:38,815 INFO: Epoch 371, Train Loss: 0.08381798242529233, Test Loss: 0.088932925287415, Inverse Test Loss: 1.2441333988133598 
2025-05-16 17:00:42,560 INFO: Epoch 372, Train Loss: 0.08227186661326524, Test Loss: 0.08933137269581065, Inverse Test Loss: 1.242452274350559 
2025-05-16 17:00:46,301 INFO: Epoch 373, Train Loss: 0.08379591939349969, Test Loss: 0.0881843507728156, Inverse Test Loss: 1.2375070908490349 
2025-05-16 17:00:50,032 INFO: Epoch 374, Train Loss: 0.08287525453576536, Test Loss: 0.08835880195393282, Inverse Test Loss: 1.2396367262391483 
2025-05-16 17:00:53,798 INFO: Epoch 375, Train Loss: 0.0827821446864894, Test Loss: 0.08967462861362625, Inverse Test Loss: 1.2752030912567587 
2025-05-16 17:00:57,520 INFO: Epoch 376, Train Loss: 0.08227138514771606, Test Loss: 0.08846177686663236, Inverse Test Loss: 1.2385023797259611 
2025-05-16 17:01:01,237 INFO: Epoch 377, Train Loss: 0.0836101584136486, Test Loss: 0.08854444697499275, Inverse Test Loss: 1.2508042033980875 
2025-05-16 17:01:04,948 INFO: Epoch 378, Train Loss: 0.08249741352417252, Test Loss: 0.0885619873947957, Inverse Test Loss: 1.251356065273285 
2025-05-16 17:01:08,639 INFO: Epoch 379, Train Loss: 0.08263193042666624, Test Loss: 0.08921564633355421, Inverse Test Loss: 1.2459406642352833 
2025-05-16 17:01:12,390 INFO: Epoch 380, Train Loss: 0.08328651111911643, Test Loss: 0.09025643371483859, Inverse Test Loss: 1.2883184972931356 
2025-05-16 17:01:16,137 INFO: Epoch 381, Train Loss: 0.08198010983566444, Test Loss: 0.09013812638380948, Inverse Test Loss: 1.263790256836835 
2025-05-16 17:01:19,899 INFO: Epoch 382, Train Loss: 0.08261948840861971, Test Loss: 0.0880293359651285, Inverse Test Loss: 1.2328258156776428 
2025-05-16 17:01:23,609 INFO: Epoch 383, Train Loss: 0.08224534519919843, Test Loss: 0.08831469276372124, Inverse Test Loss: 1.2354226918781506 
2025-05-16 17:01:27,357 INFO: Epoch 384, Train Loss: 0.08212248834245132, Test Loss: 0.08821406609871808, Inverse Test Loss: 1.2492207569234512 
2025-05-16 17:01:31,149 INFO: Epoch 385, Train Loss: 0.08289514594908917, Test Loss: 0.08870516783174347, Inverse Test Loss: 1.2388752874206095 
2025-05-16 17:01:34,897 INFO: Epoch 386, Train Loss: 0.08274019323289394, Test Loss: 0.08894981794497546, Inverse Test Loss: 1.2625783787054174 
2025-05-16 17:01:38,673 INFO: Epoch 387, Train Loss: 0.08251882575903878, Test Loss: 0.08935780165826573, Inverse Test Loss: 1.2454126687610851 
2025-05-16 17:01:42,389 INFO: Epoch 388, Train Loss: 0.08182814813247233, Test Loss: 0.09027210623025894, Inverse Test Loss: 1.267610002966488 
2025-05-16 17:01:46,117 INFO: Epoch 389, Train Loss: 0.08152433989964651, Test Loss: 0.08783605059280115, Inverse Test Loss: 1.240990498486687 
2025-05-16 17:01:49,870 INFO: Epoch 390, Train Loss: 0.08204177027624665, Test Loss: 0.08857670075753156, Inverse Test Loss: 1.2396362353773678 
2025-05-16 17:01:53,645 INFO: Epoch 391, Train Loss: 0.08143002997067841, Test Loss: 0.08964976383482709, Inverse Test Loss: 1.2521216133061577 
2025-05-16 17:01:57,367 INFO: Epoch 392, Train Loss: 0.08170399594713341, Test Loss: 0.090096734902438, Inverse Test Loss: 1.2605187612421371 
2025-05-16 17:02:01,120 INFO: Epoch 393, Train Loss: 0.08212564913838198, Test Loss: 0.09099210579605664, Inverse Test Loss: 1.2616090038243462 
2025-05-16 17:02:04,888 INFO: Epoch 394, Train Loss: 0.08348380537195639, Test Loss: 0.08766499468508888, Inverse Test Loss: 1.2420907546492184 
2025-05-16 17:02:08,619 INFO: Epoch 395, Train Loss: 0.08217571466935403, Test Loss: 0.08915730806834557, Inverse Test Loss: 1.2517353997511023 
2025-05-16 17:02:12,372 INFO: Epoch 396, Train Loss: 0.08101840729288982, Test Loss: 0.08870155101313311, Inverse Test Loss: 1.2496824755388147 
2025-05-16 17:02:16,139 INFO: Epoch 397, Train Loss: 0.0824416337365454, Test Loss: 0.09014423827038091, Inverse Test Loss: 1.272731882684371 
2025-05-16 17:02:19,873 INFO: Epoch 398, Train Loss: 0.08073152291278045, Test Loss: 0.08920598775148392, Inverse Test Loss: 1.2387488764875076 
2025-05-16 17:02:23,651 INFO: Epoch 399, Train Loss: 0.08202053600865783, Test Loss: 0.0909773207762662, Inverse Test Loss: 1.292574191794676 
2025-05-16 17:02:27,393 INFO: Epoch 400, Train Loss: 0.08234875677435687, Test Loss: 0.09097614928203471, Inverse Test Loss: 1.2992499891449423 
2025-05-16 17:02:27,393 INFO: Best Epoch 338, Best Test Loss: 0.08699843046419761, Inverse Test Loss: 1.2476844156489653 
