2025-04-24 09:41:51,961 - INFO - 日志记录已启动: log/analysis_log/全数据集和专用模型对比/2025_4_23/model_comparison_5P\comparison_20250424_094151.log
2025-04-24 09:41:51,964 - INFO - 成功从CSV文件加载专用模型的结果
2025-04-24 09:41:52,027 - INFO - 预测指标为['metal5_Peak']
2025-04-24 09:41:52,034 - INFO - 数据集大小: 全数据集(16829), MOS1(8436), MOS2(8393)
2025-04-24 09:41:52,034 - INFO - 开始训练模型...
2025-04-24 09:41:52,035 - INFO - 训练MOS1模型
2025-04-24 09:41:52,062 - INFO - 训练MOS2模型
2025-04-24 09:41:52,074 - INFO - 训练全数据集模型
2025-04-24 09:42:06,937 - INFO - Epoch 1/400: Train Loss = 0.286264, MOS1 Loss = 0.598121, MOS1 Inv Loss = 1.443572, MOS2 Loss = 0.569876, MOS2 Inv Loss = 0.542268
2025-04-24 09:42:06,937 - INFO - [新最佳-MOS1] Epoch 1: Scaled Loss = 0.598121, Unscaled Loss = 1.443572
2025-04-24 09:42:06,937 - INFO - [新最佳-MOS2] Epoch 1: Scaled Loss = 0.569876, Unscaled Loss = 0.542268
2025-04-24 09:42:14,755 - INFO - Epoch 2/400: Train Loss = 0.204144, MOS1 Loss = 0.594417, MOS1 Inv Loss = 1.315962, MOS2 Loss = 0.555481, MOS2 Inv Loss = 0.432753
2025-04-24 09:42:14,755 - INFO - [新最佳-MOS1] Epoch 2: Scaled Loss = 0.594417, Unscaled Loss = 1.315962
2025-04-24 09:42:14,755 - INFO - [新最佳-MOS2] Epoch 2: Scaled Loss = 0.555481, Unscaled Loss = 0.432753
2025-04-24 09:42:24,113 - INFO - Epoch 3/400: Train Loss = 0.181294, MOS1 Loss = 0.571671, MOS1 Inv Loss = 1.211797, MOS2 Loss = 0.553602, MOS2 Inv Loss = 0.406337
2025-04-24 09:42:24,113 - INFO - [新最佳-MOS1] Epoch 3: Scaled Loss = 0.571671, Unscaled Loss = 1.211797
2025-04-24 09:42:24,113 - INFO - [新最佳-MOS2] Epoch 3: Scaled Loss = 0.553602, Unscaled Loss = 0.406337
2025-04-24 09:42:34,605 - INFO - Epoch 4/400: Train Loss = 0.166750, MOS1 Loss = 0.531198, MOS1 Inv Loss = 1.121135, MOS2 Loss = 0.539190, MOS2 Inv Loss = 0.380657
2025-04-24 09:42:34,605 - INFO - [新最佳-MOS1] Epoch 4: Scaled Loss = 0.531198, Unscaled Loss = 1.121135
2025-04-24 09:42:34,605 - INFO - [新最佳-MOS2] Epoch 4: Scaled Loss = 0.539190, Unscaled Loss = 0.380657
2025-04-24 09:42:45,904 - INFO - Epoch 5/400: Train Loss = 0.155467, MOS1 Loss = 0.547866, MOS1 Inv Loss = 1.086842, MOS2 Loss = 0.528439, MOS2 Inv Loss = 0.363218
2025-04-24 09:42:45,904 - INFO - [新最佳-MOS1] Epoch 5: Scaled Loss = 0.547866, Unscaled Loss = 1.086842
2025-04-24 09:42:45,904 - INFO - [新最佳-MOS2] Epoch 5: Scaled Loss = 0.528439, Unscaled Loss = 0.363218
2025-04-24 09:42:57,211 - INFO - Epoch 6/400: Train Loss = 0.146547, MOS1 Loss = 0.536285, MOS1 Inv Loss = 1.048915, MOS2 Loss = 0.513380, MOS2 Inv Loss = 0.357535
2025-04-24 09:42:57,211 - INFO - [新最佳-MOS1] Epoch 6: Scaled Loss = 0.536285, Unscaled Loss = 1.048915
2025-04-24 09:42:57,212 - INFO - [新最佳-MOS2] Epoch 6: Scaled Loss = 0.513380, Unscaled Loss = 0.357535
2025-04-24 09:43:08,568 - INFO - Epoch 7/400: Train Loss = 0.138057, MOS1 Loss = 0.468753, MOS1 Inv Loss = 0.934150, MOS2 Loss = 0.521857, MOS2 Inv Loss = 0.345429
2025-04-24 09:43:08,569 - INFO - [新最佳-MOS1] Epoch 7: Scaled Loss = 0.468753, Unscaled Loss = 0.934150
2025-04-24 09:43:08,569 - INFO - [新最佳-MOS2] Epoch 7: Scaled Loss = 0.521857, Unscaled Loss = 0.345429
2025-04-24 09:43:19,931 - INFO - Epoch 8/400: Train Loss = 0.130784, MOS1 Loss = 0.476021, MOS1 Inv Loss = 0.913575, MOS2 Loss = 0.491361, MOS2 Inv Loss = 0.351493
2025-04-24 09:43:19,931 - INFO - [新最佳-MOS1] Epoch 8: Scaled Loss = 0.476021, Unscaled Loss = 0.913575
2025-04-24 09:43:31,454 - INFO - Epoch 9/400: Train Loss = 0.126035, MOS1 Loss = 0.419109, MOS1 Inv Loss = 0.846655, MOS2 Loss = 0.503916, MOS2 Inv Loss = 0.339218
2025-04-24 09:43:31,454 - INFO - [新最佳-MOS1] Epoch 9: Scaled Loss = 0.419109, Unscaled Loss = 0.846655
2025-04-24 09:43:31,454 - INFO - [新最佳-MOS2] Epoch 9: Scaled Loss = 0.503916, Unscaled Loss = 0.339218
2025-04-24 09:43:42,792 - INFO - Epoch 10/400: Train Loss = 0.122687, MOS1 Loss = 0.447400, MOS1 Inv Loss = 0.848635, MOS2 Loss = 0.479178, MOS2 Inv Loss = 0.346206
2025-04-24 09:43:54,011 - INFO - Epoch 11/400: Train Loss = 0.120501, MOS1 Loss = 0.422638, MOS1 Inv Loss = 0.822410, MOS2 Loss = 0.491033, MOS2 Inv Loss = 0.331391
2025-04-24 09:43:54,011 - INFO - [新最佳-MOS1] Epoch 11: Scaled Loss = 0.422638, Unscaled Loss = 0.822410
2025-04-24 09:43:54,011 - INFO - [新最佳-MOS2] Epoch 11: Scaled Loss = 0.491033, Unscaled Loss = 0.331391
2025-04-24 09:44:05,272 - INFO - Epoch 12/400: Train Loss = 0.118074, MOS1 Loss = 0.420716, MOS1 Inv Loss = 0.818465, MOS2 Loss = 0.474624, MOS2 Inv Loss = 0.333621
2025-04-24 09:44:05,272 - INFO - [新最佳-MOS1] Epoch 12: Scaled Loss = 0.420716, Unscaled Loss = 0.818465
2025-04-24 09:44:16,581 - INFO - Epoch 13/400: Train Loss = 0.114281, MOS1 Loss = 0.416992, MOS1 Inv Loss = 0.801374, MOS2 Loss = 0.482440, MOS2 Inv Loss = 0.321679
2025-04-24 09:44:16,581 - INFO - [新最佳-MOS1] Epoch 13: Scaled Loss = 0.416992, Unscaled Loss = 0.801374
2025-04-24 09:44:16,582 - INFO - [新最佳-MOS2] Epoch 13: Scaled Loss = 0.482440, Unscaled Loss = 0.321679
2025-04-24 09:44:27,878 - INFO - Epoch 14/400: Train Loss = 0.112654, MOS1 Loss = 0.444143, MOS1 Inv Loss = 0.816618, MOS2 Loss = 0.476185, MOS2 Inv Loss = 0.322199
2025-04-24 09:44:39,151 - INFO - Epoch 15/400: Train Loss = 0.111298, MOS1 Loss = 0.435094, MOS1 Inv Loss = 0.785221, MOS2 Loss = 0.499099, MOS2 Inv Loss = 0.307497
2025-04-24 09:44:39,151 - INFO - [新最佳-MOS1] Epoch 15: Scaled Loss = 0.435094, Unscaled Loss = 0.785221
2025-04-24 09:44:39,152 - INFO - [新最佳-MOS2] Epoch 15: Scaled Loss = 0.499099, Unscaled Loss = 0.307497
2025-04-24 09:44:50,393 - INFO - Epoch 16/400: Train Loss = 0.108900, MOS1 Loss = 0.424493, MOS1 Inv Loss = 0.766490, MOS2 Loss = 0.490233, MOS2 Inv Loss = 0.307185
2025-04-24 09:44:50,393 - INFO - [新最佳-MOS1] Epoch 16: Scaled Loss = 0.424493, Unscaled Loss = 0.766490
2025-04-24 09:44:50,393 - INFO - [新最佳-MOS2] Epoch 16: Scaled Loss = 0.490233, Unscaled Loss = 0.307185
2025-04-24 09:45:01,732 - INFO - Epoch 17/400: Train Loss = 0.107098, MOS1 Loss = 0.390934, MOS1 Inv Loss = 0.748510, MOS2 Loss = 0.491408, MOS2 Inv Loss = 0.303233
2025-04-24 09:45:01,732 - INFO - [新最佳-MOS1] Epoch 17: Scaled Loss = 0.390934, Unscaled Loss = 0.748510
2025-04-24 09:45:01,732 - INFO - [新最佳-MOS2] Epoch 17: Scaled Loss = 0.491408, Unscaled Loss = 0.303233
2025-04-24 09:45:13,043 - INFO - Epoch 18/400: Train Loss = 0.105163, MOS1 Loss = 0.383805, MOS1 Inv Loss = 0.736989, MOS2 Loss = 0.489478, MOS2 Inv Loss = 0.299129
2025-04-24 09:45:13,044 - INFO - [新最佳-MOS1] Epoch 18: Scaled Loss = 0.383805, Unscaled Loss = 0.736989
2025-04-24 09:45:13,044 - INFO - [新最佳-MOS2] Epoch 18: Scaled Loss = 0.489478, Unscaled Loss = 0.299129
2025-04-24 09:45:24,597 - INFO - Epoch 19/400: Train Loss = 0.103545, MOS1 Loss = 0.417514, MOS1 Inv Loss = 0.737432, MOS2 Loss = 0.486669, MOS2 Inv Loss = 0.295959
2025-04-24 09:45:24,598 - INFO - [新最佳-MOS2] Epoch 19: Scaled Loss = 0.486669, Unscaled Loss = 0.295959
2025-04-24 09:45:36,207 - INFO - Epoch 20/400: Train Loss = 0.101488, MOS1 Loss = 0.384584, MOS1 Inv Loss = 0.708851, MOS2 Loss = 0.502128, MOS2 Inv Loss = 0.290330
2025-04-24 09:45:36,207 - INFO - [新最佳-MOS1] Epoch 20: Scaled Loss = 0.384584, Unscaled Loss = 0.708851
2025-04-24 09:45:36,207 - INFO - [新最佳-MOS2] Epoch 20: Scaled Loss = 0.502128, Unscaled Loss = 0.290330
2025-04-24 09:45:47,754 - INFO - Epoch 21/400: Train Loss = 0.099595, MOS1 Loss = 0.377486, MOS1 Inv Loss = 0.698754, MOS2 Loss = 0.485102, MOS2 Inv Loss = 0.288827
2025-04-24 09:45:47,755 - INFO - [新最佳-MOS1] Epoch 21: Scaled Loss = 0.377486, Unscaled Loss = 0.698754
2025-04-24 09:45:47,755 - INFO - [新最佳-MOS2] Epoch 21: Scaled Loss = 0.485102, Unscaled Loss = 0.288827
2025-04-24 09:45:59,113 - INFO - Epoch 22/400: Train Loss = 0.097795, MOS1 Loss = 0.377838, MOS1 Inv Loss = 0.680036, MOS2 Loss = 0.475587, MOS2 Inv Loss = 0.287732
2025-04-24 09:45:59,113 - INFO - [新最佳-MOS1] Epoch 22: Scaled Loss = 0.377838, Unscaled Loss = 0.680036
2025-04-24 09:45:59,132 - INFO - [新最佳-MOS2] Epoch 22: Scaled Loss = 0.475587, Unscaled Loss = 0.287732
2025-04-24 09:46:10,664 - INFO - Epoch 23/400: Train Loss = 0.096402, MOS1 Loss = 0.402634, MOS1 Inv Loss = 0.681344, MOS2 Loss = 0.476291, MOS2 Inv Loss = 0.286538
2025-04-24 09:46:10,664 - INFO - [新最佳-MOS2] Epoch 23: Scaled Loss = 0.476291, Unscaled Loss = 0.286538
2025-04-24 09:46:22,030 - INFO - Epoch 24/400: Train Loss = 0.094411, MOS1 Loss = 0.399011, MOS1 Inv Loss = 0.665911, MOS2 Loss = 0.483596, MOS2 Inv Loss = 0.278490
2025-04-24 09:46:22,030 - INFO - [新最佳-MOS1] Epoch 24: Scaled Loss = 0.399011, Unscaled Loss = 0.665911
2025-04-24 09:46:22,030 - INFO - [新最佳-MOS2] Epoch 24: Scaled Loss = 0.483596, Unscaled Loss = 0.278490
2025-04-24 09:46:33,613 - INFO - Epoch 25/400: Train Loss = 0.094179, MOS1 Loss = 0.385394, MOS1 Inv Loss = 0.661887, MOS2 Loss = 0.471423, MOS2 Inv Loss = 0.281085
2025-04-24 09:46:33,613 - INFO - [新最佳-MOS1] Epoch 25: Scaled Loss = 0.385394, Unscaled Loss = 0.661887
2025-04-24 09:46:45,057 - INFO - Epoch 26/400: Train Loss = 0.092131, MOS1 Loss = 0.388591, MOS1 Inv Loss = 0.655529, MOS2 Loss = 0.482293, MOS2 Inv Loss = 0.270631
2025-04-24 09:46:45,057 - INFO - [新最佳-MOS1] Epoch 26: Scaled Loss = 0.388591, Unscaled Loss = 0.655529
2025-04-24 09:46:45,057 - INFO - [新最佳-MOS2] Epoch 26: Scaled Loss = 0.482293, Unscaled Loss = 0.270631
2025-04-24 09:46:56,533 - INFO - Epoch 27/400: Train Loss = 0.090453, MOS1 Loss = 0.376650, MOS1 Inv Loss = 0.640663, MOS2 Loss = 0.485110, MOS2 Inv Loss = 0.267081
2025-04-24 09:46:56,534 - INFO - [新最佳-MOS1] Epoch 27: Scaled Loss = 0.376650, Unscaled Loss = 0.640663
2025-04-24 09:46:56,534 - INFO - [新最佳-MOS2] Epoch 27: Scaled Loss = 0.485110, Unscaled Loss = 0.267081
2025-04-24 09:47:08,005 - INFO - Epoch 28/400: Train Loss = 0.089949, MOS1 Loss = 0.347015, MOS1 Inv Loss = 0.629673, MOS2 Loss = 0.470827, MOS2 Inv Loss = 0.269135
2025-04-24 09:47:08,005 - INFO - [新最佳-MOS1] Epoch 28: Scaled Loss = 0.347015, Unscaled Loss = 0.629673
2025-04-24 09:47:19,521 - INFO - Epoch 29/400: Train Loss = 0.087754, MOS1 Loss = 0.416913, MOS1 Inv Loss = 0.646430, MOS2 Loss = 0.458233, MOS2 Inv Loss = 0.271190
2025-04-24 09:47:30,917 - INFO - Epoch 30/400: Train Loss = 0.085329, MOS1 Loss = 0.388841, MOS1 Inv Loss = 0.615330, MOS2 Loss = 0.461851, MOS2 Inv Loss = 0.267634
2025-04-24 09:47:30,917 - INFO - [新最佳-MOS1] Epoch 30: Scaled Loss = 0.388841, Unscaled Loss = 0.615330
2025-04-24 09:47:42,426 - INFO - Epoch 31/400: Train Loss = 0.085739, MOS1 Loss = 0.381228, MOS1 Inv Loss = 0.601662, MOS2 Loss = 0.473879, MOS2 Inv Loss = 0.257040
2025-04-24 09:47:42,426 - INFO - [新最佳-MOS1] Epoch 31: Scaled Loss = 0.381228, Unscaled Loss = 0.601662
2025-04-24 09:47:42,426 - INFO - [新最佳-MOS2] Epoch 31: Scaled Loss = 0.473879, Unscaled Loss = 0.257040
2025-04-24 09:47:53,937 - INFO - Epoch 32/400: Train Loss = 0.083534, MOS1 Loss = 0.396934, MOS1 Inv Loss = 0.606526, MOS2 Loss = 0.475208, MOS2 Inv Loss = 0.250898
2025-04-24 09:47:53,937 - INFO - [新最佳-MOS2] Epoch 32: Scaled Loss = 0.475208, Unscaled Loss = 0.250898
2025-04-24 09:48:05,421 - INFO - Epoch 33/400: Train Loss = 0.083095, MOS1 Loss = 0.386671, MOS1 Inv Loss = 0.593864, MOS2 Loss = 0.465098, MOS2 Inv Loss = 0.254498
2025-04-24 09:48:05,421 - INFO - [新最佳-MOS1] Epoch 33: Scaled Loss = 0.386671, Unscaled Loss = 0.593864
2025-04-24 09:48:16,957 - INFO - Epoch 34/400: Train Loss = 0.081479, MOS1 Loss = 0.360461, MOS1 Inv Loss = 0.583743, MOS2 Loss = 0.484927, MOS2 Inv Loss = 0.249943
2025-04-24 09:48:16,957 - INFO - [新最佳-MOS1] Epoch 34: Scaled Loss = 0.360461, Unscaled Loss = 0.583743
2025-04-24 09:48:16,957 - INFO - [新最佳-MOS2] Epoch 34: Scaled Loss = 0.484927, Unscaled Loss = 0.249943
2025-04-24 09:48:28,415 - INFO - Epoch 35/400: Train Loss = 0.081066, MOS1 Loss = 0.373054, MOS1 Inv Loss = 0.576747, MOS2 Loss = 0.475182, MOS2 Inv Loss = 0.243849
2025-04-24 09:48:28,415 - INFO - [新最佳-MOS1] Epoch 35: Scaled Loss = 0.373054, Unscaled Loss = 0.576747
2025-04-24 09:48:28,416 - INFO - [新最佳-MOS2] Epoch 35: Scaled Loss = 0.475182, Unscaled Loss = 0.243849
2025-04-24 09:48:39,826 - INFO - Epoch 36/400: Train Loss = 0.079107, MOS1 Loss = 0.377699, MOS1 Inv Loss = 0.583225, MOS2 Loss = 0.481741, MOS2 Inv Loss = 0.243774
2025-04-24 09:48:39,826 - INFO - [新最佳-MOS2] Epoch 36: Scaled Loss = 0.481741, Unscaled Loss = 0.243774
2025-04-24 09:48:51,173 - INFO - Epoch 37/400: Train Loss = 0.078186, MOS1 Loss = 0.381348, MOS1 Inv Loss = 0.567049, MOS2 Loss = 0.482092, MOS2 Inv Loss = 0.239696
2025-04-24 09:48:51,173 - INFO - [新最佳-MOS1] Epoch 37: Scaled Loss = 0.381348, Unscaled Loss = 0.567049
2025-04-24 09:48:51,173 - INFO - [新最佳-MOS2] Epoch 37: Scaled Loss = 0.482092, Unscaled Loss = 0.239696
2025-04-24 09:49:02,556 - INFO - Epoch 38/400: Train Loss = 0.077659, MOS1 Loss = 0.345882, MOS1 Inv Loss = 0.566350, MOS2 Loss = 0.487036, MOS2 Inv Loss = 0.237177
2025-04-24 09:49:02,557 - INFO - [新最佳-MOS1] Epoch 38: Scaled Loss = 0.345882, Unscaled Loss = 0.566350
2025-04-24 09:49:02,557 - INFO - [新最佳-MOS2] Epoch 38: Scaled Loss = 0.487036, Unscaled Loss = 0.237177
2025-04-24 09:49:14,029 - INFO - Epoch 39/400: Train Loss = 0.076092, MOS1 Loss = 0.373845, MOS1 Inv Loss = 0.575560, MOS2 Loss = 0.481978, MOS2 Inv Loss = 0.237218
2025-04-24 09:49:25,394 - INFO - Epoch 40/400: Train Loss = 0.076391, MOS1 Loss = 0.347465, MOS1 Inv Loss = 0.555235, MOS2 Loss = 0.469086, MOS2 Inv Loss = 0.232264
2025-04-24 09:49:25,395 - INFO - [新最佳-MOS1] Epoch 40: Scaled Loss = 0.347465, Unscaled Loss = 0.555235
2025-04-24 09:49:25,395 - INFO - [新最佳-MOS2] Epoch 40: Scaled Loss = 0.469086, Unscaled Loss = 0.232264
2025-04-24 09:49:36,763 - INFO - Epoch 41/400: Train Loss = 0.075453, MOS1 Loss = 0.355384, MOS1 Inv Loss = 0.557044, MOS2 Loss = 0.472996, MOS2 Inv Loss = 0.230383
2025-04-24 09:49:36,764 - INFO - [新最佳-MOS2] Epoch 41: Scaled Loss = 0.472996, Unscaled Loss = 0.230383
2025-04-24 09:49:48,153 - INFO - Epoch 42/400: Train Loss = 0.074143, MOS1 Loss = 0.345813, MOS1 Inv Loss = 0.557935, MOS2 Loss = 0.475130, MOS2 Inv Loss = 0.226771
2025-04-24 09:49:48,154 - INFO - [新最佳-MOS2] Epoch 42: Scaled Loss = 0.475130, Unscaled Loss = 0.226771
2025-04-24 09:49:59,722 - INFO - Epoch 43/400: Train Loss = 0.074350, MOS1 Loss = 0.347781, MOS1 Inv Loss = 0.551074, MOS2 Loss = 0.464921, MOS2 Inv Loss = 0.225785
2025-04-24 09:49:59,722 - INFO - [新最佳-MOS1] Epoch 43: Scaled Loss = 0.347781, Unscaled Loss = 0.551074
2025-04-24 09:49:59,722 - INFO - [新最佳-MOS2] Epoch 43: Scaled Loss = 0.464921, Unscaled Loss = 0.225785
2025-04-24 09:50:11,440 - INFO - Epoch 44/400: Train Loss = 0.073200, MOS1 Loss = 0.341349, MOS1 Inv Loss = 0.550863, MOS2 Loss = 0.456311, MOS2 Inv Loss = 0.224372
2025-04-24 09:50:11,440 - INFO - [新最佳-MOS1] Epoch 44: Scaled Loss = 0.341349, Unscaled Loss = 0.550863
2025-04-24 09:50:11,441 - INFO - [新最佳-MOS2] Epoch 44: Scaled Loss = 0.456311, Unscaled Loss = 0.224372
2025-04-24 09:50:23,162 - INFO - Epoch 45/400: Train Loss = 0.072576, MOS1 Loss = 0.369002, MOS1 Inv Loss = 0.561612, MOS2 Loss = 0.448605, MOS2 Inv Loss = 0.222077
2025-04-24 09:50:23,163 - INFO - [新最佳-MOS2] Epoch 45: Scaled Loss = 0.448605, Unscaled Loss = 0.222077
2025-04-24 09:50:34,307 - INFO - Epoch 46/400: Train Loss = 0.072187, MOS1 Loss = 0.328868, MOS1 Inv Loss = 0.543360, MOS2 Loss = 0.480985, MOS2 Inv Loss = 0.217830
2025-04-24 09:50:34,307 - INFO - [新最佳-MOS1] Epoch 46: Scaled Loss = 0.328868, Unscaled Loss = 0.543360
2025-04-24 09:50:34,307 - INFO - [新最佳-MOS2] Epoch 46: Scaled Loss = 0.480985, Unscaled Loss = 0.217830
2025-04-24 09:50:45,716 - INFO - Epoch 47/400: Train Loss = 0.072278, MOS1 Loss = 0.333768, MOS1 Inv Loss = 0.536701, MOS2 Loss = 0.474132, MOS2 Inv Loss = 0.217685
2025-04-24 09:50:45,717 - INFO - [新最佳-MOS1] Epoch 47: Scaled Loss = 0.333768, Unscaled Loss = 0.536701
2025-04-24 09:50:45,717 - INFO - [新最佳-MOS2] Epoch 47: Scaled Loss = 0.474132, Unscaled Loss = 0.217685
2025-04-24 09:50:57,119 - INFO - Epoch 48/400: Train Loss = 0.070966, MOS1 Loss = 0.352309, MOS1 Inv Loss = 0.543096, MOS2 Loss = 0.474943, MOS2 Inv Loss = 0.213012
2025-04-24 09:50:57,119 - INFO - [新最佳-MOS2] Epoch 48: Scaled Loss = 0.474943, Unscaled Loss = 0.213012
2025-04-24 09:51:08,456 - INFO - Epoch 49/400: Train Loss = 0.069828, MOS1 Loss = 0.346279, MOS1 Inv Loss = 0.531393, MOS2 Loss = 0.437297, MOS2 Inv Loss = 0.222739
2025-04-24 09:51:08,457 - INFO - [新最佳-MOS1] Epoch 49: Scaled Loss = 0.346279, Unscaled Loss = 0.531393
2025-04-24 09:51:19,800 - INFO - Epoch 50/400: Train Loss = 0.070102, MOS1 Loss = 0.331562, MOS1 Inv Loss = 0.540510, MOS2 Loss = 0.450050, MOS2 Inv Loss = 0.208763
2025-04-24 09:51:19,800 - INFO - [新最佳-MOS2] Epoch 50: Scaled Loss = 0.450050, Unscaled Loss = 0.208763
2025-04-24 09:51:31,096 - INFO - Epoch 51/400: Train Loss = 0.068815, MOS1 Loss = 0.343811, MOS1 Inv Loss = 0.532997, MOS2 Loss = 0.465800, MOS2 Inv Loss = 0.205542
2025-04-24 09:51:31,096 - INFO - [新最佳-MOS2] Epoch 51: Scaled Loss = 0.465800, Unscaled Loss = 0.205542
2025-04-24 09:51:42,496 - INFO - Epoch 52/400: Train Loss = 0.068896, MOS1 Loss = 0.366825, MOS1 Inv Loss = 0.534934, MOS2 Loss = 0.456471, MOS2 Inv Loss = 0.205820
2025-04-24 09:51:53,873 - INFO - Epoch 53/400: Train Loss = 0.068003, MOS1 Loss = 0.364422, MOS1 Inv Loss = 0.530144, MOS2 Loss = 0.437191, MOS2 Inv Loss = 0.212087
2025-04-24 09:51:53,874 - INFO - [新最佳-MOS1] Epoch 53: Scaled Loss = 0.364422, Unscaled Loss = 0.530144
2025-04-24 09:52:05,221 - INFO - Epoch 54/400: Train Loss = 0.068175, MOS1 Loss = 0.359841, MOS1 Inv Loss = 0.525898, MOS2 Loss = 0.458162, MOS2 Inv Loss = 0.201361
2025-04-24 09:52:05,221 - INFO - [新最佳-MOS1] Epoch 54: Scaled Loss = 0.359841, Unscaled Loss = 0.525898
2025-04-24 09:52:05,221 - INFO - [新最佳-MOS2] Epoch 54: Scaled Loss = 0.458162, Unscaled Loss = 0.201361
2025-04-24 09:52:16,622 - INFO - Epoch 55/400: Train Loss = 0.067305, MOS1 Loss = 0.371103, MOS1 Inv Loss = 0.529703, MOS2 Loss = 0.445029, MOS2 Inv Loss = 0.202139
2025-04-24 09:52:28,024 - INFO - Epoch 56/400: Train Loss = 0.066555, MOS1 Loss = 0.357571, MOS1 Inv Loss = 0.530679, MOS2 Loss = 0.454665, MOS2 Inv Loss = 0.197522
2025-04-24 09:52:28,024 - INFO - [新最佳-MOS2] Epoch 56: Scaled Loss = 0.454665, Unscaled Loss = 0.197522
2025-04-24 09:52:39,635 - INFO - Epoch 57/400: Train Loss = 0.066207, MOS1 Loss = 0.347364, MOS1 Inv Loss = 0.526857, MOS2 Loss = 0.465769, MOS2 Inv Loss = 0.198051
2025-04-24 09:52:51,130 - INFO - Epoch 58/400: Train Loss = 0.066134, MOS1 Loss = 0.355091, MOS1 Inv Loss = 0.525050, MOS2 Loss = 0.443861, MOS2 Inv Loss = 0.195955
2025-04-24 09:52:51,130 - INFO - [新最佳-MOS1] Epoch 58: Scaled Loss = 0.355091, Unscaled Loss = 0.525050
2025-04-24 09:52:51,130 - INFO - [新最佳-MOS2] Epoch 58: Scaled Loss = 0.443861, Unscaled Loss = 0.195955
2025-04-24 09:53:02,534 - INFO - Epoch 59/400: Train Loss = 0.066076, MOS1 Loss = 0.360811, MOS1 Inv Loss = 0.530598, MOS2 Loss = 0.458857, MOS2 Inv Loss = 0.192587
2025-04-24 09:53:02,534 - INFO - [新最佳-MOS2] Epoch 59: Scaled Loss = 0.458857, Unscaled Loss = 0.192587
2025-04-24 09:53:14,024 - INFO - Epoch 60/400: Train Loss = 0.064513, MOS1 Loss = 0.336978, MOS1 Inv Loss = 0.524972, MOS2 Loss = 0.455166, MOS2 Inv Loss = 0.190452
2025-04-24 09:53:14,024 - INFO - [新最佳-MOS1] Epoch 60: Scaled Loss = 0.336978, Unscaled Loss = 0.524972
2025-04-24 09:53:14,024 - INFO - [新最佳-MOS2] Epoch 60: Scaled Loss = 0.455166, Unscaled Loss = 0.190452
2025-04-24 09:53:25,515 - INFO - Epoch 61/400: Train Loss = 0.065085, MOS1 Loss = 0.344941, MOS1 Inv Loss = 0.523094, MOS2 Loss = 0.442908, MOS2 Inv Loss = 0.197741
2025-04-24 09:53:25,516 - INFO - [新最佳-MOS1] Epoch 61: Scaled Loss = 0.344941, Unscaled Loss = 0.523094
2025-04-24 09:53:37,068 - INFO - Epoch 62/400: Train Loss = 0.064275, MOS1 Loss = 0.352603, MOS1 Inv Loss = 0.522432, MOS2 Loss = 0.434343, MOS2 Inv Loss = 0.192193
2025-04-24 09:53:37,068 - INFO - [新最佳-MOS1] Epoch 62: Scaled Loss = 0.352603, Unscaled Loss = 0.522432
2025-04-24 09:53:48,598 - INFO - Epoch 63/400: Train Loss = 0.064017, MOS1 Loss = 0.322796, MOS1 Inv Loss = 0.518277, MOS2 Loss = 0.454748, MOS2 Inv Loss = 0.186165
2025-04-24 09:53:48,598 - INFO - [新最佳-MOS1] Epoch 63: Scaled Loss = 0.322796, Unscaled Loss = 0.518277
2025-04-24 09:53:48,598 - INFO - [新最佳-MOS2] Epoch 63: Scaled Loss = 0.454748, Unscaled Loss = 0.186165
2025-04-24 09:54:00,085 - INFO - Epoch 64/400: Train Loss = 0.063276, MOS1 Loss = 0.338839, MOS1 Inv Loss = 0.517310, MOS2 Loss = 0.440119, MOS2 Inv Loss = 0.187453
2025-04-24 09:54:00,085 - INFO - [新最佳-MOS1] Epoch 64: Scaled Loss = 0.338839, Unscaled Loss = 0.517310
2025-04-24 09:54:11,567 - INFO - Epoch 65/400: Train Loss = 0.063327, MOS1 Loss = 0.338548, MOS1 Inv Loss = 0.519233, MOS2 Loss = 0.433161, MOS2 Inv Loss = 0.192172
2025-04-24 09:54:23,258 - INFO - Epoch 66/400: Train Loss = 0.062982, MOS1 Loss = 0.372967, MOS1 Inv Loss = 0.517521, MOS2 Loss = 0.457353, MOS2 Inv Loss = 0.184169
2025-04-24 09:54:23,258 - INFO - [新最佳-MOS2] Epoch 66: Scaled Loss = 0.457353, Unscaled Loss = 0.184169
2025-04-24 09:54:34,512 - INFO - Epoch 67/400: Train Loss = 0.062867, MOS1 Loss = 0.349259, MOS1 Inv Loss = 0.505970, MOS2 Loss = 0.451385, MOS2 Inv Loss = 0.183200
2025-04-24 09:54:34,512 - INFO - [新最佳-MOS1] Epoch 67: Scaled Loss = 0.349259, Unscaled Loss = 0.505970
2025-04-24 09:54:34,512 - INFO - [新最佳-MOS2] Epoch 67: Scaled Loss = 0.451385, Unscaled Loss = 0.183200
2025-04-24 09:54:45,915 - INFO - Epoch 68/400: Train Loss = 0.062559, MOS1 Loss = 0.334510, MOS1 Inv Loss = 0.502867, MOS2 Loss = 0.443784, MOS2 Inv Loss = 0.184872
2025-04-24 09:54:45,916 - INFO - [新最佳-MOS1] Epoch 68: Scaled Loss = 0.334510, Unscaled Loss = 0.502867
2025-04-24 09:54:57,306 - INFO - Epoch 69/400: Train Loss = 0.062081, MOS1 Loss = 0.341475, MOS1 Inv Loss = 0.506381, MOS2 Loss = 0.449458, MOS2 Inv Loss = 0.181987
2025-04-24 09:54:57,307 - INFO - [新最佳-MOS2] Epoch 69: Scaled Loss = 0.449458, Unscaled Loss = 0.181987
2025-04-24 09:55:08,722 - INFO - Epoch 70/400: Train Loss = 0.061782, MOS1 Loss = 0.357440, MOS1 Inv Loss = 0.503061, MOS2 Loss = 0.438054, MOS2 Inv Loss = 0.181596
2025-04-24 09:55:08,722 - INFO - [新最佳-MOS2] Epoch 70: Scaled Loss = 0.438054, Unscaled Loss = 0.181596
2025-04-24 09:55:20,235 - INFO - Epoch 71/400: Train Loss = 0.061162, MOS1 Loss = 0.364975, MOS1 Inv Loss = 0.506753, MOS2 Loss = 0.412662, MOS2 Inv Loss = 0.197555
2025-04-24 09:55:32,083 - INFO - Epoch 72/400: Train Loss = 0.060871, MOS1 Loss = 0.340867, MOS1 Inv Loss = 0.506038, MOS2 Loss = 0.467232, MOS2 Inv Loss = 0.180510
2025-04-24 09:55:32,083 - INFO - [新最佳-MOS2] Epoch 72: Scaled Loss = 0.467232, Unscaled Loss = 0.180510
2025-04-24 09:55:43,512 - INFO - Epoch 73/400: Train Loss = 0.060433, MOS1 Loss = 0.344342, MOS1 Inv Loss = 0.499017, MOS2 Loss = 0.446828, MOS2 Inv Loss = 0.176601
2025-04-24 09:55:43,513 - INFO - [新最佳-MOS1] Epoch 73: Scaled Loss = 0.344342, Unscaled Loss = 0.499017
2025-04-24 09:55:43,513 - INFO - [新最佳-MOS2] Epoch 73: Scaled Loss = 0.446828, Unscaled Loss = 0.176601
2025-04-24 09:55:54,910 - INFO - Epoch 74/400: Train Loss = 0.060416, MOS1 Loss = 0.339734, MOS1 Inv Loss = 0.498806, MOS2 Loss = 0.433578, MOS2 Inv Loss = 0.178863
2025-04-24 09:55:54,910 - INFO - [新最佳-MOS1] Epoch 74: Scaled Loss = 0.339734, Unscaled Loss = 0.498806
2025-04-24 09:56:06,348 - INFO - Epoch 75/400: Train Loss = 0.059898, MOS1 Loss = 0.343300, MOS1 Inv Loss = 0.493932, MOS2 Loss = 0.428735, MOS2 Inv Loss = 0.180959
2025-04-24 09:56:06,349 - INFO - [新最佳-MOS1] Epoch 75: Scaled Loss = 0.343300, Unscaled Loss = 0.493932
2025-04-24 09:56:17,700 - INFO - Epoch 76/400: Train Loss = 0.060280, MOS1 Loss = 0.362075, MOS1 Inv Loss = 0.500395, MOS2 Loss = 0.441017, MOS2 Inv Loss = 0.174696
2025-04-24 09:56:17,700 - INFO - [新最佳-MOS2] Epoch 76: Scaled Loss = 0.441017, Unscaled Loss = 0.174696
2025-04-24 09:56:28,986 - INFO - Epoch 77/400: Train Loss = 0.060065, MOS1 Loss = 0.387551, MOS1 Inv Loss = 0.517070, MOS2 Loss = 0.440077, MOS2 Inv Loss = 0.174952
2025-04-24 09:56:40,304 - INFO - Epoch 78/400: Train Loss = 0.059600, MOS1 Loss = 0.331298, MOS1 Inv Loss = 0.499913, MOS2 Loss = 0.426444, MOS2 Inv Loss = 0.186984
2025-04-24 09:56:51,683 - INFO - Epoch 79/400: Train Loss = 0.059605, MOS1 Loss = 0.343602, MOS1 Inv Loss = 0.505226, MOS2 Loss = 0.437811, MOS2 Inv Loss = 0.172919
2025-04-24 09:56:51,683 - INFO - [新最佳-MOS2] Epoch 79: Scaled Loss = 0.437811, Unscaled Loss = 0.172919
2025-04-24 09:57:03,105 - INFO - Epoch 80/400: Train Loss = 0.058977, MOS1 Loss = 0.338710, MOS1 Inv Loss = 0.496502, MOS2 Loss = 0.467531, MOS2 Inv Loss = 0.172858
2025-04-24 09:57:03,106 - INFO - [新最佳-MOS2] Epoch 80: Scaled Loss = 0.467531, Unscaled Loss = 0.172858
2025-04-24 09:57:14,445 - INFO - Epoch 81/400: Train Loss = 0.058149, MOS1 Loss = 0.342177, MOS1 Inv Loss = 0.502312, MOS2 Loss = 0.437701, MOS2 Inv Loss = 0.169769
2025-04-24 09:57:14,445 - INFO - [新最佳-MOS2] Epoch 81: Scaled Loss = 0.437701, Unscaled Loss = 0.169769
2025-04-24 09:57:25,762 - INFO - Epoch 82/400: Train Loss = 0.058681, MOS1 Loss = 0.314249, MOS1 Inv Loss = 0.492829, MOS2 Loss = 0.458734, MOS2 Inv Loss = 0.169277
2025-04-24 09:57:25,762 - INFO - [新最佳-MOS1] Epoch 82: Scaled Loss = 0.314249, Unscaled Loss = 0.492829
2025-04-24 09:57:25,763 - INFO - [新最佳-MOS2] Epoch 82: Scaled Loss = 0.458734, Unscaled Loss = 0.169277
2025-04-24 09:57:37,066 - INFO - Epoch 83/400: Train Loss = 0.058127, MOS1 Loss = 0.354432, MOS1 Inv Loss = 0.502733, MOS2 Loss = 0.438554, MOS2 Inv Loss = 0.170554
2025-04-24 09:57:48,705 - INFO - Epoch 84/400: Train Loss = 0.058408, MOS1 Loss = 0.328363, MOS1 Inv Loss = 0.502212, MOS2 Loss = 0.451761, MOS2 Inv Loss = 0.168977
2025-04-24 09:57:48,706 - INFO - [新最佳-MOS2] Epoch 84: Scaled Loss = 0.451761, Unscaled Loss = 0.168977
2025-04-24 09:58:00,159 - INFO - Epoch 85/400: Train Loss = 0.057828, MOS1 Loss = 0.332755, MOS1 Inv Loss = 0.493730, MOS2 Loss = 0.460033, MOS2 Inv Loss = 0.171225
2025-04-24 09:58:11,555 - INFO - Epoch 86/400: Train Loss = 0.057722, MOS1 Loss = 0.351213, MOS1 Inv Loss = 0.501176, MOS2 Loss = 0.434478, MOS2 Inv Loss = 0.169634
2025-04-24 09:58:22,880 - INFO - Epoch 87/400: Train Loss = 0.057576, MOS1 Loss = 0.361470, MOS1 Inv Loss = 0.491437, MOS2 Loss = 0.439472, MOS2 Inv Loss = 0.165285
2025-04-24 09:58:22,880 - INFO - [新最佳-MOS1] Epoch 87: Scaled Loss = 0.361470, Unscaled Loss = 0.491437
2025-04-24 09:58:22,881 - INFO - [新最佳-MOS2] Epoch 87: Scaled Loss = 0.439472, Unscaled Loss = 0.165285
2025-04-24 09:58:34,391 - INFO - Epoch 88/400: Train Loss = 0.057610, MOS1 Loss = 0.351586, MOS1 Inv Loss = 0.485159, MOS2 Loss = 0.456117, MOS2 Inv Loss = 0.166078
2025-04-24 09:58:34,392 - INFO - [新最佳-MOS1] Epoch 88: Scaled Loss = 0.351586, Unscaled Loss = 0.485159
2025-04-24 09:58:45,867 - INFO - Epoch 89/400: Train Loss = 0.056502, MOS1 Loss = 0.359466, MOS1 Inv Loss = 0.485221, MOS2 Loss = 0.441277, MOS2 Inv Loss = 0.166044
2025-04-24 09:58:57,171 - INFO - Epoch 90/400: Train Loss = 0.057295, MOS1 Loss = 0.335523, MOS1 Inv Loss = 0.490923, MOS2 Loss = 0.419601, MOS2 Inv Loss = 0.175028
2025-04-24 09:59:08,573 - INFO - Epoch 91/400: Train Loss = 0.056465, MOS1 Loss = 0.324047, MOS1 Inv Loss = 0.485355, MOS2 Loss = 0.459713, MOS2 Inv Loss = 0.166218
2025-04-24 09:59:19,911 - INFO - Epoch 92/400: Train Loss = 0.056147, MOS1 Loss = 0.325973, MOS1 Inv Loss = 0.492944, MOS2 Loss = 0.432261, MOS2 Inv Loss = 0.171270
2025-04-24 09:59:31,229 - INFO - Epoch 93/400: Train Loss = 0.056238, MOS1 Loss = 0.320975, MOS1 Inv Loss = 0.492775, MOS2 Loss = 0.433894, MOS2 Inv Loss = 0.163130
2025-04-24 09:59:31,230 - INFO - [新最佳-MOS2] Epoch 93: Scaled Loss = 0.433894, Unscaled Loss = 0.163130
2025-04-24 09:59:42,722 - INFO - Epoch 94/400: Train Loss = 0.055982, MOS1 Loss = 0.319135, MOS1 Inv Loss = 0.487207, MOS2 Loss = 0.445643, MOS2 Inv Loss = 0.162428
2025-04-24 09:59:42,722 - INFO - [新最佳-MOS2] Epoch 94: Scaled Loss = 0.445643, Unscaled Loss = 0.162428
2025-04-24 09:59:54,185 - INFO - Epoch 95/400: Train Loss = 0.055894, MOS1 Loss = 0.334056, MOS1 Inv Loss = 0.479935, MOS2 Loss = 0.456390, MOS2 Inv Loss = 0.161862
2025-04-24 09:59:54,185 - INFO - [新最佳-MOS1] Epoch 95: Scaled Loss = 0.334056, Unscaled Loss = 0.479935
2025-04-24 09:59:54,185 - INFO - [新最佳-MOS2] Epoch 95: Scaled Loss = 0.456390, Unscaled Loss = 0.161862
2025-04-24 10:00:05,682 - INFO - Epoch 96/400: Train Loss = 0.055827, MOS1 Loss = 0.351896, MOS1 Inv Loss = 0.482572, MOS2 Loss = 0.441484, MOS2 Inv Loss = 0.162974
2025-04-24 10:00:17,290 - INFO - Epoch 97/400: Train Loss = 0.055553, MOS1 Loss = 0.350441, MOS1 Inv Loss = 0.488293, MOS2 Loss = 0.424235, MOS2 Inv Loss = 0.166886
2025-04-24 10:00:28,925 - INFO - Epoch 98/400: Train Loss = 0.055495, MOS1 Loss = 0.325079, MOS1 Inv Loss = 0.486409, MOS2 Loss = 0.444348, MOS2 Inv Loss = 0.162844
2025-04-24 10:00:40,523 - INFO - Epoch 99/400: Train Loss = 0.055068, MOS1 Loss = 0.340082, MOS1 Inv Loss = 0.482158, MOS2 Loss = 0.450959, MOS2 Inv Loss = 0.158999
2025-04-24 10:00:40,523 - INFO - [新最佳-MOS2] Epoch 99: Scaled Loss = 0.450959, Unscaled Loss = 0.158999
2025-04-24 10:00:52,058 - INFO - Epoch 100/400: Train Loss = 0.055001, MOS1 Loss = 0.325652, MOS1 Inv Loss = 0.480325, MOS2 Loss = 0.466185, MOS2 Inv Loss = 0.162807
2025-04-24 10:01:03,591 - INFO - Epoch 101/400: Train Loss = 0.054788, MOS1 Loss = 0.341653, MOS1 Inv Loss = 0.477802, MOS2 Loss = 0.439851, MOS2 Inv Loss = 0.161281
2025-04-24 10:01:03,591 - INFO - [新最佳-MOS1] Epoch 101: Scaled Loss = 0.341653, Unscaled Loss = 0.477802
2025-04-24 10:01:15,132 - INFO - Epoch 102/400: Train Loss = 0.054465, MOS1 Loss = 0.354111, MOS1 Inv Loss = 0.477612, MOS2 Loss = 0.434288, MOS2 Inv Loss = 0.158387
2025-04-24 10:01:15,132 - INFO - [新最佳-MOS1] Epoch 102: Scaled Loss = 0.354111, Unscaled Loss = 0.477612
2025-04-24 10:01:15,132 - INFO - [新最佳-MOS2] Epoch 102: Scaled Loss = 0.434288, Unscaled Loss = 0.158387
2025-04-24 10:01:26,656 - INFO - Epoch 103/400: Train Loss = 0.054866, MOS1 Loss = 0.331312, MOS1 Inv Loss = 0.480752, MOS2 Loss = 0.451417, MOS2 Inv Loss = 0.160411
2025-04-24 10:01:38,066 - INFO - Epoch 104/400: Train Loss = 0.054724, MOS1 Loss = 0.343324, MOS1 Inv Loss = 0.486077, MOS2 Loss = 0.469255, MOS2 Inv Loss = 0.161980
2025-04-24 10:01:49,595 - INFO - Epoch 105/400: Train Loss = 0.053754, MOS1 Loss = 0.331374, MOS1 Inv Loss = 0.472568, MOS2 Loss = 0.427563, MOS2 Inv Loss = 0.161684
2025-04-24 10:01:49,595 - INFO - [新最佳-MOS1] Epoch 105: Scaled Loss = 0.331374, Unscaled Loss = 0.472568
2025-04-24 10:02:01,026 - INFO - Epoch 106/400: Train Loss = 0.053917, MOS1 Loss = 0.340411, MOS1 Inv Loss = 0.477764, MOS2 Loss = 0.444689, MOS2 Inv Loss = 0.159609
2025-04-24 10:02:12,507 - INFO - Epoch 107/400: Train Loss = 0.053227, MOS1 Loss = 0.324189, MOS1 Inv Loss = 0.475587, MOS2 Loss = 0.455632, MOS2 Inv Loss = 0.155800
2025-04-24 10:02:12,507 - INFO - [新最佳-MOS2] Epoch 107: Scaled Loss = 0.455632, Unscaled Loss = 0.155800
2025-04-24 10:02:24,097 - INFO - Epoch 108/400: Train Loss = 0.054281, MOS1 Loss = 0.321598, MOS1 Inv Loss = 0.474479, MOS2 Loss = 0.446201, MOS2 Inv Loss = 0.157691
2025-04-24 10:02:35,622 - INFO - Epoch 109/400: Train Loss = 0.053245, MOS1 Loss = 0.333673, MOS1 Inv Loss = 0.468150, MOS2 Loss = 0.432655, MOS2 Inv Loss = 0.157066
2025-04-24 10:02:35,622 - INFO - [新最佳-MOS1] Epoch 109: Scaled Loss = 0.333673, Unscaled Loss = 0.468150
2025-04-24 10:02:46,950 - INFO - Epoch 110/400: Train Loss = 0.053127, MOS1 Loss = 0.328559, MOS1 Inv Loss = 0.477522, MOS2 Loss = 0.445712, MOS2 Inv Loss = 0.155747
2025-04-24 10:02:46,950 - INFO - [新最佳-MOS2] Epoch 110: Scaled Loss = 0.445712, Unscaled Loss = 0.155747
2025-04-24 10:02:58,498 - INFO - Epoch 111/400: Train Loss = 0.052924, MOS1 Loss = 0.346756, MOS1 Inv Loss = 0.479544, MOS2 Loss = 0.455038, MOS2 Inv Loss = 0.156937
2025-04-24 10:03:10,287 - INFO - Epoch 112/400: Train Loss = 0.052924, MOS1 Loss = 0.327592, MOS1 Inv Loss = 0.474246, MOS2 Loss = 0.438983, MOS2 Inv Loss = 0.154782
2025-04-24 10:03:10,288 - INFO - [新最佳-MOS2] Epoch 112: Scaled Loss = 0.438983, Unscaled Loss = 0.154782
2025-04-24 10:03:21,960 - INFO - Epoch 113/400: Train Loss = 0.052211, MOS1 Loss = 0.343199, MOS1 Inv Loss = 0.472576, MOS2 Loss = 0.445969, MOS2 Inv Loss = 0.154751
2025-04-24 10:03:21,960 - INFO - [新最佳-MOS2] Epoch 113: Scaled Loss = 0.445969, Unscaled Loss = 0.154751
2025-04-24 10:03:33,548 - INFO - Epoch 114/400: Train Loss = 0.052284, MOS1 Loss = 0.347160, MOS1 Inv Loss = 0.470486, MOS2 Loss = 0.428583, MOS2 Inv Loss = 0.157399
2025-04-24 10:03:45,143 - INFO - Epoch 115/400: Train Loss = 0.052718, MOS1 Loss = 0.329079, MOS1 Inv Loss = 0.465203, MOS2 Loss = 0.449658, MOS2 Inv Loss = 0.155722
2025-04-24 10:03:45,143 - INFO - [新最佳-MOS1] Epoch 115: Scaled Loss = 0.329079, Unscaled Loss = 0.465203
2025-04-24 10:03:56,635 - INFO - Epoch 116/400: Train Loss = 0.052977, MOS1 Loss = 0.319318, MOS1 Inv Loss = 0.459772, MOS2 Loss = 0.432625, MOS2 Inv Loss = 0.157228
2025-04-24 10:03:56,635 - INFO - [新最佳-MOS1] Epoch 116: Scaled Loss = 0.319318, Unscaled Loss = 0.459772
2025-04-24 10:04:08,005 - INFO - Epoch 117/400: Train Loss = 0.051762, MOS1 Loss = 0.315604, MOS1 Inv Loss = 0.467250, MOS2 Loss = 0.443646, MOS2 Inv Loss = 0.152748
2025-04-24 10:04:08,005 - INFO - [新最佳-MOS2] Epoch 117: Scaled Loss = 0.443646, Unscaled Loss = 0.152748
2025-04-24 10:04:19,450 - INFO - Epoch 118/400: Train Loss = 0.051672, MOS1 Loss = 0.348756, MOS1 Inv Loss = 0.467567, MOS2 Loss = 0.442017, MOS2 Inv Loss = 0.152938
2025-04-24 10:04:30,941 - INFO - Epoch 119/400: Train Loss = 0.052307, MOS1 Loss = 0.333245, MOS1 Inv Loss = 0.460640, MOS2 Loss = 0.432426, MOS2 Inv Loss = 0.155858
2025-04-24 10:04:42,295 - INFO - Epoch 120/400: Train Loss = 0.052265, MOS1 Loss = 0.328333, MOS1 Inv Loss = 0.464445, MOS2 Loss = 0.450346, MOS2 Inv Loss = 0.151609
2025-04-24 10:04:42,295 - INFO - [新最佳-MOS2] Epoch 120: Scaled Loss = 0.450346, Unscaled Loss = 0.151609
2025-04-24 10:04:53,638 - INFO - Epoch 121/400: Train Loss = 0.051160, MOS1 Loss = 0.338888, MOS1 Inv Loss = 0.463340, MOS2 Loss = 0.447499, MOS2 Inv Loss = 0.151910
2025-04-24 10:05:05,062 - INFO - Epoch 122/400: Train Loss = 0.051253, MOS1 Loss = 0.307640, MOS1 Inv Loss = 0.466268, MOS2 Loss = 0.439076, MOS2 Inv Loss = 0.152928
2025-04-24 10:05:16,486 - INFO - Epoch 123/400: Train Loss = 0.051379, MOS1 Loss = 0.303060, MOS1 Inv Loss = 0.466724, MOS2 Loss = 0.455322, MOS2 Inv Loss = 0.151640
2025-04-24 10:05:27,930 - INFO - Epoch 124/400: Train Loss = 0.051116, MOS1 Loss = 0.302397, MOS1 Inv Loss = 0.469217, MOS2 Loss = 0.424832, MOS2 Inv Loss = 0.154737
2025-04-24 10:05:39,308 - INFO - Epoch 125/400: Train Loss = 0.051201, MOS1 Loss = 0.332685, MOS1 Inv Loss = 0.463201, MOS2 Loss = 0.461493, MOS2 Inv Loss = 0.154040
2025-04-24 10:05:50,808 - INFO - Epoch 126/400: Train Loss = 0.051243, MOS1 Loss = 0.341699, MOS1 Inv Loss = 0.462819, MOS2 Loss = 0.423751, MOS2 Inv Loss = 0.154268
2025-04-24 10:06:02,180 - INFO - Epoch 127/400: Train Loss = 0.049965, MOS1 Loss = 0.326488, MOS1 Inv Loss = 0.465870, MOS2 Loss = 0.452118, MOS2 Inv Loss = 0.149932
2025-04-24 10:06:02,181 - INFO - [新最佳-MOS2] Epoch 127: Scaled Loss = 0.452118, Unscaled Loss = 0.149932
2025-04-24 10:06:13,588 - INFO - Epoch 128/400: Train Loss = 0.050971, MOS1 Loss = 0.298336, MOS1 Inv Loss = 0.459959, MOS2 Loss = 0.455235, MOS2 Inv Loss = 0.151387
2025-04-24 10:06:25,029 - INFO - Epoch 129/400: Train Loss = 0.050222, MOS1 Loss = 0.322897, MOS1 Inv Loss = 0.461263, MOS2 Loss = 0.430109, MOS2 Inv Loss = 0.152184
2025-04-24 10:06:36,472 - INFO - Epoch 130/400: Train Loss = 0.050545, MOS1 Loss = 0.298801, MOS1 Inv Loss = 0.470226, MOS2 Loss = 0.454957, MOS2 Inv Loss = 0.150304
2025-04-24 10:06:47,841 - INFO - Epoch 131/400: Train Loss = 0.049722, MOS1 Loss = 0.312668, MOS1 Inv Loss = 0.451185, MOS2 Loss = 0.441721, MOS2 Inv Loss = 0.148060
2025-04-24 10:06:47,841 - INFO - [新最佳-MOS1] Epoch 131: Scaled Loss = 0.312668, Unscaled Loss = 0.451185
2025-04-24 10:06:47,842 - INFO - [新最佳-MOS2] Epoch 131: Scaled Loss = 0.441721, Unscaled Loss = 0.148060
2025-04-24 10:06:59,113 - INFO - Epoch 132/400: Train Loss = 0.049671, MOS1 Loss = 0.315345, MOS1 Inv Loss = 0.454090, MOS2 Loss = 0.461382, MOS2 Inv Loss = 0.150957
2025-04-24 10:07:10,432 - INFO - Epoch 133/400: Train Loss = 0.049519, MOS1 Loss = 0.315050, MOS1 Inv Loss = 0.455273, MOS2 Loss = 0.446058, MOS2 Inv Loss = 0.147533
2025-04-24 10:07:10,432 - INFO - [新最佳-MOS2] Epoch 133: Scaled Loss = 0.446058, Unscaled Loss = 0.147533
2025-04-24 10:07:21,778 - INFO - Epoch 134/400: Train Loss = 0.049368, MOS1 Loss = 0.317980, MOS1 Inv Loss = 0.458896, MOS2 Loss = 0.453127, MOS2 Inv Loss = 0.149040
2025-04-24 10:07:33,125 - INFO - Epoch 135/400: Train Loss = 0.049855, MOS1 Loss = 0.316841, MOS1 Inv Loss = 0.451597, MOS2 Loss = 0.448072, MOS2 Inv Loss = 0.149506
2025-04-24 10:07:44,488 - INFO - Epoch 136/400: Train Loss = 0.049933, MOS1 Loss = 0.312106, MOS1 Inv Loss = 0.456364, MOS2 Loss = 0.425062, MOS2 Inv Loss = 0.150228
2025-04-24 10:07:55,907 - INFO - Epoch 137/400: Train Loss = 0.049504, MOS1 Loss = 0.314188, MOS1 Inv Loss = 0.454801, MOS2 Loss = 0.437514, MOS2 Inv Loss = 0.146452
2025-04-24 10:07:55,907 - INFO - [新最佳-MOS2] Epoch 137: Scaled Loss = 0.437514, Unscaled Loss = 0.146452
2025-04-24 10:08:07,301 - INFO - Epoch 138/400: Train Loss = 0.049321, MOS1 Loss = 0.300303, MOS1 Inv Loss = 0.449627, MOS2 Loss = 0.435487, MOS2 Inv Loss = 0.145916
2025-04-24 10:08:07,302 - INFO - [新最佳-MOS1] Epoch 138: Scaled Loss = 0.300303, Unscaled Loss = 0.449627
2025-04-24 10:08:07,302 - INFO - [新最佳-MOS2] Epoch 138: Scaled Loss = 0.435487, Unscaled Loss = 0.145916
2025-04-24 10:08:18,651 - INFO - Epoch 139/400: Train Loss = 0.048875, MOS1 Loss = 0.322542, MOS1 Inv Loss = 0.459586, MOS2 Loss = 0.436388, MOS2 Inv Loss = 0.146610
2025-04-24 10:08:30,096 - INFO - Epoch 140/400: Train Loss = 0.049016, MOS1 Loss = 0.335874, MOS1 Inv Loss = 0.455824, MOS2 Loss = 0.438622, MOS2 Inv Loss = 0.146082
2025-04-24 10:08:41,516 - INFO - Epoch 141/400: Train Loss = 0.049242, MOS1 Loss = 0.316102, MOS1 Inv Loss = 0.450151, MOS2 Loss = 0.449871, MOS2 Inv Loss = 0.145419
2025-04-24 10:08:41,516 - INFO - [新最佳-MOS2] Epoch 141: Scaled Loss = 0.449871, Unscaled Loss = 0.145419
2025-04-24 10:08:53,021 - INFO - Epoch 142/400: Train Loss = 0.048745, MOS1 Loss = 0.329029, MOS1 Inv Loss = 0.457886, MOS2 Loss = 0.433031, MOS2 Inv Loss = 0.146180
2025-04-24 10:09:04,476 - INFO - Epoch 143/400: Train Loss = 0.048710, MOS1 Loss = 0.320044, MOS1 Inv Loss = 0.454617, MOS2 Loss = 0.452519, MOS2 Inv Loss = 0.146847
2025-04-24 10:09:15,931 - INFO - Epoch 144/400: Train Loss = 0.049102, MOS1 Loss = 0.308257, MOS1 Inv Loss = 0.451641, MOS2 Loss = 0.438032, MOS2 Inv Loss = 0.144496
2025-04-24 10:09:15,931 - INFO - [新最佳-MOS2] Epoch 144: Scaled Loss = 0.438032, Unscaled Loss = 0.144496
2025-04-24 10:09:27,351 - INFO - Epoch 145/400: Train Loss = 0.048641, MOS1 Loss = 0.321408, MOS1 Inv Loss = 0.450878, MOS2 Loss = 0.432464, MOS2 Inv Loss = 0.145303
2025-04-24 10:09:38,779 - INFO - Epoch 146/400: Train Loss = 0.048477, MOS1 Loss = 0.339770, MOS1 Inv Loss = 0.446829, MOS2 Loss = 0.442835, MOS2 Inv Loss = 0.145652
2025-04-24 10:09:38,779 - INFO - [新最佳-MOS1] Epoch 146: Scaled Loss = 0.339770, Unscaled Loss = 0.446829
2025-04-24 10:09:50,089 - INFO - Epoch 147/400: Train Loss = 0.048549, MOS1 Loss = 0.327379, MOS1 Inv Loss = 0.445727, MOS2 Loss = 0.428933, MOS2 Inv Loss = 0.147880
2025-04-24 10:09:50,089 - INFO - [新最佳-MOS1] Epoch 147: Scaled Loss = 0.327379, Unscaled Loss = 0.445727
2025-04-24 10:10:01,559 - INFO - Epoch 148/400: Train Loss = 0.048962, MOS1 Loss = 0.312227, MOS1 Inv Loss = 0.442038, MOS2 Loss = 0.441671, MOS2 Inv Loss = 0.144901
2025-04-24 10:10:01,560 - INFO - [新最佳-MOS1] Epoch 148: Scaled Loss = 0.312227, Unscaled Loss = 0.442038
2025-04-24 10:10:13,003 - INFO - Epoch 149/400: Train Loss = 0.047946, MOS1 Loss = 0.327031, MOS1 Inv Loss = 0.455003, MOS2 Loss = 0.450577, MOS2 Inv Loss = 0.148279
2025-04-24 10:10:24,433 - INFO - Epoch 150/400: Train Loss = 0.047805, MOS1 Loss = 0.317924, MOS1 Inv Loss = 0.445915, MOS2 Loss = 0.442217, MOS2 Inv Loss = 0.144393
2025-04-24 10:10:24,433 - INFO - [新最佳-MOS2] Epoch 150: Scaled Loss = 0.442217, Unscaled Loss = 0.144393
2025-04-24 10:10:35,855 - INFO - Epoch 151/400: Train Loss = 0.048296, MOS1 Loss = 0.344517, MOS1 Inv Loss = 0.451487, MOS2 Loss = 0.450773, MOS2 Inv Loss = 0.146345
2025-04-24 10:10:47,274 - INFO - Epoch 152/400: Train Loss = 0.047300, MOS1 Loss = 0.315218, MOS1 Inv Loss = 0.440399, MOS2 Loss = 0.451568, MOS2 Inv Loss = 0.144755
2025-04-24 10:10:47,274 - INFO - [新最佳-MOS1] Epoch 152: Scaled Loss = 0.315218, Unscaled Loss = 0.440399
2025-04-24 10:10:58,678 - INFO - Epoch 153/400: Train Loss = 0.047453, MOS1 Loss = 0.349470, MOS1 Inv Loss = 0.444069, MOS2 Loss = 0.435605, MOS2 Inv Loss = 0.143230
2025-04-24 10:10:58,679 - INFO - [新最佳-MOS2] Epoch 153: Scaled Loss = 0.435605, Unscaled Loss = 0.143230
2025-04-24 10:11:10,079 - INFO - Epoch 154/400: Train Loss = 0.047344, MOS1 Loss = 0.311842, MOS1 Inv Loss = 0.442930, MOS2 Loss = 0.441441, MOS2 Inv Loss = 0.143376
2025-04-24 10:11:21,480 - INFO - Epoch 155/400: Train Loss = 0.047395, MOS1 Loss = 0.321745, MOS1 Inv Loss = 0.441272, MOS2 Loss = 0.429566, MOS2 Inv Loss = 0.143779
2025-04-24 10:11:32,956 - INFO - Epoch 156/400: Train Loss = 0.046658, MOS1 Loss = 0.331803, MOS1 Inv Loss = 0.438573, MOS2 Loss = 0.437320, MOS2 Inv Loss = 0.141919
2025-04-24 10:11:32,956 - INFO - [新最佳-MOS1] Epoch 156: Scaled Loss = 0.331803, Unscaled Loss = 0.438573
2025-04-24 10:11:32,956 - INFO - [新最佳-MOS2] Epoch 156: Scaled Loss = 0.437320, Unscaled Loss = 0.141919
2025-04-24 10:11:44,428 - INFO - Epoch 157/400: Train Loss = 0.046990, MOS1 Loss = 0.325087, MOS1 Inv Loss = 0.434417, MOS2 Loss = 0.437851, MOS2 Inv Loss = 0.145090
2025-04-24 10:11:44,428 - INFO - [新最佳-MOS1] Epoch 157: Scaled Loss = 0.325087, Unscaled Loss = 0.434417
2025-04-24 10:11:55,763 - INFO - Epoch 158/400: Train Loss = 0.047052, MOS1 Loss = 0.322615, MOS1 Inv Loss = 0.438207, MOS2 Loss = 0.459461, MOS2 Inv Loss = 0.146287
2025-04-24 10:12:07,235 - INFO - Epoch 159/400: Train Loss = 0.047189, MOS1 Loss = 0.323591, MOS1 Inv Loss = 0.433686, MOS2 Loss = 0.462914, MOS2 Inv Loss = 0.147079
2025-04-24 10:12:07,235 - INFO - [新最佳-MOS1] Epoch 159: Scaled Loss = 0.323591, Unscaled Loss = 0.433686
2025-04-24 10:12:18,537 - INFO - Epoch 160/400: Train Loss = 0.046551, MOS1 Loss = 0.327462, MOS1 Inv Loss = 0.432686, MOS2 Loss = 0.438468, MOS2 Inv Loss = 0.142220
2025-04-24 10:12:18,538 - INFO - [新最佳-MOS1] Epoch 160: Scaled Loss = 0.327462, Unscaled Loss = 0.432686
2025-04-24 10:12:29,917 - INFO - Epoch 161/400: Train Loss = 0.046767, MOS1 Loss = 0.309186, MOS1 Inv Loss = 0.442260, MOS2 Loss = 0.438978, MOS2 Inv Loss = 0.141559
2025-04-24 10:12:29,917 - INFO - [新最佳-MOS2] Epoch 161: Scaled Loss = 0.438978, Unscaled Loss = 0.141559
2025-04-24 10:12:41,233 - INFO - Epoch 162/400: Train Loss = 0.046664, MOS1 Loss = 0.339561, MOS1 Inv Loss = 0.438291, MOS2 Loss = 0.443426, MOS2 Inv Loss = 0.141626
2025-04-24 10:12:52,578 - INFO - Epoch 163/400: Train Loss = 0.046380, MOS1 Loss = 0.299932, MOS1 Inv Loss = 0.441928, MOS2 Loss = 0.446133, MOS2 Inv Loss = 0.142660
2025-04-24 10:13:03,953 - INFO - Epoch 164/400: Train Loss = 0.046203, MOS1 Loss = 0.311338, MOS1 Inv Loss = 0.435969, MOS2 Loss = 0.453684, MOS2 Inv Loss = 0.144375
2025-04-24 10:13:15,290 - INFO - Epoch 165/400: Train Loss = 0.046835, MOS1 Loss = 0.326024, MOS1 Inv Loss = 0.436296, MOS2 Loss = 0.441205, MOS2 Inv Loss = 0.141047
2025-04-24 10:13:15,290 - INFO - [新最佳-MOS2] Epoch 165: Scaled Loss = 0.441205, Unscaled Loss = 0.141047
2025-04-24 10:13:26,628 - INFO - Epoch 166/400: Train Loss = 0.046205, MOS1 Loss = 0.323218, MOS1 Inv Loss = 0.436884, MOS2 Loss = 0.437180, MOS2 Inv Loss = 0.141855
2025-04-24 10:13:38,020 - INFO - Epoch 167/400: Train Loss = 0.046018, MOS1 Loss = 0.316006, MOS1 Inv Loss = 0.442856, MOS2 Loss = 0.429086, MOS2 Inv Loss = 0.142403
2025-04-24 10:13:49,375 - INFO - Epoch 168/400: Train Loss = 0.045817, MOS1 Loss = 0.321059, MOS1 Inv Loss = 0.428333, MOS2 Loss = 0.449963, MOS2 Inv Loss = 0.142490
2025-04-24 10:13:49,376 - INFO - [新最佳-MOS1] Epoch 168: Scaled Loss = 0.321059, Unscaled Loss = 0.428333
2025-04-24 10:14:00,786 - INFO - Epoch 169/400: Train Loss = 0.046144, MOS1 Loss = 0.324965, MOS1 Inv Loss = 0.431341, MOS2 Loss = 0.412664, MOS2 Inv Loss = 0.148166
2025-04-24 10:14:12,200 - INFO - Epoch 170/400: Train Loss = 0.045613, MOS1 Loss = 0.333228, MOS1 Inv Loss = 0.436045, MOS2 Loss = 0.447403, MOS2 Inv Loss = 0.142709
2025-04-24 10:14:23,655 - INFO - Epoch 171/400: Train Loss = 0.045435, MOS1 Loss = 0.317191, MOS1 Inv Loss = 0.428401, MOS2 Loss = 0.411505, MOS2 Inv Loss = 0.148155
2025-04-24 10:14:35,089 - INFO - Epoch 172/400: Train Loss = 0.045820, MOS1 Loss = 0.305597, MOS1 Inv Loss = 0.436250, MOS2 Loss = 0.442710, MOS2 Inv Loss = 0.140807
2025-04-24 10:14:35,089 - INFO - [新最佳-MOS2] Epoch 172: Scaled Loss = 0.442710, Unscaled Loss = 0.140807
2025-04-24 10:14:46,513 - INFO - Epoch 173/400: Train Loss = 0.045857, MOS1 Loss = 0.330227, MOS1 Inv Loss = 0.432332, MOS2 Loss = 0.426091, MOS2 Inv Loss = 0.141735
2025-04-24 10:14:57,919 - INFO - Epoch 174/400: Train Loss = 0.045544, MOS1 Loss = 0.300212, MOS1 Inv Loss = 0.431108, MOS2 Loss = 0.422763, MOS2 Inv Loss = 0.144366
2025-04-24 10:15:09,356 - INFO - Epoch 175/400: Train Loss = 0.045792, MOS1 Loss = 0.315686, MOS1 Inv Loss = 0.421561, MOS2 Loss = 0.420012, MOS2 Inv Loss = 0.143548
2025-04-24 10:15:09,356 - INFO - [新最佳-MOS1] Epoch 175: Scaled Loss = 0.315686, Unscaled Loss = 0.421561
2025-04-24 10:15:20,862 - INFO - Epoch 176/400: Train Loss = 0.044935, MOS1 Loss = 0.323989, MOS1 Inv Loss = 0.433850, MOS2 Loss = 0.435771, MOS2 Inv Loss = 0.138369
2025-04-24 10:15:20,862 - INFO - [新最佳-MOS2] Epoch 176: Scaled Loss = 0.435771, Unscaled Loss = 0.138369
2025-04-24 10:15:32,088 - INFO - Epoch 177/400: Train Loss = 0.044996, MOS1 Loss = 0.318759, MOS1 Inv Loss = 0.433673, MOS2 Loss = 0.449410, MOS2 Inv Loss = 0.139575
2025-04-24 10:15:43,481 - INFO - Epoch 178/400: Train Loss = 0.044947, MOS1 Loss = 0.316785, MOS1 Inv Loss = 0.424553, MOS2 Loss = 0.456817, MOS2 Inv Loss = 0.142278
2025-04-24 10:15:54,879 - INFO - Epoch 179/400: Train Loss = 0.045401, MOS1 Loss = 0.301822, MOS1 Inv Loss = 0.422784, MOS2 Loss = 0.436802, MOS2 Inv Loss = 0.140643
2025-04-24 10:16:06,341 - INFO - Epoch 180/400: Train Loss = 0.045002, MOS1 Loss = 0.298927, MOS1 Inv Loss = 0.431063, MOS2 Loss = 0.454411, MOS2 Inv Loss = 0.140896
2025-04-24 10:16:17,710 - INFO - Epoch 181/400: Train Loss = 0.044996, MOS1 Loss = 0.325674, MOS1 Inv Loss = 0.426987, MOS2 Loss = 0.421610, MOS2 Inv Loss = 0.142223
2025-04-24 10:16:29,050 - INFO - Epoch 182/400: Train Loss = 0.044681, MOS1 Loss = 0.330691, MOS1 Inv Loss = 0.426143, MOS2 Loss = 0.445653, MOS2 Inv Loss = 0.139066
2025-04-24 10:16:40,522 - INFO - Epoch 183/400: Train Loss = 0.044500, MOS1 Loss = 0.316487, MOS1 Inv Loss = 0.428052, MOS2 Loss = 0.434618, MOS2 Inv Loss = 0.137099
2025-04-24 10:16:40,523 - INFO - [新最佳-MOS2] Epoch 183: Scaled Loss = 0.434618, Unscaled Loss = 0.137099
2025-04-24 10:16:51,894 - INFO - Epoch 184/400: Train Loss = 0.044451, MOS1 Loss = 0.313587, MOS1 Inv Loss = 0.419442, MOS2 Loss = 0.407436, MOS2 Inv Loss = 0.148507
2025-04-24 10:16:51,894 - INFO - [新最佳-MOS1] Epoch 184: Scaled Loss = 0.313587, Unscaled Loss = 0.419442
2025-04-24 10:17:03,188 - INFO - Epoch 185/400: Train Loss = 0.044948, MOS1 Loss = 0.331769, MOS1 Inv Loss = 0.420216, MOS2 Loss = 0.434568, MOS2 Inv Loss = 0.137066
2025-04-24 10:17:03,188 - INFO - [新最佳-MOS2] Epoch 185: Scaled Loss = 0.434568, Unscaled Loss = 0.137066
2025-04-24 10:17:14,598 - INFO - Epoch 186/400: Train Loss = 0.044636, MOS1 Loss = 0.329839, MOS1 Inv Loss = 0.427255, MOS2 Loss = 0.436087, MOS2 Inv Loss = 0.139525
2025-04-24 10:17:25,986 - INFO - Epoch 187/400: Train Loss = 0.044636, MOS1 Loss = 0.324180, MOS1 Inv Loss = 0.416831, MOS2 Loss = 0.429658, MOS2 Inv Loss = 0.138560
2025-04-24 10:17:25,987 - INFO - [新最佳-MOS1] Epoch 187: Scaled Loss = 0.324180, Unscaled Loss = 0.416831
2025-04-24 10:17:37,332 - INFO - Epoch 188/400: Train Loss = 0.044691, MOS1 Loss = 0.310366, MOS1 Inv Loss = 0.418209, MOS2 Loss = 0.435401, MOS2 Inv Loss = 0.136717
2025-04-24 10:17:37,333 - INFO - [新最佳-MOS2] Epoch 188: Scaled Loss = 0.435401, Unscaled Loss = 0.136717
2025-04-24 10:17:48,755 - INFO - Epoch 189/400: Train Loss = 0.044552, MOS1 Loss = 0.334474, MOS1 Inv Loss = 0.421278, MOS2 Loss = 0.421189, MOS2 Inv Loss = 0.139610
2025-04-24 10:18:00,257 - INFO - Epoch 190/400: Train Loss = 0.044131, MOS1 Loss = 0.291608, MOS1 Inv Loss = 0.422181, MOS2 Loss = 0.432618, MOS2 Inv Loss = 0.135947
2025-04-24 10:18:00,257 - INFO - [新最佳-MOS2] Epoch 190: Scaled Loss = 0.432618, Unscaled Loss = 0.135947
2025-04-24 10:18:11,677 - INFO - Epoch 191/400: Train Loss = 0.044253, MOS1 Loss = 0.324439, MOS1 Inv Loss = 0.424741, MOS2 Loss = 0.456378, MOS2 Inv Loss = 0.138847
2025-04-24 10:18:23,118 - INFO - Epoch 192/400: Train Loss = 0.043557, MOS1 Loss = 0.333776, MOS1 Inv Loss = 0.424241, MOS2 Loss = 0.434862, MOS2 Inv Loss = 0.137825
2025-04-24 10:18:34,467 - INFO - Epoch 193/400: Train Loss = 0.043639, MOS1 Loss = 0.311423, MOS1 Inv Loss = 0.423929, MOS2 Loss = 0.441830, MOS2 Inv Loss = 0.137158
2025-04-24 10:18:45,831 - INFO - Epoch 194/400: Train Loss = 0.043400, MOS1 Loss = 0.299564, MOS1 Inv Loss = 0.428797, MOS2 Loss = 0.443157, MOS2 Inv Loss = 0.138189
2025-04-24 10:18:57,137 - INFO - Epoch 195/400: Train Loss = 0.043514, MOS1 Loss = 0.350909, MOS1 Inv Loss = 0.425566, MOS2 Loss = 0.434745, MOS2 Inv Loss = 0.137172
2025-04-24 10:19:08,538 - INFO - Epoch 196/400: Train Loss = 0.043591, MOS1 Loss = 0.293308, MOS1 Inv Loss = 0.424305, MOS2 Loss = 0.429218, MOS2 Inv Loss = 0.138050
2025-04-24 10:19:19,915 - INFO - Epoch 197/400: Train Loss = 0.043806, MOS1 Loss = 0.331950, MOS1 Inv Loss = 0.420353, MOS2 Loss = 0.445488, MOS2 Inv Loss = 0.138889
2025-04-24 10:19:31,343 - INFO - Epoch 198/400: Train Loss = 0.043572, MOS1 Loss = 0.328626, MOS1 Inv Loss = 0.419534, MOS2 Loss = 0.435355, MOS2 Inv Loss = 0.135865
2025-04-24 10:19:31,343 - INFO - [新最佳-MOS2] Epoch 198: Scaled Loss = 0.435355, Unscaled Loss = 0.135865
2025-04-24 10:19:42,794 - INFO - Epoch 199/400: Train Loss = 0.043454, MOS1 Loss = 0.350784, MOS1 Inv Loss = 0.428572, MOS2 Loss = 0.427673, MOS2 Inv Loss = 0.137083
2025-04-24 10:19:54,125 - INFO - Epoch 200/400: Train Loss = 0.043445, MOS1 Loss = 0.344357, MOS1 Inv Loss = 0.428963, MOS2 Loss = 0.439167, MOS2 Inv Loss = 0.136437
2025-04-24 10:20:05,531 - INFO - Epoch 201/400: Train Loss = 0.043232, MOS1 Loss = 0.324153, MOS1 Inv Loss = 0.416063, MOS2 Loss = 0.445253, MOS2 Inv Loss = 0.134977
2025-04-24 10:20:05,531 - INFO - [新最佳-MOS1] Epoch 201: Scaled Loss = 0.324153, Unscaled Loss = 0.416063
2025-04-24 10:20:05,531 - INFO - [新最佳-MOS2] Epoch 201: Scaled Loss = 0.445253, Unscaled Loss = 0.134977
2025-04-24 10:20:16,970 - INFO - Epoch 202/400: Train Loss = 0.042816, MOS1 Loss = 0.337569, MOS1 Inv Loss = 0.418698, MOS2 Loss = 0.435479, MOS2 Inv Loss = 0.138091
2025-04-24 10:20:28,345 - INFO - Epoch 203/400: Train Loss = 0.042976, MOS1 Loss = 0.331264, MOS1 Inv Loss = 0.418307, MOS2 Loss = 0.433565, MOS2 Inv Loss = 0.136187
2025-04-24 10:20:39,811 - INFO - Epoch 204/400: Train Loss = 0.042861, MOS1 Loss = 0.314499, MOS1 Inv Loss = 0.419484, MOS2 Loss = 0.444318, MOS2 Inv Loss = 0.136209
2025-04-24 10:20:51,142 - INFO - Epoch 205/400: Train Loss = 0.042617, MOS1 Loss = 0.335783, MOS1 Inv Loss = 0.420888, MOS2 Loss = 0.433062, MOS2 Inv Loss = 0.135529
2025-04-24 10:21:02,584 - INFO - Epoch 206/400: Train Loss = 0.042718, MOS1 Loss = 0.305746, MOS1 Inv Loss = 0.416794, MOS2 Loss = 0.437410, MOS2 Inv Loss = 0.134034
2025-04-24 10:21:02,584 - INFO - [新最佳-MOS2] Epoch 206: Scaled Loss = 0.437410, Unscaled Loss = 0.134034
2025-04-24 10:21:14,038 - INFO - Epoch 207/400: Train Loss = 0.042610, MOS1 Loss = 0.322503, MOS1 Inv Loss = 0.416863, MOS2 Loss = 0.441513, MOS2 Inv Loss = 0.134904
2025-04-24 10:21:25,501 - INFO - Epoch 208/400: Train Loss = 0.042592, MOS1 Loss = 0.313678, MOS1 Inv Loss = 0.422141, MOS2 Loss = 0.441365, MOS2 Inv Loss = 0.135400
2025-04-24 10:21:36,858 - INFO - Epoch 209/400: Train Loss = 0.042752, MOS1 Loss = 0.324219, MOS1 Inv Loss = 0.421390, MOS2 Loss = 0.438538, MOS2 Inv Loss = 0.134311
2025-04-24 10:21:48,244 - INFO - Epoch 210/400: Train Loss = 0.042766, MOS1 Loss = 0.344103, MOS1 Inv Loss = 0.415318, MOS2 Loss = 0.421042, MOS2 Inv Loss = 0.141819
2025-04-24 10:21:48,244 - INFO - [新最佳-MOS1] Epoch 210: Scaled Loss = 0.344103, Unscaled Loss = 0.415318
2025-04-24 10:21:59,597 - INFO - Epoch 211/400: Train Loss = 0.042523, MOS1 Loss = 0.356640, MOS1 Inv Loss = 0.423101, MOS2 Loss = 0.448815, MOS2 Inv Loss = 0.135851
2025-04-24 10:22:10,936 - INFO - Epoch 212/400: Train Loss = 0.041925, MOS1 Loss = 0.297548, MOS1 Inv Loss = 0.419917, MOS2 Loss = 0.436886, MOS2 Inv Loss = 0.134491
2025-04-24 10:22:22,392 - INFO - Epoch 213/400: Train Loss = 0.042258, MOS1 Loss = 0.308178, MOS1 Inv Loss = 0.415185, MOS2 Loss = 0.429795, MOS2 Inv Loss = 0.134634
2025-04-24 10:22:22,392 - INFO - [新最佳-MOS1] Epoch 213: Scaled Loss = 0.308178, Unscaled Loss = 0.415185
2025-04-24 10:22:33,805 - INFO - Epoch 214/400: Train Loss = 0.042662, MOS1 Loss = 0.309062, MOS1 Inv Loss = 0.414938, MOS2 Loss = 0.439338, MOS2 Inv Loss = 0.133927
2025-04-24 10:22:33,805 - INFO - [新最佳-MOS1] Epoch 214: Scaled Loss = 0.309062, Unscaled Loss = 0.414938
2025-04-24 10:22:33,805 - INFO - [新最佳-MOS2] Epoch 214: Scaled Loss = 0.439338, Unscaled Loss = 0.133927
2025-04-24 10:22:45,279 - INFO - Epoch 215/400: Train Loss = 0.042320, MOS1 Loss = 0.325570, MOS1 Inv Loss = 0.424326, MOS2 Loss = 0.437154, MOS2 Inv Loss = 0.133926
2025-04-24 10:22:45,279 - INFO - [新最佳-MOS2] Epoch 215: Scaled Loss = 0.437154, Unscaled Loss = 0.133926
2025-04-24 10:22:56,680 - INFO - Epoch 216/400: Train Loss = 0.043015, MOS1 Loss = 0.354215, MOS1 Inv Loss = 0.424313, MOS2 Loss = 0.433535, MOS2 Inv Loss = 0.134261
2025-04-24 10:23:08,074 - INFO - Epoch 217/400: Train Loss = 0.042102, MOS1 Loss = 0.328687, MOS1 Inv Loss = 0.418474, MOS2 Loss = 0.437339, MOS2 Inv Loss = 0.133385
2025-04-24 10:23:08,074 - INFO - [新最佳-MOS2] Epoch 217: Scaled Loss = 0.437339, Unscaled Loss = 0.133385
2025-04-24 10:23:19,527 - INFO - Epoch 218/400: Train Loss = 0.041856, MOS1 Loss = 0.310227, MOS1 Inv Loss = 0.415104, MOS2 Loss = 0.443791, MOS2 Inv Loss = 0.133684
2025-04-24 10:23:30,987 - INFO - Epoch 219/400: Train Loss = 0.041764, MOS1 Loss = 0.322495, MOS1 Inv Loss = 0.411583, MOS2 Loss = 0.447015, MOS2 Inv Loss = 0.134481
2025-04-24 10:23:30,988 - INFO - [新最佳-MOS1] Epoch 219: Scaled Loss = 0.322495, Unscaled Loss = 0.411583
2025-04-24 10:23:42,393 - INFO - Epoch 220/400: Train Loss = 0.041591, MOS1 Loss = 0.330058, MOS1 Inv Loss = 0.412550, MOS2 Loss = 0.423768, MOS2 Inv Loss = 0.135184
2025-04-24 10:23:53,670 - INFO - Epoch 221/400: Train Loss = 0.041728, MOS1 Loss = 0.302204, MOS1 Inv Loss = 0.410107, MOS2 Loss = 0.448458, MOS2 Inv Loss = 0.135117
2025-04-24 10:23:53,670 - INFO - [新最佳-MOS1] Epoch 221: Scaled Loss = 0.302204, Unscaled Loss = 0.410107
2025-04-24 10:24:05,022 - INFO - Epoch 222/400: Train Loss = 0.041560, MOS1 Loss = 0.289896, MOS1 Inv Loss = 0.425308, MOS2 Loss = 0.442417, MOS2 Inv Loss = 0.133136
2025-04-24 10:24:05,023 - INFO - [新最佳-MOS2] Epoch 222: Scaled Loss = 0.442417, Unscaled Loss = 0.133136
2025-04-24 10:24:16,454 - INFO - Epoch 223/400: Train Loss = 0.041924, MOS1 Loss = 0.341185, MOS1 Inv Loss = 0.411620, MOS2 Loss = 0.418929, MOS2 Inv Loss = 0.137461
2025-04-24 10:24:27,841 - INFO - Epoch 224/400: Train Loss = 0.041329, MOS1 Loss = 0.315206, MOS1 Inv Loss = 0.411457, MOS2 Loss = 0.445508, MOS2 Inv Loss = 0.133715
2025-04-24 10:24:39,192 - INFO - Epoch 225/400: Train Loss = 0.041668, MOS1 Loss = 0.297374, MOS1 Inv Loss = 0.414689, MOS2 Loss = 0.422045, MOS2 Inv Loss = 0.138135
2025-04-24 10:24:50,502 - INFO - Epoch 226/400: Train Loss = 0.041327, MOS1 Loss = 0.321313, MOS1 Inv Loss = 0.411513, MOS2 Loss = 0.420639, MOS2 Inv Loss = 0.136301
2025-04-24 10:25:01,963 - INFO - Epoch 227/400: Train Loss = 0.041551, MOS1 Loss = 0.339064, MOS1 Inv Loss = 0.415435, MOS2 Loss = 0.452826, MOS2 Inv Loss = 0.138411
2025-04-24 10:25:13,169 - INFO - Epoch 228/400: Train Loss = 0.041295, MOS1 Loss = 0.294398, MOS1 Inv Loss = 0.418235, MOS2 Loss = 0.453392, MOS2 Inv Loss = 0.135545
2025-04-24 10:25:24,521 - INFO - Epoch 229/400: Train Loss = 0.040751, MOS1 Loss = 0.320416, MOS1 Inv Loss = 0.414009, MOS2 Loss = 0.431215, MOS2 Inv Loss = 0.133002
2025-04-24 10:25:24,522 - INFO - [新最佳-MOS2] Epoch 229: Scaled Loss = 0.431215, Unscaled Loss = 0.133002
2025-04-24 10:25:36,010 - INFO - Epoch 230/400: Train Loss = 0.040845, MOS1 Loss = 0.295897, MOS1 Inv Loss = 0.413116, MOS2 Loss = 0.453086, MOS2 Inv Loss = 0.135339
2025-04-24 10:25:47,448 - INFO - Epoch 231/400: Train Loss = 0.041401, MOS1 Loss = 0.296026, MOS1 Inv Loss = 0.414465, MOS2 Loss = 0.461241, MOS2 Inv Loss = 0.137906
2025-04-24 10:25:58,825 - INFO - Epoch 232/400: Train Loss = 0.040719, MOS1 Loss = 0.327509, MOS1 Inv Loss = 0.413921, MOS2 Loss = 0.425505, MOS2 Inv Loss = 0.135533
2025-04-24 10:26:10,161 - INFO - Epoch 233/400: Train Loss = 0.040896, MOS1 Loss = 0.362100, MOS1 Inv Loss = 0.430235, MOS2 Loss = 0.427663, MOS2 Inv Loss = 0.132334
2025-04-24 10:26:10,162 - INFO - [新最佳-MOS2] Epoch 233: Scaled Loss = 0.427663, Unscaled Loss = 0.132334
2025-04-24 10:26:21,666 - INFO - Epoch 234/400: Train Loss = 0.041082, MOS1 Loss = 0.318132, MOS1 Inv Loss = 0.406305, MOS2 Loss = 0.439598, MOS2 Inv Loss = 0.132196
2025-04-24 10:26:21,666 - INFO - [新最佳-MOS1] Epoch 234: Scaled Loss = 0.318132, Unscaled Loss = 0.406305
2025-04-24 10:26:21,667 - INFO - [新最佳-MOS2] Epoch 234: Scaled Loss = 0.439598, Unscaled Loss = 0.132196
2025-04-24 10:26:33,064 - INFO - Epoch 235/400: Train Loss = 0.040281, MOS1 Loss = 0.334401, MOS1 Inv Loss = 0.410762, MOS2 Loss = 0.434867, MOS2 Inv Loss = 0.131885
2025-04-24 10:26:33,065 - INFO - [新最佳-MOS2] Epoch 235: Scaled Loss = 0.434867, Unscaled Loss = 0.131885
2025-04-24 10:26:44,389 - INFO - Epoch 236/400: Train Loss = 0.040562, MOS1 Loss = 0.336465, MOS1 Inv Loss = 0.416165, MOS2 Loss = 0.446102, MOS2 Inv Loss = 0.133898
2025-04-24 10:26:55,667 - INFO - Epoch 237/400: Train Loss = 0.041101, MOS1 Loss = 0.311769, MOS1 Inv Loss = 0.410639, MOS2 Loss = 0.432474, MOS2 Inv Loss = 0.132339
2025-04-24 10:27:07,089 - INFO - Epoch 238/400: Train Loss = 0.040934, MOS1 Loss = 0.327282, MOS1 Inv Loss = 0.407013, MOS2 Loss = 0.430232, MOS2 Inv Loss = 0.133613
2025-04-24 10:27:18,522 - INFO - Epoch 239/400: Train Loss = 0.040500, MOS1 Loss = 0.298298, MOS1 Inv Loss = 0.410770, MOS2 Loss = 0.446002, MOS2 Inv Loss = 0.132105
2025-04-24 10:27:29,942 - INFO - Epoch 240/400: Train Loss = 0.040540, MOS1 Loss = 0.319963, MOS1 Inv Loss = 0.415406, MOS2 Loss = 0.453302, MOS2 Inv Loss = 0.134085
2025-04-24 10:27:41,165 - INFO - Epoch 241/400: Train Loss = 0.040224, MOS1 Loss = 0.310366, MOS1 Inv Loss = 0.407714, MOS2 Loss = 0.436905, MOS2 Inv Loss = 0.132338
2025-04-24 10:27:52,566 - INFO - Epoch 242/400: Train Loss = 0.040351, MOS1 Loss = 0.322199, MOS1 Inv Loss = 0.409449, MOS2 Loss = 0.414362, MOS2 Inv Loss = 0.136518
2025-04-24 10:28:03,961 - INFO - Epoch 243/400: Train Loss = 0.040543, MOS1 Loss = 0.317101, MOS1 Inv Loss = 0.409347, MOS2 Loss = 0.461239, MOS2 Inv Loss = 0.137412
2025-04-24 10:28:15,330 - INFO - Epoch 244/400: Train Loss = 0.040214, MOS1 Loss = 0.331141, MOS1 Inv Loss = 0.413188, MOS2 Loss = 0.429518, MOS2 Inv Loss = 0.131522
2025-04-24 10:28:15,330 - INFO - [新最佳-MOS2] Epoch 244: Scaled Loss = 0.429518, Unscaled Loss = 0.131522
2025-04-24 10:28:26,775 - INFO - Epoch 245/400: Train Loss = 0.040429, MOS1 Loss = 0.309120, MOS1 Inv Loss = 0.405382, MOS2 Loss = 0.423301, MOS2 Inv Loss = 0.133072
2025-04-24 10:28:26,776 - INFO - [新最佳-MOS1] Epoch 245: Scaled Loss = 0.309120, Unscaled Loss = 0.405382
2025-04-24 10:28:38,280 - INFO - Epoch 246/400: Train Loss = 0.040440, MOS1 Loss = 0.317050, MOS1 Inv Loss = 0.409183, MOS2 Loss = 0.432858, MOS2 Inv Loss = 0.131823
2025-04-24 10:28:49,671 - INFO - Epoch 247/400: Train Loss = 0.040018, MOS1 Loss = 0.307008, MOS1 Inv Loss = 0.408303, MOS2 Loss = 0.437401, MOS2 Inv Loss = 0.134753
2025-04-24 10:29:01,070 - INFO - Epoch 248/400: Train Loss = 0.040039, MOS1 Loss = 0.331129, MOS1 Inv Loss = 0.411484, MOS2 Loss = 0.431457, MOS2 Inv Loss = 0.132254
2025-04-24 10:29:12,510 - INFO - Epoch 249/400: Train Loss = 0.040131, MOS1 Loss = 0.325024, MOS1 Inv Loss = 0.413489, MOS2 Loss = 0.442414, MOS2 Inv Loss = 0.131863
2025-04-24 10:29:24,058 - INFO - Epoch 250/400: Train Loss = 0.039593, MOS1 Loss = 0.341552, MOS1 Inv Loss = 0.409693, MOS2 Loss = 0.424844, MOS2 Inv Loss = 0.134360
2025-04-24 10:29:35,431 - INFO - Epoch 251/400: Train Loss = 0.039627, MOS1 Loss = 0.320330, MOS1 Inv Loss = 0.405595, MOS2 Loss = 0.417835, MOS2 Inv Loss = 0.134858
2025-04-24 10:29:46,787 - INFO - Epoch 252/400: Train Loss = 0.039484, MOS1 Loss = 0.315976, MOS1 Inv Loss = 0.402102, MOS2 Loss = 0.443328, MOS2 Inv Loss = 0.131435
2025-04-24 10:29:46,787 - INFO - [新最佳-MOS1] Epoch 252: Scaled Loss = 0.315976, Unscaled Loss = 0.402102
2025-04-24 10:29:46,787 - INFO - [新最佳-MOS2] Epoch 252: Scaled Loss = 0.443328, Unscaled Loss = 0.131435
2025-04-24 10:29:58,083 - INFO - Epoch 253/400: Train Loss = 0.039508, MOS1 Loss = 0.321068, MOS1 Inv Loss = 0.405495, MOS2 Loss = 0.440296, MOS2 Inv Loss = 0.129446
2025-04-24 10:29:58,083 - INFO - [新最佳-MOS2] Epoch 253: Scaled Loss = 0.440296, Unscaled Loss = 0.129446
2025-04-24 10:30:09,428 - INFO - Epoch 254/400: Train Loss = 0.039735, MOS1 Loss = 0.289604, MOS1 Inv Loss = 0.423314, MOS2 Loss = 0.446247, MOS2 Inv Loss = 0.131741
2025-04-24 10:30:20,856 - INFO - Epoch 255/400: Train Loss = 0.039335, MOS1 Loss = 0.319253, MOS1 Inv Loss = 0.403088, MOS2 Loss = 0.424333, MOS2 Inv Loss = 0.132919
2025-04-24 10:30:32,219 - INFO - Epoch 256/400: Train Loss = 0.039857, MOS1 Loss = 0.325790, MOS1 Inv Loss = 0.405968, MOS2 Loss = 0.442725, MOS2 Inv Loss = 0.131246
2025-04-24 10:30:43,628 - INFO - Epoch 257/400: Train Loss = 0.039573, MOS1 Loss = 0.331798, MOS1 Inv Loss = 0.406008, MOS2 Loss = 0.440780, MOS2 Inv Loss = 0.130693
2025-04-24 10:30:55,015 - INFO - Epoch 258/400: Train Loss = 0.039685, MOS1 Loss = 0.315013, MOS1 Inv Loss = 0.403352, MOS2 Loss = 0.435877, MOS2 Inv Loss = 0.131913
2025-04-24 10:31:06,411 - INFO - Epoch 259/400: Train Loss = 0.039751, MOS1 Loss = 0.306977, MOS1 Inv Loss = 0.403636, MOS2 Loss = 0.443129, MOS2 Inv Loss = 0.130753
2025-04-24 10:31:17,862 - INFO - Epoch 260/400: Train Loss = 0.039502, MOS1 Loss = 0.305973, MOS1 Inv Loss = 0.405034, MOS2 Loss = 0.431564, MOS2 Inv Loss = 0.130078
2025-04-24 10:31:29,181 - INFO - Epoch 261/400: Train Loss = 0.039261, MOS1 Loss = 0.307815, MOS1 Inv Loss = 0.404543, MOS2 Loss = 0.432519, MOS2 Inv Loss = 0.130289
2025-04-24 10:31:40,635 - INFO - Epoch 262/400: Train Loss = 0.039354, MOS1 Loss = 0.329153, MOS1 Inv Loss = 0.404382, MOS2 Loss = 0.426950, MOS2 Inv Loss = 0.134495
2025-04-24 10:31:52,070 - INFO - Epoch 263/400: Train Loss = 0.039272, MOS1 Loss = 0.298551, MOS1 Inv Loss = 0.405356, MOS2 Loss = 0.428274, MOS2 Inv Loss = 0.131651
2025-04-24 10:32:03,547 - INFO - Epoch 264/400: Train Loss = 0.038770, MOS1 Loss = 0.308886, MOS1 Inv Loss = 0.406317, MOS2 Loss = 0.457253, MOS2 Inv Loss = 0.134902
2025-04-24 10:32:14,945 - INFO - Epoch 265/400: Train Loss = 0.039286, MOS1 Loss = 0.319530, MOS1 Inv Loss = 0.407189, MOS2 Loss = 0.460828, MOS2 Inv Loss = 0.135680
2025-04-24 10:32:26,295 - INFO - Epoch 266/400: Train Loss = 0.038811, MOS1 Loss = 0.319059, MOS1 Inv Loss = 0.403591, MOS2 Loss = 0.422448, MOS2 Inv Loss = 0.134020
2025-04-24 10:32:37,728 - INFO - Epoch 267/400: Train Loss = 0.038937, MOS1 Loss = 0.314693, MOS1 Inv Loss = 0.403557, MOS2 Loss = 0.448071, MOS2 Inv Loss = 0.131551
2025-04-24 10:32:49,050 - INFO - Epoch 268/400: Train Loss = 0.038702, MOS1 Loss = 0.320103, MOS1 Inv Loss = 0.411666, MOS2 Loss = 0.442838, MOS2 Inv Loss = 0.130575
2025-04-24 10:33:00,425 - INFO - Epoch 269/400: Train Loss = 0.038677, MOS1 Loss = 0.314317, MOS1 Inv Loss = 0.403392, MOS2 Loss = 0.450473, MOS2 Inv Loss = 0.133981
2025-04-24 10:33:11,804 - INFO - Epoch 270/400: Train Loss = 0.038867, MOS1 Loss = 0.328746, MOS1 Inv Loss = 0.405128, MOS2 Loss = 0.464160, MOS2 Inv Loss = 0.137524
2025-04-24 10:33:23,177 - INFO - Epoch 271/400: Train Loss = 0.039264, MOS1 Loss = 0.300304, MOS1 Inv Loss = 0.402084, MOS2 Loss = 0.436046, MOS2 Inv Loss = 0.129154
2025-04-24 10:33:23,178 - INFO - [新最佳-MOS1] Epoch 271: Scaled Loss = 0.300304, Unscaled Loss = 0.402084
2025-04-24 10:33:23,178 - INFO - [新最佳-MOS2] Epoch 271: Scaled Loss = 0.436046, Unscaled Loss = 0.129154
2025-04-24 10:33:34,650 - INFO - Epoch 272/400: Train Loss = 0.038693, MOS1 Loss = 0.333955, MOS1 Inv Loss = 0.406931, MOS2 Loss = 0.413384, MOS2 Inv Loss = 0.134154
2025-04-24 10:33:46,053 - INFO - Epoch 273/400: Train Loss = 0.038567, MOS1 Loss = 0.309905, MOS1 Inv Loss = 0.401447, MOS2 Loss = 0.421364, MOS2 Inv Loss = 0.131533
2025-04-24 10:33:46,054 - INFO - [新最佳-MOS1] Epoch 273: Scaled Loss = 0.309905, Unscaled Loss = 0.401447
2025-04-24 10:33:57,433 - INFO - Epoch 274/400: Train Loss = 0.038722, MOS1 Loss = 0.326019, MOS1 Inv Loss = 0.406482, MOS2 Loss = 0.415988, MOS2 Inv Loss = 0.134613
2025-04-24 10:34:08,913 - INFO - Epoch 275/400: Train Loss = 0.038432, MOS1 Loss = 0.303184, MOS1 Inv Loss = 0.405506, MOS2 Loss = 0.418579, MOS2 Inv Loss = 0.133397
2025-04-24 10:34:20,345 - INFO - Epoch 276/400: Train Loss = 0.038469, MOS1 Loss = 0.317977, MOS1 Inv Loss = 0.396556, MOS2 Loss = 0.434449, MOS2 Inv Loss = 0.128468
2025-04-24 10:34:20,346 - INFO - [新最佳-MOS1] Epoch 276: Scaled Loss = 0.317977, Unscaled Loss = 0.396556
2025-04-24 10:34:20,346 - INFO - [新最佳-MOS2] Epoch 276: Scaled Loss = 0.434449, Unscaled Loss = 0.128468
2025-04-24 10:34:31,714 - INFO - Epoch 277/400: Train Loss = 0.038635, MOS1 Loss = 0.353751, MOS1 Inv Loss = 0.410856, MOS2 Loss = 0.423344, MOS2 Inv Loss = 0.129971
2025-04-24 10:34:43,022 - INFO - Epoch 278/400: Train Loss = 0.038398, MOS1 Loss = 0.328259, MOS1 Inv Loss = 0.401573, MOS2 Loss = 0.426960, MOS2 Inv Loss = 0.130307
2025-04-24 10:34:54,462 - INFO - Epoch 279/400: Train Loss = 0.038401, MOS1 Loss = 0.329378, MOS1 Inv Loss = 0.404413, MOS2 Loss = 0.423144, MOS2 Inv Loss = 0.130687
2025-04-24 10:35:05,879 - INFO - Epoch 280/400: Train Loss = 0.038254, MOS1 Loss = 0.307477, MOS1 Inv Loss = 0.402030, MOS2 Loss = 0.445375, MOS2 Inv Loss = 0.130356
2025-04-24 10:35:17,231 - INFO - Epoch 281/400: Train Loss = 0.038542, MOS1 Loss = 0.311980, MOS1 Inv Loss = 0.403082, MOS2 Loss = 0.450933, MOS2 Inv Loss = 0.131342
2025-04-24 10:35:28,486 - INFO - Epoch 282/400: Train Loss = 0.038476, MOS1 Loss = 0.321995, MOS1 Inv Loss = 0.400647, MOS2 Loss = 0.432756, MOS2 Inv Loss = 0.129960
2025-04-24 10:35:39,862 - INFO - Epoch 283/400: Train Loss = 0.038158, MOS1 Loss = 0.310733, MOS1 Inv Loss = 0.401550, MOS2 Loss = 0.418372, MOS2 Inv Loss = 0.131192
2025-04-24 10:35:51,234 - INFO - Epoch 284/400: Train Loss = 0.038001, MOS1 Loss = 0.337501, MOS1 Inv Loss = 0.405176, MOS2 Loss = 0.444563, MOS2 Inv Loss = 0.130550
2025-04-24 10:36:02,692 - INFO - Epoch 285/400: Train Loss = 0.038146, MOS1 Loss = 0.312453, MOS1 Inv Loss = 0.394459, MOS2 Loss = 0.442698, MOS2 Inv Loss = 0.129745
2025-04-24 10:36:02,692 - INFO - [新最佳-MOS1] Epoch 285: Scaled Loss = 0.312453, Unscaled Loss = 0.394459
2025-04-24 10:36:14,142 - INFO - Epoch 286/400: Train Loss = 0.038424, MOS1 Loss = 0.309733, MOS1 Inv Loss = 0.396473, MOS2 Loss = 0.451229, MOS2 Inv Loss = 0.131150
2025-04-24 10:36:25,580 - INFO - Epoch 287/400: Train Loss = 0.038336, MOS1 Loss = 0.318470, MOS1 Inv Loss = 0.395297, MOS2 Loss = 0.431110, MOS2 Inv Loss = 0.129137
2025-04-24 10:36:37,007 - INFO - Epoch 288/400: Train Loss = 0.038071, MOS1 Loss = 0.304507, MOS1 Inv Loss = 0.398489, MOS2 Loss = 0.435119, MOS2 Inv Loss = 0.129202
2025-04-24 10:36:48,410 - INFO - Epoch 289/400: Train Loss = 0.037872, MOS1 Loss = 0.300841, MOS1 Inv Loss = 0.402036, MOS2 Loss = 0.446050, MOS2 Inv Loss = 0.130754
2025-04-24 10:36:59,825 - INFO - Epoch 290/400: Train Loss = 0.037696, MOS1 Loss = 0.313746, MOS1 Inv Loss = 0.398869, MOS2 Loss = 0.455394, MOS2 Inv Loss = 0.133974
2025-04-24 10:37:11,299 - INFO - Epoch 291/400: Train Loss = 0.037551, MOS1 Loss = 0.296855, MOS1 Inv Loss = 0.402257, MOS2 Loss = 0.458697, MOS2 Inv Loss = 0.133353
2025-04-24 10:37:22,738 - INFO - Epoch 292/400: Train Loss = 0.037457, MOS1 Loss = 0.319538, MOS1 Inv Loss = 0.393471, MOS2 Loss = 0.420438, MOS2 Inv Loss = 0.131265
2025-04-24 10:37:22,739 - INFO - [新最佳-MOS1] Epoch 292: Scaled Loss = 0.319538, Unscaled Loss = 0.393471
2025-04-24 10:37:34,197 - INFO - Epoch 293/400: Train Loss = 0.037628, MOS1 Loss = 0.332886, MOS1 Inv Loss = 0.404135, MOS2 Loss = 0.430541, MOS2 Inv Loss = 0.129158
2025-04-24 10:37:45,629 - INFO - Epoch 294/400: Train Loss = 0.037914, MOS1 Loss = 0.304922, MOS1 Inv Loss = 0.398477, MOS2 Loss = 0.443359, MOS2 Inv Loss = 0.129986
2025-04-24 10:37:57,053 - INFO - Epoch 295/400: Train Loss = 0.038010, MOS1 Loss = 0.287800, MOS1 Inv Loss = 0.403145, MOS2 Loss = 0.424983, MOS2 Inv Loss = 0.130202
2025-04-24 10:38:08,439 - INFO - Epoch 296/400: Train Loss = 0.037340, MOS1 Loss = 0.340589, MOS1 Inv Loss = 0.396519, MOS2 Loss = 0.440726, MOS2 Inv Loss = 0.129096
2025-04-24 10:38:19,847 - INFO - Epoch 297/400: Train Loss = 0.037649, MOS1 Loss = 0.315035, MOS1 Inv Loss = 0.395397, MOS2 Loss = 0.433640, MOS2 Inv Loss = 0.129313
2025-04-24 10:38:31,305 - INFO - Epoch 298/400: Train Loss = 0.037187, MOS1 Loss = 0.310992, MOS1 Inv Loss = 0.395888, MOS2 Loss = 0.444643, MOS2 Inv Loss = 0.131556
2025-04-24 10:38:42,772 - INFO - Epoch 299/400: Train Loss = 0.037302, MOS1 Loss = 0.308550, MOS1 Inv Loss = 0.393613, MOS2 Loss = 0.431357, MOS2 Inv Loss = 0.128265
2025-04-24 10:38:42,773 - INFO - [新最佳-MOS2] Epoch 299: Scaled Loss = 0.431357, Unscaled Loss = 0.128265
2025-04-24 10:38:54,213 - INFO - Epoch 300/400: Train Loss = 0.036743, MOS1 Loss = 0.322086, MOS1 Inv Loss = 0.396687, MOS2 Loss = 0.430537, MOS2 Inv Loss = 0.128540
2025-04-24 10:39:05,612 - INFO - Epoch 301/400: Train Loss = 0.037439, MOS1 Loss = 0.312137, MOS1 Inv Loss = 0.392773, MOS2 Loss = 0.458092, MOS2 Inv Loss = 0.133912
2025-04-24 10:39:05,613 - INFO - [新最佳-MOS1] Epoch 301: Scaled Loss = 0.312137, Unscaled Loss = 0.392773
2025-04-24 10:39:16,956 - INFO - Epoch 302/400: Train Loss = 0.036919, MOS1 Loss = 0.331554, MOS1 Inv Loss = 0.403014, MOS2 Loss = 0.401571, MOS2 Inv Loss = 0.141874
2025-04-24 10:39:28,414 - INFO - Epoch 303/400: Train Loss = 0.037456, MOS1 Loss = 0.322266, MOS1 Inv Loss = 0.398198, MOS2 Loss = 0.435463, MOS2 Inv Loss = 0.129194
2025-04-24 10:39:39,852 - INFO - Epoch 304/400: Train Loss = 0.037083, MOS1 Loss = 0.320797, MOS1 Inv Loss = 0.396919, MOS2 Loss = 0.424833, MOS2 Inv Loss = 0.130735
2025-04-24 10:39:51,355 - INFO - Epoch 305/400: Train Loss = 0.037539, MOS1 Loss = 0.327213, MOS1 Inv Loss = 0.394338, MOS2 Loss = 0.426277, MOS2 Inv Loss = 0.129968
2025-04-24 10:40:02,745 - INFO - Epoch 306/400: Train Loss = 0.037108, MOS1 Loss = 0.299331, MOS1 Inv Loss = 0.400593, MOS2 Loss = 0.442076, MOS2 Inv Loss = 0.130049
2025-04-24 10:40:14,455 - INFO - Epoch 307/400: Train Loss = 0.037033, MOS1 Loss = 0.320812, MOS1 Inv Loss = 0.392738, MOS2 Loss = 0.426838, MOS2 Inv Loss = 0.130141
2025-04-24 10:40:14,455 - INFO - [新最佳-MOS1] Epoch 307: Scaled Loss = 0.320812, Unscaled Loss = 0.392738
2025-04-24 10:40:26,068 - INFO - Epoch 308/400: Train Loss = 0.037075, MOS1 Loss = 0.325905, MOS1 Inv Loss = 0.394786, MOS2 Loss = 0.441259, MOS2 Inv Loss = 0.128680
2025-04-24 10:40:37,494 - INFO - Epoch 309/400: Train Loss = 0.036826, MOS1 Loss = 0.317081, MOS1 Inv Loss = 0.399194, MOS2 Loss = 0.435266, MOS2 Inv Loss = 0.129383
2025-04-24 10:40:48,941 - INFO - Epoch 310/400: Train Loss = 0.037127, MOS1 Loss = 0.282740, MOS1 Inv Loss = 0.407123, MOS2 Loss = 0.452734, MOS2 Inv Loss = 0.132017
2025-04-24 10:41:00,413 - INFO - Epoch 311/400: Train Loss = 0.036732, MOS1 Loss = 0.311745, MOS1 Inv Loss = 0.394560, MOS2 Loss = 0.420853, MOS2 Inv Loss = 0.131463
2025-04-24 10:41:11,844 - INFO - Epoch 312/400: Train Loss = 0.036888, MOS1 Loss = 0.324149, MOS1 Inv Loss = 0.391532, MOS2 Loss = 0.428428, MOS2 Inv Loss = 0.129221
2025-04-24 10:41:11,845 - INFO - [新最佳-MOS1] Epoch 312: Scaled Loss = 0.324149, Unscaled Loss = 0.391532
2025-04-24 10:41:23,234 - INFO - Epoch 313/400: Train Loss = 0.036605, MOS1 Loss = 0.296577, MOS1 Inv Loss = 0.397022, MOS2 Loss = 0.438288, MOS2 Inv Loss = 0.128722
2025-04-24 10:41:34,604 - INFO - Epoch 314/400: Train Loss = 0.036721, MOS1 Loss = 0.310525, MOS1 Inv Loss = 0.392894, MOS2 Loss = 0.442379, MOS2 Inv Loss = 0.129911
2025-04-24 10:41:46,081 - INFO - Epoch 315/400: Train Loss = 0.037051, MOS1 Loss = 0.315146, MOS1 Inv Loss = 0.392202, MOS2 Loss = 0.424629, MOS2 Inv Loss = 0.128753
2025-04-24 10:41:57,539 - INFO - Epoch 316/400: Train Loss = 0.036547, MOS1 Loss = 0.303125, MOS1 Inv Loss = 0.394257, MOS2 Loss = 0.439380, MOS2 Inv Loss = 0.129194
2025-04-24 10:42:08,824 - INFO - Epoch 317/400: Train Loss = 0.036681, MOS1 Loss = 0.332023, MOS1 Inv Loss = 0.394757, MOS2 Loss = 0.431804, MOS2 Inv Loss = 0.130206
2025-04-24 10:42:20,305 - INFO - Epoch 318/400: Train Loss = 0.036629, MOS1 Loss = 0.306576, MOS1 Inv Loss = 0.399066, MOS2 Loss = 0.420707, MOS2 Inv Loss = 0.133131
2025-04-24 10:42:31,619 - INFO - Epoch 319/400: Train Loss = 0.036621, MOS1 Loss = 0.331080, MOS1 Inv Loss = 0.391147, MOS2 Loss = 0.450737, MOS2 Inv Loss = 0.132050
2025-04-24 10:42:31,619 - INFO - [新最佳-MOS1] Epoch 319: Scaled Loss = 0.331080, Unscaled Loss = 0.391147
2025-04-24 10:42:42,927 - INFO - Epoch 320/400: Train Loss = 0.036342, MOS1 Loss = 0.296514, MOS1 Inv Loss = 0.394825, MOS2 Loss = 0.447092, MOS2 Inv Loss = 0.129523
2025-04-24 10:42:54,390 - INFO - Epoch 321/400: Train Loss = 0.036021, MOS1 Loss = 0.309693, MOS1 Inv Loss = 0.394769, MOS2 Loss = 0.428819, MOS2 Inv Loss = 0.128248
2025-04-24 10:42:54,391 - INFO - [新最佳-MOS2] Epoch 321: Scaled Loss = 0.428819, Unscaled Loss = 0.128248
2025-04-24 10:43:05,785 - INFO - Epoch 322/400: Train Loss = 0.035990, MOS1 Loss = 0.311055, MOS1 Inv Loss = 0.393176, MOS2 Loss = 0.438538, MOS2 Inv Loss = 0.128230
2025-04-24 10:43:05,785 - INFO - [新最佳-MOS2] Epoch 322: Scaled Loss = 0.438538, Unscaled Loss = 0.128230
2025-04-24 10:43:17,097 - INFO - Epoch 323/400: Train Loss = 0.036243, MOS1 Loss = 0.316423, MOS1 Inv Loss = 0.395182, MOS2 Loss = 0.417474, MOS2 Inv Loss = 0.131785
2025-04-24 10:43:28,424 - INFO - Epoch 324/400: Train Loss = 0.036629, MOS1 Loss = 0.312027, MOS1 Inv Loss = 0.388442, MOS2 Loss = 0.431034, MOS2 Inv Loss = 0.129781
2025-04-24 10:43:28,425 - INFO - [新最佳-MOS1] Epoch 324: Scaled Loss = 0.312027, Unscaled Loss = 0.388442
2025-04-24 10:43:39,699 - INFO - Epoch 325/400: Train Loss = 0.036740, MOS1 Loss = 0.322788, MOS1 Inv Loss = 0.393016, MOS2 Loss = 0.425620, MOS2 Inv Loss = 0.129299
2025-04-24 10:43:51,202 - INFO - Epoch 326/400: Train Loss = 0.036199, MOS1 Loss = 0.309722, MOS1 Inv Loss = 0.390975, MOS2 Loss = 0.449941, MOS2 Inv Loss = 0.130649
2025-04-24 10:44:02,656 - INFO - Epoch 327/400: Train Loss = 0.036413, MOS1 Loss = 0.312184, MOS1 Inv Loss = 0.391649, MOS2 Loss = 0.422836, MOS2 Inv Loss = 0.130249
2025-04-24 10:44:14,003 - INFO - Epoch 328/400: Train Loss = 0.036079, MOS1 Loss = 0.306058, MOS1 Inv Loss = 0.391189, MOS2 Loss = 0.434513, MOS2 Inv Loss = 0.127954
2025-04-24 10:44:14,003 - INFO - [新最佳-MOS2] Epoch 328: Scaled Loss = 0.434513, Unscaled Loss = 0.127954
2025-04-24 10:44:25,403 - INFO - Epoch 329/400: Train Loss = 0.036808, MOS1 Loss = 0.295873, MOS1 Inv Loss = 0.393861, MOS2 Loss = 0.455761, MOS2 Inv Loss = 0.133826
2025-04-24 10:44:36,848 - INFO - Epoch 330/400: Train Loss = 0.035822, MOS1 Loss = 0.314868, MOS1 Inv Loss = 0.393335, MOS2 Loss = 0.434629, MOS2 Inv Loss = 0.128327
2025-04-24 10:44:48,393 - INFO - Epoch 331/400: Train Loss = 0.035841, MOS1 Loss = 0.345753, MOS1 Inv Loss = 0.396943, MOS2 Loss = 0.418513, MOS2 Inv Loss = 0.129472
2025-04-24 10:44:59,873 - INFO - Epoch 332/400: Train Loss = 0.036431, MOS1 Loss = 0.314857, MOS1 Inv Loss = 0.390692, MOS2 Loss = 0.449401, MOS2 Inv Loss = 0.130927
2025-04-24 10:45:11,200 - INFO - Epoch 333/400: Train Loss = 0.036230, MOS1 Loss = 0.294506, MOS1 Inv Loss = 0.399810, MOS2 Loss = 0.435940, MOS2 Inv Loss = 0.128512
2025-04-24 10:45:22,572 - INFO - Epoch 334/400: Train Loss = 0.036195, MOS1 Loss = 0.310465, MOS1 Inv Loss = 0.396718, MOS2 Loss = 0.438349, MOS2 Inv Loss = 0.129853
2025-04-24 10:45:33,888 - INFO - Epoch 335/400: Train Loss = 0.036278, MOS1 Loss = 0.307980, MOS1 Inv Loss = 0.399019, MOS2 Loss = 0.425401, MOS2 Inv Loss = 0.130171
2025-04-24 10:45:45,292 - INFO - Epoch 336/400: Train Loss = 0.035980, MOS1 Loss = 0.325513, MOS1 Inv Loss = 0.394997, MOS2 Loss = 0.419965, MOS2 Inv Loss = 0.131361
2025-04-24 10:45:56,738 - INFO - Epoch 337/400: Train Loss = 0.035999, MOS1 Loss = 0.343272, MOS1 Inv Loss = 0.397211, MOS2 Loss = 0.417503, MOS2 Inv Loss = 0.130453
2025-04-24 10:46:08,225 - INFO - Epoch 338/400: Train Loss = 0.036097, MOS1 Loss = 0.321050, MOS1 Inv Loss = 0.391941, MOS2 Loss = 0.424770, MOS2 Inv Loss = 0.127286
2025-04-24 10:46:08,225 - INFO - [新最佳-MOS2] Epoch 338: Scaled Loss = 0.424770, Unscaled Loss = 0.127286
2025-04-24 10:46:19,657 - INFO - Epoch 339/400: Train Loss = 0.035421, MOS1 Loss = 0.314447, MOS1 Inv Loss = 0.393392, MOS2 Loss = 0.424998, MOS2 Inv Loss = 0.128898
2025-04-24 10:46:31,049 - INFO - Epoch 340/400: Train Loss = 0.035637, MOS1 Loss = 0.292023, MOS1 Inv Loss = 0.394058, MOS2 Loss = 0.434441, MOS2 Inv Loss = 0.127601
2025-04-24 10:46:42,447 - INFO - Epoch 341/400: Train Loss = 0.035684, MOS1 Loss = 0.319875, MOS1 Inv Loss = 0.390037, MOS2 Loss = 0.438533, MOS2 Inv Loss = 0.127751
2025-04-24 10:46:53,888 - INFO - Epoch 342/400: Train Loss = 0.035561, MOS1 Loss = 0.307938, MOS1 Inv Loss = 0.390492, MOS2 Loss = 0.434794, MOS2 Inv Loss = 0.127158
2025-04-24 10:46:53,889 - INFO - [新最佳-MOS2] Epoch 342: Scaled Loss = 0.434794, Unscaled Loss = 0.127158
2025-04-24 10:47:05,199 - INFO - Epoch 343/400: Train Loss = 0.035953, MOS1 Loss = 0.308483, MOS1 Inv Loss = 0.397339, MOS2 Loss = 0.453212, MOS2 Inv Loss = 0.130843
2025-04-24 10:47:16,556 - INFO - Epoch 344/400: Train Loss = 0.036139, MOS1 Loss = 0.302759, MOS1 Inv Loss = 0.394670, MOS2 Loss = 0.431248, MOS2 Inv Loss = 0.128074
2025-04-24 10:47:27,924 - INFO - Epoch 345/400: Train Loss = 0.035815, MOS1 Loss = 0.310807, MOS1 Inv Loss = 0.386916, MOS2 Loss = 0.431617, MOS2 Inv Loss = 0.129316
2025-04-24 10:47:27,924 - INFO - [新最佳-MOS1] Epoch 345: Scaled Loss = 0.310807, Unscaled Loss = 0.386916
2025-04-24 10:47:39,354 - INFO - Epoch 346/400: Train Loss = 0.036074, MOS1 Loss = 0.292617, MOS1 Inv Loss = 0.394435, MOS2 Loss = 0.443881, MOS2 Inv Loss = 0.128638
2025-04-24 10:47:50,905 - INFO - Epoch 347/400: Train Loss = 0.035692, MOS1 Loss = 0.305555, MOS1 Inv Loss = 0.396449, MOS2 Loss = 0.429779, MOS2 Inv Loss = 0.127935
2025-04-24 10:48:02,377 - INFO - Epoch 348/400: Train Loss = 0.035531, MOS1 Loss = 0.327830, MOS1 Inv Loss = 0.393532, MOS2 Loss = 0.416728, MOS2 Inv Loss = 0.132719
2025-04-24 10:48:13,776 - INFO - Epoch 349/400: Train Loss = 0.035010, MOS1 Loss = 0.313446, MOS1 Inv Loss = 0.390772, MOS2 Loss = 0.412234, MOS2 Inv Loss = 0.132455
2025-04-24 10:48:25,288 - INFO - Epoch 350/400: Train Loss = 0.035247, MOS1 Loss = 0.297425, MOS1 Inv Loss = 0.395696, MOS2 Loss = 0.439864, MOS2 Inv Loss = 0.128736
2025-04-24 10:48:36,700 - INFO - Epoch 351/400: Train Loss = 0.035184, MOS1 Loss = 0.316768, MOS1 Inv Loss = 0.390576, MOS2 Loss = 0.437394, MOS2 Inv Loss = 0.127222
2025-04-24 10:48:48,003 - INFO - Epoch 352/400: Train Loss = 0.035033, MOS1 Loss = 0.326874, MOS1 Inv Loss = 0.391573, MOS2 Loss = 0.453710, MOS2 Inv Loss = 0.130212
2025-04-24 10:48:59,394 - INFO - Epoch 353/400: Train Loss = 0.035521, MOS1 Loss = 0.319367, MOS1 Inv Loss = 0.387996, MOS2 Loss = 0.432005, MOS2 Inv Loss = 0.126871
2025-04-24 10:48:59,394 - INFO - [新最佳-MOS2] Epoch 353: Scaled Loss = 0.432005, Unscaled Loss = 0.126871
2025-04-24 10:49:10,847 - INFO - Epoch 354/400: Train Loss = 0.035008, MOS1 Loss = 0.307609, MOS1 Inv Loss = 0.384521, MOS2 Loss = 0.438216, MOS2 Inv Loss = 0.127357
2025-04-24 10:49:10,847 - INFO - [新最佳-MOS1] Epoch 354: Scaled Loss = 0.307609, Unscaled Loss = 0.384521
2025-04-24 10:49:22,332 - INFO - Epoch 355/400: Train Loss = 0.035316, MOS1 Loss = 0.309973, MOS1 Inv Loss = 0.390133, MOS2 Loss = 0.446857, MOS2 Inv Loss = 0.128985
2025-04-24 10:49:33,803 - INFO - Epoch 356/400: Train Loss = 0.034909, MOS1 Loss = 0.307890, MOS1 Inv Loss = 0.391017, MOS2 Loss = 0.424726, MOS2 Inv Loss = 0.128495
2025-04-24 10:49:45,308 - INFO - Epoch 357/400: Train Loss = 0.035508, MOS1 Loss = 0.313322, MOS1 Inv Loss = 0.387723, MOS2 Loss = 0.445886, MOS2 Inv Loss = 0.129502
2025-04-24 10:49:56,615 - INFO - Epoch 358/400: Train Loss = 0.035542, MOS1 Loss = 0.315524, MOS1 Inv Loss = 0.386379, MOS2 Loss = 0.415401, MOS2 Inv Loss = 0.130964
2025-04-24 10:50:08,064 - INFO - Epoch 359/400: Train Loss = 0.035479, MOS1 Loss = 0.320230, MOS1 Inv Loss = 0.385546, MOS2 Loss = 0.434486, MOS2 Inv Loss = 0.127074
2025-04-24 10:50:19,476 - INFO - Epoch 360/400: Train Loss = 0.034953, MOS1 Loss = 0.325534, MOS1 Inv Loss = 0.394023, MOS2 Loss = 0.434422, MOS2 Inv Loss = 0.127468
2025-04-24 10:50:30,901 - INFO - Epoch 361/400: Train Loss = 0.035053, MOS1 Loss = 0.326280, MOS1 Inv Loss = 0.390180, MOS2 Loss = 0.437878, MOS2 Inv Loss = 0.128418
2025-04-24 10:50:42,212 - INFO - Epoch 362/400: Train Loss = 0.034915, MOS1 Loss = 0.338511, MOS1 Inv Loss = 0.393398, MOS2 Loss = 0.424370, MOS2 Inv Loss = 0.128019
2025-04-24 10:50:53,647 - INFO - Epoch 363/400: Train Loss = 0.034556, MOS1 Loss = 0.297578, MOS1 Inv Loss = 0.390871, MOS2 Loss = 0.446310, MOS2 Inv Loss = 0.128786
2025-04-24 10:51:05,022 - INFO - Epoch 364/400: Train Loss = 0.035008, MOS1 Loss = 0.311429, MOS1 Inv Loss = 0.390841, MOS2 Loss = 0.442504, MOS2 Inv Loss = 0.128307
2025-04-24 10:51:16,531 - INFO - Epoch 365/400: Train Loss = 0.034859, MOS1 Loss = 0.330062, MOS1 Inv Loss = 0.394354, MOS2 Loss = 0.435366, MOS2 Inv Loss = 0.126774
2025-04-24 10:51:16,531 - INFO - [新最佳-MOS2] Epoch 365: Scaled Loss = 0.435366, Unscaled Loss = 0.126774
2025-04-24 10:51:24,434 - INFO - Epoch 366/400: Train Loss = 0.034930, MOS1 Loss = 0.297737, MOS1 Inv Loss = 0.398745, MOS2 Loss = 0.431328, MOS2 Inv Loss = 0.127439
2025-04-24 10:51:31,969 - INFO - Epoch 367/400: Train Loss = 0.034732, MOS1 Loss = 0.290745, MOS1 Inv Loss = 0.390486, MOS2 Loss = 0.445113, MOS2 Inv Loss = 0.128932
2025-04-24 10:51:39,377 - INFO - Epoch 368/400: Train Loss = 0.034739, MOS1 Loss = 0.321644, MOS1 Inv Loss = 0.382024, MOS2 Loss = 0.443522, MOS2 Inv Loss = 0.128030
2025-04-24 10:51:39,378 - INFO - [新最佳-MOS1] Epoch 368: Scaled Loss = 0.321644, Unscaled Loss = 0.382024
2025-04-24 10:51:46,779 - INFO - Epoch 369/400: Train Loss = 0.034770, MOS1 Loss = 0.302887, MOS1 Inv Loss = 0.392345, MOS2 Loss = 0.452104, MOS2 Inv Loss = 0.131375
2025-04-24 10:51:54,191 - INFO - Epoch 370/400: Train Loss = 0.035164, MOS1 Loss = 0.315381, MOS1 Inv Loss = 0.389679, MOS2 Loss = 0.431173, MOS2 Inv Loss = 0.127360
2025-04-24 10:52:01,580 - INFO - Epoch 371/400: Train Loss = 0.034511, MOS1 Loss = 0.301906, MOS1 Inv Loss = 0.389035, MOS2 Loss = 0.424233, MOS2 Inv Loss = 0.129364
2025-04-24 10:52:08,963 - INFO - Epoch 372/400: Train Loss = 0.035284, MOS1 Loss = 0.337661, MOS1 Inv Loss = 0.394514, MOS2 Loss = 0.442747, MOS2 Inv Loss = 0.127571
2025-04-24 10:52:16,432 - INFO - Epoch 373/400: Train Loss = 0.035011, MOS1 Loss = 0.313477, MOS1 Inv Loss = 0.386589, MOS2 Loss = 0.424208, MOS2 Inv Loss = 0.127614
2025-04-24 10:52:23,834 - INFO - Epoch 374/400: Train Loss = 0.034324, MOS1 Loss = 0.305499, MOS1 Inv Loss = 0.390877, MOS2 Loss = 0.432507, MOS2 Inv Loss = 0.127486
2025-04-24 10:52:31,187 - INFO - Epoch 375/400: Train Loss = 0.034596, MOS1 Loss = 0.323421, MOS1 Inv Loss = 0.384968, MOS2 Loss = 0.419229, MOS2 Inv Loss = 0.131164
2025-04-24 10:52:38,614 - INFO - Epoch 376/400: Train Loss = 0.034543, MOS1 Loss = 0.298896, MOS1 Inv Loss = 0.389403, MOS2 Loss = 0.438523, MOS2 Inv Loss = 0.128745
2025-04-24 10:52:45,986 - INFO - Epoch 377/400: Train Loss = 0.034458, MOS1 Loss = 0.339476, MOS1 Inv Loss = 0.391179, MOS2 Loss = 0.421038, MOS2 Inv Loss = 0.127703
2025-04-24 10:52:53,504 - INFO - Epoch 378/400: Train Loss = 0.033787, MOS1 Loss = 0.315591, MOS1 Inv Loss = 0.386910, MOS2 Loss = 0.450710, MOS2 Inv Loss = 0.130080
2025-04-24 10:53:00,971 - INFO - Epoch 379/400: Train Loss = 0.034261, MOS1 Loss = 0.300779, MOS1 Inv Loss = 0.389189, MOS2 Loss = 0.427957, MOS2 Inv Loss = 0.126542
2025-04-24 10:53:00,971 - INFO - [新最佳-MOS2] Epoch 379: Scaled Loss = 0.427957, Unscaled Loss = 0.126542
2025-04-24 10:53:08,331 - INFO - Epoch 380/400: Train Loss = 0.034131, MOS1 Loss = 0.315251, MOS1 Inv Loss = 0.390819, MOS2 Loss = 0.412053, MOS2 Inv Loss = 0.132624
2025-04-24 10:53:15,708 - INFO - Epoch 381/400: Train Loss = 0.033962, MOS1 Loss = 0.316781, MOS1 Inv Loss = 0.388392, MOS2 Loss = 0.450121, MOS2 Inv Loss = 0.128612
2025-04-24 10:53:23,094 - INFO - Epoch 382/400: Train Loss = 0.034103, MOS1 Loss = 0.292738, MOS1 Inv Loss = 0.383076, MOS2 Loss = 0.454451, MOS2 Inv Loss = 0.131199
2025-04-24 10:53:30,427 - INFO - Epoch 383/400: Train Loss = 0.034277, MOS1 Loss = 0.316031, MOS1 Inv Loss = 0.389782, MOS2 Loss = 0.430433, MOS2 Inv Loss = 0.127295
2025-04-24 10:53:37,759 - INFO - Epoch 384/400: Train Loss = 0.034063, MOS1 Loss = 0.311136, MOS1 Inv Loss = 0.391258, MOS2 Loss = 0.438531, MOS2 Inv Loss = 0.127484
2025-04-24 10:53:45,225 - INFO - Epoch 385/400: Train Loss = 0.033898, MOS1 Loss = 0.307596, MOS1 Inv Loss = 0.385678, MOS2 Loss = 0.436381, MOS2 Inv Loss = 0.127180
2025-04-24 10:53:52,551 - INFO - Epoch 386/400: Train Loss = 0.034135, MOS1 Loss = 0.323397, MOS1 Inv Loss = 0.385277, MOS2 Loss = 0.435383, MOS2 Inv Loss = 0.127650
2025-04-24 10:53:59,857 - INFO - Epoch 387/400: Train Loss = 0.033932, MOS1 Loss = 0.326745, MOS1 Inv Loss = 0.389518, MOS2 Loss = 0.440644, MOS2 Inv Loss = 0.127220
2025-04-24 10:54:07,260 - INFO - Epoch 388/400: Train Loss = 0.034178, MOS1 Loss = 0.296259, MOS1 Inv Loss = 0.390603, MOS2 Loss = 0.451516, MOS2 Inv Loss = 0.130139
2025-04-24 10:54:14,682 - INFO - Epoch 389/400: Train Loss = 0.034145, MOS1 Loss = 0.336010, MOS1 Inv Loss = 0.387746, MOS2 Loss = 0.425694, MOS2 Inv Loss = 0.127428
2025-04-24 10:54:22,090 - INFO - Epoch 390/400: Train Loss = 0.033793, MOS1 Loss = 0.285830, MOS1 Inv Loss = 0.396279, MOS2 Loss = 0.433546, MOS2 Inv Loss = 0.127415
2025-04-24 10:54:29,493 - INFO - Epoch 391/400: Train Loss = 0.034071, MOS1 Loss = 0.339855, MOS1 Inv Loss = 0.393304, MOS2 Loss = 0.433718, MOS2 Inv Loss = 0.126504
2025-04-24 10:54:29,493 - INFO - [新最佳-MOS2] Epoch 391: Scaled Loss = 0.433718, Unscaled Loss = 0.126504
2025-04-24 10:54:36,882 - INFO - Epoch 392/400: Train Loss = 0.033912, MOS1 Loss = 0.311395, MOS1 Inv Loss = 0.388138, MOS2 Loss = 0.432546, MOS2 Inv Loss = 0.127508
2025-04-24 10:54:44,294 - INFO - Epoch 393/400: Train Loss = 0.034096, MOS1 Loss = 0.313178, MOS1 Inv Loss = 0.387094, MOS2 Loss = 0.415029, MOS2 Inv Loss = 0.130056
2025-04-24 10:54:51,704 - INFO - Epoch 394/400: Train Loss = 0.034091, MOS1 Loss = 0.291349, MOS1 Inv Loss = 0.387693, MOS2 Loss = 0.457223, MOS2 Inv Loss = 0.133927
2025-04-24 10:54:59,116 - INFO - Epoch 395/400: Train Loss = 0.034191, MOS1 Loss = 0.327411, MOS1 Inv Loss = 0.387426, MOS2 Loss = 0.431253, MOS2 Inv Loss = 0.126210
2025-04-24 10:54:59,116 - INFO - [新最佳-MOS2] Epoch 395: Scaled Loss = 0.431253, Unscaled Loss = 0.126210
2025-04-24 10:55:06,489 - INFO - Epoch 396/400: Train Loss = 0.033441, MOS1 Loss = 0.306990, MOS1 Inv Loss = 0.385215, MOS2 Loss = 0.421755, MOS2 Inv Loss = 0.128735
2025-04-24 10:55:13,884 - INFO - Epoch 397/400: Train Loss = 0.033796, MOS1 Loss = 0.290293, MOS1 Inv Loss = 0.393977, MOS2 Loss = 0.455540, MOS2 Inv Loss = 0.133495
2025-04-24 10:55:21,334 - INFO - Epoch 398/400: Train Loss = 0.033902, MOS1 Loss = 0.321052, MOS1 Inv Loss = 0.384188, MOS2 Loss = 0.406758, MOS2 Inv Loss = 0.136595
2025-04-24 10:55:28,715 - INFO - Epoch 399/400: Train Loss = 0.033725, MOS1 Loss = 0.298560, MOS1 Inv Loss = 0.389528, MOS2 Loss = 0.437083, MOS2 Inv Loss = 0.128310
2025-04-24 10:55:36,240 - INFO - Epoch 400/400: Train Loss = 0.033908, MOS1 Loss = 0.317725, MOS1 Inv Loss = 0.390945, MOS2 Loss = 0.420654, MOS2 Inv Loss = 0.129060
2025-04-24 10:55:36,241 - INFO - 训练完成! 各测试集上的最佳性能:
2025-04-24 10:55:36,251 - INFO - MOS1: 最佳Epoch 368, Scaled Loss = 0.321644, Unscaled Loss = 0.382024
2025-04-24 10:55:36,251 - INFO - MOS2: 最佳Epoch 395, Scaled Loss = 0.431253, Unscaled Loss = 0.126210
2025-04-24 10:55:36,254 - INFO - 比较不同模型的表现...
2025-04-24 10:55:36,274 - INFO - 比较结果已保存到: log/analysis_log/全数据集和专用模型对比/2025_4_23/model_comparison_5P\model_comparison.csv
2025-04-24 10:55:36,283 - INFO - 
  Test Set  Full Model Scaled Loss  Specialized Model Scaled Loss  Scaled Improvement (%)  Full Model Unscaled Loss  Specialized Model Unscaled Loss  Unscaled Improvement (%)
0     MOS1                0.321644                       0.075929              -76.393496                  0.382024                         0.375563                 -1.691456
1     MOS2                0.431253                       0.101849              -76.383016                  0.126210                         0.111200                -11.892831
2025-04-24 10:55:36,283 - INFO - 
分析结论:
2025-04-24 10:55:36,283 - INFO - MOS1 专用模型相比全数据集模型在逆放缩后有 1.69% 的提升
2025-04-24 10:55:36,283 - INFO - MOS2 专用模型相比全数据集模型在逆放缩后有 11.89% 的提升
2025-04-24 10:55:36,284 - INFO - 
最终建模建议:
2025-04-24 10:55:36,284 - INFO - 建议为MOS1和MOS2分别使用专用模型
2025-04-24 10:55:36,284 - INFO - ==================================================
2025-04-24 10:55:36,284 - INFO - 分析完成! 时间: 2025-04-24 10:55:36
