2025-01-10 09:55:49,969 INFO: namespace(attn_dropout=0.4, categories=[], cluster=3, depth=2, dim=32, ff_dropout=0.4, groups=[54, 54, 54], heads=8, name='AMFormer_KAN_depth2', num_cate=0, num_cont=15, num_special_tokens=1, out=1, out_dim=1, predictor='KAN', prod_num_per_group=[6, 6, 6], qk_relu=False, sum_num_per_group=[32, 16, 8], target_mode='regression', token_descent=False, use_cls_token=True, use_prod=True, use_sigmoid=True) 
2025-01-10 09:55:49,969 INFO: Dataset:Bike 
2025-01-10 09:55:49,969 INFO: ------Begin Training Model------ 
2025-01-10 09:55:55,781 INFO: Epoch 1, Train Loss: 0.8785464101975117, Test Loss: 0.7830457538366318, Inverse Test Loss: 4.8061403547014505 
2025-01-10 09:55:57,911 INFO: Epoch 2, Train Loss: 0.8107673268799388, Test Loss: 0.7760735026427678, Inverse Test Loss: 4.729743957519531 
2025-01-10 09:56:00,039 INFO: Epoch 3, Train Loss: 0.7984521006225446, Test Loss: 0.7721038694892611, Inverse Test Loss: 4.653765542166574 
2025-01-10 09:56:02,158 INFO: Epoch 4, Train Loss: 0.7923947370380436, Test Loss: 0.7602673577410834, Inverse Test Loss: 4.345110484531948 
2025-01-10 09:56:04,265 INFO: Epoch 5, Train Loss: 0.787703035621468, Test Loss: 0.7630261012486049, Inverse Test Loss: 4.140465600149972 
2025-01-10 09:56:06,430 INFO: Epoch 6, Train Loss: 0.7848777038241745, Test Loss: 0.7542676861797061, Inverse Test Loss: 4.298222133091518 
2025-01-10 09:56:09,015 INFO: Epoch 7, Train Loss: 0.780138646243909, Test Loss: 0.7502193663801465, Inverse Test Loss: 4.031183515276227 
2025-01-10 09:56:11,277 INFO: Epoch 8, Train Loss: 0.7786417351950199, Test Loss: 0.7481288441589901, Inverse Test Loss: 4.090308598109654 
2025-01-10 09:56:13,568 INFO: Epoch 9, Train Loss: 0.7745446158111642, Test Loss: 0.7432890555688313, Inverse Test Loss: 4.2321687425885886 
2025-01-10 09:56:16,374 INFO: Epoch 10, Train Loss: 0.7741093225435379, Test Loss: 0.746629821402686, Inverse Test Loss: 4.116132191249302 
2025-01-10 09:56:19,160 INFO: Epoch 11, Train Loss: 0.7734628013514597, Test Loss: 0.7416217710290637, Inverse Test Loss: 4.135768345424107 
2025-01-10 09:56:22,066 INFO: Epoch 12, Train Loss: 0.7691035516765139, Test Loss: 0.7391452235834939, Inverse Test Loss: 3.830638885498047 
2025-01-10 09:56:25,190 INFO: Epoch 13, Train Loss: 0.7678633135393125, Test Loss: 0.7397639623710087, Inverse Test Loss: 4.095295224870954 
2025-01-10 09:56:28,354 INFO: Epoch 14, Train Loss: 0.7671419600827978, Test Loss: 0.7395393252372742, Inverse Test Loss: 4.081579208374023 
2025-01-10 09:56:31,217 INFO: Epoch 15, Train Loss: 0.7657965684155805, Test Loss: 0.7383696841342109, Inverse Test Loss: 4.291926792689732 
2025-01-10 09:56:34,099 INFO: Epoch 16, Train Loss: 0.7681120519244343, Test Loss: 0.7371864936181477, Inverse Test Loss: 4.052092415945871 
2025-01-10 09:56:37,123 INFO: Epoch 17, Train Loss: 0.7647341785080936, Test Loss: 0.734134133372988, Inverse Test Loss: 3.9694957733154297 
2025-01-10 09:56:39,947 INFO: Epoch 18, Train Loss: 0.7637130880574567, Test Loss: 0.7366808227130345, Inverse Test Loss: 4.396465573992048 
2025-01-10 09:56:42,442 INFO: Epoch 19, Train Loss: 0.7624663098142781, Test Loss: 0.7321378184216363, Inverse Test Loss: 3.9081666128976003 
2025-01-10 09:56:45,197 INFO: Epoch 20, Train Loss: 0.7626441449200342, Test Loss: 0.7294899906430926, Inverse Test Loss: 3.9990234375 
2025-01-10 09:56:47,461 INFO: Epoch 21, Train Loss: 0.7612308247373738, Test Loss: 0.7363533228635788, Inverse Test Loss: 3.9307329995291576 
2025-01-10 09:56:49,952 INFO: Epoch 22, Train Loss: 0.759668473803669, Test Loss: 0.7356713967663902, Inverse Test Loss: 4.180570602416992 
2025-01-10 09:56:52,263 INFO: Epoch 23, Train Loss: 0.7569434659196697, Test Loss: 0.7286379507609776, Inverse Test Loss: 4.077155249459403 
2025-01-10 09:56:54,723 INFO: Epoch 24, Train Loss: 0.7561953461498295, Test Loss: 0.738402219755309, Inverse Test Loss: 4.325230189732143 
2025-01-10 09:56:57,094 INFO: Epoch 25, Train Loss: 0.7570684114727405, Test Loss: 0.7305591361863273, Inverse Test Loss: 4.184264591761997 
2025-01-10 09:56:59,438 INFO: Epoch 26, Train Loss: 0.7562693007495425, Test Loss: 0.7275664338043758, Inverse Test Loss: 3.94942501613072 
2025-01-10 09:57:01,854 INFO: Epoch 27, Train Loss: 0.7555119914746066, Test Loss: 0.730101221374103, Inverse Test Loss: 3.988464900425502 
2025-01-10 09:57:02,381 INFO: Epoch 28, Train Loss: 0.7556305429257384, Test Loss: 0.7274791151285172, Inverse Test Loss: 4.178615025111607 
2025-01-10 09:57:04,678 INFO: Epoch 29, Train Loss: 0.7540290448643746, Test Loss: 0.7288364576441901, Inverse Test Loss: 4.046840667724609 
2025-01-10 09:57:06,963 INFO: Epoch 30, Train Loss: 0.7529109825781726, Test Loss: 0.7250449040106365, Inverse Test Loss: 4.0904339381626675 
2025-01-10 09:57:09,145 INFO: Epoch 31, Train Loss: 0.7528865031146128, Test Loss: 0.725782573223114, Inverse Test Loss: 4.3054319109235495 
2025-01-10 09:57:11,316 INFO: Epoch 32, Train Loss: 0.749180830946756, Test Loss: 0.7326885440519878, Inverse Test Loss: 4.537026269095285 
2025-01-10 09:57:13,850 INFO: Epoch 33, Train Loss: 0.7500041756061239, Test Loss: 0.7260362676211766, Inverse Test Loss: 4.173950467790876 
2025-01-10 09:57:16,297 INFO: Epoch 34, Train Loss: 0.7482790088434832, Test Loss: 0.7255805560520717, Inverse Test Loss: 4.11761338370187 
2025-01-10 09:57:19,254 INFO: Epoch 35, Train Loss: 0.7490891961876406, Test Loss: 0.7251189968415669, Inverse Test Loss: 4.150994709559849 
2025-01-10 09:57:21,610 INFO: Epoch 36, Train Loss: 0.7470041158002451, Test Loss: 0.7270137774092811, Inverse Test Loss: 4.348831721714565 
2025-01-10 09:57:24,126 INFO: Epoch 37, Train Loss: 0.747986519555433, Test Loss: 0.7248466100011554, Inverse Test Loss: 4.305486951555524 
2025-01-10 09:57:26,545 INFO: Epoch 38, Train Loss: 0.7469372054852477, Test Loss: 0.7306631356477737, Inverse Test Loss: 3.9787115369524275 
2025-01-10 09:57:28,891 INFO: Epoch 39, Train Loss: 0.7458876283890611, Test Loss: 0.7303454343761716, Inverse Test Loss: 4.308961595807757 
2025-01-10 09:57:31,355 INFO: Epoch 40, Train Loss: 0.7467000686794246, Test Loss: 0.7255844090666089, Inverse Test Loss: 4.098725727626255 
2025-01-10 09:57:33,588 INFO: Epoch 41, Train Loss: 0.7416490688236481, Test Loss: 0.7250129899808339, Inverse Test Loss: 4.387940543038504 
2025-01-10 09:57:36,069 INFO: Epoch 42, Train Loss: 0.742813229560852, Test Loss: 0.7248881267649787, Inverse Test Loss: 4.307259150913784 
2025-01-10 09:57:38,297 INFO: Epoch 43, Train Loss: 0.7407214258788922, Test Loss: 0.7292845227888652, Inverse Test Loss: 4.178450448172433 
2025-01-10 09:57:40,649 INFO: Epoch 44, Train Loss: 0.7411632062098302, Test Loss: 0.7224450728722981, Inverse Test Loss: 4.304392950875418 
2025-01-10 09:57:43,005 INFO: Epoch 45, Train Loss: 0.7410017793331671, Test Loss: 0.7258201262780598, Inverse Test Loss: 4.2203183855329245 
2025-01-10 09:57:45,680 INFO: Epoch 46, Train Loss: 0.740425925189202, Test Loss: 0.7268739640712738, Inverse Test Loss: 4.10992567879813 
2025-01-10 09:57:48,312 INFO: Epoch 47, Train Loss: 0.7382822408588654, Test Loss: 0.7293016229357038, Inverse Test Loss: 4.594523838588169 
2025-01-10 09:57:50,619 INFO: Epoch 48, Train Loss: 0.7375548870191662, Test Loss: 0.7228734280381884, Inverse Test Loss: 4.246744700840542 
2025-01-10 09:57:52,943 INFO: Epoch 49, Train Loss: 0.7398405414108836, Test Loss: 0.7247601385627475, Inverse Test Loss: 4.323947361537388 
2025-01-10 09:57:55,327 INFO: Epoch 50, Train Loss: 0.7380459871860819, Test Loss: 0.7272226725305829, Inverse Test Loss: 4.447300774710519 
2025-01-10 09:57:57,848 INFO: Epoch 51, Train Loss: 0.7354928424598974, Test Loss: 0.7206452999796186, Inverse Test Loss: 4.332049233572824 
2025-01-10 09:58:00,027 INFO: Epoch 52, Train Loss: 0.7342866664632745, Test Loss: 0.7234976781266076, Inverse Test Loss: 4.238252912248884 
2025-01-10 09:58:02,342 INFO: Epoch 53, Train Loss: 0.7327367843837913, Test Loss: 0.7337823978492192, Inverse Test Loss: 4.309717178344727 
2025-01-10 09:58:04,620 INFO: Epoch 54, Train Loss: 0.7354995586456509, Test Loss: 0.7236947992018291, Inverse Test Loss: 4.682032448904855 
2025-01-10 09:58:06,888 INFO: Epoch 55, Train Loss: 0.7353850384370997, Test Loss: 0.7276248633861542, Inverse Test Loss: 4.469857897077288 
2025-01-10 09:58:09,130 INFO: Epoch 56, Train Loss: 0.733852242111066, Test Loss: 0.7184377823557172, Inverse Test Loss: 4.146602085658482 
2025-01-10 09:58:11,357 INFO: Epoch 57, Train Loss: 0.7288587098821587, Test Loss: 0.7249409343515124, Inverse Test Loss: 4.3388069697788785 
2025-01-10 09:58:13,538 INFO: Epoch 58, Train Loss: 0.7291043182031824, Test Loss: 0.726664023739951, Inverse Test Loss: 4.1492140633719305 
2025-01-10 09:58:15,841 INFO: Epoch 59, Train Loss: 0.7296445194734346, Test Loss: 0.7294093923909324, Inverse Test Loss: 4.3776814596993585 
2025-01-10 09:58:18,019 INFO: Epoch 60, Train Loss: 0.7280121265201394, Test Loss: 0.72348281954016, Inverse Test Loss: 4.462066105433872 
2025-01-10 09:58:20,198 INFO: Epoch 61, Train Loss: 0.7292001405987171, Test Loss: 0.7269118045057569, Inverse Test Loss: 4.435015542166574 
2025-01-10 09:58:22,414 INFO: Epoch 62, Train Loss: 0.7317926451700543, Test Loss: 0.7314819991588593, Inverse Test Loss: 4.352761949811663 
2025-01-10 09:58:24,626 INFO: Epoch 63, Train Loss: 0.7294744690623852, Test Loss: 0.7230946251324245, Inverse Test Loss: 4.282202584402902 
2025-01-10 09:58:26,725 INFO: Epoch 64, Train Loss: 0.7249313510886026, Test Loss: 0.7213256359100342, Inverse Test Loss: 3.989180156162807 
2025-01-10 09:58:28,910 INFO: Epoch 65, Train Loss: 0.7240853730691682, Test Loss: 0.7327022850513458, Inverse Test Loss: 4.655167170933315 
2025-01-10 09:58:31,074 INFO: Epoch 66, Train Loss: 0.7257734646490954, Test Loss: 0.7268303803035191, Inverse Test Loss: 4.240515572684152 
2025-01-10 09:58:33,239 INFO: Epoch 67, Train Loss: 0.7249726188292197, Test Loss: 0.7304871699639729, Inverse Test Loss: 4.509026391165597 
2025-01-10 09:58:35,413 INFO: Epoch 68, Train Loss: 0.7245226179787873, Test Loss: 0.72295024565288, Inverse Test Loss: 4.513366971697126 
2025-01-10 09:58:37,541 INFO: Epoch 69, Train Loss: 0.7185422132868285, Test Loss: 0.7243632972240448, Inverse Test Loss: 4.253347669328962 
2025-01-10 09:58:39,642 INFO: Epoch 70, Train Loss: 0.7220540943495725, Test Loss: 0.7242430789130074, Inverse Test Loss: 4.639477866036551 
2025-01-10 09:58:41,742 INFO: Epoch 71, Train Loss: 0.7204098712413682, Test Loss: 0.7326901938234057, Inverse Test Loss: 4.843479156494141 
2025-01-10 09:58:43,821 INFO: Epoch 72, Train Loss: 0.7233146330632201, Test Loss: 0.7254590477262225, Inverse Test Loss: 4.277669361659458 
2025-01-10 09:58:45,908 INFO: Epoch 73, Train Loss: 0.7211036293878468, Test Loss: 0.7258337949003492, Inverse Test Loss: 4.5207012721470425 
2025-01-10 09:58:48,000 INFO: Epoch 74, Train Loss: 0.7203942870875018, Test Loss: 0.7280435370547431, Inverse Test Loss: 4.3780335017613 
2025-01-10 09:58:50,079 INFO: Epoch 75, Train Loss: 0.7174373969025568, Test Loss: 0.7271280671869006, Inverse Test Loss: 4.246698924473354 
2025-01-10 09:58:52,230 INFO: Epoch 76, Train Loss: 0.7182765603065491, Test Loss: 0.7266242440257754, Inverse Test Loss: 4.5351379939488 
2025-01-10 09:58:54,314 INFO: Epoch 77, Train Loss: 0.7155427396844286, Test Loss: 0.7226822972297668, Inverse Test Loss: 4.046839577811105 
2025-01-10 09:58:56,405 INFO: Epoch 78, Train Loss: 0.7206053416663354, Test Loss: 0.7237908648593085, Inverse Test Loss: 3.9552315303257535 
2025-01-10 09:58:58,503 INFO: Epoch 79, Train Loss: 0.7176403047841623, Test Loss: 0.7299876042774746, Inverse Test Loss: 4.900246211460659 
2025-01-10 09:59:00,587 INFO: Epoch 80, Train Loss: 0.7177120736979563, Test Loss: 0.7285521903208324, Inverse Test Loss: 4.624077933175223 
2025-01-10 09:59:02,691 INFO: Epoch 81, Train Loss: 0.7144511030354631, Test Loss: 0.7231084895985467, Inverse Test Loss: 3.9340566907610213 
2025-01-10 09:59:04,856 INFO: Epoch 82, Train Loss: 0.714639776890431, Test Loss: 0.7273070131029401, Inverse Test Loss: 4.244935171944754 
2025-01-10 09:59:07,140 INFO: Epoch 83, Train Loss: 0.7151992118686711, Test Loss: 0.7307039946317673, Inverse Test Loss: 4.335087639944894 
2025-01-10 09:59:09,398 INFO: Epoch 84, Train Loss: 0.7139040948054113, Test Loss: 0.7264403679541179, Inverse Test Loss: 3.896491459437779 
2025-01-10 09:59:11,555 INFO: Epoch 85, Train Loss: 0.7133340534813907, Test Loss: 0.7247009468930108, Inverse Test Loss: 4.428837367466518 
2025-01-10 09:59:13,659 INFO: Epoch 86, Train Loss: 0.7117549820777473, Test Loss: 0.7288338414260319, Inverse Test Loss: 4.249543871198382 
2025-01-10 09:59:15,743 INFO: Epoch 87, Train Loss: 0.7136301819337617, Test Loss: 0.7253757587500981, Inverse Test Loss: 4.195720945085798 
2025-01-10 09:59:17,859 INFO: Epoch 88, Train Loss: 0.7066425123345961, Test Loss: 0.7339453250169754, Inverse Test Loss: 4.1611753191266745 
2025-01-10 09:59:19,954 INFO: Epoch 89, Train Loss: 0.7069754409133842, Test Loss: 0.7271804703133447, Inverse Test Loss: 4.213199070521763 
2025-01-10 09:59:22,053 INFO: Epoch 90, Train Loss: 0.7104653885605139, Test Loss: 0.7301686704158783, Inverse Test Loss: 4.440834317888532 
2025-01-10 09:59:24,244 INFO: Epoch 91, Train Loss: 0.7118114375193184, Test Loss: 0.7257278391293117, Inverse Test Loss: 4.706381661551339 
2025-01-10 09:59:26,483 INFO: Epoch 92, Train Loss: 0.7052211761474609, Test Loss: 0.7324251788003104, Inverse Test Loss: 4.507794788905552 
2025-01-10 09:59:28,634 INFO: Epoch 93, Train Loss: 0.7095873399612007, Test Loss: 0.7240142545529774, Inverse Test Loss: 4.187308175223214 
2025-01-10 09:59:30,748 INFO: Epoch 94, Train Loss: 0.7095339298248291, Test Loss: 0.7259085816996438, Inverse Test Loss: 4.296007428850446 
2025-01-10 09:59:32,845 INFO: Epoch 95, Train Loss: 0.7068257632605527, Test Loss: 0.7285612055233547, Inverse Test Loss: 4.34149660382952 
2025-01-10 09:59:34,947 INFO: Epoch 96, Train Loss: 0.7043589129360444, Test Loss: 0.7209706327744893, Inverse Test Loss: 4.1551023210797995 
2025-01-10 09:59:37,125 INFO: Epoch 97, Train Loss: 0.7034882039105127, Test Loss: 0.7273275830915996, Inverse Test Loss: 4.299788066319057 
2025-01-10 09:59:39,325 INFO: Epoch 98, Train Loss: 0.7004211517648959, Test Loss: 0.7243224531412125, Inverse Test Loss: 4.59620121547154 
2025-01-10 09:59:41,417 INFO: Epoch 99, Train Loss: 0.7037519391523589, Test Loss: 0.7279694037778037, Inverse Test Loss: 4.343661444527762 
2025-01-10 09:59:43,504 INFO: Epoch 100, Train Loss: 0.7020578367994466, Test Loss: 0.7282966481787818, Inverse Test Loss: 4.021665300641741 
2025-01-10 09:59:43,504 INFO: Best Epoch 56, Best Test Loss: 0.7184377823557172 
2025-01-10 09:59:45,620 INFO: Epoch 101, Train Loss: 0.7040688297070494, Test Loss: 0.7249041604144233, Inverse Test Loss: 4.387446539742606 
2025-01-10 09:59:47,751 INFO: Epoch 102, Train Loss: 0.6986991391269439, Test Loss: 0.7274825934852872, Inverse Test Loss: 4.181984765189035 
2025-01-10 09:59:49,867 INFO: Epoch 103, Train Loss: 0.7004156298593643, Test Loss: 0.7269510648080281, Inverse Test Loss: 4.406558173043387 
2025-01-10 09:59:51,955 INFO: Epoch 104, Train Loss: 0.701143239616254, Test Loss: 0.7281256679977689, Inverse Test Loss: 4.340185982840402 
2025-01-10 09:59:54,050 INFO: Epoch 105, Train Loss: 0.7014525915504596, Test Loss: 0.723412275314331, Inverse Test Loss: 4.180749620710101 
2025-01-10 09:59:56,249 INFO: Epoch 106, Train Loss: 0.6966252162915851, Test Loss: 0.7367358931473323, Inverse Test Loss: 4.531298501150949 
2025-01-10 09:59:58,529 INFO: Epoch 107, Train Loss: 0.6968269856697923, Test Loss: 0.7338937265532357, Inverse Test Loss: 4.290225165230887 
2025-01-10 10:00:00,830 INFO: Epoch 108, Train Loss: 0.6988711302433539, Test Loss: 0.7256090960332325, Inverse Test Loss: 4.321202959333148 
2025-01-10 10:00:03,092 INFO: Epoch 109, Train Loss: 0.6967262308531945, Test Loss: 0.7291440112250192, Inverse Test Loss: 4.372303281511579 
2025-01-10 10:00:05,327 INFO: Epoch 110, Train Loss: 0.6952740096170967, Test Loss: 0.7309215601001467, Inverse Test Loss: 4.568166732788086 
2025-01-10 10:00:07,891 INFO: Epoch 111, Train Loss: 0.6969077067637662, Test Loss: 0.7262694048030036, Inverse Test Loss: 4.202805382864816 
2025-01-10 10:00:10,278 INFO: Epoch 112, Train Loss: 0.6898591441845675, Test Loss: 0.7228984236717224, Inverse Test Loss: 4.334053039550781 
2025-01-10 10:00:12,778 INFO: Epoch 113, Train Loss: 0.6939992286743374, Test Loss: 0.7259811546121325, Inverse Test Loss: 4.378538131713867 
2025-01-10 10:00:15,056 INFO: Epoch 114, Train Loss: 0.6936920197731858, Test Loss: 0.7314034828117916, Inverse Test Loss: 4.4779976436070035 
2025-01-10 10:00:17,193 INFO: Epoch 115, Train Loss: 0.6949432585217538, Test Loss: 0.7238789498806, Inverse Test Loss: 4.215362821306501 
2025-01-10 10:00:19,307 INFO: Epoch 116, Train Loss: 0.6915804743766785, Test Loss: 0.7313888818025589, Inverse Test Loss: 3.8851980481828963 
2025-01-10 10:00:21,496 INFO: Epoch 117, Train Loss: 0.6913379704186676, Test Loss: 0.7253209352493286, Inverse Test Loss: 4.257710048130581 
2025-01-10 10:00:23,823 INFO: Epoch 118, Train Loss: 0.691592918623478, Test Loss: 0.7365949409348624, Inverse Test Loss: 4.67137200491769 
2025-01-10 10:00:26,254 INFO: Epoch 119, Train Loss: 0.692224879877283, Test Loss: 0.7346206456422806, Inverse Test Loss: 4.229494367327009 
2025-01-10 10:00:28,647 INFO: Epoch 120, Train Loss: 0.6878237150131016, Test Loss: 0.732636034488678, Inverse Test Loss: 4.6671567644391745 
2025-01-10 10:00:31,186 INFO: Epoch 121, Train Loss: 0.6909066884342684, Test Loss: 0.7327842158930642, Inverse Test Loss: 4.901980808803013 
2025-01-10 10:00:33,479 INFO: Epoch 122, Train Loss: 0.6865183705583625, Test Loss: 0.738400616816112, Inverse Test Loss: 4.620984213692801 
2025-01-10 10:00:35,906 INFO: Epoch 123, Train Loss: 0.6871046106749719, Test Loss: 0.7363533441509519, Inverse Test Loss: 4.339957101004464 
2025-01-10 10:00:38,273 INFO: Epoch 124, Train Loss: 0.6892806802867749, Test Loss: 0.7372324147394725, Inverse Test Loss: 4.877554757254464 
2025-01-10 10:00:40,578 INFO: Epoch 125, Train Loss: 0.6846405016172916, Test Loss: 0.7418856173753738, Inverse Test Loss: 4.908061436244419 
2025-01-10 10:00:43,182 INFO: Epoch 126, Train Loss: 0.6871747915897894, Test Loss: 0.7370955944061279, Inverse Test Loss: 4.369989395141602 
2025-01-10 10:00:45,766 INFO: Epoch 127, Train Loss: 0.6832097249293546, Test Loss: 0.7371226016964231, Inverse Test Loss: 5.01499993460519 
2025-01-10 10:00:48,331 INFO: Epoch 128, Train Loss: 0.6841828680913383, Test Loss: 0.7357018313237599, Inverse Test Loss: 4.789042881556919 
2025-01-10 10:00:50,641 INFO: Epoch 129, Train Loss: 0.6849805236956396, Test Loss: 0.7381799263613564, Inverse Test Loss: 4.180056708199637 
2025-01-10 10:00:52,832 INFO: Epoch 130, Train Loss: 0.6855094996067362, Test Loss: 0.7379531477178846, Inverse Test Loss: 4.433699199131557 
2025-01-10 10:00:55,081 INFO: Epoch 131, Train Loss: 0.6851102638682094, Test Loss: 0.7366030833550862, Inverse Test Loss: 4.400450570242746 
2025-01-10 10:00:57,258 INFO: Epoch 132, Train Loss: 0.6840651822746346, Test Loss: 0.7308796920946666, Inverse Test Loss: 4.567452566964286 
2025-01-10 10:00:59,458 INFO: Epoch 133, Train Loss: 0.6805398885263215, Test Loss: 0.7410770782402584, Inverse Test Loss: 4.443340029035296 
2025-01-10 10:01:01,899 INFO: Epoch 134, Train Loss: 0.6799800002246822, Test Loss: 0.7369876354932785, Inverse Test Loss: 4.4896455492292136 
2025-01-10 10:01:04,026 INFO: Epoch 135, Train Loss: 0.6856233876779538, Test Loss: 0.7391223034688404, Inverse Test Loss: 4.232912881033761 
2025-01-10 10:01:06,136 INFO: Epoch 136, Train Loss: 0.6819913835700498, Test Loss: 0.7330202162265778, Inverse Test Loss: 4.35771860395159 
2025-01-10 10:01:08,498 INFO: Epoch 137, Train Loss: 0.6748911924318436, Test Loss: 0.739772596529552, Inverse Test Loss: 4.550824301583426 
2025-01-10 10:01:10,899 INFO: Epoch 138, Train Loss: 0.6794316156194844, Test Loss: 0.7341179805142539, Inverse Test Loss: 4.302385330200195 
2025-01-10 10:01:13,846 INFO: Epoch 139, Train Loss: 0.6793982255349466, Test Loss: 0.7363468451159341, Inverse Test Loss: 4.414141518729074 
2025-01-10 10:01:16,093 INFO: Epoch 140, Train Loss: 0.6802317226698639, Test Loss: 0.7365991771221161, Inverse Test Loss: 4.09734753199986 
2025-01-10 10:01:18,331 INFO: Epoch 141, Train Loss: 0.6812158303523282, Test Loss: 0.7399953646319253, Inverse Test Loss: 4.29009165082659 
2025-01-10 10:01:20,645 INFO: Epoch 142, Train Loss: 0.6766310022511614, Test Loss: 0.7380565277167729, Inverse Test Loss: 4.706077575683594 
2025-01-10 10:01:22,908 INFO: Epoch 143, Train Loss: 0.6707687684155386, Test Loss: 0.736579458628382, Inverse Test Loss: 4.431047984531948 
2025-01-10 10:01:25,423 INFO: Epoch 144, Train Loss: 0.6741882305626475, Test Loss: 0.7379470723015922, Inverse Test Loss: 4.165581839425223 
2025-01-10 10:01:27,673 INFO: Epoch 145, Train Loss: 0.6765287611462655, Test Loss: 0.7399226171629769, Inverse Test Loss: 4.598131452287946 
2025-01-10 10:01:30,146 INFO: Epoch 146, Train Loss: 0.6717004562736651, Test Loss: 0.7391869063888278, Inverse Test Loss: 4.6997222900390625 
2025-01-10 10:01:32,599 INFO: Epoch 147, Train Loss: 0.673439524042497, Test Loss: 0.7358355500868389, Inverse Test Loss: 4.238552365984235 
2025-01-10 10:01:34,874 INFO: Epoch 148, Train Loss: 0.6736301883645014, Test Loss: 0.7396871426275798, Inverse Test Loss: 4.858572823660714 
2025-01-10 10:01:37,210 INFO: Epoch 149, Train Loss: 0.6720426148230877, Test Loss: 0.7391016504594258, Inverse Test Loss: 4.652069636753628 
2025-01-10 10:01:39,530 INFO: Epoch 150, Train Loss: 0.6715843250992102, Test Loss: 0.7353977199111666, Inverse Test Loss: 4.217370714460101 
2025-01-10 10:01:42,095 INFO: Epoch 151, Train Loss: 0.6761937179696669, Test Loss: 0.74165597983769, Inverse Test Loss: 4.511233466012137 
2025-01-10 10:01:44,486 INFO: Epoch 152, Train Loss: 0.6686091237111923, Test Loss: 0.7491040932280677, Inverse Test Loss: 4.666600908551898 
2025-01-10 10:01:46,945 INFO: Epoch 153, Train Loss: 0.6722914953844263, Test Loss: 0.7503987295286996, Inverse Test Loss: 4.382421766008649 
