2025-05-07 15:26:01,502 INFO: log_path:/logs_2025_5_7_HS_mos1_L1/AMFormer_simple_MLP_dim32_depth2_heads4_dropout0.4_fusion0.45_0.55_simple_MLP_lr0.0001_kan_+amformer_rc+fusion_3P 
2025-05-07 15:26:01,502 INFO: Model:namespace(attn_dropout=0.4, categories=[], cluster=3, depth=2, dim=32, ff_dropout=0.4, groups=[54, 54, 54], heads=4, name='AMFormer_simple_MLP_dim32_depth2_heads4_dropout0.4_fusion0.45_0.55_simple_MLP', num_cate=0, num_cont=20, num_special_tokens=1, out_dim=1, predictor='simple_MLP', prod_num_per_group=[6, 6, 6], qk_relu=False, static_fusion={'kan_weight': 0.45, 'trans_weight': 0.55}, sum_num_per_group=[32, 16, 8], target_mode='regression', token_descent=False, use_cls_token=True, use_prod=True, use_row_col_attention=True, use_sigmoid=True) 
2025-05-07 15:26:01,503 INFO: lr:0.0001, loss:L1 
2025-05-07 15:26:01,503 INFO: Dataset:HS_mos1, Target:['metal3_Peak'] 
2025-05-07 15:26:01,503 INFO: ------Begin Training Model------ 
2025-05-07 15:26:07,045 INFO: Epoch 1, Train Loss: 0.36118034476583655, Test Loss: 0.32074811704018535, Inverse Test Loss: 0.16268470795715556 
2025-05-07 15:26:09,099 INFO: Epoch 2, Train Loss: 0.2884650013663552, Test Loss: 0.24556447390247793, Inverse Test Loss: 0.12147339345777736 
2025-05-07 15:26:11,140 INFO: Epoch 3, Train Loss: 0.2323486784642393, Test Loss: 0.18363086002714493, Inverse Test Loss: 0.08896190322497312 
2025-05-07 15:26:13,141 INFO: Epoch 4, Train Loss: 0.19217002324082635, Test Loss: 0.14480897915713928, Inverse Test Loss: 0.06977527457125046 
2025-05-07 15:26:15,138 INFO: Epoch 5, Train Loss: 0.16838487565065874, Test Loss: 0.13211972792358959, Inverse Test Loss: 0.06391706120441942 
2025-05-07 15:26:17,138 INFO: Epoch 6, Train Loss: 0.15707191666870407, Test Loss: 0.12627385162255345, Inverse Test Loss: 0.06120694932692191 
2025-05-07 15:26:19,164 INFO: Epoch 7, Train Loss: 0.14659217496713003, Test Loss: 0.12277897052905139, Inverse Test Loss: 0.05944325731081121 
2025-05-07 15:26:21,160 INFO: Epoch 8, Train Loss: 0.14086549785552602, Test Loss: 0.1195311353487127, Inverse Test Loss: 0.05801682700129116 
2025-05-07 15:26:23,170 INFO: Epoch 9, Train Loss: 0.13601333173838528, Test Loss: 0.11850812461446314, Inverse Test Loss: 0.05746204866205945 
2025-05-07 15:26:25,165 INFO: Epoch 10, Train Loss: 0.13336209331949553, Test Loss: 0.11679079427438624, Inverse Test Loss: 0.05662581390317749 
2025-05-07 15:26:27,183 INFO: Epoch 11, Train Loss: 0.12783852671131943, Test Loss: 0.11581338240819819, Inverse Test Loss: 0.0563131009831148 
2025-05-07 15:26:29,165 INFO: Epoch 12, Train Loss: 0.12716821411793883, Test Loss: 0.11274682379820768, Inverse Test Loss: 0.05476895150016336 
2025-05-07 15:26:31,169 INFO: Epoch 13, Train Loss: 0.12490421307809425, Test Loss: 0.11323607537676306, Inverse Test Loss: 0.0550692258950542 
2025-05-07 15:26:33,285 INFO: Epoch 14, Train Loss: 0.12182650873155305, Test Loss: 0.11187065261251786, Inverse Test Loss: 0.054418511469574535 
2025-05-07 15:26:35,390 INFO: Epoch 15, Train Loss: 0.11896231668916615, Test Loss: 0.10947450820137472, Inverse Test Loss: 0.05318745116100592 
2025-05-07 15:26:37,409 INFO: Epoch 16, Train Loss: 0.11873865748445193, Test Loss: 0.1090408212998334, Inverse Test Loss: 0.05300408196361626 
2025-05-07 15:26:39,405 INFO: Epoch 17, Train Loss: 0.11662614864833427, Test Loss: 0.10800884576404796, Inverse Test Loss: 0.05267192456213867 
2025-05-07 15:26:41,389 INFO: Epoch 18, Train Loss: 0.11493014894200093, Test Loss: 0.10754437963752185, Inverse Test Loss: 0.05217446452554535 
2025-05-07 15:26:43,399 INFO: Epoch 19, Train Loss: 0.11534796361670349, Test Loss: 0.10702670935322256, Inverse Test Loss: 0.052090146852766764 
2025-05-07 15:26:45,387 INFO: Epoch 20, Train Loss: 0.11423205505266334, Test Loss: 0.10635274341877769, Inverse Test Loss: 0.05179115801173098 
2025-05-07 15:26:47,378 INFO: Epoch 21, Train Loss: 0.11246851425279271, Test Loss: 0.10501040737418567, Inverse Test Loss: 0.051147923640468544 
2025-05-07 15:26:49,433 INFO: Epoch 22, Train Loss: 0.11208269033919681, Test Loss: 0.104056456071489, Inverse Test Loss: 0.050627139342181826 
2025-05-07 15:26:51,496 INFO: Epoch 23, Train Loss: 0.11106132365988963, Test Loss: 0.10391114038579605, Inverse Test Loss: 0.05040303398581112 
2025-05-07 15:26:53,505 INFO: Epoch 24, Train Loss: 0.11000959925127751, Test Loss: 0.10499458540888394, Inverse Test Loss: 0.05115378911004347 
2025-05-07 15:26:55,558 INFO: Epoch 25, Train Loss: 0.10982298534927946, Test Loss: 0.10364573733771548, Inverse Test Loss: 0.050441393409581745 
2025-05-07 15:26:58,153 INFO: Epoch 26, Train Loss: 0.10807668699911147, Test Loss: 0.10270854874568827, Inverse Test Loss: 0.050075223340707666 
2025-05-07 15:27:00,828 INFO: Epoch 27, Train Loss: 0.10697345661394524, Test Loss: 0.10011816769838333, Inverse Test Loss: 0.048671766458188784 
2025-05-07 15:27:03,874 INFO: Epoch 28, Train Loss: 0.1072485540626627, Test Loss: 0.1004655650433372, Inverse Test Loss: 0.04892731863347923 
2025-05-07 15:27:07,651 INFO: Epoch 29, Train Loss: 0.10536946220831438, Test Loss: 0.09836478575187571, Inverse Test Loss: 0.04782436985303374 
2025-05-07 15:27:11,293 INFO: Epoch 30, Train Loss: 0.10436131037545926, Test Loss: 0.09924671097713358, Inverse Test Loss: 0.04839367189389818 
2025-05-07 15:27:15,055 INFO: Epoch 31, Train Loss: 0.103934177733732, Test Loss: 0.09842276375959902, Inverse Test Loss: 0.04805423593258157 
2025-05-07 15:27:18,841 INFO: Epoch 32, Train Loss: 0.10353642758546454, Test Loss: 0.09790560997584287, Inverse Test Loss: 0.04772359669646796 
2025-05-07 15:27:22,621 INFO: Epoch 33, Train Loss: 0.10173267837275159, Test Loss: 0.09699134572463877, Inverse Test Loss: 0.04726212668944808 
2025-05-07 15:27:26,443 INFO: Epoch 34, Train Loss: 0.1017913432283835, Test Loss: 0.09640457371578497, Inverse Test Loss: 0.04694940325091867 
2025-05-07 15:27:30,222 INFO: Epoch 35, Train Loss: 0.09968628926259099, Test Loss: 0.09562241220298935, Inverse Test Loss: 0.04663001745939255 
2025-05-07 15:27:34,039 INFO: Epoch 36, Train Loss: 0.09960778633301909, Test Loss: 0.09518596288912437, Inverse Test Loss: 0.046346689519636775 
2025-05-07 15:27:37,757 INFO: Epoch 37, Train Loss: 0.09953435521685716, Test Loss: 0.09608770008472835, Inverse Test Loss: 0.046773733790306485 
2025-05-07 15:27:41,540 INFO: Epoch 38, Train Loss: 0.09881107678467577, Test Loss: 0.09470955589238335, Inverse Test Loss: 0.04621159241479986 
2025-05-07 15:27:45,224 INFO: Epoch 39, Train Loss: 0.09878228819279959, Test Loss: 0.09406044925836955, Inverse Test Loss: 0.045818733927958155 
2025-05-07 15:27:48,898 INFO: Epoch 40, Train Loss: 0.09698499298908493, Test Loss: 0.09435891535352259, Inverse Test Loss: 0.04612388078342466 
2025-05-07 15:27:52,572 INFO: Epoch 41, Train Loss: 0.0977989463417819, Test Loss: 0.09226145836360314, Inverse Test Loss: 0.04494702322956394 
2025-05-07 15:27:56,331 INFO: Epoch 42, Train Loss: 0.09783408418297768, Test Loss: 0.0915864550453775, Inverse Test Loss: 0.04465935291612849 
2025-05-07 15:27:59,990 INFO: Epoch 43, Train Loss: 0.09647411593433583, Test Loss: 0.09100034986348714, Inverse Test Loss: 0.044355475946384317 
2025-05-07 15:28:03,649 INFO: Epoch 44, Train Loss: 0.09594861863914764, Test Loss: 0.09223701892530217, Inverse Test Loss: 0.045082497903529334 
2025-05-07 15:28:07,325 INFO: Epoch 45, Train Loss: 0.09565094531033978, Test Loss: 0.09036396027487867, Inverse Test Loss: 0.044115038588643074 
2025-05-07 15:28:11,012 INFO: Epoch 46, Train Loss: 0.09513176571239125, Test Loss: 0.08999420614803538, Inverse Test Loss: 0.043957450591466 
2025-05-07 15:28:14,667 INFO: Epoch 47, Train Loss: 0.09358982583790114, Test Loss: 0.0898311370435883, Inverse Test Loss: 0.043830868952414566 
2025-05-07 15:28:18,312 INFO: Epoch 48, Train Loss: 0.09339822992456681, Test Loss: 0.08913545244756867, Inverse Test Loss: 0.043538378661169726 
2025-05-07 15:28:21,931 INFO: Epoch 49, Train Loss: 0.09332046381226092, Test Loss: 0.08870564729851835, Inverse Test Loss: 0.04339866592165302 
2025-05-07 15:28:25,609 INFO: Epoch 50, Train Loss: 0.09323200199640158, Test Loss: 0.08920067241963218, Inverse Test Loss: 0.04357993438401643 
2025-05-07 15:28:29,293 INFO: Epoch 51, Train Loss: 0.0933703887417461, Test Loss: 0.08899474165895406, Inverse Test Loss: 0.04354431644520339 
2025-05-07 15:28:32,945 INFO: Epoch 52, Train Loss: 0.09233604569100973, Test Loss: 0.090375934891841, Inverse Test Loss: 0.04433332624680856 
2025-05-07 15:28:36,620 INFO: Epoch 53, Train Loss: 0.09305643640232808, Test Loss: 0.08794725905446445, Inverse Test Loss: 0.04289307532941594 
2025-05-07 15:28:40,243 INFO: Epoch 54, Train Loss: 0.09205565257280161, Test Loss: 0.08953257628223475, Inverse Test Loss: 0.043793435591985196 
2025-05-07 15:28:43,934 INFO: Epoch 55, Train Loss: 0.09123091704466126, Test Loss: 0.08759159529033829, Inverse Test Loss: 0.04280520449666416 
2025-05-07 15:28:47,606 INFO: Epoch 56, Train Loss: 0.09141171520406549, Test Loss: 0.08656428425627596, Inverse Test Loss: 0.04226090101634755 
2025-05-07 15:28:51,239 INFO: Epoch 57, Train Loss: 0.09065831480830004, Test Loss: 0.08776240204187001, Inverse Test Loss: 0.04300203514011467 
2025-05-07 15:28:54,847 INFO: Epoch 58, Train Loss: 0.09060655511689908, Test Loss: 0.08698586637482923, Inverse Test Loss: 0.04252911961692221 
2025-05-07 15:28:58,499 INFO: Epoch 59, Train Loss: 0.09036659375961983, Test Loss: 0.08592758196241715, Inverse Test Loss: 0.041911887004971504 
2025-05-07 15:29:02,197 INFO: Epoch 60, Train Loss: 0.08901837310104659, Test Loss: 0.0859844215652522, Inverse Test Loss: 0.04204030071987825 
2025-05-07 15:29:05,846 INFO: Epoch 61, Train Loss: 0.09059514060164943, Test Loss: 0.08593222323585958, Inverse Test Loss: 0.04201541972510955 
2025-05-07 15:29:09,486 INFO: Epoch 62, Train Loss: 0.08890036662871187, Test Loss: 0.08603246378548005, Inverse Test Loss: 0.04204324063132791 
2025-05-07 15:29:13,141 INFO: Epoch 63, Train Loss: 0.08924439092251388, Test Loss: 0.08661702297189657, Inverse Test Loss: 0.042546298026162034 
2025-05-07 15:29:16,812 INFO: Epoch 64, Train Loss: 0.08895298996658037, Test Loss: 0.08460055686095182, Inverse Test Loss: 0.041331166620640195 
2025-05-07 15:29:20,476 INFO: Epoch 65, Train Loss: 0.0884830778972669, Test Loss: 0.08495544313507922, Inverse Test Loss: 0.041552132762530274 
2025-05-07 15:29:24,156 INFO: Epoch 66, Train Loss: 0.08885421835337624, Test Loss: 0.08523981185520396, Inverse Test Loss: 0.04170880784444949 
2025-05-07 15:29:27,793 INFO: Epoch 67, Train Loss: 0.08873476189645854, Test Loss: 0.08663956733310924, Inverse Test Loss: 0.04239497443332391 
2025-05-07 15:29:31,496 INFO: Epoch 68, Train Loss: 0.08868755309870749, Test Loss: 0.0848636276581708, Inverse Test Loss: 0.04170007883187603 
2025-05-07 15:29:35,136 INFO: Epoch 69, Train Loss: 0.0880713305915847, Test Loss: 0.08477097749710083, Inverse Test Loss: 0.04155058862970156 
2025-05-07 15:29:38,787 INFO: Epoch 70, Train Loss: 0.087097447196191, Test Loss: 0.08441891893744469, Inverse Test Loss: 0.04146760515868664 
2025-05-07 15:29:42,470 INFO: Epoch 71, Train Loss: 0.08720120482824066, Test Loss: 0.08377297419835539, Inverse Test Loss: 0.04100198474000482 
2025-05-07 15:29:46,142 INFO: Epoch 72, Train Loss: 0.08718144769469897, Test Loss: 0.08325361898716759, Inverse Test Loss: 0.04081161506474018 
2025-05-07 15:29:49,761 INFO: Epoch 73, Train Loss: 0.08701784022603974, Test Loss: 0.0836025930064566, Inverse Test Loss: 0.0409581341287669 
2025-05-07 15:29:53,383 INFO: Epoch 74, Train Loss: 0.08603075242629557, Test Loss: 0.0828541195129647, Inverse Test Loss: 0.04047077401157688 
2025-05-07 15:29:57,097 INFO: Epoch 75, Train Loss: 0.0864829637223121, Test Loss: 0.0836880360456074, Inverse Test Loss: 0.04102596300928032 
2025-05-07 15:30:00,728 INFO: Epoch 76, Train Loss: 0.08612964776429263, Test Loss: 0.08267506168169134, Inverse Test Loss: 0.0403233466341215 
2025-05-07 15:30:04,401 INFO: Epoch 77, Train Loss: 0.08546353662104318, Test Loss: 0.08321350396556013, Inverse Test Loss: 0.04074144779759295 
2025-05-07 15:30:08,107 INFO: Epoch 78, Train Loss: 0.08592474200960362, Test Loss: 0.08241394797668737, Inverse Test Loss: 0.04032652573112179 
2025-05-07 15:30:11,762 INFO: Epoch 79, Train Loss: 0.08535670528583454, Test Loss: 0.08186512922539431, Inverse Test Loss: 0.040022232076701 
2025-05-07 15:30:15,417 INFO: Epoch 80, Train Loss: 0.08528736301443794, Test Loss: 0.08198425874990575, Inverse Test Loss: 0.040059304522240866 
2025-05-07 15:30:19,076 INFO: Epoch 81, Train Loss: 0.08495311072152673, Test Loss: 0.08201413229107857, Inverse Test Loss: 0.04019995691145167 
2025-05-07 15:30:22,696 INFO: Epoch 82, Train Loss: 0.0842959497575507, Test Loss: 0.08151534265455078, Inverse Test Loss: 0.039916576598497 
2025-05-07 15:30:26,365 INFO: Epoch 83, Train Loss: 0.08350254262261318, Test Loss: 0.08224502337329528, Inverse Test Loss: 0.040180135627879816 
2025-05-07 15:30:30,074 INFO: Epoch 84, Train Loss: 0.08462930989987923, Test Loss: 0.0818219228702433, Inverse Test Loss: 0.039981866255402565 
2025-05-07 15:30:33,731 INFO: Epoch 85, Train Loss: 0.0843794070410006, Test Loss: 0.08183520550236982, Inverse Test Loss: 0.04014542216763777 
2025-05-07 15:30:37,406 INFO: Epoch 86, Train Loss: 0.08348764721868616, Test Loss: 0.0812700084027122, Inverse Test Loss: 0.03994349072522977 
2025-05-07 15:30:41,066 INFO: Epoch 87, Train Loss: 0.08412441362937291, Test Loss: 0.08233888096669141, Inverse Test Loss: 0.040415667764404244 
2025-05-07 15:30:44,719 INFO: Epoch 88, Train Loss: 0.08362355800063322, Test Loss: 0.08164038114687976, Inverse Test Loss: 0.04007683332790347 
2025-05-07 15:30:48,368 INFO: Epoch 89, Train Loss: 0.08394337722072095, Test Loss: 0.08191777371308383, Inverse Test Loss: 0.039980065844514794 
2025-05-07 15:30:52,021 INFO: Epoch 90, Train Loss: 0.08365086849891779, Test Loss: 0.08080706986434319, Inverse Test Loss: 0.0396593261290999 
2025-05-07 15:30:55,738 INFO: Epoch 91, Train Loss: 0.0827659900779977, Test Loss: 0.08038654068813604, Inverse Test Loss: 0.03931828916949384 
2025-05-07 15:30:59,413 INFO: Epoch 92, Train Loss: 0.08243619571581032, Test Loss: 0.08093135562889717, Inverse Test Loss: 0.03952885298606228 
2025-05-07 15:31:03,074 INFO: Epoch 93, Train Loss: 0.08325662430037152, Test Loss: 0.0799746988889049, Inverse Test Loss: 0.03917753115734633 
2025-05-07 15:31:06,750 INFO: Epoch 94, Train Loss: 0.08192136866802519, Test Loss: 0.08051782408181359, Inverse Test Loss: 0.039276893305427885 
2025-05-07 15:31:10,401 INFO: Epoch 95, Train Loss: 0.08222454425060388, Test Loss: 0.0797980105613961, Inverse Test Loss: 0.03902062017689733 
2025-05-07 15:31:14,105 INFO: Epoch 96, Train Loss: 0.08184590455934856, Test Loss: 0.08003104916390251, Inverse Test Loss: 0.039215507424053025 
2025-05-07 15:31:17,880 INFO: Epoch 97, Train Loss: 0.08159446089782497, Test Loss: 0.07919105142354965, Inverse Test Loss: 0.03875132847358199 
2025-05-07 15:31:21,550 INFO: Epoch 98, Train Loss: 0.08130713377260801, Test Loss: 0.07903320933966075, Inverse Test Loss: 0.038768829558702075 
2025-05-07 15:31:25,268 INFO: Epoch 99, Train Loss: 0.08140102672305974, Test Loss: 0.07942110278150614, Inverse Test Loss: 0.03885073477731032 
2025-05-07 15:31:28,891 INFO: Epoch 100, Train Loss: 0.08057531257244674, Test Loss: 0.07944627347237923, Inverse Test Loss: 0.03884619682588998 
2025-05-07 15:31:28,892 INFO: Best Epoch 98, Best Test Loss: 0.07903320933966075, Inverse Test Loss: 0.038768829558702075 
2025-05-07 15:31:32,554 INFO: Epoch 101, Train Loss: 0.08153351424544146, Test Loss: 0.07948837736073662, Inverse Test Loss: 0.03895732092068476 
2025-05-07 15:31:36,284 INFO: Epoch 102, Train Loss: 0.08016805689443242, Test Loss: 0.07923081210430931, Inverse Test Loss: 0.03880372314768679 
2025-05-07 15:31:39,987 INFO: Epoch 103, Train Loss: 0.08133233282150644, Test Loss: 0.07849821185364443, Inverse Test Loss: 0.0384193533921943 
2025-05-07 15:31:43,669 INFO: Epoch 104, Train Loss: 0.0809530322863297, Test Loss: 0.07989704324042096, Inverse Test Loss: 0.039241964983589506 
2025-05-07 15:31:47,346 INFO: Epoch 105, Train Loss: 0.08090703369993152, Test Loss: 0.07852535651010625, Inverse Test Loss: 0.03840439361246193 
2025-05-07 15:31:51,026 INFO: Epoch 106, Train Loss: 0.08026372359106035, Test Loss: 0.07865264376296717, Inverse Test Loss: 0.0385719810557716 
2025-05-07 15:31:54,687 INFO: Epoch 107, Train Loss: 0.08086133612827821, Test Loss: 0.07900669162764269, Inverse Test Loss: 0.03864976632244447 
2025-05-07 15:31:58,382 INFO: Epoch 108, Train Loss: 0.08083964302910096, Test Loss: 0.07861864939332008, Inverse Test Loss: 0.03838526468504878 
2025-05-07 15:32:02,042 INFO: Epoch 109, Train Loss: 0.08048184120068044, Test Loss: 0.07824851616340525, Inverse Test Loss: 0.03832845641847919 
2025-05-07 15:32:05,684 INFO: Epoch 110, Train Loss: 0.08063266206194054, Test Loss: 0.07855242052498985, Inverse Test Loss: 0.038422864697435326 
2025-05-07 15:32:09,370 INFO: Epoch 111, Train Loss: 0.08021561812722322, Test Loss: 0.07860780419672236, Inverse Test Loss: 0.038564565098460984 
2025-05-07 15:32:13,036 INFO: Epoch 112, Train Loss: 0.07904458768440015, Test Loss: 0.07786889352342662, Inverse Test Loss: 0.03815352292183567 
2025-05-07 15:32:16,713 INFO: Epoch 113, Train Loss: 0.0784087586357738, Test Loss: 0.07813897728919983, Inverse Test Loss: 0.03818449903936947 
2025-05-07 15:32:20,419 INFO: Epoch 114, Train Loss: 0.07951738707947009, Test Loss: 0.07744891306056696, Inverse Test Loss: 0.0379282977870282 
2025-05-07 15:32:24,077 INFO: Epoch 115, Train Loss: 0.07996777066904487, Test Loss: 0.07808507058550329, Inverse Test Loss: 0.03813150886665372 
2025-05-07 15:32:27,768 INFO: Epoch 116, Train Loss: 0.07913614493427855, Test Loss: 0.07738790770663935, Inverse Test Loss: 0.03800461474148666 
2025-05-07 15:32:31,448 INFO: Epoch 117, Train Loss: 0.07992648615530043, Test Loss: 0.07829205231631503, Inverse Test Loss: 0.03848297127029475 
2025-05-07 15:32:35,089 INFO: Epoch 118, Train Loss: 0.07821666037268711, Test Loss: 0.07831710555097636, Inverse Test Loss: 0.03846868686378002 
2025-05-07 15:32:38,755 INFO: Epoch 119, Train Loss: 0.07864965238805974, Test Loss: 0.07797510637079968, Inverse Test Loss: 0.03809630783165202 
2025-05-07 15:32:42,495 INFO: Epoch 120, Train Loss: 0.07813509147275578, Test Loss: 0.07732517206493546, Inverse Test Loss: 0.03787619006984374 
2025-05-07 15:32:46,177 INFO: Epoch 121, Train Loss: 0.07875039710691481, Test Loss: 0.07697820181355756, Inverse Test Loss: 0.03770971144823467 
2025-05-07 15:32:49,850 INFO: Epoch 122, Train Loss: 0.07788287402328217, Test Loss: 0.07783286996624049, Inverse Test Loss: 0.03824153268600211 
2025-05-07 15:32:53,503 INFO: Epoch 123, Train Loss: 0.07787723348221996, Test Loss: 0.07706702084225767, Inverse Test Loss: 0.03778276121353402 
2025-05-07 15:32:57,211 INFO: Epoch 124, Train Loss: 0.07802176458591764, Test Loss: 0.07739901717971354, Inverse Test Loss: 0.03795312542249175 
2025-05-07 15:33:00,898 INFO: Epoch 125, Train Loss: 0.07760268020810503, Test Loss: 0.07711328566074371, Inverse Test Loss: 0.0377002391306793 
2025-05-07 15:33:04,577 INFO: Epoch 126, Train Loss: 0.07778974210448338, Test Loss: 0.07739273831248283, Inverse Test Loss: 0.03796149417757988 
2025-05-07 15:33:08,256 INFO: Epoch 127, Train Loss: 0.07769970940143774, Test Loss: 0.07715685950482593, Inverse Test Loss: 0.037884923245976955 
2025-05-07 15:33:11,969 INFO: Epoch 128, Train Loss: 0.07790701221110242, Test Loss: 0.07757299985079204, Inverse Test Loss: 0.03801359039019136 
2025-05-07 15:33:15,723 INFO: Epoch 129, Train Loss: 0.07746446019772327, Test Loss: 0.0779068426174276, Inverse Test Loss: 0.03828199985711014 
2025-05-07 15:33:19,410 INFO: Epoch 130, Train Loss: 0.07764463183103186, Test Loss: 0.07660955168745097, Inverse Test Loss: 0.03766331164275899 
2025-05-07 15:33:23,072 INFO: Epoch 131, Train Loss: 0.07736161255249471, Test Loss: 0.07699129336020526, Inverse Test Loss: 0.03767227425294764 
2025-05-07 15:33:26,782 INFO: Epoch 132, Train Loss: 0.07741507091982798, Test Loss: 0.07640821092269, Inverse Test Loss: 0.03747969734318116 
2025-05-07 15:33:30,452 INFO: Epoch 133, Train Loss: 0.07687021786290588, Test Loss: 0.07669380548245766, Inverse Test Loss: 0.03758908348048434 
2025-05-07 15:33:34,146 INFO: Epoch 134, Train Loss: 0.07736011391336267, Test Loss: 0.07661205552080098, Inverse Test Loss: 0.037552221623413706 
2025-05-07 15:33:37,837 INFO: Epoch 135, Train Loss: 0.07697265341200611, Test Loss: 0.07636584341526031, Inverse Test Loss: 0.03752909699345336 
2025-05-07 15:33:41,552 INFO: Epoch 136, Train Loss: 0.07781697279124548, Test Loss: 0.07632859774372157, Inverse Test Loss: 0.03759146689930383 
2025-05-07 15:33:45,225 INFO: Epoch 137, Train Loss: 0.07694745142803047, Test Loss: 0.07597117016420644, Inverse Test Loss: 0.037229021682458764 
2025-05-07 15:33:48,900 INFO: Epoch 138, Train Loss: 0.07678338253136838, Test Loss: 0.07639017898370237, Inverse Test Loss: 0.03760298023767331 
2025-05-07 15:33:52,558 INFO: Epoch 139, Train Loss: 0.07691974717785012, Test Loss: 0.07596796312752892, Inverse Test Loss: 0.03717151448568877 
2025-05-07 15:33:56,199 INFO: Epoch 140, Train Loss: 0.07636782329416636, Test Loss: 0.07564712907461558, Inverse Test Loss: 0.03711147277670748 
2025-05-07 15:33:59,868 INFO: Epoch 141, Train Loss: 0.07657860936314771, Test Loss: 0.07582877203822136, Inverse Test Loss: 0.03710371255874634 
2025-05-07 15:34:03,545 INFO: Epoch 142, Train Loss: 0.07583654875105078, Test Loss: 0.07598567885511062, Inverse Test Loss: 0.03713422630201368 
2025-05-07 15:34:07,250 INFO: Epoch 143, Train Loss: 0.07629174360948981, Test Loss: 0.07550824170603472, Inverse Test Loss: 0.03701990404549767 
2025-05-07 15:34:10,965 INFO: Epoch 144, Train Loss: 0.07622792278275345, Test Loss: 0.07569381945273455, Inverse Test Loss: 0.03724846693084521 
2025-05-07 15:34:14,686 INFO: Epoch 145, Train Loss: 0.07609917957222823, Test Loss: 0.07561097995323293, Inverse Test Loss: 0.037040963221122235 
2025-05-07 15:34:18,416 INFO: Epoch 146, Train Loss: 0.07568886757574299, Test Loss: 0.07555211795603528, Inverse Test Loss: 0.0370188712635461 
2025-05-07 15:34:22,061 INFO: Epoch 147, Train Loss: 0.07688404619693756, Test Loss: 0.0757509266190669, Inverse Test Loss: 0.03721802024280324 
2025-05-07 15:34:25,724 INFO: Epoch 148, Train Loss: 0.07597544032967452, Test Loss: 0.07494945232482518, Inverse Test Loss: 0.036836797042804605 
2025-05-07 15:34:29,415 INFO: Epoch 149, Train Loss: 0.07612912481029828, Test Loss: 0.07542104975265615, Inverse Test Loss: 0.036907703451374 
2025-05-07 15:34:33,095 INFO: Epoch 150, Train Loss: 0.07531982891713128, Test Loss: 0.07525770125143669, Inverse Test Loss: 0.036812479333842504 
2025-05-07 15:34:36,788 INFO: Epoch 151, Train Loss: 0.0754617571153424, Test Loss: 0.07534996529712397, Inverse Test Loss: 0.036870679872877454 
2025-05-07 15:34:40,422 INFO: Epoch 152, Train Loss: 0.07598908443116781, Test Loss: 0.0749394247198806, Inverse Test Loss: 0.036812787875533104 
2025-05-07 15:34:44,097 INFO: Epoch 153, Train Loss: 0.07521853488728855, Test Loss: 0.07520759609692237, Inverse Test Loss: 0.03680046768311192 
2025-05-07 15:34:47,787 INFO: Epoch 154, Train Loss: 0.07510824868399085, Test Loss: 0.07557819849428009, Inverse Test Loss: 0.037163991700200474 
2025-05-07 15:34:51,452 INFO: Epoch 155, Train Loss: 0.07498801843912313, Test Loss: 0.07486780119292877, Inverse Test Loss: 0.03662933869396939 
2025-05-07 15:34:55,142 INFO: Epoch 156, Train Loss: 0.07481858010093372, Test Loss: 0.07460419680265819, Inverse Test Loss: 0.03668163278523613 
2025-05-07 15:34:58,822 INFO: Epoch 157, Train Loss: 0.07496231591159647, Test Loss: 0.07487124314202982, Inverse Test Loss: 0.03674319550833281 
2025-05-07 15:35:02,497 INFO: Epoch 158, Train Loss: 0.07519713258652976, Test Loss: 0.07465067790711627, Inverse Test Loss: 0.03667814120212022 
2025-05-07 15:35:06,142 INFO: Epoch 159, Train Loss: 0.07457769029971326, Test Loss: 0.0747584292993826, Inverse Test Loss: 0.036632095408790255 
2025-05-07 15:35:09,820 INFO: Epoch 160, Train Loss: 0.07470646472365568, Test Loss: 0.07454210979973569, Inverse Test Loss: 0.036552798331660384 
2025-05-07 15:35:13,465 INFO: Epoch 161, Train Loss: 0.07413698698986661, Test Loss: 0.07488110902554848, Inverse Test Loss: 0.036760585820850206 
2025-05-07 15:35:17,187 INFO: Epoch 162, Train Loss: 0.07471797654800343, Test Loss: 0.07465937711736735, Inverse Test Loss: 0.036616985193070245 
2025-05-07 15:35:20,872 INFO: Epoch 163, Train Loss: 0.07420030044335307, Test Loss: 0.07494673790300593, Inverse Test Loss: 0.03683606337975053 
2025-05-07 15:35:24,524 INFO: Epoch 164, Train Loss: 0.07487850100027793, Test Loss: 0.07460877693751279, Inverse Test Loss: 0.03653699422583861 
2025-05-07 15:35:28,178 INFO: Epoch 165, Train Loss: 0.07413498684763908, Test Loss: 0.07505207881331444, Inverse Test Loss: 0.03684518935487551 
2025-05-07 15:35:31,855 INFO: Epoch 166, Train Loss: 0.07397158060109976, Test Loss: 0.07459587669547867, Inverse Test Loss: 0.03648020644836566 
2025-05-07 15:35:35,518 INFO: Epoch 167, Train Loss: 0.07453830890131719, Test Loss: 0.07490452269420904, Inverse Test Loss: 0.036908232004326934 
2025-05-07 15:35:39,189 INFO: Epoch 168, Train Loss: 0.07432319415789662, Test Loss: 0.07498364479226224, Inverse Test Loss: 0.03659429466899704 
2025-05-07 15:35:42,843 INFO: Epoch 169, Train Loss: 0.07386450864600413, Test Loss: 0.07535977990311735, Inverse Test Loss: 0.03681291968506925 
2025-05-07 15:35:46,487 INFO: Epoch 170, Train Loss: 0.07400136858676419, Test Loss: 0.07505634514724507, Inverse Test Loss: 0.03674738558337969 
2025-05-07 15:35:50,158 INFO: Epoch 171, Train Loss: 0.07388451497888926, Test Loss: 0.07431473670636907, Inverse Test Loss: 0.03640925939030507 
2025-05-07 15:35:53,821 INFO: Epoch 172, Train Loss: 0.07373727869355318, Test Loss: 0.07417398493956118, Inverse Test Loss: 0.03636257887324866 
2025-05-07 15:35:57,558 INFO: Epoch 173, Train Loss: 0.07345101683203017, Test Loss: 0.07475691529757836, Inverse Test Loss: 0.03655069902100984 
2025-05-07 15:36:01,228 INFO: Epoch 174, Train Loss: 0.07306670685383407, Test Loss: 0.07435137405991554, Inverse Test Loss: 0.03643111095708959 
2025-05-07 15:36:04,902 INFO: Epoch 175, Train Loss: 0.0737106455772212, Test Loss: 0.07399475158137434, Inverse Test Loss: 0.03623350622022853 
2025-05-07 15:36:08,549 INFO: Epoch 176, Train Loss: 0.07292335119211313, Test Loss: 0.07405275084516581, Inverse Test Loss: 0.03622605892665246 
2025-05-07 15:36:12,247 INFO: Epoch 177, Train Loss: 0.07339706695215269, Test Loss: 0.07406500069534078, Inverse Test Loss: 0.03629297390580177 
2025-05-07 15:36:16,001 INFO: Epoch 178, Train Loss: 0.07303887396825082, Test Loss: 0.0737872472142472, Inverse Test Loss: 0.03626359418472823 
2025-05-07 15:36:19,715 INFO: Epoch 179, Train Loss: 0.0730634168016188, Test Loss: 0.07400406546452466, Inverse Test Loss: 0.03619160075836322 
2025-05-07 15:36:23,423 INFO: Epoch 180, Train Loss: 0.07250214746278344, Test Loss: 0.07388686498298365, Inverse Test Loss: 0.036132549209629786 
2025-05-07 15:36:27,104 INFO: Epoch 181, Train Loss: 0.07227342508055946, Test Loss: 0.07442189007997513, Inverse Test Loss: 0.03631265483358327 
2025-05-07 15:36:30,746 INFO: Epoch 182, Train Loss: 0.07325606584323174, Test Loss: 0.07391386479139328, Inverse Test Loss: 0.03620954087990172 
2025-05-07 15:36:34,455 INFO: Epoch 183, Train Loss: 0.07278120890259743, Test Loss: 0.07394672864500214, Inverse Test Loss: 0.0362181255922598 
2025-05-07 15:36:38,214 INFO: Epoch 184, Train Loss: 0.07203418891312498, Test Loss: 0.07361862611244707, Inverse Test Loss: 0.03606870441752322 
2025-05-07 15:36:41,883 INFO: Epoch 185, Train Loss: 0.07186235250397162, Test Loss: 0.07370166896897204, Inverse Test Loss: 0.036036083365187925 
2025-05-07 15:36:45,517 INFO: Epoch 186, Train Loss: 0.0729583077358477, Test Loss: 0.07350123410715777, Inverse Test Loss: 0.03602434968685403 
2025-05-07 15:36:49,177 INFO: Epoch 187, Train Loss: 0.07288516860342387, Test Loss: 0.07376731077537817, Inverse Test Loss: 0.03617906033554498 
2025-05-07 15:36:52,825 INFO: Epoch 188, Train Loss: 0.07206948801423564, Test Loss: 0.07328596996033893, Inverse Test Loss: 0.03601210904033745 
2025-05-07 15:36:56,475 INFO: Epoch 189, Train Loss: 0.07205801812762563, Test Loss: 0.0731715235640021, Inverse Test Loss: 0.035895823884536236 
2025-05-07 15:37:00,087 INFO: Epoch 190, Train Loss: 0.07170109535482797, Test Loss: 0.07337737171088948, Inverse Test Loss: 0.035972641014000946 
2025-05-07 15:37:03,738 INFO: Epoch 191, Train Loss: 0.07233488621811072, Test Loss: 0.07347363277393229, Inverse Test Loss: 0.036033260690815305 
2025-05-07 15:37:07,375 INFO: Epoch 192, Train Loss: 0.07199971287539511, Test Loss: 0.0730902765165357, Inverse Test Loss: 0.03585122898221016 
2025-05-07 15:37:11,085 INFO: Epoch 193, Train Loss: 0.07232649065554142, Test Loss: 0.07365055163117017, Inverse Test Loss: 0.03590296767652035 
2025-05-07 15:37:14,812 INFO: Epoch 194, Train Loss: 0.07190474021163853, Test Loss: 0.07379459808854495, Inverse Test Loss: 0.036037019618293815 
2025-05-07 15:37:18,429 INFO: Epoch 195, Train Loss: 0.07200298401893991, Test Loss: 0.07301945283132441, Inverse Test Loss: 0.035790701561114364 
2025-05-07 15:37:22,089 INFO: Epoch 196, Train Loss: 0.07167768421949762, Test Loss: 0.07378752880236682, Inverse Test Loss: 0.03617658520884374 
2025-05-07 15:37:25,744 INFO: Epoch 197, Train Loss: 0.07143805401794838, Test Loss: 0.07291304561145165, Inverse Test Loss: 0.035778525230639124 
2025-05-07 15:37:29,421 INFO: Epoch 198, Train Loss: 0.071633372004285, Test Loss: 0.07304157513905973, Inverse Test Loss: 0.03575605888138799 
2025-05-07 15:37:33,077 INFO: Epoch 199, Train Loss: 0.07157221340546102, Test Loss: 0.07306395887452014, Inverse Test Loss: 0.0357107827987741 
2025-05-07 15:37:36,744 INFO: Epoch 200, Train Loss: 0.07180358164689758, Test Loss: 0.07336107466150732, Inverse Test Loss: 0.03587330001242021 
2025-05-07 15:37:36,745 INFO: Best Epoch 197, Best Test Loss: 0.07291304561145165, Inverse Test Loss: 0.035778525230639124 
2025-05-07 15:37:40,423 INFO: Epoch 201, Train Loss: 0.07149950635026801, Test Loss: 0.072658471763134, Inverse Test Loss: 0.03559574605349232 
2025-05-07 15:37:44,112 INFO: Epoch 202, Train Loss: 0.07190349427136508, Test Loss: 0.07278545200824738, Inverse Test Loss: 0.035618028329575765 
2025-05-07 15:37:47,746 INFO: Epoch 203, Train Loss: 0.07154636734137029, Test Loss: 0.07266074375194662, Inverse Test Loss: 0.03558973705067354 
2025-05-07 15:37:51,404 INFO: Epoch 204, Train Loss: 0.07066901090244453, Test Loss: 0.07291396027978729, Inverse Test Loss: 0.0357596377896912 
2025-05-07 15:37:55,027 INFO: Epoch 205, Train Loss: 0.07037410077949365, Test Loss: 0.0727259317303405, Inverse Test Loss: 0.035647788578096556 
2025-05-07 15:37:58,721 INFO: Epoch 206, Train Loss: 0.07111620965103309, Test Loss: 0.07286035006537157, Inverse Test Loss: 0.03572412207722664 
2025-05-07 15:38:02,414 INFO: Epoch 207, Train Loss: 0.0705858709459955, Test Loss: 0.0727915544720257, Inverse Test Loss: 0.03568669364732854 
2025-05-07 15:38:06,057 INFO: Epoch 208, Train Loss: 0.07049441619804411, Test Loss: 0.07234507777235087, Inverse Test Loss: 0.03548144910703687 
2025-05-07 15:38:09,715 INFO: Epoch 209, Train Loss: 0.07034889461867737, Test Loss: 0.07252972112858996, Inverse Test Loss: 0.03569329694351729 
2025-05-07 15:38:13,408 INFO: Epoch 210, Train Loss: 0.07126950207307484, Test Loss: 0.07258576373843585, Inverse Test Loss: 0.03550611129578422 
2025-05-07 15:38:17,070 INFO: Epoch 211, Train Loss: 0.07073523764583198, Test Loss: 0.07228387169101659, Inverse Test Loss: 0.0354289644781281 
2025-05-07 15:38:20,720 INFO: Epoch 212, Train Loss: 0.07015559026463465, Test Loss: 0.07237789122497335, Inverse Test Loss: 0.03535052761435509 
2025-05-07 15:38:24,348 INFO: Epoch 213, Train Loss: 0.07028153933810466, Test Loss: 0.07242174862938769, Inverse Test Loss: 0.03541866185910562 
2025-05-07 15:38:28,005 INFO: Epoch 214, Train Loss: 0.07074507856459329, Test Loss: 0.07238310597398702, Inverse Test Loss: 0.03551080242237624 
2025-05-07 15:38:31,671 INFO: Epoch 215, Train Loss: 0.07017477934784962, Test Loss: 0.07262094275039785, Inverse Test Loss: 0.035537820090265834 
2025-05-07 15:38:35,325 INFO: Epoch 216, Train Loss: 0.06999510504079587, Test Loss: 0.07271177540807162, Inverse Test Loss: 0.03559464709285427 
2025-05-07 15:38:39,013 INFO: Epoch 217, Train Loss: 0.07009617380346313, Test Loss: 0.07329483637038399, Inverse Test Loss: 0.035889908342677 
2025-05-07 15:38:42,685 INFO: Epoch 218, Train Loss: 0.07081428153271024, Test Loss: 0.07218968320418806, Inverse Test Loss: 0.03547258017694249 
2025-05-07 15:38:46,332 INFO: Epoch 219, Train Loss: 0.06935216904138074, Test Loss: 0.07261644873548956, Inverse Test Loss: 0.03565011589842684 
2025-05-07 15:38:50,021 INFO: Epoch 220, Train Loss: 0.06983246863114112, Test Loss: 0.07226606611819829, Inverse Test Loss: 0.0354322820682736 
2025-05-07 15:38:53,693 INFO: Epoch 221, Train Loss: 0.07029483377030402, Test Loss: 0.07209534811622956, Inverse Test Loss: 0.03538989724920077 
2025-05-07 15:38:57,368 INFO: Epoch 222, Train Loss: 0.06986085031971787, Test Loss: 0.07246991466073428, Inverse Test Loss: 0.035487931112156194 
2025-05-07 15:39:01,038 INFO: Epoch 223, Train Loss: 0.07061553086069497, Test Loss: 0.07273633975316496, Inverse Test Loss: 0.035703598576433515 
2025-05-07 15:39:04,695 INFO: Epoch 224, Train Loss: 0.06996849563085672, Test Loss: 0.0721134026260937, Inverse Test Loss: 0.035401138203109014 
2025-05-07 15:39:08,435 INFO: Epoch 225, Train Loss: 0.069960744825728, Test Loss: 0.07204175630913061, Inverse Test Loss: 0.0352648229283445 
2025-05-07 15:39:12,164 INFO: Epoch 226, Train Loss: 0.06993621367622506, Test Loss: 0.0724619885577875, Inverse Test Loss: 0.03547137723687817 
2025-05-07 15:39:15,811 INFO: Epoch 227, Train Loss: 0.06927206508363738, Test Loss: 0.07238220620681257, Inverse Test Loss: 0.03544700112851227 
2025-05-07 15:39:19,475 INFO: Epoch 228, Train Loss: 0.06964199583638798, Test Loss: 0.07235467302448609, Inverse Test Loss: 0.035492118776721114 
2025-05-07 15:39:23,141 INFO: Epoch 229, Train Loss: 0.069221903936881, Test Loss: 0.07242107018828392, Inverse Test Loss: 0.03545280239161323 
2025-05-07 15:39:26,855 INFO: Epoch 230, Train Loss: 0.0693159352875117, Test Loss: 0.07220484053387362, Inverse Test Loss: 0.03541106215732939 
2025-05-07 15:39:30,515 INFO: Epoch 231, Train Loss: 0.06928528438914906, Test Loss: 0.07206110130338107, Inverse Test Loss: 0.03534858432762763 
2025-05-07 15:39:34,158 INFO: Epoch 232, Train Loss: 0.06846662435793516, Test Loss: 0.07236772753736552, Inverse Test Loss: 0.03551099558963495 
2025-05-07 15:39:37,876 INFO: Epoch 233, Train Loss: 0.06890806284817783, Test Loss: 0.07236094553680981, Inverse Test Loss: 0.035344007698928606 
2025-05-07 15:39:41,731 INFO: Epoch 234, Train Loss: 0.06903145784004168, Test Loss: 0.07251463611336316, Inverse Test Loss: 0.03543767771300148 
2025-05-07 15:39:45,578 INFO: Epoch 235, Train Loss: 0.06916452791880477, Test Loss: 0.07207498546032344, Inverse Test Loss: 0.035234148997594326 
2025-05-07 15:39:49,338 INFO: Epoch 236, Train Loss: 0.06928117076555888, Test Loss: 0.07213827156845261, Inverse Test Loss: 0.03546922336168149 
2025-05-07 15:39:53,073 INFO: Epoch 237, Train Loss: 0.06893261804273634, Test Loss: 0.07231141057084589, Inverse Test Loss: 0.03537588730892714 
2025-05-07 15:39:56,765 INFO: Epoch 238, Train Loss: 0.06866300196358652, Test Loss: 0.07198027937727816, Inverse Test Loss: 0.0353950915091178 
2025-05-07 15:40:00,457 INFO: Epoch 239, Train Loss: 0.06882735217610995, Test Loss: 0.07215805636609302, Inverse Test Loss: 0.035444350146195465 
2025-05-07 15:40:04,208 INFO: Epoch 240, Train Loss: 0.06858188658952713, Test Loss: 0.07193137551931773, Inverse Test Loss: 0.035254048950531906 
2025-05-07 15:40:07,930 INFO: Epoch 241, Train Loss: 0.06865699741650712, Test Loss: 0.07299788208568797, Inverse Test Loss: 0.035862352589474004 
2025-05-07 15:40:11,918 INFO: Epoch 242, Train Loss: 0.06823273855402615, Test Loss: 0.07254584637634895, Inverse Test Loss: 0.035418670295792466 
2025-05-07 15:40:15,790 INFO: Epoch 243, Train Loss: 0.06822773148164604, Test Loss: 0.07223005023072748, Inverse Test Loss: 0.03550544337314718 
2025-05-07 15:40:19,842 INFO: Epoch 244, Train Loss: 0.06841379579043749, Test Loss: 0.07210659323369756, Inverse Test Loss: 0.0353891234844923 
2025-05-07 15:40:23,815 INFO: Epoch 245, Train Loss: 0.06871722187056686, Test Loss: 0.07195160757092868, Inverse Test Loss: 0.035271114176687074 
2025-05-07 15:40:27,661 INFO: Epoch 246, Train Loss: 0.06800410913472826, Test Loss: 0.0714775970315232, Inverse Test Loss: 0.035127946559120625 
2025-05-07 15:40:31,545 INFO: Epoch 247, Train Loss: 0.06818508751916164, Test Loss: 0.07203386811649098, Inverse Test Loss: 0.03541748872136369 
2025-05-07 15:40:35,368 INFO: Epoch 248, Train Loss: 0.06880508143116128, Test Loss: 0.07167942865806468, Inverse Test Loss: 0.03514060827300829 
2025-05-07 15:40:39,284 INFO: Epoch 249, Train Loss: 0.06809184288210941, Test Loss: 0.07196341038626783, Inverse Test Loss: 0.035242664682514524 
2025-05-07 15:40:43,156 INFO: Epoch 250, Train Loss: 0.06806757459134767, Test Loss: 0.07204072243150543, Inverse Test Loss: 0.03519487556289224 
2025-05-07 15:40:47,134 INFO: Epoch 251, Train Loss: 0.06799832325090062, Test Loss: 0.07234906207989245, Inverse Test Loss: 0.035292180693324876 
2025-05-07 15:40:51,155 INFO: Epoch 252, Train Loss: 0.06731068862207008, Test Loss: 0.07206723247380818, Inverse Test Loss: 0.03538624525946729 
2025-05-07 15:40:55,061 INFO: Epoch 253, Train Loss: 0.06786876036362215, Test Loss: 0.07192087195375386, Inverse Test Loss: 0.0352095749010058 
2025-05-07 15:40:58,836 INFO: Epoch 254, Train Loss: 0.06802245410102786, Test Loss: 0.07274390033939306, Inverse Test Loss: 0.035583802553660726 
2025-05-07 15:41:02,649 INFO: Epoch 255, Train Loss: 0.06734891563202396, Test Loss: 0.0719867914038546, Inverse Test Loss: 0.03535020680111997 
2025-05-07 15:41:06,399 INFO: Epoch 256, Train Loss: 0.06677904973427455, Test Loss: 0.07165663119624643, Inverse Test Loss: 0.0351082116146298 
2025-05-07 15:41:10,177 INFO: Epoch 257, Train Loss: 0.06789760573795348, Test Loss: 0.07203429827795309, Inverse Test Loss: 0.03532872677725904 
2025-05-07 15:41:13,991 INFO: Epoch 258, Train Loss: 0.06794259211782253, Test Loss: 0.07238834636176333, Inverse Test Loss: 0.03534257598221302 
2025-05-07 15:41:17,764 INFO: Epoch 259, Train Loss: 0.06744229573417794, Test Loss: 0.0723683976513498, Inverse Test Loss: 0.03549363957170178 
2025-05-07 15:41:21,574 INFO: Epoch 260, Train Loss: 0.06783585679350478, Test Loss: 0.07236019806826816, Inverse Test Loss: 0.0356855591868653 
2025-05-07 15:41:25,396 INFO: Epoch 261, Train Loss: 0.06753147901459174, Test Loss: 0.07255952783367213, Inverse Test Loss: 0.03536003652740927 
2025-05-07 15:41:29,168 INFO: Epoch 262, Train Loss: 0.06722760770582792, Test Loss: 0.07188895125599469, Inverse Test Loss: 0.035237241207676774 
2025-05-07 15:41:32,965 INFO: Epoch 263, Train Loss: 0.06749731578835935, Test Loss: 0.0715534235624706, Inverse Test Loss: 0.03497214593431529 
2025-05-07 15:41:36,748 INFO: Epoch 264, Train Loss: 0.06725886757626678, Test Loss: 0.07150838896632195, Inverse Test Loss: 0.03516688132110764 
2025-05-07 15:41:40,579 INFO: Epoch 265, Train Loss: 0.06699946861375462, Test Loss: 0.07173915360780324, Inverse Test Loss: 0.03507014605052331 
2025-05-07 15:41:44,392 INFO: Epoch 266, Train Loss: 0.06677938472818244, Test Loss: 0.07240141752888174, Inverse Test Loss: 0.03533227873199126 
2025-05-07 15:41:48,210 INFO: Epoch 267, Train Loss: 0.06720842979848385, Test Loss: 0.07205897876444985, Inverse Test Loss: 0.035393463228555286 
2025-05-07 15:41:52,004 INFO: Epoch 268, Train Loss: 0.06798799454488537, Test Loss: 0.07196031204041313, Inverse Test Loss: 0.035273974323097396 
2025-05-07 15:41:55,827 INFO: Epoch 269, Train Loss: 0.06743683005598458, Test Loss: 0.07243785196367432, Inverse Test Loss: 0.035459448528640414 
2025-05-07 15:41:59,646 INFO: Epoch 270, Train Loss: 0.06733396017190182, Test Loss: 0.07135278096093851, Inverse Test Loss: 0.034899674355983734 
2025-05-07 15:42:03,450 INFO: Epoch 271, Train Loss: 0.06722763553261757, Test Loss: 0.0718085923615624, Inverse Test Loss: 0.03526104066301795 
2025-05-07 15:42:07,255 INFO: Epoch 272, Train Loss: 0.06744753608875202, Test Loss: 0.07166643331156057, Inverse Test Loss: 0.035148079123567134 
2025-05-07 15:42:11,081 INFO: Epoch 273, Train Loss: 0.06673791095840209, Test Loss: 0.07132848111145637, Inverse Test Loss: 0.0349466569502564 
2025-05-07 15:42:14,844 INFO: Epoch 274, Train Loss: 0.06686146399288466, Test Loss: 0.07163009529604632, Inverse Test Loss: 0.03525116031660753 
2025-05-07 15:42:18,624 INFO: Epoch 275, Train Loss: 0.06661371926240849, Test Loss: 0.07174789511105593, Inverse Test Loss: 0.03509092462413451 
2025-05-07 15:42:22,398 INFO: Epoch 276, Train Loss: 0.06645063926098925, Test Loss: 0.07154426351189613, Inverse Test Loss: 0.03509329905843034 
2025-05-07 15:42:26,217 INFO: Epoch 277, Train Loss: 0.06636156819083473, Test Loss: 0.07141010287929983, Inverse Test Loss: 0.03515873213901239 
2025-05-07 15:42:30,003 INFO: Epoch 278, Train Loss: 0.06682265177369118, Test Loss: 0.07118182103423511, Inverse Test Loss: 0.03492261633715209 
2025-05-07 15:42:33,791 INFO: Epoch 279, Train Loss: 0.06638784593704974, Test Loss: 0.07142543858465027, Inverse Test Loss: 0.03497078094412299 
2025-05-07 15:42:37,602 INFO: Epoch 280, Train Loss: 0.06574581298186924, Test Loss: 0.07149573152556139, Inverse Test Loss: 0.035126514075433504 
2025-05-07 15:42:41,452 INFO: Epoch 281, Train Loss: 0.06661450902395176, Test Loss: 0.07170798147425932, Inverse Test Loss: 0.035103650215794056 
2025-05-07 15:42:45,248 INFO: Epoch 282, Train Loss: 0.06618805116776263, Test Loss: 0.0720284484765109, Inverse Test Loss: 0.035207189948243255 
2025-05-07 15:42:49,043 INFO: Epoch 283, Train Loss: 0.06611419409852136, Test Loss: 0.07202660905964234, Inverse Test Loss: 0.03516550088191733 
2025-05-07 15:42:52,834 INFO: Epoch 284, Train Loss: 0.06635531365419879, Test Loss: 0.07194162116331212, Inverse Test Loss: 0.03516613834482782 
2025-05-07 15:42:56,594 INFO: Epoch 285, Train Loss: 0.06594349240714853, Test Loss: 0.071726353291203, Inverse Test Loss: 0.035258507027345544 
2025-05-07 15:43:00,317 INFO: Epoch 286, Train Loss: 0.06550861878151243, Test Loss: 0.07120047553497202, Inverse Test Loss: 0.03495213312699514 
2025-05-07 15:43:04,062 INFO: Epoch 287, Train Loss: 0.06666156186750441, Test Loss: 0.07209592268747442, Inverse Test Loss: 0.03522835091194686 
2025-05-07 15:43:07,828 INFO: Epoch 288, Train Loss: 0.06573643377332976, Test Loss: 0.07141002377166468, Inverse Test Loss: 0.035066498881753755 
2025-05-07 15:43:11,629 INFO: Epoch 289, Train Loss: 0.06643721365341634, Test Loss: 0.07178994706448387, Inverse Test Loss: 0.03526184828404118 
2025-05-07 15:43:15,413 INFO: Epoch 290, Train Loss: 0.06582796703459638, Test Loss: 0.07171043622143128, Inverse Test Loss: 0.03528702741160112 
2025-05-07 15:43:19,197 INFO: Epoch 291, Train Loss: 0.06623266863100456, Test Loss: 0.0717447272994939, Inverse Test Loss: 0.035168181228287076 
2025-05-07 15:43:22,978 INFO: Epoch 292, Train Loss: 0.06576836882441332, Test Loss: 0.07130246960064944, Inverse Test Loss: 0.035045967492110586 
2025-05-07 15:43:26,723 INFO: Epoch 293, Train Loss: 0.06565337859545693, Test Loss: 0.07145284927066635, Inverse Test Loss: 0.034967431689009947 
2025-05-07 15:43:30,471 INFO: Epoch 294, Train Loss: 0.06532777298354742, Test Loss: 0.0711322768646128, Inverse Test Loss: 0.03496597422396436 
2025-05-07 15:43:34,237 INFO: Epoch 295, Train Loss: 0.0654736477317232, Test Loss: 0.07096691933624885, Inverse Test Loss: 0.03488686615053345 
2025-05-07 15:43:38,040 INFO: Epoch 296, Train Loss: 0.0654410348471367, Test Loss: 0.07153051719069481, Inverse Test Loss: 0.035021908033420056 
2025-05-07 15:43:41,750 INFO: Epoch 297, Train Loss: 0.06495059575095322, Test Loss: 0.07168171730111628, Inverse Test Loss: 0.03530312778756899 
2025-05-07 15:43:45,536 INFO: Epoch 298, Train Loss: 0.06485065078419266, Test Loss: 0.07141629716052729, Inverse Test Loss: 0.03502952449900262 
2025-05-07 15:43:49,343 INFO: Epoch 299, Train Loss: 0.06569521947566306, Test Loss: 0.07161284939331167, Inverse Test Loss: 0.03505153570543317 
2025-05-07 15:43:53,121 INFO: Epoch 300, Train Loss: 0.06575680518466415, Test Loss: 0.07110228871597964, Inverse Test Loss: 0.03505154983962283 
2025-05-07 15:43:53,122 INFO: Best Epoch 295, Best Test Loss: 0.07096691933624885, Inverse Test Loss: 0.03488686615053345 
2025-05-07 15:43:56,915 INFO: Epoch 301, Train Loss: 0.06560999183266451, Test Loss: 0.07133598647573415, Inverse Test Loss: 0.03494170351940043 
2025-05-07 15:44:00,684 INFO: Epoch 302, Train Loss: 0.0657162397083911, Test Loss: 0.07110688857295934, Inverse Test Loss: 0.03490076290772242 
2025-05-07 15:44:04,447 INFO: Epoch 303, Train Loss: 0.06517448118238738, Test Loss: 0.07218078699182062, Inverse Test Loss: 0.035567677744171196 
2025-05-07 15:44:08,207 INFO: Epoch 304, Train Loss: 0.06499043936756524, Test Loss: 0.0717730627340429, Inverse Test Loss: 0.03540455692392938 
2025-05-07 15:44:11,968 INFO: Epoch 305, Train Loss: 0.06510185952665228, Test Loss: 0.07159956500810735, Inverse Test Loss: 0.03524405399666113 
2025-05-07 15:44:15,713 INFO: Epoch 306, Train Loss: 0.06523164130295768, Test Loss: 0.07184459356700673, Inverse Test Loss: 0.03520121545914341 
2025-05-07 15:44:19,452 INFO: Epoch 307, Train Loss: 0.06448647312142632, Test Loss: 0.07147571817040443, Inverse Test Loss: 0.03512441246386837 
2025-05-07 15:44:23,184 INFO: Epoch 308, Train Loss: 0.06452897428111597, Test Loss: 0.07177624741897863, Inverse Test Loss: 0.03515909338260398 
2025-05-07 15:44:26,972 INFO: Epoch 309, Train Loss: 0.06561235016719862, Test Loss: 0.07168277835144717, Inverse Test Loss: 0.03517028996173073 
2025-05-07 15:44:30,775 INFO: Epoch 310, Train Loss: 0.06462015606688731, Test Loss: 0.07201748911072225, Inverse Test Loss: 0.03548743882599999 
2025-05-07 15:44:34,520 INFO: Epoch 311, Train Loss: 0.06468262105728641, Test Loss: 0.07261410092606264, Inverse Test Loss: 0.03580554344636552 
2025-05-07 15:44:38,313 INFO: Epoch 312, Train Loss: 0.06529906798492778, Test Loss: 0.07130882341195555, Inverse Test Loss: 0.03507969868095482 
2025-05-07 15:44:42,101 INFO: Epoch 313, Train Loss: 0.0644379159943624, Test Loss: 0.07111640625140246, Inverse Test Loss: 0.035067576586323625 
2025-05-07 15:44:45,842 INFO: Epoch 314, Train Loss: 0.06429015252400529, Test Loss: 0.07100751031847562, Inverse Test Loss: 0.035025657099836016 
2025-05-07 15:44:49,640 INFO: Epoch 315, Train Loss: 0.06422386707907374, Test Loss: 0.07135257190641235, Inverse Test Loss: 0.03501697421512183 
2025-05-07 15:44:53,431 INFO: Epoch 316, Train Loss: 0.06466268341649663, Test Loss: 0.07115742914816912, Inverse Test Loss: 0.034870539627531 
2025-05-07 15:44:57,227 INFO: Epoch 317, Train Loss: 0.06427231041545217, Test Loss: 0.07145052184076871, Inverse Test Loss: 0.03517413632396389 
2025-05-07 15:45:01,014 INFO: Epoch 318, Train Loss: 0.06424809371431668, Test Loss: 0.07409822261508774, Inverse Test Loss: 0.036068361471681035 
2025-05-07 15:45:04,781 INFO: Epoch 319, Train Loss: 0.064425823589166, Test Loss: 0.07144238865550827, Inverse Test Loss: 0.034953353159567886 
2025-05-07 15:45:08,559 INFO: Epoch 320, Train Loss: 0.0642665136944164, Test Loss: 0.0716199785032693, Inverse Test Loss: 0.03516174655626802 
2025-05-07 15:45:12,352 INFO: Epoch 321, Train Loss: 0.06419637720241692, Test Loss: 0.07175495607011459, Inverse Test Loss: 0.03522954705883475 
2025-05-07 15:45:16,121 INFO: Epoch 322, Train Loss: 0.06430766223506494, Test Loss: 0.07192741071476656, Inverse Test Loss: 0.03541058159488089 
2025-05-07 15:45:19,875 INFO: Epoch 323, Train Loss: 0.06419091553173283, Test Loss: 0.07179323014091044, Inverse Test Loss: 0.03525532782077789 
2025-05-07 15:45:23,654 INFO: Epoch 324, Train Loss: 0.06443466065507947, Test Loss: 0.071332487551605, Inverse Test Loss: 0.035070669453810245 
2025-05-07 15:45:27,429 INFO: Epoch 325, Train Loss: 0.06372667160449606, Test Loss: 0.07219002461608719, Inverse Test Loss: 0.0355273066636394 
2025-05-07 15:45:31,192 INFO: Epoch 326, Train Loss: 0.06445083349491611, Test Loss: 0.07257500049822471, Inverse Test Loss: 0.035489101948983526 
2025-05-07 15:45:34,959 INFO: Epoch 327, Train Loss: 0.06426049599593336, Test Loss: 0.07144026217215202, Inverse Test Loss: 0.03502381286200355 
2025-05-07 15:45:38,743 INFO: Epoch 328, Train Loss: 0.06364766361586975, Test Loss: 0.07130450317088295, Inverse Test Loss: 0.035038489081403786 
2025-05-07 15:45:42,506 INFO: Epoch 329, Train Loss: 0.06384017770037506, Test Loss: 0.07204839346163414, Inverse Test Loss: 0.03532444433692623 
2025-05-07 15:45:46,238 INFO: Epoch 330, Train Loss: 0.06347790360450745, Test Loss: 0.07181482937406092, Inverse Test Loss: 0.03533928950919824 
2025-05-07 15:45:50,019 INFO: Epoch 331, Train Loss: 0.06378441191080844, Test Loss: 0.07212712549987961, Inverse Test Loss: 0.035389216178480315 
2025-05-07 15:45:53,786 INFO: Epoch 332, Train Loss: 0.06366317216871363, Test Loss: 0.07231230529792168, Inverse Test Loss: 0.035372983116437405 
2025-05-07 15:45:57,567 INFO: Epoch 333, Train Loss: 0.06352388909594579, Test Loss: 0.07194019656847506, Inverse Test Loss: 0.03523791515651871 
2025-05-07 15:46:01,327 INFO: Epoch 334, Train Loss: 0.06341013380072334, Test Loss: 0.07167082104612799, Inverse Test Loss: 0.03524417923215557 
2025-05-07 15:46:05,101 INFO: Epoch 335, Train Loss: 0.0638661752031608, Test Loss: 0.07238170657964314, Inverse Test Loss: 0.03555100761792239 
2025-05-07 15:46:08,849 INFO: Epoch 336, Train Loss: 0.06402111787236098, Test Loss: 0.0733422170228818, Inverse Test Loss: 0.035791166564997506 
2025-05-07 15:46:12,631 INFO: Epoch 337, Train Loss: 0.06358047382849635, Test Loss: 0.07217848629635923, Inverse Test Loss: 0.035481789751964456 
2025-05-07 15:46:16,387 INFO: Epoch 338, Train Loss: 0.06358525540792581, Test Loss: 0.07200442802380114, Inverse Test Loss: 0.03535702495890505 
2025-05-07 15:46:20,171 INFO: Epoch 339, Train Loss: 0.06313475289128044, Test Loss: 0.07243685774943408, Inverse Test Loss: 0.03554389768225305 
2025-05-07 15:46:23,947 INFO: Epoch 340, Train Loss: 0.06322669824867537, Test Loss: 0.0716682725092944, Inverse Test Loss: 0.03510105171624352 
2025-05-07 15:46:27,698 INFO: Epoch 341, Train Loss: 0.06317283455846888, Test Loss: 0.07170882317073204, Inverse Test Loss: 0.03527081450995277 
2025-05-07 15:46:31,465 INFO: Epoch 342, Train Loss: 0.06364921096599463, Test Loss: 0.07179595026023247, Inverse Test Loss: 0.03522168691543972 
2025-05-07 15:46:35,221 INFO: Epoch 343, Train Loss: 0.06273621202192524, Test Loss: 0.07119410967125613, Inverse Test Loss: 0.0350552536547184 
2025-05-07 15:46:39,026 INFO: Epoch 344, Train Loss: 0.0629513780727531, Test Loss: 0.0723592840573367, Inverse Test Loss: 0.03545499308144345 
2025-05-07 15:46:42,783 INFO: Epoch 345, Train Loss: 0.06306794026132787, Test Loss: 0.07187649213215884, Inverse Test Loss: 0.03524589122218244 
2025-05-07 15:46:46,553 INFO: Epoch 346, Train Loss: 0.06292018418510754, Test Loss: 0.0720339215853635, Inverse Test Loss: 0.035368024426348066 
2025-05-07 15:46:50,348 INFO: Epoch 347, Train Loss: 0.06284230919272611, Test Loss: 0.07171799286323435, Inverse Test Loss: 0.03526140672757345 
2025-05-07 15:46:54,140 INFO: Epoch 348, Train Loss: 0.06332718180210302, Test Loss: 0.07326042148120263, Inverse Test Loss: 0.03588533883585649 
2025-05-07 15:46:57,899 INFO: Epoch 349, Train Loss: 0.062742248008197, Test Loss: 0.0720027654486544, Inverse Test Loss: 0.035422716508893407 
2025-05-07 15:47:01,668 INFO: Epoch 350, Train Loss: 0.06262272398805979, Test Loss: 0.07191014158375122, Inverse Test Loss: 0.035338248345343506 
2025-05-07 15:47:05,468 INFO: Epoch 351, Train Loss: 0.06336362123715156, Test Loss: 0.07271740673219457, Inverse Test Loss: 0.035746823831954426 
2025-05-07 15:47:09,243 INFO: Epoch 352, Train Loss: 0.0629624958629861, Test Loss: 0.07235066877568469, Inverse Test Loss: 0.03558116778731346 
2025-05-07 15:47:12,995 INFO: Epoch 353, Train Loss: 0.06330852763670863, Test Loss: 0.07260526234612745, Inverse Test Loss: 0.03553775686989812 
2025-05-07 15:47:16,759 INFO: Epoch 354, Train Loss: 0.06129459286052169, Test Loss: 0.07208207753651283, Inverse Test Loss: 0.0353972773779841 
2025-05-07 15:47:20,542 INFO: Epoch 355, Train Loss: 0.062487867745486175, Test Loss: 0.07230188368874438, Inverse Test Loss: 0.035665634362136614 
2025-05-07 15:47:24,315 INFO: Epoch 356, Train Loss: 0.0625366336016944, Test Loss: 0.07178452457575236, Inverse Test Loss: 0.035271683379131204 
2025-05-07 15:47:28,025 INFO: Epoch 357, Train Loss: 0.0622575454639666, Test Loss: 0.07188455475603833, Inverse Test Loss: 0.035343080430346376 
2025-05-07 15:47:31,807 INFO: Epoch 358, Train Loss: 0.06230486799595934, Test Loss: 0.07268052438602728, Inverse Test Loss: 0.03583779394188348 
2025-05-07 15:47:35,600 INFO: Epoch 359, Train Loss: 0.061689544412674324, Test Loss: 0.07155548430540982, Inverse Test Loss: 0.03524427455576027 
2025-05-07 15:47:39,378 INFO: Epoch 360, Train Loss: 0.06272535844508445, Test Loss: 0.07184210726443459, Inverse Test Loss: 0.035405935500474536 
2025-05-07 15:47:43,165 INFO: Epoch 361, Train Loss: 0.06215483836378112, Test Loss: 0.07177098643253832, Inverse Test Loss: 0.03529846131363336 
2025-05-07 15:47:46,947 INFO: Epoch 362, Train Loss: 0.06220394948666746, Test Loss: 0.07235567052574719, Inverse Test Loss: 0.03539861070320887 
2025-05-07 15:47:50,718 INFO: Epoch 363, Train Loss: 0.062000332061539994, Test Loss: 0.0720404734944596, Inverse Test Loss: 0.03538215576725848 
2025-05-07 15:47:54,551 INFO: Epoch 364, Train Loss: 0.06175190498205749, Test Loss: 0.07230014748433057, Inverse Test Loss: 0.035512922660392875 
2025-05-07 15:47:58,381 INFO: Epoch 365, Train Loss: 0.061814355071295395, Test Loss: 0.07180813941008904, Inverse Test Loss: 0.03522500784738975 
2025-05-07 15:48:02,207 INFO: Epoch 366, Train Loss: 0.06182254506557277, Test Loss: 0.0715501549489358, Inverse Test Loss: 0.035257441703887546 
2025-05-07 15:48:06,025 INFO: Epoch 367, Train Loss: 0.061787544947230454, Test Loss: 0.07287944524603732, Inverse Test Loss: 0.035702260211110115 
2025-05-07 15:48:09,853 INFO: Epoch 368, Train Loss: 0.06169513054192066, Test Loss: 0.07248856280656422, Inverse Test Loss: 0.03565156810423907 
2025-05-07 15:48:13,658 INFO: Epoch 369, Train Loss: 0.06214894851048788, Test Loss: 0.07295654100530288, Inverse Test Loss: 0.035945172147715795 
2025-05-07 15:48:17,478 INFO: Epoch 370, Train Loss: 0.061563449262669594, Test Loss: 0.07207625183989019, Inverse Test Loss: 0.03548390089589007 
2025-05-07 15:48:21,466 INFO: Epoch 371, Train Loss: 0.06140362042369264, Test Loss: 0.07245188732357587, Inverse Test Loss: 0.03549761697649956 
2025-05-07 15:48:25,355 INFO: Epoch 372, Train Loss: 0.06194207981003053, Test Loss: 0.0720722681897528, Inverse Test Loss: 0.03557451792499598 
2025-05-07 15:48:29,199 INFO: Epoch 373, Train Loss: 0.0615285796988191, Test Loss: 0.07161977032528204, Inverse Test Loss: 0.03519373178920325 
2025-05-07 15:48:33,016 INFO: Epoch 374, Train Loss: 0.0616799635869084, Test Loss: 0.07215754183776238, Inverse Test Loss: 0.03547206827822853 
2025-05-07 15:48:36,799 INFO: Epoch 375, Train Loss: 0.06139449588954449, Test Loss: 0.07206047676941928, Inverse Test Loss: 0.03548012312282534 
2025-05-07 15:48:40,596 INFO: Epoch 376, Train Loss: 0.061657490716739136, Test Loss: 0.07259237875833231, Inverse Test Loss: 0.03566410589744063 
2025-05-07 15:48:44,394 INFO: Epoch 377, Train Loss: 0.06120086647570133, Test Loss: 0.07215387812432121, Inverse Test Loss: 0.03555260434308473 
2025-05-07 15:48:48,209 INFO: Epoch 378, Train Loss: 0.0611207593571056, Test Loss: 0.07287857243243386, Inverse Test Loss: 0.0357797371552271 
2025-05-07 15:48:51,992 INFO: Epoch 379, Train Loss: 0.0612783334923513, Test Loss: 0.07272169782834895, Inverse Test Loss: 0.03585526478641173 
2025-05-07 15:48:55,779 INFO: Epoch 380, Train Loss: 0.06101578801418796, Test Loss: 0.07279465851538322, Inverse Test Loss: 0.03581864945590496 
2025-05-07 15:48:59,546 INFO: Epoch 381, Train Loss: 0.06129111688245426, Test Loss: 0.07310234755277634, Inverse Test Loss: 0.03596269788549227 
2025-05-07 15:49:03,281 INFO: Epoch 382, Train Loss: 0.06142809433919011, Test Loss: 0.07222304361708023, Inverse Test Loss: 0.03562196398920873 
2025-05-07 15:49:07,037 INFO: Epoch 383, Train Loss: 0.061464884487742726, Test Loss: 0.0722905807197094, Inverse Test Loss: 0.03568645183216123 
2025-05-07 15:49:10,822 INFO: Epoch 384, Train Loss: 0.06080243533307856, Test Loss: 0.07251173279741231, Inverse Test Loss: 0.035756855764809775 
2025-05-07 15:49:14,603 INFO: Epoch 385, Train Loss: 0.06079579652710394, Test Loss: 0.07227062937967918, Inverse Test Loss: 0.03559446411536021 
2025-05-07 15:49:18,383 INFO: Epoch 386, Train Loss: 0.06054229774709904, Test Loss: 0.07223306158009697, Inverse Test Loss: 0.03564038357752211 
2025-05-07 15:49:22,170 INFO: Epoch 387, Train Loss: 0.06107003286932454, Test Loss: 0.07268616644775167, Inverse Test Loss: 0.03575094197602833 
2025-05-07 15:49:25,945 INFO: Epoch 388, Train Loss: 0.0607871116336548, Test Loss: 0.07179597283110899, Inverse Test Loss: 0.03535373059704023 
2025-05-07 15:49:29,704 INFO: Epoch 389, Train Loss: 0.060834760241436234, Test Loss: 0.07222048127475907, Inverse Test Loss: 0.03561652386013199 
2025-05-07 15:49:33,454 INFO: Epoch 390, Train Loss: 0.060610637294523644, Test Loss: 0.07303649756838293, Inverse Test Loss: 0.03588206956491751 
2025-05-07 15:49:37,192 INFO: Epoch 391, Train Loss: 0.06094723211770708, Test Loss: 0.07282219410819166, Inverse Test Loss: 0.035938738790505076 
2025-05-07 15:49:40,956 INFO: Epoch 392, Train Loss: 0.06081476231867617, Test Loss: 0.07287770159104291, Inverse Test Loss: 0.03586469985106412 
2025-05-07 15:49:44,702 INFO: Epoch 393, Train Loss: 0.061103656267126404, Test Loss: 0.07281413520960246, Inverse Test Loss: 0.035805375917869454 
2025-05-07 15:49:48,460 INFO: Epoch 394, Train Loss: 0.060511607733188255, Test Loss: 0.07266729193575241, Inverse Test Loss: 0.035737709416186106 
2025-05-07 15:49:52,240 INFO: Epoch 395, Train Loss: 0.06074995062116421, Test Loss: 0.07210591260124655, Inverse Test Loss: 0.03554324816693278 
2025-05-07 15:49:56,019 INFO: Epoch 396, Train Loss: 0.060461056334051216, Test Loss: 0.07421741042943562, Inverse Test Loss: 0.03641105684287408 
2025-05-07 15:49:59,781 INFO: Epoch 397, Train Loss: 0.060538896613500336, Test Loss: 0.07279421739718493, Inverse Test Loss: 0.035814945421674675 
2025-05-07 15:50:03,562 INFO: Epoch 398, Train Loss: 0.060114440762183884, Test Loss: 0.07238338383681633, Inverse Test Loss: 0.03562118507483426 
2025-05-07 15:50:07,307 INFO: Epoch 399, Train Loss: 0.05996817248788747, Test Loss: 0.07331813236369807, Inverse Test Loss: 0.03609188613207901 
2025-05-07 15:50:11,078 INFO: Epoch 400, Train Loss: 0.05974824218587442, Test Loss: 0.07294629952486824, Inverse Test Loss: 0.03581271353451645 
2025-05-07 15:50:11,078 INFO: Best Epoch 295, Best Test Loss: 0.07096691933624885, Inverse Test Loss: 0.03488686615053345 
