2025-06-18 14:22:35,384 INFO: log_path:/logs_2025_6_18_HS_mos2_L1/AMFormer_simple_KAN_dim32_depth2_heads4_dropout0.4_lr0.0001_5P 
2025-06-18 14:22:35,385 INFO: Model:namespace(attn_dropout=0.4, categories=[], cluster=3, depth=2, dim=32, ff_dropout=0.4, groups=[54, 54, 54], heads=4, name='AMFormer_simple_KAN_dim32_depth2_heads4_dropout0.4', num_cate=0, num_cont=20, num_special_tokens=1, out_dim=1, predictor='simple_KAN', prod_num_per_group=[6, 6, 6], qk_relu=False, static_fusion={'kan_weight': 0.4, 'trans_weight': 0.6}, sum_num_per_group=[32, 16, 8], target_mode='regression', token_descent=False, use_cls_token=True, use_prod=True, use_row_col_attention=True, use_sigmoid=True) 
2025-06-18 14:22:35,385 INFO: lr:0.0001, loss:L1 
2025-06-18 14:22:35,385 INFO: Dataset:HS_mos2, Target:['metal5_Peak'] 
2025-06-18 14:22:35,385 INFO: ------Begin Training Model------ 
2025-06-18 14:22:40,735 INFO: Epoch 1, Train Loss: 0.36353579434481537, Test Loss: 0.37120192717103395, Inverse Test Loss: 0.4038392375497257 
2025-06-18 14:22:42,766 INFO: Epoch 2, Train Loss: 0.332163675716429, Test Loss: 0.33391135405091676, Inverse Test Loss: 0.36271463772829843 
2025-06-18 14:22:44,643 INFO: Epoch 3, Train Loss: 0.3059296565073909, Test Loss: 0.3069770546520458, Inverse Test Loss: 0.3334165872896419 
2025-06-18 14:22:46,443 INFO: Epoch 4, Train Loss: 0.2873921523039991, Test Loss: 0.2945455584455939, Inverse Test Loss: 0.3201800234177533 
2025-06-18 14:22:48,104 INFO: Epoch 5, Train Loss: 0.27629106943354464, Test Loss: 0.2859700813012965, Inverse Test Loss: 0.3108001509133507 
2025-06-18 14:22:49,803 INFO: Epoch 6, Train Loss: 0.2691143112200679, Test Loss: 0.2802109534249586, Inverse Test Loss: 0.3045557562042685 
2025-06-18 14:22:51,603 INFO: Epoch 7, Train Loss: 0.2629321912924449, Test Loss: 0.2669477278695387, Inverse Test Loss: 0.2905651655267267 
2025-06-18 14:22:53,617 INFO: Epoch 8, Train Loss: 0.25553269323074457, Test Loss: 0.2579310895765529, Inverse Test Loss: 0.28083209605777965 
2025-06-18 14:22:55,962 INFO: Epoch 9, Train Loss: 0.24694182994690808, Test Loss: 0.24654963875518127, Inverse Test Loss: 0.26879847049713135 
2025-06-18 14:22:58,210 INFO: Epoch 10, Train Loss: 0.23644161563027988, Test Loss: 0.23723376410848954, Inverse Test Loss: 0.25885535776615143 
2025-06-18 14:23:01,013 INFO: Epoch 11, Train Loss: 0.2297052817814278, Test Loss: 0.23034335234585931, Inverse Test Loss: 0.2514552105875576 
2025-06-18 14:23:03,840 INFO: Epoch 12, Train Loss: 0.22473772524884253, Test Loss: 0.21835392801200643, Inverse Test Loss: 0.2387523765073103 
2025-06-18 14:23:06,534 INFO: Epoch 13, Train Loss: 0.2172023570447257, Test Loss: 0.21321366289082697, Inverse Test Loss: 0.2332340978524264 
2025-06-18 14:23:09,181 INFO: Epoch 14, Train Loss: 0.21239255300977014, Test Loss: 0.20754527519730961, Inverse Test Loss: 0.22706887125968933 
2025-06-18 14:23:11,807 INFO: Epoch 15, Train Loss: 0.20678077073711337, Test Loss: 0.20285851552205927, Inverse Test Loss: 0.2219112524214913 
2025-06-18 14:23:14,406 INFO: Epoch 16, Train Loss: 0.20289913248835187, Test Loss: 0.20021925778949962, Inverse Test Loss: 0.21904961063581355 
2025-06-18 14:23:17,028 INFO: Epoch 17, Train Loss: 0.20059778879989276, Test Loss: 0.19674320957239935, Inverse Test Loss: 0.2151843002613853 
2025-06-18 14:23:19,692 INFO: Epoch 18, Train Loss: 0.19431644542650742, Test Loss: 0.19438472653136535, Inverse Test Loss: 0.21260436317499945 
2025-06-18 14:23:22,419 INFO: Epoch 19, Train Loss: 0.19434291982289517, Test Loss: 0.1919625436558443, Inverse Test Loss: 0.20991173824843237 
2025-06-18 14:23:25,064 INFO: Epoch 20, Train Loss: 0.1930688481890794, Test Loss: 0.18778768795378067, Inverse Test Loss: 0.20537378770463607 
2025-06-18 14:23:27,704 INFO: Epoch 21, Train Loss: 0.19039169405445908, Test Loss: 0.18638965049210718, Inverse Test Loss: 0.20381708706126495 
2025-06-18 14:23:30,353 INFO: Epoch 22, Train Loss: 0.18658876791596413, Test Loss: 0.1866828019128126, Inverse Test Loss: 0.20411998734754674 
2025-06-18 14:23:33,020 INFO: Epoch 23, Train Loss: 0.1866252530704845, Test Loss: 0.18752470174256494, Inverse Test Loss: 0.20505552782731898 
2025-06-18 14:23:35,663 INFO: Epoch 24, Train Loss: 0.18650178667722325, Test Loss: 0.18381436169147491, Inverse Test Loss: 0.20096314917592442 
2025-06-18 14:23:38,314 INFO: Epoch 25, Train Loss: 0.18326092579148032, Test Loss: 0.1822527182452819, Inverse Test Loss: 0.19923335050835328 
2025-06-18 14:23:40,970 INFO: Epoch 26, Train Loss: 0.1808765409796527, Test Loss: 0.17839838476742015, Inverse Test Loss: 0.19511488518294165 
2025-06-18 14:23:43,639 INFO: Epoch 27, Train Loss: 0.1819504534430576, Test Loss: 0.18040410560720108, Inverse Test Loss: 0.19720110297203064 
2025-06-18 14:23:46,296 INFO: Epoch 28, Train Loss: 0.17982496817906699, Test Loss: 0.1783777992515003, Inverse Test Loss: 0.19502596031217015 
2025-06-18 14:23:48,960 INFO: Epoch 29, Train Loss: 0.1774233833632686, Test Loss: 0.17875388702925513, Inverse Test Loss: 0.1953132713542265 
2025-06-18 14:23:51,600 INFO: Epoch 30, Train Loss: 0.17669169649933325, Test Loss: 0.17553555527154138, Inverse Test Loss: 0.1918453837142271 
2025-06-18 14:23:54,243 INFO: Epoch 31, Train Loss: 0.1757202067158439, Test Loss: 0.17645431003149817, Inverse Test Loss: 0.19288043327191295 
2025-06-18 14:23:56,878 INFO: Epoch 32, Train Loss: 0.17525332658128304, Test Loss: 0.17662790680632873, Inverse Test Loss: 0.19305041081765117 
2025-06-18 14:23:59,526 INFO: Epoch 33, Train Loss: 0.1726182515196728, Test Loss: 0.17006917560801788, Inverse Test Loss: 0.18595556125921361 
2025-06-18 14:24:02,174 INFO: Epoch 34, Train Loss: 0.17108005465883197, Test Loss: 0.170525940025554, Inverse Test Loss: 0.18643233968931086 
2025-06-18 14:24:04,836 INFO: Epoch 35, Train Loss: 0.17000479115681214, Test Loss: 0.16762162657345042, Inverse Test Loss: 0.1832326221115449 
2025-06-18 14:24:07,495 INFO: Epoch 36, Train Loss: 0.17033518478274345, Test Loss: 0.17383156190900242, Inverse Test Loss: 0.18988252913250642 
2025-06-18 14:24:10,165 INFO: Epoch 37, Train Loss: 0.16928972281289822, Test Loss: 0.16864296005052679, Inverse Test Loss: 0.18430610702318304 
2025-06-18 14:24:12,830 INFO: Epoch 38, Train Loss: 0.16855705405275026, Test Loss: 0.16737053718637018, Inverse Test Loss: 0.18289390293990865 
2025-06-18 14:24:15,488 INFO: Epoch 39, Train Loss: 0.16650494481578018, Test Loss: 0.16889200315755956, Inverse Test Loss: 0.18456001404453726 
2025-06-18 14:24:18,161 INFO: Epoch 40, Train Loss: 0.16611784041830988, Test Loss: 0.1668605388087385, Inverse Test Loss: 0.18231034804792964 
2025-06-18 14:24:20,858 INFO: Epoch 41, Train Loss: 0.16561765268896567, Test Loss: 0.16455911625834072, Inverse Test Loss: 0.17981419931439793 
2025-06-18 14:24:23,540 INFO: Epoch 42, Train Loss: 0.16423818141673552, Test Loss: 0.16228341618004968, Inverse Test Loss: 0.17744258484419653 
2025-06-18 14:24:26,204 INFO: Epoch 43, Train Loss: 0.16286309831070178, Test Loss: 0.1623266348067452, Inverse Test Loss: 0.17741270801600287 
2025-06-18 14:24:28,858 INFO: Epoch 44, Train Loss: 0.163642293914701, Test Loss: 0.1614469570272109, Inverse Test Loss: 0.1765046246788081 
2025-06-18 14:24:31,543 INFO: Epoch 45, Train Loss: 0.16148313191352467, Test Loss: 0.16222738825223026, Inverse Test Loss: 0.17733617083114736 
2025-06-18 14:24:34,176 INFO: Epoch 46, Train Loss: 0.16085882180116393, Test Loss: 0.1609733052113477, Inverse Test Loss: 0.1758771538734436 
2025-06-18 14:24:36,869 INFO: Epoch 47, Train Loss: 0.16099892274448366, Test Loss: 0.16684897813726873, Inverse Test Loss: 0.1823045024100472 
2025-06-18 14:24:39,571 INFO: Epoch 48, Train Loss: 0.1601977517659014, Test Loss: 0.15997879601576748, Inverse Test Loss: 0.17482806172441034 
2025-06-18 14:24:42,194 INFO: Epoch 49, Train Loss: 0.15885993386759903, Test Loss: 0.15961818966795416, Inverse Test Loss: 0.17438973880865993 
2025-06-18 14:24:44,841 INFO: Epoch 50, Train Loss: 0.15884465633919745, Test Loss: 0.15652345164733775, Inverse Test Loss: 0.17105781067820156 
2025-06-18 14:24:47,536 INFO: Epoch 51, Train Loss: 0.15721202156308925, Test Loss: 0.15855376904501634, Inverse Test Loss: 0.17320403851130428 
2025-06-18 14:24:50,205 INFO: Epoch 52, Train Loss: 0.15843948846062025, Test Loss: 0.15755607187747955, Inverse Test Loss: 0.17221855766632976 
2025-06-18 14:24:52,869 INFO: Epoch 53, Train Loss: 0.15674670108340003, Test Loss: 0.15635780113584855, Inverse Test Loss: 0.1709575306843309 
2025-06-18 14:24:55,556 INFO: Epoch 54, Train Loss: 0.15600153002323527, Test Loss: 0.15438105516573963, Inverse Test Loss: 0.16869939819854848 
2025-06-18 14:24:58,221 INFO: Epoch 55, Train Loss: 0.15427824617786842, Test Loss: 0.1538649972747354, Inverse Test Loss: 0.16817298487705343 
2025-06-18 14:25:00,874 INFO: Epoch 56, Train Loss: 0.1559392290584969, Test Loss: 0.15381278360591216, Inverse Test Loss: 0.16808735842213912 
2025-06-18 14:25:03,546 INFO: Epoch 57, Train Loss: 0.15494434964476209, Test Loss: 0.15174650839146445, Inverse Test Loss: 0.1658668833620408 
2025-06-18 14:25:06,215 INFO: Epoch 58, Train Loss: 0.15378296465584726, Test Loss: 0.1518947333097458, Inverse Test Loss: 0.16599231607773723 
2025-06-18 14:25:08,887 INFO: Epoch 59, Train Loss: 0.1532905430278995, Test Loss: 0.15502330660820007, Inverse Test Loss: 0.169372339897296 
2025-06-18 14:25:11,549 INFO: Epoch 60, Train Loss: 0.15050051361322403, Test Loss: 0.15223095566034317, Inverse Test Loss: 0.1663186129401712 
2025-06-18 14:25:14,216 INFO: Epoch 61, Train Loss: 0.15012272266727505, Test Loss: 0.15183496913489172, Inverse Test Loss: 0.16590017913018956 
2025-06-18 14:25:16,904 INFO: Epoch 62, Train Loss: 0.14875874668359756, Test Loss: 0.1517946373890428, Inverse Test Loss: 0.16587745135321336 
2025-06-18 14:25:19,575 INFO: Epoch 63, Train Loss: 0.14775075481245012, Test Loss: 0.1521674311336349, Inverse Test Loss: 0.1662492458434666 
2025-06-18 14:25:22,283 INFO: Epoch 64, Train Loss: 0.14829457968924986, Test Loss: 0.15042951527763815, Inverse Test Loss: 0.16432668181026683 
2025-06-18 14:25:25,012 INFO: Epoch 65, Train Loss: 0.1500471286249883, Test Loss: 0.15045097601764343, Inverse Test Loss: 0.16435466838233612 
2025-06-18 14:25:27,706 INFO: Epoch 66, Train Loss: 0.1475819404603857, Test Loss: 0.14794049631146824, Inverse Test Loss: 0.16162763010053074 
2025-06-18 14:25:30,389 INFO: Epoch 67, Train Loss: 0.1475788289398858, Test Loss: 0.1492742847870378, Inverse Test Loss: 0.16310588051291072 
2025-06-18 14:25:33,067 INFO: Epoch 68, Train Loss: 0.1468344915545348, Test Loss: 0.14843993502504685, Inverse Test Loss: 0.16215478453566046 
2025-06-18 14:25:35,725 INFO: Epoch 69, Train Loss: 0.1469917857285702, Test Loss: 0.14691219303537817, Inverse Test Loss: 0.16052483460482428 
2025-06-18 14:25:38,409 INFO: Epoch 70, Train Loss: 0.14487035098400983, Test Loss: 0.14788546413183212, Inverse Test Loss: 0.1615275889635086 
2025-06-18 14:25:41,065 INFO: Epoch 71, Train Loss: 0.1463234079155055, Test Loss: 0.1460419923943632, Inverse Test Loss: 0.1595524567015031 
2025-06-18 14:25:43,745 INFO: Epoch 72, Train Loss: 0.14462157158237515, Test Loss: 0.14884870324064703, Inverse Test Loss: 0.16257311140789704 
2025-06-18 14:25:46,419 INFO: Epoch 73, Train Loss: 0.14437648902336755, Test Loss: 0.1452259920975741, Inverse Test Loss: 0.15875109022154527 
2025-06-18 14:25:49,165 INFO: Epoch 74, Train Loss: 0.1422947311040127, Test Loss: 0.14655348307946148, Inverse Test Loss: 0.16010049029308207 
2025-06-18 14:25:51,837 INFO: Epoch 75, Train Loss: 0.1439863946853262, Test Loss: 0.1467075492529308, Inverse Test Loss: 0.160249423893059 
2025-06-18 14:25:54,502 INFO: Epoch 76, Train Loss: 0.14259519902142612, Test Loss: 0.1468950076138272, Inverse Test Loss: 0.16047580540180206 
2025-06-18 14:25:57,162 INFO: Epoch 77, Train Loss: 0.14187812263315375, Test Loss: 0.14464866019347133, Inverse Test Loss: 0.15799392102395787 
2025-06-18 14:25:59,857 INFO: Epoch 78, Train Loss: 0.13976073998844984, Test Loss: 0.14558809425900965, Inverse Test Loss: 0.15902017407557545 
2025-06-18 14:26:02,561 INFO: Epoch 79, Train Loss: 0.13981097372192325, Test Loss: 0.144328769077273, Inverse Test Loss: 0.15767074814614127 
2025-06-18 14:26:05,386 INFO: Epoch 80, Train Loss: 0.1413627310910008, Test Loss: 0.14403101714218364, Inverse Test Loss: 0.15732237696647644 
2025-06-18 14:26:08,298 INFO: Epoch 81, Train Loss: 0.14092810553583232, Test Loss: 0.14125048369169235, Inverse Test Loss: 0.15431930212413564 
2025-06-18 14:26:11,030 INFO: Epoch 82, Train Loss: 0.14019024507565933, Test Loss: 0.14292154987068736, Inverse Test Loss: 0.15617424381129882 
2025-06-18 14:26:13,716 INFO: Epoch 83, Train Loss: 0.13980468069062088, Test Loss: 0.14105668488670797, Inverse Test Loss: 0.15411078272496953 
2025-06-18 14:26:16,398 INFO: Epoch 84, Train Loss: 0.1389838270843029, Test Loss: 0.14041694560471704, Inverse Test Loss: 0.15342168597614064 
2025-06-18 14:26:19,106 INFO: Epoch 85, Train Loss: 0.13883928548205982, Test Loss: 0.14204039205523097, Inverse Test Loss: 0.15518409539671504 
2025-06-18 14:26:21,830 INFO: Epoch 86, Train Loss: 0.13785208852002115, Test Loss: 0.1402812955134055, Inverse Test Loss: 0.15327468426788554 
2025-06-18 14:26:24,512 INFO: Epoch 87, Train Loss: 0.13742598405841625, Test Loss: 0.1414589474306387, Inverse Test Loss: 0.15448971005047069 
2025-06-18 14:26:27,184 INFO: Epoch 88, Train Loss: 0.138428022577004, Test Loss: 0.14173214575823614, Inverse Test Loss: 0.15483797604546828 
2025-06-18 14:26:29,860 INFO: Epoch 89, Train Loss: 0.13722776339361162, Test Loss: 0.13985428235986652, Inverse Test Loss: 0.15280322949675954 
2025-06-18 14:26:32,528 INFO: Epoch 90, Train Loss: 0.13554749299179425, Test Loss: 0.13831938934676788, Inverse Test Loss: 0.1511359841508024 
2025-06-18 14:26:35,225 INFO: Epoch 91, Train Loss: 0.13547134467146613, Test Loss: 0.1372215796042891, Inverse Test Loss: 0.1499351911685046 
2025-06-18 14:26:37,900 INFO: Epoch 92, Train Loss: 0.13540263869094127, Test Loss: 0.13781106296707601, Inverse Test Loss: 0.15054930702728384 
2025-06-18 14:26:40,705 INFO: Epoch 93, Train Loss: 0.13517300016952283, Test Loss: 0.13676250484936378, Inverse Test Loss: 0.14949010487865 
2025-06-18 14:26:43,560 INFO: Epoch 94, Train Loss: 0.13494997968276343, Test Loss: 0.13787327115150058, Inverse Test Loss: 0.15060942620038986 
2025-06-18 14:26:46,289 INFO: Epoch 95, Train Loss: 0.13364695757627487, Test Loss: 0.13842728449141278, Inverse Test Loss: 0.15122385805144029 
2025-06-18 14:26:49,076 INFO: Epoch 96, Train Loss: 0.13306113863081642, Test Loss: 0.1367693560964921, Inverse Test Loss: 0.14944965260870316 
2025-06-18 14:26:51,809 INFO: Epoch 97, Train Loss: 0.13447932763533157, Test Loss: 0.13690423921627157, Inverse Test Loss: 0.1495553697733318 
2025-06-18 14:26:54,509 INFO: Epoch 98, Train Loss: 0.132515433837067, Test Loss: 0.13510811000185854, Inverse Test Loss: 0.14761087977710893 
2025-06-18 14:26:57,193 INFO: Epoch 99, Train Loss: 0.13267608619097507, Test Loss: 0.13593132289893486, Inverse Test Loss: 0.14846472091534557 
2025-06-18 14:26:59,872 INFO: Epoch 100, Train Loss: 0.13362007689746944, Test Loss: 0.13478020359488094, Inverse Test Loss: 0.1472434476017952 
2025-06-18 14:26:59,872 INFO: Best Epoch 100, Best Test Loss: 0.13478020359488094, Inverse Test Loss: 0.1472434476017952 
2025-06-18 14:27:02,575 INFO: Epoch 101, Train Loss: 0.13196718083186584, Test Loss: 0.13408471950713327, Inverse Test Loss: 0.14651100863428676 
2025-06-18 14:27:05,240 INFO: Epoch 102, Train Loss: 0.1310247244934241, Test Loss: 0.1348274950595463, Inverse Test Loss: 0.14731462124515982 
2025-06-18 14:27:07,911 INFO: Epoch 103, Train Loss: 0.1298325261609121, Test Loss: 0.1343735289924285, Inverse Test Loss: 0.14679472674341762 
2025-06-18 14:27:10,576 INFO: Epoch 104, Train Loss: 0.13047986793698688, Test Loss: 0.13456540598588831, Inverse Test Loss: 0.14701022448785164 
2025-06-18 14:27:13,237 INFO: Epoch 105, Train Loss: 0.13069374125563737, Test Loss: 0.1328996483455686, Inverse Test Loss: 0.14518083106069005 
2025-06-18 14:27:15,920 INFO: Epoch 106, Train Loss: 0.12977848958336946, Test Loss: 0.1334107901681872, Inverse Test Loss: 0.14573978873736718 
2025-06-18 14:27:18,616 INFO: Epoch 107, Train Loss: 0.12952479923313315, Test Loss: 0.13217300154707012, Inverse Test Loss: 0.14441518310238333 
2025-06-18 14:27:21,298 INFO: Epoch 108, Train Loss: 0.13037830777466297, Test Loss: 0.13224425561287823, Inverse Test Loss: 0.14448340346708016 
2025-06-18 14:27:23,973 INFO: Epoch 109, Train Loss: 0.129648376933553, Test Loss: 0.1322392190203947, Inverse Test Loss: 0.1444571158465217 
2025-06-18 14:27:26,616 INFO: Epoch 110, Train Loss: 0.12887083614865938, Test Loss: 0.13298336153521256, Inverse Test Loss: 0.14526251988375888 
2025-06-18 14:27:29,258 INFO: Epoch 111, Train Loss: 0.12788283520124175, Test Loss: 0.13187367425245397, Inverse Test Loss: 0.1440586062038646 
2025-06-18 14:27:31,938 INFO: Epoch 112, Train Loss: 0.127331750636751, Test Loss: 0.1310332853566198, Inverse Test Loss: 0.14315926634213505 
2025-06-18 14:27:34,598 INFO: Epoch 113, Train Loss: 0.12779543255314682, Test Loss: 0.13079852654653437, Inverse Test Loss: 0.142923025523915 
2025-06-18 14:27:37,252 INFO: Epoch 114, Train Loss: 0.12598366391929713, Test Loss: 0.13024855909102104, Inverse Test Loss: 0.14229186186019113 
2025-06-18 14:27:39,903 INFO: Epoch 115, Train Loss: 0.12780493012431896, Test Loss: 0.131773961817517, Inverse Test Loss: 0.14393486805698452 
2025-06-18 14:27:42,570 INFO: Epoch 116, Train Loss: 0.12760898865985149, Test Loss: 0.13131268453948639, Inverse Test Loss: 0.14339779076330803 
2025-06-18 14:27:45,224 INFO: Epoch 117, Train Loss: 0.12567459362925906, Test Loss: 0.13135477506062565, Inverse Test Loss: 0.14346597825779633 
2025-06-18 14:27:47,880 INFO: Epoch 118, Train Loss: 0.126955399346171, Test Loss: 0.12906244725865476, Inverse Test Loss: 0.1410256091724424 
2025-06-18 14:27:50,526 INFO: Epoch 119, Train Loss: 0.12419775941155174, Test Loss: 0.12945724782698295, Inverse Test Loss: 0.141454576569445 
2025-06-18 14:27:53,165 INFO: Epoch 120, Train Loss: 0.12359457338849704, Test Loss: 0.12973726869505994, Inverse Test Loss: 0.14173943001557798 
2025-06-18 14:27:55,811 INFO: Epoch 121, Train Loss: 0.12421709321665042, Test Loss: 0.1275376458378399, Inverse Test Loss: 0.1393879647640621 
2025-06-18 14:27:58,501 INFO: Epoch 122, Train Loss: 0.12693410536104982, Test Loss: 0.1300121079034665, Inverse Test Loss: 0.14201820093919248 
2025-06-18 14:28:01,165 INFO: Epoch 123, Train Loss: 0.12451033813483788, Test Loss: 0.12906741153667955, Inverse Test Loss: 0.1409832528408836 
2025-06-18 14:28:03,827 INFO: Epoch 124, Train Loss: 0.12457411995891368, Test Loss: 0.13022870636161635, Inverse Test Loss: 0.14223835507736488 
2025-06-18 14:28:06,473 INFO: Epoch 125, Train Loss: 0.12436364331480229, Test Loss: 0.12851923024829695, Inverse Test Loss: 0.1403670591466567 
2025-06-18 14:28:09,115 INFO: Epoch 126, Train Loss: 0.12318409335884181, Test Loss: 0.12658966617549167, Inverse Test Loss: 0.1382851819781696 
2025-06-18 14:28:11,773 INFO: Epoch 127, Train Loss: 0.12228912081230771, Test Loss: 0.12751827871098237, Inverse Test Loss: 0.1393008957452634 
2025-06-18 14:28:14,456 INFO: Epoch 128, Train Loss: 0.12311572209000587, Test Loss: 0.12818226525012186, Inverse Test Loss: 0.14000369126305862 
2025-06-18 14:28:17,094 INFO: Epoch 129, Train Loss: 0.12242627561543927, Test Loss: 0.12730859526816538, Inverse Test Loss: 0.13904973097583828 
2025-06-18 14:28:19,792 INFO: Epoch 130, Train Loss: 0.12276868183504451, Test Loss: 0.1270689295933527, Inverse Test Loss: 0.13881950935020165 
2025-06-18 14:28:22,479 INFO: Epoch 131, Train Loss: 0.1216685011079817, Test Loss: 0.1262087548042045, Inverse Test Loss: 0.1378799819332712 
2025-06-18 14:28:25,135 INFO: Epoch 132, Train Loss: 0.12030289886575757, Test Loss: 0.12657944726593354, Inverse Test Loss: 0.13821720923571026 
2025-06-18 14:28:27,778 INFO: Epoch 133, Train Loss: 0.1194846218056751, Test Loss: 0.12641271707766197, Inverse Test Loss: 0.1381015845519655 
2025-06-18 14:28:30,433 INFO: Epoch 134, Train Loss: 0.1218951509870363, Test Loss: 0.12681634132476413, Inverse Test Loss: 0.13848308934008374 
2025-06-18 14:28:33,085 INFO: Epoch 135, Train Loss: 0.12114952741698785, Test Loss: 0.12582852055921273, Inverse Test Loss: 0.13744816929101944 
2025-06-18 14:28:35,842 INFO: Epoch 136, Train Loss: 0.12047670092998129, Test Loss: 0.12672867713605657, Inverse Test Loss: 0.13840568591566646 
2025-06-18 14:28:38,543 INFO: Epoch 137, Train Loss: 0.1190486986077193, Test Loss: 0.12526987646432483, Inverse Test Loss: 0.13683417899643674 
2025-06-18 14:28:41,252 INFO: Epoch 138, Train Loss: 0.1195588546494643, Test Loss: 0.12661819291465423, Inverse Test Loss: 0.13833006756270633 
2025-06-18 14:28:43,966 INFO: Epoch 139, Train Loss: 0.12045032632621852, Test Loss: 0.12483888952171102, Inverse Test Loss: 0.13638116287834504 
2025-06-18 14:28:46,650 INFO: Epoch 140, Train Loss: 0.11935749627424008, Test Loss: 0.12466237102361287, Inverse Test Loss: 0.13618614195900805 
2025-06-18 14:28:49,316 INFO: Epoch 141, Train Loss: 0.11992238529703834, Test Loss: 0.12538849409012234, Inverse Test Loss: 0.13693285864942215 
2025-06-18 14:28:52,005 INFO: Epoch 142, Train Loss: 0.11884161762215874, Test Loss: 0.12407996132969856, Inverse Test Loss: 0.13552482513820424 
2025-06-18 14:28:54,674 INFO: Epoch 143, Train Loss: 0.1189416531812061, Test Loss: 0.12438277527689934, Inverse Test Loss: 0.13587547466158867 
2025-06-18 14:28:57,333 INFO: Epoch 144, Train Loss: 0.1186870690999609, Test Loss: 0.12557566341231852, Inverse Test Loss: 0.13714456141871564 
2025-06-18 14:28:59,983 INFO: Epoch 145, Train Loss: 0.11847149230765575, Test Loss: 0.12405924564775299, Inverse Test Loss: 0.13550055005094586 
2025-06-18 14:29:02,643 INFO: Epoch 146, Train Loss: 0.11791134631317673, Test Loss: 0.12342372668140075, Inverse Test Loss: 0.13484282265691197 
2025-06-18 14:29:05,268 INFO: Epoch 147, Train Loss: 0.11757793034793752, Test Loss: 0.12368931928101708, Inverse Test Loss: 0.13511606831760967 
2025-06-18 14:29:07,956 INFO: Epoch 148, Train Loss: 0.1168581187499292, Test Loss: 0.1284740365603391, Inverse Test Loss: 0.14026856707299457 
2025-06-18 14:29:10,594 INFO: Epoch 149, Train Loss: 0.11783708033688141, Test Loss: 0.12455658088712131, Inverse Test Loss: 0.13602909796378193 
2025-06-18 14:29:13,255 INFO: Epoch 150, Train Loss: 0.11644938193035848, Test Loss: 0.12450924603378072, Inverse Test Loss: 0.1359866778640186 
2025-06-18 14:29:15,965 INFO: Epoch 151, Train Loss: 0.11648240809639294, Test Loss: 0.12478140259490293, Inverse Test Loss: 0.13626124183921254 
2025-06-18 14:29:18,644 INFO: Epoch 152, Train Loss: 0.11791046172606223, Test Loss: 0.12316739909789141, Inverse Test Loss: 0.13451975737424457 
2025-06-18 14:29:21,361 INFO: Epoch 153, Train Loss: 0.11685918700514418, Test Loss: 0.12272464593543726, Inverse Test Loss: 0.13408094425411785 
2025-06-18 14:29:24,023 INFO: Epoch 154, Train Loss: 0.11665681021457369, Test Loss: 0.12323816931423019, Inverse Test Loss: 0.1346362914670916 
2025-06-18 14:29:26,695 INFO: Epoch 155, Train Loss: 0.11534973250871355, Test Loss: 0.1232562095803373, Inverse Test Loss: 0.13467210947590716 
2025-06-18 14:29:29,352 INFO: Epoch 156, Train Loss: 0.11648686337425854, Test Loss: 0.12320258797091596, Inverse Test Loss: 0.13457798607209148 
2025-06-18 14:29:32,006 INFO: Epoch 157, Train Loss: 0.11480175737630237, Test Loss: 0.12224607147714671, Inverse Test Loss: 0.13352537111324422 
2025-06-18 14:29:34,671 INFO: Epoch 158, Train Loss: 0.11490955644033173, Test Loss: 0.12360108249327716, Inverse Test Loss: 0.1349927285576568 
2025-06-18 14:29:37,354 INFO: Epoch 159, Train Loss: 0.11464622752232985, Test Loss: 0.12099845400627922, Inverse Test Loss: 0.13219460954560952 
2025-06-18 14:29:39,992 INFO: Epoch 160, Train Loss: 0.11357341876084154, Test Loss: 0.12237754990072812, Inverse Test Loss: 0.1337032940457849 
2025-06-18 14:29:42,658 INFO: Epoch 161, Train Loss: 0.11603701475894812, Test Loss: 0.12508461076547117, Inverse Test Loss: 0.13659286170321353 
2025-06-18 14:29:45,326 INFO: Epoch 162, Train Loss: 0.11258496208624406, Test Loss: 0.1218074454980738, Inverse Test Loss: 0.1330532376818797 
2025-06-18 14:29:47,989 INFO: Epoch 163, Train Loss: 0.11334236417755936, Test Loss: 0.12135692400967374, Inverse Test Loss: 0.13256232199423454 
2025-06-18 14:29:50,661 INFO: Epoch 164, Train Loss: 0.11509760615952087, Test Loss: 0.12201406982015162, Inverse Test Loss: 0.13329691286472714 
2025-06-18 14:29:53,328 INFO: Epoch 165, Train Loss: 0.11413029835305431, Test Loss: 0.12265239699798472, Inverse Test Loss: 0.13396578829954653 
2025-06-18 14:29:55,952 INFO: Epoch 166, Train Loss: 0.11312029465581432, Test Loss: 0.123105556868455, Inverse Test Loss: 0.1344628864351441 
2025-06-18 14:29:58,584 INFO: Epoch 167, Train Loss: 0.11252585397751043, Test Loss: 0.12119133178802098, Inverse Test Loss: 0.13241072919438868 
2025-06-18 14:30:01,246 INFO: Epoch 168, Train Loss: 0.11299675872380083, Test Loss: 0.12079978624687475, Inverse Test Loss: 0.13194075971841812 
2025-06-18 14:30:03,918 INFO: Epoch 169, Train Loss: 0.11144414284464085, Test Loss: 0.12173749725608264, Inverse Test Loss: 0.13292162229909615 
2025-06-18 14:30:06,581 INFO: Epoch 170, Train Loss: 0.11100961222793117, Test Loss: 0.12034297493450782, Inverse Test Loss: 0.1314710571485407 
2025-06-18 14:30:09,273 INFO: Epoch 171, Train Loss: 0.11257568521030022, Test Loss: 0.12138980254530907, Inverse Test Loss: 0.13257152631002314 
2025-06-18 14:30:11,952 INFO: Epoch 172, Train Loss: 0.11090967894503564, Test Loss: 0.12221616835278623, Inverse Test Loss: 0.13348287409719298 
2025-06-18 14:30:14,612 INFO: Epoch 173, Train Loss: 0.11209320423729492, Test Loss: 0.12027553622336949, Inverse Test Loss: 0.13141306796494653 
2025-06-18 14:30:17,273 INFO: Epoch 174, Train Loss: 0.11147546717389063, Test Loss: 0.12026889907086596, Inverse Test Loss: 0.13136649833006017 
2025-06-18 14:30:19,980 INFO: Epoch 175, Train Loss: 0.11082717550523354, Test Loss: 0.12028690471368678, Inverse Test Loss: 0.13137494290576263 
2025-06-18 14:30:22,703 INFO: Epoch 176, Train Loss: 0.11047507320163828, Test Loss: 0.12154375367304858, Inverse Test Loss: 0.1327622267691528 
2025-06-18 14:30:25,447 INFO: Epoch 177, Train Loss: 0.10980111021887172, Test Loss: 0.11945117790909375, Inverse Test Loss: 0.13047552700428403 
2025-06-18 14:30:28,126 INFO: Epoch 178, Train Loss: 0.11104733790412094, Test Loss: 0.12161095834830228, Inverse Test Loss: 0.13282455175238497 
2025-06-18 14:30:30,803 INFO: Epoch 179, Train Loss: 0.1120732097011624, Test Loss: 0.11972088980324128, Inverse Test Loss: 0.13078250078593984 
2025-06-18 14:30:33,452 INFO: Epoch 180, Train Loss: 0.11066353654093815, Test Loss: 0.1196502177592586, Inverse Test Loss: 0.13070008903741837 
2025-06-18 14:30:36,108 INFO: Epoch 181, Train Loss: 0.10941508101920287, Test Loss: 0.12016321652952362, Inverse Test Loss: 0.13126177822842316 
2025-06-18 14:30:38,770 INFO: Epoch 182, Train Loss: 0.10901484621519392, Test Loss: 0.11980541466790087, Inverse Test Loss: 0.13088342240628073 
2025-06-18 14:30:41,435 INFO: Epoch 183, Train Loss: 0.10975404964251952, Test Loss: 0.11883700595182531, Inverse Test Loss: 0.12985097047160654 
2025-06-18 14:30:44,107 INFO: Epoch 184, Train Loss: 0.10933031356244376, Test Loss: 0.11900492406943265, Inverse Test Loss: 0.12999612618895137 
2025-06-18 14:30:46,770 INFO: Epoch 185, Train Loss: 0.10933378886318568, Test Loss: 0.11799979429034625, Inverse Test Loss: 0.1289345602340558 
2025-06-18 14:30:49,405 INFO: Epoch 186, Train Loss: 0.109210639063156, Test Loss: 0.12020263404530637, Inverse Test Loss: 0.13128801698193832 
2025-06-18 14:30:52,057 INFO: Epoch 187, Train Loss: 0.10892482203516093, Test Loss: 0.11708779786439504, Inverse Test Loss: 0.127940484925228 
2025-06-18 14:30:54,748 INFO: Epoch 188, Train Loss: 0.10780621799781467, Test Loss: 0.11842487993485787, Inverse Test Loss: 0.12941448653445525 
2025-06-18 14:30:57,401 INFO: Epoch 189, Train Loss: 0.10871755399487236, Test Loss: 0.1179122153450461, Inverse Test Loss: 0.12884691949276364 
2025-06-18 14:31:00,063 INFO: Epoch 190, Train Loss: 0.10809412468789202, Test Loss: 0.11702896435471143, Inverse Test Loss: 0.12789293860687928 
2025-06-18 14:31:02,721 INFO: Epoch 191, Train Loss: 0.10955377476233424, Test Loss: 0.11936429953750442, Inverse Test Loss: 0.13035338437732527 
2025-06-18 14:31:05,452 INFO: Epoch 192, Train Loss: 0.10846446985096643, Test Loss: 0.11821043206488385, Inverse Test Loss: 0.12917420070837526 
2025-06-18 14:31:08,236 INFO: Epoch 193, Train Loss: 0.10798370984919144, Test Loss: 0.11752976849675179, Inverse Test Loss: 0.1283759527346667 
2025-06-18 14:31:10,925 INFO: Epoch 194, Train Loss: 0.10861952077936042, Test Loss: 0.11840908777187853, Inverse Test Loss: 0.129332986605518 
2025-06-18 14:31:13,580 INFO: Epoch 195, Train Loss: 0.10844161502565398, Test Loss: 0.11861410079633489, Inverse Test Loss: 0.12953994883333936 
2025-06-18 14:31:16,248 INFO: Epoch 196, Train Loss: 0.10901646310407104, Test Loss: 0.11826520018717822, Inverse Test Loss: 0.12918063099769986 
2025-06-18 14:31:18,906 INFO: Epoch 197, Train Loss: 0.10808796717813521, Test Loss: 0.11789411547429421, Inverse Test Loss: 0.12876341207062497 
2025-06-18 14:31:21,633 INFO: Epoch 198, Train Loss: 0.10625564798035404, Test Loss: 0.11689585228176678, Inverse Test Loss: 0.12770736107931419 
2025-06-18 14:31:24,361 INFO: Epoch 199, Train Loss: 0.10610057577265031, Test Loss: 0.11915192292893634, Inverse Test Loss: 0.13012484044713132 
2025-06-18 14:31:26,999 INFO: Epoch 200, Train Loss: 0.10711428020713908, Test Loss: 0.11816452487426646, Inverse Test Loss: 0.1290924919440466 
2025-06-18 14:31:26,999 INFO: Best Epoch 198, Best Test Loss: 0.11689585228176678, Inverse Test Loss: 0.12770736107931419 
2025-06-18 14:31:29,644 INFO: Epoch 201, Train Loss: 0.10702725911908077, Test Loss: 0.11707943261546247, Inverse Test Loss: 0.1279181936646209 
2025-06-18 14:31:32,319 INFO: Epoch 202, Train Loss: 0.10621589772177464, Test Loss: 0.11786639537004863, Inverse Test Loss: 0.12874913829214432 
2025-06-18 14:31:34,996 INFO: Epoch 203, Train Loss: 0.10690539578596751, Test Loss: 0.11817072879742174, Inverse Test Loss: 0.12909990483347109 
2025-06-18 14:31:37,649 INFO: Epoch 204, Train Loss: 0.10580495756232378, Test Loss: 0.11750429101726588, Inverse Test Loss: 0.1283935983391369 
2025-06-18 14:31:40,323 INFO: Epoch 205, Train Loss: 0.10521663206093239, Test Loss: 0.11661038328619565, Inverse Test Loss: 0.12737289027256124 
2025-06-18 14:31:43,015 INFO: Epoch 206, Train Loss: 0.10634121863227902, Test Loss: 0.1169883457615095, Inverse Test Loss: 0.12781465294606545 
2025-06-18 14:31:45,665 INFO: Epoch 207, Train Loss: 0.1050328580154614, Test Loss: 0.1167208846001064, Inverse Test Loss: 0.12748953437103944 
2025-06-18 14:31:48,336 INFO: Epoch 208, Train Loss: 0.10533694177865982, Test Loss: 0.11706848026198499, Inverse Test Loss: 0.12789195819812663 
2025-06-18 14:31:50,987 INFO: Epoch 209, Train Loss: 0.1054168501586625, Test Loss: 0.11599231861970004, Inverse Test Loss: 0.12675500902182915 
2025-06-18 14:31:53,641 INFO: Epoch 210, Train Loss: 0.10594738218368906, Test Loss: 0.11814925030750387, Inverse Test Loss: 0.12906042595996575 
2025-06-18 14:31:56,309 INFO: Epoch 211, Train Loss: 0.10417153849972016, Test Loss: 0.11569030736299123, Inverse Test Loss: 0.1263989256147076 
2025-06-18 14:31:58,984 INFO: Epoch 212, Train Loss: 0.1054180208029169, Test Loss: 0.11858725460136638, Inverse Test Loss: 0.1295232777209843 
2025-06-18 14:32:01,639 INFO: Epoch 213, Train Loss: 0.10400780171833256, Test Loss: 0.11598359990645857, Inverse Test Loss: 0.1267317441456458 
2025-06-18 14:32:04,305 INFO: Epoch 214, Train Loss: 0.1040127341155753, Test Loss: 0.11665406362975345, Inverse Test Loss: 0.1274639050311902 
2025-06-18 14:32:06,955 INFO: Epoch 215, Train Loss: 0.10342619427000031, Test Loss: 0.11619422277983497, Inverse Test Loss: 0.12694171925677972 
2025-06-18 14:32:09,609 INFO: Epoch 216, Train Loss: 0.10355361206739237, Test Loss: 0.11646540528711151, Inverse Test Loss: 0.12725084494141972 
2025-06-18 14:32:12,288 INFO: Epoch 217, Train Loss: 0.1027988110189185, Test Loss: 0.11621444760000005, Inverse Test Loss: 0.12696300950997016 
2025-06-18 14:32:14,933 INFO: Epoch 218, Train Loss: 0.10482288146335067, Test Loss: 0.11585600586498485, Inverse Test Loss: 0.1266242079436779 
2025-06-18 14:32:17,570 INFO: Epoch 219, Train Loss: 0.10309061441909183, Test Loss: 0.11648214608430862, Inverse Test Loss: 0.12726458775646546 
2025-06-18 14:32:20,234 INFO: Epoch 220, Train Loss: 0.10271570910558556, Test Loss: 0.11628406648250188, Inverse Test Loss: 0.12704403764184782 
2025-06-18 14:32:22,931 INFO: Epoch 221, Train Loss: 0.10290335056682427, Test Loss: 0.11553262086475596, Inverse Test Loss: 0.12623971065177636 
2025-06-18 14:32:25,601 INFO: Epoch 222, Train Loss: 0.10322599508094066, Test Loss: 0.1161754508228863, Inverse Test Loss: 0.1269240791306776 
2025-06-18 14:32:28,304 INFO: Epoch 223, Train Loss: 0.10438291130192352, Test Loss: 0.11545027091222651, Inverse Test Loss: 0.12615110549856634 
2025-06-18 14:32:31,120 INFO: Epoch 224, Train Loss: 0.10217259050996015, Test Loss: 0.11509051524540957, Inverse Test Loss: 0.1257410529343521 
2025-06-18 14:32:33,845 INFO: Epoch 225, Train Loss: 0.1024350838905031, Test Loss: 0.11444356204832301, Inverse Test Loss: 0.1250271115671186 
2025-06-18 14:32:36,495 INFO: Epoch 226, Train Loss: 0.10160002180121162, Test Loss: 0.11571091566892232, Inverse Test Loss: 0.12640491040313945 
2025-06-18 14:32:39,133 INFO: Epoch 227, Train Loss: 0.10240872051905502, Test Loss: 0.11551724396207753, Inverse Test Loss: 0.12620797183583765 
2025-06-18 14:32:41,801 INFO: Epoch 228, Train Loss: 0.10149371940078157, Test Loss: 0.11545021371806369, Inverse Test Loss: 0.12611065914525704 
2025-06-18 14:32:44,465 INFO: Epoch 229, Train Loss: 0.10214420148369038, Test Loss: 0.115071571267703, Inverse Test Loss: 0.12572935223579407 
2025-06-18 14:32:47,112 INFO: Epoch 230, Train Loss: 0.10108345171267336, Test Loss: 0.11541126821847524, Inverse Test Loss: 0.12613705479923418 
2025-06-18 14:32:49,766 INFO: Epoch 231, Train Loss: 0.1008801893190001, Test Loss: 0.11489974488230313, Inverse Test Loss: 0.12555756178848884 
2025-06-18 14:32:52,470 INFO: Epoch 232, Train Loss: 0.10065799358893525, Test Loss: 0.11531527011710055, Inverse Test Loss: 0.12598937114371972 
2025-06-18 14:32:55,157 INFO: Epoch 233, Train Loss: 0.10167288893099988, Test Loss: 0.11475338282830574, Inverse Test Loss: 0.1253457025570028 
2025-06-18 14:32:57,806 INFO: Epoch 234, Train Loss: 0.1008636990957188, Test Loss: 0.114780971670852, Inverse Test Loss: 0.12539015951402047 
2025-06-18 14:33:00,490 INFO: Epoch 235, Train Loss: 0.10092648829926144, Test Loss: 0.11510955476585556, Inverse Test Loss: 0.1257393561741885 
2025-06-18 14:33:03,161 INFO: Epoch 236, Train Loss: 0.10030403851785442, Test Loss: 0.1132327436524279, Inverse Test Loss: 0.12372617686496061 
2025-06-18 14:33:05,826 INFO: Epoch 237, Train Loss: 0.10073934591403513, Test Loss: 0.11353984036866356, Inverse Test Loss: 0.12408587248886332 
2025-06-18 14:33:08,491 INFO: Epoch 238, Train Loss: 0.10183854085026366, Test Loss: 0.11324783063986722, Inverse Test Loss: 0.12376487342750325 
2025-06-18 14:33:11,138 INFO: Epoch 239, Train Loss: 0.10039900390036179, Test Loss: 0.11396868066752658, Inverse Test Loss: 0.12452371856745552 
2025-06-18 14:33:13,789 INFO: Epoch 240, Train Loss: 0.09994403605885578, Test Loss: 0.11413262390038546, Inverse Test Loss: 0.12470489499323509 
2025-06-18 14:33:16,412 INFO: Epoch 241, Train Loss: 0.0998041873628443, Test Loss: 0.11405249356346972, Inverse Test Loss: 0.12460672943031087 
2025-06-18 14:33:19,065 INFO: Epoch 242, Train Loss: 0.09913666309280829, Test Loss: 0.11427956644226522, Inverse Test Loss: 0.12487993718070142 
2025-06-18 14:33:21,769 INFO: Epoch 243, Train Loss: 0.10077196596698328, Test Loss: 0.11498268693685532, Inverse Test Loss: 0.1256014877820716 
2025-06-18 14:33:24,478 INFO: Epoch 244, Train Loss: 0.09920995586523504, Test Loss: 0.11352008975604001, Inverse Test Loss: 0.12403057997717577 
2025-06-18 14:33:27,156 INFO: Epoch 245, Train Loss: 0.10003949814673627, Test Loss: 0.11353694231194608, Inverse Test Loss: 0.12402430023340617 
2025-06-18 14:33:29,844 INFO: Epoch 246, Train Loss: 0.09950656771208301, Test Loss: 0.11426445776048828, Inverse Test Loss: 0.12483012084575261 
2025-06-18 14:33:32,521 INFO: Epoch 247, Train Loss: 0.09883684918961742, Test Loss: 0.11341025329688016, Inverse Test Loss: 0.12390249726526878 
2025-06-18 14:33:35,200 INFO: Epoch 248, Train Loss: 0.0975929464241772, Test Loss: 0.11501953772762243, Inverse Test Loss: 0.1256167623488342 
2025-06-18 14:33:37,879 INFO: Epoch 249, Train Loss: 0.09814576889303597, Test Loss: 0.11461406485999331, Inverse Test Loss: 0.12522747981197693 
2025-06-18 14:33:40,556 INFO: Epoch 250, Train Loss: 0.09767009272719875, Test Loss: 0.11450678986661575, Inverse Test Loss: 0.1250589531572426 
2025-06-18 14:33:43,239 INFO: Epoch 251, Train Loss: 0.09924188109509872, Test Loss: 0.11472529896041926, Inverse Test Loss: 0.12533370230127783 
2025-06-18 14:33:45,899 INFO: Epoch 252, Train Loss: 0.09755659425123171, Test Loss: 0.11455966488403432, Inverse Test Loss: 0.1251309016609893 
2025-06-18 14:33:48,558 INFO: Epoch 253, Train Loss: 0.09753699798249837, Test Loss: 0.11401714033940259, Inverse Test Loss: 0.12451871725566246 
2025-06-18 14:33:51,226 INFO: Epoch 254, Train Loss: 0.09787823784757745, Test Loss: 0.1132341189419522, Inverse Test Loss: 0.12371365967042305 
2025-06-18 14:33:53,912 INFO: Epoch 255, Train Loss: 0.09788510920197675, Test Loss: 0.11311385057428304, Inverse Test Loss: 0.12356927070547552 
2025-06-18 14:33:56,601 INFO: Epoch 256, Train Loss: 0.09654465487057512, Test Loss: 0.11468619414988686, Inverse Test Loss: 0.1252414684961824 
2025-06-18 14:33:59,266 INFO: Epoch 257, Train Loss: 0.09754114360971884, Test Loss: 0.11369339508168838, Inverse Test Loss: 0.12420656093779732 
2025-06-18 14:34:01,914 INFO: Epoch 258, Train Loss: 0.09740488874641332, Test Loss: 0.11341321117737714, Inverse Test Loss: 0.12388805058949134 
2025-06-18 14:34:04,608 INFO: Epoch 259, Train Loss: 0.09669285171637029, Test Loss: 0.11360248463118777, Inverse Test Loss: 0.1241209316341316 
2025-06-18 14:34:07,285 INFO: Epoch 260, Train Loss: 0.0960127878369707, Test Loss: 0.11351070246275734, Inverse Test Loss: 0.12400490724865128 
2025-06-18 14:34:09,939 INFO: Epoch 261, Train Loss: 0.09724313381946448, Test Loss: 0.11379751212456647, Inverse Test Loss: 0.12436331326470655 
2025-06-18 14:34:12,585 INFO: Epoch 262, Train Loss: 0.09690473251270526, Test Loss: 0.11273279588888674, Inverse Test Loss: 0.12313905928064794 
2025-06-18 14:34:15,273 INFO: Epoch 263, Train Loss: 0.09751234576106071, Test Loss: 0.11417146794059697, Inverse Test Loss: 0.12475729646051631 
2025-06-18 14:34:17,949 INFO: Epoch 264, Train Loss: 0.09700904820453037, Test Loss: 0.11428131579476244, Inverse Test Loss: 0.12478566717575579 
2025-06-18 14:34:20,634 INFO: Epoch 265, Train Loss: 0.09587012575657079, Test Loss: 0.11273795300546814, Inverse Test Loss: 0.12317648968275856 
2025-06-18 14:34:23,319 INFO: Epoch 266, Train Loss: 0.09675629261994001, Test Loss: 0.11310876248513951, Inverse Test Loss: 0.1235919469857917 
2025-06-18 14:34:26,237 INFO: Epoch 267, Train Loss: 0.09765579382126982, Test Loss: 0.11238531790235463, Inverse Test Loss: 0.1228260614854448 
2025-06-18 14:34:29,116 INFO: Epoch 268, Train Loss: 0.09588540780047576, Test Loss: 0.11318599914803225, Inverse Test Loss: 0.12366245643180959 
2025-06-18 14:34:31,880 INFO: Epoch 269, Train Loss: 0.09608422755969293, Test Loss: 0.11387232778703466, Inverse Test Loss: 0.12437828279593412 
2025-06-18 14:34:34,644 INFO: Epoch 270, Train Loss: 0.09685931202362884, Test Loss: 0.11318818808478467, Inverse Test Loss: 0.12367159369237282 
2025-06-18 14:34:37,370 INFO: Epoch 271, Train Loss: 0.09479901341326309, Test Loss: 0.11289053410291672, Inverse Test Loss: 0.12333618170198273 
2025-06-18 14:34:40,059 INFO: Epoch 272, Train Loss: 0.09476042792878368, Test Loss: 0.11369730663650177, Inverse Test Loss: 0.12423446226645918 
2025-06-18 14:34:42,761 INFO: Epoch 273, Train Loss: 0.0955134801792376, Test Loss: 0.11286768624011208, Inverse Test Loss: 0.12329701137016802 
2025-06-18 14:34:45,416 INFO: Epoch 274, Train Loss: 0.09555238925597885, Test Loss: 0.11323387592154391, Inverse Test Loss: 0.12371390269083135 
2025-06-18 14:34:48,087 INFO: Epoch 275, Train Loss: 0.0943479583118901, Test Loss: 0.1130298170096734, Inverse Test Loss: 0.1234897267730797 
2025-06-18 14:34:50,803 INFO: Epoch 276, Train Loss: 0.0946322474064249, Test Loss: 0.11335018320995219, Inverse Test Loss: 0.12386251876459402 
2025-06-18 14:34:53,471 INFO: Epoch 277, Train Loss: 0.09359440252636418, Test Loss: 0.1120953603702433, Inverse Test Loss: 0.12249095014789525 
2025-06-18 14:34:56,157 INFO: Epoch 278, Train Loss: 0.09551765882607663, Test Loss: 0.11203563761185198, Inverse Test Loss: 0.1224355445626904 
2025-06-18 14:34:58,797 INFO: Epoch 279, Train Loss: 0.09460725138584773, Test Loss: 0.11361783326548688, Inverse Test Loss: 0.12415097697692759 
2025-06-18 14:35:01,437 INFO: Epoch 280, Train Loss: 0.09386646318616289, Test Loss: 0.11300468225689496, Inverse Test Loss: 0.12343624935430639 
2025-06-18 14:35:04,096 INFO: Epoch 281, Train Loss: 0.09389664610904275, Test Loss: 0.11316895441097372, Inverse Test Loss: 0.12361427878632265 
2025-06-18 14:35:06,765 INFO: Epoch 282, Train Loss: 0.09325765970755708, Test Loss: 0.11358841924982913, Inverse Test Loss: 0.12406882643699646 
2025-06-18 14:35:09,404 INFO: Epoch 283, Train Loss: 0.09329670582982627, Test Loss: 0.11276413281174268, Inverse Test Loss: 0.12321217467679697 
2025-06-18 14:35:12,081 INFO: Epoch 284, Train Loss: 0.09437614521293929, Test Loss: 0.11248129671987366, Inverse Test Loss: 0.12290096502093707 
2025-06-18 14:35:14,750 INFO: Epoch 285, Train Loss: 0.09338973152140777, Test Loss: 0.11149685829877853, Inverse Test Loss: 0.12184914354892339 
2025-06-18 14:35:17,422 INFO: Epoch 286, Train Loss: 0.09377278331102747, Test Loss: 0.11150628722765867, Inverse Test Loss: 0.1218409678515266 
2025-06-18 14:35:20,110 INFO: Epoch 287, Train Loss: 0.09449387810221224, Test Loss: 0.11231889575719833, Inverse Test Loss: 0.12270495536572792 
2025-06-18 14:35:22,789 INFO: Epoch 288, Train Loss: 0.09288770959458569, Test Loss: 0.11302393937812132, Inverse Test Loss: 0.12345446120290195 
2025-06-18 14:35:25,469 INFO: Epoch 289, Train Loss: 0.09208652777879527, Test Loss: 0.11263179165475509, Inverse Test Loss: 0.12304520979523659 
2025-06-18 14:35:28,154 INFO: Epoch 290, Train Loss: 0.0931582014556184, Test Loss: 0.11296574574183016, Inverse Test Loss: 0.12341565879828789 
2025-06-18 14:35:30,809 INFO: Epoch 291, Train Loss: 0.09302104981333921, Test Loss: 0.11237891544313992, Inverse Test Loss: 0.12277987095363 
2025-06-18 14:35:33,440 INFO: Epoch 292, Train Loss: 0.09279409378315463, Test Loss: 0.11242214239695493, Inverse Test Loss: 0.12282076543744873 
2025-06-18 14:35:36,098 INFO: Epoch 293, Train Loss: 0.09221989971896012, Test Loss: 0.1133863066925722, Inverse Test Loss: 0.12387863086426959 
2025-06-18 14:35:38,769 INFO: Epoch 294, Train Loss: 0.09309720620512962, Test Loss: 0.1126013928476502, Inverse Test Loss: 0.12298260585350149 
2025-06-18 14:35:41,453 INFO: Epoch 295, Train Loss: 0.09166691830438195, Test Loss: 0.11214348235551048, Inverse Test Loss: 0.12252335338031545 
2025-06-18 14:35:44,125 INFO: Epoch 296, Train Loss: 0.08942961478323648, Test Loss: 0.11195245670045123, Inverse Test Loss: 0.12231671393794172 
2025-06-18 14:35:46,734 INFO: Epoch 297, Train Loss: 0.09008864652026784, Test Loss: 0.11176961616558187, Inverse Test Loss: 0.12216626261087025 
2025-06-18 14:35:49,415 INFO: Epoch 298, Train Loss: 0.09134955331683159, Test Loss: 0.11332902860115557, Inverse Test Loss: 0.12381807648960282 
2025-06-18 14:35:52,058 INFO: Epoch 299, Train Loss: 0.09221999307699276, Test Loss: 0.11272323504090309, Inverse Test Loss: 0.12315817023901378 
2025-06-18 14:35:54,727 INFO: Epoch 300, Train Loss: 0.09211213531141932, Test Loss: 0.11261912062764168, Inverse Test Loss: 0.12308656227062731 
2025-06-18 14:35:54,727 INFO: Best Epoch 285, Best Test Loss: 0.11149685829877853, Inverse Test Loss: 0.12184914354892339 
2025-06-18 14:35:57,371 INFO: Epoch 301, Train Loss: 0.09106310473924334, Test Loss: 0.11164326921981924, Inverse Test Loss: 0.12197010920328252 
2025-06-18 14:36:00,010 INFO: Epoch 302, Train Loss: 0.09120782679229071, Test Loss: 0.11367774689022232, Inverse Test Loss: 0.12415858511539067 
2025-06-18 14:36:02,658 INFO: Epoch 303, Train Loss: 0.09091209021933151, Test Loss: 0.11218775107580073, Inverse Test Loss: 0.12259386940037503 
2025-06-18 14:36:05,326 INFO: Epoch 304, Train Loss: 0.09232637986089244, Test Loss: 0.11320518242085681, Inverse Test Loss: 0.12367954390013919 
2025-06-18 14:36:08,051 INFO: Epoch 305, Train Loss: 0.09213493448315245, Test Loss: 0.11149353358675451, Inverse Test Loss: 0.12184774305890589 
2025-06-18 14:36:10,720 INFO: Epoch 306, Train Loss: 0.09061275089554714, Test Loss: 0.11104009081335629, Inverse Test Loss: 0.12133654272731613 
2025-06-18 14:36:13,367 INFO: Epoch 307, Train Loss: 0.09025894003835591, Test Loss: 0.11158180083422099, Inverse Test Loss: 0.12192339669255649 
2025-06-18 14:36:16,013 INFO: Epoch 308, Train Loss: 0.09093333041351853, Test Loss: 0.11238720114616786, Inverse Test Loss: 0.12282485098523252 
2025-06-18 14:36:18,689 INFO: Epoch 309, Train Loss: 0.09035331959074194, Test Loss: 0.11171870152739917, Inverse Test Loss: 0.12206591665744781 
2025-06-18 14:36:21,468 INFO: Epoch 310, Train Loss: 0.09169036449130738, Test Loss: 0.11195677233969464, Inverse Test Loss: 0.12233144505059018 
2025-06-18 14:36:24,145 INFO: Epoch 311, Train Loss: 0.08992369360092914, Test Loss: 0.11095346269362114, Inverse Test Loss: 0.12123138808152255 
2025-06-18 14:36:26,983 INFO: Epoch 312, Train Loss: 0.08995542895387519, Test Loss: 0.11183192055015002, Inverse Test Loss: 0.12218358301941086 
2025-06-18 14:36:29,746 INFO: Epoch 313, Train Loss: 0.09041062087723703, Test Loss: 0.11260021368370336, Inverse Test Loss: 0.12302132783567205 
2025-06-18 14:36:32,394 INFO: Epoch 314, Train Loss: 0.088870938472224, Test Loss: 0.11284550323205836, Inverse Test Loss: 0.12327015378019389 
2025-06-18 14:36:35,022 INFO: Epoch 315, Train Loss: 0.09000117642184098, Test Loss: 0.11235445672098328, Inverse Test Loss: 0.12274519638980136 
2025-06-18 14:36:37,799 INFO: Epoch 316, Train Loss: 0.09034480927794268, Test Loss: 0.11226616777917918, Inverse Test Loss: 0.12263797596096992 
2025-06-18 14:36:40,577 INFO: Epoch 317, Train Loss: 0.08948892366253969, Test Loss: 0.11194874346256256, Inverse Test Loss: 0.12232947130413617 
2025-06-18 14:36:43,356 INFO: Epoch 318, Train Loss: 0.08925038598703616, Test Loss: 0.1105263546547469, Inverse Test Loss: 0.12079046885756885 
2025-06-18 14:36:46,046 INFO: Epoch 319, Train Loss: 0.08926594364597942, Test Loss: 0.11147954950437826, Inverse Test Loss: 0.12177016257363207 
2025-06-18 14:36:48,784 INFO: Epoch 320, Train Loss: 0.08737060664729639, Test Loss: 0.11185242520535693, Inverse Test Loss: 0.12223746802876978 
2025-06-18 14:36:51,539 INFO: Epoch 321, Train Loss: 0.08848872927553726, Test Loss: 0.11154962068094927, Inverse Test Loss: 0.12192742022521355 
2025-06-18 14:36:54,324 INFO: Epoch 322, Train Loss: 0.08975077285007997, Test Loss: 0.11164908176835846, Inverse Test Loss: 0.12195073199622772 
2025-06-18 14:36:57,032 INFO: Epoch 323, Train Loss: 0.08858897790990093, Test Loss: 0.11135072436402826, Inverse Test Loss: 0.12163956397596527 
2025-06-18 14:36:59,711 INFO: Epoch 324, Train Loss: 0.08767544399156715, Test Loss: 0.11126156677218045, Inverse Test Loss: 0.12155946146915941 
2025-06-18 14:37:02,417 INFO: Epoch 325, Train Loss: 0.08864832268745611, Test Loss: 0.11076362168087679, Inverse Test Loss: 0.1209944664117168 
2025-06-18 14:37:05,193 INFO: Epoch 326, Train Loss: 0.08861939479230029, Test Loss: 0.11205968633294106, Inverse Test Loss: 0.12242161022389636 
2025-06-18 14:37:07,940 INFO: Epoch 327, Train Loss: 0.08810762118435267, Test Loss: 0.11135363381575136, Inverse Test Loss: 0.12162697622004677 
2025-06-18 14:37:10,635 INFO: Epoch 328, Train Loss: 0.08810442832834793, Test Loss: 0.11192384186912985, Inverse Test Loss: 0.12225403570953537 
2025-06-18 14:37:13,388 INFO: Epoch 329, Train Loss: 0.08725967150971745, Test Loss: 0.11220036929144579, Inverse Test Loss: 0.1225369270233547 
2025-06-18 14:37:16,159 INFO: Epoch 330, Train Loss: 0.0871426472158143, Test Loss: 0.11215303947820383, Inverse Test Loss: 0.12256293108358103 
2025-06-18 14:37:18,976 INFO: Epoch 331, Train Loss: 0.08881079078172192, Test Loss: 0.11118848446537466, Inverse Test Loss: 0.12145850873168777 
2025-06-18 14:37:21,753 INFO: Epoch 332, Train Loss: 0.08894050409170715, Test Loss: 0.1115421659367926, Inverse Test Loss: 0.12186950445175171 
2025-06-18 14:37:24,623 INFO: Epoch 333, Train Loss: 0.08687080442905426, Test Loss: 0.11154575624010142, Inverse Test Loss: 0.12183346336378771 
2025-06-18 14:37:27,347 INFO: Epoch 334, Train Loss: 0.08826691634727246, Test Loss: 0.11189404414857135, Inverse Test Loss: 0.12226441458744161 
2025-06-18 14:37:30,095 INFO: Epoch 335, Train Loss: 0.08745874266958598, Test Loss: 0.11156297299791784, Inverse Test Loss: 0.12190547607400838 
2025-06-18 14:37:33,026 INFO: Epoch 336, Train Loss: 0.08650072026207592, Test Loss: 0.11192302186699475, Inverse Test Loss: 0.12224335135782466 
2025-06-18 14:37:35,758 INFO: Epoch 337, Train Loss: 0.0861869700478785, Test Loss: 0.11255770045168259, Inverse Test Loss: 0.12294736833256834 
2025-06-18 14:37:38,497 INFO: Epoch 338, Train Loss: 0.08557356764195544, Test Loss: 0.11150586101062157, Inverse Test Loss: 0.12184409928672454 
2025-06-18 14:37:41,280 INFO: Epoch 339, Train Loss: 0.08648378853545044, Test Loss: 0.11200609211536015, Inverse Test Loss: 0.12235678951529895 
2025-06-18 14:37:44,054 INFO: Epoch 340, Train Loss: 0.08588012742499511, Test Loss: 0.112128118162646, Inverse Test Loss: 0.12249475739458028 
2025-06-18 14:37:46,807 INFO: Epoch 341, Train Loss: 0.08701379399633768, Test Loss: 0.11051259365151911, Inverse Test Loss: 0.12075896846020923 
2025-06-18 14:37:49,591 INFO: Epoch 342, Train Loss: 0.08731276654835904, Test Loss: 0.11114729831323904, Inverse Test Loss: 0.1214703150531825 
2025-06-18 14:37:52,305 INFO: Epoch 343, Train Loss: 0.08696065019025948, Test Loss: 0.11080420828040909, Inverse Test Loss: 0.1210399296353845 
2025-06-18 14:37:54,992 INFO: Epoch 344, Train Loss: 0.08737610139404282, Test Loss: 0.11136545394273366, Inverse Test Loss: 0.12167564889087397 
2025-06-18 14:37:57,702 INFO: Epoch 345, Train Loss: 0.0861506721738613, Test Loss: 0.11196894724579419, Inverse Test Loss: 0.12234442593420253 
2025-06-18 14:38:00,513 INFO: Epoch 346, Train Loss: 0.08682896230708469, Test Loss: 0.1111480626551544, Inverse Test Loss: 0.12141914862920256 
2025-06-18 14:38:03,290 INFO: Epoch 347, Train Loss: 0.08541504355768363, Test Loss: 0.11092207690372187, Inverse Test Loss: 0.12116779693785835 
2025-06-18 14:38:06,084 INFO: Epoch 348, Train Loss: 0.08448513433562987, Test Loss: 0.11259830699247472, Inverse Test Loss: 0.12303628071266062 
2025-06-18 14:38:08,794 INFO: Epoch 349, Train Loss: 0.08644732296692603, Test Loss: 0.1107539201484007, Inverse Test Loss: 0.12100424201172941 
2025-06-18 14:38:11,465 INFO: Epoch 350, Train Loss: 0.08442946935467648, Test Loss: 0.11177148560390752, Inverse Test Loss: 0.12214376536362312 
2025-06-18 14:38:14,171 INFO: Epoch 351, Train Loss: 0.08507902299364407, Test Loss: 0.11152546567951932, Inverse Test Loss: 0.12187362418455236 
2025-06-18 14:38:16,850 INFO: Epoch 352, Train Loss: 0.08502037416804921, Test Loss: 0.11161733922712944, Inverse Test Loss: 0.12196476209689588 
2025-06-18 14:38:19,533 INFO: Epoch 353, Train Loss: 0.08548009638307673, Test Loss: 0.11120934170835159, Inverse Test Loss: 0.12150402805384468 
2025-06-18 14:38:22,242 INFO: Epoch 354, Train Loss: 0.08525319380516355, Test Loss: 0.11158468377064257, Inverse Test Loss: 0.12188255523934084 
2025-06-18 14:38:25,011 INFO: Epoch 355, Train Loss: 0.08440141103258639, Test Loss: 0.1114214952377712, Inverse Test Loss: 0.12170298441367991 
2025-06-18 14:38:27,723 INFO: Epoch 356, Train Loss: 0.08464476974173026, Test Loss: 0.11080298901480787, Inverse Test Loss: 0.12107398667756249 
2025-06-18 14:38:30,427 INFO: Epoch 357, Train Loss: 0.08458772945133122, Test Loss: 0.11095680866171331, Inverse Test Loss: 0.12123443843687282 
2025-06-18 14:38:33,158 INFO: Epoch 358, Train Loss: 0.08308257580255017, Test Loss: 0.11132775970241603, Inverse Test Loss: 0.12165269562426735 
2025-06-18 14:38:35,902 INFO: Epoch 359, Train Loss: 0.08416196325737418, Test Loss: 0.11091825015404645, Inverse Test Loss: 0.12118204770719304 
2025-06-18 14:38:38,581 INFO: Epoch 360, Train Loss: 0.08372559161348776, Test Loss: 0.11172296742306036, Inverse Test Loss: 0.12205658305217237 
2025-06-18 14:38:41,250 INFO: Epoch 361, Train Loss: 0.08402395434677601, Test Loss: 0.11161906359826818, Inverse Test Loss: 0.12194832830744631 
2025-06-18 14:38:43,926 INFO: Epoch 362, Train Loss: 0.08254065929037152, Test Loss: 0.11178331887897323, Inverse Test Loss: 0.12216739225036957 
2025-06-18 14:38:46,608 INFO: Epoch 363, Train Loss: 0.0827454619786956, Test Loss: 0.11141788017223864, Inverse Test Loss: 0.1217539663262227 
2025-06-18 14:38:49,280 INFO: Epoch 364, Train Loss: 0.08440024987088912, Test Loss: 0.1107084906714804, Inverse Test Loss: 0.12094949470723376 
2025-06-18 14:38:51,939 INFO: Epoch 365, Train Loss: 0.08358693444593386, Test Loss: 0.11114936804070193, Inverse Test Loss: 0.1214515439727727 
2025-06-18 14:38:54,595 INFO: Epoch 366, Train Loss: 0.08425428571574615, Test Loss: 0.11065399296143476, Inverse Test Loss: 0.12095721482354052 
2025-06-18 14:38:57,262 INFO: Epoch 367, Train Loss: 0.08379133706065742, Test Loss: 0.11098351329565048, Inverse Test Loss: 0.12125637097393765 
2025-06-18 14:38:59,902 INFO: Epoch 368, Train Loss: 0.0824445193689881, Test Loss: 0.11200201883912086, Inverse Test Loss: 0.12239719708176221 
2025-06-18 14:39:02,541 INFO: Epoch 369, Train Loss: 0.08427146528706406, Test Loss: 0.11112537870512289, Inverse Test Loss: 0.12144739882034414 
2025-06-18 14:39:05,232 INFO: Epoch 370, Train Loss: 0.0828467242306832, Test Loss: 0.11178151737241183, Inverse Test Loss: 0.12218345351078931 
2025-06-18 14:39:07,883 INFO: Epoch 371, Train Loss: 0.08310081092922976, Test Loss: 0.11137443211148768, Inverse Test Loss: 0.12169639218379469 
2025-06-18 14:39:10,501 INFO: Epoch 372, Train Loss: 0.08267510281593511, Test Loss: 0.11045488824739176, Inverse Test Loss: 0.12066970261580803 
2025-06-18 14:39:13,128 INFO: Epoch 373, Train Loss: 0.08307560640528347, Test Loss: 0.11088786624810275, Inverse Test Loss: 0.12118819640839801 
2025-06-18 14:39:15,804 INFO: Epoch 374, Train Loss: 0.0821404138184858, Test Loss: 0.11151961259105626, Inverse Test Loss: 0.12186846882104874 
2025-06-18 14:39:18,470 INFO: Epoch 375, Train Loss: 0.0816093481738459, Test Loss: 0.11146599602173357, Inverse Test Loss: 0.12183008671683423 
2025-06-18 14:39:21,147 INFO: Epoch 376, Train Loss: 0.08261891550412684, Test Loss: 0.11234402021064478, Inverse Test Loss: 0.12276592521983035 
2025-06-18 14:39:23,837 INFO: Epoch 377, Train Loss: 0.08166804187225574, Test Loss: 0.1107940224601942, Inverse Test Loss: 0.12108691957067041 
2025-06-18 14:39:26,530 INFO: Epoch 378, Train Loss: 0.08119014786048369, Test Loss: 0.11137591083260144, Inverse Test Loss: 0.12168530747294426 
2025-06-18 14:39:29,158 INFO: Epoch 379, Train Loss: 0.08261546865105629, Test Loss: 0.11184518587063341, Inverse Test Loss: 0.12219388914458892 
2025-06-18 14:39:31,772 INFO: Epoch 380, Train Loss: 0.08153294636444612, Test Loss: 0.11118535478325452, Inverse Test Loss: 0.12148781800094773 
2025-06-18 14:39:34,421 INFO: Epoch 381, Train Loss: 0.08128187754614787, Test Loss: 0.11157734911231433, Inverse Test Loss: 0.12193874642252922 
2025-06-18 14:39:37,084 INFO: Epoch 382, Train Loss: 0.08144581357412266, Test Loss: 0.11169403594206362, Inverse Test Loss: 0.12207074901636909 
2025-06-18 14:39:39,691 INFO: Epoch 383, Train Loss: 0.08099048031550465, Test Loss: 0.11226001513354919, Inverse Test Loss: 0.12264232447042185 
2025-06-18 14:39:42,336 INFO: Epoch 384, Train Loss: 0.08167908210871798, Test Loss: 0.11094241676961675, Inverse Test Loss: 0.1211972883080735 
2025-06-18 14:39:44,966 INFO: Epoch 385, Train Loss: 0.08040872532309908, Test Loss: 0.11032249515547472, Inverse Test Loss: 0.12058744579553604 
2025-06-18 14:39:47,592 INFO: Epoch 386, Train Loss: 0.08081369909147422, Test Loss: 0.11146504826405469, Inverse Test Loss: 0.12182964888565681 
2025-06-18 14:39:50,202 INFO: Epoch 387, Train Loss: 0.08075865397624897, Test Loss: 0.11194550925317932, Inverse Test Loss: 0.12236121450276936 
2025-06-18 14:39:52,864 INFO: Epoch 388, Train Loss: 0.0809864065976757, Test Loss: 0.11313195964869331, Inverse Test Loss: 0.12364204140270457 
2025-06-18 14:39:55,522 INFO: Epoch 389, Train Loss: 0.08026143885923154, Test Loss: 0.11187219926539589, Inverse Test Loss: 0.12223727628588676 
2025-06-18 14:39:58,161 INFO: Epoch 390, Train Loss: 0.08058366551995277, Test Loss: 0.11129287805627375, Inverse Test Loss: 0.12163045498378136 
2025-06-18 14:40:00,813 INFO: Epoch 391, Train Loss: 0.0804992521351034, Test Loss: 0.11242306977510452, Inverse Test Loss: 0.12282795700080254 
2025-06-18 14:40:03,449 INFO: Epoch 392, Train Loss: 0.07998853340519196, Test Loss: 0.1108041392529712, Inverse Test Loss: 0.12109382582061431 
2025-06-18 14:40:06,113 INFO: Epoch 393, Train Loss: 0.08133047796560056, Test Loss: 0.11217043921351433, Inverse Test Loss: 0.12254240780192263 
2025-06-18 14:40:08,788 INFO: Epoch 394, Train Loss: 0.07970324429598721, Test Loss: 0.11177779668394257, Inverse Test Loss: 0.12214792037711424 
2025-06-18 14:40:11,404 INFO: Epoch 395, Train Loss: 0.07975459127037814, Test Loss: 0.11187944802291253, Inverse Test Loss: 0.12225138965774984 
2025-06-18 14:40:14,068 INFO: Epoch 396, Train Loss: 0.07969811998985031, Test Loss: 0.11138277194079231, Inverse Test Loss: 0.12171318360111293 
2025-06-18 14:40:16,737 INFO: Epoch 397, Train Loss: 0.07953542691062797, Test Loss: 0.11186996431035154, Inverse Test Loss: 0.122264382593772 
2025-06-18 14:40:19,419 INFO: Epoch 398, Train Loss: 0.07971047023029039, Test Loss: 0.111649642314981, Inverse Test Loss: 0.12200181076631826 
2025-06-18 14:40:22,120 INFO: Epoch 399, Train Loss: 0.07871985452418978, Test Loss: 0.11113020821529276, Inverse Test Loss: 0.12147214877254822 
2025-06-18 14:40:24,821 INFO: Epoch 400, Train Loss: 0.07916364830100175, Test Loss: 0.11108073548359029, Inverse Test Loss: 0.12140941970488604 
2025-06-18 14:40:24,821 INFO: Best Epoch 385, Best Test Loss: 0.11032249515547472, Inverse Test Loss: 0.12058744579553604 
