2025-05-09 14:01:42,813 INFO: log_path:/logs_2025_5_9_HS_mos1_L1/AMFormer_simple_MLP_dim32_depth2_heads4_dropout0.4_fusion0.45_0.55_simple_MLP_lr0.0001_kan_+amformer_rc+fusion0.4_6P_nopredictor 
2025-05-09 14:01:42,814 INFO: Model:namespace(attn_dropout=0.4, categories=[], cluster=3, depth=2, dim=32, ff_dropout=0.4, groups=[54, 54, 54], heads=4, name='AMFormer_simple_MLP_dim32_depth2_heads4_dropout0.4_fusion0.45_0.55_simple_MLP', num_cate=0, num_cont=20, num_special_tokens=1, out_dim=1, predictor='simple_MLP', prod_num_per_group=[6, 6, 6], qk_relu=False, static_fusion={'kan_weight': 0.45, 'trans_weight': 0.55}, sum_num_per_group=[32, 16, 8], target_mode='regression', token_descent=False, use_cls_token=True, use_prod=True, use_row_col_attention=True, use_sigmoid=True) 
2025-05-09 14:01:42,814 INFO: lr:0.0001, loss:L1 
2025-05-09 14:01:42,814 INFO: Dataset:HS_mos1, Target:['metal6_Peak'] 
2025-05-09 14:01:42,814 INFO: ------Begin Training Model------ 
2025-05-09 14:01:48,636 INFO: Epoch 1, Train Loss: 0.390405383977023, Test Loss: 0.3708517551422119, Inverse Test Loss: 6.117686131421258 
2025-05-09 14:01:50,682 INFO: Epoch 2, Train Loss: 0.3577850876432477, Test Loss: 0.34165798916536216, Inverse Test Loss: 5.7549883337581855 
2025-05-09 14:01:52,640 INFO: Epoch 3, Train Loss: 0.33592607532486773, Test Loss: 0.32748515115064736, Inverse Test Loss: 5.573195064769072 
2025-05-09 14:01:54,692 INFO: Epoch 4, Train Loss: 0.3235639999761726, Test Loss: 0.30890047462547526, Inverse Test Loss: 5.314862307380228 
2025-05-09 14:01:56,726 INFO: Epoch 5, Train Loss: 0.31225787238641217, Test Loss: 0.3045109633137198, Inverse Test Loss: 5.276572087231805 
2025-05-09 14:01:58,756 INFO: Epoch 6, Train Loss: 0.3040793544866822, Test Loss: 0.2966821947518517, Inverse Test Loss: 5.17849521075978 
2025-05-09 14:02:00,785 INFO: Epoch 7, Train Loss: 0.29700883229573566, Test Loss: 0.27351539976456585, Inverse Test Loss: 4.854683581520529 
2025-05-09 14:02:02,874 INFO: Epoch 8, Train Loss: 0.28403921989780484, Test Loss: 0.26659012805013094, Inverse Test Loss: 4.761690981247845 
2025-05-09 14:02:05,680 INFO: Epoch 9, Train Loss: 0.27647104452956806, Test Loss: 0.25750700866474824, Inverse Test Loss: 4.636285276973949 
2025-05-09 14:02:08,284 INFO: Epoch 10, Train Loss: 0.2693021335836613, Test Loss: 0.24165799950852113, Inverse Test Loss: 4.4026428110459275 
2025-05-09 14:02:11,229 INFO: Epoch 11, Train Loss: 0.2597813382744789, Test Loss: 0.23739316095324123, Inverse Test Loss: 4.35181913656347 
2025-05-09 14:02:15,238 INFO: Epoch 12, Train Loss: 0.2526166775461399, Test Loss: 0.22531272996874416, Inverse Test Loss: 4.168404929778156 
2025-05-09 14:02:19,204 INFO: Epoch 13, Train Loss: 0.24450144510377536, Test Loss: 0.2202135131639593, Inverse Test Loss: 4.077808576471665 
2025-05-09 14:02:22,945 INFO: Epoch 14, Train Loss: 0.23849409028436197, Test Loss: 0.21137522161006927, Inverse Test Loss: 3.9669879885280834 
2025-05-09 14:02:26,808 INFO: Epoch 15, Train Loss: 0.23170687438863696, Test Loss: 0.20747080532943502, Inverse Test Loss: 3.9048209190368652 
2025-05-09 14:02:30,801 INFO: Epoch 16, Train Loss: 0.22882774314194015, Test Loss: 0.19945215652970708, Inverse Test Loss: 3.804588149575626 
2025-05-09 14:02:34,615 INFO: Epoch 17, Train Loss: 0.22215161833799246, Test Loss: 0.19708370724145105, Inverse Test Loss: 3.7470162475810334 
2025-05-09 14:02:38,519 INFO: Epoch 18, Train Loss: 0.21642948393568848, Test Loss: 0.19212038464405956, Inverse Test Loss: 3.6904492518481087 
2025-05-09 14:02:42,447 INFO: Epoch 19, Train Loss: 0.21450299182624527, Test Loss: 0.18588264680960598, Inverse Test Loss: 3.5903227469500374 
2025-05-09 14:02:46,543 INFO: Epoch 20, Train Loss: 0.20919265575481183, Test Loss: 0.18255856107263005, Inverse Test Loss: 3.5419389360091267 
2025-05-09 14:02:50,466 INFO: Epoch 21, Train Loss: 0.20340920600927237, Test Loss: 0.1782649032333318, Inverse Test Loss: 3.5014662602368523 
2025-05-09 14:02:54,339 INFO: Epoch 22, Train Loss: 0.20413820377805017, Test Loss: 0.17463845365187702, Inverse Test Loss: 3.417029955807854 
2025-05-09 14:02:58,249 INFO: Epoch 23, Train Loss: 0.19628138907931067, Test Loss: 0.17145119914237192, Inverse Test Loss: 3.3685169360216927 
2025-05-09 14:03:02,396 INFO: Epoch 24, Train Loss: 0.19802367122787418, Test Loss: 0.16738112665274563, Inverse Test Loss: 3.3226083446951473 
2025-05-09 14:03:06,335 INFO: Epoch 25, Train Loss: 0.19430468118552005, Test Loss: 0.16655090407413595, Inverse Test Loss: 3.3026045210221233 
2025-05-09 14:03:10,166 INFO: Epoch 26, Train Loss: 0.19346043467521667, Test Loss: 0.16641727133708842, Inverse Test Loss: 3.291974558549769 
2025-05-09 14:03:14,112 INFO: Epoch 27, Train Loss: 0.18723717760859113, Test Loss: 0.16507004026104422, Inverse Test Loss: 3.2517740165486053 
2025-05-09 14:03:18,042 INFO: Epoch 28, Train Loss: 0.18683850528164345, Test Loss: 0.1610894623924704, Inverse Test Loss: 3.2072980263653923 
2025-05-09 14:03:21,918 INFO: Epoch 29, Train Loss: 0.18289286169138821, Test Loss: 0.1595287791946355, Inverse Test Loss: 3.1873631898094628 
2025-05-09 14:03:25,758 INFO: Epoch 30, Train Loss: 0.18309746366558652, Test Loss: 0.15801838303313537, Inverse Test Loss: 3.185548039043651 
2025-05-09 14:03:29,710 INFO: Epoch 31, Train Loss: 0.1818040566462459, Test Loss: 0.1580558756695074, Inverse Test Loss: 3.1700022781596466 
2025-05-09 14:03:33,626 INFO: Epoch 32, Train Loss: 0.1773152696815404, Test Loss: 0.1571542541770374, Inverse Test Loss: 3.1389239395365998 
2025-05-09 14:03:37,512 INFO: Epoch 33, Train Loss: 0.18197796922741513, Test Loss: 0.15888100731022217, Inverse Test Loss: 3.1474914691027474 
2025-05-09 14:03:41,390 INFO: Epoch 34, Train Loss: 0.17806666028318982, Test Loss: 0.15464413341353922, Inverse Test Loss: 3.1093173447777245 
2025-05-09 14:03:45,267 INFO: Epoch 35, Train Loss: 0.17643083282040828, Test Loss: 0.15587040562840068, Inverse Test Loss: 3.106800822650685 
2025-05-09 14:03:49,122 INFO: Epoch 36, Train Loss: 0.17546451340119043, Test Loss: 0.15566499662749908, Inverse Test Loss: 3.114753807292265 
2025-05-09 14:03:52,956 INFO: Epoch 37, Train Loss: 0.17317204595063673, Test Loss: 0.15448895052951925, Inverse Test Loss: 3.1001931639278637 
2025-05-09 14:03:56,881 INFO: Epoch 38, Train Loss: 0.17188189269015283, Test Loss: 0.15354453816133387, Inverse Test Loss: 3.085017905515783 
2025-05-09 14:04:00,810 INFO: Epoch 39, Train Loss: 0.169035079465671, Test Loss: 0.15232800385531256, Inverse Test Loss: 3.0553816767299877 
2025-05-09 14:04:04,741 INFO: Epoch 40, Train Loss: 0.17158512409889337, Test Loss: 0.1520619488814298, Inverse Test Loss: 3.0598692473243263 
2025-05-09 14:04:08,662 INFO: Epoch 41, Train Loss: 0.17085911017475705, Test Loss: 0.1507044982384233, Inverse Test Loss: 3.042210017933565 
2025-05-09 14:04:12,574 INFO: Epoch 42, Train Loss: 0.1687309876310103, Test Loss: 0.1488493264598005, Inverse Test Loss: 3.0208633647245517 
2025-05-09 14:04:16,567 INFO: Epoch 43, Train Loss: 0.16587211564183235, Test Loss: 0.15015191497171626, Inverse Test Loss: 3.015912420609418 
2025-05-09 14:04:20,744 INFO: Epoch 44, Train Loss: 0.16650739458925795, Test Loss: 0.14926658526939504, Inverse Test Loss: 3.0147177752326515 
2025-05-09 14:04:24,752 INFO: Epoch 45, Train Loss: 0.16742222361040837, Test Loss: 0.14759424591765685, Inverse Test Loss: 3.0025910910438087 
2025-05-09 14:04:28,714 INFO: Epoch 46, Train Loss: 0.16558066507180533, Test Loss: 0.14787637442350388, Inverse Test Loss: 2.9846001933602726 
2025-05-09 14:04:32,675 INFO: Epoch 47, Train Loss: 0.16299972175197167, Test Loss: 0.14696364148574717, Inverse Test Loss: 2.9796440040363983 
2025-05-09 14:04:36,422 INFO: Epoch 48, Train Loss: 0.16336447034369816, Test Loss: 0.14554068884428809, Inverse Test Loss: 2.9618312751545623 
2025-05-09 14:04:40,477 INFO: Epoch 49, Train Loss: 0.16378118391289856, Test Loss: 0.14744901700931437, Inverse Test Loss: 2.970600492814008 
2025-05-09 14:04:44,395 INFO: Epoch 50, Train Loss: 0.16237082106597495, Test Loss: 0.14451798402211247, Inverse Test Loss: 2.9449306656332577 
2025-05-09 14:04:48,234 INFO: Epoch 51, Train Loss: 0.16049727154049007, Test Loss: 0.1456027767237495, Inverse Test Loss: 2.939178635092343 
2025-05-09 14:04:52,080 INFO: Epoch 52, Train Loss: 0.16118044225555478, Test Loss: 0.14477188227807775, Inverse Test Loss: 2.943146116593305 
2025-05-09 14:04:55,896 INFO: Epoch 53, Train Loss: 0.1580039897199833, Test Loss: 0.14317666695398443, Inverse Test Loss: 2.919260866501752 
2025-05-09 14:04:59,829 INFO: Epoch 54, Train Loss: 0.16021775217218834, Test Loss: 0.14468420559869094, Inverse Test Loss: 2.922954292858348 
2025-05-09 14:05:03,710 INFO: Epoch 55, Train Loss: 0.1585503008329507, Test Loss: 0.14127054021638982, Inverse Test Loss: 2.900335059446447 
2025-05-09 14:05:07,428 INFO: Epoch 56, Train Loss: 0.15774443181175174, Test Loss: 0.14481983728268566, Inverse Test Loss: 2.9077252079458797 
2025-05-09 14:05:11,296 INFO: Epoch 57, Train Loss: 0.15645114422747583, Test Loss: 0.14078916390152538, Inverse Test Loss: 2.8736777165356804 
2025-05-09 14:05:15,057 INFO: Epoch 58, Train Loss: 0.15581870914408655, Test Loss: 0.14009329238358667, Inverse Test Loss: 2.8644910980673397 
2025-05-09 14:05:18,877 INFO: Epoch 59, Train Loss: 0.15360477973114361, Test Loss: 0.1414098744006718, Inverse Test Loss: 2.865967498106115 
2025-05-09 14:05:22,785 INFO: Epoch 60, Train Loss: 0.1560233190204158, Test Loss: 0.13902678165365667, Inverse Test Loss: 2.849723872016458 
2025-05-09 14:05:26,494 INFO: Epoch 61, Train Loss: 0.15349121888478598, Test Loss: 0.13852446263327317, Inverse Test Loss: 2.8239799948299633 
2025-05-09 14:05:30,235 INFO: Epoch 62, Train Loss: 0.15378001162951643, Test Loss: 0.138458375545109, Inverse Test Loss: 2.826157064998851 
2025-05-09 14:05:34,073 INFO: Epoch 63, Train Loss: 0.15274388738202327, Test Loss: 0.1383845082977239, Inverse Test Loss: 2.8301938982570873 
2025-05-09 14:05:37,875 INFO: Epoch 64, Train Loss: 0.1514869290545131, Test Loss: 0.1395400552188649, Inverse Test Loss: 2.8336680075701546 
2025-05-09 14:05:41,579 INFO: Epoch 65, Train Loss: 0.1526749800100471, Test Loss: 0.14019243725958994, Inverse Test Loss: 2.8372234596925625 
2025-05-09 14:05:45,450 INFO: Epoch 66, Train Loss: 0.15338565544648605, Test Loss: 0.13684490717509212, Inverse Test Loss: 2.812785933999454 
2025-05-09 14:05:49,254 INFO: Epoch 67, Train Loss: 0.14971966973759912, Test Loss: 0.1357336806900361, Inverse Test Loss: 2.7878783029668472 
2025-05-09 14:05:53,103 INFO: Epoch 68, Train Loss: 0.14913579539367647, Test Loss: 0.13442709647557316, Inverse Test Loss: 2.7874635528115665 
2025-05-09 14:05:57,129 INFO: Epoch 69, Train Loss: 0.14948810569264673, Test Loss: 0.1385372246012968, Inverse Test Loss: 2.8067525695351994 
2025-05-09 14:06:01,274 INFO: Epoch 70, Train Loss: 0.1492176902565089, Test Loss: 0.13564317585790858, Inverse Test Loss: 2.78404444806716 
2025-05-09 14:06:05,455 INFO: Epoch 71, Train Loss: 0.14992650079004693, Test Loss: 0.13623925342279322, Inverse Test Loss: 2.7840198208304012 
2025-05-09 14:06:09,644 INFO: Epoch 72, Train Loss: 0.1478458819064227, Test Loss: 0.13700733596787734, Inverse Test Loss: 2.7876546382904053 
2025-05-09 14:06:13,695 INFO: Epoch 73, Train Loss: 0.14795050555557915, Test Loss: 0.1337077714064542, Inverse Test Loss: 2.7605224216685578 
2025-05-09 14:06:17,788 INFO: Epoch 74, Train Loss: 0.14582966629302863, Test Loss: 0.13289182545507655, Inverse Test Loss: 2.7509234933292164 
2025-05-09 14:06:21,723 INFO: Epoch 75, Train Loss: 0.14650345424359495, Test Loss: 0.1334513224223081, Inverse Test Loss: 2.747393860536463 
2025-05-09 14:06:25,577 INFO: Epoch 76, Train Loss: 0.14476473494009537, Test Loss: 0.134185110383174, Inverse Test Loss: 2.7693467560936424 
2025-05-09 14:06:29,316 INFO: Epoch 77, Train Loss: 0.14654550340139505, Test Loss: 0.13353289532310822, Inverse Test Loss: 2.781663880628698 
2025-05-09 14:06:33,183 INFO: Epoch 78, Train Loss: 0.14474640888246623, Test Loss: 0.13269096700584188, Inverse Test Loss: 2.7492112832910873 
2025-05-09 14:06:37,062 INFO: Epoch 79, Train Loss: 0.1440740262694431, Test Loss: 0.1326380293158924, Inverse Test Loss: 2.71632176287034 
2025-05-09 14:06:40,862 INFO: Epoch 80, Train Loss: 0.14222166709827655, Test Loss: 0.13145306531120748, Inverse Test Loss: 2.7143037599675797 
2025-05-09 14:06:44,726 INFO: Epoch 81, Train Loss: 0.14194136383858594, Test Loss: 0.1303737049593645, Inverse Test Loss: 2.704526564654182 
2025-05-09 14:06:48,750 INFO: Epoch 82, Train Loss: 0.14418355748057365, Test Loss: 0.13127335686894023, Inverse Test Loss: 2.7320787345661834 
2025-05-09 14:06:52,572 INFO: Epoch 83, Train Loss: 0.14231336071635736, Test Loss: 0.13098614838193445, Inverse Test Loss: 2.695928124820485 
2025-05-09 14:06:56,424 INFO: Epoch 84, Train Loss: 0.14325464031461513, Test Loss: 0.12890269870267196, Inverse Test Loss: 2.691814380533555 
2025-05-09 14:07:00,343 INFO: Epoch 85, Train Loss: 0.14213926875681587, Test Loss: 0.13046193911748774, Inverse Test Loss: 2.6835619982551124 
2025-05-09 14:07:04,539 INFO: Epoch 86, Train Loss: 0.1409476785497232, Test Loss: 0.13048423213117263, Inverse Test Loss: 2.693928171606625 
2025-05-09 14:07:08,414 INFO: Epoch 87, Train Loss: 0.14165242106625528, Test Loss: 0.12879066213088877, Inverse Test Loss: 2.6606209418352913 
2025-05-09 14:07:12,278 INFO: Epoch 88, Train Loss: 0.13894615378795247, Test Loss: 0.12915476630715764, Inverse Test Loss: 2.682901340372422 
2025-05-09 14:07:16,204 INFO: Epoch 89, Train Loss: 0.13787947628985753, Test Loss: 0.1301145505379228, Inverse Test Loss: 2.675584316253662 
2025-05-09 14:07:20,209 INFO: Epoch 90, Train Loss: 0.13832624516252315, Test Loss: 0.1292344498283723, Inverse Test Loss: 2.664814219755285 
2025-05-09 14:07:24,102 INFO: Epoch 91, Train Loss: 0.13965283819671834, Test Loss: 0.12879796764429877, Inverse Test Loss: 2.657979558495914 
2025-05-09 14:07:27,920 INFO: Epoch 92, Train Loss: 0.13656415033972624, Test Loss: 0.12778643431032405, Inverse Test Loss: 2.652989289339851 
2025-05-09 14:07:31,820 INFO: Epoch 93, Train Loss: 0.1362111490558494, Test Loss: 0.12709796560161254, Inverse Test Loss: 2.6419594989103428 
2025-05-09 14:07:35,789 INFO: Epoch 94, Train Loss: 0.13487325823216728, Test Loss: 0.1276673740323852, Inverse Test Loss: 2.6336806591819313 
2025-05-09 14:07:39,913 INFO: Epoch 95, Train Loss: 0.13696459883993323, Test Loss: 0.12663683339076884, Inverse Test Loss: 2.6245365142822266 
2025-05-09 14:07:43,784 INFO: Epoch 96, Train Loss: 0.13872548971663823, Test Loss: 0.1262282834333532, Inverse Test Loss: 2.6489525542539707 
2025-05-09 14:07:47,649 INFO: Epoch 97, Train Loss: 0.13729308556878206, Test Loss: 0.12661981056718266, Inverse Test Loss: 2.624260663986206 
2025-05-09 14:07:51,474 INFO: Epoch 98, Train Loss: 0.134026136475079, Test Loss: 0.12511958926916122, Inverse Test Loss: 2.609893420163323 
2025-05-09 14:07:55,474 INFO: Epoch 99, Train Loss: 0.13678546565951724, Test Loss: 0.12601878537851222, Inverse Test Loss: 2.6125056042390713 
2025-05-09 14:07:59,482 INFO: Epoch 100, Train Loss: 0.1335526525296948, Test Loss: 0.1263437354389359, Inverse Test Loss: 2.624620199203491 
2025-05-09 14:07:59,483 INFO: Best Epoch 98, Best Test Loss: 0.12511958926916122, Inverse Test Loss: 2.609893420163323 
2025-05-09 14:08:03,640 INFO: Epoch 101, Train Loss: 0.1333170993761583, Test Loss: 0.12493145334369996, Inverse Test Loss: 2.6006493708666634 
2025-05-09 14:08:07,554 INFO: Epoch 102, Train Loss: 0.13435720550743016, Test Loss: 0.1254338942029897, Inverse Test Loss: 2.6017066100064445 
2025-05-09 14:08:11,423 INFO: Epoch 103, Train Loss: 0.13386185602708298, Test Loss: 0.124641952707487, Inverse Test Loss: 2.6201973031548893 
2025-05-09 14:08:15,416 INFO: Epoch 104, Train Loss: 0.13326815617355434, Test Loss: 0.12519904379458988, Inverse Test Loss: 2.6012920772328094 
2025-05-09 14:08:19,343 INFO: Epoch 105, Train Loss: 0.13202573449322672, Test Loss: 0.12421277296893737, Inverse Test Loss: 2.5931437927133896 
2025-05-09 14:08:23,284 INFO: Epoch 106, Train Loss: 0.13363630685842398, Test Loss: 0.12485416803289862, Inverse Test Loss: 2.592981121119331 
2025-05-09 14:08:27,210 INFO: Epoch 107, Train Loss: 0.13117068723747224, Test Loss: 0.12337496898630086, Inverse Test Loss: 2.5652404532713047 
2025-05-09 14:08:30,973 INFO: Epoch 108, Train Loss: 0.13268957050009209, Test Loss: 0.124343162512078, Inverse Test Loss: 2.5885353368871353 
2025-05-09 14:08:34,911 INFO: Epoch 109, Train Loss: 0.1318948936056007, Test Loss: 0.12368828693733495, Inverse Test Loss: 2.574324937427745 
2025-05-09 14:08:38,809 INFO: Epoch 110, Train Loss: 0.12932784810210718, Test Loss: 0.12279115704929128, Inverse Test Loss: 2.5650202246273266 
2025-05-09 14:08:42,742 INFO: Epoch 111, Train Loss: 0.12985920375495247, Test Loss: 0.12362467190798591, Inverse Test Loss: 2.5808617507710174 
2025-05-09 14:08:46,628 INFO: Epoch 112, Train Loss: 0.13041909118041847, Test Loss: 0.12241104245185852, Inverse Test Loss: 2.562157427563387 
2025-05-09 14:08:50,663 INFO: Epoch 113, Train Loss: 0.1306136969589826, Test Loss: 0.12250102223718867, Inverse Test Loss: 2.561260188327116 
2025-05-09 14:08:54,678 INFO: Epoch 114, Train Loss: 0.1293927285481583, Test Loss: 0.12296496813788134, Inverse Test Loss: 2.557578633813297 
2025-05-09 14:08:58,602 INFO: Epoch 115, Train Loss: 0.13028863501368146, Test Loss: 0.12280929548775449, Inverse Test Loss: 2.560478189412285 
2025-05-09 14:09:02,457 INFO: Epoch 116, Train Loss: 0.12974680463473, Test Loss: 0.12356714597519707, Inverse Test Loss: 2.5585943390341366 
2025-05-09 14:09:06,293 INFO: Epoch 117, Train Loss: 0.12873235073956577, Test Loss: 0.123646158944158, Inverse Test Loss: 2.559811970766853 
2025-05-09 14:09:10,196 INFO: Epoch 118, Train Loss: 0.1298950964754278, Test Loss: 0.12195443646872745, Inverse Test Loss: 2.541005288853365 
2025-05-09 14:09:14,071 INFO: Epoch 119, Train Loss: 0.12749950452284378, Test Loss: 0.12122981053064852, Inverse Test Loss: 2.538795134600471 
2025-05-09 14:09:18,026 INFO: Epoch 120, Train Loss: 0.12950321117585356, Test Loss: 0.12095372247345307, Inverse Test Loss: 2.539499647477094 
2025-05-09 14:09:21,870 INFO: Epoch 121, Train Loss: 0.12754703324401018, Test Loss: 0.12209750668090932, Inverse Test Loss: 2.5406309296103085 
2025-05-09 14:09:25,846 INFO: Epoch 122, Train Loss: 0.12790766222910446, Test Loss: 0.12208638909985037, Inverse Test Loss: 2.573921792647418 
2025-05-09 14:09:29,758 INFO: Epoch 123, Train Loss: 0.12736938216469504, Test Loss: 0.12178278758245356, Inverse Test Loss: 2.54218450013329 
2025-05-09 14:09:33,678 INFO: Epoch 124, Train Loss: 0.1307625976024252, Test Loss: 0.12083003341275103, Inverse Test Loss: 2.527039738262401 
2025-05-09 14:09:37,638 INFO: Epoch 125, Train Loss: 0.12866308573972096, Test Loss: 0.11992364135735176, Inverse Test Loss: 2.5202131201239193 
2025-05-09 14:09:41,639 INFO: Epoch 126, Train Loss: 0.12759892518321672, Test Loss: 0.12111820674994413, Inverse Test Loss: 2.531797864857842 
2025-05-09 14:09:45,482 INFO: Epoch 127, Train Loss: 0.12773400861205478, Test Loss: 0.12075575747910668, Inverse Test Loss: 2.5286136935738956 
2025-05-09 14:09:49,435 INFO: Epoch 128, Train Loss: 0.12868586419658226, Test Loss: 0.12185835334308007, Inverse Test Loss: 2.5443849142859962 
2025-05-09 14:09:53,311 INFO: Epoch 129, Train Loss: 0.12682831039031348, Test Loss: 0.1195841648561113, Inverse Test Loss: 2.509029135984533 
2025-05-09 14:09:57,207 INFO: Epoch 130, Train Loss: 0.12767896733500742, Test Loss: 0.12075573293601766, Inverse Test Loss: 2.5080331143210914 
2025-05-09 14:10:01,018 INFO: Epoch 131, Train Loss: 0.12648753652518446, Test Loss: 0.12000795059344348, Inverse Test Loss: 2.504226530299467 
2025-05-09 14:10:04,865 INFO: Epoch 132, Train Loss: 0.126925046809695, Test Loss: 0.11971960479722303, Inverse Test Loss: 2.5001575385822967 
2025-05-09 14:10:08,727 INFO: Epoch 133, Train Loss: 0.1258663208872983, Test Loss: 0.1191982065930086, Inverse Test Loss: 2.49931806676528 
2025-05-09 14:10:12,488 INFO: Epoch 134, Train Loss: 0.12504286183552307, Test Loss: 0.1192130941678496, Inverse Test Loss: 2.510000733768239 
2025-05-09 14:10:16,383 INFO: Epoch 135, Train Loss: 0.12381027379270756, Test Loss: 0.1206044944770196, Inverse Test Loss: 2.51262031583225 
2025-05-09 14:10:20,271 INFO: Epoch 136, Train Loss: 0.12503907998854463, Test Loss: 0.1214832591221613, Inverse Test Loss: 2.515082836151123 
2025-05-09 14:10:24,121 INFO: Epoch 137, Train Loss: 0.12537993411674644, Test Loss: 0.11883320286870003, Inverse Test Loss: 2.491689871339237 
2025-05-09 14:10:28,013 INFO: Epoch 138, Train Loss: 0.12534391123688582, Test Loss: 0.12039719171383802, Inverse Test Loss: 2.495940594112172 
2025-05-09 14:10:31,874 INFO: Epoch 139, Train Loss: 0.12499116790114027, Test Loss: 0.1192313849049456, Inverse Test Loss: 2.4963051361196182 
2025-05-09 14:10:35,803 INFO: Epoch 140, Train Loss: 0.12444691461595622, Test Loss: 0.1199531038017834, Inverse Test Loss: 2.5204852959688973 
2025-05-09 14:10:39,648 INFO: Epoch 141, Train Loss: 0.12358033013614741, Test Loss: 0.11996019741191584, Inverse Test Loss: 2.4985455484951244 
2025-05-09 14:10:43,486 INFO: Epoch 142, Train Loss: 0.12477103191794771, Test Loss: 0.12140488646486226, Inverse Test Loss: 2.517143445856431 
2025-05-09 14:10:47,260 INFO: Epoch 143, Train Loss: 0.125495425115029, Test Loss: 0.12013951206908506, Inverse Test Loss: 2.4950227106318756 
2025-05-09 14:10:51,074 INFO: Epoch 144, Train Loss: 0.12285018610683354, Test Loss: 0.11872482957208857, Inverse Test Loss: 2.492772614254671 
2025-05-09 14:10:54,953 INFO: Epoch 145, Train Loss: 0.1219664705973683, Test Loss: 0.11835827021037831, Inverse Test Loss: 2.497424539397745 
2025-05-09 14:10:58,811 INFO: Epoch 146, Train Loss: 0.12454153382868478, Test Loss: 0.1185670306577402, Inverse Test Loss: 2.4884148766012752 
2025-05-09 14:11:02,627 INFO: Epoch 147, Train Loss: 0.12321547576875398, Test Loss: 0.1178091593524989, Inverse Test Loss: 2.476261952344109 
2025-05-09 14:11:06,555 INFO: Epoch 148, Train Loss: 0.12335534055124629, Test Loss: 0.118344746530056, Inverse Test Loss: 2.4752859788782455 
2025-05-09 14:11:10,640 INFO: Epoch 149, Train Loss: 0.12361051684076135, Test Loss: 0.1176252750789418, Inverse Test Loss: 2.4616547261967376 
2025-05-09 14:11:14,556 INFO: Epoch 150, Train Loss: 0.12314957323851007, Test Loss: 0.11861363973687677, Inverse Test Loss: 2.470262786921333 
2025-05-09 14:11:18,557 INFO: Epoch 151, Train Loss: 0.12455409866842357, Test Loss: 0.11814701294197756, Inverse Test Loss: 2.4764814376831055 
2025-05-09 14:11:22,367 INFO: Epoch 152, Train Loss: 0.12306811841148318, Test Loss: 0.1168546413674074, Inverse Test Loss: 2.462816960671369 
2025-05-09 14:11:26,390 INFO: Epoch 153, Train Loss: 0.12230921841480515, Test Loss: 0.11796140210593448, Inverse Test Loss: 2.478898553287282 
2025-05-09 14:11:30,245 INFO: Epoch 154, Train Loss: 0.12267080807324612, Test Loss: 0.11788466528934591, Inverse Test Loss: 2.493120614220114 
2025-05-09 14:11:34,197 INFO: Epoch 155, Train Loss: 0.1217089889175964, Test Loss: 0.11841883817139794, Inverse Test Loss: 2.4795262112337 
2025-05-09 14:11:38,093 INFO: Epoch 156, Train Loss: 0.12173785088640271, Test Loss: 0.11779353285537046, Inverse Test Loss: 2.4692317247390747 
2025-05-09 14:11:42,045 INFO: Epoch 157, Train Loss: 0.12074654538071516, Test Loss: 0.1167911332758034, Inverse Test Loss: 2.4488549793467804 
2025-05-09 14:11:46,010 INFO: Epoch 158, Train Loss: 0.12231263913439983, Test Loss: 0.11740608118912753, Inverse Test Loss: 2.465208053588867 
2025-05-09 14:11:50,096 INFO: Epoch 159, Train Loss: 0.12239431883349564, Test Loss: 0.11720732621410314, Inverse Test Loss: 2.4643182544147266 
2025-05-09 14:11:53,994 INFO: Epoch 160, Train Loss: 0.12003513843272672, Test Loss: 0.11688806335715686, Inverse Test Loss: 2.448998072568108 
2025-05-09 14:11:57,807 INFO: Epoch 161, Train Loss: 0.12107580256733028, Test Loss: 0.116770620293477, Inverse Test Loss: 2.4720874814426197 
2025-05-09 14:12:01,586 INFO: Epoch 162, Train Loss: 0.1226684469165224, Test Loss: 0.11778616861385457, Inverse Test Loss: 2.469336383482989 
2025-05-09 14:12:05,341 INFO: Epoch 163, Train Loss: 0.12001446216846957, Test Loss: 0.11683405891937368, Inverse Test Loss: 2.4486417980755077 
2025-05-09 14:12:09,105 INFO: Epoch 164, Train Loss: 0.11942085544719841, Test Loss: 0.1170050479909953, Inverse Test Loss: 2.450602973208708 
2025-05-09 14:12:12,998 INFO: Epoch 165, Train Loss: 0.12150191143155098, Test Loss: 0.1169106419033864, Inverse Test Loss: 2.4549664118710686 
2025-05-09 14:12:16,879 INFO: Epoch 166, Train Loss: 0.12104085279685078, Test Loss: 0.11728200404083028, Inverse Test Loss: 2.482258488150204 
2025-05-09 14:12:20,678 INFO: Epoch 167, Train Loss: 0.12099211267901189, Test Loss: 0.11606403747025658, Inverse Test Loss: 2.457821488380432 
2025-05-09 14:12:24,489 INFO: Epoch 168, Train Loss: 0.1208609478040175, Test Loss: 0.1171966238933451, Inverse Test Loss: 2.458092247738558 
2025-05-09 14:12:28,413 INFO: Epoch 169, Train Loss: 0.12056526011138251, Test Loss: 0.11693805806777056, Inverse Test Loss: 2.4457790641223682 
2025-05-09 14:12:32,534 INFO: Epoch 170, Train Loss: 0.11878393522717735, Test Loss: 0.1160549381200005, Inverse Test Loss: 2.442788425613852 
2025-05-09 14:12:36,737 INFO: Epoch 171, Train Loss: 0.11763196630459843, Test Loss: 0.11814607898978625, Inverse Test Loss: 2.4536945399116066 
2025-05-09 14:12:40,847 INFO: Epoch 172, Train Loss: 0.1178813965031595, Test Loss: 0.11543094717404422, Inverse Test Loss: 2.4392423349268295 
2025-05-09 14:12:44,990 INFO: Epoch 173, Train Loss: 0.11965008136449438, Test Loss: 0.11668145744239583, Inverse Test Loss: 2.437150807941661 
2025-05-09 14:12:48,864 INFO: Epoch 174, Train Loss: 0.11788651019786343, Test Loss: 0.11759962623610216, Inverse Test Loss: 2.448988339480232 
2025-05-09 14:12:52,800 INFO: Epoch 175, Train Loss: 0.11865283633497628, Test Loss: 0.11534180229201037, Inverse Test Loss: 2.44267878111671 
2025-05-09 14:12:56,984 INFO: Epoch 176, Train Loss: 0.11863588790098827, Test Loss: 0.11819094156517702, Inverse Test Loss: 2.462489878430086 
2025-05-09 14:13:00,829 INFO: Epoch 177, Train Loss: 0.11912619062896931, Test Loss: 0.11607794069191989, Inverse Test Loss: 2.4259630652034985 
2025-05-09 14:13:04,810 INFO: Epoch 178, Train Loss: 0.11925213129231424, Test Loss: 0.11474780826007619, Inverse Test Loss: 2.4226459054385914 
2025-05-09 14:13:08,816 INFO: Epoch 179, Train Loss: 0.1168430716250882, Test Loss: 0.11509255319833755, Inverse Test Loss: 2.421574873082778 
2025-05-09 14:13:12,860 INFO: Epoch 180, Train Loss: 0.11748949122248274, Test Loss: 0.11503783876405042, Inverse Test Loss: 2.4209396839141846 
2025-05-09 14:13:16,794 INFO: Epoch 181, Train Loss: 0.11812065067616376, Test Loss: 0.1149191665737068, Inverse Test Loss: 2.4382156554390404 
2025-05-09 14:13:20,661 INFO: Epoch 182, Train Loss: 0.11901808360760863, Test Loss: 0.11543549947878894, Inverse Test Loss: 2.4429986056159523 
2025-05-09 14:13:24,560 INFO: Epoch 183, Train Loss: 0.12023805285041983, Test Loss: 0.11574450266711853, Inverse Test Loss: 2.4195881240508137 
2025-05-09 14:13:28,529 INFO: Epoch 184, Train Loss: 0.11843002237605327, Test Loss: 0.11463581157081268, Inverse Test Loss: 2.425487013424144 
2025-05-09 14:13:32,582 INFO: Epoch 185, Train Loss: 0.11791814852393034, Test Loss: 0.11427137365236002, Inverse Test Loss: 2.4140695964588836 
2025-05-09 14:13:36,601 INFO: Epoch 186, Train Loss: 0.11847177938078389, Test Loss: 0.1156983287895427, Inverse Test Loss: 2.4326631531995884 
2025-05-09 14:13:40,626 INFO: Epoch 187, Train Loss: 0.11742538845900333, Test Loss: 0.11405139920466087, Inverse Test Loss: 2.411814949091743 
2025-05-09 14:13:44,539 INFO: Epoch 188, Train Loss: 0.11734600376450655, Test Loss: 0.11447074658730451, Inverse Test Loss: 2.4058530541027294 
2025-05-09 14:13:48,421 INFO: Epoch 189, Train Loss: 0.11792706686890486, Test Loss: 0.11396266585763763, Inverse Test Loss: 2.437424561556648 
2025-05-09 14:13:52,375 INFO: Epoch 190, Train Loss: 0.11834468353878368, Test Loss: 0.1137432740891681, Inverse Test Loss: 2.3985200629514805 
2025-05-09 14:13:56,306 INFO: Epoch 191, Train Loss: 0.11651427479404391, Test Loss: 0.1158210497130366, Inverse Test Loss: 2.4145899800693287 
2025-05-09 14:14:00,205 INFO: Epoch 192, Train Loss: 0.11559601393387173, Test Loss: 0.11527084909817752, Inverse Test Loss: 2.4181281819063076 
2025-05-09 14:14:04,198 INFO: Epoch 193, Train Loss: 0.11709338731386444, Test Loss: 0.11498852030319326, Inverse Test Loss: 2.4195103154462925 
2025-05-09 14:14:08,135 INFO: Epoch 194, Train Loss: 0.11721928598302783, Test Loss: 0.11379014985526309, Inverse Test Loss: 2.412067925228792 
2025-05-09 14:14:12,088 INFO: Epoch 195, Train Loss: 0.11681994773221738, Test Loss: 0.11360054287840338, Inverse Test Loss: 2.417786542107077 
2025-05-09 14:14:16,022 INFO: Epoch 196, Train Loss: 0.11751983405062646, Test Loss: 0.11349166842067943, Inverse Test Loss: 2.403128231272978 
2025-05-09 14:14:19,809 INFO: Epoch 197, Train Loss: 0.11629390868950974, Test Loss: 0.11568366867654464, Inverse Test Loss: 2.416328521335826 
2025-05-09 14:14:23,616 INFO: Epoch 198, Train Loss: 0.1165629733692516, Test Loss: 0.11480486875071245, Inverse Test Loss: 2.4030162797254673 
2025-05-09 14:14:27,487 INFO: Epoch 199, Train Loss: 0.11561486712007811, Test Loss: 0.1150364959064652, Inverse Test Loss: 2.4101429546580597 
2025-05-09 14:14:31,374 INFO: Epoch 200, Train Loss: 0.11662659415918769, Test Loss: 0.1132978008073919, Inverse Test Loss: 2.3944861257777497 
2025-05-09 14:14:31,374 INFO: Best Epoch 200, Best Test Loss: 0.1132978008073919, Inverse Test Loss: 2.3944861257777497 
2025-05-09 14:14:35,183 INFO: Epoch 201, Train Loss: 0.11569198299989555, Test Loss: 0.11332455452750712, Inverse Test Loss: 2.3985409526263965 
2025-05-09 14:14:39,016 INFO: Epoch 202, Train Loss: 0.11539514464410869, Test Loss: 0.11497020831002909, Inverse Test Loss: 2.4119494732688453 
2025-05-09 14:14:42,927 INFO: Epoch 203, Train Loss: 0.11488379069575758, Test Loss: 0.11412529384388644, Inverse Test Loss: 2.4022120868458465 
2025-05-09 14:14:46,783 INFO: Epoch 204, Train Loss: 0.11670916493643414, Test Loss: 0.11426901773494832, Inverse Test Loss: 2.452471130034503 
2025-05-09 14:14:50,557 INFO: Epoch 205, Train Loss: 0.11450175952279207, Test Loss: 0.11274425071828506, Inverse Test Loss: 2.3765914229785694 
2025-05-09 14:14:54,356 INFO: Epoch 206, Train Loss: 0.11540319194847887, Test Loss: 0.11353248620734495, Inverse Test Loss: 2.3945270987117993 
2025-05-09 14:14:58,253 INFO: Epoch 207, Train Loss: 0.11660913931149425, Test Loss: 0.11250785782056696, Inverse Test Loss: 2.38481062300065 
2025-05-09 14:15:02,179 INFO: Epoch 208, Train Loss: 0.11348305360385866, Test Loss: 0.11317824155968778, Inverse Test Loss: 2.416613445562475 
2025-05-09 14:15:06,031 INFO: Epoch 209, Train Loss: 0.11432896441582477, Test Loss: 0.11275831588050898, Inverse Test Loss: 2.386791839319117 
2025-05-09 14:15:09,980 INFO: Epoch 210, Train Loss: 0.11493439182187572, Test Loss: 0.11380846995641203, Inverse Test Loss: 2.4016205773634067 
2025-05-09 14:15:13,936 INFO: Epoch 211, Train Loss: 0.11391587736028613, Test Loss: 0.11241439488880775, Inverse Test Loss: 2.376704216003418 
2025-05-09 14:15:17,852 INFO: Epoch 212, Train Loss: 0.11458382326545137, Test Loss: 0.11321148385896403, Inverse Test Loss: 2.3933995892019833 
2025-05-09 14:15:21,680 INFO: Epoch 213, Train Loss: 0.11561163006858392, Test Loss: 0.11283785367713255, Inverse Test Loss: 2.386959328370936 
2025-05-09 14:15:25,623 INFO: Epoch 214, Train Loss: 0.11462953393206451, Test Loss: 0.11300842354402822, Inverse Test Loss: 2.3806548960068645 
2025-05-09 14:15:29,419 INFO: Epoch 215, Train Loss: 0.11346244970054338, Test Loss: 0.11195970874498873, Inverse Test Loss: 2.383341263322269 
2025-05-09 14:15:33,191 INFO: Epoch 216, Train Loss: 0.11329848844219338, Test Loss: 0.11192238725283567, Inverse Test Loss: 2.3759025896296784 
2025-05-09 14:15:36,926 INFO: Epoch 217, Train Loss: 0.11221073048584389, Test Loss: 0.11203212137607967, Inverse Test Loss: 2.37268188420464 
2025-05-09 14:15:40,731 INFO: Epoch 218, Train Loss: 0.11348014426502315, Test Loss: 0.11134329197161338, Inverse Test Loss: 2.3725734388127044 
2025-05-09 14:15:44,627 INFO: Epoch 219, Train Loss: 0.11609876629981128, Test Loss: 0.11167664847829763, Inverse Test Loss: 2.382283280877506 
2025-05-09 14:15:48,435 INFO: Epoch 220, Train Loss: 0.11309194226156581, Test Loss: 0.11272985838791903, Inverse Test Loss: 2.3676858018426334 
2025-05-09 14:15:52,230 INFO: Epoch 221, Train Loss: 0.11411122390718172, Test Loss: 0.11114659226116012, Inverse Test Loss: 2.361743863891153 
2025-05-09 14:15:56,049 INFO: Epoch 222, Train Loss: 0.11327006058259444, Test Loss: 0.1130655589787399, Inverse Test Loss: 2.3779605136198154 
2025-05-09 14:16:00,005 INFO: Epoch 223, Train Loss: 0.113328477029096, Test Loss: 0.1135189789621269, Inverse Test Loss: 2.3866763816160312 
2025-05-09 14:16:03,953 INFO: Epoch 224, Train Loss: 0.11198555813594298, Test Loss: 0.11146248351125156, Inverse Test Loss: 2.3625116558635937 
2025-05-09 14:16:07,927 INFO: Epoch 225, Train Loss: 0.1137444931223537, Test Loss: 0.11190574221751269, Inverse Test Loss: 2.3850377447464886 
2025-05-09 14:16:11,671 INFO: Epoch 226, Train Loss: 0.11502831101869092, Test Loss: 0.11240031526369207, Inverse Test Loss: 2.3726014249465046 
2025-05-09 14:16:15,522 INFO: Epoch 227, Train Loss: 0.11393015775265115, Test Loss: 0.11172879991285942, Inverse Test Loss: 2.3898713378345264 
2025-05-09 14:16:19,414 INFO: Epoch 228, Train Loss: 0.11370223342920795, Test Loss: 0.11232658322243129, Inverse Test Loss: 2.3616866644691017 
2025-05-09 14:16:23,374 INFO: Epoch 229, Train Loss: 0.11088987812399864, Test Loss: 0.11152959987521172, Inverse Test Loss: 2.3655922833610985 
2025-05-09 14:16:27,332 INFO: Epoch 230, Train Loss: 0.11219293985402945, Test Loss: 0.111026971217464, Inverse Test Loss: 2.35673823076136 
2025-05-09 14:16:31,229 INFO: Epoch 231, Train Loss: 0.11112742825891032, Test Loss: 0.11103998015032095, Inverse Test Loss: 2.351708741749034 
2025-05-09 14:16:35,311 INFO: Epoch 232, Train Loss: 0.11214489004377162, Test Loss: 0.11227729609783958, Inverse Test Loss: 2.354459334822262 
2025-05-09 14:16:39,139 INFO: Epoch 233, Train Loss: 0.11349286342209036, Test Loss: 0.11163938527598101, Inverse Test Loss: 2.349310405114118 
2025-05-09 14:16:42,933 INFO: Epoch 234, Train Loss: 0.11122904695344693, Test Loss: 0.11125434540650424, Inverse Test Loss: 2.3589107639649334 
2025-05-09 14:16:46,688 INFO: Epoch 235, Train Loss: 0.11255537583069368, Test Loss: 0.11055950294522678, Inverse Test Loss: 2.3760821679059196 
2025-05-09 14:16:50,505 INFO: Epoch 236, Train Loss: 0.11302015896547925, Test Loss: 0.11159815069507151, Inverse Test Loss: 2.351477524813484 
2025-05-09 14:16:54,271 INFO: Epoch 237, Train Loss: 0.11022119997351458, Test Loss: 0.11062584160005345, Inverse Test Loss: 2.3545165622935578 
2025-05-09 14:16:58,062 INFO: Epoch 238, Train Loss: 0.11099153717584682, Test Loss: 0.11111588228274794, Inverse Test Loss: 2.3580624005373787 
2025-05-09 14:17:02,059 INFO: Epoch 239, Train Loss: 0.11111669270603945, Test Loss: 0.1117162597091759, Inverse Test Loss: 2.3517147933735565 
2025-05-09 14:17:05,940 INFO: Epoch 240, Train Loss: 0.11089307442307472, Test Loss: 0.11172720263986026, Inverse Test Loss: 2.3537165417390713 
2025-05-09 14:17:09,899 INFO: Epoch 241, Train Loss: 0.11094599725170569, Test Loss: 0.11042988650939044, Inverse Test Loss: 2.3319259881973267 
2025-05-09 14:17:13,733 INFO: Epoch 242, Train Loss: 0.11259484550718105, Test Loss: 0.11187068811234306, Inverse Test Loss: 2.3418073373682358 
2025-05-09 14:17:17,528 INFO: Epoch 243, Train Loss: 0.11107476247530995, Test Loss: 0.11227104484158404, Inverse Test Loss: 2.3501369322047516 
2025-05-09 14:17:21,637 INFO: Epoch 244, Train Loss: 0.11118842695247043, Test Loss: 0.11102172644699321, Inverse Test Loss: 2.3375101229723763 
2025-05-09 14:17:25,907 INFO: Epoch 245, Train Loss: 0.1089538661480853, Test Loss: 0.11101198305978495, Inverse Test Loss: 2.3476333407794727 
2025-05-09 14:17:29,850 INFO: Epoch 246, Train Loss: 0.10821044388594049, Test Loss: 0.11061350190464188, Inverse Test Loss: 2.351077444413129 
2025-05-09 14:17:33,644 INFO: Epoch 247, Train Loss: 0.11068627339872447, Test Loss: 0.11068133746876437, Inverse Test Loss: 2.347733132979449 
2025-05-09 14:17:37,419 INFO: Epoch 248, Train Loss: 0.10857645185156302, Test Loss: 0.1099875832305235, Inverse Test Loss: 2.33847310963799 
2025-05-09 14:17:41,381 INFO: Epoch 249, Train Loss: 0.10998302822311719, Test Loss: 0.11292620266185087, Inverse Test Loss: 2.3758846521377563 
2025-05-09 14:17:45,151 INFO: Epoch 250, Train Loss: 0.11006671833721074, Test Loss: 0.10981096458785675, Inverse Test Loss: 2.3278670030481674 
2025-05-09 14:17:48,983 INFO: Epoch 251, Train Loss: 0.11001726279430317, Test Loss: 0.1104999741210657, Inverse Test Loss: 2.355175025322858 
2025-05-09 14:17:52,794 INFO: Epoch 252, Train Loss: 0.11117892283381837, Test Loss: 0.11331771949634832, Inverse Test Loss: 2.3543478951734653 
2025-05-09 14:17:56,831 INFO: Epoch 253, Train Loss: 0.11232282170517878, Test Loss: 0.1098314922522096, Inverse Test Loss: 2.338593461934258 
2025-05-09 14:18:00,532 INFO: Epoch 254, Train Loss: 0.11002622386722853, Test Loss: 0.11054312196724556, Inverse Test Loss: 2.33559513092041 
2025-05-09 14:18:04,331 INFO: Epoch 255, Train Loss: 0.11082007465037433, Test Loss: 0.11056466006180819, Inverse Test Loss: 2.339594644658706 
2025-05-09 14:18:08,080 INFO: Epoch 256, Train Loss: 0.11066719742886948, Test Loss: 0.11013568017412634, Inverse Test Loss: 2.329104746089262 
2025-05-09 14:18:11,835 INFO: Epoch 257, Train Loss: 0.11000071161172607, Test Loss: 0.11022169975673451, Inverse Test Loss: 2.329300943542929 
2025-05-09 14:18:15,701 INFO: Epoch 258, Train Loss: 0.1087100501313354, Test Loss: 0.11109134160420474, Inverse Test Loss: 2.34234180169947 
2025-05-09 14:18:19,703 INFO: Epoch 259, Train Loss: 0.11051114535692966, Test Loss: 0.10971219004953608, Inverse Test Loss: 2.318681646795834 
2025-05-09 14:18:23,629 INFO: Epoch 260, Train Loss: 0.10892929622169698, Test Loss: 0.10948369432898129, Inverse Test Loss: 2.356314546921674 
2025-05-09 14:18:27,441 INFO: Epoch 261, Train Loss: 0.10928146541118622, Test Loss: 0.10956466877285172, Inverse Test Loss: 2.3329212875927197 
2025-05-09 14:18:31,313 INFO: Epoch 262, Train Loss: 0.10878698465724786, Test Loss: 0.11008751567672281, Inverse Test Loss: 2.326298342031591 
2025-05-09 14:18:35,087 INFO: Epoch 263, Train Loss: 0.10847776970176985, Test Loss: 0.10923807673594531, Inverse Test Loss: 2.3180020135991715 
2025-05-09 14:18:39,057 INFO: Epoch 264, Train Loss: 0.10903229135455507, Test Loss: 0.1102871382061173, Inverse Test Loss: 2.321744245641372 
2025-05-09 14:18:42,988 INFO: Epoch 265, Train Loss: 0.10977231462796529, Test Loss: 0.1105400643804494, Inverse Test Loss: 2.341776118558996 
2025-05-09 14:18:46,914 INFO: Epoch 266, Train Loss: 0.10984109850092368, Test Loss: 0.11170584774192642, Inverse Test Loss: 2.3353105362723854 
2025-05-09 14:18:50,844 INFO: Epoch 267, Train Loss: 0.10726777972145514, Test Loss: 0.10991327530320953, Inverse Test Loss: 2.3309366913402783 
2025-05-09 14:18:54,910 INFO: Epoch 268, Train Loss: 0.10935077353408842, Test Loss: 0.10844506980741725, Inverse Test Loss: 2.321686962071587 
2025-05-09 14:18:58,810 INFO: Epoch 269, Train Loss: 0.10715451170549248, Test Loss: 0.11142165257650263, Inverse Test Loss: 2.3274654430501602 
2025-05-09 14:19:02,598 INFO: Epoch 270, Train Loss: 0.10943770871469469, Test Loss: 0.10923718222800423, Inverse Test Loss: 2.3471869230270386 
2025-05-09 14:19:06,385 INFO: Epoch 271, Train Loss: 0.10747825489802794, Test Loss: 0.10976303018191282, Inverse Test Loss: 2.317749493262347 
2025-05-09 14:19:10,322 INFO: Epoch 272, Train Loss: 0.10741236337432356, Test Loss: 0.10969637246692882, Inverse Test Loss: 2.3091119738186108 
2025-05-09 14:19:14,481 INFO: Epoch 273, Train Loss: 0.10770250619812445, Test Loss: 0.11061980750630884, Inverse Test Loss: 2.3227808195001938 
2025-05-09 14:19:18,495 INFO: Epoch 274, Train Loss: 0.10761797038668935, Test Loss: 0.1091513182310497, Inverse Test Loss: 2.3121562074212467 
2025-05-09 14:19:22,461 INFO: Epoch 275, Train Loss: 0.10862811079079454, Test Loss: 0.10811231460641413, Inverse Test Loss: 2.2995263618581436 
2025-05-09 14:19:26,380 INFO: Epoch 276, Train Loss: 0.10784831281864282, Test Loss: 0.10801961272954941, Inverse Test Loss: 2.3036517395692715 
2025-05-09 14:19:30,423 INFO: Epoch 277, Train Loss: 0.10827476881218678, Test Loss: 0.11069631664191976, Inverse Test Loss: 2.325064981684965 
2025-05-09 14:19:34,194 INFO: Epoch 278, Train Loss: 0.1085899682207541, Test Loss: 0.10868416682762258, Inverse Test Loss: 2.3002326628741097 
2025-05-09 14:19:38,003 INFO: Epoch 279, Train Loss: 0.10735128136972587, Test Loss: 0.10798036657712039, Inverse Test Loss: 2.2968124431722305 
2025-05-09 14:19:41,977 INFO: Epoch 280, Train Loss: 0.10766844869111523, Test Loss: 0.10801023770781125, Inverse Test Loss: 2.317098203827353 
2025-05-09 14:19:45,793 INFO: Epoch 281, Train Loss: 0.10772444674688758, Test Loss: 0.10825611870078479, Inverse Test Loss: 2.3140485637328205 
2025-05-09 14:19:49,687 INFO: Epoch 282, Train Loss: 0.10641258616339076, Test Loss: 0.10793591926203054, Inverse Test Loss: 2.285809278488159 
2025-05-09 14:19:53,441 INFO: Epoch 283, Train Loss: 0.10658084318944902, Test Loss: 0.10821444300167701, Inverse Test Loss: 2.3283710830351887 
2025-05-09 14:19:57,411 INFO: Epoch 284, Train Loss: 0.10658432797274807, Test Loss: 0.10806318175266771, Inverse Test Loss: 2.2955694408977734 
2025-05-09 14:20:01,159 INFO: Epoch 285, Train Loss: 0.10735126438014435, Test Loss: 0.10942127204993192, Inverse Test Loss: 2.306276132078732 
2025-05-09 14:20:04,895 INFO: Epoch 286, Train Loss: 0.10650839272773627, Test Loss: 0.10834241746103063, Inverse Test Loss: 2.3200460882747875 
2025-05-09 14:20:08,728 INFO: Epoch 287, Train Loss: 0.10705845012809291, Test Loss: 0.10829531006953295, Inverse Test Loss: 2.3199972966138054 
2025-05-09 14:20:12,657 INFO: Epoch 288, Train Loss: 0.10618640685623343, Test Loss: 0.10717549306504867, Inverse Test Loss: 2.2882728857152603 
2025-05-09 14:20:16,488 INFO: Epoch 289, Train Loss: 0.10634548933894346, Test Loss: 0.10763265827999395, Inverse Test Loss: 2.3190250677220963 
2025-05-09 14:20:20,397 INFO: Epoch 290, Train Loss: 0.10825934328816154, Test Loss: 0.10673597126322634, Inverse Test Loss: 2.28206705345827 
2025-05-09 14:20:24,284 INFO: Epoch 291, Train Loss: 0.1075023656541651, Test Loss: 0.10768843420288142, Inverse Test Loss: 2.2905368033577416 
2025-05-09 14:20:28,243 INFO: Epoch 292, Train Loss: 0.10788824821286129, Test Loss: 0.10702027665341601, Inverse Test Loss: 2.2906435026842007 
2025-05-09 14:20:32,154 INFO: Epoch 293, Train Loss: 0.10611240673020031, Test Loss: 0.10911786512416952, Inverse Test Loss: 2.301010426353006 
2025-05-09 14:20:36,067 INFO: Epoch 294, Train Loss: 0.1059349642106981, Test Loss: 0.107858085018747, Inverse Test Loss: 2.3003507011076985 
2025-05-09 14:20:40,028 INFO: Epoch 295, Train Loss: 0.10615645461913312, Test Loss: 0.10720219506936915, Inverse Test Loss: 2.289895443355336 
2025-05-09 14:20:43,972 INFO: Epoch 296, Train Loss: 0.10501440574951244, Test Loss: 0.1081733813180643, Inverse Test Loss: 2.3240690932554355 
2025-05-09 14:20:47,806 INFO: Epoch 297, Train Loss: 0.1068635042192358, Test Loss: 0.10788176734657849, Inverse Test Loss: 2.2856832462198593 
2025-05-09 14:20:51,620 INFO: Epoch 298, Train Loss: 0.10743685992378177, Test Loss: 0.10878899693489075, Inverse Test Loss: 2.2933850288391113 
2025-05-09 14:20:55,505 INFO: Epoch 299, Train Loss: 0.10702208423930587, Test Loss: 0.10794839000000674, Inverse Test Loss: 2.3037918104844937 
2025-05-09 14:20:59,398 INFO: Epoch 300, Train Loss: 0.10518075503183133, Test Loss: 0.10916327948079389, Inverse Test Loss: 2.2944404798395492 
2025-05-09 14:20:59,398 INFO: Best Epoch 290, Best Test Loss: 0.10673597126322634, Inverse Test Loss: 2.28206705345827 
2025-05-09 14:21:03,339 INFO: Epoch 301, Train Loss: 0.10746789486570792, Test Loss: 0.10783317926175454, Inverse Test Loss: 2.2812357159221874 
2025-05-09 14:21:07,350 INFO: Epoch 302, Train Loss: 0.10530545381885587, Test Loss: 0.10744057771037607, Inverse Test Loss: 2.286902027971604 
2025-05-09 14:21:11,281 INFO: Epoch 303, Train Loss: 0.10443260481185986, Test Loss: 0.10656461974277216, Inverse Test Loss: 2.2815712339737835 
2025-05-09 14:21:15,083 INFO: Epoch 304, Train Loss: 0.10419802520085465, Test Loss: 0.10759950648335849, Inverse Test Loss: 2.3064316511154175 
2025-05-09 14:21:18,928 INFO: Epoch 305, Train Loss: 0.10551933041124632, Test Loss: 0.1069050768719, Inverse Test Loss: 2.2879622613682464 
2025-05-09 14:21:22,785 INFO: Epoch 306, Train Loss: 0.1056783732139703, Test Loss: 0.1093281932613429, Inverse Test Loss: 2.2985738305484547 
2025-05-09 14:21:26,681 INFO: Epoch 307, Train Loss: 0.10718172517689792, Test Loss: 0.10639519463567172, Inverse Test Loss: 2.277851841028999 
2025-05-09 14:21:30,491 INFO: Epoch 308, Train Loss: 0.10558949286739032, Test Loss: 0.10699256772504133, Inverse Test Loss: 2.2791004180908203 
2025-05-09 14:21:34,353 INFO: Epoch 309, Train Loss: 0.10519836673682387, Test Loss: 0.10782710879164584, Inverse Test Loss: 2.283203293295468 
2025-05-09 14:21:38,261 INFO: Epoch 310, Train Loss: 0.1052252666629625, Test Loss: 0.10695949021507711, Inverse Test Loss: 2.2761003971099854 
2025-05-09 14:21:42,282 INFO: Epoch 311, Train Loss: 0.10456791661228194, Test Loss: 0.10795844346284866, Inverse Test Loss: 2.2859816971947167 
2025-05-09 14:21:46,199 INFO: Epoch 312, Train Loss: 0.1046097751593951, Test Loss: 0.10913356612710391, Inverse Test Loss: 2.2952731988009285 
2025-05-09 14:21:50,183 INFO: Epoch 313, Train Loss: 0.10465526569521788, Test Loss: 0.10751387257786359, Inverse Test Loss: 2.289614852736978 
2025-05-09 14:21:54,123 INFO: Epoch 314, Train Loss: 0.10309606705876914, Test Loss: 0.1073140173273928, Inverse Test Loss: 2.2849886697881363 
2025-05-09 14:21:58,085 INFO: Epoch 315, Train Loss: 0.10508004169572484, Test Loss: 0.10751519637072787, Inverse Test Loss: 2.2925636417725506 
2025-05-09 14:22:02,023 INFO: Epoch 316, Train Loss: 0.10339249309265253, Test Loss: 0.1077444908373496, Inverse Test Loss: 2.2763560870114494 
2025-05-09 14:22:05,847 INFO: Epoch 317, Train Loss: 0.10521985522725365, Test Loss: 0.10695117470972679, Inverse Test Loss: 2.270217362572165 
2025-05-09 14:22:09,759 INFO: Epoch 318, Train Loss: 0.10438365105426672, Test Loss: 0.10772445469218142, Inverse Test Loss: 2.278282474069034 
2025-05-09 14:22:13,765 INFO: Epoch 319, Train Loss: 0.10337114751790509, Test Loss: 0.10765090606668416, Inverse Test Loss: 2.3121427367715275 
2025-05-09 14:22:17,554 INFO: Epoch 320, Train Loss: 0.10273916048533989, Test Loss: 0.1075748976539163, Inverse Test Loss: 2.2909694769803215 
2025-05-09 14:22:21,307 INFO: Epoch 321, Train Loss: 0.1036617864261974, Test Loss: 0.10633057246313375, Inverse Test Loss: 2.261222075013553 
2025-05-09 14:22:25,204 INFO: Epoch 322, Train Loss: 0.10387694655042706, Test Loss: 0.10822514751378227, Inverse Test Loss: 2.273357763009913 
2025-05-09 14:22:29,376 INFO: Epoch 323, Train Loss: 0.10331616708726594, Test Loss: 0.1063940323450986, Inverse Test Loss: 2.275254291646621 
2025-05-09 14:22:33,474 INFO: Epoch 324, Train Loss: 0.10165193699526065, Test Loss: 0.106939606149407, Inverse Test Loss: 2.2775787746205047 
2025-05-09 14:22:37,202 INFO: Epoch 325, Train Loss: 0.10406920088059975, Test Loss: 0.10956241584876004, Inverse Test Loss: 2.285565825069652 
2025-05-09 14:22:41,234 INFO: Epoch 326, Train Loss: 0.1043099444359541, Test Loss: 0.10750800677958657, Inverse Test Loss: 2.2868346396614525 
2025-05-09 14:22:45,236 INFO: Epoch 327, Train Loss: 0.10411907924395619, Test Loss: 0.1078395615605747, Inverse Test Loss: 2.274807200712316 
2025-05-09 14:22:49,169 INFO: Epoch 328, Train Loss: 0.10312460611263911, Test Loss: 0.10605583274189163, Inverse Test Loss: 2.2556464251349952 
2025-05-09 14:22:52,999 INFO: Epoch 329, Train Loss: 0.10155733268369328, Test Loss: 0.10626076293342254, Inverse Test Loss: 2.2591162359013275 
2025-05-09 14:22:56,905 INFO: Epoch 330, Train Loss: 0.10260227887016354, Test Loss: 0.10745169835932114, Inverse Test Loss: 2.2731725959216846 
2025-05-09 14:23:00,832 INFO: Epoch 331, Train Loss: 0.10288629692160722, Test Loss: 0.1058432153042625, Inverse Test Loss: 2.2582819251453174 
2025-05-09 14:23:04,708 INFO: Epoch 332, Train Loss: 0.10481341431538264, Test Loss: 0.10640239277306725, Inverse Test Loss: 2.2601340588401344 
2025-05-09 14:23:08,729 INFO: Epoch 333, Train Loss: 0.10475089728380695, Test Loss: 0.10613956039442736, Inverse Test Loss: 2.2538611398023716 
2025-05-09 14:23:12,807 INFO: Epoch 334, Train Loss: 0.1013988952970866, Test Loss: 0.10644496363752029, Inverse Test Loss: 2.278246220420389 
2025-05-09 14:23:16,904 INFO: Epoch 335, Train Loss: 0.10312061017435609, Test Loss: 0.10570909564985949, Inverse Test Loss: 2.2673225262585808 
2025-05-09 14:23:20,960 INFO: Epoch 336, Train Loss: 0.10292779230936007, Test Loss: 0.10632820120629143, Inverse Test Loss: 2.306384935098536 
2025-05-09 14:23:25,037 INFO: Epoch 337, Train Loss: 0.10380356849142999, Test Loss: 0.10597315452554647, Inverse Test Loss: 2.2857683125664208 
2025-05-09 14:23:29,070 INFO: Epoch 338, Train Loss: 0.10296817919747396, Test Loss: 0.1056003947468365, Inverse Test Loss: 2.279825673383825 
2025-05-09 14:23:32,868 INFO: Epoch 339, Train Loss: 0.10425038901016567, Test Loss: 0.10539262873284957, Inverse Test Loss: 2.2427942402222576 
2025-05-09 14:23:36,642 INFO: Epoch 340, Train Loss: 0.10256373904871219, Test Loss: 0.10539648155955707, Inverse Test Loss: 2.254994511604309 
2025-05-09 14:23:40,410 INFO: Epoch 341, Train Loss: 0.10211464051495898, Test Loss: 0.10679461324916166, Inverse Test Loss: 2.2594536122153785 
2025-05-09 14:23:44,161 INFO: Epoch 342, Train Loss: 0.10225822274206263, Test Loss: 0.10547896167811226, Inverse Test Loss: 2.2656990990919224 
2025-05-09 14:23:48,039 INFO: Epoch 343, Train Loss: 0.10232627911098076, Test Loss: 0.10486328032086878, Inverse Test Loss: 2.263115083470064 
2025-05-09 14:23:51,822 INFO: Epoch 344, Train Loss: 0.10299691275665254, Test Loss: 0.10661172888734761, Inverse Test Loss: 2.2569342991885017 
2025-05-09 14:23:55,619 INFO: Epoch 345, Train Loss: 0.10257767699658871, Test Loss: 0.10468298656975522, Inverse Test Loss: 2.2389599365346573 
2025-05-09 14:23:59,711 INFO: Epoch 346, Train Loss: 0.10174874114719304, Test Loss: 0.1055789458401063, Inverse Test Loss: 2.244897765271804 
2025-05-09 14:24:03,989 INFO: Epoch 347, Train Loss: 0.1016999167587721, Test Loss: 0.10706138786147623, Inverse Test Loss: 2.265801128219156 
2025-05-09 14:24:08,401 INFO: Epoch 348, Train Loss: 0.10120737806639889, Test Loss: 0.10563230185824282, Inverse Test Loss: 2.2455811500549316 
2025-05-09 14:24:12,733 INFO: Epoch 349, Train Loss: 0.10216954982641971, Test Loss: 0.1052160212660537, Inverse Test Loss: 2.2449390958337223 
2025-05-09 14:24:17,105 INFO: Epoch 350, Train Loss: 0.1015584555200555, Test Loss: 0.10563397210310488, Inverse Test Loss: 2.2466521613738117 
2025-05-09 14:24:21,244 INFO: Epoch 351, Train Loss: 0.10204911728700002, Test Loss: 0.10656605573261485, Inverse Test Loss: 2.2455313205718994 
2025-05-09 14:24:25,050 INFO: Epoch 352, Train Loss: 0.10067976367744533, Test Loss: 0.10792100166573244, Inverse Test Loss: 2.264488234239466 
2025-05-09 14:24:28,907 INFO: Epoch 353, Train Loss: 0.1011965608393604, Test Loss: 0.1046390200362486, Inverse Test Loss: 2.2469392524046055 
2025-05-09 14:24:32,669 INFO: Epoch 354, Train Loss: 0.10084887859270428, Test Loss: 0.10579898427514468, Inverse Test Loss: 2.2399644641315235 
2025-05-09 14:24:36,455 INFO: Epoch 355, Train Loss: 0.10292305611073971, Test Loss: 0.10601739103303236, Inverse Test Loss: 2.243007884306066 
2025-05-09 14:24:40,386 INFO: Epoch 356, Train Loss: 0.10241845430749835, Test Loss: 0.10497634375796598, Inverse Test Loss: 2.238621073610642 
2025-05-09 14:24:44,150 INFO: Epoch 357, Train Loss: 0.10146665680363323, Test Loss: 0.10740314139162793, Inverse Test Loss: 2.241543440257802 
2025-05-09 14:24:47,906 INFO: Epoch 358, Train Loss: 0.10064976233424562, Test Loss: 0.10454021898262641, Inverse Test Loss: 2.2378599152845493 
2025-05-09 14:24:51,856 INFO: Epoch 359, Train Loss: 0.10125350229667895, Test Loss: 0.10462160211275606, Inverse Test Loss: 2.2270547221688664 
2025-05-09 14:24:55,731 INFO: Epoch 360, Train Loss: 0.09986895661462437, Test Loss: 0.10560079598251511, Inverse Test Loss: 2.271934340981876 
2025-05-09 14:24:59,597 INFO: Epoch 361, Train Loss: 0.10102891041473909, Test Loss: 0.10496694090611794, Inverse Test Loss: 2.231280158547794 
2025-05-09 14:25:03,611 INFO: Epoch 362, Train Loss: 0.10035584138875658, Test Loss: 0.1066775225541171, Inverse Test Loss: 2.2395845020518585 
2025-05-09 14:25:07,426 INFO: Epoch 363, Train Loss: 0.10260441340506077, Test Loss: 0.1042657317045857, Inverse Test Loss: 2.225959714721231 
2025-05-09 14:25:11,449 INFO: Epoch 364, Train Loss: 0.10010753131725571, Test Loss: 0.10454677637009059, Inverse Test Loss: 2.2367752509958603 
2025-05-09 14:25:15,371 INFO: Epoch 365, Train Loss: 0.10028507628224113, Test Loss: 0.10466358460047666, Inverse Test Loss: 2.250562583698946 
2025-05-09 14:25:19,175 INFO: Epoch 366, Train Loss: 0.09873492530349529, Test Loss: 0.10733912096304052, Inverse Test Loss: 2.254424859495724 
2025-05-09 14:25:22,919 INFO: Epoch 367, Train Loss: 0.10137845112970381, Test Loss: 0.10625600245069056, Inverse Test Loss: 2.318471172276665 
2025-05-09 14:25:26,743 INFO: Epoch 368, Train Loss: 0.10020682373733232, Test Loss: 0.10406299614731003, Inverse Test Loss: 2.2204390483744003 
2025-05-09 14:25:30,534 INFO: Epoch 369, Train Loss: 0.09978905591097745, Test Loss: 0.10499301728080301, Inverse Test Loss: 2.2179146934958065 
2025-05-09 14:25:34,292 INFO: Epoch 370, Train Loss: 0.10175557897397966, Test Loss: 0.1033881181741462, Inverse Test Loss: 2.2190722507589005 
2025-05-09 14:25:38,040 INFO: Epoch 371, Train Loss: 0.10187629802208958, Test Loss: 0.10433026644236901, Inverse Test Loss: 2.2374508521136116 
2025-05-09 14:25:41,976 INFO: Epoch 372, Train Loss: 0.10035614229061386, Test Loss: 0.10392476903165088, Inverse Test Loss: 2.213731786784004 
2025-05-09 14:25:45,740 INFO: Epoch 373, Train Loss: 0.09885748509656299, Test Loss: 0.10478457983802347, Inverse Test Loss: 2.22564129969653 
2025-05-09 14:25:49,663 INFO: Epoch 374, Train Loss: 0.10053464397788048, Test Loss: 0.10406615278300117, Inverse Test Loss: 2.2122155568178963 
2025-05-09 14:25:53,496 INFO: Epoch 375, Train Loss: 0.10067992894486948, Test Loss: 0.10419718219953425, Inverse Test Loss: 2.2389388855765846 
2025-05-09 14:25:57,456 INFO: Epoch 376, Train Loss: 0.09970986154494864, Test Loss: 0.10578460202497594, Inverse Test Loss: 2.229143037515528 
2025-05-09 14:26:01,465 INFO: Epoch 377, Train Loss: 0.10025652537517475, Test Loss: 0.10392822259489227, Inverse Test Loss: 2.2122583249036003 
2025-05-09 14:26:05,250 INFO: Epoch 378, Train Loss: 0.10018908300183037, Test Loss: 0.10431984395665281, Inverse Test Loss: 2.212319212801316 
2025-05-09 14:26:09,203 INFO: Epoch 379, Train Loss: 0.10082092881202698, Test Loss: 0.10478136250201393, Inverse Test Loss: 2.2336036177242504 
2025-05-09 14:26:12,960 INFO: Epoch 380, Train Loss: 0.09921034555317777, Test Loss: 0.10568784440264982, Inverse Test Loss: 2.2241293682771572 
2025-05-09 14:26:16,744 INFO: Epoch 381, Train Loss: 0.09918080146114032, Test Loss: 0.1049300467266756, Inverse Test Loss: 2.2328553199768066 
2025-05-09 14:26:20,657 INFO: Epoch 382, Train Loss: 0.09911683958136674, Test Loss: 0.10458344023893862, Inverse Test Loss: 2.209785580635071 
2025-05-09 14:26:24,551 INFO: Epoch 383, Train Loss: 0.09939242408356884, Test Loss: 0.10554701330907204, Inverse Test Loss: 2.2938854343750896 
2025-05-09 14:26:28,468 INFO: Epoch 384, Train Loss: 0.10097951837109798, Test Loss: 0.10603153026279281, Inverse Test Loss: 2.237400643965777 
2025-05-09 14:26:32,278 INFO: Epoch 385, Train Loss: 0.09800677390938456, Test Loss: 0.10416425457772087, Inverse Test Loss: 2.214140632573296 
2025-05-09 14:26:36,244 INFO: Epoch 386, Train Loss: 0.0979289873644258, Test Loss: 0.10675282447653658, Inverse Test Loss: 2.2434142687741447 
2025-05-09 14:26:40,242 INFO: Epoch 387, Train Loss: 0.09936359705347003, Test Loss: 0.10553855076432228, Inverse Test Loss: 2.2399094174889957 
2025-05-09 14:26:43,981 INFO: Epoch 388, Train Loss: 0.10125582191077145, Test Loss: 0.10448090556789846, Inverse Test Loss: 2.2219771287020516 
2025-05-09 14:26:47,739 INFO: Epoch 389, Train Loss: 0.09766811414649992, Test Loss: 0.1047105421038235, Inverse Test Loss: 2.243256653056425 
2025-05-09 14:26:51,648 INFO: Epoch 390, Train Loss: 0.09833823838694529, Test Loss: 0.1042956790941603, Inverse Test Loss: 2.234219992862028 
2025-05-09 14:26:55,529 INFO: Epoch 391, Train Loss: 0.09946770796721632, Test Loss: 0.10436108050977483, Inverse Test Loss: 2.1989838305641625 
2025-05-09 14:26:59,475 INFO: Epoch 392, Train Loss: 0.09679032190505302, Test Loss: 0.10422903386985555, Inverse Test Loss: 2.23576624954448 
2025-05-09 14:27:03,334 INFO: Epoch 393, Train Loss: 0.09784697131677107, Test Loss: 0.10428530810510411, Inverse Test Loss: 2.2100009707843555 
2025-05-09 14:27:07,281 INFO: Epoch 394, Train Loss: 0.09891285041742252, Test Loss: 0.10400103536598823, Inverse Test Loss: 2.2108942761140713 
2025-05-09 14:27:11,188 INFO: Epoch 395, Train Loss: 0.09838159704072909, Test Loss: 0.10509139124084921, Inverse Test Loss: 2.2078120287726906 
2025-05-09 14:27:15,104 INFO: Epoch 396, Train Loss: 0.09732529362945845, Test Loss: 0.10427221436710919, Inverse Test Loss: 2.1938864764045265 
2025-05-09 14:27:18,955 INFO: Epoch 397, Train Loss: 0.09764157941169811, Test Loss: 0.10356092102387372, Inverse Test Loss: 2.22778978768517 
2025-05-09 14:27:22,946 INFO: Epoch 398, Train Loss: 0.09833687882531773, Test Loss: 0.10487435714286916, Inverse Test Loss: 2.2046813123366413 
2025-05-09 14:27:26,810 INFO: Epoch 399, Train Loss: 0.09760802030337579, Test Loss: 0.10303336798268206, Inverse Test Loss: 2.195173228488249 
2025-05-09 14:27:30,904 INFO: Epoch 400, Train Loss: 0.0990048824160388, Test Loss: 0.103502478231402, Inverse Test Loss: 2.2149899076013004 
2025-05-09 14:27:30,904 INFO: Best Epoch 399, Best Test Loss: 0.10303336798268206, Inverse Test Loss: 2.195173228488249 
