2024-12-26 15:15:57,547 INFO: namespace(depth=3, name='KAN') 
2024-12-26 15:15:57,547 INFO: Dataset:Scm 
2024-12-26 15:15:57,547 INFO: ------Begin Training Model------ 
2024-12-26 15:15:59,561 INFO: Epoch 1, Train Loss: 0.9399902119971159, Test Loss: 0.8174087683359782 
2024-12-26 15:15:59,781 INFO: Epoch 2, Train Loss: 0.7197827404005486, Test Loss: 0.6421703596909841 
2024-12-26 15:16:00,006 INFO: Epoch 3, Train Loss: 0.588444333327444, Test Loss: 0.5235633333524068 
2024-12-26 15:16:00,227 INFO: Epoch 4, Train Loss: 0.4986513382510135, Test Loss: 0.454737385114034 
2024-12-26 15:16:00,447 INFO: Epoch 5, Train Loss: 0.4636446854524445, Test Loss: 0.4112032771110535 
2024-12-26 15:16:00,669 INFO: Epoch 6, Train Loss: 0.423357987090161, Test Loss: 0.3858095755179723 
2024-12-26 15:16:00,895 INFO: Epoch 7, Train Loss: 0.3992023772576399, Test Loss: 0.36689077168703077 
2024-12-26 15:16:01,115 INFO: Epoch 8, Train Loss: 0.3835137591027377, Test Loss: 0.35333423217137655 
2024-12-26 15:16:01,337 INFO: Epoch 9, Train Loss: 0.3768672341840309, Test Loss: 0.34209391872088113 
2024-12-26 15:16:01,560 INFO: Epoch 10, Train Loss: 0.36938184970303584, Test Loss: 0.332369431356589 
2024-12-26 15:16:01,779 INFO: Epoch 11, Train Loss: 0.3509138176838557, Test Loss: 0.32222833583752314 
2024-12-26 15:16:02,008 INFO: Epoch 12, Train Loss: 0.3407985213817212, Test Loss: 0.31357736016313237 
2024-12-26 15:16:02,256 INFO: Epoch 13, Train Loss: 0.3316030989874873, Test Loss: 0.3051440517107646 
2024-12-26 15:16:02,478 INFO: Epoch 14, Train Loss: 0.32407963119055094, Test Loss: 0.29776064480344455 
2024-12-26 15:16:02,700 INFO: Epoch 15, Train Loss: 0.3139305470282571, Test Loss: 0.29047444021950164 
2024-12-26 15:16:02,922 INFO: Epoch 16, Train Loss: 0.3056535735203509, Test Loss: 0.2838639259338379 
2024-12-26 15:16:03,144 INFO: Epoch 17, Train Loss: 0.3044463043150149, Test Loss: 0.2783627390861511 
2024-12-26 15:16:03,368 INFO: Epoch 18, Train Loss: 0.29932490331039097, Test Loss: 0.2724125710626443 
2024-12-26 15:16:03,588 INFO: Epoch 19, Train Loss: 0.2842162996530533, Test Loss: 0.26677951365709307 
2024-12-26 15:16:03,809 INFO: Epoch 20, Train Loss: 0.2803851094162255, Test Loss: 0.26281160016854604 
2024-12-26 15:16:04,031 INFO: Epoch 21, Train Loss: 0.2753767752856539, Test Loss: 0.25841498871644336 
2024-12-26 15:16:04,258 INFO: Epoch 22, Train Loss: 0.2705621860529247, Test Loss: 0.25494827032089235 
2024-12-26 15:16:04,484 INFO: Epoch 23, Train Loss: 0.2597994368458003, Test Loss: 0.25210126837094626 
2024-12-26 15:16:04,708 INFO: Epoch 24, Train Loss: 0.2602751971336833, Test Loss: 0.2484905978043874 
2024-12-26 15:16:04,930 INFO: Epoch 25, Train Loss: 0.25350832468584966, Test Loss: 0.24539590378602347 
2024-12-26 15:16:05,155 INFO: Epoch 26, Train Loss: 0.25042981850473506, Test Loss: 0.24261841972668965 
2024-12-26 15:16:05,384 INFO: Epoch 27, Train Loss: 0.2440696439722128, Test Loss: 0.23983660638332366 
2024-12-26 15:16:05,608 INFO: Epoch 28, Train Loss: 0.2580532334875642, Test Loss: 0.2375599980354309 
2024-12-26 15:16:05,827 INFO: Epoch 29, Train Loss: 0.2354651054269389, Test Loss: 0.23470904032389323 
2024-12-26 15:16:06,051 INFO: Epoch 30, Train Loss: 0.22997648465005974, Test Loss: 0.23220467269420625 
2024-12-26 15:16:06,272 INFO: Epoch 31, Train Loss: 0.22753644904546572, Test Loss: 0.22898594538370767 
2024-12-26 15:16:06,506 INFO: Epoch 32, Train Loss: 0.22537531690639362, Test Loss: 0.22848943173885344 
2024-12-26 15:16:06,730 INFO: Epoch 33, Train Loss: 0.22559758262676105, Test Loss: 0.2250702917575836 
2024-12-26 15:16:06,956 INFO: Epoch 34, Train Loss: 0.21679738660653433, Test Loss: 0.22251814703146616 
2024-12-26 15:16:07,178 INFO: Epoch 35, Train Loss: 0.21456762128754667, Test Loss: 0.22001797954241434 
2024-12-26 15:16:07,400 INFO: Epoch 36, Train Loss: 0.20835571252463156, Test Loss: 0.21635726888974507 
2024-12-26 15:16:07,625 INFO: Epoch 37, Train Loss: 0.20466903035055128, Test Loss: 0.21398577988147735 
2024-12-26 15:16:07,843 INFO: Epoch 38, Train Loss: 0.20105302908964323, Test Loss: 0.2116214007139206 
2024-12-26 15:16:08,067 INFO: Epoch 39, Train Loss: 0.19715628446194164, Test Loss: 0.20932749062776565 
2024-12-26 15:16:08,289 INFO: Epoch 40, Train Loss: 0.19609333391775163, Test Loss: 0.2066175252199173 
2024-12-26 15:16:08,517 INFO: Epoch 41, Train Loss: 0.19078257693010464, Test Loss: 0.20505523234605788 
2024-12-26 15:16:08,739 INFO: Epoch 42, Train Loss: 0.1872749674999923, Test Loss: 0.201042906443278 
2024-12-26 15:16:08,975 INFO: Epoch 43, Train Loss: 0.18687916821555087, Test Loss: 0.1993514875570933 
2024-12-26 15:16:09,204 INFO: Epoch 44, Train Loss: 0.17933477507087223, Test Loss: 0.19551310787598292 
2024-12-26 15:16:09,497 INFO: Epoch 45, Train Loss: 0.17578980686110363, Test Loss: 0.19301893065373102 
2024-12-26 15:16:09,723 INFO: Epoch 46, Train Loss: 0.17240911797342592, Test Loss: 0.19123254468043646 
2024-12-26 15:16:09,944 INFO: Epoch 47, Train Loss: 0.17140741267225199, Test Loss: 0.18873605380455652 
2024-12-26 15:16:10,185 INFO: Epoch 48, Train Loss: 0.16894010650484184, Test Loss: 0.18648133277893067 
2024-12-26 15:16:10,434 INFO: Epoch 49, Train Loss: 0.16315184899589472, Test Loss: 0.18242224107186 
2024-12-26 15:16:10,655 INFO: Epoch 50, Train Loss: 0.15914556086716944, Test Loss: 0.18072127252817155 
2024-12-26 15:16:10,879 INFO: Epoch 51, Train Loss: 0.15703417687562474, Test Loss: 0.17740199317534763 
2024-12-26 15:16:11,126 INFO: Epoch 52, Train Loss: 0.15517107135894007, Test Loss: 0.17476783841848373 
2024-12-26 15:16:11,363 INFO: Epoch 53, Train Loss: 0.15008833684157907, Test Loss: 0.17211755414803823 
2024-12-26 15:16:11,643 INFO: Epoch 54, Train Loss: 0.1483508663480742, Test Loss: 0.1692096864183744 
2024-12-26 15:16:11,881 INFO: Epoch 55, Train Loss: 0.14634365248575545, Test Loss: 0.1676764617363612 
2024-12-26 15:16:12,107 INFO: Epoch 56, Train Loss: 0.14223192043994604, Test Loss: 0.16564753651618958 
2024-12-26 15:16:12,337 INFO: Epoch 57, Train Loss: 0.1408811394582715, Test Loss: 0.16097778528928758 
2024-12-26 15:16:12,565 INFO: Epoch 58, Train Loss: 0.136623203885137, Test Loss: 0.1612736999988556 
2024-12-26 15:16:12,789 INFO: Epoch 59, Train Loss: 0.1328632109390016, Test Loss: 0.15660914729038874 
2024-12-26 15:16:13,012 INFO: Epoch 60, Train Loss: 0.13055459939335523, Test Loss: 0.15503483961025874 
2024-12-26 15:16:13,234 INFO: Epoch 61, Train Loss: 0.13142940702668407, Test Loss: 0.15349531968434652 
2024-12-26 15:16:13,462 INFO: Epoch 62, Train Loss: 0.1261126412764976, Test Loss: 0.1499778926372528 
2024-12-26 15:16:13,683 INFO: Epoch 63, Train Loss: 0.12712110670512183, Test Loss: 0.14942341297864914 
2024-12-26 15:16:13,905 INFO: Epoch 64, Train Loss: 0.12673651165606684, Test Loss: 0.14483659714460373 
2024-12-26 15:16:14,131 INFO: Epoch 65, Train Loss: 0.1220403343700526, Test Loss: 0.14295500367879868 
2024-12-26 15:16:14,355 INFO: Epoch 66, Train Loss: 0.11749328829740223, Test Loss: 0.14163280775149664 
2024-12-26 15:16:14,576 INFO: Epoch 67, Train Loss: 0.11337537753085296, Test Loss: 0.13998382091522216 
2024-12-26 15:16:14,799 INFO: Epoch 68, Train Loss: 0.11201025244959614, Test Loss: 0.13751459618409476 
2024-12-26 15:16:15,021 INFO: Epoch 69, Train Loss: 0.10944241461785216, Test Loss: 0.13658292045195897 
2024-12-26 15:16:15,246 INFO: Epoch 70, Train Loss: 0.10829711352524005, Test Loss: 0.13530878176291783 
2024-12-26 15:16:15,471 INFO: Epoch 71, Train Loss: 0.10553625709654992, Test Loss: 0.1331332618991534 
2024-12-26 15:16:15,695 INFO: Epoch 72, Train Loss: 0.10433829392780337, Test Loss: 0.13107904940843582 
2024-12-26 15:16:15,916 INFO: Epoch 73, Train Loss: 0.10294380385363311, Test Loss: 0.12960495352745055 
2024-12-26 15:16:16,139 INFO: Epoch 74, Train Loss: 0.1026164014219192, Test Loss: 0.12847564468781153 
2024-12-26 15:16:16,358 INFO: Epoch 75, Train Loss: 0.09831019307960544, Test Loss: 0.12812501937150955 
2024-12-26 15:16:16,580 INFO: Epoch 76, Train Loss: 0.09657873840708482, Test Loss: 0.12708858797947567 
2024-12-26 15:16:16,802 INFO: Epoch 77, Train Loss: 0.09451932352232306, Test Loss: 0.12434360881646474 
2024-12-26 15:16:17,025 INFO: Epoch 78, Train Loss: 0.09435736930422615, Test Loss: 0.12274215271075567 
2024-12-26 15:16:17,248 INFO: Epoch 79, Train Loss: 0.09265959628841333, Test Loss: 0.12174273381630579 
2024-12-26 15:16:17,469 INFO: Epoch 80, Train Loss: 0.09089438800226178, Test Loss: 0.12058712591727574 
2024-12-26 15:16:17,693 INFO: Epoch 81, Train Loss: 0.0893080319490349, Test Loss: 0.11989931960900625 
2024-12-26 15:16:17,911 INFO: Epoch 82, Train Loss: 0.08756576736637375, Test Loss: 0.11887789765993755 
2024-12-26 15:16:18,137 INFO: Epoch 83, Train Loss: 0.08711899085003033, Test Loss: 0.11803385838866234 
2024-12-26 15:16:18,362 INFO: Epoch 84, Train Loss: 0.08509439138466851, Test Loss: 0.11794474422931671 
2024-12-26 15:16:18,580 INFO: Epoch 85, Train Loss: 0.0838938996587929, Test Loss: 0.11592656845847765 
2024-12-26 15:16:18,818 INFO: Epoch 86, Train Loss: 0.08272220579939976, Test Loss: 0.11460060278574626 
2024-12-26 15:16:19,036 INFO: Epoch 87, Train Loss: 0.08260252418225272, Test Loss: 0.11423522333304087 
2024-12-26 15:16:19,254 INFO: Epoch 88, Train Loss: 0.08089367123810869, Test Loss: 0.11286771421631177 
2024-12-26 15:16:19,474 INFO: Epoch 89, Train Loss: 0.07916893025762156, Test Loss: 0.11167237162590027 
2024-12-26 15:16:19,694 INFO: Epoch 90, Train Loss: 0.07755828661876812, Test Loss: 0.11093369101484617 
2024-12-26 15:16:19,914 INFO: Epoch 91, Train Loss: 0.07747745638092358, Test Loss: 0.11050649434328079 
2024-12-26 15:16:20,135 INFO: Epoch 92, Train Loss: 0.07539418475342947, Test Loss: 0.1096500833829244 
2024-12-26 15:16:20,355 INFO: Epoch 93, Train Loss: 0.0739554813164368, Test Loss: 0.10917990754048029 
2024-12-26 15:16:20,576 INFO: Epoch 94, Train Loss: 0.07299855215834421, Test Loss: 0.10890126302838325 
2024-12-26 15:16:20,797 INFO: Epoch 95, Train Loss: 0.07263815873547604, Test Loss: 0.10849821989734967 
2024-12-26 15:16:21,014 INFO: Epoch 96, Train Loss: 0.07170845790390383, Test Loss: 0.10716416152815024 
2024-12-26 15:16:21,255 INFO: Epoch 97, Train Loss: 0.07018678971942056, Test Loss: 0.10700084380805493 
2024-12-26 15:16:21,477 INFO: Epoch 98, Train Loss: 0.06956287375406216, Test Loss: 0.10688952406247457 
2024-12-26 15:16:21,698 INFO: Epoch 99, Train Loss: 0.07003052218964226, Test Loss: 0.10602788229783376 
2024-12-26 15:16:21,918 INFO: Epoch 100, Train Loss: 0.06833532929681894, Test Loss: 0.10516343961159388 
2024-12-26 15:16:22,138 INFO: Epoch 101, Train Loss: 0.06681951717065092, Test Loss: 0.10491961948573589 
2024-12-26 15:16:22,357 INFO: Epoch 102, Train Loss: 0.06605694831855465, Test Loss: 0.10364068280905485 
2024-12-26 15:16:22,579 INFO: Epoch 103, Train Loss: 0.06493761547301945, Test Loss: 0.10340779970089595 
2024-12-26 15:16:22,800 INFO: Epoch 104, Train Loss: 0.06422021334762112, Test Loss: 0.10267920549958945 
2024-12-26 15:16:23,019 INFO: Epoch 105, Train Loss: 0.06336163003977976, Test Loss: 0.10238225727031629 
2024-12-26 15:16:23,240 INFO: Epoch 106, Train Loss: 0.06281454420011294, Test Loss: 0.10217539084454377 
2024-12-26 15:16:23,467 INFO: Epoch 107, Train Loss: 0.062261307514027545, Test Loss: 0.10176274726788202 
2024-12-26 15:16:23,689 INFO: Epoch 108, Train Loss: 0.06193567551018899, Test Loss: 0.10099839363247157 
2024-12-26 15:16:23,906 INFO: Epoch 109, Train Loss: 0.06062281543486997, Test Loss: 0.10131449401378631 
2024-12-26 15:16:24,125 INFO: Epoch 110, Train Loss: 0.06130609488147393, Test Loss: 0.10047334063177307 
2024-12-26 15:16:24,346 INFO: Epoch 111, Train Loss: 0.059924701065347905, Test Loss: 0.10074091566105683 
2024-12-26 15:16:24,568 INFO: Epoch 112, Train Loss: 0.05939145275113875, Test Loss: 0.10039029897501071 
2024-12-26 15:16:24,790 INFO: Epoch 113, Train Loss: 0.05784458709521252, Test Loss: 0.10084383866439263 
2024-12-26 15:16:25,010 INFO: Epoch 114, Train Loss: 0.05791698742592544, Test Loss: 0.099636699197193 
2024-12-26 15:16:25,232 INFO: Epoch 115, Train Loss: 0.056668570886055626, Test Loss: 0.09861723106975356 
2024-12-26 15:16:25,455 INFO: Epoch 116, Train Loss: 0.05573155982583238, Test Loss: 0.09899862557649612 
2024-12-26 15:16:25,675 INFO: Epoch 117, Train Loss: 0.05647426595290502, Test Loss: 0.09874796215444803 
2024-12-26 15:16:25,894 INFO: Epoch 118, Train Loss: 0.054798985717066546, Test Loss: 0.09874047835667928 
2024-12-26 15:16:26,115 INFO: Epoch 119, Train Loss: 0.05479151686947597, Test Loss: 0.09774790505568186 
2024-12-26 15:16:26,335 INFO: Epoch 120, Train Loss: 0.057042234005373824, Test Loss: 0.09725622093925873 
2024-12-26 15:16:26,556 INFO: Epoch 121, Train Loss: 0.053196618235424944, Test Loss: 0.09735536010315021 
2024-12-26 15:16:26,776 INFO: Epoch 122, Train Loss: 0.05434763313908326, Test Loss: 0.09740968017528455 
2024-12-26 15:16:27,004 INFO: Epoch 123, Train Loss: 0.051991406288978304, Test Loss: 0.0976164059403042 
2024-12-26 15:16:27,227 INFO: Epoch 124, Train Loss: 0.052081001759098286, Test Loss: 0.09695605710148811 
2024-12-26 15:16:27,446 INFO: Epoch 125, Train Loss: 0.05167658287182189, Test Loss: 0.09665119424462318 
2024-12-26 15:16:27,670 INFO: Epoch 126, Train Loss: 0.05023841589297119, Test Loss: 0.09649059077103933 
2024-12-26 15:16:27,911 INFO: Epoch 127, Train Loss: 0.049540973309296785, Test Loss: 0.09607421451558669 
2024-12-26 15:16:28,133 INFO: Epoch 128, Train Loss: 0.05046940467467433, Test Loss: 0.09617208403845628 
2024-12-26 15:16:28,354 INFO: Epoch 129, Train Loss: 0.04926512534158271, Test Loss: 0.09634210836763184 
2024-12-26 15:16:28,582 INFO: Epoch 130, Train Loss: 0.048529379135161116, Test Loss: 0.09577085822820663 
2024-12-26 15:16:28,806 INFO: Epoch 131, Train Loss: 0.04839782227288213, Test Loss: 0.0955786706879735 
2024-12-26 15:16:29,031 INFO: Epoch 132, Train Loss: 0.04776431394642905, Test Loss: 0.09504871536046267 
2024-12-26 15:16:29,250 INFO: Epoch 133, Train Loss: 0.04782922229353796, Test Loss: 0.09513951127106944 
2024-12-26 15:16:29,467 INFO: Epoch 134, Train Loss: 0.04678460733409513, Test Loss: 0.09512908887118102 
2024-12-26 15:16:29,691 INFO: Epoch 135, Train Loss: 0.04622219493122477, Test Loss: 0.0946273839722077 
2024-12-26 15:16:29,914 INFO: Epoch 136, Train Loss: 0.045643041923380735, Test Loss: 0.09466126527016362 
2024-12-26 15:16:30,133 INFO: Epoch 137, Train Loss: 0.04605996595662937, Test Loss: 0.09460147166003784 
2024-12-26 15:16:30,353 INFO: Epoch 138, Train Loss: 0.046076760839736254, Test Loss: 0.09438115659480294 
2024-12-26 15:16:30,571 INFO: Epoch 139, Train Loss: 0.04491589192235679, Test Loss: 0.09366334276273847 
2024-12-26 15:16:30,793 INFO: Epoch 140, Train Loss: 0.0439861864341717, Test Loss: 0.09381755649422606 
2024-12-26 15:16:31,013 INFO: Epoch 141, Train Loss: 0.04449871486346973, Test Loss: 0.0935665411564211 
2024-12-26 15:16:31,250 INFO: Epoch 142, Train Loss: 0.04306293301807161, Test Loss: 0.09369855988770723 
2024-12-26 15:16:31,471 INFO: Epoch 143, Train Loss: 0.043188563531689476, Test Loss: 0.09359611151739955 
2024-12-26 15:16:31,694 INFO: Epoch 144, Train Loss: 0.04219875393206613, Test Loss: 0.09313106701398889 
2024-12-26 15:16:31,915 INFO: Epoch 145, Train Loss: 0.042327071033548894, Test Loss: 0.09326392669851581 
2024-12-26 15:16:32,133 INFO: Epoch 146, Train Loss: 0.04149982980207393, Test Loss: 0.09327016367266576 
2024-12-26 15:16:32,353 INFO: Epoch 147, Train Loss: 0.04111223004496934, Test Loss: 0.093805107443283 
2024-12-26 15:16:32,570 INFO: Epoch 148, Train Loss: 0.04064593916726217, Test Loss: 0.0926332337471346 
2024-12-26 15:16:32,793 INFO: Epoch 149, Train Loss: 0.0403218552993055, Test Loss: 0.09248568695038557 
2024-12-26 15:16:33,013 INFO: Epoch 150, Train Loss: 0.041459219497546815, Test Loss: 0.09285854250192642 
2024-12-26 15:16:33,240 INFO: Epoch 151, Train Loss: 0.03961345720055856, Test Loss: 0.09259926260759434 
2024-12-26 15:16:33,460 INFO: Epoch 152, Train Loss: 0.0397273249793471, Test Loss: 0.09252816680818796 
2024-12-26 15:16:33,687 INFO: Epoch 153, Train Loss: 0.03909417297364327, Test Loss: 0.09208531118929386 
2024-12-26 15:16:33,910 INFO: Epoch 154, Train Loss: 0.038512131133884714, Test Loss: 0.09205206017941236 
2024-12-26 15:16:34,129 INFO: Epoch 155, Train Loss: 0.03798458589600366, Test Loss: 0.09210756818453471 
2024-12-26 15:16:34,348 INFO: Epoch 156, Train Loss: 0.03791482030953232, Test Loss: 0.09206872526556253 
2024-12-26 15:16:34,568 INFO: Epoch 157, Train Loss: 0.03711795618169402, Test Loss: 0.09194612173984448 
2024-12-26 15:16:34,790 INFO: Epoch 158, Train Loss: 0.040882741248137074, Test Loss: 0.09220923961450657 
2024-12-26 15:16:35,010 INFO: Epoch 159, Train Loss: 0.03918719834141564, Test Loss: 0.09163391478359699 
2024-12-26 15:16:35,232 INFO: Epoch 160, Train Loss: 0.03689490082232576, Test Loss: 0.09124339679256081 
2024-12-26 15:16:35,454 INFO: Epoch 161, Train Loss: 0.036275268385284824, Test Loss: 0.09146020667006573 
2024-12-26 15:16:35,675 INFO: Epoch 162, Train Loss: 0.035608391702305855, Test Loss: 0.09143106397241355 
2024-12-26 15:16:35,898 INFO: Epoch 163, Train Loss: 0.035439790634993924, Test Loss: 0.091358342487365 
2024-12-26 15:16:36,121 INFO: Epoch 164, Train Loss: 0.035343906597087256, Test Loss: 0.0911598249959449 
2024-12-26 15:16:36,343 INFO: Epoch 165, Train Loss: 0.03569758886046577, Test Loss: 0.09151199112335841 
2024-12-26 15:16:36,562 INFO: Epoch 166, Train Loss: 0.03637747411011604, Test Loss: 0.09123604812969764 
2024-12-26 15:16:36,785 INFO: Epoch 167, Train Loss: 0.03445156813974966, Test Loss: 0.09111059879263242 
2024-12-26 15:16:37,002 INFO: Epoch 168, Train Loss: 0.03359776672400665, Test Loss: 0.09128893443072836 
2024-12-26 15:16:37,222 INFO: Epoch 169, Train Loss: 0.03355481112866025, Test Loss: 0.09108373963584503 
2024-12-26 15:16:37,462 INFO: Epoch 170, Train Loss: 0.03424523640097233, Test Loss: 0.09106265865266323 
2024-12-26 15:16:37,684 INFO: Epoch 171, Train Loss: 0.03303965589587103, Test Loss: 0.09036162458360195 
2024-12-26 15:16:37,901 INFO: Epoch 172, Train Loss: 0.03413373584810056, Test Loss: 0.09056010494629542 
2024-12-26 15:16:38,121 INFO: Epoch 173, Train Loss: 0.03294312450708004, Test Loss: 0.09194117629279693 
2024-12-26 15:16:38,346 INFO: Epoch 174, Train Loss: 0.032218783276907186, Test Loss: 0.09116898992409309 
2024-12-26 15:16:38,568 INFO: Epoch 175, Train Loss: 0.03201320388338022, Test Loss: 0.0911454493800799 
2024-12-26 15:16:38,797 INFO: Epoch 176, Train Loss: 0.03153653678141142, Test Loss: 0.09056151534120242 
2024-12-26 15:16:39,018 INFO: Epoch 177, Train Loss: 0.030913790230426872, Test Loss: 0.09095976874232292 
2024-12-26 15:16:39,238 INFO: Epoch 178, Train Loss: 0.03280000960487023, Test Loss: 0.09094183631241322 
2024-12-26 15:16:39,461 INFO: Epoch 179, Train Loss: 0.03166274419217779, Test Loss: 0.09122385395069917 
2024-12-26 15:16:39,680 INFO: Epoch 180, Train Loss: 0.030650648043343897, Test Loss: 0.09118860475718975 
2024-12-26 15:16:39,904 INFO: Epoch 181, Train Loss: 0.030293188646043603, Test Loss: 0.09101107666889827 
2024-12-26 15:16:40,121 INFO: Epoch 182, Train Loss: 0.02969846568936319, Test Loss: 0.09112210273742676 
2024-12-26 15:16:40,341 INFO: Epoch 183, Train Loss: 0.02913843359177311, Test Loss: 0.09069144353270531 
2024-12-26 15:16:40,579 INFO: Epoch 184, Train Loss: 0.029923575097008756, Test Loss: 0.09064746300379435 
2024-12-26 15:16:40,800 INFO: Epoch 185, Train Loss: 0.028997807698160932, Test Loss: 0.09065092920015255 
2024-12-26 15:16:41,019 INFO: Epoch 186, Train Loss: 0.028419970894199714, Test Loss: 0.09060271140187978 
2024-12-26 15:16:41,241 INFO: Epoch 187, Train Loss: 0.028179920000726718, Test Loss: 0.09040561867877842 
2024-12-26 15:16:41,459 INFO: Epoch 188, Train Loss: 0.02790946627787331, Test Loss: 0.09010940957814455 
2024-12-26 15:16:41,679 INFO: Epoch 189, Train Loss: 0.02758501324671925, Test Loss: 0.09011988081037998 
2024-12-26 15:16:41,899 INFO: Epoch 190, Train Loss: 0.02745396640609231, Test Loss: 0.09005355061963201 
2024-12-26 15:16:42,118 INFO: Epoch 191, Train Loss: 0.027163609388496792, Test Loss: 0.09029884530852238 
2024-12-26 15:16:42,337 INFO: Epoch 192, Train Loss: 0.026646387820507874, Test Loss: 0.09016147901614507 
2024-12-26 15:16:42,562 INFO: Epoch 193, Train Loss: 0.02640619064811944, Test Loss: 0.09012026886145273 
2024-12-26 15:16:42,786 INFO: Epoch 194, Train Loss: 0.0263759346776887, Test Loss: 0.09015643578022718 
2024-12-26 15:16:43,004 INFO: Epoch 195, Train Loss: 0.026357775684772877, Test Loss: 0.08980188487718503 
2024-12-26 15:16:43,227 INFO: Epoch 196, Train Loss: 0.026341086874405544, Test Loss: 0.09003471030543247 
2024-12-26 15:16:43,449 INFO: Epoch 197, Train Loss: 0.025755050265344612, Test Loss: 0.09008702548841635 
2024-12-26 15:16:43,668 INFO: Epoch 198, Train Loss: 0.0255345221968335, Test Loss: 0.09028746113181114 
2024-12-26 15:16:43,893 INFO: Epoch 199, Train Loss: 0.025349404581152556, Test Loss: 0.08977329848955075 
2024-12-26 15:16:44,112 INFO: Epoch 200, Train Loss: 0.02662896462961247, Test Loss: 0.08957144459709525 
2024-12-26 15:16:44,332 INFO: Epoch 201, Train Loss: 0.024666571250316082, Test Loss: 0.09010978173464537 
2024-12-26 15:16:44,551 INFO: Epoch 202, Train Loss: 0.02523920698124066, Test Loss: 0.08941127201542258 
2024-12-26 15:16:44,774 INFO: Epoch 203, Train Loss: 0.024694016987555904, Test Loss: 0.08950019100060065 
2024-12-26 15:16:44,993 INFO: Epoch 204, Train Loss: 0.023824883657589294, Test Loss: 0.0896931907782952 
2024-12-26 15:16:45,215 INFO: Epoch 205, Train Loss: 0.024048758670687675, Test Loss: 0.08937258167813221 
2024-12-26 15:16:45,435 INFO: Epoch 206, Train Loss: 0.023307775008377798, Test Loss: 0.08963266797363759 
2024-12-26 15:16:45,657 INFO: Epoch 207, Train Loss: 0.023451123500994424, Test Loss: 0.08930313571666677 
2024-12-26 15:16:45,879 INFO: Epoch 208, Train Loss: 0.023291291472943204, Test Loss: 0.08940140387664239 
2024-12-26 15:16:46,117 INFO: Epoch 209, Train Loss: 0.02274594297469185, Test Loss: 0.08956119799986481 
2024-12-26 15:16:46,337 INFO: Epoch 210, Train Loss: 0.022760289198343168, Test Loss: 0.08969891580442588 
2024-12-26 15:16:46,558 INFO: Epoch 211, Train Loss: 0.022296375382626264, Test Loss: 0.08942199194182952 
2024-12-26 15:16:46,779 INFO: Epoch 212, Train Loss: 0.022036892541667873, Test Loss: 0.08966789816816648 
2024-12-26 15:16:47,001 INFO: Epoch 213, Train Loss: 0.02189989147805854, Test Loss: 0.0898639431844155 
2024-12-26 15:16:47,224 INFO: Epoch 214, Train Loss: 0.022027486445088135, Test Loss: 0.08957696923365195 
2024-12-26 15:16:47,445 INFO: Epoch 215, Train Loss: 0.02631805126408213, Test Loss: 0.09041013016055027 
2024-12-26 15:16:47,666 INFO: Epoch 216, Train Loss: 0.022408033704809975, Test Loss: 0.09052990066508453 
2024-12-26 15:16:47,889 INFO: Epoch 217, Train Loss: 0.02132398017535084, Test Loss: 0.09028489279250304 
2024-12-26 15:16:48,110 INFO: Epoch 218, Train Loss: 0.020888493821155606, Test Loss: 0.08999007176607847 
2024-12-26 15:16:48,329 INFO: Epoch 219, Train Loss: 0.020501104461257916, Test Loss: 0.08996239950259527 
2024-12-26 15:16:48,550 INFO: Epoch 220, Train Loss: 0.02033573616165341, Test Loss: 0.0899589940905571 
2024-12-26 15:16:48,773 INFO: Epoch 221, Train Loss: 0.020464245654773294, Test Loss: 0.08986500247071187 
2024-12-26 15:16:48,997 INFO: Epoch 222, Train Loss: 0.02058763009610406, Test Loss: 0.08988103549927473 
2024-12-26 15:16:49,220 INFO: Epoch 223, Train Loss: 0.02008878215820643, Test Loss: 0.09005515227715175 
2024-12-26 15:16:49,458 INFO: Epoch 224, Train Loss: 0.01999182267147198, Test Loss: 0.09025778329620758 
2024-12-26 15:16:49,679 INFO: Epoch 225, Train Loss: 0.01939654884565818, Test Loss: 0.09059137962758541 
2024-12-26 15:16:49,904 INFO: Epoch 226, Train Loss: 0.0191160589946728, Test Loss: 0.09044833394388357 
2024-12-26 15:16:50,128 INFO: Epoch 227, Train Loss: 0.01916221583164052, Test Loss: 0.08996385900924603 
2024-12-26 15:16:50,352 INFO: Epoch 228, Train Loss: 0.01910483253825652, Test Loss: 0.09004270639270544 
2024-12-26 15:16:50,575 INFO: Epoch 229, Train Loss: 0.020090824793697448, Test Loss: 0.09021469081441562 
2024-12-26 15:16:50,796 INFO: Epoch 230, Train Loss: 0.01896793073402685, Test Loss: 0.09103358344485363 
2024-12-26 15:16:51,020 INFO: Epoch 231, Train Loss: 0.018104431807602708, Test Loss: 0.09010111552973589 
2024-12-26 15:16:51,244 INFO: Epoch 232, Train Loss: 0.017878828063737928, Test Loss: 0.09026527162641287 
2024-12-26 15:16:51,466 INFO: Epoch 233, Train Loss: 0.01794339015491699, Test Loss: 0.09031866031388441 
2024-12-26 15:16:51,686 INFO: Epoch 234, Train Loss: 0.017678820364700074, Test Loss: 0.09062866009771824 
2024-12-26 15:16:51,907 INFO: Epoch 235, Train Loss: 0.01733530699193739, Test Loss: 0.09049163119246563 
2024-12-26 15:16:52,128 INFO: Epoch 236, Train Loss: 0.017858374569761127, Test Loss: 0.09005093034356833 
2024-12-26 15:16:52,347 INFO: Epoch 237, Train Loss: 0.017370679677186304, Test Loss: 0.09064326404283445 
2024-12-26 15:16:52,568 INFO: Epoch 238, Train Loss: 0.01690511483895151, Test Loss: 0.09064809617896875 
2024-12-26 15:16:52,791 INFO: Epoch 239, Train Loss: 0.01654725918023471, Test Loss: 0.0906113941843311 
2024-12-26 15:16:53,013 INFO: Epoch 240, Train Loss: 0.01652893561281656, Test Loss: 0.09058803661415975 
2024-12-26 15:16:53,233 INFO: Epoch 241, Train Loss: 0.016690771601963462, Test Loss: 0.09055520153294007 
2024-12-26 15:16:53,473 INFO: Epoch 242, Train Loss: 0.016380110265393006, Test Loss: 0.09047902102271715 
2024-12-26 15:16:53,696 INFO: Epoch 243, Train Loss: 0.016084705871578894, Test Loss: 0.09079931403199831 
2024-12-26 15:16:53,915 INFO: Epoch 244, Train Loss: 0.015944296592160276, Test Loss: 0.09096995666623116 
2024-12-26 15:16:54,140 INFO: Epoch 245, Train Loss: 0.01583973664725036, Test Loss: 0.0906414296478033 
2024-12-26 15:16:54,362 INFO: Epoch 246, Train Loss: 0.015961443989031147, Test Loss: 0.09116897645095984 
2024-12-26 15:16:54,584 INFO: Epoch 247, Train Loss: 0.015444930487622818, Test Loss: 0.09063581340014934 
2024-12-26 15:16:54,806 INFO: Epoch 248, Train Loss: 0.015070692064207896, Test Loss: 0.09054977235694726 
2024-12-26 15:16:55,026 INFO: Epoch 249, Train Loss: 0.014949533189728595, Test Loss: 0.09051631887753804 
2024-12-26 15:16:55,246 INFO: Epoch 250, Train Loss: 0.01477642803403892, Test Loss: 0.09077387514213721 
2024-12-26 15:16:55,469 INFO: Epoch 251, Train Loss: 0.014601245710397498, Test Loss: 0.09090464090307554 
2024-12-26 15:16:55,693 INFO: Epoch 252, Train Loss: 0.014327473268566425, Test Loss: 0.09092574566602707 
2024-12-26 15:16:55,912 INFO: Epoch 253, Train Loss: 0.01432912097426883, Test Loss: 0.09085884317755699 
2024-12-26 15:16:56,135 INFO: Epoch 254, Train Loss: 0.014220606421300193, Test Loss: 0.09147449061274529 
2024-12-26 15:16:56,357 INFO: Epoch 255, Train Loss: 0.014078705048744092, Test Loss: 0.09107342592130105 
2024-12-26 15:16:56,579 INFO: Epoch 256, Train Loss: 0.0139004198932334, Test Loss: 0.09131293321649234 
2024-12-26 15:16:56,796 INFO: Epoch 257, Train Loss: 0.013647479160378376, Test Loss: 0.09109483944873015 
2024-12-26 15:16:57,016 INFO: Epoch 258, Train Loss: 0.013508221510340247, Test Loss: 0.0912618895371755 
2024-12-26 15:16:57,252 INFO: Epoch 259, Train Loss: 0.01319989969283996, Test Loss: 0.09134027535716692 
2024-12-26 15:16:57,475 INFO: Epoch 260, Train Loss: 0.01320518852260552, Test Loss: 0.09140048560996851 
2024-12-26 15:16:57,694 INFO: Epoch 261, Train Loss: 0.01310387881178605, Test Loss: 0.09133020627001921 
2024-12-26 15:16:57,915 INFO: Epoch 262, Train Loss: 0.012898410057747051, Test Loss: 0.09182008542120457 
2024-12-26 15:16:58,142 INFO: Epoch 263, Train Loss: 0.013464109236864667, Test Loss: 0.091402338941892 
2024-12-26 15:16:58,366 INFO: Epoch 264, Train Loss: 0.013183581332365671, Test Loss: 0.09185103562970956 
2024-12-26 15:16:58,594 INFO: Epoch 265, Train Loss: 0.012821391437268048, Test Loss: 0.09158614203333855 
2024-12-26 15:16:58,814 INFO: Epoch 266, Train Loss: 0.012341146095933621, Test Loss: 0.0915795107682546 
2024-12-26 15:16:59,036 INFO: Epoch 267, Train Loss: 0.012080331488202015, Test Loss: 0.09189777510861556 
2024-12-26 15:16:59,259 INFO: Epoch 268, Train Loss: 0.01205587831505558, Test Loss: 0.09235451382895311 
2024-12-26 15:16:59,483 INFO: Epoch 269, Train Loss: 0.011948651389071816, Test Loss: 0.09241022032996019 
2024-12-26 15:16:59,702 INFO: Epoch 270, Train Loss: 0.011937738126633983, Test Loss: 0.09252132065594196 
2024-12-26 15:16:59,921 INFO: Epoch 271, Train Loss: 0.011618965908398917, Test Loss: 0.09215387366712094 
2024-12-26 15:17:00,148 INFO: Epoch 272, Train Loss: 0.01130946591422942, Test Loss: 0.09238233727713425 
2024-12-26 15:17:00,376 INFO: Epoch 273, Train Loss: 0.011155451362004928, Test Loss: 0.09226978197693825 
2024-12-26 15:17:00,598 INFO: Epoch 274, Train Loss: 0.01120212505849307, Test Loss: 0.09224055372178555 
2024-12-26 15:17:00,823 INFO: Epoch 275, Train Loss: 0.011044095989251346, Test Loss: 0.09260037864247958 
2024-12-26 15:17:01,042 INFO: Epoch 276, Train Loss: 0.01082518538092508, Test Loss: 0.09291449872155984 
2024-12-26 15:17:01,264 INFO: Epoch 277, Train Loss: 0.010849504968510908, Test Loss: 0.0930584143847227 
2024-12-26 15:17:01,488 INFO: Epoch 278, Train Loss: 0.010645499068982246, Test Loss: 0.09284550038476785 
2024-12-26 15:17:01,708 INFO: Epoch 279, Train Loss: 0.010514780780986735, Test Loss: 0.09265334866940975 
2024-12-26 15:17:01,930 INFO: Epoch 280, Train Loss: 0.010324902660948666, Test Loss: 0.0924511656165123 
2024-12-26 15:17:02,155 INFO: Epoch 281, Train Loss: 0.01022597626178411, Test Loss: 0.09274503588676453 
2024-12-26 15:17:02,377 INFO: Epoch 282, Train Loss: 0.010169825941454946, Test Loss: 0.09285188814004262 
2024-12-26 15:17:02,602 INFO: Epoch 283, Train Loss: 0.009991522951933899, Test Loss: 0.09308178660770257 
2024-12-26 15:17:02,823 INFO: Epoch 284, Train Loss: 0.009931477023648065, Test Loss: 0.09305007432897885 
2024-12-26 15:17:03,050 INFO: Epoch 285, Train Loss: 0.009818887787364554, Test Loss: 0.09324791356921196 
2024-12-26 15:17:03,276 INFO: Epoch 286, Train Loss: 0.009753173380567316, Test Loss: 0.093081916620334 
2024-12-26 15:17:03,498 INFO: Epoch 287, Train Loss: 0.009654280790863069, Test Loss: 0.09348518537978331 
2024-12-26 15:17:03,716 INFO: Epoch 288, Train Loss: 0.009447515084359207, Test Loss: 0.09312321792046228 
2024-12-26 15:17:03,936 INFO: Epoch 289, Train Loss: 0.009359984331878653, Test Loss: 0.09321537067492804 
2024-12-26 15:17:04,160 INFO: Epoch 290, Train Loss: 0.009235950391086047, Test Loss: 0.09346093982458115 
2024-12-26 15:17:04,381 INFO: Epoch 291, Train Loss: 0.009053876558155344, Test Loss: 0.09343667142093182 
2024-12-26 15:17:04,604 INFO: Epoch 292, Train Loss: 0.008933418814354298, Test Loss: 0.09382295707861582 
2024-12-26 15:17:04,823 INFO: Epoch 293, Train Loss: 0.008998445447599679, Test Loss: 0.0939119121680657 
2024-12-26 15:17:05,046 INFO: Epoch 294, Train Loss: 0.008752449507530975, Test Loss: 0.09365757231911023 
2024-12-26 15:17:05,266 INFO: Epoch 295, Train Loss: 0.008582305886145485, Test Loss: 0.09369574574132761 
2024-12-26 15:17:05,489 INFO: Epoch 296, Train Loss: 0.008622038872553068, Test Loss: 0.09381910550097625 
2024-12-26 15:17:05,713 INFO: Epoch 297, Train Loss: 0.00878833304567818, Test Loss: 0.09357018160323302 
2024-12-26 15:17:05,935 INFO: Epoch 298, Train Loss: 0.008910071039408968, Test Loss: 0.09391215778887271 
2024-12-26 15:17:06,157 INFO: Epoch 299, Train Loss: 0.008325115373162063, Test Loss: 0.09425937210520109 
2024-12-26 15:17:06,378 INFO: Epoch 300, Train Loss: 0.008079660406924392, Test Loss: 0.09410067436595758 
2024-12-26 15:17:06,598 INFO: Epoch 301, Train Loss: 0.007852715807721802, Test Loss: 0.09440294603506724 
2024-12-26 15:17:06,820 INFO: Epoch 302, Train Loss: 0.007879795988596845, Test Loss: 0.0943489237378041 
2024-12-26 15:17:07,043 INFO: Epoch 303, Train Loss: 0.007999909353409811, Test Loss: 0.09470525681972504 
2024-12-26 15:17:07,264 INFO: Epoch 304, Train Loss: 0.007673400294917978, Test Loss: 0.09454394442339738 
2024-12-26 15:17:07,488 INFO: Epoch 305, Train Loss: 0.007536749911020722, Test Loss: 0.09416029701630274 
2024-12-26 15:17:07,708 INFO: Epoch 306, Train Loss: 0.007344200663889448, Test Loss: 0.09456598324080308 
2024-12-26 15:17:07,931 INFO: Epoch 307, Train Loss: 0.0073172968501846, Test Loss: 0.09511584043502808 
2024-12-26 15:17:08,154 INFO: Epoch 308, Train Loss: 0.007325982103091583, Test Loss: 0.09443214287360509 
2024-12-26 15:17:08,394 INFO: Epoch 309, Train Loss: 0.007307079212184538, Test Loss: 0.095390085875988 
2024-12-26 15:17:08,615 INFO: Epoch 310, Train Loss: 0.007091175013205461, Test Loss: 0.09482619302968184 
2024-12-26 15:17:08,855 INFO: Epoch 311, Train Loss: 0.007040963859477064, Test Loss: 0.09516114766399066 
2024-12-26 15:17:09,079 INFO: Epoch 312, Train Loss: 0.006996558578848316, Test Loss: 0.09468271893759568 
2024-12-26 15:17:09,302 INFO: Epoch 313, Train Loss: 0.007053635761207133, Test Loss: 0.09517693345745405 
2024-12-26 15:17:09,526 INFO: Epoch 314, Train Loss: 0.0069872146684741765, Test Loss: 0.09501203993956248 
2024-12-26 15:17:09,750 INFO: Epoch 315, Train Loss: 0.006657508994338282, Test Loss: 0.09534656256437302 
2024-12-26 15:17:09,972 INFO: Epoch 316, Train Loss: 0.006507579979625645, Test Loss: 0.09532087743282318 
2024-12-26 15:17:10,194 INFO: Epoch 317, Train Loss: 0.006520135646783992, Test Loss: 0.09494322712222734 
2024-12-26 15:17:10,414 INFO: Epoch 318, Train Loss: 0.006427263064930837, Test Loss: 0.0951997542132934 
2024-12-26 15:17:10,636 INFO: Epoch 319, Train Loss: 0.006261201215940609, Test Loss: 0.09528410471975804 
2024-12-26 15:17:10,857 INFO: Epoch 320, Train Loss: 0.006123249651864171, Test Loss: 0.09575316930810611 
2024-12-26 15:17:11,080 INFO: Epoch 321, Train Loss: 0.006061541950003358, Test Loss: 0.09558531145254771 
2024-12-26 15:17:11,298 INFO: Epoch 322, Train Loss: 0.006098616365833502, Test Loss: 0.09578877861301104 
2024-12-26 15:17:11,521 INFO: Epoch 323, Train Loss: 0.006012498736054751, Test Loss: 0.09557169576485952 
2024-12-26 15:17:11,744 INFO: Epoch 324, Train Loss: 0.005922229854357347, Test Loss: 0.09584014154970646 
2024-12-26 15:17:11,966 INFO: Epoch 325, Train Loss: 0.005973279059521462, Test Loss: 0.09594469703733921 
2024-12-26 15:17:12,190 INFO: Epoch 326, Train Loss: 0.005785757320393857, Test Loss: 0.09614307706554731 
2024-12-26 15:17:12,415 INFO: Epoch 327, Train Loss: 0.005620370545473538, Test Loss: 0.09564423536260923 
2024-12-26 15:17:12,637 INFO: Epoch 328, Train Loss: 0.005680595912660162, Test Loss: 0.09612195740143457 
2024-12-26 15:17:12,859 INFO: Epoch 329, Train Loss: 0.005646286160570749, Test Loss: 0.09603240502377351 
2024-12-26 15:17:13,081 INFO: Epoch 330, Train Loss: 0.005423562550149335, Test Loss: 0.09655375964939594 
2024-12-26 15:17:13,303 INFO: Epoch 331, Train Loss: 0.005333403207100274, Test Loss: 0.09647340327501297 
2024-12-26 15:17:13,524 INFO: Epoch 332, Train Loss: 0.00534676969165734, Test Loss: 0.09659946672618389 
2024-12-26 15:17:13,746 INFO: Epoch 333, Train Loss: 0.005243723762728143, Test Loss: 0.09641665096084277 
2024-12-26 15:17:13,966 INFO: Epoch 334, Train Loss: 0.0051136809593197285, Test Loss: 0.096548181027174 
2024-12-26 15:17:14,186 INFO: Epoch 335, Train Loss: 0.005021594076727827, Test Loss: 0.09693599057694276 
2024-12-26 15:17:14,404 INFO: Epoch 336, Train Loss: 0.004965790841787678, Test Loss: 0.09683428034186363 
2024-12-26 15:17:14,630 INFO: Epoch 337, Train Loss: 0.006030980203496783, Test Loss: 0.09713659125069778 
2024-12-26 15:17:14,853 INFO: Epoch 338, Train Loss: 0.007113665526144598, Test Loss: 0.09951493541399638 
2024-12-26 15:17:15,077 INFO: Epoch 339, Train Loss: 0.005074806964809173, Test Loss: 0.09815816779931387 
2024-12-26 15:17:15,296 INFO: Epoch 340, Train Loss: 0.004795885358920745, Test Loss: 0.09802412738402684 
2024-12-26 15:17:15,518 INFO: Epoch 341, Train Loss: 0.004669788910337446, Test Loss: 0.09764108310143153 
2024-12-26 15:17:15,743 INFO: Epoch 342, Train Loss: 0.0045843307386364855, Test Loss: 0.09723657915989557 
2024-12-26 15:17:15,967 INFO: Epoch 343, Train Loss: 0.00472021826314168, Test Loss: 0.0972137858470281 
2024-12-26 15:17:16,192 INFO: Epoch 344, Train Loss: 0.004666595560449518, Test Loss: 0.0977864014605681 
2024-12-26 15:17:16,419 INFO: Epoch 345, Train Loss: 0.0045527321972737185, Test Loss: 0.09794245014588038 
2024-12-26 15:17:16,641 INFO: Epoch 346, Train Loss: 0.004492620181847821, Test Loss: 0.09783649233480295 
2024-12-26 15:17:16,863 INFO: Epoch 347, Train Loss: 0.004277170145590054, Test Loss: 0.09785833371182283 
2024-12-26 15:17:17,083 INFO: Epoch 348, Train Loss: 0.004276886978595142, Test Loss: 0.09748689110080401 
2024-12-26 15:17:17,306 INFO: Epoch 349, Train Loss: 0.004158987618754046, Test Loss: 0.09808187894523143 
2024-12-26 15:17:17,527 INFO: Epoch 350, Train Loss: 0.00408935028111987, Test Loss: 0.09763563560942809 
2024-12-26 15:17:17,750 INFO: Epoch 351, Train Loss: 0.0040917941573353715, Test Loss: 0.09815036604801813 
2024-12-26 15:17:17,971 INFO: Epoch 352, Train Loss: 0.004067572107407869, Test Loss: 0.09777370244264602 
2024-12-26 15:17:18,195 INFO: Epoch 353, Train Loss: 0.003972662923236688, Test Loss: 0.09821321529646715 
2024-12-26 15:17:18,415 INFO: Epoch 354, Train Loss: 0.003922270077868904, Test Loss: 0.09806281328201294 
2024-12-26 15:17:18,638 INFO: Epoch 355, Train Loss: 0.003958016311292324, Test Loss: 0.0980902669330438 
2024-12-26 15:17:18,857 INFO: Epoch 356, Train Loss: 0.003967810544724527, Test Loss: 0.09809562067190807 
2024-12-26 15:17:19,078 INFO: Epoch 357, Train Loss: 0.0038197015150727934, Test Loss: 0.0983711265027523 
2024-12-26 15:17:19,303 INFO: Epoch 358, Train Loss: 0.0037042383163791606, Test Loss: 0.09819895041485628 
2024-12-26 15:17:19,527 INFO: Epoch 359, Train Loss: 0.004005310987530832, Test Loss: 0.09859417751431465 
2024-12-26 15:17:19,751 INFO: Epoch 360, Train Loss: 0.003867605839970342, Test Loss: 0.09847309576968352 
2024-12-26 15:17:19,973 INFO: Epoch 361, Train Loss: 0.0035610780601896216, Test Loss: 0.09837958266337712 
2024-12-26 15:17:20,197 INFO: Epoch 362, Train Loss: 0.003425688211185237, Test Loss: 0.09857801695664724 
2024-12-26 15:17:20,417 INFO: Epoch 363, Train Loss: 0.00335881333459136, Test Loss: 0.09840384125709534 
2024-12-26 15:17:20,637 INFO: Epoch 364, Train Loss: 0.0034466107424936795, Test Loss: 0.09888261159261068 
2024-12-26 15:17:20,860 INFO: Epoch 365, Train Loss: 0.0034157516038568134, Test Loss: 0.09856245766083399 
2024-12-26 15:17:21,081 INFO: Epoch 366, Train Loss: 0.00331452921269821, Test Loss: 0.09898149694005648 
2024-12-26 15:17:21,305 INFO: Epoch 367, Train Loss: 0.003213594498607052, Test Loss: 0.0990093283355236 
2024-12-26 15:17:21,528 INFO: Epoch 368, Train Loss: 0.0031516160958920394, Test Loss: 0.09877979891995589 
2024-12-26 15:17:21,747 INFO: Epoch 369, Train Loss: 0.003249691468418429, Test Loss: 0.0993078000843525 
2024-12-26 15:17:21,968 INFO: Epoch 370, Train Loss: 0.0033339345705156263, Test Loss: 0.09953161105513572 
2024-12-26 15:17:22,189 INFO: Epoch 371, Train Loss: 0.0031660367702052257, Test Loss: 0.09930931106209755 
2024-12-26 15:17:22,409 INFO: Epoch 372, Train Loss: 0.003049739056446573, Test Loss: 0.0991421852260828 
2024-12-26 15:17:22,632 INFO: Epoch 373, Train Loss: 0.002972830015463395, Test Loss: 0.09909461798767248 
2024-12-26 15:17:22,856 INFO: Epoch 374, Train Loss: 0.002896718583845844, Test Loss: 0.09918129394451777 
2024-12-26 15:17:23,076 INFO: Epoch 375, Train Loss: 0.00286301479086672, Test Loss: 0.09959168707331022 
2024-12-26 15:17:23,302 INFO: Epoch 376, Train Loss: 0.0028956519774765823, Test Loss: 0.09974412694573402 
2024-12-26 15:17:23,524 INFO: Epoch 377, Train Loss: 0.002898828028456161, Test Loss: 0.09986068966488043 
2024-12-26 15:17:23,749 INFO: Epoch 378, Train Loss: 0.0028720767841788762, Test Loss: 0.09968257298072179 
2024-12-26 15:17:23,968 INFO: Epoch 379, Train Loss: 0.002859802926857874, Test Loss: 0.09949648417532445 
2024-12-26 15:17:24,193 INFO: Epoch 380, Train Loss: 0.002794924020571144, Test Loss: 0.09994845117131869 
2024-12-26 15:17:24,412 INFO: Epoch 381, Train Loss: 0.0027025760980649736, Test Loss: 0.09971452156702677 
2024-12-26 15:17:24,638 INFO: Epoch 382, Train Loss: 0.002618103027711377, Test Loss: 0.09970229702691237 
2024-12-26 15:17:24,859 INFO: Epoch 383, Train Loss: 0.002620697905832346, Test Loss: 0.09989031590521336 
2024-12-26 15:17:25,077 INFO: Epoch 384, Train Loss: 0.0027198925504068796, Test Loss: 0.09970121259490648 
2024-12-26 15:17:25,300 INFO: Epoch 385, Train Loss: 0.002561763435471476, Test Loss: 0.09981461614370346 
2024-12-26 15:17:25,522 INFO: Epoch 386, Train Loss: 0.0026613546222889503, Test Loss: 0.09987691342830658 
2024-12-26 15:17:25,746 INFO: Epoch 387, Train Loss: 0.002504970030777418, Test Loss: 0.10016435782114665 
2024-12-26 15:17:25,967 INFO: Epoch 388, Train Loss: 0.0025794216352024754, Test Loss: 0.10059832483530044 
2024-12-26 15:17:26,189 INFO: Epoch 389, Train Loss: 0.002330662364680361, Test Loss: 0.10020389184355735 
2024-12-26 15:17:26,414 INFO: Epoch 390, Train Loss: 0.0023099209596566333, Test Loss: 0.10021842010319233 
2024-12-26 15:17:26,637 INFO: Epoch 391, Train Loss: 0.002355797888237264, Test Loss: 0.10047926132877667 
2024-12-26 15:17:26,860 INFO: Epoch 392, Train Loss: 0.0024545802979877122, Test Loss: 0.100310284892718 
2024-12-26 15:17:27,082 INFO: Epoch 393, Train Loss: 0.0023640021355005735, Test Loss: 0.10065302240351835 
2024-12-26 15:17:27,308 INFO: Epoch 394, Train Loss: 0.0023772242139992223, Test Loss: 0.10096125627557437 
2024-12-26 15:17:27,537 INFO: Epoch 395, Train Loss: 0.002301353579305374, Test Loss: 0.10070370969672998 
2024-12-26 15:17:27,765 INFO: Epoch 396, Train Loss: 0.002177304786368551, Test Loss: 0.10068928947051366 
2024-12-26 15:17:27,986 INFO: Epoch 397, Train Loss: 0.002148806464678624, Test Loss: 0.10120267321666082 
2024-12-26 15:17:28,208 INFO: Epoch 398, Train Loss: 0.0021580603048246224, Test Loss: 0.10150409539540609 
2024-12-26 15:17:28,432 INFO: Epoch 399, Train Loss: 0.002044289605692029, Test Loss: 0.1010906753440698 
2024-12-26 15:17:28,654 INFO: Epoch 400, Train Loss: 0.0020554955403336832, Test Loss: 0.10065422852834066 
2024-12-26 15:17:28,880 INFO: Epoch 401, Train Loss: 0.00201073552792271, Test Loss: 0.10108896245559057 
2024-12-26 15:17:29,108 INFO: Epoch 402, Train Loss: 0.0019606369738507886, Test Loss: 0.10072307822604974 
2024-12-26 15:17:29,335 INFO: Epoch 403, Train Loss: 0.0019134165057422298, Test Loss: 0.10108425493041674 
2024-12-26 15:17:29,564 INFO: Epoch 404, Train Loss: 0.0018589266002986971, Test Loss: 0.10102433040738105 
2024-12-26 15:17:29,792 INFO: Epoch 405, Train Loss: 0.0018403728264322701, Test Loss: 0.10124619702498118 
2024-12-26 15:17:30,018 INFO: Epoch 406, Train Loss: 0.001823966977545959, Test Loss: 0.10106500461697579 
2024-12-26 15:17:30,244 INFO: Epoch 407, Train Loss: 0.0018316670218809393, Test Loss: 0.10136376023292541 
2024-12-26 15:17:30,468 INFO: Epoch 408, Train Loss: 0.0018288341663336676, Test Loss: 0.10107087716460228 
2024-12-26 15:17:30,691 INFO: Epoch 409, Train Loss: 0.0018206926699923841, Test Loss: 0.10154342415432135 
2024-12-26 15:17:30,914 INFO: Epoch 410, Train Loss: 0.001759397209082779, Test Loss: 0.10123176177342733 
2024-12-26 15:17:31,138 INFO: Epoch 411, Train Loss: 0.0017299210303463042, Test Loss: 0.10134180722137293 
2024-12-26 15:17:31,359 INFO: Epoch 412, Train Loss: 0.001679480332154127, Test Loss: 0.10131180870036284 
2024-12-26 15:17:31,584 INFO: Epoch 413, Train Loss: 0.001661181049074226, Test Loss: 0.10126193538308144 
2024-12-26 15:17:31,839 INFO: Epoch 414, Train Loss: 0.0016187183036093127, Test Loss: 0.10153076934317748 
2024-12-26 15:17:32,121 INFO: Epoch 415, Train Loss: 0.001717558859749452, Test Loss: 0.10155541623632112 
2024-12-26 15:17:32,412 INFO: Epoch 416, Train Loss: 0.0015980126009437076, Test Loss: 0.10170852964123091 
2024-12-26 15:17:32,642 INFO: Epoch 417, Train Loss: 0.0015417230386989551, Test Loss: 0.1018047071993351 
2024-12-26 15:17:32,868 INFO: Epoch 418, Train Loss: 0.0015298742903069708, Test Loss: 0.10182588299115498 
2024-12-26 15:17:33,093 INFO: Epoch 419, Train Loss: 0.0015148269502740157, Test Loss: 0.10152158091465632 
2024-12-26 15:17:33,324 INFO: Epoch 420, Train Loss: 0.0014723236805334558, Test Loss: 0.10180693020423254 
2024-12-26 15:17:33,551 INFO: Epoch 421, Train Loss: 0.0015007423649525695, Test Loss: 0.10170363734165827 
2024-12-26 15:17:33,779 INFO: Epoch 422, Train Loss: 0.0016025406116488995, Test Loss: 0.10187269399563471 
2024-12-26 15:17:34,008 INFO: Epoch 423, Train Loss: 0.001593294929255519, Test Loss: 0.10222730313738188 
2024-12-26 15:17:34,234 INFO: Epoch 424, Train Loss: 0.001475809606633623, Test Loss: 0.10233185937007268 
2024-12-26 15:17:34,455 INFO: Epoch 425, Train Loss: 0.0013725505529069587, Test Loss: 0.10219474484523138 
2024-12-26 15:17:34,676 INFO: Epoch 426, Train Loss: 0.0013602592082686002, Test Loss: 0.10234836166103681 
2024-12-26 15:17:34,915 INFO: Epoch 427, Train Loss: 0.0013105871192620772, Test Loss: 0.10214490642150244 
2024-12-26 15:17:35,190 INFO: Epoch 428, Train Loss: 0.0012998327106368123, Test Loss: 0.10231894875566165 
2024-12-26 15:17:35,413 INFO: Epoch 429, Train Loss: 0.0013066728031589534, Test Loss: 0.10241750006874402 
2024-12-26 15:17:35,646 INFO: Epoch 430, Train Loss: 0.001336873570261033, Test Loss: 0.10235757281382879 
2024-12-26 15:17:35,872 INFO: Epoch 431, Train Loss: 0.0013503558165802244, Test Loss: 0.10236999715367953 
2024-12-26 15:17:36,098 INFO: Epoch 432, Train Loss: 0.0013169120305846853, Test Loss: 0.10293996731440226 
2024-12-26 15:17:36,326 INFO: Epoch 433, Train Loss: 0.001212987125638807, Test Loss: 0.10199232660233974 
2024-12-26 15:17:36,548 INFO: Epoch 434, Train Loss: 0.0012135001955341483, Test Loss: 0.10252819110949835 
2024-12-26 15:17:36,772 INFO: Epoch 435, Train Loss: 0.0012335056937381364, Test Loss: 0.10245099465052286 
2024-12-26 15:17:36,999 INFO: Epoch 436, Train Loss: 0.0012089414368873757, Test Loss: 0.10253570303320884 
2024-12-26 15:17:37,225 INFO: Epoch 437, Train Loss: 0.001160242877647346, Test Loss: 0.10307368785142898 
2024-12-26 15:17:37,447 INFO: Epoch 438, Train Loss: 0.0011249420484793454, Test Loss: 0.10268840243419011 
2024-12-26 15:17:37,669 INFO: Epoch 439, Train Loss: 0.001080810321135479, Test Loss: 0.10258960177501043 
2024-12-26 15:17:37,887 INFO: Epoch 440, Train Loss: 0.0011035048876676644, Test Loss: 0.10276990706721942 
2024-12-26 15:17:38,111 INFO: Epoch 441, Train Loss: 0.001152534917325778, Test Loss: 0.10289468591411909 
2024-12-26 15:17:38,334 INFO: Epoch 442, Train Loss: 0.0011407071081186203, Test Loss: 0.10291784505049388 
2024-12-26 15:17:38,560 INFO: Epoch 443, Train Loss: 0.0011901792880196712, Test Loss: 0.10282703551153342 
2024-12-26 15:17:38,785 INFO: Epoch 444, Train Loss: 0.0010233559367949503, Test Loss: 0.10291704485813777 
2024-12-26 15:17:39,010 INFO: Epoch 445, Train Loss: 0.001006647276083465, Test Loss: 0.1027596078813076 
2024-12-26 15:17:39,242 INFO: Epoch 446, Train Loss: 0.000985358286191497, Test Loss: 0.1027728425959746 
2024-12-26 15:17:39,465 INFO: Epoch 447, Train Loss: 0.0010008482525958435, Test Loss: 0.1028691495458285 
2024-12-26 15:17:39,689 INFO: Epoch 448, Train Loss: 0.0010117424871280316, Test Loss: 0.1034572514394919 
2024-12-26 15:17:39,917 INFO: Epoch 449, Train Loss: 0.000926852731489609, Test Loss: 0.10319967344403266 
2024-12-26 15:17:40,141 INFO: Epoch 450, Train Loss: 0.0008984323669625283, Test Loss: 0.10343788216511408 
2024-12-26 15:17:40,368 INFO: Epoch 451, Train Loss: 0.0009025448556425736, Test Loss: 0.10348057275017103 
2024-12-26 15:17:40,590 INFO: Epoch 452, Train Loss: 0.0008933751562660307, Test Loss: 0.1031096818546454 
2024-12-26 15:17:40,811 INFO: Epoch 453, Train Loss: 0.0008423494184267168, Test Loss: 0.1032102753718694 
2024-12-26 15:17:41,040 INFO: Epoch 454, Train Loss: 0.0008640526308833311, Test Loss: 0.10316120535135269 
2024-12-26 15:17:41,264 INFO: Epoch 455, Train Loss: 0.0008716548562229594, Test Loss: 0.10349131201704344 
2024-12-26 15:17:41,485 INFO: Epoch 456, Train Loss: 0.0008898485993676443, Test Loss: 0.10319835742314656 
2024-12-26 15:17:41,710 INFO: Epoch 457, Train Loss: 0.000839372577294789, Test Loss: 0.10359221026301384 
2024-12-26 15:17:41,936 INFO: Epoch 458, Train Loss: 0.0008050753712539741, Test Loss: 0.10332970867554346 
2024-12-26 15:17:42,163 INFO: Epoch 459, Train Loss: 0.0007997641612810344, Test Loss: 0.10350083708763122 
2024-12-26 15:17:42,394 INFO: Epoch 460, Train Loss: 0.0007588512531232514, Test Loss: 0.10316371644536654 
2024-12-26 15:17:42,631 INFO: Epoch 461, Train Loss: 0.0007412108154089207, Test Loss: 0.10367223372062047 
2024-12-26 15:17:42,909 INFO: Epoch 462, Train Loss: 0.0008017354514123055, Test Loss: 0.10401017144322396 
2024-12-26 15:17:43,187 INFO: Epoch 463, Train Loss: 0.000888801102216045, Test Loss: 0.10354882006843885 
2024-12-26 15:17:43,436 INFO: Epoch 464, Train Loss: 0.0007813518773458016, Test Loss: 0.10388922641674678 
2024-12-26 15:17:43,707 INFO: Epoch 465, Train Loss: 0.0007189797143566242, Test Loss: 0.10371557772159576 
2024-12-26 15:17:43,972 INFO: Epoch 466, Train Loss: 0.0007256480330078487, Test Loss: 0.10388339658578237 
2024-12-26 15:17:44,252 INFO: Epoch 467, Train Loss: 0.0007263123452982032, Test Loss: 0.10405724073449771 
2024-12-26 15:17:44,500 INFO: Epoch 468, Train Loss: 0.0006993182629996323, Test Loss: 0.10407582248250644 
2024-12-26 15:17:44,738 INFO: Epoch 469, Train Loss: 0.000652149130218548, Test Loss: 0.10398096640904744 
2024-12-26 15:17:44,993 INFO: Epoch 470, Train Loss: 0.0006529888274248183, Test Loss: 0.10382216349244118 
2024-12-26 15:17:45,240 INFO: Epoch 471, Train Loss: 0.0006319896569230446, Test Loss: 0.10372542093197505 
2024-12-26 15:17:45,475 INFO: Epoch 472, Train Loss: 0.0006315912622468252, Test Loss: 0.10378392611940702 
2024-12-26 15:17:45,703 INFO: Epoch 473, Train Loss: 0.000650633442044062, Test Loss: 0.10393648371100425 
2024-12-26 15:17:45,938 INFO: Epoch 474, Train Loss: 0.0006301764933915253, Test Loss: 0.10415786455074946 
2024-12-26 15:17:46,216 INFO: Epoch 475, Train Loss: 0.0006471581623293133, Test Loss: 0.10396639083822569 
2024-12-26 15:17:46,456 INFO: Epoch 476, Train Loss: 0.0006480026824742948, Test Loss: 0.10447766731182734 
2024-12-26 15:17:46,678 INFO: Epoch 477, Train Loss: 0.0006289651383555968, Test Loss: 0.10419015859564146 
2024-12-26 15:17:46,908 INFO: Epoch 478, Train Loss: 0.0007907897361611392, Test Loss: 0.10384894733627638 
2024-12-26 15:17:47,137 INFO: Epoch 479, Train Loss: 0.0006394909573269583, Test Loss: 0.10401322816809018 
2024-12-26 15:17:47,367 INFO: Epoch 480, Train Loss: 0.0006330170083521424, Test Loss: 0.10400855963428815 
2024-12-26 15:17:47,599 INFO: Epoch 481, Train Loss: 0.0005800734108657037, Test Loss: 0.1042322762310505 
2024-12-26 15:17:47,837 INFO: Epoch 482, Train Loss: 0.000565683890798889, Test Loss: 0.10404600501060486 
2024-12-26 15:17:48,122 INFO: Epoch 483, Train Loss: 0.0005250825850995617, Test Loss: 0.1043099748591582 
2024-12-26 15:17:48,396 INFO: Epoch 484, Train Loss: 0.0005336693736209877, Test Loss: 0.10433605884512266 
2024-12-26 15:17:48,658 INFO: Epoch 485, Train Loss: 0.0005097941856978363, Test Loss: 0.10448034703731537 
2024-12-26 15:17:48,915 INFO: Epoch 486, Train Loss: 0.0005479506967515734, Test Loss: 0.10430014406641325 
2024-12-26 15:17:49,176 INFO: Epoch 487, Train Loss: 0.000526732726333042, Test Loss: 0.10431648219625154 
2024-12-26 15:17:49,429 INFO: Epoch 488, Train Loss: 0.0006052606570352637, Test Loss: 0.10426162431637447 
2024-12-26 15:17:49,683 INFO: Epoch 489, Train Loss: 0.0004921443668488217, Test Loss: 0.1043346698085467 
2024-12-26 15:17:49,932 INFO: Epoch 490, Train Loss: 0.0004958337065130635, Test Loss: 0.10441561117768287 
2024-12-26 15:17:50,201 INFO: Epoch 491, Train Loss: 0.0005596365164117806, Test Loss: 0.10429426282644272 
2024-12-26 15:17:50,459 INFO: Epoch 492, Train Loss: 0.00048233226366471824, Test Loss: 0.10409754763046901 
2024-12-26 15:17:50,715 INFO: Epoch 493, Train Loss: 0.0005118514920723739, Test Loss: 0.10433915629982948 
2024-12-26 15:17:50,995 INFO: Epoch 494, Train Loss: 0.0004376986652731144, Test Loss: 0.10471580748756727 
2024-12-26 15:17:51,269 INFO: Epoch 495, Train Loss: 0.00042337767343014364, Test Loss: 0.10453483884533246 
2024-12-26 15:17:51,534 INFO: Epoch 496, Train Loss: 0.0004265324083430562, Test Loss: 0.1047304131090641 
2024-12-26 15:17:51,797 INFO: Epoch 497, Train Loss: 0.0004679166164000012, Test Loss: 0.10472894261280695 
2024-12-26 15:17:52,080 INFO: Epoch 498, Train Loss: 0.000472555970446321, Test Loss: 0.10447701166073481 
2024-12-26 15:17:52,331 INFO: Epoch 499, Train Loss: 0.0004149760394571594, Test Loss: 0.10493913392225901 
2024-12-26 15:17:52,587 INFO: Epoch 500, Train Loss: 0.00038827657344722466, Test Loss: 0.10465341160694758 
2024-12-26 15:17:52,842 INFO: Epoch 501, Train Loss: 0.0003835420374934186, Test Loss: 0.10466075067718823 
2024-12-26 15:17:53,093 INFO: Epoch 502, Train Loss: 0.00037046729254111517, Test Loss: 0.10479427923758824 
2024-12-26 15:17:53,352 INFO: Epoch 503, Train Loss: 0.0004458491141058243, Test Loss: 0.10411547720432282 
2024-12-26 15:17:53,616 INFO: Epoch 504, Train Loss: 0.0005332909610220476, Test Loss: 0.10474922706683477 
2024-12-26 15:17:53,881 INFO: Epoch 505, Train Loss: 0.00038555282956446736, Test Loss: 0.10471100707848867 
2024-12-26 15:17:54,146 INFO: Epoch 506, Train Loss: 0.0003641301353988973, Test Loss: 0.10454290807247162 
2024-12-26 15:17:54,409 INFO: Epoch 507, Train Loss: 0.0003364459894727221, Test Loss: 0.10496409436066946 
2024-12-26 15:17:54,712 INFO: Epoch 508, Train Loss: 0.00035582297648049954, Test Loss: 0.10483489781618119 
2024-12-26 15:17:54,999 INFO: Epoch 509, Train Loss: 0.00033389853897939536, Test Loss: 0.10493767261505127 
2024-12-26 15:17:55,284 INFO: Epoch 510, Train Loss: 0.0003281128850638899, Test Loss: 0.10475321486592293 
2024-12-26 15:17:55,574 INFO: Epoch 511, Train Loss: 0.0003407382837235274, Test Loss: 0.10509901915987332 
2024-12-26 15:17:55,849 INFO: Epoch 512, Train Loss: 0.0004103333112812323, Test Loss: 0.1048629770676295 
2024-12-26 15:17:56,142 INFO: Epoch 513, Train Loss: 0.0003541226713487209, Test Loss: 0.10476036593317986 
2024-12-26 15:17:56,426 INFO: Epoch 514, Train Loss: 0.00032912222607257337, Test Loss: 0.10481288135051728 
2024-12-26 15:17:56,686 INFO: Epoch 515, Train Loss: 0.0003113992756800399, Test Loss: 0.10525505195061366 
2024-12-26 15:17:56,953 INFO: Epoch 516, Train Loss: 0.00037054400206870284, Test Loss: 0.10484561398625374 
2024-12-26 15:17:57,225 INFO: Epoch 517, Train Loss: 0.0003370533765216048, Test Loss: 0.1049597183863322 
2024-12-26 15:17:57,482 INFO: Epoch 518, Train Loss: 0.000411810944155022, Test Loss: 0.10509909267226855 
2024-12-26 15:17:57,740 INFO: Epoch 519, Train Loss: 0.0004114466359360928, Test Loss: 0.10486628164847692 
2024-12-26 15:17:57,993 INFO: Epoch 520, Train Loss: 0.0003293120514666825, Test Loss: 0.10506544088323912 
2024-12-26 15:17:58,265 INFO: Epoch 521, Train Loss: 0.00030249546545204345, Test Loss: 0.10502788250645002 
2024-12-26 15:17:58,518 INFO: Epoch 522, Train Loss: 0.00029064990233388944, Test Loss: 0.10502789591749509 
2024-12-26 15:17:58,769 INFO: Epoch 523, Train Loss: 0.00026882738434084644, Test Loss: 0.1053187092145284 
2024-12-26 15:17:59,021 INFO: Epoch 524, Train Loss: 0.00031214763089736693, Test Loss: 0.10495191290974618 
2024-12-26 15:17:59,313 INFO: Epoch 525, Train Loss: 0.00030632558168451255, Test Loss: 0.10525453463196754 
2024-12-26 15:17:59,579 INFO: Epoch 526, Train Loss: 0.00029046276674642667, Test Loss: 0.10511612271269162 
2024-12-26 15:17:59,845 INFO: Epoch 527, Train Loss: 0.00025564863442508666, Test Loss: 0.10533184011777243 
2024-12-26 15:18:00,116 INFO: Epoch 528, Train Loss: 0.00027159197385404505, Test Loss: 0.105294797817866 
2024-12-26 15:18:00,524 INFO: Epoch 529, Train Loss: 0.0002365708652385429, Test Loss: 0.10499296436707178 
2024-12-26 15:18:00,813 INFO: Epoch 530, Train Loss: 0.0002675301413482725, Test Loss: 0.10506708944837252 
2024-12-26 15:18:01,087 INFO: Epoch 531, Train Loss: 0.000333740866616401, Test Loss: 0.10516219362616538 
2024-12-26 15:18:01,363 INFO: Epoch 532, Train Loss: 0.00024606672109496827, Test Loss: 0.10523265451192856 
2024-12-26 15:18:01,629 INFO: Epoch 533, Train Loss: 0.0003235728914947494, Test Loss: 0.10562967037161192 
2024-12-26 15:18:01,888 INFO: Epoch 534, Train Loss: 0.0010124304599390087, Test Loss: 0.10592108964920044 
2024-12-26 15:18:02,144 INFO: Epoch 535, Train Loss: 0.0005095757157521387, Test Loss: 0.10472155287861824 
2024-12-26 15:18:02,403 INFO: Epoch 536, Train Loss: 0.00034479099722056273, Test Loss: 0.10500087589025497 
2024-12-26 15:18:02,664 INFO: Epoch 537, Train Loss: 0.00024238417564335753, Test Loss: 0.10511026829481125 
2024-12-26 15:18:02,938 INFO: Epoch 538, Train Loss: 0.0002317798010935484, Test Loss: 0.10510748798648516 
2024-12-26 15:18:03,196 INFO: Epoch 539, Train Loss: 0.00020233567141858338, Test Loss: 0.10504228224356969 
2024-12-26 15:18:03,485 INFO: Epoch 540, Train Loss: 0.0001882343169933863, Test Loss: 0.1052260992427667 
2024-12-26 15:18:03,750 INFO: Epoch 541, Train Loss: 0.00018339217964686422, Test Loss: 0.10522093971570333 
2024-12-26 15:18:04,014 INFO: Epoch 542, Train Loss: 0.00020437442218647911, Test Loss: 0.10528423860669137 
2024-12-26 15:18:04,275 INFO: Epoch 543, Train Loss: 0.0001960597597134071, Test Loss: 0.10533228566249211 
2024-12-26 15:18:04,545 INFO: Epoch 544, Train Loss: 0.00018303480707497025, Test Loss: 0.1051369309425354 
2024-12-26 15:18:04,813 INFO: Epoch 545, Train Loss: 0.00018002396015952783, Test Loss: 0.10533633852998416 
2024-12-26 15:18:05,084 INFO: Epoch 546, Train Loss: 0.00019127879357639407, Test Loss: 0.10545760095119476 
2024-12-26 15:18:05,342 INFO: Epoch 547, Train Loss: 0.0001907391645210354, Test Loss: 0.10553571258982022 
2024-12-26 15:18:05,579 INFO: Epoch 548, Train Loss: 0.00020514770604725192, Test Loss: 0.10542180513342221 
2024-12-26 15:18:05,814 INFO: Epoch 549, Train Loss: 0.0001792314614520588, Test Loss: 0.10523355975747109 
2024-12-26 15:18:06,050 INFO: Epoch 550, Train Loss: 0.0001747072838202656, Test Loss: 0.10543218875924747 
2024-12-26 15:18:06,304 INFO: Epoch 551, Train Loss: 0.00016210137242492158, Test Loss: 0.10572406301895777 
2024-12-26 15:18:06,531 INFO: Epoch 552, Train Loss: 0.0002104873474628109, Test Loss: 0.10594735940297445 
2024-12-26 15:18:06,763 INFO: Epoch 553, Train Loss: 0.0002844085740211436, Test Loss: 0.10579457953572273 
2024-12-26 15:18:07,008 INFO: Epoch 554, Train Loss: 0.00022920494423791146, Test Loss: 0.10539276326696077 
2024-12-26 15:18:07,282 INFO: Epoch 555, Train Loss: 0.00017096089115448034, Test Loss: 0.10562498718500138 
2024-12-26 15:18:07,541 INFO: Epoch 556, Train Loss: 0.0001580008678853087, Test Loss: 0.10583065897226333 
2024-12-26 15:18:07,781 INFO: Epoch 557, Train Loss: 0.00017051304613440216, Test Loss: 0.10598469823598862 
2024-12-26 15:18:08,052 INFO: Epoch 558, Train Loss: 0.00016287594113045519, Test Loss: 0.1057107426226139 
2024-12-26 15:18:08,311 INFO: Epoch 559, Train Loss: 0.00015691511065310087, Test Loss: 0.10582320019602776 
2024-12-26 15:18:08,579 INFO: Epoch 560, Train Loss: 0.0001467236139241753, Test Loss: 0.10587719231843948 
2024-12-26 15:18:08,847 INFO: Epoch 561, Train Loss: 0.00015219762127870987, Test Loss: 0.10567043150464693 
2024-12-26 15:18:09,109 INFO: Epoch 562, Train Loss: 0.0001346126087459229, Test Loss: 0.10564735978841781 
2024-12-26 15:18:09,346 INFO: Epoch 563, Train Loss: 0.00014159694527686377, Test Loss: 0.10565579732259114 
2024-12-26 15:18:09,569 INFO: Epoch 564, Train Loss: 0.00013571618176667886, Test Loss: 0.10550904870033265 
2024-12-26 15:18:09,795 INFO: Epoch 565, Train Loss: 0.00012637630891775413, Test Loss: 0.10587253794074059 
2024-12-26 15:18:10,021 INFO: Epoch 566, Train Loss: 0.0001367043376759332, Test Loss: 0.10566410447160403 
2024-12-26 15:18:10,244 INFO: Epoch 567, Train Loss: 0.00022206258073677882, Test Loss: 0.10541669974724452 
2024-12-26 15:18:10,500 INFO: Epoch 568, Train Loss: 0.0001437048062175643, Test Loss: 0.10580186049143474 
2024-12-26 15:18:10,741 INFO: Epoch 569, Train Loss: 0.00017086526030764442, Test Loss: 0.10555348098278046 
2024-12-26 15:18:10,969 INFO: Epoch 570, Train Loss: 0.00020621774966824441, Test Loss: 0.10551433066527048 
2024-12-26 15:18:11,191 INFO: Epoch 571, Train Loss: 0.0001645707822733624, Test Loss: 0.10570989896853765 
2024-12-26 15:18:11,441 INFO: Epoch 572, Train Loss: 0.00015093785789264204, Test Loss: 0.10587070832649867 
2024-12-26 15:18:11,680 INFO: Epoch 573, Train Loss: 0.0001344653417043829, Test Loss: 0.10610411663850149 
2024-12-26 15:18:11,924 INFO: Epoch 574, Train Loss: 0.0003736353297554479, Test Loss: 0.10536693210403124 
2024-12-26 15:18:12,211 INFO: Epoch 575, Train Loss: 0.0005923627144064787, Test Loss: 0.10623084505399068 
2024-12-26 15:18:12,483 INFO: Epoch 576, Train Loss: 0.0002919756621020242, Test Loss: 0.10565685828526815 
2024-12-26 15:18:12,748 INFO: Epoch 577, Train Loss: 0.00016273954625240438, Test Loss: 0.10585534622271855 
2024-12-26 15:18:13,017 INFO: Epoch 578, Train Loss: 0.0001160850976399767, Test Loss: 0.10593628063797951 
2024-12-26 15:18:13,304 INFO: Epoch 579, Train Loss: 0.00010523419922193218, Test Loss: 0.10594765171408653 
2024-12-26 15:18:13,570 INFO: Epoch 580, Train Loss: 0.00010422803487081342, Test Loss: 0.10583508263031642 
2024-12-26 15:18:13,847 INFO: Epoch 581, Train Loss: 0.00010653622743312123, Test Loss: 0.10592322473724683 
2024-12-26 15:18:14,127 INFO: Epoch 582, Train Loss: 9.155200441774356e-05, Test Loss: 0.10585659841696421 
2024-12-26 15:18:14,405 INFO: Epoch 583, Train Loss: 0.00010282888277352118, Test Loss: 0.10581090102593103 
2024-12-26 15:18:14,661 INFO: Epoch 584, Train Loss: 0.00010690291016720023, Test Loss: 0.10585568795601527 
2024-12-26 15:18:14,923 INFO: Epoch 585, Train Loss: 0.00010122910310185449, Test Loss: 0.10613866771260898 
2024-12-26 15:18:15,193 INFO: Epoch 586, Train Loss: 0.00010417170147105168, Test Loss: 0.1059664768477281 
2024-12-26 15:18:15,445 INFO: Epoch 587, Train Loss: 9.900353886718094e-05, Test Loss: 0.10606844201683999 
2024-12-26 15:18:15,709 INFO: Epoch 588, Train Loss: 0.00010006392812213387, Test Loss: 0.10591070006291071 
2024-12-26 15:18:15,980 INFO: Epoch 589, Train Loss: 9.401248698531275e-05, Test Loss: 0.10605402539173762 
2024-12-26 15:18:16,254 INFO: Epoch 590, Train Loss: 9.807606792284722e-05, Test Loss: 0.10652747402588526 
2024-12-26 15:18:16,570 INFO: Epoch 591, Train Loss: 8.499694670542355e-05, Test Loss: 0.10629070152839025 
2024-12-26 15:18:16,869 INFO: Epoch 592, Train Loss: 0.00011161266420937241, Test Loss: 0.10584359193841616 
2024-12-26 15:18:17,143 INFO: Epoch 593, Train Loss: 8.910282409296518e-05, Test Loss: 0.10606520995497704 
2024-12-26 15:18:17,414 INFO: Epoch 594, Train Loss: 8.192028479626108e-05, Test Loss: 0.10608021517594655 
2024-12-26 15:18:17,674 INFO: Epoch 595, Train Loss: 9.177212472933573e-05, Test Loss: 0.10601830780506134 
2024-12-26 15:18:17,981 INFO: Epoch 596, Train Loss: 0.00011762360487696959, Test Loss: 0.10616992861032486 
2024-12-26 15:18:18,239 INFO: Epoch 597, Train Loss: 9.808005741337853e-05, Test Loss: 0.10619516422351201 
2024-12-26 15:18:18,496 INFO: Epoch 598, Train Loss: 0.00010336756338546637, Test Loss: 0.10611254970232646 
2024-12-26 15:18:18,765 INFO: Epoch 599, Train Loss: 8.092179658042529e-05, Test Loss: 0.10608140975236893 
2024-12-26 15:18:19,020 INFO: Epoch 600, Train Loss: 8.597499350128744e-05, Test Loss: 0.10622978160778682 
2024-12-26 15:18:19,273 INFO: Epoch 601, Train Loss: 0.00010377366944387751, Test Loss: 0.10589748372634251 
2024-12-26 15:18:19,521 INFO: Epoch 602, Train Loss: 0.0002625284432086342, Test Loss: 0.10606601561109225 
2024-12-26 15:18:19,777 INFO: Epoch 603, Train Loss: 0.0002042161046247521, Test Loss: 0.10609870254993439 
2024-12-26 15:18:20,037 INFO: Epoch 604, Train Loss: 0.00013203355889632613, Test Loss: 0.10613495608170827 
2024-12-26 15:18:20,291 INFO: Epoch 605, Train Loss: 0.00015915247467203524, Test Loss: 0.10629664584994317 
2024-12-26 15:18:20,545 INFO: Epoch 606, Train Loss: 0.00026383847695174873, Test Loss: 0.10618409514427185 
2024-12-26 15:18:20,807 INFO: Epoch 607, Train Loss: 0.00014635793578284057, Test Loss: 0.10634007180730502 
2024-12-26 15:18:21,074 INFO: Epoch 608, Train Loss: 8.789274560465281e-05, Test Loss: 0.10589556619524956 
2024-12-26 15:18:21,344 INFO: Epoch 609, Train Loss: 9.657559297793022e-05, Test Loss: 0.10643772954742113 
2024-12-26 15:18:21,606 INFO: Epoch 610, Train Loss: 6.731966539263612e-05, Test Loss: 0.10644405533870062 
2024-12-26 15:18:21,873 INFO: Epoch 611, Train Loss: 7.049140753735086e-05, Test Loss: 0.10607433319091797 
2024-12-26 15:18:22,134 INFO: Epoch 612, Train Loss: 5.988342506992794e-05, Test Loss: 0.10632303903500238 
2024-12-26 15:18:22,443 INFO: Epoch 613, Train Loss: 6.010134523405628e-05, Test Loss: 0.1063007819155852 
2024-12-26 15:18:22,726 INFO: Epoch 614, Train Loss: 8.030619178418674e-05, Test Loss: 0.10625927224755287 
2024-12-26 15:18:22,985 INFO: Epoch 615, Train Loss: 7.021621719391795e-05, Test Loss: 0.10646668622891108 
2024-12-26 15:18:23,250 INFO: Epoch 616, Train Loss: 5.937947590657706e-05, Test Loss: 0.10632947285970053 
2024-12-26 15:18:23,516 INFO: Epoch 617, Train Loss: 6.353336491309547e-05, Test Loss: 0.10609031443794568 
2024-12-26 15:18:23,780 INFO: Epoch 618, Train Loss: 6.205188663188254e-05, Test Loss: 0.10628485704461733 
2024-12-26 15:18:24,038 INFO: Epoch 619, Train Loss: 5.4867370700026585e-05, Test Loss: 0.10647368480761846 
2024-12-26 15:18:24,303 INFO: Epoch 620, Train Loss: 7.453500974837592e-05, Test Loss: 0.10654157226284346 
2024-12-26 15:18:24,571 INFO: Epoch 621, Train Loss: 7.495844444125204e-05, Test Loss: 0.10614021370808284 
2024-12-26 15:18:24,866 INFO: Epoch 622, Train Loss: 6.150559484172335e-05, Test Loss: 0.10647069339950879 
2024-12-26 15:18:25,130 INFO: Epoch 623, Train Loss: 6.03020235646175e-05, Test Loss: 0.10620371947685878 
2024-12-26 15:18:25,395 INFO: Epoch 624, Train Loss: 5.033348516965481e-05, Test Loss: 0.10640018085638682 
2024-12-26 15:18:25,657 INFO: Epoch 625, Train Loss: 5.072731999047264e-05, Test Loss: 0.10620255619287491 
2024-12-26 15:18:25,944 INFO: Epoch 626, Train Loss: 5.6367688094931576e-05, Test Loss: 0.10629501541455587 
2024-12-26 15:18:26,268 INFO: Epoch 627, Train Loss: 9.012165358861941e-05, Test Loss: 0.1060980126261711 
2024-12-26 15:18:26,554 INFO: Epoch 628, Train Loss: 6.821477656334887e-05, Test Loss: 0.10634230573972066 
2024-12-26 15:18:26,871 INFO: Epoch 629, Train Loss: 0.00010541133936688614, Test Loss: 0.10663755411903063 
2024-12-26 15:18:27,161 INFO: Epoch 630, Train Loss: 0.00022091036302490945, Test Loss: 0.10706254094839096 
2024-12-26 15:18:27,438 INFO: Epoch 631, Train Loss: 0.0002211932485551459, Test Loss: 0.10595163653294246 
2024-12-26 15:18:27,730 INFO: Epoch 632, Train Loss: 0.000148930764943974, Test Loss: 0.1066000131269296 
2024-12-26 15:18:28,001 INFO: Epoch 633, Train Loss: 0.0001229752976398327, Test Loss: 0.10661118750770887 
2024-12-26 15:18:28,298 INFO: Epoch 634, Train Loss: 9.645579363374661e-05, Test Loss: 0.10638330181439717 
2024-12-26 15:18:28,548 INFO: Epoch 635, Train Loss: 8.487714557416264e-05, Test Loss: 0.10638294517993926 
2024-12-26 15:18:28,808 INFO: Epoch 636, Train Loss: 6.797370224376209e-05, Test Loss: 0.10643364638090133 
2024-12-26 15:18:29,064 INFO: Epoch 637, Train Loss: 5.5012217655945406e-05, Test Loss: 0.1063431074221929 
2024-12-26 15:18:29,319 INFO: Epoch 638, Train Loss: 5.278948292311326e-05, Test Loss: 0.10623123124241829 
2024-12-26 15:18:29,572 INFO: Epoch 639, Train Loss: 4.787533480179774e-05, Test Loss: 0.10650542229413987 
2024-12-26 15:18:29,846 INFO: Epoch 640, Train Loss: 4.6415888439361497e-05, Test Loss: 0.10643423199653626 
2024-12-26 15:18:30,129 INFO: Epoch 641, Train Loss: 7.03477800063985e-05, Test Loss: 0.10674565782149632 
2024-12-26 15:18:30,401 INFO: Epoch 642, Train Loss: 0.00014358852473506296, Test Loss: 0.10670428524414698 
2024-12-26 15:18:30,656 INFO: Epoch 643, Train Loss: 0.00023592288517536138, Test Loss: 0.10654463618993759 
2024-12-26 15:18:30,953 INFO: Epoch 644, Train Loss: 0.00011903266133965205, Test Loss: 0.10652071684598922 
2024-12-26 15:18:31,242 INFO: Epoch 645, Train Loss: 7.985869001060022e-05, Test Loss: 0.10624005595842997 
2024-12-26 15:18:31,507 INFO: Epoch 646, Train Loss: 8.937267953195005e-05, Test Loss: 0.10658977677424748 
2024-12-26 15:18:31,777 INFO: Epoch 647, Train Loss: 6.360012507923927e-05, Test Loss: 0.10635620454947153 
2024-12-26 15:18:32,030 INFO: Epoch 648, Train Loss: 5.553145456360653e-05, Test Loss: 0.10645441760619481 
2024-12-26 15:18:32,322 INFO: Epoch 649, Train Loss: 4.8566109430874094e-05, Test Loss: 0.10655712659160296 
2024-12-26 15:18:32,574 INFO: Epoch 650, Train Loss: 5.131086491896815e-05, Test Loss: 0.10650876685976982 
2024-12-26 15:18:32,802 INFO: Epoch 651, Train Loss: 4.5069841195200165e-05, Test Loss: 0.10630764861901601 
2024-12-26 15:18:33,056 INFO: Epoch 652, Train Loss: 7.707909220730551e-05, Test Loss: 0.10690823495388031 
2024-12-26 15:18:33,331 INFO: Epoch 653, Train Loss: 0.00010672461218762277, Test Loss: 0.10627262219786644 
2024-12-26 15:18:33,559 INFO: Epoch 654, Train Loss: 6.140557289064306e-05, Test Loss: 0.10633241559068361 
2024-12-26 15:18:33,785 INFO: Epoch 655, Train Loss: 5.540909925210208e-05, Test Loss: 0.10630258272091547 
2024-12-26 15:18:34,013 INFO: Epoch 656, Train Loss: 7.347747552494024e-05, Test Loss: 0.10644494866331418 
2024-12-26 15:18:34,238 INFO: Epoch 657, Train Loss: 4.8434312798474965e-05, Test Loss: 0.10638934373855591 
2024-12-26 15:18:34,468 INFO: Epoch 658, Train Loss: 6.524772145080773e-05, Test Loss: 0.1063821037610372 
2024-12-26 15:18:34,763 INFO: Epoch 659, Train Loss: 5.0440490731648823e-05, Test Loss: 0.10629744405547778 
2024-12-26 15:18:34,986 INFO: Epoch 660, Train Loss: 6.512148617108131e-05, Test Loss: 0.10639813269178072 
2024-12-26 15:18:35,213 INFO: Epoch 661, Train Loss: 4.1333750599286554e-05, Test Loss: 0.1062840091685454 
2024-12-26 15:18:35,437 INFO: Epoch 662, Train Loss: 3.184443728873463e-05, Test Loss: 0.1065237248937289 
2024-12-26 15:18:35,661 INFO: Epoch 663, Train Loss: 2.658575865273617e-05, Test Loss: 0.10657497694094976 
2024-12-26 15:18:35,887 INFO: Epoch 664, Train Loss: 4.009147820046597e-05, Test Loss: 0.1066970760623614 
2024-12-26 15:18:36,111 INFO: Epoch 665, Train Loss: 5.9627830763163635e-05, Test Loss: 0.10679162343343099 
2024-12-26 15:18:36,337 INFO: Epoch 666, Train Loss: 5.529072602752294e-05, Test Loss: 0.10639454051852226 
2024-12-26 15:18:36,563 INFO: Epoch 667, Train Loss: 5.266738777496166e-05, Test Loss: 0.10653261790672938 
2024-12-26 15:18:36,789 INFO: Epoch 668, Train Loss: 4.9920186747361806e-05, Test Loss: 0.10665422181288402 
2024-12-26 15:18:37,012 INFO: Epoch 669, Train Loss: 4.991313530729058e-05, Test Loss: 0.10663333709041277 
2024-12-26 15:18:37,250 INFO: Epoch 670, Train Loss: 4.876416715616646e-05, Test Loss: 0.10637429480751355 
2024-12-26 15:18:37,516 INFO: Epoch 671, Train Loss: 4.888770356621152e-05, Test Loss: 0.10628611942132314 
2024-12-26 15:18:37,756 INFO: Epoch 672, Train Loss: 5.3125078218790965e-05, Test Loss: 0.10669560109575589 
2024-12-26 15:18:37,983 INFO: Epoch 673, Train Loss: 8.045768481679261e-05, Test Loss: 0.1063514952858289 
2024-12-26 15:18:38,212 INFO: Epoch 674, Train Loss: 0.00014633342073609943, Test Loss: 0.10629252766569455 
2024-12-26 15:18:38,435 INFO: Epoch 675, Train Loss: 8.013125816911557e-05, Test Loss: 0.10695927093426387 
2024-12-26 15:18:38,660 INFO: Epoch 676, Train Loss: 9.957769039877013e-05, Test Loss: 0.10672761301199594 
2024-12-26 15:18:38,890 INFO: Epoch 677, Train Loss: 6.202531036698227e-05, Test Loss: 0.10639373635252317 
2024-12-26 15:18:39,124 INFO: Epoch 678, Train Loss: 0.00016040759944365148, Test Loss: 0.10698237816492716 
2024-12-26 15:18:39,348 INFO: Epoch 679, Train Loss: 0.000210843473548282, Test Loss: 0.10663624778389931 
2024-12-26 15:18:39,576 INFO: Epoch 680, Train Loss: 0.00014849149891616484, Test Loss: 0.10605050027370452 
2024-12-26 15:18:39,835 INFO: Epoch 681, Train Loss: 0.00016880415269202275, Test Loss: 0.10678958396116893 
2024-12-26 15:18:40,097 INFO: Epoch 682, Train Loss: 0.0001290331993483338, Test Loss: 0.10641682023803394 
2024-12-26 15:18:40,362 INFO: Epoch 683, Train Loss: 6.148352673463115e-05, Test Loss: 0.10641014700134595 
2024-12-26 15:18:40,594 INFO: Epoch 684, Train Loss: 5.010212596078003e-05, Test Loss: 0.10642973706126213 
2024-12-26 15:18:40,817 INFO: Epoch 685, Train Loss: 6.0099343651624317e-05, Test Loss: 0.10632896671692531 
2024-12-26 15:18:41,080 INFO: Epoch 686, Train Loss: 4.012631363462118e-05, Test Loss: 0.10652117878198623 
2024-12-26 15:18:41,324 INFO: Epoch 687, Train Loss: 3.504812542687113e-05, Test Loss: 0.10636804004510243 
2024-12-26 15:18:41,560 INFO: Epoch 688, Train Loss: 2.7493199827164827e-05, Test Loss: 0.10647354250152906 
2024-12-26 15:18:41,786 INFO: Epoch 689, Train Loss: 2.0354682914202976e-05, Test Loss: 0.10653816138704618 
2024-12-26 15:18:42,014 INFO: Epoch 690, Train Loss: 2.209773474373434e-05, Test Loss: 0.10647381320595742 
2024-12-26 15:18:42,243 INFO: Epoch 691, Train Loss: 2.1804741982921034e-05, Test Loss: 0.10658592085043589 
2024-12-26 15:18:42,472 INFO: Epoch 692, Train Loss: 4.293678662099665e-05, Test Loss: 0.1063956047097842 
2024-12-26 15:18:42,702 INFO: Epoch 693, Train Loss: 2.617703557916684e-05, Test Loss: 0.10642937322457631 
2024-12-26 15:18:42,931 INFO: Epoch 694, Train Loss: 2.4272136630443447e-05, Test Loss: 0.10670266101757685 
2024-12-26 15:18:43,153 INFO: Epoch 695, Train Loss: 2.466667986785372e-05, Test Loss: 0.10659597565730412 
2024-12-26 15:18:43,376 INFO: Epoch 696, Train Loss: 2.6796072728629633e-05, Test Loss: 0.10634907061854998 
2024-12-26 15:18:43,597 INFO: Epoch 697, Train Loss: 7.899125761979488e-05, Test Loss: 0.1067708728214105 
2024-12-26 15:18:43,824 INFO: Epoch 698, Train Loss: 0.00012487052950554674, Test Loss: 0.10693307568629583 
2024-12-26 15:18:44,043 INFO: Epoch 699, Train Loss: 0.0001252101289872754, Test Loss: 0.10640303616722425 
2024-12-26 15:18:44,269 INFO: Epoch 700, Train Loss: 9.440425428533273e-05, Test Loss: 0.10704671864708265 
2024-12-26 15:18:44,496 INFO: Epoch 701, Train Loss: 8.194268638474393e-05, Test Loss: 0.10698479364315669 
2024-12-26 15:18:44,724 INFO: Epoch 702, Train Loss: 9.810532330384216e-05, Test Loss: 0.10652497485280037 
2024-12-26 15:18:44,953 INFO: Epoch 703, Train Loss: 0.0001384920555242468, Test Loss: 0.1061665157477061 
2024-12-26 15:18:45,197 INFO: Epoch 704, Train Loss: 9.837462934420298e-05, Test Loss: 0.10653234918912252 
2024-12-26 15:18:45,502 INFO: Epoch 705, Train Loss: 0.00013934859717872378, Test Loss: 0.1070714774231116 
2024-12-26 15:18:45,754 INFO: Epoch 706, Train Loss: 6.525147038796843e-05, Test Loss: 0.1066199854016304 
2024-12-26 15:18:45,987 INFO: Epoch 707, Train Loss: 4.833885485136865e-05, Test Loss: 0.10671316434939702 
2024-12-26 15:18:46,213 INFO: Epoch 708, Train Loss: 6.073881788899215e-05, Test Loss: 0.10604617496331532 
2024-12-26 15:18:46,444 INFO: Epoch 709, Train Loss: 6.207644894043609e-05, Test Loss: 0.10658194224039713 
2024-12-26 15:18:46,677 INFO: Epoch 710, Train Loss: 3.447521352459342e-05, Test Loss: 0.10688791026671728 
2024-12-26 15:18:46,898 INFO: Epoch 711, Train Loss: 3.893023696084703e-05, Test Loss: 0.10643584628899892 
2024-12-26 15:18:47,125 INFO: Epoch 712, Train Loss: 4.021932992353022e-05, Test Loss: 0.10663753425081571 
2024-12-26 15:18:47,380 INFO: Epoch 713, Train Loss: 4.434437351575756e-05, Test Loss: 0.10638662998874983 
2024-12-26 15:18:47,652 INFO: Epoch 714, Train Loss: 3.316676415316148e-05, Test Loss: 0.10639959300557772 
2024-12-26 15:18:47,881 INFO: Epoch 715, Train Loss: 2.8651586849024935e-05, Test Loss: 0.10650230670968691 
2024-12-26 15:18:48,111 INFO: Epoch 716, Train Loss: 3.119362005683095e-05, Test Loss: 0.10661387145519256 
2024-12-26 15:18:48,383 INFO: Epoch 717, Train Loss: 0.00010007011412215019, Test Loss: 0.106975540270408 
2024-12-26 15:18:48,622 INFO: Epoch 718, Train Loss: 6.283423435729274e-05, Test Loss: 0.10662529443701109 
2024-12-26 15:18:48,843 INFO: Epoch 719, Train Loss: 7.460893066947169e-05, Test Loss: 0.10685708175102869 
2024-12-26 15:18:49,079 INFO: Epoch 720, Train Loss: 0.00013632719789089415, Test Loss: 0.10639881814519564 
2024-12-26 15:18:49,335 INFO: Epoch 721, Train Loss: 0.0001110797824239534, Test Loss: 0.10617510949571927 
2024-12-26 15:18:49,565 INFO: Epoch 722, Train Loss: 7.934188933608024e-05, Test Loss: 0.1068610392510891 
2024-12-26 15:18:49,798 INFO: Epoch 723, Train Loss: 6.246367998404853e-05, Test Loss: 0.10679014225800833 
2024-12-26 15:18:50,024 INFO: Epoch 724, Train Loss: 4.5995839396358894e-05, Test Loss: 0.10665311192472776 
2024-12-26 15:18:50,256 INFO: Epoch 725, Train Loss: 0.00014136119614449215, Test Loss: 0.10615266337990761 
2024-12-26 15:18:50,516 INFO: Epoch 726, Train Loss: 6.840358847719536e-05, Test Loss: 0.10644605035583178 
2024-12-26 15:18:50,760 INFO: Epoch 727, Train Loss: 0.0002737275328016901, Test Loss: 0.1057799811164538 
2024-12-26 15:18:51,001 INFO: Epoch 728, Train Loss: 0.00014329157857629756, Test Loss: 0.10654832348227501 
2024-12-26 15:18:51,227 INFO: Epoch 729, Train Loss: 8.281041038827153e-05, Test Loss: 0.10609506318966548 
2024-12-26 15:18:51,453 INFO: Epoch 730, Train Loss: 6.54854913846704e-05, Test Loss: 0.10678390140334765 
2024-12-26 15:18:51,684 INFO: Epoch 731, Train Loss: 5.460443517541423e-05, Test Loss: 0.10654552603761355 
2024-12-26 15:18:51,911 INFO: Epoch 732, Train Loss: 4.825358905292345e-05, Test Loss: 0.10665306299924851 
2024-12-26 15:18:52,182 INFO: Epoch 733, Train Loss: 2.7647429816537178e-05, Test Loss: 0.10641164357463519 
2024-12-26 15:18:52,412 INFO: Epoch 734, Train Loss: 2.355519993950127e-05, Test Loss: 0.10646191562215487 
2024-12-26 15:18:52,640 INFO: Epoch 735, Train Loss: 4.073389805981015e-05, Test Loss: 0.10641929258902867 
2024-12-26 15:18:52,870 INFO: Epoch 736, Train Loss: 1.9883395508626117e-05, Test Loss: 0.10650809456904729 
2024-12-26 15:18:53,095 INFO: Epoch 737, Train Loss: 1.6613550757794753e-05, Test Loss: 0.10641216437021891 
2024-12-26 15:18:53,318 INFO: Epoch 738, Train Loss: 1.3564196594591505e-05, Test Loss: 0.10637019773324331 
2024-12-26 15:18:53,549 INFO: Epoch 739, Train Loss: 1.5455962082804737e-05, Test Loss: 0.10648303975661595 
2024-12-26 15:18:53,779 INFO: Epoch 740, Train Loss: 1.3519359822168011e-05, Test Loss: 0.10649357363581657 
2024-12-26 15:18:54,035 INFO: Epoch 741, Train Loss: 1.4503475540550426e-05, Test Loss: 0.10663056150078773 
2024-12-26 15:18:54,296 INFO: Epoch 742, Train Loss: 4.515823273546279e-05, Test Loss: 0.10629422763983408 
2024-12-26 15:18:54,540 INFO: Epoch 743, Train Loss: 0.00023948846635329048, Test Loss: 0.10654351736108462 
2024-12-26 15:18:54,813 INFO: Epoch 744, Train Loss: 9.402179095655141e-05, Test Loss: 0.10667693540453911 
2024-12-26 15:18:55,050 INFO: Epoch 745, Train Loss: 0.00010241490899556594, Test Loss: 0.10647276937961578 
2024-12-26 15:18:55,284 INFO: Epoch 746, Train Loss: 0.00017617266316767455, Test Loss: 0.10679513439536095 
2024-12-26 15:18:55,509 INFO: Epoch 747, Train Loss: 0.00017965240100206676, Test Loss: 0.10653857166568438 
2024-12-26 15:18:55,738 INFO: Epoch 748, Train Loss: 7.671758558309081e-05, Test Loss: 0.10629127249121666 
2024-12-26 15:18:55,963 INFO: Epoch 749, Train Loss: 4.698403385542374e-05, Test Loss: 0.10651469975709915 
2024-12-26 15:18:56,192 INFO: Epoch 750, Train Loss: 3.378195061374929e-05, Test Loss: 0.106395107259353 
2024-12-26 15:18:56,423 INFO: Epoch 751, Train Loss: 2.7504456994121713e-05, Test Loss: 0.10645477970441182 
2024-12-26 15:18:56,647 INFO: Epoch 752, Train Loss: 2.9175094209277997e-05, Test Loss: 0.10645667538046837 
2024-12-26 15:18:56,876 INFO: Epoch 753, Train Loss: 2.0397972221281523e-05, Test Loss: 0.10628264198700586 
2024-12-26 15:18:57,106 INFO: Epoch 754, Train Loss: 1.6919455830295766e-05, Test Loss: 0.1064151257276535 
2024-12-26 15:18:57,333 INFO: Epoch 755, Train Loss: 1.9560341139654874e-05, Test Loss: 0.10658498629927635 
2024-12-26 15:18:57,556 INFO: Epoch 756, Train Loss: 2.0461171332722745e-05, Test Loss: 0.10634557008743287 
2024-12-26 15:18:57,780 INFO: Epoch 757, Train Loss: 1.918856732548815e-05, Test Loss: 0.10645427306493123 
2024-12-26 15:18:58,014 INFO: Epoch 758, Train Loss: 1.7079605944066618e-05, Test Loss: 0.1064548080166181 
2024-12-26 15:18:58,246 INFO: Epoch 759, Train Loss: 2.136468458302899e-05, Test Loss: 0.10656334087252617 
2024-12-26 15:18:58,471 INFO: Epoch 760, Train Loss: 1.995194217766096e-05, Test Loss: 0.10655542934934298 
2024-12-26 15:18:58,702 INFO: Epoch 761, Train Loss: 2.830396265620182e-05, Test Loss: 0.10644664665063222 
2024-12-26 15:18:58,928 INFO: Epoch 762, Train Loss: 3.3807008768442823e-05, Test Loss: 0.10681888659795126 
2024-12-26 15:18:59,157 INFO: Epoch 763, Train Loss: 3.609384545773521e-05, Test Loss: 0.1065115844209989 
2024-12-26 15:18:59,398 INFO: Epoch 764, Train Loss: 9.932798559276035e-05, Test Loss: 0.10642913306752841 
2024-12-26 15:18:59,650 INFO: Epoch 765, Train Loss: 9.24876070106014e-05, Test Loss: 0.10650551865498224 
2024-12-26 15:18:59,886 INFO: Epoch 766, Train Loss: 9.427400455981689e-05, Test Loss: 0.1066936527689298 
2024-12-26 15:19:00,123 INFO: Epoch 767, Train Loss: 0.000733421580215483, Test Loss: 0.1067199818789959 
2024-12-26 15:19:00,352 INFO: Epoch 768, Train Loss: 0.000241046584785197, Test Loss: 0.10583987534046173 
2024-12-26 15:19:00,582 INFO: Epoch 769, Train Loss: 0.00012767236547548682, Test Loss: 0.10623884722590446 
2024-12-26 15:19:00,828 INFO: Epoch 770, Train Loss: 0.00010721743890092496, Test Loss: 0.10656449124217034 
2024-12-26 15:19:01,101 INFO: Epoch 771, Train Loss: 9.447773915956516e-05, Test Loss: 0.1059846689303716 
2024-12-26 15:19:01,343 INFO: Epoch 772, Train Loss: 5.9552229446892037e-05, Test Loss: 0.1062455674012502 
2024-12-26 15:19:01,579 INFO: Epoch 773, Train Loss: 3.678346304999044e-05, Test Loss: 0.10624274040261904 
2024-12-26 15:19:01,806 INFO: Epoch 774, Train Loss: 2.815834264574254e-05, Test Loss: 0.10632755706707636 
2024-12-26 15:19:02,041 INFO: Epoch 775, Train Loss: 2.6681317043160863e-05, Test Loss: 0.10621129473050435 
2024-12-26 15:19:02,267 INFO: Epoch 776, Train Loss: 2.1220798229031762e-05, Test Loss: 0.10621352543433507 
2024-12-26 15:19:02,524 INFO: Epoch 777, Train Loss: 1.718668192807583e-05, Test Loss: 0.10651738817493121 
2024-12-26 15:19:02,793 INFO: Epoch 778, Train Loss: 1.9168239217386846e-05, Test Loss: 0.1064095750451088 
2024-12-26 15:19:03,049 INFO: Epoch 779, Train Loss: 1.283637041987069e-05, Test Loss: 0.10644635384281477 
2024-12-26 15:19:03,322 INFO: Epoch 780, Train Loss: 1.3329816036339412e-05, Test Loss: 0.1063303142786026 
2024-12-26 15:19:03,641 INFO: Epoch 781, Train Loss: 2.413142698187904e-05, Test Loss: 0.10637600695093473 
2024-12-26 15:19:03,901 INFO: Epoch 782, Train Loss: 2.6910805580994573e-05, Test Loss: 0.10621069769064585 
2024-12-26 15:19:04,146 INFO: Epoch 783, Train Loss: 3.958509538087559e-05, Test Loss: 0.10652375717957814 
2024-12-26 15:19:04,375 INFO: Epoch 784, Train Loss: 2.6663034795523056e-05, Test Loss: 0.10643700261910756 
2024-12-26 15:19:04,598 INFO: Epoch 785, Train Loss: 3.7962189500767475e-05, Test Loss: 0.10642567028601964 
2024-12-26 15:19:04,823 INFO: Epoch 786, Train Loss: 5.067139512934853e-05, Test Loss: 0.10651141554117202 
2024-12-26 15:19:05,053 INFO: Epoch 787, Train Loss: 5.084152900181244e-05, Test Loss: 0.10665776530901591 
2024-12-26 15:19:05,282 INFO: Epoch 788, Train Loss: 3.6853370370967274e-05, Test Loss: 0.10612538084387779 
2024-12-26 15:19:05,520 INFO: Epoch 789, Train Loss: 3.789585389313288e-05, Test Loss: 0.1066334659854571 
2024-12-26 15:19:05,759 INFO: Epoch 790, Train Loss: 3.705724535202056e-05, Test Loss: 0.10640257621804873 
2024-12-26 15:19:06,047 INFO: Epoch 791, Train Loss: 2.818061572421963e-05, Test Loss: 0.1064590518673261 
2024-12-26 15:19:06,282 INFO: Epoch 792, Train Loss: 3.0029436314642927e-05, Test Loss: 0.10631748909751575 
2024-12-26 15:19:06,513 INFO: Epoch 793, Train Loss: 4.338340799573384e-05, Test Loss: 0.10656426846981049 
2024-12-26 15:19:06,742 INFO: Epoch 794, Train Loss: 3.442446269904745e-05, Test Loss: 0.10637124627828598 
2024-12-26 15:19:06,973 INFO: Epoch 795, Train Loss: 2.430739833040494e-05, Test Loss: 0.10675078357259432 
2024-12-26 15:19:07,198 INFO: Epoch 796, Train Loss: 3.5169542809997344e-05, Test Loss: 0.10657893965641657 
2024-12-26 15:19:07,421 INFO: Epoch 797, Train Loss: 3.2251952928307125e-05, Test Loss: 0.10631595154603322 
2024-12-26 15:19:07,641 INFO: Epoch 798, Train Loss: 5.962810207979361e-05, Test Loss: 0.10671002467473348 
2024-12-26 15:19:07,862 INFO: Epoch 799, Train Loss: 0.00011235397109805745, Test Loss: 0.1064126431941986 
2024-12-26 15:19:08,088 INFO: Epoch 800, Train Loss: 7.204473187907991e-05, Test Loss: 0.10643020818630854 
2024-12-26 15:19:08,089 INFO: Best Epoch 207, Best Test Loss: 0.08930313571666677 
