2025-01-10 18:22:37,269 INFO: namespace(depth=2, grid_size=5, name='KAN_grid5_spline3', spline_order=3) 
2025-01-10 18:22:37,269 INFO: Dataset:Bike 
2025-01-10 18:22:37,269 INFO: ------Begin Training Model------ 
2025-01-10 18:22:39,545 INFO: Epoch 1, Train Loss: 0.4721764645992069, Test Loss: 0.16622076289994375, Inverse Test Loss: 1.2051515579223633 
2025-01-10 18:22:40,017 INFO: Epoch 2, Train Loss: 0.09716293581445283, Test Loss: 0.061194894037076404, Inverse Test Loss: 0.34818550518580843 
2025-01-10 18:22:40,496 INFO: Epoch 3, Train Loss: 0.0458404750588837, Test Loss: 0.03820216116894569, Inverse Test Loss: 0.2122931821005685 
2025-01-10 18:22:40,951 INFO: Epoch 4, Train Loss: 0.03269252929528919, Test Loss: 0.03208304150030017, Inverse Test Loss: 0.14760776928492955 
2025-01-10 18:22:41,383 INFO: Epoch 5, Train Loss: 0.026355494480204144, Test Loss: 0.02407170067142163, Inverse Test Loss: 0.13333834069115774 
2025-01-10 18:22:41,825 INFO: Epoch 6, Train Loss: 0.022997145353038925, Test Loss: 0.02204694808460772, Inverse Test Loss: 0.104607811995915 
2025-01-10 18:22:42,268 INFO: Epoch 7, Train Loss: 0.02030882235069614, Test Loss: 0.02016354076165174, Inverse Test Loss: 0.11520080055509295 
2025-01-10 18:22:42,710 INFO: Epoch 8, Train Loss: 0.017449094102196736, Test Loss: 0.019003174666847502, Inverse Test Loss: 0.09613771949495588 
2025-01-10 18:22:43,151 INFO: Epoch 9, Train Loss: 0.015331527235311105, Test Loss: 0.031535813551662226, Inverse Test Loss: 0.08013695478439331 
2025-01-10 18:22:43,587 INFO: Epoch 10, Train Loss: 0.019510159867072323, Test Loss: 0.018183573614805937, Inverse Test Loss: 0.09087116377694267 
2025-01-10 18:22:44,075 INFO: Epoch 11, Train Loss: 0.014127440485727349, Test Loss: 0.016412417038476894, Inverse Test Loss: 0.09080785512924194 
2025-01-10 18:22:44,539 INFO: Epoch 12, Train Loss: 0.016453971325872688, Test Loss: 0.018589385352762684, Inverse Test Loss: 0.11830003772463117 
2025-01-10 18:22:44,984 INFO: Epoch 13, Train Loss: 0.012710445167479711, Test Loss: 0.013727168685623578, Inverse Test Loss: 0.05998143127986363 
2025-01-10 18:22:45,446 INFO: Epoch 14, Train Loss: 0.012842991808002148, Test Loss: 0.016659859401573027, Inverse Test Loss: 0.11009291240147182 
2025-01-10 18:22:45,948 INFO: Epoch 15, Train Loss: 0.013797415804903988, Test Loss: 0.015575535794986146, Inverse Test Loss: 0.10220582144601005 
2025-01-10 18:22:46,422 INFO: Epoch 16, Train Loss: 0.012371987852037226, Test Loss: 0.013537179911509156, Inverse Test Loss: 0.06451902219227382 
2025-01-10 18:22:46,866 INFO: Epoch 17, Train Loss: 0.011360981642618912, Test Loss: 0.01083095745915281, Inverse Test Loss: 0.04536528672490801 
2025-01-10 18:22:47,321 INFO: Epoch 18, Train Loss: 0.011831000216578671, Test Loss: 0.010784245894423552, Inverse Test Loss: 0.04512518218585423 
2025-01-10 18:22:47,794 INFO: Epoch 19, Train Loss: 0.011778758296213292, Test Loss: 0.015161004017240234, Inverse Test Loss: 0.06462816681180682 
2025-01-10 18:22:48,263 INFO: Epoch 20, Train Loss: 0.011869100729909238, Test Loss: 0.011956732254475355, Inverse Test Loss: 0.058272681065968106 
2025-01-10 18:22:48,723 INFO: Epoch 21, Train Loss: 0.011112244334071875, Test Loss: 0.015826924737276777, Inverse Test Loss: 0.08276187522070748 
2025-01-10 18:22:49,213 INFO: Epoch 22, Train Loss: 0.010142605943998339, Test Loss: 0.010814654507807322, Inverse Test Loss: 0.05368184617587498 
2025-01-10 18:22:49,751 INFO: Epoch 23, Train Loss: 0.00946376373598335, Test Loss: 0.011473805610356587, Inverse Test Loss: 0.05149175013814654 
2025-01-10 18:22:50,269 INFO: Epoch 24, Train Loss: 0.012072288636289058, Test Loss: 0.009326059021987021, Inverse Test Loss: 0.03149920276233128 
2025-01-10 18:22:50,802 INFO: Epoch 25, Train Loss: 0.010672746550872785, Test Loss: 0.009906765871814318, Inverse Test Loss: 0.04034869585718427 
2025-01-10 18:22:51,304 INFO: Epoch 26, Train Loss: 0.009118486981873118, Test Loss: 0.010108622589281626, Inverse Test Loss: 0.0696622005530766 
2025-01-10 18:22:51,789 INFO: Epoch 27, Train Loss: 0.008860823057523561, Test Loss: 0.009275223926774092, Inverse Test Loss: 0.042340248823165894 
2025-01-10 18:22:52,274 INFO: Epoch 28, Train Loss: 0.01132836457290644, Test Loss: 0.011824107662375485, Inverse Test Loss: 0.07039579749107361 
2025-01-10 18:22:52,761 INFO: Epoch 29, Train Loss: 0.008728604080206757, Test Loss: 0.009449257299170963, Inverse Test Loss: 0.0507128153528486 
2025-01-10 18:22:53,263 INFO: Epoch 30, Train Loss: 0.008465685356203297, Test Loss: 0.009828155910197114, Inverse Test Loss: 0.054798628602709086 
2025-01-10 18:22:53,764 INFO: Epoch 31, Train Loss: 0.010064875390893275, Test Loss: 0.007946774746025247, Inverse Test Loss: 0.035966451678957255 
2025-01-10 18:22:54,283 INFO: Epoch 32, Train Loss: 0.00880013806574525, Test Loss: 0.009095803568405765, Inverse Test Loss: 0.05625812496457781 
2025-01-10 18:22:54,738 INFO: Epoch 33, Train Loss: 0.008860817649017234, Test Loss: 0.010160526759656412, Inverse Test Loss: 0.034085286515099664 
2025-01-10 18:22:55,189 INFO: Epoch 34, Train Loss: 0.009430010187858289, Test Loss: 0.007763959933072329, Inverse Test Loss: 0.034383371472358704 
2025-01-10 18:22:55,667 INFO: Epoch 35, Train Loss: 0.008239055026766903, Test Loss: 0.007805777830071747, Inverse Test Loss: 0.026440160615103587 
2025-01-10 18:22:56,155 INFO: Epoch 36, Train Loss: 0.009320354328379719, Test Loss: 0.012524861127271183, Inverse Test Loss: 0.04342965143067496 
2025-01-10 18:22:56,593 INFO: Epoch 37, Train Loss: 0.008165630315421918, Test Loss: 0.011487547541037202, Inverse Test Loss: 0.07210686377116612 
2025-01-10 18:22:57,048 INFO: Epoch 38, Train Loss: 0.010725719627813188, Test Loss: 0.010417430611726428, Inverse Test Loss: 0.04200462358338492 
2025-01-10 18:22:57,507 INFO: Epoch 39, Train Loss: 0.007474898963038801, Test Loss: 0.00942815831928913, Inverse Test Loss: 0.04723450115748814 
2025-01-10 18:22:58,046 INFO: Epoch 40, Train Loss: 0.007539751755774295, Test Loss: 0.011748466457772468, Inverse Test Loss: 0.04097560899598258 
2025-01-10 18:22:58,587 INFO: Epoch 41, Train Loss: 0.007551476248292202, Test Loss: 0.00697569379449955, Inverse Test Loss: 0.04067337512969971 
2025-01-10 18:22:59,094 INFO: Epoch 42, Train Loss: 0.008510072830927754, Test Loss: 0.009289025927760772, Inverse Test Loss: 0.052484763520104546 
2025-01-10 18:22:59,604 INFO: Epoch 43, Train Loss: 0.007439793147351764, Test Loss: 0.008923840492830746, Inverse Test Loss: 0.051705198628561835 
2025-01-10 18:23:00,083 INFO: Epoch 44, Train Loss: 0.006642217423185843, Test Loss: 0.015172862348013691, Inverse Test Loss: 0.04462371127946036 
2025-01-10 18:23:00,531 INFO: Epoch 45, Train Loss: 0.009631344339374555, Test Loss: 0.011248157941736281, Inverse Test Loss: 0.05940029450825283 
2025-01-10 18:23:01,018 INFO: Epoch 46, Train Loss: 0.00851591158265231, Test Loss: 0.009638901334255934, Inverse Test Loss: 0.02793488119329725 
2025-01-10 18:23:01,554 INFO: Epoch 47, Train Loss: 0.006607079006936572, Test Loss: 0.010546131491927164, Inverse Test Loss: 0.0684141388961247 
2025-01-10 18:23:02,087 INFO: Epoch 48, Train Loss: 0.009043728633689772, Test Loss: 0.011223449321862842, Inverse Test Loss: 0.029129075152533396 
2025-01-10 18:23:02,608 INFO: Epoch 49, Train Loss: 0.007916358030409715, Test Loss: 0.01327398489229381, Inverse Test Loss: 0.05639438969748361 
2025-01-10 18:23:03,097 INFO: Epoch 50, Train Loss: 0.008759932789028785, Test Loss: 0.009094064772528197, Inverse Test Loss: 0.03522413756166186 
2025-01-10 18:23:03,573 INFO: Epoch 51, Train Loss: 0.009211679929098405, Test Loss: 0.01286726928914764, Inverse Test Loss: 0.03431038771356855 
2025-01-10 18:23:04,016 INFO: Epoch 52, Train Loss: 0.008239967039350522, Test Loss: 0.00816043933653938, Inverse Test Loss: 0.032748394778796604 
2025-01-10 18:23:04,538 INFO: Epoch 53, Train Loss: 0.006900490806309865, Test Loss: 0.012561243992032749, Inverse Test Loss: 0.041344480855124335 
2025-01-10 18:23:05,057 INFO: Epoch 54, Train Loss: 0.00851930242988768, Test Loss: 0.011574093368835747, Inverse Test Loss: 0.04665026494434902 
2025-01-10 18:23:05,560 INFO: Epoch 55, Train Loss: 0.007766475687401557, Test Loss: 0.00961671891023538, Inverse Test Loss: 0.02674154511519841 
2025-01-10 18:23:06,100 INFO: Epoch 56, Train Loss: 0.008201130212993797, Test Loss: 0.010774142108857632, Inverse Test Loss: 0.032338012542043416 
2025-01-10 18:23:06,582 INFO: Epoch 57, Train Loss: 0.007104017810229588, Test Loss: 0.009869589603372983, Inverse Test Loss: 0.031082323619297574 
2025-01-10 18:23:07,030 INFO: Epoch 58, Train Loss: 0.007431222305316991, Test Loss: 0.007164965982415846, Inverse Test Loss: 0.0441502971308572 
2025-01-10 18:23:07,509 INFO: Epoch 59, Train Loss: 0.0086279555497298, Test Loss: 0.012111740353118097, Inverse Test Loss: 0.0451106641973768 
2025-01-10 18:23:07,937 INFO: Epoch 60, Train Loss: 0.007662570407323608, Test Loss: 0.008638373941981367, Inverse Test Loss: 0.026516569512231008 
2025-01-10 18:23:08,381 INFO: Epoch 61, Train Loss: 0.007297540893094665, Test Loss: 0.010642697801813483, Inverse Test Loss: 0.04263917037418911 
2025-01-10 18:23:08,833 INFO: Epoch 62, Train Loss: 0.007274727717281208, Test Loss: 0.008949934089157199, Inverse Test Loss: 0.03023493928568704 
2025-01-10 18:23:09,275 INFO: Epoch 63, Train Loss: 0.007057344318803297, Test Loss: 0.008454565175010689, Inverse Test Loss: 0.041930049657821655 
2025-01-10 18:23:09,716 INFO: Epoch 64, Train Loss: 0.006477997236705701, Test Loss: 0.009030358450088118, Inverse Test Loss: 0.030829099672181264 
2025-01-10 18:23:10,155 INFO: Epoch 65, Train Loss: 0.0067472170030168435, Test Loss: 0.009841290976120425, Inverse Test Loss: 0.02108166686126164 
2025-01-10 18:23:10,592 INFO: Epoch 66, Train Loss: 0.00685325188459743, Test Loss: 0.010845641455879169, Inverse Test Loss: 0.04549714071410043 
2025-01-10 18:23:11,041 INFO: Epoch 67, Train Loss: 0.0069927434808651516, Test Loss: 0.006929984715368066, Inverse Test Loss: 0.041198168482099264 
2025-01-10 18:23:11,482 INFO: Epoch 68, Train Loss: 0.006587698592146466, Test Loss: 0.005433874911562141, Inverse Test Loss: 0.0231786561863763 
2025-01-10 18:23:11,949 INFO: Epoch 69, Train Loss: 0.006060083657332243, Test Loss: 0.00549275115398424, Inverse Test Loss: 0.036251063857759745 
2025-01-10 18:23:12,434 INFO: Epoch 70, Train Loss: 0.006928982243044387, Test Loss: 0.005244145402684808, Inverse Test Loss: 0.024572595953941345 
2025-01-10 18:23:12,899 INFO: Epoch 71, Train Loss: 0.005698084414705908, Test Loss: 0.005536768951320222, Inverse Test Loss: 0.031238045011247908 
2025-01-10 18:23:13,359 INFO: Epoch 72, Train Loss: 0.005792535963220471, Test Loss: 0.0063673386882458416, Inverse Test Loss: 0.03906858393124172 
2025-01-10 18:23:13,852 INFO: Epoch 73, Train Loss: 0.005580372140751383, Test Loss: 0.005955104000999459, Inverse Test Loss: 0.0363433233329228 
2025-01-10 18:23:14,301 INFO: Epoch 74, Train Loss: 0.006098716827365783, Test Loss: 0.012077493692881294, Inverse Test Loss: 0.0353732875415257 
2025-01-10 18:23:14,744 INFO: Epoch 75, Train Loss: 0.007967115001787149, Test Loss: 0.008062338157157813, Inverse Test Loss: 0.05344768932887486 
2025-01-10 18:23:15,186 INFO: Epoch 76, Train Loss: 0.006074232045014244, Test Loss: 0.005997624980019671, Inverse Test Loss: 0.0289789970432009 
2025-01-10 18:23:15,629 INFO: Epoch 77, Train Loss: 0.00666973777884327, Test Loss: 0.007099576909760279, Inverse Test Loss: 0.03700321061270578 
2025-01-10 18:23:16,070 INFO: Epoch 78, Train Loss: 0.005132191034819965, Test Loss: 0.007672228600962886, Inverse Test Loss: 0.03430399937289102 
2025-01-10 18:23:16,508 INFO: Epoch 79, Train Loss: 0.006266120624719956, Test Loss: 0.006450092220412833, Inverse Test Loss: 0.028764820524624417 
2025-01-10 18:23:16,958 INFO: Epoch 80, Train Loss: 0.005593389086852516, Test Loss: 0.008837066989924227, Inverse Test Loss: 0.05534333416393825 
2025-01-10 18:23:17,460 INFO: Epoch 81, Train Loss: 0.007461476075642426, Test Loss: 0.010324770717748575, Inverse Test Loss: 0.039148803268160136 
2025-01-10 18:23:17,961 INFO: Epoch 82, Train Loss: 0.005606517992452334, Test Loss: 0.007604595173948577, Inverse Test Loss: 0.03653437750680106 
2025-01-10 18:23:18,463 INFO: Epoch 83, Train Loss: 0.005503075517748201, Test Loss: 0.006992292340977916, Inverse Test Loss: 0.03137803929192679 
2025-01-10 18:23:18,949 INFO: Epoch 84, Train Loss: 0.0055766394703623354, Test Loss: 0.010966845605123256, Inverse Test Loss: 0.046901660306113105 
2025-01-10 18:23:19,466 INFO: Epoch 85, Train Loss: 0.007048298401860605, Test Loss: 0.009125259754780148, Inverse Test Loss: 0.03464674523898533 
2025-01-10 18:23:19,953 INFO: Epoch 86, Train Loss: 0.00650304458702171, Test Loss: 0.0055902604030312174, Inverse Test Loss: 0.02982413981642042 
2025-01-10 18:23:20,471 INFO: Epoch 87, Train Loss: 0.006162807505594891, Test Loss: 0.007015851924994162, Inverse Test Loss: 0.030508543763841902 
2025-01-10 18:23:21,024 INFO: Epoch 88, Train Loss: 0.006280495667693402, Test Loss: 0.008700864938353854, Inverse Test Loss: 0.038693717547825406 
2025-01-10 18:23:21,528 INFO: Epoch 89, Train Loss: 0.006268940816864098, Test Loss: 0.008479180313380701, Inverse Test Loss: 0.04568678140640259 
2025-01-10 18:23:22,017 INFO: Epoch 90, Train Loss: 0.005827655026757526, Test Loss: 0.008693742798641324, Inverse Test Loss: 0.03593740292957851 
2025-01-10 18:23:22,537 INFO: Epoch 91, Train Loss: 0.005788697438194938, Test Loss: 0.00701276000056948, Inverse Test Loss: 0.02851660336766924 
2025-01-10 18:23:23,028 INFO: Epoch 92, Train Loss: 0.005685410836130517, Test Loss: 0.0071826739336497015, Inverse Test Loss: 0.030023981417928423 
2025-01-10 18:23:23,558 INFO: Epoch 93, Train Loss: 0.006024080217568153, Test Loss: 0.007941549627243407, Inverse Test Loss: 0.026571765542030334 
2025-01-10 18:23:24,077 INFO: Epoch 94, Train Loss: 0.006373201016285414, Test Loss: 0.007756141613104514, Inverse Test Loss: 0.03237875870295933 
2025-01-10 18:23:24,631 INFO: Epoch 95, Train Loss: 0.005867175879640454, Test Loss: 0.007113933380294059, Inverse Test Loss: 0.02551535197666713 
2025-01-10 18:23:25,131 INFO: Epoch 96, Train Loss: 0.005917461328379331, Test Loss: 0.009029429538973741, Inverse Test Loss: 0.028433786971228465 
2025-01-10 18:23:25,663 INFO: Epoch 97, Train Loss: 0.005546366554522597, Test Loss: 0.005246610871316599, Inverse Test Loss: 0.03179931640625 
2025-01-10 18:23:26,133 INFO: Epoch 98, Train Loss: 0.006081181287833857, Test Loss: 0.009238361580563443, Inverse Test Loss: 0.032861767070634026 
2025-01-10 18:23:26,571 INFO: Epoch 99, Train Loss: 0.005683975507838464, Test Loss: 0.00681865491372134, Inverse Test Loss: 0.0338652389390128 
2025-01-10 18:23:27,041 INFO: Epoch 100, Train Loss: 0.006108652048428124, Test Loss: 0.007546018077326673, Inverse Test Loss: 0.030117948140416826 
2025-01-10 18:23:27,041 INFO: Best Epoch 70, Best Test Loss: 0.005244145402684808 
2025-01-10 18:23:27,474 INFO: Epoch 101, Train Loss: 0.0058541792026216835, Test Loss: 0.005568879664809044, Inverse Test Loss: 0.028152780873434886 
2025-01-10 18:23:27,929 INFO: Epoch 102, Train Loss: 0.005548360781026406, Test Loss: 0.006249560791599963, Inverse Test Loss: 0.03426110531602587 
2025-01-10 18:23:28,382 INFO: Epoch 103, Train Loss: 0.0052363019598938455, Test Loss: 0.01023348159755447, Inverse Test Loss: 0.03588267735072544 
2025-01-10 18:23:28,827 INFO: Epoch 104, Train Loss: 0.006096012971509214, Test Loss: 0.006055766101261335, Inverse Test Loss: 0.03020241217953818 
2025-01-10 18:23:29,284 INFO: Epoch 105, Train Loss: 0.005849885391156881, Test Loss: 0.006541547797886389, Inverse Test Loss: 0.04797185744558062 
2025-01-10 18:23:29,777 INFO: Epoch 106, Train Loss: 0.005172374017468286, Test Loss: 0.006796259299985, Inverse Test Loss: 0.0493233289037432 
2025-01-10 18:23:30,238 INFO: Epoch 107, Train Loss: 0.004723452413967306, Test Loss: 0.004461527303127306, Inverse Test Loss: 0.024308434554508755 
2025-01-10 18:23:30,684 INFO: Epoch 108, Train Loss: 0.00590193813128414, Test Loss: 0.008599244191178254, Inverse Test Loss: 0.04570951206343515 
2025-01-10 18:23:31,137 INFO: Epoch 109, Train Loss: 0.005847385334739581, Test Loss: 0.005135493951716593, Inverse Test Loss: 0.035095004098755975 
2025-01-10 18:23:31,592 INFO: Epoch 110, Train Loss: 0.005552829356453971, Test Loss: 0.0073109868348443085, Inverse Test Loss: 0.03033189688410078 
2025-01-10 18:23:32,047 INFO: Epoch 111, Train Loss: 0.005790644808065727, Test Loss: 0.0054758608041863355, Inverse Test Loss: 0.02592414617538452 
2025-01-10 18:23:32,503 INFO: Epoch 112, Train Loss: 0.005285686029360519, Test Loss: 0.0056280460807361776, Inverse Test Loss: 0.0352213659456798 
2025-01-10 18:23:32,936 INFO: Epoch 113, Train Loss: 0.005048576768043391, Test Loss: 0.007031720480881631, Inverse Test Loss: 0.028688081673213413 
2025-01-10 18:23:33,383 INFO: Epoch 114, Train Loss: 0.004727905992110935, Test Loss: 0.006125803354994527, Inverse Test Loss: 0.03150297701358795 
2025-01-10 18:23:33,832 INFO: Epoch 115, Train Loss: 0.006298983401251496, Test Loss: 0.007670134779930647, Inverse Test Loss: 0.025016114115715027 
2025-01-10 18:23:34,306 INFO: Epoch 116, Train Loss: 0.00545637511836211, Test Loss: 0.008421562894779657, Inverse Test Loss: 0.05214612824576242 
2025-01-10 18:23:34,748 INFO: Epoch 117, Train Loss: 0.005327445854338894, Test Loss: 0.007872873118945531, Inverse Test Loss: 0.03723395722252982 
2025-01-10 18:23:35,221 INFO: Epoch 118, Train Loss: 0.005125025295814789, Test Loss: 0.006726486708170601, Inverse Test Loss: 0.01856516088758196 
2025-01-10 18:23:35,669 INFO: Epoch 119, Train Loss: 0.0049865701804023, Test Loss: 0.005901366821490228, Inverse Test Loss: 0.028975276010377065 
2025-01-10 18:23:36,119 INFO: Epoch 120, Train Loss: 0.0051199185444093355, Test Loss: 0.007106949068007192, Inverse Test Loss: 0.03416861167975834 
2025-01-10 18:23:36,574 INFO: Epoch 121, Train Loss: 0.005937712587450349, Test Loss: 0.006999989056826702, Inverse Test Loss: 0.03232742633138384 
2025-01-10 18:23:37,059 INFO: Epoch 122, Train Loss: 0.005486823471023812, Test Loss: 0.006611866136414132, Inverse Test Loss: 0.019446785960878645 
2025-01-10 18:23:37,502 INFO: Epoch 123, Train Loss: 0.005212361593260814, Test Loss: 0.007011946606715875, Inverse Test Loss: 0.024769216775894165 
2025-01-10 18:23:37,965 INFO: Epoch 124, Train Loss: 0.004762889110320889, Test Loss: 0.006666971503623894, Inverse Test Loss: 0.022545337677001953 
2025-01-10 18:23:38,451 INFO: Epoch 125, Train Loss: 0.0049634039243939545, Test Loss: 0.006229919506170388, Inverse Test Loss: 0.024135570440973555 
2025-01-10 18:23:38,893 INFO: Epoch 126, Train Loss: 0.005018438876888484, Test Loss: 0.006369320650784565, Inverse Test Loss: 0.023013632212366377 
2025-01-10 18:23:39,352 INFO: Epoch 127, Train Loss: 0.005209838633997998, Test Loss: 0.006576446184356298, Inverse Test Loss: 0.027635614786829268 
2025-01-10 18:23:39,803 INFO: Epoch 128, Train Loss: 0.004683891025055713, Test Loss: 0.007928382405745131, Inverse Test Loss: 0.03825756481715611 
2025-01-10 18:23:40,251 INFO: Epoch 129, Train Loss: 0.005303868511264478, Test Loss: 0.005502682412043214, Inverse Test Loss: 0.03055726843220847 
2025-01-10 18:23:40,688 INFO: Epoch 130, Train Loss: 0.005252909041308892, Test Loss: 0.007636771687040371, Inverse Test Loss: 0.026656576565333774 
2025-01-10 18:23:41,126 INFO: Epoch 131, Train Loss: 0.004892328508420411, Test Loss: 0.005758164217695594, Inverse Test Loss: 0.026817951883588518 
2025-01-10 18:23:41,571 INFO: Epoch 132, Train Loss: 0.0048653310647559, Test Loss: 0.005102172477303871, Inverse Test Loss: 0.022663778492382596 
2025-01-10 18:23:42,032 INFO: Epoch 133, Train Loss: 0.004507644967082033, Test Loss: 0.005166637644703899, Inverse Test Loss: 0.024046812738691057 
2025-01-10 18:23:42,474 INFO: Epoch 134, Train Loss: 0.00489099118687691, Test Loss: 0.0058006945182569325, Inverse Test Loss: 0.021449591432298933 
2025-01-10 18:23:42,918 INFO: Epoch 135, Train Loss: 0.005417727604679285, Test Loss: 0.00705574795470706, Inverse Test Loss: 0.022175016147749766 
2025-01-10 18:23:43,364 INFO: Epoch 136, Train Loss: 0.0049696889697411735, Test Loss: 0.006519921506488962, Inverse Test Loss: 0.021817296743392944 
2025-01-10 18:23:43,808 INFO: Epoch 137, Train Loss: 0.004494788116613113, Test Loss: 0.00645369544093098, Inverse Test Loss: 0.029738458139555796 
2025-01-10 18:23:44,251 INFO: Epoch 138, Train Loss: 0.0053893080186269695, Test Loss: 0.007126720056736043, Inverse Test Loss: 0.03280226247651236 
2025-01-10 18:23:44,688 INFO: Epoch 139, Train Loss: 0.004635850206837742, Test Loss: 0.005927688874570387, Inverse Test Loss: 0.020710970674242293 
2025-01-10 18:23:45,134 INFO: Epoch 140, Train Loss: 0.00458931593531999, Test Loss: 0.00737005690046187, Inverse Test Loss: 0.027291691729000638 
2025-01-10 18:23:45,578 INFO: Epoch 141, Train Loss: 0.0043191613625188216, Test Loss: 0.004485366333808217, Inverse Test Loss: 0.019254937767982483 
2025-01-10 18:23:46,027 INFO: Epoch 142, Train Loss: 0.004289957179918612, Test Loss: 0.006142993557399937, Inverse Test Loss: 0.02692908687250955 
2025-01-10 18:23:46,469 INFO: Epoch 143, Train Loss: 0.004247264069325607, Test Loss: 0.005368451579540435, Inverse Test Loss: 0.019891504730497087 
2025-01-10 18:23:46,956 INFO: Epoch 144, Train Loss: 0.0044365187940281735, Test Loss: 0.005768064218240657, Inverse Test Loss: 0.022094053881508962 
2025-01-10 18:23:47,416 INFO: Epoch 145, Train Loss: 0.004850159980219986, Test Loss: 0.007876258393350457, Inverse Test Loss: 0.038483342954090664 
2025-01-10 18:23:47,878 INFO: Epoch 146, Train Loss: 0.0046178048707271385, Test Loss: 0.006828693348714816, Inverse Test Loss: 0.0249141092811312 
2025-01-10 18:23:48,377 INFO: Epoch 147, Train Loss: 0.004272502855560101, Test Loss: 0.006194827030412853, Inverse Test Loss: 0.020080885716847012 
2025-01-10 18:23:48,836 INFO: Epoch 148, Train Loss: 0.004581037193212077, Test Loss: 0.005349418264813721, Inverse Test Loss: 0.01949270282472883 
2025-01-10 18:23:49,284 INFO: Epoch 149, Train Loss: 0.0050608687991396005, Test Loss: 0.006695306560556803, Inverse Test Loss: 0.028337282793862478 
2025-01-10 18:23:49,748 INFO: Epoch 150, Train Loss: 0.005042217641966332, Test Loss: 0.006799650378525257, Inverse Test Loss: 0.032402017286845615 
2025-01-10 18:23:50,195 INFO: Epoch 151, Train Loss: 0.004964793216300394, Test Loss: 0.004868655107981924, Inverse Test Loss: 0.022108482463019236 
2025-01-10 18:23:50,656 INFO: Epoch 152, Train Loss: 0.004778391788414585, Test Loss: 0.006597110868564674, Inverse Test Loss: 0.016077776040349687 
2025-01-10 18:23:51,111 INFO: Epoch 153, Train Loss: 0.004140689146679339, Test Loss: 0.005787823016622237, Inverse Test Loss: 0.042770134551184516 
2025-01-10 18:23:51,564 INFO: Epoch 154, Train Loss: 0.0045417583624430755, Test Loss: 0.007207140775530466, Inverse Test Loss: 0.022509208747318814 
2025-01-10 18:23:52,037 INFO: Epoch 155, Train Loss: 0.005392536986619234, Test Loss: 0.0058644892913954595, Inverse Test Loss: 0.02917684188910893 
2025-01-10 18:23:52,537 INFO: Epoch 156, Train Loss: 0.004788803897900592, Test Loss: 0.007126115029677749, Inverse Test Loss: 0.020552373358181546 
2025-01-10 18:23:53,051 INFO: Epoch 157, Train Loss: 0.00465834612633452, Test Loss: 0.004779217032981771, Inverse Test Loss: 0.02392826122897012 
2025-01-10 18:23:53,571 INFO: Epoch 158, Train Loss: 0.004688921277710331, Test Loss: 0.005329259105824998, Inverse Test Loss: 0.026005265968186513 
2025-01-10 18:23:54,069 INFO: Epoch 159, Train Loss: 0.004274007802350668, Test Loss: 0.0041942247355888996, Inverse Test Loss: 0.028371727892330716 
2025-01-10 18:23:54,581 INFO: Epoch 160, Train Loss: 0.004776541587956455, Test Loss: 0.0045426203204052785, Inverse Test Loss: 0.02246354946068355 
2025-01-10 18:23:55,081 INFO: Epoch 161, Train Loss: 0.004361343251780496, Test Loss: 0.0054958762567756435, Inverse Test Loss: 0.03491149629865374 
2025-01-10 18:23:55,589 INFO: Epoch 162, Train Loss: 0.0051507011628410685, Test Loss: 0.004323754426358002, Inverse Test Loss: 0.021239448870931352 
2025-01-10 18:23:56,109 INFO: Epoch 163, Train Loss: 0.0039899881818084, Test Loss: 0.004616308475046286, Inverse Test Loss: 0.030357846191951206 
2025-01-10 18:23:56,642 INFO: Epoch 164, Train Loss: 0.0041876567074806866, Test Loss: 0.004238100730747517, Inverse Test Loss: 0.017350879098687853 
2025-01-10 18:23:57,136 INFO: Epoch 165, Train Loss: 0.004264638295670579, Test Loss: 0.004767959821037948, Inverse Test Loss: 0.028179949947765896 
2025-01-10 18:23:57,675 INFO: Epoch 166, Train Loss: 0.004540464939088176, Test Loss: 0.004411096485065562, Inverse Test Loss: 0.021020521010671343 
2025-01-10 18:23:58,245 INFO: Epoch 167, Train Loss: 0.004651937195860328, Test Loss: 0.004743930309944387, Inverse Test Loss: 0.021130102021353587 
2025-01-10 18:23:58,774 INFO: Epoch 168, Train Loss: 0.00433473855069061, Test Loss: 0.005860853092079716, Inverse Test Loss: 0.017266043594905307 
2025-01-10 18:23:59,292 INFO: Epoch 169, Train Loss: 0.004237172379662548, Test Loss: 0.0038600938195096596, Inverse Test Loss: 0.020524742347853526 
2025-01-10 18:23:59,816 INFO: Epoch 170, Train Loss: 0.004068672159310738, Test Loss: 0.00556682566613225, Inverse Test Loss: 0.017840794154575894 
2025-01-10 18:24:00,413 INFO: Epoch 171, Train Loss: 0.005393550359567098, Test Loss: 0.00484881249888401, Inverse Test Loss: 0.021443332944597517 
2025-01-10 18:24:00,966 INFO: Epoch 172, Train Loss: 0.005203938848603893, Test Loss: 0.007262089422770909, Inverse Test Loss: 0.03157191617148263 
2025-01-10 18:24:01,492 INFO: Epoch 173, Train Loss: 0.004442192953712213, Test Loss: 0.008025588667286294, Inverse Test Loss: 0.029654285737446377 
2025-01-10 18:24:02,006 INFO: Epoch 174, Train Loss: 0.004411704351254013, Test Loss: 0.004978564201987216, Inverse Test Loss: 0.04000841294016157 
2025-01-10 18:24:02,503 INFO: Epoch 175, Train Loss: 0.004561379037096823, Test Loss: 0.003816927325845297, Inverse Test Loss: 0.02511405519076756 
2025-01-10 18:24:03,071 INFO: Epoch 176, Train Loss: 0.004417863166079335, Test Loss: 0.004826981108635664, Inverse Test Loss: 0.02964240312576294 
2025-01-10 18:24:03,616 INFO: Epoch 177, Train Loss: 0.0041489237470877, Test Loss: 0.004432618410126972, Inverse Test Loss: 0.02294118915285383 
2025-01-10 18:24:04,115 INFO: Epoch 178, Train Loss: 0.0041330380006394255, Test Loss: 0.007082989239799125, Inverse Test Loss: 0.03151928527014596 
2025-01-10 18:24:04,639 INFO: Epoch 179, Train Loss: 0.003920112482331898, Test Loss: 0.00566534317165081, Inverse Test Loss: 0.028772654277937754 
2025-01-10 18:24:05,147 INFO: Epoch 180, Train Loss: 0.004338651231208116, Test Loss: 0.0064983747932793835, Inverse Test Loss: 0.030667620045798167 
2025-01-10 18:24:05,712 INFO: Epoch 181, Train Loss: 0.0043846199570924315, Test Loss: 0.00637514386991305, Inverse Test Loss: 0.039719615663800924 
2025-01-10 18:24:06,237 INFO: Epoch 182, Train Loss: 0.004800715970746968, Test Loss: 0.005506668730439352, Inverse Test Loss: 0.02750303489821298 
2025-01-10 18:24:06,743 INFO: Epoch 183, Train Loss: 0.004328757013971789, Test Loss: 0.005200839243895773, Inverse Test Loss: 0.02440852565424783 
2025-01-10 18:24:07,227 INFO: Epoch 184, Train Loss: 0.004227651417716791, Test Loss: 0.005669926567601838, Inverse Test Loss: 0.02434125542640686 
2025-01-10 18:24:07,713 INFO: Epoch 185, Train Loss: 0.004265683735165437, Test Loss: 0.004343844659160823, Inverse Test Loss: 0.02650194082941328 
2025-01-10 18:24:08,214 INFO: Epoch 186, Train Loss: 0.004535236282684251, Test Loss: 0.0040425288773673984, Inverse Test Loss: 0.024558331285204207 
2025-01-10 18:24:08,737 INFO: Epoch 187, Train Loss: 0.003914571422741774, Test Loss: 0.004928962419009102, Inverse Test Loss: 0.02449998046670641 
2025-01-10 18:24:09,239 INFO: Epoch 188, Train Loss: 0.0039182423631054, Test Loss: 0.004363242894344564, Inverse Test Loss: 0.02489429073674338 
2025-01-10 18:24:09,739 INFO: Epoch 189, Train Loss: 0.004318179075665977, Test Loss: 0.0047834149778022295, Inverse Test Loss: 0.024839420403753008 
2025-01-10 18:24:10,256 INFO: Epoch 190, Train Loss: 0.004092448613170637, Test Loss: 0.005174955719017557, Inverse Test Loss: 0.027252024837902615 
2025-01-10 18:24:10,741 INFO: Epoch 191, Train Loss: 0.004417114654009085, Test Loss: 0.004112507183370846, Inverse Test Loss: 0.016374745539256504 
2025-01-10 18:24:11,241 INFO: Epoch 192, Train Loss: 0.004209027561538537, Test Loss: 0.004832442683566894, Inverse Test Loss: 0.02819431253841945 
2025-01-10 18:24:11,759 INFO: Epoch 193, Train Loss: 0.0043363453662279275, Test Loss: 0.0062434020551985926, Inverse Test Loss: 0.03364661123071398 
2025-01-10 18:24:12,243 INFO: Epoch 194, Train Loss: 0.0039042237603507182, Test Loss: 0.0046347798280684015, Inverse Test Loss: 0.02766308614185878 
2025-01-10 18:24:12,744 INFO: Epoch 195, Train Loss: 0.00468215018878221, Test Loss: 0.005213680327869952, Inverse Test Loss: 0.02328276421342577 
2025-01-10 18:24:13,260 INFO: Epoch 196, Train Loss: 0.0044407271673270595, Test Loss: 0.0037274679967335294, Inverse Test Loss: 0.01902683504990169 
2025-01-10 18:24:13,777 INFO: Epoch 197, Train Loss: 0.003967372292584372, Test Loss: 0.0046150885006812, Inverse Test Loss: 0.025152459740638733 
2025-01-10 18:24:14,294 INFO: Epoch 198, Train Loss: 0.004104222602492899, Test Loss: 0.004184239685335862, Inverse Test Loss: 0.019355090601103648 
2025-01-10 18:24:14,778 INFO: Epoch 199, Train Loss: 0.003691969371033371, Test Loss: 0.006010021715025816, Inverse Test Loss: 0.021506954516683306 
2025-01-10 18:24:15,294 INFO: Epoch 200, Train Loss: 0.004201044563477466, Test Loss: 0.005396955422059234, Inverse Test Loss: 0.01668961559023176 
2025-01-10 18:24:15,294 INFO: Best Epoch 196, Best Test Loss: 0.0037274679967335294 
2025-01-10 18:24:15,795 INFO: Epoch 201, Train Loss: 0.004348411773750132, Test Loss: 0.004316808090412191, Inverse Test Loss: 0.028449052146502903 
2025-01-10 18:24:16,279 INFO: Epoch 202, Train Loss: 0.004377756487800304, Test Loss: 0.0048868983119194, Inverse Test Loss: 0.03211847160543714 
2025-01-10 18:24:16,781 INFO: Epoch 203, Train Loss: 0.004197950682115801, Test Loss: 0.005061136109621397, Inverse Test Loss: 0.031360943402562826 
2025-01-10 18:24:17,298 INFO: Epoch 204, Train Loss: 0.0035657600495417456, Test Loss: 0.003396032943523356, Inverse Test Loss: 0.01767306136233466 
2025-01-10 18:24:17,841 INFO: Epoch 205, Train Loss: 0.0035919438804064047, Test Loss: 0.004984554136171937, Inverse Test Loss: 0.02717654619898115 
2025-01-10 18:24:18,348 INFO: Epoch 206, Train Loss: 0.0036102229891635407, Test Loss: 0.0048625293586935315, Inverse Test Loss: 0.025623021381241933 
2025-01-10 18:24:18,874 INFO: Epoch 207, Train Loss: 0.004052908061533619, Test Loss: 0.005082505447457412, Inverse Test Loss: 0.020459313477788652 
2025-01-10 18:24:19,468 INFO: Epoch 208, Train Loss: 0.004294479618259116, Test Loss: 0.004629154756133046, Inverse Test Loss: 0.028917680893625532 
2025-01-10 18:24:19,992 INFO: Epoch 209, Train Loss: 0.00405985269259764, Test Loss: 0.00542550567271454, Inverse Test Loss: 0.022732038583074297 
2025-01-10 18:24:20,524 INFO: Epoch 210, Train Loss: 0.003649668804361323, Test Loss: 0.005392983447693821, Inverse Test Loss: 0.020000368356704712 
2025-01-10 18:24:21,034 INFO: Epoch 211, Train Loss: 0.004106866306873089, Test Loss: 0.003947314931013223, Inverse Test Loss: 0.017566952322210585 
2025-01-10 18:24:21,520 INFO: Epoch 212, Train Loss: 0.004504384714341081, Test Loss: 0.0039948596718854135, Inverse Test Loss: 0.018025419541767666 
2025-01-10 18:24:22,004 INFO: Epoch 213, Train Loss: 0.00388653648359308, Test Loss: 0.005273479369602033, Inverse Test Loss: 0.02370176145008632 
2025-01-10 18:24:22,522 INFO: Epoch 214, Train Loss: 0.004089553791328991, Test Loss: 0.005634661298245192, Inverse Test Loss: 0.019662965621267046 
2025-01-10 18:24:23,022 INFO: Epoch 215, Train Loss: 0.0041740673312216725, Test Loss: 0.006003342652028161, Inverse Test Loss: 0.03850024938583374 
2025-01-10 18:24:23,566 INFO: Epoch 216, Train Loss: 0.004691608470155421, Test Loss: 0.0052128182308349225, Inverse Test Loss: 0.024060751710619246 
2025-01-10 18:24:24,041 INFO: Epoch 217, Train Loss: 0.004010443934538496, Test Loss: 0.00533924502087757, Inverse Test Loss: 0.022701352834701538 
2025-01-10 18:24:24,557 INFO: Epoch 218, Train Loss: 0.004309940384700894, Test Loss: 0.004396473739429244, Inverse Test Loss: 0.02181458686079298 
2025-01-10 18:24:25,049 INFO: Epoch 219, Train Loss: 0.004237722654596245, Test Loss: 0.004568437114357948, Inverse Test Loss: 0.03151380802903857 
2025-01-10 18:24:25,551 INFO: Epoch 220, Train Loss: 0.004067855103180633, Test Loss: 0.0043040135975128836, Inverse Test Loss: 0.020649113825389316 
2025-01-10 18:24:26,074 INFO: Epoch 221, Train Loss: 0.0037690350666232065, Test Loss: 0.004723869713156351, Inverse Test Loss: 0.024222723075321743 
2025-01-10 18:24:26,584 INFO: Epoch 222, Train Loss: 0.003935443151981459, Test Loss: 0.0054802647958110485, Inverse Test Loss: 0.02780586906841823 
2025-01-10 18:24:27,066 INFO: Epoch 223, Train Loss: 0.004059088061811453, Test Loss: 0.004351087629662028, Inverse Test Loss: 0.024936537657465254 
2025-01-10 18:24:27,592 INFO: Epoch 224, Train Loss: 0.0038292880422102476, Test Loss: 0.00470414079193558, Inverse Test Loss: 0.027045692716326033 
2025-01-10 18:24:28,078 INFO: Epoch 225, Train Loss: 0.0038609120080572205, Test Loss: 0.003861673558796091, Inverse Test Loss: 0.018229478171893528 
2025-01-10 18:24:28,594 INFO: Epoch 226, Train Loss: 0.0030507677802901474, Test Loss: 0.0033950516039372553, Inverse Test Loss: 0.01734728685447148 
2025-01-10 18:24:29,118 INFO: Epoch 227, Train Loss: 0.003719543534066152, Test Loss: 0.00470597025040271, Inverse Test Loss: 0.020831606217793057 
2025-01-10 18:24:29,620 INFO: Epoch 228, Train Loss: 0.003664110244653367, Test Loss: 0.005476857527225677, Inverse Test Loss: 0.021435820630618503 
2025-01-10 18:24:30,181 INFO: Epoch 229, Train Loss: 0.003813843003585251, Test Loss: 0.004669247178493866, Inverse Test Loss: 0.025646661009107317 
2025-01-10 18:24:30,686 INFO: Epoch 230, Train Loss: 0.0041885168992256356, Test Loss: 0.00340674862465156, Inverse Test Loss: 0.016435290021555766 
2025-01-10 18:24:31,191 INFO: Epoch 231, Train Loss: 0.004124408760834314, Test Loss: 0.003738890842734171, Inverse Test Loss: 0.017915870462145125 
2025-01-10 18:24:31,691 INFO: Epoch 232, Train Loss: 0.004282902898437796, Test Loss: 0.006529041299862521, Inverse Test Loss: 0.02430612700326102 
2025-01-10 18:24:32,197 INFO: Epoch 233, Train Loss: 0.005135295515316068, Test Loss: 0.0042931877292825705, Inverse Test Loss: 0.023814167295183455 
2025-01-10 18:24:32,718 INFO: Epoch 234, Train Loss: 0.0038276647661872414, Test Loss: 0.003125683545866715, Inverse Test Loss: 0.01540806463786534 
2025-01-10 18:24:33,218 INFO: Epoch 235, Train Loss: 0.003667864634510164, Test Loss: 0.004814727132075599, Inverse Test Loss: 0.024446894015584673 
2025-01-10 18:24:33,712 INFO: Epoch 236, Train Loss: 0.0037041029469921773, Test Loss: 0.0051408549354943845, Inverse Test Loss: 0.02949183540684836 
2025-01-10 18:24:34,222 INFO: Epoch 237, Train Loss: 0.003574970994281386, Test Loss: 0.005863496884038406, Inverse Test Loss: 0.02797577210835048 
2025-01-10 18:24:34,729 INFO: Epoch 238, Train Loss: 0.004033112210657345, Test Loss: 0.004220466520304659, Inverse Test Loss: 0.025939004761832102 
2025-01-10 18:24:35,264 INFO: Epoch 239, Train Loss: 0.003823352584598261, Test Loss: 0.005055776946911854, Inverse Test Loss: 0.016342141798564365 
2025-01-10 18:24:35,779 INFO: Epoch 240, Train Loss: 0.0035327299382674313, Test Loss: 0.0052233702153898776, Inverse Test Loss: 0.022329074995858327 
2025-01-10 18:24:36,268 INFO: Epoch 241, Train Loss: 0.003710121268816634, Test Loss: 0.003956064141155886, Inverse Test Loss: 0.016845408294882094 
2025-01-10 18:24:36,826 INFO: Epoch 242, Train Loss: 0.003673808597916857, Test Loss: 0.004610652137281639, Inverse Test Loss: 0.024574967367308482 
2025-01-10 18:24:37,372 INFO: Epoch 243, Train Loss: 0.0042139189125576975, Test Loss: 0.006510559968384249, Inverse Test Loss: 0.03240922944886344 
2025-01-10 18:24:37,884 INFO: Epoch 244, Train Loss: 0.004788062607852418, Test Loss: 0.00534242093895695, Inverse Test Loss: 0.02979042487485068 
2025-01-10 18:24:38,371 INFO: Epoch 245, Train Loss: 0.003918557500449616, Test Loss: 0.004370887372975371, Inverse Test Loss: 0.01937160108770643 
2025-01-10 18:24:38,889 INFO: Epoch 246, Train Loss: 0.003425933409977807, Test Loss: 0.005324185850830483, Inverse Test Loss: 0.020541625363486155 
2025-01-10 18:24:39,416 INFO: Epoch 247, Train Loss: 0.00369970611117165, Test Loss: 0.0036889874359725843, Inverse Test Loss: 0.014706339154924666 
2025-01-10 18:24:39,905 INFO: Epoch 248, Train Loss: 0.0035160841108427955, Test Loss: 0.005155556685557323, Inverse Test Loss: 0.02165993196623666 
2025-01-10 18:24:40,405 INFO: Epoch 249, Train Loss: 0.0033994289115071297, Test Loss: 0.005911847950691091, Inverse Test Loss: 0.01988909499985831 
2025-01-10 18:24:40,916 INFO: Epoch 250, Train Loss: 0.0037007437775407087, Test Loss: 0.005861351998256785, Inverse Test Loss: 0.019367405346461704 
2025-01-10 18:24:41,419 INFO: Epoch 251, Train Loss: 0.003864715123600369, Test Loss: 0.004975268317918692, Inverse Test Loss: 0.024711304477282932 
2025-01-10 18:24:41,916 INFO: Epoch 252, Train Loss: 0.0034544057140143913, Test Loss: 0.004469681306675609, Inverse Test Loss: 0.017440158341612135 
2025-01-10 18:24:42,457 INFO: Epoch 253, Train Loss: 0.003578104589288251, Test Loss: 0.004327629293714251, Inverse Test Loss: 0.02063090886388506 
2025-01-10 18:24:42,959 INFO: Epoch 254, Train Loss: 0.0037928508026439938, Test Loss: 0.005282321088348648, Inverse Test Loss: 0.019573863063539778 
2025-01-10 18:24:43,462 INFO: Epoch 255, Train Loss: 0.003794581827989549, Test Loss: 0.007759690949959415, Inverse Test Loss: 0.041712513991764615 
2025-01-10 18:24:43,951 INFO: Epoch 256, Train Loss: 0.0037984431255608797, Test Loss: 0.004495568556844124, Inverse Test Loss: 0.023585498332977295 
2025-01-10 18:24:44,503 INFO: Epoch 257, Train Loss: 0.0034760576779655087, Test Loss: 0.007494792575016618, Inverse Test Loss: 0.03798799429621015 
2025-01-10 18:24:45,026 INFO: Epoch 258, Train Loss: 0.004465864561156396, Test Loss: 0.00433083954599819, Inverse Test Loss: 0.02916903793811798 
2025-01-10 18:24:45,531 INFO: Epoch 259, Train Loss: 0.003794820917291789, Test Loss: 0.0036638690092201743, Inverse Test Loss: 0.018991791776248386 
2025-01-10 18:24:46,014 INFO: Epoch 260, Train Loss: 0.003948111102036243, Test Loss: 0.004843560887301075, Inverse Test Loss: 0.028532881821904863 
2025-01-10 18:24:46,500 INFO: Epoch 261, Train Loss: 0.0039244469985741815, Test Loss: 0.005937444744631648, Inverse Test Loss: 0.021301991173199246 
2025-01-10 18:24:47,001 INFO: Epoch 262, Train Loss: 0.0037978426510587747, Test Loss: 0.0038602547720074654, Inverse Test Loss: 0.020219055669648305 
2025-01-10 18:24:47,487 INFO: Epoch 263, Train Loss: 0.003076795747059338, Test Loss: 0.0049241178619143155, Inverse Test Loss: 0.02432634575026376 
2025-01-10 18:24:48,067 INFO: Epoch 264, Train Loss: 0.0041204147262994305, Test Loss: 0.006744413254117327, Inverse Test Loss: 0.03194516258580344 
2025-01-10 18:24:48,616 INFO: Epoch 265, Train Loss: 0.0039810082221557515, Test Loss: 0.005709046231848853, Inverse Test Loss: 0.028532319835254123 
2025-01-10 18:24:49,103 INFO: Epoch 266, Train Loss: 0.0034788482728491136, Test Loss: 0.003781692141533962, Inverse Test Loss: 0.026315759335245405 
2025-01-10 18:24:49,639 INFO: Epoch 267, Train Loss: 0.003850697979775317, Test Loss: 0.005799271133063095, Inverse Test Loss: 0.022561596972601756 
2025-01-10 18:24:50,237 INFO: Epoch 268, Train Loss: 0.003639057881002306, Test Loss: 0.0032920429283486946, Inverse Test Loss: 0.01550099572965077 
2025-01-10 18:24:50,841 INFO: Epoch 269, Train Loss: 0.003698921540256487, Test Loss: 0.0033596223552844356, Inverse Test Loss: 0.01833780748503549 
2025-01-10 18:24:51,326 INFO: Epoch 270, Train Loss: 0.003879962412110709, Test Loss: 0.0038679655574794325, Inverse Test Loss: 0.025862868343080794 
2025-01-10 18:24:51,851 INFO: Epoch 271, Train Loss: 0.0034217851091210448, Test Loss: 0.005074136940363262, Inverse Test Loss: 0.018941764320646013 
2025-01-10 18:24:52,384 INFO: Epoch 272, Train Loss: 0.0037231091922576274, Test Loss: 0.003661507923555161, Inverse Test Loss: 0.016701617411204746 
2025-01-10 18:24:52,886 INFO: Epoch 273, Train Loss: 0.003899154800135608, Test Loss: 0.00406101267019819, Inverse Test Loss: 0.026965624519756863 
2025-01-10 18:24:53,432 INFO: Epoch 274, Train Loss: 0.0038232126982387054, Test Loss: 0.004368326260841319, Inverse Test Loss: 0.0244186988898686 
2025-01-10 18:24:53,949 INFO: Epoch 275, Train Loss: 0.003557939901563484, Test Loss: 0.004114576623708542, Inverse Test Loss: 0.02218166845185416 
2025-01-10 18:24:54,449 INFO: Epoch 276, Train Loss: 0.003468156903298623, Test Loss: 0.005831355071027896, Inverse Test Loss: 0.024315819144248962 
2025-01-10 18:24:54,933 INFO: Epoch 277, Train Loss: 0.0038185829741008786, Test Loss: 0.004026633462802108, Inverse Test Loss: 0.020363735301154002 
2025-01-10 18:24:55,533 INFO: Epoch 278, Train Loss: 0.004040944131535538, Test Loss: 0.004607149616016873, Inverse Test Loss: 0.01606165511267526 
2025-01-10 18:24:56,072 INFO: Epoch 279, Train Loss: 0.0031948959724037744, Test Loss: 0.0033381825612325755, Inverse Test Loss: 0.015696096633161818 
2025-01-10 18:24:56,569 INFO: Epoch 280, Train Loss: 0.0032973349940271005, Test Loss: 0.004296741739381105, Inverse Test Loss: 0.017639881798199246 
2025-01-10 18:24:57,101 INFO: Epoch 281, Train Loss: 0.0033875929636009243, Test Loss: 0.004186176894498723, Inverse Test Loss: 0.015196053045136588 
2025-01-10 18:24:57,610 INFO: Epoch 282, Train Loss: 0.0032822533442271413, Test Loss: 0.0035247994320733206, Inverse Test Loss: 0.0156444822038923 
2025-01-10 18:24:58,132 INFO: Epoch 283, Train Loss: 0.0036089332291531725, Test Loss: 0.004420247311437768, Inverse Test Loss: 0.02420086307185037 
2025-01-10 18:24:58,618 INFO: Epoch 284, Train Loss: 0.0034736542291768373, Test Loss: 0.0033075365187999394, Inverse Test Loss: 0.015926975224699293 
2025-01-10 18:24:59,177 INFO: Epoch 285, Train Loss: 0.003372135255998428, Test Loss: 0.0035384795545334263, Inverse Test Loss: 0.014447963663509913 
2025-01-10 18:24:59,712 INFO: Epoch 286, Train Loss: 0.00346032904734442, Test Loss: 0.0036860437830910087, Inverse Test Loss: 0.024847867233412608 
2025-01-10 18:25:00,349 INFO: Epoch 287, Train Loss: 0.003103314055164063, Test Loss: 0.004390012980106154, Inverse Test Loss: 0.017371458666665212 
2025-01-10 18:25:00,913 INFO: Epoch 288, Train Loss: 0.003759232997988274, Test Loss: 0.0049747252737038904, Inverse Test Loss: 0.023595247949872698 
2025-01-10 18:25:01,429 INFO: Epoch 289, Train Loss: 0.0037439912749847415, Test Loss: 0.004526200014100011, Inverse Test Loss: 0.01721095825944628 
2025-01-10 18:25:01,946 INFO: Epoch 290, Train Loss: 0.003313096349101958, Test Loss: 0.004618053665451173, Inverse Test Loss: 0.012910868440355574 
2025-01-10 18:25:02,447 INFO: Epoch 291, Train Loss: 0.003887422583621303, Test Loss: 0.0049922043773611745, Inverse Test Loss: 0.019027041537421092 
2025-01-10 18:25:02,947 INFO: Epoch 292, Train Loss: 0.003849781278537911, Test Loss: 0.004955499965165343, Inverse Test Loss: 0.027292111090251377 
2025-01-10 18:25:03,463 INFO: Epoch 293, Train Loss: 0.003706506953292757, Test Loss: 0.0038145385000721683, Inverse Test Loss: 0.01992715895175934 
2025-01-10 18:25:03,948 INFO: Epoch 294, Train Loss: 0.0030480463937813534, Test Loss: 0.0038581593294761012, Inverse Test Loss: 0.01671168314559119 
2025-01-10 18:25:04,473 INFO: Epoch 295, Train Loss: 0.0034381986377812032, Test Loss: 0.004510012771269041, Inverse Test Loss: 0.02068327580179487 
2025-01-10 18:25:05,014 INFO: Epoch 296, Train Loss: 0.0036248133791217563, Test Loss: 0.004665239722401436, Inverse Test Loss: 0.027522182890347073 
2025-01-10 18:25:05,485 INFO: Epoch 297, Train Loss: 0.003662168172213736, Test Loss: 0.00429367770474138, Inverse Test Loss: 0.021174247775759016 
2025-01-10 18:25:05,976 INFO: Epoch 298, Train Loss: 0.003392968162330329, Test Loss: 0.0030037182649331434, Inverse Test Loss: 0.013207735759871346 
2025-01-10 18:25:06,419 INFO: Epoch 299, Train Loss: 0.0036268280263682573, Test Loss: 0.003959780849982053, Inverse Test Loss: 0.016491456755570004 
2025-01-10 18:25:06,924 INFO: Epoch 300, Train Loss: 0.003169834086192994, Test Loss: 0.0052523847469793895, Inverse Test Loss: 0.021292769483157566 
2025-01-10 18:25:06,924 INFO: Best Epoch 298, Best Test Loss: 0.0030037182649331434 
2025-01-10 18:25:07,442 INFO: Epoch 301, Train Loss: 0.003228080260285407, Test Loss: 0.0055398529678184006, Inverse Test Loss: 0.01986450808388846 
2025-01-10 18:25:07,898 INFO: Epoch 302, Train Loss: 0.0032448107665062906, Test Loss: 0.004413557962314891, Inverse Test Loss: 0.0249190947839192 
2025-01-10 18:25:08,341 INFO: Epoch 303, Train Loss: 0.003264027120067029, Test Loss: 0.005002887819760612, Inverse Test Loss: 0.02027639959539686 
2025-01-10 18:25:08,782 INFO: Epoch 304, Train Loss: 0.0035632671553368143, Test Loss: 0.005064306697542114, Inverse Test Loss: 0.021321535110473633 
2025-01-10 18:25:09,262 INFO: Epoch 305, Train Loss: 0.004148434270856851, Test Loss: 0.003850370263015585, Inverse Test Loss: 0.02243324262755258 
2025-01-10 18:25:09,713 INFO: Epoch 306, Train Loss: 0.0032614460877151393, Test Loss: 0.0056041590536811525, Inverse Test Loss: 0.01763406608785902 
2025-01-10 18:25:10,167 INFO: Epoch 307, Train Loss: 0.003278281671046322, Test Loss: 0.002880934239198853, Inverse Test Loss: 0.011643179825374059 
2025-01-10 18:25:10,616 INFO: Epoch 308, Train Loss: 0.0033088634944085133, Test Loss: 0.004574965269836996, Inverse Test Loss: 0.016581216028758457 
2025-01-10 18:25:11,059 INFO: Epoch 309, Train Loss: 0.003231834739856764, Test Loss: 0.003383211192807981, Inverse Test Loss: 0.020944582564490184 
2025-01-10 18:25:11,508 INFO: Epoch 310, Train Loss: 0.0038212848092437886, Test Loss: 0.005439784610643983, Inverse Test Loss: 0.0242453111069543 
2025-01-10 18:25:11,984 INFO: Epoch 311, Train Loss: 0.003499220569677856, Test Loss: 0.005258885295396405, Inverse Test Loss: 0.022121836032186235 
2025-01-10 18:25:12,424 INFO: Epoch 312, Train Loss: 0.003843446371119914, Test Loss: 0.005882243226681437, Inverse Test Loss: 0.028835122074399675 
2025-01-10 18:25:12,952 INFO: Epoch 313, Train Loss: 0.003834875687153651, Test Loss: 0.004666255138415311, Inverse Test Loss: 0.021819666028022766 
2025-01-10 18:25:13,400 INFO: Epoch 314, Train Loss: 0.003704104314071186, Test Loss: 0.005271830296676073, Inverse Test Loss: 0.028472828013556346 
2025-01-10 18:25:13,836 INFO: Epoch 315, Train Loss: 0.003489154835291412, Test Loss: 0.004416844167280942, Inverse Test Loss: 0.01936125542436327 
2025-01-10 18:25:14,276 INFO: Epoch 316, Train Loss: 0.0033545080644992787, Test Loss: 0.004719320061017892, Inverse Test Loss: 0.023958944848605564 
2025-01-10 18:25:14,723 INFO: Epoch 317, Train Loss: 0.0036427309595629437, Test Loss: 0.003835452288123114, Inverse Test Loss: 0.019352708544049944 
2025-01-10 18:25:15,214 INFO: Epoch 318, Train Loss: 0.003309743724541243, Test Loss: 0.004608515999279916, Inverse Test Loss: 0.015900112688541412 
2025-01-10 18:25:15,672 INFO: Epoch 319, Train Loss: 0.0033649871394960977, Test Loss: 0.0036244611837901175, Inverse Test Loss: 0.013536743819713593 
2025-01-10 18:25:16,138 INFO: Epoch 320, Train Loss: 0.003378678393046107, Test Loss: 0.005192386119493416, Inverse Test Loss: 0.01907018039907728 
2025-01-10 18:25:16,618 INFO: Epoch 321, Train Loss: 0.0037059402328257986, Test Loss: 0.004194301619593587, Inverse Test Loss: 0.01437299166406904 
2025-01-10 18:25:17,097 INFO: Epoch 322, Train Loss: 0.003055573594884588, Test Loss: 0.004669624696751791, Inverse Test Loss: 0.017496415546962192 
2025-01-10 18:25:17,632 INFO: Epoch 323, Train Loss: 0.003656864629784992, Test Loss: 0.004000657005235553, Inverse Test Loss: 0.0220401223216738 
2025-01-10 18:25:18,106 INFO: Epoch 324, Train Loss: 0.0029029496283261872, Test Loss: 0.00492775856816609, Inverse Test Loss: 0.02160933188029698 
2025-01-10 18:25:18,591 INFO: Epoch 325, Train Loss: 0.0033780492568781617, Test Loss: 0.004388030152767897, Inverse Test Loss: 0.020636747990335737 
2025-01-10 18:25:19,037 INFO: Epoch 326, Train Loss: 0.0036113837930382394, Test Loss: 0.005368605713426534, Inverse Test Loss: 0.02639062064034598 
2025-01-10 18:25:19,507 INFO: Epoch 327, Train Loss: 0.0036688829310785195, Test Loss: 0.0041053911637780926, Inverse Test Loss: 0.018265651805060252 
2025-01-10 18:25:19,950 INFO: Epoch 328, Train Loss: 0.0031272920741434763, Test Loss: 0.004473855095316789, Inverse Test Loss: 0.0161093356353896 
2025-01-10 18:25:20,420 INFO: Epoch 329, Train Loss: 0.0035379849451192477, Test Loss: 0.005222932618510511, Inverse Test Loss: 0.02414802142551967 
2025-01-10 18:25:20,870 INFO: Epoch 330, Train Loss: 0.0034545570902458026, Test Loss: 0.005192971879815949, Inverse Test Loss: 0.018315055540629795 
2025-01-10 18:25:21,329 INFO: Epoch 331, Train Loss: 0.0032653895980003502, Test Loss: 0.0032834353956526945, Inverse Test Loss: 0.022006200892584666 
2025-01-10 18:25:21,768 INFO: Epoch 332, Train Loss: 0.003488521894798913, Test Loss: 0.004658971514020648, Inverse Test Loss: 0.015332899987697601 
2025-01-10 18:25:22,230 INFO: Epoch 333, Train Loss: 0.0030721955091068775, Test Loss: 0.004666027513199619, Inverse Test Loss: 0.02370074817112514 
2025-01-10 18:25:22,674 INFO: Epoch 334, Train Loss: 0.0036668921521770845, Test Loss: 0.004202350674729262, Inverse Test Loss: 0.017537635351930345 
2025-01-10 18:25:23,171 INFO: Epoch 335, Train Loss: 0.003453457057305159, Test Loss: 0.0038687369087710977, Inverse Test Loss: 0.018944063356944492 
2025-01-10 18:25:23,609 INFO: Epoch 336, Train Loss: 0.0032203899645203843, Test Loss: 0.004247695232541966, Inverse Test Loss: 0.014887719282082148 
2025-01-10 18:25:24,115 INFO: Epoch 337, Train Loss: 0.0029875041143712375, Test Loss: 0.006042047819521811, Inverse Test Loss: 0.026464140840939114 
2025-01-10 18:25:24,602 INFO: Epoch 338, Train Loss: 0.003417075120356925, Test Loss: 0.004595916726559933, Inverse Test Loss: 0.018626836793763295 
2025-01-10 18:25:25,056 INFO: Epoch 339, Train Loss: 0.0035558969557815054, Test Loss: 0.006077603802883199, Inverse Test Loss: 0.030130988785198758 
2025-01-10 18:25:25,529 INFO: Epoch 340, Train Loss: 0.003930617331040152, Test Loss: 0.0054248230797903875, Inverse Test Loss: 0.028076476284435818 
2025-01-10 18:25:25,999 INFO: Epoch 341, Train Loss: 0.00355939852787233, Test Loss: 0.004676581264772851, Inverse Test Loss: 0.012541466525622777 
2025-01-10 18:25:26,478 INFO: Epoch 342, Train Loss: 0.0033371394858994615, Test Loss: 0.004059328622783401, Inverse Test Loss: 0.0228066976581301 
