2025-01-11 16:46:21,434 INFO: namespace(attn_dropout=0.4, categories=[], cluster=3, depth=2, dim=32, ff_dropout=0.4, groups=[54, 54, 54], heads=4, name='AMFormer_simple_MLP_dim32_depth2_heads4_dropout0.4_simple_MLP', num_cate=0, num_cont=53, num_special_tokens=1, out=1, out_dim=1, predictor='simple_MLP', prod_num_per_group=[6, 6, 6], qk_relu=False, sum_num_per_group=[32, 16, 8], target_mode='regression', token_descent=False, use_cls_token=True, use_prod=True, use_sigmoid=True) 
2025-01-11 16:46:21,434 INFO: Dataset:Bike 
2025-01-11 16:46:21,434 INFO: ------Begin Training Model------ 
2025-01-11 16:46:28,485 INFO: Epoch 1, Train Loss: 0.8487950120497187, Test Loss: 0.57684625685215, Inverse Test Loss: 4.412347248622349 
2025-01-11 16:46:30,353 INFO: Epoch 2, Train Loss: 0.5951812259100993, Test Loss: 0.5066867172718048, Inverse Test Loss: 3.9152169908796037 
2025-01-11 16:46:32,118 INFO: Epoch 3, Train Loss: 0.5436443525169967, Test Loss: 0.48806449664490564, Inverse Test Loss: 4.282384055001395 
2025-01-11 16:46:33,896 INFO: Epoch 4, Train Loss: 0.48784382080813066, Test Loss: 0.4184975964682443, Inverse Test Loss: 3.9508729662214006 
2025-01-11 16:46:35,688 INFO: Epoch 5, Train Loss: 0.42552188968439714, Test Loss: 0.35093725472688675, Inverse Test Loss: 2.6346803392682756 
2025-01-11 16:46:37,487 INFO: Epoch 6, Train Loss: 0.387352729882669, Test Loss: 0.34162879415920805, Inverse Test Loss: 2.2119877679007396 
2025-01-11 16:46:39,263 INFO: Epoch 7, Train Loss: 0.355599110553024, Test Loss: 0.32274068146944046, Inverse Test Loss: 2.3710667746407643 
2025-01-11 16:46:41,104 INFO: Epoch 8, Train Loss: 0.3401680577785597, Test Loss: 0.2987741343677044, Inverse Test Loss: 1.4733926228114538 
2025-01-11 16:46:42,920 INFO: Epoch 9, Train Loss: 0.32951612920936096, Test Loss: 0.27296784413712366, Inverse Test Loss: 1.330280031476702 
2025-01-11 16:46:44,727 INFO: Epoch 10, Train Loss: 0.32175939468615644, Test Loss: 0.2753804714551994, Inverse Test Loss: 1.4618937628609794 
2025-01-11 16:46:46,534 INFO: Epoch 11, Train Loss: 0.31065352124358536, Test Loss: 0.2746630332299641, Inverse Test Loss: 1.617814336504255 
2025-01-11 16:46:48,354 INFO: Epoch 12, Train Loss: 0.3018446017842774, Test Loss: 0.26439748278685976, Inverse Test Loss: 1.543064798627581 
2025-01-11 16:46:50,177 INFO: Epoch 13, Train Loss: 0.29329281143092234, Test Loss: 0.2655986776309354, Inverse Test Loss: 1.1668920516967773 
2025-01-11 16:46:51,931 INFO: Epoch 14, Train Loss: 0.29087233502383625, Test Loss: 0.257540195115975, Inverse Test Loss: 1.3714599609375 
2025-01-11 16:46:53,750 INFO: Epoch 15, Train Loss: 0.279105066979697, Test Loss: 0.2545926145144871, Inverse Test Loss: 1.3341856002807617 
2025-01-11 16:46:55,619 INFO: Epoch 16, Train Loss: 0.2812818033159326, Test Loss: 0.24930475279688835, Inverse Test Loss: 1.3369049344744002 
2025-01-11 16:46:57,520 INFO: Epoch 17, Train Loss: 0.2754435625371583, Test Loss: 0.24550841482622282, Inverse Test Loss: 1.5212384632655553 
2025-01-11 16:46:59,329 INFO: Epoch 18, Train Loss: 0.2675581121936851, Test Loss: 0.24686801486781665, Inverse Test Loss: 1.3487392153058733 
2025-01-11 16:47:01,221 INFO: Epoch 19, Train Loss: 0.26646958277859817, Test Loss: 0.2428182704108102, Inverse Test Loss: 1.217999049595424 
2025-01-11 16:47:03,299 INFO: Epoch 20, Train Loss: 0.2664523884790753, Test Loss: 0.24101653695106506, Inverse Test Loss: 1.3839939662388392 
2025-01-11 16:47:05,483 INFO: Epoch 21, Train Loss: 0.25961816269870197, Test Loss: 0.24661952257156372, Inverse Test Loss: 1.2979395730154855 
2025-01-11 16:47:07,501 INFO: Epoch 22, Train Loss: 0.26057955786722514, Test Loss: 0.2469579316675663, Inverse Test Loss: 1.3663538524082728 
2025-01-11 16:47:09,529 INFO: Epoch 23, Train Loss: 0.2604442364578947, Test Loss: 0.2425306247813361, Inverse Test Loss: 1.3030988148280553 
2025-01-11 16:47:11,351 INFO: Epoch 24, Train Loss: 0.256661864185552, Test Loss: 0.24134721234440804, Inverse Test Loss: 1.3938332966395788 
2025-01-11 16:47:13,165 INFO: Epoch 25, Train Loss: 0.2530642407476355, Test Loss: 0.24015672079154424, Inverse Test Loss: 1.2630198342459542 
2025-01-11 16:47:14,996 INFO: Epoch 26, Train Loss: 0.2537784374088322, Test Loss: 0.24893680002008164, Inverse Test Loss: 1.3010730743408203 
2025-01-11 16:47:16,798 INFO: Epoch 27, Train Loss: 0.24856555557579074, Test Loss: 0.2344419424022947, Inverse Test Loss: 1.4834165573120117 
2025-01-11 16:47:18,631 INFO: Epoch 28, Train Loss: 0.24829353269087065, Test Loss: 0.23859273056898797, Inverse Test Loss: 1.4730111530848913 
2025-01-11 16:47:20,419 INFO: Epoch 29, Train Loss: 0.24582100557077916, Test Loss: 0.24633444473147392, Inverse Test Loss: 1.5016720635550362 
2025-01-11 16:47:22,229 INFO: Epoch 30, Train Loss: 0.24258854164989715, Test Loss: 0.2267749426620347, Inverse Test Loss: 1.231569835117885 
2025-01-11 16:47:24,035 INFO: Epoch 31, Train Loss: 0.24025022833172335, Test Loss: 0.23510561564138957, Inverse Test Loss: 1.4030773980276925 
2025-01-11 16:47:25,823 INFO: Epoch 32, Train Loss: 0.24068877565751381, Test Loss: 0.243442814797163, Inverse Test Loss: 1.49753052847726 
2025-01-11 16:47:27,597 INFO: Epoch 33, Train Loss: 0.23764775597721066, Test Loss: 0.22844294990812028, Inverse Test Loss: 1.2917789731706892 
2025-01-11 16:47:29,456 INFO: Epoch 34, Train Loss: 0.23607796102488807, Test Loss: 0.2315980110849653, Inverse Test Loss: 1.4232368469238281 
2025-01-11 16:47:31,256 INFO: Epoch 35, Train Loss: 0.2380766931476943, Test Loss: 0.22726182000977652, Inverse Test Loss: 1.3122008187430245 
2025-01-11 16:47:33,070 INFO: Epoch 36, Train Loss: 0.2358908769460993, Test Loss: 0.23041563374655588, Inverse Test Loss: 1.366328239440918 
2025-01-11 16:47:35,114 INFO: Epoch 37, Train Loss: 0.2355615182207265, Test Loss: 0.23093080520629883, Inverse Test Loss: 1.3856075831821986 
2025-01-11 16:47:37,539 INFO: Epoch 38, Train Loss: 0.23379215502410855, Test Loss: 0.23914234659501485, Inverse Test Loss: 1.57919066292899 
2025-01-11 16:47:39,628 INFO: Epoch 39, Train Loss: 0.23260072024043546, Test Loss: 0.2270267749471324, Inverse Test Loss: 1.4575183050973075 
2025-01-11 16:47:41,569 INFO: Epoch 40, Train Loss: 0.23094588272068478, Test Loss: 0.23107376215713366, Inverse Test Loss: 1.4647456577845983 
2025-01-11 16:47:43,612 INFO: Epoch 41, Train Loss: 0.22999534297973737, Test Loss: 0.22585754415818624, Inverse Test Loss: 1.5319335120064872 
2025-01-11 16:47:45,769 INFO: Epoch 42, Train Loss: 0.22652139849619035, Test Loss: 0.23155393983636582, Inverse Test Loss: 1.3661580766950334 
2025-01-11 16:47:47,850 INFO: Epoch 43, Train Loss: 0.22494096561856225, Test Loss: 0.22074676624366216, Inverse Test Loss: 1.5104063579014368 
2025-01-11 16:47:50,175 INFO: Epoch 44, Train Loss: 0.22397630928306406, Test Loss: 0.23098237652863776, Inverse Test Loss: 1.5079285757882255 
2025-01-11 16:47:52,287 INFO: Epoch 45, Train Loss: 0.22333805427091932, Test Loss: 0.2233556147132601, Inverse Test Loss: 1.3838225773402624 
2025-01-11 16:47:54,420 INFO: Epoch 46, Train Loss: 0.22134207763256283, Test Loss: 0.22420061166797364, Inverse Test Loss: 1.556231907435826 
2025-01-11 16:47:56,523 INFO: Epoch 47, Train Loss: 0.22248182356904406, Test Loss: 0.22770156019500323, Inverse Test Loss: 1.4751307623726981 
2025-01-11 16:47:58,870 INFO: Epoch 48, Train Loss: 0.22229361397410752, Test Loss: 0.2313805797270366, Inverse Test Loss: 1.4954238619123186 
2025-01-11 16:48:01,088 INFO: Epoch 49, Train Loss: 0.22095546331427512, Test Loss: 0.2320387927549226, Inverse Test Loss: 1.58613954271589 
2025-01-11 16:48:03,300 INFO: Epoch 50, Train Loss: 0.21754198897322383, Test Loss: 0.23024194740823337, Inverse Test Loss: 1.5704550061907088 
2025-01-11 16:48:05,481 INFO: Epoch 51, Train Loss: 0.22090546622735643, Test Loss: 0.22797343188098498, Inverse Test Loss: 1.5813258034842355 
2025-01-11 16:48:07,440 INFO: Epoch 52, Train Loss: 0.2154989096276257, Test Loss: 0.2287119078849043, Inverse Test Loss: 1.5418246132986886 
2025-01-11 16:48:09,353 INFO: Epoch 53, Train Loss: 0.21150099998767222, Test Loss: 0.2224151859326022, Inverse Test Loss: 1.4335107803344727 
2025-01-11 16:48:11,543 INFO: Epoch 54, Train Loss: 0.20981702112823453, Test Loss: 0.2232192430113043, Inverse Test Loss: 1.6447853360857283 
2025-01-11 16:48:13,440 INFO: Epoch 55, Train Loss: 0.20898497255023465, Test Loss: 0.23327763910804475, Inverse Test Loss: 1.6604493004935128 
2025-01-11 16:48:15,562 INFO: Epoch 56, Train Loss: 0.21136208794532566, Test Loss: 0.23229296877980232, Inverse Test Loss: 1.5553545270647322 
2025-01-11 16:48:17,605 INFO: Epoch 57, Train Loss: 0.21173220435413745, Test Loss: 0.22865634677665575, Inverse Test Loss: 1.5280200413295202 
2025-01-11 16:48:19,771 INFO: Epoch 58, Train Loss: 0.21125364303588867, Test Loss: 0.22449111033763205, Inverse Test Loss: 1.3691740036010742 
2025-01-11 16:48:21,824 INFO: Epoch 59, Train Loss: 0.2072056079402976, Test Loss: 0.21816535560148104, Inverse Test Loss: 1.350573948451451 
2025-01-11 16:48:24,195 INFO: Epoch 60, Train Loss: 0.20827248801878834, Test Loss: 0.22088772164923803, Inverse Test Loss: 1.2998057774135046 
2025-01-11 16:48:26,415 INFO: Epoch 61, Train Loss: 0.20659707062834992, Test Loss: 0.2215389194233077, Inverse Test Loss: 1.6434050968715124 
2025-01-11 16:48:28,584 INFO: Epoch 62, Train Loss: 0.2057048985990909, Test Loss: 0.22000388854316302, Inverse Test Loss: 1.439253534589495 
2025-01-11 16:48:30,907 INFO: Epoch 63, Train Loss: 0.2032750635792356, Test Loss: 0.21781861941729272, Inverse Test Loss: 1.549680301121303 
2025-01-11 16:48:33,100 INFO: Epoch 64, Train Loss: 0.20392773525977353, Test Loss: 0.21955506237489836, Inverse Test Loss: 1.5125030790056502 
2025-01-11 16:48:35,236 INFO: Epoch 65, Train Loss: 0.2010200822025264, Test Loss: 0.21793531253933907, Inverse Test Loss: 1.5071774891444616 
2025-01-11 16:48:37,186 INFO: Epoch 66, Train Loss: 0.20321538005400142, Test Loss: 0.2270196740116392, Inverse Test Loss: 1.4316471644810267 
2025-01-11 16:48:39,194 INFO: Epoch 67, Train Loss: 0.203202517754441, Test Loss: 0.22453330936176435, Inverse Test Loss: 1.3224127633231026 
2025-01-11 16:48:41,261 INFO: Epoch 68, Train Loss: 0.20211976889623415, Test Loss: 0.2235476757798876, Inverse Test Loss: 1.268986701965332 
2025-01-11 16:48:43,290 INFO: Epoch 69, Train Loss: 0.19904384973945968, Test Loss: 0.2252808782671179, Inverse Test Loss: 1.403648785182408 
2025-01-11 16:48:45,368 INFO: Epoch 70, Train Loss: 0.20012646981882393, Test Loss: 0.23335582709738187, Inverse Test Loss: 1.5959125246320451 
2025-01-11 16:48:47,488 INFO: Epoch 71, Train Loss: 0.19892494653889892, Test Loss: 0.219808536448649, Inverse Test Loss: 1.419151442391532 
2025-01-11 16:48:49,501 INFO: Epoch 72, Train Loss: 0.19963301403806843, Test Loss: 0.22034546679684094, Inverse Test Loss: 1.3352791922433036 
2025-01-11 16:48:51,571 INFO: Epoch 73, Train Loss: 0.1938923050504212, Test Loss: 0.24600756540894508, Inverse Test Loss: 1.6467907769339425 
2025-01-11 16:48:53,841 INFO: Epoch 74, Train Loss: 0.19433845921393927, Test Loss: 0.22441980349166052, Inverse Test Loss: 1.4254657200404577 
2025-01-11 16:48:55,923 INFO: Epoch 75, Train Loss: 0.1972902373436394, Test Loss: 0.23274331805961473, Inverse Test Loss: 1.633099147251674 
2025-01-11 16:48:57,879 INFO: Epoch 76, Train Loss: 0.19804756493743406, Test Loss: 0.22370980041367666, Inverse Test Loss: 1.56806823185512 
2025-01-11 16:48:59,840 INFO: Epoch 77, Train Loss: 0.19407516499178126, Test Loss: 0.2245757319033146, Inverse Test Loss: 1.6793418611798967 
2025-01-11 16:49:01,885 INFO: Epoch 78, Train Loss: 0.19460340527766343, Test Loss: 0.21783923623817308, Inverse Test Loss: 1.4358109065464564 
2025-01-11 16:49:03,912 INFO: Epoch 79, Train Loss: 0.1931493271381483, Test Loss: 0.21687285974621773, Inverse Test Loss: 1.4642297199794225 
2025-01-11 16:49:05,978 INFO: Epoch 80, Train Loss: 0.1926135694215057, Test Loss: 0.21600189698593958, Inverse Test Loss: 1.4327175957815987 
2025-01-11 16:49:08,099 INFO: Epoch 81, Train Loss: 0.19346420849681994, Test Loss: 0.22469466818230494, Inverse Test Loss: 1.2807249341692244 
2025-01-11 16:49:10,027 INFO: Epoch 82, Train Loss: 0.19643083296784566, Test Loss: 0.21902851973261153, Inverse Test Loss: 1.6005864824567522 
2025-01-11 16:49:12,127 INFO: Epoch 83, Train Loss: 0.18890564512769017, Test Loss: 0.21632149230156625, Inverse Test Loss: 1.4113570622035436 
2025-01-11 16:49:14,319 INFO: Epoch 84, Train Loss: 0.18933760559340135, Test Loss: 0.21567755990794726, Inverse Test Loss: 1.4009579249790736 
2025-01-11 16:49:16,676 INFO: Epoch 85, Train Loss: 0.18876243826993014, Test Loss: 0.21704190703374998, Inverse Test Loss: 1.4116427557809013 
2025-01-11 16:49:18,743 INFO: Epoch 86, Train Loss: 0.188867842795652, Test Loss: 0.22160539403557777, Inverse Test Loss: 1.4762702669416154 
2025-01-11 16:49:20,812 INFO: Epoch 87, Train Loss: 0.18938064629878473, Test Loss: 0.21344539363469398, Inverse Test Loss: 1.3098314830235072 
2025-01-11 16:49:23,116 INFO: Epoch 88, Train Loss: 0.18811266137919294, Test Loss: 0.22529962126697814, Inverse Test Loss: 1.4181909561157227 
2025-01-11 16:49:25,064 INFO: Epoch 89, Train Loss: 0.19050974221131123, Test Loss: 0.22541569013680732, Inverse Test Loss: 1.5997344425746374 
2025-01-11 16:49:27,166 INFO: Epoch 90, Train Loss: 0.18625851549686642, Test Loss: 0.21426707772271975, Inverse Test Loss: 1.5033958980015345 
2025-01-11 16:49:29,197 INFO: Epoch 91, Train Loss: 0.1860577361572773, Test Loss: 0.21413585437195642, Inverse Test Loss: 1.3515269415719169 
2025-01-11 16:49:31,315 INFO: Epoch 92, Train Loss: 0.18578167027289713, Test Loss: 0.23062761660133088, Inverse Test Loss: 1.426542009626116 
2025-01-11 16:49:33,551 INFO: Epoch 93, Train Loss: 0.18686196344708084, Test Loss: 0.23099937502826964, Inverse Test Loss: 1.40071473802839 
2025-01-11 16:49:35,586 INFO: Epoch 94, Train Loss: 0.1866581940322841, Test Loss: 0.21648654341697693, Inverse Test Loss: 1.4895586286272322 
2025-01-11 16:49:37,795 INFO: Epoch 95, Train Loss: 0.18434086688067935, Test Loss: 0.21762738589729583, Inverse Test Loss: 1.4306695120675224 
2025-01-11 16:49:39,919 INFO: Epoch 96, Train Loss: 0.1821931625178101, Test Loss: 0.2138965976025377, Inverse Test Loss: 1.3255647931780135 
2025-01-11 16:49:42,165 INFO: Epoch 97, Train Loss: 0.18366836038751339, Test Loss: 0.2253706535058362, Inverse Test Loss: 1.4739573342459542 
2025-01-11 16:49:44,325 INFO: Epoch 98, Train Loss: 0.18174523443257043, Test Loss: 0.22133846208453178, Inverse Test Loss: 1.5012168884277344 
2025-01-11 16:49:46,417 INFO: Epoch 99, Train Loss: 0.18214829430120802, Test Loss: 0.2120190699185644, Inverse Test Loss: 1.4231511524745397 
2025-01-11 16:49:48,508 INFO: Epoch 100, Train Loss: 0.1834475161558991, Test Loss: 0.21538668179086276, Inverse Test Loss: 1.4349291665213448 
2025-01-11 16:49:48,508 INFO: Best Epoch 99, Best Test Loss: 0.2120190699185644 
2025-01-11 16:49:50,653 INFO: Epoch 101, Train Loss: 0.18165573026608983, Test Loss: 0.2117165502692972, Inverse Test Loss: 1.338031496320452 
2025-01-11 16:49:52,722 INFO: Epoch 102, Train Loss: 0.1805215639942283, Test Loss: 0.22056501944150245, Inverse Test Loss: 1.4769575936453683 
2025-01-11 16:49:54,752 INFO: Epoch 103, Train Loss: 0.18209885812680657, Test Loss: 0.2174375397818429, Inverse Test Loss: 1.3839060919625419 
2025-01-11 16:49:56,803 INFO: Epoch 104, Train Loss: 0.17942195994044663, Test Loss: 0.21611094794103078, Inverse Test Loss: 1.4477571759905135 
2025-01-11 16:49:58,765 INFO: Epoch 105, Train Loss: 0.1828933736873329, Test Loss: 0.2292832609798227, Inverse Test Loss: 1.5351405824933733 
2025-01-11 16:50:00,893 INFO: Epoch 106, Train Loss: 0.17873437572783285, Test Loss: 0.21404955429690226, Inverse Test Loss: 1.3907487051827567 
2025-01-11 16:50:02,964 INFO: Epoch 107, Train Loss: 0.17807626341461041, Test Loss: 0.22117108958108084, Inverse Test Loss: 1.4651692254202706 
2025-01-11 16:50:05,002 INFO: Epoch 108, Train Loss: 0.1797093779122064, Test Loss: 0.21919417700597219, Inverse Test Loss: 1.5407213483537947 
2025-01-11 16:50:07,198 INFO: Epoch 109, Train Loss: 0.18174723843368915, Test Loss: 0.22300981464130537, Inverse Test Loss: 1.5314051764351981 
2025-01-11 16:50:09,268 INFO: Epoch 110, Train Loss: 0.17526984611235627, Test Loss: 0.21387278341821261, Inverse Test Loss: 1.426072120666504 
2025-01-11 16:50:11,374 INFO: Epoch 111, Train Loss: 0.1749401438400286, Test Loss: 0.21297393419912883, Inverse Test Loss: 1.542867933000837 
2025-01-11 16:50:13,575 INFO: Epoch 112, Train Loss: 0.17491942835510324, Test Loss: 0.21749415301850863, Inverse Test Loss: 1.528043474469866 
2025-01-11 16:50:15,674 INFO: Epoch 113, Train Loss: 0.17574960676901932, Test Loss: 0.21469882716025626, Inverse Test Loss: 1.5446089335850306 
2025-01-11 16:50:17,843 INFO: Epoch 114, Train Loss: 0.17492864041700276, Test Loss: 0.2153509445488453, Inverse Test Loss: 1.4446669987269811 
2025-01-11 16:50:19,843 INFO: Epoch 115, Train Loss: 0.17366116459763378, Test Loss: 0.22512939998081752, Inverse Test Loss: 1.4655001504080636 
2025-01-11 16:50:21,818 INFO: Epoch 116, Train Loss: 0.17724216763579517, Test Loss: 0.22496617159673146, Inverse Test Loss: 1.5696157727922713 
2025-01-11 16:50:23,943 INFO: Epoch 117, Train Loss: 0.17632168121294145, Test Loss: 0.21393011723245894, Inverse Test Loss: 1.4330543790544783 
2025-01-11 16:50:25,934 INFO: Epoch 118, Train Loss: 0.1717999108614178, Test Loss: 0.21822998353413173, Inverse Test Loss: 1.585005215236119 
2025-01-11 16:50:27,910 INFO: Epoch 119, Train Loss: 0.17092239132168097, Test Loss: 0.22340069551553046, Inverse Test Loss: 1.4202391760689872 
2025-01-11 16:50:30,143 INFO: Epoch 120, Train Loss: 0.17290763830373046, Test Loss: 0.22084899033818925, Inverse Test Loss: 1.5164589200701033 
2025-01-11 16:50:32,244 INFO: Epoch 121, Train Loss: 0.171361113018399, Test Loss: 0.21487381681799889, Inverse Test Loss: 1.4074595315115792 
2025-01-11 16:50:34,362 INFO: Epoch 122, Train Loss: 0.173319501477644, Test Loss: 0.22066663844244822, Inverse Test Loss: 1.5483809879847936 
2025-01-11 16:50:36,388 INFO: Epoch 123, Train Loss: 0.17469755334591647, Test Loss: 0.21584523575646536, Inverse Test Loss: 1.443530900137765 
2025-01-11 16:50:38,390 INFO: Epoch 124, Train Loss: 0.17383570162528153, Test Loss: 0.21694757949028695, Inverse Test Loss: 1.3433121272495814 
2025-01-11 16:50:40,506 INFO: Epoch 125, Train Loss: 0.16997356876867628, Test Loss: 0.21930612197944097, Inverse Test Loss: 1.5806892939976283 
2025-01-11 16:50:42,503 INFO: Epoch 126, Train Loss: 0.17287540524651152, Test Loss: 0.21275541612080165, Inverse Test Loss: 1.506589480808803 
2025-01-11 16:50:44,648 INFO: Epoch 127, Train Loss: 0.1692818496205391, Test Loss: 0.21624581728662765, Inverse Test Loss: 1.6046627589634486 
2025-01-11 16:50:46,643 INFO: Epoch 128, Train Loss: 0.17262814761301792, Test Loss: 0.21748598398906843, Inverse Test Loss: 1.4371089935302734 
2025-01-11 16:50:48,573 INFO: Epoch 129, Train Loss: 0.17208397989973015, Test Loss: 0.2112056506531579, Inverse Test Loss: 1.4887211663382394 
2025-01-11 16:50:50,566 INFO: Epoch 130, Train Loss: 0.17033875644753832, Test Loss: 0.23099305906466075, Inverse Test Loss: 1.4164461408342635 
2025-01-11 16:50:52,558 INFO: Epoch 131, Train Loss: 0.16725555253685068, Test Loss: 0.22538681381515094, Inverse Test Loss: 1.6481787817818778 
2025-01-11 16:50:54,848 INFO: Epoch 132, Train Loss: 0.16727432246328494, Test Loss: 0.21903456481439726, Inverse Test Loss: 1.3534231185913086 
2025-01-11 16:50:56,835 INFO: Epoch 133, Train Loss: 0.1670332831253699, Test Loss: 0.21987031187329972, Inverse Test Loss: 1.5282489231654577 
2025-01-11 16:50:58,783 INFO: Epoch 134, Train Loss: 0.1673439488225027, Test Loss: 0.22414329381925718, Inverse Test Loss: 1.6198440279279436 
2025-01-11 16:51:00,936 INFO: Epoch 135, Train Loss: 0.1664393222249976, Test Loss: 0.21507559450609343, Inverse Test Loss: 1.470315933227539 
2025-01-11 16:51:03,393 INFO: Epoch 136, Train Loss: 0.16712741485429466, Test Loss: 0.22153977198260172, Inverse Test Loss: 1.4450960159301758 
2025-01-11 16:51:05,583 INFO: Epoch 137, Train Loss: 0.16664460725193725, Test Loss: 0.22480406239628792, Inverse Test Loss: 1.6371916362217493 
2025-01-11 16:51:07,603 INFO: Epoch 138, Train Loss: 0.16590565839491853, Test Loss: 0.21743220942361013, Inverse Test Loss: 1.578019414629255 
2025-01-11 16:51:09,594 INFO: Epoch 139, Train Loss: 0.1660010355328201, Test Loss: 0.21973700342433794, Inverse Test Loss: 1.428286007472447 
2025-01-11 16:51:11,627 INFO: Epoch 140, Train Loss: 0.16455800831317902, Test Loss: 0.2146492674946785, Inverse Test Loss: 1.478916849408831 
2025-01-11 16:51:13,724 INFO: Epoch 141, Train Loss: 0.164169010219224, Test Loss: 0.21924546094877378, Inverse Test Loss: 1.6039468220302038 
2025-01-11 16:51:16,062 INFO: Epoch 142, Train Loss: 0.1630108185590954, Test Loss: 0.22485299674527987, Inverse Test Loss: 1.5124289648873466 
2025-01-11 16:51:18,011 INFO: Epoch 143, Train Loss: 0.1629251911552674, Test Loss: 0.22517957325492585, Inverse Test Loss: 1.4762307575770788 
2025-01-11 16:51:20,159 INFO: Epoch 144, Train Loss: 0.16491469904917097, Test Loss: 0.22682397227202142, Inverse Test Loss: 1.5540035792759486 
2025-01-11 16:51:22,284 INFO: Epoch 145, Train Loss: 0.1625068819304125, Test Loss: 0.2164612694510392, Inverse Test Loss: 1.4892869676862444 
2025-01-11 16:51:24,514 INFO: Epoch 146, Train Loss: 0.1666863619460972, Test Loss: 0.21567767645631516, Inverse Test Loss: 1.5413153512137276 
2025-01-11 16:51:26,656 INFO: Epoch 147, Train Loss: 0.16366520558201939, Test Loss: 0.21834844457251684, Inverse Test Loss: 1.4671539579119002 
2025-01-11 16:51:28,859 INFO: Epoch 148, Train Loss: 0.1618816436294022, Test Loss: 0.21422043442726135, Inverse Test Loss: 1.4774593625749861 
2025-01-11 16:51:31,057 INFO: Epoch 149, Train Loss: 0.16264463250243336, Test Loss: 0.2223979958466121, Inverse Test Loss: 1.5686863490513392 
2025-01-11 16:51:33,074 INFO: Epoch 150, Train Loss: 0.15903432824469488, Test Loss: 0.21951583826116153, Inverse Test Loss: 1.6317600522722517 
2025-01-11 16:51:35,016 INFO: Epoch 151, Train Loss: 0.1655284091146714, Test Loss: 0.22049543687275477, Inverse Test Loss: 1.413236481802804 
2025-01-11 16:51:37,077 INFO: Epoch 152, Train Loss: 0.16306854073607593, Test Loss: 0.2216088463153158, Inverse Test Loss: 1.398313113621303 
2025-01-11 16:51:39,126 INFO: Epoch 153, Train Loss: 0.16145603755198487, Test Loss: 0.2108150018113, Inverse Test Loss: 1.4520330429077148 
2025-01-11 16:51:41,194 INFO: Epoch 154, Train Loss: 0.15956492667351294, Test Loss: 0.21607988700270653, Inverse Test Loss: 1.6013032368251257 
2025-01-11 16:51:43,114 INFO: Epoch 155, Train Loss: 0.16262418264095937, Test Loss: 0.21720425837806293, Inverse Test Loss: 1.7621593475341797 
2025-01-11 16:51:45,269 INFO: Epoch 156, Train Loss: 0.16082654578970113, Test Loss: 0.22168561443686485, Inverse Test Loss: 1.5234266008649553 
2025-01-11 16:51:47,454 INFO: Epoch 157, Train Loss: 0.16069841425900067, Test Loss: 0.21426233968564443, Inverse Test Loss: 1.5436243329729353 
2025-01-11 16:51:49,554 INFO: Epoch 158, Train Loss: 0.15702555198735052, Test Loss: 0.21324176341295242, Inverse Test Loss: 1.4221000671386719 
2025-01-11 16:51:51,544 INFO: Epoch 159, Train Loss: 0.1584576388154555, Test Loss: 0.2164716241615159, Inverse Test Loss: 1.3740994589669364 
2025-01-11 16:51:53,970 INFO: Epoch 160, Train Loss: 0.15634797957785632, Test Loss: 0.22472860930221422, Inverse Test Loss: 1.5201447350638253 
2025-01-11 16:51:56,364 INFO: Epoch 161, Train Loss: 0.15879183494990026, Test Loss: 0.2198582004223551, Inverse Test Loss: 1.4261668069022042 
2025-01-11 16:51:58,383 INFO: Epoch 162, Train Loss: 0.15701060106448078, Test Loss: 0.21667030081152916, Inverse Test Loss: 1.459998403276716 
2025-01-11 16:52:00,474 INFO: Epoch 163, Train Loss: 0.15993850780736416, Test Loss: 0.21881147686924254, Inverse Test Loss: 1.6244305201939173 
2025-01-11 16:52:02,651 INFO: Epoch 164, Train Loss: 0.15568810017830734, Test Loss: 0.22673181231532777, Inverse Test Loss: 1.6020927429199219 
2025-01-11 16:52:04,732 INFO: Epoch 165, Train Loss: 0.15848744325681563, Test Loss: 0.2198971217232091, Inverse Test Loss: 1.4031268528529577 
2025-01-11 16:52:06,805 INFO: Epoch 166, Train Loss: 0.1604372601990306, Test Loss: 0.2166531772485801, Inverse Test Loss: 1.4793928691319056 
2025-01-11 16:52:08,840 INFO: Epoch 167, Train Loss: 0.16051696630519466, Test Loss: 0.2158645215843405, Inverse Test Loss: 1.4608806882585799 
2025-01-11 16:52:10,949 INFO: Epoch 168, Train Loss: 0.15636244723829654, Test Loss: 0.22325705524001802, Inverse Test Loss: 1.524726731436593 
2025-01-11 16:52:13,075 INFO: Epoch 169, Train Loss: 0.15813951201121743, Test Loss: 0.2191064613206046, Inverse Test Loss: 1.6062281472342355 
2025-01-11 16:52:15,380 INFO: Epoch 170, Train Loss: 0.16012699717501983, Test Loss: 0.2213990736220564, Inverse Test Loss: 1.6114230837140764 
2025-01-11 16:52:17,535 INFO: Epoch 171, Train Loss: 0.15635731980341291, Test Loss: 0.22208362179143087, Inverse Test Loss: 1.439976692199707 
2025-01-11 16:52:19,662 INFO: Epoch 172, Train Loss: 0.15459324159753432, Test Loss: 0.22349040902086667, Inverse Test Loss: 1.6373508998325892 
2025-01-11 16:52:21,855 INFO: Epoch 173, Train Loss: 0.15799925448971058, Test Loss: 0.22210612786667688, Inverse Test Loss: 1.511343274797712 
2025-01-11 16:52:23,878 INFO: Epoch 174, Train Loss: 0.15333121413484627, Test Loss: 0.2199988178908825, Inverse Test Loss: 1.5364957536969865 
2025-01-11 16:52:25,908 INFO: Epoch 175, Train Loss: 0.15549709196757833, Test Loss: 0.215950109064579, Inverse Test Loss: 1.4559732164655412 
2025-01-11 16:52:27,958 INFO: Epoch 176, Train Loss: 0.1559873308063647, Test Loss: 0.22358215653470584, Inverse Test Loss: 1.5823183059692383 
2025-01-11 16:52:30,376 INFO: Epoch 177, Train Loss: 0.15616712828568363, Test Loss: 0.21652698357190406, Inverse Test Loss: 1.6407677786690849 
2025-01-11 16:52:32,572 INFO: Epoch 178, Train Loss: 0.15473286486273513, Test Loss: 0.21475440423403466, Inverse Test Loss: 1.540874753679548 
2025-01-11 16:52:34,642 INFO: Epoch 179, Train Loss: 0.15580234574068577, Test Loss: 0.22040560043283872, Inverse Test Loss: 1.4506912231445312 
2025-01-11 16:52:36,761 INFO: Epoch 180, Train Loss: 0.15260272890055945, Test Loss: 0.22394442558288574, Inverse Test Loss: 1.711372239249093 
2025-01-11 16:52:38,847 INFO: Epoch 181, Train Loss: 0.153504115725876, Test Loss: 0.2165112245295729, Inverse Test Loss: 1.5524632590157645 
2025-01-11 16:52:41,010 INFO: Epoch 182, Train Loss: 0.15466575789342232, Test Loss: 0.21608523918049677, Inverse Test Loss: 1.3850548607962472 
2025-01-11 16:52:43,313 INFO: Epoch 183, Train Loss: 0.15352245481736068, Test Loss: 0.21851818157093866, Inverse Test Loss: 1.581207275390625 
2025-01-11 16:52:45,485 INFO: Epoch 184, Train Loss: 0.15713869575240197, Test Loss: 0.2237644216844014, Inverse Test Loss: 1.5437819617135184 
2025-01-11 16:52:47,510 INFO: Epoch 185, Train Loss: 0.15364909520663253, Test Loss: 0.21824381447264127, Inverse Test Loss: 1.5500940595354353 
2025-01-11 16:52:49,548 INFO: Epoch 186, Train Loss: 0.15329596044820384, Test Loss: 0.21459580532142095, Inverse Test Loss: 1.6058331898280553 
2025-01-11 16:52:51,548 INFO: Epoch 187, Train Loss: 0.1537607617744612, Test Loss: 0.22174505836197309, Inverse Test Loss: 1.6491812297276087 
2025-01-11 16:52:53,617 INFO: Epoch 188, Train Loss: 0.1529888995333549, Test Loss: 0.2172773421875068, Inverse Test Loss: 1.4294605255126953 
2025-01-11 16:52:55,710 INFO: Epoch 189, Train Loss: 0.15243979810027902, Test Loss: 0.2234968612236636, Inverse Test Loss: 1.5712179456438338 
2025-01-11 16:52:57,985 INFO: Epoch 190, Train Loss: 0.15699350143517923, Test Loss: 0.22059788874217443, Inverse Test Loss: 1.6612739562988281 
2025-01-11 16:52:59,895 INFO: Epoch 191, Train Loss: 0.15034816359434652, Test Loss: 0.22141241814408982, Inverse Test Loss: 1.5892696380615234 
2025-01-11 16:53:01,874 INFO: Epoch 192, Train Loss: 0.15131539359278634, Test Loss: 0.22311312971370562, Inverse Test Loss: 1.4623206002371651 
2025-01-11 16:53:03,996 INFO: Epoch 193, Train Loss: 0.15249501667711712, Test Loss: 0.22172516637614795, Inverse Test Loss: 1.511009352547782 
2025-01-11 16:53:06,219 INFO: Epoch 194, Train Loss: 0.15201999951119816, Test Loss: 0.22005263609545572, Inverse Test Loss: 1.627880368913923 
2025-01-11 16:53:08,306 INFO: Epoch 195, Train Loss: 0.15003213450449324, Test Loss: 0.2198688978595393, Inverse Test Loss: 1.448235375540597 
2025-01-11 16:53:10,356 INFO: Epoch 196, Train Loss: 0.15400701378463605, Test Loss: 0.2202580858554159, Inverse Test Loss: 1.5127624784197127 
2025-01-11 16:53:12,439 INFO: Epoch 197, Train Loss: 0.14930500513916717, Test Loss: 0.21904244433556283, Inverse Test Loss: 1.5611301149640764 
2025-01-11 16:53:14,797 INFO: Epoch 198, Train Loss: 0.15339804276687288, Test Loss: 0.22332811621682985, Inverse Test Loss: 1.5972186497279577 
2025-01-11 16:53:16,883 INFO: Epoch 199, Train Loss: 0.1501146064849075, Test Loss: 0.21803303062915802, Inverse Test Loss: 1.499626568385533 
2025-01-11 16:53:18,956 INFO: Epoch 200, Train Loss: 0.14778457267568745, Test Loss: 0.2271894956273692, Inverse Test Loss: 1.5300703048706055 
2025-01-11 16:53:18,956 INFO: Best Epoch 153, Best Test Loss: 0.2108150018113 
2025-01-11 16:53:20,821 INFO: Epoch 201, Train Loss: 0.15103853261525477, Test Loss: 0.22035352832504682, Inverse Test Loss: 1.5095503670828683 
2025-01-11 16:53:22,850 INFO: Epoch 202, Train Loss: 0.15222798670650622, Test Loss: 0.22174698593361036, Inverse Test Loss: 1.3733869280133928 
2025-01-11 16:53:24,916 INFO: Epoch 203, Train Loss: 0.1490953663757088, Test Loss: 0.2173291418169226, Inverse Test Loss: 1.4224191393171037 
2025-01-11 16:53:26,939 INFO: Epoch 204, Train Loss: 0.15043627320353045, Test Loss: 0.21250438211219652, Inverse Test Loss: 1.4513523919241769 
2025-01-11 16:53:28,871 INFO: Epoch 205, Train Loss: 0.14965267294864043, Test Loss: 0.22056975002799714, Inverse Test Loss: 1.417419161115374 
2025-01-11 16:53:30,916 INFO: Epoch 206, Train Loss: 0.14852738592329376, Test Loss: 0.2223686639751707, Inverse Test Loss: 1.488811765398298 
2025-01-11 16:53:33,151 INFO: Epoch 207, Train Loss: 0.14812577768750146, Test Loss: 0.2178288676909038, Inverse Test Loss: 1.420137541634696 
2025-01-11 16:53:35,313 INFO: Epoch 208, Train Loss: 0.14868638657648628, Test Loss: 0.225894960973944, Inverse Test Loss: 1.5776444843837194 
2025-01-11 16:53:37,427 INFO: Epoch 209, Train Loss: 0.147327001283475, Test Loss: 0.21815301956874983, Inverse Test Loss: 1.5259763172694616 
2025-01-11 16:53:39,428 INFO: Epoch 210, Train Loss: 0.14837727627349556, Test Loss: 0.22100913205317088, Inverse Test Loss: 1.523869241986956 
2025-01-11 16:53:41,619 INFO: Epoch 211, Train Loss: 0.14860098610777372, Test Loss: 0.22035247087478638, Inverse Test Loss: 1.506831441606794 
2025-01-11 16:53:43,736 INFO: Epoch 212, Train Loss: 0.14777730842795941, Test Loss: 0.21796943460192, Inverse Test Loss: 1.5248964854649134 
2025-01-11 16:53:45,883 INFO: Epoch 213, Train Loss: 0.15030991060471316, Test Loss: 0.21917032131126948, Inverse Test Loss: 1.468883650643485 
2025-01-11 16:53:47,933 INFO: Epoch 214, Train Loss: 0.14599904636724279, Test Loss: 0.2177190982869693, Inverse Test Loss: 1.4976486478533064 
2025-01-11 16:53:49,946 INFO: Epoch 215, Train Loss: 0.1455402356495551, Test Loss: 0.21488635029111589, Inverse Test Loss: 1.3782525743756975 
2025-01-11 16:53:52,087 INFO: Epoch 216, Train Loss: 0.1497658884853398, Test Loss: 0.21722183589424407, Inverse Test Loss: 1.306480543954032 
2025-01-11 16:53:54,277 INFO: Epoch 217, Train Loss: 0.15009529868123728, Test Loss: 0.22709351990904128, Inverse Test Loss: 1.581613540649414 
2025-01-11 16:53:56,462 INFO: Epoch 218, Train Loss: 0.14965792649656262, Test Loss: 0.2249178002987589, Inverse Test Loss: 1.521171706063407 
2025-01-11 16:53:58,716 INFO: Epoch 219, Train Loss: 0.14598357007591004, Test Loss: 0.22750288886683329, Inverse Test Loss: 1.7301374162946428 
2025-01-11 16:54:00,879 INFO: Epoch 220, Train Loss: 0.1489664031141395, Test Loss: 0.22345123972211564, Inverse Test Loss: 1.5819572721208846 
2025-01-11 16:54:02,939 INFO: Epoch 221, Train Loss: 0.1469672015364017, Test Loss: 0.22445129177400044, Inverse Test Loss: 1.638634409223284 
2025-01-11 16:54:05,056 INFO: Epoch 222, Train Loss: 0.1490875394382608, Test Loss: 0.22060296099100793, Inverse Test Loss: 1.566246850149972 
2025-01-11 16:54:07,291 INFO: Epoch 223, Train Loss: 0.14621332349306945, Test Loss: 0.22738102078437805, Inverse Test Loss: 1.6142520904541016 
2025-01-11 16:54:09,350 INFO: Epoch 224, Train Loss: 0.1482843488044695, Test Loss: 0.2172361814549991, Inverse Test Loss: 1.468392780848912 
2025-01-11 16:54:11,489 INFO: Epoch 225, Train Loss: 0.14780404220480436, Test Loss: 0.23036625608801842, Inverse Test Loss: 1.5107808794294084 
2025-01-11 16:54:13,512 INFO: Epoch 226, Train Loss: 0.14921637063999788, Test Loss: 0.21854488285524504, Inverse Test Loss: 1.4673545019967216 
2025-01-11 16:54:15,644 INFO: Epoch 227, Train Loss: 0.14749097564351668, Test Loss: 0.2248547918030194, Inverse Test Loss: 1.5161604200090681 
2025-01-11 16:54:17,657 INFO: Epoch 228, Train Loss: 0.14459635385679542, Test Loss: 0.2252278977206775, Inverse Test Loss: 1.626413072858538 
2025-01-11 16:54:19,662 INFO: Epoch 229, Train Loss: 0.14525142893058443, Test Loss: 0.21495701745152473, Inverse Test Loss: 1.4665066855294364 
2025-01-11 16:54:21,858 INFO: Epoch 230, Train Loss: 0.14661918300280877, Test Loss: 0.2214037169303213, Inverse Test Loss: 1.642214230128697 
2025-01-11 16:54:24,077 INFO: Epoch 231, Train Loss: 0.14307024507621013, Test Loss: 0.2199798689356872, Inverse Test Loss: 1.5247376305716378 
2025-01-11 16:54:26,412 INFO: Epoch 232, Train Loss: 0.1467795227782442, Test Loss: 0.219262639858893, Inverse Test Loss: 1.4795006343296595 
2025-01-11 16:54:28,617 INFO: Epoch 233, Train Loss: 0.1458058582806806, Test Loss: 0.2264440203351634, Inverse Test Loss: 1.501427105494908 
2025-01-11 16:54:30,735 INFO: Epoch 234, Train Loss: 0.14468511768163891, Test Loss: 0.22826366871595383, Inverse Test Loss: 1.569005012512207 
2025-01-11 16:54:32,760 INFO: Epoch 235, Train Loss: 0.1439206117610319, Test Loss: 0.22319185893450463, Inverse Test Loss: 1.4805425916399275 
2025-01-11 16:54:34,967 INFO: Epoch 236, Train Loss: 0.1426745968947717, Test Loss: 0.22066424467733928, Inverse Test Loss: 1.6550952366420202 
2025-01-11 16:54:37,110 INFO: Epoch 237, Train Loss: 0.1423036332387443, Test Loss: 0.22309609289680207, Inverse Test Loss: 1.691223417009626 
2025-01-11 16:54:39,107 INFO: Epoch 238, Train Loss: 0.14652093732302343, Test Loss: 0.2284035464482648, Inverse Test Loss: 1.722442354474749 
2025-01-11 16:54:41,101 INFO: Epoch 239, Train Loss: 0.14292625536065584, Test Loss: 0.2219403242426259, Inverse Test Loss: 1.6277027130126953 
2025-01-11 16:54:43,407 INFO: Epoch 240, Train Loss: 0.14173818495842294, Test Loss: 0.22174190836293356, Inverse Test Loss: 1.5125390461512975 
2025-01-11 16:54:45,457 INFO: Epoch 241, Train Loss: 0.14298651367425919, Test Loss: 0.22160818427801132, Inverse Test Loss: 1.6345716203962053 
2025-01-11 16:54:47,577 INFO: Epoch 242, Train Loss: 0.1408754464136351, Test Loss: 0.21912919144545281, Inverse Test Loss: 1.5304061344691686 
2025-01-11 16:54:49,621 INFO: Epoch 243, Train Loss: 0.1433933493467646, Test Loss: 0.22100347919123514, Inverse Test Loss: 1.5367851257324219 
2025-01-11 16:54:51,581 INFO: Epoch 244, Train Loss: 0.1444200008697466, Test Loss: 0.22439332199948175, Inverse Test Loss: 1.6150432314191545 
2025-01-11 16:54:53,795 INFO: Epoch 245, Train Loss: 0.1432595643975319, Test Loss: 0.2227890645819051, Inverse Test Loss: 1.5816358838762556 
2025-01-11 16:54:55,823 INFO: Epoch 246, Train Loss: 0.14228611870096364, Test Loss: 0.2215677217713424, Inverse Test Loss: 1.5893260410853796 
2025-01-11 16:54:58,098 INFO: Epoch 247, Train Loss: 0.14416176299436376, Test Loss: 0.23819384511028016, Inverse Test Loss: 1.7104177474975586 
2025-01-11 16:55:00,328 INFO: Epoch 248, Train Loss: 0.14343661179236317, Test Loss: 0.22050062088029726, Inverse Test Loss: 1.5348412649972099 
2025-01-11 16:55:02,687 INFO: Epoch 249, Train Loss: 0.14379190797105842, Test Loss: 0.22496924070375307, Inverse Test Loss: 1.4589789254324776 
2025-01-11 16:55:04,668 INFO: Epoch 250, Train Loss: 0.1445201376982785, Test Loss: 0.21977989162717546, Inverse Test Loss: 1.5338516235351562 
2025-01-11 16:55:06,678 INFO: Epoch 251, Train Loss: 0.14338731950302736, Test Loss: 0.22179124876856804, Inverse Test Loss: 1.4679550443376814 
2025-01-11 16:55:08,883 INFO: Epoch 252, Train Loss: 0.1419876987507584, Test Loss: 0.22315172691430366, Inverse Test Loss: 1.6299168722970145 
2025-01-11 16:55:11,034 INFO: Epoch 253, Train Loss: 0.1436222466306949, Test Loss: 0.21886185184121132, Inverse Test Loss: 1.524153709411621 
2025-01-11 16:55:13,121 INFO: Epoch 254, Train Loss: 0.1427715523253887, Test Loss: 0.22501626344663755, Inverse Test Loss: 1.5224343708583288 
2025-01-11 16:55:15,458 INFO: Epoch 255, Train Loss: 0.14208010153486095, Test Loss: 0.22929230225937708, Inverse Test Loss: 1.5893847601754325 
2025-01-11 16:55:17,353 INFO: Epoch 256, Train Loss: 0.14049987276212886, Test Loss: 0.22055416767086303, Inverse Test Loss: 1.4130998338971819 
2025-01-11 16:55:19,464 INFO: Epoch 257, Train Loss: 0.14223304712170853, Test Loss: 0.22028788551688194, Inverse Test Loss: 1.4611294610159737 
2025-01-11 16:55:21,663 INFO: Epoch 258, Train Loss: 0.14388325188411485, Test Loss: 0.2178137323686055, Inverse Test Loss: 1.5175128664289201 
2025-01-11 16:55:23,660 INFO: Epoch 259, Train Loss: 0.1430238686296918, Test Loss: 0.2174149038536208, Inverse Test Loss: 1.401378767830985 
2025-01-11 16:55:25,683 INFO: Epoch 260, Train Loss: 0.1446686758907563, Test Loss: 0.22428931881274497, Inverse Test Loss: 1.4761441094534737 
2025-01-11 16:55:27,671 INFO: Epoch 261, Train Loss: 0.14319077448560558, Test Loss: 0.22158547437616757, Inverse Test Loss: 1.6402410779680525 
2025-01-11 16:55:29,968 INFO: Epoch 262, Train Loss: 0.14131837611624953, Test Loss: 0.22738933084266527, Inverse Test Loss: 1.5321732929774694 
2025-01-11 16:55:32,036 INFO: Epoch 263, Train Loss: 0.14321803547647022, Test Loss: 0.23043194838932582, Inverse Test Loss: 1.4990393774850028 
2025-01-11 16:55:34,063 INFO: Epoch 264, Train Loss: 0.1399651559394434, Test Loss: 0.21607629369412149, Inverse Test Loss: 1.4436039243425642 
2025-01-11 16:55:36,067 INFO: Epoch 265, Train Loss: 0.14259168820096813, Test Loss: 0.21971471554466657, Inverse Test Loss: 1.5774150575910295 
2025-01-11 16:55:38,083 INFO: Epoch 266, Train Loss: 0.14071887177885126, Test Loss: 0.22174551976578577, Inverse Test Loss: 1.4790969576154436 
2025-01-11 16:55:40,140 INFO: Epoch 267, Train Loss: 0.14475246231763736, Test Loss: 0.21924721981797898, Inverse Test Loss: 1.5636603491646903 
2025-01-11 16:55:42,266 INFO: Epoch 268, Train Loss: 0.14028680256200493, Test Loss: 0.22093929084283964, Inverse Test Loss: 1.4927520751953125 
2025-01-11 16:55:44,268 INFO: Epoch 269, Train Loss: 0.13873652690047517, Test Loss: 0.22340355760284833, Inverse Test Loss: 1.463035719735282 
2025-01-11 16:55:46,495 INFO: Epoch 270, Train Loss: 0.14153448553807144, Test Loss: 0.22013925814202853, Inverse Test Loss: 1.4171255656651087 
2025-01-11 16:55:48,514 INFO: Epoch 271, Train Loss: 0.14003629524499997, Test Loss: 0.22378169585551536, Inverse Test Loss: 1.4211841310773576 
2025-01-11 16:55:50,789 INFO: Epoch 272, Train Loss: 0.13802715992435402, Test Loss: 0.22017489692994527, Inverse Test Loss: 1.3043815067836217 
2025-01-11 16:55:52,719 INFO: Epoch 273, Train Loss: 0.13951685717073056, Test Loss: 0.22286498174071312, Inverse Test Loss: 1.4471604483468192 
2025-01-11 16:55:54,839 INFO: Epoch 274, Train Loss: 0.1392587132136756, Test Loss: 0.22990593101297105, Inverse Test Loss: 1.5117276055472237 
2025-01-11 16:55:56,829 INFO: Epoch 275, Train Loss: 0.1372524915485207, Test Loss: 0.22157781571149826, Inverse Test Loss: 1.3425006866455078 
2025-01-11 16:55:58,996 INFO: Epoch 276, Train Loss: 0.13753905297692762, Test Loss: 0.2224873240504946, Inverse Test Loss: 1.538130487714495 
2025-01-11 16:56:01,160 INFO: Epoch 277, Train Loss: 0.13712918232066915, Test Loss: 0.2192683650978974, Inverse Test Loss: 1.4587301526750838 
2025-01-11 16:56:03,460 INFO: Epoch 278, Train Loss: 0.1409735864182131, Test Loss: 0.22238831647804805, Inverse Test Loss: 1.3603594643729073 
2025-01-11 16:56:05,684 INFO: Epoch 279, Train Loss: 0.14005390007834917, Test Loss: 0.2227542389716421, Inverse Test Loss: 1.52334349496024 
2025-01-11 16:56:07,995 INFO: Epoch 280, Train Loss: 0.13859984155641783, Test Loss: 0.23210208490490913, Inverse Test Loss: 1.665970938546317 
2025-01-11 16:56:10,154 INFO: Epoch 281, Train Loss: 0.13870977624020445, Test Loss: 0.22309609236461775, Inverse Test Loss: 1.5167442049298967 
2025-01-11 16:56:12,439 INFO: Epoch 282, Train Loss: 0.1366535778576081, Test Loss: 0.22102943914277212, Inverse Test Loss: 1.4639413016183036 
2025-01-11 16:56:14,478 INFO: Epoch 283, Train Loss: 0.13900580653630265, Test Loss: 0.22611396600093162, Inverse Test Loss: 1.5093176705496651 
2025-01-11 16:56:16,445 INFO: Epoch 284, Train Loss: 0.14048300471601136, Test Loss: 0.22116915243012564, Inverse Test Loss: 1.559370722089495 
2025-01-11 16:56:18,409 INFO: Epoch 285, Train Loss: 0.13692142506805036, Test Loss: 0.22304438959274972, Inverse Test Loss: 1.5517338344029017 
2025-01-11 16:56:20,406 INFO: Epoch 286, Train Loss: 0.138339937895263, Test Loss: 0.22042315719383104, Inverse Test Loss: 1.3436087199619837 
2025-01-11 16:56:22,514 INFO: Epoch 287, Train Loss: 0.13841336042782582, Test Loss: 0.22376513055392674, Inverse Test Loss: 1.5863088880266463 
2025-01-11 16:56:24,656 INFO: Epoch 288, Train Loss: 0.13667086293117717, Test Loss: 0.22757983101265772, Inverse Test Loss: 1.682680674961635 
2025-01-11 16:56:26,706 INFO: Epoch 289, Train Loss: 0.14017942547798157, Test Loss: 0.2182091192475387, Inverse Test Loss: 1.396761349269322 
2025-01-11 16:56:28,971 INFO: Epoch 290, Train Loss: 0.13573958205247144, Test Loss: 0.21964034863880702, Inverse Test Loss: 1.444242068699428 
2025-01-11 16:56:31,155 INFO: Epoch 291, Train Loss: 0.13750866130677933, Test Loss: 0.23408611225230352, Inverse Test Loss: 1.5535276957920618 
2025-01-11 16:56:33,202 INFO: Epoch 292, Train Loss: 0.13744143902435216, Test Loss: 0.2182549855538777, Inverse Test Loss: 1.3709911618913924 
2025-01-11 16:56:35,385 INFO: Epoch 293, Train Loss: 0.13863166749750802, Test Loss: 0.22426812191094672, Inverse Test Loss: 1.419719968523298 
2025-01-11 16:56:37,587 INFO: Epoch 294, Train Loss: 0.13793293215812893, Test Loss: 0.21774137978042876, Inverse Test Loss: 1.490159579685756 
2025-01-11 16:56:39,700 INFO: Epoch 295, Train Loss: 0.13633717815263555, Test Loss: 0.22024621974144662, Inverse Test Loss: 1.6917058399745397 
2025-01-11 16:56:42,029 INFO: Epoch 296, Train Loss: 0.1354554378248136, Test Loss: 0.2244663850537368, Inverse Test Loss: 1.5215905053274972 
2025-01-11 16:56:43,989 INFO: Epoch 297, Train Loss: 0.13986110338650712, Test Loss: 0.21955241529004915, Inverse Test Loss: 1.4279120309012276 
2025-01-11 16:56:46,230 INFO: Epoch 298, Train Loss: 0.13695740043570143, Test Loss: 0.21859854566199438, Inverse Test Loss: 1.4276620319911413 
2025-01-11 16:56:48,370 INFO: Epoch 299, Train Loss: 0.13652642980354643, Test Loss: 0.23046437917011126, Inverse Test Loss: 1.665238380432129 
2025-01-11 16:56:50,380 INFO: Epoch 300, Train Loss: 0.13476439989214645, Test Loss: 0.22666207168783462, Inverse Test Loss: 1.4402335030691964 
2025-01-11 16:56:50,380 INFO: Best Epoch 153, Best Test Loss: 0.2108150018113 
2025-01-11 16:56:52,481 INFO: Epoch 301, Train Loss: 0.13503472595860105, Test Loss: 0.2224758996495179, Inverse Test Loss: 1.5091303416660853 
2025-01-11 16:56:54,497 INFO: Epoch 302, Train Loss: 0.13485882547470407, Test Loss: 0.2233514455812318, Inverse Test Loss: 1.552941049848284 
2025-01-11 16:56:56,780 INFO: Epoch 303, Train Loss: 0.13790328711818117, Test Loss: 0.21774426847696304, Inverse Test Loss: 1.3138140269688197 
2025-01-11 16:56:59,085 INFO: Epoch 304, Train Loss: 0.13644809043462122, Test Loss: 0.22159202183995927, Inverse Test Loss: 1.409024783543178 
2025-01-11 16:57:01,198 INFO: Epoch 305, Train Loss: 0.13715981685240333, Test Loss: 0.22263729944825172, Inverse Test Loss: 1.5626771109444755 
2025-01-11 16:57:03,366 INFO: Epoch 306, Train Loss: 0.13332377606575643, Test Loss: 0.22413345000573567, Inverse Test Loss: 1.5178237642560686 
2025-01-11 16:57:05,609 INFO: Epoch 307, Train Loss: 0.1343388741989748, Test Loss: 0.2299333464886461, Inverse Test Loss: 1.5122337341308594 
2025-01-11 16:57:07,815 INFO: Epoch 308, Train Loss: 0.1397612455104469, Test Loss: 0.23102833703160286, Inverse Test Loss: 1.462700298854283 
2025-01-11 16:57:09,864 INFO: Epoch 309, Train Loss: 0.13573582531935577, Test Loss: 0.2195261370922838, Inverse Test Loss: 1.5525014059884208 
2025-01-11 16:57:11,953 INFO: Epoch 310, Train Loss: 0.13291102586262818, Test Loss: 0.22210777178406715, Inverse Test Loss: 1.494225093296596 
2025-01-11 16:57:13,970 INFO: Epoch 311, Train Loss: 0.1348494499785091, Test Loss: 0.21776099503040314, Inverse Test Loss: 1.4751690455845423 
2025-01-11 16:57:15,995 INFO: Epoch 312, Train Loss: 0.13498812196178173, Test Loss: 0.21655748465231486, Inverse Test Loss: 1.5630237034388952 
2025-01-11 16:57:18,070 INFO: Epoch 313, Train Loss: 0.1354123534412559, Test Loss: 0.22335067338177136, Inverse Test Loss: 1.7334800447736467 
2025-01-11 16:57:20,186 INFO: Epoch 314, Train Loss: 0.13450285430074832, Test Loss: 0.21529875908579146, Inverse Test Loss: 1.4174608503069197 
2025-01-11 16:57:22,394 INFO: Epoch 315, Train Loss: 0.13268725013514177, Test Loss: 0.22107702759759768, Inverse Test Loss: 1.5187243052891322 
2025-01-11 16:57:24,653 INFO: Epoch 316, Train Loss: 0.1364636373355848, Test Loss: 0.22588589840701648, Inverse Test Loss: 1.4974486487252372 
2025-01-11 16:57:26,945 INFO: Epoch 317, Train Loss: 0.13524443622029156, Test Loss: 0.22679681650229863, Inverse Test Loss: 1.545668057032994 
2025-01-11 16:57:29,045 INFO: Epoch 318, Train Loss: 0.13589148127704587, Test Loss: 0.22538371650235994, Inverse Test Loss: 1.5410026822771346 
2025-01-11 16:57:31,333 INFO: Epoch 319, Train Loss: 0.1373990246462166, Test Loss: 0.220627345676933, Inverse Test Loss: 1.490591049194336 
2025-01-11 16:57:33,444 INFO: Epoch 320, Train Loss: 0.13743820109772026, Test Loss: 0.2208661176264286, Inverse Test Loss: 1.6476733343941825 
2025-01-11 16:57:35,520 INFO: Epoch 321, Train Loss: 0.13303930975428416, Test Loss: 0.22083450853824615, Inverse Test Loss: 1.4930106571742467 
2025-01-11 16:57:37,702 INFO: Epoch 322, Train Loss: 0.134909863318872, Test Loss: 0.22623205610683986, Inverse Test Loss: 1.430199350629534 
2025-01-11 16:57:39,974 INFO: Epoch 323, Train Loss: 0.1339848944490109, Test Loss: 0.22294578115854943, Inverse Test Loss: 1.5785865783691406 
2025-01-11 16:57:42,201 INFO: Epoch 324, Train Loss: 0.13414525097116417, Test Loss: 0.22338795236178807, Inverse Test Loss: 1.4693324225289481 
2025-01-11 16:57:44,335 INFO: Epoch 325, Train Loss: 0.13512844544485075, Test Loss: 0.22370421194604465, Inverse Test Loss: 1.4714561189923967 
2025-01-11 16:57:46,557 INFO: Epoch 326, Train Loss: 0.13407123997944212, Test Loss: 0.224463479327304, Inverse Test Loss: 1.4704505375453405 
2025-01-11 16:57:48,850 INFO: Epoch 327, Train Loss: 0.13248021921160025, Test Loss: 0.23041235655546188, Inverse Test Loss: 1.5762244633265905 
2025-01-11 16:57:51,251 INFO: Epoch 328, Train Loss: 0.13680873462639817, Test Loss: 0.23104842273252352, Inverse Test Loss: 1.4195037569318498 
2025-01-11 16:57:53,491 INFO: Epoch 329, Train Loss: 0.13468764934244506, Test Loss: 0.22041271733386175, Inverse Test Loss: 1.3087803976876395 
2025-01-11 16:57:55,668 INFO: Epoch 330, Train Loss: 0.13259823750191874, Test Loss: 0.22349626145192555, Inverse Test Loss: 1.4904113497052873 
2025-01-11 16:57:57,846 INFO: Epoch 331, Train Loss: 0.13201132191157122, Test Loss: 0.2253407101546015, Inverse Test Loss: 1.4439968381609236 
2025-01-11 16:57:59,880 INFO: Epoch 332, Train Loss: 0.13426044726863914, Test Loss: 0.22162699486528123, Inverse Test Loss: 1.4978975568498885 
2025-01-11 16:58:02,210 INFO: Epoch 333, Train Loss: 0.13299963924042676, Test Loss: 0.22788420638867787, Inverse Test Loss: 1.513354710170201 
2025-01-11 16:58:04,301 INFO: Epoch 334, Train Loss: 0.1349497543425735, Test Loss: 0.2267178696181093, Inverse Test Loss: 1.5217398234776087 
2025-01-11 16:58:06,474 INFO: Epoch 335, Train Loss: 0.13149274502872327, Test Loss: 0.22675474413803645, Inverse Test Loss: 1.45661803654262 
2025-01-11 16:58:08,776 INFO: Epoch 336, Train Loss: 0.13262996145891487, Test Loss: 0.21949065795966557, Inverse Test Loss: 1.5145225524902344 
2025-01-11 16:58:10,782 INFO: Epoch 337, Train Loss: 0.1321036810858534, Test Loss: 0.22425321862101555, Inverse Test Loss: 1.3932008743286133 
2025-01-11 16:58:12,808 INFO: Epoch 338, Train Loss: 0.1316197742836191, Test Loss: 0.2196973024734429, Inverse Test Loss: 1.4459332057407923 
2025-01-11 16:58:14,888 INFO: Epoch 339, Train Loss: 0.1336243888106915, Test Loss: 0.22354289942554065, Inverse Test Loss: 1.5487356185913086 
2025-01-11 16:58:16,748 INFO: Epoch 340, Train Loss: 0.13616444929203855, Test Loss: 0.22223921492695808, Inverse Test Loss: 1.4660996028355189 
2025-01-11 16:58:18,585 INFO: Epoch 341, Train Loss: 0.1301874081612727, Test Loss: 0.2238584884575435, Inverse Test Loss: 1.6871944155011858 
2025-01-11 16:58:20,478 INFO: Epoch 342, Train Loss: 0.1325807558423882, Test Loss: 0.22891526722482272, Inverse Test Loss: 1.4284300122942244 
2025-01-11 16:58:22,368 INFO: Epoch 343, Train Loss: 0.13207591304538446, Test Loss: 0.2248287270111697, Inverse Test Loss: 1.6330532346452986 
2025-01-11 16:58:24,334 INFO: Epoch 344, Train Loss: 0.13311426498747747, Test Loss: 0.22814695962837764, Inverse Test Loss: 1.4849254063197546 
2025-01-11 16:58:26,242 INFO: Epoch 345, Train Loss: 0.13267875326062561, Test Loss: 0.22900633354272162, Inverse Test Loss: 1.5896684101649694 
2025-01-11 16:58:28,132 INFO: Epoch 346, Train Loss: 0.1319564828358659, Test Loss: 0.23179405289036886, Inverse Test Loss: 1.6650357927594865 
2025-01-11 16:58:29,978 INFO: Epoch 347, Train Loss: 0.13230606353064195, Test Loss: 0.22393271060926573, Inverse Test Loss: 1.448655673435756 
2025-01-11 16:58:31,758 INFO: Epoch 348, Train Loss: 0.1329935484933197, Test Loss: 0.2227043823472091, Inverse Test Loss: 1.4538822174072266 
2025-01-11 16:58:33,693 INFO: Epoch 349, Train Loss: 0.13332597200476795, Test Loss: 0.22349339776805469, Inverse Test Loss: 1.4579386029924666 
2025-01-11 16:58:35,571 INFO: Epoch 350, Train Loss: 0.1303164847536918, Test Loss: 0.22169975297791616, Inverse Test Loss: 1.4780627659388952 
