2025-02-20 14:51:47,313 INFO: Model:namespace(depth=2, grid_size=5, name='KAN_grid5_spline3', spline_order=3) 
2025-02-20 14:51:47,313 INFO: lr:0.0001, loss:MSE 
2025-02-20 14:51:47,313 INFO: Dataset:Scm, Target:['LBL'] 
2025-02-20 14:51:47,313 INFO: ------Begin Training Model------ 
2025-02-20 14:51:49,383 INFO: Epoch 1, Train Loss: 0.8211104943041216, Test Loss: 0.7256167650222778, Inverse Test Loss: 35679.146484375 
2025-02-20 14:51:49,603 INFO: Epoch 2, Train Loss: 0.6652276489818305, Test Loss: 0.579293406009674, Inverse Test Loss: 28484.312760416666 
2025-02-20 14:51:49,828 INFO: Epoch 3, Train Loss: 0.5343669093491739, Test Loss: 0.49226757884025574, Inverse Test Loss: 24205.185416666667 
2025-02-20 14:51:50,061 INFO: Epoch 4, Train Loss: 0.47170983542475786, Test Loss: 0.4338828444480896, Inverse Test Loss: 21334.361783854165 
2025-02-20 14:51:50,285 INFO: Epoch 5, Train Loss: 0.4386020490997716, Test Loss: 0.3980143417914708, Inverse Test Loss: 19570.6779296875 
2025-02-20 14:51:50,512 INFO: Epoch 6, Train Loss: 0.4057632948745761, Test Loss: 0.3751693367958069, Inverse Test Loss: 18447.3716796875 
2025-02-20 14:51:50,736 INFO: Epoch 7, Train Loss: 0.3970748902412883, Test Loss: 0.3590690871079763, Inverse Test Loss: 17655.7091796875 
2025-02-20 14:51:50,980 INFO: Epoch 8, Train Loss: 0.388167558793436, Test Loss: 0.3461803247531255, Inverse Test Loss: 17021.95810546875 
2025-02-20 14:51:51,205 INFO: Epoch 9, Train Loss: 0.37205121470125097, Test Loss: 0.3352937581638495, Inverse Test Loss: 16486.657560221352 
2025-02-20 14:51:51,429 INFO: Epoch 10, Train Loss: 0.3555115314952114, Test Loss: 0.3254175071914991, Inverse Test Loss: 16001.03426920573 
2025-02-20 14:51:51,653 INFO: Epoch 11, Train Loss: 0.34524723704446825, Test Loss: 0.3163944151252508, Inverse Test Loss: 15557.362654622395 
2025-02-20 14:51:51,907 INFO: Epoch 12, Train Loss: 0.33490941666981633, Test Loss: 0.30837383375813565, Inverse Test Loss: 15162.984549967448 
2025-02-20 14:51:52,167 INFO: Epoch 13, Train Loss: 0.3281607188676533, Test Loss: 0.3001633068546653, Inverse Test Loss: 14759.265348307292 
2025-02-20 14:51:52,421 INFO: Epoch 14, Train Loss: 0.3241676913018812, Test Loss: 0.29298438454667725, Inverse Test Loss: 14406.272229003906 
2025-02-20 14:51:52,645 INFO: Epoch 15, Train Loss: 0.316014813226566, Test Loss: 0.2853636432439089, Inverse Test Loss: 14031.554335530598 
2025-02-20 14:51:52,866 INFO: Epoch 16, Train Loss: 0.30221916656745107, Test Loss: 0.2796133937935034, Inverse Test Loss: 13748.810921223958 
2025-02-20 14:51:53,089 INFO: Epoch 17, Train Loss: 0.30267594859265445, Test Loss: 0.2737115123619636, Inverse Test Loss: 13458.610229492188 
2025-02-20 14:51:53,310 INFO: Epoch 18, Train Loss: 0.2892722424707915, Test Loss: 0.26866653859615325, Inverse Test Loss: 13210.544466145833 
2025-02-20 14:51:53,531 INFO: Epoch 19, Train Loss: 0.2809067480266094, Test Loss: 0.2640618483225505, Inverse Test Loss: 12984.128255208334 
2025-02-20 14:51:53,752 INFO: Epoch 20, Train Loss: 0.2779255148611571, Test Loss: 0.25952269037564596, Inverse Test Loss: 12760.934016927084 
2025-02-20 14:51:53,985 INFO: Epoch 21, Train Loss: 0.2716676681710963, Test Loss: 0.25527512431144717, Inverse Test Loss: 12552.078141276043 
2025-02-20 14:51:54,207 INFO: Epoch 22, Train Loss: 0.26599094742222834, Test Loss: 0.25219958474238713, Inverse Test Loss: 12400.851578776043 
2025-02-20 14:51:54,429 INFO: Epoch 23, Train Loss: 0.26099540972918794, Test Loss: 0.24947175333897273, Inverse Test Loss: 12266.721712239583 
2025-02-20 14:51:54,651 INFO: Epoch 24, Train Loss: 0.25485109550911084, Test Loss: 0.24564881523450216, Inverse Test Loss: 12078.74443359375 
2025-02-20 14:51:54,879 INFO: Epoch 25, Train Loss: 0.26024171971438226, Test Loss: 0.24251068780819576, Inverse Test Loss: 11924.440494791666 
2025-02-20 14:51:55,104 INFO: Epoch 26, Train Loss: 0.24680027600966, Test Loss: 0.2395558923482895, Inverse Test Loss: 11779.151302083334 
2025-02-20 14:51:55,326 INFO: Epoch 27, Train Loss: 0.24146035150216336, Test Loss: 0.23724852005640665, Inverse Test Loss: 11665.6955078125 
2025-02-20 14:51:55,549 INFO: Epoch 28, Train Loss: 0.23782890642944135, Test Loss: 0.23459750711917876, Inverse Test Loss: 11535.344563802084 
2025-02-20 14:51:55,774 INFO: Epoch 29, Train Loss: 0.23434401656451978, Test Loss: 0.23199711938699086, Inverse Test Loss: 11407.480305989584 
2025-02-20 14:51:55,998 INFO: Epoch 30, Train Loss: 0.23645086037485222, Test Loss: 0.22903821269671124, Inverse Test Loss: 11261.988704427084 
2025-02-20 14:51:56,229 INFO: Epoch 31, Train Loss: 0.22555896417613616, Test Loss: 0.2269120345513026, Inverse Test Loss: 11157.443196614584 
2025-02-20 14:51:56,451 INFO: Epoch 32, Train Loss: 0.22457498285854072, Test Loss: 0.2244368443886439, Inverse Test Loss: 11035.735188802084 
2025-02-20 14:51:56,671 INFO: Epoch 33, Train Loss: 0.21988905757142788, Test Loss: 0.22164293229579926, Inverse Test Loss: 10898.356901041667 
2025-02-20 14:51:56,899 INFO: Epoch 34, Train Loss: 0.21388573599407418, Test Loss: 0.21889064113299053, Inverse Test Loss: 10763.02421875 
2025-02-20 14:51:57,132 INFO: Epoch 35, Train Loss: 0.21038964492056453, Test Loss: 0.21651103595892587, Inverse Test Loss: 10646.017252604166 
2025-02-20 14:51:57,359 INFO: Epoch 36, Train Loss: 0.2223267696405712, Test Loss: 0.21329131573438645, Inverse Test Loss: 10487.701171875 
2025-02-20 14:51:57,585 INFO: Epoch 37, Train Loss: 0.2099297514610123, Test Loss: 0.21120609045028688, Inverse Test Loss: 10385.168880208334 
2025-02-20 14:51:57,805 INFO: Epoch 38, Train Loss: 0.19986565587551972, Test Loss: 0.2078953355550766, Inverse Test Loss: 10222.376334635417 
2025-02-20 14:51:58,027 INFO: Epoch 39, Train Loss: 0.19793341504900078, Test Loss: 0.20532574901978176, Inverse Test Loss: 10096.027701822917 
2025-02-20 14:51:58,248 INFO: Epoch 40, Train Loss: 0.19436220785504893, Test Loss: 0.20318620850642521, Inverse Test Loss: 9990.824544270834 
2025-02-20 14:51:58,467 INFO: Epoch 41, Train Loss: 0.18940354818314836, Test Loss: 0.1998455544312795, Inverse Test Loss: 9826.562858072917 
2025-02-20 14:51:58,689 INFO: Epoch 42, Train Loss: 0.19317637514649777, Test Loss: 0.19695696185032527, Inverse Test Loss: 9684.528938802083 
2025-02-20 14:51:58,918 INFO: Epoch 43, Train Loss: 0.1902941972540136, Test Loss: 0.19548060198624928, Inverse Test Loss: 9611.934602864583 
2025-02-20 14:51:59,136 INFO: Epoch 44, Train Loss: 0.1828849524782415, Test Loss: 0.1919344852368037, Inverse Test Loss: 9437.56865234375 
2025-02-20 14:51:59,360 INFO: Epoch 45, Train Loss: 0.17704930352537254, Test Loss: 0.18977216134468713, Inverse Test Loss: 9331.24580078125 
2025-02-20 14:51:59,583 INFO: Epoch 46, Train Loss: 0.1757366955280304, Test Loss: 0.1852854202191035, Inverse Test Loss: 9110.629296875 
2025-02-20 14:51:59,807 INFO: Epoch 47, Train Loss: 0.1732658230160412, Test Loss: 0.1835416704416275, Inverse Test Loss: 9024.887467447918 
2025-02-20 14:52:00,027 INFO: Epoch 48, Train Loss: 0.16896589466354303, Test Loss: 0.17992571940024693, Inverse Test Loss: 8847.088704427084 
2025-02-20 14:52:00,252 INFO: Epoch 49, Train Loss: 0.16762525562131614, Test Loss: 0.1784635732571284, Inverse Test Loss: 8775.193912760416 
2025-02-20 14:52:00,475 INFO: Epoch 50, Train Loss: 0.16477808068718827, Test Loss: 0.1750252073009809, Inverse Test Loss: 8606.126953125 
2025-02-20 14:52:00,702 INFO: Epoch 51, Train Loss: 0.16015051684358664, Test Loss: 0.1734561304251353, Inverse Test Loss: 8528.973893229168 
2025-02-20 14:52:00,930 INFO: Epoch 52, Train Loss: 0.15819618105888367, Test Loss: 0.16995559285084408, Inverse Test Loss: 8356.84970703125 
2025-02-20 14:52:01,161 INFO: Epoch 53, Train Loss: 0.15341641597057643, Test Loss: 0.16768106420834858, Inverse Test Loss: 8245.009147135417 
2025-02-20 14:52:01,382 INFO: Epoch 54, Train Loss: 0.15174575333009688, Test Loss: 0.1653066764275233, Inverse Test Loss: 8128.258626302083 
2025-02-20 14:52:01,603 INFO: Epoch 55, Train Loss: 0.14963191159461675, Test Loss: 0.16305770228306452, Inverse Test Loss: 8017.675065104167 
2025-02-20 14:52:01,820 INFO: Epoch 56, Train Loss: 0.14433392398712927, Test Loss: 0.15987914899984995, Inverse Test Loss: 7861.382779947917 
2025-02-20 14:52:02,040 INFO: Epoch 57, Train Loss: 0.14081584822321147, Test Loss: 0.158833347260952, Inverse Test Loss: 7809.96005859375 
2025-02-20 14:52:02,258 INFO: Epoch 58, Train Loss: 0.13878590495962845, Test Loss: 0.15614747554063796, Inverse Test Loss: 7677.89375 
2025-02-20 14:52:02,481 INFO: Epoch 59, Train Loss: 0.13598690695014962, Test Loss: 0.15431641439596813, Inverse Test Loss: 7587.859016927084 
2025-02-20 14:52:02,722 INFO: Epoch 60, Train Loss: 0.13475848930446724, Test Loss: 0.1523277108867963, Inverse Test Loss: 7490.072428385417 
2025-02-20 14:52:03,020 INFO: Epoch 61, Train Loss: 0.1314667365922217, Test Loss: 0.15001995712518693, Inverse Test Loss: 7376.598697916666 
2025-02-20 14:52:03,275 INFO: Epoch 62, Train Loss: 0.12876494222304277, Test Loss: 0.14830623765786488, Inverse Test Loss: 7292.33408203125 
2025-02-20 14:52:03,504 INFO: Epoch 63, Train Loss: 0.12635364115499614, Test Loss: 0.14616223375002543, Inverse Test Loss: 7186.9115234375 
2025-02-20 14:52:03,726 INFO: Epoch 64, Train Loss: 0.1240268975757716, Test Loss: 0.1441233942906062, Inverse Test Loss: 7086.660660807292 
2025-02-20 14:52:03,950 INFO: Epoch 65, Train Loss: 0.12153472123961699, Test Loss: 0.14145006388425826, Inverse Test Loss: 6955.210774739583 
2025-02-20 14:52:04,171 INFO: Epoch 66, Train Loss: 0.12109435179777313, Test Loss: 0.14092599501212438, Inverse Test Loss: 6929.441585286459 
2025-02-20 14:52:04,392 INFO: Epoch 67, Train Loss: 0.11764735323295258, Test Loss: 0.13859214435021083, Inverse Test Loss: 6814.684830729167 
2025-02-20 14:52:04,614 INFO: Epoch 68, Train Loss: 0.11488494146288487, Test Loss: 0.13630942751963934, Inverse Test Loss: 6702.441357421875 
2025-02-20 14:52:04,835 INFO: Epoch 69, Train Loss: 0.11430069104882709, Test Loss: 0.13488029638926188, Inverse Test Loss: 6632.17001953125 
2025-02-20 14:52:05,062 INFO: Epoch 70, Train Loss: 0.11155885588704494, Test Loss: 0.1335650349656741, Inverse Test Loss: 6567.497721354167 
2025-02-20 14:52:05,290 INFO: Epoch 71, Train Loss: 0.10852222484454774, Test Loss: 0.13182745799422263, Inverse Test Loss: 6482.059375 
2025-02-20 14:52:05,536 INFO: Epoch 72, Train Loss: 0.10756619771321614, Test Loss: 0.12961313873529434, Inverse Test Loss: 6373.179654947917 
2025-02-20 14:52:05,791 INFO: Epoch 73, Train Loss: 0.10427094963297509, Test Loss: 0.12847925921281178, Inverse Test Loss: 6317.42578125 
2025-02-20 14:52:06,039 INFO: Epoch 74, Train Loss: 0.10270629699031512, Test Loss: 0.12785222977399827, Inverse Test Loss: 6286.594287109375 
2025-02-20 14:52:06,259 INFO: Epoch 75, Train Loss: 0.1003561665614446, Test Loss: 0.1253551371395588, Inverse Test Loss: 6163.810091145833 
2025-02-20 14:52:06,485 INFO: Epoch 76, Train Loss: 0.09943819477369911, Test Loss: 0.1239664355913798, Inverse Test Loss: 6095.526953125 
2025-02-20 14:52:06,709 INFO: Epoch 77, Train Loss: 0.09744292014000709, Test Loss: 0.12233506366610528, Inverse Test Loss: 6015.311173502604 
2025-02-20 14:52:06,939 INFO: Epoch 78, Train Loss: 0.0997997517779208, Test Loss: 0.12159241288900376, Inverse Test Loss: 5978.794506835938 
2025-02-20 14:52:07,168 INFO: Epoch 79, Train Loss: 0.09421545159267752, Test Loss: 0.12008647272984187, Inverse Test Loss: 5904.745849609375 
2025-02-20 14:52:07,387 INFO: Epoch 80, Train Loss: 0.09210696986369919, Test Loss: 0.11921531818807125, Inverse Test Loss: 5861.910611979167 
2025-02-20 14:52:07,608 INFO: Epoch 81, Train Loss: 0.09059471421335873, Test Loss: 0.11779434482256572, Inverse Test Loss: 5792.040478515625 
2025-02-20 14:52:07,829 INFO: Epoch 82, Train Loss: 0.08907582411509857, Test Loss: 0.11673501916229725, Inverse Test Loss: 5739.9519449869795 
2025-02-20 14:52:08,052 INFO: Epoch 83, Train Loss: 0.08762178511211746, Test Loss: 0.11581073887646198, Inverse Test Loss: 5694.504890950521 
2025-02-20 14:52:08,270 INFO: Epoch 84, Train Loss: 0.08597930592664502, Test Loss: 0.11485454353193442, Inverse Test Loss: 5647.487878417969 
2025-02-20 14:52:08,496 INFO: Epoch 85, Train Loss: 0.08519765434035084, Test Loss: 0.11368618148068586, Inverse Test Loss: 5590.038545735677 
2025-02-20 14:52:08,715 INFO: Epoch 86, Train Loss: 0.0832467328168844, Test Loss: 0.11271456560740868, Inverse Test Loss: 5542.263562011719 
2025-02-20 14:52:08,935 INFO: Epoch 87, Train Loss: 0.0817815063423232, Test Loss: 0.11144441366195679, Inverse Test Loss: 5479.809106445313 
2025-02-20 14:52:09,154 INFO: Epoch 88, Train Loss: 0.0806794309694516, Test Loss: 0.11118135750293731, Inverse Test Loss: 5466.874881998698 
2025-02-20 14:52:09,375 INFO: Epoch 89, Train Loss: 0.08011481348882642, Test Loss: 0.11043788455426692, Inverse Test Loss: 5430.317447916666 
2025-02-20 14:52:09,592 INFO: Epoch 90, Train Loss: 0.07812241778561943, Test Loss: 0.10965394973754883, Inverse Test Loss: 5391.770920817057 
2025-02-20 14:52:09,815 INFO: Epoch 91, Train Loss: 0.07672523033984921, Test Loss: 0.10899743344634771, Inverse Test Loss: 5359.489284261068 
2025-02-20 14:52:10,038 INFO: Epoch 92, Train Loss: 0.07738840468881424, Test Loss: 0.10806109781066577, Inverse Test Loss: 5313.449139404297 
2025-02-20 14:52:10,255 INFO: Epoch 93, Train Loss: 0.07440464312553798, Test Loss: 0.10739209437742829, Inverse Test Loss: 5280.553717041015 
2025-02-20 14:52:10,476 INFO: Epoch 94, Train Loss: 0.07369212976150345, Test Loss: 0.10674131698906422, Inverse Test Loss: 5248.554521687825 
2025-02-20 14:52:10,696 INFO: Epoch 95, Train Loss: 0.07227100660664994, Test Loss: 0.10630231518298387, Inverse Test Loss: 5226.968469238282 
2025-02-20 14:52:10,913 INFO: Epoch 96, Train Loss: 0.07104225201826346, Test Loss: 0.10576321839665373, Inverse Test Loss: 5200.4604502360025 
2025-02-20 14:52:11,135 INFO: Epoch 97, Train Loss: 0.07075413100813564, Test Loss: 0.10478182925532262, Inverse Test Loss: 5152.204667154948 
2025-02-20 14:52:11,357 INFO: Epoch 98, Train Loss: 0.06907935362113149, Test Loss: 0.10464246814760068, Inverse Test Loss: 5145.352336120605 
2025-02-20 14:52:11,577 INFO: Epoch 99, Train Loss: 0.06791984557844045, Test Loss: 0.10390560591282944, Inverse Test Loss: 5109.120305887858 
2025-02-20 14:52:11,797 INFO: Epoch 100, Train Loss: 0.0689180154810872, Test Loss: 0.10351167566453418, Inverse Test Loss: 5089.7506632486975 
2025-02-20 14:52:11,798 INFO: Best Epoch 100, Best Test Loss: 0.10351167566453418, Inverse Test Loss: 5089.7506632486975 
2025-02-20 14:52:12,024 INFO: Epoch 101, Train Loss: 0.0673598206618376, Test Loss: 0.10342733617871999, Inverse Test Loss: 5085.60335337321 
2025-02-20 14:52:12,246 INFO: Epoch 102, Train Loss: 0.06552661393295255, Test Loss: 0.10280483918419729, Inverse Test Loss: 5054.994552103678 
2025-02-20 14:52:12,467 INFO: Epoch 103, Train Loss: 0.06429356294112247, Test Loss: 0.10220042764364431, Inverse Test Loss: 5025.27524210612 
2025-02-20 14:52:12,689 INFO: Epoch 104, Train Loss: 0.0635175682408245, Test Loss: 0.10167257882033785, Inverse Test Loss: 4999.320255533854 
2025-02-20 14:52:12,908 INFO: Epoch 105, Train Loss: 0.06261614549970418, Test Loss: 0.10124005645823976, Inverse Test Loss: 4978.052868143717 
2025-02-20 14:52:13,128 INFO: Epoch 106, Train Loss: 0.06240871332977947, Test Loss: 0.1008529680625846, Inverse Test Loss: 4959.019564819336 
2025-02-20 14:52:13,356 INFO: Epoch 107, Train Loss: 0.06155908813602046, Test Loss: 0.09998361181739407, Inverse Test Loss: 4916.2727457682295 
2025-02-20 14:52:13,576 INFO: Epoch 108, Train Loss: 0.06267464461556652, Test Loss: 0.09977523482521064, Inverse Test Loss: 4906.026460647583 
2025-02-20 14:52:13,796 INFO: Epoch 109, Train Loss: 0.05960885792349776, Test Loss: 0.09975102458071584, Inverse Test Loss: 4904.836259333292 
2025-02-20 14:52:14,020 INFO: Epoch 110, Train Loss: 0.05859195409963528, Test Loss: 0.09984426735069671, Inverse Test Loss: 4909.421023668846 
2025-02-20 14:52:14,240 INFO: Epoch 111, Train Loss: 0.05810734793020968, Test Loss: 0.09943657391413581, Inverse Test Loss: 4889.3743054072065 
2025-02-20 14:52:14,462 INFO: Epoch 112, Train Loss: 0.05745650605674375, Test Loss: 0.0989327840313005, Inverse Test Loss: 4864.602552604675 
2025-02-20 14:52:14,687 INFO: Epoch 113, Train Loss: 0.05733079031894082, Test Loss: 0.09841467600975497, Inverse Test Loss: 4839.12665570577 
2025-02-20 14:52:14,910 INFO: Epoch 114, Train Loss: 0.056754874947823976, Test Loss: 0.0974022458200731, Inverse Test Loss: 4789.344989903768 
2025-02-20 14:52:15,134 INFO: Epoch 115, Train Loss: 0.056235796559536665, Test Loss: 0.0980858794801558, Inverse Test Loss: 4822.959893576304 
2025-02-20 14:52:15,356 INFO: Epoch 116, Train Loss: 0.05621963053157455, Test Loss: 0.09718915750660623, Inverse Test Loss: 4778.867278544108 
2025-02-20 14:52:15,578 INFO: Epoch 117, Train Loss: 0.05588449789374544, Test Loss: 0.09699476622821142, Inverse Test Loss: 4769.308708190918 
2025-02-20 14:52:15,800 INFO: Epoch 118, Train Loss: 0.05348007606440469, Test Loss: 0.09718153387463341, Inverse Test Loss: 4778.492259216308 
2025-02-20 14:52:16,020 INFO: Epoch 119, Train Loss: 0.05325126125101458, Test Loss: 0.0969398633033658, Inverse Test Loss: 4766.6092618306475 
2025-02-20 14:52:16,246 INFO: Epoch 120, Train Loss: 0.052128732857996955, Test Loss: 0.09602524441822122, Inverse Test Loss: 4721.636341094971 
2025-02-20 14:52:16,482 INFO: Epoch 121, Train Loss: 0.05153763526233665, Test Loss: 0.09624271749053151, Inverse Test Loss: 4732.329856872559 
2025-02-20 14:52:16,738 INFO: Epoch 122, Train Loss: 0.050966727302262656, Test Loss: 0.09632353911874816, Inverse Test Loss: 4736.304275194804 
2025-02-20 14:52:16,969 INFO: Epoch 123, Train Loss: 0.05070855262640275, Test Loss: 0.09495895467698574, Inverse Test Loss: 4669.206516774496 
2025-02-20 14:52:17,189 INFO: Epoch 124, Train Loss: 0.05020561461385928, Test Loss: 0.09495493048258746, Inverse Test Loss: 4669.008530235291 
2025-02-20 14:52:17,407 INFO: Epoch 125, Train Loss: 0.049741238094212714, Test Loss: 0.0955799375466692, Inverse Test Loss: 4699.740502929688 
2025-02-20 14:52:17,624 INFO: Epoch 126, Train Loss: 0.049196321419195124, Test Loss: 0.0948427044476072, Inverse Test Loss: 4663.490496317546 
2025-02-20 14:52:17,849 INFO: Epoch 127, Train Loss: 0.04826481702427069, Test Loss: 0.09468372374152144, Inverse Test Loss: 4655.672858683268 
2025-02-20 14:52:18,097 INFO: Epoch 128, Train Loss: 0.04757753452449514, Test Loss: 0.09440884664654732, Inverse Test Loss: 4642.157113647461 
2025-02-20 14:52:18,354 INFO: Epoch 129, Train Loss: 0.047277042446167844, Test Loss: 0.09353930357222756, Inverse Test Loss: 4599.400994873047 
2025-02-20 14:52:18,610 INFO: Epoch 130, Train Loss: 0.048655504916320765, Test Loss: 0.09369973462695877, Inverse Test Loss: 4607.28942159017 
2025-02-20 14:52:18,849 INFO: Epoch 131, Train Loss: 0.04645241072336048, Test Loss: 0.09363703240330021, Inverse Test Loss: 4604.206281026204 
2025-02-20 14:52:19,074 INFO: Epoch 132, Train Loss: 0.04577449245149629, Test Loss: 0.09344379669055343, Inverse Test Loss: 4594.704788208008 
2025-02-20 14:52:19,310 INFO: Epoch 133, Train Loss: 0.04552178927942326, Test Loss: 0.0932398924138397, Inverse Test Loss: 4584.678579711914 
2025-02-20 14:52:19,536 INFO: Epoch 134, Train Loss: 0.046267498774748096, Test Loss: 0.09346053656190634, Inverse Test Loss: 4595.528131103516 
2025-02-20 14:52:19,756 INFO: Epoch 135, Train Loss: 0.04556872149962082, Test Loss: 0.09277783851139247, Inverse Test Loss: 4561.958965555827 
2025-02-20 14:52:19,972 INFO: Epoch 136, Train Loss: 0.04421271953176249, Test Loss: 0.09293723267813524, Inverse Test Loss: 4569.796715291342 
2025-02-20 14:52:20,195 INFO: Epoch 137, Train Loss: 0.043862115493730494, Test Loss: 0.09263555888707439, Inverse Test Loss: 4554.963259887695 
2025-02-20 14:52:20,415 INFO: Epoch 138, Train Loss: 0.043037635878774155, Test Loss: 0.09236726428692539, Inverse Test Loss: 4541.770708211263 
2025-02-20 14:52:20,637 INFO: Epoch 139, Train Loss: 0.04260157607495785, Test Loss: 0.09205424031242729, Inverse Test Loss: 4526.379092407226 
2025-02-20 14:52:20,857 INFO: Epoch 140, Train Loss: 0.04210719547904374, Test Loss: 0.09215370382492741, Inverse Test Loss: 4531.270035807292 
2025-02-20 14:52:21,077 INFO: Epoch 141, Train Loss: 0.04172811771563271, Test Loss: 0.09220113301028808, Inverse Test Loss: 4533.601944986979 
2025-02-20 14:52:21,296 INFO: Epoch 142, Train Loss: 0.04144723255906189, Test Loss: 0.09268903657793999, Inverse Test Loss: 4557.5926798502605 
2025-02-20 14:52:21,525 INFO: Epoch 143, Train Loss: 0.04164476048920238, Test Loss: 0.09241534949590763, Inverse Test Loss: 4544.135121663411 
2025-02-20 14:52:21,794 INFO: Epoch 144, Train Loss: 0.040923576802015305, Test Loss: 0.09230798830588659, Inverse Test Loss: 4538.85631612142 
2025-02-20 14:52:22,049 INFO: Epoch 145, Train Loss: 0.03990295841440297, Test Loss: 0.0921174253647526, Inverse Test Loss: 4529.486419677734 
2025-02-20 14:52:22,330 INFO: Epoch 146, Train Loss: 0.039501199090297805, Test Loss: 0.09263644646853209, Inverse Test Loss: 4555.006604003906 
2025-02-20 14:52:22,592 INFO: Epoch 147, Train Loss: 0.04011084583767673, Test Loss: 0.09180425647646188, Inverse Test Loss: 4514.087396240235 
2025-02-20 14:52:22,864 INFO: Epoch 148, Train Loss: 0.03888201032226023, Test Loss: 0.09198256079107522, Inverse Test Loss: 4522.854791259766 
2025-02-20 14:52:23,135 INFO: Epoch 149, Train Loss: 0.04071226621275408, Test Loss: 0.09172136019915342, Inverse Test Loss: 4510.011145019531 
2025-02-20 14:52:23,410 INFO: Epoch 150, Train Loss: 0.03835645023929445, Test Loss: 0.0913306811824441, Inverse Test Loss: 4490.8013102213545 
2025-02-20 14:52:23,674 INFO: Epoch 151, Train Loss: 0.037763420525088645, Test Loss: 0.09153674313177665, Inverse Test Loss: 4500.933622233073 
2025-02-20 14:52:23,983 INFO: Epoch 152, Train Loss: 0.03720880562047425, Test Loss: 0.0914484320829312, Inverse Test Loss: 4496.591080729167 
2025-02-20 14:52:24,238 INFO: Epoch 153, Train Loss: 0.03734589943237472, Test Loss: 0.09128229624281327, Inverse Test Loss: 4488.422151692708 
2025-02-20 14:52:24,496 INFO: Epoch 154, Train Loss: 0.03671354012923282, Test Loss: 0.09173422350237767, Inverse Test Loss: 4510.643693033854 
2025-02-20 14:52:24,748 INFO: Epoch 155, Train Loss: 0.03600519931499373, Test Loss: 0.09158653977016608, Inverse Test Loss: 4503.382385253906 
2025-02-20 14:52:25,001 INFO: Epoch 156, Train Loss: 0.03594629094004631, Test Loss: 0.09121645614504814, Inverse Test Loss: 4485.184790039062 
2025-02-20 14:52:25,253 INFO: Epoch 157, Train Loss: 0.03546580858528614, Test Loss: 0.09108526818454266, Inverse Test Loss: 4478.734012858073 
2025-02-20 14:52:25,503 INFO: Epoch 158, Train Loss: 0.034960207954179826, Test Loss: 0.09138063403467338, Inverse Test Loss: 4493.257653808594 
2025-02-20 14:52:25,755 INFO: Epoch 159, Train Loss: 0.034514662172449265, Test Loss: 0.09128937249382336, Inverse Test Loss: 4488.770157877604 
2025-02-20 14:52:25,999 INFO: Epoch 160, Train Loss: 0.034440389295157636, Test Loss: 0.09084176123142243, Inverse Test Loss: 4466.760685221354 
2025-02-20 14:52:26,247 INFO: Epoch 161, Train Loss: 0.03414422031818775, Test Loss: 0.09060979001224041, Inverse Test Loss: 4455.354748535156 
2025-02-20 14:52:26,502 INFO: Epoch 162, Train Loss: 0.03388380242936444, Test Loss: 0.09111852546532949, Inverse Test Loss: 4480.36942952474 
2025-02-20 14:52:26,780 INFO: Epoch 163, Train Loss: 0.03352946846892959, Test Loss: 0.09076607823371888, Inverse Test Loss: 4463.0393473307295 
2025-02-20 14:52:27,038 INFO: Epoch 164, Train Loss: 0.03406552924660214, Test Loss: 0.09096688131491343, Inverse Test Loss: 4472.9126383463545 
2025-02-20 14:52:27,300 INFO: Epoch 165, Train Loss: 0.03342206093172232, Test Loss: 0.09084175353248915, Inverse Test Loss: 4466.76044921875 
2025-02-20 14:52:27,559 INFO: Epoch 166, Train Loss: 0.032678161469990745, Test Loss: 0.09103002659976482, Inverse Test Loss: 4476.0176188151045 
2025-02-20 14:52:27,848 INFO: Epoch 167, Train Loss: 0.032380755729319755, Test Loss: 0.09124545678496361, Inverse Test Loss: 4486.610713704427 
2025-02-20 14:52:28,125 INFO: Epoch 168, Train Loss: 0.03190661259322313, Test Loss: 0.09080794031421344, Inverse Test Loss: 4465.097599283854 
2025-02-20 14:52:28,381 INFO: Epoch 169, Train Loss: 0.03192907718843535, Test Loss: 0.09067341449360053, Inverse Test Loss: 4458.4829793294275 
2025-02-20 14:52:28,633 INFO: Epoch 170, Train Loss: 0.030949808951271206, Test Loss: 0.09072385132312774, Inverse Test Loss: 4460.963232421875 
2025-02-20 14:52:28,889 INFO: Epoch 171, Train Loss: 0.031197371190054377, Test Loss: 0.09049128827949365, Inverse Test Loss: 4449.527526855469 
2025-02-20 14:52:29,166 INFO: Epoch 172, Train Loss: 0.030634962969966102, Test Loss: 0.09066932698090871, Inverse Test Loss: 4458.282039388021 
2025-02-20 14:52:29,449 INFO: Epoch 173, Train Loss: 0.029843851932112062, Test Loss: 0.09034503921866417, Inverse Test Loss: 4442.3366292317705 
2025-02-20 14:52:29,704 INFO: Epoch 174, Train Loss: 0.03001207266852521, Test Loss: 0.09054849594831467, Inverse Test Loss: 4452.34091796875 
2025-02-20 14:52:30,004 INFO: Epoch 175, Train Loss: 0.02951827936135886, Test Loss: 0.09130743729571501, Inverse Test Loss: 4489.65830078125 
2025-02-20 14:52:30,313 INFO: Epoch 176, Train Loss: 0.029141733537248353, Test Loss: 0.09130509061117967, Inverse Test Loss: 4489.543351236979 
2025-02-20 14:52:30,597 INFO: Epoch 177, Train Loss: 0.031135260699349538, Test Loss: 0.09045781542857488, Inverse Test Loss: 4447.881844075521 
2025-02-20 14:52:30,851 INFO: Epoch 178, Train Loss: 0.02937656434318214, Test Loss: 0.09036319218575954, Inverse Test Loss: 4443.229305013021 
2025-02-20 14:52:31,131 INFO: Epoch 179, Train Loss: 0.02999663710790245, Test Loss: 0.09040036362906297, Inverse Test Loss: 4445.056640625 
2025-02-20 14:52:31,402 INFO: Epoch 180, Train Loss: 0.028736022235662267, Test Loss: 0.09039684956272444, Inverse Test Loss: 4444.884016927083 
2025-02-20 14:52:31,700 INFO: Epoch 181, Train Loss: 0.0277774271375516, Test Loss: 0.09030484706163407, Inverse Test Loss: 4440.360286458334 
2025-02-20 14:52:32,051 INFO: Epoch 182, Train Loss: 0.027785002335644605, Test Loss: 0.0903108511120081, Inverse Test Loss: 4440.655615234375 
2025-02-20 14:52:32,327 INFO: Epoch 183, Train Loss: 0.02726748806277388, Test Loss: 0.08982447944581509, Inverse Test Loss: 4416.740340169271 
2025-02-20 14:52:32,604 INFO: Epoch 184, Train Loss: 0.027277978594627297, Test Loss: 0.09008269434173902, Inverse Test Loss: 4429.436800130208 
2025-02-20 14:52:32,885 INFO: Epoch 185, Train Loss: 0.02654578147063914, Test Loss: 0.09028731236855189, Inverse Test Loss: 4439.497989908854 
2025-02-20 14:52:33,173 INFO: Epoch 186, Train Loss: 0.02642410859596311, Test Loss: 0.09031675706307093, Inverse Test Loss: 4440.946069335938 
2025-02-20 14:52:33,454 INFO: Epoch 187, Train Loss: 0.027272539115265795, Test Loss: 0.09008083616693814, Inverse Test Loss: 4429.345385742187 
2025-02-20 14:52:33,731 INFO: Epoch 188, Train Loss: 0.02585696855870386, Test Loss: 0.0900750383734703, Inverse Test Loss: 4429.060489908854 
