2025-01-09 13:48:09,833 INFO: namespace(depth=2, name='simple_KAN') 
2025-01-09 13:48:09,833 INFO: Dataset:winequality 
2025-01-09 13:48:09,833 INFO: ------Begin Training Model------ 
2025-01-09 13:48:13,480 INFO: Epoch 1, Train Loss: 0.9973554092068826, Test Loss: 0.9466553330421448, Inverse Test Loss: 0.08761578053236008 
2025-01-09 13:48:13,614 INFO: Epoch 2, Train Loss: 0.9445957445329235, Test Loss: 0.9003731682896614, Inverse Test Loss: 0.08279658108949661 
2025-01-09 13:48:13,749 INFO: Epoch 3, Train Loss: 0.8984894675593222, Test Loss: 0.8639440014958382, Inverse Test Loss: 0.08014821261167526 
2025-01-09 13:48:13,882 INFO: Epoch 4, Train Loss: 0.8645923791393157, Test Loss: 0.8400292173027992, Inverse Test Loss: 0.07889809459447861 
2025-01-09 13:48:14,025 INFO: Epoch 5, Train Loss: 0.8352759326657941, Test Loss: 0.8270094469189644, Inverse Test Loss: 0.07837474346160889 
2025-01-09 13:48:14,182 INFO: Epoch 6, Train Loss: 0.8209958634068889, Test Loss: 0.8206039071083069, Inverse Test Loss: 0.07796378433704376 
2025-01-09 13:48:14,320 INFO: Epoch 7, Train Loss: 0.8113898365728317, Test Loss: 0.8161451667547226, Inverse Test Loss: 0.07772504538297653 
2025-01-09 13:48:14,458 INFO: Epoch 8, Train Loss: 0.8012510038191273, Test Loss: 0.8133727088570595, Inverse Test Loss: 0.07738476991653442 
2025-01-09 13:48:14,615 INFO: Epoch 9, Train Loss: 0.7963266622635626, Test Loss: 0.8086410984396935, Inverse Test Loss: 0.07711893320083618 
2025-01-09 13:48:14,750 INFO: Epoch 10, Train Loss: 0.7936499138032237, Test Loss: 0.8055126368999481, Inverse Test Loss: 0.07686789333820343 
2025-01-09 13:48:14,882 INFO: Epoch 11, Train Loss: 0.7886492379250065, Test Loss: 0.8028808608651161, Inverse Test Loss: 0.07652068138122559 
2025-01-09 13:48:15,031 INFO: Epoch 12, Train Loss: 0.7817265045258307, Test Loss: 0.79971594363451, Inverse Test Loss: 0.07633452862501144 
2025-01-09 13:48:15,164 INFO: Epoch 13, Train Loss: 0.7775509088270126, Test Loss: 0.7973315864801407, Inverse Test Loss: 0.07569942623376846 
2025-01-09 13:48:15,302 INFO: Epoch 14, Train Loss: 0.7756418893414159, Test Loss: 0.7949778586626053, Inverse Test Loss: 0.07560811936855316 
2025-01-09 13:48:15,437 INFO: Epoch 15, Train Loss: 0.7684707699283477, Test Loss: 0.7929682433605194, Inverse Test Loss: 0.0755816102027893 
2025-01-09 13:48:15,566 INFO: Epoch 16, Train Loss: 0.7680287880282248, Test Loss: 0.7922408580780029, Inverse Test Loss: 0.07491754740476608 
2025-01-09 13:48:15,705 INFO: Epoch 17, Train Loss: 0.762037830968057, Test Loss: 0.7897039353847504, Inverse Test Loss: 0.07470603287220001 
2025-01-09 13:48:15,838 INFO: Epoch 18, Train Loss: 0.7586804609144887, Test Loss: 0.7886944934725761, Inverse Test Loss: 0.0746743381023407 
2025-01-09 13:48:15,976 INFO: Epoch 19, Train Loss: 0.7535178872846788, Test Loss: 0.787454828619957, Inverse Test Loss: 0.07503381371498108 
2025-01-09 13:48:16,114 INFO: Epoch 20, Train Loss: 0.7503642824388319, Test Loss: 0.7863979414105415, Inverse Test Loss: 0.0747763141989708 
2025-01-09 13:48:16,257 INFO: Epoch 21, Train Loss: 0.7476248991104865, Test Loss: 0.7857727408409119, Inverse Test Loss: 0.07468938827514648 
2025-01-09 13:48:16,392 INFO: Epoch 22, Train Loss: 0.7412627358590403, Test Loss: 0.7852831706404686, Inverse Test Loss: 0.07434820383787155 
2025-01-09 13:48:16,528 INFO: Epoch 23, Train Loss: 0.738475457314522, Test Loss: 0.7843215614557266, Inverse Test Loss: 0.07431354373693466 
2025-01-09 13:48:16,656 INFO: Epoch 24, Train Loss: 0.7327679587948707, Test Loss: 0.7831918895244598, Inverse Test Loss: 0.07436789572238922 
2025-01-09 13:48:16,792 INFO: Epoch 25, Train Loss: 0.7291889555992619, Test Loss: 0.7838243395090103, Inverse Test Loss: 0.07446551322937012 
2025-01-09 13:48:16,924 INFO: Epoch 26, Train Loss: 0.7230208477666301, Test Loss: 0.7826297953724861, Inverse Test Loss: 0.07435230910778046 
2025-01-09 13:48:17,063 INFO: Epoch 27, Train Loss: 0.7209472233249296, Test Loss: 0.7830141261219978, Inverse Test Loss: 0.07519661635160446 
2025-01-09 13:48:17,192 INFO: Epoch 28, Train Loss: 0.7147511628366285, Test Loss: 0.782298818230629, Inverse Test Loss: 0.07470258325338364 
2025-01-09 13:48:17,324 INFO: Epoch 29, Train Loss: 0.7074221507195504, Test Loss: 0.7815481871366501, Inverse Test Loss: 0.07507270574569702 
2025-01-09 13:48:17,453 INFO: Epoch 30, Train Loss: 0.7026357439256483, Test Loss: 0.7820761948823929, Inverse Test Loss: 0.07501779496669769 
2025-01-09 13:48:17,581 INFO: Epoch 31, Train Loss: 0.697363390076545, Test Loss: 0.7820461988449097, Inverse Test Loss: 0.07604855298995972 
2025-01-09 13:48:17,713 INFO: Epoch 32, Train Loss: 0.6934666652833262, Test Loss: 0.7802960872650146, Inverse Test Loss: 0.07613920420408249 
2025-01-09 13:48:17,847 INFO: Epoch 33, Train Loss: 0.6870602311626557, Test Loss: 0.7809208482503891, Inverse Test Loss: 0.07591338455677032 
2025-01-09 13:48:17,973 INFO: Epoch 34, Train Loss: 0.680450435607664, Test Loss: 0.7820154279470444, Inverse Test Loss: 0.07626450806856155 
2025-01-09 13:48:18,107 INFO: Epoch 35, Train Loss: 0.6748752440175703, Test Loss: 0.78033597022295, Inverse Test Loss: 0.07684120535850525 
2025-01-09 13:48:18,244 INFO: Epoch 36, Train Loss: 0.6723393451782965, Test Loss: 0.7804201915860176, Inverse Test Loss: 0.07664163410663605 
2025-01-09 13:48:18,378 INFO: Epoch 37, Train Loss: 0.6644070186922627, Test Loss: 0.7832563370466232, Inverse Test Loss: 0.07719196379184723 
2025-01-09 13:48:18,507 INFO: Epoch 38, Train Loss: 0.6571555829817249, Test Loss: 0.7805751264095306, Inverse Test Loss: 0.07778839766979218 
2025-01-09 13:48:18,642 INFO: Epoch 39, Train Loss: 0.6525191933878006, Test Loss: 0.7834064066410065, Inverse Test Loss: 0.07819454371929169 
2025-01-09 13:48:18,778 INFO: Epoch 40, Train Loss: 0.6475548398110175, Test Loss: 0.7810599058866501, Inverse Test Loss: 0.07770583778619766 
2025-01-09 13:48:18,914 INFO: Epoch 41, Train Loss: 0.6376944761122426, Test Loss: 0.7817567810416222, Inverse Test Loss: 0.07882019132375717 
2025-01-09 13:48:19,050 INFO: Epoch 42, Train Loss: 0.6358865557178375, Test Loss: 0.7818713262677193, Inverse Test Loss: 0.07830389589071274 
2025-01-09 13:48:19,216 INFO: Epoch 43, Train Loss: 0.6293964847441642, Test Loss: 0.7841174751520157, Inverse Test Loss: 0.07824251800775528 
2025-01-09 13:48:19,345 INFO: Epoch 44, Train Loss: 0.6235904405193944, Test Loss: 0.7840676158666611, Inverse Test Loss: 0.07878060638904572 
2025-01-09 13:48:19,496 INFO: Epoch 45, Train Loss: 0.618243803901057, Test Loss: 0.7849973365664482, Inverse Test Loss: 0.07843363285064697 
2025-01-09 13:48:19,626 INFO: Epoch 46, Train Loss: 0.6118721404383259, Test Loss: 0.7868156582117081, Inverse Test Loss: 0.07881078869104385 
2025-01-09 13:48:19,765 INFO: Epoch 47, Train Loss: 0.6053691842863637, Test Loss: 0.7873436436057091, Inverse Test Loss: 0.07928770780563354 
2025-01-09 13:48:19,901 INFO: Epoch 48, Train Loss: 0.5977027358547333, Test Loss: 0.7889826968312263, Inverse Test Loss: 0.07980432361364365 
2025-01-09 13:48:20,037 INFO: Epoch 49, Train Loss: 0.5926031220343805, Test Loss: 0.789713941514492, Inverse Test Loss: 0.0791015475988388 
2025-01-09 13:48:20,168 INFO: Epoch 50, Train Loss: 0.5897025562101795, Test Loss: 0.7902249917387962, Inverse Test Loss: 0.07943465560674667 
2025-01-09 13:48:20,303 INFO: Epoch 51, Train Loss: 0.583743360734755, Test Loss: 0.7925503924489021, Inverse Test Loss: 0.07895252108573914 
2025-01-09 13:48:20,433 INFO: Epoch 52, Train Loss: 0.5774005382291733, Test Loss: 0.7929194122552872, Inverse Test Loss: 0.07945816218852997 
2025-01-09 13:48:20,567 INFO: Epoch 53, Train Loss: 0.5723738997213302, Test Loss: 0.7961174324154854, Inverse Test Loss: 0.07889378815889359 
2025-01-09 13:48:20,702 INFO: Epoch 54, Train Loss: 0.5701268123042199, Test Loss: 0.7992376163601875, Inverse Test Loss: 0.07915327697992325 
2025-01-09 13:48:20,839 INFO: Epoch 55, Train Loss: 0.5642045361380423, Test Loss: 0.7989649698138237, Inverse Test Loss: 0.07883468270301819 
2025-01-09 13:48:20,974 INFO: Epoch 56, Train Loss: 0.5595059202563378, Test Loss: 0.799317479133606, Inverse Test Loss: 0.07997502386569977 
2025-01-09 13:48:21,112 INFO: Epoch 57, Train Loss: 0.5537944570664437, Test Loss: 0.7995805814862251, Inverse Test Loss: 0.08066798001527786 
2025-01-09 13:48:21,243 INFO: Epoch 58, Train Loss: 0.5481916002688869, Test Loss: 0.802994005382061, Inverse Test Loss: 0.07923519611358643 
2025-01-09 13:48:21,382 INFO: Epoch 59, Train Loss: 0.545876028076295, Test Loss: 0.8073107078671455, Inverse Test Loss: 0.0794186070561409 
2025-01-09 13:48:21,512 INFO: Epoch 60, Train Loss: 0.541210800409317, Test Loss: 0.8050684481859207, Inverse Test Loss: 0.08029916882514954 
2025-01-09 13:48:21,647 INFO: Epoch 61, Train Loss: 0.5372308021591555, Test Loss: 0.8065105602145195, Inverse Test Loss: 0.0798560380935669 
2025-01-09 13:48:21,777 INFO: Epoch 62, Train Loss: 0.533077250565252, Test Loss: 0.8098095580935478, Inverse Test Loss: 0.08047142624855042 
2025-01-09 13:48:21,914 INFO: Epoch 63, Train Loss: 0.5295966527154369, Test Loss: 0.8102933317422867, Inverse Test Loss: 0.08019504696130753 
2025-01-09 13:48:22,039 INFO: Epoch 64, Train Loss: 0.5247282635781073, Test Loss: 0.8113731890916824, Inverse Test Loss: 0.08038914203643799 
2025-01-09 13:48:22,178 INFO: Epoch 65, Train Loss: 0.5206378611826128, Test Loss: 0.8150058835744858, Inverse Test Loss: 0.08110534399747849 
2025-01-09 13:48:22,308 INFO: Epoch 66, Train Loss: 0.5165703162070243, Test Loss: 0.8163983002305031, Inverse Test Loss: 0.08086291700601578 
2025-01-09 13:48:22,444 INFO: Epoch 67, Train Loss: 0.5155280549680034, Test Loss: 0.8197725266218185, Inverse Test Loss: 0.080262690782547 
2025-01-09 13:48:22,572 INFO: Epoch 68, Train Loss: 0.5099354376715999, Test Loss: 0.8222587406635284, Inverse Test Loss: 0.08015016466379166 
2025-01-09 13:48:22,707 INFO: Epoch 69, Train Loss: 0.5073354330755049, Test Loss: 0.8220812901854515, Inverse Test Loss: 0.08058781921863556 
2025-01-09 13:48:22,835 INFO: Epoch 70, Train Loss: 0.504364199215366, Test Loss: 0.823636032640934, Inverse Test Loss: 0.0806490033864975 
2025-01-09 13:48:22,975 INFO: Epoch 71, Train Loss: 0.5006027683135001, Test Loss: 0.8291448727250099, Inverse Test Loss: 0.08019767701625824 
2025-01-09 13:48:23,105 INFO: Epoch 72, Train Loss: 0.4979565095516943, Test Loss: 0.8256992846727371, Inverse Test Loss: 0.08126261830329895 
2025-01-09 13:48:23,244 INFO: Epoch 73, Train Loss: 0.4909115404851975, Test Loss: 0.8292259573936462, Inverse Test Loss: 0.0813286155462265 
2025-01-09 13:48:23,376 INFO: Epoch 74, Train Loss: 0.49040860610623516, Test Loss: 0.8315500617027283, Inverse Test Loss: 0.08048226684331894 
2025-01-09 13:48:23,516 INFO: Epoch 75, Train Loss: 0.4879622382502402, Test Loss: 0.834792897105217, Inverse Test Loss: 0.0798560231924057 
2025-01-09 13:48:23,645 INFO: Epoch 76, Train Loss: 0.48203274126975765, Test Loss: 0.8340425416827202, Inverse Test Loss: 0.08174057304859161 
2025-01-09 13:48:23,780 INFO: Epoch 77, Train Loss: 0.481679807747564, Test Loss: 0.8347655832767487, Inverse Test Loss: 0.08056459575891495 
2025-01-09 13:48:23,910 INFO: Epoch 78, Train Loss: 0.476341022599128, Test Loss: 0.8375739231705666, Inverse Test Loss: 0.08097109943628311 
2025-01-09 13:48:24,052 INFO: Epoch 79, Train Loss: 0.4748108050515575, Test Loss: 0.8376030027866364, Inverse Test Loss: 0.08144399523735046 
2025-01-09 13:48:24,182 INFO: Epoch 80, Train Loss: 0.47015027173103824, Test Loss: 0.8399603217840195, Inverse Test Loss: 0.08150272816419601 
2025-01-09 13:48:24,321 INFO: Epoch 81, Train Loss: 0.46745077256233464, Test Loss: 0.840283952653408, Inverse Test Loss: 0.08082732558250427 
2025-01-09 13:48:24,450 INFO: Epoch 82, Train Loss: 0.46410417749035743, Test Loss: 0.8437686190009117, Inverse Test Loss: 0.08119183033704758 
2025-01-09 13:48:24,582 INFO: Epoch 83, Train Loss: 0.46218322169396187, Test Loss: 0.8453145548701286, Inverse Test Loss: 0.08091867715120316 
2025-01-09 13:48:24,711 INFO: Epoch 84, Train Loss: 0.45809284813942447, Test Loss: 0.8461027964949608, Inverse Test Loss: 0.08133923262357712 
2025-01-09 13:48:24,854 INFO: Epoch 85, Train Loss: 0.4568562017333123, Test Loss: 0.8489650189876556, Inverse Test Loss: 0.08109831809997559 
2025-01-09 13:48:24,984 INFO: Epoch 86, Train Loss: 0.45325456223180216, Test Loss: 0.8479760810732841, Inverse Test Loss: 0.08195754885673523 
2025-01-09 13:48:25,122 INFO: Epoch 87, Train Loss: 0.4506208464022606, Test Loss: 0.8507106751203537, Inverse Test Loss: 0.08095123618841171 
2025-01-09 13:48:25,254 INFO: Epoch 88, Train Loss: 0.4482154240531306, Test Loss: 0.8510727211833, Inverse Test Loss: 0.08121991902589798 
2025-01-09 13:48:25,393 INFO: Epoch 89, Train Loss: 0.4463486671447754, Test Loss: 0.8555577993392944, Inverse Test Loss: 0.08182621002197266 
2025-01-09 13:48:25,522 INFO: Epoch 90, Train Loss: 0.44095436603792254, Test Loss: 0.8541778326034546, Inverse Test Loss: 0.08183780312538147 
2025-01-09 13:48:25,661 INFO: Epoch 91, Train Loss: 0.4404474544909693, Test Loss: 0.8552386090159416, Inverse Test Loss: 0.08129631727933884 
2025-01-09 13:48:25,793 INFO: Epoch 92, Train Loss: 0.4366216111567713, Test Loss: 0.8598910346627235, Inverse Test Loss: 0.08115623146295547 
2025-01-09 13:48:25,929 INFO: Epoch 93, Train Loss: 0.4355575942224072, Test Loss: 0.8581518009305, Inverse Test Loss: 0.08136798441410065 
2025-01-09 13:48:26,062 INFO: Epoch 94, Train Loss: 0.43183764142374836, Test Loss: 0.8581616878509521, Inverse Test Loss: 0.08159621804952621 
2025-01-09 13:48:26,198 INFO: Epoch 95, Train Loss: 0.4303667795273565, Test Loss: 0.8600882738828659, Inverse Test Loss: 0.08178598433732986 
2025-01-09 13:48:26,326 INFO: Epoch 96, Train Loss: 0.4283763160628657, Test Loss: 0.8631084784865379, Inverse Test Loss: 0.08184550702571869 
2025-01-09 13:48:26,452 INFO: Epoch 97, Train Loss: 0.42679034413829925, Test Loss: 0.8646691739559174, Inverse Test Loss: 0.08201735466718674 
2025-01-09 13:48:26,581 INFO: Epoch 98, Train Loss: 0.4238516794097039, Test Loss: 0.8656643554568291, Inverse Test Loss: 0.08271621912717819 
2025-01-09 13:48:26,718 INFO: Epoch 99, Train Loss: 0.4224289011570715, Test Loss: 0.8676174506545067, Inverse Test Loss: 0.08198902755975723 
2025-01-09 13:48:26,846 INFO: Epoch 100, Train Loss: 0.41941318973418207, Test Loss: 0.8684438318014145, Inverse Test Loss: 0.08254160732030869 
2025-01-09 13:48:26,846 INFO: Best Epoch 32, Best Test Loss: 0.7802960872650146 
2025-01-09 13:48:26,986 INFO: Epoch 101, Train Loss: 0.417090218874716, Test Loss: 0.8714492321014404, Inverse Test Loss: 0.08192706853151321 
2025-01-09 13:48:27,115 INFO: Epoch 102, Train Loss: 0.4149154972645544, Test Loss: 0.8683347702026367, Inverse Test Loss: 0.08269142359495163 
2025-01-09 13:48:27,247 INFO: Epoch 103, Train Loss: 0.41296452860678395, Test Loss: 0.8732851222157478, Inverse Test Loss: 0.08329503983259201 
2025-01-09 13:48:27,379 INFO: Epoch 104, Train Loss: 0.41087045304236874, Test Loss: 0.8725419342517853, Inverse Test Loss: 0.0828646793961525 
2025-01-09 13:48:27,520 INFO: Epoch 105, Train Loss: 0.4077433866839255, Test Loss: 0.8769759088754654, Inverse Test Loss: 0.08380533754825592 
2025-01-09 13:48:27,651 INFO: Epoch 106, Train Loss: 0.40691354678523156, Test Loss: 0.877827949821949, Inverse Test Loss: 0.08232598006725311 
2025-01-09 13:48:27,784 INFO: Epoch 107, Train Loss: 0.4052012341637765, Test Loss: 0.8777060806751251, Inverse Test Loss: 0.08171597123146057 
2025-01-09 13:48:27,915 INFO: Epoch 108, Train Loss: 0.4024773490044378, Test Loss: 0.8803994804620743, Inverse Test Loss: 0.08360549807548523 
2025-01-09 13:48:28,051 INFO: Epoch 109, Train Loss: 0.40032256034112745, Test Loss: 0.8793081939220428, Inverse Test Loss: 0.08276749402284622 
2025-01-09 13:48:28,182 INFO: Epoch 110, Train Loss: 0.40114425939898335, Test Loss: 0.881981834769249, Inverse Test Loss: 0.08421206474304199 
2025-01-09 13:48:28,321 INFO: Epoch 111, Train Loss: 0.3978685034859565, Test Loss: 0.881860613822937, Inverse Test Loss: 0.08380307257175446 
2025-01-09 13:48:28,451 INFO: Epoch 112, Train Loss: 0.39652519168392303, Test Loss: 0.8858976736664772, Inverse Test Loss: 0.08383220434188843 
2025-01-09 13:48:28,587 INFO: Epoch 113, Train Loss: 0.3948299779045966, Test Loss: 0.8849130645394325, Inverse Test Loss: 0.08403967320919037 
2025-01-09 13:48:28,710 INFO: Epoch 114, Train Loss: 0.3922129254187307, Test Loss: 0.887938879430294, Inverse Test Loss: 0.08345415443181992 
2025-01-09 13:48:28,841 INFO: Epoch 115, Train Loss: 0.3886507759171148, Test Loss: 0.8893930166959763, Inverse Test Loss: 0.08381784707307816 
2025-01-09 13:48:28,963 INFO: Epoch 116, Train Loss: 0.3891832799680771, Test Loss: 0.8944385945796967, Inverse Test Loss: 0.08489519357681274 
2025-01-09 13:48:29,093 INFO: Epoch 117, Train Loss: 0.387287538859152, Test Loss: 0.8912767842411995, Inverse Test Loss: 0.08495069295167923 
2025-01-09 13:48:29,213 INFO: Epoch 118, Train Loss: 0.38721960686868234, Test Loss: 0.8949288055300713, Inverse Test Loss: 0.08485687524080276 
2025-01-09 13:48:29,338 INFO: Epoch 119, Train Loss: 0.3861436151689099, Test Loss: 0.8921001330018044, Inverse Test Loss: 0.08448831737041473 
2025-01-09 13:48:29,461 INFO: Epoch 120, Train Loss: 0.3809277472957488, Test Loss: 0.8971268683671951, Inverse Test Loss: 0.08488787710666656 
2025-01-09 13:48:29,587 INFO: Epoch 121, Train Loss: 0.380329639680924, Test Loss: 0.8999446257948875, Inverse Test Loss: 0.0847330242395401 
2025-01-09 13:48:29,711 INFO: Epoch 122, Train Loss: 0.37981925760546037, Test Loss: 0.8987865298986435, Inverse Test Loss: 0.08553974330425262 
2025-01-09 13:48:29,845 INFO: Epoch 123, Train Loss: 0.37904606230797305, Test Loss: 0.9012614712119102, Inverse Test Loss: 0.08487929403781891 
2025-01-09 13:48:29,982 INFO: Epoch 124, Train Loss: 0.37674330799810346, Test Loss: 0.9020350873470306, Inverse Test Loss: 0.08591596782207489 
2025-01-09 13:48:30,113 INFO: Epoch 125, Train Loss: 0.37577342698650973, Test Loss: 0.9042152017354965, Inverse Test Loss: 0.08548494428396225 
2025-01-09 13:48:30,237 INFO: Epoch 126, Train Loss: 0.3750093771565345, Test Loss: 0.9045352786779404, Inverse Test Loss: 0.08682653307914734 
2025-01-09 13:48:30,370 INFO: Epoch 127, Train Loss: 0.3735478337733976, Test Loss: 0.9055140167474747, Inverse Test Loss: 0.08476318418979645 
2025-01-09 13:48:30,493 INFO: Epoch 128, Train Loss: 0.37058670866873955, Test Loss: 0.9048104211688042, Inverse Test Loss: 0.08559144288301468 
2025-01-09 13:48:30,623 INFO: Epoch 129, Train Loss: 0.3691172349837519, Test Loss: 0.9079003185033798, Inverse Test Loss: 0.08724567294120789 
2025-01-09 13:48:30,745 INFO: Epoch 130, Train Loss: 0.3689969979947613, Test Loss: 0.9067029803991318, Inverse Test Loss: 0.08608776330947876 
2025-01-09 13:48:30,885 INFO: Epoch 131, Train Loss: 0.3664948526890047, Test Loss: 0.9079758375883102, Inverse Test Loss: 0.08691222965717316 
2025-01-09 13:48:31,018 INFO: Epoch 132, Train Loss: 0.36539264744327915, Test Loss: 0.9116375967860222, Inverse Test Loss: 0.08599721640348434 
2025-01-09 13:48:31,228 INFO: Epoch 133, Train Loss: 0.3651919614884161, Test Loss: 0.9109481200575829, Inverse Test Loss: 0.08656010776758194 
2025-01-09 13:48:31,367 INFO: Epoch 134, Train Loss: 0.3625169607900804, Test Loss: 0.914461225271225, Inverse Test Loss: 0.08688782155513763 
2025-01-09 13:48:31,490 INFO: Epoch 135, Train Loss: 0.3638934579587752, Test Loss: 0.9144403338432312, Inverse Test Loss: 0.08689352869987488 
2025-01-09 13:48:31,613 INFO: Epoch 136, Train Loss: 0.3619935406792548, Test Loss: 0.9131448119878769, Inverse Test Loss: 0.08593137562274933 
2025-01-09 13:48:31,738 INFO: Epoch 137, Train Loss: 0.36034248721215034, Test Loss: 0.9167333394289017, Inverse Test Loss: 0.08763539046049118 
2025-01-09 13:48:31,857 INFO: Epoch 138, Train Loss: 0.35917169336349736, Test Loss: 0.9180334955453873, Inverse Test Loss: 0.08780217915773392 
2025-01-09 13:48:31,978 INFO: Epoch 139, Train Loss: 0.35650583236448224, Test Loss: 0.9182589799165726, Inverse Test Loss: 0.08747327327728271 
2025-01-09 13:48:32,102 INFO: Epoch 140, Train Loss: 0.35528749804342946, Test Loss: 0.9199626073241234, Inverse Test Loss: 0.08804886043071747 
2025-01-09 13:48:32,224 INFO: Epoch 141, Train Loss: 0.35523810886567636, Test Loss: 0.9192839562892914, Inverse Test Loss: 0.08832141011953354 
2025-01-09 13:48:32,346 INFO: Epoch 142, Train Loss: 0.35504813444229866, Test Loss: 0.9216051995754242, Inverse Test Loss: 0.08752840757369995 
2025-01-09 13:48:32,470 INFO: Epoch 143, Train Loss: 0.35421149673000457, Test Loss: 0.9221418127417564, Inverse Test Loss: 0.08835254609584808 
2025-01-09 13:48:32,614 INFO: Epoch 144, Train Loss: 0.3517885611903283, Test Loss: 0.9214046597480774, Inverse Test Loss: 0.08812940120697021 
2025-01-09 13:48:32,758 INFO: Epoch 145, Train Loss: 0.3508716312146956, Test Loss: 0.9264285638928413, Inverse Test Loss: 0.08882059156894684 
2025-01-09 13:48:32,892 INFO: Epoch 146, Train Loss: 0.3503939942006142, Test Loss: 0.9267078787088394, Inverse Test Loss: 0.08842512220144272 
2025-01-09 13:48:33,018 INFO: Epoch 147, Train Loss: 0.3482461014101582, Test Loss: 0.9252980425953865, Inverse Test Loss: 0.089146688580513 
2025-01-09 13:48:33,138 INFO: Epoch 148, Train Loss: 0.3464164195522185, Test Loss: 0.9243675395846367, Inverse Test Loss: 0.08865012228488922 
2025-01-09 13:48:33,260 INFO: Epoch 149, Train Loss: 0.3448153042024182, Test Loss: 0.9281158149242401, Inverse Test Loss: 0.0896170437335968 
2025-01-09 13:48:33,381 INFO: Epoch 150, Train Loss: 0.3447683636219271, Test Loss: 0.929387591779232, Inverse Test Loss: 0.08875899761915207 
2025-01-09 13:48:33,503 INFO: Epoch 151, Train Loss: 0.3432427221728909, Test Loss: 0.9265971183776855, Inverse Test Loss: 0.08914007991552353 
2025-01-09 13:48:33,624 INFO: Epoch 152, Train Loss: 0.3435106825444006, Test Loss: 0.9296522438526154, Inverse Test Loss: 0.09037970006465912 
2025-01-09 13:48:33,747 INFO: Epoch 153, Train Loss: 0.3420591431279336, Test Loss: 0.9313354417681694, Inverse Test Loss: 0.08951009064912796 
2025-01-09 13:48:33,869 INFO: Epoch 154, Train Loss: 0.3397428556796043, Test Loss: 0.9327872470021248, Inverse Test Loss: 0.08987540751695633 
2025-01-09 13:48:34,001 INFO: Epoch 155, Train Loss: 0.33935522744732516, Test Loss: 0.9336750954389572, Inverse Test Loss: 0.09101609140634537 
2025-01-09 13:48:34,125 INFO: Epoch 156, Train Loss: 0.3387147015140903, Test Loss: 0.9365701004862785, Inverse Test Loss: 0.09048289805650711 
2025-01-09 13:48:34,250 INFO: Epoch 157, Train Loss: 0.3363150502404859, Test Loss: 0.9359627217054367, Inverse Test Loss: 0.09020023792982101 
2025-01-09 13:48:34,369 INFO: Epoch 158, Train Loss: 0.3374969776599638, Test Loss: 0.9362216740846634, Inverse Test Loss: 0.0908457338809967 
2025-01-09 13:48:34,492 INFO: Epoch 159, Train Loss: 0.3356462236373655, Test Loss: 0.936004564166069, Inverse Test Loss: 0.09148069471120834 
2025-01-09 13:48:34,614 INFO: Epoch 160, Train Loss: 0.33485104095551277, Test Loss: 0.9384091719985008, Inverse Test Loss: 0.09072946012020111 
2025-01-09 13:48:34,737 INFO: Epoch 161, Train Loss: 0.3343286495054922, Test Loss: 0.9378194734454155, Inverse Test Loss: 0.09062798321247101 
2025-01-09 13:48:34,855 INFO: Epoch 162, Train Loss: 0.3316152807204954, Test Loss: 0.9373925626277924, Inverse Test Loss: 0.09185611456632614 
2025-01-09 13:48:34,977 INFO: Epoch 163, Train Loss: 0.3317922997859217, Test Loss: 0.9417440816760063, Inverse Test Loss: 0.09171769767999649 
2025-01-09 13:48:35,103 INFO: Epoch 164, Train Loss: 0.3298414734102065, Test Loss: 0.9404560625553131, Inverse Test Loss: 0.0917995274066925 
2025-01-09 13:48:35,224 INFO: Epoch 165, Train Loss: 0.329169282028752, Test Loss: 0.9405507519841194, Inverse Test Loss: 0.09202252328395844 
2025-01-09 13:48:35,343 INFO: Epoch 166, Train Loss: 0.32872122333895776, Test Loss: 0.9437917843461037, Inverse Test Loss: 0.09254693239927292 
2025-01-09 13:48:35,468 INFO: Epoch 167, Train Loss: 0.32730185216472996, Test Loss: 0.9434344992041588, Inverse Test Loss: 0.09278223663568497 
2025-01-09 13:48:35,588 INFO: Epoch 168, Train Loss: 0.3259546660607861, Test Loss: 0.9450561627745628, Inverse Test Loss: 0.09368111193180084 
2025-01-09 13:48:35,709 INFO: Epoch 169, Train Loss: 0.32728472640437467, Test Loss: 0.9440655708312988, Inverse Test Loss: 0.0927366092801094 
2025-01-09 13:48:35,834 INFO: Epoch 170, Train Loss: 0.3239059563606016, Test Loss: 0.9482559710741043, Inverse Test Loss: 0.09413912147283554 
2025-01-09 13:48:35,957 INFO: Epoch 171, Train Loss: 0.3235654850159922, Test Loss: 0.948124535381794, Inverse Test Loss: 0.09291155636310577 
2025-01-09 13:48:36,080 INFO: Epoch 172, Train Loss: 0.3246451981606022, Test Loss: 0.9455682039260864, Inverse Test Loss: 0.09426967054605484 
2025-01-09 13:48:36,205 INFO: Epoch 173, Train Loss: 0.3229571138658831, Test Loss: 0.9476262629032135, Inverse Test Loss: 0.09381275624036789 
2025-01-09 13:48:36,323 INFO: Epoch 174, Train Loss: 0.32195675949896535, Test Loss: 0.9507092833518982, Inverse Test Loss: 0.09335318207740784 
2025-01-09 13:48:36,446 INFO: Epoch 175, Train Loss: 0.3199158897322993, Test Loss: 0.9502931758761406, Inverse Test Loss: 0.09414084255695343 
2025-01-09 13:48:36,566 INFO: Epoch 176, Train Loss: 0.3190917757249648, Test Loss: 0.9506065845489502, Inverse Test Loss: 0.09487460553646088 
2025-01-09 13:48:36,687 INFO: Epoch 177, Train Loss: 0.3193597332123787, Test Loss: 0.9526316151022911, Inverse Test Loss: 0.09364380687475204 
2025-01-09 13:48:36,807 INFO: Epoch 178, Train Loss: 0.31580508332098683, Test Loss: 0.9528495296835899, Inverse Test Loss: 0.09480152279138565 
2025-01-09 13:48:36,934 INFO: Epoch 179, Train Loss: 0.3169327185999963, Test Loss: 0.9546315521001816, Inverse Test Loss: 0.09444557130336761 
2025-01-09 13:48:37,057 INFO: Epoch 180, Train Loss: 0.31561645288621226, Test Loss: 0.9544929265975952, Inverse Test Loss: 0.09509334713220596 
2025-01-09 13:48:37,184 INFO: Epoch 181, Train Loss: 0.31429293751716614, Test Loss: 0.9585977718234062, Inverse Test Loss: 0.09556793421506882 
2025-01-09 13:48:37,304 INFO: Epoch 182, Train Loss: 0.3145376722658834, Test Loss: 0.9543391168117523, Inverse Test Loss: 0.09541412442922592 
2025-01-09 13:48:37,428 INFO: Epoch 183, Train Loss: 0.31293892572003024, Test Loss: 0.9578638523817062, Inverse Test Loss: 0.09606170654296875 
2025-01-09 13:48:37,553 INFO: Epoch 184, Train Loss: 0.31238041289391055, Test Loss: 0.9600272998213768, Inverse Test Loss: 0.09694971889257431 
2025-01-09 13:48:37,681 INFO: Epoch 185, Train Loss: 0.31140876297027836, Test Loss: 0.9577295482158661, Inverse Test Loss: 0.09589735418558121 
2025-01-09 13:48:37,803 INFO: Epoch 186, Train Loss: 0.31051856663919264, Test Loss: 0.959907278418541, Inverse Test Loss: 0.09678366035223007 
2025-01-09 13:48:37,935 INFO: Epoch 187, Train Loss: 0.30981729203654873, Test Loss: 0.9624229595065117, Inverse Test Loss: 0.0969850942492485 
2025-01-09 13:48:38,055 INFO: Epoch 188, Train Loss: 0.3094141771716456, Test Loss: 0.9616921618580818, Inverse Test Loss: 0.09721898287534714 
2025-01-09 13:48:38,190 INFO: Epoch 189, Train Loss: 0.3083863450634864, Test Loss: 0.9636661410331726, Inverse Test Loss: 0.09720076620578766 
2025-01-09 13:48:38,311 INFO: Epoch 190, Train Loss: 0.30750982319155046, Test Loss: 0.9622052758932114, Inverse Test Loss: 0.09719014912843704 
2025-01-09 13:48:38,436 INFO: Epoch 191, Train Loss: 0.30614105539937175, Test Loss: 0.9634482264518738, Inverse Test Loss: 0.09852579236030579 
2025-01-09 13:48:38,558 INFO: Epoch 192, Train Loss: 0.307349254046717, Test Loss: 0.9646964073181152, Inverse Test Loss: 0.09841770678758621 
2025-01-09 13:48:38,693 INFO: Epoch 193, Train Loss: 0.30525802796886814, Test Loss: 0.9670886844396591, Inverse Test Loss: 0.09837523102760315 
2025-01-09 13:48:38,820 INFO: Epoch 194, Train Loss: 0.3068099170923233, Test Loss: 0.9690978080034256, Inverse Test Loss: 0.09804528206586838 
2025-01-09 13:48:38,951 INFO: Epoch 195, Train Loss: 0.3037145906879056, Test Loss: 0.9682041481137276, Inverse Test Loss: 0.09840573370456696 
2025-01-09 13:48:39,072 INFO: Epoch 196, Train Loss: 0.3040958412231938, Test Loss: 0.9667624086141586, Inverse Test Loss: 0.09808921068906784 
2025-01-09 13:48:39,199 INFO: Epoch 197, Train Loss: 0.30273362128965314, Test Loss: 0.9692674726247787, Inverse Test Loss: 0.09833798557519913 
2025-01-09 13:48:39,323 INFO: Epoch 198, Train Loss: 0.30309748168914546, Test Loss: 0.9693004265427589, Inverse Test Loss: 0.09930524230003357 
2025-01-09 13:48:39,451 INFO: Epoch 199, Train Loss: 0.30188392006581827, Test Loss: 0.9707453921437263, Inverse Test Loss: 0.09838101267814636 
2025-01-09 13:48:39,571 INFO: Epoch 200, Train Loss: 0.29970001982104394, Test Loss: 0.9730433598160744, Inverse Test Loss: 0.09952712059020996 
2025-01-09 13:48:39,571 INFO: Best Epoch 32, Best Test Loss: 0.7802960872650146 
2025-01-09 13:48:39,702 INFO: Epoch 201, Train Loss: 0.29880709417404666, Test Loss: 0.9736397489905357, Inverse Test Loss: 0.09978298842906952 
2025-01-09 13:48:39,823 INFO: Epoch 202, Train Loss: 0.2981693350499676, Test Loss: 0.9753760546445847, Inverse Test Loss: 0.10000992566347122 
2025-01-09 13:48:39,951 INFO: Epoch 203, Train Loss: 0.29946907008847884, Test Loss: 0.9755018129944801, Inverse Test Loss: 0.10053478181362152 
2025-01-09 13:48:40,070 INFO: Epoch 204, Train Loss: 0.2976759960574488, Test Loss: 0.9754508286714554, Inverse Test Loss: 0.09970621019601822 
2025-01-09 13:48:40,200 INFO: Epoch 205, Train Loss: 0.29601641191590217, Test Loss: 0.9769710674881935, Inverse Test Loss: 0.10062483698129654 
2025-01-09 13:48:40,338 INFO: Epoch 206, Train Loss: 0.2965328606867021, Test Loss: 0.9762106686830521, Inverse Test Loss: 0.1004030779004097 
2025-01-09 13:48:40,471 INFO: Epoch 207, Train Loss: 0.2958960081300428, Test Loss: 0.9759076610207558, Inverse Test Loss: 0.10101549327373505 
2025-01-09 13:48:40,589 INFO: Epoch 208, Train Loss: 0.29432793250007017, Test Loss: 0.9787137061357498, Inverse Test Loss: 0.10032317787408829 
2025-01-09 13:48:40,713 INFO: Epoch 209, Train Loss: 0.2919543846960991, Test Loss: 0.9803013354539871, Inverse Test Loss: 0.10050611197948456 
2025-01-09 13:48:40,835 INFO: Epoch 210, Train Loss: 0.2930547969956552, Test Loss: 0.9785006940364838, Inverse Test Loss: 0.10077512264251709 
2025-01-09 13:48:40,966 INFO: Epoch 211, Train Loss: 0.2927945626358832, Test Loss: 0.9816966503858566, Inverse Test Loss: 0.10144850611686707 
2025-01-09 13:48:41,090 INFO: Epoch 212, Train Loss: 0.2929596487552889, Test Loss: 0.979483388364315, Inverse Test Loss: 0.10141206532716751 
2025-01-09 13:48:41,216 INFO: Epoch 213, Train Loss: 0.2919725852627908, Test Loss: 0.9811569601297379, Inverse Test Loss: 0.10168617218732834 
2025-01-09 13:48:41,340 INFO: Epoch 214, Train Loss: 0.28986912244750607, Test Loss: 0.9810762405395508, Inverse Test Loss: 0.1020745113492012 
2025-01-09 13:48:41,467 INFO: Epoch 215, Train Loss: 0.2903912115481592, Test Loss: 0.9821241572499275, Inverse Test Loss: 0.10201490670442581 
2025-01-09 13:48:41,589 INFO: Epoch 216, Train Loss: 0.28911836204990266, Test Loss: 0.9829293563961983, Inverse Test Loss: 0.10217360407114029 
2025-01-09 13:48:41,715 INFO: Epoch 217, Train Loss: 0.28808641722125394, Test Loss: 0.9852433130145073, Inverse Test Loss: 0.10095638781785965 
2025-01-09 13:48:41,837 INFO: Epoch 218, Train Loss: 0.2889986220867403, Test Loss: 0.9847148805856705, Inverse Test Loss: 0.10165887326002121 
2025-01-09 13:48:41,966 INFO: Epoch 219, Train Loss: 0.28792010439980414, Test Loss: 0.9837299883365631, Inverse Test Loss: 0.10178732872009277 
2025-01-09 13:48:42,087 INFO: Epoch 220, Train Loss: 0.28724727082637047, Test Loss: 0.9842914119362831, Inverse Test Loss: 0.1025252565741539 
2025-01-09 13:48:42,213 INFO: Epoch 221, Train Loss: 0.28688106950252285, Test Loss: 0.9870343804359436, Inverse Test Loss: 0.10304692387580872 
2025-01-09 13:48:42,332 INFO: Epoch 222, Train Loss: 0.2858395932182189, Test Loss: 0.9869512096047401, Inverse Test Loss: 0.10183771699666977 
2025-01-09 13:48:42,457 INFO: Epoch 223, Train Loss: 0.28718429034756077, Test Loss: 0.989458866417408, Inverse Test Loss: 0.1027195155620575 
2025-01-09 13:48:42,579 INFO: Epoch 224, Train Loss: 0.2850031573926249, Test Loss: 0.9861410483717918, Inverse Test Loss: 0.10302136093378067 
2025-01-09 13:48:42,706 INFO: Epoch 225, Train Loss: 0.2854775805627146, Test Loss: 0.9885469675064087, Inverse Test Loss: 0.10319250822067261 
2025-01-09 13:48:42,825 INFO: Epoch 226, Train Loss: 0.2832603002748182, Test Loss: 0.9922710508108139, Inverse Test Loss: 0.10299834609031677 
2025-01-09 13:48:42,948 INFO: Epoch 227, Train Loss: 0.2826812892190872, Test Loss: 0.9887183457612991, Inverse Test Loss: 0.10323569178581238 
2025-01-09 13:48:43,068 INFO: Epoch 228, Train Loss: 0.28323997989777594, Test Loss: 0.9925592169165611, Inverse Test Loss: 0.10381203889846802 
2025-01-09 13:48:43,196 INFO: Epoch 229, Train Loss: 0.281715371916371, Test Loss: 0.9916478469967842, Inverse Test Loss: 0.10347436368465424 
2025-01-09 13:48:43,319 INFO: Epoch 230, Train Loss: 0.28163565839490584, Test Loss: 0.9944044202566147, Inverse Test Loss: 0.10330522060394287 
2025-01-09 13:48:43,448 INFO: Epoch 231, Train Loss: 0.28222490366428127, Test Loss: 0.9919474869966507, Inverse Test Loss: 0.10399958491325378 
2025-01-09 13:48:43,572 INFO: Epoch 232, Train Loss: 0.28098774917664066, Test Loss: 0.9940635859966278, Inverse Test Loss: 0.10355523973703384 
2025-01-09 13:48:43,698 INFO: Epoch 233, Train Loss: 0.2803203199178942, Test Loss: 0.9941654428839684, Inverse Test Loss: 0.10382945835590363 
2025-01-09 13:48:43,823 INFO: Epoch 234, Train Loss: 0.2796288699873032, Test Loss: 0.9943460077047348, Inverse Test Loss: 0.10438861697912216 
2025-01-09 13:48:43,948 INFO: Epoch 235, Train Loss: 0.2790596643763204, Test Loss: 0.9956443309783936, Inverse Test Loss: 0.10405416041612625 
2025-01-09 13:48:44,071 INFO: Epoch 236, Train Loss: 0.2789876292790136, Test Loss: 0.9947212785482407, Inverse Test Loss: 0.10454247146844864 
2025-01-09 13:48:44,198 INFO: Epoch 237, Train Loss: 0.279346231491335, Test Loss: 0.9976450204849243, Inverse Test Loss: 0.10436700284481049 
2025-01-09 13:48:44,320 INFO: Epoch 238, Train Loss: 0.27695475134157366, Test Loss: 0.9962801039218903, Inverse Test Loss: 0.1043427512049675 
2025-01-09 13:48:44,447 INFO: Epoch 239, Train Loss: 0.27574923682597374, Test Loss: 0.9973375052213669, Inverse Test Loss: 0.1045476645231247 
2025-01-09 13:48:44,570 INFO: Epoch 240, Train Loss: 0.27606716896257094, Test Loss: 0.998191736638546, Inverse Test Loss: 0.10483796894550323 
2025-01-09 13:48:44,698 INFO: Epoch 241, Train Loss: 0.2747776912104699, Test Loss: 0.9982895106077194, Inverse Test Loss: 0.10401458293199539 
2025-01-09 13:48:44,825 INFO: Epoch 242, Train Loss: 0.2746105876661116, Test Loss: 0.9961740523576736, Inverse Test Loss: 0.10529448091983795 
2025-01-09 13:48:44,956 INFO: Epoch 243, Train Loss: 0.27503510204053694, Test Loss: 0.9971749559044838, Inverse Test Loss: 0.10503704845905304 
2025-01-09 13:48:45,084 INFO: Epoch 244, Train Loss: 0.27486771777752905, Test Loss: 0.9990403205156326, Inverse Test Loss: 0.10365800559520721 
2025-01-09 13:48:45,213 INFO: Epoch 245, Train Loss: 0.2731507045607413, Test Loss: 0.9972297102212906, Inverse Test Loss: 0.10410530865192413 
2025-01-09 13:48:45,343 INFO: Epoch 246, Train Loss: 0.2737059703757686, Test Loss: 1.0000482276082039, Inverse Test Loss: 0.10482970625162125 
2025-01-09 13:48:45,490 INFO: Epoch 247, Train Loss: 0.27248600942473256, Test Loss: 1.0024456158280373, Inverse Test Loss: 0.1056809276342392 
2025-01-09 13:48:45,631 INFO: Epoch 248, Train Loss: 0.27351809365134083, Test Loss: 1.0015704184770584, Inverse Test Loss: 0.10497491806745529 
2025-01-09 13:48:45,775 INFO: Epoch 249, Train Loss: 0.2721679849970725, Test Loss: 0.9988832250237465, Inverse Test Loss: 0.10536611825227737 
2025-01-09 13:48:45,907 INFO: Epoch 250, Train Loss: 0.2712382496364655, Test Loss: 1.002401977777481, Inverse Test Loss: 0.10605133324861526 
2025-01-09 13:48:46,044 INFO: Epoch 251, Train Loss: 0.27239195666005533, Test Loss: 1.0006950199604034, Inverse Test Loss: 0.10541515797376633 
