2025-01-09 14:26:42,923 INFO: namespace(depth=2, name='KAN') 
2025-01-09 14:26:42,923 INFO: Dataset:winequality 
2025-01-09 14:26:42,923 INFO: ------Begin Training Model------ 
2025-01-09 14:26:44,920 INFO: Epoch 1, Train Loss: 1.7699621531271166, Test Loss: 0.9581005498766899, Inverse Test Loss: 0.08873327821493149 
2025-01-09 14:26:45,070 INFO: Epoch 2, Train Loss: 1.5268456935882568, Test Loss: 0.9240765497088432, Inverse Test Loss: 0.08485972136259079 
2025-01-09 14:26:45,225 INFO: Epoch 3, Train Loss: 1.3987326122099353, Test Loss: 0.8991801962256432, Inverse Test Loss: 0.08255218714475632 
2025-01-09 14:26:45,385 INFO: Epoch 4, Train Loss: 1.3289421796798706, Test Loss: 0.8806475028395653, Inverse Test Loss: 0.08147995173931122 
2025-01-09 14:26:45,533 INFO: Epoch 5, Train Loss: 1.2392409539991809, Test Loss: 0.8664122596383095, Inverse Test Loss: 0.08104418963193893 
2025-01-09 14:26:45,684 INFO: Epoch 6, Train Loss: 1.1658005079915446, Test Loss: 0.8551963418722153, Inverse Test Loss: 0.08078163117170334 
2025-01-09 14:26:45,835 INFO: Epoch 7, Train Loss: 1.1277331536816013, Test Loss: 0.8477009013295174, Inverse Test Loss: 0.0803997740149498 
2025-01-09 14:26:45,983 INFO: Epoch 8, Train Loss: 1.1102285808132542, Test Loss: 0.8428098261356354, Inverse Test Loss: 0.08023738116025925 
2025-01-09 14:26:46,142 INFO: Epoch 9, Train Loss: 1.1052062453762177, Test Loss: 0.839146763086319, Inverse Test Loss: 0.07945415377616882 
2025-01-09 14:26:46,289 INFO: Epoch 10, Train Loss: 1.1015768704875823, Test Loss: 0.8357263505458832, Inverse Test Loss: 0.07883209735155106 
2025-01-09 14:26:46,430 INFO: Epoch 11, Train Loss: 1.096513392463807, Test Loss: 0.834446869790554, Inverse Test Loss: 0.07836362719535828 
2025-01-09 14:26:46,576 INFO: Epoch 12, Train Loss: 1.092341173079706, Test Loss: 0.832678884267807, Inverse Test Loss: 0.07829362154006958 
2025-01-09 14:26:46,723 INFO: Epoch 13, Train Loss: 1.0852532425234396, Test Loss: 0.8310203105211258, Inverse Test Loss: 0.07786828279495239 
2025-01-09 14:26:46,866 INFO: Epoch 14, Train Loss: 1.0683853837751573, Test Loss: 0.8296355232596397, Inverse Test Loss: 0.07752526551485062 
2025-01-09 14:26:47,017 INFO: Epoch 15, Train Loss: 1.0516823799379411, Test Loss: 0.828653372824192, Inverse Test Loss: 0.07755275815725327 
2025-01-09 14:26:47,158 INFO: Epoch 16, Train Loss: 1.045472264289856, Test Loss: 0.8274084478616714, Inverse Test Loss: 0.07700701057910919 
2025-01-09 14:26:47,308 INFO: Epoch 17, Train Loss: 1.024600338551306, Test Loss: 0.8268390148878098, Inverse Test Loss: 0.07690399140119553 
2025-01-09 14:26:47,449 INFO: Epoch 18, Train Loss: 0.9990496520073183, Test Loss: 0.8259618654847145, Inverse Test Loss: 0.07666131854057312 
2025-01-09 14:26:47,598 INFO: Epoch 19, Train Loss: 0.9887177694228387, Test Loss: 0.8262553215026855, Inverse Test Loss: 0.07715985178947449 
2025-01-09 14:26:47,746 INFO: Epoch 20, Train Loss: 0.9858810978551065, Test Loss: 0.8258607089519501, Inverse Test Loss: 0.0767698585987091 
2025-01-09 14:26:47,895 INFO: Epoch 21, Train Loss: 0.9819978244843022, Test Loss: 0.8255515769124031, Inverse Test Loss: 0.07660248875617981 
2025-01-09 14:26:48,043 INFO: Epoch 22, Train Loss: 0.9759080659958624, Test Loss: 0.8253636509180069, Inverse Test Loss: 0.07655154913663864 
2025-01-09 14:26:48,195 INFO: Epoch 23, Train Loss: 0.9765729096628004, Test Loss: 0.8250033557415009, Inverse Test Loss: 0.07643727958202362 
2025-01-09 14:26:48,341 INFO: Epoch 24, Train Loss: 0.9738448800579194, Test Loss: 0.8249260634183884, Inverse Test Loss: 0.07649057358503342 
2025-01-09 14:26:48,496 INFO: Epoch 25, Train Loss: 0.9707130943575213, Test Loss: 0.8251625150442123, Inverse Test Loss: 0.07622963190078735 
2025-01-09 14:26:48,648 INFO: Epoch 26, Train Loss: 0.969292825268161, Test Loss: 0.8245059996843338, Inverse Test Loss: 0.0761970803141594 
2025-01-09 14:26:48,796 INFO: Epoch 27, Train Loss: 0.9703549723471364, Test Loss: 0.8254764005541801, Inverse Test Loss: 0.07639803737401962 
2025-01-09 14:26:48,942 INFO: Epoch 28, Train Loss: 0.9678245494442601, Test Loss: 0.8249268308281898, Inverse Test Loss: 0.07633457332849503 
2025-01-09 14:26:49,091 INFO: Epoch 29, Train Loss: 0.9667765651979754, Test Loss: 0.8249251991510391, Inverse Test Loss: 0.07621891051530838 
2025-01-09 14:26:49,244 INFO: Epoch 30, Train Loss: 0.9657779297521037, Test Loss: 0.8248604461550713, Inverse Test Loss: 0.07615583389997482 
2025-01-09 14:26:49,392 INFO: Epoch 31, Train Loss: 0.9656781458085583, Test Loss: 0.8249583095312119, Inverse Test Loss: 0.07601732760667801 
2025-01-09 14:26:49,548 INFO: Epoch 32, Train Loss: 0.9662443591702369, Test Loss: 0.8244460448622704, Inverse Test Loss: 0.0758843868970871 
2025-01-09 14:26:49,702 INFO: Epoch 33, Train Loss: 0.964599774729821, Test Loss: 0.8250985145568848, Inverse Test Loss: 0.07597775012254715 
2025-01-09 14:26:49,850 INFO: Epoch 34, Train Loss: 0.9629483819007874, Test Loss: 0.8254371732473373, Inverse Test Loss: 0.07600020617246628 
2025-01-09 14:26:50,001 INFO: Epoch 35, Train Loss: 0.963758812796685, Test Loss: 0.8255707994103432, Inverse Test Loss: 0.07634229212999344 
2025-01-09 14:26:50,149 INFO: Epoch 36, Train Loss: 0.9652072229693013, Test Loss: 0.8243124037981033, Inverse Test Loss: 0.0757138803601265 
2025-01-09 14:26:50,298 INFO: Epoch 37, Train Loss: 0.9624129206903519, Test Loss: 0.824960857629776, Inverse Test Loss: 0.07559900730848312 
2025-01-09 14:26:50,446 INFO: Epoch 38, Train Loss: 0.9617621783287295, Test Loss: 0.8250707387924194, Inverse Test Loss: 0.07572993636131287 
2025-01-09 14:26:50,600 INFO: Epoch 39, Train Loss: 0.9604376516034526, Test Loss: 0.8253248110413551, Inverse Test Loss: 0.0759781077504158 
2025-01-09 14:26:50,749 INFO: Epoch 40, Train Loss: 0.9617707056383933, Test Loss: 0.8252473548054695, Inverse Test Loss: 0.07583161443471909 
2025-01-09 14:26:50,900 INFO: Epoch 41, Train Loss: 0.9577515586729972, Test Loss: 0.8248225525021553, Inverse Test Loss: 0.07564914971590042 
2025-01-09 14:26:51,044 INFO: Epoch 42, Train Loss: 0.9639585441158663, Test Loss: 0.8253735601902008, Inverse Test Loss: 0.07550425082445145 
2025-01-09 14:26:51,201 INFO: Epoch 43, Train Loss: 0.9597376815734371, Test Loss: 0.824503555893898, Inverse Test Loss: 0.07542534172534943 
2025-01-09 14:26:51,356 INFO: Epoch 44, Train Loss: 0.9604039480609279, Test Loss: 0.8254062086343765, Inverse Test Loss: 0.07577215135097504 
2025-01-09 14:26:51,507 INFO: Epoch 45, Train Loss: 0.9609768044564032, Test Loss: 0.825010247528553, Inverse Test Loss: 0.0753825306892395 
2025-01-09 14:26:51,652 INFO: Epoch 46, Train Loss: 0.9613351187398357, Test Loss: 0.8251747116446495, Inverse Test Loss: 0.07536780089139938 
2025-01-09 14:26:51,797 INFO: Epoch 47, Train Loss: 0.9594074372322329, Test Loss: 0.8248374164104462, Inverse Test Loss: 0.07531284540891647 
2025-01-09 14:26:51,941 INFO: Epoch 48, Train Loss: 0.9559849885202223, Test Loss: 0.8247128501534462, Inverse Test Loss: 0.07544863224029541 
2025-01-09 14:26:52,090 INFO: Epoch 49, Train Loss: 0.9577379515094142, Test Loss: 0.824711486697197, Inverse Test Loss: 0.07517734915018082 
2025-01-09 14:26:52,235 INFO: Epoch 50, Train Loss: 0.959027438394485, Test Loss: 0.8251523524522781, Inverse Test Loss: 0.07563608884811401 
2025-01-09 14:26:52,386 INFO: Epoch 51, Train Loss: 0.9577178378258983, Test Loss: 0.8246079310774803, Inverse Test Loss: 0.07507006078958511 
2025-01-09 14:26:52,532 INFO: Epoch 52, Train Loss: 0.9570645151599761, Test Loss: 0.8254833742976189, Inverse Test Loss: 0.07547979801893234 
2025-01-09 14:26:52,682 INFO: Epoch 53, Train Loss: 0.9572499952008647, Test Loss: 0.8243559151887894, Inverse Test Loss: 0.07511572539806366 
2025-01-09 14:26:52,830 INFO: Epoch 54, Train Loss: 0.9567988111126807, Test Loss: 0.824882335960865, Inverse Test Loss: 0.07528381049633026 
2025-01-09 14:26:52,982 INFO: Epoch 55, Train Loss: 0.9553626448877396, Test Loss: 0.8244693353772163, Inverse Test Loss: 0.07497071474790573 
2025-01-09 14:26:53,128 INFO: Epoch 56, Train Loss: 0.9564454670875303, Test Loss: 0.8245656788349152, Inverse Test Loss: 0.07504770904779434 
2025-01-09 14:26:53,276 INFO: Epoch 57, Train Loss: 0.9559279507206332, Test Loss: 0.8248747363686562, Inverse Test Loss: 0.07517904788255692 
2025-01-09 14:26:53,417 INFO: Epoch 58, Train Loss: 0.9547880984121754, Test Loss: 0.8242238685488701, Inverse Test Loss: 0.07500194758176804 
2025-01-09 14:26:53,569 INFO: Epoch 59, Train Loss: 0.9558429006607302, Test Loss: 0.8243708163499832, Inverse Test Loss: 0.07524024695158005 
2025-01-09 14:26:53,718 INFO: Epoch 60, Train Loss: 0.9558596284158768, Test Loss: 0.8246181383728981, Inverse Test Loss: 0.07491593807935715 
2025-01-09 14:26:53,876 INFO: Epoch 61, Train Loss: 0.9557172194603951, Test Loss: 0.823774054646492, Inverse Test Loss: 0.07500573247671127 
2025-01-09 14:26:54,022 INFO: Epoch 62, Train Loss: 0.9532188677018688, Test Loss: 0.823698453605175, Inverse Test Loss: 0.07486110925674438 
2025-01-09 14:26:54,180 INFO: Epoch 63, Train Loss: 0.9545796263602472, Test Loss: 0.823310524225235, Inverse Test Loss: 0.0746520385146141 
2025-01-09 14:26:54,328 INFO: Epoch 64, Train Loss: 0.9530241604774229, Test Loss: 0.8241874054074287, Inverse Test Loss: 0.0751187652349472 
2025-01-09 14:26:54,485 INFO: Epoch 65, Train Loss: 0.9525778505109972, Test Loss: 0.8238915577530861, Inverse Test Loss: 0.07501187175512314 
2025-01-09 14:26:54,628 INFO: Epoch 66, Train Loss: 0.9525327644040508, Test Loss: 0.8236720487475395, Inverse Test Loss: 0.07471748441457748 
2025-01-09 14:26:54,783 INFO: Epoch 67, Train Loss: 0.9554261757481483, Test Loss: 0.8232794031500816, Inverse Test Loss: 0.07484076917171478 
2025-01-09 14:26:54,929 INFO: Epoch 68, Train Loss: 0.9534357882315113, Test Loss: 0.8228443562984467, Inverse Test Loss: 0.0747588574886322 
2025-01-09 14:26:55,083 INFO: Epoch 69, Train Loss: 0.951516241796555, Test Loss: 0.8232204169034958, Inverse Test Loss: 0.07458531856536865 
2025-01-09 14:26:55,229 INFO: Epoch 70, Train Loss: 0.95271687546084, Test Loss: 0.8226882442831993, Inverse Test Loss: 0.07462674379348755 
2025-01-09 14:26:55,383 INFO: Epoch 71, Train Loss: 0.9513799663512937, Test Loss: 0.8224208876490593, Inverse Test Loss: 0.07482258230447769 
2025-01-09 14:26:55,532 INFO: Epoch 72, Train Loss: 0.9523236463146825, Test Loss: 0.8222924545407295, Inverse Test Loss: 0.07421045005321503 
2025-01-09 14:26:55,686 INFO: Epoch 73, Train Loss: 0.9492782469718687, Test Loss: 0.8221124559640884, Inverse Test Loss: 0.07469959557056427 
2025-01-09 14:26:55,831 INFO: Epoch 74, Train Loss: 0.95183878367947, Test Loss: 0.8222382068634033, Inverse Test Loss: 0.07445857673883438 
2025-01-09 14:26:55,986 INFO: Epoch 75, Train Loss: 0.9521967941714872, Test Loss: 0.8227829188108444, Inverse Test Loss: 0.07463756203651428 
2025-01-09 14:26:56,132 INFO: Epoch 76, Train Loss: 0.9483219308237876, Test Loss: 0.8215629905462265, Inverse Test Loss: 0.07430897653102875 
2025-01-09 14:26:56,288 INFO: Epoch 77, Train Loss: 0.9500934789257665, Test Loss: 0.8209078758955002, Inverse Test Loss: 0.07400177419185638 
2025-01-09 14:26:56,442 INFO: Epoch 78, Train Loss: 0.9502246379852295, Test Loss: 0.8213106617331505, Inverse Test Loss: 0.07454139739274979 
2025-01-09 14:26:56,599 INFO: Epoch 79, Train Loss: 0.9499541905618483, Test Loss: 0.8217410668730736, Inverse Test Loss: 0.07455546408891678 
2025-01-09 14:26:56,749 INFO: Epoch 80, Train Loss: 0.9487380193125817, Test Loss: 0.8212718442082405, Inverse Test Loss: 0.07435119897127151 
2025-01-09 14:26:56,915 INFO: Epoch 81, Train Loss: 0.9479806769278741, Test Loss: 0.82084771245718, Inverse Test Loss: 0.07412441074848175 
2025-01-09 14:26:57,059 INFO: Epoch 82, Train Loss: 0.9468537588273326, Test Loss: 0.8210243806242943, Inverse Test Loss: 0.0742238312959671 
2025-01-09 14:26:57,213 INFO: Epoch 83, Train Loss: 0.947721129463565, Test Loss: 0.8204425573348999, Inverse Test Loss: 0.07416214793920517 
2025-01-09 14:26:57,360 INFO: Epoch 84, Train Loss: 0.947492407214257, Test Loss: 0.8205347508192062, Inverse Test Loss: 0.0740678682923317 
2025-01-09 14:26:57,510 INFO: Epoch 85, Train Loss: 0.9469781998665102, Test Loss: 0.8196080848574638, Inverse Test Loss: 0.07397660613059998 
2025-01-09 14:26:57,659 INFO: Epoch 86, Train Loss: 0.9443710042584327, Test Loss: 0.8199504390358925, Inverse Test Loss: 0.07404928654432297 
2025-01-09 14:26:57,813 INFO: Epoch 87, Train Loss: 0.946612783016697, Test Loss: 0.8199366703629494, Inverse Test Loss: 0.07397771626710892 
2025-01-09 14:26:57,957 INFO: Epoch 88, Train Loss: 0.9468771200026235, Test Loss: 0.8192151933908463, Inverse Test Loss: 0.07389860600233078 
2025-01-09 14:26:58,108 INFO: Epoch 89, Train Loss: 0.9453492933704007, Test Loss: 0.8195410743355751, Inverse Test Loss: 0.07418655604124069 
2025-01-09 14:26:58,256 INFO: Epoch 90, Train Loss: 0.9435547321073471, Test Loss: 0.8189847767353058, Inverse Test Loss: 0.07392463088035583 
2025-01-09 14:26:58,409 INFO: Epoch 91, Train Loss: 0.9441672582780162, Test Loss: 0.8192636072635651, Inverse Test Loss: 0.07372812181711197 
2025-01-09 14:26:58,553 INFO: Epoch 92, Train Loss: 0.9422907560102401, Test Loss: 0.8185961097478867, Inverse Test Loss: 0.07360266894102097 
2025-01-09 14:26:58,703 INFO: Epoch 93, Train Loss: 0.9420764350122021, Test Loss: 0.8188243508338928, Inverse Test Loss: 0.07379887998104095 
2025-01-09 14:26:58,850 INFO: Epoch 94, Train Loss: 0.9411951341936665, Test Loss: 0.8187645524740219, Inverse Test Loss: 0.07352835685014725 
2025-01-09 14:26:58,999 INFO: Epoch 95, Train Loss: 0.9425087128916094, Test Loss: 0.8191815763711929, Inverse Test Loss: 0.0742507129907608 
2025-01-09 14:26:59,146 INFO: Epoch 96, Train Loss: 0.9418889226451996, Test Loss: 0.8186405822634697, Inverse Test Loss: 0.07374032586812973 
2025-01-09 14:26:59,299 INFO: Epoch 97, Train Loss: 0.9436547333194364, Test Loss: 0.8183954805135727, Inverse Test Loss: 0.07388181984424591 
2025-01-09 14:26:59,444 INFO: Epoch 98, Train Loss: 0.9421764285333695, Test Loss: 0.8175002485513687, Inverse Test Loss: 0.07367564737796783 
2025-01-09 14:26:59,590 INFO: Epoch 99, Train Loss: 0.942098242621268, Test Loss: 0.8182474225759506, Inverse Test Loss: 0.07363133877515793 
2025-01-09 14:26:59,749 INFO: Epoch 100, Train Loss: 0.940249619945403, Test Loss: 0.8178978487849236, Inverse Test Loss: 0.07396393269300461 
2025-01-09 14:26:59,749 INFO: Best Epoch 98, Best Test Loss: 0.8175002485513687 
2025-01-09 14:26:59,912 INFO: Epoch 101, Train Loss: 0.9409783674824622, Test Loss: 0.8181800544261932, Inverse Test Loss: 0.07381875813007355 
2025-01-09 14:27:00,060 INFO: Epoch 102, Train Loss: 0.939333067786309, Test Loss: 0.8174489885568619, Inverse Test Loss: 0.073701411485672 
2025-01-09 14:27:00,221 INFO: Epoch 103, Train Loss: 0.9386103076319541, Test Loss: 0.8176681324839592, Inverse Test Loss: 0.07408161461353302 
2025-01-09 14:27:00,370 INFO: Epoch 104, Train Loss: 0.9394999434871059, Test Loss: 0.8171732723712921, Inverse Test Loss: 0.07343842089176178 
2025-01-09 14:27:00,527 INFO: Epoch 105, Train Loss: 0.9382279092265714, Test Loss: 0.8170237988233566, Inverse Test Loss: 0.07388684153556824 
2025-01-09 14:27:00,676 INFO: Epoch 106, Train Loss: 0.9405279082636679, Test Loss: 0.8171454668045044, Inverse Test Loss: 0.07400330156087875 
2025-01-09 14:27:00,829 INFO: Epoch 107, Train Loss: 0.9410051030497397, Test Loss: 0.817678727209568, Inverse Test Loss: 0.07410823553800583 
2025-01-09 14:27:00,997 INFO: Epoch 108, Train Loss: 0.9406786753285316, Test Loss: 0.8165488392114639, Inverse Test Loss: 0.0736699178814888 
2025-01-09 14:27:01,202 INFO: Epoch 109, Train Loss: 0.9404432485180516, Test Loss: 0.8168923929333687, Inverse Test Loss: 0.07372633367776871 
2025-01-09 14:27:01,353 INFO: Epoch 110, Train Loss: 0.9416117398969589, Test Loss: 0.8166777864098549, Inverse Test Loss: 0.07371947914361954 
2025-01-09 14:27:01,513 INFO: Epoch 111, Train Loss: 0.9384889929525314, Test Loss: 0.8168678879737854, Inverse Test Loss: 0.0739782452583313 
2025-01-09 14:27:01,668 INFO: Epoch 112, Train Loss: 0.9373305074630245, Test Loss: 0.816467635333538, Inverse Test Loss: 0.07360699772834778 
2025-01-09 14:27:01,823 INFO: Epoch 113, Train Loss: 0.9376455814607682, Test Loss: 0.8163631707429886, Inverse Test Loss: 0.07411230355501175 
2025-01-09 14:27:01,967 INFO: Epoch 114, Train Loss: 0.939000581541369, Test Loss: 0.8156577721238136, Inverse Test Loss: 0.07355476170778275 
2025-01-09 14:27:02,117 INFO: Epoch 115, Train Loss: 0.938261624305479, Test Loss: 0.8163095191121101, Inverse Test Loss: 0.07381760329008102 
2025-01-09 14:27:02,264 INFO: Epoch 116, Train Loss: 0.9385476535366427, Test Loss: 0.816168874502182, Inverse Test Loss: 0.07381901144981384 
2025-01-09 14:27:02,415 INFO: Epoch 117, Train Loss: 0.9355370613836473, Test Loss: 0.8157651796936989, Inverse Test Loss: 0.07391001284122467 
2025-01-09 14:27:02,561 INFO: Epoch 118, Train Loss: 0.937276174945216, Test Loss: 0.8159801959991455, Inverse Test Loss: 0.07372002303600311 
2025-01-09 14:27:02,710 INFO: Epoch 119, Train Loss: 0.9382706803660239, Test Loss: 0.8157313466072083, Inverse Test Loss: 0.0737575963139534 
2025-01-09 14:27:02,858 INFO: Epoch 120, Train Loss: 0.9349605941003368, Test Loss: 0.8159702345728874, Inverse Test Loss: 0.07391373813152313 
2025-01-09 14:27:03,002 INFO: Epoch 121, Train Loss: 0.935760542269676, Test Loss: 0.816274881362915, Inverse Test Loss: 0.07402332872152328 
2025-01-09 14:27:03,143 INFO: Epoch 122, Train Loss: 0.9371874390109893, Test Loss: 0.8150843754410744, Inverse Test Loss: 0.07348129153251648 
2025-01-09 14:27:03,293 INFO: Epoch 123, Train Loss: 0.936647936221092, Test Loss: 0.8156297132372856, Inverse Test Loss: 0.07360812276601791 
2025-01-09 14:27:03,439 INFO: Epoch 124, Train Loss: 0.9351901104373317, Test Loss: 0.8153165578842163, Inverse Test Loss: 0.07363873720169067 
2025-01-09 14:27:03,589 INFO: Epoch 125, Train Loss: 0.9367929773945962, Test Loss: 0.8148705512285233, Inverse Test Loss: 0.07398650050163269 
2025-01-09 14:27:03,736 INFO: Epoch 126, Train Loss: 0.9382190050617341, Test Loss: 0.8155146837234497, Inverse Test Loss: 0.07373599708080292 
2025-01-09 14:27:03,891 INFO: Epoch 127, Train Loss: 0.9335400212195611, Test Loss: 0.8155780285596848, Inverse Test Loss: 0.07392115145921707 
2025-01-09 14:27:04,040 INFO: Epoch 128, Train Loss: 0.9339142364840354, Test Loss: 0.8151549249887466, Inverse Test Loss: 0.07390705496072769 
2025-01-09 14:27:04,212 INFO: Epoch 129, Train Loss: 0.9342650136639995, Test Loss: 0.815119244158268, Inverse Test Loss: 0.07431843876838684 
2025-01-09 14:27:04,364 INFO: Epoch 130, Train Loss: 0.9339632199656579, Test Loss: 0.8147807866334915, Inverse Test Loss: 0.07410533726215363 
2025-01-09 14:27:04,524 INFO: Epoch 131, Train Loss: 0.935088199953879, Test Loss: 0.8148768171668053, Inverse Test Loss: 0.07401347160339355 
2025-01-09 14:27:04,671 INFO: Epoch 132, Train Loss: 0.9341049136654023, Test Loss: 0.8147206753492355, Inverse Test Loss: 0.0738362967967987 
2025-01-09 14:27:04,830 INFO: Epoch 133, Train Loss: 0.9346183922982985, Test Loss: 0.8143251314759254, Inverse Test Loss: 0.07414571195840836 
2025-01-09 14:27:04,976 INFO: Epoch 134, Train Loss: 0.9341723784323661, Test Loss: 0.8142248317599297, Inverse Test Loss: 0.07391183823347092 
2025-01-09 14:27:05,132 INFO: Epoch 135, Train Loss: 0.9342207447175057, Test Loss: 0.8150592818856239, Inverse Test Loss: 0.07392404228448868 
2025-01-09 14:27:05,281 INFO: Epoch 136, Train Loss: 0.935756592981277, Test Loss: 0.8140365332365036, Inverse Test Loss: 0.07397305220365524 
2025-01-09 14:27:05,437 INFO: Epoch 137, Train Loss: 0.9328568231674933, Test Loss: 0.8141279071569443, Inverse Test Loss: 0.07383081316947937 
2025-01-09 14:27:05,582 INFO: Epoch 138, Train Loss: 0.9335231973278907, Test Loss: 0.8142155706882477, Inverse Test Loss: 0.07399941980838776 
2025-01-09 14:27:05,742 INFO: Epoch 139, Train Loss: 0.9339823165247517, Test Loss: 0.8146092295646667, Inverse Test Loss: 0.07390537858009338 
2025-01-09 14:27:05,889 INFO: Epoch 140, Train Loss: 0.9346265850528594, Test Loss: 0.8138093128800392, Inverse Test Loss: 0.0737692192196846 
2025-01-09 14:27:06,043 INFO: Epoch 141, Train Loss: 0.9337652037220616, Test Loss: 0.8139193803071976, Inverse Test Loss: 0.07407388091087341 
2025-01-09 14:27:06,188 INFO: Epoch 142, Train Loss: 0.9331841045810331, Test Loss: 0.8138291910290718, Inverse Test Loss: 0.07424897700548172 
2025-01-09 14:27:06,346 INFO: Epoch 143, Train Loss: 0.9317040712602677, Test Loss: 0.813793919980526, Inverse Test Loss: 0.07404375821352005 
2025-01-09 14:27:06,489 INFO: Epoch 144, Train Loss: 0.9333954376559104, Test Loss: 0.8135947659611702, Inverse Test Loss: 0.07391348481178284 
2025-01-09 14:27:06,639 INFO: Epoch 145, Train Loss: 0.9333559082400414, Test Loss: 0.8144920393824577, Inverse Test Loss: 0.07441655546426773 
2025-01-09 14:27:06,792 INFO: Epoch 146, Train Loss: 0.9337926814633031, Test Loss: 0.8136163949966431, Inverse Test Loss: 0.07394436001777649 
2025-01-09 14:27:06,944 INFO: Epoch 147, Train Loss: 0.9296618507754418, Test Loss: 0.8140346929430962, Inverse Test Loss: 0.07418102025985718 
2025-01-09 14:27:07,090 INFO: Epoch 148, Train Loss: 0.9344583307543108, Test Loss: 0.8131903260946274, Inverse Test Loss: 0.07385436445474625 
2025-01-09 14:27:07,244 INFO: Epoch 149, Train Loss: 0.9330414764342769, Test Loss: 0.8138485625386238, Inverse Test Loss: 0.07382478564977646 
2025-01-09 14:27:07,391 INFO: Epoch 150, Train Loss: 0.9329922564568058, Test Loss: 0.8131973072886467, Inverse Test Loss: 0.07423009723424911 
2025-01-09 14:27:07,536 INFO: Epoch 151, Train Loss: 0.9312868675877971, Test Loss: 0.813516303896904, Inverse Test Loss: 0.07408783584833145 
2025-01-09 14:27:07,681 INFO: Epoch 152, Train Loss: 0.9335872088709185, Test Loss: 0.8132973834872246, Inverse Test Loss: 0.07415612787008286 
2025-01-09 14:27:07,827 INFO: Epoch 153, Train Loss: 0.9305410500495664, Test Loss: 0.8128324374556541, Inverse Test Loss: 0.07425767183303833 
2025-01-09 14:27:07,971 INFO: Epoch 154, Train Loss: 0.9322181497850726, Test Loss: 0.8135646060109138, Inverse Test Loss: 0.07429248839616776 
2025-01-09 14:27:08,120 INFO: Epoch 155, Train Loss: 0.9297997028596939, Test Loss: 0.813780166208744, Inverse Test Loss: 0.07403670251369476 
2025-01-09 14:27:08,267 INFO: Epoch 156, Train Loss: 0.930770339504365, Test Loss: 0.8129293844103813, Inverse Test Loss: 0.07415493577718735 
2025-01-09 14:27:08,417 INFO: Epoch 157, Train Loss: 0.931504326481973, Test Loss: 0.8127141147851944, Inverse Test Loss: 0.07425365597009659 
2025-01-09 14:27:08,561 INFO: Epoch 158, Train Loss: 0.9296688745098729, Test Loss: 0.8131252899765968, Inverse Test Loss: 0.07423562556505203 
2025-01-09 14:27:08,714 INFO: Epoch 159, Train Loss: 0.9310035532520663, Test Loss: 0.8129493668675423, Inverse Test Loss: 0.07405821233987808 
2025-01-09 14:27:08,858 INFO: Epoch 160, Train Loss: 0.9301957853378788, Test Loss: 0.8133518099784851, Inverse Test Loss: 0.07461436837911606 
2025-01-09 14:27:09,013 INFO: Epoch 161, Train Loss: 0.9299343382158587, Test Loss: 0.8128641471266747, Inverse Test Loss: 0.0742606446146965 
2025-01-09 14:27:09,161 INFO: Epoch 162, Train Loss: 0.9286542457918967, Test Loss: 0.8131174966692924, Inverse Test Loss: 0.07413607090711594 
2025-01-09 14:27:09,319 INFO: Epoch 163, Train Loss: 0.9301444503568834, Test Loss: 0.8124168664216995, Inverse Test Loss: 0.0742591843008995 
2025-01-09 14:27:09,467 INFO: Epoch 164, Train Loss: 0.9292405497643256, Test Loss: 0.8126558363437653, Inverse Test Loss: 0.07410363852977753 
2025-01-09 14:27:09,624 INFO: Epoch 165, Train Loss: 0.9296135613995213, Test Loss: 0.8126126080751419, Inverse Test Loss: 0.07464715838432312 
2025-01-09 14:27:09,773 INFO: Epoch 166, Train Loss: 0.9279066939507762, Test Loss: 0.8125741854310036, Inverse Test Loss: 0.07445911318063736 
2025-01-09 14:27:09,930 INFO: Epoch 167, Train Loss: 0.9295105338096619, Test Loss: 0.8130883723497391, Inverse Test Loss: 0.07414581626653671 
2025-01-09 14:27:10,081 INFO: Epoch 168, Train Loss: 0.9265394691498049, Test Loss: 0.8131458759307861, Inverse Test Loss: 0.07456053048372269 
2025-01-09 14:27:10,240 INFO: Epoch 169, Train Loss: 0.9325161153270353, Test Loss: 0.8124507963657379, Inverse Test Loss: 0.07405649870634079 
2025-01-09 14:27:10,388 INFO: Epoch 170, Train Loss: 0.9278144567243515, Test Loss: 0.8123462423682213, Inverse Test Loss: 0.07448630779981613 
2025-01-09 14:27:10,545 INFO: Epoch 171, Train Loss: 0.9296741043367693, Test Loss: 0.8124072551727295, Inverse Test Loss: 0.07433963567018509 
2025-01-09 14:27:10,694 INFO: Epoch 172, Train Loss: 0.9296864251936635, Test Loss: 0.812091201543808, Inverse Test Loss: 0.07431995123624802 
2025-01-09 14:27:10,849 INFO: Epoch 173, Train Loss: 0.9299066508969953, Test Loss: 0.8130871504545212, Inverse Test Loss: 0.07443968206644058 
2025-01-09 14:27:10,995 INFO: Epoch 174, Train Loss: 0.9284996909479941, Test Loss: 0.8122207745909691, Inverse Test Loss: 0.07442191243171692 
2025-01-09 14:27:11,156 INFO: Epoch 175, Train Loss: 0.9294104941429631, Test Loss: 0.8122807592153549, Inverse Test Loss: 0.07445602118968964 
2025-01-09 14:27:11,305 INFO: Epoch 176, Train Loss: 0.9293216466903687, Test Loss: 0.8124272227287292, Inverse Test Loss: 0.07420028001070023 
2025-01-09 14:27:11,460 INFO: Epoch 177, Train Loss: 0.9276215068755611, Test Loss: 0.8120365515351295, Inverse Test Loss: 0.07432904839515686 
2025-01-09 14:27:11,606 INFO: Epoch 178, Train Loss: 0.9285328426668721, Test Loss: 0.8122841045260429, Inverse Test Loss: 0.07460840046405792 
2025-01-09 14:27:11,765 INFO: Epoch 179, Train Loss: 0.9284189554952806, Test Loss: 0.8115976974368095, Inverse Test Loss: 0.07438550144433975 
2025-01-09 14:27:11,922 INFO: Epoch 180, Train Loss: 0.9313238859176636, Test Loss: 0.8122246116399765, Inverse Test Loss: 0.07457640022039413 
2025-01-09 14:27:12,079 INFO: Epoch 181, Train Loss: 0.9277000657973751, Test Loss: 0.811859130859375, Inverse Test Loss: 0.07417401671409607 
2025-01-09 14:27:12,224 INFO: Epoch 182, Train Loss: 0.9275162892956887, Test Loss: 0.8117926344275475, Inverse Test Loss: 0.0745019018650055 
2025-01-09 14:27:12,382 INFO: Epoch 183, Train Loss: 0.9284945764849263, Test Loss: 0.8117464780807495, Inverse Test Loss: 0.07469308376312256 
2025-01-09 14:27:12,529 INFO: Epoch 184, Train Loss: 0.9276241756254627, Test Loss: 0.8112804442644119, Inverse Test Loss: 0.07441939413547516 
2025-01-09 14:27:12,683 INFO: Epoch 185, Train Loss: 0.9261324521033995, Test Loss: 0.8122114986181259, Inverse Test Loss: 0.07434558123350143 
2025-01-09 14:27:12,830 INFO: Epoch 186, Train Loss: 0.9279983024443349, Test Loss: 0.8114458471536636, Inverse Test Loss: 0.07463940232992172 
2025-01-09 14:27:12,985 INFO: Epoch 187, Train Loss: 0.9281004436554448, Test Loss: 0.8121095970273018, Inverse Test Loss: 0.07478486746549606 
2025-01-09 14:27:13,132 INFO: Epoch 188, Train Loss: 0.9292911137303999, Test Loss: 0.8117626160383224, Inverse Test Loss: 0.0743192657828331 
2025-01-09 14:27:13,286 INFO: Epoch 189, Train Loss: 0.9281577102599605, Test Loss: 0.8115521147847176, Inverse Test Loss: 0.07460862398147583 
2025-01-09 14:27:13,434 INFO: Epoch 190, Train Loss: 0.9285120637186112, Test Loss: 0.8113890439271927, Inverse Test Loss: 0.07446067780256271 
2025-01-09 14:27:13,592 INFO: Epoch 191, Train Loss: 0.9270570739623039, Test Loss: 0.8114907741546631, Inverse Test Loss: 0.0741526335477829 
2025-01-09 14:27:13,742 INFO: Epoch 192, Train Loss: 0.9279285669326782, Test Loss: 0.8119266778230667, Inverse Test Loss: 0.07455356419086456 
2025-01-09 14:27:13,894 INFO: Epoch 193, Train Loss: 0.9270293174251434, Test Loss: 0.8118201270699501, Inverse Test Loss: 0.07474719732999802 
2025-01-09 14:27:14,041 INFO: Epoch 194, Train Loss: 0.9278447762612374, Test Loss: 0.8114567175507545, Inverse Test Loss: 0.07469476759433746 
2025-01-09 14:27:14,198 INFO: Epoch 195, Train Loss: 0.9272565630174452, Test Loss: 0.811730369925499, Inverse Test Loss: 0.07468866556882858 
2025-01-09 14:27:14,345 INFO: Epoch 196, Train Loss: 0.9277001388611332, Test Loss: 0.8118240460753441, Inverse Test Loss: 0.07451388239860535 
2025-01-09 14:27:14,497 INFO: Epoch 197, Train Loss: 0.9287864315894342, Test Loss: 0.8115793317556381, Inverse Test Loss: 0.07452812045812607 
2025-01-09 14:27:14,645 INFO: Epoch 198, Train Loss: 0.9262164561979233, Test Loss: 0.811486653983593, Inverse Test Loss: 0.07473336905241013 
2025-01-09 14:27:14,793 INFO: Epoch 199, Train Loss: 0.9259885299590326, Test Loss: 0.8105334714055061, Inverse Test Loss: 0.07434318959712982 
2025-01-09 14:27:14,936 INFO: Epoch 200, Train Loss: 0.9273769240225515, Test Loss: 0.8114006370306015, Inverse Test Loss: 0.0748499184846878 
2025-01-09 14:27:14,936 INFO: Best Epoch 199, Best Test Loss: 0.8105334714055061 
2025-01-09 14:27:15,094 INFO: Epoch 201, Train Loss: 0.9252610879559671, Test Loss: 0.8115183413028717, Inverse Test Loss: 0.07455328106880188 
2025-01-09 14:27:15,242 INFO: Epoch 202, Train Loss: 0.9271501841083649, Test Loss: 0.8113396987318993, Inverse Test Loss: 0.07484710216522217 
2025-01-09 14:27:15,394 INFO: Epoch 203, Train Loss: 0.9278242357315556, Test Loss: 0.8113012984395027, Inverse Test Loss: 0.07456497102975845 
2025-01-09 14:27:15,540 INFO: Epoch 204, Train Loss: 0.9264974959435002, Test Loss: 0.8112277463078499, Inverse Test Loss: 0.07438060641288757 
2025-01-09 14:27:15,697 INFO: Epoch 205, Train Loss: 0.925632155710651, Test Loss: 0.8112150877714157, Inverse Test Loss: 0.07446561008691788 
2025-01-09 14:27:15,844 INFO: Epoch 206, Train Loss: 0.9263900076189349, Test Loss: 0.8113234490156174, Inverse Test Loss: 0.0747067853808403 
2025-01-09 14:27:16,002 INFO: Epoch 207, Train Loss: 0.927172972309974, Test Loss: 0.8109142556786537, Inverse Test Loss: 0.0743992030620575 
2025-01-09 14:27:16,146 INFO: Epoch 208, Train Loss: 0.9282263536607066, Test Loss: 0.8106578588485718, Inverse Test Loss: 0.07483846694231033 
2025-01-09 14:27:16,300 INFO: Epoch 209, Train Loss: 0.9262801485676919, Test Loss: 0.8105091899633408, Inverse Test Loss: 0.07473870366811752 
2025-01-09 14:27:16,446 INFO: Epoch 210, Train Loss: 0.9264483624889005, Test Loss: 0.8109965920448303, Inverse Test Loss: 0.07460885494947433 
2025-01-09 14:27:16,605 INFO: Epoch 211, Train Loss: 0.926620360343687, Test Loss: 0.8110769987106323, Inverse Test Loss: 0.07466435432434082 
2025-01-09 14:27:16,752 INFO: Epoch 212, Train Loss: 0.9278520980188923, Test Loss: 0.8109516426920891, Inverse Test Loss: 0.07474647462368011 
2025-01-09 14:27:16,910 INFO: Epoch 213, Train Loss: 0.9266155765902612, Test Loss: 0.8112147599458694, Inverse Test Loss: 0.07463044673204422 
2025-01-09 14:27:17,070 INFO: Epoch 214, Train Loss: 0.9277397701817174, Test Loss: 0.8112515211105347, Inverse Test Loss: 0.07455720007419586 
2025-01-09 14:27:17,226 INFO: Epoch 215, Train Loss: 0.9216606751565011, Test Loss: 0.8105364441871643, Inverse Test Loss: 0.07473877817392349 
2025-01-09 14:27:17,373 INFO: Epoch 216, Train Loss: 0.9244949606157118, Test Loss: 0.8110352829098701, Inverse Test Loss: 0.07494483143091202 
2025-01-09 14:27:17,529 INFO: Epoch 217, Train Loss: 0.928516689808138, Test Loss: 0.8104898035526276, Inverse Test Loss: 0.07460276037454605 
2025-01-09 14:27:17,674 INFO: Epoch 218, Train Loss: 0.9238958570265001, Test Loss: 0.8111557140946388, Inverse Test Loss: 0.07461532950401306 
2025-01-09 14:27:17,827 INFO: Epoch 219, Train Loss: 0.9259472412447776, Test Loss: 0.8107443377375603, Inverse Test Loss: 0.07481969892978668 
2025-01-09 14:27:17,972 INFO: Epoch 220, Train Loss: 0.9286375103458282, Test Loss: 0.8108562305569649, Inverse Test Loss: 0.07475924491882324 
2025-01-09 14:27:18,125 INFO: Epoch 221, Train Loss: 0.9255084222362887, Test Loss: 0.8110629692673683, Inverse Test Loss: 0.0748518630862236 
2025-01-09 14:27:18,265 INFO: Epoch 222, Train Loss: 0.9263027925645152, Test Loss: 0.8108662515878677, Inverse Test Loss: 0.07485289871692657 
2025-01-09 14:27:18,414 INFO: Epoch 223, Train Loss: 0.9250696705233666, Test Loss: 0.8110185191035271, Inverse Test Loss: 0.07499577105045319 
2025-01-09 14:27:18,561 INFO: Epoch 224, Train Loss: 0.9256996243230758, Test Loss: 0.8109747990965843, Inverse Test Loss: 0.075211301445961 
2025-01-09 14:27:18,709 INFO: Epoch 225, Train Loss: 0.9255495917412543, Test Loss: 0.8101569339632988, Inverse Test Loss: 0.07486347109079361 
2025-01-09 14:27:18,850 INFO: Epoch 226, Train Loss: 0.9245663208346213, Test Loss: 0.8105542585253716, Inverse Test Loss: 0.07480939477682114 
2025-01-09 14:27:19,001 INFO: Epoch 227, Train Loss: 0.9251629248742135, Test Loss: 0.8107565268874168, Inverse Test Loss: 0.07487424463033676 
2025-01-09 14:27:19,146 INFO: Epoch 228, Train Loss: 0.9271061439667979, Test Loss: 0.8099794387817383, Inverse Test Loss: 0.07505694776773453 
2025-01-09 14:27:19,295 INFO: Epoch 229, Train Loss: 0.9255311681378272, Test Loss: 0.8106742054224014, Inverse Test Loss: 0.074908047914505 
2025-01-09 14:27:19,443 INFO: Epoch 230, Train Loss: 0.9257360735247212, Test Loss: 0.8109569251537323, Inverse Test Loss: 0.0751883015036583 
2025-01-09 14:27:19,600 INFO: Epoch 231, Train Loss: 0.9255067475380436, Test Loss: 0.8101493269205093, Inverse Test Loss: 0.074674591422081 
2025-01-09 14:27:19,744 INFO: Epoch 232, Train Loss: 0.924220860004425, Test Loss: 0.8104561418294907, Inverse Test Loss: 0.07502076774835587 
2025-01-09 14:27:19,897 INFO: Epoch 233, Train Loss: 0.9256434440612793, Test Loss: 0.8106495440006256, Inverse Test Loss: 0.07510101050138474 
2025-01-09 14:27:20,043 INFO: Epoch 234, Train Loss: 0.9251850439656165, Test Loss: 0.810398556292057, Inverse Test Loss: 0.07503963261842728 
2025-01-09 14:27:20,201 INFO: Epoch 235, Train Loss: 0.9231894650766926, Test Loss: 0.8105634972453117, Inverse Test Loss: 0.07511591166257858 
2025-01-09 14:27:20,361 INFO: Epoch 236, Train Loss: 0.9261057780634973, Test Loss: 0.8110612332820892, Inverse Test Loss: 0.07492167502641678 
2025-01-09 14:27:20,515 INFO: Epoch 237, Train Loss: 0.9245857481033571, Test Loss: 0.810612365603447, Inverse Test Loss: 0.07539264112710953 
2025-01-09 14:27:20,662 INFO: Epoch 238, Train Loss: 0.9245782475317678, Test Loss: 0.8106236904859543, Inverse Test Loss: 0.07508953660726547 
2025-01-09 14:27:20,822 INFO: Epoch 239, Train Loss: 0.9234701606535143, Test Loss: 0.8103831931948662, Inverse Test Loss: 0.07480307668447495 
2025-01-09 14:27:20,968 INFO: Epoch 240, Train Loss: 0.9238091918729967, Test Loss: 0.8102872669696808, Inverse Test Loss: 0.07509759068489075 
2025-01-09 14:27:21,130 INFO: Epoch 241, Train Loss: 0.9252418837239665, Test Loss: 0.8107461780309677, Inverse Test Loss: 0.07508239895105362 
2025-01-09 14:27:21,273 INFO: Epoch 242, Train Loss: 0.924594517677061, Test Loss: 0.810762844979763, Inverse Test Loss: 0.0753665342926979 
2025-01-09 14:27:21,435 INFO: Epoch 243, Train Loss: 0.9228837355490653, Test Loss: 0.8103659451007843, Inverse Test Loss: 0.0754728838801384 
2025-01-09 14:27:21,582 INFO: Epoch 244, Train Loss: 0.9261153705658451, Test Loss: 0.8105390295386314, Inverse Test Loss: 0.07519590854644775 
2025-01-09 14:27:21,736 INFO: Epoch 245, Train Loss: 0.9246805714022729, Test Loss: 0.8113162219524384, Inverse Test Loss: 0.07563838362693787 
2025-01-09 14:27:21,883 INFO: Epoch 246, Train Loss: 0.924100266348931, Test Loss: 0.810342088341713, Inverse Test Loss: 0.0754394382238388 
2025-01-09 14:27:22,042 INFO: Epoch 247, Train Loss: 0.9251998086129466, Test Loss: 0.8115657493472099, Inverse Test Loss: 0.0753423273563385 
2025-01-09 14:27:22,201 INFO: Epoch 248, Train Loss: 0.9240233148297956, Test Loss: 0.81053726375103, Inverse Test Loss: 0.07530342787504196 
2025-01-09 14:27:22,360 INFO: Epoch 249, Train Loss: 0.9239232943904016, Test Loss: 0.8108907416462898, Inverse Test Loss: 0.07535137236118317 
2025-01-09 14:27:22,512 INFO: Epoch 250, Train Loss: 0.9239128097411125, Test Loss: 0.8105867132544518, Inverse Test Loss: 0.07563460618257523 
2025-01-09 14:27:22,664 INFO: Epoch 251, Train Loss: 0.9228484572902802, Test Loss: 0.810903787612915, Inverse Test Loss: 0.07520215213298798 
2025-01-09 14:27:22,807 INFO: Epoch 252, Train Loss: 0.9248122899763046, Test Loss: 0.8103591874241829, Inverse Test Loss: 0.07533904910087585 
2025-01-09 14:27:22,966 INFO: Epoch 253, Train Loss: 0.9232010129959353, Test Loss: 0.8107254356145859, Inverse Test Loss: 0.0754682868719101 
2025-01-09 14:27:23,116 INFO: Epoch 254, Train Loss: 0.9258219791996863, Test Loss: 0.8106349930167198, Inverse Test Loss: 0.0758315697312355 
2025-01-09 14:27:23,277 INFO: Epoch 255, Train Loss: 0.9211149331062071, Test Loss: 0.8103243932127953, Inverse Test Loss: 0.07549634575843811 
2025-01-09 14:27:23,422 INFO: Epoch 256, Train Loss: 0.9240670319526426, Test Loss: 0.8104847818613052, Inverse Test Loss: 0.07540816068649292 
2025-01-09 14:27:23,580 INFO: Epoch 257, Train Loss: 0.9255203066333648, Test Loss: 0.81025131046772, Inverse Test Loss: 0.07573200762271881 
2025-01-09 14:27:23,726 INFO: Epoch 258, Train Loss: 0.9249716747191644, Test Loss: 0.8104547411203384, Inverse Test Loss: 0.07530271261930466 
2025-01-09 14:27:23,880 INFO: Epoch 259, Train Loss: 0.923182733597294, Test Loss: 0.8109953925013542, Inverse Test Loss: 0.0755356177687645 
2025-01-09 14:27:24,028 INFO: Epoch 260, Train Loss: 0.9253971326735712, Test Loss: 0.8107587173581123, Inverse Test Loss: 0.0755748376250267 
2025-01-09 14:27:24,185 INFO: Epoch 261, Train Loss: 0.9245779937313449, Test Loss: 0.8109800964593887, Inverse Test Loss: 0.0756157785654068 
2025-01-09 14:27:24,332 INFO: Epoch 262, Train Loss: 0.9232107323984946, Test Loss: 0.8107379451394081, Inverse Test Loss: 0.07557936012744904 
2025-01-09 14:27:24,491 INFO: Epoch 263, Train Loss: 0.923871555636006, Test Loss: 0.8104366809129715, Inverse Test Loss: 0.07549881935119629 
2025-01-09 14:27:24,636 INFO: Epoch 264, Train Loss: 0.9239416276254961, Test Loss: 0.8113706484436989, Inverse Test Loss: 0.0758235901594162 
2025-01-09 14:27:24,791 INFO: Epoch 265, Train Loss: 0.9232367181008861, Test Loss: 0.8106938004493713, Inverse Test Loss: 0.0754561647772789 
2025-01-09 14:27:24,935 INFO: Epoch 266, Train Loss: 0.9219991257113795, Test Loss: 0.8109529986977577, Inverse Test Loss: 0.0756901279091835 
2025-01-09 14:27:25,083 INFO: Epoch 267, Train Loss: 0.9218775322360377, Test Loss: 0.8109504729509354, Inverse Test Loss: 0.07610964775085449 
2025-01-09 14:27:25,230 INFO: Epoch 268, Train Loss: 0.9206673945150068, Test Loss: 0.8109904304146767, Inverse Test Loss: 0.07569871097803116 
2025-01-09 14:27:25,383 INFO: Epoch 269, Train Loss: 0.9256453783281388, Test Loss: 0.8107309341430664, Inverse Test Loss: 0.07553994655609131 
2025-01-09 14:27:25,532 INFO: Epoch 270, Train Loss: 0.9252098568024174, Test Loss: 0.8111688420176506, Inverse Test Loss: 0.0758868157863617 
2025-01-09 14:27:25,676 INFO: Epoch 271, Train Loss: 0.9230598134379233, Test Loss: 0.810976192355156, Inverse Test Loss: 0.07559339702129364 
2025-01-09 14:27:25,823 INFO: Epoch 272, Train Loss: 0.9235083595398934, Test Loss: 0.81101194024086, Inverse Test Loss: 0.07612373679876328 
2025-01-09 14:27:25,971 INFO: Epoch 273, Train Loss: 0.9227657721888635, Test Loss: 0.8114590868353844, Inverse Test Loss: 0.07612995058298111 
2025-01-09 14:27:26,117 INFO: Epoch 274, Train Loss: 0.9241237005879802, Test Loss: 0.810631275177002, Inverse Test Loss: 0.07568985223770142 
2025-01-09 14:27:26,270 INFO: Epoch 275, Train Loss: 0.9248913180443549, Test Loss: 0.8112915381789207, Inverse Test Loss: 0.07610377669334412 
2025-01-09 14:27:26,415 INFO: Epoch 276, Train Loss: 0.9230317454184255, Test Loss: 0.8113795816898346, Inverse Test Loss: 0.07601211220026016 
2025-01-09 14:27:26,568 INFO: Epoch 277, Train Loss: 0.9219135295960211, Test Loss: 0.811433456838131, Inverse Test Loss: 0.07581838220357895 
2025-01-09 14:27:26,713 INFO: Epoch 278, Train Loss: 0.9214982678813319, Test Loss: 0.8116730377078056, Inverse Test Loss: 0.07616051286458969 
2025-01-09 14:27:26,867 INFO: Epoch 279, Train Loss: 0.9229854133821302, Test Loss: 0.8110863491892815, Inverse Test Loss: 0.0762823149561882 
2025-01-09 14:27:27,013 INFO: Epoch 280, Train Loss: 0.9223144246685889, Test Loss: 0.8109302297234535, Inverse Test Loss: 0.07606960088014603 
2025-01-09 14:27:27,171 INFO: Epoch 281, Train Loss: 0.9214215932353851, Test Loss: 0.8113523945212364, Inverse Test Loss: 0.07632755488157272 
2025-01-09 14:27:27,328 INFO: Epoch 282, Train Loss: 0.9224695467179821, Test Loss: 0.8109987825155258, Inverse Test Loss: 0.07585234194993973 
2025-01-09 14:27:27,488 INFO: Epoch 283, Train Loss: 0.9240693276928317, Test Loss: 0.8109044656157494, Inverse Test Loss: 0.07620829343795776 
2025-01-09 14:27:27,638 INFO: Epoch 284, Train Loss: 0.9259321093559265, Test Loss: 0.8110483065247536, Inverse Test Loss: 0.07580888271331787 
2025-01-09 14:27:27,797 INFO: Epoch 285, Train Loss: 0.9222144753702225, Test Loss: 0.8114098906517029, Inverse Test Loss: 0.07616300880908966 
2025-01-09 14:27:27,947 INFO: Epoch 286, Train Loss: 0.9221078676562156, Test Loss: 0.8107055723667145, Inverse Test Loss: 0.07592491805553436 
2025-01-09 14:27:28,103 INFO: Epoch 287, Train Loss: 0.9241745741136612, Test Loss: 0.811985932290554, Inverse Test Loss: 0.07606861740350723 
2025-01-09 14:27:28,251 INFO: Epoch 288, Train Loss: 0.9205185098032798, Test Loss: 0.8110957816243172, Inverse Test Loss: 0.07609586417675018 
2025-01-09 14:27:28,406 INFO: Epoch 289, Train Loss: 0.9236979426876191, Test Loss: 0.8112093880772591, Inverse Test Loss: 0.07628161460161209 
2025-01-09 14:27:28,557 INFO: Epoch 290, Train Loss: 0.9243136490544965, Test Loss: 0.811455637216568, Inverse Test Loss: 0.0762433260679245 
2025-01-09 14:27:28,713 INFO: Epoch 291, Train Loss: 0.9222980737686157, Test Loss: 0.8114084750413895, Inverse Test Loss: 0.07570488750934601 
2025-01-09 14:27:28,861 INFO: Epoch 292, Train Loss: 0.9230505266497212, Test Loss: 0.8110736683011055, Inverse Test Loss: 0.07624656707048416 
2025-01-09 14:27:29,016 INFO: Epoch 293, Train Loss: 0.9221384025389149, Test Loss: 0.8116551861166954, Inverse Test Loss: 0.07599347829818726 
2025-01-09 14:27:29,162 INFO: Epoch 294, Train Loss: 0.9217350002258055, Test Loss: 0.8114244639873505, Inverse Test Loss: 0.07622420787811279 
2025-01-09 14:27:29,321 INFO: Epoch 295, Train Loss: 0.9220317544475678, Test Loss: 0.8115983754396439, Inverse Test Loss: 0.07645418494939804 
2025-01-09 14:27:29,465 INFO: Epoch 296, Train Loss: 0.9219995737075806, Test Loss: 0.8112975433468819, Inverse Test Loss: 0.07632987201213837 
2025-01-09 14:27:29,624 INFO: Epoch 297, Train Loss: 0.9222658718785932, Test Loss: 0.8120200708508492, Inverse Test Loss: 0.0762566402554512 
2025-01-09 14:27:29,770 INFO: Epoch 298, Train Loss: 0.9212986077031782, Test Loss: 0.8112085238099098, Inverse Test Loss: 0.07635486125946045 
2025-01-09 14:27:29,920 INFO: Epoch 299, Train Loss: 0.9218295678015678, Test Loss: 0.8118781298398972, Inverse Test Loss: 0.07651131600141525 
2025-01-09 14:27:30,069 INFO: Epoch 300, Train Loss: 0.9212951390973984, Test Loss: 0.8124085441231728, Inverse Test Loss: 0.07638914883136749 
2025-01-09 14:27:30,069 INFO: Best Epoch 228, Best Test Loss: 0.8099794387817383 
2025-01-09 14:27:30,227 INFO: Epoch 301, Train Loss: 0.9188859789602218, Test Loss: 0.8122456595301628, Inverse Test Loss: 0.07659666240215302 
2025-01-09 14:27:30,372 INFO: Epoch 302, Train Loss: 0.920833864519673, Test Loss: 0.811290368437767, Inverse Test Loss: 0.07656748592853546 
2025-01-09 14:27:30,532 INFO: Epoch 303, Train Loss: 0.9202019841440262, Test Loss: 0.8119206503033638, Inverse Test Loss: 0.07615187019109726 
2025-01-09 14:27:30,679 INFO: Epoch 304, Train Loss: 0.9241874237214366, Test Loss: 0.8122505322098732, Inverse Test Loss: 0.07669589668512344 
2025-01-09 14:27:30,832 INFO: Epoch 305, Train Loss: 0.9203219048438533, Test Loss: 0.8123071491718292, Inverse Test Loss: 0.07656896114349365 
2025-01-09 14:27:30,979 INFO: Epoch 306, Train Loss: 0.9202084425956972, Test Loss: 0.8118696212768555, Inverse Test Loss: 0.07639976590871811 
2025-01-09 14:27:31,133 INFO: Epoch 307, Train Loss: 0.9211516495673887, Test Loss: 0.8118630349636078, Inverse Test Loss: 0.0765678808093071 
2025-01-09 14:27:31,315 INFO: Epoch 308, Train Loss: 0.9225614513120344, Test Loss: 0.8115718439221382, Inverse Test Loss: 0.07688033580780029 
2025-01-09 14:27:31,464 INFO: Epoch 309, Train Loss: 0.920842993643976, Test Loss: 0.8121462240815163, Inverse Test Loss: 0.07628901302814484 
2025-01-09 14:27:31,613 INFO: Epoch 310, Train Loss: 0.9215569899928185, Test Loss: 0.8117785230278969, Inverse Test Loss: 0.07640794664621353 
2025-01-09 14:27:31,771 INFO: Epoch 311, Train Loss: 0.9210481643676758, Test Loss: 0.8112173974514008, Inverse Test Loss: 0.0762384831905365 
2025-01-09 14:27:31,920 INFO: Epoch 312, Train Loss: 0.9239114465252045, Test Loss: 0.8120373636484146, Inverse Test Loss: 0.07660958915948868 
2025-01-09 14:27:32,070 INFO: Epoch 313, Train Loss: 0.9201700072134694, Test Loss: 0.8118151351809502, Inverse Test Loss: 0.07690506428480148 
2025-01-09 14:27:32,217 INFO: Epoch 314, Train Loss: 0.9222084572238307, Test Loss: 0.8121677041053772, Inverse Test Loss: 0.07630182802677155 
2025-01-09 14:27:32,365 INFO: Epoch 315, Train Loss: 0.9209454713329193, Test Loss: 0.8124043270945549, Inverse Test Loss: 0.07659491151571274 
2025-01-09 14:27:32,524 INFO: Epoch 316, Train Loss: 0.9193300066455719, Test Loss: 0.8118777945637703, Inverse Test Loss: 0.07677659392356873 
2025-01-09 14:27:32,673 INFO: Epoch 317, Train Loss: 0.9207178373490611, Test Loss: 0.8121786713600159, Inverse Test Loss: 0.07683426141738892 
2025-01-09 14:27:32,824 INFO: Epoch 318, Train Loss: 0.9199519503501153, Test Loss: 0.8110857456922531, Inverse Test Loss: 0.07666215300559998 
2025-01-09 14:27:32,970 INFO: Epoch 319, Train Loss: 0.922076121453316, Test Loss: 0.8117459043860435, Inverse Test Loss: 0.07678656280040741 
2025-01-09 14:27:33,141 INFO: Epoch 320, Train Loss: 0.9215036476812055, Test Loss: 0.8126286640763283, Inverse Test Loss: 0.07664751261472702 
2025-01-09 14:27:33,308 INFO: Epoch 321, Train Loss: 0.9220053207489752, Test Loss: 0.8117076829075813, Inverse Test Loss: 0.07668853551149368 
2025-01-09 14:27:33,462 INFO: Epoch 322, Train Loss: 0.9175416481110358, Test Loss: 0.812259241938591, Inverse Test Loss: 0.07677331566810608 
2025-01-09 14:27:33,615 INFO: Epoch 323, Train Loss: 0.9211722150925667, Test Loss: 0.8118973597884178, Inverse Test Loss: 0.07657796889543533 
2025-01-09 14:27:33,770 INFO: Epoch 324, Train Loss: 0.9223339326920048, Test Loss: 0.8126218542456627, Inverse Test Loss: 0.07651545107364655 
2025-01-09 14:27:33,932 INFO: Epoch 325, Train Loss: 0.92177987675513, Test Loss: 0.8129247948527336, Inverse Test Loss: 0.07646340131759644 
2025-01-09 14:27:34,091 INFO: Epoch 326, Train Loss: 0.9193058225416368, Test Loss: 0.8122543916106224, Inverse Test Loss: 0.07693404704332352 
2025-01-09 14:27:34,255 INFO: Epoch 327, Train Loss: 0.9211575311999167, Test Loss: 0.8117693066596985, Inverse Test Loss: 0.076596699655056 
2025-01-09 14:27:34,414 INFO: Epoch 328, Train Loss: 0.9207782226224099, Test Loss: 0.8124642968177795, Inverse Test Loss: 0.0768764317035675 
2025-01-09 14:27:34,576 INFO: Epoch 329, Train Loss: 0.9201460922918012, Test Loss: 0.8121971637010574, Inverse Test Loss: 0.07676471769809723 
2025-01-09 14:27:34,751 INFO: Epoch 330, Train Loss: 0.9213795315834784, Test Loss: 0.8119835779070854, Inverse Test Loss: 0.07668861746788025 
2025-01-09 14:27:34,925 INFO: Epoch 331, Train Loss: 0.9202079580676171, Test Loss: 0.8123477771878242, Inverse Test Loss: 0.07673640549182892 
2025-01-09 14:27:35,088 INFO: Epoch 332, Train Loss: 0.9212604914942095, Test Loss: 0.8126788213849068, Inverse Test Loss: 0.07665780186653137 
2025-01-09 14:27:35,250 INFO: Epoch 333, Train Loss: 0.9209284494000096, Test Loss: 0.8120952919125557, Inverse Test Loss: 0.07676731795072556 
2025-01-09 14:27:35,412 INFO: Epoch 334, Train Loss: 0.9214196993458655, Test Loss: 0.8121642768383026, Inverse Test Loss: 0.07688070088624954 
2025-01-09 14:27:35,579 INFO: Epoch 335, Train Loss: 0.9200857820049408, Test Loss: 0.8120661675930023, Inverse Test Loss: 0.0767536461353302 
2025-01-09 14:27:35,769 INFO: Epoch 336, Train Loss: 0.9199060663100211, Test Loss: 0.8122190833091736, Inverse Test Loss: 0.07673665881156921 
2025-01-09 14:27:35,937 INFO: Epoch 337, Train Loss: 0.9193898381725434, Test Loss: 0.8121050298213959, Inverse Test Loss: 0.07648888975381851 
2025-01-09 14:27:36,109 INFO: Epoch 338, Train Loss: 0.9221738519207123, Test Loss: 0.8128286451101303, Inverse Test Loss: 0.0772128701210022 
2025-01-09 14:27:36,283 INFO: Epoch 339, Train Loss: 0.9178953074639843, Test Loss: 0.8120288103818893, Inverse Test Loss: 0.07665756344795227 
2025-01-09 14:27:36,452 INFO: Epoch 340, Train Loss: 0.920802645144924, Test Loss: 0.8126218095421791, Inverse Test Loss: 0.07697764039039612 
2025-01-09 14:27:36,622 INFO: Epoch 341, Train Loss: 0.9208349643215057, Test Loss: 0.8123601898550987, Inverse Test Loss: 0.07678820192813873 
2025-01-09 14:27:36,789 INFO: Epoch 342, Train Loss: 0.9218897127336071, Test Loss: 0.8121904954314232, Inverse Test Loss: 0.07664750516414642 
2025-01-09 14:27:36,964 INFO: Epoch 343, Train Loss: 0.9181419303340297, Test Loss: 0.8124116063117981, Inverse Test Loss: 0.07690449804067612 
2025-01-09 14:27:37,132 INFO: Epoch 344, Train Loss: 0.9203683195575592, Test Loss: 0.8121134042739868, Inverse Test Loss: 0.07681567966938019 
2025-01-09 14:27:37,314 INFO: Epoch 345, Train Loss: 0.9200931037625959, Test Loss: 0.8127147331833839, Inverse Test Loss: 0.07705004513263702 
2025-01-09 14:27:37,484 INFO: Epoch 346, Train Loss: 0.9220677095074807, Test Loss: 0.8128013983368874, Inverse Test Loss: 0.07673314958810806 
2025-01-09 14:27:37,666 INFO: Epoch 347, Train Loss: 0.9208054119540799, Test Loss: 0.8119919374585152, Inverse Test Loss: 0.0767146423459053 
2025-01-09 14:27:37,825 INFO: Epoch 348, Train Loss: 0.9188339614099071, Test Loss: 0.8126479759812355, Inverse Test Loss: 0.07707551121711731 
2025-01-09 14:27:37,987 INFO: Epoch 349, Train Loss: 0.9193615355799275, Test Loss: 0.8128582611680031, Inverse Test Loss: 0.07705505192279816 
2025-01-09 14:27:38,173 INFO: Epoch 350, Train Loss: 0.9219395479848308, Test Loss: 0.8126606643199921, Inverse Test Loss: 0.07706572115421295 
2025-01-09 14:27:38,361 INFO: Epoch 351, Train Loss: 0.9209194740941448, Test Loss: 0.812548540532589, Inverse Test Loss: 0.0768699198961258 
2025-01-09 14:27:38,544 INFO: Epoch 352, Train Loss: 0.918464970204138, Test Loss: 0.8121724426746368, Inverse Test Loss: 0.07693329453468323 
2025-01-09 14:27:38,727 INFO: Epoch 353, Train Loss: 0.919932936468432, Test Loss: 0.8126840516924858, Inverse Test Loss: 0.07676059007644653 
2025-01-09 14:27:38,920 INFO: Epoch 354, Train Loss: 0.9201798189070917, Test Loss: 0.8123089745640755, Inverse Test Loss: 0.07730946689844131 
2025-01-09 14:27:39,110 INFO: Epoch 355, Train Loss: 0.9200673295605567, Test Loss: 0.8128860518336296, Inverse Test Loss: 0.07708311825990677 
2025-01-09 14:27:39,294 INFO: Epoch 356, Train Loss: 0.9212853235583152, Test Loss: 0.8126040995121002, Inverse Test Loss: 0.07716789096593857 
2025-01-09 14:27:39,487 INFO: Epoch 357, Train Loss: 0.9222502554616621, Test Loss: 0.8134237602353096, Inverse Test Loss: 0.07746593654155731 
2025-01-09 14:27:39,683 INFO: Epoch 358, Train Loss: 0.9186865437415338, Test Loss: 0.8124877959489822, Inverse Test Loss: 0.07667659968137741 
2025-01-09 14:27:39,874 INFO: Epoch 359, Train Loss: 0.9221759188559747, Test Loss: 0.8129690662026405, Inverse Test Loss: 0.0769079253077507 
2025-01-09 14:27:40,062 INFO: Epoch 360, Train Loss: 0.9196344498665102, Test Loss: 0.8130006641149521, Inverse Test Loss: 0.0773412361741066 
2025-01-09 14:27:40,243 INFO: Epoch 361, Train Loss: 0.9211260907111629, Test Loss: 0.813007153570652, Inverse Test Loss: 0.0771728977560997 
2025-01-09 14:27:40,436 INFO: Epoch 362, Train Loss: 0.9200377137430252, Test Loss: 0.8137785494327545, Inverse Test Loss: 0.07738617807626724 
2025-01-09 14:27:40,623 INFO: Epoch 363, Train Loss: 0.9199982093226525, Test Loss: 0.8125471472740173, Inverse Test Loss: 0.0770934447646141 
2025-01-09 14:27:40,834 INFO: Epoch 364, Train Loss: 0.9208387982460761, Test Loss: 0.8138518333435059, Inverse Test Loss: 0.07702957093715668 
2025-01-09 14:27:41,024 INFO: Epoch 365, Train Loss: 0.9207400679588318, Test Loss: 0.8133898079395294, Inverse Test Loss: 0.07704579830169678 
2025-01-09 14:27:41,197 INFO: Epoch 366, Train Loss: 0.9191055682397657, Test Loss: 0.8141061291098595, Inverse Test Loss: 0.07726608961820602 
2025-01-09 14:27:41,376 INFO: Epoch 367, Train Loss: 0.9193169801465927, Test Loss: 0.8131523132324219, Inverse Test Loss: 0.07716850191354752 
2025-01-09 14:27:41,565 INFO: Epoch 368, Train Loss: 0.9216163523735539, Test Loss: 0.8133944422006607, Inverse Test Loss: 0.0774708092212677 
2025-01-09 14:27:41,737 INFO: Epoch 369, Train Loss: 0.9188571976077172, Test Loss: 0.8129716664552689, Inverse Test Loss: 0.07708170264959335 
2025-01-09 14:27:41,948 INFO: Epoch 370, Train Loss: 0.9196961022192432, Test Loss: 0.8129339590668678, Inverse Test Loss: 0.0773630440235138 
2025-01-09 14:27:42,127 INFO: Epoch 371, Train Loss: 0.9203447065045757, Test Loss: 0.8138423338532448, Inverse Test Loss: 0.0773552656173706 
2025-01-09 14:27:42,305 INFO: Epoch 372, Train Loss: 0.9181989508290445, Test Loss: 0.8135664537549019, Inverse Test Loss: 0.07693792134523392 
2025-01-09 14:27:42,486 INFO: Epoch 373, Train Loss: 0.9198131618961212, Test Loss: 0.8132515996694565, Inverse Test Loss: 0.07717319577932358 
2025-01-09 14:27:42,671 INFO: Epoch 374, Train Loss: 0.9207110808741662, Test Loss: 0.8124285191297531, Inverse Test Loss: 0.07738987356424332 
2025-01-09 14:27:42,860 INFO: Epoch 375, Train Loss: 0.9196796109599452, Test Loss: 0.8137324452400208, Inverse Test Loss: 0.07706557214260101 
2025-01-09 14:27:43,035 INFO: Epoch 376, Train Loss: 0.9195639990991161, Test Loss: 0.8132010325789452, Inverse Test Loss: 0.07767211645841599 
2025-01-09 14:27:43,216 INFO: Epoch 377, Train Loss: 0.9204373321225566, Test Loss: 0.8131042122840881, Inverse Test Loss: 0.0769452303647995 
2025-01-09 14:27:43,415 INFO: Epoch 378, Train Loss: 0.9189789814333762, Test Loss: 0.8131588995456696, Inverse Test Loss: 0.07708251476287842 
2025-01-09 14:27:43,607 INFO: Epoch 379, Train Loss: 0.9178357162783223, Test Loss: 0.812822736799717, Inverse Test Loss: 0.07736489921808243 
2025-01-09 14:27:43,811 INFO: Epoch 380, Train Loss: 0.9166313140623031, Test Loss: 0.8138352334499359, Inverse Test Loss: 0.07737050205469131 
2025-01-09 14:27:43,982 INFO: Epoch 381, Train Loss: 0.9201451290038324, Test Loss: 0.8135193511843681, Inverse Test Loss: 0.07737627625465393 
2025-01-09 14:27:44,207 INFO: Epoch 382, Train Loss: 0.9185680324031461, Test Loss: 0.8136377930641174, Inverse Test Loss: 0.07735207676887512 
2025-01-09 14:27:44,393 INFO: Epoch 383, Train Loss: 0.9180454227232164, Test Loss: 0.8131774589419365, Inverse Test Loss: 0.07699122279882431 
2025-01-09 14:27:44,589 INFO: Epoch 384, Train Loss: 0.9193452500527904, Test Loss: 0.8139495924115181, Inverse Test Loss: 0.077285036444664 
2025-01-09 14:27:44,777 INFO: Epoch 385, Train Loss: 0.9174534197776548, Test Loss: 0.8135263249278069, Inverse Test Loss: 0.0772005170583725 
2025-01-09 14:27:44,957 INFO: Epoch 386, Train Loss: 0.9207235747768033, Test Loss: 0.8130942136049271, Inverse Test Loss: 0.07712329179048538 
2025-01-09 14:27:45,142 INFO: Epoch 387, Train Loss: 0.9196715239555605, Test Loss: 0.8133321106433868, Inverse Test Loss: 0.07719921320676804 
2025-01-09 14:27:45,322 INFO: Epoch 388, Train Loss: 0.9185535369380828, Test Loss: 0.813429705798626, Inverse Test Loss: 0.07720988988876343 
2025-01-09 14:27:45,493 INFO: Epoch 389, Train Loss: 0.918716021122471, Test Loss: 0.814397431910038, Inverse Test Loss: 0.0777163878083229 
2025-01-09 14:27:45,668 INFO: Epoch 390, Train Loss: 0.9183991243762355, Test Loss: 0.8136617615818977, Inverse Test Loss: 0.07753414660692215 
2025-01-09 14:27:45,843 INFO: Epoch 391, Train Loss: 0.9190564463215489, Test Loss: 0.8140186220407486, Inverse Test Loss: 0.07732908427715302 
2025-01-09 14:27:46,021 INFO: Epoch 392, Train Loss: 0.9198274131744139, Test Loss: 0.8132266029715538, Inverse Test Loss: 0.07738364487886429 
2025-01-09 14:27:46,206 INFO: Epoch 393, Train Loss: 0.9177896649606766, Test Loss: 0.812873512506485, Inverse Test Loss: 0.0772533267736435 
2025-01-09 14:27:46,394 INFO: Epoch 394, Train Loss: 0.9209203297092069, Test Loss: 0.814027339220047, Inverse Test Loss: 0.07763686776161194 
2025-01-09 14:27:46,583 INFO: Epoch 395, Train Loss: 0.9190219390776849, Test Loss: 0.8134618923068047, Inverse Test Loss: 0.07755205035209656 
2025-01-09 14:27:46,789 INFO: Epoch 396, Train Loss: 0.9187355560641135, Test Loss: 0.8134598657488823, Inverse Test Loss: 0.07726307213306427 
