2025-01-09 14:48:44,576 INFO: namespace(depth=2, grid_size=5, name='KAN', spline_order=2) 
2025-01-09 14:48:44,576 INFO: Dataset:winequality 
2025-01-09 14:48:44,576 INFO: ------Begin Training Model------ 
2025-01-09 14:48:46,539 INFO: Epoch 1, Train Loss: 0.9478991704602395, Test Loss: 0.9051662012934685, Inverse Test Loss: 0.08286512643098831 
2025-01-09 14:48:46,671 INFO: Epoch 2, Train Loss: 0.9098901748657227, Test Loss: 0.8726649358868599, Inverse Test Loss: 0.08065066486597061 
2025-01-09 14:48:46,802 INFO: Epoch 3, Train Loss: 0.8775257525905487, Test Loss: 0.8472764492034912, Inverse Test Loss: 0.07915128767490387 
2025-01-09 14:48:46,931 INFO: Epoch 4, Train Loss: 0.8491762588101048, Test Loss: 0.8302310705184937, Inverse Test Loss: 0.07822494208812714 
2025-01-09 14:48:47,066 INFO: Epoch 5, Train Loss: 0.8321902463513036, Test Loss: 0.8227916434407234, Inverse Test Loss: 0.07765872776508331 
2025-01-09 14:48:47,195 INFO: Epoch 6, Train Loss: 0.8180011010939076, Test Loss: 0.8188616260886192, Inverse Test Loss: 0.0771976113319397 
2025-01-09 14:48:47,329 INFO: Epoch 7, Train Loss: 0.811118733498358, Test Loss: 0.8143706545233727, Inverse Test Loss: 0.07637448608875275 
2025-01-09 14:48:47,462 INFO: Epoch 8, Train Loss: 0.8047333071308751, Test Loss: 0.810889445245266, Inverse Test Loss: 0.07591703534126282 
2025-01-09 14:48:47,587 INFO: Epoch 9, Train Loss: 0.7983315106361143, Test Loss: 0.8062806352972984, Inverse Test Loss: 0.07562325149774551 
2025-01-09 14:48:47,717 INFO: Epoch 10, Train Loss: 0.7949531193702452, Test Loss: 0.8043913766741753, Inverse Test Loss: 0.0747479647397995 
2025-01-09 14:48:47,849 INFO: Epoch 11, Train Loss: 0.7885277694271456, Test Loss: 0.8015713915228844, Inverse Test Loss: 0.07402515411376953 
2025-01-09 14:48:47,990 INFO: Epoch 12, Train Loss: 0.7844264122747606, Test Loss: 0.7978712841868401, Inverse Test Loss: 0.07362879812717438 
2025-01-09 14:48:48,127 INFO: Epoch 13, Train Loss: 0.7789051878836847, Test Loss: 0.7950209528207779, Inverse Test Loss: 0.07311275601387024 
2025-01-09 14:48:48,257 INFO: Epoch 14, Train Loss: 0.7738503756061677, Test Loss: 0.7914834171533585, Inverse Test Loss: 0.07257276028394699 
2025-01-09 14:48:48,390 INFO: Epoch 15, Train Loss: 0.767695378872656, Test Loss: 0.7900800108909607, Inverse Test Loss: 0.07242292910814285 
2025-01-09 14:48:48,516 INFO: Epoch 16, Train Loss: 0.7618934031455747, Test Loss: 0.7878146693110466, Inverse Test Loss: 0.07197930663824081 
2025-01-09 14:48:48,647 INFO: Epoch 17, Train Loss: 0.7595929503440857, Test Loss: 0.7851897552609444, Inverse Test Loss: 0.0723431333899498 
2025-01-09 14:48:48,777 INFO: Epoch 18, Train Loss: 0.7541952440815587, Test Loss: 0.7828400433063507, Inverse Test Loss: 0.07196176052093506 
2025-01-09 14:48:48,909 INFO: Epoch 19, Train Loss: 0.7468696794202251, Test Loss: 0.7823993861675262, Inverse Test Loss: 0.07193875312805176 
2025-01-09 14:48:49,040 INFO: Epoch 20, Train Loss: 0.7439562909064754, Test Loss: 0.7803561761975288, Inverse Test Loss: 0.07150954008102417 
2025-01-09 14:48:49,171 INFO: Epoch 21, Train Loss: 0.7387157486331078, Test Loss: 0.7803806886076927, Inverse Test Loss: 0.07177507877349854 
2025-01-09 14:48:49,312 INFO: Epoch 22, Train Loss: 0.7342244098263402, Test Loss: 0.7789603769779205, Inverse Test Loss: 0.07152193784713745 
2025-01-09 14:48:49,442 INFO: Epoch 23, Train Loss: 0.7295564374616069, Test Loss: 0.7777017056941986, Inverse Test Loss: 0.07181907445192337 
2025-01-09 14:48:49,571 INFO: Epoch 24, Train Loss: 0.7212717148565477, Test Loss: 0.7777205854654312, Inverse Test Loss: 0.07176106423139572 
2025-01-09 14:48:49,702 INFO: Epoch 25, Train Loss: 0.7176708021471577, Test Loss: 0.7764819487929344, Inverse Test Loss: 0.07162157446146011 
2025-01-09 14:48:49,834 INFO: Epoch 26, Train Loss: 0.7139102085944145, Test Loss: 0.7757494673132896, Inverse Test Loss: 0.07188763469457626 
2025-01-09 14:48:49,964 INFO: Epoch 27, Train Loss: 0.7078140954817495, Test Loss: 0.7761440649628639, Inverse Test Loss: 0.07210426777601242 
2025-01-09 14:48:50,088 INFO: Epoch 28, Train Loss: 0.7004943124709591, Test Loss: 0.775673046708107, Inverse Test Loss: 0.0718541294336319 
2025-01-09 14:48:50,219 INFO: Epoch 29, Train Loss: 0.6953901840794471, Test Loss: 0.774795651435852, Inverse Test Loss: 0.07113996148109436 
2025-01-09 14:48:50,342 INFO: Epoch 30, Train Loss: 0.6911577736177752, Test Loss: 0.7745018526911736, Inverse Test Loss: 0.07100000977516174 
2025-01-09 14:48:50,474 INFO: Epoch 31, Train Loss: 0.6821719811808679, Test Loss: 0.7757846936583519, Inverse Test Loss: 0.07190756499767303 
2025-01-09 14:48:50,602 INFO: Epoch 32, Train Loss: 0.6810446516160042, Test Loss: 0.7753236442804337, Inverse Test Loss: 0.0710473284125328 
2025-01-09 14:48:50,737 INFO: Epoch 33, Train Loss: 0.6721992819539963, Test Loss: 0.7748157754540443, Inverse Test Loss: 0.07110890001058578 
2025-01-09 14:48:50,867 INFO: Epoch 34, Train Loss: 0.6668362828993029, Test Loss: 0.7755990028381348, Inverse Test Loss: 0.07132500410079956 
2025-01-09 14:48:51,000 INFO: Epoch 35, Train Loss: 0.659618369994625, Test Loss: 0.7757173702120781, Inverse Test Loss: 0.0711018517613411 
2025-01-09 14:48:51,131 INFO: Epoch 36, Train Loss: 0.6537560532169957, Test Loss: 0.7756807133555412, Inverse Test Loss: 0.07117432355880737 
2025-01-09 14:48:51,263 INFO: Epoch 37, Train Loss: 0.6491016572521578, Test Loss: 0.775925949215889, Inverse Test Loss: 0.07118675112724304 
2025-01-09 14:48:51,393 INFO: Epoch 38, Train Loss: 0.6407591027598227, Test Loss: 0.7761371955275536, Inverse Test Loss: 0.07042539864778519 
2025-01-09 14:48:51,526 INFO: Epoch 39, Train Loss: 0.6358878785564054, Test Loss: 0.7752598896622658, Inverse Test Loss: 0.07035575807094574 
2025-01-09 14:48:51,654 INFO: Epoch 40, Train Loss: 0.6295520086442271, Test Loss: 0.7767486572265625, Inverse Test Loss: 0.07006172090768814 
2025-01-09 14:48:51,789 INFO: Epoch 41, Train Loss: 0.62283198102828, Test Loss: 0.7806887105107307, Inverse Test Loss: 0.07028970867395401 
2025-01-09 14:48:51,918 INFO: Epoch 42, Train Loss: 0.6188026570504711, Test Loss: 0.7796518355607986, Inverse Test Loss: 0.0706416517496109 
2025-01-09 14:48:52,048 INFO: Epoch 43, Train Loss: 0.6141379110274776, Test Loss: 0.7780521810054779, Inverse Test Loss: 0.0707637146115303 
2025-01-09 14:48:52,176 INFO: Epoch 44, Train Loss: 0.6064765011110613, Test Loss: 0.779039591550827, Inverse Test Loss: 0.07089091092348099 
2025-01-09 14:48:52,309 INFO: Epoch 45, Train Loss: 0.6010662624912877, Test Loss: 0.7825307697057724, Inverse Test Loss: 0.07145741581916809 
2025-01-09 14:48:52,441 INFO: Epoch 46, Train Loss: 0.5940946417470132, Test Loss: 0.7808291167020798, Inverse Test Loss: 0.0709395632147789 
2025-01-09 14:48:52,574 INFO: Epoch 47, Train Loss: 0.5902370127939409, Test Loss: 0.7837031036615372, Inverse Test Loss: 0.07170811295509338 
2025-01-09 14:48:52,706 INFO: Epoch 48, Train Loss: 0.5850470383321086, Test Loss: 0.7844093143939972, Inverse Test Loss: 0.07272808998823166 
2025-01-09 14:48:52,840 INFO: Epoch 49, Train Loss: 0.578605301918522, Test Loss: 0.7880068346858025, Inverse Test Loss: 0.07254953682422638 
2025-01-09 14:48:52,969 INFO: Epoch 50, Train Loss: 0.5729532299503204, Test Loss: 0.7885260209441185, Inverse Test Loss: 0.07210899144411087 
2025-01-09 14:48:53,107 INFO: Epoch 51, Train Loss: 0.5671304714295172, Test Loss: 0.7887155935168266, Inverse Test Loss: 0.0721452608704567 
2025-01-09 14:48:53,248 INFO: Epoch 52, Train Loss: 0.5659488804878727, Test Loss: 0.7900035306811333, Inverse Test Loss: 0.07264796644449234 
2025-01-09 14:48:53,391 INFO: Epoch 53, Train Loss: 0.5592873769421731, Test Loss: 0.7954288870096207, Inverse Test Loss: 0.07314611971378326 
2025-01-09 14:48:53,523 INFO: Epoch 54, Train Loss: 0.5549266694053527, Test Loss: 0.7948478981852531, Inverse Test Loss: 0.07362902909517288 
2025-01-09 14:48:53,652 INFO: Epoch 55, Train Loss: 0.5476631743292655, Test Loss: 0.7975538820028305, Inverse Test Loss: 0.07379027456045151 
2025-01-09 14:48:53,779 INFO: Epoch 56, Train Loss: 0.545513653947461, Test Loss: 0.7996152341365814, Inverse Test Loss: 0.07417687028646469 
2025-01-09 14:48:53,910 INFO: Epoch 57, Train Loss: 0.5404159042143053, Test Loss: 0.7997665405273438, Inverse Test Loss: 0.07419568300247192 
2025-01-09 14:48:54,040 INFO: Epoch 58, Train Loss: 0.5375740951107394, Test Loss: 0.8020285815000534, Inverse Test Loss: 0.07515210658311844 
2025-01-09 14:48:54,179 INFO: Epoch 59, Train Loss: 0.5328594849955651, Test Loss: 0.8031828626990318, Inverse Test Loss: 0.07484782487154007 
2025-01-09 14:48:54,309 INFO: Epoch 60, Train Loss: 0.5281013067691557, Test Loss: 0.8040754720568657, Inverse Test Loss: 0.07418230175971985 
2025-01-09 14:48:54,447 INFO: Epoch 61, Train Loss: 0.5238530405106083, Test Loss: 0.8117287307977676, Inverse Test Loss: 0.07585444301366806 
2025-01-09 14:48:54,577 INFO: Epoch 62, Train Loss: 0.5213078500763062, Test Loss: 0.8095696046948433, Inverse Test Loss: 0.07503680884838104 
2025-01-09 14:48:54,719 INFO: Epoch 63, Train Loss: 0.5162048839753673, Test Loss: 0.809437945485115, Inverse Test Loss: 0.07547463476657867 
2025-01-09 14:48:54,856 INFO: Epoch 64, Train Loss: 0.5116833256136987, Test Loss: 0.812103308737278, Inverse Test Loss: 0.07622645795345306 
2025-01-09 14:48:55,016 INFO: Epoch 65, Train Loss: 0.5087644227089421, Test Loss: 0.8127990737557411, Inverse Test Loss: 0.07551497220993042 
2025-01-09 14:48:55,196 INFO: Epoch 66, Train Loss: 0.5060853438992654, Test Loss: 0.8146243914961815, Inverse Test Loss: 0.0768757164478302 
2025-01-09 14:48:55,348 INFO: Epoch 67, Train Loss: 0.5009162945132102, Test Loss: 0.8141981661319733, Inverse Test Loss: 0.07648380845785141 
2025-01-09 14:48:55,482 INFO: Epoch 68, Train Loss: 0.49800443553155466, Test Loss: 0.8203511387109756, Inverse Test Loss: 0.07752613723278046 
2025-01-09 14:48:55,619 INFO: Epoch 69, Train Loss: 0.4947617544281867, Test Loss: 0.8181048929691315, Inverse Test Loss: 0.077076755464077 
2025-01-09 14:48:55,750 INFO: Epoch 70, Train Loss: 0.4909223952601033, Test Loss: 0.8232647255063057, Inverse Test Loss: 0.07735911011695862 
2025-01-09 14:48:55,902 INFO: Epoch 71, Train Loss: 0.48799250683476847, Test Loss: 0.8231125846505165, Inverse Test Loss: 0.07759244740009308 
2025-01-09 14:48:56,043 INFO: Epoch 72, Train Loss: 0.48518998584439677, Test Loss: 0.8220259100198746, Inverse Test Loss: 0.07781771570444107 
2025-01-09 14:48:56,188 INFO: Epoch 73, Train Loss: 0.48173429216108016, Test Loss: 0.8249444141983986, Inverse Test Loss: 0.07888486236333847 
2025-01-09 14:48:56,322 INFO: Epoch 74, Train Loss: 0.47609199727735213, Test Loss: 0.8273125439882278, Inverse Test Loss: 0.07868138700723648 
2025-01-09 14:48:56,461 INFO: Epoch 75, Train Loss: 0.475248658849347, Test Loss: 0.8259238377213478, Inverse Test Loss: 0.07809741795063019 
2025-01-09 14:48:56,598 INFO: Epoch 76, Train Loss: 0.47382488750642343, Test Loss: 0.8311069458723068, Inverse Test Loss: 0.07968739420175552 
2025-01-09 14:48:56,730 INFO: Epoch 77, Train Loss: 0.468928538983868, Test Loss: 0.8269374966621399, Inverse Test Loss: 0.07911728322505951 
2025-01-09 14:48:56,865 INFO: Epoch 78, Train Loss: 0.46635396922788314, Test Loss: 0.8321698233485222, Inverse Test Loss: 0.07958921045064926 
2025-01-09 14:48:57,003 INFO: Epoch 79, Train Loss: 0.4637137382261215, Test Loss: 0.8309455886483192, Inverse Test Loss: 0.07983876019716263 
2025-01-09 14:48:57,141 INFO: Epoch 80, Train Loss: 0.4594369694109886, Test Loss: 0.8324589654803276, Inverse Test Loss: 0.08075910061597824 
2025-01-09 14:48:57,275 INFO: Epoch 81, Train Loss: 0.4584517565465743, Test Loss: 0.8345353156328201, Inverse Test Loss: 0.0803082287311554 
2025-01-09 14:48:57,414 INFO: Epoch 82, Train Loss: 0.45471444053034626, Test Loss: 0.8392411768436432, Inverse Test Loss: 0.08201569318771362 
2025-01-09 14:48:57,576 INFO: Epoch 83, Train Loss: 0.45368066141682284, Test Loss: 0.8364671692252159, Inverse Test Loss: 0.08106033504009247 
2025-01-09 14:48:57,721 INFO: Epoch 84, Train Loss: 0.4498058557510376, Test Loss: 0.8389281406998634, Inverse Test Loss: 0.08193683624267578 
2025-01-09 14:48:57,862 INFO: Epoch 85, Train Loss: 0.44693641124233124, Test Loss: 0.8377977013587952, Inverse Test Loss: 0.08153782039880753 
2025-01-09 14:48:58,004 INFO: Epoch 86, Train Loss: 0.445796154199108, Test Loss: 0.8400911092758179, Inverse Test Loss: 0.08287400752305984 
2025-01-09 14:48:58,147 INFO: Epoch 87, Train Loss: 0.4405650121550406, Test Loss: 0.8412752151489258, Inverse Test Loss: 0.08251427114009857 
2025-01-09 14:48:58,299 INFO: Epoch 88, Train Loss: 0.43801756828061994, Test Loss: 0.8403167799115181, Inverse Test Loss: 0.08266734331846237 
2025-01-09 14:48:58,460 INFO: Epoch 89, Train Loss: 0.4349274029654841, Test Loss: 0.8425715789198875, Inverse Test Loss: 0.0832926407456398 
2025-01-09 14:48:58,606 INFO: Epoch 90, Train Loss: 0.43372516382125115, Test Loss: 0.8434550985693932, Inverse Test Loss: 0.08395925909280777 
2025-01-09 14:48:58,753 INFO: Epoch 91, Train Loss: 0.43161045062926506, Test Loss: 0.8445844352245331, Inverse Test Loss: 0.08260941505432129 
2025-01-09 14:48:58,902 INFO: Epoch 92, Train Loss: 0.4279249387402688, Test Loss: 0.8450882136821747, Inverse Test Loss: 0.08409473299980164 
2025-01-09 14:48:59,054 INFO: Epoch 93, Train Loss: 0.42524828833918416, Test Loss: 0.8467971235513687, Inverse Test Loss: 0.08386532962322235 
2025-01-09 14:48:59,202 INFO: Epoch 94, Train Loss: 0.4236016436930626, Test Loss: 0.8485591784119606, Inverse Test Loss: 0.08440057933330536 
2025-01-09 14:48:59,359 INFO: Epoch 95, Train Loss: 0.42111375062696393, Test Loss: 0.8493772894144058, Inverse Test Loss: 0.08559288084506989 
2025-01-09 14:48:59,503 INFO: Epoch 96, Train Loss: 0.4170131135371424, Test Loss: 0.8502343595027924, Inverse Test Loss: 0.08571980893611908 
2025-01-09 14:48:59,660 INFO: Epoch 97, Train Loss: 0.4175425950557955, Test Loss: 0.8515311852097511, Inverse Test Loss: 0.0862833634018898 
2025-01-09 14:48:59,809 INFO: Epoch 98, Train Loss: 0.41214478881128375, Test Loss: 0.8507419228553772, Inverse Test Loss: 0.08607400953769684 
2025-01-09 14:48:59,967 INFO: Epoch 99, Train Loss: 0.41072772491362786, Test Loss: 0.8546253889799118, Inverse Test Loss: 0.08609146624803543 
2025-01-09 14:49:00,127 INFO: Epoch 100, Train Loss: 0.4101310795353305, Test Loss: 0.8540586307644844, Inverse Test Loss: 0.08691687881946564 
2025-01-09 14:49:00,127 INFO: Best Epoch 30, Best Test Loss: 0.7745018526911736 
2025-01-09 14:49:00,295 INFO: Epoch 101, Train Loss: 0.408006178755914, Test Loss: 0.8543951585888863, Inverse Test Loss: 0.08695828914642334 
2025-01-09 14:49:00,474 INFO: Epoch 102, Train Loss: 0.4052100412307247, Test Loss: 0.8558307066559792, Inverse Test Loss: 0.08695630729198456 
2025-01-09 14:49:00,656 INFO: Epoch 103, Train Loss: 0.4021383014417464, Test Loss: 0.8542483001947403, Inverse Test Loss: 0.08757711946964264 
2025-01-09 14:49:00,831 INFO: Epoch 104, Train Loss: 0.4021319641220954, Test Loss: 0.8554795384407043, Inverse Test Loss: 0.08694221079349518 
2025-01-09 14:49:01,001 INFO: Epoch 105, Train Loss: 0.39918955872135775, Test Loss: 0.8582804501056671, Inverse Test Loss: 0.08818837255239487 
2025-01-09 14:49:01,168 INFO: Epoch 106, Train Loss: 0.39778211808973746, Test Loss: 0.8581250011920929, Inverse Test Loss: 0.087419293820858 
2025-01-09 14:49:01,341 INFO: Epoch 107, Train Loss: 0.39571562697810514, Test Loss: 0.8572109639644623, Inverse Test Loss: 0.08717227727174759 
2025-01-09 14:49:01,509 INFO: Epoch 108, Train Loss: 0.3926231361204578, Test Loss: 0.8616340085864067, Inverse Test Loss: 0.08793634921312332 
2025-01-09 14:49:01,684 INFO: Epoch 109, Train Loss: 0.3927623994888798, Test Loss: 0.8604348227381706, Inverse Test Loss: 0.0876312181353569 
2025-01-09 14:49:01,847 INFO: Epoch 110, Train Loss: 0.390229832741522, Test Loss: 0.8623435348272324, Inverse Test Loss: 0.08787627518177032 
2025-01-09 14:49:02,020 INFO: Epoch 111, Train Loss: 0.38815062084505636, Test Loss: 0.8613682687282562, Inverse Test Loss: 0.08836041390895844 
2025-01-09 14:49:02,177 INFO: Epoch 112, Train Loss: 0.38824241199801046, Test Loss: 0.8661551624536514, Inverse Test Loss: 0.08872731029987335 
2025-01-09 14:49:02,327 INFO: Epoch 113, Train Loss: 0.3854528396360336, Test Loss: 0.8633112087845802, Inverse Test Loss: 0.08778869360685349 
2025-01-09 14:49:02,476 INFO: Epoch 114, Train Loss: 0.3834917074249637, Test Loss: 0.865976519882679, Inverse Test Loss: 0.08905450999736786 
2025-01-09 14:49:02,632 INFO: Epoch 115, Train Loss: 0.38227683978696025, Test Loss: 0.8655492439866066, Inverse Test Loss: 0.08864015340805054 
2025-01-09 14:49:02,776 INFO: Epoch 116, Train Loss: 0.3798025644594623, Test Loss: 0.8701731264591217, Inverse Test Loss: 0.08895169943571091 
2025-01-09 14:49:02,930 INFO: Epoch 117, Train Loss: 0.37800497874136896, Test Loss: 0.8710527718067169, Inverse Test Loss: 0.08907293528318405 
2025-01-09 14:49:03,088 INFO: Epoch 118, Train Loss: 0.37849707757273027, Test Loss: 0.8717073798179626, Inverse Test Loss: 0.08887309581041336 
2025-01-09 14:49:03,258 INFO: Epoch 119, Train Loss: 0.3747993890316256, Test Loss: 0.8687373474240303, Inverse Test Loss: 0.08942925184965134 
2025-01-09 14:49:03,411 INFO: Epoch 120, Train Loss: 0.37456351903177076, Test Loss: 0.871820755302906, Inverse Test Loss: 0.089342400431633 
2025-01-09 14:49:03,574 INFO: Epoch 121, Train Loss: 0.37259325000547594, Test Loss: 0.8748836517333984, Inverse Test Loss: 0.09005468338727951 
2025-01-09 14:49:03,723 INFO: Epoch 122, Train Loss: 0.3713026460139982, Test Loss: 0.87483961135149, Inverse Test Loss: 0.08904462307691574 
2025-01-09 14:49:03,877 INFO: Epoch 123, Train Loss: 0.370452550149733, Test Loss: 0.8744389191269875, Inverse Test Loss: 0.08876290917396545 
2025-01-09 14:49:04,023 INFO: Epoch 124, Train Loss: 0.36851311883618754, Test Loss: 0.8770700991153717, Inverse Test Loss: 0.09009785950183868 
2025-01-09 14:49:04,175 INFO: Epoch 125, Train Loss: 0.36554615632180243, Test Loss: 0.8755315914750099, Inverse Test Loss: 0.08907719701528549 
2025-01-09 14:49:04,322 INFO: Epoch 126, Train Loss: 0.3650004469579266, Test Loss: 0.8811412677168846, Inverse Test Loss: 0.09025822579860687 
2025-01-09 14:49:04,475 INFO: Epoch 127, Train Loss: 0.3626375986683753, Test Loss: 0.881394200026989, Inverse Test Loss: 0.09011869132518768 
2025-01-09 14:49:04,619 INFO: Epoch 128, Train Loss: 0.3608864305480834, Test Loss: 0.8826200217008591, Inverse Test Loss: 0.09022217243909836 
2025-01-09 14:49:04,768 INFO: Epoch 129, Train Loss: 0.36247643539982455, Test Loss: 0.8830747902393341, Inverse Test Loss: 0.09022402763366699 
2025-01-09 14:49:04,917 INFO: Epoch 130, Train Loss: 0.360059896784444, Test Loss: 0.8870069459080696, Inverse Test Loss: 0.09048228710889816 
2025-01-09 14:49:05,071 INFO: Epoch 131, Train Loss: 0.35765365342940053, Test Loss: 0.8840967416763306, Inverse Test Loss: 0.08968433737754822 
2025-01-09 14:49:05,223 INFO: Epoch 132, Train Loss: 0.3582716045841094, Test Loss: 0.8867466226220131, Inverse Test Loss: 0.08984337747097015 
2025-01-09 14:49:05,376 INFO: Epoch 133, Train Loss: 0.3561511443507287, Test Loss: 0.8888895139098167, Inverse Test Loss: 0.09041745215654373 
2025-01-09 14:49:05,522 INFO: Epoch 134, Train Loss: 0.3540716613492658, Test Loss: 0.8917317539453506, Inverse Test Loss: 0.09049541503190994 
2025-01-09 14:49:05,673 INFO: Epoch 135, Train Loss: 0.35338644443019746, Test Loss: 0.890122227370739, Inverse Test Loss: 0.08961629122495651 
2025-01-09 14:49:05,822 INFO: Epoch 136, Train Loss: 0.3509238275789445, Test Loss: 0.8908645063638687, Inverse Test Loss: 0.0904998853802681 
2025-01-09 14:49:05,977 INFO: Epoch 137, Train Loss: 0.350120815538591, Test Loss: 0.8930710405111313, Inverse Test Loss: 0.09034185856580734 
2025-01-09 14:49:06,122 INFO: Epoch 138, Train Loss: 0.3500683461466143, Test Loss: 0.8947648704051971, Inverse Test Loss: 0.09007363021373749 
2025-01-09 14:49:06,276 INFO: Epoch 139, Train Loss: 0.3482371655202681, Test Loss: 0.8924700021743774, Inverse Test Loss: 0.08968338370323181 
2025-01-09 14:49:06,428 INFO: Epoch 140, Train Loss: 0.34685408780651705, Test Loss: 0.8990457281470299, Inverse Test Loss: 0.09021618962287903 
2025-01-09 14:49:06,589 INFO: Epoch 141, Train Loss: 0.3461222321756424, Test Loss: 0.896117277443409, Inverse Test Loss: 0.08933795988559723 
2025-01-09 14:49:06,736 INFO: Epoch 142, Train Loss: 0.3455213875539841, Test Loss: 0.8997449800372124, Inverse Test Loss: 0.0905785784125328 
2025-01-09 14:49:06,900 INFO: Epoch 143, Train Loss: 0.34351628922647043, Test Loss: 0.8987997770309448, Inverse Test Loss: 0.09003955870866776 
2025-01-09 14:49:07,044 INFO: Epoch 144, Train Loss: 0.3428518551011239, Test Loss: 0.899548202753067, Inverse Test Loss: 0.08970668911933899 
2025-01-09 14:49:07,197 INFO: Epoch 145, Train Loss: 0.3423198115441107, Test Loss: 0.9023347944021225, Inverse Test Loss: 0.09171391278505325 
2025-01-09 14:49:07,344 INFO: Epoch 146, Train Loss: 0.3412197078427961, Test Loss: 0.90177833288908, Inverse Test Loss: 0.08985104411840439 
2025-01-09 14:49:07,494 INFO: Epoch 147, Train Loss: 0.3388431966304779, Test Loss: 0.9023676440119743, Inverse Test Loss: 0.09032527357339859 
2025-01-09 14:49:07,643 INFO: Epoch 148, Train Loss: 0.33883490485529744, Test Loss: 0.9064130485057831, Inverse Test Loss: 0.09041575342416763 
2025-01-09 14:49:07,800 INFO: Epoch 149, Train Loss: 0.336256762666087, Test Loss: 0.9056376069784164, Inverse Test Loss: 0.09038962423801422 
2025-01-09 14:49:07,951 INFO: Epoch 150, Train Loss: 0.33743966587128177, Test Loss: 0.9051415622234344, Inverse Test Loss: 0.09043261408805847 
2025-01-09 14:49:08,116 INFO: Epoch 151, Train Loss: 0.3353969685492977, Test Loss: 0.9042727276682854, Inverse Test Loss: 0.0905819684267044 
2025-01-09 14:49:08,269 INFO: Epoch 152, Train Loss: 0.33431953095620676, Test Loss: 0.9085675179958344, Inverse Test Loss: 0.09034345299005508 
2025-01-09 14:49:08,419 INFO: Epoch 153, Train Loss: 0.3332805893113536, Test Loss: 0.9082999750971794, Inverse Test Loss: 0.08914172649383545 
2025-01-09 14:49:08,567 INFO: Epoch 154, Train Loss: 0.33349045245878156, Test Loss: 0.9124443009495735, Inverse Test Loss: 0.09026151895523071 
2025-01-09 14:49:08,727 INFO: Epoch 155, Train Loss: 0.3306182190295189, Test Loss: 0.9104127511382103, Inverse Test Loss: 0.09073027968406677 
2025-01-09 14:49:08,886 INFO: Epoch 156, Train Loss: 0.3324333563927681, Test Loss: 0.9124446362257004, Inverse Test Loss: 0.089636892080307 
2025-01-09 14:49:09,052 INFO: Epoch 157, Train Loss: 0.330837260330877, Test Loss: 0.9132279083132744, Inverse Test Loss: 0.0899435505270958 
2025-01-09 14:49:09,201 INFO: Epoch 158, Train Loss: 0.32947606040585425, Test Loss: 0.9131829515099525, Inverse Test Loss: 0.09059569239616394 
2025-01-09 14:49:09,363 INFO: Epoch 159, Train Loss: 0.32772828975031454, Test Loss: 0.9117197245359421, Inverse Test Loss: 0.0896664410829544 
2025-01-09 14:49:09,515 INFO: Epoch 160, Train Loss: 0.32830494738394217, Test Loss: 0.9165896624326706, Inverse Test Loss: 0.09144892543554306 
2025-01-09 14:49:09,682 INFO: Epoch 161, Train Loss: 0.3268380597714455, Test Loss: 0.9142096042633057, Inverse Test Loss: 0.08984224498271942 
2025-01-09 14:49:09,846 INFO: Epoch 162, Train Loss: 0.32494456345035183, Test Loss: 0.9176659137010574, Inverse Test Loss: 0.09077922254800797 
2025-01-09 14:49:10,011 INFO: Epoch 163, Train Loss: 0.32514580411295735, Test Loss: 0.9167155250906944, Inverse Test Loss: 0.09003182500600815 
2025-01-09 14:49:10,200 INFO: Epoch 164, Train Loss: 0.32367942602403704, Test Loss: 0.9155010655522346, Inverse Test Loss: 0.08961430191993713 
2025-01-09 14:49:10,449 INFO: Epoch 165, Train Loss: 0.3240912585489212, Test Loss: 0.9204142168164253, Inverse Test Loss: 0.09108078479766846 
2025-01-09 14:49:10,632 INFO: Epoch 166, Train Loss: 0.32366280786452756, Test Loss: 0.9210777878761292, Inverse Test Loss: 0.09058456867933273 
2025-01-09 14:49:10,816 INFO: Epoch 167, Train Loss: 0.321449177880441, Test Loss: 0.9224890470504761, Inverse Test Loss: 0.09028574824333191 
2025-01-09 14:49:11,000 INFO: Epoch 168, Train Loss: 0.3212423545698966, Test Loss: 0.924070879817009, Inverse Test Loss: 0.0906992107629776 
2025-01-09 14:49:11,155 INFO: Epoch 169, Train Loss: 0.3208583208822435, Test Loss: 0.9196469634771347, Inverse Test Loss: 0.09035679697990417 
2025-01-09 14:49:11,306 INFO: Epoch 170, Train Loss: 0.3190316952043964, Test Loss: 0.9253645315766335, Inverse Test Loss: 0.09080903232097626 
2025-01-09 14:49:11,460 INFO: Epoch 171, Train Loss: 0.31997774973992377, Test Loss: 0.9237558618187904, Inverse Test Loss: 0.09082063287496567 
2025-01-09 14:49:11,628 INFO: Epoch 172, Train Loss: 0.3187080439059965, Test Loss: 0.9246357008814812, Inverse Test Loss: 0.09114976227283478 
2025-01-09 14:49:11,788 INFO: Epoch 173, Train Loss: 0.31861892919386586, Test Loss: 0.9253938123583794, Inverse Test Loss: 0.08995440602302551 
2025-01-09 14:49:11,935 INFO: Epoch 174, Train Loss: 0.3153574697432979, Test Loss: 0.9280349612236023, Inverse Test Loss: 0.0915464386343956 
2025-01-09 14:49:12,088 INFO: Epoch 175, Train Loss: 0.31638432318164456, Test Loss: 0.9266288876533508, Inverse Test Loss: 0.09059552848339081 
2025-01-09 14:49:12,247 INFO: Epoch 176, Train Loss: 0.31635861819790256, Test Loss: 0.9281860217452049, Inverse Test Loss: 0.09040757268667221 
2025-01-09 14:49:12,416 INFO: Epoch 177, Train Loss: 0.316944295360196, Test Loss: 0.9249113947153091, Inverse Test Loss: 0.0910518616437912 
2025-01-09 14:49:12,593 INFO: Epoch 178, Train Loss: 0.313685457552633, Test Loss: 0.9268945306539536, Inverse Test Loss: 0.09017758816480637 
2025-01-09 14:49:12,766 INFO: Epoch 179, Train Loss: 0.31289603825538387, Test Loss: 0.9308062270283699, Inverse Test Loss: 0.09104906767606735 
2025-01-09 14:49:12,912 INFO: Epoch 180, Train Loss: 0.3118930362885998, Test Loss: 0.931514747440815, Inverse Test Loss: 0.0912991538643837 
2025-01-09 14:49:13,065 INFO: Epoch 181, Train Loss: 0.3111250275565732, Test Loss: 0.9309162944555283, Inverse Test Loss: 0.09125455468893051 
2025-01-09 14:49:13,236 INFO: Epoch 182, Train Loss: 0.31140788524381574, Test Loss: 0.9304535835981369, Inverse Test Loss: 0.09094808995723724 
2025-01-09 14:49:13,401 INFO: Epoch 183, Train Loss: 0.3115161215105364, Test Loss: 0.9346318393945694, Inverse Test Loss: 0.09090263396501541 
2025-01-09 14:49:13,560 INFO: Epoch 184, Train Loss: 0.31006802522367044, Test Loss: 0.9323847070336342, Inverse Test Loss: 0.09042295813560486 
2025-01-09 14:49:13,718 INFO: Epoch 185, Train Loss: 0.30858876532123936, Test Loss: 0.9344180077314377, Inverse Test Loss: 0.09165124595165253 
2025-01-09 14:49:13,893 INFO: Epoch 186, Train Loss: 0.30882393833129634, Test Loss: 0.937398798763752, Inverse Test Loss: 0.09063798189163208 
2025-01-09 14:49:14,055 INFO: Epoch 187, Train Loss: 0.30884199950002855, Test Loss: 0.9346928521990776, Inverse Test Loss: 0.09142444282770157 
2025-01-09 14:49:14,217 INFO: Epoch 188, Train Loss: 0.30826761645655476, Test Loss: 0.9364965185523033, Inverse Test Loss: 0.09054756909608841 
2025-01-09 14:49:14,382 INFO: Epoch 189, Train Loss: 0.30723174445090756, Test Loss: 0.9352895319461823, Inverse Test Loss: 0.0909898653626442 
2025-01-09 14:49:14,551 INFO: Epoch 190, Train Loss: 0.3065284884745075, Test Loss: 0.9367384389042854, Inverse Test Loss: 0.09053688496351242 
2025-01-09 14:49:14,721 INFO: Epoch 191, Train Loss: 0.3045015767697365, Test Loss: 0.9357987195253372, Inverse Test Loss: 0.09108711779117584 
2025-01-09 14:49:14,868 INFO: Epoch 192, Train Loss: 0.30514250743773674, Test Loss: 0.9443971738219261, Inverse Test Loss: 0.09256605058908463 
2025-01-09 14:49:15,052 INFO: Epoch 193, Train Loss: 0.304086051640972, Test Loss: 0.9414818063378334, Inverse Test Loss: 0.09071675688028336 
2025-01-09 14:49:15,217 INFO: Epoch 194, Train Loss: 0.30204756702146224, Test Loss: 0.9391504898667336, Inverse Test Loss: 0.09119420498609543 
2025-01-09 14:49:15,380 INFO: Epoch 195, Train Loss: 0.30339879182077223, Test Loss: 0.9412477687001228, Inverse Test Loss: 0.09121382236480713 
2025-01-09 14:49:15,529 INFO: Epoch 196, Train Loss: 0.3030328942883399, Test Loss: 0.940233089029789, Inverse Test Loss: 0.09149813652038574 
2025-01-09 14:49:15,699 INFO: Epoch 197, Train Loss: 0.3002268720057703, Test Loss: 0.9437484368681908, Inverse Test Loss: 0.09205888211727142 
2025-01-09 14:49:15,869 INFO: Epoch 198, Train Loss: 0.3020875559699151, Test Loss: 0.94551120698452, Inverse Test Loss: 0.0919516384601593 
2025-01-09 14:49:16,043 INFO: Epoch 199, Train Loss: 0.3005411499930966, Test Loss: 0.9449220597743988, Inverse Test Loss: 0.09181690961122513 
2025-01-09 14:49:16,214 INFO: Epoch 200, Train Loss: 0.30039704326660405, Test Loss: 0.942349910736084, Inverse Test Loss: 0.09074745327234268 
2025-01-09 14:49:16,214 INFO: Best Epoch 30, Best Test Loss: 0.7745018526911736 
2025-01-09 14:49:16,379 INFO: Epoch 201, Train Loss: 0.3006172680085705, Test Loss: 0.9498271346092224, Inverse Test Loss: 0.09224940836429596 
2025-01-09 14:49:16,529 INFO: Epoch 202, Train Loss: 0.30098984029985243, Test Loss: 0.9472817331552505, Inverse Test Loss: 0.0911141112446785 
2025-01-09 14:49:16,684 INFO: Epoch 203, Train Loss: 0.30028232066862043, Test Loss: 0.948136605322361, Inverse Test Loss: 0.09230086207389832 
2025-01-09 14:49:16,832 INFO: Epoch 204, Train Loss: 0.29905440922706356, Test Loss: 0.9485646188259125, Inverse Test Loss: 0.09177054464817047 
2025-01-09 14:49:16,998 INFO: Epoch 205, Train Loss: 0.2970750428015186, Test Loss: 0.9501189067959785, Inverse Test Loss: 0.09221868962049484 
2025-01-09 14:49:17,162 INFO: Epoch 206, Train Loss: 0.2981390501222303, Test Loss: 0.9517002552747726, Inverse Test Loss: 0.09217894077301025 
2025-01-09 14:49:17,325 INFO: Epoch 207, Train Loss: 0.2978631979034793, Test Loss: 0.9487107172608376, Inverse Test Loss: 0.09209747612476349 
2025-01-09 14:49:17,490 INFO: Epoch 208, Train Loss: 0.297404729070202, Test Loss: 0.950209878385067, Inverse Test Loss: 0.09175444394350052 
