2025-01-09 14:49:27,521 INFO: namespace(depth=2, grid_size=3, name='KAN', spline_order=2) 
2025-01-09 14:49:27,521 INFO: Dataset:winequality 
2025-01-09 14:49:27,521 INFO: ------Begin Training Model------ 
2025-01-09 14:49:29,537 INFO: Epoch 1, Train Loss: 0.9920832783945145, Test Loss: 0.9497986659407616, Inverse Test Loss: 0.08756374567747116 
2025-01-09 14:49:29,669 INFO: Epoch 2, Train Loss: 0.9444892829464328, Test Loss: 0.9062303379178047, Inverse Test Loss: 0.08324572443962097 
2025-01-09 14:49:29,801 INFO: Epoch 3, Train Loss: 0.9039665768223424, Test Loss: 0.8703844845294952, Inverse Test Loss: 0.08077284693717957 
2025-01-09 14:49:29,938 INFO: Epoch 4, Train Loss: 0.8681923304834673, Test Loss: 0.8455759733915329, Inverse Test Loss: 0.07959136366844177 
2025-01-09 14:49:30,068 INFO: Epoch 5, Train Loss: 0.8428250282041488, Test Loss: 0.8329422250390053, Inverse Test Loss: 0.07933227717876434 
2025-01-09 14:49:30,198 INFO: Epoch 6, Train Loss: 0.824034487047503, Test Loss: 0.8273007720708847, Inverse Test Loss: 0.07938414067029953 
2025-01-09 14:49:30,327 INFO: Epoch 7, Train Loss: 0.8183343718128819, Test Loss: 0.8223462328314781, Inverse Test Loss: 0.07907472550868988 
2025-01-09 14:49:30,457 INFO: Epoch 8, Train Loss: 0.8083133582145937, Test Loss: 0.819559320807457, Inverse Test Loss: 0.07845379412174225 
2025-01-09 14:49:30,590 INFO: Epoch 9, Train Loss: 0.8058146315236245, Test Loss: 0.8164088949561119, Inverse Test Loss: 0.0782233476638794 
2025-01-09 14:49:30,720 INFO: Epoch 10, Train Loss: 0.8022443613698406, Test Loss: 0.8132771551609039, Inverse Test Loss: 0.07767454534769058 
2025-01-09 14:49:30,857 INFO: Epoch 11, Train Loss: 0.7989840661325762, Test Loss: 0.8128355741500854, Inverse Test Loss: 0.07756824046373367 
2025-01-09 14:49:30,985 INFO: Epoch 12, Train Loss: 0.7964215355534707, Test Loss: 0.8104494586586952, Inverse Test Loss: 0.07667844742536545 
2025-01-09 14:49:31,109 INFO: Epoch 13, Train Loss: 0.7917894374939703, Test Loss: 0.8077568784356117, Inverse Test Loss: 0.0769219845533371 
2025-01-09 14:49:31,242 INFO: Epoch 14, Train Loss: 0.7903806298009811, Test Loss: 0.8068777695298195, Inverse Test Loss: 0.07658625394105911 
2025-01-09 14:49:31,375 INFO: Epoch 15, Train Loss: 0.789891291049219, Test Loss: 0.8057744652032852, Inverse Test Loss: 0.07620396465063095 
2025-01-09 14:49:31,508 INFO: Epoch 16, Train Loss: 0.7850311763824955, Test Loss: 0.8033455088734627, Inverse Test Loss: 0.07542447000741959 
2025-01-09 14:49:31,642 INFO: Epoch 17, Train Loss: 0.783667391346347, Test Loss: 0.8009165078401566, Inverse Test Loss: 0.07542673498392105 
2025-01-09 14:49:31,775 INFO: Epoch 18, Train Loss: 0.7824754830329649, Test Loss: 0.8006073161959648, Inverse Test Loss: 0.0750594437122345 
2025-01-09 14:49:31,908 INFO: Epoch 19, Train Loss: 0.7804588886999315, Test Loss: 0.7978450506925583, Inverse Test Loss: 0.07495883852243423 
2025-01-09 14:49:32,039 INFO: Epoch 20, Train Loss: 0.7778928414467843, Test Loss: 0.798707976937294, Inverse Test Loss: 0.07492580264806747 
2025-01-09 14:49:32,172 INFO: Epoch 21, Train Loss: 0.7724354286347667, Test Loss: 0.796529583632946, Inverse Test Loss: 0.0746568813920021 
2025-01-09 14:49:32,303 INFO: Epoch 22, Train Loss: 0.7720148217293524, Test Loss: 0.7963592857122421, Inverse Test Loss: 0.07443951070308685 
2025-01-09 14:49:32,437 INFO: Epoch 23, Train Loss: 0.7689297699159191, Test Loss: 0.7984067648649216, Inverse Test Loss: 0.07408582419157028 
2025-01-09 14:49:32,569 INFO: Epoch 24, Train Loss: 0.7697863559569081, Test Loss: 0.7953874543309212, Inverse Test Loss: 0.07454781979322433 
2025-01-09 14:49:32,702 INFO: Epoch 25, Train Loss: 0.7635203426884066, Test Loss: 0.7956080287694931, Inverse Test Loss: 0.07386836409568787 
2025-01-09 14:49:32,833 INFO: Epoch 26, Train Loss: 0.7634949837961504, Test Loss: 0.7947855740785599, Inverse Test Loss: 0.07408490777015686 
2025-01-09 14:49:32,965 INFO: Epoch 27, Train Loss: 0.7629429967172684, Test Loss: 0.7947399020195007, Inverse Test Loss: 0.07349226623773575 
2025-01-09 14:49:33,096 INFO: Epoch 28, Train Loss: 0.7581453515637305, Test Loss: 0.7942427545785904, Inverse Test Loss: 0.07370325177907944 
2025-01-09 14:49:33,232 INFO: Epoch 29, Train Loss: 0.7582804868298192, Test Loss: 0.7930474355816841, Inverse Test Loss: 0.07323899120092392 
2025-01-09 14:49:33,362 INFO: Epoch 30, Train Loss: 0.7567374494767958, Test Loss: 0.7925783544778824, Inverse Test Loss: 0.07374879717826843 
2025-01-09 14:49:33,497 INFO: Epoch 31, Train Loss: 0.7531930592752272, Test Loss: 0.7918565645813942, Inverse Test Loss: 0.07221143692731857 
2025-01-09 14:49:33,627 INFO: Epoch 32, Train Loss: 0.7528100186778653, Test Loss: 0.7917143255472183, Inverse Test Loss: 0.0723603293299675 
2025-01-09 14:49:33,761 INFO: Epoch 33, Train Loss: 0.7522609137719677, Test Loss: 0.7920820862054825, Inverse Test Loss: 0.07185061275959015 
2025-01-09 14:49:33,892 INFO: Epoch 34, Train Loss: 0.7484162103745245, Test Loss: 0.7905609533190727, Inverse Test Loss: 0.07186854630708694 
2025-01-09 14:49:34,026 INFO: Epoch 35, Train Loss: 0.7476921062315663, Test Loss: 0.7885819301009178, Inverse Test Loss: 0.0720381811261177 
2025-01-09 14:49:34,157 INFO: Epoch 36, Train Loss: 0.7462053337404805, Test Loss: 0.7894921526312828, Inverse Test Loss: 0.0717443898320198 
2025-01-09 14:49:34,294 INFO: Epoch 37, Train Loss: 0.7441978954499767, Test Loss: 0.7882455363869667, Inverse Test Loss: 0.07140732556581497 
2025-01-09 14:49:34,420 INFO: Epoch 38, Train Loss: 0.7414797332979017, Test Loss: 0.7886537313461304, Inverse Test Loss: 0.07137399166822433 
2025-01-09 14:49:34,560 INFO: Epoch 39, Train Loss: 0.739671859049028, Test Loss: 0.7885316535830498, Inverse Test Loss: 0.07102008908987045 
2025-01-09 14:49:34,694 INFO: Epoch 40, Train Loss: 0.7393336353763458, Test Loss: 0.7869561165571213, Inverse Test Loss: 0.07109523564577103 
2025-01-09 14:49:34,829 INFO: Epoch 41, Train Loss: 0.7365184253261935, Test Loss: 0.7865847274661064, Inverse Test Loss: 0.07090474665164948 
2025-01-09 14:49:34,961 INFO: Epoch 42, Train Loss: 0.7353640910117857, Test Loss: 0.7856925651431084, Inverse Test Loss: 0.07103122025728226 
2025-01-09 14:49:35,093 INFO: Epoch 43, Train Loss: 0.7342699823840972, Test Loss: 0.7845632284879684, Inverse Test Loss: 0.07096605747938156 
2025-01-09 14:49:35,221 INFO: Epoch 44, Train Loss: 0.7326599782513034, Test Loss: 0.7854268252849579, Inverse Test Loss: 0.07096908241510391 
2025-01-09 14:49:35,354 INFO: Epoch 45, Train Loss: 0.7283886940248551, Test Loss: 0.7833006829023361, Inverse Test Loss: 0.07063298672437668 
2025-01-09 14:49:35,483 INFO: Epoch 46, Train Loss: 0.7293708920478821, Test Loss: 0.786015011370182, Inverse Test Loss: 0.06995843350887299 
2025-01-09 14:49:35,618 INFO: Epoch 47, Train Loss: 0.7256547251055318, Test Loss: 0.784009724855423, Inverse Test Loss: 0.07054745405912399 
2025-01-09 14:49:35,746 INFO: Epoch 48, Train Loss: 0.7220406513060292, Test Loss: 0.7821675390005112, Inverse Test Loss: 0.07068008929491043 
2025-01-09 14:49:35,879 INFO: Epoch 49, Train Loss: 0.723581233332234, Test Loss: 0.7821717783808708, Inverse Test Loss: 0.07135641574859619 
2025-01-09 14:49:36,010 INFO: Epoch 50, Train Loss: 0.7197489161645213, Test Loss: 0.7823684066534042, Inverse Test Loss: 0.07040071487426758 
2025-01-09 14:49:36,141 INFO: Epoch 51, Train Loss: 0.7180366419976757, Test Loss: 0.7807717621326447, Inverse Test Loss: 0.07059497386217117 
2025-01-09 14:49:36,273 INFO: Epoch 52, Train Loss: 0.7183913780796912, Test Loss: 0.7806656658649445, Inverse Test Loss: 0.07050091028213501 
2025-01-09 14:49:36,403 INFO: Epoch 53, Train Loss: 0.7137024748709894, Test Loss: 0.7796697244048119, Inverse Test Loss: 0.06999463587999344 
2025-01-09 14:49:36,530 INFO: Epoch 54, Train Loss: 0.7132172911397873, Test Loss: 0.7800266966223717, Inverse Test Loss: 0.06973744928836823 
2025-01-09 14:49:36,665 INFO: Epoch 55, Train Loss: 0.7090067575054784, Test Loss: 0.7790598645806313, Inverse Test Loss: 0.0702769085764885 
2025-01-09 14:49:36,793 INFO: Epoch 56, Train Loss: 0.7090521320219962, Test Loss: 0.778734914958477, Inverse Test Loss: 0.06997135281562805 
2025-01-09 14:49:36,928 INFO: Epoch 57, Train Loss: 0.706580065911816, Test Loss: 0.779574990272522, Inverse Test Loss: 0.06953559815883636 
2025-01-09 14:49:37,056 INFO: Epoch 58, Train Loss: 0.7055349196157148, Test Loss: 0.7791694924235344, Inverse Test Loss: 0.0697646290063858 
2025-01-09 14:49:37,196 INFO: Epoch 59, Train Loss: 0.6993683749629606, Test Loss: 0.77847521007061, Inverse Test Loss: 0.0701768696308136 
2025-01-09 14:49:37,324 INFO: Epoch 60, Train Loss: 0.7012803881399093, Test Loss: 0.7795444875955582, Inverse Test Loss: 0.07024485617876053 
2025-01-09 14:49:37,461 INFO: Epoch 61, Train Loss: 0.6974777117852242, Test Loss: 0.778888076543808, Inverse Test Loss: 0.07004885375499725 
2025-01-09 14:49:37,590 INFO: Epoch 62, Train Loss: 0.6957755896352953, Test Loss: 0.7784843146800995, Inverse Test Loss: 0.07046963274478912 
2025-01-09 14:49:37,732 INFO: Epoch 63, Train Loss: 0.6949773238551232, Test Loss: 0.7785383388400078, Inverse Test Loss: 0.07086531817913055 
2025-01-09 14:49:37,861 INFO: Epoch 64, Train Loss: 0.6928722204700593, Test Loss: 0.7788534164428711, Inverse Test Loss: 0.07071750611066818 
2025-01-09 14:49:37,999 INFO: Epoch 65, Train Loss: 0.6926218578892369, Test Loss: 0.7787436246871948, Inverse Test Loss: 0.07049281150102615 
2025-01-09 14:49:38,127 INFO: Epoch 66, Train Loss: 0.6898168844561423, Test Loss: 0.7779352888464928, Inverse Test Loss: 0.07089968025684357 
2025-01-09 14:49:38,268 INFO: Epoch 67, Train Loss: 0.6879688424448813, Test Loss: 0.7778294458985329, Inverse Test Loss: 0.0706474557518959 
2025-01-09 14:49:38,395 INFO: Epoch 68, Train Loss: 0.6838316090645329, Test Loss: 0.7808359712362289, Inverse Test Loss: 0.07094750553369522 
2025-01-09 14:49:38,533 INFO: Epoch 69, Train Loss: 0.6834795859552198, Test Loss: 0.7796802371740341, Inverse Test Loss: 0.07127849757671356 
2025-01-09 14:49:38,663 INFO: Epoch 70, Train Loss: 0.6836531912126849, Test Loss: 0.7799162268638611, Inverse Test Loss: 0.07177837938070297 
2025-01-09 14:49:38,804 INFO: Epoch 71, Train Loss: 0.679709663314204, Test Loss: 0.7797499150037766, Inverse Test Loss: 0.07204549759626389 
2025-01-09 14:49:38,932 INFO: Epoch 72, Train Loss: 0.6785511393700877, Test Loss: 0.7817056551575661, Inverse Test Loss: 0.0704476609826088 
2025-01-09 14:49:39,072 INFO: Epoch 73, Train Loss: 0.6761412351362167, Test Loss: 0.780794307589531, Inverse Test Loss: 0.07113213837146759 
2025-01-09 14:49:39,199 INFO: Epoch 74, Train Loss: 0.6743183847396604, Test Loss: 0.7812328264117241, Inverse Test Loss: 0.07169753313064575 
2025-01-09 14:49:39,340 INFO: Epoch 75, Train Loss: 0.6748126476041733, Test Loss: 0.7823576182126999, Inverse Test Loss: 0.07183827459812164 
2025-01-09 14:49:39,470 INFO: Epoch 76, Train Loss: 0.670985552572435, Test Loss: 0.7825633361935616, Inverse Test Loss: 0.07269968092441559 
2025-01-09 14:49:39,613 INFO: Epoch 77, Train Loss: 0.668758088542569, Test Loss: 0.7833692952990532, Inverse Test Loss: 0.07218196243047714 
2025-01-09 14:49:39,756 INFO: Epoch 78, Train Loss: 0.6658689360464772, Test Loss: 0.7811675891280174, Inverse Test Loss: 0.07212723791599274 
2025-01-09 14:49:39,893 INFO: Epoch 79, Train Loss: 0.6659710753348566, Test Loss: 0.7837613001465797, Inverse Test Loss: 0.07327137887477875 
2025-01-09 14:49:40,023 INFO: Epoch 80, Train Loss: 0.6618504062775643, Test Loss: 0.7858115285634995, Inverse Test Loss: 0.07485812157392502 
2025-01-09 14:49:40,159 INFO: Epoch 81, Train Loss: 0.664328682807184, Test Loss: 0.7830022275447845, Inverse Test Loss: 0.07365778833627701 
2025-01-09 14:49:40,290 INFO: Epoch 82, Train Loss: 0.6586909755583732, Test Loss: 0.7842945083975792, Inverse Test Loss: 0.07335793972015381 
2025-01-09 14:49:40,430 INFO: Epoch 83, Train Loss: 0.6579513857441563, Test Loss: 0.7850537449121475, Inverse Test Loss: 0.07387926429510117 
2025-01-09 14:49:40,565 INFO: Epoch 84, Train Loss: 0.6561455034440563, Test Loss: 0.784628689289093, Inverse Test Loss: 0.07343201339244843 
2025-01-09 14:49:40,704 INFO: Epoch 85, Train Loss: 0.6538842974170562, Test Loss: 0.7873710095882416, Inverse Test Loss: 0.0738246962428093 
2025-01-09 14:49:40,832 INFO: Epoch 86, Train Loss: 0.6523992323106335, Test Loss: 0.7867542654275894, Inverse Test Loss: 0.07449285686016083 
2025-01-09 14:49:40,972 INFO: Epoch 87, Train Loss: 0.650536306442753, Test Loss: 0.7854438498616219, Inverse Test Loss: 0.07537626475095749 
2025-01-09 14:49:41,103 INFO: Epoch 88, Train Loss: 0.6464172159471819, Test Loss: 0.7880368232727051, Inverse Test Loss: 0.07440762966871262 
2025-01-09 14:49:41,238 INFO: Epoch 89, Train Loss: 0.6464540900722626, Test Loss: 0.7869388833642006, Inverse Test Loss: 0.07620863616466522 
2025-01-09 14:49:41,370 INFO: Epoch 90, Train Loss: 0.6461770092287371, Test Loss: 0.7875761911273003, Inverse Test Loss: 0.075015127658844 
2025-01-09 14:49:41,512 INFO: Epoch 91, Train Loss: 0.6427944975514566, Test Loss: 0.7869564145803452, Inverse Test Loss: 0.07671897858381271 
2025-01-09 14:49:41,643 INFO: Epoch 92, Train Loss: 0.6407687164122059, Test Loss: 0.7880154550075531, Inverse Test Loss: 0.0762682780623436 
2025-01-09 14:49:41,793 INFO: Epoch 93, Train Loss: 0.6399211172134646, Test Loss: 0.7883485332131386, Inverse Test Loss: 0.07636712491512299 
2025-01-09 14:49:41,933 INFO: Epoch 94, Train Loss: 0.6372268622921359, Test Loss: 0.7891290783882141, Inverse Test Loss: 0.07613128423690796 
2025-01-09 14:49:42,076 INFO: Epoch 95, Train Loss: 0.6345586449869217, Test Loss: 0.7891356572508812, Inverse Test Loss: 0.07622304558753967 
2025-01-09 14:49:42,205 INFO: Epoch 96, Train Loss: 0.6338247464549157, Test Loss: 0.7892642617225647, Inverse Test Loss: 0.07664240896701813 
2025-01-09 14:49:42,400 INFO: Epoch 97, Train Loss: 0.6318440898772208, Test Loss: 0.7904210314154625, Inverse Test Loss: 0.07858014106750488 
2025-01-09 14:49:42,581 INFO: Epoch 98, Train Loss: 0.6303486016488844, Test Loss: 0.789662629365921, Inverse Test Loss: 0.07766558974981308 
2025-01-09 14:49:42,728 INFO: Epoch 99, Train Loss: 0.6285162491183127, Test Loss: 0.7932174280285835, Inverse Test Loss: 0.07728297263383865 
2025-01-09 14:49:42,866 INFO: Epoch 100, Train Loss: 0.6273633856927195, Test Loss: 0.7885963320732117, Inverse Test Loss: 0.07766760885715485 
2025-01-09 14:49:42,866 INFO: Best Epoch 67, Best Test Loss: 0.7778294458985329 
2025-01-09 14:49:43,004 INFO: Epoch 101, Train Loss: 0.6234042500295947, Test Loss: 0.7891062200069427, Inverse Test Loss: 0.07834525406360626 
2025-01-09 14:49:43,145 INFO: Epoch 102, Train Loss: 0.6225589110005286, Test Loss: 0.7899679765105247, Inverse Test Loss: 0.07803817093372345 
2025-01-09 14:49:43,285 INFO: Epoch 103, Train Loss: 0.6211396859538171, Test Loss: 0.7920545190572739, Inverse Test Loss: 0.07811035960912704 
2025-01-09 14:49:43,427 INFO: Epoch 104, Train Loss: 0.620371893528969, Test Loss: 0.7909882068634033, Inverse Test Loss: 0.07841191440820694 
2025-01-09 14:49:43,563 INFO: Epoch 105, Train Loss: 0.6188944289761205, Test Loss: 0.7920269966125488, Inverse Test Loss: 0.0793825164437294 
2025-01-09 14:49:43,702 INFO: Epoch 106, Train Loss: 0.6156980933681611, Test Loss: 0.7927608639001846, Inverse Test Loss: 0.08016399294137955 
2025-01-09 14:49:43,861 INFO: Epoch 107, Train Loss: 0.6142825118957027, Test Loss: 0.7935732379555702, Inverse Test Loss: 0.07997823506593704 
2025-01-09 14:49:44,013 INFO: Epoch 108, Train Loss: 0.6122950046293197, Test Loss: 0.7923408597707748, Inverse Test Loss: 0.0793486163020134 
2025-01-09 14:49:44,153 INFO: Epoch 109, Train Loss: 0.6102833594045332, Test Loss: 0.793675497174263, Inverse Test Loss: 0.07976409047842026 
2025-01-09 14:49:44,296 INFO: Epoch 110, Train Loss: 0.6089695365198197, Test Loss: 0.7942036986351013, Inverse Test Loss: 0.07931483536958694 
2025-01-09 14:49:44,434 INFO: Epoch 111, Train Loss: 0.6090351189336469, Test Loss: 0.7964409440755844, Inverse Test Loss: 0.08043204247951508 
2025-01-09 14:49:44,576 INFO: Epoch 112, Train Loss: 0.6051930131450776, Test Loss: 0.7961972653865814, Inverse Test Loss: 0.08012673258781433 
2025-01-09 14:49:44,733 INFO: Epoch 113, Train Loss: 0.6060553577638441, Test Loss: 0.7961744070053101, Inverse Test Loss: 0.08092660456895828 
2025-01-09 14:49:44,887 INFO: Epoch 114, Train Loss: 0.6041997574990795, Test Loss: 0.7954505160450935, Inverse Test Loss: 0.08079897612333298 
2025-01-09 14:49:45,048 INFO: Epoch 115, Train Loss: 0.6030189414178172, Test Loss: 0.7967990562319756, Inverse Test Loss: 0.08146116882562637 
2025-01-09 14:49:45,194 INFO: Epoch 116, Train Loss: 0.599741316610767, Test Loss: 0.7979869619011879, Inverse Test Loss: 0.08203671127557755 
2025-01-09 14:49:45,347 INFO: Epoch 117, Train Loss: 0.5985010920032379, Test Loss: 0.7967699095606804, Inverse Test Loss: 0.08132365345954895 
2025-01-09 14:49:45,495 INFO: Epoch 118, Train Loss: 0.5982070853633266, Test Loss: 0.7983621507883072, Inverse Test Loss: 0.0815657451748848 
2025-01-09 14:49:45,644 INFO: Epoch 119, Train Loss: 0.5933144563628782, Test Loss: 0.798536442220211, Inverse Test Loss: 0.08191516250371933 
2025-01-09 14:49:45,793 INFO: Epoch 120, Train Loss: 0.5967710969909545, Test Loss: 0.7984271347522736, Inverse Test Loss: 0.08182138204574585 
2025-01-09 14:49:45,936 INFO: Epoch 121, Train Loss: 0.5926713270525779, Test Loss: 0.7991549074649811, Inverse Test Loss: 0.0821092277765274 
2025-01-09 14:49:46,091 INFO: Epoch 122, Train Loss: 0.5917954175702987, Test Loss: 0.8029075637459755, Inverse Test Loss: 0.08316464722156525 
2025-01-09 14:49:46,241 INFO: Epoch 123, Train Loss: 0.589033555599951, Test Loss: 0.8029052466154099, Inverse Test Loss: 0.08377638459205627 
2025-01-09 14:49:46,404 INFO: Epoch 124, Train Loss: 0.5885124389202364, Test Loss: 0.8013224005699158, Inverse Test Loss: 0.08304955065250397 
2025-01-09 14:49:46,540 INFO: Epoch 125, Train Loss: 0.5876124549296594, Test Loss: 0.8052724152803421, Inverse Test Loss: 0.08387193083763123 
2025-01-09 14:49:46,670 INFO: Epoch 126, Train Loss: 0.5868964041433027, Test Loss: 0.804417259991169, Inverse Test Loss: 0.08356250822544098 
2025-01-09 14:49:46,803 INFO: Epoch 127, Train Loss: 0.5858038471591088, Test Loss: 0.8036659806966782, Inverse Test Loss: 0.08380147069692612 
2025-01-09 14:49:46,931 INFO: Epoch 128, Train Loss: 0.5816309759693761, Test Loss: 0.80373714864254, Inverse Test Loss: 0.0835915207862854 
2025-01-09 14:49:47,069 INFO: Epoch 129, Train Loss: 0.580151500240449, Test Loss: 0.8110728338360786, Inverse Test Loss: 0.08383266627788544 
2025-01-09 14:49:47,202 INFO: Epoch 130, Train Loss: 0.5806397882200056, Test Loss: 0.8088916540145874, Inverse Test Loss: 0.08397805690765381 
2025-01-09 14:49:47,343 INFO: Epoch 131, Train Loss: 0.5809586201944659, Test Loss: 0.8089042529463768, Inverse Test Loss: 0.08449874073266983 
2025-01-09 14:49:47,506 INFO: Epoch 132, Train Loss: 0.5772068115972704, Test Loss: 0.808742105960846, Inverse Test Loss: 0.0843457281589508 
2025-01-09 14:49:47,676 INFO: Epoch 133, Train Loss: 0.5768307870434176, Test Loss: 0.8097817897796631, Inverse Test Loss: 0.08450837433338165 
2025-01-09 14:49:47,832 INFO: Epoch 134, Train Loss: 0.5744515301719788, Test Loss: 0.8098872527480125, Inverse Test Loss: 0.0840216726064682 
2025-01-09 14:49:48,002 INFO: Epoch 135, Train Loss: 0.5737544500058697, Test Loss: 0.8085540160536766, Inverse Test Loss: 0.08518247306346893 
2025-01-09 14:49:48,175 INFO: Epoch 136, Train Loss: 0.573460377031757, Test Loss: 0.8085554838180542, Inverse Test Loss: 0.08545730262994766 
2025-01-09 14:49:48,347 INFO: Epoch 137, Train Loss: 0.5722354746633961, Test Loss: 0.8096921518445015, Inverse Test Loss: 0.08518537133932114 
2025-01-09 14:49:48,514 INFO: Epoch 138, Train Loss: 0.5699682427990821, Test Loss: 0.8118827491998672, Inverse Test Loss: 0.08576192706823349 
2025-01-09 14:49:48,692 INFO: Epoch 139, Train Loss: 0.570439423284223, Test Loss: 0.8104957416653633, Inverse Test Loss: 0.08512511104345322 
2025-01-09 14:49:48,848 INFO: Epoch 140, Train Loss: 0.5708174301731971, Test Loss: 0.8116580471396446, Inverse Test Loss: 0.08552241325378418 
2025-01-09 14:49:49,022 INFO: Epoch 141, Train Loss: 0.567201494209228, Test Loss: 0.8141210600733757, Inverse Test Loss: 0.08595689386129379 
2025-01-09 14:49:49,183 INFO: Epoch 142, Train Loss: 0.5664438259217047, Test Loss: 0.8141162022948265, Inverse Test Loss: 0.08637966215610504 
2025-01-09 14:49:49,357 INFO: Epoch 143, Train Loss: 0.5638477850344873, Test Loss: 0.813544511795044, Inverse Test Loss: 0.08583015203475952 
2025-01-09 14:49:49,504 INFO: Epoch 144, Train Loss: 0.563053346449329, Test Loss: 0.814781591296196, Inverse Test Loss: 0.08634693920612335 
2025-01-09 14:49:49,657 INFO: Epoch 145, Train Loss: 0.5605979350305372, Test Loss: 0.8132708221673965, Inverse Test Loss: 0.08670558780431747 
2025-01-09 14:49:49,804 INFO: Epoch 146, Train Loss: 0.561495796326668, Test Loss: 0.8126539289951324, Inverse Test Loss: 0.08613904565572739 
2025-01-09 14:49:49,966 INFO: Epoch 147, Train Loss: 0.5601428151130676, Test Loss: 0.8169665336608887, Inverse Test Loss: 0.08674388378858566 
2025-01-09 14:49:50,117 INFO: Epoch 148, Train Loss: 0.5593014465224359, Test Loss: 0.8171155378222466, Inverse Test Loss: 0.08707710355520248 
2025-01-09 14:49:50,279 INFO: Epoch 149, Train Loss: 0.5596256131126035, Test Loss: 0.8177992776036263, Inverse Test Loss: 0.08641650527715683 
2025-01-09 14:49:50,431 INFO: Epoch 150, Train Loss: 0.5567981956466552, Test Loss: 0.8195686414837837, Inverse Test Loss: 0.08671105653047562 
2025-01-09 14:49:50,600 INFO: Epoch 151, Train Loss: 0.558352836678105, Test Loss: 0.8173786327242851, Inverse Test Loss: 0.08645647764205933 
2025-01-09 14:49:50,746 INFO: Epoch 152, Train Loss: 0.5539008542414634, Test Loss: 0.8198009803891182, Inverse Test Loss: 0.08695916086435318 
2025-01-09 14:49:50,905 INFO: Epoch 153, Train Loss: 0.5531473630859006, Test Loss: 0.8181132823228836, Inverse Test Loss: 0.08690834045410156 
2025-01-09 14:49:51,059 INFO: Epoch 154, Train Loss: 0.5535351037979126, Test Loss: 0.8208661079406738, Inverse Test Loss: 0.08749222010374069 
2025-01-09 14:49:51,215 INFO: Epoch 155, Train Loss: 0.5521404589376142, Test Loss: 0.8204027637839317, Inverse Test Loss: 0.0870542898774147 
2025-01-09 14:49:51,366 INFO: Epoch 156, Train Loss: 0.5506446284632529, Test Loss: 0.8196334466338158, Inverse Test Loss: 0.08798130601644516 
2025-01-09 14:49:51,558 INFO: Epoch 157, Train Loss: 0.5491382268167311, Test Loss: 0.8226102069020271, Inverse Test Loss: 0.08755423128604889 
2025-01-09 14:49:51,740 INFO: Epoch 158, Train Loss: 0.5509669328889539, Test Loss: 0.8212838694453239, Inverse Test Loss: 0.08787655830383301 
2025-01-09 14:49:51,904 INFO: Epoch 159, Train Loss: 0.547475891728555, Test Loss: 0.8243807777762413, Inverse Test Loss: 0.08856356143951416 
2025-01-09 14:49:52,054 INFO: Epoch 160, Train Loss: 0.5471749978680764, Test Loss: 0.8234758824110031, Inverse Test Loss: 0.08825892955064774 
2025-01-09 14:49:52,214 INFO: Epoch 161, Train Loss: 0.5453189323025365, Test Loss: 0.822539784014225, Inverse Test Loss: 0.08884266018867493 
2025-01-09 14:49:52,360 INFO: Epoch 162, Train Loss: 0.544413540632494, Test Loss: 0.8218638971447945, Inverse Test Loss: 0.08818016946315765 
2025-01-09 14:49:52,518 INFO: Epoch 163, Train Loss: 0.5440438332096222, Test Loss: 0.8255465775728226, Inverse Test Loss: 0.08831261098384857 
2025-01-09 14:49:52,666 INFO: Epoch 164, Train Loss: 0.5449109202431094, Test Loss: 0.8266739472746849, Inverse Test Loss: 0.09001186490058899 
2025-01-09 14:49:52,837 INFO: Epoch 165, Train Loss: 0.5443531947751199, Test Loss: 0.8225824683904648, Inverse Test Loss: 0.08892638981342316 
2025-01-09 14:49:52,990 INFO: Epoch 166, Train Loss: 0.5429915132061127, Test Loss: 0.825425274670124, Inverse Test Loss: 0.08916700631380081 
2025-01-09 14:49:53,148 INFO: Epoch 167, Train Loss: 0.5412066838433666, Test Loss: 0.8267630860209465, Inverse Test Loss: 0.08967896550893784 
2025-01-09 14:49:53,305 INFO: Epoch 168, Train Loss: 0.5411746780718526, Test Loss: 0.8279543519020081, Inverse Test Loss: 0.08980347216129303 
2025-01-09 14:49:53,477 INFO: Epoch 169, Train Loss: 0.5395674936233028, Test Loss: 0.826946035027504, Inverse Test Loss: 0.09013736248016357 
2025-01-09 14:49:53,636 INFO: Epoch 170, Train Loss: 0.5385518112490254, Test Loss: 0.8295684456825256, Inverse Test Loss: 0.09065417945384979 
2025-01-09 14:49:53,805 INFO: Epoch 171, Train Loss: 0.53958839851041, Test Loss: 0.8285408243536949, Inverse Test Loss: 0.09021543711423874 
2025-01-09 14:49:53,983 INFO: Epoch 172, Train Loss: 0.5377654788955566, Test Loss: 0.8335161209106445, Inverse Test Loss: 0.09063804894685745 
2025-01-09 14:49:54,140 INFO: Epoch 173, Train Loss: 0.5380275720550168, Test Loss: 0.8297533839941025, Inverse Test Loss: 0.09018274396657944 
2025-01-09 14:49:54,301 INFO: Epoch 174, Train Loss: 0.5361656469683493, Test Loss: 0.8305521085858345, Inverse Test Loss: 0.09002642333507538 
2025-01-09 14:49:54,465 INFO: Epoch 175, Train Loss: 0.5340401520652156, Test Loss: 0.8334964215755463, Inverse Test Loss: 0.09059910476207733 
2025-01-09 14:49:54,623 INFO: Epoch 176, Train Loss: 0.5333283533973079, Test Loss: 0.8300424590706825, Inverse Test Loss: 0.09087444841861725 
2025-01-09 14:49:54,780 INFO: Epoch 177, Train Loss: 0.5331033477860112, Test Loss: 0.8325079306960106, Inverse Test Loss: 0.09087229520082474 
2025-01-09 14:49:54,929 INFO: Epoch 178, Train Loss: 0.5340487457090809, Test Loss: 0.8329882621765137, Inverse Test Loss: 0.09083482623100281 
2025-01-09 14:49:55,095 INFO: Epoch 179, Train Loss: 0.5320635639852093, Test Loss: 0.8320870846509933, Inverse Test Loss: 0.09110867977142334 
2025-01-09 14:49:55,247 INFO: Epoch 180, Train Loss: 0.5309666279823549, Test Loss: 0.8311261311173439, Inverse Test Loss: 0.09131146967411041 
2025-01-09 14:49:55,409 INFO: Epoch 181, Train Loss: 0.5321018195921375, Test Loss: 0.8344264104962349, Inverse Test Loss: 0.09089561551809311 
2025-01-09 14:49:55,581 INFO: Epoch 182, Train Loss: 0.5286181328758117, Test Loss: 0.8352477326989174, Inverse Test Loss: 0.09090160578489304 
2025-01-09 14:49:55,745 INFO: Epoch 183, Train Loss: 0.5296286709846989, Test Loss: 0.8339122608304024, Inverse Test Loss: 0.09152045100927353 
2025-01-09 14:49:55,900 INFO: Epoch 184, Train Loss: 0.5287707774869858, Test Loss: 0.8350047767162323, Inverse Test Loss: 0.0912923812866211 
2025-01-09 14:49:56,055 INFO: Epoch 185, Train Loss: 0.5284797356974694, Test Loss: 0.8353176862001419, Inverse Test Loss: 0.09177661687135696 
2025-01-09 14:49:56,219 INFO: Epoch 186, Train Loss: 0.5259253690319676, Test Loss: 0.8359805196523666, Inverse Test Loss: 0.0915181040763855 
2025-01-09 14:49:56,405 INFO: Epoch 187, Train Loss: 0.5264107777226356, Test Loss: 0.8384235948324203, Inverse Test Loss: 0.09183790534734726 
2025-01-09 14:49:56,563 INFO: Epoch 188, Train Loss: 0.5252336138679136, Test Loss: 0.8357163295149803, Inverse Test Loss: 0.0915338397026062 
2025-01-09 14:49:56,721 INFO: Epoch 189, Train Loss: 0.5255452432940083, Test Loss: 0.8351744785904884, Inverse Test Loss: 0.09136877954006195 
2025-01-09 14:49:56,866 INFO: Epoch 190, Train Loss: 0.5231091860801943, Test Loss: 0.8387546762824059, Inverse Test Loss: 0.09170742332935333 
2025-01-09 14:49:57,024 INFO: Epoch 191, Train Loss: 0.5241090616872234, Test Loss: 0.8386610448360443, Inverse Test Loss: 0.09251116216182709 
2025-01-09 14:49:57,175 INFO: Epoch 192, Train Loss: 0.5222378363532405, Test Loss: 0.8384885191917419, Inverse Test Loss: 0.09282153099775314 
2025-01-09 14:49:57,344 INFO: Epoch 193, Train Loss: 0.5229552647759838, Test Loss: 0.8385982662439346, Inverse Test Loss: 0.09285072237253189 
2025-01-09 14:49:57,529 INFO: Epoch 194, Train Loss: 0.5207868526058812, Test Loss: 0.8387172073125839, Inverse Test Loss: 0.09222093969583511 
2025-01-09 14:49:57,689 INFO: Epoch 195, Train Loss: 0.5197711606179515, Test Loss: 0.8402576148509979, Inverse Test Loss: 0.09263551980257034 
2025-01-09 14:49:57,904 INFO: Epoch 196, Train Loss: 0.5188266865668758, Test Loss: 0.8409869596362114, Inverse Test Loss: 0.09183485060930252 
2025-01-09 14:49:58,076 INFO: Epoch 197, Train Loss: 0.5187090250753588, Test Loss: 0.8399076610803604, Inverse Test Loss: 0.09260636568069458 
2025-01-09 14:49:58,243 INFO: Epoch 198, Train Loss: 0.5169786907011463, Test Loss: 0.8403927758336067, Inverse Test Loss: 0.09271088987588882 
2025-01-09 14:49:58,414 INFO: Epoch 199, Train Loss: 0.5189671564486719, Test Loss: 0.8428776264190674, Inverse Test Loss: 0.0927964299917221 
2025-01-09 14:49:58,584 INFO: Epoch 200, Train Loss: 0.5180907576314865, Test Loss: 0.842175230383873, Inverse Test Loss: 0.09254131466150284 
2025-01-09 14:49:58,585 INFO: Best Epoch 67, Best Test Loss: 0.7778294458985329 
2025-01-09 14:49:58,739 INFO: Epoch 201, Train Loss: 0.5179261065298512, Test Loss: 0.842343345284462, Inverse Test Loss: 0.09302414208650589 
2025-01-09 14:49:58,909 INFO: Epoch 202, Train Loss: 0.5170895428426804, Test Loss: 0.8452631384134293, Inverse Test Loss: 0.09336636960506439 
2025-01-09 14:49:59,070 INFO: Epoch 203, Train Loss: 0.5149592122723979, Test Loss: 0.8428191244602203, Inverse Test Loss: 0.09281276911497116 
2025-01-09 14:49:59,224 INFO: Epoch 204, Train Loss: 0.5146217413486973, Test Loss: 0.8446879535913467, Inverse Test Loss: 0.09305774420499802 
2025-01-09 14:49:59,374 INFO: Epoch 205, Train Loss: 0.5129334580513739, Test Loss: 0.8464293703436852, Inverse Test Loss: 0.09344997256994247 
2025-01-09 14:49:59,550 INFO: Epoch 206, Train Loss: 0.5126082108866784, Test Loss: 0.8456796556711197, Inverse Test Loss: 0.09365455061197281 
2025-01-09 14:49:59,702 INFO: Epoch 207, Train Loss: 0.5112723688925466, Test Loss: 0.8440477475523949, Inverse Test Loss: 0.09291677922010422 
2025-01-09 14:49:59,868 INFO: Epoch 208, Train Loss: 0.5118401271681632, Test Loss: 0.848111554980278, Inverse Test Loss: 0.0935358926653862 
2025-01-09 14:50:00,021 INFO: Epoch 209, Train Loss: 0.5101878816081632, Test Loss: 0.845404177904129, Inverse Test Loss: 0.09343036264181137 
2025-01-09 14:50:00,194 INFO: Epoch 210, Train Loss: 0.5110795401757763, Test Loss: 0.8501530140638351, Inverse Test Loss: 0.09339512884616852 
2025-01-09 14:50:00,346 INFO: Epoch 211, Train Loss: 0.5112873181220023, Test Loss: 0.8482107743620872, Inverse Test Loss: 0.09319370239973068 
2025-01-09 14:50:00,495 INFO: Epoch 212, Train Loss: 0.5092861479328524, Test Loss: 0.8500031232833862, Inverse Test Loss: 0.09386450797319412 
2025-01-09 14:50:00,655 INFO: Epoch 213, Train Loss: 0.5099273747013461, Test Loss: 0.8489151895046234, Inverse Test Loss: 0.09326574951410294 
2025-01-09 14:50:00,818 INFO: Epoch 214, Train Loss: 0.5100475434334047, Test Loss: 0.8497432917356491, Inverse Test Loss: 0.09392048418521881 
2025-01-09 14:50:00,966 INFO: Epoch 215, Train Loss: 0.5078534964592226, Test Loss: 0.850113607943058, Inverse Test Loss: 0.09410516917705536 
2025-01-09 14:50:01,126 INFO: Epoch 216, Train Loss: 0.5077190591442969, Test Loss: 0.8515099585056305, Inverse Test Loss: 0.09388365596532822 
2025-01-09 14:50:01,274 INFO: Epoch 217, Train Loss: 0.507140027899896, Test Loss: 0.8528636023402214, Inverse Test Loss: 0.09378501772880554 
2025-01-09 14:50:01,433 INFO: Epoch 218, Train Loss: 0.5067156649404957, Test Loss: 0.8524412736296654, Inverse Test Loss: 0.09396400302648544 
2025-01-09 14:50:01,579 INFO: Epoch 219, Train Loss: 0.5052369890674469, Test Loss: 0.8542092368006706, Inverse Test Loss: 0.09443369507789612 
2025-01-09 14:50:01,729 INFO: Epoch 220, Train Loss: 0.5064413749402569, Test Loss: 0.8549400940537453, Inverse Test Loss: 0.0940384492278099 
2025-01-09 14:50:01,945 INFO: Epoch 221, Train Loss: 0.5041700957282897, Test Loss: 0.8546798154711723, Inverse Test Loss: 0.09420671314001083 
2025-01-09 14:50:02,140 INFO: Epoch 222, Train Loss: 0.5049937521257708, Test Loss: 0.8568909987807274, Inverse Test Loss: 0.094559445977211 
2025-01-09 14:50:02,305 INFO: Epoch 223, Train Loss: 0.5055749089487137, Test Loss: 0.8559321910142899, Inverse Test Loss: 0.094449982047081 
2025-01-09 14:50:02,453 INFO: Epoch 224, Train Loss: 0.5012567966215072, Test Loss: 0.8584231659770012, Inverse Test Loss: 0.0944310873746872 
2025-01-09 14:50:02,599 INFO: Epoch 225, Train Loss: 0.5024891928319009, Test Loss: 0.8571254685521126, Inverse Test Loss: 0.09369796514511108 
2025-01-09 14:50:02,764 INFO: Epoch 226, Train Loss: 0.503240070996746, Test Loss: 0.8572521060705185, Inverse Test Loss: 0.09475302696228027 
2025-01-09 14:50:02,925 INFO: Epoch 227, Train Loss: 0.5008811873774375, Test Loss: 0.8587015271186829, Inverse Test Loss: 0.09413441270589828 
2025-01-09 14:50:03,073 INFO: Epoch 228, Train Loss: 0.4999698967702927, Test Loss: 0.858441673219204, Inverse Test Loss: 0.09447257220745087 
2025-01-09 14:50:03,237 INFO: Epoch 229, Train Loss: 0.5019015852482088, Test Loss: 0.860426515340805, Inverse Test Loss: 0.09481534361839294 
2025-01-09 14:50:03,393 INFO: Epoch 230, Train Loss: 0.5014842921687711, Test Loss: 0.8590463399887085, Inverse Test Loss: 0.09475323557853699 
2025-01-09 14:50:03,561 INFO: Epoch 231, Train Loss: 0.49790396421186384, Test Loss: 0.8610430285334587, Inverse Test Loss: 0.09461091458797455 
2025-01-09 14:50:03,717 INFO: Epoch 232, Train Loss: 0.4979472727544846, Test Loss: 0.8597256168723106, Inverse Test Loss: 0.09516513347625732 
2025-01-09 14:50:03,887 INFO: Epoch 233, Train Loss: 0.49865177273750305, Test Loss: 0.8611903041601181, Inverse Test Loss: 0.09419900178909302 
2025-01-09 14:50:04,045 INFO: Epoch 234, Train Loss: 0.4975044477370478, Test Loss: 0.8612116128206253, Inverse Test Loss: 0.09474536031484604 
2025-01-09 14:50:04,199 INFO: Epoch 235, Train Loss: 0.4970983660990192, Test Loss: 0.8618934080004692, Inverse Test Loss: 0.09504704177379608 
2025-01-09 14:50:04,346 INFO: Epoch 236, Train Loss: 0.4958147483487283, Test Loss: 0.8649700656533241, Inverse Test Loss: 0.09445545822381973 
2025-01-09 14:50:04,484 INFO: Epoch 237, Train Loss: 0.4968182559936277, Test Loss: 0.8656699731945992, Inverse Test Loss: 0.09565547108650208 
2025-01-09 14:50:04,632 INFO: Epoch 238, Train Loss: 0.49589257182613494, Test Loss: 0.864457257091999, Inverse Test Loss: 0.09459112584590912 
2025-01-09 14:50:04,782 INFO: Epoch 239, Train Loss: 0.49525237179571585, Test Loss: 0.8658323958516121, Inverse Test Loss: 0.09503627568483353 
2025-01-09 14:50:04,960 INFO: Epoch 240, Train Loss: 0.49413652093179766, Test Loss: 0.8660052567720413, Inverse Test Loss: 0.09526822715997696 
2025-01-09 14:50:05,141 INFO: Epoch 241, Train Loss: 0.4943823093368161, Test Loss: 0.8691406324505806, Inverse Test Loss: 0.09450816363096237 
2025-01-09 14:50:05,288 INFO: Epoch 242, Train Loss: 0.4925064992520117, Test Loss: 0.8671729043126106, Inverse Test Loss: 0.09504959732294083 
2025-01-09 14:50:05,439 INFO: Epoch 243, Train Loss: 0.4924736445949924, Test Loss: 0.8688761740922928, Inverse Test Loss: 0.09507246315479279 
2025-01-09 14:50:05,585 INFO: Epoch 244, Train Loss: 0.4908432941282949, Test Loss: 0.8693410083651543, Inverse Test Loss: 0.0955786481499672 
2025-01-09 14:50:05,737 INFO: Epoch 245, Train Loss: 0.49223635369731533, Test Loss: 0.8685223013162613, Inverse Test Loss: 0.09489018470048904 
2025-01-09 14:50:05,890 INFO: Epoch 246, Train Loss: 0.4922354673185656, Test Loss: 0.8711259067058563, Inverse Test Loss: 0.0960334911942482 
2025-01-09 14:50:06,050 INFO: Epoch 247, Train Loss: 0.4908949694325847, Test Loss: 0.8691886439919472, Inverse Test Loss: 0.09543625265359879 
2025-01-09 14:50:06,206 INFO: Epoch 248, Train Loss: 0.48974794149398804, Test Loss: 0.8705087378621101, Inverse Test Loss: 0.09576057642698288 
2025-01-09 14:50:06,364 INFO: Epoch 249, Train Loss: 0.4885218835646106, Test Loss: 0.8722194582223892, Inverse Test Loss: 0.09533005952835083 
2025-01-09 14:50:06,527 INFO: Epoch 250, Train Loss: 0.4886276356635555, Test Loss: 0.8729331344366074, Inverse Test Loss: 0.09547318518161774 
2025-01-09 14:50:06,701 INFO: Epoch 251, Train Loss: 0.48729266274359917, Test Loss: 0.8725293874740601, Inverse Test Loss: 0.09581221640110016 
2025-01-09 14:50:06,872 INFO: Epoch 252, Train Loss: 0.4883124270746785, Test Loss: 0.8745741322636604, Inverse Test Loss: 0.09556016325950623 
2025-01-09 14:50:07,024 INFO: Epoch 253, Train Loss: 0.4862292793489272, Test Loss: 0.8733839765191078, Inverse Test Loss: 0.09536348283290863 
2025-01-09 14:50:07,191 INFO: Epoch 254, Train Loss: 0.48711364980666866, Test Loss: 0.8767660856246948, Inverse Test Loss: 0.09546896070241928 
2025-01-09 14:50:07,349 INFO: Epoch 255, Train Loss: 0.48577167045685554, Test Loss: 0.8739415854215622, Inverse Test Loss: 0.09627725183963776 
2025-01-09 14:50:07,506 INFO: Epoch 256, Train Loss: 0.4859235469372042, Test Loss: 0.8759883120656013, Inverse Test Loss: 0.0961746871471405 
2025-01-09 14:50:07,664 INFO: Epoch 257, Train Loss: 0.4842014572312755, Test Loss: 0.8781160563230515, Inverse Test Loss: 0.0964193195104599 
2025-01-09 14:50:07,835 INFO: Epoch 258, Train Loss: 0.4846177504908654, Test Loss: 0.8774376586079597, Inverse Test Loss: 0.09567995369434357 
2025-01-09 14:50:07,988 INFO: Epoch 259, Train Loss: 0.4838690036727536, Test Loss: 0.8764112517237663, Inverse Test Loss: 0.09596414119005203 
2025-01-09 14:50:08,137 INFO: Epoch 260, Train Loss: 0.4848545087922004, Test Loss: 0.8802493289113045, Inverse Test Loss: 0.09642188251018524 
2025-01-09 14:50:08,311 INFO: Epoch 261, Train Loss: 0.48365270995324655, Test Loss: 0.8780968487262726, Inverse Test Loss: 0.09592859447002411 
2025-01-09 14:50:08,478 INFO: Epoch 262, Train Loss: 0.48201748921025184, Test Loss: 0.8792731910943985, Inverse Test Loss: 0.09659049659967422 
2025-01-09 14:50:08,628 INFO: Epoch 263, Train Loss: 0.4815099393167803, Test Loss: 0.8828223794698715, Inverse Test Loss: 0.09648356586694717 
2025-01-09 14:50:08,774 INFO: Epoch 264, Train Loss: 0.48010317740901826, Test Loss: 0.8813766166567802, Inverse Test Loss: 0.09602981060743332 
2025-01-09 14:50:08,947 INFO: Epoch 265, Train Loss: 0.4806932441649898, Test Loss: 0.8795105740427971, Inverse Test Loss: 0.09621530026197433 
2025-01-09 14:50:09,108 INFO: Epoch 266, Train Loss: 0.4789381940518656, Test Loss: 0.8807224482297897, Inverse Test Loss: 0.09604134410619736 
2025-01-09 14:50:09,288 INFO: Epoch 267, Train Loss: 0.48089047978001254, Test Loss: 0.8810150548815727, Inverse Test Loss: 0.09684485197067261 
2025-01-09 14:50:09,447 INFO: Epoch 268, Train Loss: 0.4797731282249574, Test Loss: 0.880835548043251, Inverse Test Loss: 0.09662219882011414 
2025-01-09 14:50:09,615 INFO: Epoch 269, Train Loss: 0.478214560016509, Test Loss: 0.8823075145483017, Inverse Test Loss: 0.09601395577192307 
2025-01-09 14:50:09,787 INFO: Epoch 270, Train Loss: 0.47835761981625713, Test Loss: 0.882977619767189, Inverse Test Loss: 0.09611797332763672 
2025-01-09 14:50:09,967 INFO: Epoch 271, Train Loss: 0.4783070260478604, Test Loss: 0.8841666579246521, Inverse Test Loss: 0.09645645320415497 
2025-01-09 14:50:10,126 INFO: Epoch 272, Train Loss: 0.4770599834380611, Test Loss: 0.8836189582943916, Inverse Test Loss: 0.0958070233464241 
2025-01-09 14:50:10,299 INFO: Epoch 273, Train Loss: 0.47601485156243845, Test Loss: 0.8849475681781769, Inverse Test Loss: 0.09620882570743561 
2025-01-09 14:50:10,446 INFO: Epoch 274, Train Loss: 0.4751513061984893, Test Loss: 0.8862295672297478, Inverse Test Loss: 0.09720759093761444 
2025-01-09 14:50:10,595 INFO: Epoch 275, Train Loss: 0.4741853254456674, Test Loss: 0.8847814872860909, Inverse Test Loss: 0.09722980856895447 
2025-01-09 14:50:10,746 INFO: Epoch 276, Train Loss: 0.47639681062390726, Test Loss: 0.8887754827737808, Inverse Test Loss: 0.09579266607761383 
2025-01-09 14:50:10,919 INFO: Epoch 277, Train Loss: 0.47565105461305185, Test Loss: 0.8874687403440475, Inverse Test Loss: 0.0966077670454979 
2025-01-09 14:50:11,070 INFO: Epoch 278, Train Loss: 0.47466000818437143, Test Loss: 0.8889141380786896, Inverse Test Loss: 0.09605135023593903 
2025-01-09 14:50:11,233 INFO: Epoch 279, Train Loss: 0.47413402795791626, Test Loss: 0.8887488171458244, Inverse Test Loss: 0.09728246927261353 
2025-01-09 14:50:11,392 INFO: Epoch 280, Train Loss: 0.473374133148501, Test Loss: 0.8893458619713783, Inverse Test Loss: 0.09618566185235977 
2025-01-09 14:50:11,555 INFO: Epoch 281, Train Loss: 0.474083976399514, Test Loss: 0.8918824568390846, Inverse Test Loss: 0.09611949324607849 
2025-01-09 14:50:11,719 INFO: Epoch 282, Train Loss: 0.4728094425893599, Test Loss: 0.8915252089500427, Inverse Test Loss: 0.09602592140436172 
2025-01-09 14:50:11,880 INFO: Epoch 283, Train Loss: 0.4729638522671115, Test Loss: 0.8903169631958008, Inverse Test Loss: 0.09628969430923462 
2025-01-09 14:50:12,036 INFO: Epoch 284, Train Loss: 0.47418221350639095, Test Loss: 0.8894838988780975, Inverse Test Loss: 0.09604212641716003 
2025-01-09 14:50:12,211 INFO: Epoch 285, Train Loss: 0.47009585653581926, Test Loss: 0.8923758268356323, Inverse Test Loss: 0.09671997278928757 
2025-01-09 14:50:12,392 INFO: Epoch 286, Train Loss: 0.47127719656113654, Test Loss: 0.8904127180576324, Inverse Test Loss: 0.09654887020587921 
2025-01-09 14:50:12,551 INFO: Epoch 287, Train Loss: 0.4696353106729446, Test Loss: 0.8904829397797585, Inverse Test Loss: 0.09641009569168091 
2025-01-09 14:50:12,707 INFO: Epoch 288, Train Loss: 0.4711935943172824, Test Loss: 0.8932444676756859, Inverse Test Loss: 0.09603093564510345 
2025-01-09 14:50:12,907 INFO: Epoch 289, Train Loss: 0.46882574788985715, Test Loss: 0.8943456038832664, Inverse Test Loss: 0.09615760296583176 
2025-01-09 14:50:13,064 INFO: Epoch 290, Train Loss: 0.4684076472636192, Test Loss: 0.8924538269639015, Inverse Test Loss: 0.09675631672143936 
2025-01-09 14:50:13,227 INFO: Epoch 291, Train Loss: 0.46869800263835537, Test Loss: 0.8936195224523544, Inverse Test Loss: 0.09657905995845795 
2025-01-09 14:50:13,394 INFO: Epoch 292, Train Loss: 0.46898241196909257, Test Loss: 0.8955905884504318, Inverse Test Loss: 0.09712128341197968 
2025-01-09 14:50:13,559 INFO: Epoch 293, Train Loss: 0.4694395892081722, Test Loss: 0.8959086760878563, Inverse Test Loss: 0.09656769782304764 
2025-01-09 14:50:13,714 INFO: Epoch 294, Train Loss: 0.46896712722316863, Test Loss: 0.8939666002988815, Inverse Test Loss: 0.09611497074365616 
2025-01-09 14:50:13,874 INFO: Epoch 295, Train Loss: 0.4660413447887667, Test Loss: 0.8944435268640518, Inverse Test Loss: 0.09707716852426529 
2025-01-09 14:50:14,025 INFO: Epoch 296, Train Loss: 0.4670055758568548, Test Loss: 0.8955072239041328, Inverse Test Loss: 0.09640349447727203 
2025-01-09 14:50:14,183 INFO: Epoch 297, Train Loss: 0.46489577524123654, Test Loss: 0.8958321809768677, Inverse Test Loss: 0.09776024520397186 
2025-01-09 14:50:14,343 INFO: Epoch 298, Train Loss: 0.4665130934407634, Test Loss: 0.8978096321225166, Inverse Test Loss: 0.09699778258800507 
2025-01-09 14:50:14,554 INFO: Epoch 299, Train Loss: 0.46419353831198906, Test Loss: 0.8962797746062279, Inverse Test Loss: 0.09683287143707275 
2025-01-09 14:50:14,727 INFO: Epoch 300, Train Loss: 0.46406244654809276, Test Loss: 0.8980897963047028, Inverse Test Loss: 0.0969003364443779 
2025-01-09 14:50:14,728 INFO: Best Epoch 67, Best Test Loss: 0.7778294458985329 
2025-01-09 14:50:14,920 INFO: Epoch 301, Train Loss: 0.46557063825668826, Test Loss: 0.896229550242424, Inverse Test Loss: 0.09693817049264908 
2025-01-09 14:50:15,106 INFO: Epoch 302, Train Loss: 0.46495902826709135, Test Loss: 0.8971841186285019, Inverse Test Loss: 0.09670349955558777 
2025-01-09 14:50:15,281 INFO: Epoch 303, Train Loss: 0.46297690464604285, Test Loss: 0.8993903622031212, Inverse Test Loss: 0.09663690626621246 
2025-01-09 14:50:15,447 INFO: Epoch 304, Train Loss: 0.4641549769909151, Test Loss: 0.8979864344000816, Inverse Test Loss: 0.09663362801074982 
2025-01-09 14:50:15,638 INFO: Epoch 305, Train Loss: 0.4609892243339169, Test Loss: 0.900077797472477, Inverse Test Loss: 0.09685839712619781 
2025-01-09 14:50:15,808 INFO: Epoch 306, Train Loss: 0.4615810503882746, Test Loss: 0.8995853066444397, Inverse Test Loss: 0.0967201441526413 
2025-01-09 14:50:15,986 INFO: Epoch 307, Train Loss: 0.4611492637665041, Test Loss: 0.9022087529301643, Inverse Test Loss: 0.09607327729463577 
2025-01-09 14:50:16,199 INFO: Epoch 308, Train Loss: 0.461040424723779, Test Loss: 0.9005114361643791, Inverse Test Loss: 0.09715844690799713 
2025-01-09 14:50:16,374 INFO: Epoch 309, Train Loss: 0.45930899631592537, Test Loss: 0.9013842642307281, Inverse Test Loss: 0.0963037759065628 
2025-01-09 14:50:16,530 INFO: Epoch 310, Train Loss: 0.4592455135237786, Test Loss: 0.9006379768252373, Inverse Test Loss: 0.0968264564871788 
2025-01-09 14:50:16,702 INFO: Epoch 311, Train Loss: 0.4604311393153283, Test Loss: 0.8996619060635567, Inverse Test Loss: 0.09569257497787476 
2025-01-09 14:50:16,880 INFO: Epoch 312, Train Loss: 0.459623416585307, Test Loss: 0.9025596529245377, Inverse Test Loss: 0.09695059806108475 
2025-01-09 14:50:17,054 INFO: Epoch 313, Train Loss: 0.459160057767745, Test Loss: 0.8991438522934914, Inverse Test Loss: 0.0979880690574646 
2025-01-09 14:50:17,243 INFO: Epoch 314, Train Loss: 0.4581174562054296, Test Loss: 0.9025171101093292, Inverse Test Loss: 0.09725234657526016 
2025-01-09 14:50:17,409 INFO: Epoch 315, Train Loss: 0.4570801229246201, Test Loss: 0.9010287299752235, Inverse Test Loss: 0.0968482717871666 
2025-01-09 14:50:17,561 INFO: Epoch 316, Train Loss: 0.4587494855926883, Test Loss: 0.9040509387850761, Inverse Test Loss: 0.09722334146499634 
2025-01-09 14:50:17,730 INFO: Epoch 317, Train Loss: 0.45683735032235423, Test Loss: 0.9053664579987526, Inverse Test Loss: 0.09676258265972137 
2025-01-09 14:50:17,887 INFO: Epoch 318, Train Loss: 0.4576132297515869, Test Loss: 0.9035573527216911, Inverse Test Loss: 0.09741729497909546 
2025-01-09 14:50:18,049 INFO: Epoch 319, Train Loss: 0.45645159963638554, Test Loss: 0.9063827842473984, Inverse Test Loss: 0.0972914919257164 
2025-01-09 14:50:18,207 INFO: Epoch 320, Train Loss: 0.45617415251270416, Test Loss: 0.9026660844683647, Inverse Test Loss: 0.09689219295978546 
2025-01-09 14:50:18,371 INFO: Epoch 321, Train Loss: 0.4564787976203426, Test Loss: 0.9055000767111778, Inverse Test Loss: 0.09748800098896027 
2025-01-09 14:50:18,528 INFO: Epoch 322, Train Loss: 0.4561417871905911, Test Loss: 0.9053144827485085, Inverse Test Loss: 0.09719623625278473 
2025-01-09 14:50:18,720 INFO: Epoch 323, Train Loss: 0.4538147266834013, Test Loss: 0.9059533700346947, Inverse Test Loss: 0.09747655689716339 
2025-01-09 14:50:18,885 INFO: Epoch 324, Train Loss: 0.4534708194194301, Test Loss: 0.9067034050822258, Inverse Test Loss: 0.0972617119550705 
2025-01-09 14:50:19,042 INFO: Epoch 325, Train Loss: 0.4530728728540482, Test Loss: 0.9066921696066856, Inverse Test Loss: 0.09660933166742325 
2025-01-09 14:50:19,193 INFO: Epoch 326, Train Loss: 0.4538594243987914, Test Loss: 0.9066740497946739, Inverse Test Loss: 0.09718300402164459 
2025-01-09 14:50:19,373 INFO: Epoch 327, Train Loss: 0.452908641869022, Test Loss: 0.9082841500639915, Inverse Test Loss: 0.0978856235742569 
2025-01-09 14:50:19,553 INFO: Epoch 328, Train Loss: 0.45211902068507287, Test Loss: 0.9072147011756897, Inverse Test Loss: 0.0971972644329071 
2025-01-09 14:50:19,712 INFO: Epoch 329, Train Loss: 0.4520428026876142, Test Loss: 0.9079687520861626, Inverse Test Loss: 0.09697508811950684 
2025-01-09 14:50:19,878 INFO: Epoch 330, Train Loss: 0.45165993513599517, Test Loss: 0.9063269644975662, Inverse Test Loss: 0.09723082184791565 
2025-01-09 14:50:20,047 INFO: Epoch 331, Train Loss: 0.4506904530909754, Test Loss: 0.9092521145939827, Inverse Test Loss: 0.09801230579614639 
2025-01-09 14:50:20,209 INFO: Epoch 332, Train Loss: 0.45108455900223027, Test Loss: 0.9106347411870956, Inverse Test Loss: 0.09836716949939728 
2025-01-09 14:50:20,369 INFO: Epoch 333, Train Loss: 0.4509969007584356, Test Loss: 0.9073386192321777, Inverse Test Loss: 0.09682333469390869 
2025-01-09 14:50:20,521 INFO: Epoch 334, Train Loss: 0.45056616683160106, Test Loss: 0.9113556146621704, Inverse Test Loss: 0.09709241986274719 
2025-01-09 14:50:20,703 INFO: Epoch 335, Train Loss: 0.4503850908048691, Test Loss: 0.9095213785767555, Inverse Test Loss: 0.09720596671104431 
2025-01-09 14:50:20,865 INFO: Epoch 336, Train Loss: 0.4484802157648148, Test Loss: 0.9093345031142235, Inverse Test Loss: 0.09730654954910278 
2025-01-09 14:50:21,032 INFO: Epoch 337, Train Loss: 0.4490739741633015, Test Loss: 0.9090709462761879, Inverse Test Loss: 0.09681249409914017 
2025-01-09 14:50:21,207 INFO: Epoch 338, Train Loss: 0.4473188096477139, Test Loss: 0.9098566249012947, Inverse Test Loss: 0.09800289571285248 
2025-01-09 14:50:21,378 INFO: Epoch 339, Train Loss: 0.4477117023160381, Test Loss: 0.9128584712743759, Inverse Test Loss: 0.09760860353708267 
