2025-05-16 15:55:30,433 INFO: log_path:/logs_2025_5_16_HS_mos2_L1/AMFormer_simple_MLP_dim32_depth2_heads4_dropout0.4_fusion0.44_0.56_simple_MLP_lr0.0001_kan_+amformer_rc+fusion_6P 
2025-05-16 15:55:30,433 INFO: Model:namespace(attn_dropout=0.4, categories=[], cluster=3, depth=2, dim=32, ff_dropout=0.4, groups=[54, 54, 54], heads=4, name='AMFormer_simple_MLP_dim32_depth2_heads4_dropout0.4_fusion0.44_0.56_simple_MLP', num_cate=0, num_cont=20, num_special_tokens=1, out_dim=1, predictor='simple_MLP', prod_num_per_group=[6, 6, 6], qk_relu=False, static_fusion={'kan_weight': 0.44, 'trans_weight': 0.56}, sum_num_per_group=[32, 16, 8], target_mode='regression', token_descent=False, use_cls_token=True, use_prod=True, use_row_col_attention=True, use_sigmoid=True) 
2025-05-16 15:55:30,434 INFO: lr:0.0001, loss:L1 
2025-05-16 15:55:30,434 INFO: Dataset:HS_mos2, Target:['metal6_Peak'] 
2025-05-16 15:55:30,434 INFO: ------Begin Training Model------ 
2025-05-16 15:55:36,194 INFO: Epoch 1, Train Loss: 0.2969098725553715, Test Loss: 0.2811701288994621, Inverse Test Loss: 3.4022113715901092 
2025-05-16 15:55:38,306 INFO: Epoch 2, Train Loss: 0.26396154409105127, Test Loss: 0.2691258630331825, Inverse Test Loss: 3.312555860070621 
2025-05-16 15:55:40,418 INFO: Epoch 3, Train Loss: 0.25082468015678, Test Loss: 0.2527320665471694, Inverse Test Loss: 3.1376610783969654 
2025-05-16 15:55:42,484 INFO: Epoch 4, Train Loss: 0.24583513334845053, Test Loss: 0.2361503366161795, Inverse Test Loss: 2.9296757052926456 
2025-05-16 15:55:44,526 INFO: Epoch 5, Train Loss: 0.23836915398185904, Test Loss: 0.22940542066798492, Inverse Test Loss: 2.862774512347053 
2025-05-16 15:55:46,574 INFO: Epoch 6, Train Loss: 0.23285638134587894, Test Loss: 0.22012713989790747, Inverse Test Loss: 2.789379596710205 
2025-05-16 15:55:48,594 INFO: Epoch 7, Train Loss: 0.22539432550018484, Test Loss: 0.20909437800154967, Inverse Test Loss: 2.6628623008728027 
2025-05-16 15:55:50,670 INFO: Epoch 8, Train Loss: 0.22048657951932965, Test Loss: 0.20127174784155452, Inverse Test Loss: 2.586011353661032 
2025-05-16 15:55:52,754 INFO: Epoch 9, Train Loss: 0.21267600651040222, Test Loss: 0.19107875666197607, Inverse Test Loss: 2.485015869140625 
2025-05-16 15:55:54,798 INFO: Epoch 10, Train Loss: 0.20827488127079877, Test Loss: 0.18205514900824604, Inverse Test Loss: 2.3919624581056484 
2025-05-16 15:55:56,812 INFO: Epoch 11, Train Loss: 0.2018116871741685, Test Loss: 0.17583663148038528, Inverse Test Loss: 2.382949618732228 
2025-05-16 15:55:58,865 INFO: Epoch 12, Train Loss: 0.1962338345068874, Test Loss: 0.16535058836726582, Inverse Test Loss: 2.2051081166547886 
2025-05-16 15:56:00,904 INFO: Epoch 13, Train Loss: 0.18621406839652496, Test Loss: 0.15924093740827897, Inverse Test Loss: 2.2331864763708675 
2025-05-16 15:56:02,963 INFO: Epoch 14, Train Loss: 0.17945384855071703, Test Loss: 0.14769656605580272, Inverse Test Loss: 2.090241684633143 
2025-05-16 15:56:05,055 INFO: Epoch 15, Train Loss: 0.17024324969811874, Test Loss: 0.1406079535098637, Inverse Test Loss: 1.9964744623969584 
2025-05-16 15:56:07,125 INFO: Epoch 16, Train Loss: 0.1658819831456199, Test Loss: 0.13706052566275878, Inverse Test Loss: 1.9846084398381851 
2025-05-16 15:56:09,273 INFO: Epoch 17, Train Loss: 0.15976265580816704, Test Loss: 0.13251760339035706, Inverse Test Loss: 1.8955075039583094 
2025-05-16 15:56:11,349 INFO: Epoch 18, Train Loss: 0.1595501390596231, Test Loss: 0.1321525968172971, Inverse Test Loss: 1.945944772047155 
2025-05-16 15:56:13,501 INFO: Epoch 19, Train Loss: 0.15429117022590202, Test Loss: 0.129443698507898, Inverse Test Loss: 1.9228242144865149 
2025-05-16 15:56:15,583 INFO: Epoch 20, Train Loss: 0.1541986238550056, Test Loss: 0.12626255478929072, Inverse Test Loss: 1.8681071575950174 
2025-05-16 15:56:17,650 INFO: Epoch 21, Train Loss: 0.14964101802219043, Test Loss: 0.12701387089841507, Inverse Test Loss: 1.882496763678158 
2025-05-16 15:56:19,638 INFO: Epoch 22, Train Loss: 0.14913650410193385, Test Loss: 0.12130365564542658, Inverse Test Loss: 1.7681843883850996 
2025-05-16 15:56:21,744 INFO: Epoch 23, Train Loss: 0.14682215677969385, Test Loss: 0.12140674406991285, Inverse Test Loss: 1.7979759608998018 
2025-05-16 15:56:24,518 INFO: Epoch 24, Train Loss: 0.14600883401704556, Test Loss: 0.11914391859489329, Inverse Test Loss: 1.741923128857332 
2025-05-16 15:56:27,175 INFO: Epoch 25, Train Loss: 0.14376895761851108, Test Loss: 0.11816093676230487, Inverse Test Loss: 1.7079588385189282 
2025-05-16 15:56:30,083 INFO: Epoch 26, Train Loss: 0.1424942621679017, Test Loss: 0.11644606467555552, Inverse Test Loss: 1.7049136302050423 
2025-05-16 15:56:33,792 INFO: Epoch 27, Train Loss: 0.14081881387215672, Test Loss: 0.11534001919276574, Inverse Test Loss: 1.6855891802731682 
2025-05-16 15:56:37,461 INFO: Epoch 28, Train Loss: 0.13966327454104568, Test Loss: 0.11302039071040995, Inverse Test Loss: 1.6565898236106424 
2025-05-16 15:56:41,125 INFO: Epoch 29, Train Loss: 0.1382497324410713, Test Loss: 0.11374303523231954, Inverse Test Loss: 1.6760099425035364 
2025-05-16 15:56:44,801 INFO: Epoch 30, Train Loss: 0.13719046465826756, Test Loss: 0.11262909147669287, Inverse Test Loss: 1.6374800766215605 
2025-05-16 15:56:48,480 INFO: Epoch 31, Train Loss: 0.13758789454445694, Test Loss: 0.11177286045516238, Inverse Test Loss: 1.6651077480877148 
2025-05-16 15:56:52,177 INFO: Epoch 32, Train Loss: 0.13558524135838856, Test Loss: 0.11052520814187386, Inverse Test Loss: 1.6139450704350191 
2025-05-16 15:56:55,890 INFO: Epoch 33, Train Loss: 0.13415114999268996, Test Loss: 0.11033699639579829, Inverse Test Loss: 1.6148845097597908 
2025-05-16 15:56:59,563 INFO: Epoch 34, Train Loss: 0.1346835129414544, Test Loss: 0.11019697807290975, Inverse Test Loss: 1.6289224835003124 
2025-05-16 15:57:03,283 INFO: Epoch 35, Train Loss: 0.13281017553174135, Test Loss: 0.11030248574474279, Inverse Test Loss: 1.6486874538309433 
2025-05-16 15:57:06,976 INFO: Epoch 36, Train Loss: 0.1316263537966844, Test Loss: 0.10682814173838671, Inverse Test Loss: 1.5692192526424633 
2025-05-16 15:57:10,713 INFO: Epoch 37, Train Loss: 0.1317255918049451, Test Loss: 0.10794743479174726, Inverse Test Loss: 1.5924773707109339 
2025-05-16 15:57:14,437 INFO: Epoch 38, Train Loss: 0.13077112072796532, Test Loss: 0.10458003948716556, Inverse Test Loss: 1.5464238068636726 
2025-05-16 15:57:18,136 INFO: Epoch 39, Train Loss: 0.12801895256746898, Test Loss: 0.10493204611189225, Inverse Test Loss: 1.5352042142082662 
2025-05-16 15:57:21,865 INFO: Epoch 40, Train Loss: 0.1290046903445865, Test Loss: 0.1041813227621948, Inverse Test Loss: 1.5715544434154736 
2025-05-16 15:57:25,528 INFO: Epoch 41, Train Loss: 0.12817546499497962, Test Loss: 0.10387556693133186, Inverse Test Loss: 1.53503558214973 
2025-05-16 15:57:29,260 INFO: Epoch 42, Train Loss: 0.12603086001719488, Test Loss: 0.10232188903233584, Inverse Test Loss: 1.529382537393009 
2025-05-16 15:57:32,927 INFO: Epoch 43, Train Loss: 0.1253842766763586, Test Loss: 0.1022631804294446, Inverse Test Loss: 1.513833663042854 
2025-05-16 15:57:36,544 INFO: Epoch 44, Train Loss: 0.1251610628131664, Test Loss: 0.10222778250189389, Inverse Test Loss: 1.4922314181047327 
2025-05-16 15:57:40,259 INFO: Epoch 45, Train Loss: 0.12490703921877977, Test Loss: 0.10275187058483853, Inverse Test Loss: 1.5339745493496166 
2025-05-16 15:57:43,975 INFO: Epoch 46, Train Loss: 0.12548474064379028, Test Loss: 0.10078752040863037, Inverse Test Loss: 1.5006835600909065 
2025-05-16 15:57:47,636 INFO: Epoch 47, Train Loss: 0.12352871516663017, Test Loss: 0.10120286025545176, Inverse Test Loss: 1.5238776697831995 
2025-05-16 15:57:51,315 INFO: Epoch 48, Train Loss: 0.12171251609018355, Test Loss: 0.09938949017840273, Inverse Test Loss: 1.4530869511996998 
2025-05-16 15:57:54,999 INFO: Epoch 49, Train Loss: 0.12150670198554342, Test Loss: 0.09905788696864072, Inverse Test Loss: 1.469001195010017 
2025-05-16 15:57:58,746 INFO: Epoch 50, Train Loss: 0.12102629718455402, Test Loss: 0.10029570429640658, Inverse Test Loss: 1.4624242291730993 
2025-05-16 15:58:02,487 INFO: Epoch 51, Train Loss: 0.12060368806123734, Test Loss: 0.10033141054651316, Inverse Test Loss: 1.4832419577766867 
2025-05-16 15:58:06,137 INFO: Epoch 52, Train Loss: 0.1199684419640989, Test Loss: 0.0985693484544754, Inverse Test Loss: 1.469919387032004 
2025-05-16 15:58:09,880 INFO: Epoch 53, Train Loss: 0.11945126967673952, Test Loss: 0.09785978605642039, Inverse Test Loss: 1.4669358590069939 
2025-05-16 15:58:13,546 INFO: Epoch 54, Train Loss: 0.11910259926860983, Test Loss: 0.09734526868252193, Inverse Test Loss: 1.4540409340577967 
2025-05-16 15:58:17,245 INFO: Epoch 55, Train Loss: 0.11690901767349604, Test Loss: 0.09657120704650879, Inverse Test Loss: 1.4138267881730024 
2025-05-16 15:58:20,953 INFO: Epoch 56, Train Loss: 0.11811573882446144, Test Loss: 0.09645630068638746, Inverse Test Loss: 1.4152387801338644 
2025-05-16 15:58:24,645 INFO: Epoch 57, Train Loss: 0.11691510496717511, Test Loss: 0.09606246014728266, Inverse Test Loss: 1.4335520618102129 
2025-05-16 15:58:28,404 INFO: Epoch 58, Train Loss: 0.11610233834521337, Test Loss: 0.09569832814090393, Inverse Test Loss: 1.4278683942906998 
2025-05-16 15:58:32,158 INFO: Epoch 59, Train Loss: 0.11529133632553346, Test Loss: 0.09545731215792544, Inverse Test Loss: 1.3886162954218246 
2025-05-16 15:58:35,856 INFO: Epoch 60, Train Loss: 0.11580059722517476, Test Loss: 0.09684565466116457, Inverse Test Loss: 1.4475646089105045 
2025-05-16 15:58:39,579 INFO: Epoch 61, Train Loss: 0.11483337193953269, Test Loss: 0.09714987304280787, Inverse Test Loss: 1.4595393854029037 
2025-05-16 15:58:43,285 INFO: Epoch 62, Train Loss: 0.11368475075472485, Test Loss: 0.09624946051660706, Inverse Test Loss: 1.3945515857023352 
2025-05-16 15:58:47,009 INFO: Epoch 63, Train Loss: 0.11465798205498492, Test Loss: 0.09425284801160588, Inverse Test Loss: 1.3958057305392098 
2025-05-16 15:58:50,693 INFO: Epoch 64, Train Loss: 0.11271490800109776, Test Loss: 0.0949460587957326, Inverse Test Loss: 1.4115005240720861 
2025-05-16 15:58:54,379 INFO: Epoch 65, Train Loss: 0.11249615172996666, Test Loss: 0.09416490004343145, Inverse Test Loss: 1.4043207238702213 
2025-05-16 15:58:58,020 INFO: Epoch 66, Train Loss: 0.11287203013445392, Test Loss: 0.0942192042575163, Inverse Test Loss: 1.4085336923599243 
2025-05-16 15:59:01,714 INFO: Epoch 67, Train Loss: 0.11168892224403945, Test Loss: 0.09419013253029655, Inverse Test Loss: 1.3781744452083813 
2025-05-16 15:59:05,441 INFO: Epoch 68, Train Loss: 0.110411935062571, Test Loss: 0.09500824353274177, Inverse Test Loss: 1.4103830912533928 
2025-05-16 15:59:09,098 INFO: Epoch 69, Train Loss: 0.11214667270806702, Test Loss: 0.09537741804824156, Inverse Test Loss: 1.4420274215586044 
2025-05-16 15:59:12,798 INFO: Epoch 70, Train Loss: 0.11102674754731583, Test Loss: 0.09365170602412785, Inverse Test Loss: 1.3770825933007633 
2025-05-16 15:59:16,534 INFO: Epoch 71, Train Loss: 0.1090603932512529, Test Loss: 0.09342838473179761, Inverse Test Loss: 1.3609889675589169 
2025-05-16 15:59:20,192 INFO: Epoch 72, Train Loss: 0.10863267494873567, Test Loss: 0.09362645929350573, Inverse Test Loss: 1.3648772239685059 
2025-05-16 15:59:23,870 INFO: Epoch 73, Train Loss: 0.11083395807354739, Test Loss: 0.09325418511734289, Inverse Test Loss: 1.3618653732187607 
2025-05-16 15:59:27,538 INFO: Epoch 74, Train Loss: 0.1088876820762049, Test Loss: 0.09211182681953206, Inverse Test Loss: 1.3457638936884262 
2025-05-16 15:59:31,239 INFO: Epoch 75, Train Loss: 0.10904672724956815, Test Loss: 0.09206170895520378, Inverse Test Loss: 1.3477192275664385 
2025-05-16 15:59:34,959 INFO: Epoch 76, Train Loss: 0.1080168341145371, Test Loss: 0.09239394502604709, Inverse Test Loss: 1.3598414519253899 
2025-05-16 15:59:38,623 INFO: Epoch 77, Train Loss: 0.10777623166866375, Test Loss: 0.09260962224181961, Inverse Test Loss: 1.3720532725839054 
2025-05-16 15:59:42,236 INFO: Epoch 78, Train Loss: 0.10811404714530165, Test Loss: 0.09229834684554268, Inverse Test Loss: 1.3561940123053158 
2025-05-16 15:59:45,920 INFO: Epoch 79, Train Loss: 0.107223177272262, Test Loss: 0.09334816235829801, Inverse Test Loss: 1.3452949033064001 
2025-05-16 15:59:49,606 INFO: Epoch 80, Train Loss: 0.10720082327271953, Test Loss: 0.09188423020874753, Inverse Test Loss: 1.3448692980934591 
2025-05-16 15:59:53,336 INFO: Epoch 81, Train Loss: 0.10732894080380599, Test Loss: 0.09199073319049443, Inverse Test Loss: 1.3471213088316076 
2025-05-16 15:59:57,087 INFO: Epoch 82, Train Loss: 0.1074236657922015, Test Loss: 0.09231888283701505, Inverse Test Loss: 1.3781844728133257 
2025-05-16 16:00:00,834 INFO: Epoch 83, Train Loss: 0.10598139504365849, Test Loss: 0.09287294811185669, Inverse Test Loss: 1.373593666974236 
2025-05-16 16:00:04,564 INFO: Epoch 84, Train Loss: 0.10576322211912184, Test Loss: 0.09170727497514557, Inverse Test Loss: 1.3382170761332792 
2025-05-16 16:00:08,379 INFO: Epoch 85, Train Loss: 0.10591805336827581, Test Loss: 0.09186159205787323, Inverse Test Loss: 1.3547691457411821 
2025-05-16 16:00:12,146 INFO: Epoch 86, Train Loss: 0.1054534934122454, Test Loss: 0.0924050051938085, Inverse Test Loss: 1.3803152687409346 
2025-05-16 16:00:15,802 INFO: Epoch 87, Train Loss: 0.10469086056180073, Test Loss: 0.09211283987935852, Inverse Test Loss: 1.3827015792622286 
2025-05-16 16:00:19,487 INFO: Epoch 88, Train Loss: 0.1046535348463239, Test Loss: 0.09144599363207817, Inverse Test Loss: 1.344025212175706 
2025-05-16 16:00:23,149 INFO: Epoch 89, Train Loss: 0.10587103388300448, Test Loss: 0.09140972135698094, Inverse Test Loss: 1.3411973784951603 
2025-05-16 16:00:26,856 INFO: Epoch 90, Train Loss: 0.10468055742482345, Test Loss: 0.09158234429710052, Inverse Test Loss: 1.3610049486160278 
2025-05-16 16:00:30,524 INFO: Epoch 91, Train Loss: 0.10486111970561923, Test Loss: 0.09154608100652695, Inverse Test Loss: 1.32555274402394 
2025-05-16 16:00:34,328 INFO: Epoch 92, Train Loss: 0.10275678517240466, Test Loss: 0.0920934523729717, Inverse Test Loss: 1.3559245922986198 
2025-05-16 16:00:38,051 INFO: Epoch 93, Train Loss: 0.10427225059406324, Test Loss: 0.09182248943868805, Inverse Test Loss: 1.3135099411010742 
2025-05-16 16:00:41,773 INFO: Epoch 94, Train Loss: 0.10369501674942898, Test Loss: 0.0916588887134019, Inverse Test Loss: 1.3530224701937508 
2025-05-16 16:00:45,444 INFO: Epoch 95, Train Loss: 0.10452982693007498, Test Loss: 0.09201160533463254, Inverse Test Loss: 1.327107408467461 
2025-05-16 16:00:49,116 INFO: Epoch 96, Train Loss: 0.10420811543184699, Test Loss: 0.09255089479334214, Inverse Test Loss: 1.378172467736637 
2025-05-16 16:00:52,815 INFO: Epoch 97, Train Loss: 0.10175059109248898, Test Loss: 0.091944069327677, Inverse Test Loss: 1.3569965292425716 
2025-05-16 16:00:56,554 INFO: Epoch 98, Train Loss: 0.10200497767690456, Test Loss: 0.09164060082505732, Inverse Test Loss: 1.340743717025308 
2025-05-16 16:01:00,223 INFO: Epoch 99, Train Loss: 0.10036896248206947, Test Loss: 0.09160270980175804, Inverse Test Loss: 1.345142448649687 
2025-05-16 16:01:03,963 INFO: Epoch 100, Train Loss: 0.10128037580712275, Test Loss: 0.0928387470981654, Inverse Test Loss: 1.3297522138146793 
2025-05-16 16:01:03,964 INFO: Best Epoch 89, Best Test Loss: 0.09140972135698094, Inverse Test Loss: 1.3411973784951603 
2025-05-16 16:01:07,575 INFO: Epoch 101, Train Loss: 0.10192686387083748, Test Loss: 0.09119884998482816, Inverse Test Loss: 1.351996428826276 
2025-05-16 16:01:11,270 INFO: Epoch 102, Train Loss: 0.10275769103882891, Test Loss: 0.09027923490194713, Inverse Test Loss: 1.318395502427045 
2025-05-16 16:01:14,970 INFO: Epoch 103, Train Loss: 0.10180457184712093, Test Loss: 0.09092733899460119, Inverse Test Loss: 1.3319302797317505 
2025-05-16 16:01:18,676 INFO: Epoch 104, Train Loss: 0.10054265848840728, Test Loss: 0.0908463275169625, Inverse Test Loss: 1.313411130624659 
2025-05-16 16:01:22,384 INFO: Epoch 105, Train Loss: 0.10135596493879954, Test Loss: 0.09056725813185468, Inverse Test Loss: 1.3076017954770256 
2025-05-16 16:01:26,041 INFO: Epoch 106, Train Loss: 0.10119146492445108, Test Loss: 0.09127791598439217, Inverse Test Loss: 1.2980279712116016 
2025-05-16 16:01:29,772 INFO: Epoch 107, Train Loss: 0.10173049236111568, Test Loss: 0.08999470971962985, Inverse Test Loss: 1.3151801964815926 
2025-05-16 16:01:33,499 INFO: Epoch 108, Train Loss: 0.1011870511327729, Test Loss: 0.09036134840811, Inverse Test Loss: 1.303982419126174 
2025-05-16 16:01:37,216 INFO: Epoch 109, Train Loss: 0.10174760561097752, Test Loss: 0.0898901191266144, Inverse Test Loss: 1.3054039828917559 
2025-05-16 16:01:40,889 INFO: Epoch 110, Train Loss: 0.1002585349999594, Test Loss: 0.08951357971219455, Inverse Test Loss: 1.2894984343472649 
2025-05-16 16:01:44,663 INFO: Epoch 111, Train Loss: 0.10105479113531834, Test Loss: 0.09137233916450949, Inverse Test Loss: 1.3310801842633415 
2025-05-16 16:01:48,376 INFO: Epoch 112, Train Loss: 0.10049029180046284, Test Loss: 0.0896726498270736, Inverse Test Loss: 1.304957628250122 
2025-05-16 16:01:52,091 INFO: Epoch 113, Train Loss: 0.10009523565796288, Test Loss: 0.09000998538206606, Inverse Test Loss: 1.300291657447815 
2025-05-16 16:01:55,773 INFO: Epoch 114, Train Loss: 0.1004016302300222, Test Loss: 0.09258071618045077, Inverse Test Loss: 1.3370272762635176 
2025-05-16 16:01:59,490 INFO: Epoch 115, Train Loss: 0.09951306732766556, Test Loss: 0.09008501272867708, Inverse Test Loss: 1.313973721335916 
2025-05-16 16:02:03,183 INFO: Epoch 116, Train Loss: 0.09999154192028624, Test Loss: 0.09250452785807498, Inverse Test Loss: 1.3095493877635282 
2025-05-16 16:02:06,908 INFO: Epoch 117, Train Loss: 0.10012064924971624, Test Loss: 0.08988532774588641, Inverse Test Loss: 1.3192173382815193 
2025-05-16 16:02:10,610 INFO: Epoch 118, Train Loss: 0.09877952018922026, Test Loss: 0.09059794159496531, Inverse Test Loss: 1.311812302645515 
2025-05-16 16:02:14,287 INFO: Epoch 119, Train Loss: 0.101160374498277, Test Loss: 0.09116467592470787, Inverse Test Loss: 1.3170072120778702 
2025-05-16 16:02:17,995 INFO: Epoch 120, Train Loss: 0.10051680040178877, Test Loss: 0.09053380349103142, Inverse Test Loss: 1.339279714752646 
2025-05-16 16:02:21,661 INFO: Epoch 121, Train Loss: 0.10019002798380273, Test Loss: 0.09179804057759397, Inverse Test Loss: 1.3025722714031445 
2025-05-16 16:02:25,401 INFO: Epoch 122, Train Loss: 0.09868279844522476, Test Loss: 0.09116409587509491, Inverse Test Loss: 1.3340224238003002 
2025-05-16 16:02:29,096 INFO: Epoch 123, Train Loss: 0.09871065531941978, Test Loss: 0.08967866682830979, Inverse Test Loss: 1.2904939931981705 
2025-05-16 16:02:32,795 INFO: Epoch 124, Train Loss: 0.0989889617670666, Test Loss: 0.09087943417184494, Inverse Test Loss: 1.3276199663386625 
2025-05-16 16:02:36,473 INFO: Epoch 125, Train Loss: 0.09940271152917182, Test Loss: 0.09005168737734065, Inverse Test Loss: 1.2993947442840128 
2025-05-16 16:02:40,215 INFO: Epoch 126, Train Loss: 0.09891012231960442, Test Loss: 0.08920756793197464, Inverse Test Loss: 1.286952158984016 
2025-05-16 16:02:43,877 INFO: Epoch 127, Train Loss: 0.0983705608117761, Test Loss: 0.08944575116038322, Inverse Test Loss: 1.301943070748273 
2025-05-16 16:02:47,574 INFO: Epoch 128, Train Loss: 0.09680296023460952, Test Loss: 0.09239186258877025, Inverse Test Loss: 1.3574153535506304 
2025-05-16 16:02:51,273 INFO: Epoch 129, Train Loss: 0.09721065431155941, Test Loss: 0.0907866545021534, Inverse Test Loss: 1.3094662953825558 
2025-05-16 16:02:54,924 INFO: Epoch 130, Train Loss: 0.09783310894713257, Test Loss: 0.09123798941864687, Inverse Test Loss: 1.3550822804955875 
2025-05-16 16:02:58,618 INFO: Epoch 131, Train Loss: 0.09906453650557634, Test Loss: 0.09008379653096199, Inverse Test Loss: 1.3106729002559887 
2025-05-16 16:03:02,349 INFO: Epoch 132, Train Loss: 0.09749792476720882, Test Loss: 0.0895107239484787, Inverse Test Loss: 1.3081719314350801 
2025-05-16 16:03:06,036 INFO: Epoch 133, Train Loss: 0.09818169700376915, Test Loss: 0.0917285700492999, Inverse Test Loss: 1.3651376191307516 
2025-05-16 16:03:09,783 INFO: Epoch 134, Train Loss: 0.09638194333423268, Test Loss: 0.08958067547749071, Inverse Test Loss: 1.2911162797142477 
2025-05-16 16:03:13,503 INFO: Epoch 135, Train Loss: 0.0970812715364225, Test Loss: 0.09103481449625071, Inverse Test Loss: 1.3527166633044971 
2025-05-16 16:03:17,233 INFO: Epoch 136, Train Loss: 0.0958816423221971, Test Loss: 0.08995215726249359, Inverse Test Loss: 1.2854621129877426 
2025-05-16 16:03:20,929 INFO: Epoch 137, Train Loss: 0.09786531210623005, Test Loss: 0.0899274699828204, Inverse Test Loss: 1.3223978070651783 
2025-05-16 16:03:24,660 INFO: Epoch 138, Train Loss: 0.09715223363177343, Test Loss: 0.08910095779334798, Inverse Test Loss: 1.2930480241775513 
2025-05-16 16:03:28,399 INFO: Epoch 139, Train Loss: 0.09752842253356268, Test Loss: 0.08983916482504677, Inverse Test Loss: 1.3207098946851843 
2025-05-16 16:03:32,118 INFO: Epoch 140, Train Loss: 0.097037852713556, Test Loss: 0.09010590941590421, Inverse Test Loss: 1.2821542936212875 
2025-05-16 16:03:35,816 INFO: Epoch 141, Train Loss: 0.09746791896494952, Test Loss: 0.08922617400393766, Inverse Test Loss: 1.2781509160995483 
2025-05-16 16:03:39,588 INFO: Epoch 142, Train Loss: 0.09633704246670911, Test Loss: 0.08941356311826144, Inverse Test Loss: 1.2766524693545174 
2025-05-16 16:03:43,288 INFO: Epoch 143, Train Loss: 0.09765689673297333, Test Loss: 0.08871073823641329, Inverse Test Loss: 1.273621092824375 
2025-05-16 16:03:46,965 INFO: Epoch 144, Train Loss: 0.09868029183284803, Test Loss: 0.08971866242149297, Inverse Test Loss: 1.2764057587174809 
2025-05-16 16:03:50,645 INFO: Epoch 145, Train Loss: 0.0966922202796647, Test Loss: 0.09086156000985819, Inverse Test Loss: 1.2857072774101705 
2025-05-16 16:03:54,373 INFO: Epoch 146, Train Loss: 0.09647911973297596, Test Loss: 0.09053883789216771, Inverse Test Loss: 1.2865882480845732 
2025-05-16 16:03:58,080 INFO: Epoch 147, Train Loss: 0.09562597440725024, Test Loss: 0.09054950997233391, Inverse Test Loss: 1.3021138135124655 
2025-05-16 16:04:01,790 INFO: Epoch 148, Train Loss: 0.0968518779810631, Test Loss: 0.08994272526572733, Inverse Test Loss: 1.3062787406584795 
2025-05-16 16:04:05,572 INFO: Epoch 149, Train Loss: 0.09643630248804887, Test Loss: 0.09101772198782247, Inverse Test Loss: 1.3571412282831528 
2025-05-16 16:04:09,276 INFO: Epoch 150, Train Loss: 0.09493129361759532, Test Loss: 0.08884675515925183, Inverse Test Loss: 1.2840503173715927 
2025-05-16 16:04:12,984 INFO: Epoch 151, Train Loss: 0.09429645950369762, Test Loss: 0.08987709112903651, Inverse Test Loss: 1.310571046436534 
2025-05-16 16:04:16,714 INFO: Epoch 152, Train Loss: 0.09431501438446117, Test Loss: 0.08906815442092278, Inverse Test Loss: 1.2793298048131607 
2025-05-16 16:04:20,418 INFO: Epoch 153, Train Loss: 0.09481991359004469, Test Loss: 0.08895001407055293, Inverse Test Loss: 1.2840611373676973 
2025-05-16 16:04:24,189 INFO: Epoch 154, Train Loss: 0.09515277262438428, Test Loss: 0.08916016054504058, Inverse Test Loss: 1.2974046994658077 
2025-05-16 16:04:27,898 INFO: Epoch 155, Train Loss: 0.09438625706190412, Test Loss: 0.08858325157095404, Inverse Test Loss: 1.2709399531869328 
2025-05-16 16:04:31,639 INFO: Epoch 156, Train Loss: 0.09445718032392589, Test Loss: 0.09041816434439491, Inverse Test Loss: 1.324671226389268 
2025-05-16 16:04:35,385 INFO: Epoch 157, Train Loss: 0.09433842664866736, Test Loss: 0.08935207742102005, Inverse Test Loss: 1.292834362562965 
2025-05-16 16:04:39,090 INFO: Epoch 158, Train Loss: 0.0952153258928747, Test Loss: 0.08890177309513092, Inverse Test Loss: 1.2737594877972322 
2025-05-16 16:04:42,758 INFO: Epoch 159, Train Loss: 0.09498421830887144, Test Loss: 0.08983190686387174, Inverse Test Loss: 1.3122634572141312 
2025-05-16 16:04:46,478 INFO: Epoch 160, Train Loss: 0.09415485252710906, Test Loss: 0.08880972533541567, Inverse Test Loss: 1.268374453572666 
2025-05-16 16:04:50,207 INFO: Epoch 161, Train Loss: 0.09388535006931334, Test Loss: 0.08967907704851207, Inverse Test Loss: 1.3026234051760506 
2025-05-16 16:04:53,929 INFO: Epoch 162, Train Loss: 0.09485608220777729, Test Loss: 0.08887348718502942, Inverse Test Loss: 1.2800499376128702 
2025-05-16 16:04:57,636 INFO: Epoch 163, Train Loss: 0.09552092359147289, Test Loss: 0.0894430724575239, Inverse Test Loss: 1.2914780693895676 
2025-05-16 16:05:01,402 INFO: Epoch 164, Train Loss: 0.09408136764823487, Test Loss: 0.08827379827990252, Inverse Test Loss: 1.2672391779282515 
2025-05-16 16:05:05,155 INFO: Epoch 165, Train Loss: 0.09343613466868798, Test Loss: 0.0894480415565126, Inverse Test Loss: 1.2913185217801262 
2025-05-16 16:05:08,908 INFO: Epoch 166, Train Loss: 0.0947036144859863, Test Loss: 0.09034107625484467, Inverse Test Loss: 1.27273388820536 
2025-05-16 16:05:12,638 INFO: Epoch 167, Train Loss: 0.09508696909655225, Test Loss: 0.09178592790575589, Inverse Test Loss: 1.3654440010295195 
2025-05-16 16:05:16,350 INFO: Epoch 168, Train Loss: 0.09506071720159415, Test Loss: 0.0899119204019799, Inverse Test Loss: 1.343898843316471 
2025-05-16 16:05:20,062 INFO: Epoch 169, Train Loss: 0.09348020482469689, Test Loss: 0.09031289465287153, Inverse Test Loss: 1.3248388767242432 
2025-05-16 16:05:23,757 INFO: Epoch 170, Train Loss: 0.09313971791980845, Test Loss: 0.0887888264568413, Inverse Test Loss: 1.269129283287946 
2025-05-16 16:05:27,460 INFO: Epoch 171, Train Loss: 0.09406345766602141, Test Loss: 0.08912718361791443, Inverse Test Loss: 1.2890686427845675 
2025-05-16 16:05:31,153 INFO: Epoch 172, Train Loss: 0.09432670998979699, Test Loss: 0.09014325895730187, Inverse Test Loss: 1.2982186184209936 
2025-05-16 16:05:34,856 INFO: Epoch 173, Train Loss: 0.09298028226828936, Test Loss: 0.08935891793054693, Inverse Test Loss: 1.2664975804441116 
2025-05-16 16:05:38,623 INFO: Epoch 174, Train Loss: 0.09360488046976653, Test Loss: 0.08828277294250096, Inverse Test Loss: 1.2607544835876017 
2025-05-16 16:05:42,301 INFO: Epoch 175, Train Loss: 0.0944910000896815, Test Loss: 0.09123469100278966, Inverse Test Loss: 1.3605483770370483 
2025-05-16 16:05:46,008 INFO: Epoch 176, Train Loss: 0.09350122675073869, Test Loss: 0.08938183021896026, Inverse Test Loss: 1.264617986538831 
2025-05-16 16:05:49,795 INFO: Epoch 177, Train Loss: 0.09248369525779378, Test Loss: 0.08879561284009148, Inverse Test Loss: 1.2566541889134575 
2025-05-16 16:05:53,489 INFO: Epoch 178, Train Loss: 0.09316640341597976, Test Loss: 0.08916288460878764, Inverse Test Loss: 1.2953053993337296 
2025-05-16 16:05:57,220 INFO: Epoch 179, Train Loss: 0.09332670384284222, Test Loss: 0.08846670849358335, Inverse Test Loss: 1.2599931429414188 
2025-05-16 16:06:00,968 INFO: Epoch 180, Train Loss: 0.09314327862000826, Test Loss: 0.08906139214249219, Inverse Test Loss: 1.2593886115971733 
2025-05-16 16:06:04,650 INFO: Epoch 181, Train Loss: 0.09245133930535028, Test Loss: 0.08988640632699518, Inverse Test Loss: 1.2708396070143755 
2025-05-16 16:06:08,350 INFO: Epoch 182, Train Loss: 0.09328238338683591, Test Loss: 0.08948911792215179, Inverse Test Loss: 1.295679534182829 
2025-05-16 16:06:12,052 INFO: Epoch 183, Train Loss: 0.09265733013550441, Test Loss: 0.0903347014066051, Inverse Test Loss: 1.283325055066277 
2025-05-16 16:06:15,742 INFO: Epoch 184, Train Loss: 0.09253145697893518, Test Loss: 0.08818965996889506, Inverse Test Loss: 1.279628830797532 
2025-05-16 16:06:19,481 INFO: Epoch 185, Train Loss: 0.09284091436050156, Test Loss: 0.08813680883716135, Inverse Test Loss: 1.2649618422283846 
2025-05-16 16:06:23,144 INFO: Epoch 186, Train Loss: 0.09187470094272585, Test Loss: 0.0884825745049645, Inverse Test Loss: 1.2707080981310677 
2025-05-16 16:06:26,837 INFO: Epoch 187, Train Loss: 0.09384839530244019, Test Loss: 0.0895127452471677, Inverse Test Loss: 1.2913722536143135 
2025-05-16 16:06:30,577 INFO: Epoch 188, Train Loss: 0.0914421785114841, Test Loss: 0.08916503760744543, Inverse Test Loss: 1.2619231203023125 
2025-05-16 16:06:34,358 INFO: Epoch 189, Train Loss: 0.0924100788931052, Test Loss: 0.08927137974430532, Inverse Test Loss: 1.274394946939805 
2025-05-16 16:06:38,121 INFO: Epoch 190, Train Loss: 0.09301858852532777, Test Loss: 0.08870781191131648, Inverse Test Loss: 1.27364901935353 
2025-05-16 16:06:41,808 INFO: Epoch 191, Train Loss: 0.09199342046948997, Test Loss: 0.0884221630061374, Inverse Test Loss: 1.2721574727226705 
2025-05-16 16:06:45,488 INFO: Epoch 192, Train Loss: 0.09163920908714786, Test Loss: 0.0884642127682181, Inverse Test Loss: 1.265472496257109 
2025-05-16 16:06:49,207 INFO: Epoch 193, Train Loss: 0.09153725776934263, Test Loss: 0.08857338941272568, Inverse Test Loss: 1.2781841299113106 
2025-05-16 16:06:52,934 INFO: Epoch 194, Train Loss: 0.09074628872401787, Test Loss: 0.08871753513813019, Inverse Test Loss: 1.268277999232797 
2025-05-16 16:06:56,665 INFO: Epoch 195, Train Loss: 0.09075406622706038, Test Loss: 0.08867876165929962, Inverse Test Loss: 1.2598522095119251 
2025-05-16 16:07:00,378 INFO: Epoch 196, Train Loss: 0.09225511076775464, Test Loss: 0.0884938945665079, Inverse Test Loss: 1.2493253525565653 
2025-05-16 16:07:04,091 INFO: Epoch 197, Train Loss: 0.09128942509943788, Test Loss: 0.0885656458490035, Inverse Test Loss: 1.2710014546618742 
2025-05-16 16:07:07,781 INFO: Epoch 198, Train Loss: 0.09118928658691319, Test Loss: 0.08835734207840527, Inverse Test Loss: 1.2622572043362785 
2025-05-16 16:07:11,550 INFO: Epoch 199, Train Loss: 0.09179213643074036, Test Loss: 0.08891243794385124, Inverse Test Loss: 1.258164777475245 
2025-05-16 16:07:15,288 INFO: Epoch 200, Train Loss: 0.0922330841986519, Test Loss: 0.0890473666436532, Inverse Test Loss: 1.309072312186746 
2025-05-16 16:07:15,288 INFO: Best Epoch 185, Best Test Loss: 0.08813680883716135, Inverse Test Loss: 1.2649618422283846 
2025-05-16 16:07:18,982 INFO: Epoch 201, Train Loss: 0.09148716333914887, Test Loss: 0.08990930678213344, Inverse Test Loss: 1.2970390284762663 
2025-05-16 16:07:22,689 INFO: Epoch 202, Train Loss: 0.09111173445302428, Test Loss: 0.08805698726107092, Inverse Test Loss: 1.2609730257707483 
2025-05-16 16:07:26,432 INFO: Epoch 203, Train Loss: 0.09107843955809419, Test Loss: 0.08866309527965154, Inverse Test Loss: 1.2928513849482817 
2025-05-16 16:07:30,114 INFO: Epoch 204, Train Loss: 0.09087436454314174, Test Loss: 0.09004770197412547, Inverse Test Loss: 1.2705117779619552 
2025-05-16 16:07:33,839 INFO: Epoch 205, Train Loss: 0.09169986618287636, Test Loss: 0.08865080204080134, Inverse Test Loss: 1.270406894824084 
2025-05-16 16:07:37,529 INFO: Epoch 206, Train Loss: 0.09033602600296338, Test Loss: 0.08996348937644678, Inverse Test Loss: 1.3067944610820097 
2025-05-16 16:07:41,232 INFO: Epoch 207, Train Loss: 0.09190180333274783, Test Loss: 0.08780815846779767, Inverse Test Loss: 1.246559483163497 
2025-05-16 16:07:44,954 INFO: Epoch 208, Train Loss: 0.09005592125609066, Test Loss: 0.08807401227600434, Inverse Test Loss: 1.2566286886439604 
2025-05-16 16:07:48,674 INFO: Epoch 209, Train Loss: 0.09146834661563237, Test Loss: 0.08798281848430634, Inverse Test Loss: 1.2588160844410168 
2025-05-16 16:07:52,359 INFO: Epoch 210, Train Loss: 0.09025109802005869, Test Loss: 0.08804208851035904, Inverse Test Loss: 1.2622877289267147 
2025-05-16 16:07:56,068 INFO: Epoch 211, Train Loss: 0.09102697913168055, Test Loss: 0.09006415373262237, Inverse Test Loss: 1.2617581521763521 
2025-05-16 16:07:59,779 INFO: Epoch 212, Train Loss: 0.09153082413655339, Test Loss: 0.09054195705582113, Inverse Test Loss: 1.2825435960994047 
2025-05-16 16:08:03,485 INFO: Epoch 213, Train Loss: 0.09102354085806644, Test Loss: 0.08801264513064833, Inverse Test Loss: 1.2497837087687325 
2025-05-16 16:08:07,157 INFO: Epoch 214, Train Loss: 0.0910704762420871, Test Loss: 0.0884573878172566, Inverse Test Loss: 1.2578078683684855 
2025-05-16 16:08:10,833 INFO: Epoch 215, Train Loss: 0.08986848976575967, Test Loss: 0.08904272339799825, Inverse Test Loss: 1.2675320611280554 
2025-05-16 16:08:14,599 INFO: Epoch 216, Train Loss: 0.0903481501860149, Test Loss: 0.08788879763554125, Inverse Test Loss: 1.2468378999653984 
2025-05-16 16:08:18,275 INFO: Epoch 217, Train Loss: 0.09042723313199752, Test Loss: 0.09119544200160924, Inverse Test Loss: 1.2924500037642086 
2025-05-16 16:08:21,965 INFO: Epoch 218, Train Loss: 0.09115167989423781, Test Loss: 0.09004691637614194, Inverse Test Loss: 1.3247406412573421 
2025-05-16 16:08:25,668 INFO: Epoch 219, Train Loss: 0.09033708613027226, Test Loss: 0.0879118111641968, Inverse Test Loss: 1.2565077473135555 
2025-05-16 16:08:29,375 INFO: Epoch 220, Train Loss: 0.09117762027590563, Test Loss: 0.08831946201184217, Inverse Test Loss: 1.2526226990363176 
2025-05-16 16:08:33,085 INFO: Epoch 221, Train Loss: 0.09105769415019137, Test Loss: 0.08815247412113582, Inverse Test Loss: 1.2618085636812097 
2025-05-16 16:08:36,828 INFO: Epoch 222, Train Loss: 0.08959218859672546, Test Loss: 0.08905976046534146, Inverse Test Loss: 1.2625200643258936 
2025-05-16 16:08:40,553 INFO: Epoch 223, Train Loss: 0.08941514773124998, Test Loss: 0.0883723692420651, Inverse Test Loss: 1.2685878978056067 
2025-05-16 16:08:44,290 INFO: Epoch 224, Train Loss: 0.08972417913151509, Test Loss: 0.08874218910932541, Inverse Test Loss: 1.2569345411132364 
2025-05-16 16:08:48,048 INFO: Epoch 225, Train Loss: 0.0888787227485216, Test Loss: 0.08847291132106501, Inverse Test Loss: 1.2736851187313305 
2025-05-16 16:08:51,774 INFO: Epoch 226, Train Loss: 0.09126387316394936, Test Loss: 0.08847055518451859, Inverse Test Loss: 1.2588956110617693 
2025-05-16 16:08:55,423 INFO: Epoch 227, Train Loss: 0.09017024618206602, Test Loss: 0.08945544107871897, Inverse Test Loss: 1.2565102086347693 
2025-05-16 16:08:59,103 INFO: Epoch 228, Train Loss: 0.08912015107996536, Test Loss: 0.09116486722932142, Inverse Test Loss: 1.3268315827145296 
2025-05-16 16:09:02,787 INFO: Epoch 229, Train Loss: 0.08987841173780686, Test Loss: 0.08808984585544642, Inverse Test Loss: 1.2601698566885555 
2025-05-16 16:09:06,521 INFO: Epoch 230, Train Loss: 0.08857988227497447, Test Loss: 0.08819217388244237, Inverse Test Loss: 1.2508539908072527 
2025-05-16 16:09:10,239 INFO: Epoch 231, Train Loss: 0.0900729564441876, Test Loss: 0.088181641391095, Inverse Test Loss: 1.246543891289655 
2025-05-16 16:09:13,932 INFO: Epoch 232, Train Loss: 0.08998486021477164, Test Loss: 0.08810440275598974, Inverse Test Loss: 1.2571066968581255 
2025-05-16 16:09:17,645 INFO: Epoch 233, Train Loss: 0.0886176291175864, Test Loss: 0.08863760947304614, Inverse Test Loss: 1.2630607100094067 
2025-05-16 16:09:21,365 INFO: Epoch 234, Train Loss: 0.08777964115142822, Test Loss: 0.08863657756763346, Inverse Test Loss: 1.2573326931280249 
2025-05-16 16:09:25,074 INFO: Epoch 235, Train Loss: 0.08883687475639762, Test Loss: 0.08894274230389033, Inverse Test Loss: 1.273973475484287 
2025-05-16 16:09:28,795 INFO: Epoch 236, Train Loss: 0.08964033949781548, Test Loss: 0.0889546967604581, Inverse Test Loss: 1.2643361442229326 
2025-05-16 16:09:32,525 INFO: Epoch 237, Train Loss: 0.09032827389962746, Test Loss: 0.08971346432671827, Inverse Test Loss: 1.2856276736539953 
2025-05-16 16:09:36,200 INFO: Epoch 238, Train Loss: 0.089824103609179, Test Loss: 0.08774931816493764, Inverse Test Loss: 1.242102984119864 
2025-05-16 16:09:39,919 INFO: Epoch 239, Train Loss: 0.08938968921023788, Test Loss: 0.09037440204445053, Inverse Test Loss: 1.2993400342324202 
2025-05-16 16:09:43,657 INFO: Epoch 240, Train Loss: 0.08842128018538158, Test Loss: 0.08822337888619479, Inverse Test Loss: 1.2659576254732468 
2025-05-16 16:09:47,400 INFO: Epoch 241, Train Loss: 0.08994701448263544, Test Loss: 0.08792460008579142, Inverse Test Loss: 1.2409856389550602 
2025-05-16 16:09:51,099 INFO: Epoch 242, Train Loss: 0.08863188078006108, Test Loss: 0.0883444021729862, Inverse Test Loss: 1.2619308689061333 
2025-05-16 16:09:54,783 INFO: Epoch 243, Train Loss: 0.08790455504574558, Test Loss: 0.0894167451735805, Inverse Test Loss: 1.2993816628175623 
2025-05-16 16:09:58,523 INFO: Epoch 244, Train Loss: 0.08835735448607893, Test Loss: 0.08842525959891431, Inverse Test Loss: 1.2511779736070072 
2025-05-16 16:10:02,253 INFO: Epoch 245, Train Loss: 0.08967379661220493, Test Loss: 0.09057527649052002, Inverse Test Loss: 1.3147124332540177 
2025-05-16 16:10:05,969 INFO: Epoch 246, Train Loss: 0.08948465493140799, Test Loss: 0.08966571574701983, Inverse Test Loss: 1.279961182790644 
2025-05-16 16:10:09,683 INFO: Epoch 247, Train Loss: 0.08790318255848957, Test Loss: 0.08927795225206543, Inverse Test Loss: 1.256641619345721 
2025-05-16 16:10:13,368 INFO: Epoch 248, Train Loss: 0.0887686808904012, Test Loss: 0.08866099114803706, Inverse Test Loss: 1.2524294116917778 
2025-05-16 16:10:17,136 INFO: Epoch 249, Train Loss: 0.08772728654245536, Test Loss: 0.08809814361088417, Inverse Test Loss: 1.26254641308504 
2025-05-16 16:10:20,870 INFO: Epoch 250, Train Loss: 0.08860311106863347, Test Loss: 0.09090333848315127, Inverse Test Loss: 1.3335078674204208 
2025-05-16 16:10:24,603 INFO: Epoch 251, Train Loss: 0.08847016894794775, Test Loss: 0.08934134639361326, Inverse Test Loss: 1.2504453483749838 
2025-05-16 16:10:28,326 INFO: Epoch 252, Train Loss: 0.08814473653381522, Test Loss: 0.08828717711217263, Inverse Test Loss: 1.254671671811272 
2025-05-16 16:10:32,026 INFO: Epoch 253, Train Loss: 0.08923905574236855, Test Loss: 0.08780196528224384, Inverse Test Loss: 1.2530839443206787 
2025-05-16 16:10:35,748 INFO: Epoch 254, Train Loss: 0.08767095168657375, Test Loss: 0.08769034309422269, Inverse Test Loss: 1.2447102806147408 
2025-05-16 16:10:39,459 INFO: Epoch 255, Train Loss: 0.08790965733880346, Test Loss: 0.08862300414372892, Inverse Test Loss: 1.2736183650353377 
2025-05-16 16:10:43,106 INFO: Epoch 256, Train Loss: 0.08775181678885763, Test Loss: 0.08816978116245831, Inverse Test Loss: 1.2725733097861796 
2025-05-16 16:10:46,814 INFO: Epoch 257, Train Loss: 0.08838075596952077, Test Loss: 0.08825540279640871, Inverse Test Loss: 1.2749170836280375 
2025-05-16 16:10:50,523 INFO: Epoch 258, Train Loss: 0.08744551410729234, Test Loss: 0.08809464293367722, Inverse Test Loss: 1.2595235705375671 
2025-05-16 16:10:54,212 INFO: Epoch 259, Train Loss: 0.08732540262016383, Test Loss: 0.08922148539739497, Inverse Test Loss: 1.2839395473985111 
2025-05-16 16:10:57,916 INFO: Epoch 260, Train Loss: 0.08862783573567867, Test Loss: 0.08891203561249901, Inverse Test Loss: 1.2564408393467175 
2025-05-16 16:11:01,644 INFO: Epoch 261, Train Loss: 0.08912206808048667, Test Loss: 0.0880010835826397, Inverse Test Loss: 1.2430783860823686 
2025-05-16 16:11:05,403 INFO: Epoch 262, Train Loss: 0.08666596381050168, Test Loss: 0.08848880735390327, Inverse Test Loss: 1.2536138681804432 
2025-05-16 16:11:09,128 INFO: Epoch 263, Train Loss: 0.08816720658179486, Test Loss: 0.08800965569475118, Inverse Test Loss: 1.2429753857500412 
2025-05-16 16:11:12,818 INFO: Epoch 264, Train Loss: 0.08940533689703002, Test Loss: 0.08878381024388705, Inverse Test Loss: 1.2616937055307276 
2025-05-16 16:11:16,550 INFO: Epoch 265, Train Loss: 0.08841853379977471, Test Loss: 0.08806819424909704, Inverse Test Loss: 1.2483540668207056 
2025-05-16 16:11:20,195 INFO: Epoch 266, Train Loss: 0.08722523983680841, Test Loss: 0.08961475706275772, Inverse Test Loss: 1.2664174963446224 
2025-05-16 16:11:23,937 INFO: Epoch 267, Train Loss: 0.08724526400593194, Test Loss: 0.08886210751884124, Inverse Test Loss: 1.2482845993602978 
2025-05-16 16:11:27,650 INFO: Epoch 268, Train Loss: 0.08826452273536813, Test Loss: 0.08820969962021884, Inverse Test Loss: 1.2438828419236576 
2025-05-16 16:11:31,410 INFO: Epoch 269, Train Loss: 0.0856487937271595, Test Loss: 0.08864554061609156, Inverse Test Loss: 1.2563659163082348 
2025-05-16 16:11:35,147 INFO: Epoch 270, Train Loss: 0.08705982509436029, Test Loss: 0.08934096838621532, Inverse Test Loss: 1.2742308798958273 
2025-05-16 16:11:38,868 INFO: Epoch 271, Train Loss: 0.08730601654811339, Test Loss: 0.08941759914159775, Inverse Test Loss: 1.2641864033306347 
2025-05-16 16:11:42,559 INFO: Epoch 272, Train Loss: 0.08785748354751956, Test Loss: 0.08948276761700125, Inverse Test Loss: 1.252114993684432 
2025-05-16 16:11:46,308 INFO: Epoch 273, Train Loss: 0.08734865678530751, Test Loss: 0.08807648148606806, Inverse Test Loss: 1.2407367860569674 
2025-05-16 16:11:50,020 INFO: Epoch 274, Train Loss: 0.08765761492153008, Test Loss: 0.08837021558600314, Inverse Test Loss: 1.265845586271847 
2025-05-16 16:11:53,741 INFO: Epoch 275, Train Loss: 0.08730215026122151, Test Loss: 0.08893922278109719, Inverse Test Loss: 1.2497600842924679 
2025-05-16 16:11:57,449 INFO: Epoch 276, Train Loss: 0.08744098782313592, Test Loss: 0.0889041373396621, Inverse Test Loss: 1.2589699625968933 
2025-05-16 16:12:01,137 INFO: Epoch 277, Train Loss: 0.08723195405168967, Test Loss: 0.08846250001121969, Inverse Test Loss: 1.2490914989920223 
2025-05-16 16:12:04,918 INFO: Epoch 278, Train Loss: 0.08698108560885444, Test Loss: 0.0893291302901857, Inverse Test Loss: 1.2736119066967684 
2025-05-16 16:12:08,603 INFO: Epoch 279, Train Loss: 0.0869355004167918, Test Loss: 0.08882462781141787, Inverse Test Loss: 1.254340129740098 
2025-05-16 16:12:12,355 INFO: Epoch 280, Train Loss: 0.08657732888153105, Test Loss: 0.08824755251407623, Inverse Test Loss: 1.2482351239989786 
2025-05-16 16:12:16,088 INFO: Epoch 281, Train Loss: 0.0872467424381863, Test Loss: 0.09018673616297104, Inverse Test Loss: 1.267137702773599 
2025-05-16 16:12:19,789 INFO: Epoch 282, Train Loss: 0.08694946590923902, Test Loss: 0.08849285104695488, Inverse Test Loss: 1.262793902088614 
2025-05-16 16:12:23,538 INFO: Epoch 283, Train Loss: 0.08662804475787914, Test Loss: 0.08944200023132212, Inverse Test Loss: 1.2574501142782324 
2025-05-16 16:12:27,294 INFO: Epoch 284, Train Loss: 0.0875929170711474, Test Loss: 0.08872218430042267, Inverse Test Loss: 1.25888893884771 
2025-05-16 16:12:31,015 INFO: Epoch 285, Train Loss: 0.08628779497336257, Test Loss: 0.08951876400148168, Inverse Test Loss: 1.2521407989894642 
2025-05-16 16:12:34,717 INFO: Epoch 286, Train Loss: 0.08788699814767549, Test Loss: 0.08957786025369868, Inverse Test Loss: 1.2553735866266138 
2025-05-16 16:12:38,421 INFO: Epoch 287, Train Loss: 0.08609078728565664, Test Loss: 0.0879208921071361, Inverse Test Loss: 1.2389977609410006 
2025-05-16 16:12:42,125 INFO: Epoch 288, Train Loss: 0.08631090376751893, Test Loss: 0.0883463112746968, Inverse Test Loss: 1.233670290778665 
2025-05-16 16:12:45,851 INFO: Epoch 289, Train Loss: 0.08742033763591087, Test Loss: 0.08861495160004672, Inverse Test Loss: 1.2461744406644035 
2025-05-16 16:12:49,536 INFO: Epoch 290, Train Loss: 0.08495440192972169, Test Loss: 0.08980844082201228, Inverse Test Loss: 1.2928123964982874 
2025-05-16 16:12:53,264 INFO: Epoch 291, Train Loss: 0.085679711661104, Test Loss: 0.0889367557623807, Inverse Test Loss: 1.2835918980486252 
2025-05-16 16:12:57,030 INFO: Epoch 292, Train Loss: 0.08558288527031739, Test Loss: 0.08913344254388529, Inverse Test Loss: 1.2505423040951 
2025-05-16 16:13:00,739 INFO: Epoch 293, Train Loss: 0.08555129717922572, Test Loss: 0.0883213798789417, Inverse Test Loss: 1.247845165869769 
2025-05-16 16:13:04,496 INFO: Epoch 294, Train Loss: 0.08620521753574863, Test Loss: 0.08919361650067217, Inverse Test Loss: 1.2684068294132458 
2025-05-16 16:13:08,209 INFO: Epoch 295, Train Loss: 0.08549847476410144, Test Loss: 0.08883143917602651, Inverse Test Loss: 1.2549656314008377 
2025-05-16 16:13:11,896 INFO: Epoch 296, Train Loss: 0.08565368147736246, Test Loss: 0.08943428690819179, Inverse Test Loss: 1.273279722999124 
2025-05-16 16:13:15,626 INFO: Epoch 297, Train Loss: 0.08776604327740091, Test Loss: 0.08753826030913521, Inverse Test Loss: 1.2454181348576265 
2025-05-16 16:13:19,360 INFO: Epoch 298, Train Loss: 0.0858429992345698, Test Loss: 0.08800755485015757, Inverse Test Loss: 1.2569746024468367 
2025-05-16 16:13:23,078 INFO: Epoch 299, Train Loss: 0.08620167794552716, Test Loss: 0.08942446441334836, Inverse Test Loss: 1.2801263928413391 
2025-05-16 16:13:26,819 INFO: Epoch 300, Train Loss: 0.08574341302455375, Test Loss: 0.08917930415448021, Inverse Test Loss: 1.244472524699043 
2025-05-16 16:13:26,820 INFO: Best Epoch 297, Best Test Loss: 0.08753826030913521, Inverse Test Loss: 1.2454181348576265 
2025-05-16 16:13:30,571 INFO: Epoch 301, Train Loss: 0.08575268846118089, Test Loss: 0.08739901158739538, Inverse Test Loss: 1.2391107327797835 
2025-05-16 16:13:34,288 INFO: Epoch 302, Train Loss: 0.08712320018446806, Test Loss: 0.08805664124734261, Inverse Test Loss: 1.2359955310821533 
2025-05-16 16:13:37,990 INFO: Epoch 303, Train Loss: 0.08592794841211854, Test Loss: 0.0881689863608164, Inverse Test Loss: 1.255718567792107 
2025-05-16 16:13:41,654 INFO: Epoch 304, Train Loss: 0.08662148548120802, Test Loss: 0.08977883791222292, Inverse Test Loss: 1.2620521152720732 
2025-05-16 16:13:45,374 INFO: Epoch 305, Train Loss: 0.08677743544632738, Test Loss: 0.08926386692944695, Inverse Test Loss: 1.2604904630604912 
2025-05-16 16:13:49,118 INFO: Epoch 306, Train Loss: 0.08470391809488788, Test Loss: 0.08943214377059656, Inverse Test Loss: 1.264718259082121 
2025-05-16 16:13:52,798 INFO: Epoch 307, Train Loss: 0.08416588598805846, Test Loss: 0.08863263577222824, Inverse Test Loss: 1.2444425295380985 
2025-05-16 16:13:56,483 INFO: Epoch 308, Train Loss: 0.08581317481443737, Test Loss: 0.08921423795468666, Inverse Test Loss: 1.2492951014462639 
2025-05-16 16:14:00,216 INFO: Epoch 309, Train Loss: 0.08648824087823882, Test Loss: 0.08915007815641515, Inverse Test Loss: 1.2582729739301346 
2025-05-16 16:14:03,957 INFO: Epoch 310, Train Loss: 0.08525003018704327, Test Loss: 0.0886973867959836, Inverse Test Loss: 1.2620072785545797 
2025-05-16 16:14:07,697 INFO: Epoch 311, Train Loss: 0.08496413193643093, Test Loss: 0.08950810068670441, Inverse Test Loss: 1.2745034519363851 
2025-05-16 16:14:11,434 INFO: Epoch 312, Train Loss: 0.08586770129587615, Test Loss: 0.08869195729494095, Inverse Test Loss: 1.271494118606343 
2025-05-16 16:14:15,102 INFO: Epoch 313, Train Loss: 0.08493926285794287, Test Loss: 0.08893772368045415, Inverse Test Loss: 1.2486332479645224 
2025-05-16 16:14:18,876 INFO: Epoch 314, Train Loss: 0.08544801186883089, Test Loss: 0.08914494273417137, Inverse Test Loss: 1.2424398625598234 
2025-05-16 16:14:22,604 INFO: Epoch 315, Train Loss: 0.08535757511289734, Test Loss: 0.08880627242957845, Inverse Test Loss: 1.2469857335090637 
2025-05-16 16:14:26,323 INFO: Epoch 316, Train Loss: 0.08488667891784148, Test Loss: 0.08784265750471283, Inverse Test Loss: 1.2359068043091719 
2025-05-16 16:14:30,059 INFO: Epoch 317, Train Loss: 0.08500202231560693, Test Loss: 0.08804193445864845, Inverse Test Loss: 1.2420974338755888 
2025-05-16 16:14:33,773 INFO: Epoch 318, Train Loss: 0.08480742692270062, Test Loss: 0.0890901250874295, Inverse Test Loss: 1.2492463518591488 
2025-05-16 16:14:37,467 INFO: Epoch 319, Train Loss: 0.08457254612761916, Test Loss: 0.09069324262878474, Inverse Test Loss: 1.281664574847502 
2025-05-16 16:14:41,247 INFO: Epoch 320, Train Loss: 0.08443076733612653, Test Loss: 0.08801732190391597, Inverse Test Loss: 1.243581102174871 
2025-05-16 16:14:44,983 INFO: Epoch 321, Train Loss: 0.08457778442199483, Test Loss: 0.08882808882523985, Inverse Test Loss: 1.2494477664723116 
2025-05-16 16:14:48,753 INFO: Epoch 322, Train Loss: 0.08474818396974694, Test Loss: 0.08798421064720434, Inverse Test Loss: 1.2426153631771313 
2025-05-16 16:14:52,503 INFO: Epoch 323, Train Loss: 0.08538813318944338, Test Loss: 0.0884384642190793, Inverse Test Loss: 1.2491234435754663 
2025-05-16 16:14:56,301 INFO: Epoch 324, Train Loss: 0.08559856902469289, Test Loss: 0.08867342156522415, Inverse Test Loss: 1.24650520436904 
2025-05-16 16:15:00,047 INFO: Epoch 325, Train Loss: 0.08528149246492168, Test Loss: 0.08785259855144165, Inverse Test Loss: 1.2385904648724724 
2025-05-16 16:15:03,789 INFO: Epoch 326, Train Loss: 0.0857670610827027, Test Loss: 0.08818998056299546, Inverse Test Loss: 1.2339894105406368 
2025-05-16 16:15:07,488 INFO: Epoch 327, Train Loss: 0.08470434215710018, Test Loss: 0.08848733542596593, Inverse Test Loss: 1.2523814965696896 
2025-05-16 16:15:11,186 INFO: Epoch 328, Train Loss: 0.08539156011785522, Test Loss: 0.08800546846845571, Inverse Test Loss: 1.252352756612441 
2025-05-16 16:15:14,926 INFO: Epoch 329, Train Loss: 0.08444719264904658, Test Loss: 0.08831151311888415, Inverse Test Loss: 1.2543134549084831 
2025-05-16 16:15:18,640 INFO: Epoch 330, Train Loss: 0.08345242617934039, Test Loss: 0.08863584390457939, Inverse Test Loss: 1.2525397048277014 
2025-05-16 16:15:22,314 INFO: Epoch 331, Train Loss: 0.08430640190613992, Test Loss: 0.08809766304843566, Inverse Test Loss: 1.2554252042489893 
2025-05-16 16:15:26,072 INFO: Epoch 332, Train Loss: 0.08335031839934262, Test Loss: 0.08992306055391536, Inverse Test Loss: 1.2843082406941582 
2025-05-16 16:15:29,799 INFO: Epoch 333, Train Loss: 0.08350741998715834, Test Loss: 0.08846835507189527, Inverse Test Loss: 1.2499351676772623 
2025-05-16 16:15:33,500 INFO: Epoch 334, Train Loss: 0.08409064850120833, Test Loss: 0.08938194175853449, Inverse Test Loss: 1.2504016336272745 
2025-05-16 16:15:37,205 INFO: Epoch 335, Train Loss: 0.08534424509288686, Test Loss: 0.0887716342421139, Inverse Test Loss: 1.2554057871594149 
2025-05-16 16:15:40,969 INFO: Epoch 336, Train Loss: 0.08415871994061903, Test Loss: 0.08978665817309828, Inverse Test Loss: 1.260889263714061 
2025-05-16 16:15:44,806 INFO: Epoch 337, Train Loss: 0.08254033090038733, Test Loss: 0.0901392437517643, Inverse Test Loss: 1.2593922579989714 
2025-05-16 16:15:48,561 INFO: Epoch 338, Train Loss: 0.08485060975407109, Test Loss: 0.08753012909608729, Inverse Test Loss: 1.2440997256952173 
2025-05-16 16:15:52,314 INFO: Epoch 339, Train Loss: 0.08419549736109647, Test Loss: 0.08923144572797943, Inverse Test Loss: 1.242069942109725 
2025-05-16 16:15:56,009 INFO: Epoch 340, Train Loss: 0.08394009456264251, Test Loss: 0.08834194589187117, Inverse Test Loss: 1.2572637901586645 
2025-05-16 16:15:59,727 INFO: Epoch 341, Train Loss: 0.08428289961408485, Test Loss: 0.08889529328135883, Inverse Test Loss: 1.2728771988083334 
2025-05-16 16:16:03,484 INFO: Epoch 342, Train Loss: 0.08322268171292363, Test Loss: 0.08796421241234331, Inverse Test Loss: 1.2362454218022965 
2025-05-16 16:16:07,254 INFO: Epoch 343, Train Loss: 0.08314105275679719, Test Loss: 0.08824039688881706, Inverse Test Loss: 1.2505587339401245 
2025-05-16 16:16:10,979 INFO: Epoch 344, Train Loss: 0.08484377350771066, Test Loss: 0.08920188708340421, Inverse Test Loss: 1.2726220383363611 
2025-05-16 16:16:14,718 INFO: Epoch 345, Train Loss: 0.08396147507609743, Test Loss: 0.08892849460244179, Inverse Test Loss: 1.2722481699550854 
2025-05-16 16:16:18,471 INFO: Epoch 346, Train Loss: 0.08374244014196323, Test Loss: 0.08899648158865817, Inverse Test Loss: 1.242598617778105 
2025-05-16 16:16:22,226 INFO: Epoch 347, Train Loss: 0.08370902358243863, Test Loss: 0.08834669958142673, Inverse Test Loss: 1.2460068113663618 
2025-05-16 16:16:25,940 INFO: Epoch 348, Train Loss: 0.08330679820342497, Test Loss: 0.08774295821785927, Inverse Test Loss: 1.2407156895188725 
2025-05-16 16:16:29,701 INFO: Epoch 349, Train Loss: 0.08446471172977578, Test Loss: 0.08880681478801895, Inverse Test Loss: 1.243661428199095 
2025-05-16 16:16:33,476 INFO: Epoch 350, Train Loss: 0.08360333266583356, Test Loss: 0.09000040021012812, Inverse Test Loss: 1.2522751338341658 
2025-05-16 16:16:37,181 INFO: Epoch 351, Train Loss: 0.08442537684106466, Test Loss: 0.09013632531551753, Inverse Test Loss: 1.2749684558195227 
2025-05-16 16:16:40,868 INFO: Epoch 352, Train Loss: 0.08568386874641433, Test Loss: 0.0884141545085346, Inverse Test Loss: 1.2389162848977482 
2025-05-16 16:16:44,568 INFO: Epoch 353, Train Loss: 0.08445257473398339, Test Loss: 0.08944249043569845, Inverse Test Loss: 1.2484200351378496 
2025-05-16 16:16:48,296 INFO: Epoch 354, Train Loss: 0.08303555106800614, Test Loss: 0.08783978223800659, Inverse Test Loss: 1.241530947825488 
2025-05-16 16:16:51,994 INFO: Epoch 355, Train Loss: 0.08389833332462744, Test Loss: 0.08890023279715986, Inverse Test Loss: 1.2443473900065702 
2025-05-16 16:16:55,697 INFO: Epoch 356, Train Loss: 0.08258746203148004, Test Loss: 0.08948624703814001, Inverse Test Loss: 1.2556024930056404 
2025-05-16 16:16:59,426 INFO: Epoch 357, Train Loss: 0.08250168304551732, Test Loss: 0.09027901072712506, Inverse Test Loss: 1.2792483673376196 
2025-05-16 16:17:03,147 INFO: Epoch 358, Train Loss: 0.08328115996537787, Test Loss: 0.08884789904250819, Inverse Test Loss: 1.2851444623049568 
2025-05-16 16:17:06,888 INFO: Epoch 359, Train Loss: 0.08295458453622731, Test Loss: 0.08917659148573875, Inverse Test Loss: 1.2675489432671492 
2025-05-16 16:17:10,544 INFO: Epoch 360, Train Loss: 0.08376796329111764, Test Loss: 0.08895389691871755, Inverse Test Loss: 1.2628832389326656 
2025-05-16 16:17:14,265 INFO: Epoch 361, Train Loss: 0.08279508465167248, Test Loss: 0.09037500729455668, Inverse Test Loss: 1.256435446879443 
2025-05-16 16:17:18,014 INFO: Epoch 362, Train Loss: 0.08339502052827315, Test Loss: 0.08886351063847542, Inverse Test Loss: 1.249578735407661 
2025-05-16 16:17:21,753 INFO: Epoch 363, Train Loss: 0.08415553617206487, Test Loss: 0.0892675518989563, Inverse Test Loss: 1.2561177576289457 
2025-05-16 16:17:25,467 INFO: Epoch 364, Train Loss: 0.08338967572446122, Test Loss: 0.0891049098880852, Inverse Test Loss: 1.2760599851608276 
2025-05-16 16:17:29,198 INFO: Epoch 365, Train Loss: 0.08277058290938537, Test Loss: 0.08931879874537973, Inverse Test Loss: 1.264153217568117 
2025-05-16 16:17:32,941 INFO: Epoch 366, Train Loss: 0.08381756705542405, Test Loss: 0.08902947626569692, Inverse Test Loss: 1.2457904570242937 
2025-05-16 16:17:36,656 INFO: Epoch 367, Train Loss: 0.08280165527354587, Test Loss: 0.08833150280749097, Inverse Test Loss: 1.244165862307829 
2025-05-16 16:17:40,396 INFO: Epoch 368, Train Loss: 0.08321721247877135, Test Loss: 0.0881639611633385, Inverse Test Loss: 1.2389123474850374 
2025-05-16 16:17:44,080 INFO: Epoch 369, Train Loss: 0.08228521415907325, Test Loss: 0.08972440331297762, Inverse Test Loss: 1.2504048908458036 
2025-05-16 16:17:47,869 INFO: Epoch 370, Train Loss: 0.08259733433298992, Test Loss: 0.08841766855295967, Inverse Test Loss: 1.2408951310550465 
2025-05-16 16:17:51,602 INFO: Epoch 371, Train Loss: 0.08392200269030803, Test Loss: 0.0897255362394978, Inverse Test Loss: 1.2524319992345923 
2025-05-16 16:17:55,339 INFO: Epoch 372, Train Loss: 0.08259265559415023, Test Loss: 0.08999359607696533, Inverse Test Loss: 1.2496480591156904 
2025-05-16 16:17:59,129 INFO: Epoch 373, Train Loss: 0.08305091585851077, Test Loss: 0.08854033951373662, Inverse Test Loss: 1.2457844755228829 
2025-05-16 16:18:02,873 INFO: Epoch 374, Train Loss: 0.08325427900435346, Test Loss: 0.08944663975168676, Inverse Test Loss: 1.249814559431637 
2025-05-16 16:18:06,583 INFO: Epoch 375, Train Loss: 0.0823077696629546, Test Loss: 0.09136934666072621, Inverse Test Loss: 1.2955635014702291 
2025-05-16 16:18:10,323 INFO: Epoch 376, Train Loss: 0.08217324547921166, Test Loss: 0.0893086545607623, Inverse Test Loss: 1.250603535596062 
2025-05-16 16:18:14,081 INFO: Epoch 377, Train Loss: 0.08378550088541074, Test Loss: 0.08922098752330332, Inverse Test Loss: 1.254185487242306 
2025-05-16 16:18:17,876 INFO: Epoch 378, Train Loss: 0.08268096168158633, Test Loss: 0.0891657646964578, Inverse Test Loss: 1.2569636211675757 
2025-05-16 16:18:21,577 INFO: Epoch 379, Train Loss: 0.08301830003884705, Test Loss: 0.08930944256922778, Inverse Test Loss: 1.247501015663147 
2025-05-16 16:18:25,272 INFO: Epoch 380, Train Loss: 0.08321720085135012, Test Loss: 0.09041227794745389, Inverse Test Loss: 1.2851583501871895 
2025-05-16 16:18:29,042 INFO: Epoch 381, Train Loss: 0.08184151735269662, Test Loss: 0.09002953329507042, Inverse Test Loss: 1.259944572168238 
2025-05-16 16:18:32,753 INFO: Epoch 382, Train Loss: 0.08291294566835418, Test Loss: 0.08889275131856694, Inverse Test Loss: 1.2403852834421045 
2025-05-16 16:18:36,518 INFO: Epoch 383, Train Loss: 0.08251241718729337, Test Loss: 0.08907171908546896, Inverse Test Loss: 1.2415229888523327 
2025-05-16 16:18:40,324 INFO: Epoch 384, Train Loss: 0.08174370562262608, Test Loss: 0.08905187818933935, Inverse Test Loss: 1.2561202399870928 
2025-05-16 16:18:44,054 INFO: Epoch 385, Train Loss: 0.08236082332829635, Test Loss: 0.08959105325972333, Inverse Test Loss: 1.2473627574303572 
2025-05-16 16:18:47,777 INFO: Epoch 386, Train Loss: 0.08283941475956728, Test Loss: 0.08979498419691534, Inverse Test Loss: 1.2659508656052982 
2025-05-16 16:18:51,447 INFO: Epoch 387, Train Loss: 0.08237533663597071, Test Loss: 0.09014247072970166, Inverse Test Loss: 1.250060530269847 
2025-05-16 16:18:55,180 INFO: Epoch 388, Train Loss: 0.08137426813217727, Test Loss: 0.09144555032253265, Inverse Test Loss: 1.2795816414496477 
2025-05-16 16:18:58,917 INFO: Epoch 389, Train Loss: 0.08107831041243943, Test Loss: 0.08811669687137884, Inverse Test Loss: 1.2418089123333202 
2025-05-16 16:19:02,658 INFO: Epoch 390, Train Loss: 0.08176872952643668, Test Loss: 0.08968021457686144, Inverse Test Loss: 1.2454219635795145 
2025-05-16 16:19:06,392 INFO: Epoch 391, Train Loss: 0.08173959357946207, Test Loss: 0.09066596123225548, Inverse Test Loss: 1.2619941865696627 
2025-05-16 16:19:10,097 INFO: Epoch 392, Train Loss: 0.0816892222924666, Test Loss: 0.091094830456902, Inverse Test Loss: 1.2675961466396557 
2025-05-16 16:19:13,851 INFO: Epoch 393, Train Loss: 0.08226037651977756, Test Loss: 0.09174795295385753, Inverse Test Loss: 1.2690757477984709 
2025-05-16 16:19:17,554 INFO: Epoch 394, Train Loss: 0.08353989887418169, Test Loss: 0.08766745447235949, Inverse Test Loss: 1.238784323720371 
2025-05-16 16:19:21,275 INFO: Epoch 395, Train Loss: 0.08205052143470808, Test Loss: 0.08975565586896504, Inverse Test Loss: 1.2569121928776013 
2025-05-16 16:19:25,024 INFO: Epoch 396, Train Loss: 0.080909610528386, Test Loss: 0.08968446053126279, Inverse Test Loss: 1.2585429198601668 
2025-05-16 16:19:28,755 INFO: Epoch 397, Train Loss: 0.08234983473790414, Test Loss: 0.09094562250025132, Inverse Test Loss: 1.2878887688412386 
2025-05-16 16:19:32,496 INFO: Epoch 398, Train Loss: 0.0804282697199872, Test Loss: 0.0895569771528244, Inverse Test Loss: 1.2444167698130888 
2025-05-16 16:19:36,208 INFO: Epoch 399, Train Loss: 0.08155852810225704, Test Loss: 0.0913177877664566, Inverse Test Loss: 1.2935853845932905 
2025-05-16 16:19:39,945 INFO: Epoch 400, Train Loss: 0.08167767894426078, Test Loss: 0.09101259664577596, Inverse Test Loss: 1.2968517822377823 
2025-05-16 16:19:39,945 INFO: Best Epoch 301, Best Test Loss: 0.08739901158739538, Inverse Test Loss: 1.2391107327797835 
