2025-01-09 14:39:06,667 INFO: namespace(depth=2, name='KAN') 
2025-01-09 14:39:06,667 INFO: Dataset:winequality 
2025-01-09 14:39:06,667 INFO: ------Begin Training Model------ 
2025-01-09 14:39:08,709 INFO: Epoch 1, Train Loss: 0.9973554092068826, Test Loss: 0.9466553330421448, Inverse Test Loss: 0.08761578053236008 
2025-01-09 14:39:08,866 INFO: Epoch 2, Train Loss: 0.9445957445329235, Test Loss: 0.9003731682896614, Inverse Test Loss: 0.08279658108949661 
2025-01-09 14:39:09,019 INFO: Epoch 3, Train Loss: 0.8984894656365917, Test Loss: 0.8639439940452576, Inverse Test Loss: 0.08014820516109467 
2025-01-09 14:39:09,178 INFO: Epoch 4, Train Loss: 0.8645923772165852, Test Loss: 0.8400292173027992, Inverse Test Loss: 0.07889809459447861 
2025-01-09 14:39:09,326 INFO: Epoch 5, Train Loss: 0.8352759345885246, Test Loss: 0.8270094394683838, Inverse Test Loss: 0.07837474346160889 
2025-01-09 14:39:09,477 INFO: Epoch 6, Train Loss: 0.8209958634068889, Test Loss: 0.8206039071083069, Inverse Test Loss: 0.07796378433704376 
2025-01-09 14:39:09,627 INFO: Epoch 7, Train Loss: 0.8113898346501012, Test Loss: 0.8161451667547226, Inverse Test Loss: 0.07772504538297653 
2025-01-09 14:39:09,775 INFO: Epoch 8, Train Loss: 0.8012510057418577, Test Loss: 0.8133727237582207, Inverse Test Loss: 0.07738476991653442 
2025-01-09 14:39:09,924 INFO: Epoch 9, Train Loss: 0.796326664186293, Test Loss: 0.8086410909891129, Inverse Test Loss: 0.07711893320083618 
2025-01-09 14:39:10,073 INFO: Epoch 10, Train Loss: 0.793649923416876, Test Loss: 0.8055126368999481, Inverse Test Loss: 0.07686789333820343 
2025-01-09 14:39:10,222 INFO: Epoch 11, Train Loss: 0.7886492398477369, Test Loss: 0.8028808832168579, Inverse Test Loss: 0.07652068138122559 
2025-01-09 14:39:10,378 INFO: Epoch 12, Train Loss: 0.7817264968349088, Test Loss: 0.79971594363451, Inverse Test Loss: 0.07633452862501144 
2025-01-09 14:39:10,526 INFO: Epoch 13, Train Loss: 0.777550910749743, Test Loss: 0.7973315715789795, Inverse Test Loss: 0.07569941878318787 
2025-01-09 14:39:10,679 INFO: Epoch 14, Train Loss: 0.7756418951096073, Test Loss: 0.7949778512120247, Inverse Test Loss: 0.07560811936855316 
2025-01-09 14:39:10,830 INFO: Epoch 15, Train Loss: 0.7684707641601562, Test Loss: 0.7929682359099388, Inverse Test Loss: 0.0755816102027893 
2025-01-09 14:39:10,978 INFO: Epoch 16, Train Loss: 0.7680287880282248, Test Loss: 0.7922408655285835, Inverse Test Loss: 0.07491754740476608 
2025-01-09 14:39:11,132 INFO: Epoch 17, Train Loss: 0.7620378328907874, Test Loss: 0.7897039353847504, Inverse Test Loss: 0.07470603287220001 
2025-01-09 14:39:11,281 INFO: Epoch 18, Train Loss: 0.7586804513008364, Test Loss: 0.7886945009231567, Inverse Test Loss: 0.0746743455529213 
2025-01-09 14:39:11,434 INFO: Epoch 19, Train Loss: 0.7535178834392179, Test Loss: 0.7874548062682152, Inverse Test Loss: 0.07503381371498108 
2025-01-09 14:39:11,596 INFO: Epoch 20, Train Loss: 0.7503642728251796, Test Loss: 0.7863979414105415, Inverse Test Loss: 0.0747763141989708 
2025-01-09 14:39:11,745 INFO: Epoch 21, Train Loss: 0.7476248952650255, Test Loss: 0.7857727408409119, Inverse Test Loss: 0.07468938827514648 
2025-01-09 14:39:11,895 INFO: Epoch 22, Train Loss: 0.7412627358590403, Test Loss: 0.7852831780910492, Inverse Test Loss: 0.07434820383787155 
2025-01-09 14:39:12,047 INFO: Epoch 23, Train Loss: 0.7384754592372526, Test Loss: 0.7843215465545654, Inverse Test Loss: 0.07431354373693466 
2025-01-09 14:39:12,198 INFO: Epoch 24, Train Loss: 0.7327679568721402, Test Loss: 0.7831918820738792, Inverse Test Loss: 0.07436790317296982 
2025-01-09 14:39:12,351 INFO: Epoch 25, Train Loss: 0.7291889536765314, Test Loss: 0.7838243395090103, Inverse Test Loss: 0.07446551322937012 
2025-01-09 14:39:12,504 INFO: Epoch 26, Train Loss: 0.7230208439211692, Test Loss: 0.7826297879219055, Inverse Test Loss: 0.07435230910778046 
2025-01-09 14:39:12,655 INFO: Epoch 27, Train Loss: 0.7209472194794686, Test Loss: 0.7830141261219978, Inverse Test Loss: 0.07519662380218506 
2025-01-09 14:39:12,803 INFO: Epoch 28, Train Loss: 0.7147511705275504, Test Loss: 0.7822988107800484, Inverse Test Loss: 0.07470258325338364 
2025-01-09 14:39:12,952 INFO: Epoch 29, Train Loss: 0.7074221334149761, Test Loss: 0.7815481871366501, Inverse Test Loss: 0.07507270574569702 
2025-01-09 14:39:13,096 INFO: Epoch 30, Train Loss: 0.7026357477711093, Test Loss: 0.7820761874318123, Inverse Test Loss: 0.07501779496669769 
2025-01-09 14:39:13,249 INFO: Epoch 31, Train Loss: 0.6973633862310841, Test Loss: 0.7820462062954903, Inverse Test Loss: 0.07604855298995972 
2025-01-09 14:39:13,393 INFO: Epoch 32, Train Loss: 0.6934666575924042, Test Loss: 0.7802960872650146, Inverse Test Loss: 0.07613920420408249 
2025-01-09 14:39:13,539 INFO: Epoch 33, Train Loss: 0.6870602234717338, Test Loss: 0.7809208482503891, Inverse Test Loss: 0.07591339200735092 
2025-01-09 14:39:13,688 INFO: Epoch 34, Train Loss: 0.6804504317622031, Test Loss: 0.782015398144722, Inverse Test Loss: 0.07626450806856155 
2025-01-09 14:39:13,840 INFO: Epoch 35, Train Loss: 0.6748752344039178, Test Loss: 0.7803359627723694, Inverse Test Loss: 0.07684120535850525 
2025-01-09 14:39:13,989 INFO: Epoch 36, Train Loss: 0.6723393451782965, Test Loss: 0.7804201990365982, Inverse Test Loss: 0.07664163410663605 
2025-01-09 14:39:14,144 INFO: Epoch 37, Train Loss: 0.6644070110013408, Test Loss: 0.7832562997937202, Inverse Test Loss: 0.07719197124242783 
2025-01-09 14:39:14,292 INFO: Epoch 38, Train Loss: 0.6571555772135335, Test Loss: 0.7805751264095306, Inverse Test Loss: 0.07778839766979218 
2025-01-09 14:39:14,449 INFO: Epoch 39, Train Loss: 0.6525191876196093, Test Loss: 0.7834064066410065, Inverse Test Loss: 0.07819454371929169 
2025-01-09 14:39:14,596 INFO: Epoch 40, Train Loss: 0.6475548359655565, Test Loss: 0.7810599133372307, Inverse Test Loss: 0.07770584523677826 
2025-01-09 14:39:14,749 INFO: Epoch 41, Train Loss: 0.6376944703440512, Test Loss: 0.7817567810416222, Inverse Test Loss: 0.07882019877433777 
2025-01-09 14:39:14,904 INFO: Epoch 42, Train Loss: 0.6358865614860288, Test Loss: 0.7818713113665581, Inverse Test Loss: 0.07830390334129333 
2025-01-09 14:39:15,065 INFO: Epoch 43, Train Loss: 0.6293964808987033, Test Loss: 0.7841174677014351, Inverse Test Loss: 0.07824251055717468 
2025-01-09 14:39:15,210 INFO: Epoch 44, Train Loss: 0.6235904482103163, Test Loss: 0.7840676009654999, Inverse Test Loss: 0.07878061383962631 
2025-01-09 14:39:15,359 INFO: Epoch 45, Train Loss: 0.618243803901057, Test Loss: 0.7849973142147064, Inverse Test Loss: 0.07843363285064697 
2025-01-09 14:39:15,506 INFO: Epoch 46, Train Loss: 0.6118721404383259, Test Loss: 0.7868156507611275, Inverse Test Loss: 0.07881078869104385 
2025-01-09 14:39:15,660 INFO: Epoch 47, Train Loss: 0.6053691785181722, Test Loss: 0.7873436361551285, Inverse Test Loss: 0.07928770780563354 
2025-01-09 14:39:15,805 INFO: Epoch 48, Train Loss: 0.5977027377774639, Test Loss: 0.7889826893806458, Inverse Test Loss: 0.07980432361364365 
2025-01-09 14:39:15,954 INFO: Epoch 49, Train Loss: 0.5926031229957458, Test Loss: 0.7897139340639114, Inverse Test Loss: 0.07910154014825821 
2025-01-09 14:39:16,107 INFO: Epoch 50, Train Loss: 0.589702550441988, Test Loss: 0.790224976837635, Inverse Test Loss: 0.07943465560674667 
2025-01-09 14:39:16,257 INFO: Epoch 51, Train Loss: 0.5837433501597373, Test Loss: 0.7925503626465797, Inverse Test Loss: 0.07895252853631973 
2025-01-09 14:39:16,411 INFO: Epoch 52, Train Loss: 0.5774005305382514, Test Loss: 0.7929194048047066, Inverse Test Loss: 0.07945816963911057 
2025-01-09 14:39:16,566 INFO: Epoch 53, Train Loss: 0.5723738958758693, Test Loss: 0.7961174175143242, Inverse Test Loss: 0.07889378070831299 
2025-01-09 14:39:16,713 INFO: Epoch 54, Train Loss: 0.5701268190337766, Test Loss: 0.7992376089096069, Inverse Test Loss: 0.07915327697992325 
2025-01-09 14:39:16,878 INFO: Epoch 55, Train Loss: 0.5642045342153118, Test Loss: 0.7989649549126625, Inverse Test Loss: 0.07883468270301819 
2025-01-09 14:39:17,028 INFO: Epoch 56, Train Loss: 0.5595059135267811, Test Loss: 0.7993174865841866, Inverse Test Loss: 0.07997503131628036 
2025-01-09 14:39:17,185 INFO: Epoch 57, Train Loss: 0.5537944561050784, Test Loss: 0.7995805740356445, Inverse Test Loss: 0.08066797256469727 
2025-01-09 14:39:17,360 INFO: Epoch 58, Train Loss: 0.5481916012302521, Test Loss: 0.802994005382061, Inverse Test Loss: 0.07923519611358643 
2025-01-09 14:39:17,531 INFO: Epoch 59, Train Loss: 0.5458760299990254, Test Loss: 0.8073106855154037, Inverse Test Loss: 0.0794186070561409 
2025-01-09 14:39:17,682 INFO: Epoch 60, Train Loss: 0.5412108061775085, Test Loss: 0.8050684556365013, Inverse Test Loss: 0.08029917627573013 
2025-01-09 14:39:17,848 INFO: Epoch 61, Train Loss: 0.5372307992750599, Test Loss: 0.8065105378627777, Inverse Test Loss: 0.0798560380935669 
2025-01-09 14:39:18,003 INFO: Epoch 62, Train Loss: 0.5330772486425215, Test Loss: 0.8098095580935478, Inverse Test Loss: 0.08047141879796982 
2025-01-09 14:39:18,150 INFO: Epoch 63, Train Loss: 0.5295966421404192, Test Loss: 0.8102933093905449, Inverse Test Loss: 0.08019503951072693 
2025-01-09 14:39:18,301 INFO: Epoch 64, Train Loss: 0.5247282655008377, Test Loss: 0.81137315928936, Inverse Test Loss: 0.08038914203643799 
2025-01-09 14:39:18,460 INFO: Epoch 65, Train Loss: 0.5206378573371518, Test Loss: 0.8150058463215828, Inverse Test Loss: 0.08110533654689789 
2025-01-09 14:39:18,625 INFO: Epoch 66, Train Loss: 0.5165703094774677, Test Loss: 0.8163982927799225, Inverse Test Loss: 0.08086290955543518 
2025-01-09 14:39:18,786 INFO: Epoch 67, Train Loss: 0.5155280491998119, Test Loss: 0.8197725117206573, Inverse Test Loss: 0.080262690782547 
2025-01-09 14:39:18,962 INFO: Epoch 68, Train Loss: 0.509935429980678, Test Loss: 0.8222587183117867, Inverse Test Loss: 0.08015015721321106 
2025-01-09 14:39:19,142 INFO: Epoch 69, Train Loss: 0.5073354263459483, Test Loss: 0.8220812901854515, Inverse Test Loss: 0.08058781921863556 
2025-01-09 14:39:19,308 INFO: Epoch 70, Train Loss: 0.5043641819107917, Test Loss: 0.8236360400915146, Inverse Test Loss: 0.0806489959359169 
2025-01-09 14:39:19,474 INFO: Epoch 71, Train Loss: 0.5006027673521349, Test Loss: 0.8291448727250099, Inverse Test Loss: 0.08019767701625824 
2025-01-09 14:39:19,635 INFO: Epoch 72, Train Loss: 0.49795649801531144, Test Loss: 0.8256992921233177, Inverse Test Loss: 0.08126259595155716 
2025-01-09 14:39:19,835 INFO: Epoch 73, Train Loss: 0.4909115327942756, Test Loss: 0.8292259648442268, Inverse Test Loss: 0.0813286080956459 
2025-01-09 14:39:19,997 INFO: Epoch 74, Train Loss: 0.4904086041835047, Test Loss: 0.8315500766038895, Inverse Test Loss: 0.08048225939273834 
2025-01-09 14:39:20,161 INFO: Epoch 75, Train Loss: 0.48796223440477926, Test Loss: 0.8347929045557976, Inverse Test Loss: 0.0798560157418251 
2025-01-09 14:39:20,333 INFO: Epoch 76, Train Loss: 0.4820327364629315, Test Loss: 0.8340425193309784, Inverse Test Loss: 0.08174056559801102 
2025-01-09 14:39:20,503 INFO: Epoch 77, Train Loss: 0.48167979909527686, Test Loss: 0.8347655758261681, Inverse Test Loss: 0.08056458830833435 
2025-01-09 14:39:20,670 INFO: Epoch 78, Train Loss: 0.476341018753667, Test Loss: 0.837573915719986, Inverse Test Loss: 0.08097109943628311 
2025-01-09 14:39:20,841 INFO: Epoch 79, Train Loss: 0.4748108060129227, Test Loss: 0.8376030400395393, Inverse Test Loss: 0.08144398778676987 
2025-01-09 14:39:21,011 INFO: Epoch 80, Train Loss: 0.47015026404011634, Test Loss: 0.8399603143334389, Inverse Test Loss: 0.08150272071361542 
2025-01-09 14:39:21,185 INFO: Epoch 81, Train Loss: 0.46745078121462175, Test Loss: 0.8402839601039886, Inverse Test Loss: 0.08082732558250427 
2025-01-09 14:39:21,357 INFO: Epoch 82, Train Loss: 0.4641041784517227, Test Loss: 0.8437686413526535, Inverse Test Loss: 0.08119182288646698 
2025-01-09 14:39:21,514 INFO: Epoch 83, Train Loss: 0.46218322361669234, Test Loss: 0.8453145697712898, Inverse Test Loss: 0.08091867715120316 
2025-01-09 14:39:21,664 INFO: Epoch 84, Train Loss: 0.45809284717805926, Test Loss: 0.8461027964949608, Inverse Test Loss: 0.08133922517299652 
2025-01-09 14:39:21,826 INFO: Epoch 85, Train Loss: 0.4568562026946775, Test Loss: 0.8489650338888168, Inverse Test Loss: 0.08109831809997559 
2025-01-09 14:39:21,986 INFO: Epoch 86, Train Loss: 0.4532545670386284, Test Loss: 0.8479761183261871, Inverse Test Loss: 0.08195754885673523 
2025-01-09 14:39:22,148 INFO: Epoch 87, Train Loss: 0.45062084063406915, Test Loss: 0.8507106825709343, Inverse Test Loss: 0.08095123618841171 
2025-01-09 14:39:22,318 INFO: Epoch 88, Train Loss: 0.44821542501449585, Test Loss: 0.8510727286338806, Inverse Test Loss: 0.08121991902589798 
2025-01-09 14:39:22,508 INFO: Epoch 89, Train Loss: 0.4463486719516016, Test Loss: 0.855557806789875, Inverse Test Loss: 0.08182620257139206 
2025-01-09 14:39:22,692 INFO: Epoch 90, Train Loss: 0.4409543689220182, Test Loss: 0.8541778400540352, Inverse Test Loss: 0.08183780312538147 
2025-01-09 14:39:22,883 INFO: Epoch 91, Train Loss: 0.44044745160687354, Test Loss: 0.8552386164665222, Inverse Test Loss: 0.08129631727933884 
2025-01-09 14:39:23,054 INFO: Epoch 92, Train Loss: 0.43662161307950176, Test Loss: 0.8598910570144653, Inverse Test Loss: 0.08115622401237488 
2025-01-09 14:39:23,252 INFO: Epoch 93, Train Loss: 0.43555760095196383, Test Loss: 0.8581518232822418, Inverse Test Loss: 0.08136796951293945 
2025-01-09 14:39:23,427 INFO: Epoch 94, Train Loss: 0.43183764815330505, Test Loss: 0.8581617549061775, Inverse Test Loss: 0.08159620314836502 
2025-01-09 14:39:23,642 INFO: Epoch 95, Train Loss: 0.43036678241145226, Test Loss: 0.8600882813334465, Inverse Test Loss: 0.08178597688674927 
2025-01-09 14:39:23,811 INFO: Epoch 96, Train Loss: 0.42837631317877, Test Loss: 0.8631085008382797, Inverse Test Loss: 0.08184550702571869 
2025-01-09 14:39:23,981 INFO: Epoch 97, Train Loss: 0.4267903460610297, Test Loss: 0.8646692112088203, Inverse Test Loss: 0.08201734721660614 
2025-01-09 14:39:24,175 INFO: Epoch 98, Train Loss: 0.42385169286881724, Test Loss: 0.8656644150614738, Inverse Test Loss: 0.08271623402833939 
2025-01-09 14:39:24,380 INFO: Epoch 99, Train Loss: 0.4224289011570715, Test Loss: 0.8676174804568291, Inverse Test Loss: 0.08198902010917664 
2025-01-09 14:39:24,566 INFO: Epoch 100, Train Loss: 0.41941319165691254, Test Loss: 0.8684438839554787, Inverse Test Loss: 0.08254160732030869 
2025-01-09 14:39:24,566 INFO: Best Epoch 32, Best Test Loss: 0.7802960872650146 
2025-01-09 14:39:24,750 INFO: Epoch 101, Train Loss: 0.4170902246429074, Test Loss: 0.8714492917060852, Inverse Test Loss: 0.08192706853151321 
2025-01-09 14:39:24,937 INFO: Epoch 102, Train Loss: 0.41491550111001535, Test Loss: 0.8683347925543785, Inverse Test Loss: 0.08269142359495163 
2025-01-09 14:39:25,154 INFO: Epoch 103, Train Loss: 0.4129645401431668, Test Loss: 0.8732851073145866, Inverse Test Loss: 0.08329503983259201 
2025-01-09 14:39:25,349 INFO: Epoch 104, Train Loss: 0.4108704549650992, Test Loss: 0.8725419864058495, Inverse Test Loss: 0.0828646868467331 
2025-01-09 14:39:25,538 INFO: Epoch 105, Train Loss: 0.4077434039884998, Test Loss: 0.8769759386777878, Inverse Test Loss: 0.08380534499883652 
2025-01-09 14:39:25,709 INFO: Epoch 106, Train Loss: 0.40691354678523156, Test Loss: 0.8778279945254326, Inverse Test Loss: 0.08232598751783371 
2025-01-09 14:39:25,902 INFO: Epoch 107, Train Loss: 0.40520124570015936, Test Loss: 0.8777061179280281, Inverse Test Loss: 0.08171597868204117 
2025-01-09 14:39:26,087 INFO: Epoch 108, Train Loss: 0.40247737399993405, Test Loss: 0.8803995102643967, Inverse Test Loss: 0.08360549062490463 
2025-01-09 14:39:26,270 INFO: Epoch 109, Train Loss: 0.40032257476160604, Test Loss: 0.8793082013726234, Inverse Test Loss: 0.08276749402284622 
