2025-01-10 18:21:09,511 INFO: namespace(depth=2, name='simple_MLP') 
2025-01-10 18:21:09,511 INFO: Dataset:Bike 
2025-01-10 18:21:09,511 INFO: ------Begin Training Model------ 
2025-01-10 18:21:11,582 INFO: Epoch 1, Train Loss: 0.44187461044810233, Test Loss: 0.14199792513889925, Inverse Test Loss: 0.9188409532819476 
2025-01-10 18:21:11,769 INFO: Epoch 2, Train Loss: 0.09769647247200712, Test Loss: 0.0753340015986136, Inverse Test Loss: 0.47475457191467285 
2025-01-10 18:21:11,957 INFO: Epoch 3, Train Loss: 0.060026548392728925, Test Loss: 0.05458851118705103, Inverse Test Loss: 0.3240969181060791 
2025-01-10 18:21:12,166 INFO: Epoch 4, Train Loss: 0.044990833028467424, Test Loss: 0.04387367663106748, Inverse Test Loss: 0.2801611082894461 
2025-01-10 18:21:12,369 INFO: Epoch 5, Train Loss: 0.0377789074469597, Test Loss: 0.03732963837683201, Inverse Test Loss: 0.25173676013946533 
2025-01-10 18:21:12,564 INFO: Epoch 6, Train Loss: 0.03272987163941794, Test Loss: 0.03614622826821038, Inverse Test Loss: 0.27833410671779085 
2025-01-10 18:21:12,755 INFO: Epoch 7, Train Loss: 0.029334759989052737, Test Loss: 0.031985452864319086, Inverse Test Loss: 0.18304489340100968 
2025-01-10 18:21:12,947 INFO: Epoch 8, Train Loss: 0.02578721779885642, Test Loss: 0.02863664399566395, Inverse Test Loss: 0.18132102489471436 
2025-01-10 18:21:13,132 INFO: Epoch 9, Train Loss: 0.024452970764779168, Test Loss: 0.027002507155495032, Inverse Test Loss: 0.1420978307723999 
2025-01-10 18:21:13,321 INFO: Epoch 10, Train Loss: 0.023303590441515688, Test Loss: 0.027790980679648265, Inverse Test Loss: 0.15420435156141007 
2025-01-10 18:21:13,507 INFO: Epoch 11, Train Loss: 0.022096840630567403, Test Loss: 0.025566484113889083, Inverse Test Loss: 0.1375185421534947 
2025-01-10 18:21:13,714 INFO: Epoch 12, Train Loss: 0.020717461499462433, Test Loss: 0.024362837097474506, Inverse Test Loss: 0.12026209490639823 
2025-01-10 18:21:13,943 INFO: Epoch 13, Train Loss: 0.01970201601710068, Test Loss: 0.023591292556375265, Inverse Test Loss: 0.13988496576036727 
2025-01-10 18:21:14,133 INFO: Epoch 14, Train Loss: 0.018578600633991967, Test Loss: 0.0219447576840009, Inverse Test Loss: 0.12158375126974923 
2025-01-10 18:21:14,323 INFO: Epoch 15, Train Loss: 0.01751961128427348, Test Loss: 0.02120577803413783, Inverse Test Loss: 0.11622914246150426 
2025-01-10 18:21:14,516 INFO: Epoch 16, Train Loss: 0.016397629240784077, Test Loss: 0.020113233011215925, Inverse Test Loss: 0.11972035680498395 
2025-01-10 18:21:14,705 INFO: Epoch 17, Train Loss: 0.017033017795840533, Test Loss: 0.02075155804465924, Inverse Test Loss: 0.0963858791760036 
2025-01-10 18:21:14,890 INFO: Epoch 18, Train Loss: 0.016133632100776795, Test Loss: 0.018815367549125637, Inverse Test Loss: 0.10679535354886736 
2025-01-10 18:21:15,080 INFO: Epoch 19, Train Loss: 0.016438303404239886, Test Loss: 0.01835222658701241, Inverse Test Loss: 0.10149903808321271 
2025-01-10 18:21:15,275 INFO: Epoch 20, Train Loss: 0.015553405952699688, Test Loss: 0.019933733889567002, Inverse Test Loss: 0.10673585108348302 
2025-01-10 18:21:15,475 INFO: Epoch 21, Train Loss: 0.015591568510056636, Test Loss: 0.017432112346536348, Inverse Test Loss: 0.09423479863575526 
2025-01-10 18:21:15,710 INFO: Epoch 22, Train Loss: 0.01463554900378809, Test Loss: 0.017770385735535195, Inverse Test Loss: 0.08454756225858416 
2025-01-10 18:21:15,898 INFO: Epoch 23, Train Loss: 0.015013527697584498, Test Loss: 0.018624239335102693, Inverse Test Loss: 0.09742462635040283 
2025-01-10 18:21:16,096 INFO: Epoch 24, Train Loss: 0.01350317627977614, Test Loss: 0.01650340685487858, Inverse Test Loss: 0.08935970919472831 
2025-01-10 18:21:16,296 INFO: Epoch 25, Train Loss: 0.013769531178228352, Test Loss: 0.015538822427125914, Inverse Test Loss: 0.08687948329108101 
2025-01-10 18:21:16,489 INFO: Epoch 26, Train Loss: 0.01427739163980298, Test Loss: 0.016000584033983096, Inverse Test Loss: 0.09491185631070818 
2025-01-10 18:21:16,688 INFO: Epoch 27, Train Loss: 0.013094902517051872, Test Loss: 0.017455521438802992, Inverse Test Loss: 0.09379890986851283 
2025-01-10 18:21:16,881 INFO: Epoch 28, Train Loss: 0.013427498391530382, Test Loss: 0.02244334341958165, Inverse Test Loss: 0.13401648827961513 
2025-01-10 18:21:17,083 INFO: Epoch 29, Train Loss: 0.01228086999831123, Test Loss: 0.015312208029042398, Inverse Test Loss: 0.09486766372408185 
2025-01-10 18:21:17,282 INFO: Epoch 30, Train Loss: 0.01153029508273536, Test Loss: 0.013959754258394241, Inverse Test Loss: 0.06504313434873309 
2025-01-10 18:21:17,480 INFO: Epoch 31, Train Loss: 0.011931158183569756, Test Loss: 0.017601174169353077, Inverse Test Loss: 0.09291634389332362 
2025-01-10 18:21:17,672 INFO: Epoch 32, Train Loss: 0.013056335150511987, Test Loss: 0.020479582649256502, Inverse Test Loss: 0.09283598831721715 
2025-01-10 18:21:17,881 INFO: Epoch 33, Train Loss: 0.013995613723378117, Test Loss: 0.017822892405092716, Inverse Test Loss: 0.0999366385596139 
2025-01-10 18:21:18,071 INFO: Epoch 34, Train Loss: 0.011797111481428146, Test Loss: 0.013555586038689529, Inverse Test Loss: 0.07069830809320722 
2025-01-10 18:21:18,273 INFO: Epoch 35, Train Loss: 0.012716832263138862, Test Loss: 0.014737641039703573, Inverse Test Loss: 0.08236078705106463 
2025-01-10 18:21:18,466 INFO: Epoch 36, Train Loss: 0.011830572918946044, Test Loss: 0.014273269101977348, Inverse Test Loss: 0.08044148342950004 
2025-01-10 18:21:18,670 INFO: Epoch 37, Train Loss: 0.012030646905576417, Test Loss: 0.013425561266818218, Inverse Test Loss: 0.087656455380576 
2025-01-10 18:21:18,860 INFO: Epoch 38, Train Loss: 0.010498446625990605, Test Loss: 0.013745927717536688, Inverse Test Loss: 0.07573064735957555 
2025-01-10 18:21:19,084 INFO: Epoch 39, Train Loss: 0.010789116425866928, Test Loss: 0.0136667619392808, Inverse Test Loss: 0.0782563601221357 
2025-01-10 18:21:19,283 INFO: Epoch 40, Train Loss: 0.01104191086605328, Test Loss: 0.01509067855243172, Inverse Test Loss: 0.09230562618800572 
2025-01-10 18:21:19,481 INFO: Epoch 41, Train Loss: 0.010473565441992032, Test Loss: 0.013480023979874594, Inverse Test Loss: 0.08003247635705131 
2025-01-10 18:21:19,681 INFO: Epoch 42, Train Loss: 0.01105775540574975, Test Loss: 0.014537408482283354, Inverse Test Loss: 0.09726779801504952 
2025-01-10 18:21:19,934 INFO: Epoch 43, Train Loss: 0.010963984833466351, Test Loss: 0.012559368541198117, Inverse Test Loss: 0.0875856706074306 
2025-01-10 18:21:20,169 INFO: Epoch 44, Train Loss: 0.010358136617194076, Test Loss: 0.013111116930044122, Inverse Test Loss: 0.09114748239517212 
2025-01-10 18:21:20,355 INFO: Epoch 45, Train Loss: 0.010397636177821443, Test Loss: 0.014552999121536101, Inverse Test Loss: 0.10515191725322179 
2025-01-10 18:21:20,565 INFO: Epoch 46, Train Loss: 0.010515182193607912, Test Loss: 0.012659958364175898, Inverse Test Loss: 0.06678558673177447 
2025-01-10 18:21:20,779 INFO: Epoch 47, Train Loss: 0.010516634881667314, Test Loss: 0.013449741793530328, Inverse Test Loss: 0.07763057947158813 
2025-01-10 18:21:20,983 INFO: Epoch 48, Train Loss: 0.010156002365599532, Test Loss: 0.012680472074342626, Inverse Test Loss: 0.07739860670907157 
2025-01-10 18:21:21,223 INFO: Epoch 49, Train Loss: 0.009821343355290934, Test Loss: 0.013287717077348913, Inverse Test Loss: 0.08066474539893013 
2025-01-10 18:21:21,416 INFO: Epoch 50, Train Loss: 0.010282646266555567, Test Loss: 0.012497945721926433, Inverse Test Loss: 0.07234517165592738 
2025-01-10 18:21:21,608 INFO: Epoch 51, Train Loss: 0.010355123801481559, Test Loss: 0.01185710059611925, Inverse Test Loss: 0.08863354580742973 
2025-01-10 18:21:21,820 INFO: Epoch 52, Train Loss: 0.009785749513758431, Test Loss: 0.013233899504744582, Inverse Test Loss: 0.07811177628380912 
2025-01-10 18:21:22,095 INFO: Epoch 53, Train Loss: 0.01020543217881147, Test Loss: 0.010922423064974802, Inverse Test Loss: 0.07068760054452079 
2025-01-10 18:21:22,309 INFO: Epoch 54, Train Loss: 0.009526741323531221, Test Loss: 0.012267796056611198, Inverse Test Loss: 0.07820055314472743 
2025-01-10 18:21:22,521 INFO: Epoch 55, Train Loss: 0.008807877108557235, Test Loss: 0.015849465005365864, Inverse Test Loss: 0.06756940484046936 
2025-01-10 18:21:22,714 INFO: Epoch 56, Train Loss: 0.011038596459895099, Test Loss: 0.012659417930990458, Inverse Test Loss: 0.08254596165248326 
2025-01-10 18:21:22,906 INFO: Epoch 57, Train Loss: 0.009070140198556655, Test Loss: 0.011937217554077506, Inverse Test Loss: 0.05754748838288443 
2025-01-10 18:21:23,097 INFO: Epoch 58, Train Loss: 0.008943712351621565, Test Loss: 0.012240081526605147, Inverse Test Loss: 0.07017101986067635 
2025-01-10 18:21:23,298 INFO: Epoch 59, Train Loss: 0.009685634665293704, Test Loss: 0.012066462243508016, Inverse Test Loss: 0.06866249016353063 
2025-01-10 18:21:23,491 INFO: Epoch 60, Train Loss: 0.009047027053567795, Test Loss: 0.014446731507112938, Inverse Test Loss: 0.049781816346304755 
2025-01-10 18:21:23,683 INFO: Epoch 61, Train Loss: 0.009434964260035152, Test Loss: 0.011926953181890505, Inverse Test Loss: 0.06551099249294826 
2025-01-10 18:21:23,873 INFO: Epoch 62, Train Loss: 0.009085791147049141, Test Loss: 0.011827516918336707, Inverse Test Loss: 0.04578278320176261 
2025-01-10 18:21:24,075 INFO: Epoch 63, Train Loss: 0.009070144765454969, Test Loss: 0.011995582109583276, Inverse Test Loss: 0.06778134618486677 
2025-01-10 18:21:24,286 INFO: Epoch 64, Train Loss: 0.009252015975466288, Test Loss: 0.009636366972699761, Inverse Test Loss: 0.06174365537507193 
2025-01-10 18:21:24,491 INFO: Epoch 65, Train Loss: 0.00856470473008145, Test Loss: 0.011340179646919881, Inverse Test Loss: 0.06119920951979501 
2025-01-10 18:21:24,694 INFO: Epoch 66, Train Loss: 0.00993777119443504, Test Loss: 0.011124797980301082, Inverse Test Loss: 0.05843063337462289 
2025-01-10 18:21:24,895 INFO: Epoch 67, Train Loss: 0.008886276338454506, Test Loss: 0.011009741491372032, Inverse Test Loss: 0.04854572670800345 
2025-01-10 18:21:25,086 INFO: Epoch 68, Train Loss: 0.009127473249313754, Test Loss: 0.011710613533588392, Inverse Test Loss: 0.051413003887448995 
2025-01-10 18:21:25,376 INFO: Epoch 69, Train Loss: 0.008110366381465568, Test Loss: 0.01117712355751012, Inverse Test Loss: 0.06875304239136833 
2025-01-10 18:21:25,606 INFO: Epoch 70, Train Loss: 0.008190497375785484, Test Loss: 0.01245568210392126, Inverse Test Loss: 0.06285299573625837 
2025-01-10 18:21:25,801 INFO: Epoch 71, Train Loss: 0.008782122296990331, Test Loss: 0.01217720183610384, Inverse Test Loss: 0.05581889833722796 
2025-01-10 18:21:26,046 INFO: Epoch 72, Train Loss: 0.008972035810658965, Test Loss: 0.011397373413534037, Inverse Test Loss: 0.05680263042449951 
2025-01-10 18:21:26,290 INFO: Epoch 73, Train Loss: 0.008702301710775686, Test Loss: 0.011575192578935198, Inverse Test Loss: 0.06181709681238447 
2025-01-10 18:21:26,504 INFO: Epoch 74, Train Loss: 0.00829933379956205, Test Loss: 0.009592676751448639, Inverse Test Loss: 0.04405928935323443 
2025-01-10 18:21:26,699 INFO: Epoch 75, Train Loss: 0.008441195780530982, Test Loss: 0.00988821911492518, Inverse Test Loss: 0.05283622656549726 
2025-01-10 18:21:26,899 INFO: Epoch 76, Train Loss: 0.00858069956729855, Test Loss: 0.010297464822152895, Inverse Test Loss: 0.04976111650466919 
2025-01-10 18:21:27,098 INFO: Epoch 77, Train Loss: 0.008454893937829984, Test Loss: 0.009369149770853775, Inverse Test Loss: 0.04609013455254691 
2025-01-10 18:21:27,291 INFO: Epoch 78, Train Loss: 0.00773048532887473, Test Loss: 0.008703429268540017, Inverse Test Loss: 0.057211224521909444 
2025-01-10 18:21:27,486 INFO: Epoch 79, Train Loss: 0.007957109374019805, Test Loss: 0.009936614028577293, Inverse Test Loss: 0.05814588921410697 
2025-01-10 18:21:27,678 INFO: Epoch 80, Train Loss: 0.008470611125572559, Test Loss: 0.011121436221791165, Inverse Test Loss: 0.053249086652483256 
2025-01-10 18:21:27,868 INFO: Epoch 81, Train Loss: 0.008036288949703678, Test Loss: 0.009924949845299125, Inverse Test Loss: 0.04607589755739484 
2025-01-10 18:21:28,071 INFO: Epoch 82, Train Loss: 0.008689945764463702, Test Loss: 0.00896910937236888, Inverse Test Loss: 0.04745294792311532 
2025-01-10 18:21:28,268 INFO: Epoch 83, Train Loss: 0.007736676987773234, Test Loss: 0.008921302721968718, Inverse Test Loss: 0.04955227034432547 
2025-01-10 18:21:28,464 INFO: Epoch 84, Train Loss: 0.007956853636258513, Test Loss: 0.009830126073211432, Inverse Test Loss: 0.048590144940785 
2025-01-10 18:21:28,696 INFO: Epoch 85, Train Loss: 0.007612237271023999, Test Loss: 0.010499035307605351, Inverse Test Loss: 0.05547953077725002 
2025-01-10 18:21:28,895 INFO: Epoch 86, Train Loss: 0.007526993268776104, Test Loss: 0.009596477977798454, Inverse Test Loss: 0.047694504261016846 
2025-01-10 18:21:29,171 INFO: Epoch 87, Train Loss: 0.0076463490835638765, Test Loss: 0.008974675005967063, Inverse Test Loss: 0.04544582962989807 
2025-01-10 18:21:29,383 INFO: Epoch 88, Train Loss: 0.007963361222843785, Test Loss: 0.009057237167975732, Inverse Test Loss: 0.045529569898332865 
2025-01-10 18:21:29,577 INFO: Epoch 89, Train Loss: 0.007366455770994818, Test Loss: 0.007774214892249022, Inverse Test Loss: 0.04813097630228315 
2025-01-10 18:21:29,775 INFO: Epoch 90, Train Loss: 0.007644708990333004, Test Loss: 0.008576302090659738, Inverse Test Loss: 0.05440780520439148 
2025-01-10 18:21:29,962 INFO: Epoch 91, Train Loss: 0.008429471663959803, Test Loss: 0.0080493648835857, Inverse Test Loss: 0.05073285102844238 
2025-01-10 18:21:30,162 INFO: Epoch 92, Train Loss: 0.006954051618284862, Test Loss: 0.00857518205884844, Inverse Test Loss: 0.055326108421598165 
2025-01-10 18:21:30,352 INFO: Epoch 93, Train Loss: 0.007921857819166205, Test Loss: 0.009038265229069762, Inverse Test Loss: 0.059523897511618476 
2025-01-10 18:21:30,558 INFO: Epoch 94, Train Loss: 0.007331205963439077, Test Loss: 0.007954024227469094, Inverse Test Loss: 0.040367415973118374 
2025-01-10 18:21:30,755 INFO: Epoch 95, Train Loss: 0.006962305716657584, Test Loss: 0.008396826268705939, Inverse Test Loss: 0.0535423287323543 
2025-01-10 18:21:30,958 INFO: Epoch 96, Train Loss: 0.007242372037347304, Test Loss: 0.008887236505480749, Inverse Test Loss: 0.044695458241871426 
2025-01-10 18:21:31,153 INFO: Epoch 97, Train Loss: 0.007658463138061652, Test Loss: 0.008437831686543567, Inverse Test Loss: 0.04202895505087716 
2025-01-10 18:21:31,352 INFO: Epoch 98, Train Loss: 0.007427036548631453, Test Loss: 0.007653605425730348, Inverse Test Loss: 0.04273239629609244 
2025-01-10 18:21:31,545 INFO: Epoch 99, Train Loss: 0.007718276869027166, Test Loss: 0.007540669541672936, Inverse Test Loss: 0.03913155623844692 
2025-01-10 18:21:31,742 INFO: Epoch 100, Train Loss: 0.007053438539898723, Test Loss: 0.008169301286605852, Inverse Test Loss: 0.040753185749053955 
2025-01-10 18:21:31,742 INFO: Best Epoch 99, Best Test Loss: 0.007540669541672936 
2025-01-10 18:21:31,937 INFO: Epoch 101, Train Loss: 0.0064506770214151354, Test Loss: 0.008086125582589634, Inverse Test Loss: 0.048965517963681905 
2025-01-10 18:21:32,145 INFO: Epoch 102, Train Loss: 0.006999169519051499, Test Loss: 0.007437224400096706, Inverse Test Loss: 0.04067150184086391 
2025-01-10 18:21:32,345 INFO: Epoch 103, Train Loss: 0.006733131718847456, Test Loss: 0.01124621375596949, Inverse Test Loss: 0.05192856277738299 
2025-01-10 18:21:32,544 INFO: Epoch 104, Train Loss: 0.007811704099417553, Test Loss: 0.008744481468706258, Inverse Test Loss: 0.04340245468275888 
2025-01-10 18:21:32,737 INFO: Epoch 105, Train Loss: 0.007161022864555547, Test Loss: 0.011640282730305833, Inverse Test Loss: 0.06757749404226031 
2025-01-10 18:21:32,943 INFO: Epoch 106, Train Loss: 0.0074462775704920835, Test Loss: 0.009668835488680218, Inverse Test Loss: 0.04647703681673322 
2025-01-10 18:21:33,138 INFO: Epoch 107, Train Loss: 0.007584587875924526, Test Loss: 0.01115012280310371, Inverse Test Loss: 0.035187484962599616 
2025-01-10 18:21:33,357 INFO: Epoch 108, Train Loss: 0.007254220147984563, Test Loss: 0.007809842703863978, Inverse Test Loss: 0.03794339299201965 
2025-01-10 18:21:33,552 INFO: Epoch 109, Train Loss: 0.007364741505183485, Test Loss: 0.009381015785038471, Inverse Test Loss: 0.04710698553494045 
2025-01-10 18:21:33,766 INFO: Epoch 110, Train Loss: 0.00683808763759262, Test Loss: 0.010205290945512908, Inverse Test Loss: 0.06943703549248832 
2025-01-10 18:21:33,961 INFO: Epoch 111, Train Loss: 0.008095315704549398, Test Loss: 0.007585658475623599, Inverse Test Loss: 0.046068038259233744 
2025-01-10 18:21:34,178 INFO: Epoch 112, Train Loss: 0.007313204771164087, Test Loss: 0.008045804021613938, Inverse Test Loss: 0.0605538615158626 
2025-01-10 18:21:34,377 INFO: Epoch 113, Train Loss: 0.007666028664370469, Test Loss: 0.00817868161746966, Inverse Test Loss: 0.05131847517830985 
2025-01-10 18:21:34,594 INFO: Epoch 114, Train Loss: 0.007199463716477429, Test Loss: 0.00753959226754627, Inverse Test Loss: 0.04533408795084272 
2025-01-10 18:21:34,823 INFO: Epoch 115, Train Loss: 0.007468162899102093, Test Loss: 0.007055865234828421, Inverse Test Loss: 0.056872303996767314 
2025-01-10 18:21:35,038 INFO: Epoch 116, Train Loss: 0.006330648035562913, Test Loss: 0.0072924323945439285, Inverse Test Loss: 0.04900003331048148 
2025-01-10 18:21:35,239 INFO: Epoch 117, Train Loss: 0.006524804787317274, Test Loss: 0.008438237360678613, Inverse Test Loss: 0.04524904489517212 
2025-01-10 18:21:35,457 INFO: Epoch 118, Train Loss: 0.006174320871984467, Test Loss: 0.007410705904476345, Inverse Test Loss: 0.03820836118289402 
2025-01-10 18:21:35,729 INFO: Epoch 119, Train Loss: 0.006615243685525765, Test Loss: 0.008007519645616412, Inverse Test Loss: 0.041634976863861084 
2025-01-10 18:21:35,993 INFO: Epoch 120, Train Loss: 0.0066329239431871185, Test Loss: 0.007336151603210185, Inverse Test Loss: 0.045033769948141913 
2025-01-10 18:21:36,211 INFO: Epoch 121, Train Loss: 0.006896911500824974, Test Loss: 0.008760621438601188, Inverse Test Loss: 0.043023215872900825 
2025-01-10 18:21:36,410 INFO: Epoch 122, Train Loss: 0.006537745826356455, Test Loss: 0.007754160673357546, Inverse Test Loss: 0.061224405254636495 
2025-01-10 18:21:36,620 INFO: Epoch 123, Train Loss: 0.007140941336887692, Test Loss: 0.006794167865466859, Inverse Test Loss: 0.031952734504427226 
2025-01-10 18:21:36,854 INFO: Epoch 124, Train Loss: 0.006468613469682702, Test Loss: 0.007081182706835014, Inverse Test Loss: 0.045548204864774434 
2025-01-10 18:21:37,071 INFO: Epoch 125, Train Loss: 0.006364324424894305, Test Loss: 0.007782800222880074, Inverse Test Loss: 0.056940598147256036 
2025-01-10 18:21:37,274 INFO: Epoch 126, Train Loss: 0.0064530083781467115, Test Loss: 0.006032759606439088, Inverse Test Loss: 0.03433858496802194 
2025-01-10 18:21:37,536 INFO: Epoch 127, Train Loss: 0.006683341560697336, Test Loss: 0.006977855477349034, Inverse Test Loss: 0.033164609755788534 
2025-01-10 18:21:37,763 INFO: Epoch 128, Train Loss: 0.006542454947879828, Test Loss: 0.00792325396157269, Inverse Test Loss: 0.05244659100260053 
2025-01-10 18:21:37,989 INFO: Epoch 129, Train Loss: 0.00596639104272931, Test Loss: 0.006114179983602038, Inverse Test Loss: 0.04045245477131435 
2025-01-10 18:21:38,266 INFO: Epoch 130, Train Loss: 0.006060702717700683, Test Loss: 0.007176587241701782, Inverse Test Loss: 0.049990794488361905 
2025-01-10 18:21:38,531 INFO: Epoch 131, Train Loss: 0.006425428161517196, Test Loss: 0.008471626588808638, Inverse Test Loss: 0.04867627790996006 
2025-01-10 18:21:38,753 INFO: Epoch 132, Train Loss: 0.006445553674952153, Test Loss: 0.007944918969380004, Inverse Test Loss: 0.041651712996619086 
2025-01-10 18:21:38,955 INFO: Epoch 133, Train Loss: 0.006677175056052591, Test Loss: 0.008888402072313641, Inverse Test Loss: 0.0494334271975926 
2025-01-10 18:21:39,151 INFO: Epoch 134, Train Loss: 0.007383622626406611, Test Loss: 0.009137057399909412, Inverse Test Loss: 0.04616276281220572 
2025-01-10 18:21:39,341 INFO: Epoch 135, Train Loss: 0.006776328638640292, Test Loss: 0.007455647474021784, Inverse Test Loss: 0.04603451064654759 
2025-01-10 18:21:39,553 INFO: Epoch 136, Train Loss: 0.006328685290325399, Test Loss: 0.006972828979736992, Inverse Test Loss: 0.033713272639683316 
2025-01-10 18:21:39,770 INFO: Epoch 137, Train Loss: 0.006738240035985588, Test Loss: 0.007048280643565314, Inverse Test Loss: 0.04388165048190525 
2025-01-10 18:21:39,978 INFO: Epoch 138, Train Loss: 0.006150916628881332, Test Loss: 0.006795514042356184, Inverse Test Loss: 0.038390172379357476 
2025-01-10 18:21:40,175 INFO: Epoch 139, Train Loss: 0.005952669222147093, Test Loss: 0.006510400479393346, Inverse Test Loss: 0.04443431752068656 
2025-01-10 18:21:40,381 INFO: Epoch 140, Train Loss: 0.0064728867450575215, Test Loss: 0.006778019979330046, Inverse Test Loss: 0.039117553404399326 
2025-01-10 18:21:40,578 INFO: Epoch 141, Train Loss: 0.006074371089765785, Test Loss: 0.00715896873069661, Inverse Test Loss: 0.059199588639395576 
2025-01-10 18:21:40,788 INFO: Epoch 142, Train Loss: 0.0067257404096698, Test Loss: 0.01106817280274949, Inverse Test Loss: 0.04787393552916391 
2025-01-10 18:21:40,998 INFO: Epoch 143, Train Loss: 0.00704981106837545, Test Loss: 0.007430574174837342, Inverse Test Loss: 0.038721437965120585 
2025-01-10 18:21:41,226 INFO: Epoch 144, Train Loss: 0.0060234613195403455, Test Loss: 0.006204549289707627, Inverse Test Loss: 0.035505205392837524 
2025-01-10 18:21:41,458 INFO: Epoch 145, Train Loss: 0.005608553105298806, Test Loss: 0.006174512323923409, Inverse Test Loss: 0.03538624516555241 
2025-01-10 18:21:41,690 INFO: Epoch 146, Train Loss: 0.005665554605219342, Test Loss: 0.006622467605796244, Inverse Test Loss: 0.0462986273424966 
2025-01-10 18:21:41,927 INFO: Epoch 147, Train Loss: 0.006140674605384606, Test Loss: 0.012388059536793403, Inverse Test Loss: 0.06538977367537362 
2025-01-10 18:21:42,162 INFO: Epoch 148, Train Loss: 0.006951731172552622, Test Loss: 0.0080953732665096, Inverse Test Loss: 0.05322003364562988 
2025-01-10 18:21:42,357 INFO: Epoch 149, Train Loss: 0.0065838027224286435, Test Loss: 0.007089213484765163, Inverse Test Loss: 0.0427895188331604 
2025-01-10 18:21:42,570 INFO: Epoch 150, Train Loss: 0.006607459071989453, Test Loss: 0.0071850650710985065, Inverse Test Loss: 0.04167709606034415 
2025-01-10 18:21:42,776 INFO: Epoch 151, Train Loss: 0.00633148838757375, Test Loss: 0.006373148611081498, Inverse Test Loss: 0.03436950274876186 
2025-01-10 18:21:43,002 INFO: Epoch 152, Train Loss: 0.0065077695388927916, Test Loss: 0.0065439177477466205, Inverse Test Loss: 0.04823201894760132 
2025-01-10 18:21:43,217 INFO: Epoch 153, Train Loss: 0.0063150184519520595, Test Loss: 0.006928344606421888, Inverse Test Loss: 0.038084958280835836 
2025-01-10 18:21:43,454 INFO: Epoch 154, Train Loss: 0.005910483611867242, Test Loss: 0.006288242343414042, Inverse Test Loss: 0.02351795562676021 
2025-01-10 18:21:43,777 INFO: Epoch 155, Train Loss: 0.006017092008724672, Test Loss: 0.007335592975973019, Inverse Test Loss: 0.04643811072622027 
2025-01-10 18:21:44,039 INFO: Epoch 156, Train Loss: 0.005219008982899265, Test Loss: 0.007362067449970969, Inverse Test Loss: 0.03976587738309588 
2025-01-10 18:21:44,260 INFO: Epoch 157, Train Loss: 0.005674209924192604, Test Loss: 0.007423339677708489, Inverse Test Loss: 0.03221424775464194 
2025-01-10 18:21:44,467 INFO: Epoch 158, Train Loss: 0.006213834124762531, Test Loss: 0.007381817226165107, Inverse Test Loss: 0.0310826769896916 
2025-01-10 18:21:44,675 INFO: Epoch 159, Train Loss: 0.006440108146415938, Test Loss: 0.008138702949509025, Inverse Test Loss: 0.031394200665610175 
2025-01-10 18:21:44,881 INFO: Epoch 160, Train Loss: 0.007298391384986836, Test Loss: 0.008328253419936768, Inverse Test Loss: 0.04683227624211993 
2025-01-10 18:21:45,085 INFO: Epoch 161, Train Loss: 0.006482091723778926, Test Loss: 0.00852991539120142, Inverse Test Loss: 0.042814982788903375 
2025-01-10 18:21:45,307 INFO: Epoch 162, Train Loss: 0.005997946690938888, Test Loss: 0.0082385749223509, Inverse Test Loss: 0.04542567048754011 
2025-01-10 18:21:45,502 INFO: Epoch 163, Train Loss: 0.006588536498367513, Test Loss: 0.01099679063606475, Inverse Test Loss: 0.06185175691332136 
2025-01-10 18:21:45,713 INFO: Epoch 164, Train Loss: 0.007193937444837269, Test Loss: 0.008155036301884269, Inverse Test Loss: 0.03934140716280256 
2025-01-10 18:21:45,909 INFO: Epoch 165, Train Loss: 0.005658280988727961, Test Loss: 0.00809238277309175, Inverse Test Loss: 0.04315986803599766 
2025-01-10 18:21:46,131 INFO: Epoch 166, Train Loss: 0.005936545413841895, Test Loss: 0.007571750120925052, Inverse Test Loss: 0.03906416893005371 
2025-01-10 18:21:46,336 INFO: Epoch 167, Train Loss: 0.0066104358224488725, Test Loss: 0.007514728366264275, Inverse Test Loss: 0.03032060819012778 
2025-01-10 18:21:46,543 INFO: Epoch 168, Train Loss: 0.006518888406865641, Test Loss: 0.007422211879332151, Inverse Test Loss: 0.048527074711663384 
2025-01-10 18:21:46,735 INFO: Epoch 169, Train Loss: 0.0064821915504514075, Test Loss: 0.006592239369638264, Inverse Test Loss: 0.041140041181019375 
2025-01-10 18:21:46,949 INFO: Epoch 170, Train Loss: 0.006156528244700727, Test Loss: 0.007840060529166035, Inverse Test Loss: 0.05618012377193996 
2025-01-10 18:21:47,153 INFO: Epoch 171, Train Loss: 0.006255663790389759, Test Loss: 0.005739326705224812, Inverse Test Loss: 0.032204576901027133 
2025-01-10 18:21:47,359 INFO: Epoch 172, Train Loss: 0.0059550913358363535, Test Loss: 0.008495754745256687, Inverse Test Loss: 0.05249487927981785 
2025-01-10 18:21:47,566 INFO: Epoch 173, Train Loss: 0.0062652147639918766, Test Loss: 0.009058604299622987, Inverse Test Loss: 0.04958455903189523 
2025-01-10 18:21:47,784 INFO: Epoch 174, Train Loss: 0.0063650178159117155, Test Loss: 0.006735941262117454, Inverse Test Loss: 0.040457389184406826 
2025-01-10 18:21:48,107 INFO: Epoch 175, Train Loss: 0.00633819256012046, Test Loss: 0.008484521631284483, Inverse Test Loss: 0.04350331851414272 
2025-01-10 18:21:48,374 INFO: Epoch 176, Train Loss: 0.0062303181626586195, Test Loss: 0.008164851127990655, Inverse Test Loss: 0.03776760186467852 
2025-01-10 18:21:48,616 INFO: Epoch 177, Train Loss: 0.005992097399889602, Test Loss: 0.008339690493552812, Inverse Test Loss: 0.058851233550480435 
2025-01-10 18:21:48,827 INFO: Epoch 178, Train Loss: 0.0063777742821962465, Test Loss: 0.0057101153402722305, Inverse Test Loss: 0.03967796904700143 
2025-01-10 18:21:49,031 INFO: Epoch 179, Train Loss: 0.0059039461118844125, Test Loss: 0.00649279379285872, Inverse Test Loss: 0.04198503920010158 
2025-01-10 18:21:49,236 INFO: Epoch 180, Train Loss: 0.006375563574459301, Test Loss: 0.00729497626889497, Inverse Test Loss: 0.04262504407337734 
2025-01-10 18:21:49,436 INFO: Epoch 181, Train Loss: 0.006650462353584964, Test Loss: 0.007994502832713937, Inverse Test Loss: 0.03865617087909153 
2025-01-10 18:21:49,642 INFO: Epoch 182, Train Loss: 0.006329674732982429, Test Loss: 0.006275888948169138, Inverse Test Loss: 0.04477803196225848 
2025-01-10 18:21:49,844 INFO: Epoch 183, Train Loss: 0.005446718732288124, Test Loss: 0.006790928775444627, Inverse Test Loss: 0.03732078416006906 
2025-01-10 18:21:50,038 INFO: Epoch 184, Train Loss: 0.0061256541494587695, Test Loss: 0.006621298430088375, Inverse Test Loss: 0.03863979237420218 
2025-01-10 18:21:50,281 INFO: Epoch 185, Train Loss: 0.005870548606670778, Test Loss: 0.0066298355148839095, Inverse Test Loss: 0.043158339602606635 
2025-01-10 18:21:50,530 INFO: Epoch 186, Train Loss: 0.005981215374082874, Test Loss: 0.006266685718271349, Inverse Test Loss: 0.031532428094318936 
2025-01-10 18:21:50,798 INFO: Epoch 187, Train Loss: 0.005825750440051523, Test Loss: 0.00730421776617212, Inverse Test Loss: 0.03541454885687147 
2025-01-10 18:21:51,068 INFO: Epoch 188, Train Loss: 0.005852075176176812, Test Loss: 0.006826804152556828, Inverse Test Loss: 0.03653591445514134 
2025-01-10 18:21:51,268 INFO: Epoch 189, Train Loss: 0.006002711815708274, Test Loss: 0.0067769707446651796, Inverse Test Loss: 0.039963871240615845 
2025-01-10 18:21:51,567 INFO: Epoch 190, Train Loss: 0.005986408232241322, Test Loss: 0.006428407704723733, Inverse Test Loss: 0.04430924143110003 
2025-01-10 18:21:51,811 INFO: Epoch 191, Train Loss: 0.005839925370426899, Test Loss: 0.0070019925478845835, Inverse Test Loss: 0.04726638538496835 
2025-01-10 18:21:52,045 INFO: Epoch 192, Train Loss: 0.005788443981746741, Test Loss: 0.006999751286847251, Inverse Test Loss: 0.03963908553123474 
2025-01-10 18:21:52,265 INFO: Epoch 193, Train Loss: 0.0058225799851768885, Test Loss: 0.008579723370660628, Inverse Test Loss: 0.04051492043903896 
2025-01-10 18:21:52,510 INFO: Epoch 194, Train Loss: 0.005733187459921891, Test Loss: 0.006314791472894805, Inverse Test Loss: 0.03602887051446097 
2025-01-10 18:21:52,749 INFO: Epoch 195, Train Loss: 0.006194745856892625, Test Loss: 0.006627107820739704, Inverse Test Loss: 0.03670672859464373 
2025-01-10 18:21:52,986 INFO: Epoch 196, Train Loss: 0.005979515216954121, Test Loss: 0.006395334993222994, Inverse Test Loss: 0.03750726580619812 
2025-01-10 18:21:53,192 INFO: Epoch 197, Train Loss: 0.0059580956799311375, Test Loss: 0.007144306071235665, Inverse Test Loss: 0.053732803889683316 
2025-01-10 18:21:53,394 INFO: Epoch 198, Train Loss: 0.005450251879631926, Test Loss: 0.005508381889999977, Inverse Test Loss: 0.033529500876154215 
2025-01-10 18:21:53,593 INFO: Epoch 199, Train Loss: 0.005991455987779373, Test Loss: 0.0071387061616405845, Inverse Test Loss: 0.04117490989821298 
2025-01-10 18:21:53,792 INFO: Epoch 200, Train Loss: 0.005335911525276686, Test Loss: 0.004997082861206893, Inverse Test Loss: 0.027544828397887095 
2025-01-10 18:21:53,792 INFO: Best Epoch 200, Best Test Loss: 0.004997082861206893 
2025-01-10 18:21:53,993 INFO: Epoch 201, Train Loss: 0.00571432955127312, Test Loss: 0.005663090185927493, Inverse Test Loss: 0.028677667890276228 
2025-01-10 18:21:54,199 INFO: Epoch 202, Train Loss: 0.005306375165974055, Test Loss: 0.00621880657438721, Inverse Test Loss: 0.044993962560381205 
2025-01-10 18:21:54,405 INFO: Epoch 203, Train Loss: 0.005292074861637222, Test Loss: 0.006808224267193249, Inverse Test Loss: 0.043347175632204325 
2025-01-10 18:21:54,610 INFO: Epoch 204, Train Loss: 0.0059846650612532, Test Loss: 0.005486782490541893, Inverse Test Loss: 0.02969456570489066 
2025-01-10 18:21:54,817 INFO: Epoch 205, Train Loss: 0.005460739387797379, Test Loss: 0.007405370241031051, Inverse Test Loss: 0.03825696451323373 
2025-01-10 18:21:55,025 INFO: Epoch 206, Train Loss: 0.006036702453782526, Test Loss: 0.007827173136839909, Inverse Test Loss: 0.027677421058927263 
2025-01-10 18:21:55,233 INFO: Epoch 207, Train Loss: 0.006073068964098572, Test Loss: 0.007425196302522506, Inverse Test Loss: 0.04095183525766645 
2025-01-10 18:21:55,453 INFO: Epoch 208, Train Loss: 0.005426196402810309, Test Loss: 0.005675776079962296, Inverse Test Loss: 0.02614858959402357 
2025-01-10 18:21:55,655 INFO: Epoch 209, Train Loss: 0.005204670163247427, Test Loss: 0.007643474033102393, Inverse Test Loss: 0.03559274332863944 
2025-01-10 18:21:55,862 INFO: Epoch 210, Train Loss: 0.00554615433900318, Test Loss: 0.005514870946561652, Inverse Test Loss: 0.028654141085488454 
2025-01-10 18:21:56,071 INFO: Epoch 211, Train Loss: 0.00504443549909928, Test Loss: 0.007316801314508277, Inverse Test Loss: 0.03494220120566232 
2025-01-10 18:21:56,288 INFO: Epoch 212, Train Loss: 0.005771035606195347, Test Loss: 0.005771452694066933, Inverse Test Loss: 0.038244434765407016 
2025-01-10 18:21:56,505 INFO: Epoch 213, Train Loss: 0.005864642103364981, Test Loss: 0.005720254532726747, Inverse Test Loss: 0.0443415641784668 
2025-01-10 18:21:56,698 INFO: Epoch 214, Train Loss: 0.005247017563055825, Test Loss: 0.005626333985544209, Inverse Test Loss: 0.021934349622045244 
2025-01-10 18:21:56,906 INFO: Epoch 215, Train Loss: 0.005258204784979104, Test Loss: 0.005621292595086353, Inverse Test Loss: 0.04203787871769497 
2025-01-10 18:21:57,111 INFO: Epoch 216, Train Loss: 0.005297878364083964, Test Loss: 0.00770812325312623, Inverse Test Loss: 0.03354415936129434 
2025-01-10 18:21:57,318 INFO: Epoch 217, Train Loss: 0.00633622822992572, Test Loss: 0.008493182748290045, Inverse Test Loss: 0.05300207223211016 
2025-01-10 18:21:57,518 INFO: Epoch 218, Train Loss: 0.005485151627382964, Test Loss: 0.005760832523394909, Inverse Test Loss: 0.030927807092666626 
2025-01-10 18:21:57,726 INFO: Epoch 219, Train Loss: 0.005367858559662186, Test Loss: 0.0070383937231131965, Inverse Test Loss: 0.033938618642943244 
2025-01-10 18:21:57,938 INFO: Epoch 220, Train Loss: 0.005135309771386856, Test Loss: 0.0070829087136579415, Inverse Test Loss: 0.03688432914870126 
2025-01-10 18:21:58,147 INFO: Epoch 221, Train Loss: 0.006098673057340838, Test Loss: 0.006050312442571989, Inverse Test Loss: 0.032392024993896484 
2025-01-10 18:21:58,358 INFO: Epoch 222, Train Loss: 0.005668527760688181, Test Loss: 0.005376785760745406, Inverse Test Loss: 0.03554909144129072 
2025-01-10 18:21:58,582 INFO: Epoch 223, Train Loss: 0.005091761426846368, Test Loss: 0.005593791354580649, Inverse Test Loss: 0.03412070657525744 
2025-01-10 18:21:58,798 INFO: Epoch 224, Train Loss: 0.005327230434728052, Test Loss: 0.007328537542239896, Inverse Test Loss: 0.0354252564055579 
2025-01-10 18:21:59,001 INFO: Epoch 225, Train Loss: 0.00518611245446864, Test Loss: 0.006155468124364104, Inverse Test Loss: 0.03983372024127415 
2025-01-10 18:21:59,224 INFO: Epoch 226, Train Loss: 0.005586817525241763, Test Loss: 0.005812764749862254, Inverse Test Loss: 0.03342750455651965 
2025-01-10 18:21:59,433 INFO: Epoch 227, Train Loss: 0.0048503414813189875, Test Loss: 0.005486802015054438, Inverse Test Loss: 0.03129376896790096 
2025-01-10 18:21:59,636 INFO: Epoch 228, Train Loss: 0.004921206155655171, Test Loss: 0.0066706095073771265, Inverse Test Loss: 0.0241732725075313 
2025-01-10 18:21:59,876 INFO: Epoch 229, Train Loss: 0.005466111504190832, Test Loss: 0.006145388486662081, Inverse Test Loss: 0.04909634590148926 
2025-01-10 18:22:00,079 INFO: Epoch 230, Train Loss: 0.0058180679985826165, Test Loss: 0.005646050259071801, Inverse Test Loss: 0.042468053953988213 
2025-01-10 18:22:00,301 INFO: Epoch 231, Train Loss: 0.006034187750395285, Test Loss: 0.0063878979334341624, Inverse Test Loss: 0.043792907680783956 
2025-01-10 18:22:00,508 INFO: Epoch 232, Train Loss: 0.005641848872065407, Test Loss: 0.006186253324683223, Inverse Test Loss: 0.03297716166291918 
2025-01-10 18:22:00,715 INFO: Epoch 233, Train Loss: 0.005263476782059724, Test Loss: 0.006419276070248868, Inverse Test Loss: 0.04749012419155666 
2025-01-10 18:22:00,921 INFO: Epoch 234, Train Loss: 0.005251842576566092, Test Loss: 0.005721041217579373, Inverse Test Loss: 0.03814294934272766 
2025-01-10 18:22:01,144 INFO: Epoch 235, Train Loss: 0.005486942289414209, Test Loss: 0.005495557262163077, Inverse Test Loss: 0.03242171236446926 
2025-01-10 18:22:01,359 INFO: Epoch 236, Train Loss: 0.004734372271549538, Test Loss: 0.005701082309574953, Inverse Test Loss: 0.026910903198378428 
2025-01-10 18:22:01,584 INFO: Epoch 237, Train Loss: 0.004942135445329301, Test Loss: 0.005440528255089053, Inverse Test Loss: 0.0349785110780171 
2025-01-10 18:22:01,789 INFO: Epoch 238, Train Loss: 0.004973364237764287, Test Loss: 0.005299647854241941, Inverse Test Loss: 0.022021336214882985 
2025-01-10 18:22:02,004 INFO: Epoch 239, Train Loss: 0.005445930418994175, Test Loss: 0.006596181857665735, Inverse Test Loss: 0.03744343348911831 
2025-01-10 18:22:02,204 INFO: Epoch 240, Train Loss: 0.005444097785501305, Test Loss: 0.005669564224912652, Inverse Test Loss: 0.03357522402490888 
2025-01-10 18:22:02,429 INFO: Epoch 241, Train Loss: 0.004982924018345705, Test Loss: 0.00641724089759269, Inverse Test Loss: 0.04157442280224392 
2025-01-10 18:22:02,631 INFO: Epoch 242, Train Loss: 0.0058982271419137445, Test Loss: 0.006018303733851228, Inverse Test Loss: 0.04000797016280038 
2025-01-10 18:22:02,851 INFO: Epoch 243, Train Loss: 0.006076646451795593, Test Loss: 0.007696099213457533, Inverse Test Loss: 0.03994367803846087 
2025-01-10 18:22:03,058 INFO: Epoch 244, Train Loss: 0.00516539812942437, Test Loss: 0.005346115029949162, Inverse Test Loss: 0.037245750427246094 
2025-01-10 18:22:03,270 INFO: Epoch 245, Train Loss: 0.005250044743778235, Test Loss: 0.005927105716961835, Inverse Test Loss: 0.0415110034602029 
2025-01-10 18:22:03,469 INFO: Epoch 246, Train Loss: 0.005230305280638944, Test Loss: 0.006567148092601981, Inverse Test Loss: 0.035727573292596 
2025-01-10 18:22:03,738 INFO: Epoch 247, Train Loss: 0.005380804887588281, Test Loss: 0.005795679870061576, Inverse Test Loss: 0.04101196357182094 
2025-01-10 18:22:04,023 INFO: Epoch 248, Train Loss: 0.005296553741422815, Test Loss: 0.005855867339830313, Inverse Test Loss: 0.02801941122327532 
2025-01-10 18:22:04,241 INFO: Epoch 249, Train Loss: 0.0051445662889868845, Test Loss: 0.005604384965928537, Inverse Test Loss: 0.03251049986907414 
2025-01-10 18:22:04,458 INFO: Epoch 250, Train Loss: 0.00533025181604498, Test Loss: 0.007084562892227301, Inverse Test Loss: 0.03630360960960388 
2025-01-10 18:22:04,669 INFO: Epoch 251, Train Loss: 0.00535666121494606, Test Loss: 0.005911845115146467, Inverse Test Loss: 0.030235880187579563 
2025-01-10 18:22:04,877 INFO: Epoch 252, Train Loss: 0.00518742670228175, Test Loss: 0.005579722729245467, Inverse Test Loss: 0.029306777885981967 
2025-01-10 18:22:05,093 INFO: Epoch 253, Train Loss: 0.005301839590858702, Test Loss: 0.005720756332656103, Inverse Test Loss: 0.03418268050466265 
2025-01-10 18:22:05,298 INFO: Epoch 254, Train Loss: 0.0049828665348094535, Test Loss: 0.0056967490485736304, Inverse Test Loss: 0.036136048180716376 
2025-01-10 18:22:05,539 INFO: Epoch 255, Train Loss: 0.005025656447412634, Test Loss: 0.005230652002085533, Inverse Test Loss: 0.02872794440814427 
2025-01-10 18:22:05,777 INFO: Epoch 256, Train Loss: 0.005639027816952642, Test Loss: 0.006442031440591174, Inverse Test Loss: 0.035511753388813565 
2025-01-10 18:22:05,992 INFO: Epoch 257, Train Loss: 0.005078341220206487, Test Loss: 0.006923781242221594, Inverse Test Loss: 0.032496582184519084 
2025-01-10 18:22:06,200 INFO: Epoch 258, Train Loss: 0.005189745763846494, Test Loss: 0.006387122174991029, Inverse Test Loss: 0.04056441358157566 
2025-01-10 18:22:06,414 INFO: Epoch 259, Train Loss: 0.005638665162932572, Test Loss: 0.006876691710203886, Inverse Test Loss: 0.026850828102656772 
2025-01-10 18:22:06,637 INFO: Epoch 260, Train Loss: 0.005112615456685014, Test Loss: 0.006123710107723517, Inverse Test Loss: 0.020535004990441457 
2025-01-10 18:22:06,850 INFO: Epoch 261, Train Loss: 0.00510102706969878, Test Loss: 0.0063869675255513614, Inverse Test Loss: 0.04903224962098258 
2025-01-10 18:22:07,098 INFO: Epoch 262, Train Loss: 0.0053880696906921785, Test Loss: 0.005500733935540276, Inverse Test Loss: 0.03735420959336417 
2025-01-10 18:22:07,329 INFO: Epoch 263, Train Loss: 0.004625059356656643, Test Loss: 0.00603864634675639, Inverse Test Loss: 0.04425280008997236 
2025-01-10 18:22:07,577 INFO: Epoch 264, Train Loss: 0.004997906253732946, Test Loss: 0.005783277646904545, Inverse Test Loss: 0.03219507847513471 
2025-01-10 18:22:07,810 INFO: Epoch 265, Train Loss: 0.005413389497718543, Test Loss: 0.006568382028490305, Inverse Test Loss: 0.03406710071223123 
2025-01-10 18:22:08,015 INFO: Epoch 266, Train Loss: 0.004928856105500951, Test Loss: 0.005415983198742781, Inverse Test Loss: 0.03424499077456338 
2025-01-10 18:22:08,236 INFO: Epoch 267, Train Loss: 0.004930550046692337, Test Loss: 0.006142484872335834, Inverse Test Loss: 0.032960321222032817 
2025-01-10 18:22:08,444 INFO: Epoch 268, Train Loss: 0.005292906165293871, Test Loss: 0.006124529455389295, Inverse Test Loss: 0.028215197580201284 
2025-01-10 18:22:08,681 INFO: Epoch 269, Train Loss: 0.004721153864995876, Test Loss: 0.005876124187904809, Inverse Test Loss: 0.03343514885221209 
2025-01-10 18:22:08,895 INFO: Epoch 270, Train Loss: 0.005011823186394545, Test Loss: 0.0051854000609767225, Inverse Test Loss: 0.025140051330838884 
2025-01-10 18:22:09,130 INFO: Epoch 271, Train Loss: 0.005251647022322094, Test Loss: 0.006909203000499734, Inverse Test Loss: 0.04619574972561428 
2025-01-10 18:22:09,356 INFO: Epoch 272, Train Loss: 0.005227563375128655, Test Loss: 0.006338527575800461, Inverse Test Loss: 0.03739128368241446 
2025-01-10 18:22:09,566 INFO: Epoch 273, Train Loss: 0.005450260443100279, Test Loss: 0.005533946794457734, Inverse Test Loss: 0.038448410374777656 
2025-01-10 18:22:09,777 INFO: Epoch 274, Train Loss: 0.005227736334119915, Test Loss: 0.005905335053934583, Inverse Test Loss: 0.0402358387197767 
2025-01-10 18:22:09,978 INFO: Epoch 275, Train Loss: 0.005065246414683691, Test Loss: 0.005290497609946344, Inverse Test Loss: 0.02901187539100647 
2025-01-10 18:22:10,178 INFO: Epoch 276, Train Loss: 0.004883236168465073, Test Loss: 0.0056855530211968085, Inverse Test Loss: 0.033556610345840454 
2025-01-10 18:22:10,382 INFO: Epoch 277, Train Loss: 0.005039151038103011, Test Loss: 0.005016990870769534, Inverse Test Loss: 0.030030480452946255 
2025-01-10 18:22:10,586 INFO: Epoch 278, Train Loss: 0.0062109636390633, Test Loss: 0.005741602159105241, Inverse Test Loss: 0.02725487095969064 
2025-01-10 18:22:10,806 INFO: Epoch 279, Train Loss: 0.004743768169262677, Test Loss: 0.005146544376787331, Inverse Test Loss: 0.023504448788506643 
2025-01-10 18:22:11,009 INFO: Epoch 280, Train Loss: 0.0051755509830566995, Test Loss: 0.006134497400905404, Inverse Test Loss: 0.04460820981434414 
2025-01-10 18:22:11,237 INFO: Epoch 281, Train Loss: 0.004809910696375807, Test Loss: 0.00687443621323577, Inverse Test Loss: 0.030159454260553633 
2025-01-10 18:22:11,514 INFO: Epoch 282, Train Loss: 0.004930171703304583, Test Loss: 0.0065902759753433725, Inverse Test Loss: 0.030937884535108293 
2025-01-10 18:22:11,709 INFO: Epoch 283, Train Loss: 0.00476850024552657, Test Loss: 0.005493187545133489, Inverse Test Loss: 0.032456240483692715 
2025-01-10 18:22:11,927 INFO: Epoch 284, Train Loss: 0.00486547902328979, Test Loss: 0.006455509823613933, Inverse Test Loss: 0.04073890617915562 
2025-01-10 18:22:12,129 INFO: Epoch 285, Train Loss: 0.005196940777567002, Test Loss: 0.0058489105265055385, Inverse Test Loss: 0.02805117198399135 
2025-01-10 18:22:12,334 INFO: Epoch 286, Train Loss: 0.005158353233795374, Test Loss: 0.006507723642114017, Inverse Test Loss: 0.037427152906145365 
2025-01-10 18:22:12,538 INFO: Epoch 287, Train Loss: 0.0049747941831827435, Test Loss: 0.0047320278411331984, Inverse Test Loss: 0.024844691157341003 
2025-01-10 18:22:12,742 INFO: Epoch 288, Train Loss: 0.0055825334499427755, Test Loss: 0.006906997811581407, Inverse Test Loss: 0.034239351749420166 
2025-01-10 18:22:12,978 INFO: Epoch 289, Train Loss: 0.0053956111072810415, Test Loss: 0.007262533796685082, Inverse Test Loss: 0.0436416140624455 
2025-01-10 18:22:13,256 INFO: Epoch 290, Train Loss: 0.004956439049880302, Test Loss: 0.004372407441093985, Inverse Test Loss: 0.02410851206098284 
2025-01-10 18:22:13,469 INFO: Epoch 291, Train Loss: 0.004696132066240961, Test Loss: 0.005910307684514139, Inverse Test Loss: 0.035718560218811035 
2025-01-10 18:22:13,673 INFO: Epoch 292, Train Loss: 0.005062652298958477, Test Loss: 0.005610018236828702, Inverse Test Loss: 0.04329813378197806 
2025-01-10 18:22:13,876 INFO: Epoch 293, Train Loss: 0.005249497974120559, Test Loss: 0.007530071855788785, Inverse Test Loss: 0.03330684985433306 
2025-01-10 18:22:14,064 INFO: Epoch 294, Train Loss: 0.005203895076442886, Test Loss: 0.004995217563451401, Inverse Test Loss: 0.02810039903436388 
2025-01-10 18:22:14,273 INFO: Epoch 295, Train Loss: 0.004386453944847945, Test Loss: 0.004874437232501805, Inverse Test Loss: 0.03118166753223964 
2025-01-10 18:22:14,487 INFO: Epoch 296, Train Loss: 0.004863071281018607, Test Loss: 0.005591942995254483, Inverse Test Loss: 0.033129208854266574 
2025-01-10 18:22:14,720 INFO: Epoch 297, Train Loss: 0.0045255838675475725, Test Loss: 0.005175576121213713, Inverse Test Loss: 0.03366370499134064 
2025-01-10 18:22:14,933 INFO: Epoch 298, Train Loss: 0.005392691411009622, Test Loss: 0.004940572086655136, Inverse Test Loss: 0.031935274600982666 
2025-01-10 18:22:15,158 INFO: Epoch 299, Train Loss: 0.00482138232199834, Test Loss: 0.006570234778337181, Inverse Test Loss: 0.037523124899183004 
2025-01-10 18:22:15,378 INFO: Epoch 300, Train Loss: 0.004822474425880734, Test Loss: 0.0050221160303668255, Inverse Test Loss: 0.024062427026884898 
2025-01-10 18:22:15,379 INFO: Best Epoch 290, Best Test Loss: 0.004372407441093985 
2025-01-10 18:22:15,600 INFO: Epoch 301, Train Loss: 0.004772126070146851, Test Loss: 0.007601996368196394, Inverse Test Loss: 0.03379856262888227 
2025-01-10 18:22:15,817 INFO: Epoch 302, Train Loss: 0.0050975807361441465, Test Loss: 0.006395298970996269, Inverse Test Loss: 0.030439155442374095 
2025-01-10 18:22:16,065 INFO: Epoch 303, Train Loss: 0.004815897274198472, Test Loss: 0.005069554766773113, Inverse Test Loss: 0.02990645808832986 
2025-01-10 18:22:16,298 INFO: Epoch 304, Train Loss: 0.0050865125355370544, Test Loss: 0.005869405111297965, Inverse Test Loss: 0.036078495638711114 
2025-01-10 18:22:16,594 INFO: Epoch 305, Train Loss: 0.004654041476496453, Test Loss: 0.004440275819173881, Inverse Test Loss: 0.021559753588267734 
2025-01-10 18:22:16,854 INFO: Epoch 306, Train Loss: 0.005338567415884602, Test Loss: 0.005927283100650779, Inverse Test Loss: 0.0376938453742436 
2025-01-10 18:22:17,085 INFO: Epoch 307, Train Loss: 0.004531272373016958, Test Loss: 0.005241561132217092, Inverse Test Loss: 0.02889050543308258 
2025-01-10 18:22:17,280 INFO: Epoch 308, Train Loss: 0.004813712647765738, Test Loss: 0.00611083019923951, Inverse Test Loss: 0.029048883489200046 
2025-01-10 18:22:17,481 INFO: Epoch 309, Train Loss: 0.004866756990107648, Test Loss: 0.007776069937140814, Inverse Test Loss: 0.04013894711221967 
2025-01-10 18:22:17,685 INFO: Epoch 310, Train Loss: 0.005043325439488532, Test Loss: 0.006044227230761733, Inverse Test Loss: 0.03517992581639971 
2025-01-10 18:22:17,906 INFO: Epoch 311, Train Loss: 0.004499157237042801, Test Loss: 0.005523451986456556, Inverse Test Loss: 0.029657240424837385 
2025-01-10 18:22:18,121 INFO: Epoch 312, Train Loss: 0.004608301791883663, Test Loss: 0.005521924999941673, Inverse Test Loss: 0.035533051405634196 
2025-01-10 18:22:18,327 INFO: Epoch 313, Train Loss: 0.004806756620816545, Test Loss: 0.005880835249886981, Inverse Test Loss: 0.04361271858215332 
2025-01-10 18:22:18,534 INFO: Epoch 314, Train Loss: 0.005296366665204731, Test Loss: 0.005983754476931479, Inverse Test Loss: 0.02937682398727962 
2025-01-10 18:22:18,781 INFO: Epoch 315, Train Loss: 0.005404363602075145, Test Loss: 0.006726150733551809, Inverse Test Loss: 0.040112512452261787 
2025-01-10 18:22:19,000 INFO: Epoch 316, Train Loss: 0.004991624805512368, Test Loss: 0.0056964125750320295, Inverse Test Loss: 0.031240916677883694 
2025-01-10 18:22:19,219 INFO: Epoch 317, Train Loss: 0.004903843737455136, Test Loss: 0.005572435479345066, Inverse Test Loss: 0.03446553647518158 
2025-01-10 18:22:19,439 INFO: Epoch 318, Train Loss: 0.004870510794683744, Test Loss: 0.006457528797909617, Inverse Test Loss: 0.031602061220577786 
2025-01-10 18:22:19,642 INFO: Epoch 319, Train Loss: 0.004700433740546124, Test Loss: 0.004677237061384533, Inverse Test Loss: 0.02518574893474579 
2025-01-10 18:22:19,862 INFO: Epoch 320, Train Loss: 0.004794677100016163, Test Loss: 0.006143108924983868, Inverse Test Loss: 0.033792738403592794 
2025-01-10 18:22:20,080 INFO: Epoch 321, Train Loss: 0.005201080414560547, Test Loss: 0.006097358784505299, Inverse Test Loss: 0.02606293559074402 
2025-01-10 18:22:20,300 INFO: Epoch 322, Train Loss: 0.004639509488580698, Test Loss: 0.006352856206441564, Inverse Test Loss: 0.03870659215109689 
2025-01-10 18:22:20,503 INFO: Epoch 323, Train Loss: 0.004628133041562017, Test Loss: 0.004508474126591214, Inverse Test Loss: 0.02359706163406372 
