2025-01-09 15:09:16,582 INFO: namespace(depth=2, grid_size=3, name='KAN', spline_order=5) 
2025-01-09 15:09:16,582 INFO: Dataset:winequality 
2025-01-09 15:09:16,582 INFO: ------Begin Training Model------ 
2025-01-09 15:09:18,620 INFO: Epoch 1, Train Loss: 1.0050466060638428, Test Loss: 0.9545962885022163, Inverse Test Loss: 0.08697383850812912 
2025-01-09 15:09:18,803 INFO: Epoch 2, Train Loss: 0.9527214534821049, Test Loss: 0.9089154899120331, Inverse Test Loss: 0.08247940242290497 
2025-01-09 15:09:18,989 INFO: Epoch 3, Train Loss: 0.9084124834306778, Test Loss: 0.8676569610834122, Inverse Test Loss: 0.0797690600156784 
2025-01-09 15:09:19,186 INFO: Epoch 4, Train Loss: 0.8696289081727305, Test Loss: 0.8404539376497269, Inverse Test Loss: 0.07870560139417648 
2025-01-09 15:09:19,395 INFO: Epoch 5, Train Loss: 0.8436756230169727, Test Loss: 0.8264949470758438, Inverse Test Loss: 0.07863730937242508 
2025-01-09 15:09:19,593 INFO: Epoch 6, Train Loss: 0.8243277361316066, Test Loss: 0.8189919665455818, Inverse Test Loss: 0.07898133248090744 
2025-01-09 15:09:19,778 INFO: Epoch 7, Train Loss: 0.8171724696313182, Test Loss: 0.813159815967083, Inverse Test Loss: 0.07885488867759705 
2025-01-09 15:09:19,959 INFO: Epoch 8, Train Loss: 0.8059927013612562, Test Loss: 0.8093728423118591, Inverse Test Loss: 0.07837361842393875 
2025-01-09 15:09:20,152 INFO: Epoch 9, Train Loss: 0.8017187599212893, Test Loss: 0.805472195148468, Inverse Test Loss: 0.07812879979610443 
2025-01-09 15:09:20,337 INFO: Epoch 10, Train Loss: 0.796868255061488, Test Loss: 0.8021924644708633, Inverse Test Loss: 0.07781653106212616 
2025-01-09 15:09:20,520 INFO: Epoch 11, Train Loss: 0.7931341451983298, Test Loss: 0.801464132964611, Inverse Test Loss: 0.07773585617542267 
2025-01-09 15:09:20,702 INFO: Epoch 12, Train Loss: 0.7899162807772236, Test Loss: 0.7994131520390511, Inverse Test Loss: 0.07710493355989456 
2025-01-09 15:09:20,887 INFO: Epoch 13, Train Loss: 0.7856181859970093, Test Loss: 0.7968276664614677, Inverse Test Loss: 0.077486552298069 
2025-01-09 15:09:21,069 INFO: Epoch 14, Train Loss: 0.7832396203471769, Test Loss: 0.7962782084941864, Inverse Test Loss: 0.07751354575157166 
2025-01-09 15:09:21,251 INFO: Epoch 15, Train Loss: 0.7830342977277694, Test Loss: 0.7953614741563797, Inverse Test Loss: 0.0774102434515953 
2025-01-09 15:09:21,435 INFO: Epoch 16, Train Loss: 0.7786307719445997, Test Loss: 0.7936180680990219, Inverse Test Loss: 0.07679349929094315 
2025-01-09 15:09:21,620 INFO: Epoch 17, Train Loss: 0.7776256838152485, Test Loss: 0.7923739030957222, Inverse Test Loss: 0.07689297944307327 
2025-01-09 15:09:21,805 INFO: Epoch 18, Train Loss: 0.7775212987776725, Test Loss: 0.7915922999382019, Inverse Test Loss: 0.07693305611610413 
2025-01-09 15:09:21,987 INFO: Epoch 19, Train Loss: 0.7753813420572588, Test Loss: 0.7890867218375206, Inverse Test Loss: 0.07713210582733154 
2025-01-09 15:09:22,171 INFO: Epoch 20, Train Loss: 0.773536543692312, Test Loss: 0.790671668946743, Inverse Test Loss: 0.0776945948600769 
2025-01-09 15:09:22,363 INFO: Epoch 21, Train Loss: 0.7693693503256767, Test Loss: 0.7876694202423096, Inverse Test Loss: 0.07721598446369171 
2025-01-09 15:09:22,549 INFO: Epoch 22, Train Loss: 0.7689920836879361, Test Loss: 0.7870654538273811, Inverse Test Loss: 0.07671072334051132 
2025-01-09 15:09:22,737 INFO: Epoch 23, Train Loss: 0.7663299845110986, Test Loss: 0.78823671489954, Inverse Test Loss: 0.07654707133769989 
2025-01-09 15:09:22,916 INFO: Epoch 24, Train Loss: 0.7673549844372657, Test Loss: 0.785151943564415, Inverse Test Loss: 0.07693443447351456 
2025-01-09 15:09:23,109 INFO: Epoch 25, Train Loss: 0.7616390585899353, Test Loss: 0.7845572084188461, Inverse Test Loss: 0.07658126205205917 
2025-01-09 15:09:23,290 INFO: Epoch 26, Train Loss: 0.7612728457297048, Test Loss: 0.783458448946476, Inverse Test Loss: 0.0767931193113327 
2025-01-09 15:09:23,476 INFO: Epoch 27, Train Loss: 0.7605349363819245, Test Loss: 0.7828362956643105, Inverse Test Loss: 0.07621346414089203 
2025-01-09 15:09:23,657 INFO: Epoch 28, Train Loss: 0.7563352084928944, Test Loss: 0.7820221185684204, Inverse Test Loss: 0.07635001093149185 
2025-01-09 15:09:23,846 INFO: Epoch 29, Train Loss: 0.7565196637184389, Test Loss: 0.779881201684475, Inverse Test Loss: 0.07617313414812088 
2025-01-09 15:09:24,030 INFO: Epoch 30, Train Loss: 0.7551058376989057, Test Loss: 0.7799384444952011, Inverse Test Loss: 0.07675329595804214 
2025-01-09 15:09:24,220 INFO: Epoch 31, Train Loss: 0.751527726650238, Test Loss: 0.7784612029790878, Inverse Test Loss: 0.07513900101184845 
2025-01-09 15:09:24,402 INFO: Epoch 32, Train Loss: 0.7511021783274989, Test Loss: 0.7786922976374626, Inverse Test Loss: 0.07499250769615173 
2025-01-09 15:09:24,584 INFO: Epoch 33, Train Loss: 0.7513017116054412, Test Loss: 0.7776612788438797, Inverse Test Loss: 0.07502645999193192 
2025-01-09 15:09:24,765 INFO: Epoch 34, Train Loss: 0.7467383146286011, Test Loss: 0.7762671932578087, Inverse Test Loss: 0.07487586885690689 
2025-01-09 15:09:24,949 INFO: Epoch 35, Train Loss: 0.7469049538335493, Test Loss: 0.7735269665718079, Inverse Test Loss: 0.07525745034217834 
2025-01-09 15:09:25,152 INFO: Epoch 36, Train Loss: 0.7460115475039328, Test Loss: 0.7747922241687775, Inverse Test Loss: 0.07512874156236649 
2025-01-09 15:09:25,353 INFO: Epoch 37, Train Loss: 0.744087326911188, Test Loss: 0.7737881019711494, Inverse Test Loss: 0.07456013560295105 
2025-01-09 15:09:25,555 INFO: Epoch 38, Train Loss: 0.7411880781573634, Test Loss: 0.7730817049741745, Inverse Test Loss: 0.07460258156061172 
2025-01-09 15:09:25,752 INFO: Epoch 39, Train Loss: 0.7394554826521105, Test Loss: 0.7730698734521866, Inverse Test Loss: 0.07473194599151611 
2025-01-09 15:09:25,935 INFO: Epoch 40, Train Loss: 0.7395164312854889, Test Loss: 0.7718663066625595, Inverse Test Loss: 0.07450807094573975 
2025-01-09 15:09:26,126 INFO: Epoch 41, Train Loss: 0.7373329881698855, Test Loss: 0.7708417698740959, Inverse Test Loss: 0.0744461640715599 
2025-01-09 15:09:26,327 INFO: Epoch 42, Train Loss: 0.7362181832713466, Test Loss: 0.7702322155237198, Inverse Test Loss: 0.07469545304775238 
2025-01-09 15:09:26,527 INFO: Epoch 43, Train Loss: 0.736380732828571, Test Loss: 0.769268773496151, Inverse Test Loss: 0.07464464008808136 
2025-01-09 15:09:26,746 INFO: Epoch 44, Train Loss: 0.7342541967668841, Test Loss: 0.7694553658366203, Inverse Test Loss: 0.07507298141717911 
2025-01-09 15:09:26,982 INFO: Epoch 45, Train Loss: 0.7307960083407741, Test Loss: 0.7669291123747826, Inverse Test Loss: 0.07502701878547668 
2025-01-09 15:09:27,205 INFO: Epoch 46, Train Loss: 0.7326875482836077, Test Loss: 0.7700181975960732, Inverse Test Loss: 0.07416388392448425 
2025-01-09 15:09:27,434 INFO: Epoch 47, Train Loss: 0.7279519746380467, Test Loss: 0.7681724801659584, Inverse Test Loss: 0.07464220374822617 
2025-01-09 15:09:27,651 INFO: Epoch 48, Train Loss: 0.7248854541009472, Test Loss: 0.7666606307029724, Inverse Test Loss: 0.07444167882204056 
2025-01-09 15:09:27,853 INFO: Epoch 49, Train Loss: 0.7279664681803796, Test Loss: 0.7666618078947067, Inverse Test Loss: 0.07544966042041779 
2025-01-09 15:09:28,055 INFO: Epoch 50, Train Loss: 0.7248563651115664, Test Loss: 0.7663542404770851, Inverse Test Loss: 0.07447107136249542 
2025-01-09 15:09:28,259 INFO: Epoch 51, Train Loss: 0.7241386944247831, Test Loss: 0.7651278153061867, Inverse Test Loss: 0.07492106407880783 
2025-01-09 15:09:28,450 INFO: Epoch 52, Train Loss: 0.7240493259122295, Test Loss: 0.7670675367116928, Inverse Test Loss: 0.07534778118133545 
2025-01-09 15:09:28,642 INFO: Epoch 53, Train Loss: 0.7212797326426352, Test Loss: 0.7645141184329987, Inverse Test Loss: 0.07444363832473755 
2025-01-09 15:09:28,830 INFO: Epoch 54, Train Loss: 0.7205227190448392, Test Loss: 0.7671460881829262, Inverse Test Loss: 0.07402099668979645 
2025-01-09 15:09:29,023 INFO: Epoch 55, Train Loss: 0.7184174368458409, Test Loss: 0.763259619474411, Inverse Test Loss: 0.07482214272022247 
2025-01-09 15:09:29,216 INFO: Epoch 56, Train Loss: 0.7185346080410865, Test Loss: 0.7637051418423653, Inverse Test Loss: 0.07448157668113708 
2025-01-09 15:09:29,409 INFO: Epoch 57, Train Loss: 0.7159017747448336, Test Loss: 0.7647492215037346, Inverse Test Loss: 0.07410120218992233 
2025-01-09 15:09:29,600 INFO: Epoch 58, Train Loss: 0.7156499008978566, Test Loss: 0.763882465660572, Inverse Test Loss: 0.07437415421009064 
2025-01-09 15:09:29,798 INFO: Epoch 59, Train Loss: 0.7103823750249801, Test Loss: 0.7634665817022324, Inverse Test Loss: 0.07484647631645203 
2025-01-09 15:09:29,991 INFO: Epoch 60, Train Loss: 0.7131928666945426, Test Loss: 0.7648857459425926, Inverse Test Loss: 0.0741327777504921 
2025-01-09 15:09:30,247 INFO: Epoch 61, Train Loss: 0.710604315803897, Test Loss: 0.7647542431950569, Inverse Test Loss: 0.07408536970615387 
2025-01-09 15:09:30,500 INFO: Epoch 62, Train Loss: 0.7086636674019599, Test Loss: 0.7636171504855156, Inverse Test Loss: 0.07437390834093094 
2025-01-09 15:09:30,755 INFO: Epoch 63, Train Loss: 0.7090099896154096, Test Loss: 0.7648045569658279, Inverse Test Loss: 0.07574105262756348 
2025-01-09 15:09:30,980 INFO: Epoch 64, Train Loss: 0.7076319167690892, Test Loss: 0.7639306262135506, Inverse Test Loss: 0.07438357919454575 
2025-01-09 15:09:31,254 INFO: Epoch 65, Train Loss: 0.7070328227935299, Test Loss: 0.7632848396897316, Inverse Test Loss: 0.07413888722658157 
2025-01-09 15:09:31,506 INFO: Epoch 66, Train Loss: 0.7053378512782436, Test Loss: 0.7625252828001976, Inverse Test Loss: 0.07422806322574615 
2025-01-09 15:09:31,773 INFO: Epoch 67, Train Loss: 0.7038819116930808, Test Loss: 0.7628485187888145, Inverse Test Loss: 0.07424839586019516 
2025-01-09 15:09:32,042 INFO: Epoch 68, Train Loss: 0.6999654866033985, Test Loss: 0.7623831406235695, Inverse Test Loss: 0.0743212029337883 
2025-01-09 15:09:32,266 INFO: Epoch 69, Train Loss: 0.6997618732913848, Test Loss: 0.7632676213979721, Inverse Test Loss: 0.07457036525011063 
2025-01-09 15:09:32,493 INFO: Epoch 70, Train Loss: 0.7005405041479296, Test Loss: 0.761966697871685, Inverse Test Loss: 0.07471739500761032 
2025-01-09 15:09:32,740 INFO: Epoch 71, Train Loss: 0.6971990273844811, Test Loss: 0.761449322104454, Inverse Test Loss: 0.07481169700622559 
2025-01-09 15:09:32,977 INFO: Epoch 72, Train Loss: 0.6968522206429513, Test Loss: 0.764252096414566, Inverse Test Loss: 0.0734303668141365 
2025-01-09 15:09:33,243 INFO: Epoch 73, Train Loss: 0.6954837825990492, Test Loss: 0.7605601772665977, Inverse Test Loss: 0.07421742379665375 
2025-01-09 15:09:33,482 INFO: Epoch 74, Train Loss: 0.6938837401328548, Test Loss: 0.7611226439476013, Inverse Test Loss: 0.07420077919960022 
2025-01-09 15:09:33,733 INFO: Epoch 75, Train Loss: 0.6942676305770874, Test Loss: 0.7617721036076546, Inverse Test Loss: 0.07400655001401901 
2025-01-09 15:09:33,996 INFO: Epoch 76, Train Loss: 0.6905466914176941, Test Loss: 0.761160634458065, Inverse Test Loss: 0.07463312894105911 
2025-01-09 15:09:34,219 INFO: Epoch 77, Train Loss: 0.6909254866261636, Test Loss: 0.7608917877078056, Inverse Test Loss: 0.07399339973926544 
2025-01-09 15:09:34,430 INFO: Epoch 78, Train Loss: 0.6879067094095291, Test Loss: 0.7594282031059265, Inverse Test Loss: 0.07371017336845398 
2025-01-09 15:09:34,672 INFO: Epoch 79, Train Loss: 0.6877517738649922, Test Loss: 0.7596543356776237, Inverse Test Loss: 0.07447689771652222 
2025-01-09 15:09:34,885 INFO: Epoch 80, Train Loss: 0.684425865450213, Test Loss: 0.7588784173130989, Inverse Test Loss: 0.07499097287654877 
2025-01-09 15:09:35,096 INFO: Epoch 81, Train Loss: 0.6878890010618395, Test Loss: 0.7589677348732948, Inverse Test Loss: 0.07439541816711426 
2025-01-09 15:09:35,317 INFO: Epoch 82, Train Loss: 0.6836116929208079, Test Loss: 0.7588859498500824, Inverse Test Loss: 0.07357554137706757 
2025-01-09 15:09:35,523 INFO: Epoch 83, Train Loss: 0.6825253828879325, Test Loss: 0.7590415552258492, Inverse Test Loss: 0.07389924675226212 
2025-01-09 15:09:35,824 INFO: Epoch 84, Train Loss: 0.6822256119020523, Test Loss: 0.7583976536989212, Inverse Test Loss: 0.07335897535085678 
2025-01-09 15:09:36,045 INFO: Epoch 85, Train Loss: 0.6791625503570803, Test Loss: 0.7593768835067749, Inverse Test Loss: 0.07383967936038971 
2025-01-09 15:09:36,311 INFO: Epoch 86, Train Loss: 0.6791069699871924, Test Loss: 0.7597664222121239, Inverse Test Loss: 0.07415667921304703 
2025-01-09 15:09:36,509 INFO: Epoch 87, Train Loss: 0.6775360318922228, Test Loss: 0.7578040137887001, Inverse Test Loss: 0.0742252990603447 
2025-01-09 15:09:36,734 INFO: Epoch 88, Train Loss: 0.6753231863821706, Test Loss: 0.7599038779735565, Inverse Test Loss: 0.07391314208507538 
2025-01-09 15:09:36,971 INFO: Epoch 89, Train Loss: 0.6771526394351837, Test Loss: 0.7572667375206947, Inverse Test Loss: 0.07485415786504745 
2025-01-09 15:09:37,181 INFO: Epoch 90, Train Loss: 0.6761191506539622, Test Loss: 0.7567876353859901, Inverse Test Loss: 0.0742938369512558 
2025-01-09 15:09:37,400 INFO: Epoch 91, Train Loss: 0.6744914054870605, Test Loss: 0.7563609108328819, Inverse Test Loss: 0.07470013201236725 
2025-01-09 15:09:37,655 INFO: Epoch 92, Train Loss: 0.6729121535055099, Test Loss: 0.7573404237627983, Inverse Test Loss: 0.0746619775891304 
2025-01-09 15:09:37,871 INFO: Epoch 93, Train Loss: 0.6719930518058038, Test Loss: 0.7577797695994377, Inverse Test Loss: 0.074869304895401 
2025-01-09 15:09:38,093 INFO: Epoch 94, Train Loss: 0.6698824032660453, Test Loss: 0.7601121962070465, Inverse Test Loss: 0.07403621822595596 
2025-01-09 15:09:38,300 INFO: Epoch 95, Train Loss: 0.6698593401139782, Test Loss: 0.7570823431015015, Inverse Test Loss: 0.07475598901510239 
2025-01-09 15:09:38,511 INFO: Epoch 96, Train Loss: 0.6677603260163338, Test Loss: 0.7576278299093246, Inverse Test Loss: 0.07565661519765854 
2025-01-09 15:09:38,726 INFO: Epoch 97, Train Loss: 0.6680312579677951, Test Loss: 0.7573772668838501, Inverse Test Loss: 0.07608024030923843 
2025-01-09 15:09:38,992 INFO: Epoch 98, Train Loss: 0.6653675667701229, Test Loss: 0.7578448802232742, Inverse Test Loss: 0.07527441531419754 
2025-01-09 15:09:39,257 INFO: Epoch 99, Train Loss: 0.6642276990798212, Test Loss: 0.7616838738322258, Inverse Test Loss: 0.07513421773910522 
2025-01-09 15:09:39,504 INFO: Epoch 100, Train Loss: 0.6642715488710711, Test Loss: 0.7580557316541672, Inverse Test Loss: 0.0755387470126152 
2025-01-09 15:09:39,504 INFO: Best Epoch 91, Best Test Loss: 0.7563609108328819 
2025-01-09 15:09:39,723 INFO: Epoch 101, Train Loss: 0.6624067887183158, Test Loss: 0.7577540203928947, Inverse Test Loss: 0.0762556791305542 
2025-01-09 15:09:39,995 INFO: Epoch 102, Train Loss: 0.6616565700500242, Test Loss: 0.758535698056221, Inverse Test Loss: 0.07582111656665802 
2025-01-09 15:09:40,233 INFO: Epoch 103, Train Loss: 0.6607803644672516, Test Loss: 0.7587093263864517, Inverse Test Loss: 0.07596166431903839 
2025-01-09 15:09:40,508 INFO: Epoch 104, Train Loss: 0.6589820115796982, Test Loss: 0.7599074840545654, Inverse Test Loss: 0.07622101902961731 
2025-01-09 15:09:40,730 INFO: Epoch 105, Train Loss: 0.6594624596257364, Test Loss: 0.7636493965983391, Inverse Test Loss: 0.0780191570520401 
2025-01-09 15:09:40,955 INFO: Epoch 106, Train Loss: 0.6568037463772681, Test Loss: 0.7623837515711784, Inverse Test Loss: 0.078459732234478 
2025-01-09 15:09:41,197 INFO: Epoch 107, Train Loss: 0.6553647979613273, Test Loss: 0.7614234387874603, Inverse Test Loss: 0.0770515725016594 
2025-01-09 15:09:41,452 INFO: Epoch 108, Train Loss: 0.654481166793454, Test Loss: 0.7616984397172928, Inverse Test Loss: 0.07713373750448227 
2025-01-09 15:09:41,667 INFO: Epoch 109, Train Loss: 0.6541646084477825, Test Loss: 0.7611341997981071, Inverse Test Loss: 0.0768488198518753 
2025-01-09 15:09:41,897 INFO: Epoch 110, Train Loss: 0.6530567023061937, Test Loss: 0.763507105410099, Inverse Test Loss: 0.07632783055305481 
2025-01-09 15:09:42,223 INFO: Epoch 111, Train Loss: 0.6525146692029892, Test Loss: 0.76194878667593, Inverse Test Loss: 0.07770907878875732 
2025-01-09 15:09:42,445 INFO: Epoch 112, Train Loss: 0.6494861206700725, Test Loss: 0.764218233525753, Inverse Test Loss: 0.07766483724117279 
2025-01-09 15:09:42,662 INFO: Epoch 113, Train Loss: 0.64883098102385, Test Loss: 0.7624882832169533, Inverse Test Loss: 0.07786981761455536 
2025-01-09 15:09:42,891 INFO: Epoch 114, Train Loss: 0.6495303857711053, Test Loss: 0.7629371136426926, Inverse Test Loss: 0.07771731913089752 
2025-01-09 15:09:43,118 INFO: Epoch 115, Train Loss: 0.6488227575056015, Test Loss: 0.7629922032356262, Inverse Test Loss: 0.07831091433763504 
2025-01-09 15:09:43,337 INFO: Epoch 116, Train Loss: 0.6458221693192759, Test Loss: 0.7642591074109077, Inverse Test Loss: 0.07853782176971436 
2025-01-09 15:09:43,576 INFO: Epoch 117, Train Loss: 0.6440553395978866, Test Loss: 0.764458179473877, Inverse Test Loss: 0.078077033162117 
2025-01-09 15:09:43,816 INFO: Epoch 118, Train Loss: 0.6462692272278571, Test Loss: 0.7646588757634163, Inverse Test Loss: 0.07848452776670456 
2025-01-09 15:09:44,056 INFO: Epoch 119, Train Loss: 0.6409616220381952, Test Loss: 0.7655958384275436, Inverse Test Loss: 0.07818103581666946 
2025-01-09 15:09:44,281 INFO: Epoch 120, Train Loss: 0.6443494692925484, Test Loss: 0.7653262987732887, Inverse Test Loss: 0.07870695739984512 
2025-01-09 15:09:44,504 INFO: Epoch 121, Train Loss: 0.6402645784039651, Test Loss: 0.7652509659528732, Inverse Test Loss: 0.07946505397558212 
2025-01-09 15:09:44,742 INFO: Epoch 122, Train Loss: 0.6406130617664706, Test Loss: 0.7674071118235588, Inverse Test Loss: 0.07949624955654144 
2025-01-09 15:09:44,991 INFO: Epoch 123, Train Loss: 0.6391316556161449, Test Loss: 0.7658446356654167, Inverse Test Loss: 0.0795096680521965 
2025-01-09 15:09:45,205 INFO: Epoch 124, Train Loss: 0.6361816506231984, Test Loss: 0.7665009573101997, Inverse Test Loss: 0.07928184419870377 
2025-01-09 15:09:45,417 INFO: Epoch 125, Train Loss: 0.6369347283917088, Test Loss: 0.7665767967700958, Inverse Test Loss: 0.079666368663311 
2025-01-09 15:09:45,672 INFO: Epoch 126, Train Loss: 0.6346801038711302, Test Loss: 0.7680476307868958, Inverse Test Loss: 0.07913439720869064 
2025-01-09 15:09:45,936 INFO: Epoch 127, Train Loss: 0.6355591839359652, Test Loss: 0.7673547714948654, Inverse Test Loss: 0.07999227941036224 
2025-01-09 15:09:46,185 INFO: Epoch 128, Train Loss: 0.6332207514393714, Test Loss: 0.7685452997684479, Inverse Test Loss: 0.07978911697864532 
2025-01-09 15:09:46,421 INFO: Epoch 129, Train Loss: 0.6309028960043385, Test Loss: 0.7720814123749733, Inverse Test Loss: 0.07981076091527939 
2025-01-09 15:09:46,680 INFO: Epoch 130, Train Loss: 0.6322256615084987, Test Loss: 0.7698456346988678, Inverse Test Loss: 0.07948963344097137 
2025-01-09 15:09:46,909 INFO: Epoch 131, Train Loss: 0.6316735090747956, Test Loss: 0.7692025005817413, Inverse Test Loss: 0.08093460649251938 
2025-01-09 15:09:47,137 INFO: Epoch 132, Train Loss: 0.630608772077868, Test Loss: 0.7694498375058174, Inverse Test Loss: 0.08063551038503647 
2025-01-09 15:09:47,356 INFO: Epoch 133, Train Loss: 0.628638546313009, Test Loss: 0.7698171809315681, Inverse Test Loss: 0.08110503852367401 
2025-01-09 15:09:47,577 INFO: Epoch 134, Train Loss: 0.6275377158195742, Test Loss: 0.7699840143322945, Inverse Test Loss: 0.08018910139799118 
2025-01-09 15:09:47,816 INFO: Epoch 135, Train Loss: 0.6261754516632326, Test Loss: 0.7687631398439407, Inverse Test Loss: 0.08056175708770752 
2025-01-09 15:09:48,029 INFO: Epoch 136, Train Loss: 0.6275217110110868, Test Loss: 0.768618144094944, Inverse Test Loss: 0.08183299750089645 
2025-01-09 15:09:48,241 INFO: Epoch 137, Train Loss: 0.62619565186962, Test Loss: 0.7710801810026169, Inverse Test Loss: 0.0809989869594574 
2025-01-09 15:09:48,458 INFO: Epoch 138, Train Loss: 0.6242131763888944, Test Loss: 0.771822102367878, Inverse Test Loss: 0.08165572583675385 
2025-01-09 15:09:48,660 INFO: Epoch 139, Train Loss: 0.6243526627940517, Test Loss: 0.7713010236620903, Inverse Test Loss: 0.08150650560855865 
2025-01-09 15:09:48,878 INFO: Epoch 140, Train Loss: 0.6249835010497801, Test Loss: 0.7715632244944572, Inverse Test Loss: 0.08196568489074707 
2025-01-09 15:09:49,138 INFO: Epoch 141, Train Loss: 0.6222516202157543, Test Loss: 0.7735320031642914, Inverse Test Loss: 0.08123837411403656 
2025-01-09 15:09:49,357 INFO: Epoch 142, Train Loss: 0.6205860318676117, Test Loss: 0.7699087634682655, Inverse Test Loss: 0.08190922439098358 
2025-01-09 15:09:49,627 INFO: Epoch 143, Train Loss: 0.6190447461220526, Test Loss: 0.7730683907866478, Inverse Test Loss: 0.08157630264759064 
2025-01-09 15:09:49,903 INFO: Epoch 144, Train Loss: 0.6199850516934549, Test Loss: 0.7740073129534721, Inverse Test Loss: 0.08261455595493317 
2025-01-09 15:09:50,173 INFO: Epoch 145, Train Loss: 0.6167828652166552, Test Loss: 0.772297278046608, Inverse Test Loss: 0.08241105824708939 
2025-01-09 15:09:50,390 INFO: Epoch 146, Train Loss: 0.619744933420612, Test Loss: 0.7723031640052795, Inverse Test Loss: 0.08227162063121796 
2025-01-09 15:09:50,627 INFO: Epoch 147, Train Loss: 0.6178333355534461, Test Loss: 0.7729021310806274, Inverse Test Loss: 0.08263032883405685 
2025-01-09 15:09:50,859 INFO: Epoch 148, Train Loss: 0.6162716554057214, Test Loss: 0.7738734260201454, Inverse Test Loss: 0.08261147886514664 
2025-01-09 15:09:51,116 INFO: Epoch 149, Train Loss: 0.6172131088472181, Test Loss: 0.7749419063329697, Inverse Test Loss: 0.08256112039089203 
2025-01-09 15:09:51,360 INFO: Epoch 150, Train Loss: 0.6152190931381718, Test Loss: 0.7778247818350792, Inverse Test Loss: 0.08316919207572937 
2025-01-09 15:09:51,597 INFO: Epoch 151, Train Loss: 0.614416592544125, Test Loss: 0.7742565646767616, Inverse Test Loss: 0.08339255303144455 
2025-01-09 15:09:51,816 INFO: Epoch 152, Train Loss: 0.6124299274336907, Test Loss: 0.7748342901468277, Inverse Test Loss: 0.0832446813583374 
2025-01-09 15:09:52,038 INFO: Epoch 153, Train Loss: 0.6117988796003403, Test Loss: 0.7751024290919304, Inverse Test Loss: 0.08349838107824326 
2025-01-09 15:09:52,235 INFO: Epoch 154, Train Loss: 0.6145324187894021, Test Loss: 0.7747008129954338, Inverse Test Loss: 0.08364585041999817 
2025-01-09 15:09:52,436 INFO: Epoch 155, Train Loss: 0.6097995081255513, Test Loss: 0.7735704630613327, Inverse Test Loss: 0.08356177061796188 
2025-01-09 15:09:52,631 INFO: Epoch 156, Train Loss: 0.609376520879807, Test Loss: 0.7764877304434776, Inverse Test Loss: 0.08451258391141891 
2025-01-09 15:09:52,817 INFO: Epoch 157, Train Loss: 0.6064115916529009, Test Loss: 0.7793468162417412, Inverse Test Loss: 0.08378443121910095 
2025-01-09 15:09:53,009 INFO: Epoch 158, Train Loss: 0.6098590243247247, Test Loss: 0.7763236612081528, Inverse Test Loss: 0.08342637121677399 
2025-01-09 15:09:53,207 INFO: Epoch 159, Train Loss: 0.6074061855193107, Test Loss: 0.7762693166732788, Inverse Test Loss: 0.08400684595108032 
2025-01-09 15:09:53,392 INFO: Epoch 160, Train Loss: 0.6052679842518222, Test Loss: 0.7769538462162018, Inverse Test Loss: 0.0849093422293663 
2025-01-09 15:09:53,573 INFO: Epoch 161, Train Loss: 0.6045213514758695, Test Loss: 0.7749248817563057, Inverse Test Loss: 0.08457815647125244 
2025-01-09 15:09:53,753 INFO: Epoch 162, Train Loss: 0.6028154934606245, Test Loss: 0.7789524719119072, Inverse Test Loss: 0.08421964943408966 
2025-01-09 15:09:53,939 INFO: Epoch 163, Train Loss: 0.6039520828954635, Test Loss: 0.7801725417375565, Inverse Test Loss: 0.08371444791555405 
2025-01-09 15:09:54,137 INFO: Epoch 164, Train Loss: 0.6040776420024133, Test Loss: 0.7776239290833473, Inverse Test Loss: 0.08525418490171432 
2025-01-09 15:09:54,333 INFO: Epoch 165, Train Loss: 0.6047807912672719, Test Loss: 0.7780740708112717, Inverse Test Loss: 0.0848255529999733 
2025-01-09 15:09:54,535 INFO: Epoch 166, Train Loss: 0.6008810458644744, Test Loss: 0.7759010493755341, Inverse Test Loss: 0.08459223061800003 
2025-01-09 15:09:54,738 INFO: Epoch 167, Train Loss: 0.599036245576797, Test Loss: 0.7760418802499771, Inverse Test Loss: 0.08554838597774506 
2025-01-09 15:09:54,934 INFO: Epoch 168, Train Loss: 0.6007102958617672, Test Loss: 0.7777073979377747, Inverse Test Loss: 0.0852687805891037 
2025-01-09 15:09:55,132 INFO: Epoch 169, Train Loss: 0.598490297794342, Test Loss: 0.77781792730093, Inverse Test Loss: 0.08509112894535065 
2025-01-09 15:09:55,340 INFO: Epoch 170, Train Loss: 0.5977275909916047, Test Loss: 0.779238298535347, Inverse Test Loss: 0.085296131670475 
2025-01-09 15:09:55,556 INFO: Epoch 171, Train Loss: 0.59807284608964, Test Loss: 0.7783193811774254, Inverse Test Loss: 0.08517247438430786 
2025-01-09 15:09:55,753 INFO: Epoch 172, Train Loss: 0.5948426108206472, Test Loss: 0.7812882587313652, Inverse Test Loss: 0.08531629294157028 
2025-01-09 15:09:55,954 INFO: Epoch 173, Train Loss: 0.5951146214239059, Test Loss: 0.7794136628508568, Inverse Test Loss: 0.08594416826963425 
2025-01-09 15:09:56,147 INFO: Epoch 174, Train Loss: 0.5956759404751563, Test Loss: 0.7803860157728195, Inverse Test Loss: 0.0854995921254158 
2025-01-09 15:09:56,335 INFO: Epoch 175, Train Loss: 0.5942570394085299, Test Loss: 0.7802768498659134, Inverse Test Loss: 0.08488237112760544 
2025-01-09 15:09:56,519 INFO: Epoch 176, Train Loss: 0.5954426603932534, Test Loss: 0.7778796553611755, Inverse Test Loss: 0.08568491041660309 
2025-01-09 15:09:56,723 INFO: Epoch 177, Train Loss: 0.5908629596233368, Test Loss: 0.7792345285415649, Inverse Test Loss: 0.08586861938238144 
2025-01-09 15:09:56,944 INFO: Epoch 178, Train Loss: 0.5923415787758366, Test Loss: 0.7800737619400024, Inverse Test Loss: 0.08586330711841583 
2025-01-09 15:09:57,178 INFO: Epoch 179, Train Loss: 0.5921732648726432, Test Loss: 0.7788168862462044, Inverse Test Loss: 0.08588504046201706 
2025-01-09 15:09:57,402 INFO: Epoch 180, Train Loss: 0.5889678001403809, Test Loss: 0.7780135571956635, Inverse Test Loss: 0.0864349752664566 
2025-01-09 15:09:57,663 INFO: Epoch 181, Train Loss: 0.591728889173077, Test Loss: 0.7838728427886963, Inverse Test Loss: 0.0866006463766098 
2025-01-09 15:09:57,898 INFO: Epoch 182, Train Loss: 0.5870013265840469, Test Loss: 0.7812273800373077, Inverse Test Loss: 0.08679742366075516 
2025-01-09 15:09:58,118 INFO: Epoch 183, Train Loss: 0.5888292654868095, Test Loss: 0.7795678302645683, Inverse Test Loss: 0.0865638330578804 
2025-01-09 15:09:58,333 INFO: Epoch 184, Train Loss: 0.5865646177722562, Test Loss: 0.7787376716732979, Inverse Test Loss: 0.08600162714719772 
2025-01-09 15:09:58,543 INFO: Epoch 185, Train Loss: 0.5861237462489836, Test Loss: 0.783520869910717, Inverse Test Loss: 0.08703266829252243 
2025-01-09 15:09:58,771 INFO: Epoch 186, Train Loss: 0.5844890359909304, Test Loss: 0.7783664688467979, Inverse Test Loss: 0.0866331160068512 
2025-01-09 15:09:59,006 INFO: Epoch 187, Train Loss: 0.5855967844686201, Test Loss: 0.7810201421380043, Inverse Test Loss: 0.08708362281322479 
2025-01-09 15:09:59,256 INFO: Epoch 188, Train Loss: 0.5837939910350307, Test Loss: 0.7789627313613892, Inverse Test Loss: 0.08627360314130783 
2025-01-09 15:09:59,483 INFO: Epoch 189, Train Loss: 0.5848223393963229, Test Loss: 0.7786665335297585, Inverse Test Loss: 0.08689399808645248 
2025-01-09 15:09:59,699 INFO: Epoch 190, Train Loss: 0.5808611512184143, Test Loss: 0.7813587337732315, Inverse Test Loss: 0.08737827092409134 
2025-01-09 15:09:59,921 INFO: Epoch 191, Train Loss: 0.5823783836057109, Test Loss: 0.7821750193834305, Inverse Test Loss: 0.08780167996883392 
2025-01-09 15:10:00,167 INFO: Epoch 192, Train Loss: 0.5812902892789533, Test Loss: 0.780571699142456, Inverse Test Loss: 0.08757655322551727 
2025-01-09 15:10:00,442 INFO: Epoch 193, Train Loss: 0.5782039511588312, Test Loss: 0.7815402299165726, Inverse Test Loss: 0.08704253286123276 
2025-01-09 15:10:00,688 INFO: Epoch 194, Train Loss: 0.5799957850287037, Test Loss: 0.7802543267607689, Inverse Test Loss: 0.08724767714738846 
2025-01-09 15:10:00,930 INFO: Epoch 195, Train Loss: 0.57813149498355, Test Loss: 0.781836174428463, Inverse Test Loss: 0.08731856942176819 
2025-01-09 15:10:01,145 INFO: Epoch 196, Train Loss: 0.5772449893336142, Test Loss: 0.7846939861774445, Inverse Test Loss: 0.08742523193359375 
2025-01-09 15:10:01,400 INFO: Epoch 197, Train Loss: 0.5775138062815512, Test Loss: 0.7817843705415726, Inverse Test Loss: 0.08711530268192291 
2025-01-09 15:10:01,640 INFO: Epoch 198, Train Loss: 0.5757047908921396, Test Loss: 0.7811470702290535, Inverse Test Loss: 0.08753231912851334 
2025-01-09 15:10:01,884 INFO: Epoch 199, Train Loss: 0.5766673318801387, Test Loss: 0.7861079946160316, Inverse Test Loss: 0.08791462332010269 
2025-01-09 15:10:02,130 INFO: Epoch 200, Train Loss: 0.5758816407572839, Test Loss: 0.7823775336146355, Inverse Test Loss: 0.0871470719575882 
2025-01-09 15:10:02,130 INFO: Best Epoch 91, Best Test Loss: 0.7563609108328819 
2025-01-09 15:10:02,363 INFO: Epoch 201, Train Loss: 0.5767101885810975, Test Loss: 0.7832546159625053, Inverse Test Loss: 0.08739740401506424 
2025-01-09 15:10:02,573 INFO: Epoch 202, Train Loss: 0.5744914489407693, Test Loss: 0.7841595858335495, Inverse Test Loss: 0.08776574581861496 
2025-01-09 15:10:02,815 INFO: Epoch 203, Train Loss: 0.5730166204514042, Test Loss: 0.7838492020964622, Inverse Test Loss: 0.08751121908426285 
2025-01-09 15:10:03,026 INFO: Epoch 204, Train Loss: 0.5726455046284583, Test Loss: 0.7845800444483757, Inverse Test Loss: 0.08689563721418381 
2025-01-09 15:10:03,243 INFO: Epoch 205, Train Loss: 0.5696540109572872, Test Loss: 0.7867626547813416, Inverse Test Loss: 0.08782990276813507 
2025-01-09 15:10:03,474 INFO: Epoch 206, Train Loss: 0.5699581090481051, Test Loss: 0.7838625982403755, Inverse Test Loss: 0.08803895860910416 
2025-01-09 15:10:03,703 INFO: Epoch 207, Train Loss: 0.5687505199063209, Test Loss: 0.7835483327507973, Inverse Test Loss: 0.08765357732772827 
2025-01-09 15:10:03,920 INFO: Epoch 208, Train Loss: 0.5687385922478091, Test Loss: 0.7840164750814438, Inverse Test Loss: 0.08687958866357803 
2025-01-09 15:10:04,136 INFO: Epoch 209, Train Loss: 0.5663344994668038, Test Loss: 0.7844613194465637, Inverse Test Loss: 0.08798699080944061 
2025-01-09 15:10:04,365 INFO: Epoch 210, Train Loss: 0.5679637674362429, Test Loss: 0.7861788049340248, Inverse Test Loss: 0.08759632706642151 
2025-01-09 15:10:04,607 INFO: Epoch 211, Train Loss: 0.5692909590659603, Test Loss: 0.7846475914120674, Inverse Test Loss: 0.08760269731283188 
2025-01-09 15:10:04,859 INFO: Epoch 212, Train Loss: 0.5659968314632293, Test Loss: 0.7846402078866959, Inverse Test Loss: 0.08744628727436066 
2025-01-09 15:10:05,085 INFO: Epoch 213, Train Loss: 0.564968075483076, Test Loss: 0.785615086555481, Inverse Test Loss: 0.08780064433813095 
2025-01-09 15:10:05,314 INFO: Epoch 214, Train Loss: 0.5659726310160852, Test Loss: 0.7881834730505943, Inverse Test Loss: 0.08862840384244919 
2025-01-09 15:10:05,536 INFO: Epoch 215, Train Loss: 0.5648154058764058, Test Loss: 0.787670224905014, Inverse Test Loss: 0.08839162439107895 
2025-01-09 15:10:05,768 INFO: Epoch 216, Train Loss: 0.5632253077722364, Test Loss: 0.7874096110463142, Inverse Test Loss: 0.08806126564741135 
2025-01-09 15:10:05,978 INFO: Epoch 217, Train Loss: 0.5625855230516003, Test Loss: 0.7890612557530403, Inverse Test Loss: 0.08814538270235062 
2025-01-09 15:10:06,220 INFO: Epoch 218, Train Loss: 0.5627868858075911, Test Loss: 0.7901599928736687, Inverse Test Loss: 0.08855600655078888 
2025-01-09 15:10:06,490 INFO: Epoch 219, Train Loss: 0.5601167053945603, Test Loss: 0.7883732169866562, Inverse Test Loss: 0.08726591616868973 
2025-01-09 15:10:06,731 INFO: Epoch 220, Train Loss: 0.5610636530383941, Test Loss: 0.7922047972679138, Inverse Test Loss: 0.08818769454956055 
2025-01-09 15:10:06,956 INFO: Epoch 221, Train Loss: 0.5586051056461949, Test Loss: 0.7880602478981018, Inverse Test Loss: 0.08758397400379181 
2025-01-09 15:10:07,212 INFO: Epoch 222, Train Loss: 0.5574652571831981, Test Loss: 0.7889173626899719, Inverse Test Loss: 0.08875854313373566 
2025-01-09 15:10:07,420 INFO: Epoch 223, Train Loss: 0.5604874299418542, Test Loss: 0.7909666076302528, Inverse Test Loss: 0.0882885605096817 
2025-01-09 15:10:07,646 INFO: Epoch 224, Train Loss: 0.5563469231128693, Test Loss: 0.7896019071340561, Inverse Test Loss: 0.08766182512044907 
2025-01-09 15:10:07,850 INFO: Epoch 225, Train Loss: 0.5568273384724894, Test Loss: 0.7898809611797333, Inverse Test Loss: 0.08778702467679977 
2025-01-09 15:10:08,087 INFO: Epoch 226, Train Loss: 0.5561279308411383, Test Loss: 0.791455514729023, Inverse Test Loss: 0.08852370083332062 
2025-01-09 15:10:08,336 INFO: Epoch 227, Train Loss: 0.5538450239166137, Test Loss: 0.7901276648044586, Inverse Test Loss: 0.08784127235412598 
2025-01-09 15:10:08,576 INFO: Epoch 228, Train Loss: 0.553021103143692, Test Loss: 0.7915281057357788, Inverse Test Loss: 0.08809269964694977 
2025-01-09 15:10:08,792 INFO: Epoch 229, Train Loss: 0.5541000510415723, Test Loss: 0.7936922311782837, Inverse Test Loss: 0.0885840654373169 
2025-01-09 15:10:09,018 INFO: Epoch 230, Train Loss: 0.5545168990089048, Test Loss: 0.7937586605548859, Inverse Test Loss: 0.08889161050319672 
2025-01-09 15:10:09,232 INFO: Epoch 231, Train Loss: 0.551708472351874, Test Loss: 0.79474937915802, Inverse Test Loss: 0.08827072381973267 
2025-01-09 15:10:09,453 INFO: Epoch 232, Train Loss: 0.5507080016597625, Test Loss: 0.7946678400039673, Inverse Test Loss: 0.08841123431921005 
2025-01-09 15:10:09,719 INFO: Epoch 233, Train Loss: 0.549991540370449, Test Loss: 0.7945701107382774, Inverse Test Loss: 0.08897297084331512 
2025-01-09 15:10:09,974 INFO: Epoch 234, Train Loss: 0.5499718035421064, Test Loss: 0.7950534299015999, Inverse Test Loss: 0.0886409804224968 
2025-01-09 15:10:10,187 INFO: Epoch 235, Train Loss: 0.5495423501537692, Test Loss: 0.7966794595122337, Inverse Test Loss: 0.08894455432891846 
2025-01-09 15:10:10,400 INFO: Epoch 236, Train Loss: 0.5482037163549854, Test Loss: 0.7957823425531387, Inverse Test Loss: 0.08822835236787796 
2025-01-09 15:10:10,649 INFO: Epoch 237, Train Loss: 0.5480758442032722, Test Loss: 0.7951455116271973, Inverse Test Loss: 0.08795543015003204 
2025-01-09 15:10:10,859 INFO: Epoch 238, Train Loss: 0.548756234107479, Test Loss: 0.7978008091449738, Inverse Test Loss: 0.08899466693401337 
2025-01-09 15:10:11,073 INFO: Epoch 239, Train Loss: 0.5469632821698343, Test Loss: 0.7980869710445404, Inverse Test Loss: 0.08820898830890656 
2025-01-09 15:10:11,312 INFO: Epoch 240, Train Loss: 0.5462082287957591, Test Loss: 0.7997247204184532, Inverse Test Loss: 0.0888466015458107 
2025-01-09 15:10:11,594 INFO: Epoch 241, Train Loss: 0.5448228159258443, Test Loss: 0.8008826673030853, Inverse Test Loss: 0.08804307132959366 
2025-01-09 15:10:11,817 INFO: Epoch 242, Train Loss: 0.5449166836277131, Test Loss: 0.8003844246268272, Inverse Test Loss: 0.08818022161722183 
2025-01-09 15:10:12,031 INFO: Epoch 243, Train Loss: 0.5445744924006923, Test Loss: 0.7988021299242973, Inverse Test Loss: 0.08840062469244003 
2025-01-09 15:10:12,243 INFO: Epoch 244, Train Loss: 0.5423607845460215, Test Loss: 0.7997652813792229, Inverse Test Loss: 0.08823519200086594 
2025-01-09 15:10:12,472 INFO: Epoch 245, Train Loss: 0.5431527889543964, Test Loss: 0.7998088300228119, Inverse Test Loss: 0.08869612216949463 
2025-01-09 15:10:12,717 INFO: Epoch 246, Train Loss: 0.5436484111893561, Test Loss: 0.8042446449398994, Inverse Test Loss: 0.0888081043958664 
2025-01-09 15:10:12,954 INFO: Epoch 247, Train Loss: 0.5401559174060822, Test Loss: 0.8030517771840096, Inverse Test Loss: 0.08870749920606613 
2025-01-09 15:10:13,167 INFO: Epoch 248, Train Loss: 0.5424653945430633, Test Loss: 0.7994780465960503, Inverse Test Loss: 0.08773768693208694 
2025-01-09 15:10:13,382 INFO: Epoch 249, Train Loss: 0.542195281674785, Test Loss: 0.8047420755028725, Inverse Test Loss: 0.08882254362106323 
2025-01-09 15:10:13,595 INFO: Epoch 250, Train Loss: 0.5393693206771728, Test Loss: 0.802526205778122, Inverse Test Loss: 0.08832808583974838 
2025-01-09 15:10:13,806 INFO: Epoch 251, Train Loss: 0.5363295616642121, Test Loss: 0.8006474077701569, Inverse Test Loss: 0.08873017877340317 
2025-01-09 15:10:14,013 INFO: Epoch 252, Train Loss: 0.5377868711948395, Test Loss: 0.8020162433385849, Inverse Test Loss: 0.08826348185539246 
2025-01-09 15:10:14,229 INFO: Epoch 253, Train Loss: 0.537482226087201, Test Loss: 0.7998220100998878, Inverse Test Loss: 0.08785208314657211 
2025-01-09 15:10:14,445 INFO: Epoch 254, Train Loss: 0.5367264305391619, Test Loss: 0.8058604225516319, Inverse Test Loss: 0.08830347657203674 
2025-01-09 15:10:14,654 INFO: Epoch 255, Train Loss: 0.5382151690221602, Test Loss: 0.8019165620207787, Inverse Test Loss: 0.08862104266881943 
2025-01-09 15:10:14,867 INFO: Epoch 256, Train Loss: 0.5360679693760411, Test Loss: 0.8016862869262695, Inverse Test Loss: 0.0884651392698288 
2025-01-09 15:10:15,090 INFO: Epoch 257, Train Loss: 0.533661832732539, Test Loss: 0.8047363683581352, Inverse Test Loss: 0.08871964365243912 
2025-01-09 15:10:15,296 INFO: Epoch 258, Train Loss: 0.5329370440975312, Test Loss: 0.8041537180542946, Inverse Test Loss: 0.0881139412522316 
2025-01-09 15:10:15,517 INFO: Epoch 259, Train Loss: 0.532910974756364, Test Loss: 0.8041469603776932, Inverse Test Loss: 0.08830255270004272 
2025-01-09 15:10:15,791 INFO: Epoch 260, Train Loss: 0.5335444625346891, Test Loss: 0.80821892619133, Inverse Test Loss: 0.08894191682338715 
2025-01-09 15:10:16,028 INFO: Epoch 261, Train Loss: 0.5340354875210793, Test Loss: 0.8060892596840858, Inverse Test Loss: 0.08875511586666107 
2025-01-09 15:10:16,247 INFO: Epoch 262, Train Loss: 0.5304769508300289, Test Loss: 0.8047356382012367, Inverse Test Loss: 0.08842004090547562 
2025-01-09 15:10:16,484 INFO: Epoch 263, Train Loss: 0.5319420954873485, Test Loss: 0.8078641891479492, Inverse Test Loss: 0.08826498687267303 
2025-01-09 15:10:16,725 INFO: Epoch 264, Train Loss: 0.5309676960591347, Test Loss: 0.8075126186013222, Inverse Test Loss: 0.08891230076551437 
2025-01-09 15:10:16,974 INFO: Epoch 265, Train Loss: 0.5313305999002149, Test Loss: 0.8045268058776855, Inverse Test Loss: 0.08805772662162781 
2025-01-09 15:10:17,229 INFO: Epoch 266, Train Loss: 0.5296642261166726, Test Loss: 0.8059187233448029, Inverse Test Loss: 0.08817841112613678 
2025-01-09 15:10:17,484 INFO: Epoch 267, Train Loss: 0.5270286635045083, Test Loss: 0.8112934678792953, Inverse Test Loss: 0.08894655108451843 
2025-01-09 15:10:17,727 INFO: Epoch 268, Train Loss: 0.5288203079854289, Test Loss: 0.8078577965497971, Inverse Test Loss: 0.08804219216108322 
2025-01-09 15:10:17,959 INFO: Epoch 269, Train Loss: 0.5261147022247314, Test Loss: 0.8060511723160744, Inverse Test Loss: 0.08789823204278946 
2025-01-09 15:10:18,204 INFO: Epoch 270, Train Loss: 0.5252587266506688, Test Loss: 0.8101383447647095, Inverse Test Loss: 0.08785724639892578 
2025-01-09 15:10:18,467 INFO: Epoch 271, Train Loss: 0.5256692171096802, Test Loss: 0.807287909090519, Inverse Test Loss: 0.08796057850122452 
2025-01-09 15:10:18,723 INFO: Epoch 272, Train Loss: 0.5253307607866102, Test Loss: 0.8078479915857315, Inverse Test Loss: 0.08770675957202911 
2025-01-09 15:10:18,981 INFO: Epoch 273, Train Loss: 0.5245698075140676, Test Loss: 0.8091838136315346, Inverse Test Loss: 0.08808477222919464 
2025-01-09 15:10:19,251 INFO: Epoch 274, Train Loss: 0.5225229071032617, Test Loss: 0.8100845292210579, Inverse Test Loss: 0.08830523490905762 
2025-01-09 15:10:19,480 INFO: Epoch 275, Train Loss: 0.52235375296685, Test Loss: 0.8090591281652451, Inverse Test Loss: 0.08915248513221741 
2025-01-09 15:10:19,761 INFO: Epoch 276, Train Loss: 0.5229869023446114, Test Loss: 0.8096243143081665, Inverse Test Loss: 0.08772528171539307 
2025-01-09 15:10:19,984 INFO: Epoch 277, Train Loss: 0.5212172125616381, Test Loss: 0.8134694397449493, Inverse Test Loss: 0.08834878355264664 
2025-01-09 15:10:20,226 INFO: Epoch 278, Train Loss: 0.5204152397571071, Test Loss: 0.8081763461232185, Inverse Test Loss: 0.08752299100160599 
2025-01-09 15:10:20,459 INFO: Epoch 279, Train Loss: 0.5200791378175059, Test Loss: 0.8107334971427917, Inverse Test Loss: 0.08888254314661026 
2025-01-09 15:10:20,694 INFO: Epoch 280, Train Loss: 0.5212583003505584, Test Loss: 0.8102396428585052, Inverse Test Loss: 0.0881904736161232 
2025-01-09 15:10:20,921 INFO: Epoch 281, Train Loss: 0.5199665042661852, Test Loss: 0.8117284625768661, Inverse Test Loss: 0.08767994493246078 
2025-01-09 15:10:21,192 INFO: Epoch 282, Train Loss: 0.518038926586028, Test Loss: 0.8122405782341957, Inverse Test Loss: 0.08809453248977661 
2025-01-09 15:10:21,410 INFO: Epoch 283, Train Loss: 0.5174367427825928, Test Loss: 0.8132118210196495, Inverse Test Loss: 0.08807385712862015 
2025-01-09 15:10:21,644 INFO: Epoch 284, Train Loss: 0.519450758734057, Test Loss: 0.8103900030255318, Inverse Test Loss: 0.08806867152452469 
2025-01-09 15:10:21,888 INFO: Epoch 285, Train Loss: 0.5187725126743317, Test Loss: 0.8141776993870735, Inverse Test Loss: 0.08854568749666214 
2025-01-09 15:10:22,103 INFO: Epoch 286, Train Loss: 0.5183113034694425, Test Loss: 0.8116622194647789, Inverse Test Loss: 0.0875789150595665 
2025-01-09 15:10:22,357 INFO: Epoch 287, Train Loss: 0.5163441588801723, Test Loss: 0.8101419880986214, Inverse Test Loss: 0.0879918709397316 
2025-01-09 15:10:22,614 INFO: Epoch 288, Train Loss: 0.5165933024498724, Test Loss: 0.812670886516571, Inverse Test Loss: 0.08798383176326752 
2025-01-09 15:10:22,842 INFO: Epoch 289, Train Loss: 0.5127912231030003, Test Loss: 0.8139680549502373, Inverse Test Loss: 0.08857083320617676 
2025-01-09 15:10:23,079 INFO: Epoch 290, Train Loss: 0.5127297889801764, Test Loss: 0.8133992850780487, Inverse Test Loss: 0.08704017847776413 
2025-01-09 15:10:23,292 INFO: Epoch 291, Train Loss: 0.514841680565188, Test Loss: 0.8142174258828163, Inverse Test Loss: 0.08806823939085007 
2025-01-09 15:10:23,530 INFO: Epoch 292, Train Loss: 0.5149978879959353, Test Loss: 0.8140056952834129, Inverse Test Loss: 0.08743762969970703 
2025-01-09 15:10:23,781 INFO: Epoch 293, Train Loss: 0.5130704112591282, Test Loss: 0.8122220188379288, Inverse Test Loss: 0.08738218992948532 
2025-01-09 15:10:24,023 INFO: Epoch 294, Train Loss: 0.5135410399206223, Test Loss: 0.8131552636623383, Inverse Test Loss: 0.08724968880414963 
2025-01-09 15:10:24,244 INFO: Epoch 295, Train Loss: 0.5099161911395288, Test Loss: 0.8124309256672859, Inverse Test Loss: 0.08813310414552689 
2025-01-09 15:10:24,458 INFO: Epoch 296, Train Loss: 0.5105019384814847, Test Loss: 0.8117076382040977, Inverse Test Loss: 0.08703729510307312 
2025-01-09 15:10:24,701 INFO: Epoch 297, Train Loss: 0.5095153037578829, Test Loss: 0.8151065558195114, Inverse Test Loss: 0.08853092044591904 
2025-01-09 15:10:24,938 INFO: Epoch 298, Train Loss: 0.5096980804397214, Test Loss: 0.8190343379974365, Inverse Test Loss: 0.0882163718342781 
2025-01-09 15:10:25,169 INFO: Epoch 299, Train Loss: 0.5082531004182754, Test Loss: 0.8140981867909431, Inverse Test Loss: 0.08825565874576569 
2025-01-09 15:10:25,384 INFO: Epoch 300, Train Loss: 0.5080082291556943, Test Loss: 0.8138547837734222, Inverse Test Loss: 0.08765694499015808 
2025-01-09 15:10:25,384 INFO: Best Epoch 91, Best Test Loss: 0.7563609108328819 
2025-01-09 15:10:25,597 INFO: Epoch 301, Train Loss: 0.5085470282262371, Test Loss: 0.8147294744849205, Inverse Test Loss: 0.08771663159132004 
2025-01-09 15:10:25,812 INFO: Epoch 302, Train Loss: 0.506231544479247, Test Loss: 0.8132434636354446, Inverse Test Loss: 0.08760317414999008 
2025-01-09 15:10:26,045 INFO: Epoch 303, Train Loss: 0.5066670429322028, Test Loss: 0.8190102502703667, Inverse Test Loss: 0.08810208737850189 
2025-01-09 15:10:26,262 INFO: Epoch 304, Train Loss: 0.507445159458345, Test Loss: 0.8165802285075188, Inverse Test Loss: 0.08781476318836212 
2025-01-09 15:10:26,477 INFO: Epoch 305, Train Loss: 0.5035529367385372, Test Loss: 0.8153709694743156, Inverse Test Loss: 0.08768540620803833 
2025-01-09 15:10:26,696 INFO: Epoch 306, Train Loss: 0.5044351643131625, Test Loss: 0.8182905614376068, Inverse Test Loss: 0.08850577473640442 
2025-01-09 15:10:26,945 INFO: Epoch 307, Train Loss: 0.5045634671565025, Test Loss: 0.817701518535614, Inverse Test Loss: 0.08722425252199173 
2025-01-09 15:10:27,166 INFO: Epoch 308, Train Loss: 0.504940653039563, Test Loss: 0.8152062371373177, Inverse Test Loss: 0.08779226988554001 
2025-01-09 15:10:27,396 INFO: Epoch 309, Train Loss: 0.5011832829444639, Test Loss: 0.8186663165688515, Inverse Test Loss: 0.08799219876527786 
2025-01-09 15:10:27,641 INFO: Epoch 310, Train Loss: 0.5001776727937883, Test Loss: 0.8181387037038803, Inverse Test Loss: 0.0878414586186409 
2025-01-09 15:10:27,883 INFO: Epoch 311, Train Loss: 0.5007607734972431, Test Loss: 0.8182136937975883, Inverse Test Loss: 0.08813753724098206 
2025-01-09 15:10:28,109 INFO: Epoch 312, Train Loss: 0.5039166433195914, Test Loss: 0.8174786865711212, Inverse Test Loss: 0.08658862859010696 
2025-01-09 15:10:28,318 INFO: Epoch 313, Train Loss: 0.4997382375501817, Test Loss: 0.8181718960404396, Inverse Test Loss: 0.0882701650261879 
2025-01-09 15:10:28,530 INFO: Epoch 314, Train Loss: 0.5005102080683554, Test Loss: 0.8179328516125679, Inverse Test Loss: 0.08778780698776245 
2025-01-09 15:10:28,744 INFO: Epoch 315, Train Loss: 0.4982036313702983, Test Loss: 0.8208148926496506, Inverse Test Loss: 0.08778997510671616 
2025-01-09 15:10:28,981 INFO: Epoch 316, Train Loss: 0.49896074495007914, Test Loss: 0.817165806889534, Inverse Test Loss: 0.08682912588119507 
2025-01-09 15:10:29,256 INFO: Epoch 317, Train Loss: 0.4986405132278319, Test Loss: 0.8192639574408531, Inverse Test Loss: 0.08755890280008316 
2025-01-09 15:10:29,473 INFO: Epoch 318, Train Loss: 0.4998479466284475, Test Loss: 0.8207297399640083, Inverse Test Loss: 0.08838311582803726 
2025-01-09 15:10:29,705 INFO: Epoch 319, Train Loss: 0.4963613267867796, Test Loss: 0.8195544257760048, Inverse Test Loss: 0.08766451478004456 
2025-01-09 15:10:29,967 INFO: Epoch 320, Train Loss: 0.49613355340496185, Test Loss: 0.8182957544922829, Inverse Test Loss: 0.08755336701869965 
2025-01-09 15:10:30,204 INFO: Epoch 321, Train Loss: 0.49779944938998066, Test Loss: 0.8256390690803528, Inverse Test Loss: 0.088014155626297 
2025-01-09 15:10:30,439 INFO: Epoch 322, Train Loss: 0.4974014662927197, Test Loss: 0.8208931088447571, Inverse Test Loss: 0.08742818236351013 
2025-01-09 15:10:30,665 INFO: Epoch 323, Train Loss: 0.4958101837865768, Test Loss: 0.8213976994156837, Inverse Test Loss: 0.08789239078760147 
2025-01-09 15:10:30,900 INFO: Epoch 324, Train Loss: 0.4946956249975389, Test Loss: 0.819952204823494, Inverse Test Loss: 0.08726711571216583 
2025-01-09 15:10:31,124 INFO: Epoch 325, Train Loss: 0.4940643541274532, Test Loss: 0.8241402506828308, Inverse Test Loss: 0.08788084983825684 
2025-01-09 15:10:31,354 INFO: Epoch 326, Train Loss: 0.4950656439027479, Test Loss: 0.8258731886744499, Inverse Test Loss: 0.08859065920114517 
2025-01-09 15:10:31,604 INFO: Epoch 327, Train Loss: 0.4938390908702727, Test Loss: 0.8216835707426071, Inverse Test Loss: 0.0881088599562645 
2025-01-09 15:10:31,843 INFO: Epoch 328, Train Loss: 0.49399204504105354, Test Loss: 0.822783388197422, Inverse Test Loss: 0.08750374615192413 
2025-01-09 15:10:32,082 INFO: Epoch 329, Train Loss: 0.4915509387370079, Test Loss: 0.8224784731864929, Inverse Test Loss: 0.08737418800592422 
2025-01-09 15:10:32,304 INFO: Epoch 330, Train Loss: 0.49056215055527225, Test Loss: 0.8231280744075775, Inverse Test Loss: 0.08812316507101059 
2025-01-09 15:10:32,522 INFO: Epoch 331, Train Loss: 0.4926785634409997, Test Loss: 0.8238893076777458, Inverse Test Loss: 0.0884559229016304 
2025-01-09 15:10:32,773 INFO: Epoch 332, Train Loss: 0.4928285998682822, Test Loss: 0.8259766548871994, Inverse Test Loss: 0.08761288970708847 
2025-01-09 15:10:33,008 INFO: Epoch 333, Train Loss: 0.4911188954307187, Test Loss: 0.8254229202866554, Inverse Test Loss: 0.08781135827302933 
2025-01-09 15:10:33,248 INFO: Epoch 334, Train Loss: 0.4903605349602238, Test Loss: 0.8253090754151344, Inverse Test Loss: 0.08729922026395798 
