2024-12-26 15:10:38,399 INFO: namespace(depth=2, name='simple_MLP') 
2024-12-26 15:10:38,399 INFO: Dataset:Scm 
2024-12-26 15:10:38,399 INFO: ------Begin Training Model------ 
2024-12-26 15:10:40,300 INFO: Epoch 1, Train Loss: 0.9899673759937286, Test Loss: 0.7203800737857818 
2024-12-26 15:10:40,393 INFO: Epoch 2, Train Loss: 0.6518893111170384, Test Loss: 0.503327856461207 
2024-12-26 15:10:40,482 INFO: Epoch 3, Train Loss: 0.5240516699197, Test Loss: 0.4138635218143463 
2024-12-26 15:10:40,574 INFO: Epoch 4, Train Loss: 0.43702580002054836, Test Loss: 0.36961795886357623 
2024-12-26 15:10:40,676 INFO: Epoch 5, Train Loss: 0.4002342150922407, Test Loss: 0.34121999914447465 
2024-12-26 15:10:40,772 INFO: Epoch 6, Train Loss: 0.37204957714206294, Test Loss: 0.3227703489984075 
2024-12-26 15:10:40,867 INFO: Epoch 7, Train Loss: 0.35290700641640443, Test Loss: 0.3099249889142811 
2024-12-26 15:10:40,957 INFO: Epoch 8, Train Loss: 0.3513970965879005, Test Loss: 0.3005142824181045 
2024-12-26 15:10:41,051 INFO: Epoch 9, Train Loss: 0.32754776469971003, Test Loss: 0.29202856014405065 
2024-12-26 15:10:41,146 INFO: Epoch 10, Train Loss: 0.32009317294547435, Test Loss: 0.2864152919190625 
2024-12-26 15:10:41,241 INFO: Epoch 11, Train Loss: 0.30989244632553636, Test Loss: 0.2812193226379653 
2024-12-26 15:10:41,334 INFO: Epoch 12, Train Loss: 0.3022567018082267, Test Loss: 0.27690154903878766 
2024-12-26 15:10:41,432 INFO: Epoch 13, Train Loss: 0.2948114307303178, Test Loss: 0.27306640756626926 
2024-12-26 15:10:41,523 INFO: Epoch 14, Train Loss: 0.28890952807769443, Test Loss: 0.26958837484320003 
2024-12-26 15:10:41,612 INFO: Epoch 15, Train Loss: 0.283697074442579, Test Loss: 0.2661369318763415 
2024-12-26 15:10:41,704 INFO: Epoch 16, Train Loss: 0.28154020377418454, Test Loss: 0.26322881604234377 
2024-12-26 15:10:41,793 INFO: Epoch 17, Train Loss: 0.28798396833110274, Test Loss: 0.26090380971630417 
2024-12-26 15:10:41,882 INFO: Epoch 18, Train Loss: 0.2838783596168485, Test Loss: 0.25875368267297744 
2024-12-26 15:10:41,978 INFO: Epoch 19, Train Loss: 0.26592783100510897, Test Loss: 0.25684754550457 
2024-12-26 15:10:42,067 INFO: Epoch 20, Train Loss: 0.2631428129317468, Test Loss: 0.2546959862112999 
2024-12-26 15:10:42,157 INFO: Epoch 21, Train Loss: 0.2590151855297256, Test Loss: 0.2514191061258316 
2024-12-26 15:10:42,250 INFO: Epoch 22, Train Loss: 0.26313923900587516, Test Loss: 0.24965737213691075 
2024-12-26 15:10:42,336 INFO: Epoch 23, Train Loss: 0.252061111100933, Test Loss: 0.2479013090332349 
2024-12-26 15:10:42,425 INFO: Epoch 24, Train Loss: 0.2539929054808198, Test Loss: 0.24670972128709157 
2024-12-26 15:10:42,518 INFO: Epoch 25, Train Loss: 0.246584846785194, Test Loss: 0.24470306038856507 
2024-12-26 15:10:42,614 INFO: Epoch 26, Train Loss: 0.24264122225474893, Test Loss: 0.2426871746778488 
2024-12-26 15:10:42,704 INFO: Epoch 27, Train Loss: 0.2418068979392972, Test Loss: 0.24080830514431 
2024-12-26 15:10:42,797 INFO: Epoch 28, Train Loss: 0.23968111815159782, Test Loss: 0.238401135802269 
2024-12-26 15:10:42,886 INFO: Epoch 29, Train Loss: 0.24770848975892654, Test Loss: 0.23803967734177908 
2024-12-26 15:10:42,974 INFO: Epoch 30, Train Loss: 0.23726297104567812, Test Loss: 0.2359259863694509 
2024-12-26 15:10:43,067 INFO: Epoch 31, Train Loss: 0.2314928359629815, Test Loss: 0.23431930144627888 
2024-12-26 15:10:43,155 INFO: Epoch 32, Train Loss: 0.2296459149373205, Test Loss: 0.232419220606486 
2024-12-26 15:10:43,245 INFO: Epoch 33, Train Loss: 0.23515391480504422, Test Loss: 0.23251308600107828 
2024-12-26 15:10:43,340 INFO: Epoch 34, Train Loss: 0.2260221376230842, Test Loss: 0.23039239048957824 
2024-12-26 15:10:43,429 INFO: Epoch 35, Train Loss: 0.22158008826929226, Test Loss: 0.2295384923617045 
2024-12-26 15:10:43,519 INFO: Epoch 36, Train Loss: 0.2319180534074181, Test Loss: 0.229182368516922 
2024-12-26 15:10:43,612 INFO: Epoch 37, Train Loss: 0.24551148372783996, Test Loss: 0.22726763685544332 
2024-12-26 15:10:43,704 INFO: Epoch 38, Train Loss: 0.2187373910033912, Test Loss: 0.2278693457444509 
2024-12-26 15:10:43,794 INFO: Epoch 39, Train Loss: 0.22513243085459658, Test Loss: 0.22802030742168428 
2024-12-26 15:10:43,888 INFO: Epoch 40, Train Loss: 0.21413267063989974, Test Loss: 0.22592307428518932 
2024-12-26 15:10:43,977 INFO: Epoch 41, Train Loss: 0.21077103755976023, Test Loss: 0.22370708584785462 
2024-12-26 15:10:44,065 INFO: Epoch 42, Train Loss: 0.21026070180692172, Test Loss: 0.2225274572769801 
2024-12-26 15:10:44,159 INFO: Epoch 43, Train Loss: 0.21200588789948246, Test Loss: 0.2222619205713272 
2024-12-26 15:10:44,248 INFO: Epoch 44, Train Loss: 0.2065102622697228, Test Loss: 0.22217826843261718 
2024-12-26 15:10:44,339 INFO: Epoch 45, Train Loss: 0.20494821321284562, Test Loss: 0.21980154812335967 
2024-12-26 15:10:44,430 INFO: Epoch 46, Train Loss: 0.20423923981817146, Test Loss: 0.21960559089978535 
2024-12-26 15:10:44,521 INFO: Epoch 47, Train Loss: 0.20333359573493925, Test Loss: 0.2182082990805308 
2024-12-26 15:10:44,611 INFO: Epoch 48, Train Loss: 0.20123800713764994, Test Loss: 0.21787839035193127 
2024-12-26 15:10:44,706 INFO: Epoch 49, Train Loss: 0.20066928262250466, Test Loss: 0.21740481356779734 
2024-12-26 15:10:44,794 INFO: Epoch 50, Train Loss: 0.20008377626276852, Test Loss: 0.2166244049866994 
2024-12-26 15:10:44,882 INFO: Epoch 51, Train Loss: 0.198225789164242, Test Loss: 0.2139078398545583 
2024-12-26 15:10:44,978 INFO: Epoch 52, Train Loss: 0.1970425357944087, Test Loss: 0.21205018510421117 
2024-12-26 15:10:45,067 INFO: Epoch 53, Train Loss: 0.1948345601885465, Test Loss: 0.21129059294859567 
2024-12-26 15:10:45,158 INFO: Epoch 54, Train Loss: 0.1936644150369, Test Loss: 0.2118853971362114 
2024-12-26 15:10:45,263 INFO: Epoch 55, Train Loss: 0.19949397732291305, Test Loss: 0.2098927413423856 
2024-12-26 15:10:45,354 INFO: Epoch 56, Train Loss: 0.19224799738118523, Test Loss: 0.20908373792966206 
2024-12-26 15:10:45,445 INFO: Epoch 57, Train Loss: 0.19112884671541683, Test Loss: 0.2076825499534607 
2024-12-26 15:10:45,546 INFO: Epoch 58, Train Loss: 0.19107301010374436, Test Loss: 0.20772771388292313 
2024-12-26 15:10:45,636 INFO: Epoch 59, Train Loss: 0.18839567010862784, Test Loss: 0.20735359241565068 
2024-12-26 15:10:45,726 INFO: Epoch 60, Train Loss: 0.18882998327414194, Test Loss: 0.20497199892997742 
2024-12-26 15:10:45,829 INFO: Epoch 61, Train Loss: 0.19283237399762138, Test Loss: 0.2044639031092326 
2024-12-26 15:10:45,920 INFO: Epoch 62, Train Loss: 0.18583258006133532, Test Loss: 0.20399998426437377 
2024-12-26 15:10:46,010 INFO: Epoch 63, Train Loss: 0.18354122255716407, Test Loss: 0.20411862730979918 
2024-12-26 15:10:46,112 INFO: Epoch 64, Train Loss: 0.18257844735655868, Test Loss: 0.20295079201459884 
2024-12-26 15:10:46,203 INFO: Epoch 65, Train Loss: 0.1821404205341088, Test Loss: 0.20248426894346874 
2024-12-26 15:10:46,294 INFO: Epoch 66, Train Loss: 0.18109079254300972, Test Loss: 0.19978495637575786 
2024-12-26 15:10:46,395 INFO: Epoch 67, Train Loss: 0.1869248197528354, Test Loss: 0.19936224818229675 
2024-12-26 15:10:46,491 INFO: Epoch 68, Train Loss: 0.18125912207260467, Test Loss: 0.2002081036567688 
2024-12-26 15:10:46,589 INFO: Epoch 69, Train Loss: 0.17822514121469699, Test Loss: 0.1978946939110756 
2024-12-26 15:10:46,695 INFO: Epoch 70, Train Loss: 0.1760867600770373, Test Loss: 0.19828205953041714 
2024-12-26 15:10:46,788 INFO: Epoch 71, Train Loss: 0.17938613407967383, Test Loss: 0.19963890959819158 
2024-12-26 15:10:46,877 INFO: Epoch 72, Train Loss: 0.17935200100928023, Test Loss: 0.1965372641881307 
2024-12-26 15:10:46,981 INFO: Epoch 73, Train Loss: 0.1744293941740404, Test Loss: 0.19428990284601846 
2024-12-26 15:10:47,073 INFO: Epoch 74, Train Loss: 0.17454722968109868, Test Loss: 0.19549063146114348 
2024-12-26 15:10:47,165 INFO: Epoch 75, Train Loss: 0.17443933782347462, Test Loss: 0.19267113854487736 
2024-12-26 15:10:47,267 INFO: Epoch 76, Train Loss: 0.17268703080583037, Test Loss: 0.19193894316752752 
2024-12-26 15:10:47,360 INFO: Epoch 77, Train Loss: 0.17410467185995035, Test Loss: 0.1903768594066302 
2024-12-26 15:10:47,454 INFO: Epoch 78, Train Loss: 0.1698587969468351, Test Loss: 0.19200397084156673 
2024-12-26 15:10:47,560 INFO: Epoch 79, Train Loss: 0.1678936836031968, Test Loss: 0.18974849134683608 
2024-12-26 15:10:47,649 INFO: Epoch 80, Train Loss: 0.1702879931320224, Test Loss: 0.18878045628468196 
2024-12-26 15:10:47,737 INFO: Epoch 81, Train Loss: 0.16646507751654116, Test Loss: 0.18912709256013235 
2024-12-26 15:10:47,843 INFO: Epoch 82, Train Loss: 0.168330722341412, Test Loss: 0.19031590670347215 
2024-12-26 15:10:47,933 INFO: Epoch 83, Train Loss: 0.16870125043287612, Test Loss: 0.18682623704274495 
2024-12-26 15:10:48,022 INFO: Epoch 84, Train Loss: 0.1644355973653626, Test Loss: 0.1856964886188507 
2024-12-26 15:10:48,127 INFO: Epoch 85, Train Loss: 0.1646602172077748, Test Loss: 0.186786820491155 
2024-12-26 15:10:48,215 INFO: Epoch 86, Train Loss: 0.1627248555683253, Test Loss: 0.18477317293485004 
2024-12-26 15:10:48,305 INFO: Epoch 87, Train Loss: 0.16212978501591765, Test Loss: 0.1851386268933614 
2024-12-26 15:10:48,407 INFO: Epoch 88, Train Loss: 0.1615334513940309, Test Loss: 0.18655685087045035 
2024-12-26 15:10:48,501 INFO: Epoch 89, Train Loss: 0.15996917755457393, Test Loss: 0.1844609593351682 
2024-12-26 15:10:48,591 INFO: Epoch 90, Train Loss: 0.15941888260606088, Test Loss: 0.18269494771957398 
2024-12-26 15:10:48,698 INFO: Epoch 91, Train Loss: 0.1596530190946763, Test Loss: 0.18099931379159293 
2024-12-26 15:10:48,790 INFO: Epoch 92, Train Loss: 0.15817453019451677, Test Loss: 0.1835892081260681 
2024-12-26 15:10:48,881 INFO: Epoch 93, Train Loss: 0.15801022646197102, Test Loss: 0.18071324328581492 
2024-12-26 15:10:48,989 INFO: Epoch 94, Train Loss: 0.15597380756547577, Test Loss: 0.18010626037915548 
2024-12-26 15:10:49,084 INFO: Epoch 95, Train Loss: 0.15647009694785402, Test Loss: 0.1803155372540156 
2024-12-26 15:10:49,174 INFO: Epoch 96, Train Loss: 0.1553898715136344, Test Loss: 0.17865751634041468 
2024-12-26 15:10:49,277 INFO: Epoch 97, Train Loss: 0.15374003739602732, Test Loss: 0.17876344124476115 
2024-12-26 15:10:49,370 INFO: Epoch 98, Train Loss: 0.15287541692847745, Test Loss: 0.17906106958786647 
2024-12-26 15:10:49,462 INFO: Epoch 99, Train Loss: 0.15362096512526796, Test Loss: 0.17788034677505493 
2024-12-26 15:10:49,566 INFO: Epoch 100, Train Loss: 0.1526252333270876, Test Loss: 0.1765158399939537 
2024-12-26 15:10:49,657 INFO: Epoch 101, Train Loss: 0.15226614671318153, Test Loss: 0.17623578856388727 
2024-12-26 15:10:49,750 INFO: Epoch 102, Train Loss: 0.15080172150281437, Test Loss: 0.17599711269140245 
2024-12-26 15:10:49,875 INFO: Epoch 103, Train Loss: 0.15032810868139854, Test Loss: 0.17530193080504736 
2024-12-26 15:10:50,082 INFO: Epoch 104, Train Loss: 0.15018662209050698, Test Loss: 0.1749328926205635 
2024-12-26 15:10:50,260 INFO: Epoch 105, Train Loss: 0.14901552297044218, Test Loss: 0.17391082594792048 
2024-12-26 15:10:50,357 INFO: Epoch 106, Train Loss: 0.1476989472775083, Test Loss: 0.17541763832171758 
2024-12-26 15:10:50,445 INFO: Epoch 107, Train Loss: 0.15004394059641318, Test Loss: 0.17352940638860068 
2024-12-26 15:10:50,552 INFO: Epoch 108, Train Loss: 0.1459868285608919, Test Loss: 0.17362340092658995 
2024-12-26 15:10:50,678 INFO: Epoch 109, Train Loss: 0.1462568059040789, Test Loss: 0.17135093063116075 
2024-12-26 15:10:50,798 INFO: Epoch 110, Train Loss: 0.1449090737784118, Test Loss: 0.1708393653233846 
2024-12-26 15:10:50,903 INFO: Epoch 111, Train Loss: 0.14522446064572586, Test Loss: 0.17369115551312764 
2024-12-26 15:10:50,995 INFO: Epoch 112, Train Loss: 0.14415512547681206, Test Loss: 0.17030338992675145 
2024-12-26 15:10:51,083 INFO: Epoch 113, Train Loss: 0.15628851845599057, Test Loss: 0.1700155809521675 
2024-12-26 15:10:51,179 INFO: Epoch 114, Train Loss: 0.1489745934020009, Test Loss: 0.17089156905810038 
2024-12-26 15:10:51,272 INFO: Epoch 115, Train Loss: 0.14495185854142173, Test Loss: 0.16979133288065593 
2024-12-26 15:10:51,365 INFO: Epoch 116, Train Loss: 0.14266088016723333, Test Loss: 0.17064906855424244 
2024-12-26 15:10:51,465 INFO: Epoch 117, Train Loss: 0.14174574927279823, Test Loss: 0.1683676262696584 
2024-12-26 15:10:51,558 INFO: Epoch 118, Train Loss: 0.14247036293933266, Test Loss: 0.16706442137559255 
2024-12-26 15:10:51,651 INFO: Epoch 119, Train Loss: 0.145637582791479, Test Loss: 0.16717354853947958 
2024-12-26 15:10:51,750 INFO: Epoch 120, Train Loss: 0.14006198249888002, Test Loss: 0.16743604987859725 
2024-12-26 15:10:51,840 INFO: Epoch 121, Train Loss: 0.14434414330804557, Test Loss: 0.16552731841802598 
2024-12-26 15:10:51,930 INFO: Epoch 122, Train Loss: 0.1567121673571436, Test Loss: 0.16681318481763205 
2024-12-26 15:10:52,026 INFO: Epoch 123, Train Loss: 0.13777249391403115, Test Loss: 0.16602847278118132 
2024-12-26 15:10:52,116 INFO: Epoch 124, Train Loss: 0.14322970506914875, Test Loss: 0.16406147927045822 
2024-12-26 15:10:52,205 INFO: Epoch 125, Train Loss: 0.1383371781884578, Test Loss: 0.16489984939495722 
2024-12-26 15:10:52,318 INFO: Epoch 126, Train Loss: 0.1361499002628159, Test Loss: 0.1635552297035853 
2024-12-26 15:10:52,409 INFO: Epoch 127, Train Loss: 0.13593635878019167, Test Loss: 0.16463295916716258 
2024-12-26 15:10:52,500 INFO: Epoch 128, Train Loss: 0.1353207723351947, Test Loss: 0.16381725817918777 
2024-12-26 15:10:52,617 INFO: Epoch 129, Train Loss: 0.1364801016293074, Test Loss: 0.16373925060033798 
2024-12-26 15:10:52,707 INFO: Epoch 130, Train Loss: 0.1352219828649571, Test Loss: 0.16145845452944438 
2024-12-26 15:10:52,800 INFO: Epoch 131, Train Loss: 0.13731623741618373, Test Loss: 0.16273833413918812 
2024-12-26 15:10:52,918 INFO: Epoch 132, Train Loss: 0.13604538874667987, Test Loss: 0.1625180830558141 
2024-12-26 15:10:53,010 INFO: Epoch 133, Train Loss: 0.13356822206262955, Test Loss: 0.16026514768600464 
2024-12-26 15:10:53,100 INFO: Epoch 134, Train Loss: 0.13215073916995734, Test Loss: 0.1607724333802859 
2024-12-26 15:10:53,212 INFO: Epoch 135, Train Loss: 0.13229706935715257, Test Loss: 0.15954549411932628 
2024-12-26 15:10:53,304 INFO: Epoch 136, Train Loss: 0.1310717516431683, Test Loss: 0.15941092669963836 
2024-12-26 15:10:53,393 INFO: Epoch 137, Train Loss: 0.13238443408096046, Test Loss: 0.15962024678786596 
2024-12-26 15:10:53,507 INFO: Epoch 138, Train Loss: 0.1365184002278144, Test Loss: 0.1585632175207138 
2024-12-26 15:10:53,596 INFO: Epoch 139, Train Loss: 0.13129606437787675, Test Loss: 0.15927217056353887 
2024-12-26 15:10:53,689 INFO: Epoch 140, Train Loss: 0.1295780849299933, Test Loss: 0.1587599073847135 
2024-12-26 15:10:53,801 INFO: Epoch 141, Train Loss: 0.12930463084526228, Test Loss: 0.15756908059120178 
2024-12-26 15:10:53,890 INFO: Epoch 142, Train Loss: 0.12885706348900208, Test Loss: 0.15789912889401117 
2024-12-26 15:10:53,983 INFO: Epoch 143, Train Loss: 0.1277092452765557, Test Loss: 0.15706694622834524 
2024-12-26 15:10:54,093 INFO: Epoch 144, Train Loss: 0.12915717666609244, Test Loss: 0.15590677857398988 
2024-12-26 15:10:54,183 INFO: Epoch 145, Train Loss: 0.12828562774679117, Test Loss: 0.15581792891025542 
2024-12-26 15:10:54,275 INFO: Epoch 146, Train Loss: 0.1279449874633237, Test Loss: 0.15684062192837397 
2024-12-26 15:10:54,388 INFO: Epoch 147, Train Loss: 0.12655823762741006, Test Loss: 0.15466799835364023 
2024-12-26 15:10:54,479 INFO: Epoch 148, Train Loss: 0.12586059800365515, Test Loss: 0.15578692605098088 
2024-12-26 15:10:54,567 INFO: Epoch 149, Train Loss: 0.1253598335672889, Test Loss: 0.15424667845169704 
2024-12-26 15:10:54,684 INFO: Epoch 150, Train Loss: 0.1256828204843036, Test Loss: 0.1548733189702034 
2024-12-26 15:10:54,777 INFO: Epoch 151, Train Loss: 0.12421442937563386, Test Loss: 0.1542823816339175 
2024-12-26 15:10:54,868 INFO: Epoch 152, Train Loss: 0.12419030593152632, Test Loss: 0.15331256190935771 
2024-12-26 15:10:54,981 INFO: Epoch 153, Train Loss: 0.13759085901996546, Test Loss: 0.15328815480073293 
2024-12-26 15:10:55,069 INFO: Epoch 154, Train Loss: 0.13365212082862854, Test Loss: 0.15352752407391865 
2024-12-26 15:10:55,160 INFO: Epoch 155, Train Loss: 0.12801979573672279, Test Loss: 0.15212730467319488 
2024-12-26 15:10:55,273 INFO: Epoch 156, Train Loss: 0.12378955161885212, Test Loss: 0.15142194678386053 
2024-12-26 15:10:55,364 INFO: Epoch 157, Train Loss: 0.12212566926813963, Test Loss: 0.1516365627447764 
2024-12-26 15:10:55,454 INFO: Epoch 158, Train Loss: 0.12162224209883757, Test Loss: 0.15156714220841724 
2024-12-26 15:10:55,569 INFO: Epoch 159, Train Loss: 0.12208758490650277, Test Loss: 0.1507884035507838 
2024-12-26 15:10:55,660 INFO: Epoch 160, Train Loss: 0.12266085283798084, Test Loss: 0.15004039257764817 
2024-12-26 15:10:55,748 INFO: Epoch 161, Train Loss: 0.12105559034828554, Test Loss: 0.1501624767978986 
2024-12-26 15:10:55,859 INFO: Epoch 162, Train Loss: 0.12660202802273265, Test Loss: 0.15003141661485037 
2024-12-26 15:10:55,951 INFO: Epoch 163, Train Loss: 0.1247293341316675, Test Loss: 0.1500908906261126 
2024-12-26 15:10:56,039 INFO: Epoch 164, Train Loss: 0.12245079822707594, Test Loss: 0.14946472247441608 
2024-12-26 15:10:56,152 INFO: Epoch 165, Train Loss: 0.1191677188402728, Test Loss: 0.14793625126282375 
2024-12-26 15:10:56,245 INFO: Epoch 166, Train Loss: 0.15095084055996777, Test Loss: 0.14804413467645644 
2024-12-26 15:10:56,336 INFO: Epoch 167, Train Loss: 0.12090978640736195, Test Loss: 0.1489775796731313 
2024-12-26 15:10:56,449 INFO: Epoch 168, Train Loss: 0.11893615963166221, Test Loss: 0.14792262464761735 
2024-12-26 15:10:56,540 INFO: Epoch 169, Train Loss: 0.1177381166632761, Test Loss: 0.14768373270829518 
2024-12-26 15:10:56,631 INFO: Epoch 170, Train Loss: 0.11955583513828746, Test Loss: 0.14711605062087377 
2024-12-26 15:10:56,746 INFO: Epoch 171, Train Loss: 0.11759578828748904, Test Loss: 0.14826371520757675 
2024-12-26 15:10:56,836 INFO: Epoch 172, Train Loss: 0.11815784002343814, Test Loss: 0.14808490971724192 
2024-12-26 15:10:56,927 INFO: Epoch 173, Train Loss: 0.1166375372885612, Test Loss: 0.14716317057609557 
2024-12-26 15:10:57,044 INFO: Epoch 174, Train Loss: 0.11587407158916457, Test Loss: 0.14611749251683553 
2024-12-26 15:10:57,135 INFO: Epoch 175, Train Loss: 0.11559201574377846, Test Loss: 0.1461868164439996 
2024-12-26 15:10:57,225 INFO: Epoch 176, Train Loss: 0.11506839971499223, Test Loss: 0.14636955509583155 
2024-12-26 15:10:57,337 INFO: Epoch 177, Train Loss: 0.11460035833481111, Test Loss: 0.14713468849658967 
2024-12-26 15:10:57,428 INFO: Epoch 178, Train Loss: 0.11475022235199024, Test Loss: 0.14542231013377507 
2024-12-26 15:10:57,519 INFO: Epoch 179, Train Loss: 0.11719509201091632, Test Loss: 0.14463676512241364 
2024-12-26 15:10:57,635 INFO: Epoch 180, Train Loss: 0.11618813336418386, Test Loss: 0.14539473056793212 
2024-12-26 15:10:57,728 INFO: Epoch 181, Train Loss: 0.11912812201077477, Test Loss: 0.1445122852921486 
2024-12-26 15:10:57,818 INFO: Epoch 182, Train Loss: 0.11570315977983307, Test Loss: 0.1456640288233757 
2024-12-26 15:10:57,932 INFO: Epoch 183, Train Loss: 0.11541304671973512, Test Loss: 0.14469497203826903 
2024-12-26 15:10:58,021 INFO: Epoch 184, Train Loss: 0.11304058933532551, Test Loss: 0.1445420061548551 
2024-12-26 15:10:58,116 INFO: Epoch 185, Train Loss: 0.11349573038649141, Test Loss: 0.14493222186962765 
2024-12-26 15:10:58,229 INFO: Epoch 186, Train Loss: 0.11442618032819346, Test Loss: 0.14449463188648223 
2024-12-26 15:10:58,321 INFO: Epoch 187, Train Loss: 0.1132727160788419, Test Loss: 0.1430331195394198 
2024-12-26 15:10:58,413 INFO: Epoch 188, Train Loss: 0.11377362410227458, Test Loss: 0.14326877097288768 
2024-12-26 15:10:58,524 INFO: Epoch 189, Train Loss: 0.1117835298442004, Test Loss: 0.14313896149396896 
2024-12-26 15:10:58,620 INFO: Epoch 190, Train Loss: 0.11138787447360524, Test Loss: 0.14289324482282004 
2024-12-26 15:10:58,710 INFO: Epoch 191, Train Loss: 0.11239409485929891, Test Loss: 0.14269576023022335 
2024-12-26 15:10:58,824 INFO: Epoch 192, Train Loss: 0.12530262885909332, Test Loss: 0.14145627568165461 
2024-12-26 15:10:58,917 INFO: Epoch 193, Train Loss: 0.11509946040939867, Test Loss: 0.14164976328611373 
2024-12-26 15:10:59,008 INFO: Epoch 194, Train Loss: 0.11212294470322759, Test Loss: 0.1403669570883115 
2024-12-26 15:10:59,120 INFO: Epoch 195, Train Loss: 0.10903973169134636, Test Loss: 0.14055666476488113 
2024-12-26 15:10:59,211 INFO: Epoch 196, Train Loss: 0.1100725470143452, Test Loss: 0.1399417668581009 
2024-12-26 15:10:59,301 INFO: Epoch 197, Train Loss: 0.1088479257989348, Test Loss: 0.1405879107614358 
2024-12-26 15:10:59,421 INFO: Epoch 198, Train Loss: 0.11126348310918138, Test Loss: 0.141556383172671 
2024-12-26 15:10:59,512 INFO: Epoch 199, Train Loss: 0.1086357946001124, Test Loss: 0.14024613201618194 
2024-12-26 15:10:59,605 INFO: Epoch 200, Train Loss: 0.1083608907565736, Test Loss: 0.13983510981003444 
2024-12-26 15:10:59,723 INFO: Epoch 201, Train Loss: 0.10949194797298364, Test Loss: 0.13899015213052432 
2024-12-26 15:10:59,815 INFO: Epoch 202, Train Loss: 0.11042072074977975, Test Loss: 0.13969261993964513 
2024-12-26 15:10:59,908 INFO: Epoch 203, Train Loss: 0.1085402653144117, Test Loss: 0.13913222029805183 
2024-12-26 15:11:00,021 INFO: Epoch 204, Train Loss: 0.1101506434773144, Test Loss: 0.1386668473482132 
2024-12-26 15:11:00,115 INFO: Epoch 205, Train Loss: 0.10986531395138356, Test Loss: 0.13863865733146669 
2024-12-26 15:11:00,208 INFO: Epoch 206, Train Loss: 0.10700781708746626, Test Loss: 0.1388155589501063 
2024-12-26 15:11:00,323 INFO: Epoch 207, Train Loss: 0.1064396041788553, Test Loss: 0.13783057083686193 
2024-12-26 15:11:00,413 INFO: Epoch 208, Train Loss: 0.1066089120219674, Test Loss: 0.1379789113998413 
2024-12-26 15:11:00,503 INFO: Epoch 209, Train Loss: 0.10610290466431986, Test Loss: 0.139275973290205 
2024-12-26 15:11:00,620 INFO: Epoch 210, Train Loss: 0.10574013360759668, Test Loss: 0.1393294724325339 
2024-12-26 15:11:00,713 INFO: Epoch 211, Train Loss: 0.1054262377713856, Test Loss: 0.13824401497840882 
2024-12-26 15:11:00,805 INFO: Epoch 212, Train Loss: 0.1046496281367645, Test Loss: 0.13778318762779235 
2024-12-26 15:11:00,920 INFO: Epoch 213, Train Loss: 0.10434563314182717, Test Loss: 0.13753389517466227 
2024-12-26 15:11:01,011 INFO: Epoch 214, Train Loss: 0.11195179356033341, Test Loss: 0.1375042627255122 
2024-12-26 15:11:01,101 INFO: Epoch 215, Train Loss: 0.10446346010359232, Test Loss: 0.13729655370116234 
2024-12-26 15:11:01,216 INFO: Epoch 216, Train Loss: 0.10384865935172952, Test Loss: 0.13709044779340426 
2024-12-26 15:11:01,308 INFO: Epoch 217, Train Loss: 0.10385484261470929, Test Loss: 0.13614043866594633 
2024-12-26 15:11:01,400 INFO: Epoch 218, Train Loss: 0.10371309499207296, Test Loss: 0.13611200402180354 
2024-12-26 15:11:01,514 INFO: Epoch 219, Train Loss: 0.10292995541372843, Test Loss: 0.13600098192691804 
2024-12-26 15:11:01,605 INFO: Epoch 220, Train Loss: 0.10258561176689047, Test Loss: 0.1355844425658385 
2024-12-26 15:11:01,696 INFO: Epoch 221, Train Loss: 0.1023346713597053, Test Loss: 0.13492244196434816 
2024-12-26 15:11:01,814 INFO: Epoch 222, Train Loss: 0.10236293600316633, Test Loss: 0.13543904970089596 
2024-12-26 15:11:01,906 INFO: Epoch 223, Train Loss: 0.10387499238315381, Test Loss: 0.13512721806764602 
2024-12-26 15:11:01,996 INFO: Epoch 224, Train Loss: 0.10181800295647822, Test Loss: 0.13535962924361228 
2024-12-26 15:11:02,108 INFO: Epoch 225, Train Loss: 0.10110285289977726, Test Loss: 0.13447223603725433 
2024-12-26 15:11:02,198 INFO: Epoch 226, Train Loss: 0.10447326746948979, Test Loss: 0.13483213931322097 
2024-12-26 15:11:02,289 INFO: Epoch 227, Train Loss: 0.10158976435399893, Test Loss: 0.1351706991593043 
2024-12-26 15:11:02,406 INFO: Epoch 228, Train Loss: 0.10045819435464709, Test Loss: 0.1341462291777134 
2024-12-26 15:11:02,497 INFO: Epoch 229, Train Loss: 0.1048586924740097, Test Loss: 0.1343179389834404 
2024-12-26 15:11:02,590 INFO: Epoch 230, Train Loss: 0.10128085014590046, Test Loss: 0.13416047344605128 
2024-12-26 15:11:02,707 INFO: Epoch 231, Train Loss: 0.10415408087142727, Test Loss: 0.13316166798273724 
2024-12-26 15:11:02,800 INFO: Epoch 232, Train Loss: 0.10190203903537047, Test Loss: 0.1332848752538363 
2024-12-26 15:11:02,896 INFO: Epoch 233, Train Loss: 0.10245428600332193, Test Loss: 0.1329432100057602 
2024-12-26 15:11:03,035 INFO: Epoch 234, Train Loss: 0.09975795924924967, Test Loss: 0.1341639240582784 
2024-12-26 15:11:03,129 INFO: Epoch 235, Train Loss: 0.09983205252833534, Test Loss: 0.13320643429954845 
2024-12-26 15:11:03,220 INFO: Epoch 236, Train Loss: 0.09824582993199951, Test Loss: 0.13185126781463624 
2024-12-26 15:11:03,334 INFO: Epoch 237, Train Loss: 0.10387530811784561, Test Loss: 0.13281411429246268 
2024-12-26 15:11:03,425 INFO: Epoch 238, Train Loss: 0.09931290528753348, Test Loss: 0.13317789609233538 
2024-12-26 15:11:03,517 INFO: Epoch 239, Train Loss: 0.0981215387582779, Test Loss: 0.1309957432250182 
2024-12-26 15:11:03,629 INFO: Epoch 240, Train Loss: 0.09765647776555597, Test Loss: 0.1308702611674865 
2024-12-26 15:11:03,720 INFO: Epoch 241, Train Loss: 0.09785140527967821, Test Loss: 0.13127046277125676 
2024-12-26 15:11:03,813 INFO: Epoch 242, Train Loss: 0.09671707186651857, Test Loss: 0.13128688757618268 
2024-12-26 15:11:03,928 INFO: Epoch 243, Train Loss: 0.10833188211708739, Test Loss: 0.13104240919152896 
2024-12-26 15:11:04,016 INFO: Epoch 244, Train Loss: 0.09831284515951809, Test Loss: 0.1311468484501044 
2024-12-26 15:11:04,110 INFO: Epoch 245, Train Loss: 0.09672992676496506, Test Loss: 0.13084060524900754 
2024-12-26 15:11:04,222 INFO: Epoch 246, Train Loss: 0.09640093062791907, Test Loss: 0.1309451388816039 
2024-12-26 15:11:04,318 INFO: Epoch 247, Train Loss: 0.09601818315946219, Test Loss: 0.13131576304634412 
2024-12-26 15:11:04,409 INFO: Epoch 248, Train Loss: 0.09783046744894563, Test Loss: 0.13088931813836097 
2024-12-26 15:11:04,525 INFO: Epoch 249, Train Loss: 0.0962432605263434, Test Loss: 0.13076673621932666 
2024-12-26 15:11:04,617 INFO: Epoch 250, Train Loss: 0.09525316084424655, Test Loss: 0.12981899480024975 
2024-12-26 15:11:04,707 INFO: Epoch 251, Train Loss: 0.09832647861095897, Test Loss: 0.1288261196265618 
2024-12-26 15:11:04,819 INFO: Epoch 252, Train Loss: 0.09662291629795443, Test Loss: 0.12994565789898235 
2024-12-26 15:11:04,912 INFO: Epoch 253, Train Loss: 0.09518906291116748, Test Loss: 0.129059524089098 
2024-12-26 15:11:05,002 INFO: Epoch 254, Train Loss: 0.09437172598483269, Test Loss: 0.1293734277288119 
2024-12-26 15:11:05,116 INFO: Epoch 255, Train Loss: 0.09381940424965139, Test Loss: 0.12843782156705857 
2024-12-26 15:11:05,208 INFO: Epoch 256, Train Loss: 0.09391173236725624, Test Loss: 0.12899606972932814 
2024-12-26 15:11:05,298 INFO: Epoch 257, Train Loss: 0.09850341800534934, Test Loss: 0.1277840852737427 
2024-12-26 15:11:05,413 INFO: Epoch 258, Train Loss: 0.09580272854420177, Test Loss: 0.1283800962070624 
2024-12-26 15:11:05,507 INFO: Epoch 259, Train Loss: 0.09493963498818248, Test Loss: 0.12773596718907357 
2024-12-26 15:11:05,599 INFO: Epoch 260, Train Loss: 0.09438949836450711, Test Loss: 0.128072173645099 
2024-12-26 15:11:05,716 INFO: Epoch 261, Train Loss: 0.09406232703150365, Test Loss: 0.12740931858619053 
2024-12-26 15:11:05,808 INFO: Epoch 262, Train Loss: 0.09433854011851445, Test Loss: 0.12783086473743122 
2024-12-26 15:11:05,898 INFO: Epoch 263, Train Loss: 0.09319799321523883, Test Loss: 0.12775029006103675 
2024-12-26 15:11:06,014 INFO: Epoch 264, Train Loss: 0.09215005529684979, Test Loss: 0.12740399539470673 
2024-12-26 15:11:06,105 INFO: Epoch 265, Train Loss: 0.09151839796584427, Test Loss: 0.12673263276616734 
2024-12-26 15:11:06,197 INFO: Epoch 266, Train Loss: 0.09172339642649158, Test Loss: 0.12696189967294533 
2024-12-26 15:11:06,311 INFO: Epoch 267, Train Loss: 0.09186080849745817, Test Loss: 0.12669889132181802 
2024-12-26 15:11:06,416 INFO: Epoch 268, Train Loss: 0.09298644241010934, Test Loss: 0.12667112362881502 
2024-12-26 15:11:06,598 INFO: Epoch 269, Train Loss: 0.09258305614716128, Test Loss: 0.12700430179635683 
2024-12-26 15:11:06,725 INFO: Epoch 270, Train Loss: 0.09154844476857729, Test Loss: 0.12651226644714672 
2024-12-26 15:11:06,853 INFO: Epoch 271, Train Loss: 0.0904495354431371, Test Loss: 0.12673217430710793 
2024-12-26 15:11:06,979 INFO: Epoch 272, Train Loss: 0.09145064743464454, Test Loss: 0.12622386887669562 
2024-12-26 15:11:07,082 INFO: Epoch 273, Train Loss: 0.09107122171604842, Test Loss: 0.12670924278597037 
2024-12-26 15:11:07,178 INFO: Epoch 274, Train Loss: 0.09088654822686262, Test Loss: 0.12552157702545325 
2024-12-26 15:11:07,271 INFO: Epoch 275, Train Loss: 0.09222861483954546, Test Loss: 0.12713118630150955 
2024-12-26 15:11:07,432 INFO: Epoch 276, Train Loss: 0.09325528510829859, Test Loss: 0.1260711876054605 
2024-12-26 15:11:07,522 INFO: Epoch 277, Train Loss: 0.09023910551740412, Test Loss: 0.12492471858859062 
2024-12-26 15:11:07,612 INFO: Epoch 278, Train Loss: 0.09103552069057498, Test Loss: 0.12490161359310151 
2024-12-26 15:11:07,720 INFO: Epoch 279, Train Loss: 0.09142590464468588, Test Loss: 0.12447325326502323 
2024-12-26 15:11:07,812 INFO: Epoch 280, Train Loss: 0.09019591914195764, Test Loss: 0.12526307528217634 
2024-12-26 15:11:07,903 INFO: Epoch 281, Train Loss: 0.0895710322156287, Test Loss: 0.12443738654255868 
2024-12-26 15:11:08,008 INFO: Epoch 282, Train Loss: 0.09005308634879296, Test Loss: 0.12526944931596518 
2024-12-26 15:11:08,097 INFO: Epoch 283, Train Loss: 0.0897873582547171, Test Loss: 0.12443325879673163 
2024-12-26 15:11:08,186 INFO: Epoch 284, Train Loss: 0.08966635579341337, Test Loss: 0.1256447970867157 
2024-12-26 15:11:08,291 INFO: Epoch 285, Train Loss: 0.08933436053625324, Test Loss: 0.12416258454322815 
2024-12-26 15:11:08,383 INFO: Epoch 286, Train Loss: 0.08843239357596949, Test Loss: 0.12373678882916768 
2024-12-26 15:11:08,473 INFO: Epoch 287, Train Loss: 0.08794909990147541, Test Loss: 0.12456804439425469 
2024-12-26 15:11:08,578 INFO: Epoch 288, Train Loss: 0.08892100219402396, Test Loss: 0.1233212641129891 
2024-12-26 15:11:08,671 INFO: Epoch 289, Train Loss: 0.08910621669993066, Test Loss: 0.1232081780831019 
2024-12-26 15:11:08,785 INFO: Epoch 290, Train Loss: 0.08784429179994684, Test Loss: 0.1230244554579258 
2024-12-26 15:11:08,977 INFO: Epoch 291, Train Loss: 0.08717834001831841, Test Loss: 0.12304150188962619 
2024-12-26 15:11:09,081 INFO: Epoch 292, Train Loss: 0.08761278801319893, Test Loss: 0.12320727035403252 
2024-12-26 15:11:09,172 INFO: Epoch 293, Train Loss: 0.08690623494616725, Test Loss: 0.12296362568934759 
2024-12-26 15:11:09,263 INFO: Epoch 294, Train Loss: 0.09123306113638376, Test Loss: 0.1243112899363041 
2024-12-26 15:11:09,391 INFO: Epoch 295, Train Loss: 0.08730000813017812, Test Loss: 0.12337432851394017 
2024-12-26 15:11:09,520 INFO: Epoch 296, Train Loss: 0.08591044272639249, Test Loss: 0.12272860333323479 
2024-12-26 15:11:09,636 INFO: Epoch 297, Train Loss: 0.08725685024993461, Test Loss: 0.12264063656330108 
2024-12-26 15:11:09,731 INFO: Epoch 298, Train Loss: 0.08702733171613593, Test Loss: 0.1220582913607359 
2024-12-26 15:11:09,827 INFO: Epoch 299, Train Loss: 0.09173234356077094, Test Loss: 0.1221677248676618 
2024-12-26 15:11:09,928 INFO: Epoch 300, Train Loss: 0.08714405858987256, Test Loss: 0.12241520782311757 
2024-12-26 15:11:10,018 INFO: Epoch 301, Train Loss: 0.0888232114283662, Test Loss: 0.1239938858896494 
2024-12-26 15:11:10,107 INFO: Epoch 302, Train Loss: 0.08612470642516487, Test Loss: 0.12203308790922165 
2024-12-26 15:11:10,200 INFO: Epoch 303, Train Loss: 0.08788297926647622, Test Loss: 0.12213358593483765 
2024-12-26 15:11:10,290 INFO: Epoch 304, Train Loss: 0.08666287088080456, Test Loss: 0.12215038066109021 
2024-12-26 15:11:10,379 INFO: Epoch 305, Train Loss: 0.0860013607562634, Test Loss: 0.12211003129680952 
2024-12-26 15:11:10,472 INFO: Epoch 306, Train Loss: 0.08509773643393266, Test Loss: 0.12231358165542285 
2024-12-26 15:11:10,573 INFO: Epoch 307, Train Loss: 0.08432500899295535, Test Loss: 0.12298637001464764 
2024-12-26 15:11:10,700 INFO: Epoch 308, Train Loss: 0.08438929804323013, Test Loss: 0.12180954317251841 
2024-12-26 15:11:10,799 INFO: Epoch 309, Train Loss: 0.08447777623670143, Test Loss: 0.12107723106940588 
2024-12-26 15:11:10,889 INFO: Epoch 310, Train Loss: 0.08638373853867515, Test Loss: 0.12115747531255086 
2024-12-26 15:11:10,998 INFO: Epoch 311, Train Loss: 0.08594529422228797, Test Loss: 0.12131236040343842 
2024-12-26 15:11:11,111 INFO: Epoch 312, Train Loss: 0.08417514312947005, Test Loss: 0.12079865479220947 
2024-12-26 15:11:11,202 INFO: Epoch 313, Train Loss: 0.08366465673112032, Test Loss: 0.12109817340970039 
2024-12-26 15:11:11,296 INFO: Epoch 314, Train Loss: 0.0845385793792574, Test Loss: 0.12105001658201217 
2024-12-26 15:11:11,387 INFO: Epoch 315, Train Loss: 0.08466613593331554, Test Loss: 0.12167292330414056 
2024-12-26 15:11:11,496 INFO: Epoch 316, Train Loss: 0.08424885093904379, Test Loss: 0.1208483242119352 
2024-12-26 15:11:11,637 INFO: Epoch 317, Train Loss: 0.08313978522231705, Test Loss: 0.12007195291419824 
2024-12-26 15:11:11,765 INFO: Epoch 318, Train Loss: 0.08261438230412048, Test Loss: 0.12022433653473855 
2024-12-26 15:11:11,860 INFO: Epoch 319, Train Loss: 0.08269772309352431, Test Loss: 0.12041235544408362 
2024-12-26 15:11:11,952 INFO: Epoch 320, Train Loss: 0.08180019211048555, Test Loss: 0.12000017190972964 
2024-12-26 15:11:12,053 INFO: Epoch 321, Train Loss: 0.082632305525374, Test Loss: 0.1199799424658219 
2024-12-26 15:11:12,143 INFO: Epoch 322, Train Loss: 0.08252823280922153, Test Loss: 0.1199891772121191 
2024-12-26 15:11:12,248 INFO: Epoch 323, Train Loss: 0.0826429832530649, Test Loss: 0.11963820978999137 
2024-12-26 15:11:12,352 INFO: Epoch 324, Train Loss: 0.0817357722277704, Test Loss: 0.11898136970897516 
2024-12-26 15:11:12,443 INFO: Epoch 325, Train Loss: 0.08303915931467425, Test Loss: 0.12063722076515357 
2024-12-26 15:11:12,536 INFO: Epoch 326, Train Loss: 0.08183683397803913, Test Loss: 0.12005860079079866 
2024-12-26 15:11:12,635 INFO: Epoch 327, Train Loss: 0.0813684812828637, Test Loss: 0.11968665334085624 
2024-12-26 15:11:12,731 INFO: Epoch 328, Train Loss: 0.080888869273558, Test Loss: 0.11949308067560196 
2024-12-26 15:11:12,839 INFO: Epoch 329, Train Loss: 0.08081869062101632, Test Loss: 0.11900219364712636 
2024-12-26 15:11:12,948 INFO: Epoch 330, Train Loss: 0.0813010713706414, Test Loss: 0.11940864858527979 
2024-12-26 15:11:13,043 INFO: Epoch 331, Train Loss: 0.08228463346236631, Test Loss: 0.11918550298238793 
2024-12-26 15:11:13,132 INFO: Epoch 332, Train Loss: 0.0821636204133954, Test Loss: 0.11899747227629026 
2024-12-26 15:11:13,229 INFO: Epoch 333, Train Loss: 0.08088071775018123, Test Loss: 0.11920316927134991 
2024-12-26 15:11:13,331 INFO: Epoch 334, Train Loss: 0.08089296879214153, Test Loss: 0.11856108599652847 
2024-12-26 15:11:13,440 INFO: Epoch 335, Train Loss: 0.08169969171285629, Test Loss: 0.11889971618851027 
2024-12-26 15:11:13,534 INFO: Epoch 336, Train Loss: 0.08080898970365524, Test Loss: 0.11855697399005294 
2024-12-26 15:11:13,625 INFO: Epoch 337, Train Loss: 0.08175724326518544, Test Loss: 0.11876151884595552 
2024-12-26 15:11:13,734 INFO: Epoch 338, Train Loss: 0.08128144141090543, Test Loss: 0.11821259471277396 
2024-12-26 15:11:13,826 INFO: Epoch 339, Train Loss: 0.07945399568007704, Test Loss: 0.11830041644473871 
2024-12-26 15:11:13,926 INFO: Epoch 340, Train Loss: 0.07926628016458269, Test Loss: 0.11885140414039294 
2024-12-26 15:11:14,036 INFO: Epoch 341, Train Loss: 0.07955913023467649, Test Loss: 0.11793991290032864 
2024-12-26 15:11:14,129 INFO: Epoch 342, Train Loss: 0.08026385032816936, Test Loss: 0.11731785250206789 
2024-12-26 15:11:14,225 INFO: Epoch 343, Train Loss: 0.07932290085182901, Test Loss: 0.11724926326423883 
2024-12-26 15:11:14,348 INFO: Epoch 344, Train Loss: 0.07916285287131343, Test Loss: 0.11780602525298794 
2024-12-26 15:11:14,473 INFO: Epoch 345, Train Loss: 0.07893079061780059, Test Loss: 0.11702963411808014 
2024-12-26 15:11:14,578 INFO: Epoch 346, Train Loss: 0.07851685995334073, Test Loss: 0.11705943997949361 
2024-12-26 15:11:14,671 INFO: Epoch 347, Train Loss: 0.07868681063777522, Test Loss: 0.11696218317374588 
2024-12-26 15:11:14,762 INFO: Epoch 348, Train Loss: 0.07824851915632423, Test Loss: 0.11699037278691927 
2024-12-26 15:11:14,869 INFO: Epoch 349, Train Loss: 0.07821588446958024, Test Loss: 0.11743774420271318 
2024-12-26 15:11:14,960 INFO: Epoch 350, Train Loss: 0.07914337849146441, Test Loss: 0.11749820883075396 
2024-12-26 15:11:15,051 INFO: Epoch 351, Train Loss: 0.07829732866140834, Test Loss: 0.11683261940876642 
2024-12-26 15:11:15,158 INFO: Epoch 352, Train Loss: 0.08164302266219206, Test Loss: 0.11854646609475215 
2024-12-26 15:11:15,249 INFO: Epoch 353, Train Loss: 0.07997492537425276, Test Loss: 0.1172989847138524 
2024-12-26 15:11:15,341 INFO: Epoch 354, Train Loss: 0.07876812692796975, Test Loss: 0.11747583824520309 
2024-12-26 15:11:15,450 INFO: Epoch 355, Train Loss: 0.0793947436307606, Test Loss: 0.115917761841168 
2024-12-26 15:11:15,543 INFO: Epoch 356, Train Loss: 0.0780237245193699, Test Loss: 0.11578620932996272 
2024-12-26 15:11:15,634 INFO: Epoch 357, Train Loss: 0.08163943899828091, Test Loss: 0.11715143993496895 
2024-12-26 15:11:15,742 INFO: Epoch 358, Train Loss: 0.07778600783070974, Test Loss: 0.11556420841564735 
2024-12-26 15:11:15,834 INFO: Epoch 359, Train Loss: 0.07678205915318247, Test Loss: 0.11659639949599902 
2024-12-26 15:11:15,925 INFO: Epoch 360, Train Loss: 0.0773852555767486, Test Loss: 0.11674790168181062 
2024-12-26 15:11:16,031 INFO: Epoch 361, Train Loss: 0.0773194320499897, Test Loss: 0.11550247371196747 
2024-12-26 15:11:16,124 INFO: Epoch 362, Train Loss: 0.07630865429446362, Test Loss: 0.11657187007367611 
2024-12-26 15:11:16,214 INFO: Epoch 363, Train Loss: 0.07680097457609679, Test Loss: 0.11534262454758087 
2024-12-26 15:11:16,323 INFO: Epoch 364, Train Loss: 0.07675305812766678, Test Loss: 0.11532392700513204 
2024-12-26 15:11:16,416 INFO: Epoch 365, Train Loss: 0.07547239545454974, Test Loss: 0.11490492075681687 
2024-12-26 15:11:16,506 INFO: Epoch 366, Train Loss: 0.07609529767120093, Test Loss: 0.11513163251802325 
2024-12-26 15:11:16,614 INFO: Epoch 367, Train Loss: 0.07588419762619755, Test Loss: 0.11480366733546059 
2024-12-26 15:11:16,705 INFO: Epoch 368, Train Loss: 0.07571232998580263, Test Loss: 0.11458647629866997 
2024-12-26 15:11:16,799 INFO: Epoch 369, Train Loss: 0.07520683943048904, Test Loss: 0.11537893606970707 
2024-12-26 15:11:16,905 INFO: Epoch 370, Train Loss: 0.07565883494782866, Test Loss: 0.11622027891377608 
2024-12-26 15:11:16,997 INFO: Epoch 371, Train Loss: 0.0755634203291776, Test Loss: 0.1149327856178085 
2024-12-26 15:11:17,091 INFO: Epoch 372, Train Loss: 0.07476504830022652, Test Loss: 0.11466804606219133 
2024-12-26 15:11:17,202 INFO: Epoch 373, Train Loss: 0.0756776196261247, Test Loss: 0.11480727375795444 
2024-12-26 15:11:17,296 INFO: Epoch 374, Train Loss: 0.07601177163029972, Test Loss: 0.11440475955605507 
2024-12-26 15:11:17,386 INFO: Epoch 375, Train Loss: 0.0754202631089771, Test Loss: 0.11443307495986423 
2024-12-26 15:11:17,496 INFO: Epoch 376, Train Loss: 0.07456708552413865, Test Loss: 0.11464610422650973 
2024-12-26 15:11:17,585 INFO: Epoch 377, Train Loss: 0.07500188235650983, Test Loss: 0.11426448790977399 
2024-12-26 15:11:17,678 INFO: Epoch 378, Train Loss: 0.07426894165314081, Test Loss: 0.11430618986487388 
2024-12-26 15:11:17,786 INFO: Epoch 379, Train Loss: 0.0742137523269967, Test Loss: 0.1137061865379413 
2024-12-26 15:11:17,877 INFO: Epoch 380, Train Loss: 0.07463377380841657, Test Loss: 0.11360151863967378 
2024-12-26 15:11:17,970 INFO: Epoch 381, Train Loss: 0.07671662080183364, Test Loss: 0.11399804586544633 
2024-12-26 15:11:18,078 INFO: Epoch 382, Train Loss: 0.07608456321452793, Test Loss: 0.11345549893255034 
2024-12-26 15:11:18,171 INFO: Epoch 383, Train Loss: 0.07361072478325743, Test Loss: 0.11432579432924589 
2024-12-26 15:11:18,261 INFO: Epoch 384, Train Loss: 0.07418808197243172, Test Loss: 0.11448262184858322 
2024-12-26 15:11:18,370 INFO: Epoch 385, Train Loss: 0.07342067151738886, Test Loss: 0.11427628148036699 
2024-12-26 15:11:18,460 INFO: Epoch 386, Train Loss: 0.07516090591487132, Test Loss: 0.11309064226225019 
2024-12-26 15:11:18,555 INFO: Epoch 387, Train Loss: 0.07364281972772196, Test Loss: 0.1132045578211546 
2024-12-26 15:11:18,667 INFO: Epoch 388, Train Loss: 0.07414789550137102, Test Loss: 0.11307361122841636 
2024-12-26 15:11:18,759 INFO: Epoch 389, Train Loss: 0.07426012693005696, Test Loss: 0.11328930972764889 
2024-12-26 15:11:18,854 INFO: Epoch 390, Train Loss: 0.07765727660112214, Test Loss: 0.1132887387337784 
2024-12-26 15:11:18,960 INFO: Epoch 391, Train Loss: 0.07388568303564139, Test Loss: 0.11360803299273053 
2024-12-26 15:11:19,051 INFO: Epoch 392, Train Loss: 0.0735674167803505, Test Loss: 0.11429336148624619 
2024-12-26 15:11:19,143 INFO: Epoch 393, Train Loss: 0.07329788660271126, Test Loss: 0.1137584119103849 
2024-12-26 15:11:19,255 INFO: Epoch 394, Train Loss: 0.07319185850128793, Test Loss: 0.11326142312027514 
2024-12-26 15:11:19,349 INFO: Epoch 395, Train Loss: 0.07267864976535764, Test Loss: 0.11329817244162162 
2024-12-26 15:11:19,439 INFO: Epoch 396, Train Loss: 0.07231187219159645, Test Loss: 0.11233866951273133 
2024-12-26 15:11:19,548 INFO: Epoch 397, Train Loss: 0.07283526306089602, Test Loss: 0.11234402259190877 
2024-12-26 15:11:19,640 INFO: Epoch 398, Train Loss: 0.07452625572158579, Test Loss: 0.1140117447823286 
2024-12-26 15:11:19,730 INFO: Epoch 399, Train Loss: 0.07377803038086808, Test Loss: 0.1125054826028645 
2024-12-26 15:11:19,838 INFO: Epoch 400, Train Loss: 0.0736637460558038, Test Loss: 0.11246212165181836 
2024-12-26 15:11:19,929 INFO: Epoch 401, Train Loss: 0.07325088415752377, Test Loss: 0.11293361308053136 
2024-12-26 15:11:20,020 INFO: Epoch 402, Train Loss: 0.07322545336526737, Test Loss: 0.11264945132037003 
2024-12-26 15:11:20,129 INFO: Epoch 403, Train Loss: 0.0726669954234048, Test Loss: 0.11201631079117456 
2024-12-26 15:11:20,222 INFO: Epoch 404, Train Loss: 0.07116997856319997, Test Loss: 0.1117854825531443 
2024-12-26 15:11:20,313 INFO: Epoch 405, Train Loss: 0.07116195925495081, Test Loss: 0.11173272881036003 
2024-12-26 15:11:20,424 INFO: Epoch 406, Train Loss: 0.07138482644631151, Test Loss: 0.11152565370624264 
2024-12-26 15:11:20,521 INFO: Epoch 407, Train Loss: 0.07074184428181565, Test Loss: 0.11140899661307534 
2024-12-26 15:11:20,614 INFO: Epoch 408, Train Loss: 0.07153750563922681, Test Loss: 0.11318008389013509 
2024-12-26 15:11:20,724 INFO: Epoch 409, Train Loss: 0.07169485333980176, Test Loss: 0.11207930687814951 
2024-12-26 15:11:20,817 INFO: Epoch 410, Train Loss: 0.07157247036434057, Test Loss: 0.11312080553422371 
2024-12-26 15:11:20,910 INFO: Epoch 411, Train Loss: 0.07078516280703377, Test Loss: 0.11149296027918656 
2024-12-26 15:11:21,019 INFO: Epoch 412, Train Loss: 0.07081641407127966, Test Loss: 0.11259623989462852 
2024-12-26 15:11:21,110 INFO: Epoch 413, Train Loss: 0.0722475837458644, Test Loss: 0.11215742168327172 
2024-12-26 15:11:21,201 INFO: Epoch 414, Train Loss: 0.07035880758051287, Test Loss: 0.11165356353546182 
2024-12-26 15:11:21,308 INFO: Epoch 415, Train Loss: 0.07066118880583529, Test Loss: 0.11136699565686285 
2024-12-26 15:11:21,404 INFO: Epoch 416, Train Loss: 0.07051861802475494, Test Loss: 0.11121556945145131 
2024-12-26 15:11:21,499 INFO: Epoch 417, Train Loss: 0.07148048301276408, Test Loss: 0.11162783851226171 
2024-12-26 15:11:21,609 INFO: Epoch 418, Train Loss: 0.07168213964292877, Test Loss: 0.11255083425591389 
2024-12-26 15:11:21,702 INFO: Epoch 419, Train Loss: 0.07046956487261412, Test Loss: 0.11136589062710603 
2024-12-26 15:11:21,799 INFO: Epoch 420, Train Loss: 0.07030860975123289, Test Loss: 0.11114976614092788 
2024-12-26 15:11:21,919 INFO: Epoch 421, Train Loss: 0.07055770285558283, Test Loss: 0.1108588709651182 
2024-12-26 15:11:22,017 INFO: Epoch 422, Train Loss: 0.06999789073801878, Test Loss: 0.11036934262762467 
2024-12-26 15:11:22,116 INFO: Epoch 423, Train Loss: 0.07075783505774381, Test Loss: 0.11069372843485326 
2024-12-26 15:11:22,233 INFO: Epoch 424, Train Loss: 0.07003279710025118, Test Loss: 0.11097112145895759 
2024-12-26 15:11:22,336 INFO: Epoch 425, Train Loss: 0.07197578591212891, Test Loss: 0.11025569322519005 
2024-12-26 15:11:22,452 INFO: Epoch 426, Train Loss: 0.06888798171687022, Test Loss: 0.1103880496074756 
2024-12-26 15:11:22,580 INFO: Epoch 427, Train Loss: 0.06853077184866395, Test Loss: 0.11074140461472173 
2024-12-26 15:11:22,703 INFO: Epoch 428, Train Loss: 0.07018326373215307, Test Loss: 0.10992444368700187 
2024-12-26 15:11:22,808 INFO: Epoch 429, Train Loss: 0.06902589648962021, Test Loss: 0.11006217645481228 
2024-12-26 15:11:22,916 INFO: Epoch 430, Train Loss: 0.06997867954666154, Test Loss: 0.11014046114869416 
2024-12-26 15:11:23,023 INFO: Epoch 431, Train Loss: 0.0688916664374502, Test Loss: 0.10961237341786424 
2024-12-26 15:11:23,129 INFO: Epoch 432, Train Loss: 0.07081652001330727, Test Loss: 0.1102415774948895 
2024-12-26 15:11:23,232 INFO: Epoch 433, Train Loss: 0.06951565701481804, Test Loss: 0.11106984236588081 
2024-12-26 15:11:23,337 INFO: Epoch 434, Train Loss: 0.06802413230271716, Test Loss: 0.10989961493760347 
2024-12-26 15:11:23,446 INFO: Epoch 435, Train Loss: 0.06932380664766881, Test Loss: 0.10994291170500219 
2024-12-26 15:11:23,548 INFO: Epoch 436, Train Loss: 0.06901721904675166, Test Loss: 0.1099054049855719 
2024-12-26 15:11:23,663 INFO: Epoch 437, Train Loss: 0.06795982794280638, Test Loss: 0.11035785612960657 
2024-12-26 15:11:23,775 INFO: Epoch 438, Train Loss: 0.06750200574466012, Test Loss: 0.10923613129804531 
2024-12-26 15:11:23,916 INFO: Epoch 439, Train Loss: 0.06776812234730051, Test Loss: 0.10926849907264113 
2024-12-26 15:11:24,022 INFO: Epoch 440, Train Loss: 0.06780004475200385, Test Loss: 0.11001956257969141 
2024-12-26 15:11:24,121 INFO: Epoch 441, Train Loss: 0.06737080564428317, Test Loss: 0.10915294311319788 
2024-12-26 15:11:24,216 INFO: Epoch 442, Train Loss: 0.06729701462022045, Test Loss: 0.10939078132311503 
2024-12-26 15:11:24,310 INFO: Epoch 443, Train Loss: 0.06898636495073636, Test Loss: 0.10911041686000923 
2024-12-26 15:11:24,410 INFO: Epoch 444, Train Loss: 0.06791754089818712, Test Loss: 0.10874765096232294 
2024-12-26 15:11:24,506 INFO: Epoch 445, Train Loss: 0.06960025534295199, Test Loss: 0.10892383599032958 
2024-12-26 15:11:24,605 INFO: Epoch 446, Train Loss: 0.06816292377678972, Test Loss: 0.11005904106423259 
2024-12-26 15:11:24,710 INFO: Epoch 447, Train Loss: 0.06771131533018329, Test Loss: 0.10924219076211254 
2024-12-26 15:11:24,813 INFO: Epoch 448, Train Loss: 0.06771072457756913, Test Loss: 0.10938788512721657 
2024-12-26 15:11:24,914 INFO: Epoch 449, Train Loss: 0.06883395384801061, Test Loss: 0.1102637912069137 
2024-12-26 15:11:25,018 INFO: Epoch 450, Train Loss: 0.06740161920325798, Test Loss: 0.10917624672874808 
2024-12-26 15:11:25,112 INFO: Epoch 451, Train Loss: 0.06655272462388925, Test Loss: 0.1087066578057905 
2024-12-26 15:11:25,200 INFO: Epoch 452, Train Loss: 0.06615828868132412, Test Loss: 0.10917745089779297 
2024-12-26 15:11:25,296 INFO: Epoch 453, Train Loss: 0.06683668657614474, Test Loss: 0.10891631077975035 
2024-12-26 15:11:25,400 INFO: Epoch 454, Train Loss: 0.06918762382446673, Test Loss: 0.1089818630522738 
2024-12-26 15:11:25,521 INFO: Epoch 455, Train Loss: 0.06762859094561192, Test Loss: 0.10926783935477337 
2024-12-26 15:11:25,627 INFO: Epoch 456, Train Loss: 0.06643992992477459, Test Loss: 0.10969853357722362 
2024-12-26 15:11:25,722 INFO: Epoch 457, Train Loss: 0.06625624875162255, Test Loss: 0.11049085141470034 
2024-12-26 15:11:25,820 INFO: Epoch 458, Train Loss: 0.06539014145413316, Test Loss: 0.10870233677172413 
2024-12-26 15:11:25,913 INFO: Epoch 459, Train Loss: 0.06528663783938739, Test Loss: 0.10861173259715239 
2024-12-26 15:11:26,003 INFO: Epoch 460, Train Loss: 0.06628607331137908, Test Loss: 0.10813092903699725 
2024-12-26 15:11:26,097 INFO: Epoch 461, Train Loss: 0.07964149025971429, Test Loss: 0.10768798917221527 
2024-12-26 15:11:26,190 INFO: Epoch 462, Train Loss: 0.07008077681326029, Test Loss: 0.10741664357483387 
2024-12-26 15:11:26,280 INFO: Epoch 463, Train Loss: 0.06693719686907634, Test Loss: 0.10724341372648875 
2024-12-26 15:11:26,376 INFO: Epoch 464, Train Loss: 0.06560039249036395, Test Loss: 0.10707985075811545 
2024-12-26 15:11:26,468 INFO: Epoch 465, Train Loss: 0.06652951266681939, Test Loss: 0.10719849437009543 
2024-12-26 15:11:26,560 INFO: Epoch 466, Train Loss: 0.06595052151303542, Test Loss: 0.10920264145242982 
2024-12-26 15:11:26,654 INFO: Epoch 467, Train Loss: 0.06597583054711945, Test Loss: 0.107354699432229 
2024-12-26 15:11:26,745 INFO: Epoch 468, Train Loss: 0.07506793985764186, Test Loss: 0.10753103191964328 
2024-12-26 15:11:26,838 INFO: Epoch 469, Train Loss: 0.06608039421731965, Test Loss: 0.10829153725256523 
2024-12-26 15:11:26,940 INFO: Epoch 470, Train Loss: 0.06626703831971738, Test Loss: 0.10849393606185913 
2024-12-26 15:11:27,050 INFO: Epoch 471, Train Loss: 0.06841646030283811, Test Loss: 0.10770675302483142 
2024-12-26 15:11:27,164 INFO: Epoch 472, Train Loss: 0.06652805581688881, Test Loss: 0.10785135142505169 
2024-12-26 15:11:27,262 INFO: Epoch 473, Train Loss: 0.06466101384476612, Test Loss: 0.10725933092956742 
2024-12-26 15:11:27,367 INFO: Epoch 474, Train Loss: 0.06525174815926635, Test Loss: 0.10728303344609837 
2024-12-26 15:11:27,462 INFO: Epoch 475, Train Loss: 0.06441326746553705, Test Loss: 0.10722254144881542 
2024-12-26 15:11:27,555 INFO: Epoch 476, Train Loss: 0.06404819672829226, Test Loss: 0.10697789477805296 
2024-12-26 15:11:27,661 INFO: Epoch 477, Train Loss: 0.06542094215227846, Test Loss: 0.10645761612492304 
2024-12-26 15:11:27,774 INFO: Epoch 478, Train Loss: 0.06483109409741142, Test Loss: 0.10741245026389758 
2024-12-26 15:11:27,867 INFO: Epoch 479, Train Loss: 0.06567565652362087, Test Loss: 0.10815297110239044 
2024-12-26 15:11:27,957 INFO: Epoch 480, Train Loss: 0.06820723362136305, Test Loss: 0.10754714088592057 
2024-12-26 15:11:28,057 INFO: Epoch 481, Train Loss: 0.06521406279582727, Test Loss: 0.10716581316664815 
2024-12-26 15:11:28,153 INFO: Epoch 482, Train Loss: 0.0639421297482362, Test Loss: 0.10673970809439197 
2024-12-26 15:11:28,244 INFO: Epoch 483, Train Loss: 0.06387533240935259, Test Loss: 0.10684074521219979 
2024-12-26 15:11:28,340 INFO: Epoch 484, Train Loss: 0.06427350921327607, Test Loss: 0.10702548317688827 
2024-12-26 15:11:28,429 INFO: Epoch 485, Train Loss: 0.06377773362685714, Test Loss: 0.10668846755288541 
2024-12-26 15:11:28,517 INFO: Epoch 486, Train Loss: 0.06466737115069439, Test Loss: 0.1071797876774023 
2024-12-26 15:11:28,612 INFO: Epoch 487, Train Loss: 0.06458694370169389, Test Loss: 0.10761354010125311 
2024-12-26 15:11:28,701 INFO: Epoch 488, Train Loss: 0.0641576518353663, Test Loss: 0.10769774789611498 
2024-12-26 15:11:28,791 INFO: Epoch 489, Train Loss: 0.06285855304776576, Test Loss: 0.10661890702322126 
2024-12-26 15:11:28,889 INFO: Epoch 490, Train Loss: 0.0635324738789023, Test Loss: 0.10619776572566479 
2024-12-26 15:11:28,978 INFO: Epoch 491, Train Loss: 0.06348982884695656, Test Loss: 0.10678285428633293 
2024-12-26 15:11:29,068 INFO: Epoch 492, Train Loss: 0.06327788838953302, Test Loss: 0.1066835760915031 
2024-12-26 15:11:29,165 INFO: Epoch 493, Train Loss: 0.06347077339887619, Test Loss: 0.10663663684390486 
2024-12-26 15:11:29,255 INFO: Epoch 494, Train Loss: 0.06338354356979069, Test Loss: 0.10662494772113859 
2024-12-26 15:11:29,350 INFO: Epoch 495, Train Loss: 0.06377750001194184, Test Loss: 0.10625246779527515 
2024-12-26 15:11:29,456 INFO: Epoch 496, Train Loss: 0.06379382697898045, Test Loss: 0.1071065930785456 
2024-12-26 15:11:29,549 INFO: Epoch 497, Train Loss: 0.06252851232624891, Test Loss: 0.10627929464293023 
2024-12-26 15:11:29,638 INFO: Epoch 498, Train Loss: 0.06598455426201486, Test Loss: 0.10700324683372552 
2024-12-26 15:11:29,735 INFO: Epoch 499, Train Loss: 0.06710035324488815, Test Loss: 0.10666564262161653 
2024-12-26 15:11:29,824 INFO: Epoch 500, Train Loss: 0.06420003965889153, Test Loss: 0.10658128548723957 
2024-12-26 15:11:29,915 INFO: Epoch 501, Train Loss: 0.06310721048921869, Test Loss: 0.10601298675561945 
2024-12-26 15:11:30,014 INFO: Epoch 502, Train Loss: 0.06320527313571227, Test Loss: 0.10628293128684163 
2024-12-26 15:11:30,104 INFO: Epoch 503, Train Loss: 0.0632491433960304, Test Loss: 0.10563653082742046 
2024-12-26 15:11:30,196 INFO: Epoch 504, Train Loss: 0.06294184439537819, Test Loss: 0.10612912739161402 
2024-12-26 15:11:30,299 INFO: Epoch 505, Train Loss: 0.06239999958166951, Test Loss: 0.10554567897149052 
2024-12-26 15:11:30,390 INFO: Epoch 506, Train Loss: 0.06264994790156682, Test Loss: 0.10595898984077697 
2024-12-26 15:11:30,483 INFO: Epoch 507, Train Loss: 0.06357821194749129, Test Loss: 0.1057367974271377 
2024-12-26 15:11:30,588 INFO: Epoch 508, Train Loss: 0.062453665950319225, Test Loss: 0.10597508414648474 
2024-12-26 15:11:30,679 INFO: Epoch 509, Train Loss: 0.06250634802538052, Test Loss: 0.10522311339930941 
2024-12-26 15:11:30,770 INFO: Epoch 510, Train Loss: 0.06185622278012728, Test Loss: 0.10619804995755354 
2024-12-26 15:11:30,876 INFO: Epoch 511, Train Loss: 0.06284452621874057, Test Loss: 0.10585006478553018 
2024-12-26 15:11:30,966 INFO: Epoch 512, Train Loss: 0.06450230085797477, Test Loss: 0.10599740594625473 
2024-12-26 15:11:31,054 INFO: Epoch 513, Train Loss: 0.06197526456232656, Test Loss: 0.105201163397093 
2024-12-26 15:11:31,162 INFO: Epoch 514, Train Loss: 0.062168604776001814, Test Loss: 0.10553245200426317 
2024-12-26 15:11:31,253 INFO: Epoch 515, Train Loss: 0.06140928614165699, Test Loss: 0.10504390636536604 
2024-12-26 15:11:31,344 INFO: Epoch 516, Train Loss: 0.06111226010283357, Test Loss: 0.10521088936366141 
2024-12-26 15:11:31,450 INFO: Epoch 517, Train Loss: 0.06112889298482945, Test Loss: 0.10514689218252897 
2024-12-26 15:11:31,542 INFO: Epoch 518, Train Loss: 0.06384594078388131, Test Loss: 0.10500520420415947 
2024-12-26 15:11:31,636 INFO: Epoch 519, Train Loss: 0.06192092329525111, Test Loss: 0.10478642926706622 
2024-12-26 15:11:31,742 INFO: Epoch 520, Train Loss: 0.06100599375439056, Test Loss: 0.10571780661897114 
2024-12-26 15:11:31,832 INFO: Epoch 521, Train Loss: 0.061033244195737336, Test Loss: 0.10478516492682198 
2024-12-26 15:11:31,923 INFO: Epoch 522, Train Loss: 0.062197841899959666, Test Loss: 0.10546764092093024 
2024-12-26 15:11:32,030 INFO: Epoch 523, Train Loss: 0.06232587823219467, Test Loss: 0.1051411759806797 
2024-12-26 15:11:32,125 INFO: Epoch 524, Train Loss: 0.0621687015681936, Test Loss: 0.10494861624708089 
2024-12-26 15:11:32,216 INFO: Epoch 525, Train Loss: 0.060994379745240794, Test Loss: 0.10573463106217483 
2024-12-26 15:11:32,322 INFO: Epoch 526, Train Loss: 0.06141745782735055, Test Loss: 0.10499992608286751 
2024-12-26 15:11:32,415 INFO: Epoch 527, Train Loss: 0.06139898731520301, Test Loss: 0.10602919907929996 
2024-12-26 15:11:32,506 INFO: Epoch 528, Train Loss: 0.060381533937496054, Test Loss: 0.10508152690405646 
2024-12-26 15:11:32,612 INFO: Epoch 529, Train Loss: 0.060623053265245336, Test Loss: 0.1064174861026307 
2024-12-26 15:11:32,703 INFO: Epoch 530, Train Loss: 0.06162221461795924, Test Loss: 0.10561296083033085 
2024-12-26 15:11:32,792 INFO: Epoch 531, Train Loss: 0.06010059826076031, Test Loss: 0.10473981704756928 
2024-12-26 15:11:32,897 INFO: Epoch 532, Train Loss: 0.06058382380165552, Test Loss: 0.10480816895530248 
2024-12-26 15:11:32,989 INFO: Epoch 533, Train Loss: 0.06142577189102508, Test Loss: 0.10581419652638337 
2024-12-26 15:11:33,079 INFO: Epoch 534, Train Loss: 0.06159286776132751, Test Loss: 0.1054425719504555 
2024-12-26 15:11:33,185 INFO: Epoch 535, Train Loss: 0.0608591817711529, Test Loss: 0.10503170298179612 
2024-12-26 15:11:33,276 INFO: Epoch 536, Train Loss: 0.06081224834186989, Test Loss: 0.10441732908172223 
2024-12-26 15:11:33,368 INFO: Epoch 537, Train Loss: 0.0602796424768473, Test Loss: 0.10452249167331805 
2024-12-26 15:11:33,476 INFO: Epoch 538, Train Loss: 0.06059896563620944, Test Loss: 0.10509439042458932 
2024-12-26 15:11:33,567 INFO: Epoch 539, Train Loss: 0.060240584964814936, Test Loss: 0.10443504884606228 
2024-12-26 15:11:33,659 INFO: Epoch 540, Train Loss: 0.05975516656773132, Test Loss: 0.10507409364605944 
2024-12-26 15:11:33,765 INFO: Epoch 541, Train Loss: 0.05990677555663544, Test Loss: 0.10461528537174065 
2024-12-26 15:11:33,857 INFO: Epoch 542, Train Loss: 0.05910048976932701, Test Loss: 0.10490018410297731 
2024-12-26 15:11:33,949 INFO: Epoch 543, Train Loss: 0.06232965267018268, Test Loss: 0.10418801447376609 
2024-12-26 15:11:34,057 INFO: Epoch 544, Train Loss: 0.06138712484716324, Test Loss: 0.10414653092157096 
2024-12-26 15:11:34,149 INFO: Epoch 545, Train Loss: 0.061196051995482365, Test Loss: 0.10472750859335064 
2024-12-26 15:11:34,240 INFO: Epoch 546, Train Loss: 0.06047785721653909, Test Loss: 0.10437077288515866 
2024-12-26 15:11:34,348 INFO: Epoch 547, Train Loss: 0.059260898645509756, Test Loss: 0.10447056796692777 
2024-12-26 15:11:34,442 INFO: Epoch 548, Train Loss: 0.05982556645023195, Test Loss: 0.10443968762798855 
2024-12-26 15:11:34,533 INFO: Epoch 549, Train Loss: 0.059235840120859314, Test Loss: 0.104176790692145 
2024-12-26 15:11:34,640 INFO: Epoch 550, Train Loss: 0.05893388963222765, Test Loss: 0.10421866290271282 
2024-12-26 15:11:34,731 INFO: Epoch 551, Train Loss: 0.05886333873658849, Test Loss: 0.10406795256712939 
2024-12-26 15:11:34,820 INFO: Epoch 552, Train Loss: 0.0657977381427037, Test Loss: 0.1045549554323467 
2024-12-26 15:11:34,930 INFO: Epoch 553, Train Loss: 0.06158754680501787, Test Loss: 0.10449978534597903 
2024-12-26 15:11:35,020 INFO: Epoch 554, Train Loss: 0.05979050898499656, Test Loss: 0.10395201532325397 
2024-12-26 15:11:35,112 INFO: Epoch 555, Train Loss: 0.06067737257271482, Test Loss: 0.1036292824234503 
2024-12-26 15:11:35,219 INFO: Epoch 556, Train Loss: 0.05928986375791985, Test Loss: 0.10361150025079648 
2024-12-26 15:11:35,311 INFO: Epoch 557, Train Loss: 0.05873767208111914, Test Loss: 0.10380007438119113 
2024-12-26 15:11:35,404 INFO: Epoch 558, Train Loss: 0.05974948850640079, Test Loss: 0.10420123203269517 
2024-12-26 15:11:35,508 INFO: Epoch 559, Train Loss: 0.06105294228907217, Test Loss: 0.1048452021398892 
2024-12-26 15:11:35,598 INFO: Epoch 560, Train Loss: 0.05820537306237639, Test Loss: 0.10438530876320631 
2024-12-26 15:11:35,690 INFO: Epoch 561, Train Loss: 0.05992978033527993, Test Loss: 0.10389635590836406 
2024-12-26 15:11:35,796 INFO: Epoch 562, Train Loss: 0.05902798941130178, Test Loss: 0.10509862843900919 
2024-12-26 15:11:35,885 INFO: Epoch 563, Train Loss: 0.05818980301550606, Test Loss: 0.10429234155453741 
2024-12-26 15:11:35,977 INFO: Epoch 564, Train Loss: 0.05878483517128125, Test Loss: 0.10412692458679279 
2024-12-26 15:11:36,087 INFO: Epoch 565, Train Loss: 0.05848702834102146, Test Loss: 0.10422304313008984 
2024-12-26 15:11:36,176 INFO: Epoch 566, Train Loss: 0.05892412612835566, Test Loss: 0.10485439815092831 
2024-12-26 15:11:36,266 INFO: Epoch 567, Train Loss: 0.057479215851216986, Test Loss: 0.10337668303400278 
2024-12-26 15:11:36,375 INFO: Epoch 568, Train Loss: 0.057817002725705766, Test Loss: 0.10390238363761455 
2024-12-26 15:11:36,467 INFO: Epoch 569, Train Loss: 0.05763244400160354, Test Loss: 0.1040101312023277 
2024-12-26 15:11:36,560 INFO: Epoch 570, Train Loss: 0.05703287584739819, Test Loss: 0.10347993427227872 
2024-12-26 15:11:36,668 INFO: Epoch 571, Train Loss: 0.05706698607588023, Test Loss: 0.10345626862253994 
2024-12-26 15:11:36,758 INFO: Epoch 572, Train Loss: 0.05765510167469058, Test Loss: 0.10490368450991809 
2024-12-26 15:11:36,851 INFO: Epoch 573, Train Loss: 0.05780618755440963, Test Loss: 0.10334864932422837 
2024-12-26 15:11:36,958 INFO: Epoch 574, Train Loss: 0.058187375400672876, Test Loss: 0.10358223025687038 
2024-12-26 15:11:37,050 INFO: Epoch 575, Train Loss: 0.057422797146596406, Test Loss: 0.1032346607806782 
2024-12-26 15:11:37,142 INFO: Epoch 576, Train Loss: 0.05776782046284592, Test Loss: 0.10327829522660371 
2024-12-26 15:11:37,251 INFO: Epoch 577, Train Loss: 0.057426727327861284, Test Loss: 0.10303999653224309 
2024-12-26 15:11:37,343 INFO: Epoch 578, Train Loss: 0.06400564260650099, Test Loss: 0.1043069923762232 
2024-12-26 15:11:37,436 INFO: Epoch 579, Train Loss: 0.060394178422396645, Test Loss: 0.10263595625001472 
2024-12-26 15:11:37,546 INFO: Epoch 580, Train Loss: 0.05790364422034799, Test Loss: 0.10296392819533745 
2024-12-26 15:11:37,644 INFO: Epoch 581, Train Loss: 0.05827127155243305, Test Loss: 0.10287121474199618 
2024-12-26 15:11:37,734 INFO: Epoch 582, Train Loss: 0.0573339066876654, Test Loss: 0.1031553062144667 
2024-12-26 15:11:37,842 INFO: Epoch 583, Train Loss: 0.05680515599159295, Test Loss: 0.1026410230435431 
2024-12-26 15:11:37,936 INFO: Epoch 584, Train Loss: 0.05693469131202029, Test Loss: 0.10264935695546834 
2024-12-26 15:11:38,027 INFO: Epoch 585, Train Loss: 0.05643203232862186, Test Loss: 0.10313471694244072 
2024-12-26 15:11:38,134 INFO: Epoch 586, Train Loss: 0.05740628646392571, Test Loss: 0.10481176567263902 
2024-12-26 15:11:38,226 INFO: Epoch 587, Train Loss: 0.05741398422080174, Test Loss: 0.10236202096857597 
2024-12-26 15:11:38,323 INFO: Epoch 588, Train Loss: 0.05666886868053361, Test Loss: 0.10295199634856544 
2024-12-26 15:11:38,446 INFO: Epoch 589, Train Loss: 0.05693400128368746, Test Loss: 0.10324470947962254 
2024-12-26 15:11:38,537 INFO: Epoch 590, Train Loss: 0.05678450054766839, Test Loss: 0.10321638743237903 
2024-12-26 15:11:38,630 INFO: Epoch 591, Train Loss: 0.05663385454630643, Test Loss: 0.10298151350580156 
2024-12-26 15:11:38,737 INFO: Epoch 592, Train Loss: 0.05663440160845455, Test Loss: 0.10423659286849822 
2024-12-26 15:11:38,829 INFO: Epoch 593, Train Loss: 0.057661204092335286, Test Loss: 0.10334167464558656 
2024-12-26 15:11:38,920 INFO: Epoch 594, Train Loss: 0.0559313322433777, Test Loss: 0.10310752088359247 
2024-12-26 15:11:39,027 INFO: Epoch 595, Train Loss: 0.055555803309145724, Test Loss: 0.10321372042720517 
2024-12-26 15:11:39,117 INFO: Epoch 596, Train Loss: 0.055731247228227164, Test Loss: 0.102876138179757 
2024-12-26 15:11:39,206 INFO: Epoch 597, Train Loss: 0.05564239923433777, Test Loss: 0.10328921399389704 
2024-12-26 15:11:39,314 INFO: Epoch 598, Train Loss: 0.05564530933145107, Test Loss: 0.10229914791901441 
2024-12-26 15:11:39,404 INFO: Epoch 599, Train Loss: 0.05625868889323452, Test Loss: 0.1033959611474226 
2024-12-26 15:11:39,496 INFO: Epoch 600, Train Loss: 0.057192268601635045, Test Loss: 0.10253581431461498 
2024-12-26 15:11:39,605 INFO: Epoch 601, Train Loss: 0.05653956826580198, Test Loss: 0.10415780711919069 
2024-12-26 15:11:39,697 INFO: Epoch 602, Train Loss: 0.05564895334343115, Test Loss: 0.10306224398373161 
2024-12-26 15:11:39,790 INFO: Epoch 603, Train Loss: 0.05688489999687463, Test Loss: 0.10336209067318122 
2024-12-26 15:11:39,896 INFO: Epoch 604, Train Loss: 0.0561294296200861, Test Loss: 0.102288926334586 
2024-12-26 15:11:39,990 INFO: Epoch 605, Train Loss: 0.055697051726543066, Test Loss: 0.10324093489907682 
2024-12-26 15:11:40,083 INFO: Epoch 606, Train Loss: 0.05874966555520108, Test Loss: 0.10245171737236282 
2024-12-26 15:11:40,191 INFO: Epoch 607, Train Loss: 0.05729776437868152, Test Loss: 0.1023787019502682 
2024-12-26 15:11:40,282 INFO: Epoch 608, Train Loss: 0.05638261008680912, Test Loss: 0.10183776701645304 
2024-12-26 15:11:40,373 INFO: Epoch 609, Train Loss: 0.055280520074200215, Test Loss: 0.10244974445862075 
2024-12-26 15:11:40,483 INFO: Epoch 610, Train Loss: 0.055722312184802274, Test Loss: 0.102605763116541 
2024-12-26 15:11:40,576 INFO: Epoch 611, Train Loss: 0.05548161595014103, Test Loss: 0.10198273485778676 
2024-12-26 15:11:40,668 INFO: Epoch 612, Train Loss: 0.05549745274740353, Test Loss: 0.10241808619854662 
2024-12-26 15:11:40,786 INFO: Epoch 613, Train Loss: 0.05500303045438047, Test Loss: 0.10275639227669066 
2024-12-26 15:11:40,881 INFO: Epoch 614, Train Loss: 0.0561616890655275, Test Loss: 0.10233460408229196 
2024-12-26 15:11:40,975 INFO: Epoch 615, Train Loss: 0.055401113537842765, Test Loss: 0.10217097089625896 
2024-12-26 15:11:41,082 INFO: Epoch 616, Train Loss: 0.05580763904410496, Test Loss: 0.1020711501672243 
2024-12-26 15:11:41,174 INFO: Epoch 617, Train Loss: 0.054866645550518706, Test Loss: 0.1021307864304011 
2024-12-26 15:11:41,268 INFO: Epoch 618, Train Loss: 0.058254752961689964, Test Loss: 0.10220866289067393 
2024-12-26 15:11:41,375 INFO: Epoch 619, Train Loss: 0.05603126975658693, Test Loss: 0.10181348865541319 
2024-12-26 15:11:41,467 INFO: Epoch 620, Train Loss: 0.05437712283118775, Test Loss: 0.10181211014278232 
2024-12-26 15:11:41,560 INFO: Epoch 621, Train Loss: 0.05604704815829009, Test Loss: 0.10205291257395098 
2024-12-26 15:11:41,669 INFO: Epoch 622, Train Loss: 0.05588429672806932, Test Loss: 0.10224110294754306 
2024-12-26 15:11:41,761 INFO: Epoch 623, Train Loss: 0.05456841557303019, Test Loss: 0.10234365517972037 
2024-12-26 15:11:41,851 INFO: Epoch 624, Train Loss: 0.05485793059332329, Test Loss: 0.10235035674874476 
2024-12-26 15:11:41,956 INFO: Epoch 625, Train Loss: 0.05458227139815949, Test Loss: 0.10255910819396377 
2024-12-26 15:11:42,050 INFO: Epoch 626, Train Loss: 0.05614263884592475, Test Loss: 0.10277583190860848 
2024-12-26 15:11:42,143 INFO: Epoch 627, Train Loss: 0.054968136346392464, Test Loss: 0.10195053577360037 
2024-12-26 15:11:42,252 INFO: Epoch 628, Train Loss: 0.05404276462892691, Test Loss: 0.10217635545147156 
2024-12-26 15:11:42,344 INFO: Epoch 629, Train Loss: 0.05426830151363423, Test Loss: 0.1016854740989705 
2024-12-26 15:11:42,438 INFO: Epoch 630, Train Loss: 0.053997192989315906, Test Loss: 0.10191189808150132 
2024-12-26 15:11:42,548 INFO: Epoch 631, Train Loss: 0.05448199550441483, Test Loss: 0.10255097770520176 
2024-12-26 15:11:42,640 INFO: Epoch 632, Train Loss: 0.05791805377393438, Test Loss: 0.10337084652855992 
2024-12-26 15:11:42,735 INFO: Epoch 633, Train Loss: 0.05747710867670544, Test Loss: 0.10147210939321667 
2024-12-26 15:11:42,858 INFO: Epoch 634, Train Loss: 0.05437031852310164, Test Loss: 0.10113455346630265 
2024-12-26 15:11:42,952 INFO: Epoch 635, Train Loss: 0.05397125176693264, Test Loss: 0.10191031247765446 
2024-12-26 15:11:43,048 INFO: Epoch 636, Train Loss: 0.05389840907433577, Test Loss: 0.10143490493889355 
2024-12-26 15:11:43,156 INFO: Epoch 637, Train Loss: 0.053878930707772575, Test Loss: 0.101268466131296 
2024-12-26 15:11:43,250 INFO: Epoch 638, Train Loss: 0.05338660009989613, Test Loss: 0.10116154358644659 
2024-12-26 15:11:43,343 INFO: Epoch 639, Train Loss: 0.054535253855742906, Test Loss: 0.10113184169361679 
2024-12-26 15:11:43,448 INFO: Epoch 640, Train Loss: 0.05452627950070197, Test Loss: 0.10238818543342253 
2024-12-26 15:11:43,539 INFO: Epoch 641, Train Loss: 0.05340391136052316, Test Loss: 0.10107589085431148 
2024-12-26 15:11:43,632 INFO: Epoch 642, Train Loss: 0.053593609678117854, Test Loss: 0.10161163103766739 
2024-12-26 15:11:43,740 INFO: Epoch 643, Train Loss: 0.05693066211646063, Test Loss: 0.10113059938497221 
2024-12-26 15:11:43,832 INFO: Epoch 644, Train Loss: 0.05443489476384824, Test Loss: 0.10112716892132691 
2024-12-26 15:11:43,922 INFO: Epoch 645, Train Loss: 0.05344379967764804, Test Loss: 0.10175228885685404 
2024-12-26 15:11:44,033 INFO: Epoch 646, Train Loss: 0.05357074639514873, Test Loss: 0.10256464878718058 
2024-12-26 15:11:44,123 INFO: Epoch 647, Train Loss: 0.05512884050084833, Test Loss: 0.10140726870546739 
2024-12-26 15:11:44,216 INFO: Epoch 648, Train Loss: 0.05414176882620443, Test Loss: 0.10184814838770156 
2024-12-26 15:11:44,323 INFO: Epoch 649, Train Loss: 0.05316418625022236, Test Loss: 0.10179682296002283 
2024-12-26 15:11:44,412 INFO: Epoch 650, Train Loss: 0.053386739732926354, Test Loss: 0.10126888748879234 
2024-12-26 15:11:44,502 INFO: Epoch 651, Train Loss: 0.052874389104545116, Test Loss: 0.1009296203206759 
2024-12-26 15:11:44,608 INFO: Epoch 652, Train Loss: 0.05306110544162884, Test Loss: 0.10199493469262962 
2024-12-26 15:11:44,700 INFO: Epoch 653, Train Loss: 0.053087947628738585, Test Loss: 0.10100161233761658 
2024-12-26 15:11:44,791 INFO: Epoch 654, Train Loss: 0.052911230902138506, Test Loss: 0.101830302826905 
2024-12-26 15:11:44,899 INFO: Epoch 655, Train Loss: 0.052583200611958376, Test Loss: 0.10082396412811552 
2024-12-26 15:11:44,993 INFO: Epoch 656, Train Loss: 0.0524585971510724, Test Loss: 0.1009267294468979 
2024-12-26 15:11:45,087 INFO: Epoch 657, Train Loss: 0.05515603407433158, Test Loss: 0.10128913857818891 
2024-12-26 15:11:45,201 INFO: Epoch 658, Train Loss: 0.0535116287503849, Test Loss: 0.10145263552743321 
2024-12-26 15:11:45,291 INFO: Epoch 659, Train Loss: 0.052698767858377675, Test Loss: 0.10129311413814625 
2024-12-26 15:11:45,381 INFO: Epoch 660, Train Loss: 0.05315511176983515, Test Loss: 0.10108155883887472 
2024-12-26 15:11:45,488 INFO: Epoch 661, Train Loss: 0.053655411329185755, Test Loss: 0.10051629155253371 
2024-12-26 15:11:45,578 INFO: Epoch 662, Train Loss: 0.05419741600359741, Test Loss: 0.10085298283956945 
2024-12-26 15:11:45,668 INFO: Epoch 663, Train Loss: 0.05390431075111816, Test Loss: 0.10052953695412725 
2024-12-26 15:11:45,780 INFO: Epoch 664, Train Loss: 0.05277056080338202, Test Loss: 0.10027009918703697 
2024-12-26 15:11:45,871 INFO: Epoch 665, Train Loss: 0.05319534974140033, Test Loss: 0.1013207713374868 
2024-12-26 15:11:45,963 INFO: Epoch 666, Train Loss: 0.05264011212510236, Test Loss: 0.10095313404065867 
2024-12-26 15:11:46,071 INFO: Epoch 667, Train Loss: 0.05194867859806931, Test Loss: 0.10023390008912732 
2024-12-26 15:11:46,163 INFO: Epoch 668, Train Loss: 0.051929181310952754, Test Loss: 0.10041111491348904 
2024-12-26 15:11:46,254 INFO: Epoch 669, Train Loss: 0.05329626870521328, Test Loss: 0.10073373711978396 
2024-12-26 15:11:46,362 INFO: Epoch 670, Train Loss: 0.05434485024919635, Test Loss: 0.09981892080977559 
2024-12-26 15:11:46,453 INFO: Epoch 671, Train Loss: 0.054584757800687826, Test Loss: 0.10027861202446123 
2024-12-26 15:11:46,544 INFO: Epoch 672, Train Loss: 0.05281814834789226, Test Loss: 0.10099863454233855 
2024-12-26 15:11:46,653 INFO: Epoch 673, Train Loss: 0.051717641599999184, Test Loss: 0.10019384367236246 
2024-12-26 15:11:46,746 INFO: Epoch 674, Train Loss: 0.05200743328845292, Test Loss: 0.10010971098672598 
2024-12-26 15:11:46,838 INFO: Epoch 675, Train Loss: 0.051863960268204674, Test Loss: 0.10141587648540736 
2024-12-26 15:11:46,945 INFO: Epoch 676, Train Loss: 0.052031429026994785, Test Loss: 0.0999734389091221 
2024-12-26 15:11:47,038 INFO: Epoch 677, Train Loss: 0.05138370651228909, Test Loss: 0.09973440335694855 
2024-12-26 15:11:47,131 INFO: Epoch 678, Train Loss: 0.05146680677538378, Test Loss: 0.09991549724363721 
2024-12-26 15:11:47,254 INFO: Epoch 679, Train Loss: 0.05326076551226147, Test Loss: 0.1000546141207451 
2024-12-26 15:11:47,344 INFO: Epoch 680, Train Loss: 0.05177357183409888, Test Loss: 0.10055272529522578 
2024-12-26 15:11:47,436 INFO: Epoch 681, Train Loss: 0.05151210421402203, Test Loss: 0.09992986760723094 
2024-12-26 15:11:47,543 INFO: Epoch 682, Train Loss: 0.05142651727063614, Test Loss: 0.10018517413021376 
2024-12-26 15:11:47,633 INFO: Epoch 683, Train Loss: 0.05091209227644038, Test Loss: 0.10037344746912519 
2024-12-26 15:11:47,723 INFO: Epoch 684, Train Loss: 0.05089990716231497, Test Loss: 0.09972776028347047 
2024-12-26 15:11:47,832 INFO: Epoch 685, Train Loss: 0.05159719585718816, Test Loss: 0.09969343542907154 
2024-12-26 15:11:47,924 INFO: Epoch 686, Train Loss: 0.052008280138436114, Test Loss: 0.1005138600904805 
2024-12-26 15:11:48,019 INFO: Epoch 687, Train Loss: 0.053157741694073925, Test Loss: 0.10012021266544859 
2024-12-26 15:11:48,128 INFO: Epoch 688, Train Loss: 0.05097799297226103, Test Loss: 0.10088898387427131 
2024-12-26 15:11:48,219 INFO: Epoch 689, Train Loss: 0.05162141383870652, Test Loss: 0.10062904707156121 
2024-12-26 15:11:48,310 INFO: Epoch 690, Train Loss: 0.05074638069460267, Test Loss: 0.10007657102153947 
2024-12-26 15:11:48,416 INFO: Epoch 691, Train Loss: 0.05116418853663562, Test Loss: 0.1000211955824246 
2024-12-26 15:11:48,508 INFO: Epoch 692, Train Loss: 0.05085817989158003, Test Loss: 0.09962003103767832 
2024-12-26 15:11:48,600 INFO: Epoch 693, Train Loss: 0.05191532002859994, Test Loss: 0.1002244321629405 
2024-12-26 15:11:48,707 INFO: Epoch 694, Train Loss: 0.05157211210513324, Test Loss: 0.10075314032534759 
2024-12-26 15:11:48,799 INFO: Epoch 695, Train Loss: 0.05078705295658948, Test Loss: 0.09950142413532982 
2024-12-26 15:11:48,892 INFO: Epoch 696, Train Loss: 0.051034418637292425, Test Loss: 0.09979969180033853 
2024-12-26 15:11:48,999 INFO: Epoch 697, Train Loss: 0.050378731010775814, Test Loss: 0.10049657478230074 
2024-12-26 15:11:49,090 INFO: Epoch 698, Train Loss: 0.05124954379310733, Test Loss: 0.09961172135857245 
2024-12-26 15:11:49,184 INFO: Epoch 699, Train Loss: 0.05050142834845342, Test Loss: 0.0998570664630582 
2024-12-26 15:11:49,292 INFO: Epoch 700, Train Loss: 0.050851685305436455, Test Loss: 0.09937412792157072 
2024-12-26 15:11:49,386 INFO: Epoch 701, Train Loss: 0.050663339235542115, Test Loss: 0.10018680181043843 
2024-12-26 15:11:49,475 INFO: Epoch 702, Train Loss: 0.050794588238523716, Test Loss: 0.09956041928186703 
2024-12-26 15:11:49,586 INFO: Epoch 703, Train Loss: 0.05098887428379895, Test Loss: 0.10003845087097336 
2024-12-26 15:11:49,676 INFO: Epoch 704, Train Loss: 0.05071817634815121, Test Loss: 0.09953407901339233 
2024-12-26 15:11:49,768 INFO: Epoch 705, Train Loss: 0.051563262220537455, Test Loss: 0.0995608708821237 
2024-12-26 15:11:49,876 INFO: Epoch 706, Train Loss: 0.05098277078778075, Test Loss: 0.09997050635671864 
2024-12-26 15:11:49,967 INFO: Epoch 707, Train Loss: 0.050885091192628205, Test Loss: 0.09949866095557809 
2024-12-26 15:11:50,058 INFO: Epoch 708, Train Loss: 0.05023392012114065, Test Loss: 0.09912591124884784 
2024-12-26 15:11:50,178 INFO: Epoch 709, Train Loss: 0.05569224262185264, Test Loss: 0.09967751201086988 
2024-12-26 15:11:50,273 INFO: Epoch 710, Train Loss: 0.052603428529804215, Test Loss: 0.10023772411514073 
2024-12-26 15:11:50,366 INFO: Epoch 711, Train Loss: 0.05051255840481373, Test Loss: 0.10041058883847048 
2024-12-26 15:11:50,479 INFO: Epoch 712, Train Loss: 0.050743537481155315, Test Loss: 0.10068729780614376 
2024-12-26 15:11:50,574 INFO: Epoch 713, Train Loss: 0.0516915918376885, Test Loss: 0.1018472995609045 
2024-12-26 15:11:50,668 INFO: Epoch 714, Train Loss: 0.05531278605523862, Test Loss: 0.10040777310108145 
2024-12-26 15:11:50,782 INFO: Epoch 715, Train Loss: 0.0506547022153411, Test Loss: 0.10038081818881134 
2024-12-26 15:11:50,878 INFO: Epoch 716, Train Loss: 0.050625330850220564, Test Loss: 0.10024575563923767 
2024-12-26 15:11:50,971 INFO: Epoch 717, Train Loss: 0.050042775900740376, Test Loss: 0.10106146573089063 
2024-12-26 15:11:51,082 INFO: Epoch 718, Train Loss: 0.04984901126539498, Test Loss: 0.09943650879819567 
2024-12-26 15:11:51,175 INFO: Epoch 719, Train Loss: 0.049894615256211215, Test Loss: 0.09964730734936893 
2024-12-26 15:11:51,270 INFO: Epoch 720, Train Loss: 0.05048722414332524, Test Loss: 0.0998543771294256 
2024-12-26 15:11:51,376 INFO: Epoch 721, Train Loss: 0.049371828766245594, Test Loss: 0.09909174434530238 
2024-12-26 15:11:51,467 INFO: Epoch 722, Train Loss: 0.04995136995587433, Test Loss: 0.09949769626061121 
2024-12-26 15:11:51,559 INFO: Epoch 723, Train Loss: 0.04947332149012047, Test Loss: 0.10006737951189279 
2024-12-26 15:11:51,668 INFO: Epoch 724, Train Loss: 0.04905966988748364, Test Loss: 0.0993903498010089 
2024-12-26 15:11:51,758 INFO: Epoch 725, Train Loss: 0.049012454324647, Test Loss: 0.099185801219816 
2024-12-26 15:11:51,853 INFO: Epoch 726, Train Loss: 0.050222533379207575, Test Loss: 0.09936453065214058 
2024-12-26 15:11:51,962 INFO: Epoch 727, Train Loss: 0.050665156098834256, Test Loss: 0.09954210564804573 
2024-12-26 15:11:52,056 INFO: Epoch 728, Train Loss: 0.049573980467884166, Test Loss: 0.09892306511756033 
2024-12-26 15:11:52,150 INFO: Epoch 729, Train Loss: 0.049033650186876845, Test Loss: 0.09943178119137883 
2024-12-26 15:11:52,272 INFO: Epoch 730, Train Loss: 0.04989403015688846, Test Loss: 0.09918746699889501 
2024-12-26 15:11:52,360 INFO: Epoch 731, Train Loss: 0.04997426411953934, Test Loss: 0.09874634868077313 
2024-12-26 15:11:52,450 INFO: Epoch 732, Train Loss: 0.050406787838590775, Test Loss: 0.0989682710263878 
2024-12-26 15:11:52,556 INFO: Epoch 733, Train Loss: 0.050006035878731495, Test Loss: 0.09950068416073918 
2024-12-26 15:11:52,647 INFO: Epoch 734, Train Loss: 0.04881354911546958, Test Loss: 0.09911167609194914 
2024-12-26 15:11:52,739 INFO: Epoch 735, Train Loss: 0.049137943277233524, Test Loss: 0.09905365572776645 
2024-12-26 15:11:52,848 INFO: Epoch 736, Train Loss: 0.04893095595271964, Test Loss: 0.09915947134140879 
2024-12-26 15:11:52,940 INFO: Epoch 737, Train Loss: 0.049539999611545024, Test Loss: 0.09864713257799546 
2024-12-26 15:11:53,029 INFO: Epoch 738, Train Loss: 0.05393257936495438, Test Loss: 0.10038201169421275 
2024-12-26 15:11:53,137 INFO: Epoch 739, Train Loss: 0.0501163779643544, Test Loss: 0.0992602314023922 
2024-12-26 15:11:53,232 INFO: Epoch 740, Train Loss: 0.04914408255564539, Test Loss: 0.0995368215876321 
2024-12-26 15:11:53,322 INFO: Epoch 741, Train Loss: 0.04872561783709547, Test Loss: 0.10008035303714374 
2024-12-26 15:11:53,429 INFO: Epoch 742, Train Loss: 0.049096966554459776, Test Loss: 0.098945795102433 
2024-12-26 15:11:53,520 INFO: Epoch 743, Train Loss: 0.04990590915998869, Test Loss: 0.09964092473189036 
2024-12-26 15:11:53,610 INFO: Epoch 744, Train Loss: 0.048916410622105264, Test Loss: 0.09909509903081926 
2024-12-26 15:11:53,720 INFO: Epoch 745, Train Loss: 0.04940459481848959, Test Loss: 0.09946360907827814 
2024-12-26 15:11:53,811 INFO: Epoch 746, Train Loss: 0.05124982139259054, Test Loss: 0.09938604455055611 
2024-12-26 15:11:53,903 INFO: Epoch 747, Train Loss: 0.04975123759032341, Test Loss: 0.09945980842846135 
2024-12-26 15:11:54,008 INFO: Epoch 748, Train Loss: 0.04915289420699864, Test Loss: 0.09909549961642673 
2024-12-26 15:11:54,103 INFO: Epoch 749, Train Loss: 0.04817199803431306, Test Loss: 0.09860039001020292 
2024-12-26 15:11:54,193 INFO: Epoch 750, Train Loss: 0.04828689198352789, Test Loss: 0.0994218971580267 
2024-12-26 15:11:54,302 INFO: Epoch 751, Train Loss: 0.04855316429676717, Test Loss: 0.09887191023541769 
2024-12-26 15:11:54,395 INFO: Epoch 752, Train Loss: 0.048201428105433784, Test Loss: 0.0986297244982173 
2024-12-26 15:11:54,485 INFO: Epoch 753, Train Loss: 0.04815602854809217, Test Loss: 0.09918106260399023 
2024-12-26 15:11:54,593 INFO: Epoch 754, Train Loss: 0.04826324959203862, Test Loss: 0.0995744429839154 
2024-12-26 15:11:54,686 INFO: Epoch 755, Train Loss: 0.05164446328815661, Test Loss: 0.09944115142958859 
2024-12-26 15:11:54,777 INFO: Epoch 756, Train Loss: 0.049885774112976435, Test Loss: 0.0989108190095673 
2024-12-26 15:11:54,886 INFO: Epoch 757, Train Loss: 0.048241501445310156, Test Loss: 0.10009809614469607 
2024-12-26 15:11:54,984 INFO: Epoch 758, Train Loss: 0.048433036657801846, Test Loss: 0.09904947249839703 
2024-12-26 15:11:55,084 INFO: Epoch 759, Train Loss: 0.048106989578196875, Test Loss: 0.09992786139870684 
2024-12-26 15:11:55,210 INFO: Epoch 760, Train Loss: 0.04810356381430961, Test Loss: 0.09885702617466449 
2024-12-26 15:11:55,303 INFO: Epoch 761, Train Loss: 0.054576570625629345, Test Loss: 0.10242020183553298 
2024-12-26 15:11:55,395 INFO: Epoch 762, Train Loss: 0.05684813997593888, Test Loss: 0.09915417743225892 
2024-12-26 15:11:55,502 INFO: Epoch 763, Train Loss: 0.04777533041411325, Test Loss: 0.09861047835244487 
2024-12-26 15:11:55,595 INFO: Epoch 764, Train Loss: 0.048045726460323, Test Loss: 0.09910158806014806 
2024-12-26 15:11:55,686 INFO: Epoch 765, Train Loss: 0.04844759656279756, Test Loss: 0.09896903538610786 
2024-12-26 15:11:55,792 INFO: Epoch 766, Train Loss: 0.047800830287630096, Test Loss: 0.09877734037581831 
2024-12-26 15:11:55,885 INFO: Epoch 767, Train Loss: 0.047735668326679026, Test Loss: 0.09841339153548082 
2024-12-26 15:11:55,976 INFO: Epoch 768, Train Loss: 0.0476925387455706, Test Loss: 0.09849556108626227 
2024-12-26 15:11:56,085 INFO: Epoch 769, Train Loss: 0.04913567660147684, Test Loss: 0.09872586266137659 
2024-12-26 15:11:56,176 INFO: Epoch 770, Train Loss: 0.049124364430705704, Test Loss: 0.0988026836887002 
2024-12-26 15:11:56,267 INFO: Epoch 771, Train Loss: 0.047805779123384705, Test Loss: 0.09921929410969217 
2024-12-26 15:11:56,374 INFO: Epoch 772, Train Loss: 0.04721403546762048, Test Loss: 0.09891762593761086 
2024-12-26 15:11:56,467 INFO: Epoch 773, Train Loss: 0.04815952166130668, Test Loss: 0.09946563647439083 
2024-12-26 15:11:56,558 INFO: Epoch 774, Train Loss: 0.04783515226945542, Test Loss: 0.09875126136466861 
2024-12-26 15:11:56,666 INFO: Epoch 775, Train Loss: 0.047100511297845, Test Loss: 0.09878990345944962 
2024-12-26 15:11:56,757 INFO: Epoch 776, Train Loss: 0.04669773508386131, Test Loss: 0.09873416568152607 
2024-12-26 15:11:56,848 INFO: Epoch 777, Train Loss: 0.04654262831287557, Test Loss: 0.09837887733980703 
2024-12-26 15:11:56,955 INFO: Epoch 778, Train Loss: 0.04716999949724005, Test Loss: 0.09934730405608813 
2024-12-26 15:11:57,048 INFO: Epoch 779, Train Loss: 0.047477487147900094, Test Loss: 0.09869195292703807 
2024-12-26 15:11:57,142 INFO: Epoch 780, Train Loss: 0.04724950954448758, Test Loss: 0.09904867787845432 
2024-12-26 15:11:57,246 INFO: Epoch 781, Train Loss: 0.04748597064692723, Test Loss: 0.09844599046433965 
2024-12-26 15:11:57,340 INFO: Epoch 782, Train Loss: 0.046902963532167566, Test Loss: 0.09902701784837215 
2024-12-26 15:11:57,434 INFO: Epoch 783, Train Loss: 0.04756389071413299, Test Loss: 0.09871571130740146 
2024-12-26 15:11:57,556 INFO: Epoch 784, Train Loss: 0.04737633947086962, Test Loss: 0.09852242781004558 
2024-12-26 15:11:57,647 INFO: Epoch 785, Train Loss: 0.04691685461684277, Test Loss: 0.09935826466729243 
2024-12-26 15:11:57,737 INFO: Epoch 786, Train Loss: 0.046803577035142666, Test Loss: 0.09908372793967525 
2024-12-26 15:11:57,847 INFO: Epoch 787, Train Loss: 0.04673881675198413, Test Loss: 0.09830618863925338 
2024-12-26 15:11:57,941 INFO: Epoch 788, Train Loss: 0.04825562493581521, Test Loss: 0.09874878651462496 
2024-12-26 15:11:58,033 INFO: Epoch 789, Train Loss: 0.046865253447832766, Test Loss: 0.09866785608852903 
2024-12-26 15:11:58,141 INFO: Epoch 790, Train Loss: 0.04758676177446257, Test Loss: 0.1002955749630928 
2024-12-26 15:11:58,230 INFO: Epoch 791, Train Loss: 0.04727611739776636, Test Loss: 0.098882415285334 
2024-12-26 15:11:58,321 INFO: Epoch 792, Train Loss: 0.04675516031943915, Test Loss: 0.09891098993830383 
2024-12-26 15:11:58,427 INFO: Epoch 793, Train Loss: 0.048497888406640606, Test Loss: 0.09939281487216552 
2024-12-26 15:11:58,519 INFO: Epoch 794, Train Loss: 0.04758775534859875, Test Loss: 0.09866740349680185 
2024-12-26 15:11:58,609 INFO: Epoch 795, Train Loss: 0.04741996039816162, Test Loss: 0.09881364824250341 
2024-12-26 15:11:58,712 INFO: Epoch 796, Train Loss: 0.047244949004890624, Test Loss: 0.09963593546611567 
2024-12-26 15:11:58,806 INFO: Epoch 797, Train Loss: 0.06226316548622491, Test Loss: 0.09938249275631582 
2024-12-26 15:11:58,899 INFO: Epoch 798, Train Loss: 0.05950378757296947, Test Loss: 0.10002589880799254 
2024-12-26 15:11:59,005 INFO: Epoch 799, Train Loss: 0.04698224499690951, Test Loss: 0.09922565333545208 
2024-12-26 15:11:59,099 INFO: Epoch 800, Train Loss: 0.04643044833159238, Test Loss: 0.09875196414068341 
2024-12-26 15:11:59,100 INFO: Best Epoch 787, Best Test Loss: 0.09830618863925338 
