2025-02-20 14:47:29,292 INFO: Model:namespace(depth=2, name='simple_MLP') 
2025-02-20 14:47:29,292 INFO: lr:0.0001, loss:MSE 
2025-02-20 14:47:29,292 INFO: Dataset:Scm, Target:['LBL'] 
2025-02-20 14:47:29,293 INFO: ------Begin Training Model------ 
2025-02-20 14:47:31,313 INFO: Epoch 1, Train Loss: 0.815745363371414, Test Loss: 0.5989748398462932, Inverse Test Loss: 29452.063411458334 
2025-02-20 14:47:31,406 INFO: Epoch 2, Train Loss: 0.5830029923664896, Test Loss: 0.4563759426275889, Inverse Test Loss: 22440.363704427084 
2025-02-20 14:47:31,499 INFO: Epoch 3, Train Loss: 0.469691828154681, Test Loss: 0.3898578678568204, Inverse Test Loss: 19169.618131510415 
2025-02-20 14:47:31,609 INFO: Epoch 4, Train Loss: 0.4123080247326901, Test Loss: 0.35000823736190795, Inverse Test Loss: 17210.1798828125 
2025-02-20 14:47:31,703 INFO: Epoch 5, Train Loss: 0.3791615416606267, Test Loss: 0.3242846928536892, Inverse Test Loss: 15945.333024088543 
2025-02-20 14:47:31,803 INFO: Epoch 6, Train Loss: 0.35316928306169676, Test Loss: 0.3080467309802771, Inverse Test Loss: 15146.899267578125 
2025-02-20 14:47:31,899 INFO: Epoch 7, Train Loss: 0.32949467016416684, Test Loss: 0.29619387425482274, Inverse Test Loss: 14564.085233561198 
2025-02-20 14:47:31,994 INFO: Epoch 8, Train Loss: 0.31898335132159683, Test Loss: 0.28773279767483473, Inverse Test Loss: 14148.047119140625 
2025-02-20 14:47:32,088 INFO: Epoch 9, Train Loss: 0.3115335245404327, Test Loss: 0.28141909229258694, Inverse Test Loss: 13837.59776204427 
2025-02-20 14:47:32,184 INFO: Epoch 10, Train Loss: 0.30263547416318926, Test Loss: 0.2763547304396828, Inverse Test Loss: 13588.578938802084 
2025-02-20 14:47:32,274 INFO: Epoch 11, Train Loss: 0.2969736598039928, Test Loss: 0.27136567595104377, Inverse Test Loss: 13343.263452148438 
2025-02-20 14:47:32,367 INFO: Epoch 12, Train Loss: 0.32393396109865424, Test Loss: 0.267432044694821, Inverse Test Loss: 13149.843579101562 
2025-02-20 14:47:32,469 INFO: Epoch 13, Train Loss: 0.28538353898023305, Test Loss: 0.2637416789929072, Inverse Test Loss: 12968.385286458333 
2025-02-20 14:47:32,563 INFO: Epoch 14, Train Loss: 0.28339216792792604, Test Loss: 0.26028076199193795, Inverse Test Loss: 12798.209773763021 
2025-02-20 14:47:32,652 INFO: Epoch 15, Train Loss: 0.273373504806506, Test Loss: 0.25687301978468896, Inverse Test Loss: 12630.647993977864 
2025-02-20 14:47:32,752 INFO: Epoch 16, Train Loss: 0.27006764592308746, Test Loss: 0.25401264590521655, Inverse Test Loss: 12490.0017578125 
2025-02-20 14:47:32,847 INFO: Epoch 17, Train Loss: 0.2657476561634164, Test Loss: 0.2513233798245589, Inverse Test Loss: 12357.767732747396 
2025-02-20 14:47:32,940 INFO: Epoch 18, Train Loss: 0.2650720508475053, Test Loss: 0.24863763848940532, Inverse Test Loss: 12225.707682291666 
2025-02-20 14:47:33,037 INFO: Epoch 19, Train Loss: 0.25754055746814664, Test Loss: 0.24657369206349056, Inverse Test Loss: 12124.221614583334 
2025-02-20 14:47:33,129 INFO: Epoch 20, Train Loss: 0.26298483683351886, Test Loss: 0.243938414255778, Inverse Test Loss: 11994.642928059895 
2025-02-20 14:47:33,220 INFO: Epoch 21, Train Loss: 0.25094310449142204, Test Loss: 0.24197134772936504, Inverse Test Loss: 11897.921028645833 
2025-02-20 14:47:33,318 INFO: Epoch 22, Train Loss: 0.2523210725763388, Test Loss: 0.23904254933198293, Inverse Test Loss: 11753.909928385418 
2025-02-20 14:47:33,409 INFO: Epoch 23, Train Loss: 0.24369097899710923, Test Loss: 0.23688165992498397, Inverse Test Loss: 11647.657112630208 
2025-02-20 14:47:33,502 INFO: Epoch 24, Train Loss: 0.24118948505635848, Test Loss: 0.2347566343843937, Inverse Test Loss: 11543.167993164063 
2025-02-20 14:47:33,597 INFO: Epoch 25, Train Loss: 0.23824456307971686, Test Loss: 0.23324545472860336, Inverse Test Loss: 11468.862369791666 
2025-02-20 14:47:33,688 INFO: Epoch 26, Train Loss: 0.2357404874474333, Test Loss: 0.23163703133662542, Inverse Test Loss: 11389.774820963541 
2025-02-20 14:47:33,780 INFO: Epoch 27, Train Loss: 0.23346690911995738, Test Loss: 0.22919829189777374, Inverse Test Loss: 11269.85986328125 
2025-02-20 14:47:33,875 INFO: Epoch 28, Train Loss: 0.23531210082664825, Test Loss: 0.22787432943781216, Inverse Test Loss: 11204.759733072917 
2025-02-20 14:47:33,965 INFO: Epoch 29, Train Loss: 0.23171990926851305, Test Loss: 0.22746564894914628, Inverse Test Loss: 11184.664615885416 
2025-02-20 14:47:34,057 INFO: Epoch 30, Train Loss: 0.22561521056974143, Test Loss: 0.22553966144720713, Inverse Test Loss: 11089.962386067707 
2025-02-20 14:47:34,162 INFO: Epoch 31, Train Loss: 0.22742980221907297, Test Loss: 0.22440194884936016, Inverse Test Loss: 11034.019954427084 
2025-02-20 14:47:34,255 INFO: Epoch 32, Train Loss: 0.22199094543854395, Test Loss: 0.2221683124701182, Inverse Test Loss: 10924.190755208334 
2025-02-20 14:47:34,348 INFO: Epoch 33, Train Loss: 0.219599953607509, Test Loss: 0.2209463799993197, Inverse Test Loss: 10864.106689453125 
2025-02-20 14:47:34,454 INFO: Epoch 34, Train Loss: 0.22096461005378187, Test Loss: 0.21958206295967103, Inverse Test Loss: 10797.022265625 
2025-02-20 14:47:34,576 INFO: Epoch 35, Train Loss: 0.21577618192685277, Test Loss: 0.21783789098262787, Inverse Test Loss: 10711.260009765625 
2025-02-20 14:47:34,670 INFO: Epoch 36, Train Loss: 0.22025131525700553, Test Loss: 0.21660498430331548, Inverse Test Loss: 10650.636946614582 
2025-02-20 14:47:34,764 INFO: Epoch 37, Train Loss: 0.21084793879274735, Test Loss: 0.21562954833110173, Inverse Test Loss: 10602.673828125 
2025-02-20 14:47:34,858 INFO: Epoch 38, Train Loss: 0.20961064531614906, Test Loss: 0.21459170480569204, Inverse Test Loss: 10551.642447916667 
2025-02-20 14:47:34,957 INFO: Epoch 39, Train Loss: 0.21898377516813444, Test Loss: 0.21293512235085169, Inverse Test Loss: 10470.18720703125 
2025-02-20 14:47:35,050 INFO: Epoch 40, Train Loss: 0.21077620251136914, Test Loss: 0.2127681702375412, Inverse Test Loss: 10461.977571614583 
2025-02-20 14:47:35,142 INFO: Epoch 41, Train Loss: 0.20604261677516134, Test Loss: 0.21290933390458425, Inverse Test Loss: 10468.918782552084 
2025-02-20 14:47:35,237 INFO: Epoch 42, Train Loss: 0.2025123743111627, Test Loss: 0.21097408135732015, Inverse Test Loss: 10373.760970052082 
2025-02-20 14:47:35,330 INFO: Epoch 43, Train Loss: 0.2013176412305288, Test Loss: 0.210561041533947, Inverse Test Loss: 10353.451529947917 
2025-02-20 14:47:35,420 INFO: Epoch 44, Train Loss: 0.20003640161533104, Test Loss: 0.20926093757152558, Inverse Test Loss: 10289.52451171875 
2025-02-20 14:47:35,516 INFO: Epoch 45, Train Loss: 0.20221441173762605, Test Loss: 0.20958642909924188, Inverse Test Loss: 10305.529947916666 
2025-02-20 14:47:35,606 INFO: Epoch 46, Train Loss: 0.19919425798089882, Test Loss: 0.2083736091852188, Inverse Test Loss: 10245.894140625 
2025-02-20 14:47:35,697 INFO: Epoch 47, Train Loss: 0.19999965110368895, Test Loss: 0.2076570803920428, Inverse Test Loss: 10210.66220703125 
2025-02-20 14:47:35,794 INFO: Epoch 48, Train Loss: 0.19719396100232475, Test Loss: 0.20661740352710087, Inverse Test Loss: 10159.539908854167 
2025-02-20 14:47:35,884 INFO: Epoch 49, Train Loss: 0.1960562323791939, Test Loss: 0.20637386788924536, Inverse Test Loss: 10147.565234375 
2025-02-20 14:47:35,976 INFO: Epoch 50, Train Loss: 0.203963781265836, Test Loss: 0.20471094250679017, Inverse Test Loss: 10065.797591145832 
2025-02-20 14:47:36,075 INFO: Epoch 51, Train Loss: 0.19324514295971185, Test Loss: 0.20449430445830027, Inverse Test Loss: 10055.1458984375 
2025-02-20 14:47:36,166 INFO: Epoch 52, Train Loss: 0.1913276874182517, Test Loss: 0.20578125069538752, Inverse Test Loss: 10118.425065104168 
2025-02-20 14:47:36,262 INFO: Epoch 53, Train Loss: 0.19114101848058535, Test Loss: 0.20334220627943675, Inverse Test Loss: 9998.495963541667 
2025-02-20 14:47:36,361 INFO: Epoch 54, Train Loss: 0.1916291805212958, Test Loss: 0.20256158212820688, Inverse Test Loss: 9960.11201171875 
2025-02-20 14:47:36,453 INFO: Epoch 55, Train Loss: 0.18801653463589518, Test Loss: 0.20178264180819194, Inverse Test Loss: 9921.810514322917 
2025-02-20 14:47:36,546 INFO: Epoch 56, Train Loss: 0.18807511580617806, Test Loss: 0.1994907220204671, Inverse Test Loss: 9809.115559895834 
2025-02-20 14:47:36,649 INFO: Epoch 57, Train Loss: 0.18825823107832357, Test Loss: 0.19891604284445444, Inverse Test Loss: 9780.857975260416 
2025-02-20 14:47:36,747 INFO: Epoch 58, Train Loss: 0.2039006207334368, Test Loss: 0.19844486067692438, Inverse Test Loss: 9757.689420572917 
2025-02-20 14:47:36,847 INFO: Epoch 59, Train Loss: 0.184173765673972, Test Loss: 0.19738847215970357, Inverse Test Loss: 9705.746419270834 
2025-02-20 14:47:36,955 INFO: Epoch 60, Train Loss: 0.18379311773337817, Test Loss: 0.1971321776509285, Inverse Test Loss: 9693.143489583334 
2025-02-20 14:47:37,050 INFO: Epoch 61, Train Loss: 0.18059648939392023, Test Loss: 0.19782925446828206, Inverse Test Loss: 9727.41943359375 
2025-02-20 14:47:37,152 INFO: Epoch 62, Train Loss: 0.17936565125720544, Test Loss: 0.19713573902845383, Inverse Test Loss: 9693.318717447917 
2025-02-20 14:47:37,249 INFO: Epoch 63, Train Loss: 0.18151664720815525, Test Loss: 0.19495887607336043, Inverse Test Loss: 9586.280794270833 
2025-02-20 14:47:37,362 INFO: Epoch 64, Train Loss: 0.19148708919161245, Test Loss: 0.19479963580767315, Inverse Test Loss: 9578.451236979166 
2025-02-20 14:47:37,455 INFO: Epoch 65, Train Loss: 0.17968620379504405, Test Loss: 0.19442349870999653, Inverse Test Loss: 9559.95615234375 
2025-02-20 14:47:37,547 INFO: Epoch 66, Train Loss: 0.17660455876275113, Test Loss: 0.1945006802678108, Inverse Test Loss: 9563.75166015625 
2025-02-20 14:47:37,651 INFO: Epoch 67, Train Loss: 0.1749933445662783, Test Loss: 0.19278677652279536, Inverse Test Loss: 9479.476985677084 
2025-02-20 14:47:37,753 INFO: Epoch 68, Train Loss: 0.17719746603254685, Test Loss: 0.19334795574347177, Inverse Test Loss: 9507.069759114584 
2025-02-20 14:47:37,852 INFO: Epoch 69, Train Loss: 0.17290962016896197, Test Loss: 0.19324276944001514, Inverse Test Loss: 9501.89853515625 
2025-02-20 14:47:37,965 INFO: Epoch 70, Train Loss: 0.17236339366226866, Test Loss: 0.1932805597782135, Inverse Test Loss: 9503.75732421875 
2025-02-20 14:47:38,058 INFO: Epoch 71, Train Loss: 0.17183779088551537, Test Loss: 0.19110483725865682, Inverse Test Loss: 9396.774576822916 
2025-02-20 14:47:38,151 INFO: Epoch 72, Train Loss: 0.17190967421782644, Test Loss: 0.19122357666492462, Inverse Test Loss: 9402.614192708334 
2025-02-20 14:47:38,268 INFO: Epoch 73, Train Loss: 0.1713139030494188, Test Loss: 0.19045519431432087, Inverse Test Loss: 9364.831901041667 
2025-02-20 14:47:38,360 INFO: Epoch 74, Train Loss: 0.1719706048045242, Test Loss: 0.18984611133734386, Inverse Test Loss: 9334.882454427083 
2025-02-20 14:47:38,454 INFO: Epoch 75, Train Loss: 0.16853471466323786, Test Loss: 0.18776095112164815, Inverse Test Loss: 9232.353157552083 
2025-02-20 14:47:38,565 INFO: Epoch 76, Train Loss: 0.16929028902137488, Test Loss: 0.18842435131470361, Inverse Test Loss: 9264.973079427084 
2025-02-20 14:47:38,660 INFO: Epoch 77, Train Loss: 0.16814501309081128, Test Loss: 0.1871561954418818, Inverse Test Loss: 9202.617447916668 
2025-02-20 14:47:38,752 INFO: Epoch 78, Train Loss: 0.16774663499049974, Test Loss: 0.18715333888928096, Inverse Test Loss: 9202.476953125 
2025-02-20 14:47:38,860 INFO: Epoch 79, Train Loss: 0.1653208746983294, Test Loss: 0.18582053631544113, Inverse Test Loss: 9136.94140625 
2025-02-20 14:47:38,960 INFO: Epoch 80, Train Loss: 0.17017924798685208, Test Loss: 0.18542685012022656, Inverse Test Loss: 9117.5845703125 
2025-02-20 14:47:39,055 INFO: Epoch 81, Train Loss: 0.16481742903328778, Test Loss: 0.18624808589617411, Inverse Test Loss: 9157.96474609375 
2025-02-20 14:47:39,162 INFO: Epoch 82, Train Loss: 0.16435093419593677, Test Loss: 0.18506753593683242, Inverse Test Loss: 9099.915755208332 
2025-02-20 14:47:39,255 INFO: Epoch 83, Train Loss: 0.16280428529308552, Test Loss: 0.18416371593872707, Inverse Test Loss: 9055.475 
2025-02-20 14:47:39,345 INFO: Epoch 84, Train Loss: 0.1608268063057933, Test Loss: 0.18354171514511108, Inverse Test Loss: 9024.8904296875 
2025-02-20 14:47:39,452 INFO: Epoch 85, Train Loss: 0.16270648831861062, Test Loss: 0.18253442992766697, Inverse Test Loss: 8975.361100260418 
2025-02-20 14:47:39,545 INFO: Epoch 86, Train Loss: 0.15965174890139647, Test Loss: 0.1820671593149503, Inverse Test Loss: 8952.38525390625 
2025-02-20 14:47:39,640 INFO: Epoch 87, Train Loss: 0.15783861794165874, Test Loss: 0.18211483458677927, Inverse Test Loss: 8954.729752604168 
2025-02-20 14:47:39,746 INFO: Epoch 88, Train Loss: 0.15770383617072775, Test Loss: 0.18192348231871922, Inverse Test Loss: 8945.320768229167 
2025-02-20 14:47:39,841 INFO: Epoch 89, Train Loss: 0.15716161846853138, Test Loss: 0.18179857482512793, Inverse Test Loss: 8939.178938802082 
2025-02-20 14:47:39,935 INFO: Epoch 90, Train Loss: 0.15720427898984207, Test Loss: 0.1799821009238561, Inverse Test Loss: 8849.861458333333 
2025-02-20 14:47:40,044 INFO: Epoch 91, Train Loss: 0.1590912922432548, Test Loss: 0.1811824212471644, Inverse Test Loss: 8908.881803385417 
2025-02-20 14:47:40,139 INFO: Epoch 92, Train Loss: 0.15656401726760363, Test Loss: 0.17870199034611384, Inverse Test Loss: 8786.917122395833 
2025-02-20 14:47:40,233 INFO: Epoch 93, Train Loss: 0.1545328729246792, Test Loss: 0.17778840164343515, Inverse Test Loss: 8741.995052083334 
2025-02-20 14:47:40,340 INFO: Epoch 94, Train Loss: 0.15577743176305503, Test Loss: 0.1782251278559367, Inverse Test Loss: 8763.469791666666 
2025-02-20 14:47:40,432 INFO: Epoch 95, Train Loss: 0.15299634308668605, Test Loss: 0.1770942638317744, Inverse Test Loss: 8707.86357421875 
2025-02-20 14:47:40,528 INFO: Epoch 96, Train Loss: 0.15166770578607133, Test Loss: 0.1769045263528824, Inverse Test Loss: 8698.53369140625 
2025-02-20 14:47:40,639 INFO: Epoch 97, Train Loss: 0.15189700795893082, Test Loss: 0.17691216369469961, Inverse Test Loss: 8698.91025390625 
2025-02-20 14:47:40,730 INFO: Epoch 98, Train Loss: 0.15265227998034997, Test Loss: 0.1754518449306488, Inverse Test Loss: 8627.10517578125 
2025-02-20 14:47:40,824 INFO: Epoch 99, Train Loss: 0.15038358942981353, Test Loss: 0.17573005557060242, Inverse Test Loss: 8640.784993489584 
2025-02-20 14:47:40,929 INFO: Epoch 100, Train Loss: 0.14972195225326637, Test Loss: 0.17518697579701742, Inverse Test Loss: 8614.08134765625 
2025-02-20 14:47:40,931 INFO: Best Epoch 100, Best Test Loss: 0.17518697579701742, Inverse Test Loss: 8614.08134765625 
2025-02-20 14:47:41,020 INFO: Epoch 101, Train Loss: 0.15977391665964796, Test Loss: 0.17475737283627193, Inverse Test Loss: 8592.95673828125 
2025-02-20 14:47:41,119 INFO: Epoch 102, Train Loss: 0.14942440717366703, Test Loss: 0.1731051102280617, Inverse Test Loss: 8511.714225260417 
2025-02-20 14:47:41,230 INFO: Epoch 103, Train Loss: 0.147124204196428, Test Loss: 0.1722485015789668, Inverse Test Loss: 8469.593294270833 
2025-02-20 14:47:41,323 INFO: Epoch 104, Train Loss: 0.1468596069567036, Test Loss: 0.1727695107460022, Inverse Test Loss: 8495.211881510417 
2025-02-20 14:47:41,414 INFO: Epoch 105, Train Loss: 0.1455336903270922, Test Loss: 0.17384413182735442, Inverse Test Loss: 8548.052864583333 
2025-02-20 14:47:41,519 INFO: Epoch 106, Train Loss: 0.14740719071082903, Test Loss: 0.17152086049318313, Inverse Test Loss: 8433.815071614583 
2025-02-20 14:47:41,616 INFO: Epoch 107, Train Loss: 0.14520042468058436, Test Loss: 0.171322201192379, Inverse Test Loss: 8424.047395833333 
2025-02-20 14:47:41,710 INFO: Epoch 108, Train Loss: 0.14389148073499664, Test Loss: 0.17091969350973765, Inverse Test Loss: 8404.255989583333 
2025-02-20 14:47:41,815 INFO: Epoch 109, Train Loss: 0.14312841344559402, Test Loss: 0.1704606865843137, Inverse Test Loss: 8381.686002604167 
2025-02-20 14:47:41,911 INFO: Epoch 110, Train Loss: 0.14665759616253668, Test Loss: 0.1709567551811536, Inverse Test Loss: 8406.078190104166 
2025-02-20 14:47:42,008 INFO: Epoch 111, Train Loss: 0.14185536267203197, Test Loss: 0.1690548668305079, Inverse Test Loss: 8312.56123046875 
2025-02-20 14:47:42,115 INFO: Epoch 112, Train Loss: 0.14386784677442752, Test Loss: 0.16971799035867055, Inverse Test Loss: 8345.167447916667 
2025-02-20 14:47:42,207 INFO: Epoch 113, Train Loss: 0.14160001016499704, Test Loss: 0.1693087140719096, Inverse Test Loss: 8325.042708333332 
2025-02-20 14:47:42,302 INFO: Epoch 114, Train Loss: 0.14177059813549645, Test Loss: 0.16974677840868632, Inverse Test Loss: 8346.5830078125 
2025-02-20 14:47:42,410 INFO: Epoch 115, Train Loss: 0.14050818692173875, Test Loss: 0.16804386774698893, Inverse Test Loss: 8262.84921875 
2025-02-20 14:47:42,505 INFO: Epoch 116, Train Loss: 0.1399488222965023, Test Loss: 0.16755098154147466, Inverse Test Loss: 8238.613509114582 
2025-02-20 14:47:42,598 INFO: Epoch 117, Train Loss: 0.13819739735570916, Test Loss: 0.1652228757739067, Inverse Test Loss: 8124.13828125 
2025-02-20 14:47:42,708 INFO: Epoch 118, Train Loss: 0.14291659938661674, Test Loss: 0.1671782250205676, Inverse Test Loss: 8220.285221354166 
2025-02-20 14:47:42,804 INFO: Epoch 119, Train Loss: 0.1378931898558349, Test Loss: 0.1664727528889974, Inverse Test Loss: 8185.5962890625 
2025-02-20 14:47:42,902 INFO: Epoch 120, Train Loss: 0.14890858073506438, Test Loss: 0.16625523914893467, Inverse Test Loss: 8174.90126953125 
2025-02-20 14:47:43,012 INFO: Epoch 121, Train Loss: 0.13861841904489616, Test Loss: 0.1646304393808047, Inverse Test Loss: 8095.0080078125 
2025-02-20 14:47:43,108 INFO: Epoch 122, Train Loss: 0.13855316293867012, Test Loss: 0.16499400635560355, Inverse Test Loss: 8112.88486328125 
2025-02-20 14:47:43,203 INFO: Epoch 123, Train Loss: 0.14118462251989464, Test Loss: 0.16343437482913334, Inverse Test Loss: 8036.196158854166 
2025-02-20 14:47:43,312 INFO: Epoch 124, Train Loss: 0.13520535107767373, Test Loss: 0.16295913060506184, Inverse Test Loss: 8012.82783203125 
2025-02-20 14:47:43,407 INFO: Epoch 125, Train Loss: 0.13404188671132974, Test Loss: 0.16363060126701992, Inverse Test Loss: 8045.845279947916 
2025-02-20 14:47:43,504 INFO: Epoch 126, Train Loss: 0.13827053235288253, Test Loss: 0.1613419661919276, Inverse Test Loss: 7933.310904947916 
2025-02-20 14:47:43,618 INFO: Epoch 127, Train Loss: 0.1349513922867022, Test Loss: 0.16183499892552694, Inverse Test Loss: 7957.553873697917 
2025-02-20 14:47:43,713 INFO: Epoch 128, Train Loss: 0.13375015517598704, Test Loss: 0.16143861114978791, Inverse Test Loss: 7938.063606770834 
2025-02-20 14:47:43,807 INFO: Epoch 129, Train Loss: 0.13177450236521268, Test Loss: 0.16013380885124207, Inverse Test Loss: 7873.905078125 
2025-02-20 14:47:43,910 INFO: Epoch 130, Train Loss: 0.13220407643861937, Test Loss: 0.161237500111262, Inverse Test Loss: 7928.174186197916 
2025-02-20 14:47:44,005 INFO: Epoch 131, Train Loss: 0.1303179880702182, Test Loss: 0.16055982957283657, Inverse Test Loss: 7894.852799479167 
2025-02-20 14:47:44,095 INFO: Epoch 132, Train Loss: 0.12999597832299115, Test Loss: 0.1590586155653, Inverse Test Loss: 7821.03671875 
2025-02-20 14:47:44,199 INFO: Epoch 133, Train Loss: 0.1308134692279916, Test Loss: 0.1599997376402219, Inverse Test Loss: 7867.312565104166 
2025-02-20 14:47:44,297 INFO: Epoch 134, Train Loss: 0.13278701195591375, Test Loss: 0.15981170485417048, Inverse Test Loss: 7858.066731770833 
2025-02-20 14:47:44,392 INFO: Epoch 135, Train Loss: 0.1301069066189883, Test Loss: 0.16007844507694244, Inverse Test Loss: 7871.182259114584 
2025-02-20 14:47:44,502 INFO: Epoch 136, Train Loss: 0.12877171512758523, Test Loss: 0.16043657859166463, Inverse Test Loss: 7888.792513020833 
2025-02-20 14:47:44,600 INFO: Epoch 137, Train Loss: 0.12784368394498238, Test Loss: 0.1590919663508733, Inverse Test Loss: 7822.676302083333 
2025-02-20 14:47:44,693 INFO: Epoch 138, Train Loss: 0.12883608108549788, Test Loss: 0.15773380994796754, Inverse Test Loss: 7755.895345052083 
2025-02-20 14:47:44,808 INFO: Epoch 139, Train Loss: 0.12676601974587692, Test Loss: 0.15748964250087738, Inverse Test Loss: 7743.8892578125 
2025-02-20 14:47:44,902 INFO: Epoch 140, Train Loss: 0.12798144223920085, Test Loss: 0.15772292166948318, Inverse Test Loss: 7755.359407552083 
2025-02-20 14:47:44,992 INFO: Epoch 141, Train Loss: 0.1343375033976739, Test Loss: 0.15815465450286864, Inverse Test Loss: 7776.588802083334 
2025-02-20 14:47:45,102 INFO: Epoch 142, Train Loss: 0.12544037319981216, Test Loss: 0.15823116501172382, Inverse Test Loss: 7780.350813802083 
2025-02-20 14:47:45,195 INFO: Epoch 143, Train Loss: 0.12901945340267398, Test Loss: 0.15645367751518885, Inverse Test Loss: 7692.95 
2025-02-20 14:47:45,293 INFO: Epoch 144, Train Loss: 0.1288984319881389, Test Loss: 0.1551586369673411, Inverse Test Loss: 7629.272330729166 
2025-02-20 14:47:45,412 INFO: Epoch 145, Train Loss: 0.12417549202055261, Test Loss: 0.1545138920346896, Inverse Test Loss: 7597.5697265625 
2025-02-20 14:47:45,509 INFO: Epoch 146, Train Loss: 0.12684345715924314, Test Loss: 0.1552508701880773, Inverse Test Loss: 7633.80703125 
2025-02-20 14:47:45,606 INFO: Epoch 147, Train Loss: 0.12421356965052455, Test Loss: 0.15401453971862794, Inverse Test Loss: 7573.015364583333 
2025-02-20 14:47:45,715 INFO: Epoch 148, Train Loss: 0.12256232649087906, Test Loss: 0.15465263227621714, Inverse Test Loss: 7604.391243489584 
2025-02-20 14:47:45,812 INFO: Epoch 149, Train Loss: 0.12266804983741358, Test Loss: 0.15376343230406445, Inverse Test Loss: 7560.668619791667 
2025-02-20 14:47:45,906 INFO: Epoch 150, Train Loss: 0.1221367582155947, Test Loss: 0.15362200538317364, Inverse Test Loss: 7553.71484375 
2025-02-20 14:47:46,014 INFO: Epoch 151, Train Loss: 0.12344939183247716, Test Loss: 0.15297921299934386, Inverse Test Loss: 7522.10810546875 
2025-02-20 14:47:46,114 INFO: Epoch 152, Train Loss: 0.12188032504759337, Test Loss: 0.15264748980601628, Inverse Test Loss: 7505.796647135417 
2025-02-20 14:47:46,211 INFO: Epoch 153, Train Loss: 0.12084181325738891, Test Loss: 0.1537772516409556, Inverse Test Loss: 7561.348046875 
2025-02-20 14:47:46,340 INFO: Epoch 154, Train Loss: 0.12013317945233562, Test Loss: 0.15241557359695435, Inverse Test Loss: 7494.393196614584 
2025-02-20 14:47:46,500 INFO: Epoch 155, Train Loss: 0.11884459715924765, Test Loss: 0.1514075815677643, Inverse Test Loss: 7444.830143229166 
2025-02-20 14:47:46,663 INFO: Epoch 156, Train Loss: 0.12043761122122146, Test Loss: 0.15248377720514933, Inverse Test Loss: 7497.7466796875 
2025-02-20 14:47:46,766 INFO: Epoch 157, Train Loss: 0.11857478193154461, Test Loss: 0.14992853105068207, Inverse Test Loss: 7372.103776041667 
2025-02-20 14:47:46,857 INFO: Epoch 158, Train Loss: 0.11981444753575743, Test Loss: 0.15006316900253297, Inverse Test Loss: 7378.724186197916 
2025-02-20 14:47:46,964 INFO: Epoch 159, Train Loss: 0.11749818669468687, Test Loss: 0.1500351553161939, Inverse Test Loss: 7377.346940104167 
2025-02-20 14:47:47,051 INFO: Epoch 160, Train Loss: 0.11748860802566796, Test Loss: 0.15086569686730703, Inverse Test Loss: 7418.185091145833 
2025-02-20 14:47:47,144 INFO: Epoch 161, Train Loss: 0.11699006771832182, Test Loss: 0.15112960835297903, Inverse Test Loss: 7431.160904947917 
2025-02-20 14:47:47,247 INFO: Epoch 162, Train Loss: 0.11648203060030937, Test Loss: 0.14933022558689119, Inverse Test Loss: 7342.684212239584 
2025-02-20 14:47:47,341 INFO: Epoch 163, Train Loss: 0.11693682142517023, Test Loss: 0.14949753284454345, Inverse Test Loss: 7350.91083984375 
2025-02-20 14:47:47,434 INFO: Epoch 164, Train Loss: 0.11544149623889673, Test Loss: 0.14829934537410736, Inverse Test Loss: 7291.9955078125 
2025-02-20 14:47:47,542 INFO: Epoch 165, Train Loss: 0.11513787178780165, Test Loss: 0.14902659555276235, Inverse Test Loss: 7327.755240885416 
2025-02-20 14:47:47,641 INFO: Epoch 166, Train Loss: 0.12311042322401415, Test Loss: 0.147427469988664, Inverse Test Loss: 7249.124479166667 
2025-02-20 14:47:47,734 INFO: Epoch 167, Train Loss: 0.11815596515672248, Test Loss: 0.14714152564605076, Inverse Test Loss: 7235.06484375 
2025-02-20 14:47:47,837 INFO: Epoch 168, Train Loss: 0.11779064632821501, Test Loss: 0.1466739093263944, Inverse Test Loss: 7212.071321614583 
2025-02-20 14:47:47,931 INFO: Epoch 169, Train Loss: 0.1159104025154783, Test Loss: 0.1461728165547053, Inverse Test Loss: 7187.431868489583 
2025-02-20 14:47:48,024 INFO: Epoch 170, Train Loss: 0.11396211411869317, Test Loss: 0.1474173699816068, Inverse Test Loss: 7248.6275390625 
2025-02-20 14:47:48,128 INFO: Epoch 171, Train Loss: 0.11323243967796627, Test Loss: 0.14671740929285684, Inverse Test Loss: 7214.210123697917 
2025-02-20 14:47:48,220 INFO: Epoch 172, Train Loss: 0.11432083957550819, Test Loss: 0.14650323291619619, Inverse Test Loss: 7203.678971354167 
2025-02-20 14:47:48,316 INFO: Epoch 173, Train Loss: 0.11340371035692985, Test Loss: 0.14560961325963337, Inverse Test Loss: 7159.739225260417 
2025-02-20 14:47:48,421 INFO: Epoch 174, Train Loss: 0.11466020424115031, Test Loss: 0.14528424044450125, Inverse Test Loss: 7143.740657552084 
2025-02-20 14:47:48,514 INFO: Epoch 175, Train Loss: 0.11481725751307972, Test Loss: 0.1469685698548953, Inverse Test Loss: 7226.559895833333 
2025-02-20 14:47:48,608 INFO: Epoch 176, Train Loss: 0.11239122782360043, Test Loss: 0.14617034594217937, Inverse Test Loss: 7187.310709635417 
2025-02-20 14:47:48,714 INFO: Epoch 177, Train Loss: 0.11230600063215222, Test Loss: 0.1444654256105423, Inverse Test Loss: 7103.478645833334 
2025-02-20 14:47:48,807 INFO: Epoch 178, Train Loss: 0.1106898198067619, Test Loss: 0.1463363801439603, Inverse Test Loss: 7195.47470703125 
2025-02-20 14:47:48,903 INFO: Epoch 179, Train Loss: 0.11017813076052749, Test Loss: 0.14582370668649675, Inverse Test Loss: 7170.26591796875 
2025-02-20 14:47:49,009 INFO: Epoch 180, Train Loss: 0.1113426446783961, Test Loss: 0.14439378877480824, Inverse Test Loss: 7099.9560546875 
2025-02-20 14:47:49,099 INFO: Epoch 181, Train Loss: 0.11105940255679582, Test Loss: 0.14404923121134441, Inverse Test Loss: 7083.013216145833 
2025-02-20 14:47:49,192 INFO: Epoch 182, Train Loss: 0.1106304573385339, Test Loss: 0.14389866441488267, Inverse Test Loss: 7075.610807291667 
2025-02-20 14:47:49,298 INFO: Epoch 183, Train Loss: 0.11458912792435863, Test Loss: 0.1439554472764333, Inverse Test Loss: 7078.4021484375 
2025-02-20 14:47:49,391 INFO: Epoch 184, Train Loss: 0.10971950445520251, Test Loss: 0.14478257596492766, Inverse Test Loss: 7119.07275390625 
2025-02-20 14:47:49,483 INFO: Epoch 185, Train Loss: 0.11051198160439207, Test Loss: 0.14347365001837412, Inverse Test Loss: 7054.71240234375 
2025-02-20 14:47:49,588 INFO: Epoch 186, Train Loss: 0.1074226605624222, Test Loss: 0.1430945525566737, Inverse Test Loss: 7036.072005208333 
2025-02-20 14:47:49,681 INFO: Epoch 187, Train Loss: 0.10826178404845689, Test Loss: 0.1430999313791593, Inverse Test Loss: 7036.336100260417 
2025-02-20 14:47:49,776 INFO: Epoch 188, Train Loss: 0.10817420181998036, Test Loss: 0.1434058984120687, Inverse Test Loss: 7051.38037109375 
2025-02-20 14:47:49,882 INFO: Epoch 189, Train Loss: 0.10736374191024847, Test Loss: 0.14231668760379154, Inverse Test Loss: 6997.823274739583 
2025-02-20 14:47:49,975 INFO: Epoch 190, Train Loss: 0.10644791637988467, Test Loss: 0.14214241454998652, Inverse Test Loss: 6989.25458984375 
2025-02-20 14:47:50,068 INFO: Epoch 191, Train Loss: 0.10852190760666863, Test Loss: 0.1406116823355357, Inverse Test Loss: 6913.987141927083 
2025-02-20 14:47:50,174 INFO: Epoch 192, Train Loss: 0.10804198839162525, Test Loss: 0.14247241963942844, Inverse Test Loss: 7005.481022135416 
2025-02-20 14:47:50,272 INFO: Epoch 193, Train Loss: 0.10723573779850676, Test Loss: 0.14167688687642416, Inverse Test Loss: 6966.36376953125 
2025-02-20 14:47:50,364 INFO: Epoch 194, Train Loss: 0.10636663920523827, Test Loss: 0.14231630911429724, Inverse Test Loss: 6997.804622395834 
2025-02-20 14:47:50,470 INFO: Epoch 195, Train Loss: 0.10887422301528747, Test Loss: 0.1406450778245926, Inverse Test Loss: 6915.629069010417 
2025-02-20 14:47:50,565 INFO: Epoch 196, Train Loss: 0.10546810532871045, Test Loss: 0.14094228794177374, Inverse Test Loss: 6930.243359375 
2025-02-20 14:47:50,658 INFO: Epoch 197, Train Loss: 0.10402248219766638, Test Loss: 0.13995594878991444, Inverse Test Loss: 6881.744368489583 
2025-02-20 14:47:50,764 INFO: Epoch 198, Train Loss: 0.10441598459555392, Test Loss: 0.140669022500515, Inverse Test Loss: 6916.806770833334 
2025-02-20 14:47:50,856 INFO: Epoch 199, Train Loss: 0.1258638550184275, Test Loss: 0.1420954793691635, Inverse Test Loss: 6986.94697265625 
2025-02-20 14:47:50,950 INFO: Epoch 200, Train Loss: 0.10682910968337142, Test Loss: 0.13904975801706315, Inverse Test Loss: 6837.185904947916 
2025-02-20 14:47:50,951 INFO: Best Epoch 200, Best Test Loss: 0.13904975801706315, Inverse Test Loss: 6837.185904947916 
2025-02-20 14:47:51,063 INFO: Epoch 201, Train Loss: 0.10544029244205408, Test Loss: 0.13853227843840918, Inverse Test Loss: 6811.740559895833 
2025-02-20 14:47:51,161 INFO: Epoch 202, Train Loss: 0.10501388042119511, Test Loss: 0.13934099475542705, Inverse Test Loss: 6851.506022135417 
2025-02-20 14:47:51,312 INFO: Epoch 203, Train Loss: 0.10323009430839304, Test Loss: 0.13782976120710372, Inverse Test Loss: 6777.197981770833 
2025-02-20 14:47:51,430 INFO: Epoch 204, Train Loss: 0.10385382946646005, Test Loss: 0.13789630979299544, Inverse Test Loss: 6780.469889322917 
2025-02-20 14:47:51,522 INFO: Epoch 205, Train Loss: 0.10243334614655428, Test Loss: 0.141061099867026, Inverse Test Loss: 6936.08505859375 
2025-02-20 14:47:51,621 INFO: Epoch 206, Train Loss: 0.10390718346625044, Test Loss: 0.13732199718554813, Inverse Test Loss: 6752.230631510417 
2025-02-20 14:47:51,713 INFO: Epoch 207, Train Loss: 0.10196603893449432, Test Loss: 0.13647409826517104, Inverse Test Loss: 6710.538606770833 
2025-02-20 14:47:51,819 INFO: Epoch 208, Train Loss: 0.10151544879925878, Test Loss: 0.13689474016427994, Inverse Test Loss: 6731.221549479166 
2025-02-20 14:47:51,913 INFO: Epoch 209, Train Loss: 0.101206734515073, Test Loss: 0.13678157726923626, Inverse Test Loss: 6725.65771484375 
2025-02-20 14:47:52,010 INFO: Epoch 210, Train Loss: 0.10152250561013557, Test Loss: 0.13682792882124584, Inverse Test Loss: 6727.936686197917 
2025-02-20 14:47:52,116 INFO: Epoch 211, Train Loss: 0.10163076012803797, Test Loss: 0.1364840919772784, Inverse Test Loss: 6711.030305989583 
2025-02-20 14:47:52,209 INFO: Epoch 212, Train Loss: 0.10049197025466383, Test Loss: 0.13625097870826722, Inverse Test Loss: 6699.567317708334 
2025-02-20 14:47:52,304 INFO: Epoch 213, Train Loss: 0.10249659105351097, Test Loss: 0.13769125292698542, Inverse Test Loss: 6770.386881510417 
2025-02-20 14:47:52,411 INFO: Epoch 214, Train Loss: 0.1000238485438259, Test Loss: 0.13557181904713314, Inverse Test Loss: 6666.172900390625 
2025-02-20 14:47:52,502 INFO: Epoch 215, Train Loss: 0.09965463564322706, Test Loss: 0.13573528081178665, Inverse Test Loss: 6674.209895833334 
2025-02-20 14:47:52,595 INFO: Epoch 216, Train Loss: 0.09909490747540667, Test Loss: 0.13643192152182262, Inverse Test Loss: 6708.46455078125 
2025-02-20 14:47:52,698 INFO: Epoch 217, Train Loss: 0.09914341366343331, Test Loss: 0.13590015073617298, Inverse Test Loss: 6682.3166015625 
2025-02-20 14:47:52,788 INFO: Epoch 218, Train Loss: 0.09963431366180119, Test Loss: 0.13461478998263676, Inverse Test Loss: 6619.115006510417 
2025-02-20 14:47:52,883 INFO: Epoch 219, Train Loss: 0.09942672029137611, Test Loss: 0.13575792113939922, Inverse Test Loss: 6675.323404947917 
2025-02-20 14:47:53,014 INFO: Epoch 220, Train Loss: 0.10866489209104002, Test Loss: 0.13412485917409261, Inverse Test Loss: 6595.024788411459 
2025-02-20 14:47:53,163 INFO: Epoch 221, Train Loss: 0.10219662492735344, Test Loss: 0.1350848024090131, Inverse Test Loss: 6642.226041666667 
2025-02-20 14:47:53,281 INFO: Epoch 222, Train Loss: 0.09929244324826357, Test Loss: 0.1339506005247434, Inverse Test Loss: 6586.456184895834 
2025-02-20 14:47:53,396 INFO: Epoch 223, Train Loss: 0.09788936180503745, Test Loss: 0.1339440589149793, Inverse Test Loss: 6586.134602864583 
2025-02-20 14:47:53,515 INFO: Epoch 224, Train Loss: 0.0989768131913846, Test Loss: 0.1335763782262802, Inverse Test Loss: 6568.05537109375 
2025-02-20 14:47:53,616 INFO: Epoch 225, Train Loss: 0.09885564165418609, Test Loss: 0.13431501587231953, Inverse Test Loss: 6604.3748046875 
2025-02-20 14:47:53,710 INFO: Epoch 226, Train Loss: 0.09763193241598313, Test Loss: 0.13368953069051107, Inverse Test Loss: 6573.61953125 
2025-02-20 14:47:53,815 INFO: Epoch 227, Train Loss: 0.09628949471210178, Test Loss: 0.13258042732874553, Inverse Test Loss: 6519.083642578125 
2025-02-20 14:47:53,910 INFO: Epoch 228, Train Loss: 0.09576784121689566, Test Loss: 0.13223266303539277, Inverse Test Loss: 6501.984228515625 
2025-02-20 14:47:54,005 INFO: Epoch 229, Train Loss: 0.09648971586373814, Test Loss: 0.13345101624727249, Inverse Test Loss: 6561.8916015625 
2025-02-20 14:47:54,111 INFO: Epoch 230, Train Loss: 0.09537777066100062, Test Loss: 0.1318639859557152, Inverse Test Loss: 6483.8560546875 
2025-02-20 14:47:54,217 INFO: Epoch 231, Train Loss: 0.09767229946558936, Test Loss: 0.13330869774023693, Inverse Test Loss: 6554.893570963542 
2025-02-20 14:47:54,335 INFO: Epoch 232, Train Loss: 0.09625449789720669, Test Loss: 0.1308645953734716, Inverse Test Loss: 6434.71484375 
2025-02-20 14:47:54,443 INFO: Epoch 233, Train Loss: 0.09612088402112325, Test Loss: 0.13122857610384622, Inverse Test Loss: 6452.612272135417 
2025-02-20 14:47:54,540 INFO: Epoch 234, Train Loss: 0.0948860000557544, Test Loss: 0.1308404674132665, Inverse Test Loss: 6433.528662109375 
2025-02-20 14:47:54,660 INFO: Epoch 235, Train Loss: 0.09565234883574017, Test Loss: 0.13069171930352846, Inverse Test Loss: 6426.214632161458 
2025-02-20 14:47:54,835 INFO: Epoch 236, Train Loss: 0.09527326447137616, Test Loss: 0.130451833208402, Inverse Test Loss: 6414.419091796875 
2025-02-20 14:47:54,950 INFO: Epoch 237, Train Loss: 0.0940993326765142, Test Loss: 0.13041339665651322, Inverse Test Loss: 6412.52890625 
2025-02-20 14:47:55,050 INFO: Epoch 238, Train Loss: 0.09482957912903082, Test Loss: 0.13176857978105544, Inverse Test Loss: 6479.164322916667 
2025-02-20 14:47:55,154 INFO: Epoch 239, Train Loss: 0.09439023714839366, Test Loss: 0.13065333515405655, Inverse Test Loss: 6424.327132161458 
2025-02-20 14:47:55,256 INFO: Epoch 240, Train Loss: 0.09581345143286805, Test Loss: 0.13005272895097733, Inverse Test Loss: 6394.794840494792 
2025-02-20 14:47:55,357 INFO: Epoch 241, Train Loss: 0.09416339095485837, Test Loss: 0.1312892645597458, Inverse Test Loss: 6455.595865885417 
2025-02-20 14:47:55,472 INFO: Epoch 242, Train Loss: 0.09310033868410085, Test Loss: 0.12973942855993906, Inverse Test Loss: 6379.389453125 
2025-02-20 14:47:55,589 INFO: Epoch 243, Train Loss: 0.0930652279210718, Test Loss: 0.12944098065296808, Inverse Test Loss: 6364.715055338542 
2025-02-20 14:47:55,695 INFO: Epoch 244, Train Loss: 0.0938020557034434, Test Loss: 0.1288638373215993, Inverse Test Loss: 6336.33603515625 
2025-02-20 14:47:55,806 INFO: Epoch 245, Train Loss: 0.09263093452573869, Test Loss: 0.12896429498990378, Inverse Test Loss: 6341.275895182292 
2025-02-20 14:47:55,916 INFO: Epoch 246, Train Loss: 0.09251525939295166, Test Loss: 0.1285578320423762, Inverse Test Loss: 6321.289713541667 
2025-02-20 14:47:56,011 INFO: Epoch 247, Train Loss: 0.09207382778588094, Test Loss: 0.1286769946416219, Inverse Test Loss: 6327.14931640625 
2025-02-20 14:47:56,107 INFO: Epoch 248, Train Loss: 0.09357603253764019, Test Loss: 0.12940699656804402, Inverse Test Loss: 6363.0439453125 
2025-02-20 14:47:56,215 INFO: Epoch 249, Train Loss: 0.09356208511611872, Test Loss: 0.1278136692941189, Inverse Test Loss: 6284.698893229167 
2025-02-20 14:47:56,311 INFO: Epoch 250, Train Loss: 0.0919712551853113, Test Loss: 0.1308760553598404, Inverse Test Loss: 6435.278043619792 
2025-02-20 14:47:56,416 INFO: Epoch 251, Train Loss: 0.09275163115378011, Test Loss: 0.1280686303973198, Inverse Test Loss: 6297.235384114583 
2025-02-20 14:47:56,516 INFO: Epoch 252, Train Loss: 0.09355161358651362, Test Loss: 0.12812757243712744, Inverse Test Loss: 6300.133024088542 
2025-02-20 14:47:56,609 INFO: Epoch 253, Train Loss: 0.09072622816944331, Test Loss: 0.12785957306623458, Inverse Test Loss: 6286.955989583334 
2025-02-20 14:47:56,706 INFO: Epoch 254, Train Loss: 0.09326706794008874, Test Loss: 0.126300647854805, Inverse Test Loss: 6210.302034505208 
2025-02-20 14:47:56,817 INFO: Epoch 255, Train Loss: 0.10615224881391776, Test Loss: 0.1270586758852005, Inverse Test Loss: 6247.575113932292 
2025-02-20 14:47:56,920 INFO: Epoch 256, Train Loss: 0.09515225018064181, Test Loss: 0.12611034711201985, Inverse Test Loss: 6200.944856770833 
2025-02-20 14:47:57,026 INFO: Epoch 257, Train Loss: 0.09093918402989705, Test Loss: 0.1260429325203101, Inverse Test Loss: 6197.629801432292 
2025-02-20 14:47:57,127 INFO: Epoch 258, Train Loss: 0.0905900673385252, Test Loss: 0.12625965575377146, Inverse Test Loss: 6208.286409505208 
2025-02-20 14:47:57,221 INFO: Epoch 259, Train Loss: 0.09065134601111997, Test Loss: 0.12794310947259266, Inverse Test Loss: 6291.063427734375 
2025-02-20 14:47:57,322 INFO: Epoch 260, Train Loss: 0.09078715009647503, Test Loss: 0.12516781042019526, Inverse Test Loss: 6154.599690755208 
2025-02-20 14:47:57,430 INFO: Epoch 261, Train Loss: 0.08952922854376466, Test Loss: 0.12653396129608155, Inverse Test Loss: 6221.77392578125 
2025-02-20 14:47:57,525 INFO: Epoch 262, Train Loss: 0.08929606540161267, Test Loss: 0.1250937156379223, Inverse Test Loss: 6150.956087239583 
2025-02-20 14:47:57,629 INFO: Epoch 263, Train Loss: 0.0887316414400151, Test Loss: 0.12700285812218984, Inverse Test Loss: 6244.829752604167 
2025-02-20 14:47:57,729 INFO: Epoch 264, Train Loss: 0.08799278208365043, Test Loss: 0.125154859572649, Inverse Test Loss: 6153.962613932292 
2025-02-20 14:47:57,828 INFO: Epoch 265, Train Loss: 0.09258597527156796, Test Loss: 0.12553948933879536, Inverse Test Loss: 6172.87587890625 
2025-02-20 14:47:57,927 INFO: Epoch 266, Train Loss: 0.08819934486395173, Test Loss: 0.12617239952087403, Inverse Test Loss: 6203.995914713541 
2025-02-20 14:47:58,027 INFO: Epoch 267, Train Loss: 0.08834763479075934, Test Loss: 0.1250096393128236, Inverse Test Loss: 6146.822591145833 
2025-02-20 14:47:58,132 INFO: Epoch 268, Train Loss: 0.08769419959239792, Test Loss: 0.12576862772305805, Inverse Test Loss: 6184.142399088541 
2025-02-20 14:47:58,231 INFO: Epoch 269, Train Loss: 0.08822971249097272, Test Loss: 0.12575226376454035, Inverse Test Loss: 6183.337483723958 
2025-02-20 14:47:58,344 INFO: Epoch 270, Train Loss: 0.08765151521615815, Test Loss: 0.1250099465250969, Inverse Test Loss: 6146.83720703125 
2025-02-20 14:47:58,484 INFO: Epoch 271, Train Loss: 0.0870048780843877, Test Loss: 0.12462098747491837, Inverse Test Loss: 6127.711783854166 
2025-02-20 14:47:58,604 INFO: Epoch 272, Train Loss: 0.08712754555438694, Test Loss: 0.12413193608323733, Inverse Test Loss: 6103.664876302083 
2025-02-20 14:47:58,721 INFO: Epoch 273, Train Loss: 0.09256731574995476, Test Loss: 0.12451427554090817, Inverse Test Loss: 6122.464388020833 
2025-02-20 14:47:58,827 INFO: Epoch 274, Train Loss: 0.09186241082977831, Test Loss: 0.12529326577981312, Inverse Test Loss: 6160.76787109375 
2025-02-20 14:47:58,929 INFO: Epoch 275, Train Loss: 0.0877527697828778, Test Loss: 0.12407743682463963, Inverse Test Loss: 6100.985026041667 
2025-02-20 14:47:59,036 INFO: Epoch 276, Train Loss: 0.08720323959724945, Test Loss: 0.12352042868733407, Inverse Test Loss: 6073.596223958333 
2025-02-20 14:47:59,140 INFO: Epoch 277, Train Loss: 0.08585726950121553, Test Loss: 0.12377639636397361, Inverse Test Loss: 6086.182926432291 
2025-02-20 14:47:59,240 INFO: Epoch 278, Train Loss: 0.08708491581573821, Test Loss: 0.1236253095169862, Inverse Test Loss: 6078.753434244792 
2025-02-20 14:47:59,352 INFO: Epoch 279, Train Loss: 0.08573357126953308, Test Loss: 0.12346479718883832, Inverse Test Loss: 6070.861165364583 
2025-02-20 14:47:59,451 INFO: Epoch 280, Train Loss: 0.086336531725369, Test Loss: 0.1242806300520897, Inverse Test Loss: 6110.975927734375 
2025-02-20 14:47:59,556 INFO: Epoch 281, Train Loss: 0.08506529373035096, Test Loss: 0.12301255265871684, Inverse Test Loss: 6048.623600260416 
2025-02-20 14:47:59,668 INFO: Epoch 282, Train Loss: 0.08476176050802071, Test Loss: 0.12367704883217812, Inverse Test Loss: 6081.297802734375 
2025-02-20 14:47:59,773 INFO: Epoch 283, Train Loss: 0.085550363126554, Test Loss: 0.12280859897534052, Inverse Test Loss: 6038.595084635416 
2025-02-20 14:47:59,884 INFO: Epoch 284, Train Loss: 0.08767849154639662, Test Loss: 0.12357230881849925, Inverse Test Loss: 6076.147054036458 
2025-02-20 14:47:59,994 INFO: Epoch 285, Train Loss: 0.08509658678973976, Test Loss: 0.1225675900777181, Inverse Test Loss: 6026.744661458333 
2025-02-20 14:48:00,097 INFO: Epoch 286, Train Loss: 0.08522592060137213, Test Loss: 0.12209795117378235, Inverse Test Loss: 6003.652571614583 
2025-02-20 14:48:00,199 INFO: Epoch 287, Train Loss: 0.0847479458571526, Test Loss: 0.12287869056065877, Inverse Test Loss: 6042.041764322917 
2025-02-20 14:48:00,307 INFO: Epoch 288, Train Loss: 0.08423513017202679, Test Loss: 0.12292570695281028, Inverse Test Loss: 6044.353369140625 
2025-02-20 14:48:00,423 INFO: Epoch 289, Train Loss: 0.08350397097437005, Test Loss: 0.12217147101958593, Inverse Test Loss: 6007.267317708333 
2025-02-20 14:48:00,531 INFO: Epoch 290, Train Loss: 0.08527086962733352, Test Loss: 0.12170055707295736, Inverse Test Loss: 5984.112109375 
2025-02-20 14:48:00,635 INFO: Epoch 291, Train Loss: 0.08821805475050942, Test Loss: 0.12101499550044537, Inverse Test Loss: 5950.40224609375 
2025-02-20 14:48:00,735 INFO: Epoch 292, Train Loss: 0.08487114297193393, Test Loss: 0.12289403652151426, Inverse Test Loss: 6042.79609375 
2025-02-20 14:48:00,846 INFO: Epoch 293, Train Loss: 0.08323923285985202, Test Loss: 0.12257442027330398, Inverse Test Loss: 6027.080940755209 
2025-02-20 14:48:00,947 INFO: Epoch 294, Train Loss: 0.08268222707862917, Test Loss: 0.12188579986492792, Inverse Test Loss: 5993.220556640625 
2025-02-20 14:48:01,055 INFO: Epoch 295, Train Loss: 0.08378220316872262, Test Loss: 0.12171771824359894, Inverse Test Loss: 5984.956087239583 
2025-02-20 14:48:01,163 INFO: Epoch 296, Train Loss: 0.08346241490359892, Test Loss: 0.12076088028649488, Inverse Test Loss: 5937.907535807291 
2025-02-20 14:48:01,264 INFO: Epoch 297, Train Loss: 0.08263528693402022, Test Loss: 0.12082594285408656, Inverse Test Loss: 5941.106673177083 
2025-02-20 14:48:01,374 INFO: Epoch 298, Train Loss: 0.08515508237637971, Test Loss: 0.12066149537762007, Inverse Test Loss: 5933.0204671223955 
2025-02-20 14:48:01,485 INFO: Epoch 299, Train Loss: 0.09599148678152185, Test Loss: 0.12058417772253355, Inverse Test Loss: 5929.218579101563 
2025-02-20 14:48:01,588 INFO: Epoch 300, Train Loss: 0.08501979692332577, Test Loss: 0.12027598482867081, Inverse Test Loss: 5914.065242513021 
2025-02-20 14:48:01,588 INFO: Best Epoch 300, Best Test Loss: 0.12027598482867081, Inverse Test Loss: 5914.065242513021 
2025-02-20 14:48:01,689 INFO: Epoch 301, Train Loss: 0.08187603453795116, Test Loss: 0.12138572831948598, Inverse Test Loss: 5968.631412760416 
2025-02-20 14:48:01,801 INFO: Epoch 302, Train Loss: 0.08230848401262049, Test Loss: 0.12042899231115976, Inverse Test Loss: 5921.588330078125 
2025-02-20 14:48:01,902 INFO: Epoch 303, Train Loss: 0.0817610456428507, Test Loss: 0.11934467380245527, Inverse Test Loss: 5868.2712809244795 
2025-02-20 14:48:02,003 INFO: Epoch 304, Train Loss: 0.08176598233873383, Test Loss: 0.1192050558825334, Inverse Test Loss: 5861.406233723958 
2025-02-20 14:48:02,114 INFO: Epoch 305, Train Loss: 0.0822262641107827, Test Loss: 0.11973269383112589, Inverse Test Loss: 5887.35078125 
2025-02-20 14:48:02,216 INFO: Epoch 306, Train Loss: 0.08092974943288586, Test Loss: 0.1197507344186306, Inverse Test Loss: 5888.237768554687 
2025-02-20 14:48:02,317 INFO: Epoch 307, Train Loss: 0.08084233137860633, Test Loss: 0.11876900605857373, Inverse Test Loss: 5839.965185546875 
2025-02-20 14:48:02,427 INFO: Epoch 308, Train Loss: 0.08122417389562256, Test Loss: 0.11937591408689817, Inverse Test Loss: 5869.807275390625 
2025-02-20 14:48:02,528 INFO: Epoch 309, Train Loss: 0.0803768191682665, Test Loss: 0.11867942661046982, Inverse Test Loss: 5835.5605875651045 
2025-02-20 14:48:02,629 INFO: Epoch 310, Train Loss: 0.0803456710357415, Test Loss: 0.1186788188914458, Inverse Test Loss: 5835.531184895834 
2025-02-20 14:48:02,747 INFO: Epoch 311, Train Loss: 0.08409153526289422, Test Loss: 0.11946934312582017, Inverse Test Loss: 5874.401285807292 
2025-02-20 14:48:02,882 INFO: Epoch 312, Train Loss: 0.08299445171366658, Test Loss: 0.1183157501121362, Inverse Test Loss: 5817.678328450521 
2025-02-20 14:48:02,995 INFO: Epoch 313, Train Loss: 0.08017067810553208, Test Loss: 0.11871621782581011, Inverse Test Loss: 5837.369384765625 
2025-02-20 14:48:03,101 INFO: Epoch 314, Train Loss: 0.08034931914063922, Test Loss: 0.11764969776074091, Inverse Test Loss: 5784.927994791667 
2025-02-20 14:48:03,210 INFO: Epoch 315, Train Loss: 0.07980802080087494, Test Loss: 0.11783454095323881, Inverse Test Loss: 5794.016935221354 
2025-02-20 14:48:03,320 INFO: Epoch 316, Train Loss: 0.08015324515208863, Test Loss: 0.11777435652911664, Inverse Test Loss: 5791.057438151041 
2025-02-20 14:48:03,425 INFO: Epoch 317, Train Loss: 0.0800229851483253, Test Loss: 0.11805090829730033, Inverse Test Loss: 5804.655908203125 
2025-02-20 14:48:03,548 INFO: Epoch 318, Train Loss: 0.0808102414665515, Test Loss: 0.11930793871482213, Inverse Test Loss: 5866.465226236979 
2025-02-20 14:48:03,677 INFO: Epoch 319, Train Loss: 0.08047220867388603, Test Loss: 0.11872599137326081, Inverse Test Loss: 5837.8500284830725 
2025-02-20 14:48:03,810 INFO: Epoch 320, Train Loss: 0.07848974474166569, Test Loss: 0.11815671088794867, Inverse Test Loss: 5809.858129882812 
2025-02-20 14:48:03,922 INFO: Epoch 321, Train Loss: 0.07996766635200434, Test Loss: 0.11699847020208835, Inverse Test Loss: 5752.906526692708 
2025-02-20 14:48:04,031 INFO: Epoch 322, Train Loss: 0.07959969877673868, Test Loss: 0.11717964472870032, Inverse Test Loss: 5761.815006510416 
2025-02-20 14:48:04,138 INFO: Epoch 323, Train Loss: 0.07935365439768423, Test Loss: 0.1165549366424481, Inverse Test Loss: 5731.097509765625 
2025-02-20 14:48:04,250 INFO: Epoch 324, Train Loss: 0.07901637857420403, Test Loss: 0.1175778756539027, Inverse Test Loss: 5781.396508789063 
2025-02-20 14:48:04,358 INFO: Epoch 325, Train Loss: 0.07861868174452531, Test Loss: 0.11602834338943163, Inverse Test Loss: 5705.2048828125 
2025-02-20 14:48:04,473 INFO: Epoch 326, Train Loss: 0.07832482953866322, Test Loss: 0.11586101315915584, Inverse Test Loss: 5696.976977539062 
2025-02-20 14:48:04,587 INFO: Epoch 327, Train Loss: 0.07903017809516505, Test Loss: 0.11772612308462461, Inverse Test Loss: 5788.685693359375 
2025-02-20 14:48:04,687 INFO: Epoch 328, Train Loss: 0.07994011946414646, Test Loss: 0.11675028825799624, Inverse Test Loss: 5740.7034098307295 
2025-02-20 14:48:04,801 INFO: Epoch 329, Train Loss: 0.07918169891886544, Test Loss: 0.11682698925336202, Inverse Test Loss: 5744.47509765625 
2025-02-20 14:48:04,906 INFO: Epoch 330, Train Loss: 0.07828553870581743, Test Loss: 0.11713499402006468, Inverse Test Loss: 5759.619523111979 
2025-02-20 14:48:05,008 INFO: Epoch 331, Train Loss: 0.07750445754643072, Test Loss: 0.11653018295764923, Inverse Test Loss: 5729.880525716146 
2025-02-20 14:48:05,117 INFO: Epoch 332, Train Loss: 0.07697690369790061, Test Loss: 0.11604380309581756, Inverse Test Loss: 5705.96513671875 
2025-02-20 14:48:05,222 INFO: Epoch 333, Train Loss: 0.07683840978956014, Test Loss: 0.11572298953930536, Inverse Test Loss: 5690.190275065104 
2025-02-20 14:48:05,322 INFO: Epoch 334, Train Loss: 0.0763594964845923, Test Loss: 0.11546732895076275, Inverse Test Loss: 5677.619392903646 
2025-02-20 14:48:05,432 INFO: Epoch 335, Train Loss: 0.07648973820502297, Test Loss: 0.11695724067588648, Inverse Test Loss: 5750.879467773438 
2025-02-20 14:48:05,537 INFO: Epoch 336, Train Loss: 0.09218082354779829, Test Loss: 0.11560344969232877, Inverse Test Loss: 5684.312141927084 
2025-02-20 14:48:05,639 INFO: Epoch 337, Train Loss: 0.07944746014841816, Test Loss: 0.11700657606124878, Inverse Test Loss: 5753.3052164713545 
2025-02-20 14:48:05,761 INFO: Epoch 338, Train Loss: 0.07671078320657998, Test Loss: 0.11654862090945244, Inverse Test Loss: 5730.787182617188 
2025-02-20 14:48:05,895 INFO: Epoch 339, Train Loss: 0.07635707375511788, Test Loss: 0.11551971988131603, Inverse Test Loss: 5680.195259602865 
2025-02-20 14:48:06,003 INFO: Epoch 340, Train Loss: 0.07666237083704848, Test Loss: 0.11625998529295127, Inverse Test Loss: 5716.59501546224 
2025-02-20 14:48:06,114 INFO: Epoch 341, Train Loss: 0.0759759724401591, Test Loss: 0.11476753478248915, Inverse Test Loss: 5643.209830729166 
2025-02-20 14:48:06,245 INFO: Epoch 342, Train Loss: 0.0799318409541197, Test Loss: 0.11523916746179262, Inverse Test Loss: 5666.4007283528645 
2025-02-20 14:48:06,362 INFO: Epoch 343, Train Loss: 0.07830922841502909, Test Loss: 0.1144686572253704, Inverse Test Loss: 5628.51387125651 
2025-02-20 14:48:06,469 INFO: Epoch 344, Train Loss: 0.07618175904478944, Test Loss: 0.1142098474005858, Inverse Test Loss: 5615.787670898438 
2025-02-20 14:48:06,592 INFO: Epoch 345, Train Loss: 0.0752367961890342, Test Loss: 0.11409964772562185, Inverse Test Loss: 5610.369348144532 
2025-02-20 14:48:06,723 INFO: Epoch 346, Train Loss: 0.08315383793230642, Test Loss: 0.11486181616783142, Inverse Test Loss: 5647.845890299479 
2025-02-20 14:48:06,830 INFO: Epoch 347, Train Loss: 0.0776329722843672, Test Loss: 0.1150240624944369, Inverse Test Loss: 5655.823478190104 
2025-02-20 14:48:06,938 INFO: Epoch 348, Train Loss: 0.07556046427864778, Test Loss: 0.1142269299676021, Inverse Test Loss: 5616.627587890625 
2025-02-20 14:48:07,044 INFO: Epoch 349, Train Loss: 0.07628718462952397, Test Loss: 0.11623562735815843, Inverse Test Loss: 5715.397062174479 
2025-02-20 14:48:07,149 INFO: Epoch 350, Train Loss: 0.07562256891999328, Test Loss: 0.11421023154010375, Inverse Test Loss: 5615.806868489583 
2025-02-20 14:48:07,260 INFO: Epoch 351, Train Loss: 0.07454580506473257, Test Loss: 0.11390643926958242, Inverse Test Loss: 5600.868916829427 
2025-02-20 14:48:07,359 INFO: Epoch 352, Train Loss: 0.07425211490899847, Test Loss: 0.11336441151797771, Inverse Test Loss: 5574.217118326823 
2025-02-20 14:48:07,459 INFO: Epoch 353, Train Loss: 0.07461013742967655, Test Loss: 0.11397572122514248, Inverse Test Loss: 5604.275608317057 
2025-02-20 14:48:07,572 INFO: Epoch 354, Train Loss: 0.07798559159824722, Test Loss: 0.11482413647075494, Inverse Test Loss: 5645.992928059896 
2025-02-20 14:48:07,672 INFO: Epoch 355, Train Loss: 0.07544117424179587, Test Loss: 0.1141240389396747, Inverse Test Loss: 5611.568863932292 
2025-02-20 14:48:07,774 INFO: Epoch 356, Train Loss: 0.07383434931960023, Test Loss: 0.11321935740609963, Inverse Test Loss: 5567.0845703125 
2025-02-20 14:48:07,886 INFO: Epoch 357, Train Loss: 0.07491778673832877, Test Loss: 0.11322131430109342, Inverse Test Loss: 5567.180830891927 
2025-02-20 14:48:07,983 INFO: Epoch 358, Train Loss: 0.07417226389965467, Test Loss: 0.11249797629813353, Inverse Test Loss: 5531.613779703776 
2025-02-20 14:48:08,098 INFO: Epoch 359, Train Loss: 0.07319611614864123, Test Loss: 0.11288389132047692, Inverse Test Loss: 5550.589835611979 
2025-02-20 14:48:08,208 INFO: Epoch 360, Train Loss: 0.07342012494541052, Test Loss: 0.11264261578520139, Inverse Test Loss: 5538.7257212320965 
2025-02-20 14:48:08,328 INFO: Epoch 361, Train Loss: 0.07415776765137388, Test Loss: 0.11350480740269026, Inverse Test Loss: 5581.12060139974 
2025-02-20 14:48:08,440 INFO: Epoch 362, Train Loss: 0.07358047562210183, Test Loss: 0.11173294068624576, Inverse Test Loss: 5493.996447753906 
2025-02-20 14:48:08,555 INFO: Epoch 363, Train Loss: 0.0738003436933484, Test Loss: 0.11211603960643211, Inverse Test Loss: 5512.833526611328 
2025-02-20 14:48:08,662 INFO: Epoch 364, Train Loss: 0.07333834214430106, Test Loss: 0.1121341067366302, Inverse Test Loss: 5513.722239176433 
2025-02-20 14:48:08,767 INFO: Epoch 365, Train Loss: 0.07346956993927035, Test Loss: 0.11235641809180379, Inverse Test Loss: 5524.653354899088 
2025-02-20 14:48:08,867 INFO: Epoch 366, Train Loss: 0.07457885682060007, Test Loss: 0.11155557384093602, Inverse Test Loss: 5485.274890136719 
2025-02-20 14:48:08,989 INFO: Epoch 367, Train Loss: 0.07367879054264019, Test Loss: 0.11198412310332059, Inverse Test Loss: 5506.3470987955725 
2025-02-20 14:48:09,097 INFO: Epoch 368, Train Loss: 0.07318477365269996, Test Loss: 0.11167691461741924, Inverse Test Loss: 5491.241463216146 
2025-02-20 14:48:09,209 INFO: Epoch 369, Train Loss: 0.07290424230067354, Test Loss: 0.11147696487605571, Inverse Test Loss: 5481.4098429361975 
2025-02-20 14:48:09,316 INFO: Epoch 370, Train Loss: 0.07215678848718342, Test Loss: 0.11236245669424534, Inverse Test Loss: 5524.950260416666 
2025-02-20 14:48:09,430 INFO: Epoch 371, Train Loss: 0.07765739130084975, Test Loss: 0.11099797819430629, Inverse Test Loss: 5457.858121744792 
2025-02-20 14:48:09,542 INFO: Epoch 372, Train Loss: 0.07289405245529978, Test Loss: 0.11158895020683607, Inverse Test Loss: 5486.916153971354 
2025-02-20 14:48:09,648 INFO: Epoch 373, Train Loss: 0.07180176475983963, Test Loss: 0.11236900960405667, Inverse Test Loss: 5525.272432454427 
2025-02-20 14:48:09,757 INFO: Epoch 374, Train Loss: 0.07284798414299362, Test Loss: 0.11144932114208737, Inverse Test Loss: 5480.050629679362 
2025-02-20 14:48:09,865 INFO: Epoch 375, Train Loss: 0.07233455090930588, Test Loss: 0.11128422431647778, Inverse Test Loss: 5471.932926432291 
2025-02-20 14:48:09,972 INFO: Epoch 376, Train Loss: 0.07131944998706642, Test Loss: 0.11110723757495483, Inverse Test Loss: 5463.229956054687 
2025-02-20 14:48:10,077 INFO: Epoch 377, Train Loss: 0.07298454975611285, Test Loss: 0.11186891527225575, Inverse Test Loss: 5500.682562255859 
2025-02-20 14:48:10,187 INFO: Epoch 378, Train Loss: 0.07174700184872276, Test Loss: 0.11109752313544353, Inverse Test Loss: 5462.752471923828 
2025-02-20 14:48:10,290 INFO: Epoch 379, Train Loss: 0.07150478621846751, Test Loss: 0.11104964179297289, Inverse Test Loss: 5460.397965494792 
2025-02-20 14:48:10,408 INFO: Epoch 380, Train Loss: 0.07138963001208347, Test Loss: 0.1120800935352842, Inverse Test Loss: 5511.066105143229 
2025-02-20 14:48:10,520 INFO: Epoch 381, Train Loss: 0.07123900427107226, Test Loss: 0.11136613320559263, Inverse Test Loss: 5475.960233561198 
2025-02-20 14:48:10,649 INFO: Epoch 382, Train Loss: 0.0710416063012784, Test Loss: 0.11073157613476117, Inverse Test Loss: 5444.758553059896 
2025-02-20 14:48:10,754 INFO: Epoch 383, Train Loss: 0.07132856933432713, Test Loss: 0.11141749632855256, Inverse Test Loss: 5478.485698445638 
2025-02-20 14:48:10,859 INFO: Epoch 384, Train Loss: 0.07709470247490365, Test Loss: 0.11090948404744268, Inverse Test Loss: 5453.506746419271 
2025-02-20 14:48:10,969 INFO: Epoch 385, Train Loss: 0.072085569334919, Test Loss: 0.11009774124249816, Inverse Test Loss: 5413.592537434896 
2025-02-20 14:48:11,072 INFO: Epoch 386, Train Loss: 0.07097688781326278, Test Loss: 0.11071553258225322, Inverse Test Loss: 5443.969553629558 
2025-02-20 14:48:11,196 INFO: Epoch 387, Train Loss: 0.07052799177012946, Test Loss: 0.11006824799502889, Inverse Test Loss: 5412.14208984375 
2025-02-20 14:48:11,339 INFO: Epoch 388, Train Loss: 0.0703003472452493, Test Loss: 0.10954617330183586, Inverse Test Loss: 5386.471423339844 
2025-02-20 14:48:11,467 INFO: Epoch 389, Train Loss: 0.06979323142583956, Test Loss: 0.10930260432263215, Inverse Test Loss: 5374.495115152995 
2025-02-20 14:48:11,580 INFO: Epoch 390, Train Loss: 0.06972864583918922, Test Loss: 0.10972220168138544, Inverse Test Loss: 5395.126923624674 
2025-02-20 14:48:11,682 INFO: Epoch 391, Train Loss: 0.07244162437947173, Test Loss: 0.10972092646795015, Inverse Test Loss: 5395.064017740885 
2025-02-20 14:48:11,786 INFO: Epoch 392, Train Loss: 0.0772815776760118, Test Loss: 0.11113285936104754, Inverse Test Loss: 5464.489808146159 
2025-02-20 14:48:11,889 INFO: Epoch 393, Train Loss: 0.07166640865698196, Test Loss: 0.10995052349753678, Inverse Test Loss: 5406.353547159831 
2025-02-20 14:48:11,999 INFO: Epoch 394, Train Loss: 0.0750144758637537, Test Loss: 0.1094387040939182, Inverse Test Loss: 5381.187189229329 
2025-02-20 14:48:12,108 INFO: Epoch 395, Train Loss: 0.0718876880250479, Test Loss: 0.11014943128296485, Inverse Test Loss: 5416.133907572428 
2025-02-20 14:48:12,246 INFO: Epoch 396, Train Loss: 0.06948432901449371, Test Loss: 0.10926390420645475, Inverse Test Loss: 5372.591868082683 
2025-02-20 14:48:12,361 INFO: Epoch 397, Train Loss: 0.07102311507128832, Test Loss: 0.10948508027940988, Inverse Test Loss: 5383.467087809245 
2025-02-20 14:48:12,464 INFO: Epoch 398, Train Loss: 0.07014558784532965, Test Loss: 0.10919065126217901, Inverse Test Loss: 5368.989874267578 
2025-02-20 14:48:12,574 INFO: Epoch 399, Train Loss: 0.06873532103603347, Test Loss: 0.10917254999900858, Inverse Test Loss: 5368.100055948893 
2025-02-20 14:48:12,689 INFO: Epoch 400, Train Loss: 0.06950338158691138, Test Loss: 0.10935048001507917, Inverse Test Loss: 5376.848805236817 
2025-02-20 14:48:12,689 INFO: Best Epoch 399, Best Test Loss: 0.10917254999900858, Inverse Test Loss: 5368.100055948893 
2025-02-20 14:48:12,794 INFO: Epoch 401, Train Loss: 0.06930861876983392, Test Loss: 0.1097605245343099, Inverse Test Loss: 5397.010755411784 
2025-02-20 14:48:12,911 INFO: Epoch 402, Train Loss: 0.06929924979544523, Test Loss: 0.10865165006058912, Inverse Test Loss: 5342.486829121907 
2025-02-20 14:48:13,031 INFO: Epoch 403, Train Loss: 0.06869722340713467, Test Loss: 0.10875994828529656, Inverse Test Loss: 5347.812360127767 
2025-02-20 14:48:13,170 INFO: Epoch 404, Train Loss: 0.06926432774777998, Test Loss: 0.10874040351094057, Inverse Test Loss: 5346.851062520345 
2025-02-20 14:48:13,291 INFO: Epoch 405, Train Loss: 0.06794746256057631, Test Loss: 0.10862419611463944, Inverse Test Loss: 5341.1369771321615 
2025-02-20 14:48:13,403 INFO: Epoch 406, Train Loss: 0.0689234510064125, Test Loss: 0.10999627979472279, Inverse Test Loss: 5408.603443400065 
2025-02-20 14:48:13,512 INFO: Epoch 407, Train Loss: 0.06809359455783442, Test Loss: 0.10841621182238062, Inverse Test Loss: 5330.910432942708 
2025-02-20 14:48:13,644 INFO: Epoch 408, Train Loss: 0.06784016374302537, Test Loss: 0.10929582581738942, Inverse Test Loss: 5374.161736329396 
2025-02-20 14:48:13,779 INFO: Epoch 409, Train Loss: 0.06785084307193756, Test Loss: 0.10816961366605635, Inverse Test Loss: 5318.785142389933 
2025-02-20 14:48:13,890 INFO: Epoch 410, Train Loss: 0.06807536501110646, Test Loss: 0.10877744043245911, Inverse Test Loss: 5348.672358703613 
2025-02-20 14:48:14,013 INFO: Epoch 411, Train Loss: 0.06840800016857031, Test Loss: 0.10807561319476615, Inverse Test Loss: 5314.162724558512 
2025-02-20 14:48:14,162 INFO: Epoch 412, Train Loss: 0.06767829357270609, Test Loss: 0.10893428005898992, Inverse Test Loss: 5356.383974202474 
2025-02-20 14:48:14,280 INFO: Epoch 413, Train Loss: 0.06786821370846347, Test Loss: 0.10830940136220306, Inverse Test Loss: 5325.658211263021 
2025-02-20 14:48:14,409 INFO: Epoch 414, Train Loss: 0.06714404305737269, Test Loss: 0.10789178825604419, Inverse Test Loss: 5305.123988342285 
2025-02-20 14:48:14,519 INFO: Epoch 415, Train Loss: 0.07006838558274403, Test Loss: 0.1076874281046912, Inverse Test Loss: 5295.075592041016 
2025-02-20 14:48:14,655 INFO: Epoch 416, Train Loss: 0.06901524732248825, Test Loss: 0.10887359925545752, Inverse Test Loss: 5353.4004643758135 
2025-02-20 14:48:14,776 INFO: Epoch 417, Train Loss: 0.06889961241630085, Test Loss: 0.1076658209747014, Inverse Test Loss: 5294.013067626953 
2025-02-20 14:48:14,903 INFO: Epoch 418, Train Loss: 0.06777473048944223, Test Loss: 0.10749203280429356, Inverse Test Loss: 5285.467652765909 
2025-02-20 14:48:15,011 INFO: Epoch 419, Train Loss: 0.06647333164552324, Test Loss: 0.1069886837193432, Inverse Test Loss: 5260.717592366536 
2025-02-20 14:48:15,117 INFO: Epoch 420, Train Loss: 0.06642179844672219, Test Loss: 0.10744682867079973, Inverse Test Loss: 5283.244878641764 
2025-02-20 14:48:15,221 INFO: Epoch 421, Train Loss: 0.06709689980274752, Test Loss: 0.10814250607121115, Inverse Test Loss: 5317.451781336466 
2025-02-20 14:48:15,322 INFO: Epoch 422, Train Loss: 0.0662338085015092, Test Loss: 0.10742619265802204, Inverse Test Loss: 5282.230136617025 
2025-02-20 14:48:15,435 INFO: Epoch 423, Train Loss: 0.06694760023240458, Test Loss: 0.10780079741962253, Inverse Test Loss: 5300.649633026123 
2025-02-20 14:48:15,544 INFO: Epoch 424, Train Loss: 0.06625682834470481, Test Loss: 0.10730830885004253, Inverse Test Loss: 5276.4337773640955 
2025-02-20 14:48:15,697 INFO: Epoch 425, Train Loss: 0.06805509158916641, Test Loss: 0.10717478524893523, Inverse Test Loss: 5269.868437194824 
2025-02-20 14:48:15,860 INFO: Epoch 426, Train Loss: 0.06631455178323545, Test Loss: 0.107090197596699, Inverse Test Loss: 5265.709179369608 
2025-02-20 14:48:15,998 INFO: Epoch 427, Train Loss: 0.0688310851784129, Test Loss: 0.10703447028257264, Inverse Test Loss: 5262.9690903345745 
2025-02-20 14:48:16,114 INFO: Epoch 428, Train Loss: 0.06710713062631457, Test Loss: 0.10721874509181362, Inverse Test Loss: 5272.029948488871 
2025-02-20 14:48:16,229 INFO: Epoch 429, Train Loss: 0.06613251583225895, Test Loss: 0.10748735588955848, Inverse Test Loss: 5285.237856054306 
2025-02-20 14:48:16,343 INFO: Epoch 430, Train Loss: 0.06734946487765563, Test Loss: 0.10702293757155228, Inverse Test Loss: 5262.40193532308 
2025-02-20 14:48:16,445 INFO: Epoch 431, Train Loss: 0.06733239435574465, Test Loss: 0.10687419417857504, Inverse Test Loss: 5255.088147926331 
2025-02-20 14:48:16,546 INFO: Epoch 432, Train Loss: 0.06741584033558243, Test Loss: 0.10712444415451804, Inverse Test Loss: 5267.392911084493 
2025-02-20 14:48:16,647 INFO: Epoch 433, Train Loss: 0.06544040460466292, Test Loss: 0.10595068601154102, Inverse Test Loss: 5209.678556760152 
2025-02-20 14:48:16,752 INFO: Epoch 434, Train Loss: 0.06514713031713638, Test Loss: 0.106830193028145, Inverse Test Loss: 5252.924235169093 
2025-02-20 14:48:16,851 INFO: Epoch 435, Train Loss: 0.0651922861865738, Test Loss: 0.1063451333437115, Inverse Test Loss: 5229.073821512858 
2025-02-20 14:48:16,949 INFO: Epoch 436, Train Loss: 0.06587980530763927, Test Loss: 0.10683159658801741, Inverse Test Loss: 5252.993164952596 
2025-02-20 14:48:17,058 INFO: Epoch 437, Train Loss: 0.06530341947157133, Test Loss: 0.10632833743778368, Inverse Test Loss: 5228.247538248698 
2025-02-20 14:48:17,175 INFO: Epoch 438, Train Loss: 0.06485518313160069, Test Loss: 0.10714192582139125, Inverse Test Loss: 5268.252472941081 
2025-02-20 14:48:17,287 INFO: Epoch 439, Train Loss: 0.06589483986036819, Test Loss: 0.1069089368393179, Inverse Test Loss: 5256.796424484253 
2025-02-20 14:48:17,400 INFO: Epoch 440, Train Loss: 0.06529272354224272, Test Loss: 0.10690839032370908, Inverse Test Loss: 5256.769607543945 
2025-02-20 14:48:17,517 INFO: Epoch 441, Train Loss: 0.06455344925716258, Test Loss: 0.10658485722669866, Inverse Test Loss: 5240.861198425293 
2025-02-20 14:48:17,634 INFO: Epoch 442, Train Loss: 0.06439506138364474, Test Loss: 0.10633184024870085, Inverse Test Loss: 5228.419978459676 
2025-02-20 14:48:17,769 INFO: Epoch 443, Train Loss: 0.06500194228270598, Test Loss: 0.10625413752471408, Inverse Test Loss: 5224.599442545573 
2025-02-20 14:48:17,887 INFO: Epoch 444, Train Loss: 0.07785199680610706, Test Loss: 0.10627573912109559, Inverse Test Loss: 5225.661415608724 
2025-02-20 14:48:18,003 INFO: Epoch 445, Train Loss: 0.06838661824402056, Test Loss: 0.10508688838647989, Inverse Test Loss: 5167.205068588257 
2025-02-20 14:48:18,106 INFO: Epoch 446, Train Loss: 0.06493994737403434, Test Loss: 0.1056904701050371, Inverse Test Loss: 5196.883525594076 
2025-02-20 14:48:18,211 INFO: Epoch 447, Train Loss: 0.06464068696164248, Test Loss: 0.10490370382904075, Inverse Test Loss: 5158.197470664978 
2025-02-20 14:48:18,326 INFO: Epoch 448, Train Loss: 0.06402436513126943, Test Loss: 0.1051042643841356, Inverse Test Loss: 5168.059182993571 
2025-02-20 14:48:18,429 INFO: Epoch 449, Train Loss: 0.06367404193601064, Test Loss: 0.10529394211092342, Inverse Test Loss: 5177.385972595215 
2025-02-20 14:48:18,538 INFO: Epoch 450, Train Loss: 0.06398141488694307, Test Loss: 0.10617463721428066, Inverse Test Loss: 5220.690046056112 
2025-02-20 14:48:18,640 INFO: Epoch 451, Train Loss: 0.06356302817074354, Test Loss: 0.10564337261021137, Inverse Test Loss: 5194.567458089193 
2025-02-20 14:48:18,749 INFO: Epoch 452, Train Loss: 0.06382256729953122, Test Loss: 0.10534883477763894, Inverse Test Loss: 5180.0849004109705 
2025-02-20 14:48:18,856 INFO: Epoch 453, Train Loss: 0.06435413243608516, Test Loss: 0.10608069734104598, Inverse Test Loss: 5216.07149887085 
2025-02-20 14:48:18,962 INFO: Epoch 454, Train Loss: 0.06775054773479178, Test Loss: 0.10529617427867682, Inverse Test Loss: 5177.495620568593 
2025-02-20 14:48:19,063 INFO: Epoch 455, Train Loss: 0.06386558901061092, Test Loss: 0.10576727921531225, Inverse Test Loss: 5200.660491943359 
2025-02-20 14:48:19,172 INFO: Epoch 456, Train Loss: 0.06370156415198978, Test Loss: 0.10618307715691723, Inverse Test Loss: 5221.105279533068 
2025-02-20 14:48:19,279 INFO: Epoch 457, Train Loss: 0.0643522438119378, Test Loss: 0.10591517410551508, Inverse Test Loss: 5207.931977335612 
2025-02-20 14:48:19,381 INFO: Epoch 458, Train Loss: 0.06354097270390444, Test Loss: 0.10527608472621068, Inverse Test Loss: 5176.507645924886 
2025-02-20 14:48:19,484 INFO: Epoch 459, Train Loss: 0.06342026774297681, Test Loss: 0.10441146956679101, Inverse Test Loss: 5133.994099489848 
2025-02-20 14:48:19,586 INFO: Epoch 460, Train Loss: 0.06332189223745413, Test Loss: 0.10468019954084108, Inverse Test Loss: 5147.207540829976 
2025-02-20 14:48:19,701 INFO: Epoch 461, Train Loss: 0.06251315382031496, Test Loss: 0.10482912767717305, Inverse Test Loss: 5154.530340067546 
2025-02-20 14:48:19,804 INFO: Epoch 462, Train Loss: 0.06274419728862612, Test Loss: 0.10482566391195482, Inverse Test Loss: 5154.36011206309 
2025-02-20 14:48:19,909 INFO: Epoch 463, Train Loss: 0.06329743845159547, Test Loss: 0.10524041359312833, Inverse Test Loss: 5174.7539621988935 
2025-02-20 14:48:20,035 INFO: Epoch 464, Train Loss: 0.06259552047898372, Test Loss: 0.10492959832772612, Inverse Test Loss: 5159.470642089844 
2025-02-20 14:48:20,138 INFO: Epoch 465, Train Loss: 0.062287146715741405, Test Loss: 0.10505564643729788, Inverse Test Loss: 5165.6683717727665 
2025-02-20 14:48:20,238 INFO: Epoch 466, Train Loss: 0.0626220946249209, Test Loss: 0.10471544020438159, Inverse Test Loss: 5148.940230158964 
2025-02-20 14:48:20,342 INFO: Epoch 467, Train Loss: 0.06231952445548877, Test Loss: 0.1061630263303717, Inverse Test Loss: 5220.11937866211 
2025-02-20 14:48:20,444 INFO: Epoch 468, Train Loss: 0.06210872666550833, Test Loss: 0.10553471323413154, Inverse Test Loss: 5189.224498494466 
2025-02-20 14:48:20,563 INFO: Epoch 469, Train Loss: 0.06193863108688802, Test Loss: 0.10478944419107089, Inverse Test Loss: 5152.579249064128 
2025-02-20 14:48:20,689 INFO: Epoch 470, Train Loss: 0.06196917372902757, Test Loss: 0.10440442577625314, Inverse Test Loss: 5133.647520955404 
2025-02-20 14:48:20,819 INFO: Epoch 471, Train Loss: 0.0620415304836474, Test Loss: 0.10450594552482168, Inverse Test Loss: 5138.639608764648 
2025-02-20 14:48:20,926 INFO: Epoch 472, Train Loss: 0.06164288703809705, Test Loss: 0.10431810958931843, Inverse Test Loss: 5129.4032643636065 
2025-02-20 14:48:21,039 INFO: Epoch 473, Train Loss: 0.06194066288962699, Test Loss: 0.10460344712870816, Inverse Test Loss: 5143.433618164063 
2025-02-20 14:48:21,149 INFO: Epoch 474, Train Loss: 0.06244557945613276, Test Loss: 0.10487868741620332, Inverse Test Loss: 5156.967675908407 
2025-02-20 14:48:21,266 INFO: Epoch 475, Train Loss: 0.06227491622823372, Test Loss: 0.1041864314407576, Inverse Test Loss: 5122.928550275167 
