2025-01-09 14:33:18,815 INFO: namespace(depth=2, name='KAN') 
2025-01-09 14:33:18,815 INFO: Dataset:winequality 
2025-01-09 14:33:18,816 INFO: ------Begin Training Model------ 
2025-01-09 14:33:20,821 INFO: Epoch 1, Train Loss: 1.0758701062971545, Test Loss: 0.9537391662597656, Inverse Test Loss: 0.08827321231365204 
2025-01-09 14:33:20,972 INFO: Epoch 2, Train Loss: 1.0231233296855804, Test Loss: 0.9167808815836906, Inverse Test Loss: 0.08406925201416016 
2025-01-09 14:33:21,124 INFO: Epoch 3, Train Loss: 0.985843095087236, Test Loss: 0.8884278535842896, Inverse Test Loss: 0.08157052099704742 
2025-01-09 14:33:21,275 INFO: Epoch 4, Train Loss: 0.9603465449425482, Test Loss: 0.866261899471283, Inverse Test Loss: 0.0802585557103157 
2025-01-09 14:33:21,440 INFO: Epoch 5, Train Loss: 0.9346693023558585, Test Loss: 0.850202277302742, Inverse Test Loss: 0.07963396608829498 
2025-01-09 14:33:21,588 INFO: Epoch 6, Train Loss: 0.9178553377428362, Test Loss: 0.8391801789402962, Inverse Test Loss: 0.07924302667379379 
2025-01-09 14:33:21,746 INFO: Epoch 7, Train Loss: 0.9042883938358676, Test Loss: 0.832870751619339, Inverse Test Loss: 0.07899364084005356 
2025-01-09 14:33:21,901 INFO: Epoch 8, Train Loss: 0.8908026006913954, Test Loss: 0.8285355269908905, Inverse Test Loss: 0.07893002033233643 
2025-01-09 14:33:22,061 INFO: Epoch 9, Train Loss: 0.8838947646079525, Test Loss: 0.8241626098752022, Inverse Test Loss: 0.07827255874872208 
2025-01-09 14:33:22,215 INFO: Epoch 10, Train Loss: 0.8789701557928516, Test Loss: 0.8199522420763969, Inverse Test Loss: 0.0778883770108223 
2025-01-09 14:33:22,375 INFO: Epoch 11, Train Loss: 0.8713872701891007, Test Loss: 0.8174653649330139, Inverse Test Loss: 0.07753261923789978 
2025-01-09 14:33:22,516 INFO: Epoch 12, Train Loss: 0.8628734061794896, Test Loss: 0.8146415129303932, Inverse Test Loss: 0.07754913717508316 
2025-01-09 14:33:22,661 INFO: Epoch 13, Train Loss: 0.857708083045098, Test Loss: 0.8120712339878082, Inverse Test Loss: 0.07712216675281525 
2025-01-09 14:33:22,815 INFO: Epoch 14, Train Loss: 0.8557877521361074, Test Loss: 0.810988686978817, Inverse Test Loss: 0.0770125687122345 
2025-01-09 14:33:22,972 INFO: Epoch 15, Train Loss: 0.8495520045680385, Test Loss: 0.8092397823929787, Inverse Test Loss: 0.07694447785615921 
2025-01-09 14:33:23,120 INFO: Epoch 16, Train Loss: 0.8490573071664379, Test Loss: 0.8083580210804939, Inverse Test Loss: 0.0762767642736435 
2025-01-09 14:33:23,270 INFO: Epoch 17, Train Loss: 0.8443605688310438, Test Loss: 0.8070626258850098, Inverse Test Loss: 0.07606536149978638 
2025-01-09 14:33:23,422 INFO: Epoch 18, Train Loss: 0.8427980965183627, Test Loss: 0.8063357770442963, Inverse Test Loss: 0.07591044157743454 
2025-01-09 14:33:23,572 INFO: Epoch 19, Train Loss: 0.8383214166087489, Test Loss: 0.805570550262928, Inverse Test Loss: 0.0762726441025734 
2025-01-09 14:33:23,724 INFO: Epoch 20, Train Loss: 0.8377798468835892, Test Loss: 0.8046422228217125, Inverse Test Loss: 0.0761336013674736 
2025-01-09 14:33:23,883 INFO: Epoch 21, Train Loss: 0.836592476214132, Test Loss: 0.8033621087670326, Inverse Test Loss: 0.0755985677242279 
2025-01-09 14:33:24,045 INFO: Epoch 22, Train Loss: 0.8324916901126984, Test Loss: 0.8032816872000694, Inverse Test Loss: 0.07557365298271179 
2025-01-09 14:33:24,202 INFO: Epoch 23, Train Loss: 0.8319123310427512, Test Loss: 0.8013351261615753, Inverse Test Loss: 0.07548275589942932 
2025-01-09 14:33:24,354 INFO: Epoch 24, Train Loss: 0.8293714830952306, Test Loss: 0.8005142956972122, Inverse Test Loss: 0.07564748078584671 
2025-01-09 14:33:24,506 INFO: Epoch 25, Train Loss: 0.8279718006810834, Test Loss: 0.8002154156565666, Inverse Test Loss: 0.07551843672990799 
2025-01-09 14:33:24,671 INFO: Epoch 26, Train Loss: 0.825775477194017, Test Loss: 0.7986285090446472, Inverse Test Loss: 0.07542506605386734 
2025-01-09 14:33:24,830 INFO: Epoch 27, Train Loss: 0.826625645160675, Test Loss: 0.7994027361273766, Inverse Test Loss: 0.07580932974815369 
2025-01-09 14:33:24,990 INFO: Epoch 28, Train Loss: 0.8234219704904864, Test Loss: 0.7978195026516914, Inverse Test Loss: 0.07570795714855194 
2025-01-09 14:33:25,161 INFO: Epoch 29, Train Loss: 0.8205574981627926, Test Loss: 0.7973093464970589, Inverse Test Loss: 0.07556334882974625 
2025-01-09 14:33:25,317 INFO: Epoch 30, Train Loss: 0.8200648811555677, Test Loss: 0.7972691804170609, Inverse Test Loss: 0.07575573772192001 
2025-01-09 14:33:25,476 INFO: Epoch 31, Train Loss: 0.8192139460194495, Test Loss: 0.7964708283543587, Inverse Test Loss: 0.07560073584318161 
2025-01-09 14:33:25,631 INFO: Epoch 32, Train Loss: 0.8179416387311874, Test Loss: 0.7950588762760162, Inverse Test Loss: 0.07601812481880188 
2025-01-09 14:33:25,789 INFO: Epoch 33, Train Loss: 0.8167247118488434, Test Loss: 0.7952138781547546, Inverse Test Loss: 0.07562778890132904 
2025-01-09 14:33:25,943 INFO: Epoch 34, Train Loss: 0.8141810797875927, Test Loss: 0.7956843227148056, Inverse Test Loss: 0.0754237249493599 
2025-01-09 14:33:26,101 INFO: Epoch 35, Train Loss: 0.813718186270806, Test Loss: 0.7944303676486015, Inverse Test Loss: 0.07607504725456238 
2025-01-09 14:33:26,248 INFO: Epoch 36, Train Loss: 0.8142249257333817, Test Loss: 0.7933369502425194, Inverse Test Loss: 0.0756576731801033 
2025-01-09 14:33:26,398 INFO: Epoch 37, Train Loss: 0.8114586741693558, Test Loss: 0.7933429479598999, Inverse Test Loss: 0.07518696039915085 
2025-01-09 14:33:26,551 INFO: Epoch 38, Train Loss: 0.8096609769328948, Test Loss: 0.7924831062555313, Inverse Test Loss: 0.07583075016736984 
2025-01-09 14:33:26,704 INFO: Epoch 39, Train Loss: 0.808809959119366, Test Loss: 0.7929105460643768, Inverse Test Loss: 0.07581724226474762 
2025-01-09 14:33:26,855 INFO: Epoch 40, Train Loss: 0.8080567506051832, Test Loss: 0.7931168973445892, Inverse Test Loss: 0.0756545215845108 
2025-01-09 14:33:27,008 INFO: Epoch 41, Train Loss: 0.8034690060923176, Test Loss: 0.7909319773316383, Inverse Test Loss: 0.07566677033901215 
2025-01-09 14:33:27,156 INFO: Epoch 42, Train Loss: 0.8076540981569598, Test Loss: 0.7908911406993866, Inverse Test Loss: 0.0754970982670784 
2025-01-09 14:33:27,305 INFO: Epoch 43, Train Loss: 0.8040323795810822, Test Loss: 0.7906808331608772, Inverse Test Loss: 0.07542531192302704 
2025-01-09 14:33:27,454 INFO: Epoch 44, Train Loss: 0.8030483722686768, Test Loss: 0.7900216579437256, Inverse Test Loss: 0.07588527351617813 
2025-01-09 14:33:27,606 INFO: Epoch 45, Train Loss: 0.8030991246623378, Test Loss: 0.7896191775798798, Inverse Test Loss: 0.0756523385643959 
2025-01-09 14:33:27,756 INFO: Epoch 46, Train Loss: 0.8014960135183027, Test Loss: 0.7892940789461136, Inverse Test Loss: 0.07521578669548035 
2025-01-09 14:33:27,907 INFO: Epoch 47, Train Loss: 0.799253681013661, Test Loss: 0.7884237840771675, Inverse Test Loss: 0.07547477632761002 
2025-01-09 14:33:28,055 INFO: Epoch 48, Train Loss: 0.7962385935168113, Test Loss: 0.7883374243974686, Inverse Test Loss: 0.07539672404527664 
2025-01-09 14:33:28,210 INFO: Epoch 49, Train Loss: 0.7957359533156118, Test Loss: 0.7880894914269447, Inverse Test Loss: 0.07524009048938751 
2025-01-09 14:33:28,358 INFO: Epoch 50, Train Loss: 0.7970474266236828, Test Loss: 0.7877546027302742, Inverse Test Loss: 0.07589413225650787 
2025-01-09 14:33:28,512 INFO: Epoch 51, Train Loss: 0.7938054684669741, Test Loss: 0.7868812158703804, Inverse Test Loss: 0.07540485262870789 
2025-01-09 14:33:28,661 INFO: Epoch 52, Train Loss: 0.7927544693793019, Test Loss: 0.7877198979258537, Inverse Test Loss: 0.075827956199646 
2025-01-09 14:33:28,830 INFO: Epoch 53, Train Loss: 0.7923273463403026, Test Loss: 0.7866596803069115, Inverse Test Loss: 0.07559137791395187 
2025-01-09 14:33:28,981 INFO: Epoch 54, Train Loss: 0.792289137840271, Test Loss: 0.7865401953458786, Inverse Test Loss: 0.07562461495399475 
2025-01-09 14:33:29,142 INFO: Epoch 55, Train Loss: 0.789898774316234, Test Loss: 0.7867279648780823, Inverse Test Loss: 0.07586053758859634 
2025-01-09 14:33:29,289 INFO: Epoch 56, Train Loss: 0.7895821275249604, Test Loss: 0.7860038876533508, Inverse Test Loss: 0.07575344294309616 
2025-01-09 14:33:29,442 INFO: Epoch 57, Train Loss: 0.7886437965977576, Test Loss: 0.7862787172198296, Inverse Test Loss: 0.07593725621700287 
2025-01-09 14:33:29,588 INFO: Epoch 58, Train Loss: 0.7865359821627217, Test Loss: 0.7853998765349388, Inverse Test Loss: 0.07600025087594986 
2025-01-09 14:33:29,744 INFO: Epoch 59, Train Loss: 0.7865124440962269, Test Loss: 0.7857373133301735, Inverse Test Loss: 0.07593263685703278 
2025-01-09 14:33:29,891 INFO: Epoch 60, Train Loss: 0.7861089244965584, Test Loss: 0.7852255329489708, Inverse Test Loss: 0.07619044929742813 
2025-01-09 14:33:30,050 INFO: Epoch 61, Train Loss: 0.7862284818003255, Test Loss: 0.7846284657716751, Inverse Test Loss: 0.07598507404327393 
2025-01-09 14:33:30,193 INFO: Epoch 62, Train Loss: 0.7826781330570098, Test Loss: 0.7844716012477875, Inverse Test Loss: 0.07588961720466614 
2025-01-09 14:33:30,368 INFO: Epoch 63, Train Loss: 0.7830048780287465, Test Loss: 0.7843874841928482, Inverse Test Loss: 0.07597917318344116 
2025-01-09 14:33:30,517 INFO: Epoch 64, Train Loss: 0.7827687398079903, Test Loss: 0.7854213118553162, Inverse Test Loss: 0.07611913979053497 
2025-01-09 14:33:30,672 INFO: Epoch 65, Train Loss: 0.7815383576577709, Test Loss: 0.7843755632638931, Inverse Test Loss: 0.07652843743562698 
2025-01-09 14:33:30,831 INFO: Epoch 66, Train Loss: 0.7802755986490557, Test Loss: 0.7839974611997604, Inverse Test Loss: 0.0758989229798317 
2025-01-09 14:33:30,988 INFO: Epoch 67, Train Loss: 0.7831413034469851, Test Loss: 0.7834911420941353, Inverse Test Loss: 0.07620726525783539 
2025-01-09 14:33:31,136 INFO: Epoch 68, Train Loss: 0.7791520914723796, Test Loss: 0.7835863009095192, Inverse Test Loss: 0.07628874480724335 
2025-01-09 14:33:31,295 INFO: Epoch 69, Train Loss: 0.7788272192401271, Test Loss: 0.7836936190724373, Inverse Test Loss: 0.07602514326572418 
2025-01-09 14:33:31,443 INFO: Epoch 70, Train Loss: 0.7795548900481193, Test Loss: 0.7830341905355453, Inverse Test Loss: 0.07610788941383362 
2025-01-09 14:33:31,604 INFO: Epoch 71, Train Loss: 0.7761148387385953, Test Loss: 0.7833168432116508, Inverse Test Loss: 0.07639771699905396 
2025-01-09 14:33:31,751 INFO: Epoch 72, Train Loss: 0.7772090396573467, Test Loss: 0.7819408774375916, Inverse Test Loss: 0.07631652802228928 
2025-01-09 14:33:31,903 INFO: Epoch 73, Train Loss: 0.774160219777015, Test Loss: 0.7824494764208794, Inverse Test Loss: 0.07642195373773575 
2025-01-09 14:33:32,045 INFO: Epoch 74, Train Loss: 0.7762661768544105, Test Loss: 0.7819891199469566, Inverse Test Loss: 0.07648392766714096 
2025-01-09 14:33:32,201 INFO: Epoch 75, Train Loss: 0.7764769196510315, Test Loss: 0.7821206152439117, Inverse Test Loss: 0.07652373611927032 
2025-01-09 14:33:32,346 INFO: Epoch 76, Train Loss: 0.7725771319481635, Test Loss: 0.7811471745371819, Inverse Test Loss: 0.0767517238855362 
2025-01-09 14:33:32,499 INFO: Epoch 77, Train Loss: 0.7738935101416803, Test Loss: 0.7811633124947548, Inverse Test Loss: 0.07607430964708328 
2025-01-09 14:33:32,644 INFO: Epoch 78, Train Loss: 0.7731608748435974, Test Loss: 0.7810760214924812, Inverse Test Loss: 0.07684481143951416 
2025-01-09 14:33:32,801 INFO: Epoch 79, Train Loss: 0.7727899551391602, Test Loss: 0.7807662785053253, Inverse Test Loss: 0.07698698341846466 
2025-01-09 14:33:32,946 INFO: Epoch 80, Train Loss: 0.7713329522840439, Test Loss: 0.7799444049596786, Inverse Test Loss: 0.07660649716854095 
2025-01-09 14:33:33,103 INFO: Epoch 81, Train Loss: 0.7700059990729055, Test Loss: 0.7800369635224342, Inverse Test Loss: 0.07682588696479797 
2025-01-09 14:33:33,259 INFO: Epoch 82, Train Loss: 0.7661938282751268, Test Loss: 0.7801193296909332, Inverse Test Loss: 0.07659187912940979 
2025-01-09 14:33:33,410 INFO: Epoch 83, Train Loss: 0.769744130872911, Test Loss: 0.7800760418176651, Inverse Test Loss: 0.0767899677157402 
2025-01-09 14:33:33,555 INFO: Epoch 84, Train Loss: 0.7676312961886006, Test Loss: 0.779569610953331, Inverse Test Loss: 0.07712145149707794 
2025-01-09 14:33:33,703 INFO: Epoch 85, Train Loss: 0.7676084272323116, Test Loss: 0.7789561897516251, Inverse Test Loss: 0.07684274017810822 
2025-01-09 14:33:33,851 INFO: Epoch 86, Train Loss: 0.76477034630314, Test Loss: 0.7788484990596771, Inverse Test Loss: 0.07690989226102829 
2025-01-09 14:33:33,998 INFO: Epoch 87, Train Loss: 0.7666969972272073, Test Loss: 0.7795303240418434, Inverse Test Loss: 0.07723835110664368 
2025-01-09 14:33:34,147 INFO: Epoch 88, Train Loss: 0.7655240528045162, Test Loss: 0.7781648486852646, Inverse Test Loss: 0.07741595804691315 
2025-01-09 14:33:34,305 INFO: Epoch 89, Train Loss: 0.7651748311135077, Test Loss: 0.7793406769633293, Inverse Test Loss: 0.07735767960548401 
2025-01-09 14:33:34,452 INFO: Epoch 90, Train Loss: 0.7635185257081063, Test Loss: 0.7785787880420685, Inverse Test Loss: 0.0774611160159111 
2025-01-09 14:33:34,609 INFO: Epoch 91, Train Loss: 0.7638942349341608, Test Loss: 0.7792448922991753, Inverse Test Loss: 0.0768241435289383 
2025-01-09 14:33:34,758 INFO: Epoch 92, Train Loss: 0.7616584435586007, Test Loss: 0.7790228351950645, Inverse Test Loss: 0.07686057686805725 
2025-01-09 14:33:34,914 INFO: Epoch 93, Train Loss: 0.7606299577220794, Test Loss: 0.7793132215738297, Inverse Test Loss: 0.0771065428853035 
2025-01-09 14:33:35,061 INFO: Epoch 94, Train Loss: 0.7605193468832201, Test Loss: 0.7785750851035118, Inverse Test Loss: 0.07721265405416489 
2025-01-09 14:33:35,213 INFO: Epoch 95, Train Loss: 0.761959025936742, Test Loss: 0.7787459120154381, Inverse Test Loss: 0.07761114090681076 
2025-01-09 14:33:35,360 INFO: Epoch 96, Train Loss: 0.7601891698375824, Test Loss: 0.7791651412844658, Inverse Test Loss: 0.07754457741975784 
2025-01-09 14:33:35,531 INFO: Epoch 97, Train Loss: 0.7609267984667132, Test Loss: 0.7791417166590691, Inverse Test Loss: 0.0773269385099411 
2025-01-09 14:33:35,677 INFO: Epoch 98, Train Loss: 0.7596746202438108, Test Loss: 0.7783083766698837, Inverse Test Loss: 0.07749178260564804 
2025-01-09 14:33:35,831 INFO: Epoch 99, Train Loss: 0.7594430369715537, Test Loss: 0.7795899659395218, Inverse Test Loss: 0.0775555893778801 
2025-01-09 14:33:35,978 INFO: Epoch 100, Train Loss: 0.7574131738755011, Test Loss: 0.7789111137390137, Inverse Test Loss: 0.07740122079849243 
2025-01-09 14:33:35,978 INFO: Best Epoch 88, Best Test Loss: 0.7781648486852646 
2025-01-09 14:33:36,136 INFO: Epoch 101, Train Loss: 0.7575856908675163, Test Loss: 0.7793822884559631, Inverse Test Loss: 0.07733051478862762 
2025-01-09 14:33:36,279 INFO: Epoch 102, Train Loss: 0.7556329292635764, Test Loss: 0.7785799875855446, Inverse Test Loss: 0.07809098809957504 
2025-01-09 14:33:36,433 INFO: Epoch 103, Train Loss: 0.7547234988981678, Test Loss: 0.7790825441479683, Inverse Test Loss: 0.07771013677120209 
2025-01-09 14:33:36,576 INFO: Epoch 104, Train Loss: 0.7548718875454318, Test Loss: 0.7793677747249603, Inverse Test Loss: 0.07717341184616089 
2025-01-09 14:33:36,725 INFO: Epoch 105, Train Loss: 0.7521314659426289, Test Loss: 0.7783548012375832, Inverse Test Loss: 0.0780748650431633 
2025-01-09 14:33:36,868 INFO: Epoch 106, Train Loss: 0.7547422916658463, Test Loss: 0.7805777192115784, Inverse Test Loss: 0.07730645686388016 
2025-01-09 14:33:37,021 INFO: Epoch 107, Train Loss: 0.7551364591044765, Test Loss: 0.7799194902181625, Inverse Test Loss: 0.07783903181552887 
2025-01-09 14:33:37,165 INFO: Epoch 108, Train Loss: 0.7543149801992601, Test Loss: 0.7791004106402397, Inverse Test Loss: 0.07757263630628586 
2025-01-09 14:33:37,316 INFO: Epoch 109, Train Loss: 0.7538989955379117, Test Loss: 0.7788917571306229, Inverse Test Loss: 0.07774592936038971 
2025-01-09 14:33:37,463 INFO: Epoch 110, Train Loss: 0.753893917606723, Test Loss: 0.7795554473996162, Inverse Test Loss: 0.07782704383134842 
2025-01-09 14:33:37,612 INFO: Epoch 111, Train Loss: 0.751288898529545, Test Loss: 0.7793802991509438, Inverse Test Loss: 0.07776909321546555 
2025-01-09 14:33:37,757 INFO: Epoch 112, Train Loss: 0.7491639602568841, Test Loss: 0.7792183086276054, Inverse Test Loss: 0.07773757725954056 
2025-01-09 14:33:37,908 INFO: Epoch 113, Train Loss: 0.7492056988900707, Test Loss: 0.7795170843601227, Inverse Test Loss: 0.07749392837285995 
2025-01-09 14:33:38,054 INFO: Epoch 114, Train Loss: 0.7497493297823014, Test Loss: 0.7785517871379852, Inverse Test Loss: 0.07740353047847748 
2025-01-09 14:33:38,210 INFO: Epoch 115, Train Loss: 0.7484919159643112, Test Loss: 0.780093714594841, Inverse Test Loss: 0.07748066633939743 
2025-01-09 14:33:38,358 INFO: Epoch 116, Train Loss: 0.7478134036064148, Test Loss: 0.7788059636950493, Inverse Test Loss: 0.07767976820468903 
2025-01-09 14:33:38,519 INFO: Epoch 117, Train Loss: 0.7467996804944931, Test Loss: 0.7794170901179314, Inverse Test Loss: 0.07763697952032089 
2025-01-09 14:33:38,665 INFO: Epoch 118, Train Loss: 0.747179429377279, Test Loss: 0.7790596932172775, Inverse Test Loss: 0.07725131511688232 
2025-01-09 14:33:38,821 INFO: Epoch 119, Train Loss: 0.7482869644318858, Test Loss: 0.7794693931937218, Inverse Test Loss: 0.07709884643554688 
2025-01-09 14:33:38,966 INFO: Epoch 120, Train Loss: 0.7430262161839393, Test Loss: 0.7782781943678856, Inverse Test Loss: 0.07767216116189957 
2025-01-09 14:33:39,123 INFO: Epoch 121, Train Loss: 0.7453353827999484, Test Loss: 0.7801833376288414, Inverse Test Loss: 0.07747426629066467 
2025-01-09 14:33:39,267 INFO: Epoch 122, Train Loss: 0.7458674715411279, Test Loss: 0.7781346440315247, Inverse Test Loss: 0.07703692466020584 
2025-01-09 14:33:39,422 INFO: Epoch 123, Train Loss: 0.7446235456774312, Test Loss: 0.77872584015131, Inverse Test Loss: 0.07710792869329453 
2025-01-09 14:33:39,566 INFO: Epoch 124, Train Loss: 0.742095656933323, Test Loss: 0.7784983813762665, Inverse Test Loss: 0.07724696397781372 
2025-01-09 14:33:39,726 INFO: Epoch 125, Train Loss: 0.7434190280975834, Test Loss: 0.7783799842000008, Inverse Test Loss: 0.07721158862113953 
2025-01-09 14:33:39,873 INFO: Epoch 126, Train Loss: 0.744908292447367, Test Loss: 0.778620034456253, Inverse Test Loss: 0.07743828743696213 
2025-01-09 14:33:40,034 INFO: Epoch 127, Train Loss: 0.7403230321022772, Test Loss: 0.7786638736724854, Inverse Test Loss: 0.07690950483083725 
2025-01-09 14:33:40,188 INFO: Epoch 128, Train Loss: 0.7412170498601852, Test Loss: 0.7775888815522194, Inverse Test Loss: 0.07723290473222733 
2025-01-09 14:33:40,350 INFO: Epoch 129, Train Loss: 0.7404784156430152, Test Loss: 0.7777460291981697, Inverse Test Loss: 0.0777304545044899 
2025-01-09 14:33:40,500 INFO: Epoch 130, Train Loss: 0.739726516508287, Test Loss: 0.7787052765488625, Inverse Test Loss: 0.07674538344144821 
2025-01-09 14:33:40,672 INFO: Epoch 131, Train Loss: 0.7389081274309466, Test Loss: 0.7776144295930862, Inverse Test Loss: 0.07723042368888855 
2025-01-09 14:33:40,821 INFO: Epoch 132, Train Loss: 0.7395406596122249, Test Loss: 0.7786233574151993, Inverse Test Loss: 0.07665839791297913 
2025-01-09 14:33:40,979 INFO: Epoch 133, Train Loss: 0.7397349265313917, Test Loss: 0.7775665894150734, Inverse Test Loss: 0.07722344249486923 
2025-01-09 14:33:41,127 INFO: Epoch 134, Train Loss: 0.7388437832555463, Test Loss: 0.7769299745559692, Inverse Test Loss: 0.07686842978000641 
2025-01-09 14:33:41,284 INFO: Epoch 135, Train Loss: 0.7368922368172677, Test Loss: 0.7773958295583725, Inverse Test Loss: 0.07670162618160248 
2025-01-09 14:33:41,431 INFO: Epoch 136, Train Loss: 0.7378656133528678, Test Loss: 0.7766395062208176, Inverse Test Loss: 0.07694505155086517 
2025-01-09 14:33:41,599 INFO: Epoch 137, Train Loss: 0.7356887478982249, Test Loss: 0.7789106741547585, Inverse Test Loss: 0.07633296400308609 
2025-01-09 14:33:41,745 INFO: Epoch 138, Train Loss: 0.7351935121320909, Test Loss: 0.7768393903970718, Inverse Test Loss: 0.07715784013271332 
2025-01-09 14:33:41,898 INFO: Epoch 139, Train Loss: 0.7354666321508346, Test Loss: 0.778252363204956, Inverse Test Loss: 0.0761743038892746 
2025-01-09 14:33:42,043 INFO: Epoch 140, Train Loss: 0.735532614492601, Test Loss: 0.7768710851669312, Inverse Test Loss: 0.07690487802028656 
2025-01-09 14:33:42,202 INFO: Epoch 141, Train Loss: 0.7343637058811803, Test Loss: 0.7771976217627525, Inverse Test Loss: 0.07702311873435974 
2025-01-09 14:33:42,348 INFO: Epoch 142, Train Loss: 0.7335486546639474, Test Loss: 0.776154026389122, Inverse Test Loss: 0.07631280273199081 
2025-01-09 14:33:42,501 INFO: Epoch 143, Train Loss: 0.7327234591207197, Test Loss: 0.7768669128417969, Inverse Test Loss: 0.0766855925321579 
2025-01-09 14:33:42,648 INFO: Epoch 144, Train Loss: 0.7332164318330826, Test Loss: 0.7772932350635529, Inverse Test Loss: 0.07654695212841034 
2025-01-09 14:33:42,800 INFO: Epoch 145, Train Loss: 0.7326672154088174, Test Loss: 0.7767907381057739, Inverse Test Loss: 0.07672710716724396 
2025-01-09 14:33:42,955 INFO: Epoch 146, Train Loss: 0.7325458757338985, Test Loss: 0.777074545621872, Inverse Test Loss: 0.07606963813304901 
2025-01-09 14:33:43,119 INFO: Epoch 147, Train Loss: 0.7282839263639143, Test Loss: 0.7760865092277527, Inverse Test Loss: 0.07656840234994888 
2025-01-09 14:33:43,265 INFO: Epoch 148, Train Loss: 0.7310182567565672, Test Loss: 0.7775408551096916, Inverse Test Loss: 0.07627111673355103 
2025-01-09 14:33:43,418 INFO: Epoch 149, Train Loss: 0.729318090023533, Test Loss: 0.7762270048260689, Inverse Test Loss: 0.07606153190135956 
2025-01-09 14:33:43,564 INFO: Epoch 150, Train Loss: 0.7299884961497399, Test Loss: 0.777507558465004, Inverse Test Loss: 0.0764697939157486 
2025-01-09 14:33:43,712 INFO: Epoch 151, Train Loss: 0.7289625810038659, Test Loss: 0.7763335928320885, Inverse Test Loss: 0.07661139219999313 
2025-01-09 14:33:43,852 INFO: Epoch 152, Train Loss: 0.7292769397458723, Test Loss: 0.7772299274802208, Inverse Test Loss: 0.07631926238536835 
2025-01-09 14:33:44,002 INFO: Epoch 153, Train Loss: 0.7272513162705206, Test Loss: 0.7767475098371506, Inverse Test Loss: 0.07600671052932739 
2025-01-09 14:33:44,149 INFO: Epoch 154, Train Loss: 0.727624862424789, Test Loss: 0.7769077271223068, Inverse Test Loss: 0.07568641752004623 
2025-01-09 14:33:44,295 INFO: Epoch 155, Train Loss: 0.7253140884061013, Test Loss: 0.7774779424071312, Inverse Test Loss: 0.07629524916410446 
2025-01-09 14:33:44,443 INFO: Epoch 156, Train Loss: 0.7256053666914662, Test Loss: 0.7759800478816032, Inverse Test Loss: 0.07657744735479355 
2025-01-09 14:33:44,598 INFO: Epoch 157, Train Loss: 0.7270801163488819, Test Loss: 0.7770272418856621, Inverse Test Loss: 0.07644152641296387 
2025-01-09 14:33:44,746 INFO: Epoch 158, Train Loss: 0.724121710946483, Test Loss: 0.7764610201120377, Inverse Test Loss: 0.07617651671171188 
2025-01-09 14:33:44,902 INFO: Epoch 159, Train Loss: 0.7258595651195895, Test Loss: 0.777292475104332, Inverse Test Loss: 0.07533343136310577 
2025-01-09 14:33:45,045 INFO: Epoch 160, Train Loss: 0.7236970393888412, Test Loss: 0.7759145572781563, Inverse Test Loss: 0.07610250264406204 
2025-01-09 14:33:45,203 INFO: Epoch 161, Train Loss: 0.7249489426612854, Test Loss: 0.7765332013368607, Inverse Test Loss: 0.07582712173461914 
2025-01-09 14:33:45,349 INFO: Epoch 162, Train Loss: 0.7225208974653675, Test Loss: 0.7765426263213158, Inverse Test Loss: 0.075546495616436 
2025-01-09 14:33:45,504 INFO: Epoch 163, Train Loss: 0.7221592222490618, Test Loss: 0.7755492404103279, Inverse Test Loss: 0.07575233280658722 
2025-01-09 14:33:45,651 INFO: Epoch 164, Train Loss: 0.7223825454711914, Test Loss: 0.7775622978806496, Inverse Test Loss: 0.07560671865940094 
2025-01-09 14:33:45,814 INFO: Epoch 165, Train Loss: 0.7221330981100759, Test Loss: 0.7760480269789696, Inverse Test Loss: 0.0758558139204979 
2025-01-09 14:33:45,963 INFO: Epoch 166, Train Loss: 0.7195855167604261, Test Loss: 0.778148777782917, Inverse Test Loss: 0.07509325444698334 
2025-01-09 14:33:46,117 INFO: Epoch 167, Train Loss: 0.7202837024965594, Test Loss: 0.7773462459445, Inverse Test Loss: 0.0757223442196846 
2025-01-09 14:33:46,263 INFO: Epoch 168, Train Loss: 0.7189386256279484, Test Loss: 0.7773582860827446, Inverse Test Loss: 0.07575716078281403 
2025-01-09 14:33:46,422 INFO: Epoch 169, Train Loss: 0.720763752537389, Test Loss: 0.7767089679837227, Inverse Test Loss: 0.07530353218317032 
2025-01-09 14:33:46,567 INFO: Epoch 170, Train Loss: 0.7185995867175441, Test Loss: 0.7766621857881546, Inverse Test Loss: 0.075673408806324 
2025-01-09 14:33:46,717 INFO: Epoch 171, Train Loss: 0.719134061567245, Test Loss: 0.7767201736569405, Inverse Test Loss: 0.07531377673149109 
2025-01-09 14:33:46,874 INFO: Epoch 172, Train Loss: 0.7199534312371285, Test Loss: 0.7772296816110611, Inverse Test Loss: 0.07480328530073166 
2025-01-09 14:33:47,027 INFO: Epoch 173, Train Loss: 0.7201748855652348, Test Loss: 0.7773354947566986, Inverse Test Loss: 0.07505577802658081 
2025-01-09 14:33:47,171 INFO: Epoch 174, Train Loss: 0.7176022856466232, Test Loss: 0.7762492671608925, Inverse Test Loss: 0.07498213648796082 
2025-01-09 14:33:47,320 INFO: Epoch 175, Train Loss: 0.7184706464890511, Test Loss: 0.7767263725399971, Inverse Test Loss: 0.07499615848064423 
2025-01-09 14:33:47,466 INFO: Epoch 176, Train Loss: 0.7179092534126774, Test Loss: 0.7769710570573807, Inverse Test Loss: 0.07507819682359695 
2025-01-09 14:33:47,614 INFO: Epoch 177, Train Loss: 0.7184051159889467, Test Loss: 0.7772051990032196, Inverse Test Loss: 0.07458492368459702 
2025-01-09 14:33:47,764 INFO: Epoch 178, Train Loss: 0.7164338154177512, Test Loss: 0.7771143913269043, Inverse Test Loss: 0.07459041476249695 
2025-01-09 14:33:47,910 INFO: Epoch 179, Train Loss: 0.7149659933582428, Test Loss: 0.7768209725618362, Inverse Test Loss: 0.07421035319566727 
2025-01-09 14:33:48,054 INFO: Epoch 180, Train Loss: 0.7168257928663685, Test Loss: 0.7768114432692528, Inverse Test Loss: 0.07433751970529556 
2025-01-09 14:33:48,206 INFO: Epoch 181, Train Loss: 0.714692892566804, Test Loss: 0.7777125015854836, Inverse Test Loss: 0.0738377496600151 
2025-01-09 14:33:48,358 INFO: Epoch 182, Train Loss: 0.7151538729667664, Test Loss: 0.7770883738994598, Inverse Test Loss: 0.07506189495325089 
2025-01-09 14:33:48,511 INFO: Epoch 183, Train Loss: 0.7158228812679168, Test Loss: 0.7768353819847107, Inverse Test Loss: 0.07489117980003357 
2025-01-09 14:33:48,658 INFO: Epoch 184, Train Loss: 0.715017068770624, Test Loss: 0.7765719369053841, Inverse Test Loss: 0.07407350093126297 
2025-01-09 14:33:48,819 INFO: Epoch 185, Train Loss: 0.7128720898782054, Test Loss: 0.7771710753440857, Inverse Test Loss: 0.07448926568031311 
2025-01-09 14:33:48,967 INFO: Epoch 186, Train Loss: 0.7127007534427028, Test Loss: 0.7785474881529808, Inverse Test Loss: 0.07419406622648239 
2025-01-09 14:33:49,127 INFO: Epoch 187, Train Loss: 0.7126699859096158, Test Loss: 0.7766457498073578, Inverse Test Loss: 0.07421161979436874 
2025-01-09 14:33:49,274 INFO: Epoch 188, Train Loss: 0.7139092453064457, Test Loss: 0.7767341807484627, Inverse Test Loss: 0.0741056427359581 
2025-01-09 14:33:49,436 INFO: Epoch 189, Train Loss: 0.7122799235005532, Test Loss: 0.7772828489542007, Inverse Test Loss: 0.07421638071537018 
2025-01-09 14:33:49,613 INFO: Epoch 190, Train Loss: 0.711303828224059, Test Loss: 0.7768042385578156, Inverse Test Loss: 0.07377240061759949 
2025-01-09 14:33:49,787 INFO: Epoch 191, Train Loss: 0.7094337863306845, Test Loss: 0.7769824415445328, Inverse Test Loss: 0.07373905181884766 
2025-01-09 14:33:49,949 INFO: Epoch 192, Train Loss: 0.7111234588007773, Test Loss: 0.776825912296772, Inverse Test Loss: 0.07386153191328049 
2025-01-09 14:33:50,111 INFO: Epoch 193, Train Loss: 0.7101799595740533, Test Loss: 0.7767429277300835, Inverse Test Loss: 0.07364825159311295 
2025-01-09 14:33:50,278 INFO: Epoch 194, Train Loss: 0.7112037097254107, Test Loss: 0.7779143676161766, Inverse Test Loss: 0.07349500060081482 
2025-01-09 14:33:50,442 INFO: Epoch 195, Train Loss: 0.7094767420522629, Test Loss: 0.7779157683253288, Inverse Test Loss: 0.0733233317732811 
2025-01-09 14:33:50,608 INFO: Epoch 196, Train Loss: 0.7079743666033591, Test Loss: 0.7769690528512001, Inverse Test Loss: 0.07377741485834122 
2025-01-09 14:33:50,765 INFO: Epoch 197, Train Loss: 0.7104397819888207, Test Loss: 0.7781661152839661, Inverse Test Loss: 0.07331013679504395 
2025-01-09 14:33:50,916 INFO: Epoch 198, Train Loss: 0.7083831025708106, Test Loss: 0.7776136174798012, Inverse Test Loss: 0.07319788634777069 
2025-01-09 14:33:51,073 INFO: Epoch 199, Train Loss: 0.7075491451448009, Test Loss: 0.7778175473213196, Inverse Test Loss: 0.07258201390504837 
2025-01-09 14:33:51,233 INFO: Epoch 200, Train Loss: 0.7083367705345154, Test Loss: 0.7769263610243797, Inverse Test Loss: 0.0732710137963295 
2025-01-09 14:33:51,233 INFO: Best Epoch 163, Best Test Loss: 0.7755492404103279 
2025-01-09 14:33:51,396 INFO: Epoch 201, Train Loss: 0.7059743096751552, Test Loss: 0.7793329730629921, Inverse Test Loss: 0.07251371443271637 
2025-01-09 14:33:51,550 INFO: Epoch 202, Train Loss: 0.7074390688250142, Test Loss: 0.7793161273002625, Inverse Test Loss: 0.07284541428089142 
2025-01-09 14:33:51,727 INFO: Epoch 203, Train Loss: 0.7079160732607688, Test Loss: 0.7782514914870262, Inverse Test Loss: 0.07188748568296432 
2025-01-09 14:33:51,913 INFO: Epoch 204, Train Loss: 0.706197863624942, Test Loss: 0.7775799110531807, Inverse Test Loss: 0.07252476364374161 
2025-01-09 14:33:52,073 INFO: Epoch 205, Train Loss: 0.7058160016613622, Test Loss: 0.7794150933623314, Inverse Test Loss: 0.07219118624925613 
2025-01-09 14:33:52,237 INFO: Epoch 206, Train Loss: 0.7059386353338918, Test Loss: 0.7785514742136002, Inverse Test Loss: 0.07252193987369537 
2025-01-09 14:33:52,403 INFO: Epoch 207, Train Loss: 0.7066690960238057, Test Loss: 0.7791752740740776, Inverse Test Loss: 0.07262351363897324 
2025-01-09 14:33:52,569 INFO: Epoch 208, Train Loss: 0.7053931297794465, Test Loss: 0.7787486389279366, Inverse Test Loss: 0.07217448949813843 
2025-01-09 14:33:52,751 INFO: Epoch 209, Train Loss: 0.70602527933736, Test Loss: 0.7775841504335403, Inverse Test Loss: 0.07264462858438492 
2025-01-09 14:33:52,938 INFO: Epoch 210, Train Loss: 0.7045460554861254, Test Loss: 0.778950035572052, Inverse Test Loss: 0.07224246859550476 
2025-01-09 14:33:53,106 INFO: Epoch 211, Train Loss: 0.7043658725676998, Test Loss: 0.7810220345854759, Inverse Test Loss: 0.07191650569438934 
2025-01-09 14:33:53,275 INFO: Epoch 212, Train Loss: 0.7041306707166857, Test Loss: 0.780163586139679, Inverse Test Loss: 0.0719151645898819 
2025-01-09 14:33:53,442 INFO: Epoch 213, Train Loss: 0.7017962644177098, Test Loss: 0.7805687934160233, Inverse Test Loss: 0.07185104489326477 
2025-01-09 14:33:53,609 INFO: Epoch 214, Train Loss: 0.7037331500361043, Test Loss: 0.7794267013669014, Inverse Test Loss: 0.07198827713727951 
2025-01-09 14:33:53,780 INFO: Epoch 215, Train Loss: 0.7007346826214944, Test Loss: 0.7810967490077019, Inverse Test Loss: 0.07215753942728043 
2025-01-09 14:33:53,965 INFO: Epoch 216, Train Loss: 0.7018407852418961, Test Loss: 0.7802942618727684, Inverse Test Loss: 0.07216111570596695 
2025-01-09 14:33:54,139 INFO: Epoch 217, Train Loss: 0.7016441052959811, Test Loss: 0.7802825942635536, Inverse Test Loss: 0.07151548564434052 
2025-01-09 14:33:54,301 INFO: Epoch 218, Train Loss: 0.699504062052696, Test Loss: 0.7823071926832199, Inverse Test Loss: 0.0714830532670021 
2025-01-09 14:33:54,467 INFO: Epoch 219, Train Loss: 0.700855424327235, Test Loss: 0.7822774723172188, Inverse Test Loss: 0.07171756774187088 
2025-01-09 14:33:54,644 INFO: Epoch 220, Train Loss: 0.700699669699515, Test Loss: 0.7814648523926735, Inverse Test Loss: 0.07210081815719604 
2025-01-09 14:33:54,825 INFO: Epoch 221, Train Loss: 0.6992775605570886, Test Loss: 0.7838144898414612, Inverse Test Loss: 0.07192403078079224 
2025-01-09 14:33:54,993 INFO: Epoch 222, Train Loss: 0.6996116042137146, Test Loss: 0.782493956387043, Inverse Test Loss: 0.07163865119218826 
2025-01-09 14:33:55,158 INFO: Epoch 223, Train Loss: 0.6991490606338747, Test Loss: 0.7834803983569145, Inverse Test Loss: 0.07238011807203293 
2025-01-09 14:33:55,338 INFO: Epoch 224, Train Loss: 0.6990260558743631, Test Loss: 0.7830193340778351, Inverse Test Loss: 0.0719044953584671 
2025-01-09 14:33:55,510 INFO: Epoch 225, Train Loss: 0.6975475318970219, Test Loss: 0.7831011041998863, Inverse Test Loss: 0.07119249552488327 
2025-01-09 14:33:55,682 INFO: Epoch 226, Train Loss: 0.6979271211931782, Test Loss: 0.7838950008153915, Inverse Test Loss: 0.07193131744861603 
2025-01-09 14:33:55,881 INFO: Epoch 227, Train Loss: 0.6977747005801047, Test Loss: 0.7834943532943726, Inverse Test Loss: 0.07174767553806305 
2025-01-09 14:33:56,091 INFO: Epoch 228, Train Loss: 0.6997812851782768, Test Loss: 0.783665657043457, Inverse Test Loss: 0.07225347310304642 
2025-01-09 14:33:56,301 INFO: Epoch 229, Train Loss: 0.6970414173218512, Test Loss: 0.7841256633400917, Inverse Test Loss: 0.0713016465306282 
2025-01-09 14:33:56,488 INFO: Epoch 230, Train Loss: 0.6966753294391017, Test Loss: 0.7857365235686302, Inverse Test Loss: 0.07149968296289444 
2025-01-09 14:33:56,663 INFO: Epoch 231, Train Loss: 0.6970661667085463, Test Loss: 0.7854349985718727, Inverse Test Loss: 0.07205406576395035 
2025-01-09 14:33:56,833 INFO: Epoch 232, Train Loss: 0.6947673174642748, Test Loss: 0.7865372970700264, Inverse Test Loss: 0.07178165763616562 
2025-01-09 14:33:57,007 INFO: Epoch 233, Train Loss: 0.696652639296747, Test Loss: 0.7877072989940643, Inverse Test Loss: 0.07147647440433502 
2025-01-09 14:33:57,182 INFO: Epoch 234, Train Loss: 0.6946578929501195, Test Loss: 0.7856821566820145, Inverse Test Loss: 0.07224484533071518 
2025-01-09 14:33:57,358 INFO: Epoch 235, Train Loss: 0.6927868896915067, Test Loss: 0.7866824418306351, Inverse Test Loss: 0.07193486392498016 
2025-01-09 14:33:57,522 INFO: Epoch 236, Train Loss: 0.6948596969727547, Test Loss: 0.7865907475352287, Inverse Test Loss: 0.0723087340593338 
2025-01-09 14:33:57,711 INFO: Epoch 237, Train Loss: 0.6941596942563211, Test Loss: 0.7878569588065147, Inverse Test Loss: 0.072483129799366 
2025-01-09 14:33:57,880 INFO: Epoch 238, Train Loss: 0.6930201322801651, Test Loss: 0.7878760099411011, Inverse Test Loss: 0.07180506736040115 
2025-01-09 14:33:58,062 INFO: Epoch 239, Train Loss: 0.6935703658288525, Test Loss: 0.7872405424714088, Inverse Test Loss: 0.07180196046829224 
2025-01-09 14:33:58,230 INFO: Epoch 240, Train Loss: 0.6921411464291234, Test Loss: 0.7867280766367912, Inverse Test Loss: 0.0721815675497055 
2025-01-09 14:33:58,404 INFO: Epoch 241, Train Loss: 0.6932624424657514, Test Loss: 0.7894048169255257, Inverse Test Loss: 0.0723368301987648 
2025-01-09 14:33:58,573 INFO: Epoch 242, Train Loss: 0.6924003074246068, Test Loss: 0.7893196940422058, Inverse Test Loss: 0.07245393097400665 
2025-01-09 14:33:58,761 INFO: Epoch 243, Train Loss: 0.6927788334508096, Test Loss: 0.7902641743421555, Inverse Test Loss: 0.07155712693929672 
2025-01-09 14:33:58,953 INFO: Epoch 244, Train Loss: 0.6928178379612584, Test Loss: 0.7889575362205505, Inverse Test Loss: 0.07236029207706451 
2025-01-09 14:33:59,159 INFO: Epoch 245, Train Loss: 0.6916245664319685, Test Loss: 0.790494754910469, Inverse Test Loss: 0.07216780632734299 
2025-01-09 14:33:59,343 INFO: Epoch 246, Train Loss: 0.6897742286805184, Test Loss: 0.7894524559378624, Inverse Test Loss: 0.07245860993862152 
2025-01-09 14:33:59,513 INFO: Epoch 247, Train Loss: 0.6904122425663856, Test Loss: 0.7916880324482918, Inverse Test Loss: 0.07170135527849197 
2025-01-09 14:33:59,705 INFO: Epoch 248, Train Loss: 0.6902620965434659, Test Loss: 0.7892123758792877, Inverse Test Loss: 0.07172141224145889 
2025-01-09 14:33:59,894 INFO: Epoch 249, Train Loss: 0.6917715880178636, Test Loss: 0.7913957387208939, Inverse Test Loss: 0.07260888814926147 
2025-01-09 14:34:00,091 INFO: Epoch 250, Train Loss: 0.6913687548329753, Test Loss: 0.7890849858522415, Inverse Test Loss: 0.072287417948246 
2025-01-09 14:34:00,264 INFO: Epoch 251, Train Loss: 0.689761625182244, Test Loss: 0.7901249453425407, Inverse Test Loss: 0.07237228006124496 
2025-01-09 14:34:00,432 INFO: Epoch 252, Train Loss: 0.6897758072422396, Test Loss: 0.7906177192926407, Inverse Test Loss: 0.07212185859680176 
2025-01-09 14:34:00,598 INFO: Epoch 253, Train Loss: 0.6881107418767868, Test Loss: 0.7912115752696991, Inverse Test Loss: 0.0722188800573349 
2025-01-09 14:34:00,772 INFO: Epoch 254, Train Loss: 0.6896367130740997, Test Loss: 0.7911370620131493, Inverse Test Loss: 0.07225174456834793 
2025-01-09 14:34:00,946 INFO: Epoch 255, Train Loss: 0.6865968377359452, Test Loss: 0.7914688438177109, Inverse Test Loss: 0.0726219192147255 
2025-01-09 14:34:01,125 INFO: Epoch 256, Train Loss: 0.6881346106529236, Test Loss: 0.7919893339276314, Inverse Test Loss: 0.07289577275514603 
2025-01-09 14:34:01,333 INFO: Epoch 257, Train Loss: 0.6892659202698739, Test Loss: 0.7924351319670677, Inverse Test Loss: 0.07283306121826172 
2025-01-09 14:34:01,522 INFO: Epoch 258, Train Loss: 0.6874915572904772, Test Loss: 0.7920875772833824, Inverse Test Loss: 0.07213893532752991 
2025-01-09 14:34:01,738 INFO: Epoch 259, Train Loss: 0.6872918778850187, Test Loss: 0.7928919941186905, Inverse Test Loss: 0.072313092648983 
2025-01-09 14:34:01,935 INFO: Epoch 260, Train Loss: 0.6880989113161641, Test Loss: 0.7940175607800484, Inverse Test Loss: 0.0719737857580185 
2025-01-09 14:34:02,129 INFO: Epoch 261, Train Loss: 0.6871967065718866, Test Loss: 0.7936746925115585, Inverse Test Loss: 0.07284589856863022 
2025-01-09 14:34:02,318 INFO: Epoch 262, Train Loss: 0.68605443931395, Test Loss: 0.7937593758106232, Inverse Test Loss: 0.07293716818094254 
2025-01-09 14:34:02,498 INFO: Epoch 263, Train Loss: 0.6868118009259624, Test Loss: 0.7916887104511261, Inverse Test Loss: 0.07258748263120651 
2025-01-09 14:34:02,683 INFO: Epoch 264, Train Loss: 0.6868503343674445, Test Loss: 0.7936846762895584, Inverse Test Loss: 0.07224290072917938 
2025-01-09 14:34:02,887 INFO: Epoch 265, Train Loss: 0.6850066646452873, Test Loss: 0.794269748032093, Inverse Test Loss: 0.07256709784269333 
2025-01-09 14:34:03,063 INFO: Epoch 266, Train Loss: 0.6848650151683439, Test Loss: 0.7938985750079155, Inverse Test Loss: 0.07273898273706436 
2025-01-09 14:34:03,266 INFO: Epoch 267, Train Loss: 0.6836912189760516, Test Loss: 0.7956611886620522, Inverse Test Loss: 0.0721302479505539 
2025-01-09 14:34:03,483 INFO: Epoch 268, Train Loss: 0.6840913872564992, Test Loss: 0.7950689569115639, Inverse Test Loss: 0.0729856789112091 
2025-01-09 14:34:03,693 INFO: Epoch 269, Train Loss: 0.684716728425795, Test Loss: 0.7958664372563362, Inverse Test Loss: 0.07253602147102356 
2025-01-09 14:34:03,877 INFO: Epoch 270, Train Loss: 0.6856656343706192, Test Loss: 0.7955327257514, Inverse Test Loss: 0.07234666496515274 
2025-01-09 14:34:04,054 INFO: Epoch 271, Train Loss: 0.6835434590616534, Test Loss: 0.7949439287185669, Inverse Test Loss: 0.07275672256946564 
2025-01-09 14:34:04,225 INFO: Epoch 272, Train Loss: 0.6825262423484556, Test Loss: 0.7955496832728386, Inverse Test Loss: 0.07311704009771347 
2025-01-09 14:34:04,397 INFO: Epoch 273, Train Loss: 0.6831928780001979, Test Loss: 0.797007329761982, Inverse Test Loss: 0.07289101183414459 
2025-01-09 14:34:04,600 INFO: Epoch 274, Train Loss: 0.6829030109990027, Test Loss: 0.7968732267618179, Inverse Test Loss: 0.07280173152685165 
2025-01-09 14:34:04,771 INFO: Epoch 275, Train Loss: 0.6846845111539287, Test Loss: 0.7971697524189949, Inverse Test Loss: 0.07302218675613403 
2025-01-09 14:34:04,959 INFO: Epoch 276, Train Loss: 0.6834650674173909, Test Loss: 0.796924777328968, Inverse Test Loss: 0.07290589809417725 
2025-01-09 14:34:05,128 INFO: Epoch 277, Train Loss: 0.6814977315164381, Test Loss: 0.798147402703762, Inverse Test Loss: 0.07245168089866638 
2025-01-09 14:34:05,304 INFO: Epoch 278, Train Loss: 0.6820790267759754, Test Loss: 0.79754538834095, Inverse Test Loss: 0.07310531288385391 
2025-01-09 14:34:05,475 INFO: Epoch 279, Train Loss: 0.680647486640561, Test Loss: 0.7974468544125557, Inverse Test Loss: 0.07341843098402023 
2025-01-09 14:34:05,665 INFO: Epoch 280, Train Loss: 0.6816732768089541, Test Loss: 0.7968680262565613, Inverse Test Loss: 0.07328180223703384 
2025-01-09 14:34:05,837 INFO: Epoch 281, Train Loss: 0.6792182403226052, Test Loss: 0.7986190319061279, Inverse Test Loss: 0.07354635000228882 
2025-01-09 14:34:06,028 INFO: Epoch 282, Train Loss: 0.6807706067639012, Test Loss: 0.7975151017308235, Inverse Test Loss: 0.07324223965406418 
2025-01-09 14:34:06,199 INFO: Epoch 283, Train Loss: 0.6796520660000462, Test Loss: 0.7985620275139809, Inverse Test Loss: 0.07316196709871292 
2025-01-09 14:34:06,377 INFO: Epoch 284, Train Loss: 0.6815153225775687, Test Loss: 0.7987058311700821, Inverse Test Loss: 0.07309797406196594 
2025-01-09 14:34:06,572 INFO: Epoch 285, Train Loss: 0.6797043969554286, Test Loss: 0.7999377325177193, Inverse Test Loss: 0.07343342155218124 
2025-01-09 14:34:06,748 INFO: Epoch 286, Train Loss: 0.6800510691058251, Test Loss: 0.7985580638051033, Inverse Test Loss: 0.0726398229598999 
2025-01-09 14:34:06,931 INFO: Epoch 287, Train Loss: 0.6777361035346985, Test Loss: 0.7998172268271446, Inverse Test Loss: 0.07340753078460693 
2025-01-09 14:34:07,116 INFO: Epoch 288, Train Loss: 0.6779372134516316, Test Loss: 0.8010765761137009, Inverse Test Loss: 0.07355246692895889 
2025-01-09 14:34:07,283 INFO: Epoch 289, Train Loss: 0.6806977679652553, Test Loss: 0.800241231918335, Inverse Test Loss: 0.07260536402463913 
2025-01-09 14:34:07,459 INFO: Epoch 290, Train Loss: 0.6797321573380501, Test Loss: 0.8006799444556236, Inverse Test Loss: 0.07295302301645279 
2025-01-09 14:34:07,649 INFO: Epoch 291, Train Loss: 0.6789610924259308, Test Loss: 0.7991402372717857, Inverse Test Loss: 0.07305307686328888 
2025-01-09 14:34:07,849 INFO: Epoch 292, Train Loss: 0.6792323108642332, Test Loss: 0.8007285296916962, Inverse Test Loss: 0.07362902909517288 
2025-01-09 14:34:08,052 INFO: Epoch 293, Train Loss: 0.6775216267954919, Test Loss: 0.8007682412862778, Inverse Test Loss: 0.07316827028989792 
2025-01-09 14:34:08,257 INFO: Epoch 294, Train Loss: 0.677456421236838, Test Loss: 0.8001624494791031, Inverse Test Loss: 0.07357699424028397 
2025-01-09 14:34:08,419 INFO: Epoch 295, Train Loss: 0.6770348491207245, Test Loss: 0.8019600436091423, Inverse Test Loss: 0.07360929995775223 
2025-01-09 14:34:08,620 INFO: Epoch 296, Train Loss: 0.6757754664267263, Test Loss: 0.7998068034648895, Inverse Test Loss: 0.07303304970264435 
2025-01-09 14:34:08,835 INFO: Epoch 297, Train Loss: 0.6756887916595705, Test Loss: 0.8018217161297798, Inverse Test Loss: 0.073048897087574 
2025-01-09 14:34:08,986 INFO: Epoch 298, Train Loss: 0.6767510406432613, Test Loss: 0.8006051853299141, Inverse Test Loss: 0.0737762376666069 
2025-01-09 14:34:09,136 INFO: Epoch 299, Train Loss: 0.6766845872325282, Test Loss: 0.8020545989274979, Inverse Test Loss: 0.07367756217718124 
2025-01-09 14:34:09,283 INFO: Epoch 300, Train Loss: 0.6767661398456942, Test Loss: 0.8021671697497368, Inverse Test Loss: 0.07383540272712708 
2025-01-09 14:34:09,283 INFO: Best Epoch 163, Best Test Loss: 0.7755492404103279 
2025-01-09 14:34:09,427 INFO: Epoch 301, Train Loss: 0.6761749559833158, Test Loss: 0.8032425716519356, Inverse Test Loss: 0.07351747900247574 
2025-01-09 14:34:09,603 INFO: Epoch 302, Train Loss: 0.675013123020049, Test Loss: 0.8010405898094177, Inverse Test Loss: 0.07393673062324524 
2025-01-09 14:34:09,786 INFO: Epoch 303, Train Loss: 0.6748172852300829, Test Loss: 0.8025554046034813, Inverse Test Loss: 0.07375414669513702 
2025-01-09 14:34:09,972 INFO: Epoch 304, Train Loss: 0.6764307425868127, Test Loss: 0.8026393949985504, Inverse Test Loss: 0.07389514148235321 
2025-01-09 14:34:10,147 INFO: Epoch 305, Train Loss: 0.6754152140309734, Test Loss: 0.8027764111757278, Inverse Test Loss: 0.07402161508798599 
2025-01-09 14:34:10,319 INFO: Epoch 306, Train Loss: 0.6753423483141007, Test Loss: 0.8033005818724632, Inverse Test Loss: 0.07370772957801819 
2025-01-09 14:34:10,479 INFO: Epoch 307, Train Loss: 0.6751792430877686, Test Loss: 0.8038355857133865, Inverse Test Loss: 0.07402016222476959 
2025-01-09 14:34:10,637 INFO: Epoch 308, Train Loss: 0.6753949215335231, Test Loss: 0.8027407750487328, Inverse Test Loss: 0.07416632026433945 
2025-01-09 14:34:10,796 INFO: Epoch 309, Train Loss: 0.6736417220484826, Test Loss: 0.8038944825530052, Inverse Test Loss: 0.07354442030191422 
2025-01-09 14:34:10,947 INFO: Epoch 310, Train Loss: 0.6739519719154604, Test Loss: 0.8031095787882805, Inverse Test Loss: 0.07455378025770187 
2025-01-09 14:34:11,098 INFO: Epoch 311, Train Loss: 0.6732284772780633, Test Loss: 0.8028911650180817, Inverse Test Loss: 0.07383850961923599 
2025-01-09 14:34:11,242 INFO: Epoch 312, Train Loss: 0.6743941345522481, Test Loss: 0.8038078099489212, Inverse Test Loss: 0.07427594065666199 
2025-01-09 14:34:11,400 INFO: Epoch 313, Train Loss: 0.6720165187312711, Test Loss: 0.804551437497139, Inverse Test Loss: 0.07443088293075562 
2025-01-09 14:34:11,553 INFO: Epoch 314, Train Loss: 0.6730361177075294, Test Loss: 0.8036109954118729, Inverse Test Loss: 0.0740150436758995 
2025-01-09 14:34:11,721 INFO: Epoch 315, Train Loss: 0.6725004623013158, Test Loss: 0.8053473457694054, Inverse Test Loss: 0.07395141571760178 
2025-01-09 14:34:11,876 INFO: Epoch 316, Train Loss: 0.6705179464432501, Test Loss: 0.8044679462909698, Inverse Test Loss: 0.07439820468425751 
2025-01-09 14:34:12,028 INFO: Epoch 317, Train Loss: 0.6726839503934307, Test Loss: 0.8066443279385567, Inverse Test Loss: 0.07458646595478058 
2025-01-09 14:34:12,176 INFO: Epoch 318, Train Loss: 0.6712094622273599, Test Loss: 0.803403951227665, Inverse Test Loss: 0.07455503940582275 
2025-01-09 14:34:12,328 INFO: Epoch 319, Train Loss: 0.672757540979693, Test Loss: 0.8053221330046654, Inverse Test Loss: 0.07418077439069748 
2025-01-09 14:34:12,477 INFO: Epoch 320, Train Loss: 0.6712141344624181, Test Loss: 0.8059953153133392, Inverse Test Loss: 0.07400666177272797 
2025-01-09 14:34:12,630 INFO: Epoch 321, Train Loss: 0.6718810796737671, Test Loss: 0.8048164546489716, Inverse Test Loss: 0.07453630864620209 
2025-01-09 14:34:12,791 INFO: Epoch 322, Train Loss: 0.6694459069159723, Test Loss: 0.8059171661734581, Inverse Test Loss: 0.07457642257213593 
2025-01-09 14:34:12,937 INFO: Epoch 323, Train Loss: 0.6702546861863905, Test Loss: 0.8061327114701271, Inverse Test Loss: 0.07459639757871628 
2025-01-09 14:34:13,083 INFO: Epoch 324, Train Loss: 0.6718725735141385, Test Loss: 0.8064901232719421, Inverse Test Loss: 0.0745614618062973 
2025-01-09 14:34:13,230 INFO: Epoch 325, Train Loss: 0.6703957607669215, Test Loss: 0.8088961690664291, Inverse Test Loss: 0.07422071695327759 
2025-01-09 14:34:13,377 INFO: Epoch 326, Train Loss: 0.6689990989623531, Test Loss: 0.8074502348899841, Inverse Test Loss: 0.0742020308971405 
2025-01-09 14:34:13,524 INFO: Epoch 327, Train Loss: 0.6704369648810355, Test Loss: 0.809275321662426, Inverse Test Loss: 0.07503190636634827 
2025-01-09 14:34:13,685 INFO: Epoch 328, Train Loss: 0.6694246395941703, Test Loss: 0.8065287545323372, Inverse Test Loss: 0.07426250725984573 
2025-01-09 14:34:13,834 INFO: Epoch 329, Train Loss: 0.6692313321175114, Test Loss: 0.8079072162508965, Inverse Test Loss: 0.07489310204982758 
2025-01-09 14:34:13,982 INFO: Epoch 330, Train Loss: 0.6706167228760258, Test Loss: 0.8106808140873909, Inverse Test Loss: 0.0746641457080841 
2025-01-09 14:34:14,134 INFO: Epoch 331, Train Loss: 0.6703652951025194, Test Loss: 0.8097151070833206, Inverse Test Loss: 0.07458899170160294 
2025-01-09 14:34:14,282 INFO: Epoch 332, Train Loss: 0.6704618873134736, Test Loss: 0.8077603876590729, Inverse Test Loss: 0.07472701370716095 
2025-01-09 14:34:14,434 INFO: Epoch 333, Train Loss: 0.6685805974468109, Test Loss: 0.808277502655983, Inverse Test Loss: 0.07497860491275787 
2025-01-09 14:34:14,588 INFO: Epoch 334, Train Loss: 0.669692785509171, Test Loss: 0.8095943778753281, Inverse Test Loss: 0.07490774244070053 
2025-01-09 14:34:14,763 INFO: Epoch 335, Train Loss: 0.6689709598018277, Test Loss: 0.8081682920455933, Inverse Test Loss: 0.07520119100809097 
2025-01-09 14:34:14,925 INFO: Epoch 336, Train Loss: 0.6685471304001347, Test Loss: 0.8099004626274109, Inverse Test Loss: 0.07525506615638733 
2025-01-09 14:34:15,077 INFO: Epoch 337, Train Loss: 0.6679598977488856, Test Loss: 0.8077146857976913, Inverse Test Loss: 0.07488001883029938 
2025-01-09 14:34:15,233 INFO: Epoch 338, Train Loss: 0.6698799556301486, Test Loss: 0.8111867234110832, Inverse Test Loss: 0.07567428052425385 
2025-01-09 14:34:15,389 INFO: Epoch 339, Train Loss: 0.6677249035527629, Test Loss: 0.8092991188168526, Inverse Test Loss: 0.07516774535179138 
2025-01-09 14:34:15,549 INFO: Epoch 340, Train Loss: 0.6672323942184448, Test Loss: 0.8100292235612869, Inverse Test Loss: 0.07531171292066574 
2025-01-09 14:34:15,708 INFO: Epoch 341, Train Loss: 0.666779298936167, Test Loss: 0.8112116903066635, Inverse Test Loss: 0.07535354793071747 
2025-01-09 14:34:15,874 INFO: Epoch 342, Train Loss: 0.6677028344523522, Test Loss: 0.8114616051316261, Inverse Test Loss: 0.07574348151683807 
2025-01-09 14:34:16,041 INFO: Epoch 343, Train Loss: 0.6661639155880097, Test Loss: 0.8103331476449966, Inverse Test Loss: 0.0758705735206604 
2025-01-09 14:34:16,200 INFO: Epoch 344, Train Loss: 0.6676275807042276, Test Loss: 0.8109362125396729, Inverse Test Loss: 0.0752670168876648 
2025-01-09 14:34:16,358 INFO: Epoch 345, Train Loss: 0.6662927500663265, Test Loss: 0.8098782226443291, Inverse Test Loss: 0.07542718946933746 
2025-01-09 14:34:16,521 INFO: Epoch 346, Train Loss: 0.668185382120071, Test Loss: 0.8105180636048317, Inverse Test Loss: 0.07570559531450272 
2025-01-09 14:34:16,684 INFO: Epoch 347, Train Loss: 0.6667502022558643, Test Loss: 0.8114521279931068, Inverse Test Loss: 0.0752708911895752 
2025-01-09 14:34:16,853 INFO: Epoch 348, Train Loss: 0.6664914123473629, Test Loss: 0.8112712502479553, Inverse Test Loss: 0.07585367560386658 
2025-01-09 14:34:17,022 INFO: Epoch 349, Train Loss: 0.6656015553782063, Test Loss: 0.8110976815223694, Inverse Test Loss: 0.07647830992937088 
2025-01-09 14:34:17,189 INFO: Epoch 350, Train Loss: 0.6654448278488652, Test Loss: 0.812000460922718, Inverse Test Loss: 0.07607580721378326 
2025-01-09 14:34:17,349 INFO: Epoch 351, Train Loss: 0.6655681267861397, Test Loss: 0.8112285956740379, Inverse Test Loss: 0.07699070125818253 
2025-01-09 14:34:17,513 INFO: Epoch 352, Train Loss: 0.665068063043779, Test Loss: 0.8127806484699249, Inverse Test Loss: 0.07564990222454071 
2025-01-09 14:34:17,680 INFO: Epoch 353, Train Loss: 0.6648338763944565, Test Loss: 0.8109584227204323, Inverse Test Loss: 0.0759977474808693 
2025-01-09 14:34:17,855 INFO: Epoch 354, Train Loss: 0.6644592612020431, Test Loss: 0.81227957457304, Inverse Test Loss: 0.07643646001815796 
2025-01-09 14:34:18,021 INFO: Epoch 355, Train Loss: 0.6644521240265139, Test Loss: 0.8139300867915154, Inverse Test Loss: 0.07632121443748474 
2025-01-09 14:34:18,189 INFO: Epoch 356, Train Loss: 0.663960176129495, Test Loss: 0.8127861842513084, Inverse Test Loss: 0.07642512768507004 
2025-01-09 14:34:18,360 INFO: Epoch 357, Train Loss: 0.664728493459763, Test Loss: 0.8122953251004219, Inverse Test Loss: 0.07657668739557266 
2025-01-09 14:34:18,521 INFO: Epoch 358, Train Loss: 0.6653326519073979, Test Loss: 0.812811478972435, Inverse Test Loss: 0.0763787254691124 
2025-01-09 14:34:18,674 INFO: Epoch 359, Train Loss: 0.6656217940392033, Test Loss: 0.8115669712424278, Inverse Test Loss: 0.07694018632173538 
2025-01-09 14:34:18,829 INFO: Epoch 360, Train Loss: 0.6645478586996755, Test Loss: 0.813028059899807, Inverse Test Loss: 0.0760480985045433 
2025-01-09 14:34:18,983 INFO: Epoch 361, Train Loss: 0.6644576864857827, Test Loss: 0.8140232861042023, Inverse Test Loss: 0.07633057981729507 
2025-01-09 14:34:19,144 INFO: Epoch 362, Train Loss: 0.6634007500063989, Test Loss: 0.8152139559388161, Inverse Test Loss: 0.07599885016679764 
2025-01-09 14:34:19,303 INFO: Epoch 363, Train Loss: 0.6643577794874868, Test Loss: 0.812782034277916, Inverse Test Loss: 0.07681109011173248 
2025-01-09 14:34:19,459 INFO: Epoch 364, Train Loss: 0.6634481318535344, Test Loss: 0.8149966225028038, Inverse Test Loss: 0.07666373252868652 
2025-01-09 14:34:19,608 INFO: Epoch 365, Train Loss: 0.663509395814711, Test Loss: 0.8143440037965775, Inverse Test Loss: 0.07648002356290817 
2025-01-09 14:34:19,774 INFO: Epoch 366, Train Loss: 0.66100243214638, Test Loss: 0.8138014078140259, Inverse Test Loss: 0.07687056064605713 
2025-01-09 14:34:19,931 INFO: Epoch 367, Train Loss: 0.662804820845204, Test Loss: 0.8144746869802475, Inverse Test Loss: 0.07682954519987106 
2025-01-09 14:34:20,088 INFO: Epoch 368, Train Loss: 0.6616148467986814, Test Loss: 0.8148328587412834, Inverse Test Loss: 0.07693944126367569 
2025-01-09 14:34:20,234 INFO: Epoch 369, Train Loss: 0.6622267192409884, Test Loss: 0.8170271143317223, Inverse Test Loss: 0.07690293341875076 
2025-01-09 14:34:20,383 INFO: Epoch 370, Train Loss: 0.6629040048968408, Test Loss: 0.8130377382040024, Inverse Test Loss: 0.07713793963193893 
2025-01-09 14:34:20,531 INFO: Epoch 371, Train Loss: 0.6629569318986708, Test Loss: 0.8150123804807663, Inverse Test Loss: 0.0770973414182663 
2025-01-09 14:34:20,691 INFO: Epoch 372, Train Loss: 0.66215136935634, Test Loss: 0.8165187984704971, Inverse Test Loss: 0.07706557214260101 
2025-01-09 14:34:20,839 INFO: Epoch 373, Train Loss: 0.6614272844406867, Test Loss: 0.815241701900959, Inverse Test Loss: 0.07720892876386642 
2025-01-09 14:34:20,995 INFO: Epoch 374, Train Loss: 0.6627123375092784, Test Loss: 0.8146469369530678, Inverse Test Loss: 0.07733289152383804 
2025-01-09 14:34:21,147 INFO: Epoch 375, Train Loss: 0.6607706412192313, Test Loss: 0.8172320798039436, Inverse Test Loss: 0.07719830423593521 
2025-01-09 14:34:21,320 INFO: Epoch 376, Train Loss: 0.6627943438868369, Test Loss: 0.8148343414068222, Inverse Test Loss: 0.0776733011007309 
2025-01-09 14:34:21,480 INFO: Epoch 377, Train Loss: 0.6615935448677309, Test Loss: 0.8165227547287941, Inverse Test Loss: 0.07711566239595413 
2025-01-09 14:34:21,635 INFO: Epoch 378, Train Loss: 0.6624186769608529, Test Loss: 0.815768413245678, Inverse Test Loss: 0.07785521447658539 
2025-01-09 14:34:21,791 INFO: Epoch 379, Train Loss: 0.6604674535412942, Test Loss: 0.8162733912467957, Inverse Test Loss: 0.07779300957918167 
2025-01-09 14:34:21,952 INFO: Epoch 380, Train Loss: 0.6596511044809895, Test Loss: 0.8178955987095833, Inverse Test Loss: 0.07808702439069748 
2025-01-09 14:34:22,109 INFO: Epoch 381, Train Loss: 0.6603957645354732, Test Loss: 0.8171941265463829, Inverse Test Loss: 0.07746938616037369 
2025-01-09 14:34:22,279 INFO: Epoch 382, Train Loss: 0.6598073686322858, Test Loss: 0.8164230212569237, Inverse Test Loss: 0.07776159793138504 
2025-01-09 14:34:22,442 INFO: Epoch 383, Train Loss: 0.6594577412451467, Test Loss: 0.816970944404602, Inverse Test Loss: 0.07788466662168503 
2025-01-09 14:34:22,597 INFO: Epoch 384, Train Loss: 0.660699188709259, Test Loss: 0.8162828460335732, Inverse Test Loss: 0.07800661027431488 
2025-01-09 14:34:22,763 INFO: Epoch 385, Train Loss: 0.6590246808144354, Test Loss: 0.816510908305645, Inverse Test Loss: 0.0779610127210617 
