2025-06-18 17:04:25,011 INFO: log_path:/logs_2025_6_18_HS_mos2_L1_compare_AMFormer+KAN/AMFormer_simple_KAN_dim32_depth2_heads4_dropout0.4_lr0.0001_4P 
2025-06-18 17:04:25,011 INFO: Model:namespace(attn_dropout=0.4, categories=[], cluster=3, depth=2, dim=32, ff_dropout=0.4, groups=[54, 54, 54], heads=4, name='AMFormer_simple_KAN_dim32_depth2_heads4_dropout0.4', num_cate=0, num_cont=20, num_special_tokens=1, out_dim=1, predictor='simple_KAN', prod_num_per_group=[6, 6, 6], qk_relu=False, static_fusion={'kan_weight': 0.4, 'trans_weight': 0.6}, sum_num_per_group=[32, 16, 8], target_mode='regression', token_descent=False, use_cls_token=True, use_prod=True, use_row_col_attention=False, use_sigmoid=True) 
2025-06-18 17:04:25,012 INFO: lr:0.0001, loss:L1 
2025-06-18 17:04:25,012 INFO: Dataset:HS_mos2, Target:['metal4_Peak'] 
2025-06-18 17:04:25,012 INFO: ------Begin Training Model------ 
2025-06-18 17:04:32,583 INFO: Epoch 1, Train Loss: 0.355849079561956, Test Loss: 0.3754240467267878, Inverse Test Loss: 0.18521291718763463 
2025-06-18 17:04:34,480 INFO: Epoch 2, Train Loss: 0.3535187876585758, Test Loss: 0.3738016188144684, Inverse Test Loss: 0.18462793353725881 
2025-06-18 17:04:36,384 INFO: Epoch 3, Train Loss: 0.3499594014702421, Test Loss: 0.3640425012392156, Inverse Test Loss: 0.1804687275606043 
2025-06-18 17:04:38,278 INFO: Epoch 4, Train Loss: 0.32917458812395733, Test Loss: 0.3251512015567106, Inverse Test Loss: 0.16524771031211405 
2025-06-18 17:04:40,292 INFO: Epoch 5, Train Loss: 0.298944825250091, Test Loss: 0.2965124976985595, Inverse Test Loss: 0.15293843562112136 
2025-06-18 17:04:42,240 INFO: Epoch 6, Train Loss: 0.2744933484178601, Test Loss: 0.27631766129942503, Inverse Test Loss: 0.14362620474661097 
2025-06-18 17:04:44,154 INFO: Epoch 7, Train Loss: 0.26215216968998767, Test Loss: 0.2696419533561258, Inverse Test Loss: 0.1413495303953395 
2025-06-18 17:04:46,097 INFO: Epoch 8, Train Loss: 0.2570794793692502, Test Loss: 0.2654489357681835, Inverse Test Loss: 0.1394025692168404 
2025-06-18 17:04:47,982 INFO: Epoch 9, Train Loss: 0.25336139197602414, Test Loss: 0.26449941098690033, Inverse Test Loss: 0.13926885802956188 
2025-06-18 17:04:49,883 INFO: Epoch 10, Train Loss: 0.24956349035104117, Test Loss: 0.26183563646148234, Inverse Test Loss: 0.13776431670960257 
2025-06-18 17:04:51,819 INFO: Epoch 11, Train Loss: 0.24810276067618167, Test Loss: 0.26117368305430694, Inverse Test Loss: 0.13762524943141377 
2025-06-18 17:04:53,764 INFO: Epoch 12, Train Loss: 0.24572722929896731, Test Loss: 0.2588861409355612, Inverse Test Loss: 0.1362969340646968 
2025-06-18 17:04:55,671 INFO: Epoch 13, Train Loss: 0.2439379780129953, Test Loss: 0.2579902743591982, Inverse Test Loss: 0.13579718155019424 
2025-06-18 17:04:57,639 INFO: Epoch 14, Train Loss: 0.24166682926994382, Test Loss: 0.2551661966478123, Inverse Test Loss: 0.13411678812083075 
2025-06-18 17:04:59,596 INFO: Epoch 15, Train Loss: 0.2406158111989498, Test Loss: 0.25230077172026916, Inverse Test Loss: 0.13246133046991684 
2025-06-18 17:05:01,499 INFO: Epoch 16, Train Loss: 0.2388759980147535, Test Loss: 0.24953279337462256, Inverse Test Loss: 0.13088562076582627 
2025-06-18 17:05:03,390 INFO: Epoch 17, Train Loss: 0.23567378837050815, Test Loss: 0.24695107340812683, Inverse Test Loss: 0.12869045094532125 
2025-06-18 17:05:05,292 INFO: Epoch 18, Train Loss: 0.2320608954989549, Test Loss: 0.24119523342917948, Inverse Test Loss: 0.12617594924043207 
2025-06-18 17:05:07,163 INFO: Epoch 19, Train Loss: 0.22824413600293073, Test Loss: 0.23637435278471777, Inverse Test Loss: 0.12339533076566808 
2025-06-18 17:05:09,048 INFO: Epoch 20, Train Loss: 0.22604795319564414, Test Loss: 0.2284370292635525, Inverse Test Loss: 0.11851786778253667 
2025-06-18 17:05:10,943 INFO: Epoch 21, Train Loss: 0.21946615725755692, Test Loss: 0.21659725729156942, Inverse Test Loss: 0.11148806398405749 
2025-06-18 17:05:12,845 INFO: Epoch 22, Train Loss: 0.21118343937577624, Test Loss: 0.19772891700267792, Inverse Test Loss: 0.10032439538661171 
2025-06-18 17:05:14,749 INFO: Epoch 23, Train Loss: 0.19276160125931105, Test Loss: 0.16265442792107077, Inverse Test Loss: 0.07934162261731484 
2025-06-18 17:05:16,609 INFO: Epoch 24, Train Loss: 0.1720534867861054, Test Loss: 0.14742712194428725, Inverse Test Loss: 0.06975656287635074 
2025-06-18 17:05:18,513 INFO: Epoch 25, Train Loss: 0.16030514172532342, Test Loss: 0.14663915686747608, Inverse Test Loss: 0.06906394507078563 
2025-06-18 17:05:20,405 INFO: Epoch 26, Train Loss: 0.15987884591926227, Test Loss: 0.13949989658944748, Inverse Test Loss: 0.06552163927870638 
2025-06-18 17:05:22,333 INFO: Epoch 27, Train Loss: 0.1549498000831315, Test Loss: 0.1346025361734278, Inverse Test Loss: 0.06298074564513038 
2025-06-18 17:05:24,183 INFO: Epoch 28, Train Loss: 0.14990937675942073, Test Loss: 0.13071317663964102, Inverse Test Loss: 0.0611046944909236 
2025-06-18 17:05:26,072 INFO: Epoch 29, Train Loss: 0.14729235445459685, Test Loss: 0.1269546834861531, Inverse Test Loss: 0.05925961266107419 
2025-06-18 17:05:27,960 INFO: Epoch 30, Train Loss: 0.14638242407730132, Test Loss: 0.12136621619848643, Inverse Test Loss: 0.056711855947094804 
2025-06-18 17:05:29,843 INFO: Epoch 31, Train Loss: 0.14078167047012935, Test Loss: 0.11765935907469076, Inverse Test Loss: 0.05507969100247411 
2025-06-18 17:05:31,730 INFO: Epoch 32, Train Loss: 0.13855172987237122, Test Loss: 0.11769044202040224, Inverse Test Loss: 0.05510733879226096 
2025-06-18 17:05:33,608 INFO: Epoch 33, Train Loss: 0.1367976940942533, Test Loss: 0.1182791200630805, Inverse Test Loss: 0.05527413965148084 
2025-06-18 17:05:35,442 INFO: Epoch 34, Train Loss: 0.1362349447427374, Test Loss: 0.11814171404523008, Inverse Test Loss: 0.055300753234940415 
2025-06-18 17:05:37,291 INFO: Epoch 35, Train Loss: 0.1349750231161262, Test Loss: 0.11755309056709795, Inverse Test Loss: 0.05507303916794412 
2025-06-18 17:05:39,257 INFO: Epoch 36, Train Loss: 0.1321822405990326, Test Loss: 0.11632103012765155, Inverse Test Loss: 0.05453201460049433 
2025-06-18 17:05:41,156 INFO: Epoch 37, Train Loss: 0.13111092364697746, Test Loss: 0.11379898799692884, Inverse Test Loss: 0.05337169328156639 
2025-06-18 17:05:43,076 INFO: Epoch 38, Train Loss: 0.12938325603803, Test Loss: 0.115492083132267, Inverse Test Loss: 0.054194300271132416 
2025-06-18 17:05:45,016 INFO: Epoch 39, Train Loss: 0.1289148824007222, Test Loss: 0.11291322769487605, Inverse Test Loss: 0.05297789897988824 
2025-06-18 17:05:46,929 INFO: Epoch 40, Train Loss: 0.1281960572708737, Test Loss: 0.1120656310197185, Inverse Test Loss: 0.05259064365835751 
2025-06-18 17:05:48,867 INFO: Epoch 41, Train Loss: 0.12760612481471265, Test Loss: 0.11142424932297539, Inverse Test Loss: 0.05227606973665602 
2025-06-18 17:05:50,789 INFO: Epoch 42, Train Loss: 0.12636060933723595, Test Loss: 0.11123789540108513, Inverse Test Loss: 0.05221365994828589 
2025-06-18 17:05:52,870 INFO: Epoch 43, Train Loss: 0.12649892236698757, Test Loss: 0.11134041056913488, Inverse Test Loss: 0.05227462541969383 
2025-06-18 17:05:54,763 INFO: Epoch 44, Train Loss: 0.12615496315287822, Test Loss: 0.10997316504226011, Inverse Test Loss: 0.05161301331485019 
2025-06-18 17:05:56,686 INFO: Epoch 45, Train Loss: 0.12449579990722916, Test Loss: 0.11018746828331667, Inverse Test Loss: 0.051768071401645153 
2025-06-18 17:05:58,605 INFO: Epoch 46, Train Loss: 0.12551321326331658, Test Loss: 0.1091236062347889, Inverse Test Loss: 0.05124452589627575 
2025-06-18 17:06:00,577 INFO: Epoch 47, Train Loss: 0.12429281990184929, Test Loss: 0.10934170269790817, Inverse Test Loss: 0.05139023931149174 
2025-06-18 17:06:02,528 INFO: Epoch 48, Train Loss: 0.12293506334676887, Test Loss: 0.10840480862294927, Inverse Test Loss: 0.05091105543953531 
2025-06-18 17:06:04,499 INFO: Epoch 49, Train Loss: 0.12430420241346865, Test Loss: 0.10799815330435247, Inverse Test Loss: 0.05073287064100013 
2025-06-18 17:06:06,444 INFO: Epoch 50, Train Loss: 0.12155174238212181, Test Loss: 0.10908971113317154, Inverse Test Loss: 0.05124332229880726 
2025-06-18 17:06:08,376 INFO: Epoch 51, Train Loss: 0.12230555447890903, Test Loss: 0.10854674415553317, Inverse Test Loss: 0.051015930140719694 
2025-06-18 17:06:10,301 INFO: Epoch 52, Train Loss: 0.12133744449326486, Test Loss: 0.10879455857417163, Inverse Test Loss: 0.05115088316447595 
2025-06-18 17:06:12,248 INFO: Epoch 53, Train Loss: 0.12011264738711444, Test Loss: 0.10692469096359085, Inverse Test Loss: 0.050290471600259054 
2025-06-18 17:06:14,154 INFO: Epoch 54, Train Loss: 0.12042140272079092, Test Loss: 0.10493356931735487, Inverse Test Loss: 0.04931612268966787 
2025-06-18 17:06:16,071 INFO: Epoch 55, Train Loss: 0.11950340596112338, Test Loss: 0.1056516049977611, Inverse Test Loss: 0.04970405020696275 
2025-06-18 17:06:17,977 INFO: Epoch 56, Train Loss: 0.11764733741680782, Test Loss: 0.10676044094211914, Inverse Test Loss: 0.05020626798710402 
2025-06-18 17:06:19,907 INFO: Epoch 57, Train Loss: 0.11921452742182848, Test Loss: 0.10411982391687001, Inverse Test Loss: 0.04906492866575718 
2025-06-18 17:06:21,853 INFO: Epoch 58, Train Loss: 0.11814874071966518, Test Loss: 0.10399585414458723, Inverse Test Loss: 0.04899196940309861 
2025-06-18 17:06:23,843 INFO: Epoch 59, Train Loss: 0.1189728227980209, Test Loss: 0.10244480739621555, Inverse Test Loss: 0.04824943763806539 
2025-06-18 17:06:25,845 INFO: Epoch 60, Train Loss: 0.11742026957147049, Test Loss: 0.1024805077296846, Inverse Test Loss: 0.04830358232207158 
2025-06-18 17:06:27,738 INFO: Epoch 61, Train Loss: 0.11687030959309953, Test Loss: 0.10212235612904325, Inverse Test Loss: 0.04814261055606253 
2025-06-18 17:06:29,754 INFO: Epoch 62, Train Loss: 0.1170466850427064, Test Loss: 0.10182529271525495, Inverse Test Loss: 0.04800928909988964 
2025-06-18 17:06:31,714 INFO: Epoch 63, Train Loss: 0.11514719220047648, Test Loss: 0.10082334849764318, Inverse Test Loss: 0.04754388365237152 
2025-06-18 17:06:33,694 INFO: Epoch 64, Train Loss: 0.11477155915715477, Test Loss: 0.10116248117650256, Inverse Test Loss: 0.04772368610343512 
2025-06-18 17:06:35,715 INFO: Epoch 65, Train Loss: 0.11531114262161833, Test Loss: 0.0998775720158044, Inverse Test Loss: 0.04712821061120314 
2025-06-18 17:06:37,666 INFO: Epoch 66, Train Loss: 0.11329624423700752, Test Loss: 0.0993570109062335, Inverse Test Loss: 0.04687877317123553 
2025-06-18 17:06:39,568 INFO: Epoch 67, Train Loss: 0.1144178689203479, Test Loss: 0.10130860503105556, Inverse Test Loss: 0.047832004178096264 
2025-06-18 17:06:41,483 INFO: Epoch 68, Train Loss: 0.11310010013932531, Test Loss: 0.0995407595353968, Inverse Test Loss: 0.046990140943842774 
2025-06-18 17:06:43,430 INFO: Epoch 69, Train Loss: 0.11350451737190738, Test Loss: 0.09874400759444517, Inverse Test Loss: 0.04662387007299591 
2025-06-18 17:06:45,372 INFO: Epoch 70, Train Loss: 0.11225042458284985, Test Loss: 0.09922158630455241, Inverse Test Loss: 0.046874518451445246 
2025-06-18 17:06:47,325 INFO: Epoch 71, Train Loss: 0.11254576525904915, Test Loss: 0.09915467132540311, Inverse Test Loss: 0.04689046291305738 
2025-06-18 17:06:49,309 INFO: Epoch 72, Train Loss: 0.11187546203533809, Test Loss: 0.09945174832554425, Inverse Test Loss: 0.047034647754010034 
2025-06-18 17:06:51,329 INFO: Epoch 73, Train Loss: 0.11176300872907494, Test Loss: 0.09787084206062205, Inverse Test Loss: 0.04624161168056376 
2025-06-18 17:06:53,327 INFO: Epoch 74, Train Loss: 0.11157197234305469, Test Loss: 0.09765795859343865, Inverse Test Loss: 0.04621473579284023 
2025-06-18 17:06:55,272 INFO: Epoch 75, Train Loss: 0.11071876221985529, Test Loss: 0.09719233740778531, Inverse Test Loss: 0.046015985748347116 
2025-06-18 17:06:57,205 INFO: Epoch 76, Train Loss: 0.11053830080411652, Test Loss: 0.09837481379508972, Inverse Test Loss: 0.04648545548758086 
2025-06-18 17:06:59,272 INFO: Epoch 77, Train Loss: 0.10975127723632437, Test Loss: 0.09773971600567594, Inverse Test Loss: 0.046270018991302043 
2025-06-18 17:07:01,166 INFO: Epoch 78, Train Loss: 0.11125233729906155, Test Loss: 0.09698739341076683, Inverse Test Loss: 0.04585771196905304 
2025-06-18 17:07:03,074 INFO: Epoch 79, Train Loss: 0.10937817293134602, Test Loss: 0.09711804876432699, Inverse Test Loss: 0.04592881789978813 
2025-06-18 17:07:04,989 INFO: Epoch 80, Train Loss: 0.10928469698763255, Test Loss: 0.09778028310221784, Inverse Test Loss: 0.04629963987013873 
2025-06-18 17:07:06,905 INFO: Epoch 81, Train Loss: 0.1092511827521252, Test Loss: 0.0983924385817612, Inverse Test Loss: 0.04658730821136166 
2025-06-18 17:07:08,845 INFO: Epoch 82, Train Loss: 0.10942263438394575, Test Loss: 0.0973248628570753, Inverse Test Loss: 0.04611455046517007 
2025-06-18 17:07:10,815 INFO: Epoch 83, Train Loss: 0.10827807461222012, Test Loss: 0.09629676973118502, Inverse Test Loss: 0.04550810826613622 
2025-06-18 17:07:12,800 INFO: Epoch 84, Train Loss: 0.10928243799417307, Test Loss: 0.0957876724355361, Inverse Test Loss: 0.045371694271178806 
2025-06-18 17:07:14,712 INFO: Epoch 85, Train Loss: 0.10764392724994457, Test Loss: 0.09693589127239059, Inverse Test Loss: 0.045923686093267274 
2025-06-18 17:07:16,643 INFO: Epoch 86, Train Loss: 0.10853204797163155, Test Loss: 0.0955774085048367, Inverse Test Loss: 0.045337982256622875 
2025-06-18 17:07:18,534 INFO: Epoch 87, Train Loss: 0.10686234542817781, Test Loss: 0.09657365719185156, Inverse Test Loss: 0.04574600892031894 
2025-06-18 17:07:20,438 INFO: Epoch 88, Train Loss: 0.10797160316371557, Test Loss: 0.09660037387819852, Inverse Test Loss: 0.04576747470042285 
2025-06-18 17:07:22,390 INFO: Epoch 89, Train Loss: 0.10680897003321936, Test Loss: 0.094881592427983, Inverse Test Loss: 0.04504125269458575 
2025-06-18 17:07:24,360 INFO: Epoch 90, Train Loss: 0.10764065689661285, Test Loss: 0.09598900005221367, Inverse Test Loss: 0.04550001069026835 
2025-06-18 17:07:26,297 INFO: Epoch 91, Train Loss: 0.10771123353730548, Test Loss: 0.09684593274312861, Inverse Test Loss: 0.0459051585811026 
2025-06-18 17:07:28,246 INFO: Epoch 92, Train Loss: 0.10548720170151103, Test Loss: 0.09424174971440259, Inverse Test Loss: 0.04466697880450417 
2025-06-18 17:07:30,194 INFO: Epoch 93, Train Loss: 0.1071347678926858, Test Loss: 0.09394425175645772, Inverse Test Loss: 0.04453543047694599 
2025-06-18 17:07:32,118 INFO: Epoch 94, Train Loss: 0.10578070033454534, Test Loss: 0.09475718153750196, Inverse Test Loss: 0.04497302224969163 
2025-06-18 17:07:34,097 INFO: Epoch 95, Train Loss: 0.10713009671731429, Test Loss: 0.09417830845888923, Inverse Test Loss: 0.04459893495282706 
2025-06-18 17:07:36,041 INFO: Epoch 96, Train Loss: 0.10512808337807655, Test Loss: 0.09425877626327907, Inverse Test Loss: 0.04468984189717209 
2025-06-18 17:07:37,980 INFO: Epoch 97, Train Loss: 0.10574227131225845, Test Loss: 0.09550615816431887, Inverse Test Loss: 0.04528670418350136 
2025-06-18 17:07:39,909 INFO: Epoch 98, Train Loss: 0.10562110658396374, Test Loss: 0.09414280490840182, Inverse Test Loss: 0.04465116900117958 
2025-06-18 17:07:41,858 INFO: Epoch 99, Train Loss: 0.10496502821192596, Test Loss: 0.09402722952996984, Inverse Test Loss: 0.04460820478989797 
2025-06-18 17:07:43,818 INFO: Epoch 100, Train Loss: 0.10473005050285296, Test Loss: 0.09409229786080472, Inverse Test Loss: 0.04464845983859371 
2025-06-18 17:07:43,819 INFO: Best Epoch 93, Best Test Loss: 0.09394425175645772, Inverse Test Loss: 0.04453543047694599 
2025-06-18 17:07:45,718 INFO: Epoch 101, Train Loss: 0.10593260706148365, Test Loss: 0.09409237587276627, Inverse Test Loss: 0.04467599061043823 
2025-06-18 17:07:47,595 INFO: Epoch 102, Train Loss: 0.10503133792768825, Test Loss: 0.09386825912138995, Inverse Test Loss: 0.044560663292513174 
2025-06-18 17:07:49,519 INFO: Epoch 103, Train Loss: 0.1046752438626506, Test Loss: 0.09388053548686645, Inverse Test Loss: 0.04456779722343473 
2025-06-18 17:07:51,443 INFO: Epoch 104, Train Loss: 0.10442783322298166, Test Loss: 0.09362500511548098, Inverse Test Loss: 0.04446636896361323 
2025-06-18 17:07:53,371 INFO: Epoch 105, Train Loss: 0.10374689215060437, Test Loss: 0.09349014741532943, Inverse Test Loss: 0.044398858376285606 
2025-06-18 17:07:55,310 INFO: Epoch 106, Train Loss: 0.10418707493579749, Test Loss: 0.09356168482233496, Inverse Test Loss: 0.044387812452281225 
2025-06-18 17:07:57,294 INFO: Epoch 107, Train Loss: 0.10428894514387305, Test Loss: 0.09313725000795196, Inverse Test Loss: 0.044144563924740345 
2025-06-18 17:07:59,220 INFO: Epoch 108, Train Loss: 0.10338985372447607, Test Loss: 0.09308546124135747, Inverse Test Loss: 0.04411182125263354 
2025-06-18 17:08:01,228 INFO: Epoch 109, Train Loss: 0.10479639532665412, Test Loss: 0.09271826222538948, Inverse Test Loss: 0.04395790573428659 
2025-06-18 17:08:03,171 INFO: Epoch 110, Train Loss: 0.1035464693312392, Test Loss: 0.09336244599784121, Inverse Test Loss: 0.04432889041216934 
2025-06-18 17:08:05,125 INFO: Epoch 111, Train Loss: 0.10332615780785229, Test Loss: 0.09337728865006391, Inverse Test Loss: 0.044209357460632044 
2025-06-18 17:08:07,088 INFO: Epoch 112, Train Loss: 0.10320339859886603, Test Loss: 0.09299211357446278, Inverse Test Loss: 0.044049575048334455 
2025-06-18 17:08:09,008 INFO: Epoch 113, Train Loss: 0.10391233184120872, Test Loss: 0.09233038434210945, Inverse Test Loss: 0.04375714293735869 
2025-06-18 17:08:10,907 INFO: Epoch 114, Train Loss: 0.10236952956201452, Test Loss: 0.09240041388308301, Inverse Test Loss: 0.0438017171314534 
2025-06-18 17:08:12,862 INFO: Epoch 115, Train Loss: 0.10281637141650374, Test Loss: 0.09261644259095192, Inverse Test Loss: 0.04389553385622361 
2025-06-18 17:08:14,776 INFO: Epoch 116, Train Loss: 0.10272611305117607, Test Loss: 0.09269808758707608, Inverse Test Loss: 0.04397649920600302 
2025-06-18 17:08:16,718 INFO: Epoch 117, Train Loss: 0.10273161835291168, Test Loss: 0.09390511604792931, Inverse Test Loss: 0.04458815976977348 
2025-06-18 17:08:18,689 INFO: Epoch 118, Train Loss: 0.10309512608430603, Test Loss: 0.09232098477728226, Inverse Test Loss: 0.04381783985916306 
2025-06-18 17:08:20,649 INFO: Epoch 119, Train Loss: 0.10264771109954877, Test Loss: 0.0923339823151336, Inverse Test Loss: 0.04381966262179263 
2025-06-18 17:08:22,607 INFO: Epoch 120, Train Loss: 0.10229340906847607, Test Loss: 0.09259159315158338, Inverse Test Loss: 0.043885948355583584 
2025-06-18 17:08:24,518 INFO: Epoch 121, Train Loss: 0.10314448307635206, Test Loss: 0.09304619317545611, Inverse Test Loss: 0.044194542200249785 
2025-06-18 17:08:26,463 INFO: Epoch 122, Train Loss: 0.10217111817363536, Test Loss: 0.09232371125151129, Inverse Test Loss: 0.0437818833572023 
2025-06-18 17:08:28,415 INFO: Epoch 123, Train Loss: 0.10196753303435716, Test Loss: 0.09324812560397036, Inverse Test Loss: 0.0441707038484952 
2025-06-18 17:08:30,363 INFO: Epoch 124, Train Loss: 0.10183150180135712, Test Loss: 0.09435132102054708, Inverse Test Loss: 0.04477906829732306 
2025-06-18 17:08:32,282 INFO: Epoch 125, Train Loss: 0.10220625364419186, Test Loss: 0.0922726217438193, Inverse Test Loss: 0.043712888899094915 
2025-06-18 17:08:34,205 INFO: Epoch 126, Train Loss: 0.10114990919828415, Test Loss: 0.09209123516783994, Inverse Test Loss: 0.04363670824643444 
2025-06-18 17:08:36,143 INFO: Epoch 127, Train Loss: 0.10190755569122055, Test Loss: 0.09265005698098856, Inverse Test Loss: 0.043986047672874784 
2025-06-18 17:08:38,120 INFO: Epoch 128, Train Loss: 0.10099737487281814, Test Loss: 0.09233817480066243, Inverse Test Loss: 0.04382123228381662 
2025-06-18 17:08:40,069 INFO: Epoch 129, Train Loss: 0.10013151987258231, Test Loss: 0.09221879349035375, Inverse Test Loss: 0.04367800319896025 
2025-06-18 17:08:41,982 INFO: Epoch 130, Train Loss: 0.10093853137258327, Test Loss: 0.09256362739731283, Inverse Test Loss: 0.04389173011569416 
2025-06-18 17:08:43,933 INFO: Epoch 131, Train Loss: 0.1013658656879808, Test Loss: 0.09171209681560011, Inverse Test Loss: 0.0434851465637193 
2025-06-18 17:08:45,848 INFO: Epoch 132, Train Loss: 0.10233068737116727, Test Loss: 0.09285781707833796, Inverse Test Loss: 0.04405111019663951 
2025-06-18 17:08:47,749 INFO: Epoch 133, Train Loss: 0.10116055432819959, Test Loss: 0.09221732068587751, Inverse Test Loss: 0.043728827663204246 
2025-06-18 17:08:49,679 INFO: Epoch 134, Train Loss: 0.10085764126569936, Test Loss: 0.09244171025998452, Inverse Test Loss: 0.043822533177102316 
2025-06-18 17:08:51,599 INFO: Epoch 135, Train Loss: 0.10011577662644965, Test Loss: 0.09203408395542818, Inverse Test Loss: 0.04366065561771393 
2025-06-18 17:08:53,482 INFO: Epoch 136, Train Loss: 0.10025493597442453, Test Loss: 0.09135694034835871, Inverse Test Loss: 0.0433825865826186 
2025-06-18 17:08:55,411 INFO: Epoch 137, Train Loss: 0.10004792272141486, Test Loss: 0.09163897659848719, Inverse Test Loss: 0.043464388807906824 
2025-06-18 17:08:57,349 INFO: Epoch 138, Train Loss: 0.09930049565931161, Test Loss: 0.0917450207121232, Inverse Test Loss: 0.043508955003584135 
2025-06-18 17:08:59,239 INFO: Epoch 139, Train Loss: 0.09994111424594214, Test Loss: 0.09247937053442001, Inverse Test Loss: 0.04378844688043875 
2025-06-18 17:09:01,149 INFO: Epoch 140, Train Loss: 0.10103399741152923, Test Loss: 0.0914732281337766, Inverse Test Loss: 0.04341415436390568 
2025-06-18 17:09:03,065 INFO: Epoch 141, Train Loss: 0.09964503393028722, Test Loss: 0.09111472043920965, Inverse Test Loss: 0.043185312191353124 
2025-06-18 17:09:05,016 INFO: Epoch 142, Train Loss: 0.09912770106033846, Test Loss: 0.09162085766301435, Inverse Test Loss: 0.0434015425031676 
2025-06-18 17:09:07,010 INFO: Epoch 143, Train Loss: 0.09887075740279573, Test Loss: 0.09162068805273842, Inverse Test Loss: 0.043420532499166095 
2025-06-18 17:09:08,971 INFO: Epoch 144, Train Loss: 0.10032164706199458, Test Loss: 0.09170883784399313, Inverse Test Loss: 0.043448067325003004 
2025-06-18 17:09:10,875 INFO: Epoch 145, Train Loss: 0.10014414815514376, Test Loss: 0.09155260114108815, Inverse Test Loss: 0.043403578264748346 
2025-06-18 17:09:12,782 INFO: Epoch 146, Train Loss: 0.0995957852538788, Test Loss: 0.09173948120544939, Inverse Test Loss: 0.04353269123855759 
2025-06-18 17:09:14,657 INFO: Epoch 147, Train Loss: 0.09824188601112727, Test Loss: 0.0920226716381662, Inverse Test Loss: 0.04363539157544866 
2025-06-18 17:09:16,551 INFO: Epoch 148, Train Loss: 0.0992253077301112, Test Loss: 0.09093547064591856, Inverse Test Loss: 0.04308332656236256 
2025-06-18 17:09:18,422 INFO: Epoch 149, Train Loss: 0.09905720524715655, Test Loss: 0.09155891375506625, Inverse Test Loss: 0.043405493502231204 
2025-06-18 17:09:20,303 INFO: Epoch 150, Train Loss: 0.09815369992319381, Test Loss: 0.0916709724594565, Inverse Test Loss: 0.04347385926281705 
2025-06-18 17:09:22,216 INFO: Epoch 151, Train Loss: 0.0984451991477699, Test Loss: 0.09116003859569044, Inverse Test Loss: 0.04323493656428421 
2025-06-18 17:09:24,139 INFO: Epoch 152, Train Loss: 0.09797407692354737, Test Loss: 0.090938802151119, Inverse Test Loss: 0.04318048333858743 
2025-06-18 17:09:26,013 INFO: Epoch 153, Train Loss: 0.09827954316455306, Test Loss: 0.09103656647836461, Inverse Test Loss: 0.04308896292658413 
2025-06-18 17:09:27,932 INFO: Epoch 154, Train Loss: 0.09876998542158892, Test Loss: 0.09211169490042855, Inverse Test Loss: 0.043648977599599785 
2025-06-18 17:09:29,854 INFO: Epoch 155, Train Loss: 0.09806844055878394, Test Loss: 0.09243707402664073, Inverse Test Loss: 0.04384965898797793 
2025-06-18 17:09:31,786 INFO: Epoch 156, Train Loss: 0.09824243131460565, Test Loss: 0.09137775266871732, Inverse Test Loss: 0.043280543102061045 
2025-06-18 17:09:33,681 INFO: Epoch 157, Train Loss: 0.0993892556677262, Test Loss: 0.09106984866016052, Inverse Test Loss: 0.04315091253203504 
2025-06-18 17:09:35,604 INFO: Epoch 158, Train Loss: 0.09826227390404904, Test Loss: 0.09112565876806483, Inverse Test Loss: 0.04327539584654219 
2025-06-18 17:09:37,535 INFO: Epoch 159, Train Loss: 0.09832960474445965, Test Loss: 0.0904377573991523, Inverse Test Loss: 0.0428718972732039 
2025-06-18 17:09:39,432 INFO: Epoch 160, Train Loss: 0.09799141719034224, Test Loss: 0.09077606963760712, Inverse Test Loss: 0.04308792598107282 
2025-06-18 17:09:41,358 INFO: Epoch 161, Train Loss: 0.09903810314382568, Test Loss: 0.09083990073379349, Inverse Test Loss: 0.04307021858061061 
2025-06-18 17:09:43,280 INFO: Epoch 162, Train Loss: 0.09818636964667928, Test Loss: 0.0905179021989598, Inverse Test Loss: 0.042964890160981345 
2025-06-18 17:09:45,227 INFO: Epoch 163, Train Loss: 0.09722509054523526, Test Loss: 0.09052114495459725, Inverse Test Loss: 0.04287299634340931 
2025-06-18 17:09:47,166 INFO: Epoch 164, Train Loss: 0.09778261466911345, Test Loss: 0.09173963832504609, Inverse Test Loss: 0.04350858302239109 
2025-06-18 17:09:49,075 INFO: Epoch 165, Train Loss: 0.0976283596546361, Test Loss: 0.09064611945958699, Inverse Test Loss: 0.042947636259829294 
2025-06-18 17:09:50,980 INFO: Epoch 166, Train Loss: 0.09797909212383357, Test Loss: 0.09105127129484625, Inverse Test Loss: 0.04320931171669679 
2025-06-18 17:09:52,864 INFO: Epoch 167, Train Loss: 0.09730726170043151, Test Loss: 0.09087482730255407, Inverse Test Loss: 0.04309013661216287 
2025-06-18 17:09:54,760 INFO: Epoch 168, Train Loss: 0.09794391618307793, Test Loss: 0.09093653739375226, Inverse Test Loss: 0.04312895052134991 
2025-06-18 17:09:56,678 INFO: Epoch 169, Train Loss: 0.09650840305469253, Test Loss: 0.09127238546224202, Inverse Test Loss: 0.04327144923017306 
2025-06-18 17:09:58,579 INFO: Epoch 170, Train Loss: 0.0969239930537614, Test Loss: 0.09029689847546465, Inverse Test Loss: 0.04279296067269409 
2025-06-18 17:10:00,445 INFO: Epoch 171, Train Loss: 0.09697116290529569, Test Loss: 0.09023516668992884, Inverse Test Loss: 0.04279937222599983 
2025-06-18 17:10:02,371 INFO: Epoch 172, Train Loss: 0.09727431241084229, Test Loss: 0.09051016564754878, Inverse Test Loss: 0.042909379719811326 
2025-06-18 17:10:04,350 INFO: Epoch 173, Train Loss: 0.09676869078115984, Test Loss: 0.09055264841984301, Inverse Test Loss: 0.04287766073556507 
2025-06-18 17:10:06,325 INFO: Epoch 174, Train Loss: 0.0967108326766527, Test Loss: 0.09025293676292195, Inverse Test Loss: 0.042839891770306754 
2025-06-18 17:10:08,276 INFO: Epoch 175, Train Loss: 0.0972094705159014, Test Loss: 0.0900316768709351, Inverse Test Loss: 0.04261290939415202 
2025-06-18 17:10:10,379 INFO: Epoch 176, Train Loss: 0.09762946459831613, Test Loss: 0.09019911552176756, Inverse Test Loss: 0.04276618920266628 
2025-06-18 17:10:12,374 INFO: Epoch 177, Train Loss: 0.09566936613709638, Test Loss: 0.08957727757446907, Inverse Test Loss: 0.042444280074799765 
2025-06-18 17:10:14,269 INFO: Epoch 178, Train Loss: 0.09600953944027424, Test Loss: 0.0903073400259018, Inverse Test Loss: 0.042749077958219195 
2025-06-18 17:10:16,164 INFO: Epoch 179, Train Loss: 0.09489242247108257, Test Loss: 0.09084084564272095, Inverse Test Loss: 0.042945624603068125 
2025-06-18 17:10:17,997 INFO: Epoch 180, Train Loss: 0.09615153441149177, Test Loss: 0.09060850454603925, Inverse Test Loss: 0.042973524288219565 
2025-06-18 17:10:19,873 INFO: Epoch 181, Train Loss: 0.0961969502157334, Test Loss: 0.08958293563302826, Inverse Test Loss: 0.04241496916202938 
2025-06-18 17:10:21,755 INFO: Epoch 182, Train Loss: 0.0971353854984045, Test Loss: 0.08952610128942658, Inverse Test Loss: 0.04235963019378045 
2025-06-18 17:10:23,758 INFO: Epoch 183, Train Loss: 0.09540559120024696, Test Loss: 0.08991068733089111, Inverse Test Loss: 0.04257274725857903 
2025-06-18 17:10:25,790 INFO: Epoch 184, Train Loss: 0.0960929375706297, Test Loss: 0.08997062900487114, Inverse Test Loss: 0.04262354170136592 
2025-06-18 17:10:27,808 INFO: Epoch 185, Train Loss: 0.09572417695413936, Test Loss: 0.09087956302306231, Inverse Test Loss: 0.04301842532175429 
2025-06-18 17:10:29,894 INFO: Epoch 186, Train Loss: 0.09617850635990952, Test Loss: 0.08960927146322586, Inverse Test Loss: 0.04243681908530347 
2025-06-18 17:10:31,841 INFO: Epoch 187, Train Loss: 0.09554414744630005, Test Loss: 0.08939755423104062, Inverse Test Loss: 0.04230280976523371 
2025-06-18 17:10:33,741 INFO: Epoch 188, Train Loss: 0.09397049242574157, Test Loss: 0.08967253521961324, Inverse Test Loss: 0.04246260631172096 
2025-06-18 17:10:35,661 INFO: Epoch 189, Train Loss: 0.09510865784955747, Test Loss: 0.08937940834199681, Inverse Test Loss: 0.04234507734722951 
2025-06-18 17:10:37,539 INFO: Epoch 190, Train Loss: 0.0953312244153384, Test Loss: 0.08929768577218056, Inverse Test Loss: 0.04231152464361752 
2025-06-18 17:10:39,494 INFO: Epoch 191, Train Loss: 0.09538944460677379, Test Loss: 0.09060834764557726, Inverse Test Loss: 0.04288620490799932 
2025-06-18 17:10:41,414 INFO: Epoch 192, Train Loss: 0.09596653327797398, Test Loss: 0.08893789570121204, Inverse Test Loss: 0.0421363032039474 
2025-06-18 17:10:43,422 INFO: Epoch 193, Train Loss: 0.09499100211894873, Test Loss: 0.08936475348823211, Inverse Test Loss: 0.04231829097604051 
2025-06-18 17:10:45,973 INFO: Epoch 194, Train Loss: 0.09492808563465421, Test Loss: 0.08926670340930715, Inverse Test Loss: 0.04225438909933848 
2025-06-18 17:10:48,563 INFO: Epoch 195, Train Loss: 0.09547632644799622, Test Loss: 0.08957892743980184, Inverse Test Loss: 0.0424593653091613 
2025-06-18 17:10:51,070 INFO: Epoch 196, Train Loss: 0.0951519724207394, Test Loss: 0.08950140787398114, Inverse Test Loss: 0.042390850975232965 
2025-06-18 17:10:53,587 INFO: Epoch 197, Train Loss: 0.09432392398064787, Test Loss: 0.08998200472663431, Inverse Test Loss: 0.04254087444175692 
2025-06-18 17:10:56,438 INFO: Epoch 198, Train Loss: 0.09395047412677245, Test Loss: 0.08986841668100919, Inverse Test Loss: 0.0425560628885732 
2025-06-18 17:10:59,270 INFO: Epoch 199, Train Loss: 0.09390467252920974, Test Loss: 0.08964561517624293, Inverse Test Loss: 0.042443007121191305 
2025-06-18 17:11:00,863 INFO: Epoch 200, Train Loss: 0.09421898069029505, Test Loss: 0.08960313328048762, Inverse Test Loss: 0.0423623030895696 
2025-06-18 17:11:00,863 INFO: Best Epoch 192, Best Test Loss: 0.08893789570121204, Inverse Test Loss: 0.0421363032039474 
2025-06-18 17:11:02,815 INFO: Epoch 201, Train Loss: 0.09408316157306686, Test Loss: 0.08908538103980176, Inverse Test Loss: 0.04215569279211409 
2025-06-18 17:11:04,760 INFO: Epoch 202, Train Loss: 0.09436939498691847, Test Loss: 0.08924240662771113, Inverse Test Loss: 0.04227869727594011 
2025-06-18 17:11:06,764 INFO: Epoch 203, Train Loss: 0.09382552693061756, Test Loss: 0.08981194347143173, Inverse Test Loss: 0.04246078902745948 
2025-06-18 17:11:08,702 INFO: Epoch 204, Train Loss: 0.09419002722610127, Test Loss: 0.08921676611199099, Inverse Test Loss: 0.042239272528711486 
2025-06-18 17:11:10,680 INFO: Epoch 205, Train Loss: 0.09419762518144015, Test Loss: 0.08962801296044798, Inverse Test Loss: 0.04245196896440843 
2025-06-18 17:11:12,617 INFO: Epoch 206, Train Loss: 0.09430384167441816, Test Loss: 0.08932362935122322, Inverse Test Loss: 0.04228121064165059 
2025-06-18 17:11:14,505 INFO: Epoch 207, Train Loss: 0.09504396632087952, Test Loss: 0.0893316507777747, Inverse Test Loss: 0.04236767451991053 
2025-06-18 17:11:16,435 INFO: Epoch 208, Train Loss: 0.09409821434228709, Test Loss: 0.08858718328616198, Inverse Test Loss: 0.04197749265414827 
2025-06-18 17:11:18,422 INFO: Epoch 209, Train Loss: 0.09438620507717133, Test Loss: 0.08900035567143384, Inverse Test Loss: 0.04213192467303837 
2025-06-18 17:11:20,334 INFO: Epoch 210, Train Loss: 0.09355877255174247, Test Loss: 0.08984474991174306, Inverse Test Loss: 0.042547196368960774 
2025-06-18 17:11:22,216 INFO: Epoch 211, Train Loss: 0.09319368823233878, Test Loss: 0.09001762902035433, Inverse Test Loss: 0.04259256262551336 
2025-06-18 17:11:24,092 INFO: Epoch 212, Train Loss: 0.09355543559473573, Test Loss: 0.08852831120876704, Inverse Test Loss: 0.041862963315318615 
2025-06-18 17:11:26,039 INFO: Epoch 213, Train Loss: 0.09285831067598227, Test Loss: 0.0887101428473697, Inverse Test Loss: 0.04201008313718964 
2025-06-18 17:11:27,953 INFO: Epoch 214, Train Loss: 0.09299167601222341, Test Loss: 0.08897182213909485, Inverse Test Loss: 0.0421290042645791 
2025-06-18 17:11:29,776 INFO: Epoch 215, Train Loss: 0.09363028384519345, Test Loss: 0.08856329475255574, Inverse Test Loss: 0.04185864186900504 
2025-06-18 17:11:31,665 INFO: Epoch 216, Train Loss: 0.0926922990968733, Test Loss: 0.08918580588172464, Inverse Test Loss: 0.04214541581185425 
2025-06-18 17:11:33,537 INFO: Epoch 217, Train Loss: 0.09209405732425777, Test Loss: 0.08975029583362971, Inverse Test Loss: 0.042488675674094874 
2025-06-18 17:11:35,408 INFO: Epoch 218, Train Loss: 0.0927416817144011, Test Loss: 0.08892487997517866, Inverse Test Loss: 0.04209428872255718 
2025-06-18 17:11:37,300 INFO: Epoch 219, Train Loss: 0.09337885943100308, Test Loss: 0.08888984822175082, Inverse Test Loss: 0.0420626905911109 
2025-06-18 17:11:39,191 INFO: Epoch 220, Train Loss: 0.09264678745107217, Test Loss: 0.08885601623093381, Inverse Test Loss: 0.04208198222605621 
2025-06-18 17:11:41,068 INFO: Epoch 221, Train Loss: 0.0928736145636349, Test Loss: 0.08875524800489931, Inverse Test Loss: 0.04199407172991949 
2025-06-18 17:11:42,932 INFO: Epoch 222, Train Loss: 0.09351684937648701, Test Loss: 0.08950898248483152, Inverse Test Loss: 0.04235591827070012 
2025-06-18 17:11:44,814 INFO: Epoch 223, Train Loss: 0.09345033776127931, Test Loss: 0.08845899166429744, Inverse Test Loss: 0.0418461383703877 
2025-06-18 17:11:46,678 INFO: Epoch 224, Train Loss: 0.09262321358828833, Test Loss: 0.08852480439578786, Inverse Test Loss: 0.04185815100722453 
2025-06-18 17:11:48,558 INFO: Epoch 225, Train Loss: 0.09265694524528402, Test Loss: 0.08934762920526897, Inverse Test Loss: 0.042173786746228445 
2025-06-18 17:11:50,455 INFO: Epoch 226, Train Loss: 0.09296563612014959, Test Loss: 0.08829265460371971, Inverse Test Loss: 0.04177112165181076 
2025-06-18 17:11:52,352 INFO: Epoch 227, Train Loss: 0.09285232294915301, Test Loss: 0.08843150121324203, Inverse Test Loss: 0.04182791896164417 
2025-06-18 17:11:54,233 INFO: Epoch 228, Train Loss: 0.09158355680604775, Test Loss: 0.08889859454596744, Inverse Test Loss: 0.04193387673619915 
2025-06-18 17:11:56,127 INFO: Epoch 229, Train Loss: 0.092011090763139, Test Loss: 0.0885062419316348, Inverse Test Loss: 0.04184873796561185 
2025-06-18 17:11:58,016 INFO: Epoch 230, Train Loss: 0.09253563466622974, Test Loss: 0.08846840196672608, Inverse Test Loss: 0.04181603145073442 
2025-06-18 17:11:59,904 INFO: Epoch 231, Train Loss: 0.09126946234116048, Test Loss: 0.08829235132126247, Inverse Test Loss: 0.04166375045828959 
2025-06-18 17:12:01,782 INFO: Epoch 232, Train Loss: 0.09199750604051532, Test Loss: 0.08827763204188908, Inverse Test Loss: 0.0416793257874601 
2025-06-18 17:12:03,650 INFO: Epoch 233, Train Loss: 0.0918966071736632, Test Loss: 0.08811774849891663, Inverse Test Loss: 0.04163552995990304 
2025-06-18 17:12:05,532 INFO: Epoch 234, Train Loss: 0.0926450550781958, Test Loss: 0.0890936590731144, Inverse Test Loss: 0.04207841317881556 
2025-06-18 17:12:07,428 INFO: Epoch 235, Train Loss: 0.09197189162174861, Test Loss: 0.08810522757908877, Inverse Test Loss: 0.0416579979526646 
2025-06-18 17:12:09,311 INFO: Epoch 236, Train Loss: 0.09084866833731983, Test Loss: 0.08863080402507502, Inverse Test Loss: 0.04177432846935356 
2025-06-18 17:12:11,218 INFO: Epoch 237, Train Loss: 0.09225055880167267, Test Loss: 0.08802438812220797, Inverse Test Loss: 0.04162194985238945 
2025-06-18 17:12:13,111 INFO: Epoch 238, Train Loss: 0.09245024977082555, Test Loss: 0.0881047286093235, Inverse Test Loss: 0.041679423411979395 
2025-06-18 17:12:14,982 INFO: Epoch 239, Train Loss: 0.09146156794194019, Test Loss: 0.08813995407784686, Inverse Test Loss: 0.041704600457759464 
2025-06-18 17:12:16,870 INFO: Epoch 240, Train Loss: 0.09160499173131856, Test Loss: 0.08783670580562424, Inverse Test Loss: 0.041518454494721746 
2025-06-18 17:12:18,748 INFO: Epoch 241, Train Loss: 0.09154332005842165, Test Loss: 0.08833036681308466, Inverse Test Loss: 0.041735700605546724 
2025-06-18 17:12:20,642 INFO: Epoch 242, Train Loss: 0.09152615087276156, Test Loss: 0.08847862723119118, Inverse Test Loss: 0.041758380392018485 
2025-06-18 17:12:22,527 INFO: Epoch 243, Train Loss: 0.090735085252108, Test Loss: 0.08930796582032652, Inverse Test Loss: 0.04215206786551896 
2025-06-18 17:12:24,429 INFO: Epoch 244, Train Loss: 0.09030301552830321, Test Loss: 0.0882044796119718, Inverse Test Loss: 0.041575142894597614 
2025-06-18 17:12:26,326 INFO: Epoch 245, Train Loss: 0.09185410432065978, Test Loss: 0.08859602033215411, Inverse Test Loss: 0.04196438763071509 
2025-06-18 17:12:28,211 INFO: Epoch 246, Train Loss: 0.09034147655422037, Test Loss: 0.0878618230276248, Inverse Test Loss: 0.04155328497290611 
2025-06-18 17:12:30,109 INFO: Epoch 247, Train Loss: 0.09080001220784405, Test Loss: 0.08812510879600749, Inverse Test Loss: 0.04161004875512684 
2025-06-18 17:12:32,017 INFO: Epoch 248, Train Loss: 0.09099648734836867, Test Loss: 0.08780668895034228, Inverse Test Loss: 0.04147586522295194 
2025-06-18 17:12:33,910 INFO: Epoch 249, Train Loss: 0.09049246623886353, Test Loss: 0.08787092676057535, Inverse Test Loss: 0.041574027279720586 
2025-06-18 17:12:35,797 INFO: Epoch 250, Train Loss: 0.0899010847012202, Test Loss: 0.08786406872027061, Inverse Test Loss: 0.04155564538257964 
2025-06-18 17:12:37,663 INFO: Epoch 251, Train Loss: 0.09147025768955548, Test Loss: 0.08789680262698847, Inverse Test Loss: 0.04148351017604856 
2025-06-18 17:12:39,542 INFO: Epoch 252, Train Loss: 0.09178693513527061, Test Loss: 0.0876895522370058, Inverse Test Loss: 0.04142712166204172 
2025-06-18 17:12:41,438 INFO: Epoch 253, Train Loss: 0.09168227124169018, Test Loss: 0.08764985861147151, Inverse Test Loss: 0.04139607542139642 
2025-06-18 17:12:43,324 INFO: Epoch 254, Train Loss: 0.09139736194276449, Test Loss: 0.08789338412530281, Inverse Test Loss: 0.041485760470523554 
2025-06-18 17:12:45,181 INFO: Epoch 255, Train Loss: 0.09052908917268117, Test Loss: 0.08721160603796735, Inverse Test Loss: 0.04119599621523829 
2025-06-18 17:12:47,072 INFO: Epoch 256, Train Loss: 0.08981002122163773, Test Loss: 0.08744125550284106, Inverse Test Loss: 0.04128053685759797 
2025-06-18 17:12:48,969 INFO: Epoch 257, Train Loss: 0.08982636655370395, Test Loss: 0.08721345619243734, Inverse Test Loss: 0.0411901372101377 
2025-06-18 17:12:50,856 INFO: Epoch 258, Train Loss: 0.09080955171675394, Test Loss: 0.0871801474953399, Inverse Test Loss: 0.04117015398600522 
2025-06-18 17:12:52,733 INFO: Epoch 259, Train Loss: 0.09076488988869118, Test Loss: 0.08799558680723696, Inverse Test Loss: 0.04150557068779188 
2025-06-18 17:12:54,594 INFO: Epoch 260, Train Loss: 0.09023938339316484, Test Loss: 0.0871720127761364, Inverse Test Loss: 0.041129669284119326 
2025-06-18 17:12:56,460 INFO: Epoch 261, Train Loss: 0.08983733612253811, Test Loss: 0.08732233130756546, Inverse Test Loss: 0.041220102459192276 
2025-06-18 17:12:58,351 INFO: Epoch 262, Train Loss: 0.08977919568618138, Test Loss: 0.08732017874717712, Inverse Test Loss: 0.04118709036094301 
2025-06-18 17:13:00,224 INFO: Epoch 263, Train Loss: 0.09011261582826123, Test Loss: 0.08854985302862, Inverse Test Loss: 0.04169831118162941 
2025-06-18 17:13:02,125 INFO: Epoch 264, Train Loss: 0.08964499142585379, Test Loss: 0.08742031170164838, Inverse Test Loss: 0.04125450398115551 
2025-06-18 17:13:04,005 INFO: Epoch 265, Train Loss: 0.08935376764698462, Test Loss: 0.08755124097361285, Inverse Test Loss: 0.041292874361662305 
2025-06-18 17:13:05,884 INFO: Epoch 266, Train Loss: 0.08900483347701305, Test Loss: 0.08741500973701477, Inverse Test Loss: 0.04117861160022371 
2025-06-18 17:13:07,789 INFO: Epoch 267, Train Loss: 0.08941378337190006, Test Loss: 0.08773710052756702, Inverse Test Loss: 0.041335194645559084 
2025-06-18 17:13:09,686 INFO: Epoch 268, Train Loss: 0.08999364602972161, Test Loss: 0.08732517173185068, Inverse Test Loss: 0.041209215517429745 
2025-06-18 17:13:11,547 INFO: Epoch 269, Train Loss: 0.09004250388931144, Test Loss: 0.08689147453097736, Inverse Test Loss: 0.04102492518723011 
2025-06-18 17:13:13,412 INFO: Epoch 270, Train Loss: 0.088793138945193, Test Loss: 0.0873810173395802, Inverse Test Loss: 0.041164921925348395 
2025-06-18 17:13:15,353 INFO: Epoch 271, Train Loss: 0.08985992899221001, Test Loss: 0.0881750241798513, Inverse Test Loss: 0.04153692108743331 
2025-06-18 17:13:17,250 INFO: Epoch 272, Train Loss: 0.08836356042460962, Test Loss: 0.08847043312647764, Inverse Test Loss: 0.04171623169061016 
2025-06-18 17:13:19,154 INFO: Epoch 273, Train Loss: 0.08951962620697239, Test Loss: 0.08754716462948743, Inverse Test Loss: 0.04126869109185303 
2025-06-18 17:13:21,033 INFO: Epoch 274, Train Loss: 0.08947085572237318, Test Loss: 0.08729450886740404, Inverse Test Loss: 0.04117263985030791 
2025-06-18 17:13:22,935 INFO: Epoch 275, Train Loss: 0.08886835820069819, Test Loss: 0.0866741130457205, Inverse Test Loss: 0.04085104901562719 
2025-06-18 17:13:24,832 INFO: Epoch 276, Train Loss: 0.0885070977788983, Test Loss: 0.08731880805948201, Inverse Test Loss: 0.041191382881473095 
2025-06-18 17:13:26,710 INFO: Epoch 277, Train Loss: 0.08942569447963526, Test Loss: 0.08687083269743358, Inverse Test Loss: 0.04099294126910322 
2025-06-18 17:13:28,594 INFO: Epoch 278, Train Loss: 0.08859103506035877, Test Loss: 0.08680864664561608, Inverse Test Loss: 0.04096086564309457 
2025-06-18 17:13:30,515 INFO: Epoch 279, Train Loss: 0.08927947220702966, Test Loss: 0.0871053232866175, Inverse Test Loss: 0.04104511406930054 
2025-06-18 17:13:32,394 INFO: Epoch 280, Train Loss: 0.08868928643112833, Test Loss: 0.08757159048143555, Inverse Test Loss: 0.04128814894048607 
2025-06-18 17:13:34,291 INFO: Epoch 281, Train Loss: 0.08927225964990529, Test Loss: 0.08671982717864654, Inverse Test Loss: 0.04086336833150948 
2025-06-18 17:13:36,170 INFO: Epoch 282, Train Loss: 0.08878706502869274, Test Loss: 0.08726293221116066, Inverse Test Loss: 0.04107375322457622 
2025-06-18 17:13:38,022 INFO: Epoch 283, Train Loss: 0.08775425075807354, Test Loss: 0.08725611624472282, Inverse Test Loss: 0.04113266901934848 
2025-06-18 17:13:39,941 INFO: Epoch 284, Train Loss: 0.08878503615657489, Test Loss: 0.08708097851451706, Inverse Test Loss: 0.04113637645016698 
2025-06-18 17:13:41,836 INFO: Epoch 285, Train Loss: 0.0882272535201275, Test Loss: 0.08734679024885683, Inverse Test Loss: 0.04117765299537603 
2025-06-18 17:13:43,714 INFO: Epoch 286, Train Loss: 0.08827027949419888, Test Loss: 0.08761052568169202, Inverse Test Loss: 0.04131672367015306 
2025-06-18 17:13:45,624 INFO: Epoch 287, Train Loss: 0.0880694669304472, Test Loss: 0.08693159612662651, Inverse Test Loss: 0.04092464760384139 
2025-06-18 17:13:47,510 INFO: Epoch 288, Train Loss: 0.0877987409970074, Test Loss: 0.08715193718671799, Inverse Test Loss: 0.04112253140877275 
2025-06-18 17:13:49,418 INFO: Epoch 289, Train Loss: 0.08699738584233052, Test Loss: 0.0872907062225482, Inverse Test Loss: 0.04117689161177944 
2025-06-18 17:13:51,326 INFO: Epoch 290, Train Loss: 0.08920112974715955, Test Loss: 0.08696913784917663, Inverse Test Loss: 0.04107904357506948 
2025-06-18 17:13:53,219 INFO: Epoch 291, Train Loss: 0.08868624738445788, Test Loss: 0.08679330173660726, Inverse Test Loss: 0.04089951328933239 
2025-06-18 17:13:55,104 INFO: Epoch 292, Train Loss: 0.08881457567666516, Test Loss: 0.0863526248756577, Inverse Test Loss: 0.040738926323897695 
2025-06-18 17:13:57,007 INFO: Epoch 293, Train Loss: 0.08774603852494196, Test Loss: 0.08687961693195735, Inverse Test Loss: 0.0408957966548555 
2025-06-18 17:13:58,898 INFO: Epoch 294, Train Loss: 0.0870366996210633, Test Loss: 0.0868867946898236, Inverse Test Loss: 0.040918846121605706 
2025-06-18 17:14:00,809 INFO: Epoch 295, Train Loss: 0.08818439930451638, Test Loss: 0.0870321397395695, Inverse Test Loss: 0.04101511507349856 
2025-06-18 17:14:02,696 INFO: Epoch 296, Train Loss: 0.08751665721788551, Test Loss: 0.08703028629807864, Inverse Test Loss: 0.04102861979866729 
2025-06-18 17:14:04,584 INFO: Epoch 297, Train Loss: 0.08840794590386478, Test Loss: 0.0874224519904922, Inverse Test Loss: 0.04114634225911954 
2025-06-18 17:14:06,495 INFO: Epoch 298, Train Loss: 0.08853943933817474, Test Loss: 0.0876101573162219, Inverse Test Loss: 0.04122621872845818 
2025-06-18 17:14:08,387 INFO: Epoch 299, Train Loss: 0.0872342103922909, Test Loss: 0.08771219389403567, Inverse Test Loss: 0.04130978619351106 
2025-06-18 17:14:10,281 INFO: Epoch 300, Train Loss: 0.08753976146831657, Test Loss: 0.08667900895371157, Inverse Test Loss: 0.040749565533855385 
2025-06-18 17:14:10,281 INFO: Best Epoch 292, Best Test Loss: 0.0863526248756577, Inverse Test Loss: 0.040738926323897695 
2025-06-18 17:14:12,145 INFO: Epoch 301, Train Loss: 0.08717306409821365, Test Loss: 0.08687255202847369, Inverse Test Loss: 0.04098124539150911 
2025-06-18 17:14:14,016 INFO: Epoch 302, Train Loss: 0.08671776199656905, Test Loss: 0.08725802490816396, Inverse Test Loss: 0.04103833973846015 
2025-06-18 17:14:15,924 INFO: Epoch 303, Train Loss: 0.08758889353184988, Test Loss: 0.0867986348183716, Inverse Test Loss: 0.04085292984895846 
2025-06-18 17:14:17,800 INFO: Epoch 304, Train Loss: 0.08650329946116968, Test Loss: 0.08705643235760577, Inverse Test Loss: 0.04091501487966846 
2025-06-18 17:14:19,689 INFO: Epoch 305, Train Loss: 0.08681851015849547, Test Loss: 0.08716882984427844, Inverse Test Loss: 0.041010314160410094 
2025-06-18 17:14:21,582 INFO: Epoch 306, Train Loss: 0.0868567182033351, Test Loss: 0.08760520991157084, Inverse Test Loss: 0.04122973573120201 
2025-06-18 17:14:23,465 INFO: Epoch 307, Train Loss: 0.08803096769208257, Test Loss: 0.08733933375162237, Inverse Test Loss: 0.04118340484359685 
2025-06-18 17:14:25,356 INFO: Epoch 308, Train Loss: 0.08710424443989088, Test Loss: 0.08743775679784663, Inverse Test Loss: 0.04109481031842092 
2025-06-18 17:14:27,244 INFO: Epoch 309, Train Loss: 0.08728937561990636, Test Loss: 0.0872906201026019, Inverse Test Loss: 0.0410667874795549 
2025-06-18 17:14:29,158 INFO: Epoch 310, Train Loss: 0.08640128261212146, Test Loss: 0.08739419719752144, Inverse Test Loss: 0.04107812978327274 
2025-06-18 17:14:31,053 INFO: Epoch 311, Train Loss: 0.08646324299501651, Test Loss: 0.08715270963661811, Inverse Test Loss: 0.04098594407824909 
2025-06-18 17:14:32,947 INFO: Epoch 312, Train Loss: 0.08678267845375971, Test Loss: 0.08738409026580699, Inverse Test Loss: 0.041131037561332476 
2025-06-18 17:14:34,831 INFO: Epoch 313, Train Loss: 0.0875297575963266, Test Loss: 0.08664617139626951, Inverse Test Loss: 0.04078929192003082 
2025-06-18 17:14:36,729 INFO: Epoch 314, Train Loss: 0.08655448432898882, Test Loss: 0.0866887538748629, Inverse Test Loss: 0.04084134058040731 
2025-06-18 17:14:38,641 INFO: Epoch 315, Train Loss: 0.08614059232852676, Test Loss: 0.0870122942416107, Inverse Test Loss: 0.04099542034022948 
2025-06-18 17:14:40,534 INFO: Epoch 316, Train Loss: 0.08726108649914915, Test Loss: 0.08622090781436247, Inverse Test Loss: 0.04056152208324741 
2025-06-18 17:14:42,430 INFO: Epoch 317, Train Loss: 0.08590496687049215, Test Loss: 0.08732622335938846, Inverse Test Loss: 0.041108787498053384 
2025-06-18 17:14:44,304 INFO: Epoch 318, Train Loss: 0.08627751159171264, Test Loss: 0.08720552965122111, Inverse Test Loss: 0.040953656110693425 
2025-06-18 17:14:46,214 INFO: Epoch 319, Train Loss: 0.08630601536821235, Test Loss: 0.08689005497623892, Inverse Test Loss: 0.04077819833422408 
2025-06-18 17:14:48,070 INFO: Epoch 320, Train Loss: 0.08498953587629578, Test Loss: 0.08707865349510137, Inverse Test Loss: 0.040837055510457826 
2025-06-18 17:14:49,920 INFO: Epoch 321, Train Loss: 0.08609812475289359, Test Loss: 0.08701038294855286, Inverse Test Loss: 0.04084786433069145 
2025-06-18 17:14:51,815 INFO: Epoch 322, Train Loss: 0.08705367147922516, Test Loss: 0.08779232751797228, Inverse Test Loss: 0.041353628477629495 
2025-06-18 17:14:53,684 INFO: Epoch 323, Train Loss: 0.08597655396795634, Test Loss: 0.0869010952027405, Inverse Test Loss: 0.040818497319431865 
2025-06-18 17:14:55,566 INFO: Epoch 324, Train Loss: 0.08627867376939817, Test Loss: 0.08671870367491946, Inverse Test Loss: 0.0407700586844893 
2025-06-18 17:14:57,470 INFO: Epoch 325, Train Loss: 0.08542138270356438, Test Loss: 0.08686939911807284, Inverse Test Loss: 0.04080991852371132 
2025-06-18 17:14:59,371 INFO: Epoch 326, Train Loss: 0.08647297497725848, Test Loss: 0.0866222607300562, Inverse Test Loss: 0.04075784137582078 
2025-06-18 17:15:01,271 INFO: Epoch 327, Train Loss: 0.08587362165703918, Test Loss: 0.08649292215704918, Inverse Test Loss: 0.04065109197707737 
2025-06-18 17:15:03,138 INFO: Epoch 328, Train Loss: 0.08511543838363705, Test Loss: 0.08712820774492096, Inverse Test Loss: 0.0409031577189179 
2025-06-18 17:15:05,053 INFO: Epoch 329, Train Loss: 0.08594149029390379, Test Loss: 0.0868848183137529, Inverse Test Loss: 0.040907067849355584 
2025-06-18 17:15:06,929 INFO: Epoch 330, Train Loss: 0.08611721675278562, Test Loss: 0.08718458343954648, Inverse Test Loss: 0.04104061315164847 
2025-06-18 17:15:08,824 INFO: Epoch 331, Train Loss: 0.08506730881830056, Test Loss: 0.08718323817147929, Inverse Test Loss: 0.040925505406716293 
2025-06-18 17:15:10,731 INFO: Epoch 332, Train Loss: 0.08573374753309922, Test Loss: 0.08728817214860636, Inverse Test Loss: 0.04104225896298885 
2025-06-18 17:15:12,633 INFO: Epoch 333, Train Loss: 0.08456499598017245, Test Loss: 0.08721354625680867, Inverse Test Loss: 0.04100896078435814 
2025-06-18 17:15:14,498 INFO: Epoch 334, Train Loss: 0.0863335088008281, Test Loss: 0.0871269104673582, Inverse Test Loss: 0.04099462893517578 
2025-06-18 17:15:16,406 INFO: Epoch 335, Train Loss: 0.08504320573851917, Test Loss: 0.08686776941313464, Inverse Test Loss: 0.04083747953614768 
2025-06-18 17:15:18,290 INFO: Epoch 336, Train Loss: 0.0852675587503296, Test Loss: 0.08699445404550608, Inverse Test Loss: 0.040855362244388634 
2025-06-18 17:15:20,217 INFO: Epoch 337, Train Loss: 0.08488020611306031, Test Loss: 0.08780096120694104, Inverse Test Loss: 0.04127560117665459 
2025-06-18 17:15:22,156 INFO: Epoch 338, Train Loss: 0.08514068236179424, Test Loss: 0.08655821663491867, Inverse Test Loss: 0.04067614389693036 
2025-06-18 17:15:24,036 INFO: Epoch 339, Train Loss: 0.0858433565519976, Test Loss: 0.08706066012382507, Inverse Test Loss: 0.0409597604371169 
2025-06-18 17:15:25,958 INFO: Epoch 340, Train Loss: 0.08547870024587169, Test Loss: 0.08773464402731727, Inverse Test Loss: 0.04121811885167571 
2025-06-18 17:15:27,867 INFO: Epoch 341, Train Loss: 0.08602784382122936, Test Loss: 0.08655107788303319, Inverse Test Loss: 0.0407057886614519 
2025-06-18 17:15:29,807 INFO: Epoch 342, Train Loss: 0.08583349079796762, Test Loss: 0.08684856269289465, Inverse Test Loss: 0.04098064211361548 
2025-06-18 17:15:31,731 INFO: Epoch 343, Train Loss: 0.08497364824694215, Test Loss: 0.08698665087713915, Inverse Test Loss: 0.04086465333752772 
2025-06-18 17:15:33,641 INFO: Epoch 344, Train Loss: 0.08567909619799166, Test Loss: 0.08655121462310061, Inverse Test Loss: 0.040644848171402424 
2025-06-18 17:15:35,573 INFO: Epoch 345, Train Loss: 0.08412995832887563, Test Loss: 0.08712274537366979, Inverse Test Loss: 0.040965721558998615 
2025-06-18 17:15:37,512 INFO: Epoch 346, Train Loss: 0.08527257011243791, Test Loss: 0.08789081520893995, Inverse Test Loss: 0.04125061707899851 
2025-06-18 17:15:39,420 INFO: Epoch 347, Train Loss: 0.0840336148711768, Test Loss: 0.0870215472053079, Inverse Test Loss: 0.04089322478017386 
2025-06-18 17:15:41,343 INFO: Epoch 348, Train Loss: 0.08570684486943664, Test Loss: 0.08644479578908752, Inverse Test Loss: 0.04071084574303206 
2025-06-18 17:15:43,249 INFO: Epoch 349, Train Loss: 0.08474172950919831, Test Loss: 0.08770307460251976, Inverse Test Loss: 0.04117418332573246 
2025-06-18 17:15:45,167 INFO: Epoch 350, Train Loss: 0.08419620155385046, Test Loss: 0.08635056588579626, Inverse Test Loss: 0.04056533327435746 
2025-06-18 17:15:47,044 INFO: Epoch 351, Train Loss: 0.08404759204748904, Test Loss: 0.08688112677020185, Inverse Test Loss: 0.040737886639202345 
2025-06-18 17:15:48,953 INFO: Epoch 352, Train Loss: 0.08515190395216148, Test Loss: 0.08695568319629221, Inverse Test Loss: 0.0407565953757833 
2025-06-18 17:15:50,840 INFO: Epoch 353, Train Loss: 0.08414266687450987, Test Loss: 0.08644646581481485, Inverse Test Loss: 0.040594853899058175 
2025-06-18 17:15:52,732 INFO: Epoch 354, Train Loss: 0.0852144682836352, Test Loss: 0.08713697839309187, Inverse Test Loss: 0.04087813023258658 
2025-06-18 17:15:54,645 INFO: Epoch 355, Train Loss: 0.08506441579172105, Test Loss: 0.08745299937093959, Inverse Test Loss: 0.04103374163455823 
2025-06-18 17:15:56,611 INFO: Epoch 356, Train Loss: 0.08500247386594613, Test Loss: 0.08721908006597967, Inverse Test Loss: 0.040834298795636964 
2025-06-18 17:15:58,523 INFO: Epoch 357, Train Loss: 0.0850259627808224, Test Loss: 0.08674213027252871, Inverse Test Loss: 0.04072125595720375 
2025-06-18 17:16:00,424 INFO: Epoch 358, Train Loss: 0.08467573700754931, Test Loss: 0.08734421651153003, Inverse Test Loss: 0.04092309021336191 
2025-06-18 17:16:02,300 INFO: Epoch 359, Train Loss: 0.08369651532760172, Test Loss: 0.08712626752607963, Inverse Test Loss: 0.041001229163478405 
2025-06-18 17:16:04,200 INFO: Epoch 360, Train Loss: 0.0844751622979388, Test Loss: 0.08706568400649463, Inverse Test Loss: 0.04090547002851963 
2025-06-18 17:16:05,840 INFO: Epoch 361, Train Loss: 0.08493579280647365, Test Loss: 0.0868545466047876, Inverse Test Loss: 0.040748648126335704 
2025-06-18 17:16:07,721 INFO: Epoch 362, Train Loss: 0.0838976435250405, Test Loss: 0.08720969321096644, Inverse Test Loss: 0.040873429683201457 
2025-06-18 17:16:08,966 INFO: Epoch 363, Train Loss: 0.08483884381976994, Test Loss: 0.08654884139404577, Inverse Test Loss: 0.04070109808269669 
2025-06-18 17:16:10,186 INFO: Epoch 364, Train Loss: 0.0838855913078243, Test Loss: 0.08695334700100563, Inverse Test Loss: 0.040808679097715544 
2025-06-18 17:16:11,435 INFO: Epoch 365, Train Loss: 0.08440906498016733, Test Loss: 0.08666355951743968, Inverse Test Loss: 0.040635633118012375 
2025-06-18 17:16:12,671 INFO: Epoch 366, Train Loss: 0.0833707990294153, Test Loss: 0.08681055706213503, Inverse Test Loss: 0.040751994094427896 
2025-06-18 17:16:13,899 INFO: Epoch 367, Train Loss: 0.08368692535794142, Test Loss: 0.08699989472241963, Inverse Test Loss: 0.040740182184997725 
2025-06-18 17:16:15,113 INFO: Epoch 368, Train Loss: 0.08324862006261494, Test Loss: 0.08698685532983612, Inverse Test Loss: 0.04083507102640236 
2025-06-18 17:16:16,337 INFO: Epoch 369, Train Loss: 0.0834019108477867, Test Loss: 0.08780393771388952, Inverse Test Loss: 0.04113437881802812 
2025-06-18 17:16:17,691 INFO: Epoch 370, Train Loss: 0.08414756907432368, Test Loss: 0.08645016700029373, Inverse Test Loss: 0.040527473696891 
2025-06-18 17:16:18,968 INFO: Epoch 371, Train Loss: 0.08355015025220135, Test Loss: 0.08689680410658612, Inverse Test Loss: 0.04081006972667049 
2025-06-18 17:16:20,348 INFO: Epoch 372, Train Loss: 0.08431703574729688, Test Loss: 0.08649351316339829, Inverse Test Loss: 0.04066487763296155 
2025-06-18 17:16:21,727 INFO: Epoch 373, Train Loss: 0.08387120784909437, Test Loss: 0.08708099034779213, Inverse Test Loss: 0.040814529446994555 
2025-06-18 17:16:23,019 INFO: Epoch 374, Train Loss: 0.08454420349814674, Test Loss: 0.08670733386979383, Inverse Test Loss: 0.04063220804228502 
2025-06-18 17:16:24,245 INFO: Epoch 375, Train Loss: 0.08343140137466518, Test Loss: 0.08822397800052867, Inverse Test Loss: 0.04136279608835192 
2025-06-18 17:16:25,505 INFO: Epoch 376, Train Loss: 0.0835159665933161, Test Loss: 0.08788807602489696, Inverse Test Loss: 0.0411893466816229 
2025-06-18 17:16:26,770 INFO: Epoch 377, Train Loss: 0.08236407528095173, Test Loss: 0.08682050884646528, Inverse Test Loss: 0.0407633725553751 
2025-06-18 17:16:28,035 INFO: Epoch 378, Train Loss: 0.08268458204287471, Test Loss: 0.0863868550342672, Inverse Test Loss: 0.04047443925896112 
2025-06-18 17:16:29,264 INFO: Epoch 379, Train Loss: 0.08363399790091948, Test Loss: 0.08680263468447853, Inverse Test Loss: 0.04072608163251596 
2025-06-18 17:16:30,489 INFO: Epoch 380, Train Loss: 0.08331940780309113, Test Loss: 0.08681650087237358, Inverse Test Loss: 0.040735723998616725 
2025-06-18 17:16:31,761 INFO: Epoch 381, Train Loss: 0.08394928468447743, Test Loss: 0.0871860327966073, Inverse Test Loss: 0.0409036340082393 
2025-06-18 17:16:33,003 INFO: Epoch 382, Train Loss: 0.08231531399669069, Test Loss: 0.08699052013895091, Inverse Test Loss: 0.040738516651532226 
2025-06-18 17:16:34,223 INFO: Epoch 383, Train Loss: 0.08223349792939244, Test Loss: 0.08669169400544728, Inverse Test Loss: 0.04071855161558179 
2025-06-18 17:16:35,460 INFO: Epoch 384, Train Loss: 0.08309290710497987, Test Loss: 0.08732216016334646, Inverse Test Loss: 0.04099927952184396 
2025-06-18 17:16:36,664 INFO: Epoch 385, Train Loss: 0.08248525468463247, Test Loss: 0.08718181401491165, Inverse Test Loss: 0.040980520274709255 
2025-06-18 17:16:38,002 INFO: Epoch 386, Train Loss: 0.082873526509061, Test Loss: 0.08660463046501665, Inverse Test Loss: 0.04064601637861308 
2025-06-18 17:16:39,271 INFO: Epoch 387, Train Loss: 0.08255364943408605, Test Loss: 0.08656696230173111, Inverse Test Loss: 0.04064993100131259 
2025-06-18 17:16:40,488 INFO: Epoch 388, Train Loss: 0.08212651707457774, Test Loss: 0.08724014066597995, Inverse Test Loss: 0.04099143241696498 
2025-06-18 17:16:41,733 INFO: Epoch 389, Train Loss: 0.0817018983829202, Test Loss: 0.08636973644880687, Inverse Test Loss: 0.04045747187645996 
2025-06-18 17:16:42,969 INFO: Epoch 390, Train Loss: 0.08327670742503622, Test Loss: 0.08641163873321869, Inverse Test Loss: 0.040594542946885616 
2025-06-18 17:16:44,189 INFO: Epoch 391, Train Loss: 0.08299251442605798, Test Loss: 0.08715518301024157, Inverse Test Loss: 0.04084736185477061 
2025-06-18 17:16:45,414 INFO: Epoch 392, Train Loss: 0.08198939297686923, Test Loss: 0.08685824275016785, Inverse Test Loss: 0.04072688015944818 
2025-06-18 17:16:46,668 INFO: Epoch 393, Train Loss: 0.08262545344504443, Test Loss: 0.0863199345767498, Inverse Test Loss: 0.040528762647334265 
2025-06-18 17:16:47,959 INFO: Epoch 394, Train Loss: 0.08347070685616045, Test Loss: 0.08750392978682238, Inverse Test Loss: 0.041089709957732874 
2025-06-18 17:16:49,185 INFO: Epoch 395, Train Loss: 0.08287443034350872, Test Loss: 0.08687046301715515, Inverse Test Loss: 0.040666190030820226 
2025-06-18 17:16:50,450 INFO: Epoch 396, Train Loss: 0.08227500488812273, Test Loss: 0.08713781789821737, Inverse Test Loss: 0.040864389499320704 
2025-06-18 17:16:51,669 INFO: Epoch 397, Train Loss: 0.08138471616036964, Test Loss: 0.08780318564351867, Inverse Test Loss: 0.041111846947494673 
2025-06-18 17:16:52,869 INFO: Epoch 398, Train Loss: 0.08289581424359119, Test Loss: 0.08686448042007054, Inverse Test Loss: 0.040772069136009496 
2025-06-18 17:16:54,084 INFO: Epoch 399, Train Loss: 0.08145864861029567, Test Loss: 0.08670665937311509, Inverse Test Loss: 0.04062619695768637 
2025-06-18 17:16:55,368 INFO: Epoch 400, Train Loss: 0.08122144114564765, Test Loss: 0.08782854807727478, Inverse Test Loss: 0.04113237143439405 
2025-06-18 17:16:55,368 INFO: Best Epoch 316, Best Test Loss: 0.08622090781436247, Inverse Test Loss: 0.04056152208324741 
