2025-01-09 14:24:23,467 INFO: namespace(depth=2, name='KAN') 
2025-01-09 14:24:23,467 INFO: Dataset:winequality 
2025-01-09 14:24:23,467 INFO: ------Begin Training Model------ 
2025-01-09 14:24:25,515 INFO: Epoch 1, Train Loss: 4.840820604755033, Test Loss: 0.9583580195903778, Inverse Test Loss: 0.08874998986721039 
2025-01-09 14:24:25,662 INFO: Epoch 2, Train Loss: 3.7966570700368574, Test Loss: 0.9241322427988052, Inverse Test Loss: 0.08486168086528778 
2025-01-09 14:24:25,806 INFO: Epoch 3, Train Loss: 3.259277559095813, Test Loss: 0.8992594107985497, Inverse Test Loss: 0.08255159109830856 
2025-01-09 14:24:25,965 INFO: Epoch 4, Train Loss: 2.9959631658369497, Test Loss: 0.88075902312994, Inverse Test Loss: 0.081476129591465 
2025-01-09 14:24:26,116 INFO: Epoch 5, Train Loss: 2.705007806901009, Test Loss: 0.86653171479702, Inverse Test Loss: 0.08104563504457474 
2025-01-09 14:24:26,262 INFO: Epoch 6, Train Loss: 2.3465662233291136, Test Loss: 0.8552564680576324, Inverse Test Loss: 0.08078504353761673 
2025-01-09 14:24:26,410 INFO: Epoch 7, Train Loss: 2.1839371496631252, Test Loss: 0.8477657064795494, Inverse Test Loss: 0.08042179048061371 
2025-01-09 14:24:26,556 INFO: Epoch 8, Train Loss: 2.1246077322190806, Test Loss: 0.8428909257054329, Inverse Test Loss: 0.08026503026485443 
2025-01-09 14:24:26,705 INFO: Epoch 9, Train Loss: 2.1039650055669967, Test Loss: 0.8392544016242027, Inverse Test Loss: 0.07947848737239838 
2025-01-09 14:24:26,853 INFO: Epoch 10, Train Loss: 2.0988295924279, Test Loss: 0.835912898182869, Inverse Test Loss: 0.0788605660200119 
2025-01-09 14:24:27,004 INFO: Epoch 11, Train Loss: 2.085102600436057, Test Loss: 0.834723986685276, Inverse Test Loss: 0.07839754968881607 
2025-01-09 14:24:27,148 INFO: Epoch 12, Train Loss: 2.07345014233743, Test Loss: 0.8330635875463486, Inverse Test Loss: 0.07833421975374222 
2025-01-09 14:24:27,293 INFO: Epoch 13, Train Loss: 2.044350685611848, Test Loss: 0.8315078914165497, Inverse Test Loss: 0.07791583240032196 
2025-01-09 14:24:27,437 INFO: Epoch 14, Train Loss: 1.947560194999941, Test Loss: 0.8301972821354866, Inverse Test Loss: 0.07757792621850967 
2025-01-09 14:24:27,581 INFO: Epoch 15, Train Loss: 1.8985656384498841, Test Loss: 0.8292542770504951, Inverse Test Loss: 0.07760539650917053 
2025-01-09 14:24:27,724 INFO: Epoch 16, Train Loss: 1.8581030407259542, Test Loss: 0.8280562162399292, Inverse Test Loss: 0.07710258662700653 
2025-01-09 14:24:27,868 INFO: Epoch 17, Train Loss: 1.7764242925951559, Test Loss: 0.8274443969130516, Inverse Test Loss: 0.07699800282716751 
2025-01-09 14:24:28,007 INFO: Epoch 18, Train Loss: 1.6550091928051365, Test Loss: 0.8265535309910774, Inverse Test Loss: 0.07680213451385498 
2025-01-09 14:24:28,156 INFO: Epoch 19, Train Loss: 1.6133204621653403, Test Loss: 0.8267293870449066, Inverse Test Loss: 0.07729636132717133 
2025-01-09 14:24:28,302 INFO: Epoch 20, Train Loss: 1.5886176632296654, Test Loss: 0.8262345045804977, Inverse Test Loss: 0.07694884389638901 
2025-01-09 14:24:28,454 INFO: Epoch 21, Train Loss: 1.5759074611048545, Test Loss: 0.8258672431111336, Inverse Test Loss: 0.07683590054512024 
2025-01-09 14:24:28,600 INFO: Epoch 22, Train Loss: 1.563767906158201, Test Loss: 0.8256356790661812, Inverse Test Loss: 0.07685325294733047 
2025-01-09 14:24:28,750 INFO: Epoch 23, Train Loss: 1.5618635377576273, Test Loss: 0.8252915740013123, Inverse Test Loss: 0.07680071145296097 
2025-01-09 14:24:28,898 INFO: Epoch 24, Train Loss: 1.552360607731727, Test Loss: 0.825201153755188, Inverse Test Loss: 0.07687244564294815 
2025-01-09 14:24:29,050 INFO: Epoch 25, Train Loss: 1.5479745134230583, Test Loss: 0.8254755139350891, Inverse Test Loss: 0.0766068696975708 
2025-01-09 14:24:29,198 INFO: Epoch 26, Train Loss: 1.5426124488153765, Test Loss: 0.8248642235994339, Inverse Test Loss: 0.07663378119468689 
2025-01-09 14:24:29,347 INFO: Epoch 27, Train Loss: 1.5390497830606276, Test Loss: 0.8256599977612495, Inverse Test Loss: 0.07678323239088058 
2025-01-09 14:24:29,493 INFO: Epoch 28, Train Loss: 1.536829952270754, Test Loss: 0.8252587616443634, Inverse Test Loss: 0.07675681263208389 
2025-01-09 14:24:29,647 INFO: Epoch 29, Train Loss: 1.5387150741392566, Test Loss: 0.8251072019338608, Inverse Test Loss: 0.07666292786598206 
2025-01-09 14:24:29,796 INFO: Epoch 30, Train Loss: 1.5350688426725325, Test Loss: 0.825068473815918, Inverse Test Loss: 0.07661141455173492 
2025-01-09 14:24:29,946 INFO: Epoch 31, Train Loss: 1.5367854102965324, Test Loss: 0.8251893743872643, Inverse Test Loss: 0.07646659761667252 
2025-01-09 14:24:30,093 INFO: Epoch 32, Train Loss: 1.530028062482034, Test Loss: 0.8247634395956993, Inverse Test Loss: 0.07638519257307053 
2025-01-09 14:24:30,243 INFO: Epoch 33, Train Loss: 1.528818207402383, Test Loss: 0.8253085613250732, Inverse Test Loss: 0.07647737115621567 
2025-01-09 14:24:30,388 INFO: Epoch 34, Train Loss: 1.5269859183219172, Test Loss: 0.825489416718483, Inverse Test Loss: 0.07642094790935516 
2025-01-09 14:24:30,543 INFO: Epoch 35, Train Loss: 1.5311133400086434, Test Loss: 0.8255450576543808, Inverse Test Loss: 0.07677875459194183 
2025-01-09 14:24:30,693 INFO: Epoch 36, Train Loss: 1.5288033908413303, Test Loss: 0.8244601786136627, Inverse Test Loss: 0.07622650265693665 
2025-01-09 14:24:30,845 INFO: Epoch 37, Train Loss: 1.5282874684179983, Test Loss: 0.8250395804643631, Inverse Test Loss: 0.07611706852912903 
2025-01-09 14:24:30,992 INFO: Epoch 38, Train Loss: 1.5280906731082546, Test Loss: 0.8249882385134697, Inverse Test Loss: 0.07618547976016998 
2025-01-09 14:24:31,144 INFO: Epoch 39, Train Loss: 1.5223197283283356, Test Loss: 0.8252467066049576, Inverse Test Loss: 0.07646384835243225 
2025-01-09 14:24:31,292 INFO: Epoch 40, Train Loss: 1.5234194378699026, Test Loss: 0.8251594603061676, Inverse Test Loss: 0.07626523077487946 
2025-01-09 14:24:31,444 INFO: Epoch 41, Train Loss: 1.5212678101754957, Test Loss: 0.8247229978442192, Inverse Test Loss: 0.07607166469097137 
2025-01-09 14:24:31,589 INFO: Epoch 42, Train Loss: 1.5250710056674095, Test Loss: 0.8252092376351357, Inverse Test Loss: 0.07594051957130432 
2025-01-09 14:24:31,743 INFO: Epoch 43, Train Loss: 1.5267059072371452, Test Loss: 0.8243185505270958, Inverse Test Loss: 0.07582171261310577 
2025-01-09 14:24:31,892 INFO: Epoch 44, Train Loss: 1.5232728988893571, Test Loss: 0.8252995312213898, Inverse Test Loss: 0.07618117332458496 
2025-01-09 14:24:32,049 INFO: Epoch 45, Train Loss: 1.521566479436813, Test Loss: 0.8248028457164764, Inverse Test Loss: 0.07581523060798645 
2025-01-09 14:24:32,202 INFO: Epoch 46, Train Loss: 1.5233207556509203, Test Loss: 0.8248922005295753, Inverse Test Loss: 0.07576064020395279 
2025-01-09 14:24:32,357 INFO: Epoch 47, Train Loss: 1.521620519699589, Test Loss: 0.8245579898357391, Inverse Test Loss: 0.07569750398397446 
2025-01-09 14:24:32,507 INFO: Epoch 48, Train Loss: 1.517060814365264, Test Loss: 0.8244500607252121, Inverse Test Loss: 0.07582248747348785 
2025-01-09 14:24:32,657 INFO: Epoch 49, Train Loss: 1.520148496473989, Test Loss: 0.8244609534740448, Inverse Test Loss: 0.07555554062128067 
2025-01-09 14:24:32,807 INFO: Epoch 50, Train Loss: 1.5217416440286944, Test Loss: 0.8248938173055649, Inverse Test Loss: 0.07603234797716141 
2025-01-09 14:24:32,958 INFO: Epoch 51, Train Loss: 1.523496320170741, Test Loss: 0.8242814838886261, Inverse Test Loss: 0.07541707158088684 
2025-01-09 14:24:33,103 INFO: Epoch 52, Train Loss: 1.5209292019567182, Test Loss: 0.8251384943723679, Inverse Test Loss: 0.07578796148300171 
2025-01-09 14:24:33,254 INFO: Epoch 53, Train Loss: 1.5203529057964202, Test Loss: 0.8241349756717682, Inverse Test Loss: 0.07546261698007584 
2025-01-09 14:24:33,402 INFO: Epoch 54, Train Loss: 1.521778118225836, Test Loss: 0.8246540054678917, Inverse Test Loss: 0.0756261870265007 
2025-01-09 14:24:33,552 INFO: Epoch 55, Train Loss: 1.5165548170766523, Test Loss: 0.8242159560322762, Inverse Test Loss: 0.07528813183307648 
2025-01-09 14:24:33,703 INFO: Epoch 56, Train Loss: 1.5216199198076803, Test Loss: 0.824250340461731, Inverse Test Loss: 0.07533042877912521 
2025-01-09 14:24:33,861 INFO: Epoch 57, Train Loss: 1.5171575238627772, Test Loss: 0.8244619891047478, Inverse Test Loss: 0.07547740638256073 
2025-01-09 14:24:34,010 INFO: Epoch 58, Train Loss: 1.5208230480071037, Test Loss: 0.8239982649683952, Inverse Test Loss: 0.07530586421489716 
2025-01-09 14:24:34,170 INFO: Epoch 59, Train Loss: 1.519275584528523, Test Loss: 0.8241745680570602, Inverse Test Loss: 0.0755452886223793 
2025-01-09 14:24:34,321 INFO: Epoch 60, Train Loss: 1.5206653418079499, Test Loss: 0.8242406323552132, Inverse Test Loss: 0.07521054893732071 
2025-01-09 14:24:34,479 INFO: Epoch 61, Train Loss: 1.5177290247332664, Test Loss: 0.8234570845961571, Inverse Test Loss: 0.07527562975883484 
2025-01-09 14:24:34,622 INFO: Epoch 62, Train Loss: 1.514248182696681, Test Loss: 0.8233485594391823, Inverse Test Loss: 0.07514426857233047 
2025-01-09 14:24:34,783 INFO: Epoch 63, Train Loss: 1.5190473756482523, Test Loss: 0.8229683265089989, Inverse Test Loss: 0.07489277422428131 
2025-01-09 14:24:34,929 INFO: Epoch 64, Train Loss: 1.5160974494872554, Test Loss: 0.8238596245646477, Inverse Test Loss: 0.07540538907051086 
2025-01-09 14:24:35,087 INFO: Epoch 65, Train Loss: 1.5128465967793618, Test Loss: 0.8236311301589012, Inverse Test Loss: 0.07527850568294525 
2025-01-09 14:24:35,234 INFO: Epoch 66, Train Loss: 1.515423555527964, Test Loss: 0.823442779481411, Inverse Test Loss: 0.07498379796743393 
2025-01-09 14:24:35,385 INFO: Epoch 67, Train Loss: 1.5159175626693233, Test Loss: 0.8230743408203125, Inverse Test Loss: 0.07513975352048874 
2025-01-09 14:24:35,525 INFO: Epoch 68, Train Loss: 1.51684174999114, Test Loss: 0.8227882832288742, Inverse Test Loss: 0.07505706697702408 
2025-01-09 14:24:35,678 INFO: Epoch 69, Train Loss: 1.509035506556111, Test Loss: 0.8230872079730034, Inverse Test Loss: 0.07485944777727127 
2025-01-09 14:24:35,833 INFO: Epoch 70, Train Loss: 1.5141201980652348, Test Loss: 0.8224147334694862, Inverse Test Loss: 0.07488863170146942 
2025-01-09 14:24:35,988 INFO: Epoch 71, Train Loss: 1.5140541984188942, Test Loss: 0.822169840335846, Inverse Test Loss: 0.07508142292499542 
2025-01-09 14:24:36,132 INFO: Epoch 72, Train Loss: 1.51416031775936, Test Loss: 0.8221873417496681, Inverse Test Loss: 0.07447343319654465 
2025-01-09 14:24:36,296 INFO: Epoch 73, Train Loss: 1.5133865840973393, Test Loss: 0.8219031170010567, Inverse Test Loss: 0.07496567070484161 
2025-01-09 14:24:36,444 INFO: Epoch 74, Train Loss: 1.5123665832704114, Test Loss: 0.8221234157681465, Inverse Test Loss: 0.07473874092102051 
2025-01-09 14:24:36,607 INFO: Epoch 75, Train Loss: 1.517180992710975, Test Loss: 0.8226173222064972, Inverse Test Loss: 0.07492125034332275 
2025-01-09 14:24:36,754 INFO: Epoch 76, Train Loss: 1.5052094344169862, Test Loss: 0.8214185014367104, Inverse Test Loss: 0.07457703351974487 
2025-01-09 14:24:36,908 INFO: Epoch 77, Train Loss: 1.513095990304024, Test Loss: 0.820811964571476, Inverse Test Loss: 0.07427818328142166 
2025-01-09 14:24:37,056 INFO: Epoch 78, Train Loss: 1.5115601708812099, Test Loss: 0.8211864158511162, Inverse Test Loss: 0.07482080906629562 
2025-01-09 14:24:37,219 INFO: Epoch 79, Train Loss: 1.5081199061486028, Test Loss: 0.8216661661863327, Inverse Test Loss: 0.07485286891460419 
2025-01-09 14:24:37,369 INFO: Epoch 80, Train Loss: 1.5089325481845486, Test Loss: 0.8211391493678093, Inverse Test Loss: 0.07461346685886383 
2025-01-09 14:24:37,528 INFO: Epoch 81, Train Loss: 1.509595432589131, Test Loss: 0.8208466097712517, Inverse Test Loss: 0.07441124320030212 
2025-01-09 14:24:37,688 INFO: Epoch 82, Train Loss: 1.5048225425904798, Test Loss: 0.8208242133259773, Inverse Test Loss: 0.07448581606149673 
2025-01-09 14:24:37,847 INFO: Epoch 83, Train Loss: 1.5069486748787664, Test Loss: 0.8203509226441383, Inverse Test Loss: 0.07443754374980927 
2025-01-09 14:24:37,997 INFO: Epoch 84, Train Loss: 1.5137822051202097, Test Loss: 0.8204407393932343, Inverse Test Loss: 0.07434464246034622 
2025-01-09 14:24:38,154 INFO: Epoch 85, Train Loss: 1.5100767151001961, Test Loss: 0.8195615857839584, Inverse Test Loss: 0.07424332201480865 
2025-01-09 14:24:38,300 INFO: Epoch 86, Train Loss: 1.5061644046537337, Test Loss: 0.8199211582541466, Inverse Test Loss: 0.07430656254291534 
2025-01-09 14:24:38,460 INFO: Epoch 87, Train Loss: 1.508703281802516, Test Loss: 0.8198850676417351, Inverse Test Loss: 0.07425088435411453 
2025-01-09 14:24:38,608 INFO: Epoch 88, Train Loss: 1.5040362073529152, Test Loss: 0.8190729692578316, Inverse Test Loss: 0.07413213700056076 
2025-01-09 14:24:38,763 INFO: Epoch 89, Train Loss: 1.509100748646644, Test Loss: 0.8194862008094788, Inverse Test Loss: 0.0743909403681755 
2025-01-09 14:24:38,908 INFO: Epoch 90, Train Loss: 1.5052529073530627, Test Loss: 0.8189473673701286, Inverse Test Loss: 0.07413332164287567 
2025-01-09 14:24:39,063 INFO: Epoch 91, Train Loss: 1.501532627690223, Test Loss: 0.819239430129528, Inverse Test Loss: 0.07396632432937622 
2025-01-09 14:24:39,209 INFO: Epoch 92, Train Loss: 1.5025558510134298, Test Loss: 0.8185397610068321, Inverse Test Loss: 0.07381530851125717 
2025-01-09 14:24:39,358 INFO: Epoch 93, Train Loss: 1.5024814990258986, Test Loss: 0.8187976777553558, Inverse Test Loss: 0.07403525710105896 
2025-01-09 14:24:39,509 INFO: Epoch 94, Train Loss: 1.5005441788704164, Test Loss: 0.8187146633863449, Inverse Test Loss: 0.07375488430261612 
2025-01-09 14:24:39,661 INFO: Epoch 95, Train Loss: 1.5055768028382333, Test Loss: 0.819248653948307, Inverse Test Loss: 0.07445527613162994 
2025-01-09 14:24:39,808 INFO: Epoch 96, Train Loss: 1.5034019793233564, Test Loss: 0.8186885714530945, Inverse Test Loss: 0.07395031303167343 
2025-01-09 14:24:39,957 INFO: Epoch 97, Train Loss: 1.502325984739488, Test Loss: 0.8184473291039467, Inverse Test Loss: 0.07410062104463577 
2025-01-09 14:24:40,105 INFO: Epoch 98, Train Loss: 1.5010735565616238, Test Loss: 0.8175525069236755, Inverse Test Loss: 0.07388103008270264 
2025-01-09 14:24:40,255 INFO: Epoch 99, Train Loss: 1.5041919831306703, Test Loss: 0.818236231803894, Inverse Test Loss: 0.07384966313838959 
2025-01-09 14:24:40,406 INFO: Epoch 100, Train Loss: 1.502538554130062, Test Loss: 0.8179333284497261, Inverse Test Loss: 0.07414425909519196 
2025-01-09 14:24:40,406 INFO: Best Epoch 98, Best Test Loss: 0.8175525069236755 
2025-01-09 14:24:40,567 INFO: Epoch 101, Train Loss: 1.504200073980516, Test Loss: 0.8182845115661621, Inverse Test Loss: 0.07404610514640808 
2025-01-09 14:24:40,715 INFO: Epoch 102, Train Loss: 1.4978136939387168, Test Loss: 0.8174679279327393, Inverse Test Loss: 0.07390067726373672 
2025-01-09 14:24:40,887 INFO: Epoch 103, Train Loss: 1.4952932327024397, Test Loss: 0.8177464008331299, Inverse Test Loss: 0.07429556548595428 
2025-01-09 14:24:41,035 INFO: Epoch 104, Train Loss: 1.5037171148484754, Test Loss: 0.8172954544425011, Inverse Test Loss: 0.07362980395555496 
2025-01-09 14:24:41,191 INFO: Epoch 105, Train Loss: 1.4948725315832323, Test Loss: 0.8171292170882225, Inverse Test Loss: 0.07409447431564331 
2025-01-09 14:24:41,335 INFO: Epoch 106, Train Loss: 1.4972448118271366, Test Loss: 0.8171363696455956, Inverse Test Loss: 0.0741632953286171 
2025-01-09 14:24:41,488 INFO: Epoch 107, Train Loss: 1.4962081601542812, Test Loss: 0.8176892474293709, Inverse Test Loss: 0.07427825033664703 
2025-01-09 14:24:41,635 INFO: Epoch 108, Train Loss: 1.4983275052039855, Test Loss: 0.8165869414806366, Inverse Test Loss: 0.07383454591035843 
2025-01-09 14:24:41,789 INFO: Epoch 109, Train Loss: 1.501235262040169, Test Loss: 0.8170032650232315, Inverse Test Loss: 0.07390563189983368 
2025-01-09 14:24:41,934 INFO: Epoch 110, Train Loss: 1.5013372821192588, Test Loss: 0.8167058899998665, Inverse Test Loss: 0.07388512790203094 
2025-01-09 14:24:42,086 INFO: Epoch 111, Train Loss: 1.5046063815393755, Test Loss: 0.8170078694820404, Inverse Test Loss: 0.07415132969617844 
2025-01-09 14:24:42,234 INFO: Epoch 112, Train Loss: 1.4972897152746878, Test Loss: 0.8165448680520058, Inverse Test Loss: 0.07377241551876068 
2025-01-09 14:24:42,386 INFO: Epoch 113, Train Loss: 1.496529882954013, Test Loss: 0.8164188116788864, Inverse Test Loss: 0.07427819073200226 
2025-01-09 14:24:42,533 INFO: Epoch 114, Train Loss: 1.4993790003561205, Test Loss: 0.8157133236527443, Inverse Test Loss: 0.07371174544095993 
2025-01-09 14:24:42,684 INFO: Epoch 115, Train Loss: 1.4945988078271188, Test Loss: 0.8163440674543381, Inverse Test Loss: 0.07397878915071487 
2025-01-09 14:24:42,832 INFO: Epoch 116, Train Loss: 1.4959272300043414, Test Loss: 0.8160953372716904, Inverse Test Loss: 0.07395604252815247 
2025-01-09 14:24:42,986 INFO: Epoch 117, Train Loss: 1.4960220475350656, Test Loss: 0.8157651200890541, Inverse Test Loss: 0.07403770089149475 
2025-01-09 14:24:43,129 INFO: Epoch 118, Train Loss: 1.5008325807509884, Test Loss: 0.81605414301157, Inverse Test Loss: 0.07385751605033875 
2025-01-09 14:24:43,288 INFO: Epoch 119, Train Loss: 1.4929495857607933, Test Loss: 0.8157007619738579, Inverse Test Loss: 0.07388363778591156 
2025-01-09 14:24:43,435 INFO: Epoch 120, Train Loss: 1.4947976258493239, Test Loss: 0.8159889802336693, Inverse Test Loss: 0.07405678182840347 
2025-01-09 14:24:43,594 INFO: Epoch 121, Train Loss: 1.4981116094896871, Test Loss: 0.8163549453020096, Inverse Test Loss: 0.07414422184228897 
2025-01-09 14:24:43,739 INFO: Epoch 122, Train Loss: 1.4983720317963631, Test Loss: 0.8151384592056274, Inverse Test Loss: 0.07363319396972656 
2025-01-09 14:24:43,895 INFO: Epoch 123, Train Loss: 1.495904399502662, Test Loss: 0.8156252354383469, Inverse Test Loss: 0.07370329648256302 
2025-01-09 14:24:44,044 INFO: Epoch 124, Train Loss: 1.4979255737796906, Test Loss: 0.81536815315485, Inverse Test Loss: 0.07375375181436539 
2025-01-09 14:24:44,200 INFO: Epoch 125, Train Loss: 1.5009330972548454, Test Loss: 0.8148641064763069, Inverse Test Loss: 0.07409369945526123 
2025-01-09 14:24:44,346 INFO: Epoch 126, Train Loss: 1.498018180170367, Test Loss: 0.815533883869648, Inverse Test Loss: 0.073835089802742 
2025-01-09 14:24:44,500 INFO: Epoch 127, Train Loss: 1.4978523715849845, Test Loss: 0.8155664950609207, Inverse Test Loss: 0.07403555512428284 
2025-01-09 14:24:44,648 INFO: Epoch 128, Train Loss: 1.491914310762959, Test Loss: 0.8151199445128441, Inverse Test Loss: 0.07401806116104126 
2025-01-09 14:24:44,804 INFO: Epoch 129, Train Loss: 1.493761170294977, Test Loss: 0.8150557577610016, Inverse Test Loss: 0.074403315782547 
2025-01-09 14:24:44,949 INFO: Epoch 130, Train Loss: 1.4911723329174904, Test Loss: 0.8147425130009651, Inverse Test Loss: 0.0741896852850914 
2025-01-09 14:24:45,114 INFO: Epoch 131, Train Loss: 1.4954448015459123, Test Loss: 0.8148309662938118, Inverse Test Loss: 0.07410652190446854 
2025-01-09 14:24:45,260 INFO: Epoch 132, Train Loss: 1.4944651972862981, Test Loss: 0.8146333992481232, Inverse Test Loss: 0.07392677664756775 
2025-01-09 14:24:45,417 INFO: Epoch 133, Train Loss: 1.4947073267352196, Test Loss: 0.8142943903803825, Inverse Test Loss: 0.0742221549153328 
2025-01-09 14:24:45,564 INFO: Epoch 134, Train Loss: 1.491712231789866, Test Loss: 0.8141074851155281, Inverse Test Loss: 0.07396229356527328 
2025-01-09 14:24:45,722 INFO: Epoch 135, Train Loss: 1.4947015816165554, Test Loss: 0.8149763122200966, Inverse Test Loss: 0.07399451732635498 
2025-01-09 14:24:45,869 INFO: Epoch 136, Train Loss: 1.4932677245909167, Test Loss: 0.8139110654592514, Inverse Test Loss: 0.07403451949357986 
2025-01-09 14:24:46,033 INFO: Epoch 137, Train Loss: 1.4919664821317118, Test Loss: 0.8140712380409241, Inverse Test Loss: 0.07387280464172363 
2025-01-09 14:24:46,190 INFO: Epoch 138, Train Loss: 1.495110431025105, Test Loss: 0.8141341134905815, Inverse Test Loss: 0.07406035810709 
2025-01-09 14:24:46,358 INFO: Epoch 139, Train Loss: 1.495214170025241, Test Loss: 0.8145802170038223, Inverse Test Loss: 0.07397071272134781 
2025-01-09 14:24:46,507 INFO: Epoch 140, Train Loss: 1.493922322027145, Test Loss: 0.8137394785881042, Inverse Test Loss: 0.07382766157388687 
2025-01-09 14:24:46,669 INFO: Epoch 141, Train Loss: 1.4971833882793304, Test Loss: 0.8139159381389618, Inverse Test Loss: 0.07413793355226517 
2025-01-09 14:24:46,813 INFO: Epoch 142, Train Loss: 1.4914611385714622, Test Loss: 0.8137911707162857, Inverse Test Loss: 0.07429128885269165 
2025-01-09 14:24:46,975 INFO: Epoch 143, Train Loss: 1.492428756529285, Test Loss: 0.8137218058109283, Inverse Test Loss: 0.07409237325191498 
2025-01-09 14:24:47,122 INFO: Epoch 144, Train Loss: 1.4941516768547796, Test Loss: 0.8135889619588852, Inverse Test Loss: 0.07397134602069855 
2025-01-09 14:24:47,274 INFO: Epoch 145, Train Loss: 1.4914256565032467, Test Loss: 0.8143971264362335, Inverse Test Loss: 0.07446946203708649 
2025-01-09 14:24:47,418 INFO: Epoch 146, Train Loss: 1.4928994101862754, Test Loss: 0.813520722091198, Inverse Test Loss: 0.07397385686635971 
2025-01-09 14:24:47,569 INFO: Epoch 147, Train Loss: 1.490490032780555, Test Loss: 0.813935860991478, Inverse Test Loss: 0.0742214098572731 
2025-01-09 14:24:47,719 INFO: Epoch 148, Train Loss: 1.494209235714328, Test Loss: 0.8131082579493523, Inverse Test Loss: 0.0738896057009697 
2025-01-09 14:24:47,873 INFO: Epoch 149, Train Loss: 1.4921118867012761, Test Loss: 0.8137531131505966, Inverse Test Loss: 0.07386109977960587 
2025-01-09 14:24:48,022 INFO: Epoch 150, Train Loss: 1.4936805694333968, Test Loss: 0.8130674958229065, Inverse Test Loss: 0.07425495982170105 
2025-01-09 14:24:48,173 INFO: Epoch 151, Train Loss: 1.4934738912890035, Test Loss: 0.8134391903877258, Inverse Test Loss: 0.07412867993116379 
2025-01-09 14:24:48,317 INFO: Epoch 152, Train Loss: 1.4900658592101066, Test Loss: 0.8131138384342194, Inverse Test Loss: 0.0741753950715065 
2025-01-09 14:24:48,467 INFO: Epoch 153, Train Loss: 1.4941766992692025, Test Loss: 0.8126752153038979, Inverse Test Loss: 0.07427627593278885 
2025-01-09 14:24:48,613 INFO: Epoch 154, Train Loss: 1.4923715629885275, Test Loss: 0.8133947923779488, Inverse Test Loss: 0.07430632412433624 
2025-01-09 14:24:48,767 INFO: Epoch 155, Train Loss: 1.491630458062695, Test Loss: 0.8136837333440781, Inverse Test Loss: 0.07409258931875229 
2025-01-09 14:24:48,915 INFO: Epoch 156, Train Loss: 1.493633758637213, Test Loss: 0.8128140866756439, Inverse Test Loss: 0.07418259233236313 
2025-01-09 14:24:49,073 INFO: Epoch 157, Train Loss: 1.4908866382414294, Test Loss: 0.8125496059656143, Inverse Test Loss: 0.07426057010889053 
2025-01-09 14:24:49,221 INFO: Epoch 158, Train Loss: 1.4899155286050612, Test Loss: 0.8129592388868332, Inverse Test Loss: 0.07424609363079071 
2025-01-09 14:24:49,381 INFO: Epoch 159, Train Loss: 1.4909163290454495, Test Loss: 0.8127926588058472, Inverse Test Loss: 0.07406330853700638 
2025-01-09 14:24:49,527 INFO: Epoch 160, Train Loss: 1.4873053066192135, Test Loss: 0.8131479918956757, Inverse Test Loss: 0.07461731880903244 
2025-01-09 14:24:49,687 INFO: Epoch 161, Train Loss: 1.4893437931614537, Test Loss: 0.8125959783792496, Inverse Test Loss: 0.07426481693983078 
2025-01-09 14:24:49,835 INFO: Epoch 162, Train Loss: 1.4909553335558983, Test Loss: 0.8129453808069229, Inverse Test Loss: 0.07411687821149826 
2025-01-09 14:24:49,997 INFO: Epoch 163, Train Loss: 1.4889356436267975, Test Loss: 0.8122208267450333, Inverse Test Loss: 0.07424873113632202 
2025-01-09 14:24:50,143 INFO: Epoch 164, Train Loss: 1.489684062619363, Test Loss: 0.812440775334835, Inverse Test Loss: 0.07409117370843887 
2025-01-09 14:24:50,305 INFO: Epoch 165, Train Loss: 1.4894650443907707, Test Loss: 0.8124158084392548, Inverse Test Loss: 0.07463645190000534 
2025-01-09 14:24:50,456 INFO: Epoch 166, Train Loss: 1.4875463439572243, Test Loss: 0.812292642891407, Inverse Test Loss: 0.0744117870926857 
2025-01-09 14:24:50,613 INFO: Epoch 167, Train Loss: 1.488544637157071, Test Loss: 0.8128433898091316, Inverse Test Loss: 0.07414179295301437 
2025-01-09 14:24:50,757 INFO: Epoch 168, Train Loss: 1.4843896242880052, Test Loss: 0.8128577545285225, Inverse Test Loss: 0.07451815903186798 
2025-01-09 14:24:50,912 INFO: Epoch 169, Train Loss: 1.4956769289508942, Test Loss: 0.8122555017471313, Inverse Test Loss: 0.07405905425548553 
2025-01-09 14:24:51,059 INFO: Epoch 170, Train Loss: 1.4904890521880119, Test Loss: 0.8120423778891563, Inverse Test Loss: 0.07445468753576279 
2025-01-09 14:24:51,214 INFO: Epoch 171, Train Loss: 1.489347392512906, Test Loss: 0.8121057227253914, Inverse Test Loss: 0.07431633025407791 
2025-01-09 14:24:51,359 INFO: Epoch 172, Train Loss: 1.491520224079009, Test Loss: 0.8117848187685013, Inverse Test Loss: 0.07428716123104095 
2025-01-09 14:24:51,510 INFO: Epoch 173, Train Loss: 1.4864855350986603, Test Loss: 0.8127371966838837, Inverse Test Loss: 0.07439543306827545 
2025-01-09 14:24:51,658 INFO: Epoch 174, Train Loss: 1.4892986320680188, Test Loss: 0.8119694888591766, Inverse Test Loss: 0.07441622018814087 
2025-01-09 14:24:51,806 INFO: Epoch 175, Train Loss: 1.4899728567369523, Test Loss: 0.8120093792676926, Inverse Test Loss: 0.07442917674779892 
2025-01-09 14:24:51,952 INFO: Epoch 176, Train Loss: 1.4893401207462433, Test Loss: 0.8121131509542465, Inverse Test Loss: 0.07418739050626755 
2025-01-09 14:24:52,104 INFO: Epoch 177, Train Loss: 1.4872873098619523, Test Loss: 0.8116532117128372, Inverse Test Loss: 0.07428313791751862 
2025-01-09 14:24:52,250 INFO: Epoch 178, Train Loss: 1.488802686814339, Test Loss: 0.8119367435574532, Inverse Test Loss: 0.07458581030368805 
2025-01-09 14:24:52,401 INFO: Epoch 179, Train Loss: 1.4858910998990458, Test Loss: 0.8112167865037918, Inverse Test Loss: 0.07436921447515488 
2025-01-09 14:24:52,549 INFO: Epoch 180, Train Loss: 1.4938732308726157, Test Loss: 0.8118902668356895, Inverse Test Loss: 0.07456301152706146 
2025-01-09 14:24:52,709 INFO: Epoch 181, Train Loss: 1.4859783841717629, Test Loss: 0.8115363568067551, Inverse Test Loss: 0.07416925579309464 
2025-01-09 14:24:52,854 INFO: Epoch 182, Train Loss: 1.4844723632258754, Test Loss: 0.8113605380058289, Inverse Test Loss: 0.0744718387722969 
2025-01-09 14:24:53,016 INFO: Epoch 183, Train Loss: 1.4893539221056047, Test Loss: 0.8113263249397278, Inverse Test Loss: 0.07469121366739273 
2025-01-09 14:24:53,166 INFO: Epoch 184, Train Loss: 1.49112061531313, Test Loss: 0.8109337389469147, Inverse Test Loss: 0.07439655810594559 
2025-01-09 14:24:53,323 INFO: Epoch 185, Train Loss: 1.4856376955586095, Test Loss: 0.8118443265557289, Inverse Test Loss: 0.07434002310037613 
2025-01-09 14:24:53,473 INFO: Epoch 186, Train Loss: 1.4859110155413229, Test Loss: 0.8110558092594147, Inverse Test Loss: 0.07462500780820847 
2025-01-09 14:24:53,629 INFO: Epoch 187, Train Loss: 1.4893444814989645, Test Loss: 0.8117679059505463, Inverse Test Loss: 0.07480630278587341 
2025-01-09 14:24:53,773 INFO: Epoch 188, Train Loss: 1.4866452024829002, Test Loss: 0.8113458007574081, Inverse Test Loss: 0.07431309670209885 
2025-01-09 14:24:53,935 INFO: Epoch 189, Train Loss: 1.484438750051683, Test Loss: 0.8111602440476418, Inverse Test Loss: 0.07461046427488327 
2025-01-09 14:24:54,084 INFO: Epoch 190, Train Loss: 1.4869753045420493, Test Loss: 0.8109717965126038, Inverse Test Loss: 0.07445436716079712 
2025-01-09 14:24:54,241 INFO: Epoch 191, Train Loss: 1.4875961695947955, Test Loss: 0.8110785931348801, Inverse Test Loss: 0.07416491955518723 
2025-01-09 14:24:54,389 INFO: Epoch 192, Train Loss: 1.48639416310095, Test Loss: 0.811484731733799, Inverse Test Loss: 0.07457265257835388 
2025-01-09 14:24:54,542 INFO: Epoch 193, Train Loss: 1.4866478250872703, Test Loss: 0.8114086836576462, Inverse Test Loss: 0.07476747781038284 
2025-01-09 14:24:54,690 INFO: Epoch 194, Train Loss: 1.4903130262128768, Test Loss: 0.811154879629612, Inverse Test Loss: 0.07475686818361282 
2025-01-09 14:24:54,848 INFO: Epoch 195, Train Loss: 1.4878022901473507, Test Loss: 0.8113798946142197, Inverse Test Loss: 0.0747298151254654 
2025-01-09 14:24:54,999 INFO: Epoch 196, Train Loss: 1.4854524481681086, Test Loss: 0.8113484755158424, Inverse Test Loss: 0.07452802360057831 
2025-01-09 14:24:55,153 INFO: Epoch 197, Train Loss: 1.4902165320611769, Test Loss: 0.8111748918890953, Inverse Test Loss: 0.07456929236650467 
2025-01-09 14:24:55,302 INFO: Epoch 198, Train Loss: 1.4875927817436956, Test Loss: 0.8111993074417114, Inverse Test Loss: 0.07478981465101242 
2025-01-09 14:24:55,458 INFO: Epoch 199, Train Loss: 1.4875113541080105, Test Loss: 0.8101901859045029, Inverse Test Loss: 0.074433833360672 
2025-01-09 14:24:55,606 INFO: Epoch 200, Train Loss: 1.4845503491740073, Test Loss: 0.8109948486089706, Inverse Test Loss: 0.07492139935493469 
2025-01-09 14:24:55,606 INFO: Best Epoch 199, Best Test Loss: 0.8101901859045029 
2025-01-09 14:24:55,760 INFO: Epoch 201, Train Loss: 1.4854020072567848, Test Loss: 0.8111162260174751, Inverse Test Loss: 0.07459019124507904 
2025-01-09 14:24:55,907 INFO: Epoch 202, Train Loss: 1.4894979692274524, Test Loss: 0.8108985722064972, Inverse Test Loss: 0.0748865157365799 
2025-01-09 14:24:56,060 INFO: Epoch 203, Train Loss: 1.4880270765673729, Test Loss: 0.8108919858932495, Inverse Test Loss: 0.07461784034967422 
2025-01-09 14:24:56,206 INFO: Epoch 204, Train Loss: 1.4864669230676466, Test Loss: 0.8107791841030121, Inverse Test Loss: 0.07441643625497818 
2025-01-09 14:24:56,371 INFO: Epoch 205, Train Loss: 1.4863724170192596, Test Loss: 0.8107164055109024, Inverse Test Loss: 0.07450281828641891 
2025-01-09 14:24:56,522 INFO: Epoch 206, Train Loss: 1.4857266641432239, Test Loss: 0.8108488246798515, Inverse Test Loss: 0.07476004958152771 
2025-01-09 14:24:56,676 INFO: Epoch 207, Train Loss: 1.4861293338960218, Test Loss: 0.8104555085301399, Inverse Test Loss: 0.07445201277732849 
2025-01-09 14:24:56,824 INFO: Epoch 208, Train Loss: 1.4906135489863734, Test Loss: 0.8102009743452072, Inverse Test Loss: 0.07489639520645142 
2025-01-09 14:24:56,975 INFO: Epoch 209, Train Loss: 1.4856270705499957, Test Loss: 0.8099986836314201, Inverse Test Loss: 0.07482846081256866 
2025-01-09 14:24:57,124 INFO: Epoch 210, Train Loss: 1.4886253033914874, Test Loss: 0.8105299845337868, Inverse Test Loss: 0.07466451823711395 
2025-01-09 14:24:57,277 INFO: Epoch 211, Train Loss: 1.4897231132753435, Test Loss: 0.8106737285852432, Inverse Test Loss: 0.07472600787878036 
2025-01-09 14:24:57,427 INFO: Epoch 212, Train Loss: 1.4878345228010608, Test Loss: 0.8104931712150574, Inverse Test Loss: 0.07480748742818832 
2025-01-09 14:24:57,588 INFO: Epoch 213, Train Loss: 1.4884502733907392, Test Loss: 0.8107801154255867, Inverse Test Loss: 0.07468912750482559 
2025-01-09 14:24:57,733 INFO: Epoch 214, Train Loss: 1.4863771007907005, Test Loss: 0.8107920363545418, Inverse Test Loss: 0.07463531196117401 
2025-01-09 14:24:57,893 INFO: Epoch 215, Train Loss: 1.4816654497577297, Test Loss: 0.8100591972470284, Inverse Test Loss: 0.07481242716312408 
2025-01-09 14:24:58,044 INFO: Epoch 216, Train Loss: 1.4868291808712868, Test Loss: 0.8106004670262337, Inverse Test Loss: 0.07502465695142746 
2025-01-09 14:24:58,202 INFO: Epoch 217, Train Loss: 1.489703905197882, Test Loss: 0.809981107711792, Inverse Test Loss: 0.07465772330760956 
2025-01-09 14:24:58,345 INFO: Epoch 218, Train Loss: 1.4863367157597696, Test Loss: 0.8106569722294807, Inverse Test Loss: 0.07469888776540756 
2025-01-09 14:24:58,505 INFO: Epoch 219, Train Loss: 1.4845968754060808, Test Loss: 0.8101246505975723, Inverse Test Loss: 0.07483461499214172 
2025-01-09 14:24:58,654 INFO: Epoch 220, Train Loss: 1.4904625146619734, Test Loss: 0.8103127852082253, Inverse Test Loss: 0.07481339573860168 
2025-01-09 14:24:58,813 INFO: Epoch 221, Train Loss: 1.4862469857738865, Test Loss: 0.8105718120932579, Inverse Test Loss: 0.07491904497146606 
2025-01-09 14:24:58,963 INFO: Epoch 222, Train Loss: 1.4844400844266337, Test Loss: 0.8103029578924179, Inverse Test Loss: 0.07490533590316772 
2025-01-09 14:24:59,116 INFO: Epoch 223, Train Loss: 1.4867515679328673, Test Loss: 0.8106018379330635, Inverse Test Loss: 0.07508178055286407 
2025-01-09 14:24:59,263 INFO: Epoch 224, Train Loss: 1.484742845258405, Test Loss: 0.8104870542883873, Inverse Test Loss: 0.07532043009996414 
2025-01-09 14:24:59,423 INFO: Epoch 225, Train Loss: 1.483117192022262, Test Loss: 0.8096466809511185, Inverse Test Loss: 0.0749267116189003 
2025-01-09 14:24:59,569 INFO: Epoch 226, Train Loss: 1.4882223298472743, Test Loss: 0.8100545778870583, Inverse Test Loss: 0.0748588964343071 
2025-01-09 14:24:59,727 INFO: Epoch 227, Train Loss: 1.4876012840578634, Test Loss: 0.8102614805102348, Inverse Test Loss: 0.07495570927858353 
2025-01-09 14:24:59,869 INFO: Epoch 228, Train Loss: 1.4853044671397055, Test Loss: 0.8094827979803085, Inverse Test Loss: 0.07513357698917389 
2025-01-09 14:25:00,030 INFO: Epoch 229, Train Loss: 1.484367582105821, Test Loss: 0.8102234974503517, Inverse Test Loss: 0.07500473409891129 
2025-01-09 14:25:00,181 INFO: Epoch 230, Train Loss: 1.4830166678274832, Test Loss: 0.8104681000113487, Inverse Test Loss: 0.07525236159563065 
2025-01-09 14:25:00,335 INFO: Epoch 231, Train Loss: 1.4870190389694706, Test Loss: 0.8096647635102272, Inverse Test Loss: 0.07479386776685715 
2025-01-09 14:25:00,480 INFO: Epoch 232, Train Loss: 1.489465675046367, Test Loss: 0.8099704906344414, Inverse Test Loss: 0.07511785626411438 
2025-01-09 14:25:00,635 INFO: Epoch 233, Train Loss: 1.4875326694980744, Test Loss: 0.8101740404963493, Inverse Test Loss: 0.07517261058092117 
2025-01-09 14:25:00,780 INFO: Epoch 234, Train Loss: 1.4855896426785378, Test Loss: 0.809912383556366, Inverse Test Loss: 0.07513729482889175 
2025-01-09 14:25:00,932 INFO: Epoch 235, Train Loss: 1.4827974765531478, Test Loss: 0.8099493458867073, Inverse Test Loss: 0.07511240988969803 
2025-01-09 14:25:01,081 INFO: Epoch 236, Train Loss: 1.4845032538137128, Test Loss: 0.8104125261306763, Inverse Test Loss: 0.0750269815325737 
2025-01-09 14:25:01,231 INFO: Epoch 237, Train Loss: 1.4851717525912869, Test Loss: 0.8100860491394997, Inverse Test Loss: 0.07547813653945923 
2025-01-09 14:25:01,380 INFO: Epoch 238, Train Loss: 1.485926047448189, Test Loss: 0.8100964725017548, Inverse Test Loss: 0.07520575076341629 
2025-01-09 14:25:01,536 INFO: Epoch 239, Train Loss: 1.480667156557883, Test Loss: 0.8097733035683632, Inverse Test Loss: 0.07487814128398895 
2025-01-09 14:25:01,681 INFO: Epoch 240, Train Loss: 1.4880602667408604, Test Loss: 0.8097664043307304, Inverse Test Loss: 0.07520566880702972 
2025-01-09 14:25:01,835 INFO: Epoch 241, Train Loss: 1.481954163120639, Test Loss: 0.8100725188851357, Inverse Test Loss: 0.07517725229263306 
2025-01-09 14:25:01,984 INFO: Epoch 242, Train Loss: 1.4888244559687953, Test Loss: 0.8101226836442947, Inverse Test Loss: 0.0754212960600853 
2025-01-09 14:25:02,140 INFO: Epoch 243, Train Loss: 1.4820083302836264, Test Loss: 0.8097290247678757, Inverse Test Loss: 0.07556648552417755 
2025-01-09 14:25:02,288 INFO: Epoch 244, Train Loss: 1.486284532854634, Test Loss: 0.8099141716957092, Inverse Test Loss: 0.0752711221575737 
2025-01-09 14:25:02,456 INFO: Epoch 245, Train Loss: 1.4867721142307404, Test Loss: 0.8107121363282204, Inverse Test Loss: 0.0757078006863594 
2025-01-09 14:25:02,611 INFO: Epoch 246, Train Loss: 1.482017090243678, Test Loss: 0.8096593841910362, Inverse Test Loss: 0.0755004808306694 
2025-01-09 14:25:02,773 INFO: Epoch 247, Train Loss: 1.489838623231457, Test Loss: 0.8109767735004425, Inverse Test Loss: 0.0754198282957077 
2025-01-09 14:25:02,918 INFO: Epoch 248, Train Loss: 1.479810364784733, Test Loss: 0.8098588287830353, Inverse Test Loss: 0.07540954649448395 
2025-01-09 14:25:03,080 INFO: Epoch 249, Train Loss: 1.4850617301079534, Test Loss: 0.8102448284626007, Inverse Test Loss: 0.0754299983382225 
2025-01-09 14:25:03,226 INFO: Epoch 250, Train Loss: 1.483677617965206, Test Loss: 0.8100140243768692, Inverse Test Loss: 0.07576114684343338 
2025-01-09 14:25:03,382 INFO: Epoch 251, Train Loss: 1.4826673115453413, Test Loss: 0.8103049397468567, Inverse Test Loss: 0.07534263283014297 
2025-01-09 14:25:03,531 INFO: Epoch 252, Train Loss: 1.4857151046875985, Test Loss: 0.8097192198038101, Inverse Test Loss: 0.07545743882656097 
2025-01-09 14:25:03,689 INFO: Epoch 253, Train Loss: 1.480475652602411, Test Loss: 0.8101506680250168, Inverse Test Loss: 0.07559394091367722 
2025-01-09 14:25:03,837 INFO: Epoch 254, Train Loss: 1.4838748939575688, Test Loss: 0.8100666329264641, Inverse Test Loss: 0.07594942301511765 
2025-01-09 14:25:03,995 INFO: Epoch 255, Train Loss: 1.477293356772392, Test Loss: 0.809771254658699, Inverse Test Loss: 0.0756356418132782 
2025-01-09 14:25:04,141 INFO: Epoch 256, Train Loss: 1.483787513548328, Test Loss: 0.8098439127206802, Inverse Test Loss: 0.07552328705787659 
2025-01-09 14:25:04,301 INFO: Epoch 257, Train Loss: 1.4831947857333767, Test Loss: 0.8096272498369217, Inverse Test Loss: 0.0758742019534111 
2025-01-09 14:25:04,447 INFO: Epoch 258, Train Loss: 1.4847550738242365, Test Loss: 0.8098464235663414, Inverse Test Loss: 0.07543311268091202 
2025-01-09 14:25:04,607 INFO: Epoch 259, Train Loss: 1.4841281367886452, Test Loss: 0.810488685965538, Inverse Test Loss: 0.07571960240602493 
2025-01-09 14:25:04,756 INFO: Epoch 260, Train Loss: 1.4824713737733903, Test Loss: 0.8101525977253914, Inverse Test Loss: 0.07571110129356384 
2025-01-09 14:25:04,919 INFO: Epoch 261, Train Loss: 1.4816697874376852, Test Loss: 0.810388557612896, Inverse Test Loss: 0.07579191774129868 
2025-01-09 14:25:05,070 INFO: Epoch 262, Train Loss: 1.4845875270905033, Test Loss: 0.8102264329791069, Inverse Test Loss: 0.07575025409460068 
2025-01-09 14:25:05,231 INFO: Epoch 263, Train Loss: 1.4886290988614481, Test Loss: 0.8099599704146385, Inverse Test Loss: 0.07569021731615067 
2025-01-09 14:25:05,379 INFO: Epoch 264, Train Loss: 1.4877163402495845, Test Loss: 0.8107811287045479, Inverse Test Loss: 0.07598056644201279 
2025-01-09 14:25:05,531 INFO: Epoch 265, Train Loss: 1.4850766351146083, Test Loss: 0.8101031631231308, Inverse Test Loss: 0.07562921941280365 
2025-01-09 14:25:05,676 INFO: Epoch 266, Train Loss: 1.484523634756765, Test Loss: 0.8103884980082512, Inverse Test Loss: 0.07590582221746445 
2025-01-09 14:25:05,830 INFO: Epoch 267, Train Loss: 1.4811535919866254, Test Loss: 0.8103320822119713, Inverse Test Loss: 0.07627008855342865 
2025-01-09 14:25:05,976 INFO: Epoch 268, Train Loss: 1.4825840688520862, Test Loss: 0.810487300157547, Inverse Test Loss: 0.07591607421636581 
2025-01-09 14:25:06,123 INFO: Epoch 269, Train Loss: 1.484311007684277, Test Loss: 0.8101662769913673, Inverse Test Loss: 0.0757145881652832 
2025-01-09 14:25:06,271 INFO: Epoch 270, Train Loss: 1.4859168760238155, Test Loss: 0.8106738477945328, Inverse Test Loss: 0.07609034329652786 
2025-01-09 14:25:06,421 INFO: Epoch 271, Train Loss: 1.4828495210216892, Test Loss: 0.8104239702224731, Inverse Test Loss: 0.0757792592048645 
2025-01-09 14:25:06,567 INFO: Epoch 272, Train Loss: 1.4833871433811803, Test Loss: 0.8104348853230476, Inverse Test Loss: 0.07631593197584152 
2025-01-09 14:25:06,723 INFO: Epoch 273, Train Loss: 1.4820655584335327, Test Loss: 0.8107665479183197, Inverse Test Loss: 0.076274074614048 
2025-01-09 14:25:06,876 INFO: Epoch 274, Train Loss: 1.4840845177250523, Test Loss: 0.8100767135620117, Inverse Test Loss: 0.0758974626660347 
2025-01-09 14:25:07,030 INFO: Epoch 275, Train Loss: 1.4827639595154793, Test Loss: 0.8107484802603722, Inverse Test Loss: 0.07632528245449066 
2025-01-09 14:25:07,176 INFO: Epoch 276, Train Loss: 1.4830652667630104, Test Loss: 0.8108256682753563, Inverse Test Loss: 0.07620691508054733 
2025-01-09 14:25:07,336 INFO: Epoch 277, Train Loss: 1.485237629182877, Test Loss: 0.810872457921505, Inverse Test Loss: 0.07602103799581528 
2025-01-09 14:25:07,479 INFO: Epoch 278, Train Loss: 1.4790619381012455, Test Loss: 0.8110320046544075, Inverse Test Loss: 0.07634741812944412 
2025-01-09 14:25:07,640 INFO: Epoch 279, Train Loss: 1.4820061191435783, Test Loss: 0.8104429766535759, Inverse Test Loss: 0.07647944241762161 
2025-01-09 14:25:07,786 INFO: Epoch 280, Train Loss: 1.4811820445522186, Test Loss: 0.8103353977203369, Inverse Test Loss: 0.07625839859247208 
2025-01-09 14:25:07,948 INFO: Epoch 281, Train Loss: 1.4839937148555633, Test Loss: 0.8107062801718712, Inverse Test Loss: 0.076508067548275 
2025-01-09 14:25:08,098 INFO: Epoch 282, Train Loss: 1.4797391122387302, Test Loss: 0.8104366511106491, Inverse Test Loss: 0.07607752084732056 
2025-01-09 14:25:08,256 INFO: Epoch 283, Train Loss: 1.4844755703403103, Test Loss: 0.8103779405355453, Inverse Test Loss: 0.07641690224409103 
2025-01-09 14:25:08,404 INFO: Epoch 284, Train Loss: 1.4834094124455606, Test Loss: 0.8104753866791725, Inverse Test Loss: 0.07606147974729538 
2025-01-09 14:25:08,562 INFO: Epoch 285, Train Loss: 1.481849951128806, Test Loss: 0.8109211921691895, Inverse Test Loss: 0.0764237716794014 
2025-01-09 14:25:08,708 INFO: Epoch 286, Train Loss: 1.4844270137048536, Test Loss: 0.8102043941617012, Inverse Test Loss: 0.07618986070156097 
2025-01-09 14:25:08,865 INFO: Epoch 287, Train Loss: 1.4835570166187901, Test Loss: 0.8113204315304756, Inverse Test Loss: 0.0762907862663269 
2025-01-09 14:25:09,013 INFO: Epoch 288, Train Loss: 1.4825412996353642, Test Loss: 0.8106049373745918, Inverse Test Loss: 0.07632095366716385 
2025-01-09 14:25:09,166 INFO: Epoch 289, Train Loss: 1.4791900919329735, Test Loss: 0.8106551542878151, Inverse Test Loss: 0.07651824504137039 
2025-01-09 14:25:09,315 INFO: Epoch 290, Train Loss: 1.4843176757135699, Test Loss: 0.8108912482857704, Inverse Test Loss: 0.0764966756105423 
2025-01-09 14:25:09,467 INFO: Epoch 291, Train Loss: 1.4774853914014754, Test Loss: 0.810864232480526, Inverse Test Loss: 0.07594875991344452 
2025-01-09 14:25:09,613 INFO: Epoch 292, Train Loss: 1.4830540726261754, Test Loss: 0.8105559200048447, Inverse Test Loss: 0.07650377601385117 
2025-01-09 14:25:09,764 INFO: Epoch 293, Train Loss: 1.4809585386706936, Test Loss: 0.8110028803348541, Inverse Test Loss: 0.07619268447160721 
2025-01-09 14:25:09,909 INFO: Epoch 294, Train Loss: 1.4790097782688756, Test Loss: 0.8108433485031128, Inverse Test Loss: 0.0764797031879425 
2025-01-09 14:25:10,059 INFO: Epoch 295, Train Loss: 1.4844316090306928, Test Loss: 0.8110179379582405, Inverse Test Loss: 0.07667259126901627 
2025-01-09 14:25:10,206 INFO: Epoch 296, Train Loss: 1.4814205131223124, Test Loss: 0.8108268901705742, Inverse Test Loss: 0.07657218724489212 
2025-01-09 14:25:10,354 INFO: Epoch 297, Train Loss: 1.4836969106428084, Test Loss: 0.8114563599228859, Inverse Test Loss: 0.07648524641990662 
2025-01-09 14:25:10,503 INFO: Epoch 298, Train Loss: 1.4827264355074974, Test Loss: 0.8106566369533539, Inverse Test Loss: 0.0766117200255394 
2025-01-09 14:25:10,653 INFO: Epoch 299, Train Loss: 1.482919196928701, Test Loss: 0.81119654327631, Inverse Test Loss: 0.07669014483690262 
2025-01-09 14:25:10,798 INFO: Epoch 300, Train Loss: 1.4794160050730552, Test Loss: 0.8117973431944847, Inverse Test Loss: 0.07663296908140182 
2025-01-09 14:25:10,802 INFO: Best Epoch 228, Best Test Loss: 0.8094827979803085 
2025-01-09 14:25:10,972 INFO: Epoch 301, Train Loss: 1.4821958041960193, Test Loss: 0.8116778135299683, Inverse Test Loss: 0.07683347910642624 
2025-01-09 14:25:11,117 INFO: Epoch 302, Train Loss: 1.4745954813495759, Test Loss: 0.8106961771845818, Inverse Test Loss: 0.07680296152830124 
2025-01-09 14:25:11,283 INFO: Epoch 303, Train Loss: 1.4805641097407187, Test Loss: 0.8114408105611801, Inverse Test Loss: 0.07640989869832993 
2025-01-09 14:25:11,430 INFO: Epoch 304, Train Loss: 1.4836538145619054, Test Loss: 0.8116772472858429, Inverse Test Loss: 0.07697765529155731 
2025-01-09 14:25:11,587 INFO: Epoch 305, Train Loss: 1.482208328862344, Test Loss: 0.8117515295743942, Inverse Test Loss: 0.07681931555271149 
2025-01-09 14:25:11,739 INFO: Epoch 306, Train Loss: 1.483674080141129, Test Loss: 0.8113283291459084, Inverse Test Loss: 0.07664357870817184 
2025-01-09 14:25:11,900 INFO: Epoch 307, Train Loss: 1.478434274273534, Test Loss: 0.811308279633522, Inverse Test Loss: 0.07683961093425751 
2025-01-09 14:25:12,048 INFO: Epoch 308, Train Loss: 1.486429618250939, Test Loss: 0.8110385611653328, Inverse Test Loss: 0.07713073492050171 
2025-01-09 14:25:12,213 INFO: Epoch 309, Train Loss: 1.4803317477626186, Test Loss: 0.8116037175059319, Inverse Test Loss: 0.0765303373336792 
2025-01-09 14:25:12,358 INFO: Epoch 310, Train Loss: 1.4821213637628863, Test Loss: 0.8112770467996597, Inverse Test Loss: 0.07668740302324295 
2025-01-09 14:25:12,517 INFO: Epoch 311, Train Loss: 1.4819726867060508, Test Loss: 0.8107057437300682, Inverse Test Loss: 0.07649637758731842 
2025-01-09 14:25:12,665 INFO: Epoch 312, Train Loss: 1.4852659971483293, Test Loss: 0.8114976212382317, Inverse Test Loss: 0.07685822248458862 
2025-01-09 14:25:12,824 INFO: Epoch 313, Train Loss: 1.4816601084124656, Test Loss: 0.8113519623875618, Inverse Test Loss: 0.07717449218034744 
2025-01-09 14:25:12,971 INFO: Epoch 314, Train Loss: 1.479660064943375, Test Loss: 0.8116076812148094, Inverse Test Loss: 0.07654035836458206 
2025-01-09 14:25:13,123 INFO: Epoch 315, Train Loss: 1.48319871194901, Test Loss: 0.8118032813072205, Inverse Test Loss: 0.07683727145195007 
2025-01-09 14:25:13,272 INFO: Epoch 316, Train Loss: 1.4792968611563406, Test Loss: 0.8112740144133568, Inverse Test Loss: 0.0770159438252449 
2025-01-09 14:25:13,430 INFO: Epoch 317, Train Loss: 1.481339604623856, Test Loss: 0.8116197735071182, Inverse Test Loss: 0.07710874825716019 
2025-01-09 14:25:13,578 INFO: Epoch 318, Train Loss: 1.478179354821482, Test Loss: 0.8105272427201271, Inverse Test Loss: 0.07693714648485184 
2025-01-09 14:25:13,731 INFO: Epoch 319, Train Loss: 1.4839626781402095, Test Loss: 0.8112261965870857, Inverse Test Loss: 0.07701650261878967 
2025-01-09 14:25:13,877 INFO: Epoch 320, Train Loss: 1.47666540838057, Test Loss: 0.8120546191930771, Inverse Test Loss: 0.07694479823112488 
2025-01-09 14:25:14,031 INFO: Epoch 321, Train Loss: 1.480043799646439, Test Loss: 0.8112315237522125, Inverse Test Loss: 0.07701646536588669 
2025-01-09 14:25:14,179 INFO: Epoch 322, Train Loss: 1.4773144837348693, Test Loss: 0.8117726519703865, Inverse Test Loss: 0.07707066833972931 
2025-01-09 14:25:14,333 INFO: Epoch 323, Train Loss: 1.4822341049871137, Test Loss: 0.8114399388432503, Inverse Test Loss: 0.07687332481145859 
2025-01-09 14:25:14,479 INFO: Epoch 324, Train Loss: 1.477671084865447, Test Loss: 0.8120561093091965, Inverse Test Loss: 0.07676465064287186 
2025-01-09 14:25:14,630 INFO: Epoch 325, Train Loss: 1.4824113922734414, Test Loss: 0.8124378621578217, Inverse Test Loss: 0.07675309479236603 
2025-01-09 14:25:14,775 INFO: Epoch 326, Train Loss: 1.4813653999759304, Test Loss: 0.8117920383810997, Inverse Test Loss: 0.07721614092588425 
2025-01-09 14:25:14,933 INFO: Epoch 327, Train Loss: 1.4798873047674856, Test Loss: 0.8112953901290894, Inverse Test Loss: 0.07685621827840805 
2025-01-09 14:25:15,084 INFO: Epoch 328, Train Loss: 1.4792889125885502, Test Loss: 0.8119564577937126, Inverse Test Loss: 0.0771537721157074 
2025-01-09 14:25:15,246 INFO: Epoch 329, Train Loss: 1.4805773688900856, Test Loss: 0.8117204234004021, Inverse Test Loss: 0.07705026119947433 
2025-01-09 14:25:15,398 INFO: Epoch 330, Train Loss: 1.4830021050668531, Test Loss: 0.8115462213754654, Inverse Test Loss: 0.07700591534376144 
2025-01-09 14:25:15,558 INFO: Epoch 331, Train Loss: 1.4786880093236123, Test Loss: 0.8119258433580399, Inverse Test Loss: 0.0770263671875 
2025-01-09 14:25:15,710 INFO: Epoch 332, Train Loss: 1.4824732388219526, Test Loss: 0.8121318519115448, Inverse Test Loss: 0.07692054659128189 
2025-01-09 14:25:15,866 INFO: Epoch 333, Train Loss: 1.4813953330439906, Test Loss: 0.8116068914532661, Inverse Test Loss: 0.07703225314617157 
2025-01-09 14:25:16,036 INFO: Epoch 334, Train Loss: 1.478569584508096, Test Loss: 0.8116655871272087, Inverse Test Loss: 0.07714544981718063 
2025-01-09 14:25:16,312 INFO: Epoch 335, Train Loss: 1.4814494925160562, Test Loss: 0.8115978389978409, Inverse Test Loss: 0.07705073058605194 
2025-01-09 14:25:16,511 INFO: Epoch 336, Train Loss: 1.478257986807054, Test Loss: 0.8117394298315048, Inverse Test Loss: 0.07702852785587311 
2025-01-09 14:25:16,719 INFO: Epoch 337, Train Loss: 1.4786203907382103, Test Loss: 0.8116131871938705, Inverse Test Loss: 0.07676821947097778 
2025-01-09 14:25:16,869 INFO: Epoch 338, Train Loss: 1.477799154097034, Test Loss: 0.8123274743556976, Inverse Test Loss: 0.07751340419054031 
2025-01-09 14:25:17,031 INFO: Epoch 339, Train Loss: 1.4775063607000536, Test Loss: 0.8115832805633545, Inverse Test Loss: 0.07696104794740677 
2025-01-09 14:25:17,187 INFO: Epoch 340, Train Loss: 1.479662791375191, Test Loss: 0.8121452480554581, Inverse Test Loss: 0.07727514207363129 
2025-01-09 14:25:17,339 INFO: Epoch 341, Train Loss: 1.4786579685826455, Test Loss: 0.8118672221899033, Inverse Test Loss: 0.07706697285175323 
2025-01-09 14:25:17,496 INFO: Epoch 342, Train Loss: 1.4801859740288026, Test Loss: 0.8117218315601349, Inverse Test Loss: 0.07694529742002487 
2025-01-09 14:25:17,682 INFO: Epoch 343, Train Loss: 1.4818374149260982, Test Loss: 0.8120244443416595, Inverse Test Loss: 0.0771975964307785 
2025-01-09 14:25:17,835 INFO: Epoch 344, Train Loss: 1.4779269003099011, Test Loss: 0.8116246163845062, Inverse Test Loss: 0.07711340487003326 
2025-01-09 14:25:17,993 INFO: Epoch 345, Train Loss: 1.479698669525885, Test Loss: 0.8122181445360184, Inverse Test Loss: 0.0773029625415802 
2025-01-09 14:25:18,149 INFO: Epoch 346, Train Loss: 1.4823765716245096, Test Loss: 0.8123315945267677, Inverse Test Loss: 0.07698314636945724 
2025-01-09 14:25:18,301 INFO: Epoch 347, Train Loss: 1.480892792824776, Test Loss: 0.811546228826046, Inverse Test Loss: 0.07700636237859726 
2025-01-09 14:25:18,456 INFO: Epoch 348, Train Loss: 1.477116177158971, Test Loss: 0.8122132197022438, Inverse Test Loss: 0.0773773044347763 
2025-01-09 14:25:18,609 INFO: Epoch 349, Train Loss: 1.4773447321307274, Test Loss: 0.812423512339592, Inverse Test Loss: 0.07733295857906342 
2025-01-09 14:25:18,761 INFO: Epoch 350, Train Loss: 1.479497959536891, Test Loss: 0.8122603446245193, Inverse Test Loss: 0.07737094163894653 
2025-01-09 14:25:18,911 INFO: Epoch 351, Train Loss: 1.4798209936388078, Test Loss: 0.8120906129479408, Inverse Test Loss: 0.07716872543096542 
2025-01-09 14:25:19,060 INFO: Epoch 352, Train Loss: 1.4774714169963714, Test Loss: 0.8117424994707108, Inverse Test Loss: 0.07721459120512009 
2025-01-09 14:25:19,214 INFO: Epoch 353, Train Loss: 1.4744905541020055, Test Loss: 0.812219575047493, Inverse Test Loss: 0.07703415304422379 
2025-01-09 14:25:19,370 INFO: Epoch 354, Train Loss: 1.4789122573791011, Test Loss: 0.8118623793125153, Inverse Test Loss: 0.0776134505867958 
2025-01-09 14:25:19,529 INFO: Epoch 355, Train Loss: 1.4805040820952384, Test Loss: 0.812485970556736, Inverse Test Loss: 0.07737509906291962 
2025-01-09 14:25:19,691 INFO: Epoch 356, Train Loss: 1.4797672148673766, Test Loss: 0.8122054934501648, Inverse Test Loss: 0.0774691253900528 
2025-01-09 14:25:19,852 INFO: Epoch 357, Train Loss: 1.4837154919101345, Test Loss: 0.813019648194313, Inverse Test Loss: 0.07775484025478363 
2025-01-09 14:25:20,013 INFO: Epoch 358, Train Loss: 1.4781892568834367, Test Loss: 0.8120448887348175, Inverse Test Loss: 0.07695215195417404 
2025-01-09 14:25:20,167 INFO: Epoch 359, Train Loss: 1.4823274227880663, Test Loss: 0.8126167804002762, Inverse Test Loss: 0.07723380625247955 
2025-01-09 14:25:20,313 INFO: Epoch 360, Train Loss: 1.481309410064451, Test Loss: 0.8126368895173073, Inverse Test Loss: 0.07764285057783127 
2025-01-09 14:25:20,469 INFO: Epoch 361, Train Loss: 1.4787141507671726, Test Loss: 0.8126442804932594, Inverse Test Loss: 0.07748465985059738 
2025-01-09 14:25:20,626 INFO: Epoch 362, Train Loss: 1.4772953833303144, Test Loss: 0.8133528828620911, Inverse Test Loss: 0.07767623662948608 
2025-01-09 14:25:20,785 INFO: Epoch 363, Train Loss: 1.4819818658213462, Test Loss: 0.8121245428919792, Inverse Test Loss: 0.07735280692577362 
2025-01-09 14:25:20,936 INFO: Epoch 364, Train Loss: 1.4800009689023417, Test Loss: 0.8134921863675117, Inverse Test Loss: 0.07733646780252457 
2025-01-09 14:25:21,098 INFO: Epoch 365, Train Loss: 1.4816888647694741, Test Loss: 0.8129625618457794, Inverse Test Loss: 0.07728620618581772 
2025-01-09 14:25:21,257 INFO: Epoch 366, Train Loss: 1.4754899240309192, Test Loss: 0.8137295618653297, Inverse Test Loss: 0.07756979018449783 
2025-01-09 14:25:21,418 INFO: Epoch 367, Train Loss: 1.4781033569766628, Test Loss: 0.812808983027935, Inverse Test Loss: 0.0774785652756691 
2025-01-09 14:25:21,584 INFO: Epoch 368, Train Loss: 1.4853902324553458, Test Loss: 0.8130754083395004, Inverse Test Loss: 0.07776108384132385 
2025-01-09 14:25:21,744 INFO: Epoch 369, Train Loss: 1.480301357084705, Test Loss: 0.8126253485679626, Inverse Test Loss: 0.07735617458820343 
2025-01-09 14:25:21,923 INFO: Epoch 370, Train Loss: 1.4778729831018755, Test Loss: 0.8125395998358727, Inverse Test Loss: 0.07768537849187851 
2025-01-09 14:25:22,106 INFO: Epoch 371, Train Loss: 1.4820173132804133, Test Loss: 0.813554435968399, Inverse Test Loss: 0.07768060266971588 
2025-01-09 14:25:22,281 INFO: Epoch 372, Train Loss: 1.4809625917865383, Test Loss: 0.8132198601961136, Inverse Test Loss: 0.07723722606897354 
2025-01-09 14:25:22,450 INFO: Epoch 373, Train Loss: 1.481079266917321, Test Loss: 0.8128521740436554, Inverse Test Loss: 0.0774584412574768 
2025-01-09 14:25:22,620 INFO: Epoch 374, Train Loss: 1.480444069831602, Test Loss: 0.8120791614055634, Inverse Test Loss: 0.0776844397187233 
2025-01-09 14:25:22,788 INFO: Epoch 375, Train Loss: 1.4772872194167106, Test Loss: 0.8133616149425507, Inverse Test Loss: 0.07734335213899612 
2025-01-09 14:25:22,956 INFO: Epoch 376, Train Loss: 1.4813270799575313, Test Loss: 0.812891848385334, Inverse Test Loss: 0.07799060642719269 
2025-01-09 14:25:23,126 INFO: Epoch 377, Train Loss: 1.4801379288396528, Test Loss: 0.8127329126000404, Inverse Test Loss: 0.07722648978233337 
2025-01-09 14:25:23,292 INFO: Epoch 378, Train Loss: 1.4800704217726184, Test Loss: 0.812860369682312, Inverse Test Loss: 0.07738765329122543 
2025-01-09 14:25:23,469 INFO: Epoch 379, Train Loss: 1.4745252516961866, Test Loss: 0.8125108182430267, Inverse Test Loss: 0.0776638388633728 
2025-01-09 14:25:23,631 INFO: Epoch 380, Train Loss: 1.475767466329759, Test Loss: 0.8135126009583473, Inverse Test Loss: 0.07767312228679657 
2025-01-09 14:25:23,781 INFO: Epoch 381, Train Loss: 1.4748714970004173, Test Loss: 0.8132382482290268, Inverse Test Loss: 0.07771957665681839 
2025-01-09 14:25:23,938 INFO: Epoch 382, Train Loss: 1.4818393914930281, Test Loss: 0.8133546411991119, Inverse Test Loss: 0.07765404880046844 
2025-01-09 14:25:24,091 INFO: Epoch 383, Train Loss: 1.4755236871780888, Test Loss: 0.8128949254751205, Inverse Test Loss: 0.07729170471429825 
2025-01-09 14:25:24,240 INFO: Epoch 384, Train Loss: 1.4812700056260633, Test Loss: 0.8136323690414429, Inverse Test Loss: 0.07756640017032623 
2025-01-09 14:25:24,404 INFO: Epoch 385, Train Loss: 1.4790809039146668, Test Loss: 0.8132415860891342, Inverse Test Loss: 0.07747968286275864 
2025-01-09 14:25:24,565 INFO: Epoch 386, Train Loss: 1.4773275813748759, Test Loss: 0.812776692211628, Inverse Test Loss: 0.07742014527320862 
2025-01-09 14:25:24,737 INFO: Epoch 387, Train Loss: 1.4803798467882219, Test Loss: 0.8129870593547821, Inverse Test Loss: 0.07745436578989029 
2025-01-09 14:25:24,916 INFO: Epoch 388, Train Loss: 1.476058510042006, Test Loss: 0.8131434321403503, Inverse Test Loss: 0.07748934626579285 
2025-01-09 14:25:25,100 INFO: Epoch 389, Train Loss: 1.4745395029744794, Test Loss: 0.8140436485409737, Inverse Test Loss: 0.07800018042325974 
2025-01-09 14:25:25,270 INFO: Epoch 390, Train Loss: 1.4822313247188446, Test Loss: 0.8135096505284309, Inverse Test Loss: 0.07786979526281357 
2025-01-09 14:25:25,443 INFO: Epoch 391, Train Loss: 1.4767007981577227, Test Loss: 0.8138390108942986, Inverse Test Loss: 0.07764482498168945 
2025-01-09 14:25:25,609 INFO: Epoch 392, Train Loss: 1.480070379472548, Test Loss: 0.8129091039299965, Inverse Test Loss: 0.07765234261751175 
2025-01-09 14:25:25,801 INFO: Epoch 393, Train Loss: 1.4805689627124416, Test Loss: 0.8125515207648277, Inverse Test Loss: 0.07749413698911667 
2025-01-09 14:25:26,013 INFO: Epoch 394, Train Loss: 1.4769985098992624, Test Loss: 0.8137333393096924, Inverse Test Loss: 0.07790999114513397 
2025-01-09 14:25:26,188 INFO: Epoch 395, Train Loss: 1.4817455930094565, Test Loss: 0.8131449818611145, Inverse Test Loss: 0.07780631631612778 
2025-01-09 14:25:26,383 INFO: Epoch 396, Train Loss: 1.477945346986094, Test Loss: 0.8131742477416992, Inverse Test Loss: 0.07755840569734573 
2025-01-09 14:25:26,551 INFO: Epoch 397, Train Loss: 1.4771528205563944, Test Loss: 0.8134583979845047, Inverse Test Loss: 0.07760587334632874 
2025-01-09 14:25:26,723 INFO: Epoch 398, Train Loss: 1.4792235435978058, Test Loss: 0.8131229132413864, Inverse Test Loss: 0.0776645764708519 
2025-01-09 14:25:26,904 INFO: Epoch 399, Train Loss: 1.478638441331925, Test Loss: 0.8128586709499359, Inverse Test Loss: 0.07762490212917328 
2025-01-09 14:25:27,130 INFO: Epoch 400, Train Loss: 1.4769566943568568, Test Loss: 0.8137039095163345, Inverse Test Loss: 0.07789058238267899 
2025-01-09 14:25:27,130 INFO: Best Epoch 228, Best Test Loss: 0.8094827979803085 
2025-01-09 14:25:27,329 INFO: Epoch 401, Train Loss: 1.479711494138164, Test Loss: 0.8131822198629379, Inverse Test Loss: 0.07774555683135986 
2025-01-09 14:25:27,536 INFO: Epoch 402, Train Loss: 1.4787584274045882, Test Loss: 0.8134380131959915, Inverse Test Loss: 0.07783680409193039 
2025-01-09 14:25:27,712 INFO: Epoch 403, Train Loss: 1.478886615845465, Test Loss: 0.813114270567894, Inverse Test Loss: 0.0775286927819252 
2025-01-09 14:25:27,903 INFO: Epoch 404, Train Loss: 1.4823602053426927, Test Loss: 0.813690684735775, Inverse Test Loss: 0.07767084240913391 
2025-01-09 14:25:28,073 INFO: Epoch 405, Train Loss: 1.4790544625251525, Test Loss: 0.8133913651108742, Inverse Test Loss: 0.07796167582273483 
2025-01-09 14:25:28,248 INFO: Epoch 406, Train Loss: 1.4749763204205422, Test Loss: 0.8128665685653687, Inverse Test Loss: 0.07747851312160492 
2025-01-09 14:25:28,433 INFO: Epoch 407, Train Loss: 1.4745138152953117, Test Loss: 0.8130288645625114, Inverse Test Loss: 0.07774673402309418 
2025-01-09 14:25:28,654 INFO: Epoch 408, Train Loss: 1.4729811952960106, Test Loss: 0.8125310093164444, Inverse Test Loss: 0.07748787105083466 
2025-01-09 14:25:28,852 INFO: Epoch 409, Train Loss: 1.4803617577398978, Test Loss: 0.8142042234539986, Inverse Test Loss: 0.07781968265771866 
2025-01-09 14:25:29,067 INFO: Epoch 410, Train Loss: 1.4752158388014762, Test Loss: 0.8129742816090584, Inverse Test Loss: 0.07794179022312164 
2025-01-09 14:25:29,248 INFO: Epoch 411, Train Loss: 1.4791774096027497, Test Loss: 0.8132442906498909, Inverse Test Loss: 0.0772971585392952 
2025-01-09 14:25:29,446 INFO: Epoch 412, Train Loss: 1.4762148357206775, Test Loss: 0.8136714324355125, Inverse Test Loss: 0.07794368267059326 
2025-01-09 14:25:29,644 INFO: Epoch 413, Train Loss: 1.474507620257716, Test Loss: 0.8136200830340385, Inverse Test Loss: 0.07793951779603958 
2025-01-09 14:25:29,826 INFO: Epoch 414, Train Loss: 1.4793918555782688, Test Loss: 0.8139064013957977, Inverse Test Loss: 0.07763725519180298 
2025-01-09 14:25:30,012 INFO: Epoch 415, Train Loss: 1.475891940055355, Test Loss: 0.8133675903081894, Inverse Test Loss: 0.07776065170764923 
2025-01-09 14:25:30,183 INFO: Epoch 416, Train Loss: 1.4786336191238896, Test Loss: 0.812765821814537, Inverse Test Loss: 0.07763586193323135 
2025-01-09 14:25:30,360 INFO: Epoch 417, Train Loss: 1.4759061105789677, Test Loss: 0.8133464828133583, Inverse Test Loss: 0.07773195952177048 
2025-01-09 14:25:30,531 INFO: Epoch 418, Train Loss: 1.481087238557877, Test Loss: 0.8134427070617676, Inverse Test Loss: 0.07768933475017548 
2025-01-09 14:25:30,745 INFO: Epoch 419, Train Loss: 1.4788367056077527, Test Loss: 0.8129781633615494, Inverse Test Loss: 0.07764290273189545 
2025-01-09 14:25:30,926 INFO: Epoch 420, Train Loss: 1.4786849829458422, Test Loss: 0.8135054707527161, Inverse Test Loss: 0.07784055918455124 
2025-01-09 14:25:31,092 INFO: Epoch 421, Train Loss: 1.478008177972609, Test Loss: 0.8129896000027657, Inverse Test Loss: 0.07735715061426163 
2025-01-09 14:25:31,301 INFO: Epoch 422, Train Loss: 1.47918527741586, Test Loss: 0.8145309835672379, Inverse Test Loss: 0.07785664498806 
2025-01-09 14:25:31,476 INFO: Epoch 423, Train Loss: 1.4779600866379277, Test Loss: 0.8133737817406654, Inverse Test Loss: 0.07776932418346405 
2025-01-09 14:25:31,674 INFO: Epoch 424, Train Loss: 1.4779908733983194, Test Loss: 0.8136263638734818, Inverse Test Loss: 0.07776881754398346 
2025-01-09 14:25:31,893 INFO: Epoch 425, Train Loss: 1.4775103330612183, Test Loss: 0.8126228302717209, Inverse Test Loss: 0.07771871238946915 
2025-01-09 14:25:32,067 INFO: Epoch 426, Train Loss: 1.4787513556018952, Test Loss: 0.8134050443768501, Inverse Test Loss: 0.07767502963542938 
2025-01-09 14:25:32,248 INFO: Epoch 427, Train Loss: 1.4793514936201033, Test Loss: 0.814255878329277, Inverse Test Loss: 0.07778070867061615 
2025-01-09 14:25:32,429 INFO: Epoch 428, Train Loss: 1.483439799278013, Test Loss: 0.8135281801223755, Inverse Test Loss: 0.07795566320419312 
2025-01-09 14:25:32,601 INFO: Epoch 429, Train Loss: 1.4734386359491656, Test Loss: 0.813042588531971, Inverse Test Loss: 0.07752774655818939 
2025-01-09 14:25:32,777 INFO: Epoch 430, Train Loss: 1.4784932828718615, Test Loss: 0.8133544623851776, Inverse Test Loss: 0.07792219519615173 
2025-01-09 14:25:32,965 INFO: Epoch 431, Train Loss: 1.482642239139926, Test Loss: 0.8128884583711624, Inverse Test Loss: 0.07686524093151093 
2025-01-09 14:25:33,140 INFO: Epoch 432, Train Loss: 1.476635129221024, Test Loss: 0.8132987394928932, Inverse Test Loss: 0.07756205648183823 
2025-01-09 14:25:33,317 INFO: Epoch 433, Train Loss: 1.474987999085457, Test Loss: 0.8140875101089478, Inverse Test Loss: 0.07786060124635696 
2025-01-09 14:25:33,486 INFO: Epoch 434, Train Loss: 1.478922313259494, Test Loss: 0.812932625412941, Inverse Test Loss: 0.07728859037160873 
2025-01-09 14:25:33,678 INFO: Epoch 435, Train Loss: 1.4783851292825514, Test Loss: 0.8132601082324982, Inverse Test Loss: 0.07769255340099335 
2025-01-09 14:25:33,849 INFO: Epoch 436, Train Loss: 1.4764958889253679, Test Loss: 0.8137506991624832, Inverse Test Loss: 0.07795440405607224 
2025-01-09 14:25:34,023 INFO: Epoch 437, Train Loss: 1.4769749679873068, Test Loss: 0.8135321587324142, Inverse Test Loss: 0.07785248756408691 
2025-01-09 14:25:34,200 INFO: Epoch 438, Train Loss: 1.4767735965790287, Test Loss: 0.8140371590852737, Inverse Test Loss: 0.07781676948070526 
2025-01-09 14:25:34,385 INFO: Epoch 439, Train Loss: 1.478128025608678, Test Loss: 0.8132822066545486, Inverse Test Loss: 0.07770693302154541 
2025-01-09 14:25:34,573 INFO: Epoch 440, Train Loss: 1.4748718007918327, Test Loss: 0.8136741369962692, Inverse Test Loss: 0.07788686454296112 
2025-01-09 14:25:34,750 INFO: Epoch 441, Train Loss: 1.48069397095711, Test Loss: 0.8135201558470726, Inverse Test Loss: 0.07771796733140945 
2025-01-09 14:25:34,943 INFO: Epoch 442, Train Loss: 1.4754336418644074, Test Loss: 0.8135637417435646, Inverse Test Loss: 0.0776761993765831 
2025-01-09 14:25:35,138 INFO: Epoch 443, Train Loss: 1.4753730950816986, Test Loss: 0.8140108808875084, Inverse Test Loss: 0.07786738127470016 
2025-01-09 14:25:35,329 INFO: Epoch 444, Train Loss: 1.476823668326101, Test Loss: 0.8138547986745834, Inverse Test Loss: 0.07784225046634674 
2025-01-09 14:25:35,502 INFO: Epoch 445, Train Loss: 1.4787012300183695, Test Loss: 0.8132667765021324, Inverse Test Loss: 0.07761026918888092 
2025-01-09 14:25:35,679 INFO: Epoch 446, Train Loss: 1.4729214291418753, Test Loss: 0.8139156103134155, Inverse Test Loss: 0.07799932360649109 
2025-01-09 14:25:35,849 INFO: Epoch 447, Train Loss: 1.476818157780555, Test Loss: 0.8124620392918587, Inverse Test Loss: 0.07754385471343994 
2025-01-09 14:25:36,020 INFO: Epoch 448, Train Loss: 1.4752524245169856, Test Loss: 0.8138488903641701, Inverse Test Loss: 0.07798033207654953 
2025-01-09 14:25:36,192 INFO: Epoch 449, Train Loss: 1.4815313200796805, Test Loss: 0.8143033981323242, Inverse Test Loss: 0.07790138572454453 
2025-01-09 14:25:36,362 INFO: Epoch 450, Train Loss: 1.4721998322394587, Test Loss: 0.8145080730319023, Inverse Test Loss: 0.07775525748729706 
2025-01-09 14:25:36,541 INFO: Epoch 451, Train Loss: 1.4746180388235277, Test Loss: 0.8133772611618042, Inverse Test Loss: 0.07779864966869354 
2025-01-09 14:25:36,711 INFO: Epoch 452, Train Loss: 1.4775810895427581, Test Loss: 0.8138704001903534, Inverse Test Loss: 0.07803566753864288 
2025-01-09 14:25:36,882 INFO: Epoch 453, Train Loss: 1.478189556829391, Test Loss: 0.8142575770616531, Inverse Test Loss: 0.07795320451259613 
2025-01-09 14:25:37,051 INFO: Epoch 454, Train Loss: 1.484239928184017, Test Loss: 0.8144215792417526, Inverse Test Loss: 0.07787908613681793 
2025-01-09 14:25:37,225 INFO: Epoch 455, Train Loss: 1.4788907074159192, Test Loss: 0.8140437230467796, Inverse Test Loss: 0.07802454382181168 
2025-01-09 14:25:37,414 INFO: Epoch 456, Train Loss: 1.4818450135569419, Test Loss: 0.8131840825080872, Inverse Test Loss: 0.07748961448669434 
2025-01-09 14:25:37,598 INFO: Epoch 457, Train Loss: 1.4745822645002795, Test Loss: 0.8150067180395126, Inverse Test Loss: 0.07805195450782776 
2025-01-09 14:25:37,811 INFO: Epoch 458, Train Loss: 1.4774528857200377, Test Loss: 0.8131628409028053, Inverse Test Loss: 0.07769565284252167 
2025-01-09 14:25:37,984 INFO: Epoch 459, Train Loss: 1.4792394291970037, Test Loss: 0.8133910596370697, Inverse Test Loss: 0.0775902047753334 
2025-01-09 14:25:38,196 INFO: Epoch 460, Train Loss: 1.4800238840041622, Test Loss: 0.8143715709447861, Inverse Test Loss: 0.0781787559390068 
2025-01-09 14:25:38,400 INFO: Epoch 461, Train Loss: 1.4767950504056868, Test Loss: 0.8133273497223854, Inverse Test Loss: 0.07790984958410263 
2025-01-09 14:25:38,600 INFO: Epoch 462, Train Loss: 1.4746578393443939, Test Loss: 0.8139607533812523, Inverse Test Loss: 0.07775204628705978 
2025-01-09 14:25:38,781 INFO: Epoch 463, Train Loss: 1.4773533767269504, Test Loss: 0.8134489580988884, Inverse Test Loss: 0.07758171856403351 
2025-01-09 14:25:38,958 INFO: Epoch 464, Train Loss: 1.4776251585252824, Test Loss: 0.8151047602295876, Inverse Test Loss: 0.07824845612049103 
2025-01-09 14:25:39,149 INFO: Epoch 465, Train Loss: 1.4771547317504883, Test Loss: 0.8134256526827812, Inverse Test Loss: 0.07793044298887253 
2025-01-09 14:25:39,322 INFO: Epoch 466, Train Loss: 1.4752349007514216, Test Loss: 0.8132376745343208, Inverse Test Loss: 0.07724441587924957 
2025-01-09 14:25:39,511 INFO: Epoch 467, Train Loss: 1.4766664620368712, Test Loss: 0.8137879818677902, Inverse Test Loss: 0.0772874653339386 
2025-01-09 14:25:39,706 INFO: Epoch 468, Train Loss: 1.4760786448755572, Test Loss: 0.8136656880378723, Inverse Test Loss: 0.07752060890197754 
2025-01-09 14:25:39,879 INFO: Epoch 469, Train Loss: 1.4834197874992125, Test Loss: 0.8148563206195831, Inverse Test Loss: 0.07752455025911331 
2025-01-09 14:25:40,067 INFO: Epoch 470, Train Loss: 1.4765197115559732, Test Loss: 0.8136245086789131, Inverse Test Loss: 0.07817120105028152 
2025-01-09 14:25:40,255 INFO: Epoch 471, Train Loss: 1.4816460917072911, Test Loss: 0.81341153383255, Inverse Test Loss: 0.07776128500699997 
2025-01-09 14:25:40,433 INFO: Epoch 472, Train Loss: 1.478076627177577, Test Loss: 0.8131537213921547, Inverse Test Loss: 0.07744977623224258 
2025-01-09 14:25:40,611 INFO: Epoch 473, Train Loss: 1.4786370992660522, Test Loss: 0.8150059133768082, Inverse Test Loss: 0.07806190848350525 
2025-01-09 14:25:40,791 INFO: Epoch 474, Train Loss: 1.4787777277731127, Test Loss: 0.8140610754489899, Inverse Test Loss: 0.07797572016716003 
2025-01-09 14:25:40,957 INFO: Epoch 475, Train Loss: 1.474977981659674, Test Loss: 0.8132648468017578, Inverse Test Loss: 0.0775689110159874 
2025-01-09 14:25:41,131 INFO: Epoch 476, Train Loss: 1.4764777383496683, Test Loss: 0.8142005056142807, Inverse Test Loss: 0.07743676006793976 
2025-01-09 14:25:41,300 INFO: Epoch 477, Train Loss: 1.4777704977220105, Test Loss: 0.814094215631485, Inverse Test Loss: 0.0777803286910057 
2025-01-09 14:25:41,470 INFO: Epoch 478, Train Loss: 1.4768127779806814, Test Loss: 0.8140204697847366, Inverse Test Loss: 0.07784514129161835 
2025-01-09 14:25:41,638 INFO: Epoch 479, Train Loss: 1.4810844006076935, Test Loss: 0.8140533342957497, Inverse Test Loss: 0.07760688662528992 
2025-01-09 14:25:41,804 INFO: Epoch 480, Train Loss: 1.4761394646859938, Test Loss: 0.813189223408699, Inverse Test Loss: 0.07755278795957565 
2025-01-09 14:25:41,971 INFO: Epoch 481, Train Loss: 1.4735319114500476, Test Loss: 0.8141230121254921, Inverse Test Loss: 0.07778880000114441 
2025-01-09 14:25:42,144 INFO: Epoch 482, Train Loss: 1.4775401738382155, Test Loss: 0.8129724785685539, Inverse Test Loss: 0.0775495246052742 
2025-01-09 14:25:42,322 INFO: Epoch 483, Train Loss: 1.4757554223460536, Test Loss: 0.8138079419732094, Inverse Test Loss: 0.07776806503534317 
2025-01-09 14:25:42,492 INFO: Epoch 484, Train Loss: 1.4749714636033582, Test Loss: 0.8133485615253448, Inverse Test Loss: 0.07747548818588257 
2025-01-09 14:25:42,655 INFO: Epoch 485, Train Loss: 1.4787747052408033, Test Loss: 0.8143112435936928, Inverse Test Loss: 0.07786407321691513 
2025-01-09 14:25:42,828 INFO: Epoch 486, Train Loss: 1.4756329290328487, Test Loss: 0.8143852949142456, Inverse Test Loss: 0.07793957740068436 
2025-01-09 14:25:42,996 INFO: Epoch 487, Train Loss: 1.4742039788153865, Test Loss: 0.8137875869870186, Inverse Test Loss: 0.0772976204752922 
2025-01-09 14:25:43,172 INFO: Epoch 488, Train Loss: 1.4716971497381888, Test Loss: 0.8132450208067894, Inverse Test Loss: 0.07768265157938004 
2025-01-09 14:25:43,349 INFO: Epoch 489, Train Loss: 1.4763473426142046, Test Loss: 0.8140962868928909, Inverse Test Loss: 0.07773376256227493 
2025-01-09 14:25:43,530 INFO: Epoch 490, Train Loss: 1.4738247433016378, Test Loss: 0.8138990178704262, Inverse Test Loss: 0.07777736335992813 
2025-01-09 14:25:43,728 INFO: Epoch 491, Train Loss: 1.4767740311161164, Test Loss: 0.8142546787858009, Inverse Test Loss: 0.07782842963933945 
2025-01-09 14:25:43,922 INFO: Epoch 492, Train Loss: 1.4770827370305215, Test Loss: 0.8144180104136467, Inverse Test Loss: 0.0781443640589714 
2025-01-09 14:25:44,145 INFO: Epoch 493, Train Loss: 1.4770704161736272, Test Loss: 0.8137980252504349, Inverse Test Loss: 0.07766948640346527 
2025-01-09 14:25:44,340 INFO: Epoch 494, Train Loss: 1.4787093862410514, Test Loss: 0.8142622485756874, Inverse Test Loss: 0.07755440473556519 
2025-01-09 14:25:44,550 INFO: Epoch 495, Train Loss: 1.4782955646514893, Test Loss: 0.8139036446809769, Inverse Test Loss: 0.07794969528913498 
2025-01-09 14:25:44,780 INFO: Epoch 496, Train Loss: 1.478088940343549, Test Loss: 0.8132839724421501, Inverse Test Loss: 0.07776426523923874 
2025-01-09 14:25:44,985 INFO: Epoch 497, Train Loss: 1.4744773295617872, Test Loss: 0.8140063732862473, Inverse Test Loss: 0.07759609073400497 
2025-01-09 14:25:45,190 INFO: Epoch 498, Train Loss: 1.4787767241078038, Test Loss: 0.8152724280953407, Inverse Test Loss: 0.078228659927845 
2025-01-09 14:25:45,379 INFO: Epoch 499, Train Loss: 1.4753989019701559, Test Loss: 0.8131134584546089, Inverse Test Loss: 0.07778874039649963 
2025-01-09 14:25:45,570 INFO: Epoch 500, Train Loss: 1.4732199984212075, Test Loss: 0.8141797259449959, Inverse Test Loss: 0.07761141657829285 
2025-01-09 14:25:45,570 INFO: Best Epoch 228, Best Test Loss: 0.8094827979803085 
2025-01-09 14:25:45,789 INFO: Epoch 501, Train Loss: 1.4753592706495715, Test Loss: 0.8139050230383873, Inverse Test Loss: 0.07763047516345978 
2025-01-09 14:25:45,998 INFO: Epoch 502, Train Loss: 1.471787868007537, Test Loss: 0.813217356801033, Inverse Test Loss: 0.07719852775335312 
2025-01-09 14:25:46,203 INFO: Epoch 503, Train Loss: 1.4806188460319274, Test Loss: 0.8140943571925163, Inverse Test Loss: 0.07785380631685257 
2025-01-09 14:25:46,405 INFO: Epoch 504, Train Loss: 1.4738800371846845, Test Loss: 0.8127430155873299, Inverse Test Loss: 0.07754378765821457 
2025-01-09 14:25:46,616 INFO: Epoch 505, Train Loss: 1.4734454501059748, Test Loss: 0.8140893206000328, Inverse Test Loss: 0.0773417055606842 
2025-01-09 14:25:46,829 INFO: Epoch 506, Train Loss: 1.4730111745096022, Test Loss: 0.813458189368248, Inverse Test Loss: 0.0775032564997673 
2025-01-09 14:25:47,039 INFO: Epoch 507, Train Loss: 1.4753504414712229, Test Loss: 0.8137190565466881, Inverse Test Loss: 0.07751985639333725 
2025-01-09 14:25:47,222 INFO: Epoch 508, Train Loss: 1.4726217523697884, Test Loss: 0.8143130391836166, Inverse Test Loss: 0.07759876549243927 
2025-01-09 14:25:47,426 INFO: Epoch 509, Train Loss: 1.4766390323638916, Test Loss: 0.8141534924507141, Inverse Test Loss: 0.07795955240726471 
2025-01-09 14:25:47,623 INFO: Epoch 510, Train Loss: 1.4754700776069396, Test Loss: 0.8142447471618652, Inverse Test Loss: 0.07760336995124817 
2025-01-09 14:25:47,819 INFO: Epoch 511, Train Loss: 1.4707623643259848, Test Loss: 0.8137365058064461, Inverse Test Loss: 0.07755354046821594 
2025-01-09 14:25:48,019 INFO: Epoch 512, Train Loss: 1.474580830143344, Test Loss: 0.8124186769127846, Inverse Test Loss: 0.07708436250686646 
2025-01-09 14:25:48,238 INFO: Epoch 513, Train Loss: 1.4748566612120597, Test Loss: 0.8135811910033226, Inverse Test Loss: 0.07756005227565765 
2025-01-09 14:25:48,430 INFO: Epoch 514, Train Loss: 1.4742579652417092, Test Loss: 0.8140824809670448, Inverse Test Loss: 0.07792837917804718 
2025-01-09 14:25:48,626 INFO: Epoch 515, Train Loss: 1.4797279565565047, Test Loss: 0.814288817346096, Inverse Test Loss: 0.07731269299983978 
2025-01-09 14:25:48,815 INFO: Epoch 516, Train Loss: 1.4733992084380119, Test Loss: 0.8138185292482376, Inverse Test Loss: 0.07769811898469925 
2025-01-09 14:25:49,001 INFO: Epoch 517, Train Loss: 1.4709791406508415, Test Loss: 0.8134956806898117, Inverse Test Loss: 0.07713428139686584 
2025-01-09 14:25:49,185 INFO: Epoch 518, Train Loss: 1.4762072755444435, Test Loss: 0.8143661245703697, Inverse Test Loss: 0.07767760008573532 
2025-01-09 14:25:49,369 INFO: Epoch 519, Train Loss: 1.4764597954288605, Test Loss: 0.81446223706007, Inverse Test Loss: 0.07762499898672104 
2025-01-09 14:25:49,545 INFO: Epoch 520, Train Loss: 1.4760212898254395, Test Loss: 0.8131878077983856, Inverse Test Loss: 0.07724469155073166 
2025-01-09 14:25:49,714 INFO: Epoch 521, Train Loss: 1.4747547065058062, Test Loss: 0.8137152791023254, Inverse Test Loss: 0.0776524469256401 
2025-01-09 14:25:49,897 INFO: Epoch 522, Train Loss: 1.4766092261960428, Test Loss: 0.8128316700458527, Inverse Test Loss: 0.07740846276283264 
2025-01-09 14:25:50,075 INFO: Epoch 523, Train Loss: 1.477863004130702, Test Loss: 0.8137422278523445, Inverse Test Loss: 0.07767949253320694 
2025-01-09 14:25:50,266 INFO: Epoch 524, Train Loss: 1.4741288461992819, Test Loss: 0.8134890422224998, Inverse Test Loss: 0.0774349793791771 
2025-01-09 14:25:50,450 INFO: Epoch 525, Train Loss: 1.478145622438, Test Loss: 0.8140333965420723, Inverse Test Loss: 0.07757352292537689 
2025-01-09 14:25:50,641 INFO: Epoch 526, Train Loss: 1.4738059428430372, Test Loss: 0.8138807713985443, Inverse Test Loss: 0.07776278257369995 
2025-01-09 14:25:50,814 INFO: Epoch 527, Train Loss: 1.4698172807693481, Test Loss: 0.8129102885723114, Inverse Test Loss: 0.0773802325129509 
2025-01-09 14:25:50,985 INFO: Epoch 528, Train Loss: 1.4752435222748788, Test Loss: 0.8140832707285881, Inverse Test Loss: 0.07775343209505081 
2025-01-09 14:25:51,166 INFO: Epoch 529, Train Loss: 1.4702102215059343, Test Loss: 0.8137504607439041, Inverse Test Loss: 0.07735787332057953 
2025-01-09 14:25:51,337 INFO: Epoch 530, Train Loss: 1.478859378445533, Test Loss: 0.8139549419283867, Inverse Test Loss: 0.07764919102191925 
2025-01-09 14:25:51,520 INFO: Epoch 531, Train Loss: 1.4703521613151795, Test Loss: 0.8132381439208984, Inverse Test Loss: 0.07737874984741211 
2025-01-09 14:25:51,690 INFO: Epoch 532, Train Loss: 1.4740882265952326, Test Loss: 0.813038781285286, Inverse Test Loss: 0.07731667160987854 
2025-01-09 14:25:51,869 INFO: Epoch 533, Train Loss: 1.4732830332171531, Test Loss: 0.8138073682785034, Inverse Test Loss: 0.07731176167726517 
2025-01-09 14:25:52,056 INFO: Epoch 534, Train Loss: 1.4709176978757303, Test Loss: 0.814102977514267, Inverse Test Loss: 0.07754509150981903 
2025-01-09 14:25:52,235 INFO: Epoch 535, Train Loss: 1.4734760138296312, Test Loss: 0.8136616572737694, Inverse Test Loss: 0.07733955979347229 
2025-01-09 14:25:52,414 INFO: Epoch 536, Train Loss: 1.4730364968699794, Test Loss: 0.8134587854146957, Inverse Test Loss: 0.07744503021240234 
2025-01-09 14:25:52,590 INFO: Epoch 537, Train Loss: 1.4712418663886286, Test Loss: 0.8142500594258308, Inverse Test Loss: 0.07755649834871292 
2025-01-09 14:25:52,763 INFO: Epoch 538, Train Loss: 1.4770006172118648, Test Loss: 0.8128663673996925, Inverse Test Loss: 0.07757312804460526 
2025-01-09 14:25:52,951 INFO: Epoch 539, Train Loss: 1.4771432838132303, Test Loss: 0.8141664415597916, Inverse Test Loss: 0.0775497704744339 
2025-01-09 14:25:53,125 INFO: Epoch 540, Train Loss: 1.473976496727236, Test Loss: 0.8126043528318405, Inverse Test Loss: 0.07712838798761368 
2025-01-09 14:25:53,308 INFO: Epoch 541, Train Loss: 1.4766693730508127, Test Loss: 0.8130377754569054, Inverse Test Loss: 0.07721035182476044 
2025-01-09 14:25:53,489 INFO: Epoch 542, Train Loss: 1.4761788652789207, Test Loss: 0.8136556893587112, Inverse Test Loss: 0.0773179680109024 
2025-01-09 14:25:53,675 INFO: Epoch 543, Train Loss: 1.4751361070140716, Test Loss: 0.812839075922966, Inverse Test Loss: 0.07737193256616592 
2025-01-09 14:25:53,855 INFO: Epoch 544, Train Loss: 1.4771572505274126, Test Loss: 0.8135301619768143, Inverse Test Loss: 0.0771929994225502 
2025-01-09 14:25:54,033 INFO: Epoch 545, Train Loss: 1.4730890258666007, Test Loss: 0.8145027160644531, Inverse Test Loss: 0.07749875634908676 
2025-01-09 14:25:54,230 INFO: Epoch 546, Train Loss: 1.4673241684513707, Test Loss: 0.8127903714776039, Inverse Test Loss: 0.07724066078662872 
2025-01-09 14:25:54,440 INFO: Epoch 547, Train Loss: 1.4751955232312601, Test Loss: 0.815119743347168, Inverse Test Loss: 0.07810590416193008 
2025-01-09 14:25:54,645 INFO: Epoch 548, Train Loss: 1.4750855199752315, Test Loss: 0.8141764178872108, Inverse Test Loss: 0.07733140140771866 
2025-01-09 14:25:54,831 INFO: Epoch 549, Train Loss: 1.4747448851985316, Test Loss: 0.813887357711792, Inverse Test Loss: 0.07734329998493195 
2025-01-09 14:25:54,999 INFO: Epoch 550, Train Loss: 1.4710233365335772, Test Loss: 0.813120499253273, Inverse Test Loss: 0.07721389830112457 
2025-01-09 14:25:55,194 INFO: Epoch 551, Train Loss: 1.4717387268620152, Test Loss: 0.8134501799941063, Inverse Test Loss: 0.07716051489114761 
2025-01-09 14:25:55,404 INFO: Epoch 552, Train Loss: 1.4736842070856402, Test Loss: 0.8129438385367393, Inverse Test Loss: 0.07690922915935516 
2025-01-09 14:25:55,584 INFO: Epoch 553, Train Loss: 1.4696646774968793, Test Loss: 0.8136913254857063, Inverse Test Loss: 0.07735637575387955 
2025-01-09 14:25:55,764 INFO: Epoch 554, Train Loss: 1.471117131171688, Test Loss: 0.81289292126894, Inverse Test Loss: 0.07715196162462234 
2025-01-09 14:25:55,964 INFO: Epoch 555, Train Loss: 1.4715877617559125, Test Loss: 0.8133181482553482, Inverse Test Loss: 0.07759596407413483 
2025-01-09 14:25:56,161 INFO: Epoch 556, Train Loss: 1.4767568918966478, Test Loss: 0.8139652833342552, Inverse Test Loss: 0.07753472775220871 
2025-01-09 14:25:56,350 INFO: Epoch 557, Train Loss: 1.4721214732816141, Test Loss: 0.8131430298089981, Inverse Test Loss: 0.0777299776673317 
2025-01-09 14:25:56,545 INFO: Epoch 558, Train Loss: 1.476479914880568, Test Loss: 0.8133298978209496, Inverse Test Loss: 0.07704094797372818 
2025-01-09 14:25:56,751 INFO: Epoch 559, Train Loss: 1.4734000159848122, Test Loss: 0.8127207458019257, Inverse Test Loss: 0.07690323144197464 
2025-01-09 14:25:56,950 INFO: Epoch 560, Train Loss: 1.472891926765442, Test Loss: 0.8141144216060638, Inverse Test Loss: 0.07753419131040573 
2025-01-09 14:25:57,158 INFO: Epoch 561, Train Loss: 1.4704856257284842, Test Loss: 0.8132981657981873, Inverse Test Loss: 0.07692846655845642 
2025-01-09 14:25:57,380 INFO: Epoch 562, Train Loss: 1.4731017966424265, Test Loss: 0.8136569857597351, Inverse Test Loss: 0.07778256386518478 
2025-01-09 14:25:57,593 INFO: Epoch 563, Train Loss: 1.4751884821922547, Test Loss: 0.8120011389255524, Inverse Test Loss: 0.07747858017683029 
2025-01-09 14:25:57,797 INFO: Epoch 564, Train Loss: 1.4701693096468527, Test Loss: 0.8133304789662361, Inverse Test Loss: 0.07689643651247025 
2025-01-09 14:25:57,983 INFO: Epoch 565, Train Loss: 1.4733695291703748, Test Loss: 0.8144468367099762, Inverse Test Loss: 0.07757200300693512 
2025-01-09 14:25:58,201 INFO: Epoch 566, Train Loss: 1.4747206472581433, Test Loss: 0.8129176422953606, Inverse Test Loss: 0.07704627513885498 
2025-01-09 14:25:58,402 INFO: Epoch 567, Train Loss: 1.4710549731408396, Test Loss: 0.8131009861826897, Inverse Test Loss: 0.07731924206018448 
2025-01-09 14:25:58,606 INFO: Epoch 568, Train Loss: 1.4786767421230194, Test Loss: 0.8123674243688583, Inverse Test Loss: 0.07719017565250397 
2025-01-09 14:25:58,803 INFO: Epoch 569, Train Loss: 1.4739365539243143, Test Loss: 0.8132395073771477, Inverse Test Loss: 0.07752639800310135 
2025-01-09 14:25:58,984 INFO: Epoch 570, Train Loss: 1.4719824483317714, Test Loss: 0.8117782026529312, Inverse Test Loss: 0.07708925008773804 
2025-01-09 14:25:59,168 INFO: Epoch 571, Train Loss: 1.4800013880575857, Test Loss: 0.8139848932623863, Inverse Test Loss: 0.07743119448423386 
2025-01-09 14:25:59,373 INFO: Epoch 572, Train Loss: 1.4708276987075806, Test Loss: 0.8128490597009659, Inverse Test Loss: 0.07741427421569824 
2025-01-09 14:25:59,570 INFO: Epoch 573, Train Loss: 1.4758738163978822, Test Loss: 0.8133914023637772, Inverse Test Loss: 0.07713000476360321 
2025-01-09 14:25:59,774 INFO: Epoch 574, Train Loss: 1.4699563941647928, Test Loss: 0.8130655288696289, Inverse Test Loss: 0.07696980237960815 
2025-01-09 14:25:59,973 INFO: Epoch 575, Train Loss: 1.4682292053776402, Test Loss: 0.8131444752216339, Inverse Test Loss: 0.07757488638162613 
2025-01-09 14:26:00,171 INFO: Epoch 576, Train Loss: 1.470901866112986, Test Loss: 0.8130093365907669, Inverse Test Loss: 0.0772087574005127 
2025-01-09 14:26:00,355 INFO: Epoch 577, Train Loss: 1.4688523469432708, Test Loss: 0.8124946430325508, Inverse Test Loss: 0.07699370384216309 
2025-01-09 14:26:00,545 INFO: Epoch 578, Train Loss: 1.4765412961283038, Test Loss: 0.8128978386521339, Inverse Test Loss: 0.07700689882040024 
2025-01-09 14:26:00,744 INFO: Epoch 579, Train Loss: 1.470310937973761, Test Loss: 0.8141867592930794, Inverse Test Loss: 0.07742003351449966 
2025-01-09 14:26:00,941 INFO: Epoch 580, Train Loss: 1.4727104363902923, Test Loss: 0.8134829625487328, Inverse Test Loss: 0.0773489773273468 
2025-01-09 14:26:01,135 INFO: Epoch 581, Train Loss: 1.4754907777232509, Test Loss: 0.8124552220106125, Inverse Test Loss: 0.07684121280908585 
2025-01-09 14:26:01,323 INFO: Epoch 582, Train Loss: 1.4692174273152505, Test Loss: 0.8136435970664024, Inverse Test Loss: 0.07721542567014694 
2025-01-09 14:26:01,521 INFO: Epoch 583, Train Loss: 1.477776619695848, Test Loss: 0.8123578727245331, Inverse Test Loss: 0.07695837318897247 
2025-01-09 14:26:01,716 INFO: Epoch 584, Train Loss: 1.4747366213029431, Test Loss: 0.8127029612660408, Inverse Test Loss: 0.07728875428438187 
2025-01-09 14:26:01,904 INFO: Epoch 585, Train Loss: 1.4701560697247904, Test Loss: 0.8130808472633362, Inverse Test Loss: 0.07700707018375397 
2025-01-09 14:26:02,086 INFO: Epoch 586, Train Loss: 1.4754937733373334, Test Loss: 0.8121232092380524, Inverse Test Loss: 0.07686443626880646 
2025-01-09 14:26:02,264 INFO: Epoch 587, Train Loss: 1.4693871044343518, Test Loss: 0.8130193129181862, Inverse Test Loss: 0.07723189890384674 
2025-01-09 14:26:02,442 INFO: Epoch 588, Train Loss: 1.4717020219372166, Test Loss: 0.8126931339502335, Inverse Test Loss: 0.07702658325433731 
2025-01-09 14:26:02,617 INFO: Epoch 589, Train Loss: 1.4756239767997497, Test Loss: 0.8136125355958939, Inverse Test Loss: 0.0774204209446907 
2025-01-09 14:26:02,787 INFO: Epoch 590, Train Loss: 1.4726163687244538, Test Loss: 0.8130536824464798, Inverse Test Loss: 0.07705408334732056 
2025-01-09 14:26:02,955 INFO: Epoch 591, Train Loss: 1.4685794999522548, Test Loss: 0.8134706094861031, Inverse Test Loss: 0.07740135490894318 
2025-01-09 14:26:03,130 INFO: Epoch 592, Train Loss: 1.4711257796133719, Test Loss: 0.8130620419979095, Inverse Test Loss: 0.0768200159072876 
2025-01-09 14:26:03,300 INFO: Epoch 593, Train Loss: 1.4737862617738786, Test Loss: 0.8122084364295006, Inverse Test Loss: 0.0768992006778717 
2025-01-09 14:26:03,473 INFO: Epoch 594, Train Loss: 1.4734837816607567, Test Loss: 0.8135455921292305, Inverse Test Loss: 0.07732270658016205 
2025-01-09 14:26:03,644 INFO: Epoch 595, Train Loss: 1.471230718397325, Test Loss: 0.8141535669565201, Inverse Test Loss: 0.07752462476491928 
2025-01-09 14:26:03,818 INFO: Epoch 596, Train Loss: 1.4718066338569886, Test Loss: 0.8127617985010147, Inverse Test Loss: 0.07723914086818695 
2025-01-09 14:26:03,980 INFO: Epoch 597, Train Loss: 1.473016196681607, Test Loss: 0.8127590492367744, Inverse Test Loss: 0.07686064392328262 
2025-01-09 14:26:04,163 INFO: Epoch 598, Train Loss: 1.468430188394362, Test Loss: 0.8123794719576836, Inverse Test Loss: 0.07700038701295853 
2025-01-09 14:26:04,397 INFO: Epoch 599, Train Loss: 1.4754657206996795, Test Loss: 0.8143195137381554, Inverse Test Loss: 0.07738657295703888 
2025-01-09 14:26:04,624 INFO: Epoch 600, Train Loss: 1.4725933190315001, Test Loss: 0.8126413449645042, Inverse Test Loss: 0.07704053074121475 
2025-01-09 14:26:04,624 INFO: Best Epoch 228, Best Test Loss: 0.8094827979803085 
2025-01-09 14:26:04,831 INFO: Epoch 601, Train Loss: 1.46793500069649, Test Loss: 0.8124565705657005, Inverse Test Loss: 0.07710035145282745 
2025-01-09 14:26:05,039 INFO: Epoch 602, Train Loss: 1.4742688209779802, Test Loss: 0.8128770068287849, Inverse Test Loss: 0.07710883021354675 
2025-01-09 14:26:05,225 INFO: Epoch 603, Train Loss: 1.4696899844754128, Test Loss: 0.8139225766062737, Inverse Test Loss: 0.07739570736885071 
2025-01-09 14:26:05,409 INFO: Epoch 604, Train Loss: 1.4675093427781136, Test Loss: 0.8132869079709053, Inverse Test Loss: 0.07726920396089554 
2025-01-09 14:26:05,598 INFO: Epoch 605, Train Loss: 1.4745737121951195, Test Loss: 0.8127551376819611, Inverse Test Loss: 0.07717655599117279 
2025-01-09 14:26:05,784 INFO: Epoch 606, Train Loss: 1.4746306403990714, Test Loss: 0.8123031407594681, Inverse Test Loss: 0.07688222825527191 
2025-01-09 14:26:05,987 INFO: Epoch 607, Train Loss: 1.4683882536426667, Test Loss: 0.8132225498557091, Inverse Test Loss: 0.07696953415870667 
2025-01-09 14:26:06,180 INFO: Epoch 608, Train Loss: 1.476478668951219, Test Loss: 0.8119695633649826, Inverse Test Loss: 0.07676810026168823 
2025-01-09 14:26:06,359 INFO: Epoch 609, Train Loss: 1.467995862806997, Test Loss: 0.8132618367671967, Inverse Test Loss: 0.07699992507696152 
2025-01-09 14:26:06,561 INFO: Epoch 610, Train Loss: 1.4717332855347665, Test Loss: 0.8117390125989914, Inverse Test Loss: 0.07658553123474121 
2025-01-09 14:26:06,756 INFO: Epoch 611, Train Loss: 1.476846852610188, Test Loss: 0.8128964379429817, Inverse Test Loss: 0.07740126550197601 
2025-01-09 14:26:06,954 INFO: Epoch 612, Train Loss: 1.4659478395215926, Test Loss: 0.8123346343636513, Inverse Test Loss: 0.07660098373889923 
2025-01-09 14:26:07,130 INFO: Epoch 613, Train Loss: 1.4706175173482587, Test Loss: 0.8119542673230171, Inverse Test Loss: 0.0768975019454956 
2025-01-09 14:26:07,309 INFO: Epoch 614, Train Loss: 1.4726775384718371, Test Loss: 0.8130992352962494, Inverse Test Loss: 0.07675407826900482 
2025-01-09 14:26:07,495 INFO: Epoch 615, Train Loss: 1.4732135303558842, Test Loss: 0.8116784244775772, Inverse Test Loss: 0.07658668607473373 
2025-01-09 14:26:07,687 INFO: Epoch 616, Train Loss: 1.4686146474653674, Test Loss: 0.8124637305736542, Inverse Test Loss: 0.07698634266853333 
2025-01-09 14:26:07,866 INFO: Epoch 617, Train Loss: 1.4744162098053963, Test Loss: 0.8126320987939835, Inverse Test Loss: 0.0769239217042923 
2025-01-09 14:26:08,055 INFO: Epoch 618, Train Loss: 1.4712874620191512, Test Loss: 0.8125429973006248, Inverse Test Loss: 0.0764838382601738 
2025-01-09 14:26:08,261 INFO: Epoch 619, Train Loss: 1.469184141005239, Test Loss: 0.8125965520739555, Inverse Test Loss: 0.07727283984422684 
2025-01-09 14:26:08,456 INFO: Epoch 620, Train Loss: 1.470238289525432, Test Loss: 0.8118281811475754, Inverse Test Loss: 0.07674764841794968 
