2025-01-09 16:06:09,148 INFO: namespace(depth=2, name='simple_MLP') 
2025-01-09 16:06:09,148 INFO: Dataset:Bike 
2025-01-09 16:06:09,149 INFO: ------Begin Training Model------ 
2025-01-09 16:06:37,547 INFO: namespace(depth=2, name='simple_MLP') 
2025-01-09 16:06:37,547 INFO: Dataset:Bike 
2025-01-09 16:06:37,548 INFO: ------Begin Training Model------ 
2025-01-09 16:06:39,612 INFO: Epoch 1, Train Loss: 0.8372972230298803, Test Loss: 0.7838830543415887, Inverse Test Loss: 4.7880112784249445 
2025-01-09 16:06:39,819 INFO: Epoch 2, Train Loss: 0.7950452358350841, Test Loss: 0.7723335197993687, Inverse Test Loss: 4.578514644077846 
2025-01-09 16:06:40,013 INFO: Epoch 3, Train Loss: 0.7867979215919425, Test Loss: 0.7667477790798459, Inverse Test Loss: 4.552640642438616 
2025-01-09 16:06:40,201 INFO: Epoch 4, Train Loss: 0.782271916166358, Test Loss: 0.7621366998979023, Inverse Test Loss: 4.387688228062221 
2025-01-09 16:06:40,383 INFO: Epoch 5, Train Loss: 0.7803505724723186, Test Loss: 0.7614533879927227, Inverse Test Loss: 4.38144656590053 
2025-01-09 16:06:40,566 INFO: Epoch 6, Train Loss: 0.77704563709574, Test Loss: 0.7618222406932286, Inverse Test Loss: 4.245659419468471 
2025-01-09 16:06:40,764 INFO: Epoch 7, Train Loss: 0.7761334875308046, Test Loss: 0.7581519186496735, Inverse Test Loss: 4.188158852713449 
2025-01-09 16:06:40,957 INFO: Epoch 8, Train Loss: 0.7733557076629148, Test Loss: 0.7563951185771397, Inverse Test Loss: 4.263489314488003 
2025-01-09 16:06:41,155 INFO: Epoch 9, Train Loss: 0.7730713694467457, Test Loss: 0.7601112531764167, Inverse Test Loss: 4.416237422398159 
2025-01-09 16:06:41,357 INFO: Epoch 10, Train Loss: 0.7733519640537577, Test Loss: 0.7544373273849487, Inverse Test Loss: 4.226824079241071 
2025-01-09 16:06:41,538 INFO: Epoch 11, Train Loss: 0.7708297049233673, Test Loss: 0.7540348321199417, Inverse Test Loss: 4.067085266113281 
2025-01-09 16:06:41,724 INFO: Epoch 12, Train Loss: 0.7692835385646295, Test Loss: 0.7509779270206179, Inverse Test Loss: 3.9140238080705916 
2025-01-09 16:06:41,904 INFO: Epoch 13, Train Loss: 0.7673022287701248, Test Loss: 0.7499222052948815, Inverse Test Loss: 4.161434173583984 
2025-01-09 16:06:42,100 INFO: Epoch 14, Train Loss: 0.7663056385626487, Test Loss: 0.7522239280598504, Inverse Test Loss: 4.227824892316546 
2025-01-09 16:06:42,281 INFO: Epoch 15, Train Loss: 0.7658679775141795, Test Loss: 0.751959177000182, Inverse Test Loss: 4.1449238913399835 
2025-01-09 16:06:42,465 INFO: Epoch 16, Train Loss: 0.7662106178222446, Test Loss: 0.7645335559334073, Inverse Test Loss: 4.1703660147530695 
2025-01-09 16:06:42,647 INFO: Epoch 17, Train Loss: 0.7696340149695721, Test Loss: 0.7512555505548205, Inverse Test Loss: 4.085535594395229 
2025-01-09 16:06:42,832 INFO: Epoch 18, Train Loss: 0.7665949715386837, Test Loss: 0.7475770562887192, Inverse Test Loss: 4.167151587350028 
2025-01-09 16:06:43,015 INFO: Epoch 19, Train Loss: 0.7625927936046495, Test Loss: 0.7480602498565402, Inverse Test Loss: 3.842189243861607 
2025-01-09 16:06:43,201 INFO: Epoch 20, Train Loss: 0.7610569683783645, Test Loss: 0.7486072416816439, Inverse Test Loss: 4.142572947910854 
2025-01-09 16:06:43,384 INFO: Epoch 21, Train Loss: 0.7601242311503908, Test Loss: 0.7448135933705738, Inverse Test Loss: 4.01287487574986 
2025-01-09 16:06:43,570 INFO: Epoch 22, Train Loss: 0.7608725461391134, Test Loss: 0.7454401637826648, Inverse Test Loss: 4.115928104945591 
2025-01-09 16:06:43,753 INFO: Epoch 23, Train Loss: 0.7587647421644368, Test Loss: 0.7465914466551372, Inverse Test Loss: 3.9724524361746654 
2025-01-09 16:06:43,944 INFO: Epoch 24, Train Loss: 0.7580064906986481, Test Loss: 0.748326239841325, Inverse Test Loss: 4.055380957467215 
2025-01-09 16:06:44,134 INFO: Epoch 25, Train Loss: 0.7591669871172774, Test Loss: 0.7441320589610508, Inverse Test Loss: 4.028779438563755 
2025-01-09 16:06:44,324 INFO: Epoch 26, Train Loss: 0.7566347253431968, Test Loss: 0.7539073462997165, Inverse Test Loss: 4.36649295261928 
2025-01-09 16:06:44,505 INFO: Epoch 27, Train Loss: 0.7574744022220646, Test Loss: 0.7495934899364199, Inverse Test Loss: 4.403307233537946 
2025-01-09 16:06:44,695 INFO: Epoch 28, Train Loss: 0.7566780431554951, Test Loss: 0.7416405954531261, Inverse Test Loss: 3.9434473855154857 
2025-01-09 16:06:44,892 INFO: Epoch 29, Train Loss: 0.756202720174002, Test Loss: 0.7415028427328382, Inverse Test Loss: 4.045369012015207 
2025-01-09 16:06:45,080 INFO: Epoch 30, Train Loss: 0.7552264327302985, Test Loss: 0.7411626215491977, Inverse Test Loss: 3.9676709856305803 
2025-01-09 16:06:45,263 INFO: Epoch 31, Train Loss: 0.7548487279393258, Test Loss: 0.7413796654769352, Inverse Test Loss: 3.8795389447893416 
2025-01-09 16:06:45,457 INFO: Epoch 32, Train Loss: 0.7535486647842127, Test Loss: 0.7428668226514544, Inverse Test Loss: 3.868333544049944 
2025-01-09 16:06:45,647 INFO: Epoch 33, Train Loss: 0.7527947305539332, Test Loss: 0.7394250120435443, Inverse Test Loss: 4.104469844273159 
2025-01-09 16:06:45,841 INFO: Epoch 34, Train Loss: 0.7539027721510021, Test Loss: 0.7412932068109512, Inverse Test Loss: 4.160178865705218 
2025-01-09 16:06:46,023 INFO: Epoch 35, Train Loss: 0.7513891031982702, Test Loss: 0.7370247329984393, Inverse Test Loss: 3.963222231183733 
2025-01-09 16:06:46,217 INFO: Epoch 36, Train Loss: 0.753014614275836, Test Loss: 0.7416959128209523, Inverse Test Loss: 3.9640625544956754 
2025-01-09 16:06:46,404 INFO: Epoch 37, Train Loss: 0.7526254090694112, Test Loss: 0.7384461973394666, Inverse Test Loss: 3.9071292877197266 
2025-01-09 16:06:46,663 INFO: Epoch 38, Train Loss: 0.7507692280165646, Test Loss: 0.7373139709234238, Inverse Test Loss: 3.9731151035853793 
2025-01-09 16:06:46,848 INFO: Epoch 39, Train Loss: 0.7510432283812707, Test Loss: 0.7384701392480305, Inverse Test Loss: 3.9480983189174106 
2025-01-09 16:06:47,047 INFO: Epoch 40, Train Loss: 0.7499448941388261, Test Loss: 0.7377360186406544, Inverse Test Loss: 3.878347396850586 
2025-01-09 16:06:47,240 INFO: Epoch 41, Train Loss: 0.7498063122460602, Test Loss: 0.7406225396054131, Inverse Test Loss: 4.202820369175503 
2025-01-09 16:06:47,432 INFO: Epoch 42, Train Loss: 0.7500626570587858, Test Loss: 0.7373122104576656, Inverse Test Loss: 3.911421912057059 
2025-01-09 16:06:47,622 INFO: Epoch 43, Train Loss: 0.7491191806049522, Test Loss: 0.7368795722723007, Inverse Test Loss: 3.7968472072056363 
2025-01-09 16:06:47,813 INFO: Epoch 44, Train Loss: 0.7492506181428192, Test Loss: 0.7361916452646255, Inverse Test Loss: 3.836376190185547 
2025-01-09 16:06:47,997 INFO: Epoch 45, Train Loss: 0.7478358226084928, Test Loss: 0.7368465087243489, Inverse Test Loss: 3.8504761287144254 
2025-01-09 16:06:48,193 INFO: Epoch 46, Train Loss: 0.7482417515658457, Test Loss: 0.7338311289037976, Inverse Test Loss: 3.8104550497872487 
2025-01-09 16:06:48,385 INFO: Epoch 47, Train Loss: 0.7475065468648158, Test Loss: 0.7359418507133212, Inverse Test Loss: 3.6589088439941406 
2025-01-09 16:06:48,581 INFO: Epoch 48, Train Loss: 0.7485984509144354, Test Loss: 0.7414202796561378, Inverse Test Loss: 4.108626774379185 
2025-01-09 16:06:48,763 INFO: Epoch 49, Train Loss: 0.7487065939728274, Test Loss: 0.7398729792663029, Inverse Test Loss: 3.9588620322091237 
2025-01-09 16:06:48,957 INFO: Epoch 50, Train Loss: 0.7477381054414521, Test Loss: 0.7380793264933995, Inverse Test Loss: 3.7725527627127513 
2025-01-09 16:06:49,144 INFO: Epoch 51, Train Loss: 0.744172342326663, Test Loss: 0.7340653198105949, Inverse Test Loss: 4.036086763654437 
2025-01-09 16:06:49,342 INFO: Epoch 52, Train Loss: 0.7442131917411035, Test Loss: 0.7355409924473081, Inverse Test Loss: 3.5074566432407925 
2025-01-09 16:06:49,535 INFO: Epoch 53, Train Loss: 0.7449021257391764, Test Loss: 0.7358481543404716, Inverse Test Loss: 3.960709435599191 
2025-01-09 16:06:49,738 INFO: Epoch 54, Train Loss: 0.7450493880368154, Test Loss: 0.7344093195029667, Inverse Test Loss: 3.8798928941999162 
2025-01-09 16:06:49,933 INFO: Epoch 55, Train Loss: 0.745492382333913, Test Loss: 0.7370932187352862, Inverse Test Loss: 4.048170907156808 
2025-01-09 16:06:50,138 INFO: Epoch 56, Train Loss: 0.7443396585796951, Test Loss: 0.7370160094329289, Inverse Test Loss: 3.8817710876464844 
2025-01-09 16:06:50,330 INFO: Epoch 57, Train Loss: 0.7425768402738309, Test Loss: 0.7346498838492802, Inverse Test Loss: 3.853184836251395 
2025-01-09 16:06:50,534 INFO: Epoch 58, Train Loss: 0.7429445353123026, Test Loss: 0.7365542863096509, Inverse Test Loss: 4.138781411307199 
2025-01-09 16:06:50,731 INFO: Epoch 59, Train Loss: 0.7427879533636461, Test Loss: 0.7365728850875582, Inverse Test Loss: 3.7188723427908763 
2025-01-09 16:06:50,931 INFO: Epoch 60, Train Loss: 0.7419385095255091, Test Loss: 0.7308008883680616, Inverse Test Loss: 3.7220358167375838 
2025-01-09 16:06:51,126 INFO: Epoch 61, Train Loss: 0.7419362434553444, Test Loss: 0.7341501095465252, Inverse Test Loss: 3.831252779279436 
2025-01-09 16:06:51,378 INFO: Epoch 62, Train Loss: 0.7427129865786352, Test Loss: 0.7439364109720502, Inverse Test Loss: 4.022007533482143 
2025-01-09 16:06:51,698 INFO: Epoch 63, Train Loss: 0.7438277902953122, Test Loss: 0.7336851571287427, Inverse Test Loss: 3.8838743482317244 
2025-01-09 16:06:51,930 INFO: Epoch 64, Train Loss: 0.7408109307289124, Test Loss: 0.7320820561477116, Inverse Test Loss: 3.745210920061384 
2025-01-09 16:06:52,184 INFO: Epoch 65, Train Loss: 0.7425084726526103, Test Loss: 0.7362069274697985, Inverse Test Loss: 3.8713076455252513 
2025-01-09 16:06:52,368 INFO: Epoch 66, Train Loss: 0.7427367469586363, Test Loss: 0.7370455584355763, Inverse Test Loss: 3.6666224343436107 
2025-01-09 16:06:52,554 INFO: Epoch 67, Train Loss: 0.7440561510007316, Test Loss: 0.734313645533153, Inverse Test Loss: 3.571838923863002 
2025-01-09 16:06:52,738 INFO: Epoch 68, Train Loss: 0.7425547045305234, Test Loss: 0.7311791905335018, Inverse Test Loss: 3.8425445556640625 
2025-01-09 16:06:52,927 INFO: Epoch 69, Train Loss: 0.7417993321331269, Test Loss: 0.734838530421257, Inverse Test Loss: 3.6307735443115234 
2025-01-09 16:06:53,114 INFO: Epoch 70, Train Loss: 0.7413811973475535, Test Loss: 0.7349620248590197, Inverse Test Loss: 3.9127655029296875 
2025-01-09 16:06:53,309 INFO: Epoch 71, Train Loss: 0.7388070061666157, Test Loss: 0.7312500519411904, Inverse Test Loss: 3.847105026245117 
2025-01-09 16:06:53,493 INFO: Epoch 72, Train Loss: 0.7401726174792018, Test Loss: 0.7344406779323306, Inverse Test Loss: 4.011486325945173 
2025-01-09 16:06:53,688 INFO: Epoch 73, Train Loss: 0.7403986240745685, Test Loss: 0.7333203426429203, Inverse Test Loss: 3.8853658948625838 
2025-01-09 16:06:53,876 INFO: Epoch 74, Train Loss: 0.7381928065501222, Test Loss: 0.7342854206051145, Inverse Test Loss: 3.650317055838449 
2025-01-09 16:06:54,065 INFO: Epoch 75, Train Loss: 0.73974521389795, Test Loss: 0.7339575652565274, Inverse Test Loss: 3.7025255475725447 
2025-01-09 16:06:54,254 INFO: Epoch 76, Train Loss: 0.7395081175576657, Test Loss: 0.7337935013430459, Inverse Test Loss: 3.824063982282366 
2025-01-09 16:06:54,445 INFO: Epoch 77, Train Loss: 0.7352527647937109, Test Loss: 0.7324868972812381, Inverse Test Loss: 3.910733904157366 
2025-01-09 16:06:54,628 INFO: Epoch 78, Train Loss: 0.7388662444342167, Test Loss: 0.7318385541439056, Inverse Test Loss: 3.7392120361328125 
2025-01-09 16:06:54,822 INFO: Epoch 79, Train Loss: 0.7387782204041787, Test Loss: 0.7350205523627145, Inverse Test Loss: 3.760498046875 
2025-01-09 16:06:55,013 INFO: Epoch 80, Train Loss: 0.7377770548566766, Test Loss: 0.732576521379607, Inverse Test Loss: 3.971197945731027 
2025-01-09 16:06:55,216 INFO: Epoch 81, Train Loss: 0.738309224811169, Test Loss: 0.7330149667603629, Inverse Test Loss: 3.798992701939174 
2025-01-09 16:06:55,405 INFO: Epoch 82, Train Loss: 0.7390901911149331, Test Loss: 0.7318816695894513, Inverse Test Loss: 3.8670716966901506 
2025-01-09 16:06:55,606 INFO: Epoch 83, Train Loss: 0.7378003892548587, Test Loss: 0.7309582680463791, Inverse Test Loss: 3.6694251469203403 
2025-01-09 16:06:55,815 INFO: Epoch 84, Train Loss: 0.7384609295687544, Test Loss: 0.7298534597669329, Inverse Test Loss: 3.612391335623605 
2025-01-09 16:06:56,043 INFO: Epoch 85, Train Loss: 0.7363432749695734, Test Loss: 0.7335608409983772, Inverse Test Loss: 3.6476244245256697 
2025-01-09 16:06:56,287 INFO: Epoch 86, Train Loss: 0.7384809425117773, Test Loss: 0.7329191437789372, Inverse Test Loss: 3.834447588239397 
2025-01-09 16:06:56,517 INFO: Epoch 87, Train Loss: 0.7366584008986797, Test Loss: 0.7326803037098476, Inverse Test Loss: 3.8758160727364674 
2025-01-09 16:06:56,738 INFO: Epoch 88, Train Loss: 0.7369456214642306, Test Loss: 0.7315554980720792, Inverse Test Loss: 3.6692376817975725 
2025-01-09 16:06:56,932 INFO: Epoch 89, Train Loss: 0.7381354450085841, Test Loss: 0.7313075640371868, Inverse Test Loss: 3.460169928414481 
2025-01-09 16:06:57,125 INFO: Epoch 90, Train Loss: 0.7353011626716054, Test Loss: 0.7346231341362, Inverse Test Loss: 3.9428915296282088 
2025-01-09 16:06:57,314 INFO: Epoch 91, Train Loss: 0.7353995978285414, Test Loss: 0.7319745932306562, Inverse Test Loss: 3.900989259992327 
2025-01-09 16:06:57,510 INFO: Epoch 92, Train Loss: 0.7351874009184881, Test Loss: 0.7325048595666885, Inverse Test Loss: 3.737312044416155 
2025-01-09 16:06:57,700 INFO: Epoch 93, Train Loss: 0.7368720452719872, Test Loss: 0.7294968324048179, Inverse Test Loss: 3.5662593841552734 
2025-01-09 16:06:57,893 INFO: Epoch 94, Train Loss: 0.7370885473872544, Test Loss: 0.731830290385655, Inverse Test Loss: 3.712414060320173 
2025-01-09 16:06:58,077 INFO: Epoch 95, Train Loss: 0.7349433111488273, Test Loss: 0.7298897696392876, Inverse Test Loss: 3.5550828661237444 
2025-01-09 16:06:58,277 INFO: Epoch 96, Train Loss: 0.7338109836665863, Test Loss: 0.7325538737433297, Inverse Test Loss: 3.5949230194091797 
2025-01-09 16:06:58,465 INFO: Epoch 97, Train Loss: 0.7342602812915767, Test Loss: 0.7287309808390481, Inverse Test Loss: 3.7873431614467075 
2025-01-09 16:06:58,670 INFO: Epoch 98, Train Loss: 0.7342037088280424, Test Loss: 0.7305029651948384, Inverse Test Loss: 3.649749210902623 
2025-01-09 16:06:58,857 INFO: Epoch 99, Train Loss: 0.7363566367998036, Test Loss: 0.745192431977817, Inverse Test Loss: 4.143417085920062 
2025-01-09 16:06:59,065 INFO: Epoch 100, Train Loss: 0.7412869367030782, Test Loss: 0.7307005482060569, Inverse Test Loss: 3.7564070565359935 
2025-01-09 16:06:59,066 INFO: Best Epoch 97, Best Test Loss: 0.7287309808390481 
2025-01-09 16:06:59,255 INFO: Epoch 101, Train Loss: 0.7330489514070914, Test Loss: 0.728595244032996, Inverse Test Loss: 3.723889487130301 
2025-01-09 16:06:59,459 INFO: Epoch 102, Train Loss: 0.7362730798371341, Test Loss: 0.7296235284634999, Inverse Test Loss: 3.6007567814418246 
2025-01-09 16:06:59,650 INFO: Epoch 103, Train Loss: 0.734051724092676, Test Loss: 0.7299160489014217, Inverse Test Loss: 3.6755752563476562 
2025-01-09 16:06:59,858 INFO: Epoch 104, Train Loss: 0.7338129123416516, Test Loss: 0.7337157960448947, Inverse Test Loss: 4.006656101771763 
2025-01-09 16:07:00,048 INFO: Epoch 105, Train Loss: 0.7339592204181427, Test Loss: 0.7357980140617916, Inverse Test Loss: 3.8996453966413225 
2025-01-09 16:07:00,251 INFO: Epoch 106, Train Loss: 0.7329704017814146, Test Loss: 0.7340639340026038, Inverse Test Loss: 3.6558006831577847 
2025-01-09 16:07:00,447 INFO: Epoch 107, Train Loss: 0.7348800060945914, Test Loss: 0.7284705170563289, Inverse Test Loss: 3.6698008946010043 
2025-01-09 16:07:00,659 INFO: Epoch 108, Train Loss: 0.7316177208489234, Test Loss: 0.7364492756979806, Inverse Test Loss: 3.873248508998326 
2025-01-09 16:07:00,850 INFO: Epoch 109, Train Loss: 0.7338089242987677, Test Loss: 0.7365965268441609, Inverse Test Loss: 3.6772523607526506 
2025-01-09 16:07:01,067 INFO: Epoch 110, Train Loss: 0.7364684600348866, Test Loss: 0.730341517499515, Inverse Test Loss: 3.688831056867327 
2025-01-09 16:07:01,262 INFO: Epoch 111, Train Loss: 0.7319074136401535, Test Loss: 0.7314938626119069, Inverse Test Loss: 3.575557436261858 
2025-01-09 16:07:01,468 INFO: Epoch 112, Train Loss: 0.7310674283482613, Test Loss: 0.7332879496472222, Inverse Test Loss: 3.8380380358014787 
2025-01-09 16:07:01,658 INFO: Epoch 113, Train Loss: 0.7335881558033305, Test Loss: 0.7301190261329923, Inverse Test Loss: 3.5028345925467357 
2025-01-09 16:07:01,860 INFO: Epoch 114, Train Loss: 0.7340196824948723, Test Loss: 0.7310881316661835, Inverse Test Loss: 3.874917439052037 
2025-01-09 16:07:02,047 INFO: Epoch 115, Train Loss: 0.732762841456527, Test Loss: 0.7364733879055295, Inverse Test Loss: 4.018257686070034 
2025-01-09 16:07:02,250 INFO: Epoch 116, Train Loss: 0.7314344524243556, Test Loss: 0.7324489291225161, Inverse Test Loss: 3.861672810145787 
2025-01-09 16:07:02,435 INFO: Epoch 117, Train Loss: 0.7328604563660578, Test Loss: 0.7375784984656742, Inverse Test Loss: 3.7785568237304688 
2025-01-09 16:07:02,641 INFO: Epoch 118, Train Loss: 0.7326776910265651, Test Loss: 0.7283877602645329, Inverse Test Loss: 3.7258853912353516 
2025-01-09 16:07:02,828 INFO: Epoch 119, Train Loss: 0.7297446301224035, Test Loss: 0.7342910085405622, Inverse Test Loss: 3.675311497279576 
2025-01-09 16:07:03,030 INFO: Epoch 120, Train Loss: 0.7327417107897067, Test Loss: 0.7275757108415876, Inverse Test Loss: 3.469412394932338 
2025-01-09 16:07:03,222 INFO: Epoch 121, Train Loss: 0.7307391265116701, Test Loss: 0.7300563092742648, Inverse Test Loss: 3.730469294956752 
2025-01-09 16:07:03,429 INFO: Epoch 122, Train Loss: 0.7299285115451988, Test Loss: 0.7296669504472187, Inverse Test Loss: 3.849783488682338 
2025-01-09 16:07:03,618 INFO: Epoch 123, Train Loss: 0.729493813230357, Test Loss: 0.7335488413061414, Inverse Test Loss: 3.6744673592703685 
2025-01-09 16:07:03,824 INFO: Epoch 124, Train Loss: 0.7312767888427875, Test Loss: 0.7367616849286216, Inverse Test Loss: 3.759824752807617 
2025-01-09 16:07:04,012 INFO: Epoch 125, Train Loss: 0.7324860374861901, Test Loss: 0.7380393700940269, Inverse Test Loss: 3.8812253134591237 
2025-01-09 16:07:04,212 INFO: Epoch 126, Train Loss: 0.731930762802789, Test Loss: 0.7337151510374886, Inverse Test Loss: 3.767592293875558 
2025-01-09 16:07:04,399 INFO: Epoch 127, Train Loss: 0.7306652512025396, Test Loss: 0.7345023772546223, Inverse Test Loss: 4.013050351824079 
2025-01-09 16:07:04,603 INFO: Epoch 128, Train Loss: 0.7320434647962588, Test Loss: 0.7271151478801455, Inverse Test Loss: 3.6426353454589844 
2025-01-09 16:07:04,795 INFO: Epoch 129, Train Loss: 0.729413755443118, Test Loss: 0.7535284800188882, Inverse Test Loss: 4.015919549124582 
2025-01-09 16:07:05,002 INFO: Epoch 130, Train Loss: 0.7332408461002035, Test Loss: 0.7310677277190345, Inverse Test Loss: 3.6157839638846263 
2025-01-09 16:07:05,191 INFO: Epoch 131, Train Loss: 0.7308384448016455, Test Loss: 0.7325267280851092, Inverse Test Loss: 3.8106040954589844 
2025-01-09 16:07:05,392 INFO: Epoch 132, Train Loss: 0.730135913835753, Test Loss: 0.732223921588489, Inverse Test Loss: 3.7751756395612444 
2025-01-09 16:07:05,582 INFO: Epoch 133, Train Loss: 0.7284525217266258, Test Loss: 0.7286170870065689, Inverse Test Loss: 3.5957412719726562 
2025-01-09 16:07:05,790 INFO: Epoch 134, Train Loss: 0.7303521928437259, Test Loss: 0.7302049164261136, Inverse Test Loss: 3.5958666120256697 
2025-01-09 16:07:05,990 INFO: Epoch 135, Train Loss: 0.7315378216428494, Test Loss: 0.7315816410950252, Inverse Test Loss: 3.554202216012137 
2025-01-09 16:07:06,191 INFO: Epoch 136, Train Loss: 0.7302115357250248, Test Loss: 0.7350702839238303, Inverse Test Loss: 4.0870320456368585 
2025-01-09 16:07:06,377 INFO: Epoch 137, Train Loss: 0.7301688664550081, Test Loss: 0.7293177992105484, Inverse Test Loss: 3.832638604300363 
2025-01-09 16:07:06,579 INFO: Epoch 138, Train Loss: 0.7278339922974962, Test Loss: 0.7302171545369285, Inverse Test Loss: 3.577549525669643 
2025-01-09 16:07:06,768 INFO: Epoch 139, Train Loss: 0.7280169976960629, Test Loss: 0.7339443947587695, Inverse Test Loss: 4.001162937709263 
2025-01-09 16:07:06,974 INFO: Epoch 140, Train Loss: 0.7279694528754698, Test Loss: 0.72946825836386, Inverse Test Loss: 3.551123482840402 
2025-01-09 16:07:07,159 INFO: Epoch 141, Train Loss: 0.7281318367074389, Test Loss: 0.7310896750007357, Inverse Test Loss: 3.832179750714983 
2025-01-09 16:07:07,365 INFO: Epoch 142, Train Loss: 0.7304049517036578, Test Loss: 0.7329964105572019, Inverse Test Loss: 3.938420159476144 
2025-01-09 16:07:07,548 INFO: Epoch 143, Train Loss: 0.7294980566435998, Test Loss: 0.7290291679756982, Inverse Test Loss: 3.596454347882952 
2025-01-09 16:07:07,752 INFO: Epoch 144, Train Loss: 0.7268193938316555, Test Loss: 0.7304760877575193, Inverse Test Loss: 3.896334784371512 
2025-01-09 16:07:07,937 INFO: Epoch 145, Train Loss: 0.7273801972559832, Test Loss: 0.7313484741108758, Inverse Test Loss: 3.587953839983259 
2025-01-09 16:07:08,137 INFO: Epoch 146, Train Loss: 0.7282476293931314, Test Loss: 0.7313789001532963, Inverse Test Loss: 3.97002683367048 
2025-01-09 16:07:08,326 INFO: Epoch 147, Train Loss: 0.7255972082461786, Test Loss: 0.7319421640464238, Inverse Test Loss: 3.971332005092076 
2025-01-09 16:07:08,530 INFO: Epoch 148, Train Loss: 0.7264786636063812, Test Loss: 0.7333590984344482, Inverse Test Loss: 3.7698086329868863 
2025-01-09 16:07:08,720 INFO: Epoch 149, Train Loss: 0.727106918435578, Test Loss: 0.7316000653164727, Inverse Test Loss: 3.896325247628348 
2025-01-09 16:07:08,921 INFO: Epoch 150, Train Loss: 0.7287984391964903, Test Loss: 0.7367435055119651, Inverse Test Loss: 3.7461545126778737 
2025-01-09 16:07:09,107 INFO: Epoch 151, Train Loss: 0.7288227655472012, Test Loss: 0.7366914451122284, Inverse Test Loss: 3.884699957711356 
2025-01-09 16:07:09,308 INFO: Epoch 152, Train Loss: 0.7288981156611661, Test Loss: 0.7340387574263981, Inverse Test Loss: 3.6527023315429688 
2025-01-09 16:07:09,494 INFO: Epoch 153, Train Loss: 0.7277392034136921, Test Loss: 0.7286545080798013, Inverse Test Loss: 3.6574429103306363 
2025-01-09 16:07:09,701 INFO: Epoch 154, Train Loss: 0.7264931841727791, Test Loss: 0.7341377160378865, Inverse Test Loss: 3.9479285648890903 
2025-01-09 16:07:09,888 INFO: Epoch 155, Train Loss: 0.7264933766575035, Test Loss: 0.7276375719479152, Inverse Test Loss: 3.821469170706613 
2025-01-09 16:07:10,090 INFO: Epoch 156, Train Loss: 0.727107431363622, Test Loss: 0.7271645601306643, Inverse Test Loss: 3.5745138440813338 
2025-01-09 16:07:10,277 INFO: Epoch 157, Train Loss: 0.7268761079245751, Test Loss: 0.7313918492623738, Inverse Test Loss: 3.894639423915318 
2025-01-09 16:07:10,476 INFO: Epoch 158, Train Loss: 0.7260740136881487, Test Loss: 0.7348053136042186, Inverse Test Loss: 4.029035568237305 
2025-01-09 16:07:10,663 INFO: Epoch 159, Train Loss: 0.7266535780845432, Test Loss: 0.7275424897670746, Inverse Test Loss: 3.4818199702671597 
2025-01-09 16:07:10,865 INFO: Epoch 160, Train Loss: 0.7256153061849262, Test Loss: 0.7294305946145739, Inverse Test Loss: 3.76113155909947 
2025-01-09 16:07:11,059 INFO: Epoch 161, Train Loss: 0.7269004200576642, Test Loss: 0.7300018412726266, Inverse Test Loss: 3.722410202026367 
2025-01-09 16:07:11,261 INFO: Epoch 162, Train Loss: 0.7248606320914872, Test Loss: 0.7314687413828713, Inverse Test Loss: 3.9198401314871654 
2025-01-09 16:07:11,443 INFO: Epoch 163, Train Loss: 0.7267850850700238, Test Loss: 0.7320052236318588, Inverse Test Loss: 3.4977452414376393 
2025-01-09 16:07:11,644 INFO: Epoch 164, Train Loss: 0.7278446582479214, Test Loss: 0.7391593775578907, Inverse Test Loss: 3.9825147901262556 
2025-01-09 16:07:11,829 INFO: Epoch 165, Train Loss: 0.728361186631229, Test Loss: 0.7303285790341241, Inverse Test Loss: 3.7589896065848216 
2025-01-09 16:07:12,033 INFO: Epoch 166, Train Loss: 0.726603991394743, Test Loss: 0.7386273294687271, Inverse Test Loss: 3.911663055419922 
2025-01-09 16:07:12,217 INFO: Epoch 167, Train Loss: 0.7256996626153999, Test Loss: 0.72882023027965, Inverse Test Loss: 3.6289100646972656 
2025-01-09 16:07:12,421 INFO: Epoch 168, Train Loss: 0.7241954043370868, Test Loss: 0.7311792799404689, Inverse Test Loss: 3.783672877720424 
2025-01-09 16:07:12,607 INFO: Epoch 169, Train Loss: 0.7239941697601878, Test Loss: 0.7297931675400052, Inverse Test Loss: 3.5700926099504744 
2025-01-09 16:07:12,809 INFO: Epoch 170, Train Loss: 0.7257461148664492, Test Loss: 0.7319581444774356, Inverse Test Loss: 3.489734104701451 
2025-01-09 16:07:12,996 INFO: Epoch 171, Train Loss: 0.7271891165217128, Test Loss: 0.7347591391631535, Inverse Test Loss: 3.729007993425642 
2025-01-09 16:07:13,197 INFO: Epoch 172, Train Loss: 0.7259137663272542, Test Loss: 0.7317565764699664, Inverse Test Loss: 3.704798562186105 
2025-01-09 16:07:13,380 INFO: Epoch 173, Train Loss: 0.7275292173438116, Test Loss: 0.727544441819191, Inverse Test Loss: 3.7243145533970425 
2025-01-09 16:07:13,579 INFO: Epoch 174, Train Loss: 0.7234219257984686, Test Loss: 0.7336768103497369, Inverse Test Loss: 4.03971917288644 
2025-01-09 16:07:13,765 INFO: Epoch 175, Train Loss: 0.7236876290872556, Test Loss: 0.7303836409534726, Inverse Test Loss: 3.8617036002022878 
2025-01-09 16:07:13,967 INFO: Epoch 176, Train Loss: 0.723315790158893, Test Loss: 0.7318838089704514, Inverse Test Loss: 3.6626284463065013 
2025-01-09 16:07:14,153 INFO: Epoch 177, Train Loss: 0.724424228755706, Test Loss: 0.7288542517593929, Inverse Test Loss: 3.744119099208287 
2025-01-09 16:07:14,355 INFO: Epoch 178, Train Loss: 0.7260383263640448, Test Loss: 0.7286214785916465, Inverse Test Loss: 3.6698066166469028 
2025-01-09 16:07:14,544 INFO: Epoch 179, Train Loss: 0.7239544801755783, Test Loss: 0.7387681709868568, Inverse Test Loss: 3.8273794991629466 
2025-01-09 16:07:14,752 INFO: Epoch 180, Train Loss: 0.7261022455101713, Test Loss: 0.731198930314609, Inverse Test Loss: 3.6881160736083984 
2025-01-09 16:07:14,933 INFO: Epoch 181, Train Loss: 0.7243544388254848, Test Loss: 0.7276016282183784, Inverse Test Loss: 3.7228943961007253 
2025-01-09 16:07:15,137 INFO: Epoch 182, Train Loss: 0.7267487803730396, Test Loss: 0.7347462752035686, Inverse Test Loss: 3.8635507311139787 
2025-01-09 16:07:15,321 INFO: Epoch 183, Train Loss: 0.7238037755729956, Test Loss: 0.7260568014213017, Inverse Test Loss: 3.639157158987863 
2025-01-09 16:07:15,523 INFO: Epoch 184, Train Loss: 0.7224025633356986, Test Loss: 0.7315459677151271, Inverse Test Loss: 3.7551514761788503 
2025-01-09 16:07:15,711 INFO: Epoch 185, Train Loss: 0.7226597256616715, Test Loss: 0.7273685889584678, Inverse Test Loss: 3.6724706377301897 
2025-01-09 16:07:15,911 INFO: Epoch 186, Train Loss: 0.7220229654137148, Test Loss: 0.7281139556850705, Inverse Test Loss: 3.586334773472377 
2025-01-09 16:07:16,104 INFO: Epoch 187, Train Loss: 0.7222882470953356, Test Loss: 0.7295042467968804, Inverse Test Loss: 3.598456246512277 
2025-01-09 16:07:16,304 INFO: Epoch 188, Train Loss: 0.721895305935396, Test Loss: 0.736101474080767, Inverse Test Loss: 4.034182139805385 
2025-01-09 16:07:16,488 INFO: Epoch 189, Train Loss: 0.7234324337145605, Test Loss: 0.7355625970023019, Inverse Test Loss: 3.86971800667899 
2025-01-09 16:07:16,694 INFO: Epoch 190, Train Loss: 0.7251511385681433, Test Loss: 0.7343624425785882, Inverse Test Loss: 3.7836126599993025 
2025-01-09 16:07:16,881 INFO: Epoch 191, Train Loss: 0.723277318915096, Test Loss: 0.7267354130744934, Inverse Test Loss: 3.665206091744559 
2025-01-09 16:07:17,087 INFO: Epoch 192, Train Loss: 0.7217970009243816, Test Loss: 0.7306420207023621, Inverse Test Loss: 3.6421639578683034 
2025-01-09 16:07:17,274 INFO: Epoch 193, Train Loss: 0.7221508026123047, Test Loss: 0.7287481086594718, Inverse Test Loss: 3.6019445146833147 
2025-01-09 16:07:17,474 INFO: Epoch 194, Train Loss: 0.7206807688835564, Test Loss: 0.7272840120962688, Inverse Test Loss: 3.6020589556012834 
2025-01-09 16:07:17,663 INFO: Epoch 195, Train Loss: 0.7250847198547573, Test Loss: 0.7302418010575431, Inverse Test Loss: 3.8380606515066966 
2025-01-09 16:07:17,863 INFO: Epoch 196, Train Loss: 0.7237093924382411, Test Loss: 0.7256068672452655, Inverse Test Loss: 3.5909933362688338 
2025-01-09 16:07:18,050 INFO: Epoch 197, Train Loss: 0.7241224914515784, Test Loss: 0.7279316804238728, Inverse Test Loss: 3.457155772617885 
2025-01-09 16:07:18,249 INFO: Epoch 198, Train Loss: 0.7247142430839189, Test Loss: 0.7386349162885121, Inverse Test Loss: 3.6971846989222934 
2025-01-09 16:07:18,433 INFO: Epoch 199, Train Loss: 0.7234445252549757, Test Loss: 0.7333136456353324, Inverse Test Loss: 3.685154778616769 
2025-01-09 16:07:18,630 INFO: Epoch 200, Train Loss: 0.7208934530205683, Test Loss: 0.7306978127786091, Inverse Test Loss: 3.873498099190848 
2025-01-09 16:07:18,631 INFO: Best Epoch 196, Best Test Loss: 0.7256068672452655 
2025-01-09 16:07:18,817 INFO: Epoch 201, Train Loss: 0.721346092880319, Test Loss: 0.7323080152273178, Inverse Test Loss: 3.95559937613351 
2025-01-09 16:07:19,027 INFO: Epoch 202, Train Loss: 0.7209000221086205, Test Loss: 0.7273127713373729, Inverse Test Loss: 3.5863895416259766 
2025-01-09 16:07:19,217 INFO: Epoch 203, Train Loss: 0.7216377744980909, Test Loss: 0.7325860474790845, Inverse Test Loss: 3.7149835314069475 
2025-01-09 16:07:19,420 INFO: Epoch 204, Train Loss: 0.7212647440236643, Test Loss: 0.7276024201086589, Inverse Test Loss: 3.7895420619419644 
2025-01-09 16:07:19,611 INFO: Epoch 205, Train Loss: 0.7217968549203435, Test Loss: 0.7312678119965962, Inverse Test Loss: 3.4271973201206754 
2025-01-09 16:07:19,817 INFO: Epoch 206, Train Loss: 0.7206505640931086, Test Loss: 0.7333270119769233, Inverse Test Loss: 3.9939024788992747 
2025-01-09 16:07:20,002 INFO: Epoch 207, Train Loss: 0.7224958528072463, Test Loss: 0.7297295736415046, Inverse Test Loss: 3.5031942640032088 
2025-01-09 16:07:20,204 INFO: Epoch 208, Train Loss: 0.7240040242125135, Test Loss: 0.7327053014721189, Inverse Test Loss: 3.835486275809152 
2025-01-09 16:07:20,387 INFO: Epoch 209, Train Loss: 0.7228120652907485, Test Loss: 0.734193640095847, Inverse Test Loss: 3.8961121695382253 
2025-01-09 16:07:20,588 INFO: Epoch 210, Train Loss: 0.7226621180499365, Test Loss: 0.7397399161543164, Inverse Test Loss: 3.8593452998570035 
2025-01-09 16:07:20,773 INFO: Epoch 211, Train Loss: 0.7216812487042278, Test Loss: 0.7332623111350196, Inverse Test Loss: 3.7784301212855746 
2025-01-09 16:07:20,984 INFO: Epoch 212, Train Loss: 0.720142022732201, Test Loss: 0.7277540160076958, Inverse Test Loss: 3.738812037876674 
2025-01-09 16:07:21,170 INFO: Epoch 213, Train Loss: 0.7201704935196342, Test Loss: 0.7296549592699323, Inverse Test Loss: 3.3666019439697266 
2025-01-09 16:07:21,379 INFO: Epoch 214, Train Loss: 0.7211337740268182, Test Loss: 0.7288533981357302, Inverse Test Loss: 3.7595133100237166 
2025-01-09 16:07:21,563 INFO: Epoch 215, Train Loss: 0.7214310978530744, Test Loss: 0.7302579688174384, Inverse Test Loss: 3.9212559291294644 
2025-01-09 16:07:21,762 INFO: Epoch 216, Train Loss: 0.7212048233102221, Test Loss: 0.7364820774112429, Inverse Test Loss: 3.707963671003069 
2025-01-09 16:07:21,952 INFO: Epoch 217, Train Loss: 0.7235604191045149, Test Loss: 0.7322608807257244, Inverse Test Loss: 3.6634559631347656 
2025-01-09 16:07:22,152 INFO: Epoch 218, Train Loss: 0.7224232078692235, Test Loss: 0.7298483039651599, Inverse Test Loss: 3.673272269112723 
2025-01-09 16:07:22,339 INFO: Epoch 219, Train Loss: 0.7197156029010038, Test Loss: 0.7262762635946274, Inverse Test Loss: 3.579726082938058 
2025-01-09 16:07:22,540 INFO: Epoch 220, Train Loss: 0.7199333753060857, Test Loss: 0.7403811769826072, Inverse Test Loss: 4.05162729535784 
2025-01-09 16:07:22,728 INFO: Epoch 221, Train Loss: 0.7202832157458734, Test Loss: 0.7303714198725564, Inverse Test Loss: 3.755758830479213 
2025-01-09 16:07:22,928 INFO: Epoch 222, Train Loss: 0.7202007218238411, Test Loss: 0.7381052502564022, Inverse Test Loss: 3.5949178423200334 
2025-01-09 16:07:23,116 INFO: Epoch 223, Train Loss: 0.7233298743536712, Test Loss: 0.7276715082781655, Inverse Test Loss: 3.733046122959682 
2025-01-09 16:07:23,317 INFO: Epoch 224, Train Loss: 0.7222478105387556, Test Loss: 0.7307851335832051, Inverse Test Loss: 3.9714657919747487 
2025-01-09 16:07:23,499 INFO: Epoch 225, Train Loss: 0.7192463661552569, Test Loss: 0.7265708169766835, Inverse Test Loss: 3.7026685987200056 
2025-01-09 16:07:23,704 INFO: Epoch 226, Train Loss: 0.7194688074085691, Test Loss: 0.7273332412753787, Inverse Test Loss: 3.8014978681291853 
2025-01-09 16:07:23,891 INFO: Epoch 227, Train Loss: 0.7204975130361154, Test Loss: 0.7273888013192585, Inverse Test Loss: 3.4428253173828125 
2025-01-09 16:07:24,096 INFO: Epoch 228, Train Loss: 0.7216571580379381, Test Loss: 0.729781082698277, Inverse Test Loss: 3.7003081185477122 
2025-01-09 16:07:24,280 INFO: Epoch 229, Train Loss: 0.7203738541778074, Test Loss: 0.7359373165028436, Inverse Test Loss: 3.7980967930385043 
2025-01-09 16:07:24,480 INFO: Epoch 230, Train Loss: 0.7195847176630562, Test Loss: 0.7347502601998193, Inverse Test Loss: 4.01589720589774 
2025-01-09 16:07:24,669 INFO: Epoch 231, Train Loss: 0.7202052107644737, Test Loss: 0.7276910287993295, Inverse Test Loss: 3.5410382407052174 
2025-01-09 16:07:24,874 INFO: Epoch 232, Train Loss: 0.7205516083524861, Test Loss: 0.7270516263587135, Inverse Test Loss: 3.7265306200299944 
2025-01-09 16:07:25,057 INFO: Epoch 233, Train Loss: 0.7195012864716556, Test Loss: 0.7293901443481445, Inverse Test Loss: 3.7509422302246094 
2025-01-09 16:07:25,263 INFO: Epoch 234, Train Loss: 0.7214545148228286, Test Loss: 0.7293616831302643, Inverse Test Loss: 3.932623726981027 
2025-01-09 16:07:25,447 INFO: Epoch 235, Train Loss: 0.7217646766146388, Test Loss: 0.7361324429512024, Inverse Test Loss: 4.0259391239711215 
2025-01-09 16:07:25,650 INFO: Epoch 236, Train Loss: 0.7193987396878934, Test Loss: 0.7289789766073227, Inverse Test Loss: 3.7142418452671597 
2025-01-09 16:07:25,837 INFO: Epoch 237, Train Loss: 0.719207060446433, Test Loss: 0.7317548926387515, Inverse Test Loss: 3.631189618791853 
2025-01-09 16:07:26,040 INFO: Epoch 238, Train Loss: 0.7186363443322138, Test Loss: 0.735526150890759, Inverse Test Loss: 3.913677215576172 
2025-01-09 16:07:26,227 INFO: Epoch 239, Train Loss: 0.71925981766587, Test Loss: 0.7292463204690388, Inverse Test Loss: 3.5199132646833147 
2025-01-09 16:07:26,434 INFO: Epoch 240, Train Loss: 0.7192062500419967, Test Loss: 0.7270482288939613, Inverse Test Loss: 3.6268820081438338 
2025-01-09 16:07:26,627 INFO: Epoch 241, Train Loss: 0.7173431171189755, Test Loss: 0.7340145302670342, Inverse Test Loss: 3.8059403555733815 
2025-01-09 16:07:26,831 INFO: Epoch 242, Train Loss: 0.7179269960167212, Test Loss: 0.7313617020845413, Inverse Test Loss: 3.77622195652553 
2025-01-09 16:07:27,018 INFO: Epoch 243, Train Loss: 0.7178397441129072, Test Loss: 0.7269561290740967, Inverse Test Loss: 3.8151231493268694 
2025-01-09 16:07:27,221 INFO: Epoch 244, Train Loss: 0.7188652371047833, Test Loss: 0.732657083443233, Inverse Test Loss: 3.4495342799595425 
2025-01-09 16:07:27,407 INFO: Epoch 245, Train Loss: 0.7193714850539461, Test Loss: 0.7302239111491612, Inverse Test Loss: 3.657472610473633 
2025-01-09 16:07:27,608 INFO: Epoch 246, Train Loss: 0.7205319814725754, Test Loss: 0.7328556116138186, Inverse Test Loss: 3.869621549333845 
2025-01-09 16:07:27,790 INFO: Epoch 247, Train Loss: 0.7201134983552705, Test Loss: 0.7385406366416386, Inverse Test Loss: 4.104564939226423 
2025-01-09 16:07:27,992 INFO: Epoch 248, Train Loss: 0.7192334084335817, Test Loss: 0.7412810389484678, Inverse Test Loss: 4.041421617780413 
2025-01-09 16:07:28,179 INFO: Epoch 249, Train Loss: 0.7198364012831941, Test Loss: 0.7324445247650146, Inverse Test Loss: 3.4049380166190013 
2025-01-09 16:07:28,377 INFO: Epoch 250, Train Loss: 0.7200406499958913, Test Loss: 0.7266131958791188, Inverse Test Loss: 3.472376687186105 
2025-01-09 16:07:28,565 INFO: Epoch 251, Train Loss: 0.718015817327237, Test Loss: 0.7389317240033831, Inverse Test Loss: 3.7214529854910716 
2025-01-09 16:07:28,761 INFO: Epoch 252, Train Loss: 0.7204722783981113, Test Loss: 0.7260478883981705, Inverse Test Loss: 3.7627261025565013 
2025-01-09 16:07:28,946 INFO: Epoch 253, Train Loss: 0.7179676994271235, Test Loss: 0.7334433623722622, Inverse Test Loss: 3.830948148454939 
2025-01-09 16:07:29,152 INFO: Epoch 254, Train Loss: 0.7178991847082016, Test Loss: 0.7344510895865304, Inverse Test Loss: 3.586940492902483 
2025-01-09 16:07:29,351 INFO: Epoch 255, Train Loss: 0.7194778180997307, Test Loss: 0.7290374657937458, Inverse Test Loss: 3.5688563755580356 
2025-01-09 16:07:29,557 INFO: Epoch 256, Train Loss: 0.7198851305410403, Test Loss: 0.7336702304227012, Inverse Test Loss: 3.710127149309431 
2025-01-09 16:07:29,745 INFO: Epoch 257, Train Loss: 0.7188908118720448, Test Loss: 0.7286263150828225, Inverse Test Loss: 3.7996136801583424 
2025-01-09 16:07:29,947 INFO: Epoch 258, Train Loss: 0.7169271713003106, Test Loss: 0.7293339861290795, Inverse Test Loss: 3.693329402378627 
2025-01-09 16:07:30,135 INFO: Epoch 259, Train Loss: 0.7194433649745556, Test Loss: 0.7361811378172466, Inverse Test Loss: 3.9789325169154575 
2025-01-09 16:07:30,334 INFO: Epoch 260, Train Loss: 0.7180765500856102, Test Loss: 0.7294996700116566, Inverse Test Loss: 3.6025932856968472 
2025-01-09 16:07:30,520 INFO: Epoch 261, Train Loss: 0.7164626219950685, Test Loss: 0.7397721537521907, Inverse Test Loss: 4.260801042829241 
2025-01-09 16:07:30,723 INFO: Epoch 262, Train Loss: 0.7173898466136477, Test Loss: 0.7323008030653, Inverse Test Loss: 3.748922348022461 
2025-01-09 16:07:30,909 INFO: Epoch 263, Train Loss: 0.717784704965189, Test Loss: 0.7311828051294599, Inverse Test Loss: 3.4960223606654575 
2025-01-09 16:07:31,123 INFO: Epoch 264, Train Loss: 0.7159681675630972, Test Loss: 0.7297147853033883, Inverse Test Loss: 3.710761478969029 
2025-01-09 16:07:31,311 INFO: Epoch 265, Train Loss: 0.7196145270942548, Test Loss: 0.733344384602138, Inverse Test Loss: 3.841726303100586 
2025-01-09 16:07:31,522 INFO: Epoch 266, Train Loss: 0.7190078201643918, Test Loss: 0.7309035275663648, Inverse Test Loss: 3.8410791669573103 
2025-01-09 16:07:31,729 INFO: Epoch 267, Train Loss: 0.717706783102193, Test Loss: 0.7280404610293252, Inverse Test Loss: 3.789861406598772 
2025-01-09 16:07:31,929 INFO: Epoch 268, Train Loss: 0.7176358393572886, Test Loss: 0.7410169988870621, Inverse Test Loss: 4.038905279976981 
2025-01-09 16:07:32,132 INFO: Epoch 269, Train Loss: 0.7161880671431166, Test Loss: 0.7361879646778107, Inverse Test Loss: 3.7656181880405972 
2025-01-09 16:07:32,318 INFO: Epoch 270, Train Loss: 0.7166296188984442, Test Loss: 0.7298350866351809, Inverse Test Loss: 3.718740463256836 
2025-01-09 16:07:32,517 INFO: Epoch 271, Train Loss: 0.7168244331254872, Test Loss: 0.7278714903763362, Inverse Test Loss: 3.7600579942975725 
2025-01-09 16:07:32,706 INFO: Epoch 272, Train Loss: 0.7169693664673271, Test Loss: 0.7308140695095062, Inverse Test Loss: 3.866094316755022 
2025-01-09 16:07:32,910 INFO: Epoch 273, Train Loss: 0.7162223616871265, Test Loss: 0.7385758608579636, Inverse Test Loss: 3.523728779384068 
2025-01-09 16:07:33,100 INFO: Epoch 274, Train Loss: 0.7194566661064777, Test Loss: 0.7319919073155948, Inverse Test Loss: 3.1496740068708147 
2025-01-09 16:07:33,300 INFO: Epoch 275, Train Loss: 0.7169028958049389, Test Loss: 0.7291257168565478, Inverse Test Loss: 3.5241315024239674 
2025-01-09 16:07:33,482 INFO: Epoch 276, Train Loss: 0.7174723099131103, Test Loss: 0.7289446890354156, Inverse Test Loss: 3.722305025373186 
2025-01-09 16:07:33,683 INFO: Epoch 277, Train Loss: 0.7167786780847322, Test Loss: 0.7279047050646373, Inverse Test Loss: 3.8116667611258372 
2025-01-09 16:07:33,866 INFO: Epoch 278, Train Loss: 0.7164862691809278, Test Loss: 0.7301499843597412, Inverse Test Loss: 3.509784153529576 
2025-01-09 16:07:34,068 INFO: Epoch 279, Train Loss: 0.7171478714417974, Test Loss: 0.7333815779004779, Inverse Test Loss: 3.912449700491769 
2025-01-09 16:07:34,255 INFO: Epoch 280, Train Loss: 0.7162609439377391, Test Loss: 0.7312434784003666, Inverse Test Loss: 3.9333079201834544 
2025-01-09 16:07:34,455 INFO: Epoch 281, Train Loss: 0.7170440067938708, Test Loss: 0.7283479081732886, Inverse Test Loss: 3.6949520111083984 
2025-01-09 16:07:34,643 INFO: Epoch 282, Train Loss: 0.7167960011630977, Test Loss: 0.7335997351578304, Inverse Test Loss: 3.7158500126429965 
2025-01-09 16:07:34,842 INFO: Epoch 283, Train Loss: 0.7172649579310636, Test Loss: 0.7330543569156102, Inverse Test Loss: 3.809976577758789 
2025-01-09 16:07:35,028 INFO: Epoch 284, Train Loss: 0.7173250071499326, Test Loss: 0.7259008352245603, Inverse Test Loss: 3.8411263057163785 
2025-01-09 16:07:35,229 INFO: Epoch 285, Train Loss: 0.7159841481698762, Test Loss: 0.7297162903206689, Inverse Test Loss: 3.5005931854248047 
2025-01-09 16:07:35,417 INFO: Epoch 286, Train Loss: 0.7168195696052061, Test Loss: 0.7266366630792618, Inverse Test Loss: 3.6846487862723216 
2025-01-09 16:07:35,620 INFO: Epoch 287, Train Loss: 0.7158656918674434, Test Loss: 0.7290821139301572, Inverse Test Loss: 3.5911592755998885 
2025-01-09 16:07:35,808 INFO: Epoch 288, Train Loss: 0.714073293799654, Test Loss: 0.7326859001602445, Inverse Test Loss: 3.595901216779436 
2025-01-09 16:07:36,010 INFO: Epoch 289, Train Loss: 0.716627164718208, Test Loss: 0.7273002458470208, Inverse Test Loss: 3.802809034075056 
2025-01-09 16:07:36,199 INFO: Epoch 290, Train Loss: 0.7157763477859147, Test Loss: 0.7278341587100711, Inverse Test Loss: 3.776827130998884 
2025-01-09 16:07:36,400 INFO: Epoch 291, Train Loss: 0.7171297117110786, Test Loss: 0.7317188744034085, Inverse Test Loss: 3.8988454001290456 
2025-01-09 16:07:36,581 INFO: Epoch 292, Train Loss: 0.7154546013665856, Test Loss: 0.7297849144254412, Inverse Test Loss: 3.6599810464041576 
2025-01-09 16:07:36,787 INFO: Epoch 293, Train Loss: 0.7172932373274357, Test Loss: 0.7303697615861893, Inverse Test Loss: 3.778710501534598 
2025-01-09 16:07:36,981 INFO: Epoch 294, Train Loss: 0.7149605280762419, Test Loss: 0.7323005029133388, Inverse Test Loss: 3.986797605242048 
2025-01-09 16:07:37,180 INFO: Epoch 295, Train Loss: 0.7133760042146805, Test Loss: 0.7263515847069877, Inverse Test Loss: 3.653685978480748 
2025-01-09 16:07:37,364 INFO: Epoch 296, Train Loss: 0.7149950271352715, Test Loss: 0.7358578890562057, Inverse Test Loss: 3.8842220306396484 
2025-01-09 16:07:37,566 INFO: Epoch 297, Train Loss: 0.7181997971797208, Test Loss: 0.7350201947348458, Inverse Test Loss: 3.7528809138706754 
2025-01-09 16:07:37,758 INFO: Epoch 298, Train Loss: 0.7155584075035305, Test Loss: 0.7260590834277016, Inverse Test Loss: 3.5667236873081754 
2025-01-09 16:07:37,959 INFO: Epoch 299, Train Loss: 0.7150783035733285, Test Loss: 0.726759963801929, Inverse Test Loss: 3.693417957850865 
2025-01-09 16:07:38,156 INFO: Epoch 300, Train Loss: 0.7188181510759056, Test Loss: 0.739848826612745, Inverse Test Loss: 3.722167423793248 
2025-01-09 16:07:38,156 INFO: Best Epoch 196, Best Test Loss: 0.7256068672452655 
2025-01-09 16:07:38,369 INFO: Epoch 301, Train Loss: 0.7195302368304052, Test Loss: 0.7375461884907314, Inverse Test Loss: 3.888117109026228 
2025-01-09 16:07:38,552 INFO: Epoch 302, Train Loss: 0.7177967511185812, Test Loss: 0.7317570447921753, Inverse Test Loss: 3.8930443355015347 
2025-01-09 16:07:38,749 INFO: Epoch 303, Train Loss: 0.714515901486808, Test Loss: 0.7343577040093285, Inverse Test Loss: 3.7994158608572826 
2025-01-09 16:07:38,933 INFO: Epoch 304, Train Loss: 0.7150410236021795, Test Loss: 0.729143962264061, Inverse Test Loss: 3.6817095620291576 
2025-01-09 16:07:39,127 INFO: Epoch 305, Train Loss: 0.716174446661538, Test Loss: 0.7466327611889158, Inverse Test Loss: 3.8317040034702847 
2025-01-09 16:07:39,312 INFO: Epoch 306, Train Loss: 0.7198742141417407, Test Loss: 0.7263895273208618, Inverse Test Loss: 3.3101378849574496 
2025-01-09 16:07:39,507 INFO: Epoch 307, Train Loss: 0.7138845294440558, Test Loss: 0.7300666868686676, Inverse Test Loss: 3.773700714111328 
2025-01-09 16:07:39,691 INFO: Epoch 308, Train Loss: 0.7145979169311873, Test Loss: 0.7285378468888146, Inverse Test Loss: 3.747192927769252 
2025-01-09 16:07:39,885 INFO: Epoch 309, Train Loss: 0.71448275692966, Test Loss: 0.7398095939840589, Inverse Test Loss: 3.853865759713309 
2025-01-09 16:07:40,072 INFO: Epoch 310, Train Loss: 0.7144324730295654, Test Loss: 0.7271185772759574, Inverse Test Loss: 3.560288565499442 
2025-01-09 16:07:40,275 INFO: Epoch 311, Train Loss: 0.7154946901382656, Test Loss: 0.7267783241612571, Inverse Test Loss: 3.6516952514648438 
2025-01-09 16:07:40,463 INFO: Epoch 312, Train Loss: 0.7162365290003085, Test Loss: 0.7293129776205335, Inverse Test Loss: 3.839759281703404 
2025-01-09 16:07:40,670 INFO: Epoch 313, Train Loss: 0.718376039365016, Test Loss: 0.7510334083012172, Inverse Test Loss: 3.638551712036133 
2025-01-09 16:07:40,857 INFO: Epoch 314, Train Loss: 0.7197306719394999, Test Loss: 0.7324870867388589, Inverse Test Loss: 3.6774569920131137 
2025-01-09 16:07:41,063 INFO: Epoch 315, Train Loss: 0.7133679510256566, Test Loss: 0.7371693296091897, Inverse Test Loss: 4.092473983764648 
2025-01-09 16:07:41,258 INFO: Epoch 316, Train Loss: 0.7145239431923682, Test Loss: 0.7283082136086055, Inverse Test Loss: 3.8487151009695872 
2025-01-09 16:07:41,469 INFO: Epoch 317, Train Loss: 0.7137415917641526, Test Loss: 0.7301985429865974, Inverse Test Loss: 3.7735257829938615 
2025-01-09 16:07:41,659 INFO: Epoch 318, Train Loss: 0.7142043518363883, Test Loss: 0.7363594451120922, Inverse Test Loss: 3.7785546439034596 
2025-01-09 16:07:41,862 INFO: Epoch 319, Train Loss: 0.7157525682668073, Test Loss: 0.7340370544365474, Inverse Test Loss: 3.685859135219029 
2025-01-09 16:07:42,055 INFO: Epoch 320, Train Loss: 0.7149048988972235, Test Loss: 0.7312183273690087, Inverse Test Loss: 3.813007354736328 
2025-01-09 16:07:42,262 INFO: Epoch 321, Train Loss: 0.7129666138132777, Test Loss: 0.7294322167124067, Inverse Test Loss: 3.7795162200927734 
2025-01-09 16:07:42,447 INFO: Epoch 322, Train Loss: 0.7140039046969983, Test Loss: 0.7322970139128822, Inverse Test Loss: 3.7771290370396207 
2025-01-09 16:07:42,648 INFO: Epoch 323, Train Loss: 0.7146172353980738, Test Loss: 0.7291732813630786, Inverse Test Loss: 3.6669823782784596 
2025-01-09 16:07:42,835 INFO: Epoch 324, Train Loss: 0.715017998437269, Test Loss: 0.7311761826276779, Inverse Test Loss: 3.969031742640904 
2025-01-09 16:07:43,040 INFO: Epoch 325, Train Loss: 0.7150869243735567, Test Loss: 0.7334650158882141, Inverse Test Loss: 3.7933733803885326 
2025-01-09 16:07:43,234 INFO: Epoch 326, Train Loss: 0.7135514163096016, Test Loss: 0.7322183059794563, Inverse Test Loss: 3.745939254760742 
2025-01-09 16:07:43,437 INFO: Epoch 327, Train Loss: 0.7154894613344734, Test Loss: 0.727635132414954, Inverse Test Loss: 3.553715024675642 
2025-01-09 16:07:43,625 INFO: Epoch 328, Train Loss: 0.7143643071892065, Test Loss: 0.7319112654243197, Inverse Test Loss: 3.8848269326346263 
2025-01-09 16:07:43,825 INFO: Epoch 329, Train Loss: 0.7116775452543836, Test Loss: 0.7389128484896251, Inverse Test Loss: 3.857709067208426 
2025-01-09 16:07:44,013 INFO: Epoch 330, Train Loss: 0.7145554133511465, Test Loss: 0.7305982198034014, Inverse Test Loss: 3.671011516026088 
2025-01-09 16:07:44,212 INFO: Epoch 331, Train Loss: 0.7132944289697419, Test Loss: 0.7408530712127686, Inverse Test Loss: 3.6205106462751115 
2025-01-09 16:07:44,396 INFO: Epoch 332, Train Loss: 0.7157461446359616, Test Loss: 0.7321159030709948, Inverse Test Loss: 3.7570204053606306 
2025-01-09 16:07:44,597 INFO: Epoch 333, Train Loss: 0.7143666323171843, Test Loss: 0.7334650116307395, Inverse Test Loss: 3.781632287161691 
2025-01-09 16:07:44,782 INFO: Epoch 334, Train Loss: 0.7130047241482166, Test Loss: 0.7285831975085395, Inverse Test Loss: 3.7529288700648715 
2025-01-09 16:07:44,985 INFO: Epoch 335, Train Loss: 0.7136692875022188, Test Loss: 0.7279436226402011, Inverse Test Loss: 3.4798924582345143 
2025-01-09 16:07:45,172 INFO: Epoch 336, Train Loss: 0.7144691216836282, Test Loss: 0.7353404994521823, Inverse Test Loss: 3.796951566423689 
2025-01-09 16:07:45,376 INFO: Epoch 337, Train Loss: 0.7152088787577567, Test Loss: 0.7306161969900131, Inverse Test Loss: 3.4422405787876675 
2025-01-09 16:07:45,566 INFO: Epoch 338, Train Loss: 0.7131637455126562, Test Loss: 0.7337587475776672, Inverse Test Loss: 3.729182652064732 
2025-01-09 16:07:45,767 INFO: Epoch 339, Train Loss: 0.7161325527987349, Test Loss: 0.7303652784654072, Inverse Test Loss: 3.4489222935267856 
2025-01-09 16:07:45,961 INFO: Epoch 340, Train Loss: 0.7155425898525694, Test Loss: 0.7277066026415143, Inverse Test Loss: 3.6178880419049944 
2025-01-09 16:07:46,172 INFO: Epoch 341, Train Loss: 0.7129816533228673, Test Loss: 0.7315251912389483, Inverse Test Loss: 3.748355048043387 
2025-01-09 16:07:46,363 INFO: Epoch 342, Train Loss: 0.7127302551488264, Test Loss: 0.7266663163900375, Inverse Test Loss: 3.8020212990897044 
2025-01-09 16:07:46,565 INFO: Epoch 343, Train Loss: 0.7120018158483943, Test Loss: 0.7285942137241364, Inverse Test Loss: 3.833469663347517 
2025-01-09 16:07:46,754 INFO: Epoch 344, Train Loss: 0.7115642417461501, Test Loss: 0.7301709524222783, Inverse Test Loss: 3.7847597939627513 
2025-01-09 16:07:46,957 INFO: Epoch 345, Train Loss: 0.7120853432821571, Test Loss: 0.7348657037530627, Inverse Test Loss: 3.698113032749721 
2025-01-09 16:07:47,141 INFO: Epoch 346, Train Loss: 0.7138695886375708, Test Loss: 0.72622378383364, Inverse Test Loss: 3.4619884490966797 
2025-01-09 16:07:47,355 INFO: Epoch 347, Train Loss: 0.7142603309876329, Test Loss: 0.7323412533317294, Inverse Test Loss: 3.6509363991873607 
2025-01-09 16:07:47,543 INFO: Epoch 348, Train Loss: 0.7183202505111694, Test Loss: 0.7280712127685547, Inverse Test Loss: 3.670121329171317 
2025-01-09 16:07:47,747 INFO: Epoch 349, Train Loss: 0.7128130908406108, Test Loss: 0.7374230963843209, Inverse Test Loss: 3.9737464359828403 
2025-01-09 16:07:47,932 INFO: Epoch 350, Train Loss: 0.7125863646148541, Test Loss: 0.7315875589847565, Inverse Test Loss: 3.4882542746407643 
2025-01-09 16:07:48,134 INFO: Epoch 351, Train Loss: 0.7130571532686916, Test Loss: 0.7340863645076752, Inverse Test Loss: 3.7682999202183316 
2025-01-09 16:07:48,324 INFO: Epoch 352, Train Loss: 0.7124122244502427, Test Loss: 0.7431279165404183, Inverse Test Loss: 3.931522641863142 
2025-01-09 16:07:48,525 INFO: Epoch 353, Train Loss: 0.7138532230613428, Test Loss: 0.7352344968489238, Inverse Test Loss: 3.927813393729074 
2025-01-09 16:07:48,711 INFO: Epoch 354, Train Loss: 0.7148907031487981, Test Loss: 0.7438887144838061, Inverse Test Loss: 4.201119559151786 
2025-01-09 16:07:48,914 INFO: Epoch 355, Train Loss: 0.7127145835019033, Test Loss: 0.7403234115668705, Inverse Test Loss: 4.04204341343471 
2025-01-09 16:07:49,104 INFO: Epoch 356, Train Loss: 0.7129306301064448, Test Loss: 0.7284476246152606, Inverse Test Loss: 3.664546694074358 
2025-01-09 16:07:49,315 INFO: Epoch 357, Train Loss: 0.7105509698937792, Test Loss: 0.7316221381936755, Inverse Test Loss: 3.9140096391950334 
2025-01-09 16:07:49,503 INFO: Epoch 358, Train Loss: 0.7135188306143524, Test Loss: 0.7354784501450402, Inverse Test Loss: 3.744574410574777 
2025-01-09 16:07:49,707 INFO: Epoch 359, Train Loss: 0.7142335783450975, Test Loss: 0.7255700124161584, Inverse Test Loss: 3.541962214878627 
2025-01-09 16:07:49,889 INFO: Epoch 360, Train Loss: 0.7110243423269429, Test Loss: 0.7276346449341092, Inverse Test Loss: 3.671556200299944 
2025-01-09 16:07:50,094 INFO: Epoch 361, Train Loss: 0.7124604905417206, Test Loss: 0.7404166076864515, Inverse Test Loss: 3.731948035103934 
2025-01-09 16:07:50,281 INFO: Epoch 362, Train Loss: 0.7157583985853633, Test Loss: 0.7352184844868523, Inverse Test Loss: 3.8291514260428294 
2025-01-09 16:07:50,481 INFO: Epoch 363, Train Loss: 0.7136843045917126, Test Loss: 0.7394723807062421, Inverse Test Loss: 3.900575910295759 
2025-01-09 16:07:50,669 INFO: Epoch 364, Train Loss: 0.7137250030806305, Test Loss: 0.7409662923642567, Inverse Test Loss: 3.7927652086530412 
2025-01-09 16:07:50,875 INFO: Epoch 365, Train Loss: 0.7139874735009779, Test Loss: 0.7309906269822802, Inverse Test Loss: 3.766528810773577 
2025-01-09 16:07:51,067 INFO: Epoch 366, Train Loss: 0.7125347858175225, Test Loss: 0.7303693549973624, Inverse Test Loss: 3.7402894156319753 
2025-01-09 16:07:51,263 INFO: Epoch 367, Train Loss: 0.7128347065470634, Test Loss: 0.7340954414435795, Inverse Test Loss: 3.5467401232038225 
2025-01-09 16:07:51,444 INFO: Epoch 368, Train Loss: 0.7124326201753879, Test Loss: 0.7344708442687988, Inverse Test Loss: 3.5714950561523438 
2025-01-09 16:07:51,647 INFO: Epoch 369, Train Loss: 0.7116859609927606, Test Loss: 0.7330841038908277, Inverse Test Loss: 3.583374568394252 
2025-01-09 16:07:51,842 INFO: Epoch 370, Train Loss: 0.7120113465764107, Test Loss: 0.7328698954411915, Inverse Test Loss: 3.7141421181815013 
2025-01-09 16:07:52,044 INFO: Epoch 371, Train Loss: 0.7129023441480934, Test Loss: 0.7337578066757747, Inverse Test Loss: 3.7340104239327565 
2025-01-09 16:07:52,231 INFO: Epoch 372, Train Loss: 0.7131544433602499, Test Loss: 0.731333104627473, Inverse Test Loss: 3.7380452837262834 
2025-01-09 16:07:52,450 INFO: Epoch 373, Train Loss: 0.7125416512883037, Test Loss: 0.7311228556292397, Inverse Test Loss: 3.886138371058873 
2025-01-09 16:07:52,636 INFO: Epoch 374, Train Loss: 0.7101908080074766, Test Loss: 0.7414493198905673, Inverse Test Loss: 3.7428973061697826 
2025-01-09 16:07:52,839 INFO: Epoch 375, Train Loss: 0.7117848877513081, Test Loss: 0.7282794948135104, Inverse Test Loss: 3.527683530535017 
2025-01-09 16:07:53,023 INFO: Epoch 376, Train Loss: 0.7096802111065715, Test Loss: 0.7312311764274325, Inverse Test Loss: 3.7373455592564175 
2025-01-09 16:07:53,231 INFO: Epoch 377, Train Loss: 0.710346231766797, Test Loss: 0.7284225821495056, Inverse Test Loss: 3.6099957057407925 
2025-01-09 16:07:53,414 INFO: Epoch 378, Train Loss: 0.7110986020586906, Test Loss: 0.7323395226682935, Inverse Test Loss: 3.5445780072893416 
2025-01-09 16:07:53,619 INFO: Epoch 379, Train Loss: 0.7101044534543238, Test Loss: 0.7294467219284603, Inverse Test Loss: 3.5519984109061107 
2025-01-09 16:07:53,811 INFO: Epoch 380, Train Loss: 0.7119926826669536, Test Loss: 0.731085370693888, Inverse Test Loss: 3.646590914045061 
2025-01-09 16:07:54,011 INFO: Epoch 381, Train Loss: 0.7150792659969505, Test Loss: 0.7330838931458337, Inverse Test Loss: 3.780447006225586 
2025-01-09 16:07:54,196 INFO: Epoch 382, Train Loss: 0.7135946078037997, Test Loss: 0.7413922101259232, Inverse Test Loss: 3.971501214163644 
2025-01-09 16:07:54,400 INFO: Epoch 383, Train Loss: 0.7138438191982585, Test Loss: 0.7317947149276733, Inverse Test Loss: 3.7189208439418246 
2025-01-09 16:07:54,583 INFO: Epoch 384, Train Loss: 0.7117717386385717, Test Loss: 0.7284149250813893, Inverse Test Loss: 3.746644973754883 
2025-01-09 16:07:54,784 INFO: Epoch 385, Train Loss: 0.7103954673907079, Test Loss: 0.7398861540215356, Inverse Test Loss: 3.9220640999930247 
2025-01-09 16:07:54,973 INFO: Epoch 386, Train Loss: 0.7127714589101459, Test Loss: 0.7339448886258262, Inverse Test Loss: 3.8103231702532088 
2025-01-09 16:07:55,175 INFO: Epoch 387, Train Loss: 0.7113901764974682, Test Loss: 0.7319725943463189, Inverse Test Loss: 3.740277426583426 
2025-01-09 16:07:55,359 INFO: Epoch 388, Train Loss: 0.7112141224222446, Test Loss: 0.7266132043940681, Inverse Test Loss: 3.6148011343819753 
2025-01-09 16:07:55,561 INFO: Epoch 389, Train Loss: 0.711392974634783, Test Loss: 0.7370819598436356, Inverse Test Loss: 4.026111330304827 
2025-01-09 16:07:55,744 INFO: Epoch 390, Train Loss: 0.7108237644947997, Test Loss: 0.7310087212494442, Inverse Test Loss: 3.7663184574672153 
2025-01-09 16:07:55,944 INFO: Epoch 391, Train Loss: 0.7099570631980896, Test Loss: 0.7331460586615971, Inverse Test Loss: 3.9527010236467635 
2025-01-09 16:07:56,128 INFO: Epoch 392, Train Loss: 0.7117859589944192, Test Loss: 0.736947911126273, Inverse Test Loss: 4.006236485072544 
2025-01-09 16:07:56,331 INFO: Epoch 393, Train Loss: 0.711099299268985, Test Loss: 0.7475795320102147, Inverse Test Loss: 4.042813164847238 
2025-01-09 16:07:56,513 INFO: Epoch 394, Train Loss: 0.7126665875452374, Test Loss: 0.7333360676254544, Inverse Test Loss: 3.6871741158621654 
2025-01-09 16:07:56,714 INFO: Epoch 395, Train Loss: 0.7116500910269011, Test Loss: 0.7277372202702931, Inverse Test Loss: 3.7555274963378906 
2025-01-09 16:07:56,894 INFO: Epoch 396, Train Loss: 0.7096446943939279, Test Loss: 0.7357662000826427, Inverse Test Loss: 4.059943062918527 
2025-01-09 16:07:57,095 INFO: Epoch 397, Train Loss: 0.7109933561141338, Test Loss: 0.7388766982725689, Inverse Test Loss: 3.566274642944336 
2025-01-09 16:07:57,280 INFO: Epoch 398, Train Loss: 0.7103615403175354, Test Loss: 0.7310830780438015, Inverse Test Loss: 3.772200448172433 
2025-01-09 16:07:57,481 INFO: Epoch 399, Train Loss: 0.7117768848707916, Test Loss: 0.7332937334265027, Inverse Test Loss: 3.5512619018554688 
2025-01-09 16:07:57,675 INFO: Epoch 400, Train Loss: 0.7136788761943852, Test Loss: 0.7362527017082486, Inverse Test Loss: 3.9106200081961497 
2025-01-09 16:07:57,675 INFO: Best Epoch 359, Best Test Loss: 0.7255700124161584 
2025-01-09 16:07:57,884 INFO: Epoch 401, Train Loss: 0.7112830964797133, Test Loss: 0.7305675106389182, Inverse Test Loss: 3.664519718715123 
2025-01-09 16:07:58,071 INFO: Epoch 402, Train Loss: 0.7101090750016203, Test Loss: 0.7337605719055448, Inverse Test Loss: 3.8067428043910434 
2025-01-09 16:07:58,275 INFO: Epoch 403, Train Loss: 0.7104241519892981, Test Loss: 0.7340634082044873, Inverse Test Loss: 3.828326906476702 
2025-01-09 16:07:58,461 INFO: Epoch 404, Train Loss: 0.7089360148534862, Test Loss: 0.7326027410370963, Inverse Test Loss: 3.797655923025949 
2025-01-09 16:07:58,659 INFO: Epoch 405, Train Loss: 0.710500979095424, Test Loss: 0.7303217159850257, Inverse Test Loss: 3.792238507952009 
2025-01-09 16:07:58,844 INFO: Epoch 406, Train Loss: 0.7114607937839053, Test Loss: 0.7292604680572238, Inverse Test Loss: 3.5820249829973494 
2025-01-09 16:07:59,044 INFO: Epoch 407, Train Loss: 0.7116282133881106, Test Loss: 0.7363920935562679, Inverse Test Loss: 3.688885007585798 
2025-01-09 16:07:59,230 INFO: Epoch 408, Train Loss: 0.7093733368663613, Test Loss: 0.7302493218864713, Inverse Test Loss: 3.713335854666574 
2025-01-09 16:07:59,436 INFO: Epoch 409, Train Loss: 0.7082619399105737, Test Loss: 0.7325083357947213, Inverse Test Loss: 3.8396715436662947 
2025-01-09 16:07:59,620 INFO: Epoch 410, Train Loss: 0.7097873490884763, Test Loss: 0.7283908958945956, Inverse Test Loss: 3.6134253910609653 
2025-01-09 16:07:59,822 INFO: Epoch 411, Train Loss: 0.7096125844421737, Test Loss: 0.7303984548364367, Inverse Test Loss: 3.4882515498570035 
2025-01-09 16:08:00,006 INFO: Epoch 412, Train Loss: 0.7088824543384237, Test Loss: 0.7354164889880589, Inverse Test Loss: 3.9184398651123047 
2025-01-09 16:08:00,208 INFO: Epoch 413, Train Loss: 0.7119478359134919, Test Loss: 0.7360952028206417, Inverse Test Loss: 3.581489290509905 
2025-01-09 16:08:00,391 INFO: Epoch 414, Train Loss: 0.713075472127407, Test Loss: 0.7346282580069133, Inverse Test Loss: 3.762272153581892 
2025-01-09 16:08:00,590 INFO: Epoch 415, Train Loss: 0.7104886775716729, Test Loss: 0.7289058778967176, Inverse Test Loss: 3.93578611101423 
2025-01-09 16:08:00,777 INFO: Epoch 416, Train Loss: 0.7116224951700333, Test Loss: 0.7409386847700391, Inverse Test Loss: 3.770575387137277 
2025-01-09 16:08:00,981 INFO: Epoch 417, Train Loss: 0.7164667489331796, Test Loss: 0.7463863343000412, Inverse Test Loss: 3.2596819741385326 
2025-01-09 16:08:01,166 INFO: Epoch 418, Train Loss: 0.7122413291843659, Test Loss: 0.7300381596599307, Inverse Test Loss: 3.8857939583914622 
2025-01-09 16:08:01,371 INFO: Epoch 419, Train Loss: 0.709546140574534, Test Loss: 0.7293761670589447, Inverse Test Loss: 3.702468599591936 
2025-01-09 16:08:01,555 INFO: Epoch 420, Train Loss: 0.7076699318142112, Test Loss: 0.7299078149454934, Inverse Test Loss: 3.8046657017299106 
2025-01-09 16:08:01,756 INFO: Epoch 421, Train Loss: 0.7084343504468236, Test Loss: 0.7250832532133374, Inverse Test Loss: 3.593372072492327 
2025-01-09 16:08:01,948 INFO: Epoch 422, Train Loss: 0.7091802823434182, Test Loss: 0.7309423067740032, Inverse Test Loss: 3.786980765206473 
2025-01-09 16:08:02,155 INFO: Epoch 423, Train Loss: 0.7082244896013802, Test Loss: 0.7303209049361092, Inverse Test Loss: 3.6979964120047435 
2025-01-09 16:08:02,337 INFO: Epoch 424, Train Loss: 0.7092094328425346, Test Loss: 0.730321141225951, Inverse Test Loss: 3.8466085706438338 
2025-01-09 16:08:02,540 INFO: Epoch 425, Train Loss: 0.7083268269486384, Test Loss: 0.7319146054131644, Inverse Test Loss: 3.621452604021345 
2025-01-09 16:08:02,732 INFO: Epoch 426, Train Loss: 0.709689643951731, Test Loss: 0.7313674134867532, Inverse Test Loss: 3.7216014862060547 
2025-01-09 16:08:02,927 INFO: Epoch 427, Train Loss: 0.7119978015575934, Test Loss: 0.7555023580789566, Inverse Test Loss: 3.7672628675188338 
2025-01-09 16:08:03,107 INFO: Epoch 428, Train Loss: 0.7162915714290163, Test Loss: 0.7279299816914967, Inverse Test Loss: 3.6374168395996094 
2025-01-09 16:08:03,316 INFO: Epoch 429, Train Loss: 0.7080944371879647, Test Loss: 0.7298740169831684, Inverse Test Loss: 3.6123510088239397 
2025-01-09 16:08:03,513 INFO: Epoch 430, Train Loss: 0.7085746876690366, Test Loss: 0.7278665197747094, Inverse Test Loss: 3.66100583757673 
2025-01-09 16:08:03,726 INFO: Epoch 431, Train Loss: 0.7108686566352844, Test Loss: 0.733577589903559, Inverse Test Loss: 4.123960222516741 
2025-01-09 16:08:03,939 INFO: Epoch 432, Train Loss: 0.7082313042168223, Test Loss: 0.7328676964555468, Inverse Test Loss: 3.8644935062953403 
2025-01-09 16:08:04,164 INFO: Epoch 433, Train Loss: 0.7110533861938967, Test Loss: 0.7327816294772285, Inverse Test Loss: 3.9046562739780972 
2025-01-09 16:08:04,438 INFO: Epoch 434, Train Loss: 0.7092751220825615, Test Loss: 0.7315633382116046, Inverse Test Loss: 3.6435764857700894 
2025-01-09 16:08:04,653 INFO: Epoch 435, Train Loss: 0.7100384765808735, Test Loss: 0.7367417109864098, Inverse Test Loss: 3.4386370522635326 
2025-01-09 16:08:04,854 INFO: Epoch 436, Train Loss: 0.7123840620758337, Test Loss: 0.7306055171149117, Inverse Test Loss: 3.6016262599400113 
2025-01-09 16:08:05,049 INFO: Epoch 437, Train Loss: 0.708831827028082, Test Loss: 0.7397184201649257, Inverse Test Loss: 4.156298228672573 
2025-01-09 16:08:05,263 INFO: Epoch 438, Train Loss: 0.7092411539970188, Test Loss: 0.7326100319623947, Inverse Test Loss: 3.726081303187779 
2025-01-09 16:08:05,501 INFO: Epoch 439, Train Loss: 0.7093990199062803, Test Loss: 0.7303984441927501, Inverse Test Loss: 3.7355431147984097 
2025-01-09 16:08:05,715 INFO: Epoch 440, Train Loss: 0.7083423799331036, Test Loss: 0.7351506735597338, Inverse Test Loss: 3.7832734244210378 
2025-01-09 16:08:06,003 INFO: Epoch 441, Train Loss: 0.7102400337884186, Test Loss: 0.7370522107396807, Inverse Test Loss: 4.060917718069894 
2025-01-09 16:08:06,231 INFO: Epoch 442, Train Loss: 0.7109707030681295, Test Loss: 0.728489026427269, Inverse Test Loss: 3.5797522408621654 
2025-01-09 16:08:06,451 INFO: Epoch 443, Train Loss: 0.7078578707275041, Test Loss: 0.728325605392456, Inverse Test Loss: 3.5388009207589284 
2025-01-09 16:08:06,663 INFO: Epoch 444, Train Loss: 0.7081426212547022, Test Loss: 0.7370831668376923, Inverse Test Loss: 4.062014171055385 
2025-01-09 16:08:06,865 INFO: Epoch 445, Train Loss: 0.707378366671571, Test Loss: 0.7275861480406353, Inverse Test Loss: 3.8352489471435547 
2025-01-09 16:08:07,079 INFO: Epoch 446, Train Loss: 0.7089426369842039, Test Loss: 0.7323495532785144, Inverse Test Loss: 3.952705110822405 
2025-01-09 16:08:07,277 INFO: Epoch 447, Train Loss: 0.7088636110682006, Test Loss: 0.7343009816748756, Inverse Test Loss: 3.458838871547154 
2025-01-09 16:08:07,474 INFO: Epoch 448, Train Loss: 0.7094737094476682, Test Loss: 0.7433379356350217, Inverse Test Loss: 4.026060104370117 
2025-01-09 16:08:07,689 INFO: Epoch 449, Train Loss: 0.7111117063312355, Test Loss: 0.7322250264031547, Inverse Test Loss: 3.528026853288923 
2025-01-09 16:08:07,895 INFO: Epoch 450, Train Loss: 0.7093534589907445, Test Loss: 0.7338061630725861, Inverse Test Loss: 3.484842300415039 
2025-01-09 16:08:08,108 INFO: Epoch 451, Train Loss: 0.7076026190311537, Test Loss: 0.7291671080248696, Inverse Test Loss: 3.600612095424107 
2025-01-09 16:08:08,306 INFO: Epoch 452, Train Loss: 0.7076315994656414, Test Loss: 0.735138231090137, Inverse Test Loss: 3.882205145699637 
2025-01-09 16:08:08,548 INFO: Epoch 453, Train Loss: 0.7079923382592858, Test Loss: 0.7279229930468968, Inverse Test Loss: 3.534632546561105 
2025-01-09 16:08:08,779 INFO: Epoch 454, Train Loss: 0.7085486120040264, Test Loss: 0.7389621308871678, Inverse Test Loss: 3.7009209224155972 
2025-01-09 16:08:09,007 INFO: Epoch 455, Train Loss: 0.7074428069482156, Test Loss: 0.7269347757101059, Inverse Test Loss: 3.491931915283203 
2025-01-09 16:08:09,228 INFO: Epoch 456, Train Loss: 0.7085617895520061, Test Loss: 0.7339203932455608, Inverse Test Loss: 3.4278921399797713 
2025-01-09 16:08:09,454 INFO: Epoch 457, Train Loss: 0.708789166507371, Test Loss: 0.7292412753616061, Inverse Test Loss: 3.7004081181117465 
2025-01-09 16:08:09,666 INFO: Epoch 458, Train Loss: 0.7095918682737088, Test Loss: 0.744760274887085, Inverse Test Loss: 4.039789199829102 
2025-01-09 16:08:09,897 INFO: Epoch 459, Train Loss: 0.7098536310939614, Test Loss: 0.7313784829207829, Inverse Test Loss: 3.574566159929548 
2025-01-09 16:08:10,125 INFO: Epoch 460, Train Loss: 0.7077093036896592, Test Loss: 0.732456943818501, Inverse Test Loss: 3.6777240208217075 
2025-01-09 16:08:10,346 INFO: Epoch 461, Train Loss: 0.7067543574429433, Test Loss: 0.7360287926026753, Inverse Test Loss: 3.74179322378976 
2025-01-09 16:08:10,582 INFO: Epoch 462, Train Loss: 0.7072101410375823, Test Loss: 0.7327008162225995, Inverse Test Loss: 3.9857354845319475 
2025-01-09 16:08:10,827 INFO: Epoch 463, Train Loss: 0.7060491109113081, Test Loss: 0.7412196674517223, Inverse Test Loss: 3.8449369158063615 
2025-01-09 16:08:11,060 INFO: Epoch 464, Train Loss: 0.705888609273718, Test Loss: 0.7378679130758558, Inverse Test Loss: 3.8169054303850447 
2025-01-09 16:08:11,259 INFO: Epoch 465, Train Loss: 0.7083449494948081, Test Loss: 0.7364501804113388, Inverse Test Loss: 4.030962262834821 
2025-01-09 16:08:11,477 INFO: Epoch 466, Train Loss: 0.7084854354552172, Test Loss: 0.7323668641703469, Inverse Test Loss: 3.6560464586530412 
2025-01-09 16:08:11,681 INFO: Epoch 467, Train Loss: 0.711439810761618, Test Loss: 0.7370806527989251, Inverse Test Loss: 3.6316637311662947 
2025-01-09 16:08:11,892 INFO: Epoch 468, Train Loss: 0.7108848576151997, Test Loss: 0.7340787329844066, Inverse Test Loss: 3.8730907440185547 
2025-01-09 16:08:12,139 INFO: Epoch 469, Train Loss: 0.7078848071054581, Test Loss: 0.7335710376501083, Inverse Test Loss: 3.611039570399693 
2025-01-09 16:08:12,407 INFO: Epoch 470, Train Loss: 0.7082774524295002, Test Loss: 0.7477332949638367, Inverse Test Loss: 3.9729341779436385 
2025-01-09 16:08:12,624 INFO: Epoch 471, Train Loss: 0.7118219585593687, Test Loss: 0.7480779268911907, Inverse Test Loss: 3.6644235338483537 
2025-01-09 16:08:12,825 INFO: Epoch 472, Train Loss: 0.7112165645721855, Test Loss: 0.7321961436952863, Inverse Test Loss: 3.607091631208147 
2025-01-09 16:08:13,054 INFO: Epoch 473, Train Loss: 0.7080664990145132, Test Loss: 0.7287168140922274, Inverse Test Loss: 3.611157553536551 
2025-01-09 16:08:13,300 INFO: Epoch 474, Train Loss: 0.706193094133237, Test Loss: 0.7308566910879952, Inverse Test Loss: 3.746577399117606 
2025-01-09 16:08:13,502 INFO: Epoch 475, Train Loss: 0.7063490212510485, Test Loss: 0.7275177985429764, Inverse Test Loss: 3.3975391387939453 
2025-01-09 16:08:13,700 INFO: Epoch 476, Train Loss: 0.7053895827827104, Test Loss: 0.7312272148472923, Inverse Test Loss: 3.619537353515625 
2025-01-09 16:08:13,897 INFO: Epoch 477, Train Loss: 0.7056647008712139, Test Loss: 0.7344201867069516, Inverse Test Loss: 3.894744873046875 
2025-01-09 16:08:14,096 INFO: Epoch 478, Train Loss: 0.7069436027369368, Test Loss: 0.7378646050180707, Inverse Test Loss: 3.7148314884730746 
2025-01-09 16:08:14,302 INFO: Epoch 479, Train Loss: 0.7097059477359877, Test Loss: 0.7359219299895423, Inverse Test Loss: 3.604862758091518 
2025-01-09 16:08:14,512 INFO: Epoch 480, Train Loss: 0.7088993257338848, Test Loss: 0.7362268503223147, Inverse Test Loss: 3.647500991821289 
2025-01-09 16:08:14,711 INFO: Epoch 481, Train Loss: 0.7068061150542093, Test Loss: 0.7288353166409901, Inverse Test Loss: 3.737924030848912 
2025-01-09 16:08:14,914 INFO: Epoch 482, Train Loss: 0.707381364402421, Test Loss: 0.7290072568825313, Inverse Test Loss: 3.4952774047851562 
2025-01-09 16:08:15,111 INFO: Epoch 483, Train Loss: 0.7063926059171695, Test Loss: 0.7330893810306277, Inverse Test Loss: 3.7031301770891463 
2025-01-09 16:08:15,313 INFO: Epoch 484, Train Loss: 0.7064928592891868, Test Loss: 0.7329587233918053, Inverse Test Loss: 3.840684073311942 
2025-01-09 16:08:15,509 INFO: Epoch 485, Train Loss: 0.7070528290687351, Test Loss: 0.7371581218072346, Inverse Test Loss: 3.8466597965785434 
2025-01-09 16:08:15,725 INFO: Epoch 486, Train Loss: 0.7080349112869403, Test Loss: 0.7348786039011819, Inverse Test Loss: 3.6402359008789062 
2025-01-09 16:08:15,970 INFO: Epoch 487, Train Loss: 0.7088991436389608, Test Loss: 0.740183242729732, Inverse Test Loss: 3.924603598458426 
2025-01-09 16:08:16,191 INFO: Epoch 488, Train Loss: 0.7103757333318028, Test Loss: 0.7300327335085187, Inverse Test Loss: 3.4927308218819753 
2025-01-09 16:08:16,419 INFO: Epoch 489, Train Loss: 0.7103439410892102, Test Loss: 0.7318567910364696, Inverse Test Loss: 3.6224068232945035 
2025-01-09 16:08:16,624 INFO: Epoch 490, Train Loss: 0.7077577332837865, Test Loss: 0.7278961368969509, Inverse Test Loss: 3.7736707414899553 
2025-01-09 16:08:16,827 INFO: Epoch 491, Train Loss: 0.7065984032569675, Test Loss: 0.7337808268410819, Inverse Test Loss: 3.567864009312221 
2025-01-09 16:08:17,028 INFO: Epoch 492, Train Loss: 0.7077035072746627, Test Loss: 0.7371190254177366, Inverse Test Loss: 3.9616786411830356 
2025-01-09 16:08:17,230 INFO: Epoch 493, Train Loss: 0.7071492770396242, Test Loss: 0.732396274805069, Inverse Test Loss: 3.5481504712785994 
2025-01-09 16:08:17,438 INFO: Epoch 494, Train Loss: 0.7050968736683557, Test Loss: 0.7313170156308583, Inverse Test Loss: 3.5769250052315846 
2025-01-09 16:08:17,643 INFO: Epoch 495, Train Loss: 0.709158811000509, Test Loss: 0.7348281634705407, Inverse Test Loss: 3.741406032017299 
2025-01-09 16:08:17,843 INFO: Epoch 496, Train Loss: 0.7117560183236359, Test Loss: 0.7365021024431501, Inverse Test Loss: 3.879732404436384 
2025-01-09 16:08:18,044 INFO: Epoch 497, Train Loss: 0.7086557756870164, Test Loss: 0.7310426150049482, Inverse Test Loss: 3.8271075657435825 
2025-01-09 16:08:18,251 INFO: Epoch 498, Train Loss: 0.704981780380284, Test Loss: 0.7483365855046681, Inverse Test Loss: 3.631749834333147 
2025-01-09 16:08:18,466 INFO: Epoch 499, Train Loss: 0.7119669772069389, Test Loss: 0.740878239274025, Inverse Test Loss: 3.960618155343192 
2025-01-09 16:08:18,670 INFO: Epoch 500, Train Loss: 0.7088485699181163, Test Loss: 0.732783072761127, Inverse Test Loss: 3.7975755419049944 
2025-01-09 16:08:18,670 INFO: Best Epoch 421, Best Test Loss: 0.7250832532133374 
2025-01-09 16:08:18,878 INFO: Epoch 501, Train Loss: 0.7061520803958998, Test Loss: 0.7441838809422084, Inverse Test Loss: 4.324366160801479 
2025-01-09 16:08:19,096 INFO: Epoch 502, Train Loss: 0.7096155149127366, Test Loss: 0.730944384421621, Inverse Test Loss: 3.4645001547677174 
2025-01-09 16:08:19,329 INFO: Epoch 503, Train Loss: 0.7083634958354705, Test Loss: 0.7313811502286366, Inverse Test Loss: 3.3569259643554688 
2025-01-09 16:08:19,547 INFO: Epoch 504, Train Loss: 0.7089302753089765, Test Loss: 0.7379406562873295, Inverse Test Loss: 3.963987077985491 
2025-01-09 16:08:19,864 INFO: Epoch 505, Train Loss: 0.7071067100271172, Test Loss: 0.7352073213883809, Inverse Test Loss: 3.818106242588588 
2025-01-09 16:08:20,080 INFO: Epoch 506, Train Loss: 0.7072516920369699, Test Loss: 0.7357794280563082, Inverse Test Loss: 3.6325075966971263 
2025-01-09 16:08:20,277 INFO: Epoch 507, Train Loss: 0.7046351689811147, Test Loss: 0.733805524451392, Inverse Test Loss: 3.735394069126674 
2025-01-09 16:08:20,485 INFO: Epoch 508, Train Loss: 0.7050919221081865, Test Loss: 0.7299894733088357, Inverse Test Loss: 3.5863045283726285 
2025-01-09 16:08:20,699 INFO: Epoch 509, Train Loss: 0.7071025048920868, Test Loss: 0.7327717436211449, Inverse Test Loss: 4.011661529541016 
2025-01-09 16:08:20,898 INFO: Epoch 510, Train Loss: 0.7075995485717004, Test Loss: 0.7391142419406346, Inverse Test Loss: 3.8345470428466797 
2025-01-09 16:08:21,102 INFO: Epoch 511, Train Loss: 0.7097558062010949, Test Loss: 0.7349331996270588, Inverse Test Loss: 3.8922320774623325 
2025-01-09 16:08:21,302 INFO: Epoch 512, Train Loss: 0.7074004963997307, Test Loss: 0.7289670705795288, Inverse Test Loss: 3.7210565294538225 
2025-01-09 16:08:21,504 INFO: Epoch 513, Train Loss: 0.7057397666327451, Test Loss: 0.7328702147517886, Inverse Test Loss: 3.5158143724714006 
2025-01-09 16:08:21,703 INFO: Epoch 514, Train Loss: 0.7071114494166243, Test Loss: 0.735869118145534, Inverse Test Loss: 3.8111572265625 
2025-01-09 16:08:21,919 INFO: Epoch 515, Train Loss: 0.7092275471862303, Test Loss: 0.7470119489090783, Inverse Test Loss: 4.3170381273542136 
2025-01-09 16:08:22,120 INFO: Epoch 516, Train Loss: 0.7095202103667303, Test Loss: 0.7305601558515004, Inverse Test Loss: 3.7619620731898715 
2025-01-09 16:08:22,331 INFO: Epoch 517, Train Loss: 0.7093073435879629, Test Loss: 0.7330142493758883, Inverse Test Loss: 3.777651105608259 
2025-01-09 16:08:22,537 INFO: Epoch 518, Train Loss: 0.7100834819155002, Test Loss: 0.7329558070216861, Inverse Test Loss: 3.7275829315185547 
2025-01-09 16:08:22,832 INFO: Epoch 519, Train Loss: 0.7053453659792559, Test Loss: 0.7358243550573077, Inverse Test Loss: 3.7972970690046037 
2025-01-09 16:08:23,043 INFO: Epoch 520, Train Loss: 0.708191737122492, Test Loss: 0.7319998081241336, Inverse Test Loss: 3.5734759739467075 
2025-01-09 16:08:23,282 INFO: Epoch 521, Train Loss: 0.7064561050966245, Test Loss: 0.7353679239749908, Inverse Test Loss: 3.583725793021066 
2025-01-09 16:08:23,489 INFO: Epoch 522, Train Loss: 0.7053496987994657, Test Loss: 0.7256047917263848, Inverse Test Loss: 3.5109637124197826 
2025-01-09 16:08:23,701 INFO: Epoch 523, Train Loss: 0.7072961122617809, Test Loss: 0.7323539001601083, Inverse Test Loss: 3.729982648577009 
2025-01-09 16:08:23,917 INFO: Epoch 524, Train Loss: 0.7061212073772325, Test Loss: 0.7337985038757324, Inverse Test Loss: 3.9578969138009206 
2025-01-09 16:08:24,117 INFO: Epoch 525, Train Loss: 0.7081792113977835, Test Loss: 0.7410945785897118, Inverse Test Loss: 3.4984779357910156 
2025-01-09 16:08:24,318 INFO: Epoch 526, Train Loss: 0.7051584441727454, Test Loss: 0.7373059902872358, Inverse Test Loss: 4.051179885864258 
2025-01-09 16:08:24,525 INFO: Epoch 527, Train Loss: 0.707597458581312, Test Loss: 0.7357447338955743, Inverse Test Loss: 3.7083233424595425 
2025-01-09 16:08:24,727 INFO: Epoch 528, Train Loss: 0.7076050075915975, Test Loss: 0.7399641083819526, Inverse Test Loss: 3.8369532993861606 
2025-01-09 16:08:24,938 INFO: Epoch 529, Train Loss: 0.7089568742918312, Test Loss: 0.7323356185640607, Inverse Test Loss: 3.846532549176897 
2025-01-09 16:08:25,140 INFO: Epoch 530, Train Loss: 0.7062669057364858, Test Loss: 0.7393098516123635, Inverse Test Loss: 3.5668833596365794 
2025-01-09 16:08:25,340 INFO: Epoch 531, Train Loss: 0.7080027548544997, Test Loss: 0.7432616353034973, Inverse Test Loss: 3.9848545619419644 
2025-01-09 16:08:25,546 INFO: Epoch 532, Train Loss: 0.7067227735431916, Test Loss: 0.7317449982677188, Inverse Test Loss: 3.6809790475027904 
2025-01-09 16:08:25,748 INFO: Epoch 533, Train Loss: 0.7052431030010958, Test Loss: 0.7369352941002164, Inverse Test Loss: 3.6733932495117188 
2025-01-09 16:08:25,946 INFO: Epoch 534, Train Loss: 0.7046896962944521, Test Loss: 0.732182692204203, Inverse Test Loss: 3.755633762904576 
2025-01-09 16:08:26,152 INFO: Epoch 535, Train Loss: 0.70419340341463, Test Loss: 0.7306859088795525, Inverse Test Loss: 3.817253657749721 
2025-01-09 16:08:26,366 INFO: Epoch 536, Train Loss: 0.7065289441598664, Test Loss: 0.7291370055505207, Inverse Test Loss: 3.5155438014439175 
2025-01-09 16:08:26,564 INFO: Epoch 537, Train Loss: 0.7051872709475526, Test Loss: 0.734292311327798, Inverse Test Loss: 3.80092648097447 
2025-01-09 16:08:26,775 INFO: Epoch 538, Train Loss: 0.7060249141596873, Test Loss: 0.7347744192395892, Inverse Test Loss: 3.679997035435268 
2025-01-09 16:08:26,988 INFO: Epoch 539, Train Loss: 0.7067423178515303, Test Loss: 0.7457882251058306, Inverse Test Loss: 3.8928416115897044 
2025-01-09 16:08:27,238 INFO: Epoch 540, Train Loss: 0.7109797744575991, Test Loss: 0.7394976105008807, Inverse Test Loss: 3.659370149884905 
2025-01-09 16:08:27,467 INFO: Epoch 541, Train Loss: 0.7049660556906954, Test Loss: 0.7366655575377601, Inverse Test Loss: 3.713553019932338 
2025-01-09 16:08:27,675 INFO: Epoch 542, Train Loss: 0.7093103271011912, Test Loss: 0.7325773409434727, Inverse Test Loss: 3.571737834385463 
2025-01-09 16:08:27,877 INFO: Epoch 543, Train Loss: 0.7098563876720744, Test Loss: 0.7341238579579762, Inverse Test Loss: 3.3084329877580916 
2025-01-09 16:08:28,078 INFO: Epoch 544, Train Loss: 0.705972581828406, Test Loss: 0.7354193265948977, Inverse Test Loss: 3.9693682534354076 
2025-01-09 16:08:28,280 INFO: Epoch 545, Train Loss: 0.7055953981679514, Test Loss: 0.7329578697681427, Inverse Test Loss: 3.827785219464983 
2025-01-09 16:08:28,480 INFO: Epoch 546, Train Loss: 0.703284726777208, Test Loss: 0.7338800877332687, Inverse Test Loss: 3.759080341884068 
2025-01-09 16:08:28,678 INFO: Epoch 547, Train Loss: 0.7055180373541806, Test Loss: 0.7330025732517242, Inverse Test Loss: 3.805729184831892 
2025-01-09 16:08:28,880 INFO: Epoch 548, Train Loss: 0.7047317941254432, Test Loss: 0.7435767182282039, Inverse Test Loss: 3.9708644321986606 
2025-01-09 16:08:29,093 INFO: Epoch 549, Train Loss: 0.7057427348346885, Test Loss: 0.7320043189185006, Inverse Test Loss: 3.5793249947684154 
2025-01-09 16:08:29,291 INFO: Epoch 550, Train Loss: 0.7030193504937198, Test Loss: 0.7448774384600776, Inverse Test Loss: 3.9991561344691684 
2025-01-09 16:08:29,491 INFO: Epoch 551, Train Loss: 0.7080657925080815, Test Loss: 0.7446296342781612, Inverse Test Loss: 3.8980840955461775 
2025-01-09 16:08:29,689 INFO: Epoch 552, Train Loss: 0.7089352055427132, Test Loss: 0.7327861402715955, Inverse Test Loss: 3.907360621861049 
2025-01-09 16:08:29,887 INFO: Epoch 553, Train Loss: 0.7062454240037761, Test Loss: 0.7355492072446006, Inverse Test Loss: 3.724884033203125 
2025-01-09 16:08:30,095 INFO: Epoch 554, Train Loss: 0.7064950455219374, Test Loss: 0.733803778886795, Inverse Test Loss: 3.6686338697160994 
2025-01-09 16:08:30,304 INFO: Epoch 555, Train Loss: 0.705646781199569, Test Loss: 0.746739366224834, Inverse Test Loss: 3.6837942940848216 
2025-01-09 16:08:30,548 INFO: Epoch 556, Train Loss: 0.7089009782589903, Test Loss: 0.7357322765248162, Inverse Test Loss: 3.81021853855678 
2025-01-09 16:08:30,747 INFO: Epoch 557, Train Loss: 0.7073479092449223, Test Loss: 0.7423745372465679, Inverse Test Loss: 3.941239220755441 
2025-01-09 16:08:30,978 INFO: Epoch 558, Train Loss: 0.7052382821336799, Test Loss: 0.7272573603051049, Inverse Test Loss: 3.5875658307756697 
2025-01-09 16:08:31,307 INFO: Epoch 559, Train Loss: 0.7038966138428504, Test Loss: 0.7354237607547215, Inverse Test Loss: 3.9366648537772044 
2025-01-09 16:08:31,521 INFO: Epoch 560, Train Loss: 0.7032613158226013, Test Loss: 0.735964413200106, Inverse Test Loss: 3.584059851510184 
2025-01-09 16:08:31,740 INFO: Epoch 561, Train Loss: 0.7067395492431221, Test Loss: 0.7293794176408223, Inverse Test Loss: 3.930127280099051 
2025-01-09 16:08:31,939 INFO: Epoch 562, Train Loss: 0.7055361238094645, Test Loss: 0.7319008197103228, Inverse Test Loss: 3.7831663404192244 
2025-01-09 16:08:32,130 INFO: Epoch 563, Train Loss: 0.7056690060764278, Test Loss: 0.7323259285518101, Inverse Test Loss: 3.314236504690988 
2025-01-09 16:08:32,327 INFO: Epoch 564, Train Loss: 0.7066597599502004, Test Loss: 0.7398333634649005, Inverse Test Loss: 3.7247532435825894 
2025-01-09 16:08:32,546 INFO: Epoch 565, Train Loss: 0.7064989777879978, Test Loss: 0.7552508286067418, Inverse Test Loss: 3.6495840890066966 
2025-01-09 16:08:32,740 INFO: Epoch 566, Train Loss: 0.7115051194068489, Test Loss: 0.7297560444899968, Inverse Test Loss: 3.724395751953125 
2025-01-09 16:08:32,958 INFO: Epoch 567, Train Loss: 0.7028367240494544, Test Loss: 0.7359694221190044, Inverse Test Loss: 3.7770889827183316 
2025-01-09 16:08:33,186 INFO: Epoch 568, Train Loss: 0.7038628283990632, Test Loss: 0.7408050468989781, Inverse Test Loss: 4.046575546264648 
2025-01-09 16:08:33,404 INFO: Epoch 569, Train Loss: 0.7034436994736347, Test Loss: 0.7361854804413659, Inverse Test Loss: 3.9884436471121654 
2025-01-09 16:08:33,631 INFO: Epoch 570, Train Loss: 0.7036983988700657, Test Loss: 0.7330192199775151, Inverse Test Loss: 3.7263826642717635 
2025-01-09 16:08:33,852 INFO: Epoch 571, Train Loss: 0.7076522407181766, Test Loss: 0.7330783435276577, Inverse Test Loss: 3.9331278119768416 
2025-01-09 16:08:34,122 INFO: Epoch 572, Train Loss: 0.7060629856695823, Test Loss: 0.7304065674543381, Inverse Test Loss: 3.5955938611711775 
2025-01-09 16:08:34,348 INFO: Epoch 573, Train Loss: 0.7041881418009417, Test Loss: 0.7311828115156719, Inverse Test Loss: 3.71209226335798 
2025-01-09 16:08:34,580 INFO: Epoch 574, Train Loss: 0.7057349124086012, Test Loss: 0.729504406452179, Inverse Test Loss: 3.5841356004987444 
2025-01-09 16:08:34,802 INFO: Epoch 575, Train Loss: 0.7094346339549493, Test Loss: 0.7352367618254253, Inverse Test Loss: 3.803268160138811 
2025-01-09 16:08:35,024 INFO: Epoch 576, Train Loss: 0.707433811568339, Test Loss: 0.7351040648562568, Inverse Test Loss: 3.9120450701032365 
2025-01-09 16:08:35,244 INFO: Epoch 577, Train Loss: 0.7054756907148099, Test Loss: 0.7269540003367833, Inverse Test Loss: 3.7291949135916576 
2025-01-09 16:08:35,458 INFO: Epoch 578, Train Loss: 0.7043016432622157, Test Loss: 0.730747156909534, Inverse Test Loss: 3.6869970049176897 
2025-01-09 16:08:35,694 INFO: Epoch 579, Train Loss: 0.7025805553165051, Test Loss: 0.7334628360612052, Inverse Test Loss: 3.7060258047921315 
2025-01-09 16:08:35,882 INFO: Epoch 580, Train Loss: 0.704961898676846, Test Loss: 0.7285867248262677, Inverse Test Loss: 3.409917558942522 
2025-01-09 16:08:36,134 INFO: Epoch 581, Train Loss: 0.706191216040095, Test Loss: 0.7451512600694384, Inverse Test Loss: 3.766695295061384 
2025-01-09 16:08:36,383 INFO: Epoch 582, Train Loss: 0.7069858637971616, Test Loss: 0.7417933068105153, Inverse Test Loss: 4.182070868355887 
2025-01-09 16:08:36,577 INFO: Epoch 583, Train Loss: 0.7055815605942263, Test Loss: 0.7339639025075095, Inverse Test Loss: 3.716756820678711 
2025-01-09 16:08:36,765 INFO: Epoch 584, Train Loss: 0.7050477594410608, Test Loss: 0.7326260443244662, Inverse Test Loss: 3.666968754359654 
2025-01-09 16:08:36,956 INFO: Epoch 585, Train Loss: 0.7040108043119448, Test Loss: 0.7320958077907562, Inverse Test Loss: 3.7642688751220703 
2025-01-09 16:08:37,151 INFO: Epoch 586, Train Loss: 0.7045813678601466, Test Loss: 0.735687507050378, Inverse Test Loss: 3.582444327218192 
2025-01-09 16:08:37,345 INFO: Epoch 587, Train Loss: 0.707114003667044, Test Loss: 0.7378836018698556, Inverse Test Loss: 4.127989632742746 
2025-01-09 16:08:37,562 INFO: Epoch 588, Train Loss: 0.7039294718602381, Test Loss: 0.7417925830398288, Inverse Test Loss: 4.005823680332729 
2025-01-09 16:08:37,766 INFO: Epoch 589, Train Loss: 0.7063595154963502, Test Loss: 0.7394941193716866, Inverse Test Loss: 3.7360962459019254 
2025-01-09 16:08:37,966 INFO: Epoch 590, Train Loss: 0.7057773788040931, Test Loss: 0.7408726598535266, Inverse Test Loss: 4.047272818429129 
2025-01-09 16:08:38,172 INFO: Epoch 591, Train Loss: 0.704381747530141, Test Loss: 0.7524217409746987, Inverse Test Loss: 3.9449705396379744 
2025-01-09 16:08:38,373 INFO: Epoch 592, Train Loss: 0.7077359857909177, Test Loss: 0.7341004226888929, Inverse Test Loss: 3.7539258684430803 
2025-01-09 16:08:38,574 INFO: Epoch 593, Train Loss: 0.7036897933811223, Test Loss: 0.7327565018619809, Inverse Test Loss: 3.5952886853899275 
2025-01-09 16:08:38,767 INFO: Epoch 594, Train Loss: 0.7076683443620664, Test Loss: 0.7327671753508704, Inverse Test Loss: 3.9203063419886996 
