2025-01-09 15:15:07,861 INFO: namespace(depth=2, grid_size=3, name='KAN', spline_order=5) 
2025-01-09 15:15:07,861 INFO: Dataset:winequality 
2025-01-09 15:15:07,862 INFO: ------Begin Training Model------ 
2025-01-09 15:15:10,157 INFO: Epoch 1, Train Loss: 1.0398376891689916, Test Loss: 0.9824104607105255, Inverse Test Loss: 0.09123390167951584 
2025-01-09 15:15:10,338 INFO: Epoch 2, Train Loss: 0.9571301091101861, Test Loss: 0.9206133112311363, Inverse Test Loss: 0.0848100334405899 
2025-01-09 15:15:10,526 INFO: Epoch 3, Train Loss: 0.9054384039294335, Test Loss: 0.8790997564792633, Inverse Test Loss: 0.08160217106342316 
2025-01-09 15:15:10,718 INFO: Epoch 4, Train Loss: 0.8677980553719306, Test Loss: 0.8519802689552307, Inverse Test Loss: 0.0798046737909317 
2025-01-09 15:15:10,903 INFO: Epoch 5, Train Loss: 0.84360868700089, Test Loss: 0.8371063470840454, Inverse Test Loss: 0.07938115298748016 
2025-01-09 15:15:11,087 INFO: Epoch 6, Train Loss: 0.8245586579845797, Test Loss: 0.8282999470829964, Inverse Test Loss: 0.07945317029953003 
2025-01-09 15:15:11,277 INFO: Epoch 7, Train Loss: 0.8180403036455954, Test Loss: 0.8213240206241608, Inverse Test Loss: 0.07915674149990082 
2025-01-09 15:15:11,468 INFO: Epoch 8, Train Loss: 0.807161932991397, Test Loss: 0.8174721896648407, Inverse Test Loss: 0.07857806235551834 
2025-01-09 15:15:11,653 INFO: Epoch 9, Train Loss: 0.8031934961195915, Test Loss: 0.812638446688652, Inverse Test Loss: 0.07826846092939377 
2025-01-09 15:15:11,842 INFO: Epoch 10, Train Loss: 0.7983568964465972, Test Loss: 0.8083256036043167, Inverse Test Loss: 0.07769819349050522 
2025-01-09 15:15:12,031 INFO: Epoch 11, Train Loss: 0.7946118058696869, Test Loss: 0.8075839355587959, Inverse Test Loss: 0.07774356007575989 
2025-01-09 15:15:12,219 INFO: Epoch 12, Train Loss: 0.7914338765605804, Test Loss: 0.8049091920256615, Inverse Test Loss: 0.07696619629859924 
2025-01-09 15:15:12,403 INFO: Epoch 13, Train Loss: 0.7868775686910076, Test Loss: 0.8020146638154984, Inverse Test Loss: 0.07726013660430908 
2025-01-09 15:15:12,590 INFO: Epoch 14, Train Loss: 0.7850896581526725, Test Loss: 0.8012438043951988, Inverse Test Loss: 0.07707304507493973 
2025-01-09 15:15:12,774 INFO: Epoch 15, Train Loss: 0.7850768200812801, Test Loss: 0.8000647500157356, Inverse Test Loss: 0.07673105597496033 
2025-01-09 15:15:12,955 INFO: Epoch 16, Train Loss: 0.7804432530556956, Test Loss: 0.7977131903171539, Inverse Test Loss: 0.07617073506116867 
2025-01-09 15:15:13,138 INFO: Epoch 17, Train Loss: 0.779841584544028, Test Loss: 0.7951753735542297, Inverse Test Loss: 0.07607139647006989 
2025-01-09 15:15:13,323 INFO: Epoch 18, Train Loss: 0.7791442755729922, Test Loss: 0.7952775284647942, Inverse Test Loss: 0.07603693753480911 
2025-01-09 15:15:13,511 INFO: Epoch 19, Train Loss: 0.7776486681353662, Test Loss: 0.792453907430172, Inverse Test Loss: 0.07579855620861053 
2025-01-09 15:15:13,696 INFO: Epoch 20, Train Loss: 0.7760163795563483, Test Loss: 0.7932454124093056, Inverse Test Loss: 0.07601605355739594 
2025-01-09 15:15:13,882 INFO: Epoch 21, Train Loss: 0.7716431271645331, Test Loss: 0.790537528693676, Inverse Test Loss: 0.07554912567138672 
2025-01-09 15:15:14,066 INFO: Epoch 22, Train Loss: 0.7720008280969435, Test Loss: 0.7904135584831238, Inverse Test Loss: 0.0754336342215538 
2025-01-09 15:15:14,247 INFO: Epoch 23, Train Loss: 0.7697097736020242, Test Loss: 0.7912159487605095, Inverse Test Loss: 0.07482311129570007 
2025-01-09 15:15:14,429 INFO: Epoch 24, Train Loss: 0.7711783397582269, Test Loss: 0.7875536009669304, Inverse Test Loss: 0.07528533041477203 
2025-01-09 15:15:14,621 INFO: Epoch 25, Train Loss: 0.7658588251759929, Test Loss: 0.787380650639534, Inverse Test Loss: 0.07461398094892502 
2025-01-09 15:15:14,801 INFO: Epoch 26, Train Loss: 0.7660267814513175, Test Loss: 0.7861805185675621, Inverse Test Loss: 0.07480543106794357 
2025-01-09 15:15:14,982 INFO: Epoch 27, Train Loss: 0.765872263139294, Test Loss: 0.7856596782803535, Inverse Test Loss: 0.07421309500932693 
2025-01-09 15:15:15,162 INFO: Epoch 28, Train Loss: 0.7621726239881208, Test Loss: 0.7851794511079788, Inverse Test Loss: 0.07462623715400696 
2025-01-09 15:15:15,346 INFO: Epoch 29, Train Loss: 0.7634180553497807, Test Loss: 0.7830973640084267, Inverse Test Loss: 0.0739387646317482 
2025-01-09 15:15:15,531 INFO: Epoch 30, Train Loss: 0.7621344962427693, Test Loss: 0.7831418067216873, Inverse Test Loss: 0.07455731928348541 
2025-01-09 15:15:15,717 INFO: Epoch 31, Train Loss: 0.7589152416875286, Test Loss: 0.7824657335877419, Inverse Test Loss: 0.07308468222618103 
2025-01-09 15:15:15,899 INFO: Epoch 32, Train Loss: 0.759365064482535, Test Loss: 0.781878687441349, Inverse Test Loss: 0.07306579500436783 
2025-01-09 15:15:16,089 INFO: Epoch 33, Train Loss: 0.7596278575158888, Test Loss: 0.7821745872497559, Inverse Test Loss: 0.07300376892089844 
2025-01-09 15:15:16,276 INFO: Epoch 34, Train Loss: 0.7558993331847652, Test Loss: 0.7803766280412674, Inverse Test Loss: 0.07276486605405807 
2025-01-09 15:15:16,464 INFO: Epoch 35, Train Loss: 0.7558247331650026, Test Loss: 0.7784996926784515, Inverse Test Loss: 0.0729905292391777 
2025-01-09 15:15:16,648 INFO: Epoch 36, Train Loss: 0.7548139326034053, Test Loss: 0.7797737345099449, Inverse Test Loss: 0.07273855805397034 
2025-01-09 15:15:16,834 INFO: Epoch 37, Train Loss: 0.7533094056190983, Test Loss: 0.77823356539011, Inverse Test Loss: 0.07230837643146515 
2025-01-09 15:15:17,015 INFO: Epoch 38, Train Loss: 0.750475239369177, Test Loss: 0.7785190120339394, Inverse Test Loss: 0.0720171332359314 
2025-01-09 15:15:17,200 INFO: Epoch 39, Train Loss: 0.7497744098786385, Test Loss: 0.7782737538218498, Inverse Test Loss: 0.07166646420955658 
2025-01-09 15:15:17,381 INFO: Epoch 40, Train Loss: 0.7501532166234909, Test Loss: 0.777102530002594, Inverse Test Loss: 0.07175476104021072 
2025-01-09 15:15:17,563 INFO: Epoch 41, Train Loss: 0.7473383045965626, Test Loss: 0.7764213383197784, Inverse Test Loss: 0.07123000174760818 
2025-01-09 15:15:17,747 INFO: Epoch 42, Train Loss: 0.7470712008014802, Test Loss: 0.7758393362164497, Inverse Test Loss: 0.07151027768850327 
2025-01-09 15:15:17,933 INFO: Epoch 43, Train Loss: 0.7467988402612747, Test Loss: 0.7747700810432434, Inverse Test Loss: 0.07145101577043533 
2025-01-09 15:15:18,119 INFO: Epoch 44, Train Loss: 0.7450363059197703, Test Loss: 0.7757668122649193, Inverse Test Loss: 0.0714307501912117 
2025-01-09 15:15:18,303 INFO: Epoch 45, Train Loss: 0.7418061802464146, Test Loss: 0.7734311670064926, Inverse Test Loss: 0.07104924321174622 
2025-01-09 15:15:18,483 INFO: Epoch 46, Train Loss: 0.7437216101154205, Test Loss: 0.776821956038475, Inverse Test Loss: 0.06987717002630234 
2025-01-09 15:15:18,662 INFO: Epoch 47, Train Loss: 0.7399860485907523, Test Loss: 0.7738269865512848, Inverse Test Loss: 0.07039898633956909 
2025-01-09 15:15:18,848 INFO: Epoch 48, Train Loss: 0.7366938764049161, Test Loss: 0.7726233154535294, Inverse Test Loss: 0.07062742859125137 
2025-01-09 15:15:19,033 INFO: Epoch 49, Train Loss: 0.7397699702170587, Test Loss: 0.7737179845571518, Inverse Test Loss: 0.07125139981508255 
2025-01-09 15:15:19,216 INFO: Epoch 50, Train Loss: 0.7364707358421818, Test Loss: 0.7725954800844193, Inverse Test Loss: 0.06986980140209198 
2025-01-09 15:15:19,399 INFO: Epoch 51, Train Loss: 0.7359509429624004, Test Loss: 0.7713729366660118, Inverse Test Loss: 0.07036573439836502 
2025-01-09 15:15:19,602 INFO: Epoch 52, Train Loss: 0.7361334812256598, Test Loss: 0.7713863104581833, Inverse Test Loss: 0.06995317339897156 
2025-01-09 15:15:19,783 INFO: Epoch 53, Train Loss: 0.7331613302230835, Test Loss: 0.7704137116670609, Inverse Test Loss: 0.06933071464300156 
2025-01-09 15:15:19,975 INFO: Epoch 54, Train Loss: 0.7328590173875132, Test Loss: 0.7710422798991203, Inverse Test Loss: 0.0688711479306221 
2025-01-09 15:15:20,158 INFO: Epoch 55, Train Loss: 0.730160403636194, Test Loss: 0.7691313475370407, Inverse Test Loss: 0.06978848576545715 
2025-01-09 15:15:20,336 INFO: Epoch 56, Train Loss: 0.7304031560497899, Test Loss: 0.7686324119567871, Inverse Test Loss: 0.0688057690858841 
2025-01-09 15:15:20,514 INFO: Epoch 57, Train Loss: 0.7288778520399525, Test Loss: 0.7690925672650337, Inverse Test Loss: 0.06826958060264587 
2025-01-09 15:15:20,700 INFO: Epoch 58, Train Loss: 0.7281103980156683, Test Loss: 0.7678659707307816, Inverse Test Loss: 0.06825168430805206 
2025-01-09 15:15:20,884 INFO: Epoch 59, Train Loss: 0.7237968021823514, Test Loss: 0.7677756622433662, Inverse Test Loss: 0.0686744973063469 
2025-01-09 15:15:21,065 INFO: Epoch 60, Train Loss: 0.7254305366546877, Test Loss: 0.7687191218137741, Inverse Test Loss: 0.06794899702072144 
2025-01-09 15:15:21,242 INFO: Epoch 61, Train Loss: 0.7230205978116682, Test Loss: 0.7667473331093788, Inverse Test Loss: 0.06780631840229034 
2025-01-09 15:15:21,424 INFO: Epoch 62, Train Loss: 0.7217557987859172, Test Loss: 0.7664622366428375, Inverse Test Loss: 0.06789572536945343 
2025-01-09 15:15:21,609 INFO: Epoch 63, Train Loss: 0.7211620288510476, Test Loss: 0.7659653052687645, Inverse Test Loss: 0.06815693527460098 
2025-01-09 15:15:21,794 INFO: Epoch 64, Train Loss: 0.7191172126800783, Test Loss: 0.7666772156953812, Inverse Test Loss: 0.06765664368867874 
2025-01-09 15:15:21,975 INFO: Epoch 65, Train Loss: 0.7188404221688548, Test Loss: 0.7658641040325165, Inverse Test Loss: 0.06705661118030548 
2025-01-09 15:15:22,169 INFO: Epoch 66, Train Loss: 0.7177536083805945, Test Loss: 0.7647784575819969, Inverse Test Loss: 0.06741632521152496 
2025-01-09 15:15:22,353 INFO: Epoch 67, Train Loss: 0.7159047607452639, Test Loss: 0.7646068558096886, Inverse Test Loss: 0.06699567288160324 
2025-01-09 15:15:22,540 INFO: Epoch 68, Train Loss: 0.7125492095947266, Test Loss: 0.7655634731054306, Inverse Test Loss: 0.06683874875307083 
2025-01-09 15:15:22,720 INFO: Epoch 69, Train Loss: 0.7120022446878495, Test Loss: 0.7654844745993614, Inverse Test Loss: 0.0670180395245552 
2025-01-09 15:15:22,912 INFO: Epoch 70, Train Loss: 0.7125507920019089, Test Loss: 0.7646416872739792, Inverse Test Loss: 0.06705023348331451 
2025-01-09 15:15:23,094 INFO: Epoch 71, Train Loss: 0.7098159905402891, Test Loss: 0.763346441090107, Inverse Test Loss: 0.06698060780763626 
2025-01-09 15:15:23,276 INFO: Epoch 72, Train Loss: 0.7092230146931063, Test Loss: 0.7667667418718338, Inverse Test Loss: 0.06570761650800705 
2025-01-09 15:15:23,457 INFO: Epoch 73, Train Loss: 0.7070313153728363, Test Loss: 0.7630154862999916, Inverse Test Loss: 0.06618198752403259 
2025-01-09 15:15:23,642 INFO: Epoch 74, Train Loss: 0.7053095794493153, Test Loss: 0.7649267911911011, Inverse Test Loss: 0.06604938954114914 
2025-01-09 15:15:23,823 INFO: Epoch 75, Train Loss: 0.7069690400554288, Test Loss: 0.7663456201553345, Inverse Test Loss: 0.06624412536621094 
2025-01-09 15:15:24,007 INFO: Epoch 76, Train Loss: 0.7025654412085011, Test Loss: 0.7636334225535393, Inverse Test Loss: 0.06657584011554718 
2025-01-09 15:15:24,190 INFO: Epoch 77, Train Loss: 0.7021697740400991, Test Loss: 0.7639579847455025, Inverse Test Loss: 0.06589803844690323 
2025-01-09 15:15:24,373 INFO: Epoch 78, Train Loss: 0.6994707315198837, Test Loss: 0.7626159712672234, Inverse Test Loss: 0.06578510999679565 
2025-01-09 15:15:24,555 INFO: Epoch 79, Train Loss: 0.6989608099383693, Test Loss: 0.763693206012249, Inverse Test Loss: 0.06643552333116531 
2025-01-09 15:15:24,743 INFO: Epoch 80, Train Loss: 0.6972153417525753, Test Loss: 0.7631756588816643, Inverse Test Loss: 0.06712033599615097 
2025-01-09 15:15:24,925 INFO: Epoch 81, Train Loss: 0.6988205736683261, Test Loss: 0.7628821581602097, Inverse Test Loss: 0.06602562218904495 
2025-01-09 15:15:25,107 INFO: Epoch 82, Train Loss: 0.6936826975114884, Test Loss: 0.763159416615963, Inverse Test Loss: 0.06597194075584412 
2025-01-09 15:15:25,287 INFO: Epoch 83, Train Loss: 0.6936423240169403, Test Loss: 0.7633791491389275, Inverse Test Loss: 0.06640098989009857 
2025-01-09 15:15:25,478 INFO: Epoch 84, Train Loss: 0.6938273291434011, Test Loss: 0.7635510787367821, Inverse Test Loss: 0.065965935587883 
2025-01-09 15:15:25,659 INFO: Epoch 85, Train Loss: 0.6906353465972408, Test Loss: 0.7645343840122223, Inverse Test Loss: 0.06571866571903229 
2025-01-09 15:15:25,840 INFO: Epoch 86, Train Loss: 0.6907618968717514, Test Loss: 0.7655198201537132, Inverse Test Loss: 0.06614712625741959 
2025-01-09 15:15:26,019 INFO: Epoch 87, Train Loss: 0.6882721070320376, Test Loss: 0.7633797153830528, Inverse Test Loss: 0.067036472260952 
2025-01-09 15:15:26,202 INFO: Epoch 88, Train Loss: 0.6861863270882638, Test Loss: 0.7641774490475655, Inverse Test Loss: 0.06593416631221771 
2025-01-09 15:15:26,383 INFO: Epoch 89, Train Loss: 0.6865364255443696, Test Loss: 0.7643671631813049, Inverse Test Loss: 0.06657092273235321 
2025-01-09 15:15:26,567 INFO: Epoch 90, Train Loss: 0.6849736705903084, Test Loss: 0.7640471011400223, Inverse Test Loss: 0.0663779154419899 
2025-01-09 15:15:26,744 INFO: Epoch 91, Train Loss: 0.6845776650213427, Test Loss: 0.7624393850564957, Inverse Test Loss: 0.06683827936649323 
2025-01-09 15:15:26,928 INFO: Epoch 92, Train Loss: 0.6827651819875163, Test Loss: 0.7636694312095642, Inverse Test Loss: 0.06709594279527664 
2025-01-09 15:15:27,108 INFO: Epoch 93, Train Loss: 0.6810341804258285, Test Loss: 0.7649599686264992, Inverse Test Loss: 0.0667174756526947 
2025-01-09 15:15:27,291 INFO: Epoch 94, Train Loss: 0.6789295365733485, Test Loss: 0.7690607085824013, Inverse Test Loss: 0.0667203813791275 
2025-01-09 15:15:27,469 INFO: Epoch 95, Train Loss: 0.6792166752199973, Test Loss: 0.7661714032292366, Inverse Test Loss: 0.06666608899831772 
2025-01-09 15:15:27,657 INFO: Epoch 96, Train Loss: 0.6771359635937598, Test Loss: 0.7641813158988953, Inverse Test Loss: 0.06722579151391983 
2025-01-09 15:15:27,837 INFO: Epoch 97, Train Loss: 0.6749690251965677, Test Loss: 0.7646211311221123, Inverse Test Loss: 0.06805810332298279 
2025-01-09 15:15:28,022 INFO: Epoch 98, Train Loss: 0.6742284413306944, Test Loss: 0.7643358632922173, Inverse Test Loss: 0.067172572016716 
2025-01-09 15:15:28,200 INFO: Epoch 99, Train Loss: 0.6721813832559893, Test Loss: 0.7680450826883316, Inverse Test Loss: 0.0672365203499794 
2025-01-09 15:15:28,385 INFO: Epoch 100, Train Loss: 0.6718606314351482, Test Loss: 0.7649031430482864, Inverse Test Loss: 0.0675632655620575 
2025-01-09 15:15:28,385 INFO: Best Epoch 91, Best Test Loss: 0.7624393850564957 
2025-01-09 15:15:28,566 INFO: Epoch 101, Train Loss: 0.6696974827397254, Test Loss: 0.7650075629353523, Inverse Test Loss: 0.06795700639486313 
2025-01-09 15:15:28,753 INFO: Epoch 102, Train Loss: 0.6678696736212699, Test Loss: 0.7660207152366638, Inverse Test Loss: 0.06759296357631683 
2025-01-09 15:15:28,932 INFO: Epoch 103, Train Loss: 0.6675273622235944, Test Loss: 0.7667181342840195, Inverse Test Loss: 0.06800584495067596 
2025-01-09 15:15:29,116 INFO: Epoch 104, Train Loss: 0.6659232358778676, Test Loss: 0.7663642838597298, Inverse Test Loss: 0.06800628453493118 
2025-01-09 15:15:29,297 INFO: Epoch 105, Train Loss: 0.6657078785281028, Test Loss: 0.7664764523506165, Inverse Test Loss: 0.06890787929296494 
2025-01-09 15:15:29,481 INFO: Epoch 106, Train Loss: 0.6639919627097345, Test Loss: 0.7678483873605728, Inverse Test Loss: 0.06933716684579849 
2025-01-09 15:15:29,666 INFO: Epoch 107, Train Loss: 0.6609544965528673, Test Loss: 0.7663633823394775, Inverse Test Loss: 0.06909644603729248 
2025-01-09 15:15:29,857 INFO: Epoch 108, Train Loss: 0.6605098824347219, Test Loss: 0.7665335088968277, Inverse Test Loss: 0.06901144236326218 
2025-01-09 15:15:30,035 INFO: Epoch 109, Train Loss: 0.6597013319692304, Test Loss: 0.7672089263796806, Inverse Test Loss: 0.06926742196083069 
2025-01-09 15:15:30,218 INFO: Epoch 110, Train Loss: 0.6571107929752719, Test Loss: 0.7675590664148331, Inverse Test Loss: 0.06889801472425461 
2025-01-09 15:15:30,395 INFO: Epoch 111, Train Loss: 0.657429491319964, Test Loss: 0.767019234597683, Inverse Test Loss: 0.06915106624364853 
2025-01-09 15:15:30,576 INFO: Epoch 112, Train Loss: 0.6532556260785749, Test Loss: 0.7693196013569832, Inverse Test Loss: 0.06912683695554733 
2025-01-09 15:15:30,756 INFO: Epoch 113, Train Loss: 0.6539288682322348, Test Loss: 0.7685655429959297, Inverse Test Loss: 0.06929095834493637 
2025-01-09 15:15:30,940 INFO: Epoch 114, Train Loss: 0.6534207309446027, Test Loss: 0.7683622315526009, Inverse Test Loss: 0.06942371279001236 
2025-01-09 15:15:31,120 INFO: Epoch 115, Train Loss: 0.6519463792923959, Test Loss: 0.7694685459136963, Inverse Test Loss: 0.06967857480049133 
2025-01-09 15:15:31,302 INFO: Epoch 116, Train Loss: 0.6490406336322907, Test Loss: 0.7692376673221588, Inverse Test Loss: 0.07038553804159164 
2025-01-09 15:15:31,480 INFO: Epoch 117, Train Loss: 0.6476672676301771, Test Loss: 0.7687871903181076, Inverse Test Loss: 0.06995750963687897 
2025-01-09 15:15:31,669 INFO: Epoch 118, Train Loss: 0.6476943992799328, Test Loss: 0.7693413197994232, Inverse Test Loss: 0.06982129067182541 
2025-01-09 15:15:31,853 INFO: Epoch 119, Train Loss: 0.6433113947991402, Test Loss: 0.7708173766732216, Inverse Test Loss: 0.07002992928028107 
2025-01-09 15:15:32,042 INFO: Epoch 120, Train Loss: 0.6469439537294449, Test Loss: 0.7710172012448311, Inverse Test Loss: 0.07011830061674118 
2025-01-09 15:15:32,225 INFO: Epoch 121, Train Loss: 0.6434062315571693, Test Loss: 0.7695880681276321, Inverse Test Loss: 0.06966480612754822 
2025-01-09 15:15:32,416 INFO: Epoch 122, Train Loss: 0.641846529899105, Test Loss: 0.7708598971366882, Inverse Test Loss: 0.07073088735342026 
2025-01-09 15:15:32,595 INFO: Epoch 123, Train Loss: 0.640422728753859, Test Loss: 0.771176777780056, Inverse Test Loss: 0.07105262577533722 
2025-01-09 15:15:32,779 INFO: Epoch 124, Train Loss: 0.6392769871219512, Test Loss: 0.769872210919857, Inverse Test Loss: 0.07036842405796051 
2025-01-09 15:15:32,960 INFO: Epoch 125, Train Loss: 0.6396203829396155, Test Loss: 0.7718476504087448, Inverse Test Loss: 0.07103092968463898 
2025-01-09 15:15:33,142 INFO: Epoch 126, Train Loss: 0.6357558754182631, Test Loss: 0.7718673348426819, Inverse Test Loss: 0.07082808762788773 
2025-01-09 15:15:33,320 INFO: Epoch 127, Train Loss: 0.6357101009738061, Test Loss: 0.7720107063651085, Inverse Test Loss: 0.07048298418521881 
2025-01-09 15:15:33,507 INFO: Epoch 128, Train Loss: 0.6327293899751478, Test Loss: 0.7725147530436516, Inverse Test Loss: 0.06995009630918503 
2025-01-09 15:15:33,687 INFO: Epoch 129, Train Loss: 0.6319899366747949, Test Loss: 0.776996836066246, Inverse Test Loss: 0.07113391160964966 
2025-01-09 15:15:33,872 INFO: Epoch 130, Train Loss: 0.6326031511829745, Test Loss: 0.7731419578194618, Inverse Test Loss: 0.06966456770896912 
2025-01-09 15:15:34,055 INFO: Epoch 131, Train Loss: 0.6334948424370058, Test Loss: 0.7732060104608536, Inverse Test Loss: 0.07115105539560318 
2025-01-09 15:15:34,251 INFO: Epoch 132, Train Loss: 0.6301959156990051, Test Loss: 0.7722582817077637, Inverse Test Loss: 0.07085020840167999 
2025-01-09 15:15:34,434 INFO: Epoch 133, Train Loss: 0.6281844800518405, Test Loss: 0.7732916474342346, Inverse Test Loss: 0.07127449661493301 
2025-01-09 15:15:34,625 INFO: Epoch 134, Train Loss: 0.6268118581464214, Test Loss: 0.7730556353926659, Inverse Test Loss: 0.07088132947683334 
2025-01-09 15:15:34,807 INFO: Epoch 135, Train Loss: 0.6255043841177418, Test Loss: 0.772513285279274, Inverse Test Loss: 0.07102087140083313 
2025-01-09 15:15:34,989 INFO: Epoch 136, Train Loss: 0.6253633383781679, Test Loss: 0.7731314152479172, Inverse Test Loss: 0.07173428684473038 
2025-01-09 15:15:35,167 INFO: Epoch 137, Train Loss: 0.6244669671981565, Test Loss: 0.7734801396727562, Inverse Test Loss: 0.07078544795513153 
2025-01-09 15:15:35,350 INFO: Epoch 138, Train Loss: 0.6216460774021764, Test Loss: 0.7742793336510658, Inverse Test Loss: 0.07129831612110138 
2025-01-09 15:15:35,535 INFO: Epoch 139, Train Loss: 0.6220895936412196, Test Loss: 0.7741537466645241, Inverse Test Loss: 0.07168225944042206 
2025-01-09 15:15:35,719 INFO: Epoch 140, Train Loss: 0.6227501823056129, Test Loss: 0.7743777111172676, Inverse Test Loss: 0.07156501710414886 
2025-01-09 15:15:35,910 INFO: Epoch 141, Train Loss: 0.6196760852490703, Test Loss: 0.7747683525085449, Inverse Test Loss: 0.07109924405813217 
2025-01-09 15:15:36,108 INFO: Epoch 142, Train Loss: 0.6189832033649567, Test Loss: 0.775370717048645, Inverse Test Loss: 0.07172644883394241 
2025-01-09 15:15:36,318 INFO: Epoch 143, Train Loss: 0.6175612538091598, Test Loss: 0.7765283808112144, Inverse Test Loss: 0.07220900058746338 
2025-01-09 15:15:36,513 INFO: Epoch 144, Train Loss: 0.6164059812022794, Test Loss: 0.7756289467215538, Inverse Test Loss: 0.0714971274137497 
2025-01-09 15:15:36,707 INFO: Epoch 145, Train Loss: 0.6148841746391789, Test Loss: 0.7756521850824356, Inverse Test Loss: 0.0718710795044899 
2025-01-09 15:15:36,908 INFO: Epoch 146, Train Loss: 0.616078209492468, Test Loss: 0.7763534188270569, Inverse Test Loss: 0.07129685580730438 
2025-01-09 15:15:37,102 INFO: Epoch 147, Train Loss: 0.6141917417126317, Test Loss: 0.7757746651768684, Inverse Test Loss: 0.0709366425871849 
2025-01-09 15:15:37,289 INFO: Epoch 148, Train Loss: 0.6117387029432482, Test Loss: 0.7760749310255051, Inverse Test Loss: 0.07122871279716492 
2025-01-09 15:15:37,473 INFO: Epoch 149, Train Loss: 0.6124644125661542, Test Loss: 0.7770221903920174, Inverse Test Loss: 0.07091811299324036 
2025-01-09 15:15:37,661 INFO: Epoch 150, Train Loss: 0.6112855403654037, Test Loss: 0.77939523011446, Inverse Test Loss: 0.07170116901397705 
2025-01-09 15:15:37,859 INFO: Epoch 151, Train Loss: 0.6110905668427867, Test Loss: 0.7765020504593849, Inverse Test Loss: 0.0710233598947525 
2025-01-09 15:15:38,049 INFO: Epoch 152, Train Loss: 0.6070509379909884, Test Loss: 0.7787630781531334, Inverse Test Loss: 0.07281190901994705 
2025-01-09 15:15:38,256 INFO: Epoch 153, Train Loss: 0.6076546888197621, Test Loss: 0.7786087021231651, Inverse Test Loss: 0.07153008133172989 
2025-01-09 15:15:38,455 INFO: Epoch 154, Train Loss: 0.6081700555739864, Test Loss: 0.7780346497893333, Inverse Test Loss: 0.07192540168762207 
2025-01-09 15:15:38,666 INFO: Epoch 155, Train Loss: 0.6058797855531016, Test Loss: 0.7780507728457451, Inverse Test Loss: 0.07175200432538986 
2025-01-09 15:15:38,870 INFO: Epoch 156, Train Loss: 0.603967833903528, Test Loss: 0.7794745489954948, Inverse Test Loss: 0.07268208265304565 
2025-01-09 15:15:39,073 INFO: Epoch 157, Train Loss: 0.6025444884454051, Test Loss: 0.7801508754491806, Inverse Test Loss: 0.07130482792854309 
2025-01-09 15:15:39,273 INFO: Epoch 158, Train Loss: 0.6046560896981147, Test Loss: 0.7795981615781784, Inverse Test Loss: 0.07226774096488953 
2025-01-09 15:15:39,485 INFO: Epoch 159, Train Loss: 0.6020766746613287, Test Loss: 0.7805996239185333, Inverse Test Loss: 0.0717979222536087 
2025-01-09 15:15:39,681 INFO: Epoch 160, Train Loss: 0.6007364603780931, Test Loss: 0.7815467566251755, Inverse Test Loss: 0.07340586185455322 
2025-01-09 15:15:39,862 INFO: Epoch 161, Train Loss: 0.5999278041624254, Test Loss: 0.7807117700576782, Inverse Test Loss: 0.07225359231233597 
2025-01-09 15:15:40,041 INFO: Epoch 162, Train Loss: 0.5977005420192596, Test Loss: 0.7807468101382256, Inverse Test Loss: 0.07278847694396973 
2025-01-09 15:15:40,222 INFO: Epoch 163, Train Loss: 0.5972904486040915, Test Loss: 0.7833026945590973, Inverse Test Loss: 0.07169333100318909 
2025-01-09 15:15:40,403 INFO: Epoch 164, Train Loss: 0.5980314708525135, Test Loss: 0.7812442556023598, Inverse Test Loss: 0.07306185364723206 
2025-01-09 15:15:40,594 INFO: Epoch 165, Train Loss: 0.5974911489794331, Test Loss: 0.7796578407287598, Inverse Test Loss: 0.07195494323968887 
2025-01-09 15:15:40,785 INFO: Epoch 166, Train Loss: 0.5945491444679999, Test Loss: 0.7814957872033119, Inverse Test Loss: 0.07319513708353043 
2025-01-09 15:15:40,972 INFO: Epoch 167, Train Loss: 0.5938015541722698, Test Loss: 0.780898928642273, Inverse Test Loss: 0.07293020933866501 
2025-01-09 15:15:41,174 INFO: Epoch 168, Train Loss: 0.5936969153342708, Test Loss: 0.7833584323525429, Inverse Test Loss: 0.07351087033748627 
2025-01-09 15:15:41,387 INFO: Epoch 169, Train Loss: 0.5935283485920199, Test Loss: 0.7819431349635124, Inverse Test Loss: 0.07284882664680481 
2025-01-09 15:15:41,611 INFO: Epoch 170, Train Loss: 0.592619372952369, Test Loss: 0.7811073660850525, Inverse Test Loss: 0.07182865589857101 
2025-01-09 15:15:41,852 INFO: Epoch 171, Train Loss: 0.5918899909142525, Test Loss: 0.7821997031569481, Inverse Test Loss: 0.07278665155172348 
2025-01-09 15:15:42,094 INFO: Epoch 172, Train Loss: 0.5899571718708161, Test Loss: 0.7840301170945168, Inverse Test Loss: 0.07187283784151077 
2025-01-09 15:15:42,370 INFO: Epoch 173, Train Loss: 0.5896411211259903, Test Loss: 0.7817887961864471, Inverse Test Loss: 0.07182386517524719 
2025-01-09 15:15:42,589 INFO: Epoch 174, Train Loss: 0.589477535217039, Test Loss: 0.7840263023972511, Inverse Test Loss: 0.07372338324785233 
2025-01-09 15:15:42,828 INFO: Epoch 175, Train Loss: 0.5873967293770083, Test Loss: 0.7824225947260857, Inverse Test Loss: 0.07196130603551865 
2025-01-09 15:15:43,059 INFO: Epoch 176, Train Loss: 0.5879534396433062, Test Loss: 0.7825598195195198, Inverse Test Loss: 0.07252956926822662 
2025-01-09 15:15:43,279 INFO: Epoch 177, Train Loss: 0.5853258621308112, Test Loss: 0.7831069454550743, Inverse Test Loss: 0.07256846874952316 
2025-01-09 15:15:43,503 INFO: Epoch 178, Train Loss: 0.5857942834977181, Test Loss: 0.783327579498291, Inverse Test Loss: 0.07343076914548874 
2025-01-09 15:15:43,763 INFO: Epoch 179, Train Loss: 0.5864546568162979, Test Loss: 0.7832188531756401, Inverse Test Loss: 0.07247376441955566 
2025-01-09 15:15:43,997 INFO: Epoch 180, Train Loss: 0.5828438747313714, Test Loss: 0.7835600972175598, Inverse Test Loss: 0.07363094389438629 
2025-01-09 15:15:44,240 INFO: Epoch 181, Train Loss: 0.5847317960954481, Test Loss: 0.78531514108181, Inverse Test Loss: 0.07217726111412048 
2025-01-09 15:15:44,457 INFO: Epoch 182, Train Loss: 0.5823686834304563, Test Loss: 0.784330315887928, Inverse Test Loss: 0.07374388724565506 
2025-01-09 15:15:44,694 INFO: Epoch 183, Train Loss: 0.5812098374289851, Test Loss: 0.7844362929463387, Inverse Test Loss: 0.07368957251310349 
2025-01-09 15:15:44,925 INFO: Epoch 184, Train Loss: 0.5809759228460251, Test Loss: 0.7848099321126938, Inverse Test Loss: 0.07414381951093674 
2025-01-09 15:15:45,150 INFO: Epoch 185, Train Loss: 0.5796752149058927, Test Loss: 0.7842349410057068, Inverse Test Loss: 0.07361820340156555 
2025-01-09 15:15:45,358 INFO: Epoch 186, Train Loss: 0.5768377338686297, Test Loss: 0.7829340323805809, Inverse Test Loss: 0.07269065827131271 
2025-01-09 15:15:45,604 INFO: Epoch 187, Train Loss: 0.5778066131376451, Test Loss: 0.7857003062963486, Inverse Test Loss: 0.07391005009412766 
2025-01-09 15:15:45,844 INFO: Epoch 188, Train Loss: 0.5765122867399647, Test Loss: 0.7837985157966614, Inverse Test Loss: 0.07359140366315842 
2025-01-09 15:15:46,074 INFO: Epoch 189, Train Loss: 0.5759093857580616, Test Loss: 0.7833716794848442, Inverse Test Loss: 0.07338877022266388 
2025-01-09 15:15:46,309 INFO: Epoch 190, Train Loss: 0.5752081130781481, Test Loss: 0.7853484749794006, Inverse Test Loss: 0.07430387288331985 
2025-01-09 15:15:46,551 INFO: Epoch 191, Train Loss: 0.5758596793297799, Test Loss: 0.7875343039631844, Inverse Test Loss: 0.07494223862886429 
2025-01-09 15:15:46,781 INFO: Epoch 192, Train Loss: 0.5739810832085148, Test Loss: 0.7826385647058487, Inverse Test Loss: 0.07375866919755936 
2025-01-09 15:15:47,011 INFO: Epoch 193, Train Loss: 0.5725233035702859, Test Loss: 0.7873357087373734, Inverse Test Loss: 0.07513776421546936 
2025-01-09 15:15:47,250 INFO: Epoch 194, Train Loss: 0.5722468697255657, Test Loss: 0.7853278964757919, Inverse Test Loss: 0.07393000274896622 
2025-01-09 15:15:47,489 INFO: Epoch 195, Train Loss: 0.5712397675360402, Test Loss: 0.7861630693078041, Inverse Test Loss: 0.07456698268651962 
2025-01-09 15:15:47,736 INFO: Epoch 196, Train Loss: 0.5697049287057692, Test Loss: 0.7861001417040825, Inverse Test Loss: 0.07445044070482254 
2025-01-09 15:15:47,985 INFO: Epoch 197, Train Loss: 0.568472424822469, Test Loss: 0.7853496447205544, Inverse Test Loss: 0.0741470605134964 
2025-01-09 15:15:48,225 INFO: Epoch 198, Train Loss: 0.5670876147285584, Test Loss: 0.7861877977848053, Inverse Test Loss: 0.07405555993318558 
2025-01-09 15:15:48,470 INFO: Epoch 199, Train Loss: 0.5684515420467623, Test Loss: 0.7862579673528671, Inverse Test Loss: 0.07423436641693115 
2025-01-09 15:15:48,740 INFO: Epoch 200, Train Loss: 0.5687009970987996, Test Loss: 0.7876786142587662, Inverse Test Loss: 0.07284536212682724 
2025-01-09 15:15:48,741 INFO: Best Epoch 91, Best Test Loss: 0.7624393850564957 
2025-01-09 15:15:48,981 INFO: Epoch 201, Train Loss: 0.5671760314895261, Test Loss: 0.7863256335258484, Inverse Test Loss: 0.07373728603124619 
2025-01-09 15:15:49,218 INFO: Epoch 202, Train Loss: 0.5670636450090716, Test Loss: 0.785636343061924, Inverse Test Loss: 0.07445689290761948 
2025-01-09 15:15:49,438 INFO: Epoch 203, Train Loss: 0.5643661099095498, Test Loss: 0.7870244011282921, Inverse Test Loss: 0.07398407906293869 
2025-01-09 15:15:49,643 INFO: Epoch 204, Train Loss: 0.5633405879620583, Test Loss: 0.787489265203476, Inverse Test Loss: 0.07446121424436569 
2025-01-09 15:15:49,873 INFO: Epoch 205, Train Loss: 0.5617693999121266, Test Loss: 0.7879977077245712, Inverse Test Loss: 0.07403714209794998 
2025-01-09 15:15:50,080 INFO: Epoch 206, Train Loss: 0.5609318892801961, Test Loss: 0.7867829203605652, Inverse Test Loss: 0.07519380003213882 
2025-01-09 15:15:50,304 INFO: Epoch 207, Train Loss: 0.5606377538173429, Test Loss: 0.7866158410906792, Inverse Test Loss: 0.0739755854010582 
2025-01-09 15:15:50,570 INFO: Epoch 208, Train Loss: 0.5597723943571891, Test Loss: 0.7874713763594627, Inverse Test Loss: 0.07411627471446991 
2025-01-09 15:15:50,830 INFO: Epoch 209, Train Loss: 0.5574151239087505, Test Loss: 0.7886332049965858, Inverse Test Loss: 0.075298972427845 
2025-01-09 15:15:51,056 INFO: Epoch 210, Train Loss: 0.5582514722501078, Test Loss: 0.7889240309596062, Inverse Test Loss: 0.07577989995479584 
2025-01-09 15:15:51,315 INFO: Epoch 211, Train Loss: 0.5584648040033156, Test Loss: 0.7899694219231606, Inverse Test Loss: 0.0755225419998169 
2025-01-09 15:15:51,621 INFO: Epoch 212, Train Loss: 0.5565345777619269, Test Loss: 0.7878660783171654, Inverse Test Loss: 0.07506678998470306 
2025-01-09 15:15:51,852 INFO: Epoch 213, Train Loss: 0.555966132110165, Test Loss: 0.7887983396649361, Inverse Test Loss: 0.07542861998081207 
2025-01-09 15:15:52,101 INFO: Epoch 214, Train Loss: 0.5569153908760317, Test Loss: 0.789905235171318, Inverse Test Loss: 0.07560812681913376 
2025-01-09 15:15:52,318 INFO: Epoch 215, Train Loss: 0.554654723213565, Test Loss: 0.7891737818717957, Inverse Test Loss: 0.0747283324599266 
2025-01-09 15:15:52,564 INFO: Epoch 216, Train Loss: 0.5524445829852935, Test Loss: 0.7890690341591835, Inverse Test Loss: 0.07519696652889252 
2025-01-09 15:15:52,822 INFO: Epoch 217, Train Loss: 0.5522898051046556, Test Loss: 0.7897163704037666, Inverse Test Loss: 0.07553384453058243 
2025-01-09 15:15:53,065 INFO: Epoch 218, Train Loss: 0.5525037665520945, Test Loss: 0.7899033352732658, Inverse Test Loss: 0.07533124089241028 
2025-01-09 15:15:53,305 INFO: Epoch 219, Train Loss: 0.5504834103968835, Test Loss: 0.7897303476929665, Inverse Test Loss: 0.07523220777511597 
2025-01-09 15:15:53,524 INFO: Epoch 220, Train Loss: 0.5499619620461618, Test Loss: 0.7909990772604942, Inverse Test Loss: 0.07510603964328766 
2025-01-09 15:15:53,757 INFO: Epoch 221, Train Loss: 0.5490500475129774, Test Loss: 0.7921069860458374, Inverse Test Loss: 0.07562296837568283 
2025-01-09 15:15:53,999 INFO: Epoch 222, Train Loss: 0.5481322388495168, Test Loss: 0.7909794971346855, Inverse Test Loss: 0.07588396966457367 
2025-01-09 15:15:54,249 INFO: Epoch 223, Train Loss: 0.5500229356750366, Test Loss: 0.7909210622310638, Inverse Test Loss: 0.07585974037647247 
2025-01-09 15:15:54,456 INFO: Epoch 224, Train Loss: 0.5455869051717943, Test Loss: 0.7925639897584915, Inverse Test Loss: 0.07634065300226212 
2025-01-09 15:15:54,686 INFO: Epoch 225, Train Loss: 0.546439879363583, Test Loss: 0.7922384962439537, Inverse Test Loss: 0.07575196772813797 
2025-01-09 15:15:54,902 INFO: Epoch 226, Train Loss: 0.5459074147285954, Test Loss: 0.7938089966773987, Inverse Test Loss: 0.075913205742836 
2025-01-09 15:15:55,121 INFO: Epoch 227, Train Loss: 0.5450706501160899, Test Loss: 0.7928946614265442, Inverse Test Loss: 0.07574804872274399 
2025-01-09 15:15:55,366 INFO: Epoch 228, Train Loss: 0.5427386212733484, Test Loss: 0.7941442355513573, Inverse Test Loss: 0.07666593790054321 
2025-01-09 15:15:55,585 INFO: Epoch 229, Train Loss: 0.543944630892046, Test Loss: 0.7942505702376366, Inverse Test Loss: 0.07625990360975266 
2025-01-09 15:15:55,803 INFO: Epoch 230, Train Loss: 0.542758350410769, Test Loss: 0.7934760749340057, Inverse Test Loss: 0.07679513096809387 
2025-01-09 15:15:56,030 INFO: Epoch 231, Train Loss: 0.5402670925663363, Test Loss: 0.7956852540373802, Inverse Test Loss: 0.07647977769374847 
2025-01-09 15:15:56,279 INFO: Epoch 232, Train Loss: 0.5405383206182911, Test Loss: 0.7954587042331696, Inverse Test Loss: 0.07739263027906418 
2025-01-09 15:15:56,514 INFO: Epoch 233, Train Loss: 0.5402278102213337, Test Loss: 0.7964062169194221, Inverse Test Loss: 0.07682441920042038 
2025-01-09 15:15:56,731 INFO: Epoch 234, Train Loss: 0.5373283355466781, Test Loss: 0.7950469851493835, Inverse Test Loss: 0.07691951841115952 
2025-01-09 15:15:56,953 INFO: Epoch 235, Train Loss: 0.5397222186288526, Test Loss: 0.7983547821640968, Inverse Test Loss: 0.07850217819213867 
2025-01-09 15:15:57,182 INFO: Epoch 236, Train Loss: 0.5374215466360892, Test Loss: 0.7985071837902069, Inverse Test Loss: 0.07716590911149979 
2025-01-09 15:15:57,408 INFO: Epoch 237, Train Loss: 0.5369911040029218, Test Loss: 0.7968803942203522, Inverse Test Loss: 0.07682398706674576 
2025-01-09 15:15:57,624 INFO: Epoch 238, Train Loss: 0.5379176620514162, Test Loss: 0.7973991110920906, Inverse Test Loss: 0.07724779844284058 
2025-01-09 15:15:57,903 INFO: Epoch 239, Train Loss: 0.5358695493590447, Test Loss: 0.7985575273633003, Inverse Test Loss: 0.07718589901924133 
2025-01-09 15:15:58,132 INFO: Epoch 240, Train Loss: 0.5352132358858662, Test Loss: 0.7980606630444527, Inverse Test Loss: 0.07738904654979706 
2025-01-09 15:15:58,354 INFO: Epoch 241, Train Loss: 0.5342422916043189, Test Loss: 0.7987951710820198, Inverse Test Loss: 0.07681231945753098 
2025-01-09 15:15:58,594 INFO: Epoch 242, Train Loss: 0.5335491001605988, Test Loss: 0.800637923181057, Inverse Test Loss: 0.07776714861392975 
2025-01-09 15:15:58,806 INFO: Epoch 243, Train Loss: 0.5314603986278656, Test Loss: 0.8001627177000046, Inverse Test Loss: 0.07776317745447159 
2025-01-09 15:15:59,031 INFO: Epoch 244, Train Loss: 0.5305137182435682, Test Loss: 0.7998682260513306, Inverse Test Loss: 0.07758983969688416 
2025-01-09 15:15:59,262 INFO: Epoch 245, Train Loss: 0.531797420594, Test Loss: 0.8023353740572929, Inverse Test Loss: 0.07921159267425537 
2025-01-09 15:15:59,504 INFO: Epoch 246, Train Loss: 0.5316242335304138, Test Loss: 0.8024426102638245, Inverse Test Loss: 0.07830312103033066 
2025-01-09 15:15:59,722 INFO: Epoch 247, Train Loss: 0.5285221828568366, Test Loss: 0.800742045044899, Inverse Test Loss: 0.07725920528173447 
2025-01-09 15:15:59,952 INFO: Epoch 248, Train Loss: 0.530573437290807, Test Loss: 0.8017010241746902, Inverse Test Loss: 0.07826200127601624 
2025-01-09 15:16:00,201 INFO: Epoch 249, Train Loss: 0.5285624640603219, Test Loss: 0.8016958758234978, Inverse Test Loss: 0.07741972804069519 
2025-01-09 15:16:00,431 INFO: Epoch 250, Train Loss: 0.5266862088634122, Test Loss: 0.8023554757237434, Inverse Test Loss: 0.07861344516277313 
2025-01-09 15:16:00,645 INFO: Epoch 251, Train Loss: 0.5268566252723816, Test Loss: 0.8026616498827934, Inverse Test Loss: 0.0785498097538948 
2025-01-09 15:16:00,854 INFO: Epoch 252, Train Loss: 0.5260462203333455, Test Loss: 0.802725613117218, Inverse Test Loss: 0.07772307842969894 
2025-01-09 15:16:01,067 INFO: Epoch 253, Train Loss: 0.5252437697302911, Test Loss: 0.8030036464333534, Inverse Test Loss: 0.0785980150103569 
2025-01-09 15:16:01,289 INFO: Epoch 254, Train Loss: 0.5252894999519471, Test Loss: 0.8041986376047134, Inverse Test Loss: 0.07880441099405289 
2025-01-09 15:16:01,501 INFO: Epoch 255, Train Loss: 0.5251867117420319, Test Loss: 0.8046275526285172, Inverse Test Loss: 0.07874572277069092 
2025-01-09 15:16:01,724 INFO: Epoch 256, Train Loss: 0.5244808081657656, Test Loss: 0.8053749576210976, Inverse Test Loss: 0.08000563085079193 
2025-01-09 15:16:01,946 INFO: Epoch 257, Train Loss: 0.521989784894451, Test Loss: 0.8051738664507866, Inverse Test Loss: 0.07832226902246475 
2025-01-09 15:16:02,159 INFO: Epoch 258, Train Loss: 0.5225893114843676, Test Loss: 0.8058297410607338, Inverse Test Loss: 0.07887638360261917 
2025-01-09 15:16:02,412 INFO: Epoch 259, Train Loss: 0.5213910898854656, Test Loss: 0.8066668137907982, Inverse Test Loss: 0.07934129983186722 
2025-01-09 15:16:02,649 INFO: Epoch 260, Train Loss: 0.5208027910801672, Test Loss: 0.8067611157894135, Inverse Test Loss: 0.0785551369190216 
2025-01-09 15:16:02,876 INFO: Epoch 261, Train Loss: 0.5204602691435045, Test Loss: 0.8071082383394241, Inverse Test Loss: 0.07974062860012054 
2025-01-09 15:16:03,093 INFO: Epoch 262, Train Loss: 0.5187508973383135, Test Loss: 0.8066180869936943, Inverse Test Loss: 0.07983696460723877 
2025-01-09 15:16:03,333 INFO: Epoch 263, Train Loss: 0.5202070051623929, Test Loss: 0.8088836222887039, Inverse Test Loss: 0.07962840795516968 
2025-01-09 15:16:03,566 INFO: Epoch 264, Train Loss: 0.5184898655260762, Test Loss: 0.8087167367339134, Inverse Test Loss: 0.0801004096865654 
2025-01-09 15:16:03,817 INFO: Epoch 265, Train Loss: 0.5176889213823503, Test Loss: 0.8079479485750198, Inverse Test Loss: 0.08034180104732513 
2025-01-09 15:16:04,062 INFO: Epoch 266, Train Loss: 0.5164152201144926, Test Loss: 0.8086544200778008, Inverse Test Loss: 0.08040859550237656 
2025-01-09 15:16:04,306 INFO: Epoch 267, Train Loss: 0.5154046166327692, Test Loss: 0.8090140596032143, Inverse Test Loss: 0.08060597628355026 
2025-01-09 15:16:04,553 INFO: Epoch 268, Train Loss: 0.5170739793008373, Test Loss: 0.8099873438477516, Inverse Test Loss: 0.08116862177848816 
2025-01-09 15:16:04,798 INFO: Epoch 269, Train Loss: 0.5144585572904156, Test Loss: 0.8111256957054138, Inverse Test Loss: 0.08089976012706757 
2025-01-09 15:16:05,060 INFO: Epoch 270, Train Loss: 0.5152323572866379, Test Loss: 0.8097661733627319, Inverse Test Loss: 0.08100508898496628 
2025-01-09 15:16:05,301 INFO: Epoch 271, Train Loss: 0.5154651201540424, Test Loss: 0.8113930523395538, Inverse Test Loss: 0.08115369081497192 
2025-01-09 15:16:05,528 INFO: Epoch 272, Train Loss: 0.5141163593338381, Test Loss: 0.8119248002767563, Inverse Test Loss: 0.0812261626124382 
2025-01-09 15:16:05,761 INFO: Epoch 273, Train Loss: 0.5128707991492364, Test Loss: 0.8120053932070732, Inverse Test Loss: 0.081361323595047 
2025-01-09 15:16:05,983 INFO: Epoch 274, Train Loss: 0.512476900892873, Test Loss: 0.8125182911753654, Inverse Test Loss: 0.0812659040093422 
2025-01-09 15:16:06,198 INFO: Epoch 275, Train Loss: 0.5122936714080072, Test Loss: 0.8123201131820679, Inverse Test Loss: 0.08119827508926392 
2025-01-09 15:16:06,434 INFO: Epoch 276, Train Loss: 0.5123294841858649, Test Loss: 0.8133343905210495, Inverse Test Loss: 0.08181291818618774 
2025-01-09 15:16:06,657 INFO: Epoch 277, Train Loss: 0.5112051348532399, Test Loss: 0.8142120987176895, Inverse Test Loss: 0.08209773898124695 
2025-01-09 15:16:06,885 INFO: Epoch 278, Train Loss: 0.5100457620236182, Test Loss: 0.8153150230646133, Inverse Test Loss: 0.08184615522623062 
2025-01-09 15:16:07,107 INFO: Epoch 279, Train Loss: 0.5089538472314035, Test Loss: 0.816248282790184, Inverse Test Loss: 0.08285878598690033 
2025-01-09 15:16:07,329 INFO: Epoch 280, Train Loss: 0.5092332651538234, Test Loss: 0.81544578820467, Inverse Test Loss: 0.0825124979019165 
2025-01-09 15:16:07,551 INFO: Epoch 281, Train Loss: 0.5088501514927033, Test Loss: 0.8150140345096588, Inverse Test Loss: 0.08305682986974716 
2025-01-09 15:16:07,794 INFO: Epoch 282, Train Loss: 0.5075625248493687, Test Loss: 0.816345602273941, Inverse Test Loss: 0.08259949833154678 
2025-01-09 15:16:08,021 INFO: Epoch 283, Train Loss: 0.5072539064192003, Test Loss: 0.8171124160289764, Inverse Test Loss: 0.08192165940999985 
2025-01-09 15:16:08,273 INFO: Epoch 284, Train Loss: 0.5092483595494302, Test Loss: 0.815845362842083, Inverse Test Loss: 0.0833684429526329 
