2024-12-26 15:50:44,649 INFO: namespace(attn_dropout=0.4, categories=[], cluster=3, depth=2, dim=32, ff_dropout=0.4, groups=[54, 54, 54], heads=8, name='AMFormer_mlp', num_cate=0, num_cont=11, num_special_tokens=1, out=1, out_dim=1, predictor='mlp', prod_num_per_group=[6, 6, 6], qk_relu=False, sum_num_per_group=[32, 16, 8], target_mode='regression', token_descent=False, use_cls_token=True, use_prod=True, use_sigmoid=True) 
2024-12-26 15:50:44,649 INFO: Dataset:winequality 
2024-12-26 15:50:44,649 INFO: ------Begin Training Model------ 
2024-12-26 15:50:48,444 INFO: Epoch 1, Train Loss: 1.0004592191788457, Test Loss: 0.9192082211375237 
2024-12-26 15:50:48,877 INFO: Epoch 2, Train Loss: 0.8242853149291007, Test Loss: 0.7255904600024223 
2024-12-26 15:50:49,300 INFO: Epoch 3, Train Loss: 0.7090973834837636, Test Loss: 0.6846077740192413 
2024-12-26 15:50:49,723 INFO: Epoch 4, Train Loss: 0.6967506600964454, Test Loss: 0.6862404868006706 
2024-12-26 15:50:50,149 INFO: Epoch 5, Train Loss: 0.6818027457883281, Test Loss: 0.6656177379190922 
2024-12-26 15:50:50,577 INFO: Epoch 6, Train Loss: 0.6592520879160974, Test Loss: 0.6645688563585281 
2024-12-26 15:50:51,005 INFO: Epoch 7, Train Loss: 0.6632966831807168, Test Loss: 0.6546771563589573 
2024-12-26 15:50:51,437 INFO: Epoch 8, Train Loss: 0.6502801160658559, Test Loss: 0.6441897973418236 
2024-12-26 15:50:51,869 INFO: Epoch 9, Train Loss: 0.6416226510078676, Test Loss: 0.6583614870905876 
2024-12-26 15:50:52,293 INFO: Epoch 10, Train Loss: 0.6426516329088519, Test Loss: 0.6371608823537827 
2024-12-26 15:50:52,716 INFO: Epoch 11, Train Loss: 0.6427595480795829, Test Loss: 0.6313838958740234 
2024-12-26 15:50:53,169 INFO: Epoch 12, Train Loss: 0.6290973223024799, Test Loss: 0.6231637224555016 
2024-12-26 15:50:53,591 INFO: Epoch 13, Train Loss: 0.6287280724894616, Test Loss: 0.6207988634705544 
2024-12-26 15:50:54,013 INFO: Epoch 14, Train Loss: 0.6262554151396598, Test Loss: 0.6225963719189167 
2024-12-26 15:50:54,452 INFO: Epoch 15, Train Loss: 0.6197579012763116, Test Loss: 0.630718756467104 
2024-12-26 15:50:54,870 INFO: Epoch 16, Train Loss: 0.6179076375499848, Test Loss: 0.6181975118815899 
2024-12-26 15:50:55,287 INFO: Epoch 17, Train Loss: 0.610758250759494, Test Loss: 0.6234674826264381 
2024-12-26 15:50:55,706 INFO: Epoch 18, Train Loss: 0.6104661360863717, Test Loss: 0.6119399629533291 
2024-12-26 15:50:56,127 INFO: Epoch 19, Train Loss: 0.6087485542220454, Test Loss: 0.6090736165642738 
2024-12-26 15:50:56,551 INFO: Epoch 20, Train Loss: 0.609311971933611, Test Loss: 0.6131257712841034 
2024-12-26 15:50:56,979 INFO: Epoch 21, Train Loss: 0.5946354933323399, Test Loss: 0.6073545441031456 
2024-12-26 15:50:57,408 INFO: Epoch 22, Train Loss: 0.5962112084511788, Test Loss: 0.6023509688675404 
2024-12-26 15:50:57,832 INFO: Epoch 23, Train Loss: 0.5920017102072316, Test Loss: 0.6016267351806164 
2024-12-26 15:50:58,255 INFO: Epoch 24, Train Loss: 0.5912722003075385, Test Loss: 0.5977812744677067 
2024-12-26 15:50:58,686 INFO: Epoch 25, Train Loss: 0.582207917205749, Test Loss: 0.603450883179903 
2024-12-26 15:50:59,109 INFO: Epoch 26, Train Loss: 0.5835516693130616, Test Loss: 0.6030673906207085 
2024-12-26 15:50:59,532 INFO: Epoch 27, Train Loss: 0.5949644167577067, Test Loss: 0.6027438268065453 
2024-12-26 15:50:59,960 INFO: Epoch 28, Train Loss: 0.5879910665173684, Test Loss: 0.5971823558211327 
2024-12-26 15:51:00,382 INFO: Epoch 29, Train Loss: 0.5836576963624647, Test Loss: 0.6026121713221073 
2024-12-26 15:51:00,806 INFO: Epoch 30, Train Loss: 0.578870625265183, Test Loss: 0.5973006747663021 
2024-12-26 15:51:01,225 INFO: Epoch 31, Train Loss: 0.5739614386712352, Test Loss: 0.623821709305048 
2024-12-26 15:51:01,652 INFO: Epoch 32, Train Loss: 0.5824644296400009, Test Loss: 0.6023691520094872 
2024-12-26 15:51:02,077 INFO: Epoch 33, Train Loss: 0.5754343867301941, Test Loss: 0.6046950668096542 
2024-12-26 15:51:02,507 INFO: Epoch 34, Train Loss: 0.5654310766727694, Test Loss: 0.6091261655092239 
2024-12-26 15:51:02,933 INFO: Epoch 35, Train Loss: 0.5716786499946348, Test Loss: 0.5985331311821938 
2024-12-26 15:51:03,359 INFO: Epoch 36, Train Loss: 0.5539279185956524, Test Loss: 0.588528472930193 
2024-12-26 15:51:03,781 INFO: Epoch 37, Train Loss: 0.5577754387932439, Test Loss: 0.5928870737552643 
2024-12-26 15:51:04,205 INFO: Epoch 38, Train Loss: 0.5573157706568318, Test Loss: 0.5917174033820629 
2024-12-26 15:51:04,625 INFO: Epoch 39, Train Loss: 0.5632760322863056, Test Loss: 0.5895509086549282 
2024-12-26 15:51:05,049 INFO: Epoch 40, Train Loss: 0.5484721891341671, Test Loss: 0.595958050340414 
2024-12-26 15:51:05,486 INFO: Epoch 41, Train Loss: 0.5487883831224134, Test Loss: 0.5846561081707478 
2024-12-26 15:51:05,912 INFO: Epoch 42, Train Loss: 0.5483882215715223, Test Loss: 0.5909499228000641 
2024-12-26 15:51:06,332 INFO: Epoch 43, Train Loss: 0.5459750169707883, Test Loss: 0.6016604602336884 
2024-12-26 15:51:06,758 INFO: Epoch 44, Train Loss: 0.5368066305114377, Test Loss: 0.5946619585156441 
2024-12-26 15:51:07,183 INFO: Epoch 45, Train Loss: 0.5421633095510544, Test Loss: 0.5968462899327278 
2024-12-26 15:51:07,614 INFO: Epoch 46, Train Loss: 0.5395056105429127, Test Loss: 0.5858794637024403 
2024-12-26 15:51:08,034 INFO: Epoch 47, Train Loss: 0.5388259358944432, Test Loss: 0.593595415353775 
2024-12-26 15:51:08,456 INFO: Epoch 48, Train Loss: 0.5260217487812042, Test Loss: 0.6024764478206635 
2024-12-26 15:51:08,877 INFO: Epoch 49, Train Loss: 0.5338134592579257, Test Loss: 0.5795240849256516 
2024-12-26 15:51:09,302 INFO: Epoch 50, Train Loss: 0.5254048724328318, Test Loss: 0.5920066833496094 
2024-12-26 15:51:09,728 INFO: Epoch 51, Train Loss: 0.5285631514364674, Test Loss: 0.5899922363460064 
2024-12-26 15:51:10,153 INFO: Epoch 52, Train Loss: 0.5276804191450919, Test Loss: 0.6049239449203014 
2024-12-26 15:51:10,575 INFO: Epoch 53, Train Loss: 0.517348010693827, Test Loss: 0.5780550427734852 
2024-12-26 15:51:11,000 INFO: Epoch 54, Train Loss: 0.5144029961478326, Test Loss: 0.5851409696042538 
2024-12-26 15:51:11,423 INFO: Epoch 55, Train Loss: 0.5097295103534576, Test Loss: 0.5829149447381496 
2024-12-26 15:51:11,856 INFO: Epoch 56, Train Loss: 0.5100419309831434, Test Loss: 0.5791539773344994 
2024-12-26 15:51:12,277 INFO: Epoch 57, Train Loss: 0.5080520068445513, Test Loss: 0.5826782993972301 
2024-12-26 15:51:12,708 INFO: Epoch 58, Train Loss: 0.4979837998267143, Test Loss: 0.5878708213567734 
2024-12-26 15:51:13,133 INFO: Epoch 59, Train Loss: 0.4965527855580853, Test Loss: 0.5836849212646484 
2024-12-26 15:51:13,557 INFO: Epoch 60, Train Loss: 0.5063721527976375, Test Loss: 0.5689424276351929 
2024-12-26 15:51:13,984 INFO: Epoch 61, Train Loss: 0.4946205500633486, Test Loss: 0.5878496244549751 
2024-12-26 15:51:14,404 INFO: Epoch 62, Train Loss: 0.4918112168388982, Test Loss: 0.5688874460756779 
2024-12-26 15:51:14,824 INFO: Epoch 63, Train Loss: 0.5040082633495331, Test Loss: 0.5786091461777687 
2024-12-26 15:51:15,247 INFO: Epoch 64, Train Loss: 0.48679687323108795, Test Loss: 0.5770797878503799 
2024-12-26 15:51:15,677 INFO: Epoch 65, Train Loss: 0.48497839993046177, Test Loss: 0.5727361366152763 
2024-12-26 15:51:16,099 INFO: Epoch 66, Train Loss: 0.4811379736469638, Test Loss: 0.5769891925156116 
2024-12-26 15:51:16,526 INFO: Epoch 67, Train Loss: 0.47799319317263944, Test Loss: 0.569232203066349 
2024-12-26 15:51:16,962 INFO: Epoch 68, Train Loss: 0.4766588884015237, Test Loss: 0.5646268799901009 
2024-12-26 15:51:17,391 INFO: Epoch 69, Train Loss: 0.4829368447103808, Test Loss: 0.5782118923962116 
2024-12-26 15:51:17,818 INFO: Epoch 70, Train Loss: 0.4737607827109675, Test Loss: 0.5626319758594036 
2024-12-26 15:51:18,242 INFO: Epoch 71, Train Loss: 0.4701746308034466, Test Loss: 0.5631046034395695 
2024-12-26 15:51:18,666 INFO: Epoch 72, Train Loss: 0.47023547560937945, Test Loss: 0.5742170885205269 
2024-12-26 15:51:19,090 INFO: Epoch 73, Train Loss: 0.471940525116459, Test Loss: 0.5729717873036861 
2024-12-26 15:51:19,514 INFO: Epoch 74, Train Loss: 0.46692858492174455, Test Loss: 0.5691318809986115 
2024-12-26 15:51:19,938 INFO: Epoch 75, Train Loss: 0.4550123406994727, Test Loss: 0.5762810744345188 
2024-12-26 15:51:20,362 INFO: Epoch 76, Train Loss: 0.4621796425311796, Test Loss: 0.5591330006718636 
2024-12-26 15:51:20,787 INFO: Epoch 77, Train Loss: 0.4415205159494954, Test Loss: 0.5694606862962246 
2024-12-26 15:51:21,212 INFO: Epoch 78, Train Loss: 0.45609809890870123, Test Loss: 0.5667790211737156 
2024-12-26 15:51:21,638 INFO: Epoch 79, Train Loss: 0.4472244026199464, Test Loss: 0.5669522359967232 
2024-12-26 15:51:22,062 INFO: Epoch 80, Train Loss: 0.4524703525727795, Test Loss: 0.571513719856739 
2024-12-26 15:51:22,495 INFO: Epoch 81, Train Loss: 0.43859229549284906, Test Loss: 0.5591787248849869 
2024-12-26 15:51:22,925 INFO: Epoch 82, Train Loss: 0.44049752623804156, Test Loss: 0.5618702098727226 
2024-12-26 15:51:23,353 INFO: Epoch 83, Train Loss: 0.43558604294253933, Test Loss: 0.5789859518408775 
2024-12-26 15:51:23,777 INFO: Epoch 84, Train Loss: 0.4480358987085281, Test Loss: 0.5720281600952148 
2024-12-26 15:51:24,203 INFO: Epoch 85, Train Loss: 0.43477431131947425, Test Loss: 0.5658784061670303 
2024-12-26 15:51:24,628 INFO: Epoch 86, Train Loss: 0.42210704472757155, Test Loss: 0.5711437091231346 
2024-12-26 15:51:25,056 INFO: Epoch 87, Train Loss: 0.4250872654299582, Test Loss: 0.5749404095113277 
2024-12-26 15:51:25,480 INFO: Epoch 88, Train Loss: 0.4261735927674078, Test Loss: 0.5725507810711861 
2024-12-26 15:51:25,905 INFO: Epoch 89, Train Loss: 0.42199591186738783, Test Loss: 0.5542135126888752 
2024-12-26 15:51:26,326 INFO: Epoch 90, Train Loss: 0.42305409619885104, Test Loss: 0.5765715055167675 
2024-12-26 15:51:26,752 INFO: Epoch 91, Train Loss: 0.41933870411688284, Test Loss: 0.5576564483344555 
2024-12-26 15:51:27,172 INFO: Epoch 92, Train Loss: 0.41852495074272156, Test Loss: 0.572084091603756 
2024-12-26 15:51:27,598 INFO: Epoch 93, Train Loss: 0.4101878298867133, Test Loss: 0.5641162469983101 
2024-12-26 15:51:28,025 INFO: Epoch 94, Train Loss: 0.41207155969835096, Test Loss: 0.5697600170969963 
2024-12-26 15:51:28,455 INFO: Epoch 95, Train Loss: 0.41589848937526824, Test Loss: 0.5744833946228027 
2024-12-26 15:51:28,880 INFO: Epoch 96, Train Loss: 0.40553429818922476, Test Loss: 0.5691586472094059 
2024-12-26 15:51:29,307 INFO: Epoch 97, Train Loss: 0.3966799128440119, Test Loss: 0.5533825978636742 
2024-12-26 15:51:29,744 INFO: Epoch 98, Train Loss: 0.39882481963403765, Test Loss: 0.5843447484076023 
2024-12-26 15:51:30,171 INFO: Epoch 99, Train Loss: 0.40907841055623945, Test Loss: 0.5628763251006603 
2024-12-26 15:51:30,596 INFO: Epoch 100, Train Loss: 0.4025569163983868, Test Loss: 0.5837165713310242 
2024-12-26 15:51:31,024 INFO: Epoch 101, Train Loss: 0.39355628144356514, Test Loss: 0.5530433394014835 
2024-12-26 15:51:31,449 INFO: Epoch 102, Train Loss: 0.3853875369794907, Test Loss: 0.5578608326613903 
2024-12-26 15:51:31,887 INFO: Epoch 103, Train Loss: 0.3945857228771333, Test Loss: 0.5731335878372192 
2024-12-26 15:51:32,315 INFO: Epoch 104, Train Loss: 0.3918940261487038, Test Loss: 0.5679290220141411 
2024-12-26 15:51:32,738 INFO: Epoch 105, Train Loss: 0.38835871508044584, Test Loss: 0.5749519020318985 
2024-12-26 15:51:33,165 INFO: Epoch 106, Train Loss: 0.37992072105407715, Test Loss: 0.5855813324451447 
2024-12-26 15:51:33,593 INFO: Epoch 107, Train Loss: 0.3807464924550826, Test Loss: 0.5692026540637016 
2024-12-26 15:51:34,021 INFO: Epoch 108, Train Loss: 0.3905876423082044, Test Loss: 0.5629340559244156 
2024-12-26 15:51:34,447 INFO: Epoch 109, Train Loss: 0.3709044091163143, Test Loss: 0.5731704533100128 
2024-12-26 15:51:34,874 INFO: Epoch 110, Train Loss: 0.3825063849649122, Test Loss: 0.5908390432596207 
2024-12-26 15:51:35,302 INFO: Epoch 111, Train Loss: 0.3747094696567905, Test Loss: 0.5753896683454514 
2024-12-26 15:51:35,729 INFO: Epoch 112, Train Loss: 0.37031679864852657, Test Loss: 0.5714670792222023 
2024-12-26 15:51:36,154 INFO: Epoch 113, Train Loss: 0.3644416678336359, Test Loss: 0.5744480565190315 
2024-12-26 15:51:36,578 INFO: Epoch 114, Train Loss: 0.3793811365481346, Test Loss: 0.5645668879151344 
2024-12-26 15:51:37,006 INFO: Epoch 115, Train Loss: 0.3615825214693623, Test Loss: 0.5627796314656734 
2024-12-26 15:51:37,429 INFO: Epoch 116, Train Loss: 0.36834907820147855, Test Loss: 0.5722709447145462 
2024-12-26 15:51:37,859 INFO: Epoch 117, Train Loss: 0.3631559023934026, Test Loss: 0.5654043070971966 
2024-12-26 15:51:38,283 INFO: Epoch 118, Train Loss: 0.36346237986318525, Test Loss: 0.5655555799603462 
2024-12-26 15:51:38,712 INFO: Epoch 119, Train Loss: 0.35497241347066816, Test Loss: 0.5640947073698044 
2024-12-26 15:51:39,140 INFO: Epoch 120, Train Loss: 0.35860427156571417, Test Loss: 0.5695548728108406 
2024-12-26 15:51:39,558 INFO: Epoch 121, Train Loss: 0.3562396053344973, Test Loss: 0.582898385822773 
2024-12-26 15:51:39,989 INFO: Epoch 122, Train Loss: 0.34628396072695333, Test Loss: 0.5590086802840233 
2024-12-26 15:51:40,420 INFO: Epoch 123, Train Loss: 0.354728800635184, Test Loss: 0.56148362159729 
2024-12-26 15:51:40,846 INFO: Epoch 124, Train Loss: 0.3507738661381506, Test Loss: 0.5610477291047573 
2024-12-26 15:51:41,272 INFO: Epoch 125, Train Loss: 0.35832749547496917, Test Loss: 0.5785496160387993 
2024-12-26 15:51:41,699 INFO: Epoch 126, Train Loss: 0.3538915447650417, Test Loss: 0.5572892725467682 
2024-12-26 15:51:42,138 INFO: Epoch 127, Train Loss: 0.35118049767709547, Test Loss: 0.5847781151533127 
2024-12-26 15:51:42,563 INFO: Epoch 128, Train Loss: 0.3567239546006726, Test Loss: 0.5735659785568714 
2024-12-26 15:51:42,984 INFO: Epoch 129, Train Loss: 0.3447767150017523, Test Loss: 0.5615203306078911 
2024-12-26 15:51:43,412 INFO: Epoch 130, Train Loss: 0.3447853413320357, Test Loss: 0.5550045967102051 
2024-12-26 15:51:43,840 INFO: Epoch 131, Train Loss: 0.34896036501853694, Test Loss: 0.5599579699337482 
2024-12-26 15:51:44,267 INFO: Epoch 132, Train Loss: 0.3363543095127229, Test Loss: 0.5730220898985863 
2024-12-26 15:51:44,691 INFO: Epoch 133, Train Loss: 0.3446902257780875, Test Loss: 0.5679348073899746 
2024-12-26 15:51:45,111 INFO: Epoch 134, Train Loss: 0.33520499640895474, Test Loss: 0.5669740699231625 
2024-12-26 15:51:45,534 INFO: Epoch 135, Train Loss: 0.3307626247406006, Test Loss: 0.5819306783378124 
2024-12-26 15:51:45,961 INFO: Epoch 136, Train Loss: 0.3480119142801531, Test Loss: 0.5575865618884563 
2024-12-26 15:51:46,385 INFO: Epoch 137, Train Loss: 0.3293283971086625, Test Loss: 0.5729440748691559 
2024-12-26 15:51:46,810 INFO: Epoch 138, Train Loss: 0.3290701974784174, Test Loss: 0.567969024181366 
2024-12-26 15:51:47,238 INFO: Epoch 139, Train Loss: 0.33084854772014005, Test Loss: 0.5761297196149826 
2024-12-26 15:51:47,663 INFO: Epoch 140, Train Loss: 0.3300396857723113, Test Loss: 0.5600991919636726 
2024-12-26 15:51:48,090 INFO: Epoch 141, Train Loss: 0.32701307150625414, Test Loss: 0.5631159581243992 
2024-12-26 15:51:48,510 INFO: Epoch 142, Train Loss: 0.32461781607520196, Test Loss: 0.5477840676903725 
2024-12-26 15:51:48,943 INFO: Epoch 143, Train Loss: 0.3394097887700604, Test Loss: 0.547628428786993 
2024-12-26 15:51:49,379 INFO: Epoch 144, Train Loss: 0.3270338350726712, Test Loss: 0.5666486993432045 
2024-12-26 15:51:49,809 INFO: Epoch 145, Train Loss: 0.32804984431112966, Test Loss: 0.5826274529099464 
2024-12-26 15:51:50,240 INFO: Epoch 146, Train Loss: 0.3155236676816017, Test Loss: 0.5732918381690979 
2024-12-26 15:51:50,665 INFO: Epoch 147, Train Loss: 0.31823534061831815, Test Loss: 0.5537722259759903 
2024-12-26 15:51:51,091 INFO: Epoch 148, Train Loss: 0.3166165981561907, Test Loss: 0.5527165159583092 
2024-12-26 15:51:51,522 INFO: Epoch 149, Train Loss: 0.32232310646964657, Test Loss: 0.5636455751955509 
2024-12-26 15:51:51,952 INFO: Epoch 150, Train Loss: 0.3013795748833687, Test Loss: 0.5569784082472324 
2024-12-26 15:51:52,378 INFO: Epoch 151, Train Loss: 0.311596681514094, Test Loss: 0.5721845328807831 
2024-12-26 15:51:52,799 INFO: Epoch 152, Train Loss: 0.31756136205888563, Test Loss: 0.5661615245044231 
2024-12-26 15:51:53,225 INFO: Epoch 153, Train Loss: 0.31467261333619395, Test Loss: 0.5625579692423344 
2024-12-26 15:51:53,647 INFO: Epoch 154, Train Loss: 0.30622405871268243, Test Loss: 0.5645554661750793 
2024-12-26 15:51:54,076 INFO: Epoch 155, Train Loss: 0.3043009412865485, Test Loss: 0.5836623013019562 
2024-12-26 15:51:54,502 INFO: Epoch 156, Train Loss: 0.3175254170933077, Test Loss: 0.5649531856179237 
2024-12-26 15:51:54,927 INFO: Epoch 157, Train Loss: 0.2938276870596793, Test Loss: 0.555598858743906 
2024-12-26 15:51:55,357 INFO: Epoch 158, Train Loss: 0.30018839961098087, Test Loss: 0.5608481280505657 
2024-12-26 15:51:55,786 INFO: Epoch 159, Train Loss: 0.3026989131204544, Test Loss: 0.5530250743031502 
2024-12-26 15:51:56,211 INFO: Epoch 160, Train Loss: 0.3002180985866054, Test Loss: 0.568057082593441 
2024-12-26 15:51:56,636 INFO: Epoch 161, Train Loss: 0.31209083478296956, Test Loss: 0.5474895685911179 
2024-12-26 15:51:57,054 INFO: Epoch 162, Train Loss: 0.30045134886618585, Test Loss: 0.5559177100658417 
2024-12-26 15:51:57,482 INFO: Epoch 163, Train Loss: 0.2986235955069142, Test Loss: 0.5650409050285816 
2024-12-26 15:51:57,907 INFO: Epoch 164, Train Loss: 0.29671305369946266, Test Loss: 0.5648941956460476 
2024-12-26 15:51:58,333 INFO: Epoch 165, Train Loss: 0.3063462943800034, Test Loss: 0.5356257148087025 
2024-12-26 15:51:58,759 INFO: Epoch 166, Train Loss: 0.286528647426636, Test Loss: 0.5774223543703556 
2024-12-26 15:51:59,188 INFO: Epoch 167, Train Loss: 0.29576039458474807, Test Loss: 0.5724475383758545 
2024-12-26 15:51:59,614 INFO: Epoch 168, Train Loss: 0.2960760372300302, Test Loss: 0.5706225782632828 
2024-12-26 15:52:00,039 INFO: Epoch 169, Train Loss: 0.28859559134129553, Test Loss: 0.5681817568838596 
2024-12-26 15:52:00,465 INFO: Epoch 170, Train Loss: 0.28364105138086504, Test Loss: 0.5464510656893253 
2024-12-26 15:52:00,888 INFO: Epoch 171, Train Loss: 0.28568386502804294, Test Loss: 0.5475476682186127 
2024-12-26 15:52:01,315 INFO: Epoch 172, Train Loss: 0.2883238528043993, Test Loss: 0.5586832389235497 
2024-12-26 15:52:01,754 INFO: Epoch 173, Train Loss: 0.2854822302056897, Test Loss: 0.5485290959477425 
2024-12-26 15:52:02,180 INFO: Epoch 174, Train Loss: 0.28944008436895186, Test Loss: 0.5640129633247852 
2024-12-26 15:52:02,604 INFO: Epoch 175, Train Loss: 0.28401687645143076, Test Loss: 0.5512454174458981 
2024-12-26 15:52:03,027 INFO: Epoch 176, Train Loss: 0.27288504713966, Test Loss: 0.5724804736673832 
2024-12-26 15:52:03,452 INFO: Epoch 177, Train Loss: 0.2759824029860958, Test Loss: 0.5572668127715588 
2024-12-26 15:52:03,878 INFO: Epoch 178, Train Loss: 0.2843192868655728, Test Loss: 0.5636355392634869 
2024-12-26 15:52:04,305 INFO: Epoch 179, Train Loss: 0.2848834784761552, Test Loss: 0.5733767114579678 
2024-12-26 15:52:04,731 INFO: Epoch 180, Train Loss: 0.2781329582775793, Test Loss: 0.5742335729300976 
2024-12-26 15:52:05,164 INFO: Epoch 181, Train Loss: 0.27882698562837416, Test Loss: 0.5700366720557213 
2024-12-26 15:52:05,600 INFO: Epoch 182, Train Loss: 0.2738387772152501, Test Loss: 0.5786808356642723 
2024-12-26 15:52:06,028 INFO: Epoch 183, Train Loss: 0.2819416845037091, Test Loss: 0.5663768351078033 
2024-12-26 15:52:06,454 INFO: Epoch 184, Train Loss: 0.27616269790357156, Test Loss: 0.5605141296982765 
2024-12-26 15:52:06,878 INFO: Epoch 185, Train Loss: 0.2746882880887678, Test Loss: 0.5678112842142582 
2024-12-26 15:52:07,303 INFO: Epoch 186, Train Loss: 0.2714684389291271, Test Loss: 0.5606333948671818 
2024-12-26 15:52:07,728 INFO: Epoch 187, Train Loss: 0.27185593689641646, Test Loss: 0.570556003600359 
2024-12-26 15:52:08,156 INFO: Epoch 188, Train Loss: 0.2695048677344476, Test Loss: 0.5531967654824257 
2024-12-26 15:52:08,582 INFO: Epoch 189, Train Loss: 0.2646128616986736, Test Loss: 0.5613112710416317 
2024-12-26 15:52:09,007 INFO: Epoch 190, Train Loss: 0.27325789678481316, Test Loss: 0.5563073232769966 
2024-12-26 15:52:09,436 INFO: Epoch 191, Train Loss: 0.2662173668223043, Test Loss: 0.549313273280859 
2024-12-26 15:52:09,866 INFO: Epoch 192, Train Loss: 0.27625255142488786, Test Loss: 0.5649337768554688 
2024-12-26 15:52:10,298 INFO: Epoch 193, Train Loss: 0.2723703091183016, Test Loss: 0.5483726561069489 
2024-12-26 15:52:10,722 INFO: Epoch 194, Train Loss: 0.27124263009717386, Test Loss: 0.567691795527935 
2024-12-26 15:52:11,152 INFO: Epoch 195, Train Loss: 0.25771703402842244, Test Loss: 0.5471248924732208 
2024-12-26 15:52:11,579 INFO: Epoch 196, Train Loss: 0.2678434872819531, Test Loss: 0.5765555202960968 
2024-12-26 15:52:12,008 INFO: Epoch 197, Train Loss: 0.253025489949411, Test Loss: 0.5617647357285023 
2024-12-26 15:52:12,438 INFO: Epoch 198, Train Loss: 0.2661865964051216, Test Loss: 0.5485467836260796 
2024-12-26 15:52:12,868 INFO: Epoch 199, Train Loss: 0.2614523263708238, Test Loss: 0.5650102533400059 
2024-12-26 15:52:13,297 INFO: Epoch 200, Train Loss: 0.2683096364621193, Test Loss: 0.5557361729443073 
2024-12-26 15:52:13,724 INFO: Epoch 201, Train Loss: 0.26291433649678386, Test Loss: 0.5628744475543499 
2024-12-26 15:52:14,153 INFO: Epoch 202, Train Loss: 0.2630731944114931, Test Loss: 0.5707004517316818 
2024-12-26 15:52:14,578 INFO: Epoch 203, Train Loss: 0.2549481468815957, Test Loss: 0.5893608219921589 
2024-12-26 15:52:15,008 INFO: Epoch 204, Train Loss: 0.24810604510768766, Test Loss: 0.5601063370704651 
2024-12-26 15:52:15,432 INFO: Epoch 205, Train Loss: 0.25309214524684415, Test Loss: 0.5658066459000111 
2024-12-26 15:52:15,860 INFO: Epoch 206, Train Loss: 0.24966413792102568, Test Loss: 0.5837931632995605 
2024-12-26 15:52:16,292 INFO: Epoch 207, Train Loss: 0.2520896960650721, Test Loss: 0.5700550638139248 
2024-12-26 15:52:16,718 INFO: Epoch 208, Train Loss: 0.2443219158918627, Test Loss: 0.5704251155257225 
2024-12-26 15:52:17,148 INFO: Epoch 209, Train Loss: 0.25061646296131995, Test Loss: 0.5858492664992809 
2024-12-26 15:52:17,575 INFO: Epoch 210, Train Loss: 0.25462644330916867, Test Loss: 0.5799844451248646 
2024-12-26 15:52:18,003 INFO: Epoch 211, Train Loss: 0.24853825088470213, Test Loss: 0.5638948306441307 
2024-12-26 15:52:18,429 INFO: Epoch 212, Train Loss: 0.24632552650667006, Test Loss: 0.5668429285287857 
2024-12-26 15:52:18,851 INFO: Epoch 213, Train Loss: 0.24631354356965712, Test Loss: 0.5684470161795616 
2024-12-26 15:52:19,279 INFO: Epoch 214, Train Loss: 0.25342226316851957, Test Loss: 0.567283496260643 
2024-12-26 15:52:19,704 INFO: Epoch 215, Train Loss: 0.24794210926178964, Test Loss: 0.5506452657282352 
2024-12-26 15:52:20,137 INFO: Epoch 216, Train Loss: 0.24947527868132438, Test Loss: 0.5430076159536839 
2024-12-26 15:52:20,564 INFO: Epoch 217, Train Loss: 0.24927728983663744, Test Loss: 0.573170579969883 
2024-12-26 15:52:20,992 INFO: Epoch 218, Train Loss: 0.24610488020604657, Test Loss: 0.5594147816300392 
2024-12-26 15:52:21,417 INFO: Epoch 219, Train Loss: 0.24023995957066935, Test Loss: 0.5687211379408836 
2024-12-26 15:52:21,847 INFO: Epoch 220, Train Loss: 0.24098466865478024, Test Loss: 0.5639266669750214 
2024-12-26 15:52:22,278 INFO: Epoch 221, Train Loss: 0.24606030842950266, Test Loss: 0.5623431168496609 
2024-12-26 15:52:22,704 INFO: Epoch 222, Train Loss: 0.24656848561379216, Test Loss: 0.563187550753355 
2024-12-26 15:52:23,130 INFO: Epoch 223, Train Loss: 0.24263365278320928, Test Loss: 0.5575809441506863 
2024-12-26 15:52:23,558 INFO: Epoch 224, Train Loss: 0.23935963405716804, Test Loss: 0.5453208088874817 
2024-12-26 15:52:23,984 INFO: Epoch 225, Train Loss: 0.2420406130052382, Test Loss: 0.5822227150201797 
2024-12-26 15:52:24,411 INFO: Epoch 226, Train Loss: 0.23779363161133182, Test Loss: 0.5538394600152969 
2024-12-26 15:52:24,835 INFO: Epoch 227, Train Loss: 0.2311933006971113, Test Loss: 0.54878905788064 
2024-12-26 15:52:25,273 INFO: Epoch 228, Train Loss: 0.23798388867608963, Test Loss: 0.5634246468544006 
2024-12-26 15:52:25,702 INFO: Epoch 229, Train Loss: 0.23319659886821623, Test Loss: 0.5723153091967106 
2024-12-26 15:52:26,130 INFO: Epoch 230, Train Loss: 0.2376623216175264, Test Loss: 0.5474172495305538 
2024-12-26 15:52:26,557 INFO: Epoch 231, Train Loss: 0.23630769118185965, Test Loss: 0.5666813217103481 
2024-12-26 15:52:26,985 INFO: Epoch 232, Train Loss: 0.23988746443102438, Test Loss: 0.5520877428352833 
2024-12-26 15:52:27,415 INFO: Epoch 233, Train Loss: 0.23292644946805893, Test Loss: 0.5560579001903534 
2024-12-26 15:52:27,846 INFO: Epoch 234, Train Loss: 0.22846413716193167, Test Loss: 0.5361532457172871 
2024-12-26 15:52:28,274 INFO: Epoch 235, Train Loss: 0.23214578532403515, Test Loss: 0.5433458834886551 
2024-12-26 15:52:28,700 INFO: Epoch 236, Train Loss: 0.23494435366122954, Test Loss: 0.551868662238121 
2024-12-26 15:52:29,126 INFO: Epoch 237, Train Loss: 0.22738318914367306, Test Loss: 0.5747841075062752 
2024-12-26 15:52:29,553 INFO: Epoch 238, Train Loss: 0.22691216007355722, Test Loss: 0.560507670044899 
2024-12-26 15:52:29,978 INFO: Epoch 239, Train Loss: 0.21698896394621942, Test Loss: 0.5562052763998508 
2024-12-26 15:52:30,410 INFO: Epoch 240, Train Loss: 0.22312349273312476, Test Loss: 0.5649805292487144 
2024-12-26 15:52:30,838 INFO: Epoch 241, Train Loss: 0.22452198305437643, Test Loss: 0.5589940138161182 
2024-12-26 15:52:31,267 INFO: Epoch 242, Train Loss: 0.22053482455592002, Test Loss: 0.5561553500592709 
2024-12-26 15:52:31,699 INFO: Epoch 243, Train Loss: 0.2233250318996368, Test Loss: 0.5432455092668533 
2024-12-26 15:52:32,129 INFO: Epoch 244, Train Loss: 0.22648198758402177, Test Loss: 0.5603599324822426 
2024-12-26 15:52:32,552 INFO: Epoch 245, Train Loss: 0.22533889499402815, Test Loss: 0.5550216138362885 
2024-12-26 15:52:32,977 INFO: Epoch 246, Train Loss: 0.22727509227491194, Test Loss: 0.5448650680482388 
2024-12-26 15:52:33,402 INFO: Epoch 247, Train Loss: 0.22833915727753792, Test Loss: 0.5831390991806984 
2024-12-26 15:52:33,828 INFO: Epoch 248, Train Loss: 0.2240246510313403, Test Loss: 0.5719630643725395 
2024-12-26 15:52:34,251 INFO: Epoch 249, Train Loss: 0.22638204886067298, Test Loss: 0.556176882237196 
2024-12-26 15:52:34,693 INFO: Epoch 250, Train Loss: 0.2150065076927985, Test Loss: 0.5675804764032364 
2024-12-26 15:52:35,121 INFO: Epoch 251, Train Loss: 0.22491171667652746, Test Loss: 0.5538779199123383 
2024-12-26 15:52:35,552 INFO: Epoch 252, Train Loss: 0.22575680190517056, Test Loss: 0.5635283663868904 
2024-12-26 15:52:36,000 INFO: Epoch 253, Train Loss: 0.21712513556403498, Test Loss: 0.5480759888887405 
2024-12-26 15:52:36,423 INFO: Epoch 254, Train Loss: 0.21811278500864584, Test Loss: 0.5657419711351395 
2024-12-26 15:52:36,849 INFO: Epoch 255, Train Loss: 0.2257253671846082, Test Loss: 0.5914720855653286 
2024-12-26 15:52:37,278 INFO: Epoch 256, Train Loss: 0.2184655829783409, Test Loss: 0.5485220216214657 
2024-12-26 15:52:37,705 INFO: Epoch 257, Train Loss: 0.21459352345235885, Test Loss: 0.5629105642437935 
2024-12-26 15:52:38,130 INFO: Epoch 258, Train Loss: 0.22018072105223133, Test Loss: 0.5439347624778748 
2024-12-26 15:52:38,558 INFO: Epoch 259, Train Loss: 0.21443868548639358, Test Loss: 0.5580841302871704 
2024-12-26 15:52:38,982 INFO: Epoch 260, Train Loss: 0.21467846439730737, Test Loss: 0.5712697356939316 
2024-12-26 15:52:39,405 INFO: Epoch 261, Train Loss: 0.2265997875121332, Test Loss: 0.5646813251078129 
2024-12-26 15:52:39,829 INFO: Epoch 262, Train Loss: 0.21862639102243608, Test Loss: 0.5642165206372738 
2024-12-26 15:52:40,256 INFO: Epoch 263, Train Loss: 0.20781954401923763, Test Loss: 0.5530094690620899 
2024-12-26 15:52:40,690 INFO: Epoch 264, Train Loss: 0.21082476262123354, Test Loss: 0.5586377345025539 
2024-12-26 15:52:41,116 INFO: Epoch 265, Train Loss: 0.2065824140464106, Test Loss: 0.5432022325694561 
2024-12-26 15:52:41,540 INFO: Epoch 266, Train Loss: 0.22323528220576624, Test Loss: 0.5519966334104538 
2024-12-26 15:52:41,971 INFO: Epoch 267, Train Loss: 0.21412005107248983, Test Loss: 0.5646690912544727 
2024-12-26 15:52:42,414 INFO: Epoch 268, Train Loss: 0.2109744909309572, Test Loss: 0.5536918304860592 
2024-12-26 15:52:42,841 INFO: Epoch 269, Train Loss: 0.20957018050455278, Test Loss: 0.5603614971041679 
2024-12-26 15:52:43,264 INFO: Epoch 270, Train Loss: 0.21417069146710058, Test Loss: 0.5373641066253185 
2024-12-26 15:52:43,695 INFO: Epoch 271, Train Loss: 0.21092329919338226, Test Loss: 0.5674166902899742 
2024-12-26 15:52:44,118 INFO: Epoch 272, Train Loss: 0.20566331426943502, Test Loss: 0.5487835295498371 
2024-12-26 15:52:44,544 INFO: Epoch 273, Train Loss: 0.20583606968002935, Test Loss: 0.570774931460619 
2024-12-26 15:52:44,970 INFO: Epoch 274, Train Loss: 0.20810222433459374, Test Loss: 0.5497008338570595 
2024-12-26 15:52:45,395 INFO: Epoch 275, Train Loss: 0.21628662607362192, Test Loss: 0.5473494976758957 
2024-12-26 15:52:45,825 INFO: Epoch 276, Train Loss: 0.21270138265625124, Test Loss: 0.5478151477873325 
2024-12-26 15:52:46,252 INFO: Epoch 277, Train Loss: 0.2083332601093477, Test Loss: 0.5399066209793091 
2024-12-26 15:52:46,678 INFO: Epoch 278, Train Loss: 0.21609547493919248, Test Loss: 0.546733733266592 
2024-12-26 15:52:47,099 INFO: Epoch 279, Train Loss: 0.20979574611110072, Test Loss: 0.5506725981831551 
2024-12-26 15:52:47,528 INFO: Epoch 280, Train Loss: 0.20805052595753823, Test Loss: 0.5365011803805828 
2024-12-26 15:52:47,953 INFO: Epoch 281, Train Loss: 0.20553573437275424, Test Loss: 0.5623031109571457 
2024-12-26 15:52:48,384 INFO: Epoch 282, Train Loss: 0.20821104030455312, Test Loss: 0.5610551983118057 
2024-12-26 15:52:48,811 INFO: Epoch 283, Train Loss: 0.20836774668385905, Test Loss: 0.5552773401141167 
2024-12-26 15:52:49,235 INFO: Epoch 284, Train Loss: 0.20904502993629825, Test Loss: 0.5454702451825142 
2024-12-26 15:52:49,665 INFO: Epoch 285, Train Loss: 0.20539038844646945, Test Loss: 0.5484018586575985 
2024-12-26 15:52:50,094 INFO: Epoch 286, Train Loss: 0.19921137584793952, Test Loss: 0.5532094389200211 
2024-12-26 15:52:50,522 INFO: Epoch 287, Train Loss: 0.2108128633229963, Test Loss: 0.5432273410260677 
2024-12-26 15:52:50,953 INFO: Epoch 288, Train Loss: 0.20597748794863302, Test Loss: 0.5386878103017807 
2024-12-26 15:52:51,388 INFO: Epoch 289, Train Loss: 0.20491743664587697, Test Loss: 0.5453747808933258 
2024-12-26 15:52:51,820 INFO: Epoch 290, Train Loss: 0.20428033990244712, Test Loss: 0.5483929812908173 
2024-12-26 15:52:52,242 INFO: Epoch 291, Train Loss: 0.20441979554391676, Test Loss: 0.5530980303883553 
2024-12-26 15:52:52,674 INFO: Epoch 292, Train Loss: 0.1973475068807602, Test Loss: 0.5561153255403042 
2024-12-26 15:52:53,100 INFO: Epoch 293, Train Loss: 0.2053605020046234, Test Loss: 0.5423611328005791 
2024-12-26 15:52:53,527 INFO: Epoch 294, Train Loss: 0.20134140647226764, Test Loss: 0.5548188649117947 
2024-12-26 15:52:53,955 INFO: Epoch 295, Train Loss: 0.19505294724818198, Test Loss: 0.5545625984668732 
2024-12-26 15:52:54,384 INFO: Epoch 296, Train Loss: 0.20473578091590636, Test Loss: 0.5591220632195473 
2024-12-26 15:52:54,816 INFO: Epoch 297, Train Loss: 0.2005739490832052, Test Loss: 0.5472593158483505 
2024-12-26 15:52:55,243 INFO: Epoch 298, Train Loss: 0.19934688652715377, Test Loss: 0.5433599017560482 
2024-12-26 15:52:55,673 INFO: Epoch 299, Train Loss: 0.209166256170119, Test Loss: 0.5518545061349869 
2024-12-26 15:52:56,100 INFO: Epoch 300, Train Loss: 0.1937934482289899, Test Loss: 0.5470379739999771 
2024-12-26 15:52:56,535 INFO: Epoch 301, Train Loss: 0.19329779907580344, Test Loss: 0.5363590121269226 
2024-12-26 15:52:56,967 INFO: Epoch 302, Train Loss: 0.199977905519547, Test Loss: 0.5441656820476055 
2024-12-26 15:52:57,393 INFO: Epoch 303, Train Loss: 0.1991096951307789, Test Loss: 0.565442394465208 
2024-12-26 15:52:57,822 INFO: Epoch 304, Train Loss: 0.1944507533504117, Test Loss: 0.5474918112158775 
2024-12-26 15:52:58,247 INFO: Epoch 305, Train Loss: 0.1986237624960561, Test Loss: 0.5497773066163063 
2024-12-26 15:52:58,675 INFO: Epoch 306, Train Loss: 0.19945237232792762, Test Loss: 0.5490436591207981 
2024-12-26 15:52:59,100 INFO: Epoch 307, Train Loss: 0.1932913468730065, Test Loss: 0.5645423643290997 
2024-12-26 15:52:59,522 INFO: Epoch 308, Train Loss: 0.19435022675221966, Test Loss: 0.5664056986570358 
2024-12-26 15:52:59,950 INFO: Epoch 309, Train Loss: 0.19326459448183736, Test Loss: 0.550132479518652 
2024-12-26 15:53:00,379 INFO: Epoch 310, Train Loss: 0.1939578330324542, Test Loss: 0.5538619309663773 
2024-12-26 15:53:00,808 INFO: Epoch 311, Train Loss: 0.18559802539886966, Test Loss: 0.5595470331609249 
2024-12-26 15:53:01,232 INFO: Epoch 312, Train Loss: 0.1958087153973118, Test Loss: 0.5712777711451054 
2024-12-26 15:53:01,663 INFO: Epoch 313, Train Loss: 0.2039600504982856, Test Loss: 0.5642821304500103 
2024-12-26 15:53:02,091 INFO: Epoch 314, Train Loss: 0.18357686410027166, Test Loss: 0.564653541892767 
2024-12-26 15:53:02,521 INFO: Epoch 315, Train Loss: 0.184445055261735, Test Loss: 0.5648339688777924 
2024-12-26 15:53:02,946 INFO: Epoch 316, Train Loss: 0.19408006004748807, Test Loss: 0.5496085807681084 
2024-12-26 15:53:03,378 INFO: Epoch 317, Train Loss: 0.19656682062533595, Test Loss: 0.5732677653431892 
2024-12-26 15:53:03,805 INFO: Epoch 318, Train Loss: 0.18582402890728367, Test Loss: 0.5582984238862991 
2024-12-26 15:53:04,234 INFO: Epoch 319, Train Loss: 0.19146957897370862, Test Loss: 0.5651108585298061 
2024-12-26 15:53:04,668 INFO: Epoch 320, Train Loss: 0.18514264591278567, Test Loss: 0.5671279393136501 
2024-12-26 15:53:05,102 INFO: Epoch 321, Train Loss: 0.19119197130203247, Test Loss: 0.5438197143375874 
2024-12-26 15:53:05,528 INFO: Epoch 322, Train Loss: 0.18864765955555823, Test Loss: 0.5636589825153351 
2024-12-26 15:53:05,959 INFO: Epoch 323, Train Loss: 0.19463806527276192, Test Loss: 0.5491679050028324 
2024-12-26 15:53:06,388 INFO: Epoch 324, Train Loss: 0.1905353569215344, Test Loss: 0.5482472740113735 
2024-12-26 15:53:06,821 INFO: Epoch 325, Train Loss: 0.1886622401014451, Test Loss: 0.5601172409951687 
2024-12-26 15:53:07,265 INFO: Epoch 326, Train Loss: 0.19121881213880354, Test Loss: 0.548907108604908 
2024-12-26 15:53:07,691 INFO: Epoch 327, Train Loss: 0.1766807561920535, Test Loss: 0.5485855229198933 
2024-12-26 15:53:08,121 INFO: Epoch 328, Train Loss: 0.18839902214465604, Test Loss: 0.5478331819176674 
2024-12-26 15:53:08,546 INFO: Epoch 329, Train Loss: 0.19058507536688157, Test Loss: 0.5538647845387459 
2024-12-26 15:53:08,973 INFO: Epoch 330, Train Loss: 0.18260289632504986, Test Loss: 0.5423434376716614 
2024-12-26 15:53:09,403 INFO: Epoch 331, Train Loss: 0.17918938638702517, Test Loss: 0.5530589669942856 
2024-12-26 15:53:09,831 INFO: Epoch 332, Train Loss: 0.18590055790639692, Test Loss: 0.5627191849052906 
2024-12-26 15:53:10,261 INFO: Epoch 333, Train Loss: 0.18241641358021768, Test Loss: 0.5482432767748833 
2024-12-26 15:53:10,692 INFO: Epoch 334, Train Loss: 0.18363519830088462, Test Loss: 0.5417751371860504 
2024-12-26 15:53:11,117 INFO: Epoch 335, Train Loss: 0.18809260043405718, Test Loss: 0.558372475206852 
2024-12-26 15:53:11,546 INFO: Epoch 336, Train Loss: 0.17954212042593187, Test Loss: 0.5518876984715462 
2024-12-26 15:53:11,978 INFO: Epoch 337, Train Loss: 0.1795577238644323, Test Loss: 0.5447446666657925 
2024-12-26 15:53:12,406 INFO: Epoch 338, Train Loss: 0.18375599744819826, Test Loss: 0.5442444123327732 
2024-12-26 15:53:12,847 INFO: Epoch 339, Train Loss: 0.1946141633295244, Test Loss: 0.5646028593182564 
2024-12-26 15:53:13,275 INFO: Epoch 340, Train Loss: 0.1838853657245636, Test Loss: 0.5512454137206078 
2024-12-26 15:53:13,704 INFO: Epoch 341, Train Loss: 0.17463768105353078, Test Loss: 0.5598761327564716 
2024-12-26 15:53:14,133 INFO: Epoch 342, Train Loss: 0.17745868188719596, Test Loss: 0.554514292627573 
2024-12-26 15:53:14,561 INFO: Epoch 343, Train Loss: 0.18369728567138796, Test Loss: 0.546509362757206 
2024-12-26 15:53:14,995 INFO: Epoch 344, Train Loss: 0.18745583872641286, Test Loss: 0.5461186356842518 
2024-12-26 15:53:15,420 INFO: Epoch 345, Train Loss: 0.18468140450216108, Test Loss: 0.5450870394706726 
2024-12-26 15:53:15,849 INFO: Epoch 346, Train Loss: 0.18214608680817387, Test Loss: 0.5589854717254639 
2024-12-26 15:53:16,274 INFO: Epoch 347, Train Loss: 0.18052046914254466, Test Loss: 0.5506368800997734 
2024-12-26 15:53:16,702 INFO: Epoch 348, Train Loss: 0.18163595757176798, Test Loss: 0.5451189689338207 
2024-12-26 15:53:17,125 INFO: Epoch 349, Train Loss: 0.17322133817980367, Test Loss: 0.5648146085441113 
2024-12-26 15:53:17,566 INFO: Epoch 350, Train Loss: 0.1830527998747364, Test Loss: 0.5682195536792278 
2024-12-26 15:53:17,997 INFO: Epoch 351, Train Loss: 0.1848577107152631, Test Loss: 0.5620209835469723 
2024-12-26 15:53:18,431 INFO: Epoch 352, Train Loss: 0.1888030594395053, Test Loss: 0.5483901165425777 
2024-12-26 15:53:18,858 INFO: Epoch 353, Train Loss: 0.17519685385688658, Test Loss: 0.5385835841298103 
2024-12-26 15:53:19,289 INFO: Epoch 354, Train Loss: 0.18064169946216768, Test Loss: 0.553697943687439 
2024-12-26 15:53:19,717 INFO: Epoch 355, Train Loss: 0.18099166981635556, Test Loss: 0.5543960630893707 
2024-12-26 15:53:20,146 INFO: Epoch 356, Train Loss: 0.17157200892125407, Test Loss: 0.5554567575454712 
2024-12-26 15:53:20,573 INFO: Epoch 357, Train Loss: 0.1733635918747994, Test Loss: 0.5487138889729977 
2024-12-26 15:53:21,002 INFO: Epoch 358, Train Loss: 0.17313824113338225, Test Loss: 0.5423824861645699 
2024-12-26 15:53:21,430 INFO: Epoch 359, Train Loss: 0.17615619397932483, Test Loss: 0.5522864200174809 
2024-12-26 15:53:21,860 INFO: Epoch 360, Train Loss: 0.17399861206931452, Test Loss: 0.5447586700320244 
2024-12-26 15:53:22,293 INFO: Epoch 361, Train Loss: 0.17535433173179626, Test Loss: 0.554108913987875 
2024-12-26 15:53:22,724 INFO: Epoch 362, Train Loss: 0.1647198022373261, Test Loss: 0.5637936182320118 
2024-12-26 15:53:23,153 INFO: Epoch 363, Train Loss: 0.17015203304829135, Test Loss: 0.5572546161711216 
2024-12-26 15:53:23,580 INFO: Epoch 364, Train Loss: 0.17116809948798148, Test Loss: 0.5577076189219952 
2024-12-26 15:53:24,009 INFO: Epoch 365, Train Loss: 0.18121194887545802, Test Loss: 0.5462697893381119 
2024-12-26 15:53:24,440 INFO: Epoch 366, Train Loss: 0.17846501955101568, Test Loss: 0.5292742662131786 
2024-12-26 15:53:24,873 INFO: Epoch 367, Train Loss: 0.1721355314216306, Test Loss: 0.5682455115020275 
2024-12-26 15:53:25,300 INFO: Epoch 368, Train Loss: 0.17186247244957956, Test Loss: 0.5532540082931519 
2024-12-26 15:53:25,729 INFO: Epoch 369, Train Loss: 0.16967014007029996, Test Loss: 0.5589075945317745 
2024-12-26 15:53:26,158 INFO: Epoch 370, Train Loss: 0.17908813203534774, Test Loss: 0.5305931568145752 
2024-12-26 15:53:26,581 INFO: Epoch 371, Train Loss: 0.16735710972739803, Test Loss: 0.5395942367613316 
2024-12-26 15:53:27,007 INFO: Epoch 372, Train Loss: 0.177167305782918, Test Loss: 0.539529837667942 
2024-12-26 15:53:27,440 INFO: Epoch 373, Train Loss: 0.17364236856660537, Test Loss: 0.5488867051899433 
2024-12-26 15:53:27,863 INFO: Epoch 374, Train Loss: 0.1797754668420361, Test Loss: 0.5674694925546646 
2024-12-26 15:53:28,289 INFO: Epoch 375, Train Loss: 0.18164732859980676, Test Loss: 0.5522990934550762 
2024-12-26 15:53:28,717 INFO: Epoch 376, Train Loss: 0.16833387483512202, Test Loss: 0.5546641126275063 
2024-12-26 15:53:29,147 INFO: Epoch 377, Train Loss: 0.17058521893716627, Test Loss: 0.5565363243222237 
2024-12-26 15:53:29,583 INFO: Epoch 378, Train Loss: 0.17015944469359615, Test Loss: 0.5553231053054333 
2024-12-26 15:53:30,011 INFO: Epoch 379, Train Loss: 0.1705359374323199, Test Loss: 0.5379736870527267 
2024-12-26 15:53:30,437 INFO: Epoch 380, Train Loss: 0.17747224242456497, Test Loss: 0.531602293252945 
2024-12-26 15:53:30,867 INFO: Epoch 381, Train Loss: 0.17365886992023838, Test Loss: 0.5417790189385414 
2024-12-26 15:53:31,293 INFO: Epoch 382, Train Loss: 0.16751547350037482, Test Loss: 0.5506733730435371 
2024-12-26 15:53:31,721 INFO: Epoch 383, Train Loss: 0.17324877698575297, Test Loss: 0.5489171594381332 
2024-12-26 15:53:32,150 INFO: Epoch 384, Train Loss: 0.16631425268227054, Test Loss: 0.544461902230978 
2024-12-26 15:53:32,578 INFO: Epoch 385, Train Loss: 0.1670848068691069, Test Loss: 0.544973261654377 
2024-12-26 15:53:33,011 INFO: Epoch 386, Train Loss: 0.1652052984122307, Test Loss: 0.5558881647884846 
2024-12-26 15:53:33,437 INFO: Epoch 387, Train Loss: 0.16652959008370677, Test Loss: 0.548165924847126 
2024-12-26 15:53:33,863 INFO: Epoch 388, Train Loss: 0.17020949456960924, Test Loss: 0.5428529866039753 
2024-12-26 15:53:34,290 INFO: Epoch 389, Train Loss: 0.1647770212542626, Test Loss: 0.5535375475883484 
2024-12-26 15:53:34,724 INFO: Epoch 390, Train Loss: 0.16211642517197516, Test Loss: 0.5629311352968216 
2024-12-26 15:53:35,151 INFO: Epoch 391, Train Loss: 0.16589875375070878, Test Loss: 0.5447532348334789 
2024-12-26 15:53:35,575 INFO: Epoch 392, Train Loss: 0.1679125029233194, Test Loss: 0.5408031120896339 
2024-12-26 15:53:36,002 INFO: Epoch 393, Train Loss: 0.1582326816935693, Test Loss: 0.5529001392424107 
2024-12-26 15:53:36,428 INFO: Epoch 394, Train Loss: 0.1675142386267262, Test Loss: 0.530732586979866 
2024-12-26 15:53:36,863 INFO: Epoch 395, Train Loss: 0.16631300074438896, Test Loss: 0.5363168641924858 
2024-12-26 15:53:37,301 INFO: Epoch 396, Train Loss: 0.17300305251152284, Test Loss: 0.5460545942187309 
2024-12-26 15:53:37,750 INFO: Epoch 397, Train Loss: 0.16544922994029138, Test Loss: 0.5340848080813885 
2024-12-26 15:53:38,213 INFO: Epoch 398, Train Loss: 0.15720457992246073, Test Loss: 0.5520534180104733 
2024-12-26 15:53:38,710 INFO: Epoch 399, Train Loss: 0.16453225333844462, Test Loss: 0.5374080985784531 
2024-12-26 15:53:39,205 INFO: Epoch 400, Train Loss: 0.16088359586654172, Test Loss: 0.5365178100764751 
2024-12-26 15:53:39,702 INFO: Epoch 401, Train Loss: 0.15887029997764096, Test Loss: 0.5493835359811783 
2024-12-26 15:53:40,158 INFO: Epoch 402, Train Loss: 0.15764841773817617, Test Loss: 0.532739520072937 
2024-12-26 15:53:40,611 INFO: Epoch 403, Train Loss: 0.15963873531549208, Test Loss: 0.5287481285631657 
2024-12-26 15:53:41,042 INFO: Epoch 404, Train Loss: 0.16822238939423714, Test Loss: 0.5232156775891781 
2024-12-26 15:53:41,467 INFO: Epoch 405, Train Loss: 0.16543946775697893, Test Loss: 0.5448905602097511 
2024-12-26 15:53:41,895 INFO: Epoch 406, Train Loss: 0.16563756427457255, Test Loss: 0.5520147979259491 
2024-12-26 15:53:42,355 INFO: Epoch 407, Train Loss: 0.1598074282369306, Test Loss: 0.5491216666996479 
2024-12-26 15:53:42,943 INFO: Epoch 408, Train Loss: 0.16925690635558097, Test Loss: 0.5350860804319382 
2024-12-26 15:53:43,510 INFO: Epoch 409, Train Loss: 0.161746084690094, Test Loss: 0.554950661957264 
2024-12-26 15:53:43,983 INFO: Epoch 410, Train Loss: 0.17028998847930663, Test Loss: 0.5496902614831924 
2024-12-26 15:53:44,447 INFO: Epoch 411, Train Loss: 0.16287034798053004, Test Loss: 0.5541336350142956 
2024-12-26 15:53:44,965 INFO: Epoch 412, Train Loss: 0.16283666895281884, Test Loss: 0.542472843080759 
2024-12-26 15:53:45,463 INFO: Epoch 413, Train Loss: 0.15489813180700426, Test Loss: 0.5486006774008274 
2024-12-26 15:53:45,988 INFO: Epoch 414, Train Loss: 0.15714557709232455, Test Loss: 0.5596595704555511 
2024-12-26 15:53:46,485 INFO: Epoch 415, Train Loss: 0.16402241275195154, Test Loss: 0.5586313083767891 
2024-12-26 15:53:46,923 INFO: Epoch 416, Train Loss: 0.1590771141552156, Test Loss: 0.5398134328424931 
2024-12-26 15:53:47,366 INFO: Epoch 417, Train Loss: 0.15708729432475182, Test Loss: 0.5382546223700047 
2024-12-26 15:53:47,858 INFO: Epoch 418, Train Loss: 0.15944393555964192, Test Loss: 0.5390659384429455 
2024-12-26 15:53:48,365 INFO: Epoch 419, Train Loss: 0.1634858128043913, Test Loss: 0.532767478376627 
2024-12-26 15:53:48,861 INFO: Epoch 420, Train Loss: 0.16089772168667085, Test Loss: 0.5318555198609829 
2024-12-26 15:53:49,334 INFO: Epoch 421, Train Loss: 0.15963468556442567, Test Loss: 0.5212390534579754 
2024-12-26 15:53:49,788 INFO: Epoch 422, Train Loss: 0.15254934180167415, Test Loss: 0.5199448764324188 
2024-12-26 15:53:50,342 INFO: Epoch 423, Train Loss: 0.1573403821356835, Test Loss: 0.5514779053628445 
2024-12-26 15:53:50,930 INFO: Epoch 424, Train Loss: 0.15248045637722937, Test Loss: 0.5276293382048607 
2024-12-26 15:53:51,404 INFO: Epoch 425, Train Loss: 0.16078541932567472, Test Loss: 0.5310145020484924 
2024-12-26 15:53:51,931 INFO: Epoch 426, Train Loss: 0.15128998482419598, Test Loss: 0.5305383615195751 
2024-12-26 15:53:52,380 INFO: Epoch 427, Train Loss: 0.15618895787385204, Test Loss: 0.5527394786477089 
2024-12-26 15:53:52,822 INFO: Epoch 428, Train Loss: 0.15404729593184688, Test Loss: 0.5336305871605873 
2024-12-26 15:53:53,270 INFO: Epoch 429, Train Loss: 0.16293027011617536, Test Loss: 0.5376322269439697 
2024-12-26 15:53:53,775 INFO: Epoch 430, Train Loss: 0.15592765687934815, Test Loss: 0.5419871173799038 
2024-12-26 15:53:54,225 INFO: Epoch 431, Train Loss: 0.15399142306658528, Test Loss: 0.553002342581749 
2024-12-26 15:53:54,664 INFO: Epoch 432, Train Loss: 0.15577309987237375, Test Loss: 0.5397200174629688 
2024-12-26 15:53:55,150 INFO: Epoch 433, Train Loss: 0.150227400324037, Test Loss: 0.538135789334774 
2024-12-26 15:53:55,579 INFO: Epoch 434, Train Loss: 0.16278776766792422, Test Loss: 0.5615775771439075 
2024-12-26 15:53:56,014 INFO: Epoch 435, Train Loss: 0.1548683100169705, Test Loss: 0.561786163598299 
2024-12-26 15:53:56,446 INFO: Epoch 436, Train Loss: 0.15858762182535663, Test Loss: 0.5725624822080135 
2024-12-26 15:53:56,876 INFO: Epoch 437, Train Loss: 0.1526074601757911, Test Loss: 0.5535104125738144 
2024-12-26 15:53:57,311 INFO: Epoch 438, Train Loss: 0.1560959695808349, Test Loss: 0.5523523315787315 
2024-12-26 15:53:57,737 INFO: Epoch 439, Train Loss: 0.15031953300199202, Test Loss: 0.5332365520298481 
2024-12-26 15:53:58,168 INFO: Epoch 440, Train Loss: 0.14758855152514674, Test Loss: 0.5467143170535564 
2024-12-26 15:53:58,596 INFO: Epoch 441, Train Loss: 0.15588588099325856, Test Loss: 0.5398982167243958 
2024-12-26 15:53:59,024 INFO: Epoch 442, Train Loss: 0.1475604698061943, Test Loss: 0.5365097112953663 
2024-12-26 15:53:59,458 INFO: Epoch 443, Train Loss: 0.15197466265770695, Test Loss: 0.5533588416874409 
2024-12-26 15:53:59,888 INFO: Epoch 444, Train Loss: 0.15204307677284365, Test Loss: 0.5444153361022472 
2024-12-26 15:54:00,324 INFO: Epoch 445, Train Loss: 0.15049456540615327, Test Loss: 0.5481953583657742 
2024-12-26 15:54:00,754 INFO: Epoch 446, Train Loss: 0.1521000008909933, Test Loss: 0.5349158123135567 
2024-12-26 15:54:01,189 INFO: Epoch 447, Train Loss: 0.14739768447414522, Test Loss: 0.5389143340289593 
2024-12-26 15:54:01,616 INFO: Epoch 448, Train Loss: 0.15249713462206624, Test Loss: 0.5477475337684155 
2024-12-26 15:54:02,046 INFO: Epoch 449, Train Loss: 0.15641491211229755, Test Loss: 0.5489542745053768 
2024-12-26 15:54:02,481 INFO: Epoch 450, Train Loss: 0.1532709581717368, Test Loss: 0.5440653786063194 
2024-12-26 15:54:02,909 INFO: Epoch 451, Train Loss: 0.14848689374423796, Test Loss: 0.5459439009428024 
2024-12-26 15:54:03,338 INFO: Epoch 452, Train Loss: 0.153550029281647, Test Loss: 0.5517987832427025 
2024-12-26 15:54:03,766 INFO: Epoch 453, Train Loss: 0.14730881995731784, Test Loss: 0.5410484671592712 
2024-12-26 15:54:04,197 INFO: Epoch 454, Train Loss: 0.16303417278874305, Test Loss: 0.5543196126818657 
2024-12-26 15:54:04,624 INFO: Epoch 455, Train Loss: 0.1615348787557694, Test Loss: 0.5700716003775597 
2024-12-26 15:54:05,059 INFO: Epoch 456, Train Loss: 0.15839304366419393, Test Loss: 0.5491963922977448 
2024-12-26 15:54:05,488 INFO: Epoch 457, Train Loss: 0.1497407574807444, Test Loss: 0.5450713820755482 
2024-12-26 15:54:05,915 INFO: Epoch 458, Train Loss: 0.1453411704109561, Test Loss: 0.5486192181706429 
2024-12-26 15:54:06,345 INFO: Epoch 459, Train Loss: 0.14999724419847613, Test Loss: 0.5412420369684696 
2024-12-26 15:54:06,775 INFO: Epoch 460, Train Loss: 0.14796411943051122, Test Loss: 0.5340039990842342 
2024-12-26 15:54:07,210 INFO: Epoch 461, Train Loss: 0.1523471775074159, Test Loss: 0.5463425032794476 
2024-12-26 15:54:07,636 INFO: Epoch 462, Train Loss: 0.14775681736007815, Test Loss: 0.5410657227039337 
2024-12-26 15:54:08,072 INFO: Epoch 463, Train Loss: 0.14526358102598497, Test Loss: 0.5432959012687206 
2024-12-26 15:54:08,515 INFO: Epoch 464, Train Loss: 0.15340719035556238, Test Loss: 0.5422353334724903 
2024-12-26 15:54:08,944 INFO: Epoch 465, Train Loss: 0.15205827235214173, Test Loss: 0.543730404227972 
2024-12-26 15:54:09,374 INFO: Epoch 466, Train Loss: 0.14502311305653665, Test Loss: 0.5372945889830589 
2024-12-26 15:54:09,802 INFO: Epoch 467, Train Loss: 0.15221469224460663, Test Loss: 0.5447388701140881 
2024-12-26 15:54:10,236 INFO: Epoch 468, Train Loss: 0.15062657767726528, Test Loss: 0.5452740639448166 
2024-12-26 15:54:10,664 INFO: Epoch 469, Train Loss: 0.1458796512696051, Test Loss: 0.5451073497533798 
2024-12-26 15:54:11,093 INFO: Epoch 470, Train Loss: 0.15125278095083852, Test Loss: 0.5481559112668037 
2024-12-26 15:54:11,523 INFO: Epoch 471, Train Loss: 0.14690139433068614, Test Loss: 0.5557324849069118 
2024-12-26 15:54:11,950 INFO: Epoch 472, Train Loss: 0.14473172349314536, Test Loss: 0.5427492521703243 
2024-12-26 15:54:12,379 INFO: Epoch 473, Train Loss: 0.14106825138292006, Test Loss: 0.548991285264492 
2024-12-26 15:54:12,805 INFO: Epoch 474, Train Loss: 0.15284506255580532, Test Loss: 0.5551078282296658 
2024-12-26 15:54:13,255 INFO: Epoch 475, Train Loss: 0.14190446345075483, Test Loss: 0.5404056794941425 
2024-12-26 15:54:13,683 INFO: Epoch 476, Train Loss: 0.14650919504704013, Test Loss: 0.5421911552548409 
2024-12-26 15:54:14,118 INFO: Epoch 477, Train Loss: 0.14970793551014316, Test Loss: 0.5501370280981064 
2024-12-26 15:54:14,548 INFO: Epoch 478, Train Loss: 0.14670755113324813, Test Loss: 0.5586254075169563 
2024-12-26 15:54:14,978 INFO: Epoch 479, Train Loss: 0.14649646272582392, Test Loss: 0.5476705357432365 
2024-12-26 15:54:15,408 INFO: Epoch 480, Train Loss: 0.14564947591673943, Test Loss: 0.5481533892452717 
2024-12-26 15:54:15,835 INFO: Epoch 481, Train Loss: 0.14598562448255478, Test Loss: 0.5337728410959244 
2024-12-26 15:54:16,264 INFO: Epoch 482, Train Loss: 0.14776418310019276, Test Loss: 0.5625459514558315 
2024-12-26 15:54:16,689 INFO: Epoch 483, Train Loss: 0.14375602862527292, Test Loss: 0.5450824238359928 
2024-12-26 15:54:17,119 INFO: Epoch 484, Train Loss: 0.14071782918707018, Test Loss: 0.5443773381412029 
2024-12-26 15:54:17,549 INFO: Epoch 485, Train Loss: 0.1504693374999108, Test Loss: 0.551580723375082 
2024-12-26 15:54:17,976 INFO: Epoch 486, Train Loss: 0.14355975749992556, Test Loss: 0.5587998293340206 
2024-12-26 15:54:18,401 INFO: Epoch 487, Train Loss: 0.15253858748943575, Test Loss: 0.5504143238067627 
2024-12-26 15:54:18,829 INFO: Epoch 488, Train Loss: 0.138091825189129, Test Loss: 0.5440111570060253 
2024-12-26 15:54:19,258 INFO: Epoch 489, Train Loss: 0.14454314064595006, Test Loss: 0.5563214160501957 
2024-12-26 15:54:19,688 INFO: Epoch 490, Train Loss: 0.14830179079886405, Test Loss: 0.5338883511722088 
2024-12-26 15:54:20,118 INFO: Epoch 491, Train Loss: 0.1551385118115333, Test Loss: 0.5294447839260101 
2024-12-26 15:54:20,550 INFO: Epoch 492, Train Loss: 0.1471324731265345, Test Loss: 0.5317262671887875 
2024-12-26 15:54:20,979 INFO: Epoch 493, Train Loss: 0.15093318565237906, Test Loss: 0.5372427254915237 
2024-12-26 15:54:21,408 INFO: Epoch 494, Train Loss: 0.13986051563293703, Test Loss: 0.5346897803246975 
2024-12-26 15:54:21,836 INFO: Epoch 495, Train Loss: 0.14309725790254532, Test Loss: 0.5238012485206127 
2024-12-26 15:54:22,269 INFO: Epoch 496, Train Loss: 0.14946821500216761, Test Loss: 0.5196165107190609 
2024-12-26 15:54:22,697 INFO: Epoch 497, Train Loss: 0.1472971684509708, Test Loss: 0.5210377536714077 
2024-12-26 15:54:23,133 INFO: Epoch 498, Train Loss: 0.1373764466374151, Test Loss: 0.5250072441995144 
2024-12-26 15:54:23,561 INFO: Epoch 499, Train Loss: 0.14410135366262927, Test Loss: 0.5398311764001846 
2024-12-26 15:54:23,989 INFO: Epoch 500, Train Loss: 0.14610025118435582, Test Loss: 0.5295402109622955 
2024-12-26 15:54:24,416 INFO: Epoch 501, Train Loss: 0.14613232160768203, Test Loss: 0.5408829897642136 
2024-12-26 15:54:24,846 INFO: Epoch 502, Train Loss: 0.1408968024676846, Test Loss: 0.5297408252954483 
2024-12-26 15:54:25,274 INFO: Epoch 503, Train Loss: 0.1395301660222392, Test Loss: 0.533753652125597 
2024-12-26 15:54:25,702 INFO: Epoch 504, Train Loss: 0.14205040710587655, Test Loss: 0.5563357174396515 
2024-12-26 15:54:26,128 INFO: Epoch 505, Train Loss: 0.13838400908054843, Test Loss: 0.5362423360347748 
2024-12-26 15:54:26,558 INFO: Epoch 506, Train Loss: 0.14380264402397216, Test Loss: 0.540613267570734 
2024-12-26 15:54:26,984 INFO: Epoch 507, Train Loss: 0.14748709312369745, Test Loss: 0.5534653142094612 
2024-12-26 15:54:27,411 INFO: Epoch 508, Train Loss: 0.14222036686635786, Test Loss: 0.5439142435789108 
2024-12-26 15:54:27,842 INFO: Epoch 509, Train Loss: 0.14219930936251918, Test Loss: 0.5351127050817013 
2024-12-26 15:54:28,271 INFO: Epoch 510, Train Loss: 0.13951581620400952, Test Loss: 0.5402620695531368 
2024-12-26 15:54:28,699 INFO: Epoch 511, Train Loss: 0.14288717964964529, Test Loss: 0.5476855337619781 
2024-12-26 15:54:29,126 INFO: Epoch 512, Train Loss: 0.14307988987814996, Test Loss: 0.5237191095948219 
2024-12-26 15:54:29,567 INFO: Epoch 513, Train Loss: 0.14211124398054614, Test Loss: 0.5416246764361858 
2024-12-26 15:54:29,997 INFO: Epoch 514, Train Loss: 0.13658415526151657, Test Loss: 0.5474586561322212 
2024-12-26 15:54:30,423 INFO: Epoch 515, Train Loss: 0.14047834084879968, Test Loss: 0.5432664677500725 
2024-12-26 15:54:30,850 INFO: Epoch 516, Train Loss: 0.13533695570884213, Test Loss: 0.549138817936182 
2024-12-26 15:54:31,277 INFO: Epoch 517, Train Loss: 0.14124099621849676, Test Loss: 0.5423026010394096 
2024-12-26 15:54:31,702 INFO: Epoch 518, Train Loss: 0.13975587222845323, Test Loss: 0.534362867474556 
2024-12-26 15:54:32,133 INFO: Epoch 519, Train Loss: 0.13885588198900223, Test Loss: 0.5284698642790318 
2024-12-26 15:54:32,564 INFO: Epoch 520, Train Loss: 0.1348807297406658, Test Loss: 0.526383638381958 
2024-12-26 15:54:32,991 INFO: Epoch 521, Train Loss: 0.13577087175461552, Test Loss: 0.5353580787777901 
2024-12-26 15:54:33,418 INFO: Epoch 522, Train Loss: 0.13859193892248214, Test Loss: 0.5462566539645195 
2024-12-26 15:54:33,844 INFO: Epoch 523, Train Loss: 0.14032179862260818, Test Loss: 0.5406949259340763 
2024-12-26 15:54:34,270 INFO: Epoch 524, Train Loss: 0.13691494277408045, Test Loss: 0.5382259152829647 
2024-12-26 15:54:34,697 INFO: Epoch 525, Train Loss: 0.13546816235588444, Test Loss: 0.5275835245847702 
2024-12-26 15:54:35,127 INFO: Epoch 526, Train Loss: 0.14299514024488388, Test Loss: 0.536004189401865 
2024-12-26 15:54:35,555 INFO: Epoch 527, Train Loss: 0.14148376834008, Test Loss: 0.5378923043608665 
2024-12-26 15:54:35,995 INFO: Epoch 528, Train Loss: 0.14461835185366292, Test Loss: 0.5451671481132507 
2024-12-26 15:54:36,422 INFO: Epoch 529, Train Loss: 0.1483003163049298, Test Loss: 0.5354629717767239 
2024-12-26 15:54:36,862 INFO: Epoch 530, Train Loss: 0.13674368541086873, Test Loss: 0.5353244245052338 
2024-12-26 15:54:37,300 INFO: Epoch 531, Train Loss: 0.14506220817565918, Test Loss: 0.5388575829565525 
2024-12-26 15:54:37,729 INFO: Epoch 532, Train Loss: 0.13852815450199188, Test Loss: 0.5483995415270329 
2024-12-26 15:54:38,149 INFO: Epoch 533, Train Loss: 0.14063777822640636, Test Loss: 0.5469546765089035 
2024-12-26 15:54:38,575 INFO: Epoch 534, Train Loss: 0.1427928622691862, Test Loss: 0.5350666046142578 
2024-12-26 15:54:39,013 INFO: Epoch 535, Train Loss: 0.1374566574250498, Test Loss: 0.5268610641360283 
2024-12-26 15:54:39,439 INFO: Epoch 536, Train Loss: 0.13160591260079416, Test Loss: 0.5296852290630341 
2024-12-26 15:54:39,871 INFO: Epoch 537, Train Loss: 0.14344406560544046, Test Loss: 0.5198939442634583 
2024-12-26 15:54:40,301 INFO: Epoch 538, Train Loss: 0.13887013663207332, Test Loss: 0.5448022782802582 
2024-12-26 15:54:40,728 INFO: Epoch 539, Train Loss: 0.14635633989687888, Test Loss: 0.5265983529388905 
2024-12-26 15:54:41,168 INFO: Epoch 540, Train Loss: 0.1321601415834119, Test Loss: 0.5311444215476513 
2024-12-26 15:54:41,597 INFO: Epoch 541, Train Loss: 0.1399523985962714, Test Loss: 0.5415006466209888 
2024-12-26 15:54:42,025 INFO: Epoch 542, Train Loss: 0.14173961262549123, Test Loss: 0.5301300585269928 
2024-12-26 15:54:42,451 INFO: Epoch 543, Train Loss: 0.13024669765464722, Test Loss: 0.5426465608179569 
2024-12-26 15:54:42,884 INFO: Epoch 544, Train Loss: 0.13474667168432666, Test Loss: 0.538078885525465 
2024-12-26 15:54:43,320 INFO: Epoch 545, Train Loss: 0.13479000858722195, Test Loss: 0.5448860712349415 
2024-12-26 15:54:43,751 INFO: Epoch 546, Train Loss: 0.13547737223486747, Test Loss: 0.5548635721206665 
2024-12-26 15:54:44,181 INFO: Epoch 547, Train Loss: 0.13662784786955004, Test Loss: 0.5451316274702549 
2024-12-26 15:54:44,606 INFO: Epoch 548, Train Loss: 0.13517981118732883, Test Loss: 0.5325684398412704 
2024-12-26 15:54:45,034 INFO: Epoch 549, Train Loss: 0.13514656861943583, Test Loss: 0.5412781164050102 
2024-12-26 15:54:45,461 INFO: Epoch 550, Train Loss: 0.12928101588641444, Test Loss: 0.5309436582028866 
2024-12-26 15:54:45,888 INFO: Epoch 551, Train Loss: 0.13296926117712451, Test Loss: 0.5273827724158764 
2024-12-26 15:54:46,317 INFO: Epoch 552, Train Loss: 0.1341007500886917, Test Loss: 0.5365146286785603 
2024-12-26 15:54:46,756 INFO: Epoch 553, Train Loss: 0.1346651921349187, Test Loss: 0.5381113290786743 
2024-12-26 15:54:47,183 INFO: Epoch 554, Train Loss: 0.13695509058813896, Test Loss: 0.5336079970002174 
2024-12-26 15:54:47,609 INFO: Epoch 555, Train Loss: 0.13500289090218082, Test Loss: 0.5386191941797733 
2024-12-26 15:54:48,037 INFO: Epoch 556, Train Loss: 0.13654186119956355, Test Loss: 0.5368194580078125 
2024-12-26 15:54:48,464 INFO: Epoch 557, Train Loss: 0.13333343209758883, Test Loss: 0.5368615947663784 
2024-12-26 15:54:48,889 INFO: Epoch 558, Train Loss: 0.1286998085917965, Test Loss: 0.521895557641983 
2024-12-26 15:54:49,320 INFO: Epoch 559, Train Loss: 0.13493092862829084, Test Loss: 0.5416089445352554 
2024-12-26 15:54:49,745 INFO: Epoch 560, Train Loss: 0.13172340176759229, Test Loss: 0.5301397107541561 
2024-12-26 15:54:50,177 INFO: Epoch 561, Train Loss: 0.1309963755549923, Test Loss: 0.5390993654727936 
2024-12-26 15:54:50,608 INFO: Epoch 562, Train Loss: 0.1317592647767836, Test Loss: 0.5300653129816055 
2024-12-26 15:54:51,046 INFO: Epoch 563, Train Loss: 0.13998848992970683, Test Loss: 0.5475176461040974 
2024-12-26 15:54:51,471 INFO: Epoch 564, Train Loss: 0.13484679234604682, Test Loss: 0.5351293720304966 
2024-12-26 15:54:51,897 INFO: Epoch 565, Train Loss: 0.13023396605445492, Test Loss: 0.5369940549135208 
2024-12-26 15:54:52,332 INFO: Epoch 566, Train Loss: 0.1373607660493543, Test Loss: 0.5363283529877663 
2024-12-26 15:54:52,760 INFO: Epoch 567, Train Loss: 0.13150269586232402, Test Loss: 0.5281567424535751 
2024-12-26 15:54:53,186 INFO: Epoch 568, Train Loss: 0.14041956321847054, Test Loss: 0.5362301655113697 
2024-12-26 15:54:53,613 INFO: Epoch 569, Train Loss: 0.1346148944670154, Test Loss: 0.5334528163075447 
2024-12-26 15:54:54,048 INFO: Epoch 570, Train Loss: 0.1368147913486727, Test Loss: 0.522907443344593 
2024-12-26 15:54:54,477 INFO: Epoch 571, Train Loss: 0.13326177361511415, Test Loss: 0.5244697965681553 
2024-12-26 15:54:54,908 INFO: Epoch 572, Train Loss: 0.1317837000373871, Test Loss: 0.5277108773589134 
2024-12-26 15:54:55,335 INFO: Epoch 573, Train Loss: 0.1298752770789208, Test Loss: 0.5298279710114002 
2024-12-26 15:54:55,781 INFO: Epoch 574, Train Loss: 0.1363434707445483, Test Loss: 0.5364948622882366 
2024-12-26 15:54:56,216 INFO: Epoch 575, Train Loss: 0.13140050970738934, Test Loss: 0.5391303151845932 
2024-12-26 15:54:56,658 INFO: Epoch 576, Train Loss: 0.1292375547270621, Test Loss: 0.5335938856005669 
2024-12-26 15:54:57,091 INFO: Epoch 577, Train Loss: 0.12747563109282525, Test Loss: 0.5260876640677452 
2024-12-26 15:54:57,533 INFO: Epoch 578, Train Loss: 0.13104334257302747, Test Loss: 0.5300283990800381 
2024-12-26 15:54:57,967 INFO: Epoch 579, Train Loss: 0.13214124522862897, Test Loss: 0.5408193059265614 
2024-12-26 15:54:58,419 INFO: Epoch 580, Train Loss: 0.13243146529120783, Test Loss: 0.5255281589925289 
2024-12-26 15:54:58,877 INFO: Epoch 581, Train Loss: 0.11909617892196102, Test Loss: 0.5351204089820385 
2024-12-26 15:54:59,330 INFO: Epoch 582, Train Loss: 0.13364783073625258, Test Loss: 0.5434415861964226 
2024-12-26 15:54:59,768 INFO: Epoch 583, Train Loss: 0.1328460242479078, Test Loss: 0.5152139402925968 
2024-12-26 15:55:00,193 INFO: Epoch 584, Train Loss: 0.12916946387098682, Test Loss: 0.5427514128386974 
2024-12-26 15:55:00,617 INFO: Epoch 585, Train Loss: 0.13472752633594698, Test Loss: 0.5315253995358944 
2024-12-26 15:55:01,046 INFO: Epoch 586, Train Loss: 0.1277476561165625, Test Loss: 0.5405691675841808 
2024-12-26 15:55:01,474 INFO: Epoch 587, Train Loss: 0.1254027387307536, Test Loss: 0.540794063359499 
2024-12-26 15:55:01,905 INFO: Epoch 588, Train Loss: 0.12738717924202642, Test Loss: 0.5365714617073536 
2024-12-26 15:55:02,335 INFO: Epoch 589, Train Loss: 0.12982763446146442, Test Loss: 0.5230539850890636 
2024-12-26 15:55:02,761 INFO: Epoch 590, Train Loss: 0.12734012425907196, Test Loss: 0.5349934659898281 
2024-12-26 15:55:03,191 INFO: Epoch 591, Train Loss: 0.1330295481508778, Test Loss: 0.5235630646348 
2024-12-26 15:55:03,619 INFO: Epoch 592, Train Loss: 0.1348007902983696, Test Loss: 0.5259710811078548 
2024-12-26 15:55:04,045 INFO: Epoch 593, Train Loss: 0.13026884270291175, Test Loss: 0.5357896685600281 
2024-12-26 15:55:04,474 INFO: Epoch 594, Train Loss: 0.13302784052587324, Test Loss: 0.5215580686926842 
2024-12-26 15:55:04,899 INFO: Epoch 595, Train Loss: 0.13012509360428778, Test Loss: 0.5474380776286125 
2024-12-26 15:55:05,328 INFO: Epoch 596, Train Loss: 0.13156549848856464, Test Loss: 0.5174013338983059 
2024-12-26 15:55:05,759 INFO: Epoch 597, Train Loss: 0.12863945720657224, Test Loss: 0.5247863456606865 
2024-12-26 15:55:06,187 INFO: Epoch 598, Train Loss: 0.1333759585695882, Test Loss: 0.5207206457853317 
2024-12-26 15:55:06,614 INFO: Epoch 599, Train Loss: 0.1310297284395464, Test Loss: 0.5408307276666164 
2024-12-26 15:55:07,042 INFO: Epoch 600, Train Loss: 0.13393669791759982, Test Loss: 0.5293130874633789 
2024-12-26 15:55:07,467 INFO: Epoch 601, Train Loss: 0.1330245971199005, Test Loss: 0.5415408462285995 
2024-12-26 15:55:07,898 INFO: Epoch 602, Train Loss: 0.13123843194015564, Test Loss: 0.531966470181942 
2024-12-26 15:55:08,325 INFO: Epoch 603, Train Loss: 0.12902827633004035, Test Loss: 0.5416037403047085 
2024-12-26 15:55:08,751 INFO: Epoch 604, Train Loss: 0.13148530861062388, Test Loss: 0.5423459708690643 
2024-12-26 15:55:09,177 INFO: Epoch 605, Train Loss: 0.12366880067894535, Test Loss: 0.5335316024720669 
2024-12-26 15:55:09,604 INFO: Epoch 606, Train Loss: 0.13163237490000262, Test Loss: 0.5359628610312939 
2024-12-26 15:55:10,029 INFO: Epoch 607, Train Loss: 0.1261523135246769, Test Loss: 0.540654256939888 
2024-12-26 15:55:10,452 INFO: Epoch 608, Train Loss: 0.129686119335313, Test Loss: 0.5349380597472191 
2024-12-26 15:55:10,883 INFO: Epoch 609, Train Loss: 0.13400818527706207, Test Loss: 0.5471530146896839 
2024-12-26 15:55:11,322 INFO: Epoch 610, Train Loss: 0.13417509967280972, Test Loss: 0.5471069887280464 
2024-12-26 15:55:11,749 INFO: Epoch 611, Train Loss: 0.13175208121538162, Test Loss: 0.5398881770670414 
2024-12-26 15:55:12,179 INFO: Epoch 612, Train Loss: 0.133020005399181, Test Loss: 0.5461962483823299 
2024-12-26 15:55:12,607 INFO: Epoch 613, Train Loss: 0.12595167972387805, Test Loss: 0.543427262455225 
2024-12-26 15:55:13,035 INFO: Epoch 614, Train Loss: 0.130471971246504, Test Loss: 0.5612009763717651 
2024-12-26 15:55:13,471 INFO: Epoch 615, Train Loss: 0.12852906820274168, Test Loss: 0.5415100492537022 
2024-12-26 15:55:13,899 INFO: Epoch 616, Train Loss: 0.1302700059548501, Test Loss: 0.5384541377425194 
2024-12-26 15:55:14,329 INFO: Epoch 617, Train Loss: 0.12473776696189758, Test Loss: 0.546799797564745 
2024-12-26 15:55:14,759 INFO: Epoch 618, Train Loss: 0.12926618658727215, Test Loss: 0.5421717315912247 
2024-12-26 15:55:15,184 INFO: Epoch 619, Train Loss: 0.121982290619804, Test Loss: 0.5274009667336941 
2024-12-26 15:55:15,612 INFO: Epoch 620, Train Loss: 0.13319943701067277, Test Loss: 0.530180174857378 
2024-12-26 15:55:16,039 INFO: Epoch 621, Train Loss: 0.12901193552440213, Test Loss: 0.5423431061208248 
2024-12-26 15:55:16,465 INFO: Epoch 622, Train Loss: 0.1283881637838579, Test Loss: 0.5458748415112495 
2024-12-26 15:55:16,890 INFO: Epoch 623, Train Loss: 0.1304835460839733, Test Loss: 0.5515561029314995 
2024-12-26 15:55:17,318 INFO: Epoch 624, Train Loss: 0.12336939044537083, Test Loss: 0.537136685103178 
2024-12-26 15:55:17,746 INFO: Epoch 625, Train Loss: 0.12700887961733726, Test Loss: 0.5237064175307751 
2024-12-26 15:55:18,183 INFO: Epoch 626, Train Loss: 0.13168797714094962, Test Loss: 0.5312043353915215 
2024-12-26 15:55:18,604 INFO: Epoch 627, Train Loss: 0.12493862644318611, Test Loss: 0.5302128754556179 
2024-12-26 15:55:19,034 INFO: Epoch 628, Train Loss: 0.1289939608785414, Test Loss: 0.5378903970122337 
2024-12-26 15:55:19,460 INFO: Epoch 629, Train Loss: 0.12629566293570302, Test Loss: 0.5325726494193077 
2024-12-26 15:55:19,889 INFO: Epoch 630, Train Loss: 0.12155573070049286, Test Loss: 0.5441087782382965 
2024-12-26 15:55:20,312 INFO: Epoch 631, Train Loss: 0.124267783857161, Test Loss: 0.5330449603497982 
2024-12-26 15:55:20,740 INFO: Epoch 632, Train Loss: 0.12616081944396418, Test Loss: 0.5305575244128704 
2024-12-26 15:55:21,167 INFO: Epoch 633, Train Loss: 0.12587458039483718, Test Loss: 0.5393976233899593 
2024-12-26 15:55:21,599 INFO: Epoch 634, Train Loss: 0.12959327380503377, Test Loss: 0.5240776836872101 
2024-12-26 15:55:22,028 INFO: Epoch 635, Train Loss: 0.12234047608029458, Test Loss: 0.5269481763243675 
2024-12-26 15:55:22,452 INFO: Epoch 636, Train Loss: 0.12818733626796353, Test Loss: 0.5218994580209255 
2024-12-26 15:55:22,879 INFO: Epoch 637, Train Loss: 0.12884452698692198, Test Loss: 0.5338833257555962 
2024-12-26 15:55:23,308 INFO: Epoch 638, Train Loss: 0.12689185503029055, Test Loss: 0.5530595779418945 
2024-12-26 15:55:23,738 INFO: Epoch 639, Train Loss: 0.12122790635593476, Test Loss: 0.5319288559257984 
2024-12-26 15:55:24,164 INFO: Epoch 640, Train Loss: 0.12196131483201057, Test Loss: 0.5470337644219398 
2024-12-26 15:55:24,591 INFO: Epoch 641, Train Loss: 0.1278283886851803, Test Loss: 0.5325848013162613 
2024-12-26 15:55:25,029 INFO: Epoch 642, Train Loss: 0.1233929518249727, Test Loss: 0.5112659260630608 
2024-12-26 15:55:25,478 INFO: Epoch 643, Train Loss: 0.12526393465457425, Test Loss: 0.5126087889075279 
2024-12-26 15:55:25,909 INFO: Epoch 644, Train Loss: 0.12235911935567856, Test Loss: 0.5216272622346878 
2024-12-26 15:55:26,342 INFO: Epoch 645, Train Loss: 0.1218943360351747, Test Loss: 0.5348948873579502 
2024-12-26 15:55:26,789 INFO: Epoch 646, Train Loss: 0.12665988264545316, Test Loss: 0.5220472775399685 
2024-12-26 15:55:27,220 INFO: Epoch 647, Train Loss: 0.12616715700395645, Test Loss: 0.5270330458879471 
2024-12-26 15:55:27,649 INFO: Epoch 648, Train Loss: 0.12499761725625684, Test Loss: 0.5379921868443489 
2024-12-26 15:55:28,086 INFO: Epoch 649, Train Loss: 0.12670489016079134, Test Loss: 0.5176926217973232 
2024-12-26 15:55:28,523 INFO: Epoch 650, Train Loss: 0.1228266074772804, Test Loss: 0.5247169733047485 
2024-12-26 15:55:28,961 INFO: Epoch 651, Train Loss: 0.12170031138004796, Test Loss: 0.5288143716752529 
2024-12-26 15:55:29,407 INFO: Epoch 652, Train Loss: 0.12008546965737496, Test Loss: 0.5294715911149979 
2024-12-26 15:55:29,840 INFO: Epoch 653, Train Loss: 0.12291416069192271, Test Loss: 0.511846736073494 
2024-12-26 15:55:30,330 INFO: Epoch 654, Train Loss: 0.1253200007542487, Test Loss: 0.528139241039753 
2024-12-26 15:55:30,823 INFO: Epoch 655, Train Loss: 0.12199863262714879, Test Loss: 0.5413259342312813 
2024-12-26 15:55:31,304 INFO: Epoch 656, Train Loss: 0.12080255751648257, Test Loss: 0.5245294496417046 
2024-12-26 15:55:31,812 INFO: Epoch 657, Train Loss: 0.12955738844410067, Test Loss: 0.5287161581218243 
2024-12-26 15:55:32,335 INFO: Epoch 658, Train Loss: 0.12212314264428231, Test Loss: 0.5339462049305439 
2024-12-26 15:55:32,841 INFO: Epoch 659, Train Loss: 0.12041018879221331, Test Loss: 0.5259894989430904 
2024-12-26 15:55:33,294 INFO: Epoch 660, Train Loss: 0.12308968916054695, Test Loss: 0.5199246294796467 
2024-12-26 15:55:33,729 INFO: Epoch 661, Train Loss: 0.1290956488059413, Test Loss: 0.5293813534080982 
2024-12-26 15:55:34,180 INFO: Epoch 662, Train Loss: 0.12742708407102094, Test Loss: 0.5304166674613953 
2024-12-26 15:55:34,606 INFO: Epoch 663, Train Loss: 0.1222217258426451, Test Loss: 0.5171256922185421 
2024-12-26 15:55:35,031 INFO: Epoch 664, Train Loss: 0.1218148001259373, Test Loss: 0.528687871992588 
2024-12-26 15:55:35,489 INFO: Epoch 665, Train Loss: 0.12477533110687809, Test Loss: 0.5096666552126408 
2024-12-26 15:55:36,027 INFO: Epoch 666, Train Loss: 0.12530986099473893, Test Loss: 0.544412549585104 
2024-12-26 15:55:36,544 INFO: Epoch 667, Train Loss: 0.12175632965180182, Test Loss: 0.5288236811757088 
2024-12-26 15:55:37,053 INFO: Epoch 668, Train Loss: 0.12530656471367804, Test Loss: 0.5298360846936703 
2024-12-26 15:55:37,552 INFO: Epoch 669, Train Loss: 0.12499768839728448, Test Loss: 0.5397060625255108 
2024-12-26 15:55:38,088 INFO: Epoch 670, Train Loss: 0.12348237729841663, Test Loss: 0.524636160582304 
2024-12-26 15:55:38,568 INFO: Epoch 671, Train Loss: 0.12521349927110056, Test Loss: 0.5140577666461468 
2024-12-26 15:55:39,016 INFO: Epoch 672, Train Loss: 0.12391921901895155, Test Loss: 0.519924383610487 
2024-12-26 15:55:39,503 INFO: Epoch 673, Train Loss: 0.1199615660213655, Test Loss: 0.5208250693976879 
2024-12-26 15:55:39,970 INFO: Epoch 674, Train Loss: 0.11483600327084141, Test Loss: 0.5379315055906773 
2024-12-26 15:55:40,563 INFO: Epoch 675, Train Loss: 0.12447337013098501, Test Loss: 0.5177418738603592 
2024-12-26 15:55:41,061 INFO: Epoch 676, Train Loss: 0.1259326908376909, Test Loss: 0.5388513542711735 
2024-12-26 15:55:41,570 INFO: Epoch 677, Train Loss: 0.12368353624497691, Test Loss: 0.5375787578523159 
2024-12-26 15:55:42,011 INFO: Epoch 678, Train Loss: 0.12578353237721226, Test Loss: 0.5182907655835152 
2024-12-26 15:55:42,464 INFO: Epoch 679, Train Loss: 0.12089850080590095, Test Loss: 0.5400383323431015 
2024-12-26 15:55:43,006 INFO: Epoch 680, Train Loss: 0.1258602358641163, Test Loss: 0.5444750115275383 
2024-12-26 15:55:43,528 INFO: Epoch 681, Train Loss: 0.12368461345472644, Test Loss: 0.52713468298316 
2024-12-26 15:55:43,998 INFO: Epoch 682, Train Loss: 0.12312555433281007, Test Loss: 0.5342965051531792 
2024-12-26 15:55:44,534 INFO: Epoch 683, Train Loss: 0.12669252267768305, Test Loss: 0.5426533073186874 
2024-12-26 15:55:45,143 INFO: Epoch 684, Train Loss: 0.12060620058928767, Test Loss: 0.5382376313209534 
2024-12-26 15:55:45,635 INFO: Epoch 685, Train Loss: 0.12072344941477622, Test Loss: 0.5325233861804008 
2024-12-26 15:55:46,125 INFO: Epoch 686, Train Loss: 0.12187871889721963, Test Loss: 0.5161082707345486 
2024-12-26 15:55:46,658 INFO: Epoch 687, Train Loss: 0.12210448086261749, Test Loss: 0.5100777894258499 
2024-12-26 15:55:47,145 INFO: Epoch 688, Train Loss: 0.12767877646030917, Test Loss: 0.5197282955050468 
2024-12-26 15:55:47,618 INFO: Epoch 689, Train Loss: 0.11482129270030607, Test Loss: 0.5355120487511158 
2024-12-26 15:55:48,155 INFO: Epoch 690, Train Loss: 0.11803096532821655, Test Loss: 0.5313924141228199 
2024-12-26 15:55:48,649 INFO: Epoch 691, Train Loss: 0.11890312404401841, Test Loss: 0.5347625315189362 
2024-12-26 15:55:49,103 INFO: Epoch 692, Train Loss: 0.11292910912344532, Test Loss: 0.53428765386343 
2024-12-26 15:55:49,635 INFO: Epoch 693, Train Loss: 0.11841341612800475, Test Loss: 0.5436231642961502 
2024-12-26 15:55:50,195 INFO: Epoch 694, Train Loss: 0.11725365226307223, Test Loss: 0.521441325545311 
2024-12-26 15:55:50,722 INFO: Epoch 695, Train Loss: 0.1171562974491427, Test Loss: 0.5369000136852264 
2024-12-26 15:55:51,173 INFO: Epoch 696, Train Loss: 0.128514519622249, Test Loss: 0.5406778380274773 
2024-12-26 15:55:51,635 INFO: Epoch 697, Train Loss: 0.11657260093958147, Test Loss: 0.5298957712948322 
2024-12-26 15:55:52,261 INFO: Epoch 698, Train Loss: 0.11955723334704677, Test Loss: 0.5379282385110855 
2024-12-26 15:55:52,805 INFO: Epoch 699, Train Loss: 0.12325701958710147, Test Loss: 0.536468580365181 
2024-12-26 15:55:53,523 INFO: Epoch 700, Train Loss: 0.12030476908529958, Test Loss: 0.5360065549612045 
2024-12-26 15:55:53,978 INFO: Epoch 701, Train Loss: 0.12420640405147307, Test Loss: 0.5272729881107807 
2024-12-26 15:55:54,569 INFO: Epoch 702, Train Loss: 0.11858276013405092, Test Loss: 0.5280194506049156 
2024-12-26 15:55:55,099 INFO: Epoch 703, Train Loss: 0.11759657100323707, Test Loss: 0.5375210829079151 
2024-12-26 15:55:55,560 INFO: Epoch 704, Train Loss: 0.11934210912835214, Test Loss: 0.539616622030735 
2024-12-26 15:55:56,083 INFO: Epoch 705, Train Loss: 0.12178974766885081, Test Loss: 0.5486949123442173 
2024-12-26 15:55:56,562 INFO: Epoch 706, Train Loss: 0.11730690372567024, Test Loss: 0.5213533826172352 
2024-12-26 15:55:57,076 INFO: Epoch 707, Train Loss: 0.11866198119617277, Test Loss: 0.5368245653808117 
2024-12-26 15:55:57,721 INFO: Epoch 708, Train Loss: 0.11545790876111676, Test Loss: 0.5239349715411663 
2024-12-26 15:55:58,220 INFO: Epoch 709, Train Loss: 0.12043070264400975, Test Loss: 0.510604202747345 
2024-12-26 15:55:58,676 INFO: Epoch 710, Train Loss: 0.1171634639463117, Test Loss: 0.5276728495955467 
2024-12-26 15:55:59,177 INFO: Epoch 711, Train Loss: 0.12071491825965143, Test Loss: 0.5346875227987766 
2024-12-26 15:55:59,646 INFO: Epoch 712, Train Loss: 0.11862219389407866, Test Loss: 0.5345894359052181 
2024-12-26 15:56:00,275 INFO: Epoch 713, Train Loss: 0.12062759697437286, Test Loss: 0.5439722761511803 
2024-12-26 15:56:00,939 INFO: Epoch 714, Train Loss: 0.1169406418358126, Test Loss: 0.5409843474626541 
2024-12-26 15:56:01,395 INFO: Epoch 715, Train Loss: 0.11578555765651888, Test Loss: 0.530852135270834 
2024-12-26 15:56:01,932 INFO: Epoch 716, Train Loss: 0.11926454089341625, Test Loss: 0.5558443367481232 
2024-12-26 15:56:02,436 INFO: Epoch 717, Train Loss: 0.12232493633224119, Test Loss: 0.5338962040841579 
2024-12-26 15:56:03,061 INFO: Epoch 718, Train Loss: 0.11708631462627841, Test Loss: 0.5398445837199688 
2024-12-26 15:56:03,527 INFO: Epoch 719, Train Loss: 0.12044821415216692, Test Loss: 0.5384931936860085 
2024-12-26 15:56:04,107 INFO: Epoch 720, Train Loss: 0.11516015664223701, Test Loss: 0.5172425098717213 
2024-12-26 15:56:04,599 INFO: Epoch 721, Train Loss: 0.12060770608725087, Test Loss: 0.5210774056613445 
2024-12-26 15:56:05,085 INFO: Epoch 722, Train Loss: 0.11710930856004838, Test Loss: 0.5226057693362236 
2024-12-26 15:56:05,597 INFO: Epoch 723, Train Loss: 0.1172134080721486, Test Loss: 0.5297601707279682 
2024-12-26 15:56:06,130 INFO: Epoch 724, Train Loss: 0.11770466210380677, Test Loss: 0.5279546268284321 
2024-12-26 15:56:06,736 INFO: Epoch 725, Train Loss: 0.11571540755610313, Test Loss: 0.5345506183803082 
2024-12-26 15:56:07,194 INFO: Epoch 726, Train Loss: 0.11706084734009158, Test Loss: 0.525764212012291 
2024-12-26 15:56:07,789 INFO: Epoch 727, Train Loss: 0.11615190294481093, Test Loss: 0.5222097523510456 
2024-12-26 15:56:08,309 INFO: Epoch 728, Train Loss: 0.1156425932722707, Test Loss: 0.5223766602575779 
2024-12-26 15:56:08,752 INFO: Epoch 729, Train Loss: 0.11237111928001527, Test Loss: 0.5309165008366108 
2024-12-26 15:56:09,326 INFO: Epoch 730, Train Loss: 0.11796794038626456, Test Loss: 0.5398453623056412 
2024-12-26 15:56:09,832 INFO: Epoch 731, Train Loss: 0.12037677438028398, Test Loss: 0.550701092928648 
2024-12-26 15:56:10,309 INFO: Epoch 732, Train Loss: 0.1160356911920732, Test Loss: 0.5523348115384579 
2024-12-26 15:56:10,844 INFO: Epoch 733, Train Loss: 0.11806835041892144, Test Loss: 0.5364126078784466 
2024-12-26 15:56:11,303 INFO: Epoch 734, Train Loss: 0.11568766039225363, Test Loss: 0.5284497104585171 
2024-12-26 15:56:11,759 INFO: Epoch 735, Train Loss: 0.11577203533341808, Test Loss: 0.5162993147969246 
2024-12-26 15:56:12,214 INFO: Epoch 736, Train Loss: 0.11687186985246596, Test Loss: 0.5180531144142151 
2024-12-26 15:56:12,701 INFO: Epoch 737, Train Loss: 0.11835544988993675, Test Loss: 0.5223347544670105 
2024-12-26 15:56:13,149 INFO: Epoch 738, Train Loss: 0.11157191713010112, Test Loss: 0.5276975147426128 
2024-12-26 15:56:13,582 INFO: Epoch 739, Train Loss: 0.12231651669548403, Test Loss: 0.5206014327704906 
2024-12-26 15:56:14,013 INFO: Epoch 740, Train Loss: 0.11537462857461744, Test Loss: 0.516924325376749 
2024-12-26 15:56:14,458 INFO: Epoch 741, Train Loss: 0.11911664734924993, Test Loss: 0.5274664089083672 
2024-12-26 15:56:14,909 INFO: Epoch 742, Train Loss: 0.11921431773131894, Test Loss: 0.518036425113678 
2024-12-26 15:56:15,348 INFO: Epoch 743, Train Loss: 0.11660771768900656, Test Loss: 0.516765471547842 
2024-12-26 15:56:15,781 INFO: Epoch 744, Train Loss: 0.11645657689340654, Test Loss: 0.539810411632061 
2024-12-26 15:56:16,215 INFO: Epoch 745, Train Loss: 0.1117441144681746, Test Loss: 0.5171339325606823 
2024-12-26 15:56:16,646 INFO: Epoch 746, Train Loss: 0.11479592828019973, Test Loss: 0.5377276204526424 
2024-12-26 15:56:17,086 INFO: Epoch 747, Train Loss: 0.11577225043889015, Test Loss: 0.5244718603789806 
2024-12-26 15:56:17,519 INFO: Epoch 748, Train Loss: 0.11599864882807578, Test Loss: 0.5311853624880314 
2024-12-26 15:56:17,946 INFO: Epoch 749, Train Loss: 0.11704336443255024, Test Loss: 0.5240212008357048 
2024-12-26 15:56:18,384 INFO: Epoch 750, Train Loss: 0.11697102842792388, Test Loss: 0.5136861428618431 
2024-12-26 15:56:18,815 INFO: Epoch 751, Train Loss: 0.11754376056694216, Test Loss: 0.5236467570066452 
2024-12-26 15:56:19,239 INFO: Epoch 752, Train Loss: 0.10925256436870943, Test Loss: 0.5273180976510048 
2024-12-26 15:56:19,660 INFO: Epoch 753, Train Loss: 0.1099623292684555, Test Loss: 0.529741209000349 
2024-12-26 15:56:20,088 INFO: Epoch 754, Train Loss: 0.11416806448851863, Test Loss: 0.5193034783005714 
2024-12-26 15:56:20,513 INFO: Epoch 755, Train Loss: 0.11145632882272044, Test Loss: 0.5449237003922462 
2024-12-26 15:56:20,944 INFO: Epoch 756, Train Loss: 0.11901394710425407, Test Loss: 0.5139606446027756 
2024-12-26 15:56:21,397 INFO: Epoch 757, Train Loss: 0.11902118594415727, Test Loss: 0.536956176161766 
2024-12-26 15:56:21,825 INFO: Epoch 758, Train Loss: 0.11679972131406108, Test Loss: 0.5211441591382027 
2024-12-26 15:56:22,258 INFO: Epoch 759, Train Loss: 0.11227158144597084, Test Loss: 0.525831788778305 
2024-12-26 15:56:22,696 INFO: Epoch 760, Train Loss: 0.11894671739109101, Test Loss: 0.5171596258878708 
2024-12-26 15:56:23,129 INFO: Epoch 761, Train Loss: 0.11477986362672621, Test Loss: 0.5274448543787003 
2024-12-26 15:56:23,565 INFO: Epoch 762, Train Loss: 0.11545807339491383, Test Loss: 0.5342152900993824 
2024-12-26 15:56:23,992 INFO: Epoch 763, Train Loss: 0.11446017026901245, Test Loss: 0.5157563760876656 
2024-12-26 15:56:24,416 INFO: Epoch 764, Train Loss: 0.11597989475534808, Test Loss: 0.5345020666718483 
2024-12-26 15:56:24,876 INFO: Epoch 765, Train Loss: 0.11818002092261468, Test Loss: 0.522743284702301 
2024-12-26 15:56:25,314 INFO: Epoch 766, Train Loss: 0.11169262110225615, Test Loss: 0.5311569720506668 
2024-12-26 15:56:25,762 INFO: Epoch 767, Train Loss: 0.1159966571196433, Test Loss: 0.5283944718539715 
2024-12-26 15:56:26,209 INFO: Epoch 768, Train Loss: 0.11190236215629885, Test Loss: 0.5326486527919769 
2024-12-26 15:56:26,644 INFO: Epoch 769, Train Loss: 0.11616947381727157, Test Loss: 0.5161243677139282 
2024-12-26 15:56:27,064 INFO: Epoch 770, Train Loss: 0.11636354149349275, Test Loss: 0.5410782769322395 
2024-12-26 15:56:27,514 INFO: Epoch 771, Train Loss: 0.11478337405189391, Test Loss: 0.5347405634820461 
2024-12-26 15:56:27,940 INFO: Epoch 772, Train Loss: 0.11599817151023496, Test Loss: 0.5216211564838886 
2024-12-26 15:56:28,370 INFO: Epoch 773, Train Loss: 0.11316787836051756, Test Loss: 0.5285420008003712 
2024-12-26 15:56:28,797 INFO: Epoch 774, Train Loss: 0.11334013674528368, Test Loss: 0.5357208363711834 
2024-12-26 15:56:29,225 INFO: Epoch 775, Train Loss: 0.11706534869247867, Test Loss: 0.5284220203757286 
2024-12-26 15:56:29,656 INFO: Epoch 776, Train Loss: 0.10925286046920284, Test Loss: 0.5264876000583172 
2024-12-26 15:56:30,089 INFO: Epoch 777, Train Loss: 0.11319275536844807, Test Loss: 0.5278388671576977 
2024-12-26 15:56:30,517 INFO: Epoch 778, Train Loss: 0.1202123410278751, Test Loss: 0.5230740122497082 
2024-12-26 15:56:30,941 INFO: Epoch 779, Train Loss: 0.11603114802029825, Test Loss: 0.5191374123096466 
2024-12-26 15:56:31,362 INFO: Epoch 780, Train Loss: 0.1145263830980947, Test Loss: 0.5231310129165649 
2024-12-26 15:56:31,812 INFO: Epoch 781, Train Loss: 0.1102849367645479, Test Loss: 0.5241023935377598 
2024-12-26 15:56:32,242 INFO: Epoch 782, Train Loss: 0.1093314744291767, Test Loss: 0.5197933316230774 
2024-12-26 15:56:32,676 INFO: Epoch 783, Train Loss: 0.11031265076129668, Test Loss: 0.5321665219962597 
2024-12-26 15:56:33,106 INFO: Epoch 784, Train Loss: 0.11892052187073615, Test Loss: 0.5335168614983559 
2024-12-26 15:56:33,534 INFO: Epoch 785, Train Loss: 0.11389937323908653, Test Loss: 0.5231100209057331 
2024-12-26 15:56:33,968 INFO: Epoch 786, Train Loss: 0.11668793640790447, Test Loss: 0.5167191661894321 
2024-12-26 15:56:34,392 INFO: Epoch 787, Train Loss: 0.11353807103249335, Test Loss: 0.5364383645355701 
2024-12-26 15:56:34,817 INFO: Epoch 788, Train Loss: 0.11131607813219871, Test Loss: 0.5223002098500729 
2024-12-26 15:56:35,242 INFO: Epoch 789, Train Loss: 0.11680357903242111, Test Loss: 0.5293734222650528 
2024-12-26 15:56:35,658 INFO: Epoch 790, Train Loss: 0.10946327688232545, Test Loss: 0.5362045541405678 
2024-12-26 15:56:36,066 INFO: Epoch 791, Train Loss: 0.11570457008577162, Test Loss: 0.5229951702058315 
2024-12-26 15:56:36,494 INFO: Epoch 792, Train Loss: 0.11074247091047225, Test Loss: 0.5196010023355484 
2024-12-26 15:56:36,920 INFO: Epoch 793, Train Loss: 0.11408991919409844, Test Loss: 0.5164520218968391 
2024-12-26 15:56:37,345 INFO: Epoch 794, Train Loss: 0.1110047118798379, Test Loss: 0.5302708372473717 
2024-12-26 15:56:37,769 INFO: Epoch 795, Train Loss: 0.11300817660747035, Test Loss: 0.5179407373070717 
2024-12-26 15:56:38,193 INFO: Epoch 796, Train Loss: 0.11319734156131744, Test Loss: 0.5293025523424149 
2024-12-26 15:56:38,615 INFO: Epoch 797, Train Loss: 0.11160389406065788, Test Loss: 0.5222829319536686 
2024-12-26 15:56:39,039 INFO: Epoch 798, Train Loss: 0.11500151791880207, Test Loss: 0.5251200795173645 
2024-12-26 15:56:39,468 INFO: Epoch 799, Train Loss: 0.11327684045799317, Test Loss: 0.5325892940163612 
2024-12-26 15:56:39,895 INFO: Epoch 800, Train Loss: 0.10752434499802128, Test Loss: 0.5252310149371624 
2024-12-26 15:56:39,895 INFO: Best Epoch 665, Best Test Loss: 0.5096666552126408 
