2025-01-10 10:08:56,645 INFO: namespace(attn_dropout=0.4, categories=[], cluster=3, depth=2, dim=32, ff_dropout=0.4, groups=[54, 54, 54], heads=4, name='AMFormer_simple_MLP_depth2', num_cate=0, num_cont=15, num_special_tokens=1, out=1, out_dim=1, predictor='simple_MLP', prod_num_per_group=[6, 6, 6], qk_relu=False, sum_num_per_group=[32, 16, 8], target_mode='regression', token_descent=False, use_cls_token=True, use_prod=True, use_sigmoid=True) 
2025-01-10 10:08:56,646 INFO: Dataset:Bike 
2025-01-10 10:08:56,646 INFO: ------Begin Training Model------ 
2025-01-10 10:09:01,578 INFO: Epoch 1, Train Loss: 0.8872951230871569, Test Loss: 0.7878829411097935, Inverse Test Loss: 4.50244276864188 
2025-01-10 10:09:03,128 INFO: Epoch 2, Train Loss: 0.8103869240218347, Test Loss: 0.7811536980526788, Inverse Test Loss: 5.0011171613420755 
2025-01-10 10:09:04,665 INFO: Epoch 3, Train Loss: 0.8032551500775399, Test Loss: 0.7687162735632488, Inverse Test Loss: 4.55411011832101 
2025-01-10 10:09:06,190 INFO: Epoch 4, Train Loss: 0.7963954817264451, Test Loss: 0.7645105293818882, Inverse Test Loss: 4.373246056692941 
2025-01-10 10:09:07,720 INFO: Epoch 5, Train Loss: 0.7896119618634565, Test Loss: 0.7618722830499921, Inverse Test Loss: 4.5019700186593195 
2025-01-10 10:09:09,243 INFO: Epoch 6, Train Loss: 0.7895710922162468, Test Loss: 0.7607469580003193, Inverse Test Loss: 4.34897095816476 
2025-01-10 10:09:10,795 INFO: Epoch 7, Train Loss: 0.786011064818146, Test Loss: 0.7571898315634046, Inverse Test Loss: 4.114319120134626 
2025-01-10 10:09:12,336 INFO: Epoch 8, Train Loss: 0.783213469960274, Test Loss: 0.7512177079916, Inverse Test Loss: 3.713665281023298 
2025-01-10 10:09:13,857 INFO: Epoch 9, Train Loss: 0.7792169796217472, Test Loss: 0.7442569221769061, Inverse Test Loss: 3.995840072631836 
2025-01-10 10:09:15,386 INFO: Epoch 10, Train Loss: 0.7775451087076729, Test Loss: 0.7522726953029633, Inverse Test Loss: 4.313153948102679 
2025-01-10 10:09:16,906 INFO: Epoch 11, Train Loss: 0.7782041288297111, Test Loss: 0.7584412332092013, Inverse Test Loss: 4.601322719029018 
2025-01-10 10:09:18,447 INFO: Epoch 12, Train Loss: 0.7741797807019785, Test Loss: 0.7490972514663424, Inverse Test Loss: 4.2188905988420755 
2025-01-10 10:09:19,979 INFO: Epoch 13, Train Loss: 0.7718302952040226, Test Loss: 0.738830206649644, Inverse Test Loss: 3.8716795785086497 
2025-01-10 10:09:21,504 INFO: Epoch 14, Train Loss: 0.7705350097166289, Test Loss: 0.7386992595025471, Inverse Test Loss: 3.9759420667375838 
2025-01-10 10:09:23,050 INFO: Epoch 15, Train Loss: 0.7704951664723387, Test Loss: 0.7436245658567974, Inverse Test Loss: 3.8073531559535434 
2025-01-10 10:09:24,571 INFO: Epoch 16, Train Loss: 0.7693704530733441, Test Loss: 0.7375206691878182, Inverse Test Loss: 4.044739042009626 
2025-01-10 10:09:26,103 INFO: Epoch 17, Train Loss: 0.7698473744436142, Test Loss: 0.743990250996181, Inverse Test Loss: 3.8226141248430525 
2025-01-10 10:09:27,630 INFO: Epoch 18, Train Loss: 0.7681975999009718, Test Loss: 0.7371617640767779, Inverse Test Loss: 3.773073196411133 
2025-01-10 10:09:29,158 INFO: Epoch 19, Train Loss: 0.7647253985798687, Test Loss: 0.7337112639631543, Inverse Test Loss: 3.7666029248918806 
2025-01-10 10:09:30,678 INFO: Epoch 20, Train Loss: 0.7648515351321719, Test Loss: 0.736054099031857, Inverse Test Loss: 3.903651373726981 
2025-01-10 10:09:32,222 INFO: Epoch 21, Train Loss: 0.7673730986927627, Test Loss: 0.7334321652139936, Inverse Test Loss: 3.920038495744978 
2025-01-10 10:09:33,745 INFO: Epoch 22, Train Loss: 0.7647312786601005, Test Loss: 0.7371279959167752, Inverse Test Loss: 4.000538417271206 
2025-01-10 10:09:35,269 INFO: Epoch 23, Train Loss: 0.7635455497907936, Test Loss: 0.7358215025493077, Inverse Test Loss: 3.96135984148298 
2025-01-10 10:09:36,795 INFO: Epoch 24, Train Loss: 0.7632429381029322, Test Loss: 0.7377527845757348, Inverse Test Loss: 3.7716334206717357 
2025-01-10 10:09:38,330 INFO: Epoch 25, Train Loss: 0.7616391865485305, Test Loss: 0.7358320845024926, Inverse Test Loss: 4.087116513933454 
2025-01-10 10:09:39,845 INFO: Epoch 26, Train Loss: 0.761378034539179, Test Loss: 0.7320013344287872, Inverse Test Loss: 4.023113250732422 
2025-01-10 10:09:41,352 INFO: Epoch 27, Train Loss: 0.7602264088228208, Test Loss: 0.736953684261867, Inverse Test Loss: 3.955268314906529 
2025-01-10 10:09:42,877 INFO: Epoch 28, Train Loss: 0.7603178390669166, Test Loss: 0.7318115064076015, Inverse Test Loss: 3.999913351876395 
2025-01-10 10:09:44,398 INFO: Epoch 29, Train Loss: 0.7589020619698621, Test Loss: 0.7290749571153096, Inverse Test Loss: 3.780846732003348 
2025-01-10 10:09:45,897 INFO: Epoch 30, Train Loss: 0.7598678207178728, Test Loss: 0.7297701899494443, Inverse Test Loss: 3.79028810773577 
2025-01-10 10:09:47,411 INFO: Epoch 31, Train Loss: 0.7563974955760011, Test Loss: 0.7273448748247964, Inverse Test Loss: 4.043785640171596 
2025-01-10 10:09:48,931 INFO: Epoch 32, Train Loss: 0.757871312285782, Test Loss: 0.729899023260389, Inverse Test Loss: 3.9760641370500838 
2025-01-10 10:09:50,475 INFO: Epoch 33, Train Loss: 0.7559809482425724, Test Loss: 0.7323512349809919, Inverse Test Loss: 4.0781547001429965 
2025-01-10 10:09:52,000 INFO: Epoch 34, Train Loss: 0.7553647472224104, Test Loss: 0.7269756283078875, Inverse Test Loss: 4.064014979771206 
2025-01-10 10:09:53,531 INFO: Epoch 35, Train Loss: 0.7551229525049892, Test Loss: 0.7396495427404132, Inverse Test Loss: 4.0083353860037665 
2025-01-10 10:09:55,044 INFO: Epoch 36, Train Loss: 0.7551353759721878, Test Loss: 0.7303405382803508, Inverse Test Loss: 4.157221385410854 
2025-01-10 10:09:56,561 INFO: Epoch 37, Train Loss: 0.7510353649428131, Test Loss: 0.7322849354573658, Inverse Test Loss: 4.166184834071568 
2025-01-10 10:09:58,084 INFO: Epoch 38, Train Loss: 0.7537817473805278, Test Loss: 0.7272454117025647, Inverse Test Loss: 3.9686186654227122 
2025-01-10 10:09:59,597 INFO: Epoch 39, Train Loss: 0.7521534020747613, Test Loss: 0.7340984450919288, Inverse Test Loss: 3.843697956630162 
2025-01-10 10:10:01,121 INFO: Epoch 40, Train Loss: 0.7518689287911862, Test Loss: 0.732178270816803, Inverse Test Loss: 3.785266876220703 
2025-01-10 10:10:02,639 INFO: Epoch 41, Train Loss: 0.7512044523834088, Test Loss: 0.7359795442649296, Inverse Test Loss: 3.957626615251814 
2025-01-10 10:10:04,152 INFO: Epoch 42, Train Loss: 0.7508544265677076, Test Loss: 0.7263764781611306, Inverse Test Loss: 4.172931671142578 
2025-01-10 10:10:05,669 INFO: Epoch 43, Train Loss: 0.750087585471092, Test Loss: 0.7314139860016959, Inverse Test Loss: 4.054408482142857 
2025-01-10 10:10:07,192 INFO: Epoch 44, Train Loss: 0.7484031516477603, Test Loss: 0.7256897411176136, Inverse Test Loss: 4.106532233101981 
2025-01-10 10:10:08,711 INFO: Epoch 45, Train Loss: 0.7488533887294454, Test Loss: 0.7261168914181846, Inverse Test Loss: 4.036867959158761 
2025-01-10 10:10:10,254 INFO: Epoch 46, Train Loss: 0.7471426167619337, Test Loss: 0.7291163142238345, Inverse Test Loss: 4.254022325788226 
2025-01-10 10:10:11,765 INFO: Epoch 47, Train Loss: 0.7475703150854198, Test Loss: 0.7244491044964109, Inverse Test Loss: 4.167198181152344 
2025-01-10 10:10:13,299 INFO: Epoch 48, Train Loss: 0.7469649216450682, Test Loss: 0.7301387339830399, Inverse Test Loss: 4.312558582850865 
2025-01-10 10:10:14,838 INFO: Epoch 49, Train Loss: 0.7486309857543455, Test Loss: 0.7307853720017842, Inverse Test Loss: 4.134363174438477 
2025-01-10 10:10:16,357 INFO: Epoch 50, Train Loss: 0.7469359773014663, Test Loss: 0.733220541051456, Inverse Test Loss: 4.315833227975028 
2025-01-10 10:10:17,867 INFO: Epoch 51, Train Loss: 0.7466314331107183, Test Loss: 0.7278916112014225, Inverse Test Loss: 4.030642373221261 
2025-01-10 10:10:19,382 INFO: Epoch 52, Train Loss: 0.7443945030553625, Test Loss: 0.7263470377240863, Inverse Test Loss: 3.9920057569231306 
2025-01-10 10:10:20,902 INFO: Epoch 53, Train Loss: 0.743584417968715, Test Loss: 0.7316039268459592, Inverse Test Loss: 4.251203536987305 
2025-01-10 10:10:22,426 INFO: Epoch 54, Train Loss: 0.7446233963747637, Test Loss: 0.7211048411471503, Inverse Test Loss: 3.934640884399414 
2025-01-10 10:10:23,964 INFO: Epoch 55, Train Loss: 0.7439140699325352, Test Loss: 0.7199073838336127, Inverse Test Loss: 4.0044354030064175 
2025-01-10 10:10:25,490 INFO: Epoch 56, Train Loss: 0.7437511551270791, Test Loss: 0.7206438247646604, Inverse Test Loss: 3.9891278403145924 
2025-01-10 10:10:27,013 INFO: Epoch 57, Train Loss: 0.7424347449880128, Test Loss: 0.7262141725846699, Inverse Test Loss: 4.088159833635602 
2025-01-10 10:10:28,521 INFO: Epoch 58, Train Loss: 0.7427489691918049, Test Loss: 0.720656196985926, Inverse Test Loss: 4.14506721496582 
2025-01-10 10:10:30,050 INFO: Epoch 59, Train Loss: 0.7406994366864545, Test Loss: 0.7239179526056562, Inverse Test Loss: 4.014964784894671 
2025-01-10 10:10:31,570 INFO: Epoch 60, Train Loss: 0.7399942606960962, Test Loss: 0.7198050788470677, Inverse Test Loss: 4.100312641688755 
2025-01-10 10:10:33,120 INFO: Epoch 61, Train Loss: 0.7396375668158225, Test Loss: 0.7268854571240289, Inverse Test Loss: 3.9676570892333984 
2025-01-10 10:10:34,643 INFO: Epoch 62, Train Loss: 0.7421860202736811, Test Loss: 0.722479624407632, Inverse Test Loss: 3.90256472996303 
2025-01-10 10:10:36,170 INFO: Epoch 63, Train Loss: 0.7424443150879046, Test Loss: 0.7202911866562707, Inverse Test Loss: 3.98370851789202 
2025-01-10 10:10:37,676 INFO: Epoch 64, Train Loss: 0.7396018915220138, Test Loss: 0.7191905954054424, Inverse Test Loss: 4.113042831420898 
2025-01-10 10:10:39,212 INFO: Epoch 65, Train Loss: 0.7423052191734314, Test Loss: 0.7254428544214794, Inverse Test Loss: 4.039001737322126 
2025-01-10 10:10:40,722 INFO: Epoch 66, Train Loss: 0.7406863575681634, Test Loss: 0.7154007405042648, Inverse Test Loss: 3.926406042916434 
2025-01-10 10:10:42,249 INFO: Epoch 67, Train Loss: 0.7365040604127656, Test Loss: 0.7275221518107823, Inverse Test Loss: 4.156458990914481 
2025-01-10 10:10:43,749 INFO: Epoch 68, Train Loss: 0.7382114786620534, Test Loss: 0.720885442835944, Inverse Test Loss: 4.167830875941685 
2025-01-10 10:10:45,278 INFO: Epoch 69, Train Loss: 0.7384249764844912, Test Loss: 0.7265333150114331, Inverse Test Loss: 3.9380318777901784 
2025-01-10 10:10:46,800 INFO: Epoch 70, Train Loss: 0.7385734740747224, Test Loss: 0.7272947643484388, Inverse Test Loss: 4.20496940612793 
2025-01-10 10:10:48,321 INFO: Epoch 71, Train Loss: 0.7372785276229229, Test Loss: 0.7263802375112262, Inverse Test Loss: 4.279401234218052 
2025-01-10 10:10:49,871 INFO: Epoch 72, Train Loss: 0.7344337882251915, Test Loss: 0.7255070550101144, Inverse Test Loss: 4.246545791625977 
2025-01-10 10:10:51,431 INFO: Epoch 73, Train Loss: 0.733663183833481, Test Loss: 0.7201413533517292, Inverse Test Loss: 3.9662246704101562 
2025-01-10 10:10:52,965 INFO: Epoch 74, Train Loss: 0.7359908584061019, Test Loss: 0.7205941740955625, Inverse Test Loss: 4.004253659929548 
2025-01-10 10:10:54,478 INFO: Epoch 75, Train Loss: 0.7360576123272607, Test Loss: 0.7188255361148289, Inverse Test Loss: 4.13361440386091 
2025-01-10 10:10:56,009 INFO: Epoch 76, Train Loss: 0.7360723778742169, Test Loss: 0.7202179453202656, Inverse Test Loss: 4.153608049665179 
2025-01-10 10:10:57,527 INFO: Epoch 77, Train Loss: 0.7344322051476995, Test Loss: 0.720027995961053, Inverse Test Loss: 4.020045416695731 
2025-01-10 10:10:59,057 INFO: Epoch 78, Train Loss: 0.7319977928739075, Test Loss: 0.7284917554685048, Inverse Test Loss: 4.071266719273159 
2025-01-10 10:11:00,594 INFO: Epoch 79, Train Loss: 0.7333562221002141, Test Loss: 0.7166106764759336, Inverse Test Loss: 3.8977748325892856 
2025-01-10 10:11:02,115 INFO: Epoch 80, Train Loss: 0.7338312350281881, Test Loss: 0.7210631455693927, Inverse Test Loss: 4.080300194876535 
2025-01-10 10:11:03,636 INFO: Epoch 81, Train Loss: 0.7305317105503257, Test Loss: 0.7219336096729551, Inverse Test Loss: 4.115927559988839 
2025-01-10 10:11:05,234 INFO: Epoch 82, Train Loss: 0.7318389552448867, Test Loss: 0.7203058238540377, Inverse Test Loss: 3.952019827706473 
2025-01-10 10:11:06,843 INFO: Epoch 83, Train Loss: 0.7303060976737136, Test Loss: 0.7262122226612908, Inverse Test Loss: 4.098549979073661 
2025-01-10 10:11:08,439 INFO: Epoch 84, Train Loss: 0.7290861108981141, Test Loss: 0.720891324537141, Inverse Test Loss: 4.137590953281948 
2025-01-10 10:11:09,975 INFO: Epoch 85, Train Loss: 0.7289973322404634, Test Loss: 0.7220415771007538, Inverse Test Loss: 4.0346815926688055 
2025-01-10 10:11:11,672 INFO: Epoch 86, Train Loss: 0.7311578557031964, Test Loss: 0.7220686354807445, Inverse Test Loss: 4.057589667184012 
2025-01-10 10:11:13,414 INFO: Epoch 87, Train Loss: 0.7321285818694928, Test Loss: 0.7200836603130613, Inverse Test Loss: 4.2621980394635886 
2025-01-10 10:11:15,072 INFO: Epoch 88, Train Loss: 0.7276975572656054, Test Loss: 0.722635737487248, Inverse Test Loss: 4.068030766078404 
2025-01-10 10:11:17,102 INFO: Epoch 89, Train Loss: 0.7277667298229462, Test Loss: 0.7190012846674237, Inverse Test Loss: 3.9881749834333147 
2025-01-10 10:11:19,144 INFO: Epoch 90, Train Loss: 0.7279360600567739, Test Loss: 0.7262613368885857, Inverse Test Loss: 4.190447126116071 
2025-01-10 10:11:21,166 INFO: Epoch 91, Train Loss: 0.7320063272747425, Test Loss: 0.7177111655473709, Inverse Test Loss: 4.0597043718610495 
2025-01-10 10:11:23,040 INFO: Epoch 92, Train Loss: 0.7268142683790364, Test Loss: 0.7270666360855103, Inverse Test Loss: 4.33209228515625 
2025-01-10 10:11:24,643 INFO: Epoch 93, Train Loss: 0.7261594539388604, Test Loss: 0.7237731346062252, Inverse Test Loss: 4.367100579398019 
2025-01-10 10:11:26,372 INFO: Epoch 94, Train Loss: 0.7281027222992084, Test Loss: 0.7188224813767842, Inverse Test Loss: 4.070138113839286 
2025-01-10 10:11:27,957 INFO: Epoch 95, Train Loss: 0.7255791857701923, Test Loss: 0.7219878882169724, Inverse Test Loss: 4.063639777047293 
2025-01-10 10:11:29,547 INFO: Epoch 96, Train Loss: 0.7246872777238899, Test Loss: 0.7202184540884835, Inverse Test Loss: 4.276904787336077 
2025-01-10 10:11:31,478 INFO: Epoch 97, Train Loss: 0.7249893546104431, Test Loss: 0.7237337572234017, Inverse Test Loss: 4.1507527487618585 
2025-01-10 10:11:33,116 INFO: Epoch 98, Train Loss: 0.7268428786085286, Test Loss: 0.725155907017844, Inverse Test Loss: 4.124736785888672 
2025-01-10 10:11:35,000 INFO: Epoch 99, Train Loss: 0.7257936400011045, Test Loss: 0.724884746330125, Inverse Test Loss: 4.1265138898577005 
2025-01-10 10:11:36,520 INFO: Epoch 100, Train Loss: 0.7233145105729409, Test Loss: 0.7253106704780033, Inverse Test Loss: 4.3165067945207864 
2025-01-10 10:11:36,520 INFO: Best Epoch 66, Best Test Loss: 0.7154007405042648 
2025-01-10 10:11:38,046 INFO: Epoch 101, Train Loss: 0.7247225975771563, Test Loss: 0.7200514440025602, Inverse Test Loss: 3.9740990230015347 
2025-01-10 10:11:39,564 INFO: Epoch 102, Train Loss: 0.7245810239686878, Test Loss: 0.7191557373319354, Inverse Test Loss: 4.061563219342913 
2025-01-10 10:11:41,074 INFO: Epoch 103, Train Loss: 0.723844273374715, Test Loss: 0.7258323984486716, Inverse Test Loss: 4.39225959777832 
2025-01-10 10:11:42,606 INFO: Epoch 104, Train Loss: 0.7212420674639011, Test Loss: 0.727757168667657, Inverse Test Loss: 4.27453477042062 
2025-01-10 10:11:44,125 INFO: Epoch 105, Train Loss: 0.7235848695859997, Test Loss: 0.7216695653540748, Inverse Test Loss: 3.892462594168527 
2025-01-10 10:11:45,651 INFO: Epoch 106, Train Loss: 0.7230083406518358, Test Loss: 0.7218180171080998, Inverse Test Loss: 4.050299508231027 
2025-01-10 10:11:47,176 INFO: Epoch 107, Train Loss: 0.7199922493838389, Test Loss: 0.7250500363962991, Inverse Test Loss: 4.00291987827846 
2025-01-10 10:11:48,698 INFO: Epoch 108, Train Loss: 0.7191017532567365, Test Loss: 0.7243250608444214, Inverse Test Loss: 4.175625664847238 
2025-01-10 10:11:50,209 INFO: Epoch 109, Train Loss: 0.7184826234065065, Test Loss: 0.7284774397100721, Inverse Test Loss: 4.372617176600865 
2025-01-10 10:11:51,730 INFO: Epoch 110, Train Loss: 0.7226025484023838, Test Loss: 0.7228309725012098, Inverse Test Loss: 4.237956455775669 
2025-01-10 10:11:53,301 INFO: Epoch 111, Train Loss: 0.7217911049860333, Test Loss: 0.7249530851840973, Inverse Test Loss: 4.24873297555106 
2025-01-10 10:11:54,956 INFO: Epoch 112, Train Loss: 0.7198419991983186, Test Loss: 0.725118813770158, Inverse Test Loss: 4.4011028834751675 
2025-01-10 10:11:56,548 INFO: Epoch 113, Train Loss: 0.7198068034758262, Test Loss: 0.724753873688834, Inverse Test Loss: 4.473370960780552 
2025-01-10 10:11:58,096 INFO: Epoch 114, Train Loss: 0.7211156044531306, Test Loss: 0.7291542610951832, Inverse Test Loss: 4.046787261962891 
2025-01-10 10:11:59,767 INFO: Epoch 115, Train Loss: 0.7161236372562724, Test Loss: 0.7279179734843118, Inverse Test Loss: 4.324640001569476 
2025-01-10 10:12:01,412 INFO: Epoch 116, Train Loss: 0.7163840958831507, Test Loss: 0.7257556979145322, Inverse Test Loss: 4.470663888113839 
2025-01-10 10:12:03,080 INFO: Epoch 117, Train Loss: 0.7200982751102623, Test Loss: 0.7216932816164834, Inverse Test Loss: 4.1051322392054965 
2025-01-10 10:12:04,818 INFO: Epoch 118, Train Loss: 0.7203901393697896, Test Loss: 0.7305147669145039, Inverse Test Loss: 4.24366079057966 
2025-01-10 10:12:06,447 INFO: Epoch 119, Train Loss: 0.7212217772772552, Test Loss: 0.7252632507256099, Inverse Test Loss: 4.2811399187360495 
2025-01-10 10:12:08,043 INFO: Epoch 120, Train Loss: 0.7187079623204853, Test Loss: 0.7253515209470477, Inverse Test Loss: 4.185094015938895 
2025-01-10 10:12:09,598 INFO: Epoch 121, Train Loss: 0.7197527398756884, Test Loss: 0.7284793385437557, Inverse Test Loss: 4.4364408765520364 
2025-01-10 10:12:11,254 INFO: Epoch 122, Train Loss: 0.7165418075859, Test Loss: 0.7304895520210266, Inverse Test Loss: 4.387107031685965 
2025-01-10 10:12:12,944 INFO: Epoch 123, Train Loss: 0.7150470871444142, Test Loss: 0.7273868088211332, Inverse Test Loss: 4.325925554547991 
2025-01-10 10:12:14,798 INFO: Epoch 124, Train Loss: 0.717539930015529, Test Loss: 0.7276145837136677, Inverse Test Loss: 4.04820305960519 
2025-01-10 10:12:16,602 INFO: Epoch 125, Train Loss: 0.7131533108719992, Test Loss: 0.7205655170338494, Inverse Test Loss: 3.9359335218157088 
2025-01-10 10:12:18,385 INFO: Epoch 126, Train Loss: 0.7151803653174584, Test Loss: 0.7248082309961319, Inverse Test Loss: 4.035078048706055 
2025-01-10 10:12:20,215 INFO: Epoch 127, Train Loss: 0.719232091116249, Test Loss: 0.7249830003295626, Inverse Test Loss: 3.8161253247942244 
2025-01-10 10:12:22,066 INFO: Epoch 128, Train Loss: 0.71323492439515, Test Loss: 0.7298961239201682, Inverse Test Loss: 4.261714935302734 
2025-01-10 10:12:23,968 INFO: Epoch 129, Train Loss: 0.7125350969647049, Test Loss: 0.7278398147651127, Inverse Test Loss: 4.616682870047433 
2025-01-10 10:12:25,754 INFO: Epoch 130, Train Loss: 0.71201561951856, Test Loss: 0.7261449652058738, Inverse Test Loss: 3.9776575905936107 
2025-01-10 10:12:27,756 INFO: Epoch 131, Train Loss: 0.7157306769572267, Test Loss: 0.723897955247334, Inverse Test Loss: 4.120570319039481 
2025-01-10 10:12:29,594 INFO: Epoch 132, Train Loss: 0.7154603841107919, Test Loss: 0.7243350531373706, Inverse Test Loss: 3.928043910435268 
2025-01-10 10:12:31,311 INFO: Epoch 133, Train Loss: 0.7125575569791531, Test Loss: 0.7243361260209765, Inverse Test Loss: 4.204568045479911 
2025-01-10 10:12:32,926 INFO: Epoch 134, Train Loss: 0.7133463643012791, Test Loss: 0.7271222110305514, Inverse Test Loss: 4.601332528250558 
2025-01-10 10:12:34,507 INFO: Epoch 135, Train Loss: 0.7117158568233525, Test Loss: 0.7255078873464039, Inverse Test Loss: 3.9128565107073103 
2025-01-10 10:12:36,150 INFO: Epoch 136, Train Loss: 0.7131204462926323, Test Loss: 0.7218869945832661, Inverse Test Loss: 3.8957317897251675 
2025-01-10 10:12:38,026 INFO: Epoch 137, Train Loss: 0.7149195200806364, Test Loss: 0.7222072418246951, Inverse Test Loss: 4.021754401070731 
2025-01-10 10:12:39,747 INFO: Epoch 138, Train Loss: 0.7099089463916394, Test Loss: 0.732067516871861, Inverse Test Loss: 4.487149102347238 
2025-01-10 10:12:41,414 INFO: Epoch 139, Train Loss: 0.7084265066943037, Test Loss: 0.7238827624491283, Inverse Test Loss: 4.0670206887381415 
2025-01-10 10:12:43,480 INFO: Epoch 140, Train Loss: 0.7091318357975112, Test Loss: 0.7265591153076717, Inverse Test Loss: 3.970129830496652 
2025-01-10 10:12:45,563 INFO: Epoch 141, Train Loss: 0.7145766019821167, Test Loss: 0.7325559152024133, Inverse Test Loss: 4.213887623378208 
2025-01-10 10:12:47,453 INFO: Epoch 142, Train Loss: 0.7155432176152501, Test Loss: 0.7331251012427467, Inverse Test Loss: 4.3600888933454245 
2025-01-10 10:12:49,257 INFO: Epoch 143, Train Loss: 0.7078970359006059, Test Loss: 0.7275321121726718, Inverse Test Loss: 4.33142444065639 
2025-01-10 10:12:51,123 INFO: Epoch 144, Train Loss: 0.7061872312782007, Test Loss: 0.7292661496571132, Inverse Test Loss: 4.426509312220982 
2025-01-10 10:12:52,958 INFO: Epoch 145, Train Loss: 0.709114425226089, Test Loss: 0.7279819271394184, Inverse Test Loss: 4.282114028930664 
2025-01-10 10:12:54,748 INFO: Epoch 146, Train Loss: 0.7102210926353385, Test Loss: 0.7269843454871859, Inverse Test Loss: 4.6864825657435825 
2025-01-10 10:12:56,590 INFO: Epoch 147, Train Loss: 0.7088763467762449, Test Loss: 0.7223108559846878, Inverse Test Loss: 4.073411124093192 
2025-01-10 10:12:58,475 INFO: Epoch 148, Train Loss: 0.7085935790604407, Test Loss: 0.7298736508403506, Inverse Test Loss: 4.529424394880023 
2025-01-10 10:13:00,340 INFO: Epoch 149, Train Loss: 0.7102517277822582, Test Loss: 0.7274042367935181, Inverse Test Loss: 4.27593503679548 
2025-01-10 10:13:02,430 INFO: Epoch 150, Train Loss: 0.7037904437528838, Test Loss: 0.7272100725344249, Inverse Test Loss: 4.533012117658343 
2025-01-10 10:13:04,334 INFO: Epoch 151, Train Loss: 0.703042177432174, Test Loss: 0.7303650272744042, Inverse Test Loss: 4.49183464050293 
2025-01-10 10:13:06,257 INFO: Epoch 152, Train Loss: 0.7102503749208713, Test Loss: 0.7280350582940238, Inverse Test Loss: 4.406553268432617 
2025-01-10 10:13:08,239 INFO: Epoch 153, Train Loss: 0.7033861820850897, Test Loss: 0.7291963206870216, Inverse Test Loss: 4.387124197823661 
2025-01-10 10:13:10,260 INFO: Epoch 154, Train Loss: 0.703290904333832, Test Loss: 0.7230819868189948, Inverse Test Loss: 4.087062835693359 
2025-01-10 10:13:12,203 INFO: Epoch 155, Train Loss: 0.7050399364681419, Test Loss: 0.7349579632282257, Inverse Test Loss: 4.107447760445731 
2025-01-10 10:13:14,112 INFO: Epoch 156, Train Loss: 0.7059181441954516, Test Loss: 0.7296326905488968, Inverse Test Loss: 4.372629710606167 
2025-01-10 10:13:16,197 INFO: Epoch 157, Train Loss: 0.7049757493745297, Test Loss: 0.7322421733822141, Inverse Test Loss: 4.181114196777344 
2025-01-10 10:13:17,964 INFO: Epoch 158, Train Loss: 0.7015477353279743, Test Loss: 0.7250945504222598, Inverse Test Loss: 4.292728424072266 
2025-01-10 10:13:19,674 INFO: Epoch 159, Train Loss: 0.7035065282375441, Test Loss: 0.7321803867816925, Inverse Test Loss: 3.9789344242640903 
2025-01-10 10:13:21,425 INFO: Epoch 160, Train Loss: 0.7054915176619083, Test Loss: 0.7278368089880262, Inverse Test Loss: 4.33630861554827 
2025-01-10 10:13:23,179 INFO: Epoch 161, Train Loss: 0.7059758108690244, Test Loss: 0.72320085976805, Inverse Test Loss: 3.962367194039481 
2025-01-10 10:13:24,813 INFO: Epoch 162, Train Loss: 0.701775287816284, Test Loss: 0.7282114284379142, Inverse Test Loss: 4.038815634591239 
2025-01-10 10:13:26,546 INFO: Epoch 163, Train Loss: 0.7019274158215304, Test Loss: 0.7261260407311576, Inverse Test Loss: 4.191185814993722 
2025-01-10 10:13:28,235 INFO: Epoch 164, Train Loss: 0.7007516059306783, Test Loss: 0.7296521535941533, Inverse Test Loss: 4.358007975987026 
2025-01-10 10:13:29,995 INFO: Epoch 165, Train Loss: 0.7031976826694033, Test Loss: 0.7374614498444966, Inverse Test Loss: 4.586595807756696 
2025-01-10 10:13:31,990 INFO: Epoch 166, Train Loss: 0.701407888066878, Test Loss: 0.7264346012047359, Inverse Test Loss: 4.062492915562221 
2025-01-10 10:13:33,880 INFO: Epoch 167, Train Loss: 0.7003413662997955, Test Loss: 0.7305420764854976, Inverse Test Loss: 4.218348911830357 
2025-01-10 10:13:35,911 INFO: Epoch 168, Train Loss: 0.6989849149633985, Test Loss: 0.7324333084481103, Inverse Test Loss: 4.072384425571987 
2025-01-10 10:13:37,779 INFO: Epoch 169, Train Loss: 0.7027385054378334, Test Loss: 0.729809643966811, Inverse Test Loss: 4.160688400268555 
2025-01-10 10:13:39,853 INFO: Epoch 170, Train Loss: 0.6994737517943076, Test Loss: 0.7342378795146942, Inverse Test Loss: 4.389942714146206 
2025-01-10 10:13:41,604 INFO: Epoch 171, Train Loss: 0.6990139588303522, Test Loss: 0.7277607981647763, Inverse Test Loss: 4.0645405905587335 
2025-01-10 10:13:43,354 INFO: Epoch 172, Train Loss: 0.6979496211086939, Test Loss: 0.727662918823106, Inverse Test Loss: 4.2498482295445035 
2025-01-10 10:13:44,979 INFO: Epoch 173, Train Loss: 0.6982289175374792, Test Loss: 0.7320012812103543, Inverse Test Loss: 4.080084392002651 
2025-01-10 10:13:46,649 INFO: Epoch 174, Train Loss: 0.6997358979435142, Test Loss: 0.7336852507931846, Inverse Test Loss: 3.990128653390067 
2025-01-10 10:13:48,296 INFO: Epoch 175, Train Loss: 0.6971328701448003, Test Loss: 0.7326525981937136, Inverse Test Loss: 4.089943749564035 
2025-01-10 10:13:50,019 INFO: Epoch 176, Train Loss: 0.7000622136877217, Test Loss: 0.7288215245519366, Inverse Test Loss: 4.163837705339704 
2025-01-10 10:13:51,979 INFO: Epoch 177, Train Loss: 0.696669207800419, Test Loss: 0.7312402363334384, Inverse Test Loss: 4.439109802246094 
2025-01-10 10:13:53,671 INFO: Epoch 178, Train Loss: 0.6996376104311112, Test Loss: 0.7273179739713669, Inverse Test Loss: 4.168298721313477 
2025-01-10 10:13:55,595 INFO: Epoch 179, Train Loss: 0.6976415110290597, Test Loss: 0.7336419246026448, Inverse Test Loss: 4.357707159859793 
2025-01-10 10:13:57,449 INFO: Epoch 180, Train Loss: 0.6974075595173267, Test Loss: 0.7319394477776119, Inverse Test Loss: 4.381044387817383 
2025-01-10 10:13:59,310 INFO: Epoch 181, Train Loss: 0.6998877049586095, Test Loss: 0.7297093740531376, Inverse Test Loss: 4.460388456072126 
2025-01-10 10:14:01,303 INFO: Epoch 182, Train Loss: 0.6969115274761795, Test Loss: 0.7325005680322647, Inverse Test Loss: 4.490732192993164 
2025-01-10 10:14:03,028 INFO: Epoch 183, Train Loss: 0.6968054328489741, Test Loss: 0.7245099523237774, Inverse Test Loss: 4.214900425502232 
2025-01-10 10:14:04,912 INFO: Epoch 184, Train Loss: 0.6977709537252373, Test Loss: 0.7333540660994393, Inverse Test Loss: 4.217174530029297 
2025-01-10 10:14:06,587 INFO: Epoch 185, Train Loss: 0.6947261417677643, Test Loss: 0.7286586484738758, Inverse Test Loss: 4.297648566109793 
2025-01-10 10:14:08,394 INFO: Epoch 186, Train Loss: 0.6961385142912558, Test Loss: 0.7298698574304581, Inverse Test Loss: 4.307411193847656 
2025-01-10 10:14:10,337 INFO: Epoch 187, Train Loss: 0.6938310287414341, Test Loss: 0.7294269566025052, Inverse Test Loss: 4.267604282924107 
2025-01-10 10:14:12,148 INFO: Epoch 188, Train Loss: 0.6934684132217267, Test Loss: 0.7319997825792858, Inverse Test Loss: 4.022832325526646 
2025-01-10 10:14:13,890 INFO: Epoch 189, Train Loss: 0.6964496073372867, Test Loss: 0.7334736202444349, Inverse Test Loss: 3.9858145032610213 
2025-01-10 10:14:15,720 INFO: Epoch 190, Train Loss: 0.6941478635193011, Test Loss: 0.7347392397267478, Inverse Test Loss: 4.528349740164621 
2025-01-10 10:14:17,679 INFO: Epoch 191, Train Loss: 0.6964909401508647, Test Loss: 0.7270877552883965, Inverse Test Loss: 4.104609898158482 
2025-01-10 10:14:19,811 INFO: Epoch 192, Train Loss: 0.6924465927508993, Test Loss: 0.7279225311108998, Inverse Test Loss: 4.345732552664621 
2025-01-10 10:14:21,744 INFO: Epoch 193, Train Loss: 0.6917405669842291, Test Loss: 0.7368673171315875, Inverse Test Loss: 3.9464179447719028 
2025-01-10 10:14:23,581 INFO: Epoch 194, Train Loss: 0.6959414203232581, Test Loss: 0.7351498263222831, Inverse Test Loss: 4.289890016828265 
2025-01-10 10:14:25,434 INFO: Epoch 195, Train Loss: 0.6886082521272362, Test Loss: 0.7256024799176625, Inverse Test Loss: 3.9808128901890347 
2025-01-10 10:14:27,513 INFO: Epoch 196, Train Loss: 0.6925878409945637, Test Loss: 0.7344103072370801, Inverse Test Loss: 4.282360076904297 
2025-01-10 10:14:29,150 INFO: Epoch 197, Train Loss: 0.6950182876455675, Test Loss: 0.7334476560354233, Inverse Test Loss: 4.14269174848284 
2025-01-10 10:14:30,999 INFO: Epoch 198, Train Loss: 0.6951373563993961, Test Loss: 0.7241102286747524, Inverse Test Loss: 4.081542423793247 
2025-01-10 10:14:32,957 INFO: Epoch 199, Train Loss: 0.6924076320928171, Test Loss: 0.733447905097689, Inverse Test Loss: 3.894101824079241 
