2025-06-18 14:41:19,919 INFO: log_path:/logs_2025_6_18_HS_mos2_L1/AMFormer_simple_KAN_dim32_depth2_heads4_dropout0.4_lr0.0001_3P 
2025-06-18 14:41:19,919 INFO: Model:namespace(attn_dropout=0.4, categories=[], cluster=3, depth=2, dim=32, ff_dropout=0.4, groups=[54, 54, 54], heads=4, name='AMFormer_simple_KAN_dim32_depth2_heads4_dropout0.4', num_cate=0, num_cont=20, num_special_tokens=1, out_dim=1, predictor='simple_KAN', prod_num_per_group=[6, 6, 6], qk_relu=False, static_fusion={'kan_weight': 0.4, 'trans_weight': 0.6}, sum_num_per_group=[32, 16, 8], target_mode='regression', token_descent=False, use_cls_token=True, use_prod=True, use_row_col_attention=True, use_sigmoid=True) 
2025-06-18 14:41:19,919 INFO: lr:0.0001, loss:L1 
2025-06-18 14:41:19,919 INFO: Dataset:HS_mos2, Target:['metal3_Peak'] 
2025-06-18 14:41:19,920 INFO: ------Begin Training Model------ 
2025-06-18 14:41:28,969 INFO: Epoch 1, Train Loss: 0.32045983071580075, Test Loss: 0.3125956514302422, Inverse Test Loss: 0.06973102864097147 
2025-06-18 14:41:32,005 INFO: Epoch 2, Train Loss: 0.29601713224793924, Test Loss: 0.281878238215166, Inverse Test Loss: 0.0650295203222948 
2025-06-18 14:41:35,001 INFO: Epoch 3, Train Loss: 0.272545058167342, Test Loss: 0.2564446163528106, Inverse Test Loss: 0.060845503693117815 
2025-06-18 14:41:38,037 INFO: Epoch 4, Train Loss: 0.255387631103848, Test Loss: 0.24916787708506866, Inverse Test Loss: 0.05935363778296639 
2025-06-18 14:41:40,968 INFO: Epoch 5, Train Loss: 0.24656271934509277, Test Loss: 0.2463175628115149, Inverse Test Loss: 0.05875082839937771 
2025-06-18 14:41:43,908 INFO: Epoch 6, Train Loss: 0.24219275717482422, Test Loss: 0.2463514769778532, Inverse Test Loss: 0.05885113337460686 
2025-06-18 14:41:46,869 INFO: Epoch 7, Train Loss: 0.23735771350788348, Test Loss: 0.23406192835639505, Inverse Test Loss: 0.05586381278493825 
2025-06-18 14:41:49,171 INFO: Epoch 8, Train Loss: 0.23150868668700708, Test Loss: 0.2293330448515275, Inverse Test Loss: 0.05449063747244723 
2025-06-18 14:41:50,888 INFO: Epoch 9, Train Loss: 0.22536528991027313, Test Loss: 0.22204902066903956, Inverse Test Loss: 0.052435358000152255 
2025-06-18 14:41:52,732 INFO: Epoch 10, Train Loss: 0.21853471219991194, Test Loss: 0.21781988091328564, Inverse Test Loss: 0.05042680856936118 
2025-06-18 14:41:54,589 INFO: Epoch 11, Train Loss: 0.21170877439506125, Test Loss: 0.20873626628342798, Inverse Test Loss: 0.04728673420408193 
2025-06-18 14:41:56,998 INFO: Epoch 12, Train Loss: 0.20717545237505075, Test Loss: 0.19457070178845348, Inverse Test Loss: 0.04273017912226565 
2025-06-18 14:41:59,506 INFO: Epoch 13, Train Loss: 0.19672407300183267, Test Loss: 0.18999368828885696, Inverse Test Loss: 0.03935268751400359 
2025-06-18 14:42:02,031 INFO: Epoch 14, Train Loss: 0.18780808545874828, Test Loss: 0.17437714864225948, Inverse Test Loss: 0.034378200659857076 
2025-06-18 14:42:04,748 INFO: Epoch 15, Train Loss: 0.17640543435559128, Test Loss: 0.1495988574974677, Inverse Test Loss: 0.028698975439457333 
2025-06-18 14:42:07,443 INFO: Epoch 16, Train Loss: 0.16443348879163916, Test Loss: 0.14036304898121776, Inverse Test Loss: 0.026362503002233365 
2025-06-18 14:42:10,093 INFO: Epoch 17, Train Loss: 0.15522585357680466, Test Loss: 0.12884679173721986, Inverse Test Loss: 0.023771836970220592 
2025-06-18 14:42:12,788 INFO: Epoch 18, Train Loss: 0.1454485020402706, Test Loss: 0.1207327531541095, Inverse Test Loss: 0.02214230690151453 
2025-06-18 14:42:15,464 INFO: Epoch 19, Train Loss: 0.13807204060933806, Test Loss: 0.11135294639012393, Inverse Test Loss: 0.020506629610762876 
2025-06-18 14:42:18,149 INFO: Epoch 20, Train Loss: 0.1356377938028538, Test Loss: 0.1081156090778463, Inverse Test Loss: 0.019956430529846865 
2025-06-18 14:42:20,870 INFO: Epoch 21, Train Loss: 0.13135853658119837, Test Loss: 0.10878596279551, Inverse Test Loss: 0.020012181361808497 
2025-06-18 14:42:23,544 INFO: Epoch 22, Train Loss: 0.12893057388789725, Test Loss: 0.10685092868173823, Inverse Test Loss: 0.01975704187198597 
2025-06-18 14:42:26,251 INFO: Epoch 23, Train Loss: 0.12572829143115968, Test Loss: 0.10917089660378064, Inverse Test Loss: 0.020134414546191692 
2025-06-18 14:42:28,940 INFO: Epoch 24, Train Loss: 0.12535799012491197, Test Loss: 0.10871267362552531, Inverse Test Loss: 0.020019586307599264 
2025-06-18 14:42:31,618 INFO: Epoch 25, Train Loss: 0.12144809306570978, Test Loss: 0.10305979716427185, Inverse Test Loss: 0.01904907521298703 
2025-06-18 14:42:34,320 INFO: Epoch 26, Train Loss: 0.12087839379003554, Test Loss: 0.09875635978053598, Inverse Test Loss: 0.01829296350479126 
2025-06-18 14:42:37,009 INFO: Epoch 27, Train Loss: 0.1215415359898047, Test Loss: 0.09872647747397423, Inverse Test Loss: 0.018297824406010264 
2025-06-18 14:42:39,653 INFO: Epoch 28, Train Loss: 0.12031368877400052, Test Loss: 0.09979020015281789, Inverse Test Loss: 0.01848023116369458 
2025-06-18 14:42:42,330 INFO: Epoch 29, Train Loss: 0.11832337555560199, Test Loss: 0.09538695128525004, Inverse Test Loss: 0.01772642634151613 
2025-06-18 14:42:45,016 INFO: Epoch 30, Train Loss: 0.1149131405082616, Test Loss: 0.09673151198555441, Inverse Test Loss: 0.018005138810943153 
2025-06-18 14:42:47,675 INFO: Epoch 31, Train Loss: 0.11632314437266553, Test Loss: 0.09745031967759132, Inverse Test Loss: 0.018119046574129778 
2025-06-18 14:42:50,343 INFO: Epoch 32, Train Loss: 0.11451301915627538, Test Loss: 0.0944327094099101, Inverse Test Loss: 0.017569706336978602 
2025-06-18 14:42:53,010 INFO: Epoch 33, Train Loss: 0.11331337295246846, Test Loss: 0.09453750774264336, Inverse Test Loss: 0.01758268793277881 
2025-06-18 14:42:55,702 INFO: Epoch 34, Train Loss: 0.11216490027127844, Test Loss: 0.09234065452919286, Inverse Test Loss: 0.017165211631971246 
2025-06-18 14:42:58,416 INFO: Epoch 35, Train Loss: 0.11148249527270143, Test Loss: 0.09259894051972557, Inverse Test Loss: 0.01728666464195532 
2025-06-18 14:43:01,066 INFO: Epoch 36, Train Loss: 0.1114732836457816, Test Loss: 0.09080612352665733, Inverse Test Loss: 0.016940322485478485 
2025-06-18 14:43:03,750 INFO: Epoch 37, Train Loss: 0.10983102588039456, Test Loss: 0.08937281786518939, Inverse Test Loss: 0.01668641360147911 
2025-06-18 14:43:06,457 INFO: Epoch 38, Train Loss: 0.10894127331222549, Test Loss: 0.08956227517303299, Inverse Test Loss: 0.016741229988196316 
2025-06-18 14:43:09,149 INFO: Epoch 39, Train Loss: 0.10792273074162728, Test Loss: 0.09403367384391673, Inverse Test Loss: 0.01756149426321773 
2025-06-18 14:43:11,773 INFO: Epoch 40, Train Loss: 0.10714222524653781, Test Loss: 0.08851954297107809, Inverse Test Loss: 0.016555133220904013 
2025-06-18 14:43:14,502 INFO: Epoch 41, Train Loss: 0.10670001838694919, Test Loss: 0.08787345535614911, Inverse Test Loss: 0.01641797657836886 
2025-06-18 14:43:17,180 INFO: Epoch 42, Train Loss: 0.10556047799235041, Test Loss: 0.08800129088408806, Inverse Test Loss: 0.016395700931110802 
2025-06-18 14:43:19,860 INFO: Epoch 43, Train Loss: 0.10431430951663942, Test Loss: 0.08688013014547966, Inverse Test Loss: 0.016270377289722946 
2025-06-18 14:43:22,504 INFO: Epoch 44, Train Loss: 0.10559850886012569, Test Loss: 0.0863371202174355, Inverse Test Loss: 0.01614500647958587 
2025-06-18 14:43:25,182 INFO: Epoch 45, Train Loss: 0.10459061243543119, Test Loss: 0.08597203037318062, Inverse Test Loss: 0.016111154766643748 
2025-06-18 14:43:27,907 INFO: Epoch 46, Train Loss: 0.10235769312941667, Test Loss: 0.08712372906944331, Inverse Test Loss: 0.016311577521264553 
2025-06-18 14:43:30,590 INFO: Epoch 47, Train Loss: 0.10195019367066296, Test Loss: 0.08796895120073767, Inverse Test Loss: 0.016471646233078313 
2025-06-18 14:43:33,274 INFO: Epoch 48, Train Loss: 0.10193226977505467, Test Loss: 0.08467556996380582, Inverse Test Loss: 0.015887593631358707 
2025-06-18 14:43:35,957 INFO: Epoch 49, Train Loss: 0.1004579368640076, Test Loss: 0.08444648367517135, Inverse Test Loss: 0.015871530343942782 
2025-06-18 14:43:38,614 INFO: Epoch 50, Train Loss: 0.09938343016035629, Test Loss: 0.08342088693205048, Inverse Test Loss: 0.015676173436291078 
2025-06-18 14:43:41,263 INFO: Epoch 51, Train Loss: 0.09971605196143642, Test Loss: 0.08360341037897502, Inverse Test Loss: 0.01571349032661494 
2025-06-18 14:43:43,914 INFO: Epoch 52, Train Loss: 0.10107134818804986, Test Loss: 0.0830774348886574, Inverse Test Loss: 0.01559169524732758 
2025-06-18 14:43:46,595 INFO: Epoch 53, Train Loss: 0.09931477819654075, Test Loss: 0.08281633367433268, Inverse Test Loss: 0.015555617454297403 
2025-06-18 14:43:49,310 INFO: Epoch 54, Train Loss: 0.09776592773921562, Test Loss: 0.08205534780726713, Inverse Test Loss: 0.015444483772358474 
2025-06-18 14:43:52,153 INFO: Epoch 55, Train Loss: 0.09667140143838795, Test Loss: 0.08236535046907033, Inverse Test Loss: 0.015480745528988978 
2025-06-18 14:43:54,945 INFO: Epoch 56, Train Loss: 0.09758386241667198, Test Loss: 0.0798754573744886, Inverse Test Loss: 0.015066050924360752 
2025-06-18 14:43:57,685 INFO: Epoch 57, Train Loss: 0.097768682139841, Test Loss: 0.0806228939224692, Inverse Test Loss: 0.015177139081060886 
2025-06-18 14:44:00,372 INFO: Epoch 58, Train Loss: 0.09659707326103341, Test Loss: 0.08066644651048324, Inverse Test Loss: 0.01520214996793691 
2025-06-18 14:44:03,053 INFO: Epoch 59, Train Loss: 0.09759414867695534, Test Loss: 0.0805193985648015, Inverse Test Loss: 0.015180414487772128 
2025-06-18 14:44:05,765 INFO: Epoch 60, Train Loss: 0.0933766443508141, Test Loss: 0.08060971866635715, Inverse Test Loss: 0.015178316546713604 
2025-06-18 14:44:08,430 INFO: Epoch 61, Train Loss: 0.0951791223364346, Test Loss: 0.0786015779218253, Inverse Test Loss: 0.014778573942535064 
2025-06-18 14:44:11,094 INFO: Epoch 62, Train Loss: 0.09359512122517283, Test Loss: 0.07912667446276721, Inverse Test Loss: 0.01490206052275265 
2025-06-18 14:44:13,814 INFO: Epoch 63, Train Loss: 0.09280138598247008, Test Loss: 0.07923048077260747, Inverse Test Loss: 0.014940706684308894 
2025-06-18 14:44:16,648 INFO: Epoch 64, Train Loss: 0.09325312061065977, Test Loss: 0.07860378964858897, Inverse Test Loss: 0.014847893213086268 
2025-06-18 14:44:19,530 INFO: Epoch 65, Train Loss: 0.09324162063950842, Test Loss: 0.0787727184155408, Inverse Test Loss: 0.014860361650147858 
2025-06-18 14:44:22,422 INFO: Epoch 66, Train Loss: 0.09163813146226334, Test Loss: 0.07679368599372752, Inverse Test Loss: 0.01451622842646697 
2025-06-18 14:44:25,253 INFO: Epoch 67, Train Loss: 0.0926936176238638, Test Loss: 0.07753185708733167, Inverse Test Loss: 0.014648412956910975 
2025-06-18 14:44:28,112 INFO: Epoch 68, Train Loss: 0.09244120634640708, Test Loss: 0.07732743506922442, Inverse Test Loss: 0.014614096514004119 
2025-06-18 14:44:30,835 INFO: Epoch 69, Train Loss: 0.09101672216572544, Test Loss: 0.07670509004417587, Inverse Test Loss: 0.014477872097974314 
2025-06-18 14:44:33,501 INFO: Epoch 70, Train Loss: 0.09121624487593319, Test Loss: 0.07773975523955681, Inverse Test Loss: 0.014682698994874954 
2025-06-18 14:44:36,163 INFO: Epoch 71, Train Loss: 0.09024207909224612, Test Loss: 0.07737119627349517, Inverse Test Loss: 0.014614680781960487 
2025-06-18 14:44:38,828 INFO: Epoch 72, Train Loss: 0.09014826149425724, Test Loss: 0.07937678672811564, Inverse Test Loss: 0.014979712829432067 
2025-06-18 14:44:41,512 INFO: Epoch 73, Train Loss: 0.09027362050432147, Test Loss: 0.07709224127671298, Inverse Test Loss: 0.014535365626215935 
2025-06-18 14:44:44,167 INFO: Epoch 74, Train Loss: 0.0896097371411143, Test Loss: 0.07705799512126867, Inverse Test Loss: 0.01456630344995681 
2025-06-18 14:44:46,817 INFO: Epoch 75, Train Loss: 0.09037302677152735, Test Loss: 0.07687711518476992, Inverse Test Loss: 0.014527655425755417 
2025-06-18 14:44:49,470 INFO: Epoch 76, Train Loss: 0.08965726140322107, Test Loss: 0.077390047338079, Inverse Test Loss: 0.014632904682965839 
2025-06-18 14:44:52,133 INFO: Epoch 77, Train Loss: 0.08846739267535282, Test Loss: 0.07542134361232028, Inverse Test Loss: 0.014275699086925563 
2025-06-18 14:44:54,805 INFO: Epoch 78, Train Loss: 0.08886289658645789, Test Loss: 0.07608772266437025, Inverse Test Loss: 0.014377756592105417 
2025-06-18 14:44:57,457 INFO: Epoch 79, Train Loss: 0.08796867874987198, Test Loss: 0.0751136138158686, Inverse Test Loss: 0.014200308277983876 
2025-06-18 14:45:00,140 INFO: Epoch 80, Train Loss: 0.08836626227606427, Test Loss: 0.07567786775967654, Inverse Test Loss: 0.014333960764548358 
2025-06-18 14:45:02,812 INFO: Epoch 81, Train Loss: 0.08907134418912006, Test Loss: 0.07509487538653262, Inverse Test Loss: 0.014183160629780853 
2025-06-18 14:45:05,480 INFO: Epoch 82, Train Loss: 0.08749014590725754, Test Loss: 0.07605741918087006, Inverse Test Loss: 0.01439525548587827 
2025-06-18 14:45:08,140 INFO: Epoch 83, Train Loss: 0.08883691612969745, Test Loss: 0.07671047002077103, Inverse Test Loss: 0.01452435229850166 
2025-06-18 14:45:10,828 INFO: Epoch 84, Train Loss: 0.08659521868508874, Test Loss: 0.07400319747188512, Inverse Test Loss: 0.014010049457497457 
2025-06-18 14:45:13,486 INFO: Epoch 85, Train Loss: 0.08633119358935139, Test Loss: 0.07607535579625298, Inverse Test Loss: 0.014362461317111464 
2025-06-18 14:45:16,159 INFO: Epoch 86, Train Loss: 0.08677600589439724, Test Loss: 0.07413756211890894, Inverse Test Loss: 0.01402151518884827 
2025-06-18 14:45:18,822 INFO: Epoch 87, Train Loss: 0.08598669872365215, Test Loss: 0.07410901521935183, Inverse Test Loss: 0.014014673775390667 
2025-06-18 14:45:21,546 INFO: Epoch 88, Train Loss: 0.08678485757925293, Test Loss: 0.07523304530802895, Inverse Test Loss: 0.014226523830610164 
2025-06-18 14:45:24,209 INFO: Epoch 89, Train Loss: 0.08694658388919903, Test Loss: 0.07477116365643109, Inverse Test Loss: 0.014106646810165224 
2025-06-18 14:45:26,920 INFO: Epoch 90, Train Loss: 0.0853526448322968, Test Loss: 0.07355223355047844, Inverse Test Loss: 0.01393239397336455 
2025-06-18 14:45:29,627 INFO: Epoch 91, Train Loss: 0.08648328217818882, Test Loss: 0.07378236335866592, Inverse Test Loss: 0.01395476354724344 
2025-06-18 14:45:32,350 INFO: Epoch 92, Train Loss: 0.08500876503460335, Test Loss: 0.07422773496193044, Inverse Test Loss: 0.01403281552826657 
2025-06-18 14:45:35,032 INFO: Epoch 93, Train Loss: 0.0851571387752439, Test Loss: 0.07347681702059858, Inverse Test Loss: 0.013884586528601014 
2025-06-18 14:45:37,696 INFO: Epoch 94, Train Loss: 0.0848962516721451, Test Loss: 0.07323733936337863, Inverse Test Loss: 0.013850501135868184 
2025-06-18 14:45:40,396 INFO: Epoch 95, Train Loss: 0.084920141450835, Test Loss: 0.0735212062649867, Inverse Test Loss: 0.013884615153074265 
2025-06-18 14:45:43,076 INFO: Epoch 96, Train Loss: 0.08504594546375853, Test Loss: 0.07353916150682113, Inverse Test Loss: 0.013902184389093342 
2025-06-18 14:45:45,756 INFO: Epoch 97, Train Loss: 0.08422277009848392, Test Loss: 0.07375550467301817, Inverse Test Loss: 0.013939354815246427 
2025-06-18 14:45:48,425 INFO: Epoch 98, Train Loss: 0.08318903319763415, Test Loss: 0.07274369522929192, Inverse Test Loss: 0.01375133273027399 
2025-06-18 14:45:51,090 INFO: Epoch 99, Train Loss: 0.08439339014391105, Test Loss: 0.07244452790302389, Inverse Test Loss: 0.01369707500014235 
2025-06-18 14:45:53,781 INFO: Epoch 100, Train Loss: 0.08372365773627252, Test Loss: 0.07223503905184128, Inverse Test Loss: 0.0136688609388383 
2025-06-18 14:45:53,781 INFO: Best Epoch 100, Best Test Loss: 0.07223503905184128, Inverse Test Loss: 0.0136688609388383 
2025-06-18 14:45:56,454 INFO: Epoch 101, Train Loss: 0.08413835343989459, Test Loss: 0.07197752397726564, Inverse Test Loss: 0.01357970156652086 
2025-06-18 14:45:59,129 INFO: Epoch 102, Train Loss: 0.0823807210633249, Test Loss: 0.07245158820467837, Inverse Test Loss: 0.013683340731350815 
2025-06-18 14:46:01,821 INFO: Epoch 103, Train Loss: 0.08326988723693472, Test Loss: 0.07162077089442927, Inverse Test Loss: 0.013557707699125303 
2025-06-18 14:46:04,524 INFO: Epoch 104, Train Loss: 0.08205172933186546, Test Loss: 0.07183998866992838, Inverse Test Loss: 0.013576500775182949 
2025-06-18 14:46:07,177 INFO: Epoch 105, Train Loss: 0.08259175757341312, Test Loss: 0.07207878985825707, Inverse Test Loss: 0.01364352008985246 
2025-06-18 14:46:10,044 INFO: Epoch 106, Train Loss: 0.08384999903765591, Test Loss: 0.07166172410635387, Inverse Test Loss: 0.013560237938209492 
2025-06-18 14:46:12,765 INFO: Epoch 107, Train Loss: 0.08144777905986164, Test Loss: 0.07164875593255549, Inverse Test Loss: 0.013529657002757578 
2025-06-18 14:46:15,419 INFO: Epoch 108, Train Loss: 0.0828415501411214, Test Loss: 0.07167875657186788, Inverse Test Loss: 0.013570562142002232 
2025-06-18 14:46:18,081 INFO: Epoch 109, Train Loss: 0.08242062710677132, Test Loss: 0.07113565942820381, Inverse Test Loss: 0.013446406324339263 
2025-06-18 14:46:20,775 INFO: Epoch 110, Train Loss: 0.08168094751961304, Test Loss: 0.07209499903461512, Inverse Test Loss: 0.013654980589361751 
2025-06-18 14:46:23,479 INFO: Epoch 111, Train Loss: 0.08279530472601905, Test Loss: 0.0713448311914416, Inverse Test Loss: 0.013482295195845997 
2025-06-18 14:46:26,125 INFO: Epoch 112, Train Loss: 0.08157658774518606, Test Loss: 0.0728723724537036, Inverse Test Loss: 0.013774332563009332 
2025-06-18 14:46:28,806 INFO: Epoch 113, Train Loss: 0.08121295781298117, Test Loss: 0.07136137476738762, Inverse Test Loss: 0.013515403603806216 
2025-06-18 14:46:31,482 INFO: Epoch 114, Train Loss: 0.08130755433530519, Test Loss: 0.07077487777261172, Inverse Test Loss: 0.013391883879461709 
2025-06-18 14:46:34,150 INFO: Epoch 115, Train Loss: 0.0819007023943193, Test Loss: 0.07206173613667488, Inverse Test Loss: 0.013615350458113587 
2025-06-18 14:46:36,846 INFO: Epoch 116, Train Loss: 0.08190952326086434, Test Loss: 0.07097361718907076, Inverse Test Loss: 0.013417239574825062 
2025-06-18 14:46:39,481 INFO: Epoch 117, Train Loss: 0.08140199349233598, Test Loss: 0.07098477136562853, Inverse Test Loss: 0.013430224868523724 
2025-06-18 14:46:42,141 INFO: Epoch 118, Train Loss: 0.08159079560727785, Test Loss: 0.0703051140641465, Inverse Test Loss: 0.013280766769586241 
2025-06-18 14:46:44,812 INFO: Epoch 119, Train Loss: 0.0810840002853762, Test Loss: 0.07008888419060146, Inverse Test Loss: 0.013245302992051138 
2025-06-18 14:46:47,454 INFO: Epoch 120, Train Loss: 0.08048389135210803, Test Loss: 0.06974320880630437, Inverse Test Loss: 0.013191038140040986 
2025-06-18 14:46:50,106 INFO: Epoch 121, Train Loss: 0.08115826039151712, Test Loss: 0.07077057089875727, Inverse Test Loss: 0.01339367834632011 
2025-06-18 14:46:52,762 INFO: Epoch 122, Train Loss: 0.08144838662084306, Test Loss: 0.07094169495736852, Inverse Test Loss: 0.013398149461649796 
2025-06-18 14:46:55,433 INFO: Epoch 123, Train Loss: 0.0799410826329029, Test Loss: 0.06905293727622312, Inverse Test Loss: 0.013058779350317577 
2025-06-18 14:46:58,102 INFO: Epoch 124, Train Loss: 0.08136322163045406, Test Loss: 0.07045386008480016, Inverse Test Loss: 0.013335518045898746 
2025-06-18 14:47:00,762 INFO: Epoch 125, Train Loss: 0.07972859585601272, Test Loss: 0.06950553090256803, Inverse Test Loss: 0.013138960745623884 
2025-06-18 14:47:03,423 INFO: Epoch 126, Train Loss: 0.07939712691939238, Test Loss: 0.06975857847753693, Inverse Test Loss: 0.013172538567553549 
2025-06-18 14:47:06,093 INFO: Epoch 127, Train Loss: 0.08028407005423849, Test Loss: 0.06954965148778523, Inverse Test Loss: 0.01314748141585904 
2025-06-18 14:47:08,748 INFO: Epoch 128, Train Loss: 0.07889819887438507, Test Loss: 0.0701428564155803, Inverse Test Loss: 0.01328057491713587 
2025-06-18 14:47:11,399 INFO: Epoch 129, Train Loss: 0.07930912370934631, Test Loss: 0.06917261156965704, Inverse Test Loss: 0.013075811541913188 
2025-06-18 14:47:14,066 INFO: Epoch 130, Train Loss: 0.07909858458195672, Test Loss: 0.0687893556759638, Inverse Test Loss: 0.012990516747402795 
2025-06-18 14:47:16,729 INFO: Epoch 131, Train Loss: 0.07895031610898899, Test Loss: 0.06927542980102931, Inverse Test Loss: 0.013083161210969967 
2025-06-18 14:47:19,392 INFO: Epoch 132, Train Loss: 0.07931832212841872, Test Loss: 0.0689762738697669, Inverse Test Loss: 0.013046137002461097 
2025-06-18 14:47:22,081 INFO: Epoch 133, Train Loss: 0.07899166417844368, Test Loss: 0.0693564029300914, Inverse Test Loss: 0.013100626494954614 
2025-06-18 14:47:24,779 INFO: Epoch 134, Train Loss: 0.07940076466536883, Test Loss: 0.06908202368546934, Inverse Test Loss: 0.01304688337532913 
2025-06-18 14:47:27,481 INFO: Epoch 135, Train Loss: 0.07872197483525131, Test Loss: 0.06920417814570315, Inverse Test Loss: 0.013054453767836094 
2025-06-18 14:47:30,150 INFO: Epoch 136, Train Loss: 0.07985239171169022, Test Loss: 0.06904466121512301, Inverse Test Loss: 0.01303892136167954 
2025-06-18 14:47:32,821 INFO: Epoch 137, Train Loss: 0.07819425873458385, Test Loss: 0.06919436507365283, Inverse Test Loss: 0.013078462852932075 
2025-06-18 14:47:35,470 INFO: Epoch 138, Train Loss: 0.07775434812135769, Test Loss: 0.06924493895734057, Inverse Test Loss: 0.013092986965442406 
2025-06-18 14:47:38,099 INFO: Epoch 139, Train Loss: 0.07750752782731345, Test Loss: 0.06914883391822085, Inverse Test Loss: 0.013062204973881735 
2025-06-18 14:47:40,731 INFO: Epoch 140, Train Loss: 0.0782768398974881, Test Loss: 0.06838567226248629, Inverse Test Loss: 0.012906106024542275 
2025-06-18 14:47:43,375 INFO: Epoch 141, Train Loss: 0.07822795895238717, Test Loss: 0.07012045558761149, Inverse Test Loss: 0.013253685278708445 
2025-06-18 14:47:46,028 INFO: Epoch 142, Train Loss: 0.07743244460134795, Test Loss: 0.06945439471917994, Inverse Test Loss: 0.01309922181398553 
2025-06-18 14:47:48,703 INFO: Epoch 143, Train Loss: 0.0771695574689092, Test Loss: 0.06953421870575231, Inverse Test Loss: 0.013108630089417976 
2025-06-18 14:47:51,335 INFO: Epoch 144, Train Loss: 0.07705839661260445, Test Loss: 0.0698426197118619, Inverse Test Loss: 0.013195426778539139 
2025-06-18 14:47:53,951 INFO: Epoch 145, Train Loss: 0.07707667220948321, Test Loss: 0.0685024511288194, Inverse Test Loss: 0.01296972475178978 
2025-06-18 14:47:56,582 INFO: Epoch 146, Train Loss: 0.07751360369112456, Test Loss: 0.06847743142177076, Inverse Test Loss: 0.01294727368718561 
2025-06-18 14:47:59,241 INFO: Epoch 147, Train Loss: 0.07666884136922432, Test Loss: 0.06874443459160187, Inverse Test Loss: 0.012970311786322034 
2025-06-18 14:48:01,911 INFO: Epoch 148, Train Loss: 0.0769346547736363, Test Loss: 0.06904450716341243, Inverse Test Loss: 0.013016133295262562 
2025-06-18 14:48:04,524 INFO: Epoch 149, Train Loss: 0.07733913573125999, Test Loss: 0.06842164432301241, Inverse Test Loss: 0.012904052513048929 
2025-06-18 14:48:07,179 INFO: Epoch 150, Train Loss: 0.07640671405489698, Test Loss: 0.06928461461382754, Inverse Test Loss: 0.013074061230701558 
2025-06-18 14:48:09,823 INFO: Epoch 151, Train Loss: 0.07662613210127209, Test Loss: 0.06886762183378725, Inverse Test Loss: 0.012978588039165033 
2025-06-18 14:48:12,468 INFO: Epoch 152, Train Loss: 0.07618384384973483, Test Loss: 0.06832198097425349, Inverse Test Loss: 0.012866198359166874 
2025-06-18 14:48:15,124 INFO: Epoch 153, Train Loss: 0.07628278411699063, Test Loss: 0.06846579492968671, Inverse Test Loss: 0.012902430669568917 
2025-06-18 14:48:17,799 INFO: Epoch 154, Train Loss: 0.07646039371011835, Test Loss: 0.06824893526294652, Inverse Test Loss: 0.012851806795772384 
2025-06-18 14:48:20,441 INFO: Epoch 155, Train Loss: 0.07613634258847345, Test Loss: 0.06854137361926191, Inverse Test Loss: 0.012879753238795436 
2025-06-18 14:48:23,124 INFO: Epoch 156, Train Loss: 0.07610118942278804, Test Loss: 0.06912003961556099, Inverse Test Loss: 0.013024638406932354 
2025-06-18 14:48:25,809 INFO: Epoch 157, Train Loss: 0.07623083206514518, Test Loss: 0.06815146632930812, Inverse Test Loss: 0.012868406908477055 
2025-06-18 14:48:28,544 INFO: Epoch 158, Train Loss: 0.07537775991879629, Test Loss: 0.06807097924106262, Inverse Test Loss: 0.01282584305633517 
2025-06-18 14:48:31,223 INFO: Epoch 159, Train Loss: 0.07557371439355792, Test Loss: 0.0691330950049793, Inverse Test Loss: 0.013015036909457515 
2025-06-18 14:48:34,136 INFO: Epoch 160, Train Loss: 0.07635017416693947, Test Loss: 0.06780580299742081, Inverse Test Loss: 0.01277397940044894 
2025-06-18 14:48:36,938 INFO: Epoch 161, Train Loss: 0.07581128659799244, Test Loss: 0.06946068103699123, Inverse Test Loss: 0.013032973196138354 
2025-06-18 14:48:39,756 INFO: Epoch 162, Train Loss: 0.07544612133819045, Test Loss: 0.0679985127028297, Inverse Test Loss: 0.012803201454088968 
2025-06-18 14:48:42,513 INFO: Epoch 163, Train Loss: 0.07580550370568578, Test Loss: 0.06816422654425397, Inverse Test Loss: 0.012848180855679162 
2025-06-18 14:48:45,272 INFO: Epoch 164, Train Loss: 0.07604713393657496, Test Loss: 0.06852529833421987, Inverse Test Loss: 0.012912703623228213 
2025-06-18 14:48:48,075 INFO: Epoch 165, Train Loss: 0.0750790588896383, Test Loss: 0.06825624559732045, Inverse Test Loss: 0.012822319452157793 
2025-06-18 14:48:50,869 INFO: Epoch 166, Train Loss: 0.07449456834883401, Test Loss: 0.06873502626138575, Inverse Test Loss: 0.012935969978570938 
2025-06-18 14:48:53,699 INFO: Epoch 167, Train Loss: 0.07469678365371445, Test Loss: 0.06900380968171008, Inverse Test Loss: 0.012980307041503051 
2025-06-18 14:48:56,433 INFO: Epoch 168, Train Loss: 0.07469574695057941, Test Loss: 0.0677459980635082, Inverse Test Loss: 0.01277455550563686 
2025-06-18 14:48:59,232 INFO: Epoch 169, Train Loss: 0.07497717078888055, Test Loss: 0.06799611646462889, Inverse Test Loss: 0.012807238573098885 
2025-06-18 14:49:02,005 INFO: Epoch 170, Train Loss: 0.0747917393278895, Test Loss: 0.06836164019563619, Inverse Test Loss: 0.012864160981467542 
2025-06-18 14:49:04,771 INFO: Epoch 171, Train Loss: 0.07484230946636561, Test Loss: 0.06753850158523111, Inverse Test Loss: 0.012735935914165834 
2025-06-18 14:49:07,505 INFO: Epoch 172, Train Loss: 0.0741345975548029, Test Loss: 0.06787724990178556, Inverse Test Loss: 0.012760515078244841 
2025-06-18 14:49:10,317 INFO: Epoch 173, Train Loss: 0.07453421254952748, Test Loss: 0.06713712500298724, Inverse Test Loss: 0.01262934026582276 
2025-06-18 14:49:13,043 INFO: Epoch 174, Train Loss: 0.0747247827662663, Test Loss: 0.06712270265116412, Inverse Test Loss: 0.01261537686428603 
2025-06-18 14:49:15,787 INFO: Epoch 175, Train Loss: 0.07377204129641707, Test Loss: 0.0678765368373955, Inverse Test Loss: 0.012773643412134227 
2025-06-18 14:49:18,488 INFO: Epoch 176, Train Loss: 0.0738195205728213, Test Loss: 0.06703112055273618, Inverse Test Loss: 0.012607234858852975 
2025-06-18 14:49:21,254 INFO: Epoch 177, Train Loss: 0.07403019228667924, Test Loss: 0.06829403691432055, Inverse Test Loss: 0.012864086146959487 
2025-06-18 14:49:23,981 INFO: Epoch 178, Train Loss: 0.07389656273704587, Test Loss: 0.06763346098801669, Inverse Test Loss: 0.012712827363215825 
2025-06-18 14:49:26,665 INFO: Epoch 179, Train Loss: 0.0732343066483736, Test Loss: 0.06798775800887276, Inverse Test Loss: 0.012794824481448707 
2025-06-18 14:49:29,337 INFO: Epoch 180, Train Loss: 0.07480599505431725, Test Loss: 0.06757562300738167, Inverse Test Loss: 0.012721270870636492 
2025-06-18 14:49:32,027 INFO: Epoch 181, Train Loss: 0.0728570447500908, Test Loss: 0.06812690724344815, Inverse Test Loss: 0.012779881739441086 
2025-06-18 14:49:34,743 INFO: Epoch 182, Train Loss: 0.07425789032695872, Test Loss: 0.0673338358893114, Inverse Test Loss: 0.012656774015768486 
2025-06-18 14:49:37,453 INFO: Epoch 183, Train Loss: 0.07322061033637235, Test Loss: 0.06700813288197797, Inverse Test Loss: 0.012580426930285552 
2025-06-18 14:49:40,134 INFO: Epoch 184, Train Loss: 0.0734342834488912, Test Loss: 0.06743005991858594, Inverse Test Loss: 0.012662949040532112 
2025-06-18 14:49:42,780 INFO: Epoch 185, Train Loss: 0.07349949798574953, Test Loss: 0.06742508731344167, Inverse Test Loss: 0.012643732815323508 
2025-06-18 14:49:45,447 INFO: Epoch 186, Train Loss: 0.0734148918453491, Test Loss: 0.06721769360934987, Inverse Test Loss: 0.012602452544824165 
2025-06-18 14:49:48,125 INFO: Epoch 187, Train Loss: 0.07309048092274954, Test Loss: 0.06688885193537264, Inverse Test Loss: 0.01256942524410346 
2025-06-18 14:49:50,778 INFO: Epoch 188, Train Loss: 0.07321162332752437, Test Loss: 0.0669217206099454, Inverse Test Loss: 0.01254588266944184 
2025-06-18 14:49:53,465 INFO: Epoch 189, Train Loss: 0.07334857072794077, Test Loss: 0.06681378273402944, Inverse Test Loss: 0.01253467401051346 
2025-06-18 14:49:56,135 INFO: Epoch 190, Train Loss: 0.07187640559718464, Test Loss: 0.0666462761514327, Inverse Test Loss: 0.012506720692138462 
2025-06-18 14:49:58,804 INFO: Epoch 191, Train Loss: 0.07266104966402054, Test Loss: 0.06724061115699656, Inverse Test Loss: 0.012611893005669117 
2025-06-18 14:50:01,488 INFO: Epoch 192, Train Loss: 0.07272459651258859, Test Loss: 0.06718048672465717, Inverse Test Loss: 0.012593073441701777 
2025-06-18 14:50:04,179 INFO: Epoch 193, Train Loss: 0.07345022989267652, Test Loss: 0.06725147607571938, Inverse Test Loss: 0.012620687375173849 
2025-06-18 14:50:06,836 INFO: Epoch 194, Train Loss: 0.07279312255030329, Test Loss: 0.06730334964745185, Inverse Test Loss: 0.012617630473173717 
2025-06-18 14:50:09,492 INFO: Epoch 195, Train Loss: 0.07178950405707865, Test Loss: 0.06738708453143344, Inverse Test Loss: 0.01262392574811683 
2025-06-18 14:50:12,186 INFO: Epoch 196, Train Loss: 0.07302613911980932, Test Loss: 0.06684321515700396, Inverse Test Loss: 0.012549576212597243 
2025-06-18 14:50:14,857 INFO: Epoch 197, Train Loss: 0.07303630989609343, Test Loss: 0.06682147282887907, Inverse Test Loss: 0.012550673420157503 
2025-06-18 14:50:17,521 INFO: Epoch 198, Train Loss: 0.07320405334008462, Test Loss: 0.06653120587853824, Inverse Test Loss: 0.012507155099335839 
2025-06-18 14:50:20,192 INFO: Epoch 199, Train Loss: 0.07248601148074324, Test Loss: 0.0680131460813915, Inverse Test Loss: 0.012740785968216026 
2025-06-18 14:50:22,903 INFO: Epoch 200, Train Loss: 0.07251139352041663, Test Loss: 0.06691864264361999, Inverse Test Loss: 0.012549038401202244 
2025-06-18 14:50:22,903 INFO: Best Epoch 198, Best Test Loss: 0.06653120587853824, Inverse Test Loss: 0.012507155099335839 
2025-06-18 14:50:25,655 INFO: Epoch 201, Train Loss: 0.07136515166723367, Test Loss: 0.06670897103407804, Inverse Test Loss: 0.012512311366770197 
2025-06-18 14:50:28,329 INFO: Epoch 202, Train Loss: 0.07165545592028083, Test Loss: 0.0666995747562717, Inverse Test Loss: 0.012519249363857158 
2025-06-18 14:50:31,005 INFO: Epoch 203, Train Loss: 0.07325232531310934, Test Loss: 0.06763897529419731, Inverse Test Loss: 0.012675234280964908 
2025-06-18 14:50:33,691 INFO: Epoch 204, Train Loss: 0.07177073406902226, Test Loss: 0.06629946477272931, Inverse Test Loss: 0.012433098683900693 
2025-06-18 14:50:36,377 INFO: Epoch 205, Train Loss: 0.07115251384675503, Test Loss: 0.06690722002702601, Inverse Test Loss: 0.012535074260085821 
2025-06-18 14:50:39,040 INFO: Epoch 206, Train Loss: 0.07182505681659236, Test Loss: 0.06697308403604171, Inverse Test Loss: 0.012533551383325282 
2025-06-18 14:50:41,713 INFO: Epoch 207, Train Loss: 0.07184279303659093, Test Loss: 0.06635555186692406, Inverse Test Loss: 0.012423279530861798 
2025-06-18 14:50:44,398 INFO: Epoch 208, Train Loss: 0.07169734167330193, Test Loss: 0.06654692112522967, Inverse Test Loss: 0.012440140578238404 
2025-06-18 14:50:47,065 INFO: Epoch 209, Train Loss: 0.07081999945821184, Test Loss: 0.06667352643083124, Inverse Test Loss: 0.01248707578462713 
2025-06-18 14:50:49,728 INFO: Epoch 210, Train Loss: 0.07164965852191954, Test Loss: 0.0669631243628614, Inverse Test Loss: 0.012512131046284647 
2025-06-18 14:50:52,384 INFO: Epoch 211, Train Loss: 0.07116999505369952, Test Loss: 0.06633999505463768, Inverse Test Loss: 0.012465513174367301 
2025-06-18 14:50:55,061 INFO: Epoch 212, Train Loss: 0.07119671994763793, Test Loss: 0.06641305347575861, Inverse Test Loss: 0.012440786642186782 
2025-06-18 14:50:57,718 INFO: Epoch 213, Train Loss: 0.07061557957168782, Test Loss: 0.06699059048996252, Inverse Test Loss: 0.012561233632047386 
2025-06-18 14:51:00,372 INFO: Epoch 214, Train Loss: 0.07110302212337653, Test Loss: 0.06701929253690384, Inverse Test Loss: 0.012580645654131384 
2025-06-18 14:51:03,076 INFO: Epoch 215, Train Loss: 0.07062625049641638, Test Loss: 0.0662955744739841, Inverse Test Loss: 0.01241079019382596 
2025-06-18 14:51:05,737 INFO: Epoch 216, Train Loss: 0.07098191081913131, Test Loss: 0.06673918489147634, Inverse Test Loss: 0.012493421323597431 
2025-06-18 14:51:08,438 INFO: Epoch 217, Train Loss: 0.0708579703262358, Test Loss: 0.06637854172902949, Inverse Test Loss: 0.012435506810160243 
2025-06-18 14:51:11,302 INFO: Epoch 218, Train Loss: 0.07030540693438414, Test Loss: 0.06641677657470983, Inverse Test Loss: 0.012451073620468378 
2025-06-18 14:51:13,994 INFO: Epoch 219, Train Loss: 0.06959427853651119, Test Loss: 0.06647245848880094, Inverse Test Loss: 0.012471129926031126 
2025-06-18 14:51:16,662 INFO: Epoch 220, Train Loss: 0.07075175400258917, Test Loss: 0.0666499484111281, Inverse Test Loss: 0.012489641468752833 
2025-06-18 14:51:19,318 INFO: Epoch 221, Train Loss: 0.07067021662651589, Test Loss: 0.06646273613852613, Inverse Test Loss: 0.01244220427949639 
2025-06-18 14:51:22,015 INFO: Epoch 222, Train Loss: 0.0696797352848631, Test Loss: 0.06685729653519742, Inverse Test Loss: 0.012503795353147914 
2025-06-18 14:51:24,694 INFO: Epoch 223, Train Loss: 0.07056699168275703, Test Loss: 0.06708147815045189, Inverse Test Loss: 0.012585459167466444 
2025-06-18 14:51:27,392 INFO: Epoch 224, Train Loss: 0.07021334445611997, Test Loss: 0.06627540531403878, Inverse Test Loss: 0.012417576522292459 
2025-06-18 14:51:30,091 INFO: Epoch 225, Train Loss: 0.06999441016126763, Test Loss: 0.06587232474018545, Inverse Test Loss: 0.012333906447405325 
2025-06-18 14:51:32,752 INFO: Epoch 226, Train Loss: 0.07020419734445485, Test Loss: 0.06668208035476067, Inverse Test Loss: 0.012501348467434155 
2025-06-18 14:51:35,415 INFO: Epoch 227, Train Loss: 0.06980110916563055, Test Loss: 0.0664013444500811, Inverse Test Loss: 0.012414472999379915 
2025-06-18 14:51:38,083 INFO: Epoch 228, Train Loss: 0.06977005918143374, Test Loss: 0.06685085090644219, Inverse Test Loss: 0.012488089994910885 
2025-06-18 14:51:40,744 INFO: Epoch 229, Train Loss: 0.06981696724665887, Test Loss: 0.06656907082480543, Inverse Test Loss: 0.012454226256950814 
2025-06-18 14:51:43,409 INFO: Epoch 230, Train Loss: 0.07020057286276962, Test Loss: 0.0668714714839178, Inverse Test Loss: 0.012482567936839425 
2025-06-18 14:51:46,049 INFO: Epoch 231, Train Loss: 0.06884918102260792, Test Loss: 0.06628112889388028, Inverse Test Loss: 0.01240022129872266 
2025-06-18 14:51:48,704 INFO: Epoch 232, Train Loss: 0.0692184775164633, Test Loss: 0.0664367667015861, Inverse Test Loss: 0.012420986039454447 
2025-06-18 14:51:51,359 INFO: Epoch 233, Train Loss: 0.06961438124717186, Test Loss: 0.06617607877534978, Inverse Test Loss: 0.01238055809346192 
2025-06-18 14:51:54,017 INFO: Epoch 234, Train Loss: 0.06933498915962198, Test Loss: 0.0661959393936045, Inverse Test Loss: 0.01235471002976684 
2025-06-18 14:51:56,685 INFO: Epoch 235, Train Loss: 0.06971002121766408, Test Loss: 0.06644440420410212, Inverse Test Loss: 0.012454639818957624 
2025-06-18 14:51:59,338 INFO: Epoch 236, Train Loss: 0.0691194703915354, Test Loss: 0.06559119373559952, Inverse Test Loss: 0.012277209391707884 
2025-06-18 14:52:01,999 INFO: Epoch 237, Train Loss: 0.06870164177521612, Test Loss: 0.06655671535169377, Inverse Test Loss: 0.012448335778625572 
2025-06-18 14:52:04,694 INFO: Epoch 238, Train Loss: 0.06901782065291297, Test Loss: 0.06601066975032582, Inverse Test Loss: 0.012359935516381966 
2025-06-18 14:52:07,385 INFO: Epoch 239, Train Loss: 0.06914008803891414, Test Loss: 0.06612496406716459, Inverse Test Loss: 0.01235152197563473 
2025-06-18 14:52:10,076 INFO: Epoch 240, Train Loss: 0.06825756033261617, Test Loss: 0.06563965559882276, Inverse Test Loss: 0.01228282313026926 
2025-06-18 14:52:12,742 INFO: Epoch 241, Train Loss: 0.06923497984693809, Test Loss: 0.06592702252023361, Inverse Test Loss: 0.012329307494356352 
2025-06-18 14:52:15,425 INFO: Epoch 242, Train Loss: 0.0684034578276403, Test Loss: 0.0657939687371254, Inverse Test Loss: 0.01230511356912115 
2025-06-18 14:52:18,138 INFO: Epoch 243, Train Loss: 0.06896473456061247, Test Loss: 0.06608021478442584, Inverse Test Loss: 0.012343142811647233 
2025-06-18 14:52:20,822 INFO: Epoch 244, Train Loss: 0.06855595563397263, Test Loss: 0.06573728581561762, Inverse Test Loss: 0.012246621389161138 
2025-06-18 14:52:23,489 INFO: Epoch 245, Train Loss: 0.06882902172704537, Test Loss: 0.06597866687704534, Inverse Test Loss: 0.01234411314020262 
2025-06-18 14:52:26,157 INFO: Epoch 246, Train Loss: 0.06804401416218642, Test Loss: 0.06630845828091397, Inverse Test Loss: 0.01238825117402217 
2025-06-18 14:52:28,850 INFO: Epoch 247, Train Loss: 0.06896622792224992, Test Loss: 0.06646801662795684, Inverse Test Loss: 0.012406247010564102 
2025-06-18 14:52:31,513 INFO: Epoch 248, Train Loss: 0.06854820082133467, Test Loss: 0.06636122285443194, Inverse Test Loss: 0.012412534122738768 
2025-06-18 14:52:34,188 INFO: Epoch 249, Train Loss: 0.06841565036412442, Test Loss: 0.06671089174992897, Inverse Test Loss: 0.012458083521136466 
2025-06-18 14:52:36,853 INFO: Epoch 250, Train Loss: 0.06776051358743147, Test Loss: 0.06678039492929683, Inverse Test Loss: 0.012480889638776289 
2025-06-18 14:52:39,516 INFO: Epoch 251, Train Loss: 0.06830303850724842, Test Loss: 0.0670365228810731, Inverse Test Loss: 0.012508847476804958 
2025-06-18 14:52:42,169 INFO: Epoch 252, Train Loss: 0.06727248949534965, Test Loss: 0.06628406113561462, Inverse Test Loss: 0.012397380710086402 
2025-06-18 14:52:44,830 INFO: Epoch 253, Train Loss: 0.06798041696575555, Test Loss: 0.06644114479422569, Inverse Test Loss: 0.012425756657167393 
2025-06-18 14:52:47,496 INFO: Epoch 254, Train Loss: 0.06819193804580154, Test Loss: 0.06632026394500452, Inverse Test Loss: 0.012367190710981102 
2025-06-18 14:52:50,180 INFO: Epoch 255, Train Loss: 0.06773928157759435, Test Loss: 0.06628200937719907, Inverse Test Loss: 0.012356984401669572 
2025-06-18 14:52:52,833 INFO: Epoch 256, Train Loss: 0.06739406061894966, Test Loss: 0.06617660886224579, Inverse Test Loss: 0.012335266068796901 
2025-06-18 14:52:55,484 INFO: Epoch 257, Train Loss: 0.06713626212017103, Test Loss: 0.06639751331771121, Inverse Test Loss: 0.012384109363398132 
2025-06-18 14:52:58,158 INFO: Epoch 258, Train Loss: 0.06777616607194598, Test Loss: 0.06629529814509784, Inverse Test Loss: 0.012351050589452772 
2025-06-18 14:53:00,822 INFO: Epoch 259, Train Loss: 0.06775375410462871, Test Loss: 0.06628022583968499, Inverse Test Loss: 0.01238509577096385 
2025-06-18 14:53:03,494 INFO: Epoch 260, Train Loss: 0.06747222719996264, Test Loss: 0.06639751287944176, Inverse Test Loss: 0.012411893893252401 
2025-06-18 14:53:06,177 INFO: Epoch 261, Train Loss: 0.06746310565733549, Test Loss: 0.06596818215706769, Inverse Test Loss: 0.012294206110870136 
2025-06-18 14:53:08,860 INFO: Epoch 262, Train Loss: 0.06643593034735232, Test Loss: 0.06629694801043062, Inverse Test Loss: 0.012371450087384266 
2025-06-18 14:53:11,533 INFO: Epoch 263, Train Loss: 0.06697921167043122, Test Loss: 0.06662838051424307, Inverse Test Loss: 0.012408200350096998 
2025-06-18 14:53:14,227 INFO: Epoch 264, Train Loss: 0.0677538559292302, Test Loss: 0.06705117313300862, Inverse Test Loss: 0.012516088674173635 
2025-06-18 14:53:16,897 INFO: Epoch 265, Train Loss: 0.06733332884808381, Test Loss: 0.06667374030632131, Inverse Test Loss: 0.012398715459686868 
2025-06-18 14:53:19,589 INFO: Epoch 266, Train Loss: 0.06729885952716524, Test Loss: 0.06611659487380701, Inverse Test Loss: 0.012276248403770082 
2025-06-18 14:53:22,255 INFO: Epoch 267, Train Loss: 0.066908270318174, Test Loss: 0.06593555058626567, Inverse Test Loss: 0.012292732785948935 
2025-06-18 14:53:24,897 INFO: Epoch 268, Train Loss: 0.06691816437876585, Test Loss: 0.0659516313496758, Inverse Test Loss: 0.012277315726832431 
2025-06-18 14:53:27,581 INFO: Epoch 269, Train Loss: 0.06741708138901176, Test Loss: 0.06715961414224961, Inverse Test Loss: 0.01248459643958246 
2025-06-18 14:53:30,257 INFO: Epoch 270, Train Loss: 0.06675321476138903, Test Loss: 0.06655295806772568, Inverse Test Loss: 0.012390562059248196 
2025-06-18 14:53:32,925 INFO: Epoch 271, Train Loss: 0.06680693274194544, Test Loss: 0.06619730657514404, Inverse Test Loss: 0.012359599966336699 
2025-06-18 14:53:35,577 INFO: Epoch 272, Train Loss: 0.06594455535664703, Test Loss: 0.06609237194061279, Inverse Test Loss: 0.01231040304307552 
2025-06-18 14:53:38,233 INFO: Epoch 273, Train Loss: 0.06694698206741702, Test Loss: 0.06603057835908498, Inverse Test Loss: 0.012280284125796136 
2025-06-18 14:53:41,082 INFO: Epoch 274, Train Loss: 0.0671266300716635, Test Loss: 0.06599515172488549, Inverse Test Loss: 0.012299735948224278 
2025-06-18 14:53:43,898 INFO: Epoch 275, Train Loss: 0.06631588134350198, Test Loss: 0.06680330875165322, Inverse Test Loss: 0.012428897843860528 
2025-06-18 14:53:46,687 INFO: Epoch 276, Train Loss: 0.06637689699842171, Test Loss: 0.0662941645611735, Inverse Test Loss: 0.0123527307775529 
2025-06-18 14:53:49,441 INFO: Epoch 277, Train Loss: 0.06652039204808799, Test Loss: 0.0665303267100278, Inverse Test Loss: 0.012436486095847452 
2025-06-18 14:53:52,278 INFO: Epoch 278, Train Loss: 0.06564451951646444, Test Loss: 0.06580932175411898, Inverse Test Loss: 0.012263835983022171 
2025-06-18 14:53:55,066 INFO: Epoch 279, Train Loss: 0.06580846827251441, Test Loss: 0.06662419482189066, Inverse Test Loss: 0.012384390020195176 
2025-06-18 14:53:57,843 INFO: Epoch 280, Train Loss: 0.06563810705009734, Test Loss: 0.06628462540752747, Inverse Test Loss: 0.01235976119470947 
2025-06-18 14:54:00,659 INFO: Epoch 281, Train Loss: 0.06607947377205799, Test Loss: 0.06635058605495621, Inverse Test Loss: 0.012340007322456907 
2025-06-18 14:54:03,391 INFO: Epoch 282, Train Loss: 0.06596788713200526, Test Loss: 0.06610030702808324, Inverse Test Loss: 0.012318538501858711 
2025-06-18 14:54:06,161 INFO: Epoch 283, Train Loss: 0.06594675375769536, Test Loss: 0.06570619936375056, Inverse Test Loss: 0.012234451194458148 
2025-06-18 14:54:08,940 INFO: Epoch 284, Train Loss: 0.0656381022805969, Test Loss: 0.06674891556887065, Inverse Test Loss: 0.012435577809810638 
2025-06-18 14:54:11,747 INFO: Epoch 285, Train Loss: 0.06524527016462701, Test Loss: 0.0665547363460064, Inverse Test Loss: 0.012427215190494762 
2025-06-18 14:54:14,495 INFO: Epoch 286, Train Loss: 0.06506226186386564, Test Loss: 0.06646158743430586, Inverse Test Loss: 0.01239093138343271 
2025-06-18 14:54:17,299 INFO: Epoch 287, Train Loss: 0.0657334653942874, Test Loss: 0.0663155573694145, Inverse Test Loss: 0.012359176159781568 
2025-06-18 14:54:20,135 INFO: Epoch 288, Train Loss: 0.06526876678408096, Test Loss: 0.06665987762458184, Inverse Test Loss: 0.012408639057813323 
2025-06-18 14:54:23,047 INFO: Epoch 289, Train Loss: 0.06543402771719477, Test Loss: 0.06592664078754537, Inverse Test Loss: 0.01227775144883815 
2025-06-18 14:54:25,878 INFO: Epoch 290, Train Loss: 0.06567143866171439, Test Loss: 0.06605962203706012, Inverse Test Loss: 0.012314382063991883 
2025-06-18 14:54:28,642 INFO: Epoch 291, Train Loss: 0.06569792798748522, Test Loss: 0.06727764317217995, Inverse Test Loss: 0.012570132090545753 
2025-06-18 14:54:31,425 INFO: Epoch 292, Train Loss: 0.065893530055429, Test Loss: 0.06606412963832126, Inverse Test Loss: 0.012322997016941799 
2025-06-18 14:54:34,208 INFO: Epoch 293, Train Loss: 0.06521826559169726, Test Loss: 0.06703836339361527, Inverse Test Loss: 0.012470208409735384 
2025-06-18 14:54:36,981 INFO: Epoch 294, Train Loss: 0.0655676984425747, Test Loss: 0.0666500288335716, Inverse Test Loss: 0.012393016970771201 
2025-06-18 14:54:39,771 INFO: Epoch 295, Train Loss: 0.06418304884749831, Test Loss: 0.0663864494246595, Inverse Test Loss: 0.012363008826094516 
2025-06-18 14:54:42,573 INFO: Epoch 296, Train Loss: 0.06489251937830087, Test Loss: 0.06676258585032295, Inverse Test Loss: 0.012424383230288239 
2025-06-18 14:54:45,345 INFO: Epoch 297, Train Loss: 0.0649635223389575, Test Loss: 0.06584112083210665, Inverse Test Loss: 0.012244685279095875 
2025-06-18 14:54:48,102 INFO: Epoch 298, Train Loss: 0.06475507744559736, Test Loss: 0.06590975075960159, Inverse Test Loss: 0.012245918980196994 
2025-06-18 14:54:50,829 INFO: Epoch 299, Train Loss: 0.06471370058980855, Test Loss: 0.06608086758676697, Inverse Test Loss: 0.012298297657466987 
2025-06-18 14:54:53,616 INFO: Epoch 300, Train Loss: 0.06444942268232505, Test Loss: 0.0658085749429815, Inverse Test Loss: 0.012223812861039358 
2025-06-18 14:54:53,617 INFO: Best Epoch 236, Best Test Loss: 0.06559119373559952, Inverse Test Loss: 0.012277209391707884 
2025-06-18 14:54:56,317 INFO: Epoch 301, Train Loss: 0.06452273295232744, Test Loss: 0.06648261713631012, Inverse Test Loss: 0.012381044545156114 
2025-06-18 14:54:59,038 INFO: Epoch 302, Train Loss: 0.06412120987520073, Test Loss: 0.06640928216716822, Inverse Test Loss: 0.012347842758411871 
2025-06-18 14:55:01,837 INFO: Epoch 303, Train Loss: 0.06433447103270075, Test Loss: 0.0662254949702936, Inverse Test Loss: 0.012305610018837102 
2025-06-18 14:55:04,612 INFO: Epoch 304, Train Loss: 0.06424370509656993, Test Loss: 0.06698529290802338, Inverse Test Loss: 0.012442957938593976 
2025-06-18 14:55:07,405 INFO: Epoch 305, Train Loss: 0.06470245582926454, Test Loss: 0.06648929263739024, Inverse Test Loss: 0.012368074974373859 
2025-06-18 14:55:10,161 INFO: Epoch 306, Train Loss: 0.06430225252089175, Test Loss: 0.06624426758464645, Inverse Test Loss: 0.012302027138717034 
2025-06-18 14:55:12,924 INFO: Epoch 307, Train Loss: 0.06381005731721719, Test Loss: 0.06658703329808571, Inverse Test Loss: 0.01236934628447189 
2025-06-18 14:55:15,706 INFO: Epoch 308, Train Loss: 0.06312482121090095, Test Loss: 0.06639774187522776, Inverse Test Loss: 0.012334331952254562 
2025-06-18 14:55:18,444 INFO: Epoch 309, Train Loss: 0.06408779678696935, Test Loss: 0.06620218122706693, Inverse Test Loss: 0.012311515316148014 
2025-06-18 14:55:21,257 INFO: Epoch 310, Train Loss: 0.06389226496332523, Test Loss: 0.06625344735734603, Inverse Test Loss: 0.012337264851393068 
2025-06-18 14:55:24,087 INFO: Epoch 311, Train Loss: 0.06408995976953795, Test Loss: 0.0662543192944106, Inverse Test Loss: 0.012332550715655088 
2025-06-18 14:55:26,850 INFO: Epoch 312, Train Loss: 0.0636319959479751, Test Loss: 0.06690132486469605, Inverse Test Loss: 0.012464401503915297 
2025-06-18 14:55:29,645 INFO: Epoch 313, Train Loss: 0.063482618269821, Test Loss: 0.06667169249233078, Inverse Test Loss: 0.012424272923346828 
2025-06-18 14:55:32,432 INFO: Epoch 314, Train Loss: 0.06332106795161963, Test Loss: 0.0659911054022172, Inverse Test Loss: 0.01227311316110632 
2025-06-18 14:55:35,216 INFO: Epoch 315, Train Loss: 0.06263258048530781, Test Loss: 0.06594589506002034, Inverse Test Loss: 0.012268374345320113 
2025-06-18 14:55:37,925 INFO: Epoch 316, Train Loss: 0.06264272730120203, Test Loss: 0.06682972456602489, Inverse Test Loss: 0.01243198523297906 
2025-06-18 14:55:40,732 INFO: Epoch 317, Train Loss: 0.06329499910388028, Test Loss: 0.06618465285967379, Inverse Test Loss: 0.012304580989567673 
2025-06-18 14:55:43,468 INFO: Epoch 318, Train Loss: 0.06362510726533153, Test Loss: 0.06657442253302126, Inverse Test Loss: 0.0123631008900702 
2025-06-18 14:55:46,272 INFO: Epoch 319, Train Loss: 0.06349641891817252, Test Loss: 0.06657895884093117, Inverse Test Loss: 0.012381506042883676 
2025-06-18 14:55:49,002 INFO: Epoch 320, Train Loss: 0.06268296052109111, Test Loss: 0.06620458097142332, Inverse Test Loss: 0.012325384845847593 
2025-06-18 14:55:51,748 INFO: Epoch 321, Train Loss: 0.06354151863717672, Test Loss: 0.06615438071243904, Inverse Test Loss: 0.012289672651711632 
2025-06-18 14:55:54,501 INFO: Epoch 322, Train Loss: 0.0636574678743879, Test Loss: 0.06639024637201253, Inverse Test Loss: 0.012361189103959239 
2025-06-18 14:55:57,260 INFO: Epoch 323, Train Loss: 0.06264668011642767, Test Loss: 0.06655406995731242, Inverse Test Loss: 0.012403861920842352 
2025-06-18 14:56:00,015 INFO: Epoch 324, Train Loss: 0.0628676771778952, Test Loss: 0.06592576074249604, Inverse Test Loss: 0.012287740321720348 
2025-06-18 14:56:02,792 INFO: Epoch 325, Train Loss: 0.06303347514547182, Test Loss: 0.06670087291037335, Inverse Test Loss: 0.01241859612876878 
2025-06-18 14:56:05,643 INFO: Epoch 326, Train Loss: 0.06331732595395861, Test Loss: 0.06715096752433215, Inverse Test Loss: 0.012440613416187903 
2025-06-18 14:56:08,467 INFO: Epoch 327, Train Loss: 0.062146063103820336, Test Loss: 0.06646339244702283, Inverse Test Loss: 0.012328040293034385 
2025-06-18 14:56:11,347 INFO: Epoch 328, Train Loss: 0.06222782741216096, Test Loss: 0.06719184075208272, Inverse Test Loss: 0.012468965888461647 
2025-06-18 14:56:14,089 INFO: Epoch 329, Train Loss: 0.061774103083845344, Test Loss: 0.06646738595822278, Inverse Test Loss: 0.012344102046507247 
2025-06-18 14:56:16,859 INFO: Epoch 330, Train Loss: 0.06191803292004448, Test Loss: 0.06708922719254214, Inverse Test Loss: 0.01248657821184572 
2025-06-18 14:56:19,592 INFO: Epoch 331, Train Loss: 0.06277767072121303, Test Loss: 0.066843363292077, Inverse Test Loss: 0.012394918512333842 
2025-06-18 14:56:22,376 INFO: Epoch 332, Train Loss: 0.06186786559269284, Test Loss: 0.06661671509637553, Inverse Test Loss: 0.012376365416190204 
2025-06-18 14:56:25,160 INFO: Epoch 333, Train Loss: 0.0624312719499523, Test Loss: 0.06659608947880127, Inverse Test Loss: 0.01236587532741182 
2025-06-18 14:56:27,949 INFO: Epoch 334, Train Loss: 0.06243927155931791, Test Loss: 0.06622490659356117, Inverse Test Loss: 0.012291762019124101 
2025-06-18 14:56:30,711 INFO: Epoch 335, Train Loss: 0.06248250454099792, Test Loss: 0.06675544687930275, Inverse Test Loss: 0.012371428420438486 
2025-06-18 14:56:33,490 INFO: Epoch 336, Train Loss: 0.06293980653087299, Test Loss: 0.06702718094867818, Inverse Test Loss: 0.012425560750724637 
2025-06-18 14:56:36,274 INFO: Epoch 337, Train Loss: 0.06184992188531341, Test Loss: 0.06733103885370142, Inverse Test Loss: 0.012475132366971058 
2025-06-18 14:56:39,053 INFO: Epoch 338, Train Loss: 0.061998085767933815, Test Loss: 0.06717446928515154, Inverse Test Loss: 0.012441360309500904 
2025-06-18 14:56:41,810 INFO: Epoch 339, Train Loss: 0.062184002589095726, Test Loss: 0.0672863327405032, Inverse Test Loss: 0.012463780832202995 
2025-06-18 14:56:44,562 INFO: Epoch 340, Train Loss: 0.06215573830360716, Test Loss: 0.06685911579167142, Inverse Test Loss: 0.012390860082472073 
2025-06-18 14:56:47,342 INFO: Epoch 341, Train Loss: 0.06225520756208536, Test Loss: 0.06665661931037903, Inverse Test Loss: 0.012356814216164982 
2025-06-18 14:56:50,175 INFO: Epoch 342, Train Loss: 0.061483702029694214, Test Loss: 0.06638787708738271, Inverse Test Loss: 0.012338699772953987 
2025-06-18 14:56:52,917 INFO: Epoch 343, Train Loss: 0.06245822826343955, Test Loss: 0.06686701209229581, Inverse Test Loss: 0.012411244843593416 
2025-06-18 14:56:55,655 INFO: Epoch 344, Train Loss: 0.0622749449402997, Test Loss: 0.06675891337149284, Inverse Test Loss: 0.012396300211548805 
2025-06-18 14:56:58,443 INFO: Epoch 345, Train Loss: 0.06224001060719743, Test Loss: 0.06695022587390508, Inverse Test Loss: 0.012407605207579978 
2025-06-18 14:57:01,166 INFO: Epoch 346, Train Loss: 0.06196057725923531, Test Loss: 0.06635657938964226, Inverse Test Loss: 0.01232090759474565 
2025-06-18 14:57:03,867 INFO: Epoch 347, Train Loss: 0.061866101498405136, Test Loss: 0.06663613897912643, Inverse Test Loss: 0.012362850720391554 
2025-06-18 14:57:06,606 INFO: Epoch 348, Train Loss: 0.060706953376983154, Test Loss: 0.06697533433051671, Inverse Test Loss: 0.012406412292929256 
2025-06-18 14:57:09,292 INFO: Epoch 349, Train Loss: 0.0617817286966425, Test Loss: 0.06722254306077957, Inverse Test Loss: 0.012464122161926591 
2025-06-18 14:57:12,025 INFO: Epoch 350, Train Loss: 0.06176912428980524, Test Loss: 0.06656772248885211, Inverse Test Loss: 0.012346318210749066 
2025-06-18 14:57:14,707 INFO: Epoch 351, Train Loss: 0.06081781598428885, Test Loss: 0.06698787365766133, Inverse Test Loss: 0.012408921714214718 
2025-06-18 14:57:17,399 INFO: Epoch 352, Train Loss: 0.061366211622953415, Test Loss: 0.06671142687692362, Inverse Test Loss: 0.0123451849555268 
2025-06-18 14:57:20,110 INFO: Epoch 353, Train Loss: 0.060588568590129864, Test Loss: 0.06700335508760284, Inverse Test Loss: 0.012421024935867856 
2025-06-18 14:57:22,805 INFO: Epoch 354, Train Loss: 0.06112835031341423, Test Loss: 0.06630179198349223, Inverse Test Loss: 0.012312547468087253 
2025-06-18 14:57:25,432 INFO: Epoch 355, Train Loss: 0.06096547991601807, Test Loss: 0.06696513667702675, Inverse Test Loss: 0.012420484960517463 
2025-06-18 14:57:28,098 INFO: Epoch 356, Train Loss: 0.06106382834188866, Test Loss: 0.06625792493715006, Inverse Test Loss: 0.012295186547014643 
2025-06-18 14:57:30,795 INFO: Epoch 357, Train Loss: 0.06113884987478906, Test Loss: 0.06656413284294746, Inverse Test Loss: 0.012331790318164755 
2025-06-18 14:57:33,428 INFO: Epoch 358, Train Loss: 0.060643811456181786, Test Loss: 0.06741504020550672, Inverse Test Loss: 0.012470259440734106 
2025-06-18 14:57:36,120 INFO: Epoch 359, Train Loss: 0.06016763500079061, Test Loss: 0.06663465258829734, Inverse Test Loss: 0.012355322073049405 
2025-06-18 14:57:38,778 INFO: Epoch 360, Train Loss: 0.060290529815988106, Test Loss: 0.06721872310428058, Inverse Test Loss: 0.012462035068036878 
2025-06-18 14:57:41,437 INFO: Epoch 361, Train Loss: 0.06140747564760121, Test Loss: 0.06758047749891001, Inverse Test Loss: 0.012537650490070091 
2025-06-18 14:57:44,123 INFO: Epoch 362, Train Loss: 0.06001155942001126, Test Loss: 0.06665992758729879, Inverse Test Loss: 0.012363017098430325 
2025-06-18 14:57:46,760 INFO: Epoch 363, Train Loss: 0.05993224880799199, Test Loss: 0.06657193009467686, Inverse Test Loss: 0.012338845497545074 
2025-06-18 14:57:49,435 INFO: Epoch 364, Train Loss: 0.059842314796917366, Test Loss: 0.06718879324548385, Inverse Test Loss: 0.012457478654516093 
2025-06-18 14:57:52,098 INFO: Epoch 365, Train Loss: 0.06062062079030456, Test Loss: 0.06678680615390048, Inverse Test Loss: 0.012359654092613389 
2025-06-18 14:57:54,754 INFO: Epoch 366, Train Loss: 0.05988317761908878, Test Loss: 0.06667558783117462, Inverse Test Loss: 0.012363795328008778 
2025-06-18 14:57:57,403 INFO: Epoch 367, Train Loss: 0.05951441928857204, Test Loss: 0.06697887445197385, Inverse Test Loss: 0.012407018419574289 
2025-06-18 14:58:00,108 INFO: Epoch 368, Train Loss: 0.05977784280636997, Test Loss: 0.06758875487481847, Inverse Test Loss: 0.012492680757799569 
2025-06-18 14:58:02,784 INFO: Epoch 369, Train Loss: 0.060095077944975914, Test Loss: 0.06732945450965096, Inverse Test Loss: 0.012447002809494734 
2025-06-18 14:58:05,444 INFO: Epoch 370, Train Loss: 0.060269414644801254, Test Loss: 0.06730691562680637, Inverse Test Loss: 0.012457890079959351 
2025-06-18 14:58:08,105 INFO: Epoch 371, Train Loss: 0.059269726502172874, Test Loss: 0.06688489918323125, Inverse Test Loss: 0.012368380283827292 
2025-06-18 14:58:10,767 INFO: Epoch 372, Train Loss: 0.0596991420130838, Test Loss: 0.06708168435622663, Inverse Test Loss: 0.01245523219489876 
2025-06-18 14:58:13,426 INFO: Epoch 373, Train Loss: 0.060010577608464344, Test Loss: 0.06720320244922358, Inverse Test Loss: 0.012456159216954428 
2025-06-18 14:58:16,121 INFO: Epoch 374, Train Loss: 0.0602741219724218, Test Loss: 0.06720808411345762, Inverse Test Loss: 0.012425530427957283 
2025-06-18 14:58:18,772 INFO: Epoch 375, Train Loss: 0.0586189025392135, Test Loss: 0.06706790450741262, Inverse Test Loss: 0.012382664827301222 
2025-06-18 14:58:21,476 INFO: Epoch 376, Train Loss: 0.059610875408080494, Test Loss: 0.06740633639342644, Inverse Test Loss: 0.012456541141385542 
2025-06-18 14:58:24,156 INFO: Epoch 377, Train Loss: 0.05910043878424348, Test Loss: 0.0672956959289663, Inverse Test Loss: 0.012471126228132668 
2025-06-18 14:58:26,817 INFO: Epoch 378, Train Loss: 0.05885647762228142, Test Loss: 0.06738686013747663, Inverse Test Loss: 0.012462646727833678 
2025-06-18 14:58:29,501 INFO: Epoch 379, Train Loss: 0.05986124477490331, Test Loss: 0.06791080402977326, Inverse Test Loss: 0.012558823150089559 
2025-06-18 14:58:32,228 INFO: Epoch 380, Train Loss: 0.05903273801121748, Test Loss: 0.0673724480849855, Inverse Test Loss: 0.01244611301295021 
2025-06-18 14:58:34,891 INFO: Epoch 381, Train Loss: 0.059313754410003174, Test Loss: 0.06763016038081225, Inverse Test Loss: 0.012499241870554054 
2025-06-18 14:58:37,550 INFO: Epoch 382, Train Loss: 0.0588460269976746, Test Loss: 0.06697961271685712, Inverse Test Loss: 0.012374230468755259 
2025-06-18 14:58:40,221 INFO: Epoch 383, Train Loss: 0.05894222048421701, Test Loss: 0.0669797994196415, Inverse Test Loss: 0.012391822741312139 
2025-06-18 14:58:42,903 INFO: Epoch 384, Train Loss: 0.05884676511314782, Test Loss: 0.06748434966977905, Inverse Test Loss: 0.012460922137560212 
2025-06-18 14:58:45,543 INFO: Epoch 385, Train Loss: 0.058101211420514366, Test Loss: 0.06676865040379412, Inverse Test Loss: 0.01234972255085321 
2025-06-18 14:58:48,218 INFO: Epoch 386, Train Loss: 0.05881531319270531, Test Loss: 0.06731539964675903, Inverse Test Loss: 0.012456880882382393 
2025-06-18 14:58:50,871 INFO: Epoch 387, Train Loss: 0.058617517380326084, Test Loss: 0.067166768014431, Inverse Test Loss: 0.01240951513104579 
2025-06-18 14:58:53,564 INFO: Epoch 388, Train Loss: 0.05829491333640886, Test Loss: 0.06702589944881551, Inverse Test Loss: 0.012392592671162942 
2025-06-18 14:58:56,216 INFO: Epoch 389, Train Loss: 0.058077732072860905, Test Loss: 0.06712748658131151, Inverse Test Loss: 0.012416096705505076 
2025-06-18 14:58:58,902 INFO: Epoch 390, Train Loss: 0.05846794361643719, Test Loss: 0.06821813390535467, Inverse Test Loss: 0.012572210419046529 
2025-06-18 14:59:01,568 INFO: Epoch 391, Train Loss: 0.05897817913104187, Test Loss: 0.06733273473732612, Inverse Test Loss: 0.012443686588941252 
2025-06-18 14:59:04,254 INFO: Epoch 392, Train Loss: 0.0583024068989537, Test Loss: 0.06751496892641573, Inverse Test Loss: 0.012477843556553125 
2025-06-18 14:59:06,927 INFO: Epoch 393, Train Loss: 0.05844179955734448, Test Loss: 0.06777690307182424, Inverse Test Loss: 0.012530692332588574 
2025-06-18 14:59:09,599 INFO: Epoch 394, Train Loss: 0.058214354695695816, Test Loss: 0.06764214113354683, Inverse Test Loss: 0.012493350981351207 
2025-06-18 14:59:12,273 INFO: Epoch 395, Train Loss: 0.05779768678952347, Test Loss: 0.06786695539074786, Inverse Test Loss: 0.012492505176102413 
2025-06-18 14:59:14,919 INFO: Epoch 396, Train Loss: 0.058169733535385494, Test Loss: 0.06800802709425197, Inverse Test Loss: 0.012565580525380723 
2025-06-18 14:59:17,591 INFO: Epoch 397, Train Loss: 0.05753475935621695, Test Loss: 0.06701936003039866, Inverse Test Loss: 0.012384101173237842 
2025-06-18 14:59:20,250 INFO: Epoch 398, Train Loss: 0.05763320901402921, Test Loss: 0.06767572813174304, Inverse Test Loss: 0.01249161406474955 
2025-06-18 14:59:22,937 INFO: Epoch 399, Train Loss: 0.05751637298839562, Test Loss: 0.06718244074898608, Inverse Test Loss: 0.012422940967714085 
2025-06-18 14:59:25,597 INFO: Epoch 400, Train Loss: 0.057407888301619976, Test Loss: 0.06754424970816164, Inverse Test Loss: 0.012445765246144113 
2025-06-18 14:59:25,597 INFO: Best Epoch 236, Best Test Loss: 0.06559119373559952, Inverse Test Loss: 0.012277209391707884 
