2024-12-26 15:29:08,358 INFO: namespace(depth=2, name='simple_MLP') 
2024-12-26 15:29:08,358 INFO: Dataset:andro 
2024-12-26 15:29:08,358 INFO: ------Begin Training Model------ 
2024-12-26 15:29:10,159 INFO: Epoch 1, Train Loss: 0.8726835250854492, Test Loss: 0.8614330291748047 
2024-12-26 15:29:10,161 INFO: Epoch 2, Train Loss: 0.8631820678710938, Test Loss: 0.8488439917564392 
2024-12-26 15:29:10,162 INFO: Epoch 3, Train Loss: 0.8538013696670532, Test Loss: 0.8364238142967224 
2024-12-26 15:29:10,165 INFO: Epoch 4, Train Loss: 0.8445344567298889, Test Loss: 0.8241888284683228 
2024-12-26 15:29:10,176 INFO: Epoch 5, Train Loss: 0.8353835940361023, Test Loss: 0.812187135219574 
2024-12-26 15:29:10,179 INFO: Epoch 6, Train Loss: 0.826377272605896, Test Loss: 0.8002594113349915 
2024-12-26 15:29:10,180 INFO: Epoch 7, Train Loss: 0.8174898028373718, Test Loss: 0.7885035872459412 
2024-12-26 15:29:10,182 INFO: Epoch 8, Train Loss: 0.8086966872215271, Test Loss: 0.7769479751586914 
2024-12-26 15:29:10,184 INFO: Epoch 9, Train Loss: 0.8000411987304688, Test Loss: 0.7656177878379822 
2024-12-26 15:29:10,186 INFO: Epoch 10, Train Loss: 0.79151451587677, Test Loss: 0.7544769048690796 
2024-12-26 15:29:10,188 INFO: Epoch 11, Train Loss: 0.7831041216850281, Test Loss: 0.7435441613197327 
2024-12-26 15:29:10,189 INFO: Epoch 12, Train Loss: 0.7748141288757324, Test Loss: 0.7328376173973083 
2024-12-26 15:29:10,191 INFO: Epoch 13, Train Loss: 0.7666432857513428, Test Loss: 0.7223173975944519 
2024-12-26 15:29:10,192 INFO: Epoch 14, Train Loss: 0.7585790753364563, Test Loss: 0.7120103240013123 
2024-12-26 15:29:10,195 INFO: Epoch 15, Train Loss: 0.7506272792816162, Test Loss: 0.7019340395927429 
2024-12-26 15:29:10,196 INFO: Epoch 16, Train Loss: 0.7427798509597778, Test Loss: 0.6920846104621887 
2024-12-26 15:29:10,198 INFO: Epoch 17, Train Loss: 0.7350395321846008, Test Loss: 0.6824662089347839 
2024-12-26 15:29:10,199 INFO: Epoch 18, Train Loss: 0.727405846118927, Test Loss: 0.6730675101280212 
2024-12-26 15:29:10,203 INFO: Epoch 19, Train Loss: 0.7198736071586609, Test Loss: 0.6638859510421753 
2024-12-26 15:29:10,204 INFO: Epoch 20, Train Loss: 0.712445855140686, Test Loss: 0.6549773812294006 
2024-12-26 15:29:10,206 INFO: Epoch 21, Train Loss: 0.7051333785057068, Test Loss: 0.6462673544883728 
2024-12-26 15:29:10,208 INFO: Epoch 22, Train Loss: 0.6979299783706665, Test Loss: 0.6377372145652771 
2024-12-26 15:29:10,209 INFO: Epoch 23, Train Loss: 0.6908204555511475, Test Loss: 0.6294068694114685 
2024-12-26 15:29:10,211 INFO: Epoch 24, Train Loss: 0.6838040351867676, Test Loss: 0.6212498545646667 
2024-12-26 15:29:10,213 INFO: Epoch 25, Train Loss: 0.6768702864646912, Test Loss: 0.6132664680480957 
2024-12-26 15:29:10,215 INFO: Epoch 26, Train Loss: 0.6700225472450256, Test Loss: 0.6054694056510925 
2024-12-26 15:29:10,217 INFO: Epoch 27, Train Loss: 0.6632801294326782, Test Loss: 0.5978404879570007 
2024-12-26 15:29:10,218 INFO: Epoch 28, Train Loss: 0.6566155552864075, Test Loss: 0.5903956294059753 
2024-12-26 15:29:10,220 INFO: Epoch 29, Train Loss: 0.6500306725502014, Test Loss: 0.5831145644187927 
2024-12-26 15:29:10,222 INFO: Epoch 30, Train Loss: 0.6435391902923584, Test Loss: 0.5759986639022827 
2024-12-26 15:29:10,224 INFO: Epoch 31, Train Loss: 0.6371355056762695, Test Loss: 0.5690537095069885 
2024-12-26 15:29:10,225 INFO: Epoch 32, Train Loss: 0.6308568716049194, Test Loss: 0.5622817873954773 
2024-12-26 15:29:10,228 INFO: Epoch 33, Train Loss: 0.6246737837791443, Test Loss: 0.5556816458702087 
2024-12-26 15:29:10,230 INFO: Epoch 34, Train Loss: 0.6186040639877319, Test Loss: 0.5492641925811768 
2024-12-26 15:29:10,231 INFO: Epoch 35, Train Loss: 0.6126264333724976, Test Loss: 0.5430447459220886 
2024-12-26 15:29:10,233 INFO: Epoch 36, Train Loss: 0.6067213416099548, Test Loss: 0.5369786620140076 
2024-12-26 15:29:10,235 INFO: Epoch 37, Train Loss: 0.6008981466293335, Test Loss: 0.5310583114624023 
2024-12-26 15:29:10,237 INFO: Epoch 38, Train Loss: 0.5951558947563171, Test Loss: 0.5252820253372192 
2024-12-26 15:29:10,239 INFO: Epoch 39, Train Loss: 0.5894818902015686, Test Loss: 0.5196511149406433 
2024-12-26 15:29:10,241 INFO: Epoch 40, Train Loss: 0.5838831067085266, Test Loss: 0.5141603946685791 
2024-12-26 15:29:10,242 INFO: Epoch 41, Train Loss: 0.5783542394638062, Test Loss: 0.5088003277778625 
2024-12-26 15:29:10,245 INFO: Epoch 42, Train Loss: 0.5729116797447205, Test Loss: 0.5035746693611145 
2024-12-26 15:29:10,246 INFO: Epoch 43, Train Loss: 0.5675422549247742, Test Loss: 0.49847719073295593 
2024-12-26 15:29:10,249 INFO: Epoch 44, Train Loss: 0.562255322933197, Test Loss: 0.4935012459754944 
2024-12-26 15:29:10,251 INFO: Epoch 45, Train Loss: 0.5570412874221802, Test Loss: 0.48864254355430603 
2024-12-26 15:29:10,253 INFO: Epoch 46, Train Loss: 0.55189448595047, Test Loss: 0.4839118421077728 
2024-12-26 15:29:10,254 INFO: Epoch 47, Train Loss: 0.5468053817749023, Test Loss: 0.4792954623699188 
2024-12-26 15:29:10,256 INFO: Epoch 48, Train Loss: 0.5417953729629517, Test Loss: 0.4747805595397949 
2024-12-26 15:29:10,259 INFO: Epoch 49, Train Loss: 0.5368532538414001, Test Loss: 0.4703662395477295 
2024-12-26 15:29:10,261 INFO: Epoch 50, Train Loss: 0.5319761633872986, Test Loss: 0.46605950593948364 
2024-12-26 15:29:10,262 INFO: Epoch 51, Train Loss: 0.5271662473678589, Test Loss: 0.46186214685440063 
2024-12-26 15:29:10,263 INFO: Epoch 52, Train Loss: 0.5224254131317139, Test Loss: 0.457728773355484 
2024-12-26 15:29:10,265 INFO: Epoch 53, Train Loss: 0.5177487134933472, Test Loss: 0.45368584990501404 
2024-12-26 15:29:10,267 INFO: Epoch 54, Train Loss: 0.5131319761276245, Test Loss: 0.44973859190940857 
2024-12-26 15:29:10,269 INFO: Epoch 55, Train Loss: 0.5085739493370056, Test Loss: 0.4458800256252289 
2024-12-26 15:29:10,271 INFO: Epoch 56, Train Loss: 0.5040773153305054, Test Loss: 0.4421074390411377 
2024-12-26 15:29:10,273 INFO: Epoch 57, Train Loss: 0.49964240193367004, Test Loss: 0.43841806054115295 
2024-12-26 15:29:10,275 INFO: Epoch 58, Train Loss: 0.49527427554130554, Test Loss: 0.4347813129425049 
2024-12-26 15:29:10,276 INFO: Epoch 59, Train Loss: 0.49097511172294617, Test Loss: 0.43120914697647095 
2024-12-26 15:29:10,279 INFO: Epoch 60, Train Loss: 0.486734539270401, Test Loss: 0.42772746086120605 
2024-12-26 15:29:10,281 INFO: Epoch 61, Train Loss: 0.48256048560142517, Test Loss: 0.42430925369262695 
2024-12-26 15:29:10,282 INFO: Epoch 62, Train Loss: 0.4784567356109619, Test Loss: 0.420958012342453 
2024-12-26 15:29:10,283 INFO: Epoch 63, Train Loss: 0.47440358996391296, Test Loss: 0.4176745116710663 
2024-12-26 15:29:10,286 INFO: Epoch 64, Train Loss: 0.4704137444496155, Test Loss: 0.4144516885280609 
2024-12-26 15:29:10,288 INFO: Epoch 65, Train Loss: 0.46648314595222473, Test Loss: 0.41128048300743103 
2024-12-26 15:29:10,290 INFO: Epoch 66, Train Loss: 0.46260780096054077, Test Loss: 0.4081606864929199 
2024-12-26 15:29:10,292 INFO: Epoch 67, Train Loss: 0.4587809443473816, Test Loss: 0.40508827567100525 
2024-12-26 15:29:10,293 INFO: Epoch 68, Train Loss: 0.4550022780895233, Test Loss: 0.4020783603191376 
2024-12-26 15:29:10,295 INFO: Epoch 69, Train Loss: 0.4512783885002136, Test Loss: 0.3991261124610901 
2024-12-26 15:29:10,297 INFO: Epoch 70, Train Loss: 0.4476121962070465, Test Loss: 0.3962439000606537 
2024-12-26 15:29:10,298 INFO: Epoch 71, Train Loss: 0.44399380683898926, Test Loss: 0.39342162013053894 
2024-12-26 15:29:10,300 INFO: Epoch 72, Train Loss: 0.44042283296585083, Test Loss: 0.39065536856651306 
2024-12-26 15:29:10,302 INFO: Epoch 73, Train Loss: 0.43690186738967896, Test Loss: 0.387946218252182 
2024-12-26 15:29:10,304 INFO: Epoch 74, Train Loss: 0.4334235191345215, Test Loss: 0.38529476523399353 
2024-12-26 15:29:10,306 INFO: Epoch 75, Train Loss: 0.42999258637428284, Test Loss: 0.3826884925365448 
2024-12-26 15:29:10,308 INFO: Epoch 76, Train Loss: 0.4266026020050049, Test Loss: 0.38012608885765076 
2024-12-26 15:29:10,309 INFO: Epoch 77, Train Loss: 0.42324766516685486, Test Loss: 0.3776104152202606 
2024-12-26 15:29:10,310 INFO: Epoch 78, Train Loss: 0.4199347496032715, Test Loss: 0.375139445066452 
2024-12-26 15:29:10,313 INFO: Epoch 79, Train Loss: 0.4166611433029175, Test Loss: 0.3727136254310608 
2024-12-26 15:29:10,315 INFO: Epoch 80, Train Loss: 0.4134289622306824, Test Loss: 0.3703307807445526 
2024-12-26 15:29:10,317 INFO: Epoch 81, Train Loss: 0.41023537516593933, Test Loss: 0.3679903447628021 
2024-12-26 15:29:10,318 INFO: Epoch 82, Train Loss: 0.40708592534065247, Test Loss: 0.3656897246837616 
2024-12-26 15:29:10,321 INFO: Epoch 83, Train Loss: 0.4039798080921173, Test Loss: 0.3634236752986908 
2024-12-26 15:29:10,323 INFO: Epoch 84, Train Loss: 0.40092211961746216, Test Loss: 0.36119604110717773 
2024-12-26 15:29:10,324 INFO: Epoch 85, Train Loss: 0.39791202545166016, Test Loss: 0.3590311110019684 
2024-12-26 15:29:10,326 INFO: Epoch 86, Train Loss: 0.39494645595550537, Test Loss: 0.35691124200820923 
2024-12-26 15:29:10,328 INFO: Epoch 87, Train Loss: 0.3920210003852844, Test Loss: 0.3548280894756317 
2024-12-26 15:29:10,330 INFO: Epoch 88, Train Loss: 0.3891284167766571, Test Loss: 0.35277578234672546 
2024-12-26 15:29:10,332 INFO: Epoch 89, Train Loss: 0.3862729072570801, Test Loss: 0.35076257586479187 
2024-12-26 15:29:10,334 INFO: Epoch 90, Train Loss: 0.38345518708229065, Test Loss: 0.3487885892391205 
2024-12-26 15:29:10,335 INFO: Epoch 91, Train Loss: 0.3806740641593933, Test Loss: 0.34684765338897705 
2024-12-26 15:29:10,337 INFO: Epoch 92, Train Loss: 0.3779276907444, Test Loss: 0.3449360728263855 
2024-12-26 15:29:10,338 INFO: Epoch 93, Train Loss: 0.37521612644195557, Test Loss: 0.3430560529232025 
2024-12-26 15:29:10,340 INFO: Epoch 94, Train Loss: 0.37254106998443604, Test Loss: 0.34120309352874756 
2024-12-26 15:29:10,341 INFO: Epoch 95, Train Loss: 0.3699030876159668, Test Loss: 0.33937472105026245 
2024-12-26 15:29:10,344 INFO: Epoch 96, Train Loss: 0.3673051595687866, Test Loss: 0.3375755846500397 
2024-12-26 15:29:10,345 INFO: Epoch 97, Train Loss: 0.3647521734237671, Test Loss: 0.33580681681632996 
2024-12-26 15:29:10,347 INFO: Epoch 98, Train Loss: 0.36223745346069336, Test Loss: 0.3340710699558258 
2024-12-26 15:29:10,349 INFO: Epoch 99, Train Loss: 0.35976478457450867, Test Loss: 0.33236637711524963 
2024-12-26 15:29:10,351 INFO: Epoch 100, Train Loss: 0.3573235273361206, Test Loss: 0.3306916058063507 
2024-12-26 15:29:10,354 INFO: Epoch 101, Train Loss: 0.35491251945495605, Test Loss: 0.32901814579963684 
2024-12-26 15:29:10,355 INFO: Epoch 102, Train Loss: 0.35253188014030457, Test Loss: 0.3273669481277466 
2024-12-26 15:29:10,357 INFO: Epoch 103, Train Loss: 0.35018613934516907, Test Loss: 0.32574695348739624 
2024-12-26 15:29:10,359 INFO: Epoch 104, Train Loss: 0.3478693962097168, Test Loss: 0.32414716482162476 
2024-12-26 15:29:10,362 INFO: Epoch 105, Train Loss: 0.3455811142921448, Test Loss: 0.32256215810775757 
2024-12-26 15:29:10,364 INFO: Epoch 106, Train Loss: 0.3433258533477783, Test Loss: 0.32100042700767517 
2024-12-26 15:29:10,365 INFO: Epoch 107, Train Loss: 0.3411022424697876, Test Loss: 0.3194586932659149 
2024-12-26 15:29:10,368 INFO: Epoch 108, Train Loss: 0.3389078378677368, Test Loss: 0.31793007254600525 
2024-12-26 15:29:10,371 INFO: Epoch 109, Train Loss: 0.33674299716949463, Test Loss: 0.316424697637558 
2024-12-26 15:29:10,373 INFO: Epoch 110, Train Loss: 0.3346059322357178, Test Loss: 0.3149326741695404 
2024-12-26 15:29:10,375 INFO: Epoch 111, Train Loss: 0.3324970006942749, Test Loss: 0.313461035490036 
2024-12-26 15:29:10,376 INFO: Epoch 112, Train Loss: 0.33041518926620483, Test Loss: 0.31200718879699707 
2024-12-26 15:29:10,378 INFO: Epoch 113, Train Loss: 0.32836034893989563, Test Loss: 0.310565710067749 
2024-12-26 15:29:10,382 INFO: Epoch 114, Train Loss: 0.3263310194015503, Test Loss: 0.30913710594177246 
2024-12-26 15:29:10,384 INFO: Epoch 115, Train Loss: 0.32432493567466736, Test Loss: 0.307727187871933 
2024-12-26 15:29:10,386 INFO: Epoch 116, Train Loss: 0.3223429024219513, Test Loss: 0.3063361942768097 
2024-12-26 15:29:10,388 INFO: Epoch 117, Train Loss: 0.32038408517837524, Test Loss: 0.3049657642841339 
2024-12-26 15:29:10,390 INFO: Epoch 118, Train Loss: 0.31844744086265564, Test Loss: 0.30361562967300415 
2024-12-26 15:29:10,393 INFO: Epoch 119, Train Loss: 0.31653210520744324, Test Loss: 0.30228322744369507 
2024-12-26 15:29:10,396 INFO: Epoch 120, Train Loss: 0.3146454095840454, Test Loss: 0.30096420645713806 
2024-12-26 15:29:10,397 INFO: Epoch 121, Train Loss: 0.3127908408641815, Test Loss: 0.2996586263179779 
2024-12-26 15:29:10,401 INFO: Epoch 122, Train Loss: 0.31095969676971436, Test Loss: 0.2983698844909668 
2024-12-26 15:29:10,403 INFO: Epoch 123, Train Loss: 0.3091508448123932, Test Loss: 0.2970978915691376 
2024-12-26 15:29:10,405 INFO: Epoch 124, Train Loss: 0.30736321210861206, Test Loss: 0.29584136605262756 
2024-12-26 15:29:10,407 INFO: Epoch 125, Train Loss: 0.3055973947048187, Test Loss: 0.2946309745311737 
2024-12-26 15:29:10,409 INFO: Epoch 126, Train Loss: 0.3038516640663147, Test Loss: 0.2934332489967346 
2024-12-26 15:29:10,413 INFO: Epoch 127, Train Loss: 0.3021268844604492, Test Loss: 0.29224488139152527 
2024-12-26 15:29:10,414 INFO: Epoch 128, Train Loss: 0.30042120814323425, Test Loss: 0.29106971621513367 
2024-12-26 15:29:10,417 INFO: Epoch 129, Train Loss: 0.2987333834171295, Test Loss: 0.2899070084095001 
2024-12-26 15:29:10,420 INFO: Epoch 130, Train Loss: 0.29706475138664246, Test Loss: 0.288758784532547 
2024-12-26 15:29:10,422 INFO: Epoch 131, Train Loss: 0.2954188585281372, Test Loss: 0.2876257002353668 
2024-12-26 15:29:10,424 INFO: Epoch 132, Train Loss: 0.293799489736557, Test Loss: 0.28650474548339844 
2024-12-26 15:29:10,426 INFO: Epoch 133, Train Loss: 0.29219645261764526, Test Loss: 0.28541022539138794 
2024-12-26 15:29:10,428 INFO: Epoch 134, Train Loss: 0.2906132638454437, Test Loss: 0.2843340039253235 
2024-12-26 15:29:10,430 INFO: Epoch 135, Train Loss: 0.28904613852500916, Test Loss: 0.2832619845867157 
2024-12-26 15:29:10,433 INFO: Epoch 136, Train Loss: 0.287492573261261, Test Loss: 0.282198041677475 
2024-12-26 15:29:10,435 INFO: Epoch 137, Train Loss: 0.2859545648097992, Test Loss: 0.28114715218544006 
2024-12-26 15:29:10,437 INFO: Epoch 138, Train Loss: 0.284436970949173, Test Loss: 0.28010424971580505 
2024-12-26 15:29:10,439 INFO: Epoch 139, Train Loss: 0.28293731808662415, Test Loss: 0.27906450629234314 
2024-12-26 15:29:10,442 INFO: Epoch 140, Train Loss: 0.28145289421081543, Test Loss: 0.27802973985671997 
2024-12-26 15:29:10,443 INFO: Epoch 141, Train Loss: 0.2799871563911438, Test Loss: 0.2770068347454071 
2024-12-26 15:29:10,445 INFO: Epoch 142, Train Loss: 0.2785399258136749, Test Loss: 0.275997519493103 
2024-12-26 15:29:10,447 INFO: Epoch 143, Train Loss: 0.27711161971092224, Test Loss: 0.27499920129776 
2024-12-26 15:29:10,449 INFO: Epoch 144, Train Loss: 0.27569806575775146, Test Loss: 0.27401110529899597 
2024-12-26 15:29:10,451 INFO: Epoch 145, Train Loss: 0.27429795265197754, Test Loss: 0.2730304002761841 
2024-12-26 15:29:10,454 INFO: Epoch 146, Train Loss: 0.27291160821914673, Test Loss: 0.2720552384853363 
2024-12-26 15:29:10,457 INFO: Epoch 147, Train Loss: 0.2715372145175934, Test Loss: 0.2710959315299988 
2024-12-26 15:29:10,459 INFO: Epoch 148, Train Loss: 0.27017661929130554, Test Loss: 0.27014973759651184 
2024-12-26 15:29:10,461 INFO: Epoch 149, Train Loss: 0.2688300311565399, Test Loss: 0.269208163022995 
2024-12-26 15:29:10,463 INFO: Epoch 150, Train Loss: 0.26750028133392334, Test Loss: 0.26826679706573486 
2024-12-26 15:29:10,467 INFO: Epoch 151, Train Loss: 0.2661876678466797, Test Loss: 0.26734471321105957 
2024-12-26 15:29:10,469 INFO: Epoch 152, Train Loss: 0.2648891806602478, Test Loss: 0.26643475890159607 
2024-12-26 15:29:10,471 INFO: Epoch 153, Train Loss: 0.26360437273979187, Test Loss: 0.2655409276485443 
2024-12-26 15:29:10,473 INFO: Epoch 154, Train Loss: 0.2623320519924164, Test Loss: 0.2646527886390686 
2024-12-26 15:29:10,475 INFO: Epoch 155, Train Loss: 0.26107412576675415, Test Loss: 0.26376867294311523 
2024-12-26 15:29:10,476 INFO: Epoch 156, Train Loss: 0.25982725620269775, Test Loss: 0.26288366317749023 
2024-12-26 15:29:10,478 INFO: Epoch 157, Train Loss: 0.2585916519165039, Test Loss: 0.2619995176792145 
2024-12-26 15:29:10,480 INFO: Epoch 158, Train Loss: 0.25737062096595764, Test Loss: 0.26112255454063416 
2024-12-26 15:29:10,482 INFO: Epoch 159, Train Loss: 0.25616323947906494, Test Loss: 0.26024484634399414 
2024-12-26 15:29:10,484 INFO: Epoch 160, Train Loss: 0.2549642026424408, Test Loss: 0.259368896484375 
2024-12-26 15:29:10,486 INFO: Epoch 161, Train Loss: 0.2537703812122345, Test Loss: 0.2584928572177887 
2024-12-26 15:29:10,487 INFO: Epoch 162, Train Loss: 0.25258541107177734, Test Loss: 0.2576149106025696 
2024-12-26 15:29:10,489 INFO: Epoch 163, Train Loss: 0.25140872597694397, Test Loss: 0.25673460960388184 
2024-12-26 15:29:10,491 INFO: Epoch 164, Train Loss: 0.250241756439209, Test Loss: 0.2558598816394806 
2024-12-26 15:29:10,493 INFO: Epoch 165, Train Loss: 0.24908362329006195, Test Loss: 0.25499197840690613 
2024-12-26 15:29:10,495 INFO: Epoch 166, Train Loss: 0.24793590605258942, Test Loss: 0.25413742661476135 
2024-12-26 15:29:10,497 INFO: Epoch 167, Train Loss: 0.24679575860500336, Test Loss: 0.25328952074050903 
2024-12-26 15:29:10,499 INFO: Epoch 168, Train Loss: 0.24566122889518738, Test Loss: 0.2524445950984955 
2024-12-26 15:29:10,501 INFO: Epoch 169, Train Loss: 0.24453605711460114, Test Loss: 0.2515869736671448 
2024-12-26 15:29:10,503 INFO: Epoch 170, Train Loss: 0.24341940879821777, Test Loss: 0.250728040933609 
2024-12-26 15:29:10,504 INFO: Epoch 171, Train Loss: 0.2423125058412552, Test Loss: 0.2498733550310135 
2024-12-26 15:29:10,506 INFO: Epoch 172, Train Loss: 0.2412131428718567, Test Loss: 0.24902689456939697 
2024-12-26 15:29:10,508 INFO: Epoch 173, Train Loss: 0.24012072384357452, Test Loss: 0.24818460643291473 
2024-12-26 15:29:10,510 INFO: Epoch 174, Train Loss: 0.23903682827949524, Test Loss: 0.24734584987163544 
2024-12-26 15:29:10,511 INFO: Epoch 175, Train Loss: 0.23795810341835022, Test Loss: 0.2465122491121292 
2024-12-26 15:29:10,513 INFO: Epoch 176, Train Loss: 0.2368854582309723, Test Loss: 0.24568234384059906 
2024-12-26 15:29:10,515 INFO: Epoch 177, Train Loss: 0.23581965267658234, Test Loss: 0.2448595017194748 
2024-12-26 15:29:10,516 INFO: Epoch 178, Train Loss: 0.23476122319698334, Test Loss: 0.24404804408550262 
2024-12-26 15:29:10,518 INFO: Epoch 179, Train Loss: 0.23371006548404694, Test Loss: 0.24324285984039307 
2024-12-26 15:29:10,519 INFO: Epoch 180, Train Loss: 0.23266422748565674, Test Loss: 0.242439866065979 
2024-12-26 15:29:10,522 INFO: Epoch 181, Train Loss: 0.23162303864955902, Test Loss: 0.24163924157619476 
2024-12-26 15:29:10,524 INFO: Epoch 182, Train Loss: 0.23059062659740448, Test Loss: 0.240838885307312 
2024-12-26 15:29:10,527 INFO: Epoch 183, Train Loss: 0.22956275939941406, Test Loss: 0.24004414677619934 
2024-12-26 15:29:10,529 INFO: Epoch 184, Train Loss: 0.22854137420654297, Test Loss: 0.2392531931400299 
2024-12-26 15:29:10,530 INFO: Epoch 185, Train Loss: 0.22752627730369568, Test Loss: 0.23846910893917084 
2024-12-26 15:29:10,532 INFO: Epoch 186, Train Loss: 0.22651736438274384, Test Loss: 0.237688347697258 
2024-12-26 15:29:10,534 INFO: Epoch 187, Train Loss: 0.22551539540290833, Test Loss: 0.23691342771053314 
2024-12-26 15:29:10,535 INFO: Epoch 188, Train Loss: 0.22451934218406677, Test Loss: 0.2361409217119217 
2024-12-26 15:29:10,538 INFO: Epoch 189, Train Loss: 0.22352781891822815, Test Loss: 0.2353748083114624 
2024-12-26 15:29:10,540 INFO: Epoch 190, Train Loss: 0.2225419282913208, Test Loss: 0.23461973667144775 
2024-12-26 15:29:10,541 INFO: Epoch 191, Train Loss: 0.22156141698360443, Test Loss: 0.23386850953102112 
2024-12-26 15:29:10,544 INFO: Epoch 192, Train Loss: 0.22058653831481934, Test Loss: 0.2331206351518631 
2024-12-26 15:29:10,545 INFO: Epoch 193, Train Loss: 0.21961544454097748, Test Loss: 0.23238015174865723 
2024-12-26 15:29:10,547 INFO: Epoch 194, Train Loss: 0.2186523824930191, Test Loss: 0.2316463440656662 
2024-12-26 15:29:10,548 INFO: Epoch 195, Train Loss: 0.21769528090953827, Test Loss: 0.23090718686580658 
2024-12-26 15:29:10,551 INFO: Epoch 196, Train Loss: 0.21674373745918274, Test Loss: 0.23016706109046936 
2024-12-26 15:29:10,553 INFO: Epoch 197, Train Loss: 0.21579761803150177, Test Loss: 0.22943058609962463 
2024-12-26 15:29:10,555 INFO: Epoch 198, Train Loss: 0.21485617756843567, Test Loss: 0.22869792580604553 
2024-12-26 15:29:10,558 INFO: Epoch 199, Train Loss: 0.21391990780830383, Test Loss: 0.22796860337257385 
2024-12-26 15:29:10,559 INFO: Epoch 200, Train Loss: 0.21298877894878387, Test Loss: 0.22723977267742157 
2024-12-26 15:29:10,561 INFO: Epoch 201, Train Loss: 0.21206171810626984, Test Loss: 0.22651048004627228 
2024-12-26 15:29:10,562 INFO: Epoch 202, Train Loss: 0.21114222705364227, Test Loss: 0.22578786313533783 
2024-12-26 15:29:10,564 INFO: Epoch 203, Train Loss: 0.21022742986679077, Test Loss: 0.22506485879421234 
2024-12-26 15:29:10,574 INFO: Epoch 204, Train Loss: 0.20932430028915405, Test Loss: 0.2243507206439972 
2024-12-26 15:29:10,576 INFO: Epoch 205, Train Loss: 0.20842556655406952, Test Loss: 0.2236376255750656 
2024-12-26 15:29:10,579 INFO: Epoch 206, Train Loss: 0.20753353834152222, Test Loss: 0.22293494641780853 
2024-12-26 15:29:10,582 INFO: Epoch 207, Train Loss: 0.20664601027965546, Test Loss: 0.2222398966550827 
2024-12-26 15:29:10,584 INFO: Epoch 208, Train Loss: 0.20575839281082153, Test Loss: 0.2215510457754135 
2024-12-26 15:29:10,586 INFO: Epoch 209, Train Loss: 0.20487403869628906, Test Loss: 0.2208692580461502 
2024-12-26 15:29:10,588 INFO: Epoch 210, Train Loss: 0.20399382710456848, Test Loss: 0.22018909454345703 
2024-12-26 15:29:10,590 INFO: Epoch 211, Train Loss: 0.2031216323375702, Test Loss: 0.2195146083831787 
2024-12-26 15:29:10,592 INFO: Epoch 212, Train Loss: 0.2022561877965927, Test Loss: 0.2188434600830078 
2024-12-26 15:29:10,595 INFO: Epoch 213, Train Loss: 0.20139552652835846, Test Loss: 0.2181658297777176 
2024-12-26 15:29:10,597 INFO: Epoch 214, Train Loss: 0.2005399763584137, Test Loss: 0.2174931764602661 
2024-12-26 15:29:10,599 INFO: Epoch 215, Train Loss: 0.1996886283159256, Test Loss: 0.21682564914226532 
2024-12-26 15:29:10,601 INFO: Epoch 216, Train Loss: 0.19884565472602844, Test Loss: 0.21616320312023163 
2024-12-26 15:29:10,603 INFO: Epoch 217, Train Loss: 0.19800999760627747, Test Loss: 0.21550074219703674 
2024-12-26 15:29:10,605 INFO: Epoch 218, Train Loss: 0.19717788696289062, Test Loss: 0.21484100818634033 
2024-12-26 15:29:10,608 INFO: Epoch 219, Train Loss: 0.196350559592247, Test Loss: 0.2141866236925125 
2024-12-26 15:29:10,610 INFO: Epoch 220, Train Loss: 0.1955273300409317, Test Loss: 0.2135351449251175 
2024-12-26 15:29:10,612 INFO: Epoch 221, Train Loss: 0.1947101652622223, Test Loss: 0.21288485825061798 
2024-12-26 15:29:10,615 INFO: Epoch 222, Train Loss: 0.1939004361629486, Test Loss: 0.21223807334899902 
2024-12-26 15:29:10,617 INFO: Epoch 223, Train Loss: 0.19309581816196442, Test Loss: 0.2116016000509262 
2024-12-26 15:29:10,619 INFO: Epoch 224, Train Loss: 0.1922970414161682, Test Loss: 0.21097898483276367 
2024-12-26 15:29:10,621 INFO: Epoch 225, Train Loss: 0.1915035843849182, Test Loss: 0.2103642076253891 
2024-12-26 15:29:10,624 INFO: Epoch 226, Train Loss: 0.1907142847776413, Test Loss: 0.20975171029567719 
2024-12-26 15:29:10,626 INFO: Epoch 227, Train Loss: 0.1899285763502121, Test Loss: 0.20914332568645477 
2024-12-26 15:29:10,629 INFO: Epoch 228, Train Loss: 0.18914709985256195, Test Loss: 0.20854125916957855 
2024-12-26 15:29:10,631 INFO: Epoch 229, Train Loss: 0.18837159872055054, Test Loss: 0.20794354379177094 
2024-12-26 15:29:10,633 INFO: Epoch 230, Train Loss: 0.18759885430335999, Test Loss: 0.20735299587249756 
2024-12-26 15:29:10,635 INFO: Epoch 231, Train Loss: 0.18682952225208282, Test Loss: 0.2067749947309494 
2024-12-26 15:29:10,637 INFO: Epoch 232, Train Loss: 0.18606291711330414, Test Loss: 0.20620766282081604 
2024-12-26 15:29:10,639 INFO: Epoch 233, Train Loss: 0.18529875576496124, Test Loss: 0.20564842224121094 
2024-12-26 15:29:10,641 INFO: Epoch 234, Train Loss: 0.18453729152679443, Test Loss: 0.20509055256843567 
2024-12-26 15:29:10,643 INFO: Epoch 235, Train Loss: 0.18378084897994995, Test Loss: 0.20453129708766937 
2024-12-26 15:29:10,646 INFO: Epoch 236, Train Loss: 0.18302741646766663, Test Loss: 0.20397308468818665 
2024-12-26 15:29:10,648 INFO: Epoch 237, Train Loss: 0.18227867782115936, Test Loss: 0.20342567563056946 
2024-12-26 15:29:10,650 INFO: Epoch 238, Train Loss: 0.18153433501720428, Test Loss: 0.20288899540901184 
2024-12-26 15:29:10,653 INFO: Epoch 239, Train Loss: 0.1807929277420044, Test Loss: 0.20235662162303925 
2024-12-26 15:29:10,655 INFO: Epoch 240, Train Loss: 0.1800547093153, Test Loss: 0.20182743668556213 
2024-12-26 15:29:10,658 INFO: Epoch 241, Train Loss: 0.1793193817138672, Test Loss: 0.20130257308483124 
2024-12-26 15:29:10,659 INFO: Epoch 242, Train Loss: 0.1785869300365448, Test Loss: 0.20078516006469727 
2024-12-26 15:29:10,661 INFO: Epoch 243, Train Loss: 0.17785777151584625, Test Loss: 0.20027346909046173 
2024-12-26 15:29:10,664 INFO: Epoch 244, Train Loss: 0.17713142931461334, Test Loss: 0.19977213442325592 
2024-12-26 15:29:10,667 INFO: Epoch 245, Train Loss: 0.17640790343284607, Test Loss: 0.19927579164505005 
2024-12-26 15:29:10,668 INFO: Epoch 246, Train Loss: 0.17569094896316528, Test Loss: 0.19878393411636353 
2024-12-26 15:29:10,671 INFO: Epoch 247, Train Loss: 0.17497703433036804, Test Loss: 0.19829869270324707 
2024-12-26 15:29:10,673 INFO: Epoch 248, Train Loss: 0.1742657721042633, Test Loss: 0.19782070815563202 
2024-12-26 15:29:10,674 INFO: Epoch 249, Train Loss: 0.17355720698833466, Test Loss: 0.19734863936901093 
2024-12-26 15:29:10,677 INFO: Epoch 250, Train Loss: 0.1728525608778, Test Loss: 0.19687789678573608 
2024-12-26 15:29:10,679 INFO: Epoch 251, Train Loss: 0.1721508800983429, Test Loss: 0.19640885293483734 
2024-12-26 15:29:10,682 INFO: Epoch 252, Train Loss: 0.17145127058029175, Test Loss: 0.19594161212444305 
2024-12-26 15:29:10,684 INFO: Epoch 253, Train Loss: 0.17075489461421967, Test Loss: 0.19548051059246063 
2024-12-26 15:29:10,686 INFO: Epoch 254, Train Loss: 0.17006152868270874, Test Loss: 0.1950235664844513 
2024-12-26 15:29:10,687 INFO: Epoch 255, Train Loss: 0.16936960816383362, Test Loss: 0.19456999003887177 
2024-12-26 15:29:10,689 INFO: Epoch 256, Train Loss: 0.16867586970329285, Test Loss: 0.19412089884281158 
2024-12-26 15:29:10,691 INFO: Epoch 257, Train Loss: 0.1679835021495819, Test Loss: 0.19367428123950958 
2024-12-26 15:29:10,693 INFO: Epoch 258, Train Loss: 0.16729313135147095, Test Loss: 0.19322888553142548 
2024-12-26 15:29:10,695 INFO: Epoch 259, Train Loss: 0.1666025072336197, Test Loss: 0.1927906721830368 
2024-12-26 15:29:10,697 INFO: Epoch 260, Train Loss: 0.16591177880764008, Test Loss: 0.19235752522945404 
2024-12-26 15:29:10,699 INFO: Epoch 261, Train Loss: 0.16522246599197388, Test Loss: 0.19192202389240265 
2024-12-26 15:29:10,700 INFO: Epoch 262, Train Loss: 0.1645377278327942, Test Loss: 0.19148823618888855 
2024-12-26 15:29:10,703 INFO: Epoch 263, Train Loss: 0.16385941207408905, Test Loss: 0.19106507301330566 
2024-12-26 15:29:10,704 INFO: Epoch 264, Train Loss: 0.1631855070590973, Test Loss: 0.19065502285957336 
2024-12-26 15:29:10,706 INFO: Epoch 265, Train Loss: 0.16251574456691742, Test Loss: 0.1902465969324112 
2024-12-26 15:29:10,708 INFO: Epoch 266, Train Loss: 0.16185152530670166, Test Loss: 0.18984009325504303 
2024-12-26 15:29:10,709 INFO: Epoch 267, Train Loss: 0.1611916422843933, Test Loss: 0.18943274021148682 
2024-12-26 15:29:10,711 INFO: Epoch 268, Train Loss: 0.16053779423236847, Test Loss: 0.18902336061000824 
2024-12-26 15:29:10,713 INFO: Epoch 269, Train Loss: 0.1598854959011078, Test Loss: 0.1886139214038849 
2024-12-26 15:29:10,714 INFO: Epoch 270, Train Loss: 0.1592377871274948, Test Loss: 0.18821124732494354 
2024-12-26 15:29:10,717 INFO: Epoch 271, Train Loss: 0.1585938185453415, Test Loss: 0.18780918419361115 
2024-12-26 15:29:10,719 INFO: Epoch 272, Train Loss: 0.1579524427652359, Test Loss: 0.18741150200366974 
2024-12-26 15:29:10,720 INFO: Epoch 273, Train Loss: 0.1573139876127243, Test Loss: 0.1870182305574417 
2024-12-26 15:29:10,722 INFO: Epoch 274, Train Loss: 0.15667900443077087, Test Loss: 0.18662521243095398 
2024-12-26 15:29:10,723 INFO: Epoch 275, Train Loss: 0.15604837238788605, Test Loss: 0.18623024225234985 
2024-12-26 15:29:10,725 INFO: Epoch 276, Train Loss: 0.1554342806339264, Test Loss: 0.1858363002538681 
2024-12-26 15:29:10,727 INFO: Epoch 277, Train Loss: 0.15482720732688904, Test Loss: 0.18544378876686096 
2024-12-26 15:29:10,729 INFO: Epoch 278, Train Loss: 0.15422303974628448, Test Loss: 0.18505077064037323 
2024-12-26 15:29:10,731 INFO: Epoch 279, Train Loss: 0.15362206101417542, Test Loss: 0.1846592128276825 
2024-12-26 15:29:10,733 INFO: Epoch 280, Train Loss: 0.1530243307352066, Test Loss: 0.18426983058452606 
2024-12-26 15:29:10,734 INFO: Epoch 281, Train Loss: 0.1524302214384079, Test Loss: 0.18387940526008606 
2024-12-26 15:29:10,737 INFO: Epoch 282, Train Loss: 0.1518412083387375, Test Loss: 0.18349067866802216 
2024-12-26 15:29:10,738 INFO: Epoch 283, Train Loss: 0.15125524997711182, Test Loss: 0.1831052005290985 
2024-12-26 15:29:10,740 INFO: Epoch 284, Train Loss: 0.15067286789417267, Test Loss: 0.18272052705287933 
2024-12-26 15:29:10,742 INFO: Epoch 285, Train Loss: 0.15009289979934692, Test Loss: 0.18234024941921234 
2024-12-26 15:29:10,744 INFO: Epoch 286, Train Loss: 0.1495145559310913, Test Loss: 0.18196561932563782 
2024-12-26 15:29:10,746 INFO: Epoch 287, Train Loss: 0.14894534647464752, Test Loss: 0.18158593773841858 
2024-12-26 15:29:10,748 INFO: Epoch 288, Train Loss: 0.14838260412216187, Test Loss: 0.1812014877796173 
2024-12-26 15:29:10,750 INFO: Epoch 289, Train Loss: 0.14782194793224335, Test Loss: 0.18081633746623993 
2024-12-26 15:29:10,752 INFO: Epoch 290, Train Loss: 0.1472632884979248, Test Loss: 0.1804288923740387 
2024-12-26 15:29:10,754 INFO: Epoch 291, Train Loss: 0.14670687913894653, Test Loss: 0.18004588782787323 
2024-12-26 15:29:10,755 INFO: Epoch 292, Train Loss: 0.14615164697170258, Test Loss: 0.17966610193252563 
2024-12-26 15:29:10,757 INFO: Epoch 293, Train Loss: 0.1455988883972168, Test Loss: 0.1792875975370407 
2024-12-26 15:29:10,759 INFO: Epoch 294, Train Loss: 0.14504876732826233, Test Loss: 0.17891286313533783 
2024-12-26 15:29:10,761 INFO: Epoch 295, Train Loss: 0.1445014476776123, Test Loss: 0.17853787541389465 
2024-12-26 15:29:10,763 INFO: Epoch 296, Train Loss: 0.14395704865455627, Test Loss: 0.17817069590091705 
2024-12-26 15:29:10,765 INFO: Epoch 297, Train Loss: 0.14341536164283752, Test Loss: 0.1778041124343872 
2024-12-26 15:29:10,766 INFO: Epoch 298, Train Loss: 0.1428755819797516, Test Loss: 0.17744018137454987 
2024-12-26 15:29:10,768 INFO: Epoch 299, Train Loss: 0.14233948290348053, Test Loss: 0.17707405984401703 
2024-12-26 15:29:10,770 INFO: Epoch 300, Train Loss: 0.14180682599544525, Test Loss: 0.1767052859067917 
2024-12-26 15:29:10,771 INFO: Epoch 301, Train Loss: 0.14127638936042786, Test Loss: 0.17633454501628876 
2024-12-26 15:29:10,774 INFO: Epoch 302, Train Loss: 0.14074821770191193, Test Loss: 0.17596493661403656 
2024-12-26 15:29:10,776 INFO: Epoch 303, Train Loss: 0.14022327959537506, Test Loss: 0.17560666799545288 
2024-12-26 15:29:10,777 INFO: Epoch 304, Train Loss: 0.13970011472702026, Test Loss: 0.17525708675384521 
2024-12-26 15:29:10,779 INFO: Epoch 305, Train Loss: 0.13917982578277588, Test Loss: 0.17490927875041962 
2024-12-26 15:29:10,782 INFO: Epoch 306, Train Loss: 0.13866202533245087, Test Loss: 0.17456194758415222 
2024-12-26 15:29:10,784 INFO: Epoch 307, Train Loss: 0.13814693689346313, Test Loss: 0.1742171049118042 
2024-12-26 15:29:10,786 INFO: Epoch 308, Train Loss: 0.1376362144947052, Test Loss: 0.17387963831424713 
2024-12-26 15:29:10,788 INFO: Epoch 309, Train Loss: 0.1371300369501114, Test Loss: 0.17354638874530792 
2024-12-26 15:29:10,791 INFO: Epoch 310, Train Loss: 0.13662810623645782, Test Loss: 0.17321708798408508 
2024-12-26 15:29:10,792 INFO: Epoch 311, Train Loss: 0.13613097369670868, Test Loss: 0.17289389669895172 
2024-12-26 15:29:10,795 INFO: Epoch 312, Train Loss: 0.13563556969165802, Test Loss: 0.17257533967494965 
2024-12-26 15:29:10,797 INFO: Epoch 313, Train Loss: 0.13514229655265808, Test Loss: 0.1722651571035385 
2024-12-26 15:29:10,800 INFO: Epoch 314, Train Loss: 0.1346512883901596, Test Loss: 0.17195944488048553 
2024-12-26 15:29:10,802 INFO: Epoch 315, Train Loss: 0.13416257500648499, Test Loss: 0.171656996011734 
2024-12-26 15:29:10,804 INFO: Epoch 316, Train Loss: 0.13367637991905212, Test Loss: 0.17135533690452576 
2024-12-26 15:29:10,806 INFO: Epoch 317, Train Loss: 0.13319271802902222, Test Loss: 0.17105627059936523 
2024-12-26 15:29:10,808 INFO: Epoch 318, Train Loss: 0.13271164894104004, Test Loss: 0.17075709998607635 
2024-12-26 15:29:10,811 INFO: Epoch 319, Train Loss: 0.13223259150981903, Test Loss: 0.17045940458774567 
2024-12-26 15:29:10,813 INFO: Epoch 320, Train Loss: 0.13175682723522186, Test Loss: 0.17017023265361786 
2024-12-26 15:29:10,814 INFO: Epoch 321, Train Loss: 0.13128413259983063, Test Loss: 0.1698872298002243 
2024-12-26 15:29:10,817 INFO: Epoch 322, Train Loss: 0.13081315159797668, Test Loss: 0.1696120947599411 
2024-12-26 15:29:10,818 INFO: Epoch 323, Train Loss: 0.1303442269563675, Test Loss: 0.16934728622436523 
2024-12-26 15:29:10,820 INFO: Epoch 324, Train Loss: 0.12987712025642395, Test Loss: 0.16908787190914154 
2024-12-26 15:29:10,821 INFO: Epoch 325, Train Loss: 0.1294124871492386, Test Loss: 0.16882844269275665 
2024-12-26 15:29:10,823 INFO: Epoch 326, Train Loss: 0.1289498209953308, Test Loss: 0.1685672253370285 
2024-12-26 15:29:10,825 INFO: Epoch 327, Train Loss: 0.12848873436450958, Test Loss: 0.16830965876579285 
2024-12-26 15:29:10,827 INFO: Epoch 328, Train Loss: 0.12803126871585846, Test Loss: 0.16805905103683472 
2024-12-26 15:29:10,829 INFO: Epoch 329, Train Loss: 0.12757693231105804, Test Loss: 0.16780716180801392 
2024-12-26 15:29:10,832 INFO: Epoch 330, Train Loss: 0.1271258443593979, Test Loss: 0.16754703223705292 
2024-12-26 15:29:10,834 INFO: Epoch 331, Train Loss: 0.12667538225650787, Test Loss: 0.167280375957489 
2024-12-26 15:29:10,836 INFO: Epoch 332, Train Loss: 0.1262262463569641, Test Loss: 0.16700761020183563 
2024-12-26 15:29:10,838 INFO: Epoch 333, Train Loss: 0.12577927112579346, Test Loss: 0.16673704981803894 
2024-12-26 15:29:10,841 INFO: Epoch 334, Train Loss: 0.12533430755138397, Test Loss: 0.16647176444530487 
2024-12-26 15:29:10,843 INFO: Epoch 335, Train Loss: 0.1248907819390297, Test Loss: 0.1662076711654663 
2024-12-26 15:29:10,846 INFO: Epoch 336, Train Loss: 0.12444937974214554, Test Loss: 0.1659453809261322 
2024-12-26 15:29:10,847 INFO: Epoch 337, Train Loss: 0.12401048094034195, Test Loss: 0.1656847447156906 
2024-12-26 15:29:10,851 INFO: Epoch 338, Train Loss: 0.12357313185930252, Test Loss: 0.16542692482471466 
2024-12-26 15:29:10,854 INFO: Epoch 339, Train Loss: 0.12313730269670486, Test Loss: 0.16516996920108795 
2024-12-26 15:29:10,857 INFO: Epoch 340, Train Loss: 0.12270345538854599, Test Loss: 0.16491863131523132 
2024-12-26 15:29:10,859 INFO: Epoch 341, Train Loss: 0.12227149307727814, Test Loss: 0.164667010307312 
2024-12-26 15:29:10,861 INFO: Epoch 342, Train Loss: 0.12184125930070877, Test Loss: 0.16441161930561066 
2024-12-26 15:29:10,864 INFO: Epoch 343, Train Loss: 0.12141397595405579, Test Loss: 0.16415388882160187 
2024-12-26 15:29:10,867 INFO: Epoch 344, Train Loss: 0.12098830938339233, Test Loss: 0.16389618813991547 
2024-12-26 15:29:10,869 INFO: Epoch 345, Train Loss: 0.12056490033864975, Test Loss: 0.16363190114498138 
2024-12-26 15:29:10,871 INFO: Epoch 346, Train Loss: 0.12014341354370117, Test Loss: 0.1633691042661667 
2024-12-26 15:29:10,873 INFO: Epoch 347, Train Loss: 0.1197236031293869, Test Loss: 0.16310939192771912 
2024-12-26 15:29:10,875 INFO: Epoch 348, Train Loss: 0.11930635571479797, Test Loss: 0.1628519743680954 
2024-12-26 15:29:10,877 INFO: Epoch 349, Train Loss: 0.1188899427652359, Test Loss: 0.16259638965129852 
2024-12-26 15:29:10,879 INFO: Epoch 350, Train Loss: 0.11847497522830963, Test Loss: 0.16234154999256134 
2024-12-26 15:29:10,882 INFO: Epoch 351, Train Loss: 0.11806236207485199, Test Loss: 0.16208653151988983 
2024-12-26 15:29:10,883 INFO: Epoch 352, Train Loss: 0.11765169352293015, Test Loss: 0.16183581948280334 
2024-12-26 15:29:10,887 INFO: Epoch 353, Train Loss: 0.11724384129047394, Test Loss: 0.16158698499202728 
2024-12-26 15:29:10,888 INFO: Epoch 354, Train Loss: 0.11683902144432068, Test Loss: 0.1613447070121765 
2024-12-26 15:29:10,890 INFO: Epoch 355, Train Loss: 0.11643592268228531, Test Loss: 0.16110821068286896 
2024-12-26 15:29:10,892 INFO: Epoch 356, Train Loss: 0.11603438854217529, Test Loss: 0.16087603569030762 
2024-12-26 15:29:10,894 INFO: Epoch 357, Train Loss: 0.11563485860824585, Test Loss: 0.16064605116844177 
2024-12-26 15:29:10,896 INFO: Epoch 358, Train Loss: 0.11523715406656265, Test Loss: 0.16041350364685059 
2024-12-26 15:29:10,898 INFO: Epoch 359, Train Loss: 0.11484124511480331, Test Loss: 0.16017679870128632 
2024-12-26 15:29:10,900 INFO: Epoch 360, Train Loss: 0.11444713175296783, Test Loss: 0.15993516147136688 
2024-12-26 15:29:10,902 INFO: Epoch 361, Train Loss: 0.11405419558286667, Test Loss: 0.1596907377243042 
2024-12-26 15:29:10,904 INFO: Epoch 362, Train Loss: 0.11366267502307892, Test Loss: 0.15944842994213104 
2024-12-26 15:29:10,906 INFO: Epoch 363, Train Loss: 0.1132744625210762, Test Loss: 0.15920940041542053 
2024-12-26 15:29:10,907 INFO: Epoch 364, Train Loss: 0.11288865655660629, Test Loss: 0.1589728444814682 
2024-12-26 15:29:10,909 INFO: Epoch 365, Train Loss: 0.11250481754541397, Test Loss: 0.15874290466308594 
2024-12-26 15:29:10,911 INFO: Epoch 366, Train Loss: 0.11212226748466492, Test Loss: 0.15852268040180206 
2024-12-26 15:29:10,914 INFO: Epoch 367, Train Loss: 0.11174136400222778, Test Loss: 0.15830610692501068 
2024-12-26 15:29:10,916 INFO: Epoch 368, Train Loss: 0.11136168986558914, Test Loss: 0.1580895185470581 
2024-12-26 15:29:10,918 INFO: Epoch 369, Train Loss: 0.11098361760377884, Test Loss: 0.1578724980354309 
2024-12-26 15:29:10,920 INFO: Epoch 370, Train Loss: 0.1106075868010521, Test Loss: 0.15765754878520966 
2024-12-26 15:29:10,922 INFO: Epoch 371, Train Loss: 0.11023343354463577, Test Loss: 0.15744052827358246 
2024-12-26 15:29:10,924 INFO: Epoch 372, Train Loss: 0.10986074060201645, Test Loss: 0.15722258388996124 
2024-12-26 15:29:10,925 INFO: Epoch 373, Train Loss: 0.10948804765939713, Test Loss: 0.15700219571590424 
2024-12-26 15:29:10,927 INFO: Epoch 374, Train Loss: 0.10911665111780167, Test Loss: 0.15678070485591888 
2024-12-26 15:29:10,928 INFO: Epoch 375, Train Loss: 0.10874689370393753, Test Loss: 0.1565646529197693 
2024-12-26 15:29:10,931 INFO: Epoch 376, Train Loss: 0.10837914794683456, Test Loss: 0.15635041892528534 
2024-12-26 15:29:10,932 INFO: Epoch 377, Train Loss: 0.10801281034946442, Test Loss: 0.1561322957277298 
2024-12-26 15:29:10,934 INFO: Epoch 378, Train Loss: 0.10764782130718231, Test Loss: 0.15591107308864594 
2024-12-26 15:29:10,936 INFO: Epoch 379, Train Loss: 0.10728439688682556, Test Loss: 0.15568815171718597 
2024-12-26 15:29:10,938 INFO: Epoch 380, Train Loss: 0.10692235827445984, Test Loss: 0.15546928346157074 
2024-12-26 15:29:10,940 INFO: Epoch 381, Train Loss: 0.10656116157770157, Test Loss: 0.15525373816490173 
2024-12-26 15:29:10,942 INFO: Epoch 382, Train Loss: 0.10620182007551193, Test Loss: 0.15503589808940887 
2024-12-26 15:29:10,943 INFO: Epoch 383, Train Loss: 0.10584508627653122, Test Loss: 0.15481899678707123 
2024-12-26 15:29:10,945 INFO: Epoch 384, Train Loss: 0.10548938065767288, Test Loss: 0.15460528433322906 
2024-12-26 15:29:10,947 INFO: Epoch 385, Train Loss: 0.10513492673635483, Test Loss: 0.15439411997795105 
2024-12-26 15:29:10,948 INFO: Epoch 386, Train Loss: 0.1047821044921875, Test Loss: 0.1541854292154312 
2024-12-26 15:29:10,951 INFO: Epoch 387, Train Loss: 0.10443110764026642, Test Loss: 0.15397420525550842 
2024-12-26 15:29:10,953 INFO: Epoch 388, Train Loss: 0.10408087074756622, Test Loss: 0.15375806391239166 
2024-12-26 15:29:10,955 INFO: Epoch 389, Train Loss: 0.10373153537511826, Test Loss: 0.1535443216562271 
2024-12-26 15:29:10,956 INFO: Epoch 390, Train Loss: 0.10338353365659714, Test Loss: 0.15332984924316406 
2024-12-26 15:29:10,959 INFO: Epoch 391, Train Loss: 0.1030370444059372, Test Loss: 0.15311674773693085 
2024-12-26 15:29:10,960 INFO: Epoch 392, Train Loss: 0.10269181430339813, Test Loss: 0.15290728211402893 
2024-12-26 15:29:10,962 INFO: Epoch 393, Train Loss: 0.10234794020652771, Test Loss: 0.15269790589809418 
2024-12-26 15:29:10,964 INFO: Epoch 394, Train Loss: 0.10200528800487518, Test Loss: 0.15248830616474152 
2024-12-26 15:29:10,966 INFO: Epoch 395, Train Loss: 0.10166466981172562, Test Loss: 0.15227878093719482 
2024-12-26 15:29:10,967 INFO: Epoch 396, Train Loss: 0.10132508724927902, Test Loss: 0.15206770598888397 
2024-12-26 15:29:10,969 INFO: Epoch 397, Train Loss: 0.10098719596862793, Test Loss: 0.15185780823230743 
2024-12-26 15:29:10,971 INFO: Epoch 398, Train Loss: 0.1006515622138977, Test Loss: 0.15165358781814575 
2024-12-26 15:29:10,972 INFO: Epoch 399, Train Loss: 0.10031749308109283, Test Loss: 0.15145061910152435 
2024-12-26 15:29:10,975 INFO: Epoch 400, Train Loss: 0.09998558461666107, Test Loss: 0.1512456238269806 
2024-12-26 15:29:10,977 INFO: Epoch 401, Train Loss: 0.09965501725673676, Test Loss: 0.15103743970394135 
2024-12-26 15:29:10,979 INFO: Epoch 402, Train Loss: 0.09932530671358109, Test Loss: 0.1508280634880066 
2024-12-26 15:29:10,981 INFO: Epoch 403, Train Loss: 0.09899736195802689, Test Loss: 0.15062381327152252 
2024-12-26 15:29:10,984 INFO: Epoch 404, Train Loss: 0.09867072105407715, Test Loss: 0.15042392909526825 
2024-12-26 15:29:10,986 INFO: Epoch 405, Train Loss: 0.09834536910057068, Test Loss: 0.15022727847099304 
2024-12-26 15:29:10,988 INFO: Epoch 406, Train Loss: 0.0980219617486, Test Loss: 0.15003171563148499 
2024-12-26 15:29:10,989 INFO: Epoch 407, Train Loss: 0.09769973903894424, Test Loss: 0.14983393251895905 
2024-12-26 15:29:10,992 INFO: Epoch 408, Train Loss: 0.09737791866064072, Test Loss: 0.14963306486606598 
2024-12-26 15:29:10,994 INFO: Epoch 409, Train Loss: 0.09705894440412521, Test Loss: 0.14943405985832214 
2024-12-26 15:29:10,996 INFO: Epoch 410, Train Loss: 0.09674237668514252, Test Loss: 0.14923661947250366 
2024-12-26 15:29:10,999 INFO: Epoch 411, Train Loss: 0.09642644226551056, Test Loss: 0.14904260635375977 
2024-12-26 15:29:11,001 INFO: Epoch 412, Train Loss: 0.09611120074987411, Test Loss: 0.14884988963603973 
2024-12-26 15:29:11,003 INFO: Epoch 413, Train Loss: 0.09579765051603317, Test Loss: 0.1486593335866928 
2024-12-26 15:29:11,005 INFO: Epoch 414, Train Loss: 0.09548488259315491, Test Loss: 0.14847038686275482 
2024-12-26 15:29:11,008 INFO: Epoch 415, Train Loss: 0.0951729342341423, Test Loss: 0.14827898144721985 
2024-12-26 15:29:11,011 INFO: Epoch 416, Train Loss: 0.09486217796802521, Test Loss: 0.1480850726366043 
2024-12-26 15:29:11,013 INFO: Epoch 417, Train Loss: 0.09455329924821854, Test Loss: 0.14789588749408722 
2024-12-26 15:29:11,015 INFO: Epoch 418, Train Loss: 0.09424552321434021, Test Loss: 0.14771036803722382 
2024-12-26 15:29:11,019 INFO: Epoch 419, Train Loss: 0.09393870830535889, Test Loss: 0.14752411842346191 
2024-12-26 15:29:11,021 INFO: Epoch 420, Train Loss: 0.09363322705030441, Test Loss: 0.14733512699604034 
2024-12-26 15:29:11,022 INFO: Epoch 421, Train Loss: 0.09332874417304993, Test Loss: 0.1471460461616516 
2024-12-26 15:29:11,025 INFO: Epoch 422, Train Loss: 0.09302565455436707, Test Loss: 0.14695563912391663 
2024-12-26 15:29:11,026 INFO: Epoch 423, Train Loss: 0.09272304177284241, Test Loss: 0.14676420390605927 
2024-12-26 15:29:11,029 INFO: Epoch 424, Train Loss: 0.09242144227027893, Test Loss: 0.1465730220079422 
2024-12-26 15:29:11,032 INFO: Epoch 425, Train Loss: 0.0921209529042244, Test Loss: 0.14638423919677734 
2024-12-26 15:29:11,034 INFO: Epoch 426, Train Loss: 0.09182191640138626, Test Loss: 0.14619724452495575 
2024-12-26 15:29:11,036 INFO: Epoch 427, Train Loss: 0.091523677110672, Test Loss: 0.1460123062133789 
2024-12-26 15:29:11,038 INFO: Epoch 428, Train Loss: 0.09122633188962936, Test Loss: 0.14582598209381104 
2024-12-26 15:29:11,040 INFO: Epoch 429, Train Loss: 0.0909307673573494, Test Loss: 0.14563357830047607 
2024-12-26 15:29:11,043 INFO: Epoch 430, Train Loss: 0.09063731878995895, Test Loss: 0.14543555676937103 
2024-12-26 15:29:11,046 INFO: Epoch 431, Train Loss: 0.09034561365842819, Test Loss: 0.14523838460445404 
2024-12-26 15:29:11,048 INFO: Epoch 432, Train Loss: 0.09005491435527802, Test Loss: 0.14504459500312805 
2024-12-26 15:29:11,050 INFO: Epoch 433, Train Loss: 0.08976463228464127, Test Loss: 0.14485524594783783 
2024-12-26 15:29:11,052 INFO: Epoch 434, Train Loss: 0.08947647362947464, Test Loss: 0.1446632593870163 
2024-12-26 15:29:11,054 INFO: Epoch 435, Train Loss: 0.08918949216604233, Test Loss: 0.14447055757045746 
2024-12-26 15:29:11,056 INFO: Epoch 436, Train Loss: 0.08890317380428314, Test Loss: 0.1442800611257553 
2024-12-26 15:29:11,058 INFO: Epoch 437, Train Loss: 0.08861789107322693, Test Loss: 0.14409281313419342 
2024-12-26 15:29:11,059 INFO: Epoch 438, Train Loss: 0.08833391964435577, Test Loss: 0.14390829205513 
2024-12-26 15:29:11,062 INFO: Epoch 439, Train Loss: 0.08805042505264282, Test Loss: 0.14372922480106354 
2024-12-26 15:29:11,065 INFO: Epoch 440, Train Loss: 0.08776797354221344, Test Loss: 0.14354829490184784 
2024-12-26 15:29:11,067 INFO: Epoch 441, Train Loss: 0.08748755604028702, Test Loss: 0.1433672457933426 
2024-12-26 15:29:11,069 INFO: Epoch 442, Train Loss: 0.08720748126506805, Test Loss: 0.1431829184293747 
2024-12-26 15:29:11,070 INFO: Epoch 443, Train Loss: 0.08692822605371475, Test Loss: 0.1429998129606247 
2024-12-26 15:29:11,073 INFO: Epoch 444, Train Loss: 0.08664998412132263, Test Loss: 0.14281582832336426 
2024-12-26 15:29:11,075 INFO: Epoch 445, Train Loss: 0.08637210726737976, Test Loss: 0.1426280289888382 
2024-12-26 15:29:11,077 INFO: Epoch 446, Train Loss: 0.08609502017498016, Test Loss: 0.14243784546852112 
2024-12-26 15:29:11,079 INFO: Epoch 447, Train Loss: 0.08581957221031189, Test Loss: 0.14224812388420105 
2024-12-26 15:29:11,082 INFO: Epoch 448, Train Loss: 0.08554471284151077, Test Loss: 0.14206157624721527 
2024-12-26 15:29:11,085 INFO: Epoch 449, Train Loss: 0.08527034521102905, Test Loss: 0.1418745070695877 
2024-12-26 15:29:11,087 INFO: Epoch 450, Train Loss: 0.0849953219294548, Test Loss: 0.1416873186826706 
2024-12-26 15:29:11,089 INFO: Epoch 451, Train Loss: 0.08472076058387756, Test Loss: 0.14150141179561615 
2024-12-26 15:29:11,091 INFO: Epoch 452, Train Loss: 0.08444610238075256, Test Loss: 0.14131522178649902 
2024-12-26 15:29:11,092 INFO: Epoch 453, Train Loss: 0.08417238295078278, Test Loss: 0.14112697541713715 
2024-12-26 15:29:11,094 INFO: Epoch 454, Train Loss: 0.08389965444803238, Test Loss: 0.14094160497188568 
2024-12-26 15:29:11,096 INFO: Epoch 455, Train Loss: 0.08362763375043869, Test Loss: 0.1407591849565506 
2024-12-26 15:29:11,098 INFO: Epoch 456, Train Loss: 0.08335640281438828, Test Loss: 0.14057575166225433 
2024-12-26 15:29:11,100 INFO: Epoch 457, Train Loss: 0.08308578282594681, Test Loss: 0.14039529860019684 
2024-12-26 15:29:11,102 INFO: Epoch 458, Train Loss: 0.0828154981136322, Test Loss: 0.14021091163158417 
2024-12-26 15:29:11,104 INFO: Epoch 459, Train Loss: 0.08254574984312057, Test Loss: 0.14002621173858643 
2024-12-26 15:29:11,106 INFO: Epoch 460, Train Loss: 0.08227759599685669, Test Loss: 0.13984104990959167 
2024-12-26 15:29:11,109 INFO: Epoch 461, Train Loss: 0.08201056718826294, Test Loss: 0.13965493440628052 
2024-12-26 15:29:11,110 INFO: Epoch 462, Train Loss: 0.08174442499876022, Test Loss: 0.13946734368801117 
2024-12-26 15:29:11,112 INFO: Epoch 463, Train Loss: 0.08148012310266495, Test Loss: 0.13928118348121643 
2024-12-26 15:29:11,115 INFO: Epoch 464, Train Loss: 0.08121703565120697, Test Loss: 0.1390969306230545 
2024-12-26 15:29:11,117 INFO: Epoch 465, Train Loss: 0.08095498383045197, Test Loss: 0.13891543447971344 
2024-12-26 15:29:11,118 INFO: Epoch 466, Train Loss: 0.08069385588169098, Test Loss: 0.13873398303985596 
2024-12-26 15:29:11,121 INFO: Epoch 467, Train Loss: 0.0804346576333046, Test Loss: 0.13854756951332092 
2024-12-26 15:29:11,123 INFO: Epoch 468, Train Loss: 0.08017763495445251, Test Loss: 0.13836106657981873 
2024-12-26 15:29:11,124 INFO: Epoch 469, Train Loss: 0.07992078363895416, Test Loss: 0.1381726711988449 
2024-12-26 15:29:11,126 INFO: Epoch 470, Train Loss: 0.07966376841068268, Test Loss: 0.13798092305660248 
2024-12-26 15:29:11,128 INFO: Epoch 471, Train Loss: 0.07940787822008133, Test Loss: 0.1377844363451004 
2024-12-26 15:29:11,129 INFO: Epoch 472, Train Loss: 0.07915226370096207, Test Loss: 0.13758981227874756 
2024-12-26 15:29:11,131 INFO: Epoch 473, Train Loss: 0.07889684289693832, Test Loss: 0.1373942345380783 
2024-12-26 15:29:11,133 INFO: Epoch 474, Train Loss: 0.07864206284284592, Test Loss: 0.13719619810581207 
2024-12-26 15:29:11,134 INFO: Epoch 475, Train Loss: 0.07838806509971619, Test Loss: 0.13699856400489807 
2024-12-26 15:29:11,136 INFO: Epoch 476, Train Loss: 0.0781347006559372, Test Loss: 0.13680444657802582 
2024-12-26 15:29:11,139 INFO: Epoch 477, Train Loss: 0.0778820663690567, Test Loss: 0.13661476969718933 
2024-12-26 15:29:11,141 INFO: Epoch 478, Train Loss: 0.07762958854436874, Test Loss: 0.13642790913581848 
2024-12-26 15:29:11,143 INFO: Epoch 479, Train Loss: 0.0773780569434166, Test Loss: 0.13623583316802979 
2024-12-26 15:29:11,144 INFO: Epoch 480, Train Loss: 0.07712652534246445, Test Loss: 0.13603956997394562 
2024-12-26 15:29:11,146 INFO: Epoch 481, Train Loss: 0.0768754780292511, Test Loss: 0.1358446329832077 
2024-12-26 15:29:11,148 INFO: Epoch 482, Train Loss: 0.07662612199783325, Test Loss: 0.13565339148044586 
2024-12-26 15:29:11,149 INFO: Epoch 483, Train Loss: 0.07637722790241241, Test Loss: 0.13546502590179443 
2024-12-26 15:29:11,151 INFO: Epoch 484, Train Loss: 0.07612878084182739, Test Loss: 0.13527558743953705 
2024-12-26 15:29:11,153 INFO: Epoch 485, Train Loss: 0.0758814588189125, Test Loss: 0.1350885033607483 
2024-12-26 15:29:11,155 INFO: Epoch 486, Train Loss: 0.07563651353120804, Test Loss: 0.13490377366542816 
2024-12-26 15:29:11,156 INFO: Epoch 487, Train Loss: 0.0753946453332901, Test Loss: 0.1347208470106125 
2024-12-26 15:29:11,158 INFO: Epoch 488, Train Loss: 0.0751539096236229, Test Loss: 0.13453982770442963 
2024-12-26 15:29:11,160 INFO: Epoch 489, Train Loss: 0.07491373270750046, Test Loss: 0.13436108827590942 
2024-12-26 15:29:11,162 INFO: Epoch 490, Train Loss: 0.07467421144247055, Test Loss: 0.13418260216712952 
2024-12-26 15:29:11,163 INFO: Epoch 491, Train Loss: 0.07443567365407944, Test Loss: 0.13400530815124512 
2024-12-26 15:29:11,165 INFO: Epoch 492, Train Loss: 0.07419800758361816, Test Loss: 0.13383029401302338 
2024-12-26 15:29:11,167 INFO: Epoch 493, Train Loss: 0.07396428287029266, Test Loss: 0.13366007804870605 
2024-12-26 15:29:11,169 INFO: Epoch 494, Train Loss: 0.0737297311425209, Test Loss: 0.13348858058452606 
2024-12-26 15:29:11,171 INFO: Epoch 495, Train Loss: 0.07349599152803421, Test Loss: 0.1333160549402237 
2024-12-26 15:29:11,173 INFO: Epoch 496, Train Loss: 0.07326292246580124, Test Loss: 0.1331416368484497 
2024-12-26 15:29:11,174 INFO: Epoch 497, Train Loss: 0.07303077727556229, Test Loss: 0.13296881318092346 
2024-12-26 15:29:11,177 INFO: Epoch 498, Train Loss: 0.07279973477125168, Test Loss: 0.13279888033866882 
2024-12-26 15:29:11,178 INFO: Epoch 499, Train Loss: 0.07256954908370972, Test Loss: 0.13263224065303802 
2024-12-26 15:29:11,180 INFO: Epoch 500, Train Loss: 0.07233965396881104, Test Loss: 0.13246627151966095 
2024-12-26 15:29:11,181 INFO: Epoch 501, Train Loss: 0.07211104780435562, Test Loss: 0.13229738175868988 
2024-12-26 15:29:11,184 INFO: Epoch 502, Train Loss: 0.07188285887241364, Test Loss: 0.1321289986371994 
2024-12-26 15:29:11,186 INFO: Epoch 503, Train Loss: 0.07165509462356567, Test Loss: 0.13196206092834473 
2024-12-26 15:29:11,187 INFO: Epoch 504, Train Loss: 0.07142799347639084, Test Loss: 0.13179562985897064 
2024-12-26 15:29:11,189 INFO: Epoch 505, Train Loss: 0.07120151817798615, Test Loss: 0.13163144886493683 
2024-12-26 15:29:11,191 INFO: Epoch 506, Train Loss: 0.07097616046667099, Test Loss: 0.13146625459194183 
2024-12-26 15:29:11,193 INFO: Epoch 507, Train Loss: 0.07075215131044388, Test Loss: 0.13130338490009308 
2024-12-26 15:29:11,196 INFO: Epoch 508, Train Loss: 0.07052905112504959, Test Loss: 0.13114112615585327 
2024-12-26 15:29:11,197 INFO: Epoch 509, Train Loss: 0.07030688226222992, Test Loss: 0.1309756487607956 
2024-12-26 15:29:11,200 INFO: Epoch 510, Train Loss: 0.07008503377437592, Test Loss: 0.13080786168575287 
2024-12-26 15:29:11,202 INFO: Epoch 511, Train Loss: 0.06986301392316818, Test Loss: 0.13064047694206238 
2024-12-26 15:29:11,204 INFO: Epoch 512, Train Loss: 0.06964230537414551, Test Loss: 0.13047538697719574 
2024-12-26 15:29:11,206 INFO: Epoch 513, Train Loss: 0.06942235678434372, Test Loss: 0.13030937314033508 
2024-12-26 15:29:11,208 INFO: Epoch 514, Train Loss: 0.06920333206653595, Test Loss: 0.13014303147792816 
2024-12-26 15:29:11,210 INFO: Epoch 515, Train Loss: 0.06898672133684158, Test Loss: 0.12997931241989136 
2024-12-26 15:29:11,212 INFO: Epoch 516, Train Loss: 0.06877060979604721, Test Loss: 0.1298181116580963 
2024-12-26 15:29:11,214 INFO: Epoch 517, Train Loss: 0.06855452805757523, Test Loss: 0.12965883314609528 
2024-12-26 15:29:11,216 INFO: Epoch 518, Train Loss: 0.06833885610103607, Test Loss: 0.12949933111667633 
2024-12-26 15:29:11,218 INFO: Epoch 519, Train Loss: 0.06812373548746109, Test Loss: 0.12934084236621857 
2024-12-26 15:29:11,221 INFO: Epoch 520, Train Loss: 0.06790907680988312, Test Loss: 0.12918347120285034 
2024-12-26 15:29:11,223 INFO: Epoch 521, Train Loss: 0.067695252597332, Test Loss: 0.1290268748998642 
2024-12-26 15:29:11,226 INFO: Epoch 522, Train Loss: 0.06748208403587341, Test Loss: 0.12887607514858246 
2024-12-26 15:29:11,228 INFO: Epoch 523, Train Loss: 0.0672701820731163, Test Loss: 0.12872621417045593 
2024-12-26 15:29:11,230 INFO: Epoch 524, Train Loss: 0.06705906242132187, Test Loss: 0.12857715785503387 
2024-12-26 15:29:11,232 INFO: Epoch 525, Train Loss: 0.0668487623333931, Test Loss: 0.12842786312103271 
2024-12-26 15:29:11,234 INFO: Epoch 526, Train Loss: 0.06663909554481506, Test Loss: 0.12828050553798676 
2024-12-26 15:29:11,236 INFO: Epoch 527, Train Loss: 0.06642982363700867, Test Loss: 0.12813304364681244 
2024-12-26 15:29:11,238 INFO: Epoch 528, Train Loss: 0.06622129678726196, Test Loss: 0.12798620760440826 
2024-12-26 15:29:11,241 INFO: Epoch 529, Train Loss: 0.06601356714963913, Test Loss: 0.1278381198644638 
2024-12-26 15:29:11,243 INFO: Epoch 530, Train Loss: 0.0658063217997551, Test Loss: 0.12768886983394623 
2024-12-26 15:29:11,245 INFO: Epoch 531, Train Loss: 0.06560004502534866, Test Loss: 0.1275363266468048 
2024-12-26 15:29:11,247 INFO: Epoch 532, Train Loss: 0.06539447605609894, Test Loss: 0.12737874686717987 
2024-12-26 15:29:11,249 INFO: Epoch 533, Train Loss: 0.06518899649381638, Test Loss: 0.12722258269786835 
2024-12-26 15:29:11,251 INFO: Epoch 534, Train Loss: 0.064984992146492, Test Loss: 0.12706880271434784 
2024-12-26 15:29:11,253 INFO: Epoch 535, Train Loss: 0.06478069722652435, Test Loss: 0.1269172877073288 
2024-12-26 15:29:11,255 INFO: Epoch 536, Train Loss: 0.06457696110010147, Test Loss: 0.126766175031662 
2024-12-26 15:29:11,257 INFO: Epoch 537, Train Loss: 0.06437315791845322, Test Loss: 0.12661802768707275 
2024-12-26 15:29:11,259 INFO: Epoch 538, Train Loss: 0.06416982412338257, Test Loss: 0.12647207081317902 
2024-12-26 15:29:11,261 INFO: Epoch 539, Train Loss: 0.06396687030792236, Test Loss: 0.12632916867733002 
2024-12-26 15:29:11,263 INFO: Epoch 540, Train Loss: 0.06376397609710693, Test Loss: 0.12618385255336761 
2024-12-26 15:29:11,266 INFO: Epoch 541, Train Loss: 0.06356146186590195, Test Loss: 0.12603776156902313 
2024-12-26 15:29:11,268 INFO: Epoch 542, Train Loss: 0.06336040794849396, Test Loss: 0.12589149177074432 
2024-12-26 15:29:11,270 INFO: Epoch 543, Train Loss: 0.06316055357456207, Test Loss: 0.1257430613040924 
2024-12-26 15:29:11,272 INFO: Epoch 544, Train Loss: 0.06296053528785706, Test Loss: 0.12558914721012115 
2024-12-26 15:29:11,274 INFO: Epoch 545, Train Loss: 0.06276087462902069, Test Loss: 0.12543675303459167 
2024-12-26 15:29:11,277 INFO: Epoch 546, Train Loss: 0.06256189197301865, Test Loss: 0.12528714537620544 
2024-12-26 15:29:11,279 INFO: Epoch 547, Train Loss: 0.062363509088754654, Test Loss: 0.12513816356658936 
2024-12-26 15:29:11,282 INFO: Epoch 548, Train Loss: 0.06216561421751976, Test Loss: 0.12499018758535385 
2024-12-26 15:29:11,284 INFO: Epoch 549, Train Loss: 0.06196821108460426, Test Loss: 0.12484294176101685 
2024-12-26 15:29:11,286 INFO: Epoch 550, Train Loss: 0.061770886182785034, Test Loss: 0.12469487637281418 
2024-12-26 15:29:11,288 INFO: Epoch 551, Train Loss: 0.06157394126057625, Test Loss: 0.12454428523778915 
2024-12-26 15:29:11,290 INFO: Epoch 552, Train Loss: 0.061377428472042084, Test Loss: 0.12439103424549103 
2024-12-26 15:29:11,292 INFO: Epoch 553, Train Loss: 0.06118189916014671, Test Loss: 0.1242377981543541 
2024-12-26 15:29:11,293 INFO: Epoch 554, Train Loss: 0.06098635494709015, Test Loss: 0.12408583611249924 
2024-12-26 15:29:11,295 INFO: Epoch 555, Train Loss: 0.06079087406396866, Test Loss: 0.12393434345722198 
2024-12-26 15:29:11,297 INFO: Epoch 556, Train Loss: 0.06059616804122925, Test Loss: 0.12378071993589401 
2024-12-26 15:29:11,299 INFO: Epoch 557, Train Loss: 0.060402050614356995, Test Loss: 0.12362785637378693 
2024-12-26 15:29:11,301 INFO: Epoch 558, Train Loss: 0.06020792946219444, Test Loss: 0.12347619980573654 
2024-12-26 15:29:11,302 INFO: Epoch 559, Train Loss: 0.060014162212610245, Test Loss: 0.12332399934530258 
2024-12-26 15:29:11,304 INFO: Epoch 560, Train Loss: 0.05982146039605141, Test Loss: 0.12316838651895523 
2024-12-26 15:29:11,306 INFO: Epoch 561, Train Loss: 0.059629011899232864, Test Loss: 0.12301000207662582 
2024-12-26 15:29:11,308 INFO: Epoch 562, Train Loss: 0.059436995536088943, Test Loss: 0.12285299599170685 
2024-12-26 15:29:11,309 INFO: Epoch 563, Train Loss: 0.05924529954791069, Test Loss: 0.12269695848226547 
2024-12-26 15:29:11,311 INFO: Epoch 564, Train Loss: 0.059054337441921234, Test Loss: 0.12254375219345093 
2024-12-26 15:29:11,313 INFO: Epoch 565, Train Loss: 0.05886397138237953, Test Loss: 0.12239079922437668 
2024-12-26 15:29:11,315 INFO: Epoch 566, Train Loss: 0.058673836290836334, Test Loss: 0.12223787605762482 
2024-12-26 15:29:11,316 INFO: Epoch 567, Train Loss: 0.05848480015993118, Test Loss: 0.12208366394042969 
2024-12-26 15:29:11,318 INFO: Epoch 568, Train Loss: 0.05829600989818573, Test Loss: 0.12192834913730621 
2024-12-26 15:29:11,320 INFO: Epoch 569, Train Loss: 0.05810798332095146, Test Loss: 0.12177073210477829 
2024-12-26 15:29:11,321 INFO: Epoch 570, Train Loss: 0.057920895516872406, Test Loss: 0.12161331623792648 
2024-12-26 15:29:11,324 INFO: Epoch 571, Train Loss: 0.0577351450920105, Test Loss: 0.12145817279815674 
2024-12-26 15:29:11,326 INFO: Epoch 572, Train Loss: 0.05754911154508591, Test Loss: 0.12130619585514069 
2024-12-26 15:29:11,327 INFO: Epoch 573, Train Loss: 0.05736453831195831, Test Loss: 0.12115322798490524 
2024-12-26 15:29:11,330 INFO: Epoch 574, Train Loss: 0.057180337607860565, Test Loss: 0.1210007295012474 
2024-12-26 15:29:11,331 INFO: Epoch 575, Train Loss: 0.05699681118130684, Test Loss: 0.12084855139255524 
2024-12-26 15:29:11,333 INFO: Epoch 576, Train Loss: 0.056813884526491165, Test Loss: 0.12069391459226608 
2024-12-26 15:29:11,335 INFO: Epoch 577, Train Loss: 0.056630946695804596, Test Loss: 0.12053944915533066 
2024-12-26 15:29:11,337 INFO: Epoch 578, Train Loss: 0.05644853413105011, Test Loss: 0.12038712948560715 
2024-12-26 15:29:11,339 INFO: Epoch 579, Train Loss: 0.056267548352479935, Test Loss: 0.12023904174566269 
2024-12-26 15:29:11,340 INFO: Epoch 580, Train Loss: 0.056087128818035126, Test Loss: 0.12009263038635254 
2024-12-26 15:29:11,342 INFO: Epoch 581, Train Loss: 0.055906981229782104, Test Loss: 0.11994538456201553 
2024-12-26 15:29:11,344 INFO: Epoch 582, Train Loss: 0.055727358907461166, Test Loss: 0.11979468911886215 
2024-12-26 15:29:11,346 INFO: Epoch 583, Train Loss: 0.05554793030023575, Test Loss: 0.11964285373687744 
2024-12-26 15:29:11,348 INFO: Epoch 584, Train Loss: 0.05536901578307152, Test Loss: 0.11949028819799423 
2024-12-26 15:29:11,350 INFO: Epoch 585, Train Loss: 0.05519168823957443, Test Loss: 0.11933939903974533 
2024-12-26 15:29:11,351 INFO: Epoch 586, Train Loss: 0.05501595139503479, Test Loss: 0.11918740719556808 
2024-12-26 15:29:11,353 INFO: Epoch 587, Train Loss: 0.05484126880764961, Test Loss: 0.11903714388608932 
2024-12-26 15:29:11,355 INFO: Epoch 588, Train Loss: 0.05466654524207115, Test Loss: 0.1188850924372673 
2024-12-26 15:29:11,356 INFO: Epoch 589, Train Loss: 0.05449189245700836, Test Loss: 0.11873238533735275 
2024-12-26 15:29:11,358 INFO: Epoch 590, Train Loss: 0.05431721732020378, Test Loss: 0.11857817322015762 
2024-12-26 15:29:11,360 INFO: Epoch 591, Train Loss: 0.0541437491774559, Test Loss: 0.1184241771697998 
2024-12-26 15:29:11,361 INFO: Epoch 592, Train Loss: 0.05397086963057518, Test Loss: 0.11827044934034348 
2024-12-26 15:29:11,363 INFO: Epoch 593, Train Loss: 0.05379774793982506, Test Loss: 0.11811874061822891 
2024-12-26 15:29:11,365 INFO: Epoch 594, Train Loss: 0.05362503230571747, Test Loss: 0.11796122044324875 
2024-12-26 15:29:11,366 INFO: Epoch 595, Train Loss: 0.0534525029361248, Test Loss: 0.11780393123626709 
2024-12-26 15:29:11,369 INFO: Epoch 596, Train Loss: 0.05328033119440079, Test Loss: 0.11764553934335709 
2024-12-26 15:29:11,371 INFO: Epoch 597, Train Loss: 0.053109217435121536, Test Loss: 0.11748889833688736 
2024-12-26 15:29:11,373 INFO: Epoch 598, Train Loss: 0.05293898656964302, Test Loss: 0.11733696609735489 
2024-12-26 15:29:11,374 INFO: Epoch 599, Train Loss: 0.05276944115757942, Test Loss: 0.11718805134296417 
2024-12-26 15:29:11,376 INFO: Epoch 600, Train Loss: 0.05260089039802551, Test Loss: 0.11704504489898682 
2024-12-26 15:29:11,378 INFO: Epoch 601, Train Loss: 0.0524335578083992, Test Loss: 0.11690288037061691 
2024-12-26 15:29:11,380 INFO: Epoch 602, Train Loss: 0.05226661637425423, Test Loss: 0.11676006764173508 
2024-12-26 15:29:11,381 INFO: Epoch 603, Train Loss: 0.052099019289016724, Test Loss: 0.11661749333143234 
2024-12-26 15:29:11,383 INFO: Epoch 604, Train Loss: 0.05193156376481056, Test Loss: 0.11647351831197739 
2024-12-26 15:29:11,385 INFO: Epoch 605, Train Loss: 0.051764246076345444, Test Loss: 0.11632885783910751 
2024-12-26 15:29:11,387 INFO: Epoch 606, Train Loss: 0.05159704014658928, Test Loss: 0.11618433147668839 
2024-12-26 15:29:11,390 INFO: Epoch 607, Train Loss: 0.051430340856313705, Test Loss: 0.11603909730911255 
2024-12-26 15:29:11,392 INFO: Epoch 608, Train Loss: 0.051264140754938126, Test Loss: 0.11589495092630386 
2024-12-26 15:29:11,395 INFO: Epoch 609, Train Loss: 0.05109824240207672, Test Loss: 0.11575155705213547 
2024-12-26 15:29:11,397 INFO: Epoch 610, Train Loss: 0.050932444632053375, Test Loss: 0.11560725420713425 
2024-12-26 15:29:11,399 INFO: Epoch 611, Train Loss: 0.050767239183187485, Test Loss: 0.11546428501605988 
2024-12-26 15:29:11,401 INFO: Epoch 612, Train Loss: 0.05060248821973801, Test Loss: 0.11532370001077652 
2024-12-26 15:29:11,403 INFO: Epoch 613, Train Loss: 0.05043862387537956, Test Loss: 0.11518498510122299 
2024-12-26 15:29:11,406 INFO: Epoch 614, Train Loss: 0.050275105983018875, Test Loss: 0.11504965275526047 
2024-12-26 15:29:11,408 INFO: Epoch 615, Train Loss: 0.05011269450187683, Test Loss: 0.11491069942712784 
2024-12-26 15:29:11,411 INFO: Epoch 616, Train Loss: 0.049951039254665375, Test Loss: 0.11476965248584747 
2024-12-26 15:29:11,413 INFO: Epoch 617, Train Loss: 0.04978996515274048, Test Loss: 0.11462881416082382 
2024-12-26 15:29:11,416 INFO: Epoch 618, Train Loss: 0.04962989687919617, Test Loss: 0.11449034512042999 
2024-12-26 15:29:11,418 INFO: Epoch 619, Train Loss: 0.04947014898061752, Test Loss: 0.11435436457395554 
2024-12-26 15:29:11,420 INFO: Epoch 620, Train Loss: 0.04931081831455231, Test Loss: 0.11421754211187363 
2024-12-26 15:29:11,422 INFO: Epoch 621, Train Loss: 0.04915182292461395, Test Loss: 0.1140829548239708 
2024-12-26 15:29:11,424 INFO: Epoch 622, Train Loss: 0.04899292439222336, Test Loss: 0.11395128071308136 
2024-12-26 15:29:11,426 INFO: Epoch 623, Train Loss: 0.04883519187569618, Test Loss: 0.11382289230823517 
2024-12-26 15:29:11,428 INFO: Epoch 624, Train Loss: 0.04867812991142273, Test Loss: 0.11369147151708603 
2024-12-26 15:29:11,430 INFO: Epoch 625, Train Loss: 0.04852156713604927, Test Loss: 0.11355817317962646 
2024-12-26 15:29:11,433 INFO: Epoch 626, Train Loss: 0.04836532846093178, Test Loss: 0.11342243105173111 
2024-12-26 15:29:11,434 INFO: Epoch 627, Train Loss: 0.04820958897471428, Test Loss: 0.11328788101673126 
2024-12-26 15:29:11,437 INFO: Epoch 628, Train Loss: 0.04805375263094902, Test Loss: 0.11315468698740005 
2024-12-26 15:29:11,439 INFO: Epoch 629, Train Loss: 0.04789845645427704, Test Loss: 0.11302312463521957 
2024-12-26 15:29:11,441 INFO: Epoch 630, Train Loss: 0.047743454575538635, Test Loss: 0.11289506405591965 
2024-12-26 15:29:11,443 INFO: Epoch 631, Train Loss: 0.0475890077650547, Test Loss: 0.11276743561029434 
2024-12-26 15:29:11,445 INFO: Epoch 632, Train Loss: 0.047434572130441666, Test Loss: 0.11263909190893173 
2024-12-26 15:29:11,448 INFO: Epoch 633, Train Loss: 0.047280292958021164, Test Loss: 0.11251313984394073 
2024-12-26 15:29:11,450 INFO: Epoch 634, Train Loss: 0.04712679982185364, Test Loss: 0.11238744109869003 
2024-12-26 15:29:11,452 INFO: Epoch 635, Train Loss: 0.04697359725832939, Test Loss: 0.11226043850183487 
2024-12-26 15:29:11,454 INFO: Epoch 636, Train Loss: 0.04682006686925888, Test Loss: 0.11213681846857071 
2024-12-26 15:29:11,456 INFO: Epoch 637, Train Loss: 0.04666659235954285, Test Loss: 0.11201083660125732 
2024-12-26 15:29:11,459 INFO: Epoch 638, Train Loss: 0.046514127403497696, Test Loss: 0.11188504844903946 
2024-12-26 15:29:11,462 INFO: Epoch 639, Train Loss: 0.04636206477880478, Test Loss: 0.1117592602968216 
2024-12-26 15:29:11,463 INFO: Epoch 640, Train Loss: 0.04621055722236633, Test Loss: 0.11163061112165451 
2024-12-26 15:29:11,466 INFO: Epoch 641, Train Loss: 0.04605870321393013, Test Loss: 0.11150429397821426 
2024-12-26 15:29:11,468 INFO: Epoch 642, Train Loss: 0.045907601714134216, Test Loss: 0.11137636005878448 
2024-12-26 15:29:11,470 INFO: Epoch 643, Train Loss: 0.045756757259368896, Test Loss: 0.11124825477600098 
2024-12-26 15:29:11,472 INFO: Epoch 644, Train Loss: 0.04560638591647148, Test Loss: 0.11112218350172043 
2024-12-26 15:29:11,474 INFO: Epoch 645, Train Loss: 0.0454566553235054, Test Loss: 0.110992431640625 
2024-12-26 15:29:11,476 INFO: Epoch 646, Train Loss: 0.04530710354447365, Test Loss: 0.11086558550596237 
2024-12-26 15:29:11,479 INFO: Epoch 647, Train Loss: 0.045157600194215775, Test Loss: 0.1107390746474266 
2024-12-26 15:29:11,481 INFO: Epoch 648, Train Loss: 0.045008569955825806, Test Loss: 0.11061208695173264 
2024-12-26 15:29:11,483 INFO: Epoch 649, Train Loss: 0.04486015811562538, Test Loss: 0.11048660427331924 
2024-12-26 15:29:11,485 INFO: Epoch 650, Train Loss: 0.04471243545413017, Test Loss: 0.11036226898431778 
2024-12-26 15:29:11,487 INFO: Epoch 651, Train Loss: 0.04456507787108421, Test Loss: 0.11023809015750885 
2024-12-26 15:29:11,489 INFO: Epoch 652, Train Loss: 0.04441780969500542, Test Loss: 0.11010988801717758 
2024-12-26 15:29:11,491 INFO: Epoch 653, Train Loss: 0.04427121952176094, Test Loss: 0.10998226702213287 
2024-12-26 15:29:11,493 INFO: Epoch 654, Train Loss: 0.044124625623226166, Test Loss: 0.10985572636127472 
2024-12-26 15:29:11,495 INFO: Epoch 655, Train Loss: 0.04397803917527199, Test Loss: 0.10973111540079117 
2024-12-26 15:29:11,497 INFO: Epoch 656, Train Loss: 0.0438317134976387, Test Loss: 0.10960593074560165 
2024-12-26 15:29:11,499 INFO: Epoch 657, Train Loss: 0.04368657246232033, Test Loss: 0.10947757959365845 
2024-12-26 15:29:11,500 INFO: Epoch 658, Train Loss: 0.043542325496673584, Test Loss: 0.1093466505408287 
2024-12-26 15:29:11,502 INFO: Epoch 659, Train Loss: 0.04339761659502983, Test Loss: 0.10921460390090942 
2024-12-26 15:29:11,504 INFO: Epoch 660, Train Loss: 0.04325363039970398, Test Loss: 0.10908406227827072 
2024-12-26 15:29:11,506 INFO: Epoch 661, Train Loss: 0.043110400438308716, Test Loss: 0.10895376652479172 
2024-12-26 15:29:11,508 INFO: Epoch 662, Train Loss: 0.04296734556555748, Test Loss: 0.10882405191659927 
2024-12-26 15:29:11,510 INFO: Epoch 663, Train Loss: 0.04282470420002937, Test Loss: 0.10869330167770386 
2024-12-26 15:29:11,512 INFO: Epoch 664, Train Loss: 0.04268226400017738, Test Loss: 0.1085633635520935 
2024-12-26 15:29:11,514 INFO: Epoch 665, Train Loss: 0.04254017025232315, Test Loss: 0.10843398422002792 
2024-12-26 15:29:11,516 INFO: Epoch 666, Train Loss: 0.042398884892463684, Test Loss: 0.10830352455377579 
2024-12-26 15:29:11,517 INFO: Epoch 667, Train Loss: 0.042258039116859436, Test Loss: 0.10817543417215347 
2024-12-26 15:29:11,519 INFO: Epoch 668, Train Loss: 0.04211772233247757, Test Loss: 0.10804982483386993 
2024-12-26 15:29:11,521 INFO: Epoch 669, Train Loss: 0.041978225111961365, Test Loss: 0.10792336612939835 
2024-12-26 15:29:11,523 INFO: Epoch 670, Train Loss: 0.04183872416615486, Test Loss: 0.10779519379138947 
2024-12-26 15:29:11,524 INFO: Epoch 671, Train Loss: 0.04169908165931702, Test Loss: 0.10766617208719254 
2024-12-26 15:29:11,526 INFO: Epoch 672, Train Loss: 0.041560154408216476, Test Loss: 0.10753710567951202 
2024-12-26 15:29:11,529 INFO: Epoch 673, Train Loss: 0.041421953588724136, Test Loss: 0.10740399360656738 
2024-12-26 15:29:11,530 INFO: Epoch 674, Train Loss: 0.04128376021981239, Test Loss: 0.10727238655090332 
2024-12-26 15:29:11,532 INFO: Epoch 675, Train Loss: 0.04114615172147751, Test Loss: 0.10714607685804367 
2024-12-26 15:29:11,534 INFO: Epoch 676, Train Loss: 0.041008900851011276, Test Loss: 0.10702618211507797 
2024-12-26 15:29:11,536 INFO: Epoch 677, Train Loss: 0.04087255522608757, Test Loss: 0.10690843313932419 
2024-12-26 15:29:11,537 INFO: Epoch 678, Train Loss: 0.04073682054877281, Test Loss: 0.10678944736719131 
2024-12-26 15:29:11,539 INFO: Epoch 679, Train Loss: 0.04060138761997223, Test Loss: 0.10666923969984055 
2024-12-26 15:29:11,541 INFO: Epoch 680, Train Loss: 0.04046599194407463, Test Loss: 0.10654836148023605 
2024-12-26 15:29:11,543 INFO: Epoch 681, Train Loss: 0.04033185914158821, Test Loss: 0.10642700642347336 
2024-12-26 15:29:11,544 INFO: Epoch 682, Train Loss: 0.040197353810071945, Test Loss: 0.10630488395690918 
2024-12-26 15:29:11,546 INFO: Epoch 683, Train Loss: 0.04006326571106911, Test Loss: 0.10618765652179718 
2024-12-26 15:29:11,548 INFO: Epoch 684, Train Loss: 0.039929721504449844, Test Loss: 0.10607384890317917 
2024-12-26 15:29:11,550 INFO: Epoch 685, Train Loss: 0.039796192198991776, Test Loss: 0.10596355050802231 
2024-12-26 15:29:11,553 INFO: Epoch 686, Train Loss: 0.0396624393761158, Test Loss: 0.10585453361272812 
2024-12-26 15:29:11,554 INFO: Epoch 687, Train Loss: 0.039528943598270416, Test Loss: 0.10574635118246078 
2024-12-26 15:29:11,556 INFO: Epoch 688, Train Loss: 0.03939614072442055, Test Loss: 0.10563647747039795 
2024-12-26 15:29:11,558 INFO: Epoch 689, Train Loss: 0.03926360234618187, Test Loss: 0.10552205890417099 
2024-12-26 15:29:11,559 INFO: Epoch 690, Train Loss: 0.039130955934524536, Test Loss: 0.10541039705276489 
2024-12-26 15:29:11,561 INFO: Epoch 691, Train Loss: 0.03899881988763809, Test Loss: 0.10530032962560654 
2024-12-26 15:29:11,562 INFO: Epoch 692, Train Loss: 0.0388670451939106, Test Loss: 0.10518606007099152 
2024-12-26 15:29:11,564 INFO: Epoch 693, Train Loss: 0.038735371083021164, Test Loss: 0.105077363550663 
2024-12-26 15:29:11,566 INFO: Epoch 694, Train Loss: 0.03860407695174217, Test Loss: 0.10496554523706436 
2024-12-26 15:29:11,568 INFO: Epoch 695, Train Loss: 0.0384732261300087, Test Loss: 0.10485338419675827 
2024-12-26 15:29:11,571 INFO: Epoch 696, Train Loss: 0.03834269195795059, Test Loss: 0.10474308580160141 
2024-12-26 15:29:11,572 INFO: Epoch 697, Train Loss: 0.03821203485131264, Test Loss: 0.10463302582502365 
2024-12-26 15:29:11,575 INFO: Epoch 698, Train Loss: 0.03808239474892616, Test Loss: 0.10452425479888916 
2024-12-26 15:29:11,576 INFO: Epoch 699, Train Loss: 0.037953395396471024, Test Loss: 0.10441327095031738 
2024-12-26 15:29:11,578 INFO: Epoch 700, Train Loss: 0.03782406449317932, Test Loss: 0.10430308431386948 
2024-12-26 15:29:11,580 INFO: Epoch 701, Train Loss: 0.0376945324242115, Test Loss: 0.10419487953186035 
2024-12-26 15:29:11,582 INFO: Epoch 702, Train Loss: 0.03756602108478546, Test Loss: 0.10408806055784225 
2024-12-26 15:29:11,584 INFO: Epoch 703, Train Loss: 0.03743835166096687, Test Loss: 0.10398168861865997 
2024-12-26 15:29:11,585 INFO: Epoch 704, Train Loss: 0.03731072321534157, Test Loss: 0.10387296974658966 
2024-12-26 15:29:11,588 INFO: Epoch 705, Train Loss: 0.03718341886997223, Test Loss: 0.10376405715942383 
2024-12-26 15:29:11,591 INFO: Epoch 706, Train Loss: 0.03705747425556183, Test Loss: 0.10365648567676544 
2024-12-26 15:29:11,593 INFO: Epoch 707, Train Loss: 0.036932144314050674, Test Loss: 0.103546142578125 
2024-12-26 15:29:11,595 INFO: Epoch 708, Train Loss: 0.03680742159485817, Test Loss: 0.10343489795923233 
2024-12-26 15:29:11,597 INFO: Epoch 709, Train Loss: 0.03668313845992088, Test Loss: 0.10332465171813965 
2024-12-26 15:29:11,599 INFO: Epoch 710, Train Loss: 0.036558765918016434, Test Loss: 0.10321377962827682 
2024-12-26 15:29:11,601 INFO: Epoch 711, Train Loss: 0.03643522411584854, Test Loss: 0.10310286283493042 
2024-12-26 15:29:11,603 INFO: Epoch 712, Train Loss: 0.03631184622645378, Test Loss: 0.10299050807952881 
2024-12-26 15:29:11,605 INFO: Epoch 713, Train Loss: 0.036188527941703796, Test Loss: 0.10288015753030777 
2024-12-26 15:29:11,607 INFO: Epoch 714, Train Loss: 0.03606560453772545, Test Loss: 0.10277346521615982 
2024-12-26 15:29:11,609 INFO: Epoch 715, Train Loss: 0.03594386205077171, Test Loss: 0.1026688814163208 
2024-12-26 15:29:11,612 INFO: Epoch 716, Train Loss: 0.035822294652462006, Test Loss: 0.10256494581699371 
2024-12-26 15:29:11,614 INFO: Epoch 717, Train Loss: 0.035701606422662735, Test Loss: 0.10245835781097412 
2024-12-26 15:29:11,616 INFO: Epoch 718, Train Loss: 0.035581301897764206, Test Loss: 0.10235185921192169 
2024-12-26 15:29:11,618 INFO: Epoch 719, Train Loss: 0.03546101599931717, Test Loss: 0.10224618762731552 
2024-12-26 15:29:11,621 INFO: Epoch 720, Train Loss: 0.0353412888944149, Test Loss: 0.10214176028966904 
2024-12-26 15:29:11,624 INFO: Epoch 721, Train Loss: 0.035221707075834274, Test Loss: 0.10203590244054794 
2024-12-26 15:29:11,626 INFO: Epoch 722, Train Loss: 0.03510228544473648, Test Loss: 0.10193002223968506 
2024-12-26 15:29:11,628 INFO: Epoch 723, Train Loss: 0.034983012825250626, Test Loss: 0.10182521492242813 
2024-12-26 15:29:11,630 INFO: Epoch 724, Train Loss: 0.034863706678152084, Test Loss: 0.10172154754400253 
2024-12-26 15:29:11,633 INFO: Epoch 725, Train Loss: 0.034744810312986374, Test Loss: 0.1016172394156456 
2024-12-26 15:29:11,635 INFO: Epoch 726, Train Loss: 0.034626029431819916, Test Loss: 0.10151457786560059 
2024-12-26 15:29:11,637 INFO: Epoch 727, Train Loss: 0.034507814794778824, Test Loss: 0.1014167070388794 
2024-12-26 15:29:11,639 INFO: Epoch 728, Train Loss: 0.03439043462276459, Test Loss: 0.10132215172052383 
2024-12-26 15:29:11,641 INFO: Epoch 729, Train Loss: 0.034274622797966, Test Loss: 0.10122879594564438 
2024-12-26 15:29:11,643 INFO: Epoch 730, Train Loss: 0.034159447997808456, Test Loss: 0.10113461315631866 
2024-12-26 15:29:11,645 INFO: Epoch 731, Train Loss: 0.0340440534055233, Test Loss: 0.10104333609342575 
2024-12-26 15:29:11,647 INFO: Epoch 732, Train Loss: 0.0339287668466568, Test Loss: 0.10095268487930298 
2024-12-26 15:29:11,650 INFO: Epoch 733, Train Loss: 0.03381321579217911, Test Loss: 0.10086293518543243 
2024-12-26 15:29:11,651 INFO: Epoch 734, Train Loss: 0.03369837626814842, Test Loss: 0.10077245533466339 
2024-12-26 15:29:11,653 INFO: Epoch 735, Train Loss: 0.03358415141701698, Test Loss: 0.10068044811487198 
2024-12-26 15:29:11,656 INFO: Epoch 736, Train Loss: 0.03346976637840271, Test Loss: 0.1005813255906105 
2024-12-26 15:29:11,658 INFO: Epoch 737, Train Loss: 0.03335503488779068, Test Loss: 0.10048069804906845 
2024-12-26 15:29:11,659 INFO: Epoch 738, Train Loss: 0.033240906894207, Test Loss: 0.10038262605667114 
2024-12-26 15:29:11,661 INFO: Epoch 739, Train Loss: 0.03312678262591362, Test Loss: 0.10028352588415146 
2024-12-26 15:29:11,664 INFO: Epoch 740, Train Loss: 0.03301474452018738, Test Loss: 0.1001882329583168 
2024-12-26 15:29:11,667 INFO: Epoch 741, Train Loss: 0.032903335988521576, Test Loss: 0.1000940203666687 
2024-12-26 15:29:11,669 INFO: Epoch 742, Train Loss: 0.03279157355427742, Test Loss: 0.09999445825815201 
2024-12-26 15:29:11,671 INFO: Epoch 743, Train Loss: 0.03268008306622505, Test Loss: 0.09989198297262192 
2024-12-26 15:29:11,674 INFO: Epoch 744, Train Loss: 0.03256943076848984, Test Loss: 0.09978827089071274 
2024-12-26 15:29:11,676 INFO: Epoch 745, Train Loss: 0.032458800822496414, Test Loss: 0.09968576580286026 
2024-12-26 15:29:11,678 INFO: Epoch 746, Train Loss: 0.03234853222966194, Test Loss: 0.09958424419164658 
2024-12-26 15:29:11,681 INFO: Epoch 747, Train Loss: 0.032238271087408066, Test Loss: 0.09948448091745377 
2024-12-26 15:29:11,683 INFO: Epoch 748, Train Loss: 0.03212864696979523, Test Loss: 0.0993831530213356 
2024-12-26 15:29:11,685 INFO: Epoch 749, Train Loss: 0.03201959654688835, Test Loss: 0.09928036481142044 
2024-12-26 15:29:11,687 INFO: Epoch 750, Train Loss: 0.03191031143069267, Test Loss: 0.09917954355478287 
2024-12-26 15:29:11,689 INFO: Epoch 751, Train Loss: 0.03180186450481415, Test Loss: 0.0990845188498497 
2024-12-26 15:29:11,692 INFO: Epoch 752, Train Loss: 0.03169330582022667, Test Loss: 0.0989917665719986 
2024-12-26 15:29:11,693 INFO: Epoch 753, Train Loss: 0.031585607677698135, Test Loss: 0.09889781475067139 
2024-12-26 15:29:11,695 INFO: Epoch 754, Train Loss: 0.0314774326980114, Test Loss: 0.09880053251981735 
2024-12-26 15:29:11,697 INFO: Epoch 755, Train Loss: 0.031368810683488846, Test Loss: 0.09870018064975739 
2024-12-26 15:29:11,699 INFO: Epoch 756, Train Loss: 0.03126030042767525, Test Loss: 0.09859519451856613 
2024-12-26 15:29:11,700 INFO: Epoch 757, Train Loss: 0.031152401119470596, Test Loss: 0.09849033504724503 
2024-12-26 15:29:11,703 INFO: Epoch 758, Train Loss: 0.031044429168105125, Test Loss: 0.09838664531707764 
2024-12-26 15:29:11,705 INFO: Epoch 759, Train Loss: 0.030936401337385178, Test Loss: 0.09828446805477142 
2024-12-26 15:29:11,707 INFO: Epoch 760, Train Loss: 0.030828293412923813, Test Loss: 0.09818121045827866 
2024-12-26 15:29:11,709 INFO: Epoch 761, Train Loss: 0.030720338225364685, Test Loss: 0.09807891398668289 
2024-12-26 15:29:11,710 INFO: Epoch 762, Train Loss: 0.03061314858496189, Test Loss: 0.09797648340463638 
2024-12-26 15:29:11,712 INFO: Epoch 763, Train Loss: 0.030506299808621407, Test Loss: 0.09787535667419434 
2024-12-26 15:29:11,714 INFO: Epoch 764, Train Loss: 0.030399302020668983, Test Loss: 0.09777329117059708 
2024-12-26 15:29:11,716 INFO: Epoch 765, Train Loss: 0.030291985720396042, Test Loss: 0.09766831248998642 
2024-12-26 15:29:11,717 INFO: Epoch 766, Train Loss: 0.030184825882315636, Test Loss: 0.0975622832775116 
2024-12-26 15:29:11,720 INFO: Epoch 767, Train Loss: 0.030077528208494186, Test Loss: 0.09746020287275314 
2024-12-26 15:29:11,722 INFO: Epoch 768, Train Loss: 0.02997046522796154, Test Loss: 0.09736068546772003 
2024-12-26 15:29:11,724 INFO: Epoch 769, Train Loss: 0.02986374869942665, Test Loss: 0.09726058691740036 
2024-12-26 15:29:11,726 INFO: Epoch 770, Train Loss: 0.029757199808955193, Test Loss: 0.09716048091650009 
2024-12-26 15:29:11,727 INFO: Epoch 771, Train Loss: 0.029650816693902016, Test Loss: 0.0970664992928505 
2024-12-26 15:29:11,730 INFO: Epoch 772, Train Loss: 0.02954484522342682, Test Loss: 0.09697325527667999 
2024-12-26 15:29:11,732 INFO: Epoch 773, Train Loss: 0.02943914756178856, Test Loss: 0.09687992930412292 
2024-12-26 15:29:11,734 INFO: Epoch 774, Train Loss: 0.029333341866731644, Test Loss: 0.09678669273853302 
2024-12-26 15:29:11,736 INFO: Epoch 775, Train Loss: 0.029228463768959045, Test Loss: 0.09668978303670883 
2024-12-26 15:29:11,738 INFO: Epoch 776, Train Loss: 0.029123706743121147, Test Loss: 0.09659144282341003 
2024-12-26 15:29:11,739 INFO: Epoch 777, Train Loss: 0.02901935577392578, Test Loss: 0.09649129211902618 
2024-12-26 15:29:11,742 INFO: Epoch 778, Train Loss: 0.028914866968989372, Test Loss: 0.09639247506856918 
2024-12-26 15:29:11,744 INFO: Epoch 779, Train Loss: 0.028810787945985794, Test Loss: 0.09629233926534653 
2024-12-26 15:29:11,745 INFO: Epoch 780, Train Loss: 0.028706740587949753, Test Loss: 0.09619315713644028 
2024-12-26 15:29:11,747 INFO: Epoch 781, Train Loss: 0.0286033246666193, Test Loss: 0.0961003452539444 
2024-12-26 15:29:11,749 INFO: Epoch 782, Train Loss: 0.028499845415353775, Test Loss: 0.09601279348134995 
2024-12-26 15:29:11,750 INFO: Epoch 783, Train Loss: 0.028397975489497185, Test Loss: 0.09592365473508835 
2024-12-26 15:29:11,752 INFO: Epoch 784, Train Loss: 0.028298726305365562, Test Loss: 0.09583514928817749 
2024-12-26 15:29:11,754 INFO: Epoch 785, Train Loss: 0.028199801221489906, Test Loss: 0.09574546664953232 
2024-12-26 15:29:11,756 INFO: Epoch 786, Train Loss: 0.02810201607644558, Test Loss: 0.0956549346446991 
2024-12-26 15:29:11,758 INFO: Epoch 787, Train Loss: 0.028005899861454964, Test Loss: 0.09556639194488525 
2024-12-26 15:29:11,760 INFO: Epoch 788, Train Loss: 0.027910374104976654, Test Loss: 0.09547778964042664 
2024-12-26 15:29:11,762 INFO: Epoch 789, Train Loss: 0.027815336361527443, Test Loss: 0.09538789838552475 
2024-12-26 15:29:11,763 INFO: Epoch 790, Train Loss: 0.027720574289560318, Test Loss: 0.09530129283666611 
2024-12-26 15:29:11,765 INFO: Epoch 791, Train Loss: 0.027626004070043564, Test Loss: 0.0952143520116806 
2024-12-26 15:29:11,767 INFO: Epoch 792, Train Loss: 0.027531851083040237, Test Loss: 0.09512989968061447 
2024-12-26 15:29:11,769 INFO: Epoch 793, Train Loss: 0.027437854558229446, Test Loss: 0.0950477123260498 
2024-12-26 15:29:11,770 INFO: Epoch 794, Train Loss: 0.02734478935599327, Test Loss: 0.09496057778596878 
2024-12-26 15:29:11,772 INFO: Epoch 795, Train Loss: 0.027251720428466797, Test Loss: 0.09487041085958481 
2024-12-26 15:29:11,774 INFO: Epoch 796, Train Loss: 0.02715863287448883, Test Loss: 0.09478085488080978 
2024-12-26 15:29:11,776 INFO: Epoch 797, Train Loss: 0.027065668255090714, Test Loss: 0.09469269216060638 
2024-12-26 15:29:11,777 INFO: Epoch 798, Train Loss: 0.026973040774464607, Test Loss: 0.0946061834692955 
2024-12-26 15:29:11,779 INFO: Epoch 799, Train Loss: 0.02688049152493477, Test Loss: 0.0945211872458458 
2024-12-26 15:29:11,781 INFO: Epoch 800, Train Loss: 0.026788216084241867, Test Loss: 0.09443625807762146 
2024-12-26 15:29:11,781 INFO: Best Epoch 800, Best Test Loss: 0.09443625807762146 
