2025-01-10 10:03:53,732 INFO: namespace(attn_dropout=0.4, categories=[], cluster=3, depth=2, dim=32, ff_dropout=0.4, groups=[54, 54, 54], heads=4, name='AMFormer_KAN_depth2', num_cate=0, num_cont=15, num_special_tokens=1, out=1, out_dim=1, predictor='KAN', prod_num_per_group=[6, 6, 6], qk_relu=False, sum_num_per_group=[32, 16, 8], target_mode='regression', token_descent=False, use_cls_token=True, use_prod=True, use_sigmoid=True) 
2025-01-10 10:03:53,732 INFO: Dataset:Bike 
2025-01-10 10:03:53,733 INFO: ------Begin Training Model------ 
2025-01-10 10:03:59,270 INFO: Epoch 1, Train Loss: 0.8791596976988906, Test Loss: 0.7829512378999165, Inverse Test Loss: 4.861160823277065 
2025-01-10 10:04:01,285 INFO: Epoch 2, Train Loss: 0.8135496613082536, Test Loss: 0.7778342940977642, Inverse Test Loss: 4.667788914271763 
2025-01-10 10:04:03,340 INFO: Epoch 3, Train Loss: 0.8001595779296455, Test Loss: 0.7733751109668187, Inverse Test Loss: 4.553691046578543 
2025-01-10 10:04:05,390 INFO: Epoch 4, Train Loss: 0.7951699533593763, Test Loss: 0.7609830903155463, Inverse Test Loss: 4.4824017116001675 
2025-01-10 10:04:07,421 INFO: Epoch 5, Train Loss: 0.791464082144816, Test Loss: 0.7626635730266571, Inverse Test Loss: 4.202001026698521 
2025-01-10 10:04:09,461 INFO: Epoch 6, Train Loss: 0.7847482490977016, Test Loss: 0.7530980770077024, Inverse Test Loss: 4.141034262520926 
2025-01-10 10:04:11,507 INFO: Epoch 7, Train Loss: 0.7805517266649719, Test Loss: 0.7551782982689994, Inverse Test Loss: 3.946728025163923 
2025-01-10 10:04:13,539 INFO: Epoch 8, Train Loss: 0.7820755336262765, Test Loss: 0.748123539345605, Inverse Test Loss: 3.9488748822893416 
2025-01-10 10:04:15,581 INFO: Epoch 9, Train Loss: 0.7748068587495647, Test Loss: 0.7451539146048682, Inverse Test Loss: 4.263797760009766 
2025-01-10 10:04:17,623 INFO: Epoch 10, Train Loss: 0.7722177806250546, Test Loss: 0.7456097049372536, Inverse Test Loss: 4.068208966936384 
2025-01-10 10:04:19,663 INFO: Epoch 11, Train Loss: 0.7724145869596288, Test Loss: 0.7448038543973651, Inverse Test Loss: 4.236858367919922 
2025-01-10 10:04:21,705 INFO: Epoch 12, Train Loss: 0.7701596557547193, Test Loss: 0.7391278616019658, Inverse Test Loss: 3.8779076167515347 
2025-01-10 10:04:23,739 INFO: Epoch 13, Train Loss: 0.76873721660824, Test Loss: 0.7399315152849469, Inverse Test Loss: 4.168801988874163 
2025-01-10 10:04:25,779 INFO: Epoch 14, Train Loss: 0.7686755919675214, Test Loss: 0.7359950010265622, Inverse Test Loss: 3.99063846043178 
2025-01-10 10:04:27,798 INFO: Epoch 15, Train Loss: 0.7646521351753025, Test Loss: 0.7378548298563276, Inverse Test Loss: 4.150765010288784 
2025-01-10 10:04:29,854 INFO: Epoch 16, Train Loss: 0.7669989772892873, Test Loss: 0.736494106905801, Inverse Test Loss: 4.076462064470563 
2025-01-10 10:04:32,070 INFO: Epoch 17, Train Loss: 0.7654182943729085, Test Loss: 0.7322463457073484, Inverse Test Loss: 3.872407913208008 
2025-01-10 10:04:34,140 INFO: Epoch 18, Train Loss: 0.7632964849472046, Test Loss: 0.7353969322783607, Inverse Test Loss: 4.201423372541155 
2025-01-10 10:04:36,228 INFO: Epoch 19, Train Loss: 0.7628354944220377, Test Loss: 0.7336416499955314, Inverse Test Loss: 3.7849663325718472 
2025-01-10 10:04:38,310 INFO: Epoch 20, Train Loss: 0.7624456800452066, Test Loss: 0.7303004498992648, Inverse Test Loss: 3.86633791242327 
2025-01-10 10:04:40,398 INFO: Epoch 21, Train Loss: 0.7631607345484812, Test Loss: 0.739322115268026, Inverse Test Loss: 3.85413088117327 
2025-01-10 10:04:42,532 INFO: Epoch 22, Train Loss: 0.7597110304263753, Test Loss: 0.7327968180179596, Inverse Test Loss: 3.8623060498918806 
2025-01-10 10:04:44,613 INFO: Epoch 23, Train Loss: 0.7580202571842649, Test Loss: 0.7298455727951867, Inverse Test Loss: 3.8272593361990794 
2025-01-10 10:04:46,656 INFO: Epoch 24, Train Loss: 0.757773999774128, Test Loss: 0.7394046570573535, Inverse Test Loss: 4.089653287615095 
2025-01-10 10:04:48,717 INFO: Epoch 25, Train Loss: 0.7601613325810214, Test Loss: 0.7276572627680642, Inverse Test Loss: 3.9804390498570035 
2025-01-10 10:04:50,761 INFO: Epoch 26, Train Loss: 0.7571150037126804, Test Loss: 0.7307759544679097, Inverse Test Loss: 3.928354263305664 
2025-01-10 10:04:52,814 INFO: Epoch 27, Train Loss: 0.7567151063079134, Test Loss: 0.73084385905947, Inverse Test Loss: 4.035490036010742 
2025-01-10 10:04:54,842 INFO: Epoch 28, Train Loss: 0.7557427341784906, Test Loss: 0.7267868305955615, Inverse Test Loss: 3.9697042192731584 
2025-01-10 10:04:56,873 INFO: Epoch 29, Train Loss: 0.7552579001549187, Test Loss: 0.7289791937385287, Inverse Test Loss: 3.946542194911412 
2025-01-10 10:04:58,922 INFO: Epoch 30, Train Loss: 0.75142573380689, Test Loss: 0.727280101605824, Inverse Test Loss: 3.9082884107317244 
2025-01-10 10:05:00,972 INFO: Epoch 31, Train Loss: 0.7545284940562117, Test Loss: 0.7252637999398368, Inverse Test Loss: 4.0914154052734375 
2025-01-10 10:05:03,013 INFO: Epoch 32, Train Loss: 0.751030828427831, Test Loss: 0.7293129691055843, Inverse Test Loss: 3.969363348824637 
2025-01-10 10:05:05,091 INFO: Epoch 33, Train Loss: 0.7511360278917015, Test Loss: 0.7235726011650903, Inverse Test Loss: 3.8658558981759206 
2025-01-10 10:05:07,142 INFO: Epoch 34, Train Loss: 0.7508311933333721, Test Loss: 0.7268369836466653, Inverse Test Loss: 3.928009578159877 
2025-01-10 10:05:09,193 INFO: Epoch 35, Train Loss: 0.7504149407421777, Test Loss: 0.727716252207756, Inverse Test Loss: 3.877213886805943 
2025-01-10 10:05:11,258 INFO: Epoch 36, Train Loss: 0.7492709651999517, Test Loss: 0.7246453166007996, Inverse Test Loss: 3.823207037789481 
2025-01-10 10:05:13,307 INFO: Epoch 37, Train Loss: 0.7478320582197346, Test Loss: 0.7217423745564052, Inverse Test Loss: 3.809250695364816 
2025-01-10 10:05:15,382 INFO: Epoch 38, Train Loss: 0.7488180005222286, Test Loss: 0.7297929993697575, Inverse Test Loss: 3.7988068716866628 
2025-01-10 10:05:17,419 INFO: Epoch 39, Train Loss: 0.7470859825064283, Test Loss: 0.7269123175314495, Inverse Test Loss: 3.6938294001988004 
2025-01-10 10:05:19,466 INFO: Epoch 40, Train Loss: 0.7481214874381319, Test Loss: 0.7228384890726635, Inverse Test Loss: 3.786688668387277 
2025-01-10 10:05:21,505 INFO: Epoch 41, Train Loss: 0.7461917876103602, Test Loss: 0.7251093621764865, Inverse Test Loss: 3.9351109095982144 
2025-01-10 10:05:23,555 INFO: Epoch 42, Train Loss: 0.7438409683901236, Test Loss: 0.7219044417142868, Inverse Test Loss: 3.743046624319894 
2025-01-10 10:05:25,592 INFO: Epoch 43, Train Loss: 0.7429167759527854, Test Loss: 0.7279436481850488, Inverse Test Loss: 3.916318348475865 
2025-01-10 10:05:27,637 INFO: Epoch 44, Train Loss: 0.7438924028239119, Test Loss: 0.720761661018644, Inverse Test Loss: 3.7359019688197543 
2025-01-10 10:05:29,684 INFO: Epoch 45, Train Loss: 0.7416874498402307, Test Loss: 0.7240443783146995, Inverse Test Loss: 3.9194109780447826 
2025-01-10 10:05:31,712 INFO: Epoch 46, Train Loss: 0.7407434161649932, Test Loss: 0.7222760021686554, Inverse Test Loss: 3.575209481375558 
2025-01-10 10:05:33,769 INFO: Epoch 47, Train Loss: 0.7387169561254869, Test Loss: 0.7251052281686238, Inverse Test Loss: 3.988112585885184 
2025-01-10 10:05:35,823 INFO: Epoch 48, Train Loss: 0.7403647325454502, Test Loss: 0.7225226547036853, Inverse Test Loss: 4.004688807896206 
2025-01-10 10:05:37,887 INFO: Epoch 49, Train Loss: 0.7414828270947168, Test Loss: 0.7188273796013424, Inverse Test Loss: 3.673234394618443 
2025-01-10 10:05:39,945 INFO: Epoch 50, Train Loss: 0.7382108005908651, Test Loss: 0.7225747917379651, Inverse Test Loss: 4.192934308733259 
2025-01-10 10:05:41,995 INFO: Epoch 51, Train Loss: 0.7373635872788386, Test Loss: 0.7197474411555699, Inverse Test Loss: 4.069501059395926 
2025-01-10 10:05:44,051 INFO: Epoch 52, Train Loss: 0.7369448072319731, Test Loss: 0.7162519076040813, Inverse Test Loss: 3.7514465876988004 
2025-01-10 10:05:46,088 INFO: Epoch 53, Train Loss: 0.7340228792724259, Test Loss: 0.7245328490223203, Inverse Test Loss: 4.0996567862374445 
2025-01-10 10:05:48,121 INFO: Epoch 54, Train Loss: 0.7358117732433004, Test Loss: 0.7190373114177159, Inverse Test Loss: 4.085382189069476 
2025-01-10 10:05:50,170 INFO: Epoch 55, Train Loss: 0.7362272794093561, Test Loss: 0.7231165319681168, Inverse Test Loss: 3.88665281023298 
2025-01-10 10:05:52,233 INFO: Epoch 56, Train Loss: 0.7358730752533729, Test Loss: 0.7186228718076434, Inverse Test Loss: 3.538127899169922 
2025-01-10 10:05:54,280 INFO: Epoch 57, Train Loss: 0.7332766296666696, Test Loss: 0.723548772079604, Inverse Test Loss: 3.630314690726144 
2025-01-10 10:05:56,332 INFO: Epoch 58, Train Loss: 0.7328662735606553, Test Loss: 0.7232717084033149, Inverse Test Loss: 3.7575721740722656 
2025-01-10 10:05:58,368 INFO: Epoch 59, Train Loss: 0.7335739950521276, Test Loss: 0.7248734214476177, Inverse Test Loss: 3.945624760219029 
2025-01-10 10:06:00,419 INFO: Epoch 60, Train Loss: 0.7301615925010191, Test Loss: 0.7188784629106522, Inverse Test Loss: 3.8850176674979076 
2025-01-10 10:06:02,466 INFO: Epoch 61, Train Loss: 0.7298549736311676, Test Loss: 0.7216106248753411, Inverse Test Loss: 3.8298988342285156 
2025-01-10 10:06:04,543 INFO: Epoch 62, Train Loss: 0.7289628561483611, Test Loss: 0.7279182885374341, Inverse Test Loss: 4.061481203351702 
2025-01-10 10:06:06,599 INFO: Epoch 63, Train Loss: 0.72998009362352, Test Loss: 0.7207433325903756, Inverse Test Loss: 3.8289081028529575 
2025-01-10 10:06:08,652 INFO: Epoch 64, Train Loss: 0.7269524035103824, Test Loss: 0.7190522700548172, Inverse Test Loss: 3.571945462908064 
2025-01-10 10:06:10,731 INFO: Epoch 65, Train Loss: 0.7269356972580656, Test Loss: 0.7225276061466762, Inverse Test Loss: 3.966650826590402 
2025-01-10 10:06:12,778 INFO: Epoch 66, Train Loss: 0.7302140506035691, Test Loss: 0.7197985372373036, Inverse Test Loss: 3.416261672973633 
2025-01-10 10:06:14,833 INFO: Epoch 67, Train Loss: 0.7265793057756686, Test Loss: 0.7192447142941611, Inverse Test Loss: 3.7599356515066966 
2025-01-10 10:06:16,882 INFO: Epoch 68, Train Loss: 0.7263418933667174, Test Loss: 0.7180273256131581, Inverse Test Loss: 3.784957068307059 
2025-01-10 10:06:18,937 INFO: Epoch 69, Train Loss: 0.7265080880681309, Test Loss: 0.7166319510766438, Inverse Test Loss: 3.6791528974260603 
2025-01-10 10:06:20,997 INFO: Epoch 70, Train Loss: 0.7226796483774798, Test Loss: 0.7144441540752139, Inverse Test Loss: 3.502823693411691 
2025-01-10 10:06:23,027 INFO: Epoch 71, Train Loss: 0.7268141874479591, Test Loss: 0.7197719301496234, Inverse Test Loss: 3.6506745474679128 
2025-01-10 10:06:25,063 INFO: Epoch 72, Train Loss: 0.7245339390334733, Test Loss: 0.7117335945367813, Inverse Test Loss: 3.5387905665806363 
2025-01-10 10:06:27,108 INFO: Epoch 73, Train Loss: 0.7215084701503088, Test Loss: 0.7181530679975238, Inverse Test Loss: 3.694047655378069 
2025-01-10 10:06:29,167 INFO: Epoch 74, Train Loss: 0.7225481271743774, Test Loss: 0.7200688485588346, Inverse Test Loss: 4.047159194946289 
2025-01-10 10:06:31,194 INFO: Epoch 75, Train Loss: 0.7190728214902615, Test Loss: 0.7183040423052651, Inverse Test Loss: 3.44036374773298 
2025-01-10 10:06:33,254 INFO: Epoch 76, Train Loss: 0.7193917221979264, Test Loss: 0.719461264354842, Inverse Test Loss: 3.8620553697858537 
2025-01-10 10:06:35,316 INFO: Epoch 77, Train Loss: 0.7185952384537513, Test Loss: 0.7164307534694672, Inverse Test Loss: 3.269718442644392 
2025-01-10 10:06:37,363 INFO: Epoch 78, Train Loss: 0.7180592002124961, Test Loss: 0.7182356906788689, Inverse Test Loss: 3.5774563380650113 
2025-01-10 10:06:39,406 INFO: Epoch 79, Train Loss: 0.717638891771299, Test Loss: 0.719251519867352, Inverse Test Loss: 3.9898349217006137 
2025-01-10 10:06:41,450 INFO: Epoch 80, Train Loss: 0.7175905228754796, Test Loss: 0.7165623775550297, Inverse Test Loss: 3.4143924713134766 
2025-01-10 10:06:43,493 INFO: Epoch 81, Train Loss: 0.7191572736162658, Test Loss: 0.7151324131659099, Inverse Test Loss: 3.5934314727783203 
2025-01-10 10:06:45,542 INFO: Epoch 82, Train Loss: 0.7220078028670145, Test Loss: 0.7183796103511538, Inverse Test Loss: 3.7627182006835938 
2025-01-10 10:06:47,580 INFO: Epoch 83, Train Loss: 0.7142059753794189, Test Loss: 0.7202814306531634, Inverse Test Loss: 4.034282411847796 
2025-01-10 10:06:49,614 INFO: Epoch 84, Train Loss: 0.7145018200261877, Test Loss: 0.7205416538885662, Inverse Test Loss: 3.782075881958008 
2025-01-10 10:06:51,649 INFO: Epoch 85, Train Loss: 0.716655332560933, Test Loss: 0.7205244196312768, Inverse Test Loss: 3.8114422389439175 
2025-01-10 10:06:53,680 INFO: Epoch 86, Train Loss: 0.7143453633019684, Test Loss: 0.7206691758973258, Inverse Test Loss: 3.6939749036516463 
2025-01-10 10:06:55,710 INFO: Epoch 87, Train Loss: 0.7132717163190929, Test Loss: 0.7194271896566663, Inverse Test Loss: 3.5258146013532365 
2025-01-10 10:06:57,717 INFO: Epoch 88, Train Loss: 0.7138123260725528, Test Loss: 0.7256814858743122, Inverse Test Loss: 3.856215068272182 
2025-01-10 10:06:59,730 INFO: Epoch 89, Train Loss: 0.7153071875965923, Test Loss: 0.7144447863101959, Inverse Test Loss: 3.4069606236049106 
2025-01-10 10:07:01,752 INFO: Epoch 90, Train Loss: 0.71579864648504, Test Loss: 0.7225739657878876, Inverse Test Loss: 3.8993301391601562 
2025-01-10 10:07:03,782 INFO: Epoch 91, Train Loss: 0.7103423421536017, Test Loss: 0.7196150932993207, Inverse Test Loss: 3.771409443446568 
2025-01-10 10:07:05,817 INFO: Epoch 92, Train Loss: 0.7111483648282673, Test Loss: 0.717625475355557, Inverse Test Loss: 3.8065760476248607 
2025-01-10 10:07:07,856 INFO: Epoch 93, Train Loss: 0.7064386595279799, Test Loss: 0.7225618192127773, Inverse Test Loss: 3.829092570713588 
2025-01-10 10:07:09,864 INFO: Epoch 94, Train Loss: 0.7114531151745298, Test Loss: 0.719068529350417, Inverse Test Loss: 3.5670811789376393 
2025-01-10 10:07:11,883 INFO: Epoch 95, Train Loss: 0.7099312538400703, Test Loss: 0.7185458477054324, Inverse Test Loss: 3.6486563001360213 
2025-01-10 10:07:13,902 INFO: Epoch 96, Train Loss: 0.7122910186785076, Test Loss: 0.7211164768253054, Inverse Test Loss: 3.791867937360491 
2025-01-10 10:07:15,932 INFO: Epoch 97, Train Loss: 0.7091653494659914, Test Loss: 0.7208031373364585, Inverse Test Loss: 3.742364065987723 
2025-01-10 10:07:17,959 INFO: Epoch 98, Train Loss: 0.7076658951033146, Test Loss: 0.7183418912546975, Inverse Test Loss: 3.9360079084123885 
2025-01-10 10:07:19,980 INFO: Epoch 99, Train Loss: 0.7078486839565662, Test Loss: 0.7200664409569332, Inverse Test Loss: 3.9168665749686107 
2025-01-10 10:07:22,022 INFO: Epoch 100, Train Loss: 0.7064069870415084, Test Loss: 0.7232629018170493, Inverse Test Loss: 3.679595947265625 
2025-01-10 10:07:22,022 INFO: Best Epoch 72, Best Test Loss: 0.7117335945367813 
2025-01-10 10:07:24,064 INFO: Epoch 101, Train Loss: 0.7105094976381424, Test Loss: 0.7221172941582543, Inverse Test Loss: 3.784576960972377 
2025-01-10 10:07:26,115 INFO: Epoch 102, Train Loss: 0.7058680659040398, Test Loss: 0.719239524432591, Inverse Test Loss: 3.3195669991629466 
2025-01-10 10:07:28,157 INFO: Epoch 103, Train Loss: 0.7056911429133984, Test Loss: 0.7282121181488037, Inverse Test Loss: 3.999804905482701 
2025-01-10 10:07:30,191 INFO: Epoch 104, Train Loss: 0.7059808624993771, Test Loss: 0.7239521018096379, Inverse Test Loss: 3.8378797258649553 
2025-01-10 10:07:32,228 INFO: Epoch 105, Train Loss: 0.7035711560774287, Test Loss: 0.7221532953636987, Inverse Test Loss: 3.7447027478899275 
2025-01-10 10:07:34,263 INFO: Epoch 106, Train Loss: 0.7019772704588164, Test Loss: 0.7218382464987891, Inverse Test Loss: 3.7625034877232144 
2025-01-10 10:07:36,305 INFO: Epoch 107, Train Loss: 0.7041420515524138, Test Loss: 0.7258872794253486, Inverse Test Loss: 3.868603842599051 
2025-01-10 10:07:38,333 INFO: Epoch 108, Train Loss: 0.704454436214692, Test Loss: 0.7209493730749402, Inverse Test Loss: 4.0242919921875 
2025-01-10 10:07:40,404 INFO: Epoch 109, Train Loss: 0.7048581690963255, Test Loss: 0.727554372378758, Inverse Test Loss: 4.50542231968471 
2025-01-10 10:07:42,438 INFO: Epoch 110, Train Loss: 0.7046311820318939, Test Loss: 0.7294892285551343, Inverse Test Loss: 4.190754754202707 
2025-01-10 10:07:44,496 INFO: Epoch 111, Train Loss: 0.7038911488078056, Test Loss: 0.722060889005661, Inverse Test Loss: 3.6912757328578403 
2025-01-10 10:07:46,501 INFO: Epoch 112, Train Loss: 0.7006095893886111, Test Loss: 0.7210392781666347, Inverse Test Loss: 3.651016507829939 
2025-01-10 10:07:48,529 INFO: Epoch 113, Train Loss: 0.7007700740744215, Test Loss: 0.7208465252603803, Inverse Test Loss: 3.8770833696637834 
2025-01-10 10:07:50,574 INFO: Epoch 114, Train Loss: 0.6975993732793615, Test Loss: 0.7277776428631374, Inverse Test Loss: 4.194910866873605 
2025-01-10 10:07:52,617 INFO: Epoch 115, Train Loss: 0.7006397137948133, Test Loss: 0.7271241673401424, Inverse Test Loss: 3.696784428187779 
2025-01-10 10:07:54,653 INFO: Epoch 116, Train Loss: 0.6980969594159258, Test Loss: 0.7224888567413602, Inverse Test Loss: 3.5411003657749722 
2025-01-10 10:07:56,695 INFO: Epoch 117, Train Loss: 0.6994754166231243, Test Loss: 0.7202173386301313, Inverse Test Loss: 3.4270646231515065 
2025-01-10 10:07:58,733 INFO: Epoch 118, Train Loss: 0.6972936457450237, Test Loss: 0.7237681661333356, Inverse Test Loss: 3.931963784354074 
2025-01-10 10:08:00,763 INFO: Epoch 119, Train Loss: 0.6953999542315071, Test Loss: 0.7230228547539029, Inverse Test Loss: 3.421335220336914 
2025-01-10 10:08:02,799 INFO: Epoch 120, Train Loss: 0.6983839710918042, Test Loss: 0.7213981854064124, Inverse Test Loss: 3.3974737439836775 
2025-01-10 10:08:04,832 INFO: Epoch 121, Train Loss: 0.693041438356452, Test Loss: 0.724916126046862, Inverse Test Loss: 3.6417623247419084 
2025-01-10 10:08:06,959 INFO: Epoch 122, Train Loss: 0.6965306527024016, Test Loss: 0.7315998822450638, Inverse Test Loss: 4.0590106419154575 
2025-01-10 10:08:09,202 INFO: Epoch 123, Train Loss: 0.6981757638651297, Test Loss: 0.7230726501771382, Inverse Test Loss: 3.596691676548549 
2025-01-10 10:08:11,435 INFO: Epoch 124, Train Loss: 0.696396100958553, Test Loss: 0.7233795693942479, Inverse Test Loss: 3.7176426478794644 
2025-01-10 10:08:13,768 INFO: Epoch 125, Train Loss: 0.6986681337750286, Test Loss: 0.7236814222165516, Inverse Test Loss: 3.887819562639509 
2025-01-10 10:08:15,991 INFO: Epoch 126, Train Loss: 0.6929206536450517, Test Loss: 0.7269611784390041, Inverse Test Loss: 3.895066125052316 
2025-01-10 10:08:18,664 INFO: Epoch 127, Train Loss: 0.6927554268355763, Test Loss: 0.7243016617638725, Inverse Test Loss: 3.6613355364118303 
2025-01-10 10:08:20,874 INFO: Epoch 128, Train Loss: 0.6953573576900938, Test Loss: 0.7224013166768211, Inverse Test Loss: 3.8616079602922713 
2025-01-10 10:08:23,286 INFO: Epoch 129, Train Loss: 0.6924092168108039, Test Loss: 0.7304196315152305, Inverse Test Loss: 3.79468263898577 
2025-01-10 10:08:25,387 INFO: Epoch 130, Train Loss: 0.6914576587327029, Test Loss: 0.7235292345285416, Inverse Test Loss: 3.6802874973842075 
2025-01-10 10:08:27,648 INFO: Epoch 131, Train Loss: 0.6929354284881452, Test Loss: 0.7187311798334122, Inverse Test Loss: 3.5453744615827287 
2025-01-10 10:08:29,951 INFO: Epoch 132, Train Loss: 0.6902483865755413, Test Loss: 0.726873116833823, Inverse Test Loss: 4.226970945085798 
2025-01-10 10:08:32,283 INFO: Epoch 133, Train Loss: 0.6900551603474748, Test Loss: 0.7278051951101848, Inverse Test Loss: 3.8216746194022044 
2025-01-10 10:08:34,401 INFO: Epoch 134, Train Loss: 0.6890395234484191, Test Loss: 0.7219447642564774, Inverse Test Loss: 4.089327675955636 
2025-01-10 10:08:36,849 INFO: Epoch 135, Train Loss: 0.6919290691340735, Test Loss: 0.7320425765854972, Inverse Test Loss: 3.623307909284319 
2025-01-10 10:08:39,036 INFO: Epoch 136, Train Loss: 0.6916585717726191, Test Loss: 0.7337477441344943, Inverse Test Loss: 4.204222542898996 
2025-01-10 10:08:41,519 INFO: Epoch 137, Train Loss: 0.6888443546010814, Test Loss: 0.7290430324418204, Inverse Test Loss: 3.8737079075404575 
