2025-06-18 15:14:53,580 INFO: log_path:/logs_2025_6_18_HS_mos2_L1/AMFormer_simple_MLP_dim32_depth2_heads4_dropout0.4_fusion0.4_0.6_lr0.0001_1P 
2025-06-18 15:14:53,580 INFO: Model:namespace(attn_dropout=0.4, categories=[], cluster=3, depth=2, dim=32, ff_dropout=0.4, groups=[54, 54, 54], heads=4, name='AMFormer_simple_MLP_dim32_depth2_heads4_dropout0.4_fusion0.4_0.6', num_cate=0, num_cont=20, num_special_tokens=1, out_dim=1, predictor='simple_MLP', prod_num_per_group=[6, 6, 6], qk_relu=False, static_fusion={'kan_weight': 0.4, 'trans_weight': 0.6}, sum_num_per_group=[32, 16, 8], target_mode='regression', token_descent=False, use_cls_token=True, use_prod=True, use_row_col_attention=True, use_sigmoid=True) 
2025-06-18 15:14:53,581 INFO: lr:0.0001, loss:L1 
2025-06-18 15:14:53,581 INFO: Dataset:HS_mos2, Target:['metal1_Peak'] 
2025-06-18 15:14:53,581 INFO: ------Begin Training Model------ 
2025-06-18 15:14:59,138 INFO: Epoch 1, Train Loss: 0.21208719152844313, Test Loss: 0.2268188955152736, Inverse Test Loss: 0.06939654085127746 
2025-06-18 15:15:01,154 INFO: Epoch 2, Train Loss: 0.1855034399213213, Test Loss: 0.21447389529031866, Inverse Test Loss: 0.06559959305998157 
2025-06-18 15:15:03,191 INFO: Epoch 3, Train Loss: 0.17692530426112088, Test Loss: 0.20541547545615366, Inverse Test Loss: 0.06291545916567831 
2025-06-18 15:15:05,241 INFO: Epoch 4, Train Loss: 0.17469876567184023, Test Loss: 0.19948127734310486, Inverse Test Loss: 0.06131203636965331 
2025-06-18 15:15:07,259 INFO: Epoch 5, Train Loss: 0.17045793767002496, Test Loss: 0.19535610211246154, Inverse Test Loss: 0.059967589181135685 
2025-06-18 15:15:09,258 INFO: Epoch 6, Train Loss: 0.16658055339234346, Test Loss: 0.18771224600427291, Inverse Test Loss: 0.05700214174302185 
2025-06-18 15:15:11,306 INFO: Epoch 7, Train Loss: 0.15930950726297768, Test Loss: 0.1758649708593593, Inverse Test Loss: 0.05241669648710419 
2025-06-18 15:15:13,345 INFO: Epoch 8, Train Loss: 0.15069035655169777, Test Loss: 0.1584810478722348, Inverse Test Loss: 0.04563805899199318 
2025-06-18 15:15:15,347 INFO: Epoch 9, Train Loss: 0.13366637013457489, Test Loss: 0.1318740559851422, Inverse Test Loss: 0.03531644723432906 
2025-06-18 15:15:17,337 INFO: Epoch 10, Train Loss: 0.10711899165515647, Test Loss: 0.09139938258072909, Inverse Test Loss: 0.01967275274150512 
2025-06-18 15:15:19,420 INFO: Epoch 11, Train Loss: 0.06832213129735354, Test Loss: 0.0368315497522845, Inverse Test Loss: 0.006639988654676606 
2025-06-18 15:15:21,475 INFO: Epoch 12, Train Loss: 0.034383208363909616, Test Loss: 0.020973550457069102, Inverse Test Loss: 0.003928933525457978 
2025-06-18 15:15:23,549 INFO: Epoch 13, Train Loss: 0.02859797640562509, Test Loss: 0.020373710431158543, Inverse Test Loss: 0.003836294006118003 
2025-06-18 15:15:25,564 INFO: Epoch 14, Train Loss: 0.027258416207394366, Test Loss: 0.020126526463119424, Inverse Test Loss: 0.0038003959172569655 
2025-06-18 15:15:27,639 INFO: Epoch 15, Train Loss: 0.026349151330633147, Test Loss: 0.019805777845356393, Inverse Test Loss: 0.0037483068470678784 
2025-06-18 15:15:29,658 INFO: Epoch 16, Train Loss: 0.026670194068697816, Test Loss: 0.019254151101717177, Inverse Test Loss: 0.003644035440897021 
2025-06-18 15:15:31,741 INFO: Epoch 17, Train Loss: 0.026815604898288395, Test Loss: 0.01915911549483152, Inverse Test Loss: 0.003629338872783324 
2025-06-18 15:15:33,770 INFO: Epoch 18, Train Loss: 0.02626005785934853, Test Loss: 0.01928451717557276, Inverse Test Loss: 0.0036673458457431372 
2025-06-18 15:15:35,948 INFO: Epoch 19, Train Loss: 0.025594083557018275, Test Loss: 0.019294119713937536, Inverse Test Loss: 0.003669799569145064 
2025-06-18 15:15:38,005 INFO: Epoch 20, Train Loss: 0.02563799667934125, Test Loss: 0.018974299871307963, Inverse Test Loss: 0.003617545380941866 
2025-06-18 15:15:40,076 INFO: Epoch 21, Train Loss: 0.025713122555647384, Test Loss: 0.019114520975991207, Inverse Test Loss: 0.003644265015335644 
2025-06-18 15:15:42,144 INFO: Epoch 22, Train Loss: 0.02556616410076844, Test Loss: 0.018526286489385015, Inverse Test Loss: 0.0035356503315543864 
2025-06-18 15:15:44,177 INFO: Epoch 23, Train Loss: 0.02525653562395636, Test Loss: 0.018621864372535664, Inverse Test Loss: 0.003553265270859222 
2025-06-18 15:15:46,240 INFO: Epoch 24, Train Loss: 0.02525658262752448, Test Loss: 0.01841945299769149, Inverse Test Loss: 0.0035208429976859514 
2025-06-18 15:15:48,570 INFO: Epoch 25, Train Loss: 0.025029166728596796, Test Loss: 0.018563810982467496, Inverse Test Loss: 0.0035540881217457354 
2025-06-18 15:15:50,769 INFO: Epoch 26, Train Loss: 0.02550004654084191, Test Loss: 0.018250690745737624, Inverse Test Loss: 0.0035051365300793856 
2025-06-18 15:15:53,045 INFO: Epoch 27, Train Loss: 0.02472693399723732, Test Loss: 0.018889955546268645, Inverse Test Loss: 0.0036264849203529164 
2025-06-18 15:15:55,104 INFO: Epoch 28, Train Loss: 0.02472937832388914, Test Loss: 0.01850556634256945, Inverse Test Loss: 0.0035560745814376894 
2025-06-18 15:15:57,381 INFO: Epoch 29, Train Loss: 0.024661948272930174, Test Loss: 0.018133845125489375, Inverse Test Loss: 0.0034826624118175138 
2025-06-18 15:15:59,450 INFO: Epoch 30, Train Loss: 0.025754969263675088, Test Loss: 0.01813300307292272, Inverse Test Loss: 0.0034852835781160087 
2025-06-18 15:16:01,552 INFO: Epoch 31, Train Loss: 0.02464195567352528, Test Loss: 0.018296806086950442, Inverse Test Loss: 0.003519375671577804 
2025-06-18 15:16:04,619 INFO: Epoch 32, Train Loss: 0.024465085797463402, Test Loss: 0.017794547520358774, Inverse Test Loss: 0.0034318409264361594 
2025-06-18 15:16:07,378 INFO: Epoch 33, Train Loss: 0.024521162705213734, Test Loss: 0.017754036659265265, Inverse Test Loss: 0.0034175607040250566 
2025-06-18 15:16:10,465 INFO: Epoch 34, Train Loss: 0.02430624736007303, Test Loss: 0.017757868339471957, Inverse Test Loss: 0.0034311518367544256 
2025-06-18 15:16:14,336 INFO: Epoch 35, Train Loss: 0.024199853961666424, Test Loss: 0.018225433469256935, Inverse Test Loss: 0.0035211902817108612 
2025-06-18 15:16:18,140 INFO: Epoch 36, Train Loss: 0.02486039598641748, Test Loss: 0.017872676910722956, Inverse Test Loss: 0.0034422665313981913 
2025-06-18 15:16:21,997 INFO: Epoch 37, Train Loss: 0.024543597609877135, Test Loss: 0.017737546305665198, Inverse Test Loss: 0.003428873184876626 
2025-06-18 15:16:25,842 INFO: Epoch 38, Train Loss: 0.024845134890214962, Test Loss: 0.017529905061511433, Inverse Test Loss: 0.0033891311442643844 
2025-06-18 15:16:29,651 INFO: Epoch 39, Train Loss: 0.023961716370346647, Test Loss: 0.017583055312142652, Inverse Test Loss: 0.0034030232242965963 
2025-06-18 15:16:33,516 INFO: Epoch 40, Train Loss: 0.023978945227678527, Test Loss: 0.01756195430917775, Inverse Test Loss: 0.0034033399938112672 
2025-06-18 15:16:37,350 INFO: Epoch 41, Train Loss: 0.023865754518545036, Test Loss: 0.017544071874855197, Inverse Test Loss: 0.003406115828136749 
2025-06-18 15:16:41,151 INFO: Epoch 42, Train Loss: 0.02393119315489788, Test Loss: 0.01774336989311611, Inverse Test Loss: 0.003443939621587667 
2025-06-18 15:16:44,944 INFO: Epoch 43, Train Loss: 0.024218423934088962, Test Loss: 0.017366677248740896, Inverse Test Loss: 0.0033763868850655854 
2025-06-18 15:16:48,811 INFO: Epoch 44, Train Loss: 0.024419517192820258, Test Loss: 0.01772997955627301, Inverse Test Loss: 0.0034426994320443448 
2025-06-18 15:16:52,573 INFO: Epoch 45, Train Loss: 0.02423405149514138, Test Loss: 0.01731042903574074, Inverse Test Loss: 0.003368832455153632 
2025-06-18 15:16:56,391 INFO: Epoch 46, Train Loss: 0.023792323067248093, Test Loss: 0.01766661653185592, Inverse Test Loss: 0.0034306094132582933 
2025-06-18 15:17:00,178 INFO: Epoch 47, Train Loss: 0.023588852741699102, Test Loss: 0.017948864575694588, Inverse Test Loss: 0.0034914523438440963 
2025-06-18 15:17:04,065 INFO: Epoch 48, Train Loss: 0.02384189555111031, Test Loss: 0.017402148367289233, Inverse Test Loss: 0.003389415783150231 
2025-06-18 15:17:07,866 INFO: Epoch 49, Train Loss: 0.023583500885940863, Test Loss: 0.017622833249761778, Inverse Test Loss: 0.0034381058751879368 
2025-06-18 15:17:11,656 INFO: Epoch 50, Train Loss: 0.02439817113830059, Test Loss: 0.01775686924948412, Inverse Test Loss: 0.0034556929432951354 
2025-06-18 15:17:15,514 INFO: Epoch 51, Train Loss: 0.02371407535181127, Test Loss: 0.017167357741581166, Inverse Test Loss: 0.003351401784183348 
2025-06-18 15:17:19,306 INFO: Epoch 52, Train Loss: 0.023534157101742247, Test Loss: 0.017758980119491324, Inverse Test Loss: 0.0034631387234720238 
2025-06-18 15:17:23,117 INFO: Epoch 53, Train Loss: 0.02337644928642972, Test Loss: 0.017578065340571544, Inverse Test Loss: 0.003430161125245778 
2025-06-18 15:17:26,920 INFO: Epoch 54, Train Loss: 0.023745386018135556, Test Loss: 0.016956526649129743, Inverse Test Loss: 0.003312711032134864 
2025-06-18 15:17:30,706 INFO: Epoch 55, Train Loss: 0.023562053271399982, Test Loss: 0.01775474408093621, Inverse Test Loss: 0.0034624125829021283 
2025-06-18 15:17:34,510 INFO: Epoch 56, Train Loss: 0.02337912274665679, Test Loss: 0.01740209974677247, Inverse Test Loss: 0.0034024249180220068 
2025-06-18 15:17:38,350 INFO: Epoch 57, Train Loss: 0.02315316945455517, Test Loss: 0.017293591504259145, Inverse Test Loss: 0.003377970527200138 
2025-06-18 15:17:42,139 INFO: Epoch 58, Train Loss: 0.02352202752478082, Test Loss: 0.017158488386913258, Inverse Test Loss: 0.003353471203488024 
2025-06-18 15:17:45,928 INFO: Epoch 59, Train Loss: 0.023310942159062535, Test Loss: 0.017001534373882937, Inverse Test Loss: 0.003326885525465888 
2025-06-18 15:17:49,713 INFO: Epoch 60, Train Loss: 0.02398823349115749, Test Loss: 0.017052599968498245, Inverse Test Loss: 0.0033381403088295724 
2025-06-18 15:17:53,526 INFO: Epoch 61, Train Loss: 0.02326484343432116, Test Loss: 0.017428742639501307, Inverse Test Loss: 0.003409112471511916 
2025-06-18 15:17:57,340 INFO: Epoch 62, Train Loss: 0.02330239637839523, Test Loss: 0.016680129201096648, Inverse Test Loss: 0.003251539813765489 
2025-06-18 15:18:01,175 INFO: Epoch 63, Train Loss: 0.02361016756163515, Test Loss: 0.01706670584869297, Inverse Test Loss: 0.0033426157212542262 
2025-06-18 15:18:05,017 INFO: Epoch 64, Train Loss: 0.023307139205633466, Test Loss: 0.016765996841165948, Inverse Test Loss: 0.0032747839954133857 
2025-06-18 15:18:08,853 INFO: Epoch 65, Train Loss: 0.023468249219921276, Test Loss: 0.017152416711563572, Inverse Test Loss: 0.0033560962491559192 
2025-06-18 15:18:12,631 INFO: Epoch 66, Train Loss: 0.023239176515772036, Test Loss: 0.017105507541119176, Inverse Test Loss: 0.003349011161309831 
2025-06-18 15:18:16,400 INFO: Epoch 67, Train Loss: 0.023138243733256153, Test Loss: 0.016761644003803238, Inverse Test Loss: 0.003284623894347426 
2025-06-18 15:18:20,200 INFO: Epoch 68, Train Loss: 0.023060893241287857, Test Loss: 0.01672585335943629, Inverse Test Loss: 0.0032744689789765023 
2025-06-18 15:18:24,004 INFO: Epoch 69, Train Loss: 0.023244813038741773, Test Loss: 0.017343560069361153, Inverse Test Loss: 0.0033928074374082774 
2025-06-18 15:18:27,846 INFO: Epoch 70, Train Loss: 0.023097907944413073, Test Loss: 0.016978568027672523, Inverse Test Loss: 0.0033279915634707056 
2025-06-18 15:18:31,615 INFO: Epoch 71, Train Loss: 0.023145386928015134, Test Loss: 0.016733560163308594, Inverse Test Loss: 0.0032731465111924883 
2025-06-18 15:18:35,443 INFO: Epoch 72, Train Loss: 0.023068118935704908, Test Loss: 0.016659060725942254, Inverse Test Loss: 0.0032647763077607926 
2025-06-18 15:18:39,236 INFO: Epoch 73, Train Loss: 0.023204359155374044, Test Loss: 0.01673911343438222, Inverse Test Loss: 0.003279751245452858 
2025-06-18 15:18:43,013 INFO: Epoch 74, Train Loss: 0.023218446322998992, Test Loss: 0.01656566542463706, Inverse Test Loss: 0.0032481020556160193 
2025-06-18 15:18:46,820 INFO: Epoch 75, Train Loss: 0.022975072363447962, Test Loss: 0.01664186204674051, Inverse Test Loss: 0.0032673893523785997 
2025-06-18 15:18:50,623 INFO: Epoch 76, Train Loss: 0.023044934076482827, Test Loss: 0.01646318005890969, Inverse Test Loss: 0.0032286267618046086 
2025-06-18 15:18:54,433 INFO: Epoch 77, Train Loss: 0.022889898021028122, Test Loss: 0.01669110727551229, Inverse Test Loss: 0.003275642404332757 
2025-06-18 15:18:58,305 INFO: Epoch 78, Train Loss: 0.02292712249045232, Test Loss: 0.01684495371163768, Inverse Test Loss: 0.0033080775277031693 
2025-06-18 15:19:02,129 INFO: Epoch 79, Train Loss: 0.02321800299581479, Test Loss: 0.016416628488942105, Inverse Test Loss: 0.0032066620222073704 
2025-06-18 15:19:05,942 INFO: Epoch 80, Train Loss: 0.02285862393380905, Test Loss: 0.01657848643577274, Inverse Test Loss: 0.003245020435903879 
2025-06-18 15:19:09,737 INFO: Epoch 81, Train Loss: 0.02299780510083744, Test Loss: 0.01663966360501945, Inverse Test Loss: 0.003273877955507487 
2025-06-18 15:19:13,547 INFO: Epoch 82, Train Loss: 0.022680686483385438, Test Loss: 0.016441197696087116, Inverse Test Loss: 0.00322168500518755 
2025-06-18 15:19:17,304 INFO: Epoch 83, Train Loss: 0.02276939317005489, Test Loss: 0.01667096360367449, Inverse Test Loss: 0.0032798088231014415 
2025-06-18 15:19:21,125 INFO: Epoch 84, Train Loss: 0.022798066934090897, Test Loss: 0.01638794521910741, Inverse Test Loss: 0.003221764338805395 
2025-06-18 15:19:24,908 INFO: Epoch 85, Train Loss: 0.022771970774611516, Test Loss: 0.016594527453622398, Inverse Test Loss: 0.003256168045267901 
2025-06-18 15:19:28,713 INFO: Epoch 86, Train Loss: 0.02297861425022623, Test Loss: 0.01653244421707795, Inverse Test Loss: 0.003248446973670712 
2025-06-18 15:19:32,552 INFO: Epoch 87, Train Loss: 0.022850721922815974, Test Loss: 0.016531019855071518, Inverse Test Loss: 0.003256435417022337 
2025-06-18 15:19:36,338 INFO: Epoch 88, Train Loss: 0.02275693379906994, Test Loss: 0.016449115513002172, Inverse Test Loss: 0.0032355208189555388 
2025-06-18 15:19:40,112 INFO: Epoch 89, Train Loss: 0.02264573428935061, Test Loss: 0.016573782585670844, Inverse Test Loss: 0.0032639728366013836 
2025-06-18 15:19:43,915 INFO: Epoch 90, Train Loss: 0.022769370691314565, Test Loss: 0.01645272010115578, Inverse Test Loss: 0.003231733479290543 
2025-06-18 15:19:47,703 INFO: Epoch 91, Train Loss: 0.022664246318692512, Test Loss: 0.016467692029169378, Inverse Test Loss: 0.0032320374020320527 
2025-06-18 15:19:51,487 INFO: Epoch 92, Train Loss: 0.022677130206967846, Test Loss: 0.016351918635122916, Inverse Test Loss: 0.0032080781769336145 
2025-06-18 15:19:55,285 INFO: Epoch 93, Train Loss: 0.022597871265712787, Test Loss: 0.016354173517731184, Inverse Test Loss: 0.0032091651365215726 
2025-06-18 15:19:59,090 INFO: Epoch 94, Train Loss: 0.022617257948061735, Test Loss: 0.016502938671585393, Inverse Test Loss: 0.0032458694562699426 
2025-06-18 15:20:02,931 INFO: Epoch 95, Train Loss: 0.022579355313527314, Test Loss: 0.016275908346013987, Inverse Test Loss: 0.003196938824497492 
2025-06-18 15:20:06,893 INFO: Epoch 96, Train Loss: 0.023207019425392376, Test Loss: 0.01635062719202217, Inverse Test Loss: 0.003216451723881833 
2025-06-18 15:20:10,830 INFO: Epoch 97, Train Loss: 0.022854431504101463, Test Loss: 0.016433903646162328, Inverse Test Loss: 0.003234270234208773 
2025-06-18 15:20:14,561 INFO: Epoch 98, Train Loss: 0.02254132261132878, Test Loss: 0.01625258509781869, Inverse Test Loss: 0.0031817389518597767 
2025-06-18 15:20:18,441 INFO: Epoch 99, Train Loss: 0.022663609205858047, Test Loss: 0.016504422432797795, Inverse Test Loss: 0.003249371136703035 
2025-06-18 15:20:22,360 INFO: Epoch 100, Train Loss: 0.022761575556642405, Test Loss: 0.016331288470503164, Inverse Test Loss: 0.0032114219571025495 
2025-06-18 15:20:22,361 INFO: Best Epoch 98, Best Test Loss: 0.01625258509781869, Inverse Test Loss: 0.0031817389518597767 
2025-06-18 15:20:26,201 INFO: Epoch 101, Train Loss: 0.022491417377199414, Test Loss: 0.016491630415925208, Inverse Test Loss: 0.0032483363277552757 
2025-06-18 15:20:30,044 INFO: Epoch 102, Train Loss: 0.022641775565165462, Test Loss: 0.016768012647790945, Inverse Test Loss: 0.0033094408915049453 
2025-06-18 15:20:33,949 INFO: Epoch 103, Train Loss: 0.022458464267070998, Test Loss: 0.0163756461457952, Inverse Test Loss: 0.003218901521690628 
2025-06-18 15:20:37,788 INFO: Epoch 104, Train Loss: 0.022495478476313027, Test Loss: 0.016234615776578292, Inverse Test Loss: 0.0031889614183455706 
2025-06-18 15:20:41,660 INFO: Epoch 105, Train Loss: 0.022735765337887587, Test Loss: 0.01622094408444622, Inverse Test Loss: 0.0031967223108307842 
2025-06-18 15:20:45,543 INFO: Epoch 106, Train Loss: 0.022594100584022024, Test Loss: 0.016234999563654557, Inverse Test Loss: 0.0031965534812222946 
2025-06-18 15:20:49,349 INFO: Epoch 107, Train Loss: 0.02256317919995071, Test Loss: 0.01611916472971001, Inverse Test Loss: 0.003166293857194593 
2025-06-18 15:20:53,294 INFO: Epoch 108, Train Loss: 0.022491911591990203, Test Loss: 0.01615062032771461, Inverse Test Loss: 0.0031616599538692217 
2025-06-18 15:20:57,151 INFO: Epoch 109, Train Loss: 0.0225675890299802, Test Loss: 0.016251847887521282, Inverse Test Loss: 0.003200037360383088 
2025-06-18 15:21:01,037 INFO: Epoch 110, Train Loss: 0.02242521143334946, Test Loss: 0.01616081559811445, Inverse Test Loss: 0.003182503692668808 
2025-06-18 15:21:05,000 INFO: Epoch 111, Train Loss: 0.022553553797699737, Test Loss: 0.01657273216337404, Inverse Test Loss: 0.003262416589731241 
2025-06-18 15:21:08,882 INFO: Epoch 112, Train Loss: 0.022335367961645577, Test Loss: 0.016212822431150603, Inverse Test Loss: 0.003192142487558372 
2025-06-18 15:21:12,859 INFO: Epoch 113, Train Loss: 0.022417339164707246, Test Loss: 0.01617321655537714, Inverse Test Loss: 0.0031803854234407052 
2025-06-18 15:21:16,767 INFO: Epoch 114, Train Loss: 0.022406728391422694, Test Loss: 0.01616384117754505, Inverse Test Loss: 0.0031789602995987106 
2025-06-18 15:21:20,642 INFO: Epoch 115, Train Loss: 0.02243886018087241, Test Loss: 0.016284863464534283, Inverse Test Loss: 0.0032107760249774028 
2025-06-18 15:21:24,530 INFO: Epoch 116, Train Loss: 0.022505917692218314, Test Loss: 0.01614060885656406, Inverse Test Loss: 0.0031458897557219163 
2025-06-18 15:21:28,350 INFO: Epoch 117, Train Loss: 0.022307427116726158, Test Loss: 0.01612968262120643, Inverse Test Loss: 0.0031836511728162054 
2025-06-18 15:21:32,166 INFO: Epoch 118, Train Loss: 0.0225195804589682, Test Loss: 0.016131174463011762, Inverse Test Loss: 0.0031712706755463254 
2025-06-18 15:21:36,010 INFO: Epoch 119, Train Loss: 0.02278326853587659, Test Loss: 0.016075711396029767, Inverse Test Loss: 0.0031574110325891525 
2025-06-18 15:21:39,830 INFO: Epoch 120, Train Loss: 0.02231906233073184, Test Loss: 0.01602554930757512, Inverse Test Loss: 0.0031527786477989353 
2025-06-18 15:21:43,705 INFO: Epoch 121, Train Loss: 0.022327749287907147, Test Loss: 0.016086533912183607, Inverse Test Loss: 0.0031680789577555567 
2025-06-18 15:21:47,591 INFO: Epoch 122, Train Loss: 0.02225209953206958, Test Loss: 0.016229229650514966, Inverse Test Loss: 0.003175323993405875 
2025-06-18 15:21:51,480 INFO: Epoch 123, Train Loss: 0.02229072968299134, Test Loss: 0.0162437041016186, Inverse Test Loss: 0.0032038529581554674 
2025-06-18 15:21:55,410 INFO: Epoch 124, Train Loss: 0.022413098447335262, Test Loss: 0.016158981303520063, Inverse Test Loss: 0.00318678592585082 
2025-06-18 15:21:59,336 INFO: Epoch 125, Train Loss: 0.022583828981486007, Test Loss: 0.016522800317034125, Inverse Test Loss: 0.0032665915616021 
2025-06-18 15:22:03,163 INFO: Epoch 126, Train Loss: 0.02255264078760802, Test Loss: 0.01635410640772213, Inverse Test Loss: 0.003229516592588933 
2025-06-18 15:22:07,081 INFO: Epoch 127, Train Loss: 0.022346376330295407, Test Loss: 0.01620732684729292, Inverse Test Loss: 0.003200724917833748 
2025-06-18 15:22:10,965 INFO: Epoch 128, Train Loss: 0.022166373095277584, Test Loss: 0.01614332152530551, Inverse Test Loss: 0.003182689202196129 
2025-06-18 15:22:14,824 INFO: Epoch 129, Train Loss: 0.02218323200588312, Test Loss: 0.016121084199232215, Inverse Test Loss: 0.003181752940530286 
2025-06-18 15:22:18,801 INFO: Epoch 130, Train Loss: 0.022397965954785996, Test Loss: 0.01611274849239956, Inverse Test Loss: 0.003181688936071142 
2025-06-18 15:22:22,628 INFO: Epoch 131, Train Loss: 0.022700819151588912, Test Loss: 0.01616392792750369, Inverse Test Loss: 0.0031834612086908344 
2025-06-18 15:22:26,525 INFO: Epoch 132, Train Loss: 0.022380355435113113, Test Loss: 0.016110282966538388, Inverse Test Loss: 0.0031626768382814 
2025-06-18 15:22:30,518 INFO: Epoch 133, Train Loss: 0.02256408602239169, Test Loss: 0.016262541908551666, Inverse Test Loss: 0.0032109727908391505 
2025-06-18 15:22:34,390 INFO: Epoch 134, Train Loss: 0.022511702672945277, Test Loss: 0.01598033566466149, Inverse Test Loss: 0.0031480200499679673 
2025-06-18 15:22:38,317 INFO: Epoch 135, Train Loss: 0.022486936498546238, Test Loss: 0.016116535674561474, Inverse Test Loss: 0.0031754377739750504 
2025-06-18 15:22:42,198 INFO: Epoch 136, Train Loss: 0.02237400642920737, Test Loss: 0.016053970862070426, Inverse Test Loss: 0.003154488295823445 
2025-06-18 15:22:46,072 INFO: Epoch 137, Train Loss: 0.02229668110764275, Test Loss: 0.016121792880927816, Inverse Test Loss: 0.00318124087404131 
2025-06-18 15:22:49,878 INFO: Epoch 138, Train Loss: 0.022279474408027123, Test Loss: 0.01619697070461424, Inverse Test Loss: 0.003201348946758491 
2025-06-18 15:22:53,802 INFO: Epoch 139, Train Loss: 0.02224194218940807, Test Loss: 0.016087203533114755, Inverse Test Loss: 0.0031695389890741997 
2025-06-18 15:22:57,567 INFO: Epoch 140, Train Loss: 0.022424218142546262, Test Loss: 0.016317070434417796, Inverse Test Loss: 0.0031713447978665285 
2025-06-18 15:23:01,498 INFO: Epoch 141, Train Loss: 0.022179827150521858, Test Loss: 0.01617342347333975, Inverse Test Loss: 0.0031914588557008434 
2025-06-18 15:23:05,390 INFO: Epoch 142, Train Loss: 0.02237966630932395, Test Loss: 0.01596258272526457, Inverse Test Loss: 0.003149624477373436 
2025-06-18 15:23:09,242 INFO: Epoch 143, Train Loss: 0.022248750806532124, Test Loss: 0.015965001150856122, Inverse Test Loss: 0.0031475379878162023 
2025-06-18 15:23:13,116 INFO: Epoch 144, Train Loss: 0.022143602050191752, Test Loss: 0.015938846120501265, Inverse Test Loss: 0.003133097425555153 
2025-06-18 15:23:17,144 INFO: Epoch 145, Train Loss: 0.02230988058374461, Test Loss: 0.01598853916477631, Inverse Test Loss: 0.0031301562883206367 
2025-06-18 15:23:21,141 INFO: Epoch 146, Train Loss: 0.02225526069488489, Test Loss: 0.016044022583895746, Inverse Test Loss: 0.003155044785029638 
2025-06-18 15:23:25,090 INFO: Epoch 147, Train Loss: 0.02226584575449427, Test Loss: 0.016144072006949606, Inverse Test Loss: 0.0031824356290813096 
2025-06-18 15:23:29,043 INFO: Epoch 148, Train Loss: 0.02225655220646524, Test Loss: 0.01598906425266143, Inverse Test Loss: 0.003156479379600462 
2025-06-18 15:23:32,997 INFO: Epoch 149, Train Loss: 0.02220566508317874, Test Loss: 0.01614672286600313, Inverse Test Loss: 0.003187113710309324 
2025-06-18 15:23:36,921 INFO: Epoch 150, Train Loss: 0.022203054568363412, Test Loss: 0.015911739744136438, Inverse Test Loss: 0.0031232294619686026 
2025-06-18 15:23:40,757 INFO: Epoch 151, Train Loss: 0.022041645151506545, Test Loss: 0.01614553315619774, Inverse Test Loss: 0.003188237313331817 
2025-06-18 15:23:44,617 INFO: Epoch 152, Train Loss: 0.022260248121297496, Test Loss: 0.015949890688609553, Inverse Test Loss: 0.003126449081772829 
2025-06-18 15:23:48,443 INFO: Epoch 153, Train Loss: 0.022049527982193413, Test Loss: 0.016330781255793923, Inverse Test Loss: 0.003226902222890845 
2025-06-18 15:23:52,304 INFO: Epoch 154, Train Loss: 0.0219459304423777, Test Loss: 0.0161048763376825, Inverse Test Loss: 0.0031862503811306156 
2025-06-18 15:23:56,268 INFO: Epoch 155, Train Loss: 0.0221154230459819, Test Loss: 0.015895840547540608, Inverse Test Loss: 0.003117295290233896 
2025-06-18 15:24:00,321 INFO: Epoch 156, Train Loss: 0.022170066438389546, Test Loss: 0.01594991102705107, Inverse Test Loss: 0.00314220879398122 
2025-06-18 15:24:04,162 INFO: Epoch 157, Train Loss: 0.02203327515973907, Test Loss: 0.01604218954932602, Inverse Test Loss: 0.0031742694589090258 
2025-06-18 15:24:07,983 INFO: Epoch 158, Train Loss: 0.022029993798103973, Test Loss: 0.015863721327417913, Inverse Test Loss: 0.003120013569166665 
2025-06-18 15:24:11,866 INFO: Epoch 159, Train Loss: 0.022047280358630374, Test Loss: 0.015867454273735777, Inverse Test Loss: 0.0031198164557709415 
2025-06-18 15:24:15,666 INFO: Epoch 160, Train Loss: 0.022210482963022183, Test Loss: 0.01603509046082549, Inverse Test Loss: 0.003169162866577287 
2025-06-18 15:24:19,604 INFO: Epoch 161, Train Loss: 0.022241176095452498, Test Loss: 0.015874277005958205, Inverse Test Loss: 0.0031271298819988526 
2025-06-18 15:24:23,527 INFO: Epoch 162, Train Loss: 0.02215045055191061, Test Loss: 0.01593506332103382, Inverse Test Loss: 0.0031159479318268817 
2025-06-18 15:24:27,428 INFO: Epoch 163, Train Loss: 0.022008694041605024, Test Loss: 0.015849042601664278, Inverse Test Loss: 0.0031235699459691256 
2025-06-18 15:24:31,267 INFO: Epoch 164, Train Loss: 0.022141449012313828, Test Loss: 0.015830867745749214, Inverse Test Loss: 0.0031107772306046065 
2025-06-18 15:24:35,111 INFO: Epoch 165, Train Loss: 0.02195355978752063, Test Loss: 0.015883252901189467, Inverse Test Loss: 0.0031340868599192403 
2025-06-18 15:24:39,035 INFO: Epoch 166, Train Loss: 0.02200460769447752, Test Loss: 0.01590340266771176, Inverse Test Loss: 0.0031436023401671693 
2025-06-18 15:24:43,016 INFO: Epoch 167, Train Loss: 0.022123994397451028, Test Loss: 0.016085697516032, Inverse Test Loss: 0.003172385198173716 
2025-06-18 15:24:47,016 INFO: Epoch 168, Train Loss: 0.022010870831736334, Test Loss: 0.016058992471217233, Inverse Test Loss: 0.0031736263430074733 
2025-06-18 15:24:50,975 INFO: Epoch 169, Train Loss: 0.022031381514600733, Test Loss: 0.01584904601194841, Inverse Test Loss: 0.0031212608959964093 
2025-06-18 15:24:54,953 INFO: Epoch 170, Train Loss: 0.022600275937072707, Test Loss: 0.0158253460574676, Inverse Test Loss: 0.0031142681528923705 
2025-06-18 15:24:58,833 INFO: Epoch 171, Train Loss: 0.021917036752160075, Test Loss: 0.015926382901585278, Inverse Test Loss: 0.003143353497280794 
2025-06-18 15:25:02,715 INFO: Epoch 172, Train Loss: 0.02195492372706984, Test Loss: 0.01585706104250515, Inverse Test Loss: 0.0031146427637020893 
2025-06-18 15:25:06,627 INFO: Epoch 173, Train Loss: 0.022015543047790274, Test Loss: 0.01582874363178716, Inverse Test Loss: 0.003121975689496407 
2025-06-18 15:25:10,444 INFO: Epoch 174, Train Loss: 0.02191211488874008, Test Loss: 0.01580794677412247, Inverse Test Loss: 0.0031070610087173167 
2025-06-18 15:25:14,420 INFO: Epoch 175, Train Loss: 0.022118776334647202, Test Loss: 0.015874737120397827, Inverse Test Loss: 0.003132656480267863 
2025-06-18 15:25:18,358 INFO: Epoch 176, Train Loss: 0.021864788592651938, Test Loss: 0.01593251989277847, Inverse Test Loss: 0.00312518428922083 
2025-06-18 15:25:22,206 INFO: Epoch 177, Train Loss: 0.02206274368235785, Test Loss: 0.015817646485041168, Inverse Test Loss: 0.003111953942981713 
2025-06-18 15:25:26,097 INFO: Epoch 178, Train Loss: 0.021870559176684103, Test Loss: 0.01576352649477913, Inverse Test Loss: 0.003098727500079857 
2025-06-18 15:25:29,946 INFO: Epoch 179, Train Loss: 0.022156792382399242, Test Loss: 0.015865003073807147, Inverse Test Loss: 0.003128320458071197 
2025-06-18 15:25:33,919 INFO: Epoch 180, Train Loss: 0.021895338760011575, Test Loss: 0.015785677810473478, Inverse Test Loss: 0.003105046001591665 
2025-06-18 15:25:37,880 INFO: Epoch 181, Train Loss: 0.022549140771540504, Test Loss: 0.01586600087637849, Inverse Test Loss: 0.003092656156856238 
2025-06-18 15:25:41,854 INFO: Epoch 182, Train Loss: 0.021918496744933003, Test Loss: 0.01574816579437431, Inverse Test Loss: 0.0030951112412902363 
2025-06-18 15:25:45,843 INFO: Epoch 183, Train Loss: 0.02178081007723725, Test Loss: 0.015845531036200768, Inverse Test Loss: 0.003129174350760877 
2025-06-18 15:25:49,846 INFO: Epoch 184, Train Loss: 0.02183961491876592, Test Loss: 0.01579386510831468, Inverse Test Loss: 0.0031044167784891803 
2025-06-18 15:25:53,850 INFO: Epoch 185, Train Loss: 0.021984050762980725, Test Loss: 0.01579473989413065, Inverse Test Loss: 0.003100468054660322 
2025-06-18 15:25:57,712 INFO: Epoch 186, Train Loss: 0.021848011006968038, Test Loss: 0.01580108520027031, Inverse Test Loss: 0.003093484944924164 
2025-06-18 15:26:01,559 INFO: Epoch 187, Train Loss: 0.02187084231638547, Test Loss: 0.015849617570090818, Inverse Test Loss: 0.0031058733447400086 
2025-06-18 15:26:05,459 INFO: Epoch 188, Train Loss: 0.021882289092790223, Test Loss: 0.01579524588990299, Inverse Test Loss: 0.0030953372667735335 
2025-06-18 15:26:09,379 INFO: Epoch 189, Train Loss: 0.021876043248498303, Test Loss: 0.015749129589975756, Inverse Test Loss: 0.003099241879467359 
2025-06-18 15:26:13,279 INFO: Epoch 190, Train Loss: 0.021868971684439617, Test Loss: 0.015782973578418878, Inverse Test Loss: 0.003092960689066197 
2025-06-18 15:26:17,175 INFO: Epoch 191, Train Loss: 0.02196872414259071, Test Loss: 0.01576665897086701, Inverse Test Loss: 0.003087370007586501 
2025-06-18 15:26:21,198 INFO: Epoch 192, Train Loss: 0.021974432790143925, Test Loss: 0.015772066188647467, Inverse Test Loss: 0.0030902131179840688 
2025-06-18 15:26:25,063 INFO: Epoch 193, Train Loss: 0.021984535657490294, Test Loss: 0.015704736921607572, Inverse Test Loss: 0.0030999788141343743 
2025-06-18 15:26:28,981 INFO: Epoch 194, Train Loss: 0.021866759599299367, Test Loss: 0.01578983767232036, Inverse Test Loss: 0.0030941212573773504 
2025-06-18 15:26:32,845 INFO: Epoch 195, Train Loss: 0.021984029363727932, Test Loss: 0.01573277368922444, Inverse Test Loss: 0.0030895829567110494 
2025-06-18 15:26:36,777 INFO: Epoch 196, Train Loss: 0.021774362495775815, Test Loss: 0.01572698087650625, Inverse Test Loss: 0.00309578502064516 
2025-06-18 15:26:40,664 INFO: Epoch 197, Train Loss: 0.02201152888521778, Test Loss: 0.015747874043881893, Inverse Test Loss: 0.003093890698544462 
2025-06-18 15:26:44,574 INFO: Epoch 198, Train Loss: 0.02249507355560182, Test Loss: 0.015728858477600357, Inverse Test Loss: 0.0030928228738690343 
2025-06-18 15:26:48,544 INFO: Epoch 199, Train Loss: 0.0218141824359808, Test Loss: 0.015748735188561326, Inverse Test Loss: 0.0030918459832558736 
2025-06-18 15:26:52,540 INFO: Epoch 200, Train Loss: 0.021998976057423562, Test Loss: 0.01567361751735649, Inverse Test Loss: 0.003084135354797849 
2025-06-18 15:26:52,540 INFO: Best Epoch 200, Best Test Loss: 0.01567361751735649, Inverse Test Loss: 0.003084135354797849 
2025-06-18 15:26:56,571 INFO: Epoch 201, Train Loss: 0.021824357300912114, Test Loss: 0.015678957077291084, Inverse Test Loss: 0.0030913800857139424 
2025-06-18 15:27:00,580 INFO: Epoch 202, Train Loss: 0.021722164936363697, Test Loss: 0.015701917547951725, Inverse Test Loss: 0.0030774137737941652 
2025-06-18 15:27:04,560 INFO: Epoch 203, Train Loss: 0.021905400998410627, Test Loss: 0.015694308327510953, Inverse Test Loss: 0.0030949256906751543 
2025-06-18 15:27:08,466 INFO: Epoch 204, Train Loss: 0.02172494102904404, Test Loss: 0.015781767173286748, Inverse Test Loss: 0.0030921018042135984 
2025-06-18 15:27:12,329 INFO: Epoch 205, Train Loss: 0.021731504757719285, Test Loss: 0.015734016607679865, Inverse Test Loss: 0.0030963066212065958 
2025-06-18 15:27:16,174 INFO: Epoch 206, Train Loss: 0.02193618698440718, Test Loss: 0.015714562278898322, Inverse Test Loss: 0.0030954575032571003 
2025-06-18 15:27:20,208 INFO: Epoch 207, Train Loss: 0.021810646091277402, Test Loss: 0.015725915621527854, Inverse Test Loss: 0.0030940019350964576 
2025-06-18 15:27:24,158 INFO: Epoch 208, Train Loss: 0.021837028473700313, Test Loss: 0.015714750474537995, Inverse Test Loss: 0.00310109685318928 
2025-06-18 15:27:28,048 INFO: Epoch 209, Train Loss: 0.021779297429461483, Test Loss: 0.015740194248364252, Inverse Test Loss: 0.0030879276455380023 
2025-06-18 15:27:32,014 INFO: Epoch 210, Train Loss: 0.021775284875537072, Test Loss: 0.015691048712195718, Inverse Test Loss: 0.0030855888976742897 
2025-06-18 15:27:35,999 INFO: Epoch 211, Train Loss: 0.02184323376312739, Test Loss: 0.015724469154306194, Inverse Test Loss: 0.0030793185664258677 
2025-06-18 15:27:39,884 INFO: Epoch 212, Train Loss: 0.021979105736439426, Test Loss: 0.015739733805222547, Inverse Test Loss: 0.003093823732342571 
2025-06-18 15:27:43,701 INFO: Epoch 213, Train Loss: 0.02173128595688578, Test Loss: 0.015687393955886364, Inverse Test Loss: 0.0030873612935572643 
2025-06-18 15:27:47,462 INFO: Epoch 214, Train Loss: 0.02192315807439048, Test Loss: 0.0157272120773354, Inverse Test Loss: 0.003093678632627844 
2025-06-18 15:27:51,288 INFO: Epoch 215, Train Loss: 0.021925537180240182, Test Loss: 0.015814335701768014, Inverse Test Loss: 0.0031155730984584592 
2025-06-18 15:27:55,132 INFO: Epoch 216, Train Loss: 0.022075926952035814, Test Loss: 0.015825093847096842, Inverse Test Loss: 0.003120580510071972 
2025-06-18 15:27:59,073 INFO: Epoch 217, Train Loss: 0.021751582125117155, Test Loss: 0.01575929839985774, Inverse Test Loss: 0.0030850808252580464 
2025-06-18 15:28:02,996 INFO: Epoch 218, Train Loss: 0.02210540723083823, Test Loss: 0.015739359920296597, Inverse Test Loss: 0.0030894191843210995 
2025-06-18 15:28:06,851 INFO: Epoch 219, Train Loss: 0.021894243503497404, Test Loss: 0.015941631363923934, Inverse Test Loss: 0.003091808261267622 
2025-06-18 15:28:10,710 INFO: Epoch 220, Train Loss: 0.021707499198700218, Test Loss: 0.015703694922301698, Inverse Test Loss: 0.003092625190380632 
2025-06-18 15:28:14,554 INFO: Epoch 221, Train Loss: 0.02200715361819179, Test Loss: 0.01574113340500523, Inverse Test Loss: 0.0030877400645027485 
2025-06-18 15:28:18,473 INFO: Epoch 222, Train Loss: 0.021895272036393482, Test Loss: 0.015840438879368937, Inverse Test Loss: 0.0031295580453896787 
2025-06-18 15:28:22,370 INFO: Epoch 223, Train Loss: 0.021813993638550692, Test Loss: 0.015714284717379248, Inverse Test Loss: 0.003086739498779506 
2025-06-18 15:28:26,270 INFO: Epoch 224, Train Loss: 0.021687799718964732, Test Loss: 0.015756037634085205, Inverse Test Loss: 0.003096254073384711 
2025-06-18 15:28:30,135 INFO: Epoch 225, Train Loss: 0.02162413669848871, Test Loss: 0.015717212699682397, Inverse Test Loss: 0.003086964361821575 
2025-06-18 15:28:34,053 INFO: Epoch 226, Train Loss: 0.02172169990301358, Test Loss: 0.01575872366426184, Inverse Test Loss: 0.00309529818204122 
2025-06-18 15:28:37,973 INFO: Epoch 227, Train Loss: 0.0218183315627164, Test Loss: 0.015717356698587537, Inverse Test Loss: 0.003083917577682501 
2025-06-18 15:28:41,893 INFO: Epoch 228, Train Loss: 0.021714828058258827, Test Loss: 0.015770390807815334, Inverse Test Loss: 0.003114053635406034 
2025-06-18 15:28:45,721 INFO: Epoch 229, Train Loss: 0.021699383569119327, Test Loss: 0.015713646268362507, Inverse Test Loss: 0.003089973413700457 
2025-06-18 15:28:49,562 INFO: Epoch 230, Train Loss: 0.021792268539270895, Test Loss: 0.015712845673346344, Inverse Test Loss: 0.0030882509257507454 
2025-06-18 15:28:53,477 INFO: Epoch 231, Train Loss: 0.021630150340074164, Test Loss: 0.01572444274857202, Inverse Test Loss: 0.003092222085208906 
2025-06-18 15:28:57,378 INFO: Epoch 232, Train Loss: 0.021848573691606747, Test Loss: 0.01580624742542996, Inverse Test Loss: 0.003086549897596021 
2025-06-18 15:29:01,201 INFO: Epoch 233, Train Loss: 0.021922799194175186, Test Loss: 0.01601355955662096, Inverse Test Loss: 0.0031036916188895702 
2025-06-18 15:29:05,049 INFO: Epoch 234, Train Loss: 0.021796031883268646, Test Loss: 0.015700258725487134, Inverse Test Loss: 0.0030914069879252244 
2025-06-18 15:29:08,934 INFO: Epoch 235, Train Loss: 0.02183107701200766, Test Loss: 0.015702134368064648, Inverse Test Loss: 0.0030877857489566155 
2025-06-18 15:29:12,830 INFO: Epoch 236, Train Loss: 0.02171195905380459, Test Loss: 0.015833973035435465, Inverse Test Loss: 0.0031247069829773598 
2025-06-18 15:29:16,679 INFO: Epoch 237, Train Loss: 0.021805666401192095, Test Loss: 0.015746157616376877, Inverse Test Loss: 0.0030921197766849004 
2025-06-18 15:29:20,579 INFO: Epoch 238, Train Loss: 0.021790024154170445, Test Loss: 0.015803627875250054, Inverse Test Loss: 0.003085469991406974 
2025-06-18 15:29:24,621 INFO: Epoch 239, Train Loss: 0.022095403094267982, Test Loss: 0.015766425975872314, Inverse Test Loss: 0.0031106165825964555 
2025-06-18 15:29:28,634 INFO: Epoch 240, Train Loss: 0.021744254644903722, Test Loss: 0.015680174973300275, Inverse Test Loss: 0.0030848030155004166 
2025-06-18 15:29:32,585 INFO: Epoch 241, Train Loss: 0.021815438469109886, Test Loss: 0.015750401187688112, Inverse Test Loss: 0.0030930162842303295 
2025-06-18 15:29:36,498 INFO: Epoch 242, Train Loss: 0.021630449425146886, Test Loss: 0.015763287336620337, Inverse Test Loss: 0.0031081339299870547 
2025-06-18 15:29:40,324 INFO: Epoch 243, Train Loss: 0.021898099962113934, Test Loss: 0.01569056646514903, Inverse Test Loss: 0.0030823552840635836 
2025-06-18 15:29:44,271 INFO: Epoch 244, Train Loss: 0.021663025601865782, Test Loss: 0.015726874801604188, Inverse Test Loss: 0.003094564239932772 
2025-06-18 15:29:48,202 INFO: Epoch 245, Train Loss: 0.021706021253273568, Test Loss: 0.015754086924168992, Inverse Test Loss: 0.003104426167042488 
2025-06-18 15:29:52,040 INFO: Epoch 246, Train Loss: 0.021927189154225882, Test Loss: 0.015745486612157786, Inverse Test Loss: 0.0030915839409263912 
2025-06-18 15:29:55,902 INFO: Epoch 247, Train Loss: 0.022019764038056812, Test Loss: 0.015764443066847676, Inverse Test Loss: 0.0030802247997866396 
2025-06-18 15:29:59,757 INFO: Epoch 248, Train Loss: 0.021767398857539803, Test Loss: 0.015665659078342074, Inverse Test Loss: 0.0030815392126575768 
2025-06-18 15:30:03,690 INFO: Epoch 249, Train Loss: 0.02162636403227225, Test Loss: 0.01577266174204209, Inverse Test Loss: 0.003089095087489113 
2025-06-18 15:30:07,515 INFO: Epoch 250, Train Loss: 0.02181894793951263, Test Loss: 0.015918501597993514, Inverse Test Loss: 0.003093181778882247 
2025-06-18 15:30:11,407 INFO: Epoch 251, Train Loss: 0.021691082814482576, Test Loss: 0.0157984961372088, Inverse Test Loss: 0.0030848057820763 
2025-06-18 15:30:15,221 INFO: Epoch 252, Train Loss: 0.021687792127274653, Test Loss: 0.015759207760257757, Inverse Test Loss: 0.0030884210735915556 
2025-06-18 15:30:19,108 INFO: Epoch 253, Train Loss: 0.021975322887583665, Test Loss: 0.015847842400784, Inverse Test Loss: 0.0030834157797097065 
2025-06-18 15:30:23,006 INFO: Epoch 254, Train Loss: 0.021698751298103933, Test Loss: 0.015848018571405727, Inverse Test Loss: 0.0030906065469881627 
2025-06-18 15:30:26,928 INFO: Epoch 255, Train Loss: 0.021592274844420677, Test Loss: 0.015882498392944828, Inverse Test Loss: 0.003137484552366111 
2025-06-18 15:30:30,850 INFO: Epoch 256, Train Loss: 0.021654401838807673, Test Loss: 0.015778129660140944, Inverse Test Loss: 0.003120707055238788 
2025-06-18 15:30:34,659 INFO: Epoch 257, Train Loss: 0.021713265738181883, Test Loss: 0.01575155553462751, Inverse Test Loss: 0.0030886570662807893 
2025-06-18 15:30:38,483 INFO: Epoch 258, Train Loss: 0.021573485990026682, Test Loss: 0.01577611837316962, Inverse Test Loss: 0.0031134407241445255 
2025-06-18 15:30:42,368 INFO: Epoch 259, Train Loss: 0.021568496933799575, Test Loss: 0.015703501987873632, Inverse Test Loss: 0.0030795064521953464 
2025-06-18 15:30:46,241 INFO: Epoch 260, Train Loss: 0.02168974735435437, Test Loss: 0.015786957064205232, Inverse Test Loss: 0.0030808067497085125 
2025-06-18 15:30:50,202 INFO: Epoch 261, Train Loss: 0.02179184564473954, Test Loss: 0.015845526365891975, Inverse Test Loss: 0.0030904021285309948 
2025-06-18 15:30:54,064 INFO: Epoch 262, Train Loss: 0.02174928734982104, Test Loss: 0.015726295532658696, Inverse Test Loss: 0.0030994151379940484 
2025-06-18 15:30:57,955 INFO: Epoch 263, Train Loss: 0.021758588715315316, Test Loss: 0.015776741934721086, Inverse Test Loss: 0.0030909614031449616 
2025-06-18 15:31:01,794 INFO: Epoch 264, Train Loss: 0.021770911686348194, Test Loss: 0.01572544949457926, Inverse Test Loss: 0.003077726622851675 
2025-06-18 15:31:05,583 INFO: Epoch 265, Train Loss: 0.021996763185597956, Test Loss: 0.01571023854536607, Inverse Test Loss: 0.0030855884166050922 
2025-06-18 15:31:09,492 INFO: Epoch 266, Train Loss: 0.021709541507968395, Test Loss: 0.01568911302670398, Inverse Test Loss: 0.003079268103807836 
2025-06-18 15:31:13,393 INFO: Epoch 267, Train Loss: 0.021562698582949288, Test Loss: 0.01577607187552049, Inverse Test Loss: 0.0030803287723649513 
2025-06-18 15:31:17,483 INFO: Epoch 268, Train Loss: 0.02155681568988119, Test Loss: 0.015706051017760354, Inverse Test Loss: 0.0030966777943403404 
2025-06-18 15:31:21,469 INFO: Epoch 269, Train Loss: 0.021578391276610393, Test Loss: 0.015768950709196573, Inverse Test Loss: 0.003090651553493979 
2025-06-18 15:31:25,380 INFO: Epoch 270, Train Loss: 0.021583649689670314, Test Loss: 0.015808550408110023, Inverse Test Loss: 0.0031322095686953295 
2025-06-18 15:31:29,238 INFO: Epoch 271, Train Loss: 0.021869948835845924, Test Loss: 0.01580156394116142, Inverse Test Loss: 0.0031228032654753942 
2025-06-18 15:31:33,079 INFO: Epoch 272, Train Loss: 0.02153683964967389, Test Loss: 0.01575286249520586, Inverse Test Loss: 0.0030982013267930597 
2025-06-18 15:31:36,885 INFO: Epoch 273, Train Loss: 0.021717732588788778, Test Loss: 0.01570105706067646, Inverse Test Loss: 0.0030794592509183157 
2025-06-18 15:31:40,868 INFO: Epoch 274, Train Loss: 0.021521604775140684, Test Loss: 0.01591116433744045, Inverse Test Loss: 0.003100146462469745 
2025-06-18 15:31:44,725 INFO: Epoch 275, Train Loss: 0.021523921406531536, Test Loss: 0.015830779270104626, Inverse Test Loss: 0.003128671703641029 
2025-06-18 15:31:48,565 INFO: Epoch 276, Train Loss: 0.02170971662483432, Test Loss: 0.015714334995102358, Inverse Test Loss: 0.0030965471112936295 
2025-06-18 15:31:52,390 INFO: Epoch 277, Train Loss: 0.021821565717938498, Test Loss: 0.015722727033254856, Inverse Test Loss: 0.0030927391524207502 
2025-06-18 15:31:56,259 INFO: Epoch 278, Train Loss: 0.02157233665330392, Test Loss: 0.01575914170483456, Inverse Test Loss: 0.0030995170904241282 
2025-06-18 15:32:00,084 INFO: Epoch 279, Train Loss: 0.021527889223458867, Test Loss: 0.01571026154081611, Inverse Test Loss: 0.0030988439136896938 
2025-06-18 15:32:03,913 INFO: Epoch 280, Train Loss: 0.021572422384369103, Test Loss: 0.01582476222778068, Inverse Test Loss: 0.0031282141743063487 
2025-06-18 15:32:07,778 INFO: Epoch 281, Train Loss: 0.021604118565323228, Test Loss: 0.015732526587431923, Inverse Test Loss: 0.003072320394601454 
2025-06-18 15:32:11,672 INFO: Epoch 282, Train Loss: 0.021593911527430242, Test Loss: 0.01573079510811059, Inverse Test Loss: 0.0031087657741462704 
2025-06-18 15:32:15,615 INFO: Epoch 283, Train Loss: 0.02153129456564784, Test Loss: 0.01574483868556426, Inverse Test Loss: 0.0031022859963259716 
2025-06-18 15:32:19,489 INFO: Epoch 284, Train Loss: 0.02176829631031124, Test Loss: 0.01573967473471866, Inverse Test Loss: 0.003087857049917254 
2025-06-18 15:32:23,339 INFO: Epoch 285, Train Loss: 0.021500066227886375, Test Loss: 0.015801993020645836, Inverse Test Loss: 0.003096352543627076 
2025-06-18 15:32:27,250 INFO: Epoch 286, Train Loss: 0.021793169572695413, Test Loss: 0.015791636275346663, Inverse Test Loss: 0.0030850983457639813 
2025-06-18 15:32:31,075 INFO: Epoch 287, Train Loss: 0.02152375103623578, Test Loss: 0.015775889966308194, Inverse Test Loss: 0.0030909220016944934 
2025-06-18 15:32:34,938 INFO: Epoch 288, Train Loss: 0.021564975924169023, Test Loss: 0.015705856987658667, Inverse Test Loss: 0.0030920463682645384 
2025-06-18 15:32:38,807 INFO: Epoch 289, Train Loss: 0.02167725415237135, Test Loss: 0.01569766173248782, Inverse Test Loss: 0.003092581164845101 
2025-06-18 15:32:42,614 INFO: Epoch 290, Train Loss: 0.021491689685111243, Test Loss: 0.01572622186230386, Inverse Test Loss: 0.0030936724797356874 
2025-06-18 15:32:46,462 INFO: Epoch 291, Train Loss: 0.02150265933155562, Test Loss: 0.015809724312823487, Inverse Test Loss: 0.00308587248197428 
2025-06-18 15:32:50,294 INFO: Epoch 292, Train Loss: 0.02186824867473633, Test Loss: 0.015700839925557375, Inverse Test Loss: 0.0030940013598678086 
2025-06-18 15:32:54,173 INFO: Epoch 293, Train Loss: 0.02165060803280071, Test Loss: 0.015871768872089246, Inverse Test Loss: 0.003097173632875852 
2025-06-18 15:32:58,067 INFO: Epoch 294, Train Loss: 0.021692261533727022, Test Loss: 0.015716253478518304, Inverse Test Loss: 0.0030846031731925905 
2025-06-18 15:33:01,914 INFO: Epoch 295, Train Loss: 0.021947843294280272, Test Loss: 0.015760639367405984, Inverse Test Loss: 0.0030821630053276964 
2025-06-18 15:33:05,819 INFO: Epoch 296, Train Loss: 0.02187581666900466, Test Loss: 0.015748422099825216, Inverse Test Loss: 0.003097746437347001 
2025-06-18 15:33:09,754 INFO: Epoch 297, Train Loss: 0.02180009006494374, Test Loss: 0.015690794913098216, Inverse Test Loss: 0.0030836919562288504 
2025-06-18 15:33:13,681 INFO: Epoch 298, Train Loss: 0.021465673121962358, Test Loss: 0.015722208122229752, Inverse Test Loss: 0.003110357977942947 
2025-06-18 15:33:17,540 INFO: Epoch 299, Train Loss: 0.022248630870528745, Test Loss: 0.015899097971508607, Inverse Test Loss: 0.0031399934874464046 
2025-06-18 15:33:21,515 INFO: Epoch 300, Train Loss: 0.021682709226187206, Test Loss: 0.015760516761528218, Inverse Test Loss: 0.0030820439038935173 
2025-06-18 15:33:21,515 INFO: Best Epoch 248, Best Test Loss: 0.015665659078342074, Inverse Test Loss: 0.0030815392126575768 
2025-06-18 15:33:25,389 INFO: Epoch 301, Train Loss: 0.022003342863172293, Test Loss: 0.01575700192273978, Inverse Test Loss: 0.0030811702719588272 
2025-06-18 15:33:29,249 INFO: Epoch 302, Train Loss: 0.02154381195732364, Test Loss: 0.015982703004470643, Inverse Test Loss: 0.003101907843408887 
2025-06-18 15:33:33,248 INFO: Epoch 303, Train Loss: 0.02188851038050471, Test Loss: 0.01576821364955429, Inverse Test Loss: 0.003084575824151911 
2025-06-18 15:33:37,198 INFO: Epoch 304, Train Loss: 0.021817042457052703, Test Loss: 0.015828226624494967, Inverse Test Loss: 0.0030889992622713395 
2025-06-18 15:33:41,112 INFO: Epoch 305, Train Loss: 0.02151041783773425, Test Loss: 0.015692605883540475, Inverse Test Loss: 0.0030977186157970745 
2025-06-18 15:33:44,990 INFO: Epoch 306, Train Loss: 0.021482224219873773, Test Loss: 0.01603194193311912, Inverse Test Loss: 0.003173640083439429 
2025-06-18 15:33:48,902 INFO: Epoch 307, Train Loss: 0.02150987249192302, Test Loss: 0.015718198997680757, Inverse Test Loss: 0.003103856519480948 
2025-06-18 15:33:52,792 INFO: Epoch 308, Train Loss: 0.02144511274033875, Test Loss: 0.015724777517949835, Inverse Test Loss: 0.003090536643011386 
2025-06-18 15:33:56,708 INFO: Epoch 309, Train Loss: 0.021424360174657493, Test Loss: 0.015713669140549266, Inverse Test Loss: 0.003085979784373194 
2025-06-18 15:34:00,719 INFO: Epoch 310, Train Loss: 0.021445679238461184, Test Loss: 0.015721224481239915, Inverse Test Loss: 0.0030929387208101723 
2025-06-18 15:34:04,636 INFO: Epoch 311, Train Loss: 0.02166483605943733, Test Loss: 0.01584240318933392, Inverse Test Loss: 0.003089991134509225 
2025-06-18 15:34:08,541 INFO: Epoch 312, Train Loss: 0.021590678716275954, Test Loss: 0.015933591379400563, Inverse Test Loss: 0.003106774661265423 
2025-06-18 15:34:12,563 INFO: Epoch 313, Train Loss: 0.021438405164658572, Test Loss: 0.015741827555329484, Inverse Test Loss: 0.0030784844506449778 
2025-06-18 15:34:16,573 INFO: Epoch 314, Train Loss: 0.02156016654793568, Test Loss: 0.015700626502032664, Inverse Test Loss: 0.003091136664699982 
2025-06-18 15:34:20,639 INFO: Epoch 315, Train Loss: 0.02150700595864857, Test Loss: 0.01577419595902457, Inverse Test Loss: 0.0031115393195410863 
2025-06-18 15:34:24,539 INFO: Epoch 316, Train Loss: 0.022188023473559457, Test Loss: 0.015752304769942865, Inverse Test Loss: 0.0030854949659174856 
2025-06-18 15:34:28,404 INFO: Epoch 317, Train Loss: 0.021611162859974713, Test Loss: 0.015729074352694786, Inverse Test Loss: 0.0030846914245664853 
2025-06-18 15:34:32,403 INFO: Epoch 318, Train Loss: 0.021514556871614222, Test Loss: 0.01575277400586535, Inverse Test Loss: 0.0030882927787709326 
2025-06-18 15:34:36,341 INFO: Epoch 319, Train Loss: 0.02157114453571425, Test Loss: 0.015866607893258333, Inverse Test Loss: 0.0030914279803469337 
2025-06-18 15:34:40,229 INFO: Epoch 320, Train Loss: 0.021556610943551994, Test Loss: 0.015746296766926262, Inverse Test Loss: 0.00309611829374369 
2025-06-18 15:34:44,085 INFO: Epoch 321, Train Loss: 0.021627284376529242, Test Loss: 0.015690312036039197, Inverse Test Loss: 0.0030837834073121056 
2025-06-18 15:34:48,063 INFO: Epoch 322, Train Loss: 0.021598188852129333, Test Loss: 0.015809533021905842, Inverse Test Loss: 0.003090699819628807 
2025-06-18 15:34:51,958 INFO: Epoch 323, Train Loss: 0.021843799324635642, Test Loss: 0.015814533785862082, Inverse Test Loss: 0.003090266999446184 
2025-06-18 15:34:55,926 INFO: Epoch 324, Train Loss: 0.02159570550694215, Test Loss: 0.01575293780907112, Inverse Test Loss: 0.0031081961300087105 
2025-06-18 15:34:59,772 INFO: Epoch 325, Train Loss: 0.0214912629135969, Test Loss: 0.015726366189911085, Inverse Test Loss: 0.0030967331840656698 
2025-06-18 15:35:03,767 INFO: Epoch 326, Train Loss: 0.02139282508781462, Test Loss: 0.015709280241828633, Inverse Test Loss: 0.00308881769716904 
2025-06-18 15:35:07,715 INFO: Epoch 327, Train Loss: 0.021416281678036532, Test Loss: 0.01570184761658311, Inverse Test Loss: 0.003079033501254504 
2025-06-18 15:35:11,659 INFO: Epoch 328, Train Loss: 0.021425928595955625, Test Loss: 0.015693188850384426, Inverse Test Loss: 0.0030966471993665702 
2025-06-18 15:35:15,528 INFO: Epoch 329, Train Loss: 0.021370579696711942, Test Loss: 0.01570998159620692, Inverse Test Loss: 0.00308265770538984 
2025-06-18 15:35:19,401 INFO: Epoch 330, Train Loss: 0.021365479137536815, Test Loss: 0.015769468278021496, Inverse Test Loss: 0.003116829242036842 
2025-06-18 15:35:23,300 INFO: Epoch 331, Train Loss: 0.0215879440498115, Test Loss: 0.015737091834821245, Inverse Test Loss: 0.003093817036749576 
2025-06-18 15:35:27,247 INFO: Epoch 332, Train Loss: 0.02138730699450455, Test Loss: 0.01568777341505184, Inverse Test Loss: 0.003092297411058098 
2025-06-18 15:35:31,184 INFO: Epoch 333, Train Loss: 0.021484049534509806, Test Loss: 0.015737170339835918, Inverse Test Loss: 0.0030805392016191036 
2025-06-18 15:35:35,186 INFO: Epoch 334, Train Loss: 0.02146349165757949, Test Loss: 0.015872022945105153, Inverse Test Loss: 0.0030886387839392923 
2025-06-18 15:35:39,064 INFO: Epoch 335, Train Loss: 0.0213709872420595, Test Loss: 0.015696494045722133, Inverse Test Loss: 0.003093286937869647 
2025-06-18 15:35:42,968 INFO: Epoch 336, Train Loss: 0.021430010399357838, Test Loss: 0.015709263793028453, Inverse Test Loss: 0.0030866750765947953 
2025-06-18 15:35:46,812 INFO: Epoch 337, Train Loss: 0.02145818281904653, Test Loss: 0.015719070879961636, Inverse Test Loss: 0.0030827707446673337 
2025-06-18 15:35:50,709 INFO: Epoch 338, Train Loss: 0.021958810510113835, Test Loss: 0.015740761793602037, Inverse Test Loss: 0.003100311880082111 
2025-06-18 15:35:54,609 INFO: Epoch 339, Train Loss: 0.02149518769742413, Test Loss: 0.01621455919709714, Inverse Test Loss: 0.0031277637754101306 
2025-06-18 15:35:58,517 INFO: Epoch 340, Train Loss: 0.021419558487127, Test Loss: 0.015698088428882116, Inverse Test Loss: 0.003086844988180982 
2025-06-18 15:36:02,332 INFO: Epoch 341, Train Loss: 0.021477613273556486, Test Loss: 0.015854300958487916, Inverse Test Loss: 0.0031297276043059197 
2025-06-18 15:36:06,145 INFO: Epoch 342, Train Loss: 0.02137645889976711, Test Loss: 0.015701471375958884, Inverse Test Loss: 0.0030901445767513532 
2025-06-18 15:36:09,982 INFO: Epoch 343, Train Loss: 0.021320563561113722, Test Loss: 0.01586484013344435, Inverse Test Loss: 0.0030951826877700273 
2025-06-18 15:36:13,846 INFO: Epoch 344, Train Loss: 0.021351484179666095, Test Loss: 0.01570920038091786, Inverse Test Loss: 0.003086591824231779 
2025-06-18 15:36:17,691 INFO: Epoch 345, Train Loss: 0.022253506693452822, Test Loss: 0.015839423094054356, Inverse Test Loss: 0.0030902188548626486 
2025-06-18 15:36:21,440 INFO: Epoch 346, Train Loss: 0.021366621071303434, Test Loss: 0.015754838843884712, Inverse Test Loss: 0.0031002003473558407 
2025-06-18 15:36:25,253 INFO: Epoch 347, Train Loss: 0.02146285558189971, Test Loss: 0.015740705599241397, Inverse Test Loss: 0.003087946819826303 
2025-06-18 15:36:29,160 INFO: Epoch 348, Train Loss: 0.021319691158802896, Test Loss: 0.01576299487394007, Inverse Test Loss: 0.003085601929342374 
2025-06-18 15:36:33,040 INFO: Epoch 349, Train Loss: 0.021424657435890174, Test Loss: 0.01579204241416472, Inverse Test Loss: 0.0031158353291068446 
2025-06-18 15:36:36,949 INFO: Epoch 350, Train Loss: 0.021758703596071537, Test Loss: 0.015789523077033022, Inverse Test Loss: 0.0030876931046163116 
2025-06-18 15:36:40,786 INFO: Epoch 351, Train Loss: 0.021389535351331826, Test Loss: 0.015704644857631886, Inverse Test Loss: 0.003083904350847554 
2025-06-18 15:36:44,711 INFO: Epoch 352, Train Loss: 0.021361934425041192, Test Loss: 0.015876841717673576, Inverse Test Loss: 0.003137083606013809 
2025-06-18 15:36:48,617 INFO: Epoch 353, Train Loss: 0.021633154299872167, Test Loss: 0.01594481273444698, Inverse Test Loss: 0.003100107150042758 
2025-06-18 15:36:52,490 INFO: Epoch 354, Train Loss: 0.02128062055051101, Test Loss: 0.015742714886608368, Inverse Test Loss: 0.003093001591931919 
2025-06-18 15:36:56,484 INFO: Epoch 355, Train Loss: 0.021343390979437216, Test Loss: 0.015724239432636428, Inverse Test Loss: 0.0030922163192264956 
2025-06-18 15:37:00,449 INFO: Epoch 356, Train Loss: 0.021748571102789632, Test Loss: 0.015726132838822463, Inverse Test Loss: 0.003093960804536062 
2025-06-18 15:37:04,388 INFO: Epoch 357, Train Loss: 0.021343277532706095, Test Loss: 0.015776478795005995, Inverse Test Loss: 0.003101351561353487 
2025-06-18 15:37:08,384 INFO: Epoch 358, Train Loss: 0.021500714290816562, Test Loss: 0.015767079504097208, Inverse Test Loss: 0.0031083030728897188 
2025-06-18 15:37:12,294 INFO: Epoch 359, Train Loss: 0.02151142410002649, Test Loss: 0.01580368249457987, Inverse Test Loss: 0.00308881387429531 
2025-06-18 15:37:16,197 INFO: Epoch 360, Train Loss: 0.02146831729138891, Test Loss: 0.015857279697871384, Inverse Test Loss: 0.0030913744258749135 
2025-06-18 15:37:20,091 INFO: Epoch 361, Train Loss: 0.021432478079628763, Test Loss: 0.015714215895380166, Inverse Test Loss: 0.00308358486954068 
2025-06-18 15:37:23,994 INFO: Epoch 362, Train Loss: 0.021308905900117348, Test Loss: 0.015717997174600467, Inverse Test Loss: 0.0030886994003701735 
2025-06-18 15:37:27,854 INFO: Epoch 363, Train Loss: 0.021283257851433573, Test Loss: 0.01575147404390223, Inverse Test Loss: 0.0031155083218918126 
2025-06-18 15:37:31,774 INFO: Epoch 364, Train Loss: 0.021388588713086916, Test Loss: 0.015706524403546664, Inverse Test Loss: 0.0030964160070973724 
2025-06-18 15:37:35,675 INFO: Epoch 365, Train Loss: 0.021352433123287152, Test Loss: 0.015819438212715527, Inverse Test Loss: 0.0030839699166416027 
2025-06-18 15:37:39,526 INFO: Epoch 366, Train Loss: 0.02128127512211601, Test Loss: 0.01572123616385986, Inverse Test Loss: 0.003088904299896539 
2025-06-18 15:37:43,451 INFO: Epoch 367, Train Loss: 0.021319156823058922, Test Loss: 0.015754506813690942, Inverse Test Loss: 0.0030876054318950455 
2025-06-18 15:37:47,349 INFO: Epoch 368, Train Loss: 0.021297618796145827, Test Loss: 0.015799993238247493, Inverse Test Loss: 0.0030904611767790116 
2025-06-18 15:37:51,302 INFO: Epoch 369, Train Loss: 0.021470322873386922, Test Loss: 0.015775236835264984, Inverse Test Loss: 0.0031156445911619812 
2025-06-18 15:37:55,246 INFO: Epoch 370, Train Loss: 0.022269524150584457, Test Loss: 0.015921566238188568, Inverse Test Loss: 0.0031503534221829954 
2025-06-18 15:37:59,173 INFO: Epoch 371, Train Loss: 0.021446257854360298, Test Loss: 0.015720628927845287, Inverse Test Loss: 0.003086751787443919 
2025-06-18 15:38:02,996 INFO: Epoch 372, Train Loss: 0.02149208520793102, Test Loss: 0.015782233615241507, Inverse Test Loss: 0.003119297414634596 
2025-06-18 15:38:06,839 INFO: Epoch 373, Train Loss: 0.02159731939195119, Test Loss: 0.015716983293018797, Inverse Test Loss: 0.0030844398750238776 
2025-06-18 15:38:10,675 INFO: Epoch 374, Train Loss: 0.021561950332287586, Test Loss: 0.015814476454740062, Inverse Test Loss: 0.003094299357411835 
2025-06-18 15:38:14,636 INFO: Epoch 375, Train Loss: 0.021481006229860766, Test Loss: 0.015902188264162224, Inverse Test Loss: 0.003105059011003879 
2025-06-18 15:38:18,472 INFO: Epoch 376, Train Loss: 0.021447772562334485, Test Loss: 0.015706158900523886, Inverse Test Loss: 0.0030910965031259417 
2025-06-18 15:38:22,309 INFO: Epoch 377, Train Loss: 0.021415933257561515, Test Loss: 0.015718644443789825, Inverse Test Loss: 0.003095157937530209 
2025-06-18 15:38:26,175 INFO: Epoch 378, Train Loss: 0.02145740983542055, Test Loss: 0.015708673170165104, Inverse Test Loss: 0.003090147699421162 
2025-06-18 15:38:30,065 INFO: Epoch 379, Train Loss: 0.021241290932239004, Test Loss: 0.01578362540834967, Inverse Test Loss: 0.003109723885940826 
2025-06-18 15:38:33,969 INFO: Epoch 380, Train Loss: 0.021397812852889976, Test Loss: 0.01579311117529869, Inverse Test Loss: 0.0031115327728912234 
2025-06-18 15:38:37,828 INFO: Epoch 381, Train Loss: 0.0212975135955, Test Loss: 0.01577577948131982, Inverse Test Loss: 0.0031134287727421477 
2025-06-18 15:38:41,774 INFO: Epoch 382, Train Loss: 0.021461671585160675, Test Loss: 0.015763519920737427, Inverse Test Loss: 0.003088001935633228 
2025-06-18 15:38:45,684 INFO: Epoch 383, Train Loss: 0.02146508663920968, Test Loss: 0.015749551232575494, Inverse Test Loss: 0.0030885346966576487 
2025-06-18 15:38:49,520 INFO: Epoch 384, Train Loss: 0.02138058708585573, Test Loss: 0.015854537336374906, Inverse Test Loss: 0.003128818897119559 
2025-06-18 15:38:53,280 INFO: Epoch 385, Train Loss: 0.02147497896062718, Test Loss: 0.015752314904923823, Inverse Test Loss: 0.003104110527441234 
2025-06-18 15:38:57,198 INFO: Epoch 386, Train Loss: 0.021499725386754355, Test Loss: 0.015731851940098053, Inverse Test Loss: 0.0030950358161456228 
2025-06-18 15:39:01,130 INFO: Epoch 387, Train Loss: 0.021645271621475167, Test Loss: 0.015767973518985158, Inverse Test Loss: 0.003092569754431572 
2025-06-18 15:39:05,051 INFO: Epoch 388, Train Loss: 0.021346710812808437, Test Loss: 0.015778245061964673, Inverse Test Loss: 0.00309388992814895 
2025-06-18 15:39:08,881 INFO: Epoch 389, Train Loss: 0.021322332086239123, Test Loss: 0.015820589751991278, Inverse Test Loss: 0.0030871132090824712 
2025-06-18 15:39:12,725 INFO: Epoch 390, Train Loss: 0.021296323876771512, Test Loss: 0.015755810857038286, Inverse Test Loss: 0.0030930559116634816 
2025-06-18 15:39:16,576 INFO: Epoch 391, Train Loss: 0.021226483725265345, Test Loss: 0.015750295345616692, Inverse Test Loss: 0.003094106231240884 
2025-06-18 15:39:20,431 INFO: Epoch 392, Train Loss: 0.02120037099247742, Test Loss: 0.01579766975277487, Inverse Test Loss: 0.0031201634333496366 
2025-06-18 15:39:24,347 INFO: Epoch 393, Train Loss: 0.021203673180108042, Test Loss: 0.015739728765123907, Inverse Test Loss: 0.0030965621357181053 
2025-06-18 15:39:28,242 INFO: Epoch 394, Train Loss: 0.021235503411541384, Test Loss: 0.015797938316074366, Inverse Test Loss: 0.003107328252072501 
2025-06-18 15:39:32,127 INFO: Epoch 395, Train Loss: 0.021248529040762645, Test Loss: 0.015824045314837026, Inverse Test Loss: 0.003097485810833271 
2025-06-18 15:39:36,025 INFO: Epoch 396, Train Loss: 0.021634371575518428, Test Loss: 0.015794711584663567, Inverse Test Loss: 0.0031076994183582857 
2025-06-18 15:39:39,960 INFO: Epoch 397, Train Loss: 0.021292494962725676, Test Loss: 0.01586544221979292, Inverse Test Loss: 0.0031263838652247455 
2025-06-18 15:39:44,054 INFO: Epoch 398, Train Loss: 0.021305185590983565, Test Loss: 0.015990017940673756, Inverse Test Loss: 0.003105782100807547 
2025-06-18 15:39:48,097 INFO: Epoch 399, Train Loss: 0.02121318280908533, Test Loss: 0.01575511083116426, Inverse Test Loss: 0.003103800052913892 
2025-06-18 15:39:52,020 INFO: Epoch 400, Train Loss: 0.02134357929356735, Test Loss: 0.015817871960975668, Inverse Test Loss: 0.003099782868315849 
2025-06-18 15:39:52,021 INFO: Best Epoch 248, Best Test Loss: 0.015665659078342074, Inverse Test Loss: 0.0030815392126575768 
