2025-01-09 14:07:03,175 INFO: namespace(depth=2, name='simple_KAN') 
2025-01-09 14:07:03,175 INFO: Dataset:winequality 
2025-01-09 14:07:03,175 INFO: ------Begin Training Model------ 
2025-01-09 14:07:05,207 INFO: Epoch 1, Train Loss: 1.0648639259799835, Test Loss: 0.9866335242986679, Inverse Test Loss: 0.09807119518518448 
2025-01-09 14:07:05,270 INFO: Epoch 2, Train Loss: 1.0193703578364464, Test Loss: 0.9536181092262268, Inverse Test Loss: 0.09289935231208801 
2025-01-09 14:07:05,337 INFO: Epoch 3, Train Loss: 0.983406618718178, Test Loss: 0.9282863438129425, Inverse Test Loss: 0.08921080827713013 
2025-01-09 14:07:05,411 INFO: Epoch 4, Train Loss: 0.9535106747381149, Test Loss: 0.9085863754153252, Inverse Test Loss: 0.08651520311832428 
2025-01-09 14:07:05,476 INFO: Epoch 5, Train Loss: 0.9314345852021249, Test Loss: 0.8926818519830704, Inverse Test Loss: 0.08463525027036667 
2025-01-09 14:07:05,540 INFO: Epoch 6, Train Loss: 0.9095004297071888, Test Loss: 0.8796271607279778, Inverse Test Loss: 0.08330823481082916 
2025-01-09 14:07:05,606 INFO: Epoch 7, Train Loss: 0.8895888174733808, Test Loss: 0.8690920770168304, Inverse Test Loss: 0.08229001611471176 
2025-01-09 14:07:05,673 INFO: Epoch 8, Train Loss: 0.8765260904066025, Test Loss: 0.8609132096171379, Inverse Test Loss: 0.08159446716308594 
2025-01-09 14:07:05,742 INFO: Epoch 9, Train Loss: 0.8616710497486976, Test Loss: 0.8545455634593964, Inverse Test Loss: 0.08105167746543884 
2025-01-09 14:07:05,808 INFO: Epoch 10, Train Loss: 0.8530090566604368, Test Loss: 0.8498171344399452, Inverse Test Loss: 0.08061767369508743 
2025-01-09 14:07:05,875 INFO: Epoch 11, Train Loss: 0.8459415512700235, Test Loss: 0.8456132933497429, Inverse Test Loss: 0.08027685433626175 
2025-01-09 14:07:05,941 INFO: Epoch 12, Train Loss: 0.8396632209900887, Test Loss: 0.8428742662072182, Inverse Test Loss: 0.07995310425758362 
2025-01-09 14:07:06,004 INFO: Epoch 13, Train Loss: 0.8353018260771229, Test Loss: 0.8407447338104248, Inverse Test Loss: 0.07988465577363968 
2025-01-09 14:07:06,069 INFO: Epoch 14, Train Loss: 0.8322087026411488, Test Loss: 0.8389078825712204, Inverse Test Loss: 0.07956419140100479 
2025-01-09 14:07:06,133 INFO: Epoch 15, Train Loss: 0.8267979487296073, Test Loss: 0.8368017226457596, Inverse Test Loss: 0.07950804382562637 
2025-01-09 14:07:06,202 INFO: Epoch 16, Train Loss: 0.8228861362703385, Test Loss: 0.8354849591851234, Inverse Test Loss: 0.07928537577390671 
2025-01-09 14:07:06,266 INFO: Epoch 17, Train Loss: 0.8207226664789261, Test Loss: 0.833981990814209, Inverse Test Loss: 0.07907408475875854 
2025-01-09 14:07:06,330 INFO: Epoch 18, Train Loss: 0.8193383909040882, Test Loss: 0.8328346982598305, Inverse Test Loss: 0.07910821586847305 
2025-01-09 14:07:06,394 INFO: Epoch 19, Train Loss: 0.8158999931427741, Test Loss: 0.8316256403923035, Inverse Test Loss: 0.07904458791017532 
2025-01-09 14:07:06,467 INFO: Epoch 20, Train Loss: 0.8154460807000438, Test Loss: 0.8302059695124626, Inverse Test Loss: 0.0789371058344841 
2025-01-09 14:07:06,534 INFO: Epoch 21, Train Loss: 0.8149620506071276, Test Loss: 0.8290943577885628, Inverse Test Loss: 0.07889781892299652 
2025-01-09 14:07:06,598 INFO: Epoch 22, Train Loss: 0.8129260501553935, Test Loss: 0.8283063322305679, Inverse Test Loss: 0.07866917550563812 
2025-01-09 14:07:06,661 INFO: Epoch 23, Train Loss: 0.8126623803569425, Test Loss: 0.827105700969696, Inverse Test Loss: 0.07871191948652267 
2025-01-09 14:07:06,731 INFO: Epoch 24, Train Loss: 0.8129326258936236, Test Loss: 0.8266341537237167, Inverse Test Loss: 0.07869307696819305 
2025-01-09 14:07:06,797 INFO: Epoch 25, Train Loss: 0.811389934632086, Test Loss: 0.8253632336854935, Inverse Test Loss: 0.07837016135454178 
2025-01-09 14:07:06,860 INFO: Epoch 26, Train Loss: 0.810741618756325, Test Loss: 0.8241968378424644, Inverse Test Loss: 0.0783509761095047 
2025-01-09 14:07:06,925 INFO: Epoch 27, Train Loss: 0.8086840414231823, Test Loss: 0.8239824026823044, Inverse Test Loss: 0.07843794673681259 
2025-01-09 14:07:06,994 INFO: Epoch 28, Train Loss: 0.8091600844936986, Test Loss: 0.8225090876221657, Inverse Test Loss: 0.07831734418869019 
2025-01-09 14:07:07,060 INFO: Epoch 29, Train Loss: 0.8069113896739099, Test Loss: 0.8227028399705887, Inverse Test Loss: 0.0782322883605957 
2025-01-09 14:07:07,124 INFO: Epoch 30, Train Loss: 0.8084794898186961, Test Loss: 0.8216597065329552, Inverse Test Loss: 0.07819683849811554 
2025-01-09 14:07:07,188 INFO: Epoch 31, Train Loss: 0.8061568986984992, Test Loss: 0.8216360509395599, Inverse Test Loss: 0.07803508639335632 
2025-01-09 14:07:07,258 INFO: Epoch 32, Train Loss: 0.8040093721881989, Test Loss: 0.8206103667616844, Inverse Test Loss: 0.07811060547828674 
2025-01-09 14:07:07,324 INFO: Epoch 33, Train Loss: 0.80704515980136, Test Loss: 0.8202902600169182, Inverse Test Loss: 0.07813560962677002 
2025-01-09 14:07:07,388 INFO: Epoch 34, Train Loss: 0.8068866691281719, Test Loss: 0.8198612630367279, Inverse Test Loss: 0.07798659801483154 
2025-01-09 14:07:07,452 INFO: Epoch 35, Train Loss: 0.8051723626352125, Test Loss: 0.819110743701458, Inverse Test Loss: 0.07807191461324692 
2025-01-09 14:07:07,524 INFO: Epoch 36, Train Loss: 0.8035384781898991, Test Loss: 0.8191937357187271, Inverse Test Loss: 0.07804039865732193 
2025-01-09 14:07:07,589 INFO: Epoch 37, Train Loss: 0.8052330151680978, Test Loss: 0.8187840133905411, Inverse Test Loss: 0.07787235826253891 
2025-01-09 14:07:07,655 INFO: Epoch 38, Train Loss: 0.8036826041436964, Test Loss: 0.8179218247532845, Inverse Test Loss: 0.0779525488615036 
2025-01-09 14:07:07,729 INFO: Epoch 39, Train Loss: 0.8046867039895826, Test Loss: 0.8179314732551575, Inverse Test Loss: 0.0777725949883461 
2025-01-09 14:07:07,797 INFO: Epoch 40, Train Loss: 0.8044104999111544, Test Loss: 0.817510224878788, Inverse Test Loss: 0.0775829330086708 
2025-01-09 14:07:07,863 INFO: Epoch 41, Train Loss: 0.8000724988598977, Test Loss: 0.817241944372654, Inverse Test Loss: 0.07770533114671707 
2025-01-09 14:07:07,927 INFO: Epoch 42, Train Loss: 0.8012032662668536, Test Loss: 0.8171379119157791, Inverse Test Loss: 0.07782953232526779 
2025-01-09 14:07:07,996 INFO: Epoch 43, Train Loss: 0.8035656329124204, Test Loss: 0.8168545514345169, Inverse Test Loss: 0.07763683050870895 
2025-01-09 14:07:08,061 INFO: Epoch 44, Train Loss: 0.8015487540152765, Test Loss: 0.8162957355380058, Inverse Test Loss: 0.07771822065114975 
2025-01-09 14:07:08,129 INFO: Epoch 45, Train Loss: 0.8035172147135581, Test Loss: 0.8164573386311531, Inverse Test Loss: 0.07753197103738785 
2025-01-09 14:07:08,193 INFO: Epoch 46, Train Loss: 0.8023866299659975, Test Loss: 0.8163002654910088, Inverse Test Loss: 0.07764339447021484 
2025-01-09 14:07:08,264 INFO: Epoch 47, Train Loss: 0.8023909618777614, Test Loss: 0.815823495388031, Inverse Test Loss: 0.0776166319847107 
2025-01-09 14:07:08,336 INFO: Epoch 48, Train Loss: 0.8007024545823375, Test Loss: 0.8155675977468491, Inverse Test Loss: 0.07766451686620712 
2025-01-09 14:07:08,400 INFO: Epoch 49, Train Loss: 0.8028833097027194, Test Loss: 0.8153510391712189, Inverse Test Loss: 0.07755302637815475 
2025-01-09 14:07:08,466 INFO: Epoch 50, Train Loss: 0.8041324154023202, Test Loss: 0.8148761615157127, Inverse Test Loss: 0.07749556750059128 
2025-01-09 14:07:08,537 INFO: Epoch 51, Train Loss: 0.8010295610274037, Test Loss: 0.8147682994604111, Inverse Test Loss: 0.07752091437578201 
2025-01-09 14:07:08,603 INFO: Epoch 52, Train Loss: 0.801743003629869, Test Loss: 0.8148687854409218, Inverse Test Loss: 0.07742874324321747 
2025-01-09 14:07:08,668 INFO: Epoch 53, Train Loss: 0.8016799034610871, Test Loss: 0.8145864605903625, Inverse Test Loss: 0.07752372324466705 
2025-01-09 14:07:08,739 INFO: Epoch 54, Train Loss: 0.7998375219683493, Test Loss: 0.8142528608441353, Inverse Test Loss: 0.07735424488782883 
2025-01-09 14:07:08,803 INFO: Epoch 55, Train Loss: 0.8024338906811129, Test Loss: 0.8144313469529152, Inverse Test Loss: 0.07739845663309097 
2025-01-09 14:07:08,867 INFO: Epoch 56, Train Loss: 0.8010358695060976, Test Loss: 0.8141667917370796, Inverse Test Loss: 0.077375628054142 
2025-01-09 14:07:08,931 INFO: Epoch 57, Train Loss: 0.8012432879017245, Test Loss: 0.8139412179589272, Inverse Test Loss: 0.07742228358983994 
2025-01-09 14:07:09,002 INFO: Epoch 58, Train Loss: 0.799428686018913, Test Loss: 0.8135202974081039, Inverse Test Loss: 0.07738111168146133 
2025-01-09 14:07:09,069 INFO: Epoch 59, Train Loss: 0.8002936570875107, Test Loss: 0.8137076795101166, Inverse Test Loss: 0.07729879766702652 
2025-01-09 14:07:09,132 INFO: Epoch 60, Train Loss: 0.8008603780500351, Test Loss: 0.8135338425636292, Inverse Test Loss: 0.0773775577545166 
2025-01-09 14:07:09,196 INFO: Epoch 61, Train Loss: 0.801131913738866, Test Loss: 0.813274435698986, Inverse Test Loss: 0.07715290039777756 
2025-01-09 14:07:09,266 INFO: Epoch 62, Train Loss: 0.8002348926759535, Test Loss: 0.8133856952190399, Inverse Test Loss: 0.07732101529836655 
2025-01-09 14:07:09,331 INFO: Epoch 63, Train Loss: 0.7998341879537029, Test Loss: 0.8132334202528, Inverse Test Loss: 0.07721928507089615 
2025-01-09 14:07:09,397 INFO: Epoch 64, Train Loss: 0.8015333356395844, Test Loss: 0.8130499422550201, Inverse Test Loss: 0.07734295725822449 
2025-01-09 14:07:09,461 INFO: Epoch 65, Train Loss: 0.7993885932430145, Test Loss: 0.8134412690997124, Inverse Test Loss: 0.07728548347949982 
2025-01-09 14:07:09,532 INFO: Epoch 66, Train Loss: 0.7976772458322586, Test Loss: 0.8132639080286026, Inverse Test Loss: 0.07724543660879135 
2025-01-09 14:07:09,600 INFO: Epoch 67, Train Loss: 0.8024044556002463, Test Loss: 0.8131266832351685, Inverse Test Loss: 0.07723592221736908 
2025-01-09 14:07:09,664 INFO: Epoch 68, Train Loss: 0.8001625730145362, Test Loss: 0.8127749487757683, Inverse Test Loss: 0.07732275873422623 
2025-01-09 14:07:09,728 INFO: Epoch 69, Train Loss: 0.7994620492381435, Test Loss: 0.8129518032073975, Inverse Test Loss: 0.07731238752603531 
2025-01-09 14:07:09,800 INFO: Epoch 70, Train Loss: 0.7997297125477945, Test Loss: 0.8128329291939735, Inverse Test Loss: 0.07720261812210083 
2025-01-09 14:07:09,866 INFO: Epoch 71, Train Loss: 0.8000116002175116, Test Loss: 0.8126937299966812, Inverse Test Loss: 0.07725532352924347 
2025-01-09 14:07:09,932 INFO: Epoch 72, Train Loss: 0.7980817306426263, Test Loss: 0.8126278445124626, Inverse Test Loss: 0.07728350162506104 
2025-01-09 14:07:09,999 INFO: Epoch 73, Train Loss: 0.8001963073207486, Test Loss: 0.8131206333637238, Inverse Test Loss: 0.07719294726848602 
2025-01-09 14:07:10,073 INFO: Epoch 74, Train Loss: 0.7994378093750246, Test Loss: 0.8132488802075386, Inverse Test Loss: 0.07742870599031448 
2025-01-09 14:07:10,140 INFO: Epoch 75, Train Loss: 0.7995900723241991, Test Loss: 0.8127522692084312, Inverse Test Loss: 0.07724854350090027 
2025-01-09 14:07:10,205 INFO: Epoch 76, Train Loss: 0.7975831704754983, Test Loss: 0.8125225752592087, Inverse Test Loss: 0.0772351399064064 
2025-01-09 14:07:10,271 INFO: Epoch 77, Train Loss: 0.7978048920631409, Test Loss: 0.8126431256532669, Inverse Test Loss: 0.07725075632333755 
2025-01-09 14:07:10,343 INFO: Epoch 78, Train Loss: 0.7961590482342628, Test Loss: 0.8124596402049065, Inverse Test Loss: 0.07726242393255234 
2025-01-09 14:07:10,411 INFO: Epoch 79, Train Loss: 0.7997205353552296, Test Loss: 0.8127748072147369, Inverse Test Loss: 0.07712727785110474 
2025-01-09 14:07:10,475 INFO: Epoch 80, Train Loss: 0.7987833465299299, Test Loss: 0.8123220652341843, Inverse Test Loss: 0.07719112932682037 
2025-01-09 14:07:10,539 INFO: Epoch 81, Train Loss: 0.7986168630661503, Test Loss: 0.8125240281224251, Inverse Test Loss: 0.07713912427425385 
2025-01-09 14:07:10,621 INFO: Epoch 82, Train Loss: 0.7978647332037648, Test Loss: 0.8124749660491943, Inverse Test Loss: 0.07718051970005035 
2025-01-09 14:07:10,688 INFO: Epoch 83, Train Loss: 0.7988538530565077, Test Loss: 0.8125879243016243, Inverse Test Loss: 0.07718630135059357 
2025-01-09 14:07:10,751 INFO: Epoch 84, Train Loss: 0.7971723675727844, Test Loss: 0.8125936836004257, Inverse Test Loss: 0.0771874263882637 
2025-01-09 14:07:10,818 INFO: Epoch 85, Train Loss: 0.7991884062367101, Test Loss: 0.8126461133360863, Inverse Test Loss: 0.0773131474852562 
2025-01-09 14:07:10,901 INFO: Epoch 86, Train Loss: 0.7984507583802746, Test Loss: 0.8123778477311134, Inverse Test Loss: 0.07708466798067093 
2025-01-09 14:07:10,964 INFO: Epoch 87, Train Loss: 0.7989881577030304, Test Loss: 0.8126078844070435, Inverse Test Loss: 0.07715821266174316 
2025-01-09 14:07:11,028 INFO: Epoch 88, Train Loss: 0.7964936994737194, Test Loss: 0.8124321103096008, Inverse Test Loss: 0.07724831998348236 
2025-01-09 14:07:11,096 INFO: Epoch 89, Train Loss: 0.7957322443685224, Test Loss: 0.8123784288764, Inverse Test Loss: 0.0772416889667511 
2025-01-09 14:07:11,175 INFO: Epoch 90, Train Loss: 0.7993407845497131, Test Loss: 0.8121788874268532, Inverse Test Loss: 0.0770794078707695 
2025-01-09 14:07:11,240 INFO: Epoch 91, Train Loss: 0.7982094557054581, Test Loss: 0.8121560737490654, Inverse Test Loss: 0.07709971070289612 
2025-01-09 14:07:11,304 INFO: Epoch 92, Train Loss: 0.7989997075450036, Test Loss: 0.8123318701982498, Inverse Test Loss: 0.07715149223804474 
2025-01-09 14:07:11,371 INFO: Epoch 93, Train Loss: 0.7978062341290135, Test Loss: 0.8126405104994774, Inverse Test Loss: 0.07708640396595001 
2025-01-09 14:07:11,453 INFO: Epoch 94, Train Loss: 0.7994283033955482, Test Loss: 0.8123716041445732, Inverse Test Loss: 0.07716705650091171 
2025-01-09 14:07:11,521 INFO: Epoch 95, Train Loss: 0.7995257262260683, Test Loss: 0.8122154250741005, Inverse Test Loss: 0.07729753851890564 
2025-01-09 14:07:11,587 INFO: Epoch 96, Train Loss: 0.7980496883392334, Test Loss: 0.8122498542070389, Inverse Test Loss: 0.07715217769145966 
2025-01-09 14:07:11,654 INFO: Epoch 97, Train Loss: 0.79958148348716, Test Loss: 0.812285341322422, Inverse Test Loss: 0.07723699510097504 
2025-01-09 14:07:11,740 INFO: Epoch 98, Train Loss: 0.799408087807317, Test Loss: 0.8119184076786041, Inverse Test Loss: 0.07721754163503647 
2025-01-09 14:07:11,804 INFO: Epoch 99, Train Loss: 0.7961622303532015, Test Loss: 0.8118371069431305, Inverse Test Loss: 0.07722124457359314 
2025-01-09 14:07:11,868 INFO: Epoch 100, Train Loss: 0.7993857764428661, Test Loss: 0.8127301707863808, Inverse Test Loss: 0.07703431695699692 
2025-01-09 14:07:11,868 INFO: Best Epoch 99, Best Test Loss: 0.8118371069431305 
2025-01-09 14:07:11,935 INFO: Epoch 101, Train Loss: 0.7983436546018047, Test Loss: 0.8122867867350578, Inverse Test Loss: 0.07713017612695694 
2025-01-09 14:07:12,024 INFO: Epoch 102, Train Loss: 0.7975204740801165, Test Loss: 0.8121723905205727, Inverse Test Loss: 0.077261783182621 
2025-01-09 14:07:12,087 INFO: Epoch 103, Train Loss: 0.798575601270122, Test Loss: 0.8122220858931541, Inverse Test Loss: 0.07725655287504196 
2025-01-09 14:07:12,152 INFO: Epoch 104, Train Loss: 0.796158363742213, Test Loss: 0.811839334666729, Inverse Test Loss: 0.07712467759847641 
2025-01-09 14:07:12,217 INFO: Epoch 105, Train Loss: 0.7962939335453895, Test Loss: 0.8123746812343597, Inverse Test Loss: 0.07706616818904877 
2025-01-09 14:07:12,301 INFO: Epoch 106, Train Loss: 0.7974285444905681, Test Loss: 0.8123565465211868, Inverse Test Loss: 0.07707778364419937 
2025-01-09 14:07:12,366 INFO: Epoch 107, Train Loss: 0.7981411257097798, Test Loss: 0.8123871386051178, Inverse Test Loss: 0.07721541076898575 
2025-01-09 14:07:12,431 INFO: Epoch 108, Train Loss: 0.7984183334535168, Test Loss: 0.8126482591032982, Inverse Test Loss: 0.07711589336395264 
2025-01-09 14:07:12,496 INFO: Epoch 109, Train Loss: 0.7972095204937842, Test Loss: 0.8125931099057198, Inverse Test Loss: 0.07715026289224625 
2025-01-09 14:07:12,580 INFO: Epoch 110, Train Loss: 0.7972910308068798, Test Loss: 0.8126417621970177, Inverse Test Loss: 0.0771518349647522 
2025-01-09 14:07:12,644 INFO: Epoch 111, Train Loss: 0.7960856441528567, Test Loss: 0.8122955486178398, Inverse Test Loss: 0.07722226530313492 
2025-01-09 14:07:12,709 INFO: Epoch 112, Train Loss: 0.7980358004570007, Test Loss: 0.8118099197745323, Inverse Test Loss: 0.07736338675022125 
2025-01-09 14:07:12,774 INFO: Epoch 113, Train Loss: 0.7968697105684588, Test Loss: 0.8123200088739395, Inverse Test Loss: 0.07713282853364944 
2025-01-09 14:07:12,858 INFO: Epoch 114, Train Loss: 0.7969072691855892, Test Loss: 0.812310554087162, Inverse Test Loss: 0.07720576971769333 
2025-01-09 14:07:12,922 INFO: Epoch 115, Train Loss: 0.7984241785541657, Test Loss: 0.811745710670948, Inverse Test Loss: 0.0772194117307663 
2025-01-09 14:07:12,987 INFO: Epoch 116, Train Loss: 0.7955813196397596, Test Loss: 0.8123441562056541, Inverse Test Loss: 0.07734285295009613 
2025-01-09 14:07:13,053 INFO: Epoch 117, Train Loss: 0.7985710886216932, Test Loss: 0.8123850524425507, Inverse Test Loss: 0.07716035842895508 
2025-01-09 14:07:13,137 INFO: Epoch 118, Train Loss: 0.7950474965956903, Test Loss: 0.8121549040079117, Inverse Test Loss: 0.07731779664754868 
2025-01-09 14:07:13,202 INFO: Epoch 119, Train Loss: 0.7968696990320759, Test Loss: 0.8120110183954239, Inverse Test Loss: 0.07711775600910187 
2025-01-09 14:07:13,273 INFO: Epoch 120, Train Loss: 0.7964877082455543, Test Loss: 0.8121665939688683, Inverse Test Loss: 0.07715162634849548 
2025-01-09 14:07:13,337 INFO: Epoch 121, Train Loss: 0.7977759818876943, Test Loss: 0.8122219294309616, Inverse Test Loss: 0.07727125287055969 
2025-01-09 14:07:13,414 INFO: Epoch 122, Train Loss: 0.7978525738562307, Test Loss: 0.8120707422494888, Inverse Test Loss: 0.07716428488492966 
2025-01-09 14:07:13,479 INFO: Epoch 123, Train Loss: 0.7969484713769728, Test Loss: 0.8125122711062431, Inverse Test Loss: 0.07717966288328171 
2025-01-09 14:07:13,546 INFO: Epoch 124, Train Loss: 0.7983610591580791, Test Loss: 0.8121692836284637, Inverse Test Loss: 0.07725731283426285 
2025-01-09 14:07:13,628 INFO: Epoch 125, Train Loss: 0.7970934914004418, Test Loss: 0.812240369617939, Inverse Test Loss: 0.07723162323236465 
2025-01-09 14:07:13,693 INFO: Epoch 126, Train Loss: 0.7959821801031789, Test Loss: 0.8126128390431404, Inverse Test Loss: 0.07731252908706665 
2025-01-09 14:07:13,758 INFO: Epoch 127, Train Loss: 0.7949408081270033, Test Loss: 0.8124020248651505, Inverse Test Loss: 0.07719799131155014 
2025-01-09 14:07:13,834 INFO: Epoch 128, Train Loss: 0.7969232278485452, Test Loss: 0.8129783421754837, Inverse Test Loss: 0.07727794349193573 
2025-01-09 14:07:13,906 INFO: Epoch 129, Train Loss: 0.7963210748087975, Test Loss: 0.8123448640108109, Inverse Test Loss: 0.07724134624004364 
2025-01-09 14:07:13,972 INFO: Epoch 130, Train Loss: 0.7963629884104575, Test Loss: 0.8126756846904755, Inverse Test Loss: 0.07725583761930466 
2025-01-09 14:07:14,049 INFO: Epoch 131, Train Loss: 0.797818370403782, Test Loss: 0.8124632462859154, Inverse Test Loss: 0.07724935561418533 
2025-01-09 14:07:14,114 INFO: Epoch 132, Train Loss: 0.7974278676894403, Test Loss: 0.812112845480442, Inverse Test Loss: 0.07725034654140472 
2025-01-09 14:07:14,179 INFO: Epoch 133, Train Loss: 0.7968045184689183, Test Loss: 0.8127302080392838, Inverse Test Loss: 0.07732310146093369 
2025-01-09 14:07:14,258 INFO: Epoch 134, Train Loss: 0.7960944464129787, Test Loss: 0.8123372048139572, Inverse Test Loss: 0.07740288227796555 
2025-01-09 14:07:14,323 INFO: Epoch 135, Train Loss: 0.7971617579460144, Test Loss: 0.8124020397663116, Inverse Test Loss: 0.07713756710290909 
2025-01-09 14:07:14,399 INFO: Epoch 136, Train Loss: 0.7990958479142958, Test Loss: 0.8124907240271568, Inverse Test Loss: 0.07728108018636703 
2025-01-09 14:07:14,471 INFO: Epoch 137, Train Loss: 0.7959719492543128, Test Loss: 0.8124560639262199, Inverse Test Loss: 0.07732924818992615 
2025-01-09 14:07:14,535 INFO: Epoch 138, Train Loss: 0.7972885120299554, Test Loss: 0.8125107064843178, Inverse Test Loss: 0.07728613168001175 
2025-01-09 14:07:14,602 INFO: Epoch 139, Train Loss: 0.7970162130171253, Test Loss: 0.8123240917921066, Inverse Test Loss: 0.07722853124141693 
2025-01-09 14:07:14,681 INFO: Epoch 140, Train Loss: 0.7966991778342954, Test Loss: 0.8120799139142036, Inverse Test Loss: 0.07739340513944626 
2025-01-09 14:07:14,745 INFO: Epoch 141, Train Loss: 0.7962004407759635, Test Loss: 0.8125904127955437, Inverse Test Loss: 0.07723939418792725 
2025-01-09 14:07:14,811 INFO: Epoch 142, Train Loss: 0.7960691913481681, Test Loss: 0.8122782930731773, Inverse Test Loss: 0.07726342976093292 
2025-01-09 14:07:14,887 INFO: Epoch 143, Train Loss: 0.7979548458130129, Test Loss: 0.8125783652067184, Inverse Test Loss: 0.07727543264627457 
2025-01-09 14:07:14,950 INFO: Epoch 144, Train Loss: 0.7940668636752714, Test Loss: 0.8125936463475227, Inverse Test Loss: 0.07738026976585388 
2025-01-09 14:07:15,015 INFO: Epoch 145, Train Loss: 0.7963237300995858, Test Loss: 0.8126259371638298, Inverse Test Loss: 0.07733651995658875 
2025-01-09 14:07:15,094 INFO: Epoch 146, Train Loss: 0.7951200123756162, Test Loss: 0.8128491789102554, Inverse Test Loss: 0.07728791981935501 
2025-01-09 14:07:15,161 INFO: Epoch 147, Train Loss: 0.7934637088929454, Test Loss: 0.8125206083059311, Inverse Test Loss: 0.07730105519294739 
2025-01-09 14:07:15,226 INFO: Epoch 148, Train Loss: 0.7963743613612267, Test Loss: 0.8125489875674248, Inverse Test Loss: 0.07742889970541 
2025-01-09 14:07:15,303 INFO: Epoch 149, Train Loss: 0.7960837637224505, Test Loss: 0.8126717954874039, Inverse Test Loss: 0.07732024043798447 
2025-01-09 14:07:15,368 INFO: Epoch 150, Train Loss: 0.7954690206435419, Test Loss: 0.8128091245889664, Inverse Test Loss: 0.07743068039417267 
2025-01-09 14:07:15,441 INFO: Epoch 151, Train Loss: 0.7968478702729748, Test Loss: 0.8125793784856796, Inverse Test Loss: 0.07728197425603867 
2025-01-09 14:07:15,514 INFO: Epoch 152, Train Loss: 0.7937216585682284, Test Loss: 0.8128094375133514, Inverse Test Loss: 0.07738200575113297 
2025-01-09 14:07:15,581 INFO: Epoch 153, Train Loss: 0.7962488301338688, Test Loss: 0.8125485628843307, Inverse Test Loss: 0.07727047801017761 
2025-01-09 14:07:15,649 INFO: Epoch 154, Train Loss: 0.7971294080057452, Test Loss: 0.8125807419419289, Inverse Test Loss: 0.0773879662156105 
2025-01-09 14:07:15,729 INFO: Epoch 155, Train Loss: 0.794521729792318, Test Loss: 0.8127303346991539, Inverse Test Loss: 0.07733111083507538 
2025-01-09 14:07:15,794 INFO: Epoch 156, Train Loss: 0.7964282766465218, Test Loss: 0.8127528354525566, Inverse Test Loss: 0.07736887037754059 
2025-01-09 14:07:15,858 INFO: Epoch 157, Train Loss: 0.7961858126424974, Test Loss: 0.8124677464365959, Inverse Test Loss: 0.07730720937252045 
2025-01-09 14:07:15,930 INFO: Epoch 158, Train Loss: 0.7965240267015272, Test Loss: 0.812244102358818, Inverse Test Loss: 0.07739235460758209 
2025-01-09 14:07:15,996 INFO: Epoch 159, Train Loss: 0.7958596771763217, Test Loss: 0.8124319985508919, Inverse Test Loss: 0.07734540849924088 
2025-01-09 14:07:16,060 INFO: Epoch 160, Train Loss: 0.797326841662007, Test Loss: 0.8129148036241531, Inverse Test Loss: 0.07729735225439072 
2025-01-09 14:07:16,140 INFO: Epoch 161, Train Loss: 0.796073648237413, Test Loss: 0.812362052500248, Inverse Test Loss: 0.07736162096261978 
2025-01-09 14:07:16,207 INFO: Epoch 162, Train Loss: 0.7951877040247763, Test Loss: 0.8131160214543343, Inverse Test Loss: 0.077337846159935 
2025-01-09 14:07:16,272 INFO: Epoch 163, Train Loss: 0.7972814286908796, Test Loss: 0.812420204281807, Inverse Test Loss: 0.07746761292219162 
2025-01-09 14:07:16,350 INFO: Epoch 164, Train Loss: 0.795865987577746, Test Loss: 0.8127279505133629, Inverse Test Loss: 0.07731637358665466 
2025-01-09 14:07:16,416 INFO: Epoch 165, Train Loss: 0.7980639338493347, Test Loss: 0.8129103556275368, Inverse Test Loss: 0.07730263471603394 
2025-01-09 14:07:16,482 INFO: Epoch 166, Train Loss: 0.7955368276565306, Test Loss: 0.812529444694519, Inverse Test Loss: 0.07746144384145737 
2025-01-09 14:07:16,561 INFO: Epoch 167, Train Loss: 0.7946757558853396, Test Loss: 0.8126841485500336, Inverse Test Loss: 0.07742928713560104 
2025-01-09 14:07:16,630 INFO: Epoch 168, Train Loss: 0.7955849305275948, Test Loss: 0.8124330043792725, Inverse Test Loss: 0.07744839042425156 
2025-01-09 14:07:16,695 INFO: Epoch 169, Train Loss: 0.7966556587526875, Test Loss: 0.813205674290657, Inverse Test Loss: 0.077511265873909 
2025-01-09 14:07:16,773 INFO: Epoch 170, Train Loss: 0.7967090798962501, Test Loss: 0.8131840229034424, Inverse Test Loss: 0.0775269940495491 
2025-01-09 14:07:16,837 INFO: Epoch 171, Train Loss: 0.7960307944205499, Test Loss: 0.812724158167839, Inverse Test Loss: 0.07751970738172531 
2025-01-09 14:07:16,903 INFO: Epoch 172, Train Loss: 0.7947153756695409, Test Loss: 0.8125307559967041, Inverse Test Loss: 0.07747766375541687 
2025-01-09 14:07:16,984 INFO: Epoch 173, Train Loss: 0.7940544120727047, Test Loss: 0.8126835376024246, Inverse Test Loss: 0.07740192115306854 
2025-01-09 14:07:17,054 INFO: Epoch 174, Train Loss: 0.7958647666438934, Test Loss: 0.8131336271762848, Inverse Test Loss: 0.07750676572322845 
2025-01-09 14:07:17,128 INFO: Epoch 175, Train Loss: 0.7968515253836109, Test Loss: 0.8130154237151146, Inverse Test Loss: 0.0773707777261734 
2025-01-09 14:07:17,202 INFO: Epoch 176, Train Loss: 0.7960174391346593, Test Loss: 0.8124649822711945, Inverse Test Loss: 0.07744985073804855 
2025-01-09 14:07:17,269 INFO: Epoch 177, Train Loss: 0.7968297908383031, Test Loss: 0.8126610219478607, Inverse Test Loss: 0.07744257897138596 
2025-01-09 14:07:17,336 INFO: Epoch 178, Train Loss: 0.796510434919788, Test Loss: 0.8129836767911911, Inverse Test Loss: 0.0773969441652298 
2025-01-09 14:07:17,415 INFO: Epoch 179, Train Loss: 0.7953478540143659, Test Loss: 0.8133950456976891, Inverse Test Loss: 0.0775056704878807 
2025-01-09 14:07:17,480 INFO: Epoch 180, Train Loss: 0.7961942918838993, Test Loss: 0.8133924230933189, Inverse Test Loss: 0.0774204209446907 
2025-01-09 14:07:17,544 INFO: Epoch 181, Train Loss: 0.7959016100052865, Test Loss: 0.812916561961174, Inverse Test Loss: 0.07740478217601776 
2025-01-09 14:07:17,624 INFO: Epoch 182, Train Loss: 0.7970567922438344, Test Loss: 0.8129245340824127, Inverse Test Loss: 0.07750075310468674 
2025-01-09 14:07:17,688 INFO: Epoch 183, Train Loss: 0.7964463041674706, Test Loss: 0.8133029863238335, Inverse Test Loss: 0.07743136584758759 
2025-01-09 14:07:17,757 INFO: Epoch 184, Train Loss: 0.795055425936176, Test Loss: 0.8129045367240906, Inverse Test Loss: 0.07743379473686218 
2025-01-09 14:07:17,834 INFO: Epoch 185, Train Loss: 0.7969369119213473, Test Loss: 0.81321981549263, Inverse Test Loss: 0.07747708261013031 
2025-01-09 14:07:17,898 INFO: Epoch 186, Train Loss: 0.7968782878691151, Test Loss: 0.8130188435316086, Inverse Test Loss: 0.07752169668674469 
2025-01-09 14:07:17,963 INFO: Epoch 187, Train Loss: 0.796508168020556, Test Loss: 0.8125744983553886, Inverse Test Loss: 0.07735647261142731 
2025-01-09 14:07:18,044 INFO: Epoch 188, Train Loss: 0.7945841762327379, Test Loss: 0.8128481954336166, Inverse Test Loss: 0.077474445104599 
2025-01-09 14:07:18,108 INFO: Epoch 189, Train Loss: 0.7971115131531993, Test Loss: 0.8125374913215637, Inverse Test Loss: 0.07745546847581863 
2025-01-09 14:07:18,172 INFO: Epoch 190, Train Loss: 0.7939041429950345, Test Loss: 0.8127621859312057, Inverse Test Loss: 0.07763282209634781 
2025-01-09 14:07:18,252 INFO: Epoch 191, Train Loss: 0.7949255397242885, Test Loss: 0.8132890835404396, Inverse Test Loss: 0.07745414972305298 
2025-01-09 14:07:18,317 INFO: Epoch 192, Train Loss: 0.7964277863502502, Test Loss: 0.813445508480072, Inverse Test Loss: 0.07758691161870956 
2025-01-09 14:07:18,380 INFO: Epoch 193, Train Loss: 0.7938409812988774, Test Loss: 0.8130450397729874, Inverse Test Loss: 0.07745692878961563 
2025-01-09 14:07:18,458 INFO: Epoch 194, Train Loss: 0.7952286754885027, Test Loss: 0.813190869987011, Inverse Test Loss: 0.07756706327199936 
2025-01-09 14:07:18,524 INFO: Epoch 195, Train Loss: 0.7965204811865284, Test Loss: 0.8132388666272163, Inverse Test Loss: 0.07765284180641174 
2025-01-09 14:07:18,594 INFO: Epoch 196, Train Loss: 0.7968224190896557, Test Loss: 0.8134513422846794, Inverse Test Loss: 0.07761256396770477 
2025-01-09 14:07:18,673 INFO: Epoch 197, Train Loss: 0.7962326292068728, Test Loss: 0.8129710927605629, Inverse Test Loss: 0.07763288915157318 
2025-01-09 14:07:18,746 INFO: Epoch 198, Train Loss: 0.7971815063107398, Test Loss: 0.8133469596505165, Inverse Test Loss: 0.07757529616355896 
2025-01-09 14:07:18,822 INFO: Epoch 199, Train Loss: 0.7948671137132952, Test Loss: 0.8135022297501564, Inverse Test Loss: 0.07771800458431244 
2025-01-09 14:07:18,891 INFO: Epoch 200, Train Loss: 0.7955467989367824, Test Loss: 0.8132684379816055, Inverse Test Loss: 0.07766979187726974 
2025-01-09 14:07:18,891 INFO: Best Epoch 115, Best Test Loss: 0.811745710670948 
2025-01-09 14:07:18,957 INFO: Epoch 201, Train Loss: 0.7948675790140706, Test Loss: 0.8134351596236229, Inverse Test Loss: 0.07752156257629395 
2025-01-09 14:07:19,021 INFO: Epoch 202, Train Loss: 0.7957693646031041, Test Loss: 0.8132872506976128, Inverse Test Loss: 0.07762250304222107 
2025-01-09 14:07:19,112 INFO: Epoch 203, Train Loss: 0.7979142761999561, Test Loss: 0.8134636282920837, Inverse Test Loss: 0.07754792273044586 
2025-01-09 14:07:19,178 INFO: Epoch 204, Train Loss: 0.7961923960716494, Test Loss: 0.8137822970747948, Inverse Test Loss: 0.07756587117910385 
2025-01-09 14:07:19,242 INFO: Epoch 205, Train Loss: 0.7968474184313128, Test Loss: 0.8131958246231079, Inverse Test Loss: 0.07779420912265778 
2025-01-09 14:07:19,307 INFO: Epoch 206, Train Loss: 0.7975766216554949, Test Loss: 0.8135316371917725, Inverse Test Loss: 0.07752292603254318 
2025-01-09 14:07:19,388 INFO: Epoch 207, Train Loss: 0.7957832890172158, Test Loss: 0.813586488366127, Inverse Test Loss: 0.07769674062728882 
2025-01-09 14:07:19,455 INFO: Epoch 208, Train Loss: 0.7967384034587491, Test Loss: 0.8132910057902336, Inverse Test Loss: 0.07757348567247391 
2025-01-09 14:07:19,520 INFO: Epoch 209, Train Loss: 0.7946659941827098, Test Loss: 0.8136941120028496, Inverse Test Loss: 0.07759366184473038 
2025-01-09 14:07:19,588 INFO: Epoch 210, Train Loss: 0.7969555893251973, Test Loss: 0.8135891556739807, Inverse Test Loss: 0.0776943787932396 
2025-01-09 14:07:19,671 INFO: Epoch 211, Train Loss: 0.7958286385382375, Test Loss: 0.8132366985082626, Inverse Test Loss: 0.0774310752749443 
2025-01-09 14:07:19,737 INFO: Epoch 212, Train Loss: 0.7961760701671723, Test Loss: 0.8136946558952332, Inverse Test Loss: 0.07766465097665787 
2025-01-09 14:07:19,803 INFO: Epoch 213, Train Loss: 0.7938661998318087, Test Loss: 0.8135936483740807, Inverse Test Loss: 0.07763995975255966 
2025-01-09 14:07:19,868 INFO: Epoch 214, Train Loss: 0.7955607964146522, Test Loss: 0.8138511478900909, Inverse Test Loss: 0.07760430127382278 
2025-01-09 14:07:19,953 INFO: Epoch 215, Train Loss: 0.7953746434180967, Test Loss: 0.813391238451004, Inverse Test Loss: 0.07767406851053238 
2025-01-09 14:07:20,017 INFO: Epoch 216, Train Loss: 0.7969759779591714, Test Loss: 0.8131650909781456, Inverse Test Loss: 0.07765384018421173 
2025-01-09 14:07:20,090 INFO: Epoch 217, Train Loss: 0.7955386138731434, Test Loss: 0.8136805966496468, Inverse Test Loss: 0.07776053994894028 
2025-01-09 14:07:20,154 INFO: Epoch 218, Train Loss: 0.7959537756058478, Test Loss: 0.8137397021055222, Inverse Test Loss: 0.077680304646492 
2025-01-09 14:07:20,237 INFO: Epoch 219, Train Loss: 0.7958914176110299, Test Loss: 0.8133928924798965, Inverse Test Loss: 0.0776023343205452 
2025-01-09 14:07:20,302 INFO: Epoch 220, Train Loss: 0.7933735174517478, Test Loss: 0.8136280402541161, Inverse Test Loss: 0.07760664820671082 
2025-01-09 14:07:20,368 INFO: Epoch 221, Train Loss: 0.7942169481708158, Test Loss: 0.8134678825736046, Inverse Test Loss: 0.0777016431093216 
2025-01-09 14:07:20,435 INFO: Epoch 222, Train Loss: 0.7956085416578478, Test Loss: 0.8135621249675751, Inverse Test Loss: 0.07752509415149689 
2025-01-09 14:07:20,523 INFO: Epoch 223, Train Loss: 0.7970713011680111, Test Loss: 0.8136182054877281, Inverse Test Loss: 0.07764466106891632 
2025-01-09 14:07:20,595 INFO: Epoch 224, Train Loss: 0.7953057577533107, Test Loss: 0.8134617507457733, Inverse Test Loss: 0.07763973623514175 
2025-01-09 14:07:20,662 INFO: Epoch 225, Train Loss: 0.7940180186302431, Test Loss: 0.8132813349366188, Inverse Test Loss: 0.07776375114917755 
2025-01-09 14:07:20,728 INFO: Epoch 226, Train Loss: 0.7962798322400739, Test Loss: 0.8135678991675377, Inverse Test Loss: 0.07766164839267731 
2025-01-09 14:07:20,806 INFO: Epoch 227, Train Loss: 0.7950302516260455, Test Loss: 0.8137547746300697, Inverse Test Loss: 0.07777661085128784 
2025-01-09 14:07:20,871 INFO: Epoch 228, Train Loss: 0.7962730257741867, Test Loss: 0.8138638734817505, Inverse Test Loss: 0.07775884121656418 
2025-01-09 14:07:20,940 INFO: Epoch 229, Train Loss: 0.7961178710383754, Test Loss: 0.8135325312614441, Inverse Test Loss: 0.07779336720705032 
2025-01-09 14:07:21,018 INFO: Epoch 230, Train Loss: 0.7948251193569552, Test Loss: 0.8131872788071632, Inverse Test Loss: 0.07766523957252502 
2025-01-09 14:07:21,083 INFO: Epoch 231, Train Loss: 0.7962047515376922, Test Loss: 0.813532218337059, Inverse Test Loss: 0.07779788225889206 
2025-01-09 14:07:21,159 INFO: Epoch 232, Train Loss: 0.7960961307248762, Test Loss: 0.813662938773632, Inverse Test Loss: 0.07768058776855469 
2025-01-09 14:07:21,236 INFO: Epoch 233, Train Loss: 0.7953653604753556, Test Loss: 0.813562422990799, Inverse Test Loss: 0.07769539952278137 
2025-01-09 14:07:21,302 INFO: Epoch 234, Train Loss: 0.7933206539000234, Test Loss: 0.8136518821120262, Inverse Test Loss: 0.0779527872800827 
2025-01-09 14:07:21,367 INFO: Epoch 235, Train Loss: 0.7970988231320535, Test Loss: 0.8139566779136658, Inverse Test Loss: 0.07784789800643921 
2025-01-09 14:07:21,452 INFO: Epoch 236, Train Loss: 0.7952436074133842, Test Loss: 0.8138108626008034, Inverse Test Loss: 0.07783140987157822 
2025-01-09 14:07:21,519 INFO: Epoch 237, Train Loss: 0.794979570373412, Test Loss: 0.8137761130928993, Inverse Test Loss: 0.07785821706056595 
2025-01-09 14:07:21,584 INFO: Epoch 238, Train Loss: 0.7955536150163219, Test Loss: 0.8139794394373894, Inverse Test Loss: 0.07762520760297775 
2025-01-09 14:07:21,651 INFO: Epoch 239, Train Loss: 0.7949304330733514, Test Loss: 0.8142063096165657, Inverse Test Loss: 0.07780750095844269 
2025-01-09 14:07:21,733 INFO: Epoch 240, Train Loss: 0.7957256282529523, Test Loss: 0.8137250170111656, Inverse Test Loss: 0.07770931720733643 
2025-01-09 14:07:21,801 INFO: Epoch 241, Train Loss: 0.7952265854804746, Test Loss: 0.8138694390654564, Inverse Test Loss: 0.07776162028312683 
2025-01-09 14:07:21,866 INFO: Epoch 242, Train Loss: 0.7949954540498795, Test Loss: 0.8136513009667397, Inverse Test Loss: 0.0777910128235817 
2025-01-09 14:07:21,932 INFO: Epoch 243, Train Loss: 0.7944118688183446, Test Loss: 0.8138464614748955, Inverse Test Loss: 0.0777779370546341 
2025-01-09 14:07:22,018 INFO: Epoch 244, Train Loss: 0.7956573040254654, Test Loss: 0.8138318881392479, Inverse Test Loss: 0.07775586098432541 
2025-01-09 14:07:22,086 INFO: Epoch 245, Train Loss: 0.7975269517590923, Test Loss: 0.8133636638522148, Inverse Test Loss: 0.07777881622314453 
2025-01-09 14:07:22,150 INFO: Epoch 246, Train Loss: 0.7942145216849542, Test Loss: 0.8143705874681473, Inverse Test Loss: 0.0776391252875328 
2025-01-09 14:07:22,216 INFO: Epoch 247, Train Loss: 0.7959869696247962, Test Loss: 0.8138591423630714, Inverse Test Loss: 0.07794871181249619 
2025-01-09 14:07:22,302 INFO: Epoch 248, Train Loss: 0.7959569038883332, Test Loss: 0.8141863569617271, Inverse Test Loss: 0.07760798186063766 
2025-01-09 14:07:22,370 INFO: Epoch 249, Train Loss: 0.794046494268602, Test Loss: 0.8137539178133011, Inverse Test Loss: 0.07777015119791031 
2025-01-09 14:07:22,434 INFO: Epoch 250, Train Loss: 0.7952402176395539, Test Loss: 0.813993975520134, Inverse Test Loss: 0.07788725942373276 
2025-01-09 14:07:22,498 INFO: Epoch 251, Train Loss: 0.7950501691910529, Test Loss: 0.8136957883834839, Inverse Test Loss: 0.07782536745071411 
2025-01-09 14:07:22,586 INFO: Epoch 252, Train Loss: 0.7949268817901611, Test Loss: 0.814044289290905, Inverse Test Loss: 0.07772700488567352 
2025-01-09 14:07:22,653 INFO: Epoch 253, Train Loss: 0.7946264647668407, Test Loss: 0.814198225736618, Inverse Test Loss: 0.07768584787845612 
2025-01-09 14:07:22,721 INFO: Epoch 254, Train Loss: 0.7950132104658312, Test Loss: 0.8139362409710884, Inverse Test Loss: 0.07775609940290451 
2025-01-09 14:07:22,786 INFO: Epoch 255, Train Loss: 0.7948773464848918, Test Loss: 0.8140162080526352, Inverse Test Loss: 0.07786993682384491 
2025-01-09 14:07:22,873 INFO: Epoch 256, Train Loss: 0.7944520846489938, Test Loss: 0.8144059106707573, Inverse Test Loss: 0.07773993909358978 
2025-01-09 14:07:22,944 INFO: Epoch 257, Train Loss: 0.794001663884809, Test Loss: 0.8141223043203354, Inverse Test Loss: 0.0777859091758728 
2025-01-09 14:07:23,010 INFO: Epoch 258, Train Loss: 0.7953002337486513, Test Loss: 0.8143804520368576, Inverse Test Loss: 0.07774049788713455 
2025-01-09 14:07:23,071 INFO: Epoch 259, Train Loss: 0.7942206167405651, Test Loss: 0.8144612312316895, Inverse Test Loss: 0.07777410000562668 
2025-01-09 14:07:23,152 INFO: Epoch 260, Train Loss: 0.7965686801941164, Test Loss: 0.8136740326881409, Inverse Test Loss: 0.07777611166238785 
2025-01-09 14:07:23,220 INFO: Epoch 261, Train Loss: 0.7949164798182826, Test Loss: 0.8141602128744125, Inverse Test Loss: 0.07775932550430298 
2025-01-09 14:07:23,292 INFO: Epoch 262, Train Loss: 0.7937109970277355, Test Loss: 0.814265139400959, Inverse Test Loss: 0.07782473415136337 
2025-01-09 14:07:23,366 INFO: Epoch 263, Train Loss: 0.7948662119527017, Test Loss: 0.8145322501659393, Inverse Test Loss: 0.07791052013635635 
2025-01-09 14:07:23,431 INFO: Epoch 264, Train Loss: 0.793413556391193, Test Loss: 0.8139104843139648, Inverse Test Loss: 0.07781968265771866 
2025-01-09 14:07:23,498 INFO: Epoch 265, Train Loss: 0.7965475666907526, Test Loss: 0.8139203116297722, Inverse Test Loss: 0.0778220072388649 
2025-01-09 14:07:23,578 INFO: Epoch 266, Train Loss: 0.7952977841900241, Test Loss: 0.8141880035400391, Inverse Test Loss: 0.07787276059389114 
2025-01-09 14:07:23,644 INFO: Epoch 267, Train Loss: 0.7929825148274822, Test Loss: 0.8142252191901207, Inverse Test Loss: 0.077745720744133 
2025-01-09 14:07:23,732 INFO: Epoch 268, Train Loss: 0.7941339881189408, Test Loss: 0.8144333064556122, Inverse Test Loss: 0.07791292667388916 
2025-01-09 14:07:23,800 INFO: Epoch 269, Train Loss: 0.7961500960011636, Test Loss: 0.8140571936964989, Inverse Test Loss: 0.07777023315429688 
2025-01-09 14:07:23,870 INFO: Epoch 270, Train Loss: 0.7959669001640812, Test Loss: 0.8143025636672974, Inverse Test Loss: 0.07783892005681992 
2025-01-09 14:07:23,942 INFO: Epoch 271, Train Loss: 0.7936446897445186, Test Loss: 0.8144637942314148, Inverse Test Loss: 0.07782135903835297 
2025-01-09 14:07:24,021 INFO: Epoch 272, Train Loss: 0.7948433949101356, Test Loss: 0.8139617890119553, Inverse Test Loss: 0.07785933464765549 
2025-01-09 14:07:24,106 INFO: Epoch 273, Train Loss: 0.793930047942746, Test Loss: 0.8135813102126122, Inverse Test Loss: 0.07794637978076935 
2025-01-09 14:07:24,240 INFO: Epoch 274, Train Loss: 0.7970671519156425, Test Loss: 0.8138996213674545, Inverse Test Loss: 0.07780001312494278 
2025-01-09 14:07:24,317 INFO: Epoch 275, Train Loss: 0.7965395219864384, Test Loss: 0.8139749765396118, Inverse Test Loss: 0.07782720029354095 
2025-01-09 14:07:24,400 INFO: Epoch 276, Train Loss: 0.796015162621775, Test Loss: 0.8141383454203606, Inverse Test Loss: 0.07782964408397675 
2025-01-09 14:07:24,491 INFO: Epoch 277, Train Loss: 0.7938777919738523, Test Loss: 0.8141780570149422, Inverse Test Loss: 0.07791182398796082 
2025-01-09 14:07:24,569 INFO: Epoch 278, Train Loss: 0.7946828949835992, Test Loss: 0.8139154464006424, Inverse Test Loss: 0.0778379812836647 
2025-01-09 14:07:24,649 INFO: Epoch 279, Train Loss: 0.7972478808895234, Test Loss: 0.8139780461788177, Inverse Test Loss: 0.07787676155567169 
2025-01-09 14:07:24,734 INFO: Epoch 280, Train Loss: 0.7932200104959549, Test Loss: 0.8143529966473579, Inverse Test Loss: 0.07793290168046951 
2025-01-09 14:07:24,814 INFO: Epoch 281, Train Loss: 0.7957953253099995, Test Loss: 0.8143739476799965, Inverse Test Loss: 0.07793032377958298 
2025-01-09 14:07:24,914 INFO: Epoch 282, Train Loss: 0.7954448980669822, Test Loss: 0.8139344751834869, Inverse Test Loss: 0.07785847038030624 
2025-01-09 14:07:25,040 INFO: Epoch 283, Train Loss: 0.7941950732661832, Test Loss: 0.8149544596672058, Inverse Test Loss: 0.07793252915143967 
2025-01-09 14:07:25,117 INFO: Epoch 284, Train Loss: 0.7970294644755702, Test Loss: 0.8141935244202614, Inverse Test Loss: 0.07784411311149597 
2025-01-09 14:07:25,188 INFO: Epoch 285, Train Loss: 0.7948355270970252, Test Loss: 0.8143759444355965, Inverse Test Loss: 0.07796066254377365 
2025-01-09 14:07:25,261 INFO: Epoch 286, Train Loss: 0.7965082257024704, Test Loss: 0.813959389925003, Inverse Test Loss: 0.07787686586380005 
2025-01-09 14:07:25,329 INFO: Epoch 287, Train Loss: 0.794399824834639, Test Loss: 0.8145121559500694, Inverse Test Loss: 0.07791990786790848 
2025-01-09 14:07:25,408 INFO: Epoch 288, Train Loss: 0.7953307359449325, Test Loss: 0.8145486414432526, Inverse Test Loss: 0.07802557200193405 
2025-01-09 14:07:25,475 INFO: Epoch 289, Train Loss: 0.7943891767532595, Test Loss: 0.8141930028796196, Inverse Test Loss: 0.0778471827507019 
2025-01-09 14:07:25,548 INFO: Epoch 290, Train Loss: 0.7953613131277023, Test Loss: 0.8140057623386383, Inverse Test Loss: 0.07795887440443039 
2025-01-09 14:07:25,618 INFO: Epoch 291, Train Loss: 0.7955947114575294, Test Loss: 0.8142677620053291, Inverse Test Loss: 0.0778198391199112 
2025-01-09 14:07:25,690 INFO: Epoch 292, Train Loss: 0.7939779489271103, Test Loss: 0.8144021183252335, Inverse Test Loss: 0.07791977375745773 
2025-01-09 14:07:25,762 INFO: Epoch 293, Train Loss: 0.7943254017060802, Test Loss: 0.8145739957690239, Inverse Test Loss: 0.07785484194755554 
2025-01-09 14:07:25,830 INFO: Epoch 294, Train Loss: 0.7933573530566308, Test Loss: 0.8142943009734154, Inverse Test Loss: 0.07791480422019958 
2025-01-09 14:07:25,897 INFO: Epoch 295, Train Loss: 0.7938296294981434, Test Loss: 0.8147329688072205, Inverse Test Loss: 0.0779513493180275 
2025-01-09 14:07:25,968 INFO: Epoch 296, Train Loss: 0.7936657936342301, Test Loss: 0.8144474998116493, Inverse Test Loss: 0.07802049070596695 
2025-01-09 14:07:26,039 INFO: Epoch 297, Train Loss: 0.7945473405622667, Test Loss: 0.814426489174366, Inverse Test Loss: 0.07798970490694046 
2025-01-09 14:07:26,110 INFO: Epoch 298, Train Loss: 0.7942995640539354, Test Loss: 0.8147598952054977, Inverse Test Loss: 0.07790284603834152 
2025-01-09 14:07:26,184 INFO: Epoch 299, Train Loss: 0.7948802267351458, Test Loss: 0.8146055638790131, Inverse Test Loss: 0.07806605100631714 
2025-01-09 14:07:26,252 INFO: Epoch 300, Train Loss: 0.7955590832617975, Test Loss: 0.8145625293254852, Inverse Test Loss: 0.07805086672306061 
2025-01-09 14:07:26,252 INFO: Best Epoch 115, Best Test Loss: 0.811745710670948 
2025-01-09 14:07:26,324 INFO: Epoch 301, Train Loss: 0.7959033096990278, Test Loss: 0.8146879822015762, Inverse Test Loss: 0.07803846895694733 
2025-01-09 14:07:26,394 INFO: Epoch 302, Train Loss: 0.7924515105062916, Test Loss: 0.8146978244185448, Inverse Test Loss: 0.07804045081138611 
2025-01-09 14:07:26,460 INFO: Epoch 303, Train Loss: 0.7955515653856339, Test Loss: 0.814541220664978, Inverse Test Loss: 0.0779087245464325 
2025-01-09 14:07:26,528 INFO: Epoch 304, Train Loss: 0.7940623817905303, Test Loss: 0.8143640384078026, Inverse Test Loss: 0.07806936651468277 
2025-01-09 14:07:26,603 INFO: Epoch 305, Train Loss: 0.7956153212055084, Test Loss: 0.814816303551197, Inverse Test Loss: 0.07797905057668686 
2025-01-09 14:07:26,684 INFO: Epoch 306, Train Loss: 0.793672502040863, Test Loss: 0.8150689527392387, Inverse Test Loss: 0.07802942395210266 
2025-01-09 14:07:26,767 INFO: Epoch 307, Train Loss: 0.7954528754757296, Test Loss: 0.8148376494646072, Inverse Test Loss: 0.07803928852081299 
2025-01-09 14:07:26,841 INFO: Epoch 308, Train Loss: 0.7949677878810514, Test Loss: 0.814458392560482, Inverse Test Loss: 0.0780625268816948 
2025-01-09 14:07:26,912 INFO: Epoch 309, Train Loss: 0.7928220149009458, Test Loss: 0.8147170841693878, Inverse Test Loss: 0.07793745398521423 
2025-01-09 14:07:26,980 INFO: Epoch 310, Train Loss: 0.7938170586862872, Test Loss: 0.8150976374745369, Inverse Test Loss: 0.07802284508943558 
2025-01-09 14:07:27,052 INFO: Epoch 311, Train Loss: 0.7960062026977539, Test Loss: 0.814755842089653, Inverse Test Loss: 0.07797582447528839 
2025-01-09 14:07:27,124 INFO: Epoch 312, Train Loss: 0.7951647216273893, Test Loss: 0.8143723979592323, Inverse Test Loss: 0.07790365815162659 
2025-01-09 14:07:27,202 INFO: Epoch 313, Train Loss: 0.7950193747397392, Test Loss: 0.8147791028022766, Inverse Test Loss: 0.07800955325365067 
2025-01-09 14:07:27,274 INFO: Epoch 314, Train Loss: 0.79467132014613, Test Loss: 0.8144866600632668, Inverse Test Loss: 0.07792799919843674 
2025-01-09 14:07:27,345 INFO: Epoch 315, Train Loss: 0.7964882696828535, Test Loss: 0.8145175278186798, Inverse Test Loss: 0.0779426321387291 
2025-01-09 14:07:27,422 INFO: Epoch 316, Train Loss: 0.795176507965211, Test Loss: 0.8145415633916855, Inverse Test Loss: 0.0779503658413887 
2025-01-09 14:07:27,502 INFO: Epoch 317, Train Loss: 0.7948453387906474, Test Loss: 0.8148228824138641, Inverse Test Loss: 0.0779692679643631 
2025-01-09 14:07:27,591 INFO: Epoch 318, Train Loss: 0.7954567805413277, Test Loss: 0.814944252371788, Inverse Test Loss: 0.07796403765678406 
2025-01-09 14:07:27,668 INFO: Epoch 319, Train Loss: 0.7938827891503611, Test Loss: 0.8147014454007149, Inverse Test Loss: 0.07795476913452148 
2025-01-09 14:07:27,752 INFO: Epoch 320, Train Loss: 0.7937892983036656, Test Loss: 0.8150724023580551, Inverse Test Loss: 0.07810543477535248 
2025-01-09 14:07:27,829 INFO: Epoch 321, Train Loss: 0.7937873428867709, Test Loss: 0.8142857700586319, Inverse Test Loss: 0.07804141938686371 
2025-01-09 14:07:27,912 INFO: Epoch 322, Train Loss: 0.7933350628422152, Test Loss: 0.8148040920495987, Inverse Test Loss: 0.07804462313652039 
2025-01-09 14:07:27,988 INFO: Epoch 323, Train Loss: 0.7928885567572809, Test Loss: 0.8143714666366577, Inverse Test Loss: 0.07807908952236176 
2025-01-09 14:07:28,063 INFO: Epoch 324, Train Loss: 0.7951769713432558, Test Loss: 0.8141316920518875, Inverse Test Loss: 0.07795911282300949 
2025-01-09 14:07:28,147 INFO: Epoch 325, Train Loss: 0.7952348859079422, Test Loss: 0.8148241639137268, Inverse Test Loss: 0.07794821262359619 
2025-01-09 14:07:28,222 INFO: Epoch 326, Train Loss: 0.7946410371411231, Test Loss: 0.8151005581021309, Inverse Test Loss: 0.07790786027908325 
2025-01-09 14:07:28,298 INFO: Epoch 327, Train Loss: 0.7944518942986766, Test Loss: 0.8149427175521851, Inverse Test Loss: 0.07824846357107162 
2025-01-09 14:07:28,375 INFO: Epoch 328, Train Loss: 0.794576846784161, Test Loss: 0.8149399533867836, Inverse Test Loss: 0.07807815074920654 
2025-01-09 14:07:28,452 INFO: Epoch 329, Train Loss: 0.7956115776492704, Test Loss: 0.8145090043544769, Inverse Test Loss: 0.07807924598455429 
2025-01-09 14:07:28,530 INFO: Epoch 330, Train Loss: 0.7950674949153778, Test Loss: 0.8144613429903984, Inverse Test Loss: 0.0780969113111496 
2025-01-09 14:07:28,609 INFO: Epoch 331, Train Loss: 0.7947707156981191, Test Loss: 0.8150331899523735, Inverse Test Loss: 0.07801356166601181 
2025-01-09 14:07:28,688 INFO: Epoch 332, Train Loss: 0.7930206233455289, Test Loss: 0.8153504878282547, Inverse Test Loss: 0.07801632583141327 
2025-01-09 14:07:28,765 INFO: Epoch 333, Train Loss: 0.7936467432206676, Test Loss: 0.8149574846029282, Inverse Test Loss: 0.07815953344106674 
2025-01-09 14:07:28,854 INFO: Epoch 334, Train Loss: 0.7936699582684424, Test Loss: 0.8147278055548668, Inverse Test Loss: 0.07814373075962067 
2025-01-09 14:07:28,933 INFO: Epoch 335, Train Loss: 0.7951234367585951, Test Loss: 0.8146176040172577, Inverse Test Loss: 0.07805341482162476 
2025-01-09 14:07:29,008 INFO: Epoch 336, Train Loss: 0.7947905640448293, Test Loss: 0.8149625286459923, Inverse Test Loss: 0.07812038064002991 
2025-01-09 14:07:29,091 INFO: Epoch 337, Train Loss: 0.7922552189519328, Test Loss: 0.8151567727327347, Inverse Test Loss: 0.07808751612901688 
2025-01-09 14:07:29,191 INFO: Epoch 338, Train Loss: 0.7949597720176943, Test Loss: 0.815287671983242, Inverse Test Loss: 0.07799654453992844 
2025-01-09 14:07:29,282 INFO: Epoch 339, Train Loss: 0.7947139047807262, Test Loss: 0.8148685768246651, Inverse Test Loss: 0.07809976488351822 
2025-01-09 14:07:29,364 INFO: Epoch 340, Train Loss: 0.7946443019374725, Test Loss: 0.8152202814817429, Inverse Test Loss: 0.07813553512096405 
2025-01-09 14:07:29,438 INFO: Epoch 341, Train Loss: 0.7951515605372768, Test Loss: 0.8153546899557114, Inverse Test Loss: 0.07806938141584396 
2025-01-09 14:07:29,509 INFO: Epoch 342, Train Loss: 0.7961671852296398, Test Loss: 0.8154229819774628, Inverse Test Loss: 0.07820999622344971 
2025-01-09 14:07:29,585 INFO: Epoch 343, Train Loss: 0.7958540339623729, Test Loss: 0.8154796585440636, Inverse Test Loss: 0.07804059982299805 
2025-01-09 14:07:29,662 INFO: Epoch 344, Train Loss: 0.7953184304698822, Test Loss: 0.8150056824088097, Inverse Test Loss: 0.07795044779777527 
2025-01-09 14:07:29,741 INFO: Epoch 345, Train Loss: 0.7955067753791809, Test Loss: 0.8150143399834633, Inverse Test Loss: 0.07815300673246384 
2025-01-09 14:07:29,819 INFO: Epoch 346, Train Loss: 0.7947983011122672, Test Loss: 0.814530111849308, Inverse Test Loss: 0.07811442762613297 
2025-01-09 14:07:29,895 INFO: Epoch 347, Train Loss: 0.7944469836450392, Test Loss: 0.8150569647550583, Inverse Test Loss: 0.07803388684988022 
2025-01-09 14:07:29,971 INFO: Epoch 348, Train Loss: 0.7924149536317394, Test Loss: 0.8153624832630157, Inverse Test Loss: 0.07805198431015015 
2025-01-09 14:07:30,045 INFO: Epoch 349, Train Loss: 0.7934053117229093, Test Loss: 0.8149288594722748, Inverse Test Loss: 0.07808657735586166 
2025-01-09 14:07:30,120 INFO: Epoch 350, Train Loss: 0.7934941995528436, Test Loss: 0.8150297924876213, Inverse Test Loss: 0.07804206758737564 
2025-01-09 14:07:30,202 INFO: Epoch 351, Train Loss: 0.7938605719997037, Test Loss: 0.8149028420448303, Inverse Test Loss: 0.07800678163766861 
2025-01-09 14:07:30,278 INFO: Epoch 352, Train Loss: 0.7938497797135384, Test Loss: 0.8153229206800461, Inverse Test Loss: 0.07818280905485153 
2025-01-09 14:07:30,362 INFO: Epoch 353, Train Loss: 0.7938407601848725, Test Loss: 0.8153142258524895, Inverse Test Loss: 0.07803092151880264 
2025-01-09 14:07:30,458 INFO: Epoch 354, Train Loss: 0.7948663311619912, Test Loss: 0.8153795450925827, Inverse Test Loss: 0.07801680266857147 
2025-01-09 14:07:30,546 INFO: Epoch 355, Train Loss: 0.7937338390657979, Test Loss: 0.8153977692127228, Inverse Test Loss: 0.07801967859268188 
2025-01-09 14:07:30,635 INFO: Epoch 356, Train Loss: 0.7971360721895772, Test Loss: 0.8153233677148819, Inverse Test Loss: 0.07820478826761246 
2025-01-09 14:07:30,751 INFO: Epoch 357, Train Loss: 0.7942355428972552, Test Loss: 0.815139003098011, Inverse Test Loss: 0.07825600355863571 
2025-01-09 14:07:30,844 INFO: Epoch 358, Train Loss: 0.7959079934704688, Test Loss: 0.8151643499732018, Inverse Test Loss: 0.07813266664743423 
2025-01-09 14:07:30,927 INFO: Epoch 359, Train Loss: 0.7949856904245192, Test Loss: 0.8154811859130859, Inverse Test Loss: 0.07826101034879684 
2025-01-09 14:07:31,008 INFO: Epoch 360, Train Loss: 0.7945622244188862, Test Loss: 0.8150472342967987, Inverse Test Loss: 0.07830948382616043 
2025-01-09 14:07:31,094 INFO: Epoch 361, Train Loss: 0.7932339541373714, Test Loss: 0.8151787519454956, Inverse Test Loss: 0.07821618020534515 
2025-01-09 14:07:31,175 INFO: Epoch 362, Train Loss: 0.7942797445481823, Test Loss: 0.8151647299528122, Inverse Test Loss: 0.07819075137376785 
2025-01-09 14:07:31,258 INFO: Epoch 363, Train Loss: 0.7970811801572, Test Loss: 0.8150027617812157, Inverse Test Loss: 0.07824818789958954 
2025-01-09 14:07:31,343 INFO: Epoch 364, Train Loss: 0.7930880554260746, Test Loss: 0.815445713698864, Inverse Test Loss: 0.07816196978092194 
2025-01-09 14:07:31,418 INFO: Epoch 365, Train Loss: 0.7949853481784943, Test Loss: 0.8151148036122322, Inverse Test Loss: 0.07824484258890152 
2025-01-09 14:07:31,493 INFO: Epoch 366, Train Loss: 0.7931643339895433, Test Loss: 0.8155498281121254, Inverse Test Loss: 0.07808273285627365 
2025-01-09 14:07:31,567 INFO: Epoch 367, Train Loss: 0.7960322210865636, Test Loss: 0.815547376871109, Inverse Test Loss: 0.07829166203737259 
2025-01-09 14:07:31,642 INFO: Epoch 368, Train Loss: 0.7953679446251162, Test Loss: 0.8152989447116852, Inverse Test Loss: 0.07805874198675156 
2025-01-09 14:07:31,715 INFO: Epoch 369, Train Loss: 0.7929112622814793, Test Loss: 0.8152256458997726, Inverse Test Loss: 0.07822077721357346 
2025-01-09 14:07:31,785 INFO: Epoch 370, Train Loss: 0.7948637027894297, Test Loss: 0.8153315037488937, Inverse Test Loss: 0.07822835445404053 
2025-01-09 14:07:31,865 INFO: Epoch 371, Train Loss: 0.7933033012574718, Test Loss: 0.8152260258793831, Inverse Test Loss: 0.07819554954767227 
2025-01-09 14:07:31,940 INFO: Epoch 372, Train Loss: 0.7951532063945648, Test Loss: 0.8155306056141853, Inverse Test Loss: 0.07821935415267944 
2025-01-09 14:07:32,014 INFO: Epoch 373, Train Loss: 0.7939462584833945, Test Loss: 0.815350778400898, Inverse Test Loss: 0.07839381694793701 
2025-01-09 14:07:32,093 INFO: Epoch 374, Train Loss: 0.7939018568684978, Test Loss: 0.8154395148158073, Inverse Test Loss: 0.078197181224823 
2025-01-09 14:07:32,165 INFO: Epoch 375, Train Loss: 0.7950171328360035, Test Loss: 0.8155635222792625, Inverse Test Loss: 0.07811644673347473 
2025-01-09 14:07:32,249 INFO: Epoch 376, Train Loss: 0.7955429380939852, Test Loss: 0.8152198866009712, Inverse Test Loss: 0.0782807245850563 
2025-01-09 14:07:32,317 INFO: Epoch 377, Train Loss: 0.7938924508710061, Test Loss: 0.8152065351605415, Inverse Test Loss: 0.07804539054632187 
2025-01-09 14:07:32,390 INFO: Epoch 378, Train Loss: 0.7938588050103956, Test Loss: 0.8152808621525764, Inverse Test Loss: 0.07821933925151825 
2025-01-09 14:07:32,457 INFO: Epoch 379, Train Loss: 0.7946535195073774, Test Loss: 0.8149071335792542, Inverse Test Loss: 0.07819949090480804 
2025-01-09 14:07:32,534 INFO: Epoch 380, Train Loss: 0.7940818071365356, Test Loss: 0.8155979588627815, Inverse Test Loss: 0.07828491181135178 
2025-01-09 14:07:32,607 INFO: Epoch 381, Train Loss: 0.794974527051372, Test Loss: 0.8157393410801888, Inverse Test Loss: 0.07817401736974716 
2025-01-09 14:07:32,682 INFO: Epoch 382, Train Loss: 0.794341666083182, Test Loss: 0.8154541775584221, Inverse Test Loss: 0.07826824486255646 
2025-01-09 14:07:32,776 INFO: Epoch 383, Train Loss: 0.7960769476429108, Test Loss: 0.8151942044496536, Inverse Test Loss: 0.07822774350643158 
2025-01-09 14:07:32,850 INFO: Epoch 384, Train Loss: 0.7936155565323368, Test Loss: 0.8153626546263695, Inverse Test Loss: 0.0783049687743187 
2025-01-09 14:07:32,923 INFO: Epoch 385, Train Loss: 0.7949266895171134, Test Loss: 0.8154643103480339, Inverse Test Loss: 0.07808808982372284 
2025-01-09 14:07:32,997 INFO: Epoch 386, Train Loss: 0.7953823516445775, Test Loss: 0.8151317834854126, Inverse Test Loss: 0.07839249074459076 
2025-01-09 14:07:33,070 INFO: Epoch 387, Train Loss: 0.7938498470091051, Test Loss: 0.8152782991528511, Inverse Test Loss: 0.0782146230340004 
2025-01-09 14:07:33,136 INFO: Epoch 388, Train Loss: 0.7951875617427211, Test Loss: 0.8155638128519058, Inverse Test Loss: 0.07812747359275818 
2025-01-09 14:07:33,213 INFO: Epoch 389, Train Loss: 0.7960679088869402, Test Loss: 0.8154645040631294, Inverse Test Loss: 0.07821992039680481 
2025-01-09 14:07:33,285 INFO: Epoch 390, Train Loss: 0.7940704880222198, Test Loss: 0.8151200041174889, Inverse Test Loss: 0.07821127027273178 
2025-01-09 14:07:33,362 INFO: Epoch 391, Train Loss: 0.7936658897707539, Test Loss: 0.8154040575027466, Inverse Test Loss: 0.07816261053085327 
2025-01-09 14:07:33,438 INFO: Epoch 392, Train Loss: 0.7938243246847584, Test Loss: 0.8151510953903198, Inverse Test Loss: 0.07815603166818619 
2025-01-09 14:07:33,513 INFO: Epoch 393, Train Loss: 0.7948941223083004, Test Loss: 0.8160118013620377, Inverse Test Loss: 0.07826346904039383 
2025-01-09 14:07:33,590 INFO: Epoch 394, Train Loss: 0.7955783797848609, Test Loss: 0.8157277777791023, Inverse Test Loss: 0.07824210077524185 
2025-01-09 14:07:33,659 INFO: Epoch 395, Train Loss: 0.7930979055743064, Test Loss: 0.8155798688530922, Inverse Test Loss: 0.07826278358697891 
2025-01-09 14:07:33,742 INFO: Epoch 396, Train Loss: 0.795140108754558, Test Loss: 0.8149720206856728, Inverse Test Loss: 0.07816893607378006 
2025-01-09 14:07:33,816 INFO: Epoch 397, Train Loss: 0.7958943343931629, Test Loss: 0.8159843385219574, Inverse Test Loss: 0.07833411544561386 
2025-01-09 14:07:33,888 INFO: Epoch 398, Train Loss: 0.7976039571146811, Test Loss: 0.8153284639120102, Inverse Test Loss: 0.07833497226238251 
2025-01-09 14:07:33,963 INFO: Epoch 399, Train Loss: 0.7952665475107008, Test Loss: 0.815127357840538, Inverse Test Loss: 0.07819094508886337 
2025-01-09 14:07:34,038 INFO: Epoch 400, Train Loss: 0.7939265812596967, Test Loss: 0.8153135105967522, Inverse Test Loss: 0.07832976430654526 
2025-01-09 14:07:34,039 INFO: Best Epoch 115, Best Test Loss: 0.811745710670948 
2025-01-09 14:07:34,110 INFO: Epoch 401, Train Loss: 0.7940494206643873, Test Loss: 0.8157268464565277, Inverse Test Loss: 0.07825600355863571 
2025-01-09 14:07:34,186 INFO: Epoch 402, Train Loss: 0.7951564923409493, Test Loss: 0.8155034705996513, Inverse Test Loss: 0.07834441214799881 
2025-01-09 14:07:34,266 INFO: Epoch 403, Train Loss: 0.7951602878109101, Test Loss: 0.8154282718896866, Inverse Test Loss: 0.07833493500947952 
2025-01-09 14:07:34,338 INFO: Epoch 404, Train Loss: 0.7936161198923665, Test Loss: 0.8151039928197861, Inverse Test Loss: 0.07829596102237701 
2025-01-09 14:07:34,415 INFO: Epoch 405, Train Loss: 0.7918061152581246, Test Loss: 0.8155928775668144, Inverse Test Loss: 0.07828045636415482 
2025-01-09 14:07:34,492 INFO: Epoch 406, Train Loss: 0.7937958394327471, Test Loss: 0.8150609359145164, Inverse Test Loss: 0.07823435962200165 
2025-01-09 14:07:34,565 INFO: Epoch 407, Train Loss: 0.7930543115062099, Test Loss: 0.8157972171902657, Inverse Test Loss: 0.07824569195508957 
2025-01-09 14:07:34,640 INFO: Epoch 408, Train Loss: 0.793269242009809, Test Loss: 0.816054180264473, Inverse Test Loss: 0.07828494161367416 
2025-01-09 14:07:34,719 INFO: Epoch 409, Train Loss: 0.7947509308015147, Test Loss: 0.8152900412678719, Inverse Test Loss: 0.07831238955259323 
2025-01-09 14:07:34,800 INFO: Epoch 410, Train Loss: 0.7953604498217183, Test Loss: 0.8159431964159012, Inverse Test Loss: 0.078390933573246 
2025-01-09 14:07:34,886 INFO: Epoch 411, Train Loss: 0.7946899879363275, Test Loss: 0.8153603076934814, Inverse Test Loss: 0.07823610305786133 
2025-01-09 14:07:34,967 INFO: Epoch 412, Train Loss: 0.7933330939662072, Test Loss: 0.8153077885508537, Inverse Test Loss: 0.07842482626438141 
2025-01-09 14:07:35,040 INFO: Epoch 413, Train Loss: 0.7934321011266401, Test Loss: 0.8156693279743195, Inverse Test Loss: 0.07833263278007507 
2025-01-09 14:07:35,118 INFO: Epoch 414, Train Loss: 0.7921354751433095, Test Loss: 0.8158122524619102, Inverse Test Loss: 0.07831787317991257 
2025-01-09 14:07:35,216 INFO: Epoch 415, Train Loss: 0.7924480611278165, Test Loss: 0.8157905489206314, Inverse Test Loss: 0.07830432802438736 
2025-01-09 14:07:35,312 INFO: Epoch 416, Train Loss: 0.7931648704313463, Test Loss: 0.8159861415624619, Inverse Test Loss: 0.0782773345708847 
2025-01-09 14:07:35,396 INFO: Epoch 417, Train Loss: 0.7948792288380284, Test Loss: 0.8152699247002602, Inverse Test Loss: 0.07837236672639847 
2025-01-09 14:07:35,473 INFO: Epoch 418, Train Loss: 0.7949229978745983, Test Loss: 0.815156877040863, Inverse Test Loss: 0.07837612926959991 
2025-01-09 14:07:35,554 INFO: Epoch 419, Train Loss: 0.7925461934458825, Test Loss: 0.8156691268086433, Inverse Test Loss: 0.07822613418102264 
2025-01-09 14:07:35,643 INFO: Epoch 420, Train Loss: 0.7944278736268321, Test Loss: 0.8160580024123192, Inverse Test Loss: 0.07827667146921158 
2025-01-09 14:07:35,734 INFO: Epoch 421, Train Loss: 0.795574297828059, Test Loss: 0.8151161372661591, Inverse Test Loss: 0.07829704880714417 
2025-01-09 14:07:35,842 INFO: Epoch 422, Train Loss: 0.7950054061028266, Test Loss: 0.8155767694115639, Inverse Test Loss: 0.07830268144607544 
2025-01-09 14:07:35,930 INFO: Epoch 423, Train Loss: 0.7934805770074168, Test Loss: 0.8151739090681076, Inverse Test Loss: 0.07817342132329941 
2025-01-09 14:07:36,008 INFO: Epoch 424, Train Loss: 0.7922717640476842, Test Loss: 0.8149292469024658, Inverse Test Loss: 0.07823573797941208 
2025-01-09 14:07:36,096 INFO: Epoch 425, Train Loss: 0.7949275893549765, Test Loss: 0.815921239554882, Inverse Test Loss: 0.0782543420791626 
2025-01-09 14:07:36,218 INFO: Epoch 426, Train Loss: 0.7949820987639888, Test Loss: 0.816097728908062, Inverse Test Loss: 0.07839877903461456 
2025-01-09 14:07:36,306 INFO: Epoch 427, Train Loss: 0.7947758551566831, Test Loss: 0.8160459697246552, Inverse Test Loss: 0.07827802747488022 
2025-01-09 14:07:36,386 INFO: Epoch 428, Train Loss: 0.7938215540301415, Test Loss: 0.8157933428883553, Inverse Test Loss: 0.07843580096960068 
2025-01-09 14:07:36,465 INFO: Epoch 429, Train Loss: 0.7940224159148431, Test Loss: 0.8157399073243141, Inverse Test Loss: 0.07838249951601028 
2025-01-09 14:07:36,546 INFO: Epoch 430, Train Loss: 0.7963022243592047, Test Loss: 0.8164490908384323, Inverse Test Loss: 0.07843281328678131 
2025-01-09 14:07:36,623 INFO: Epoch 431, Train Loss: 0.7936997432862559, Test Loss: 0.815739706158638, Inverse Test Loss: 0.0782041847705841 
2025-01-09 14:07:36,694 INFO: Epoch 432, Train Loss: 0.7942928191154234, Test Loss: 0.8156708404421806, Inverse Test Loss: 0.07843062281608582 
2025-01-09 14:07:36,769 INFO: Epoch 433, Train Loss: 0.7940015331391366, Test Loss: 0.8155620247125626, Inverse Test Loss: 0.0782247856259346 
2025-01-09 14:07:36,851 INFO: Epoch 434, Train Loss: 0.7931072096670827, Test Loss: 0.815645657479763, Inverse Test Loss: 0.07830525934696198 
2025-01-09 14:07:36,927 INFO: Epoch 435, Train Loss: 0.7949519945729163, Test Loss: 0.815769337117672, Inverse Test Loss: 0.07827769219875336 
2025-01-09 14:07:37,012 INFO: Epoch 436, Train Loss: 0.7946283490427078, Test Loss: 0.815672867000103, Inverse Test Loss: 0.0783052146434784 
2025-01-09 14:07:37,085 INFO: Epoch 437, Train Loss: 0.7945175459308009, Test Loss: 0.8155355080962181, Inverse Test Loss: 0.07838930934667587 
2025-01-09 14:07:37,157 INFO: Epoch 438, Train Loss: 0.7957514236050267, Test Loss: 0.8153859600424767, Inverse Test Loss: 0.07820715755224228 
2025-01-09 14:07:37,234 INFO: Epoch 439, Train Loss: 0.7949005826827018, Test Loss: 0.8156555667519569, Inverse Test Loss: 0.07830149680376053 
2025-01-09 14:07:37,315 INFO: Epoch 440, Train Loss: 0.7933720638675075, Test Loss: 0.8160515651106834, Inverse Test Loss: 0.07831396907567978 
2025-01-09 14:07:37,410 INFO: Epoch 441, Train Loss: 0.7937961220741272, Test Loss: 0.8157413154840469, Inverse Test Loss: 0.07844442129135132 
2025-01-09 14:07:37,487 INFO: Epoch 442, Train Loss: 0.7923037255963972, Test Loss: 0.8160479962825775, Inverse Test Loss: 0.07822105288505554 
2025-01-09 14:07:37,559 INFO: Epoch 443, Train Loss: 0.7950250564082977, Test Loss: 0.8159375041723251, Inverse Test Loss: 0.07842440903186798 
2025-01-09 14:07:37,630 INFO: Epoch 444, Train Loss: 0.795293060041243, Test Loss: 0.8156091570854187, Inverse Test Loss: 0.07850686460733414 
2025-01-09 14:07:37,707 INFO: Epoch 445, Train Loss: 0.7945138216018677, Test Loss: 0.8156163692474365, Inverse Test Loss: 0.07831662893295288 
2025-01-09 14:07:37,792 INFO: Epoch 446, Train Loss: 0.7941905933041726, Test Loss: 0.8158275410532951, Inverse Test Loss: 0.07836877554655075 
2025-01-09 14:07:37,868 INFO: Epoch 447, Train Loss: 0.7946501162744337, Test Loss: 0.8160556331276894, Inverse Test Loss: 0.0782802551984787 
2025-01-09 14:07:37,943 INFO: Epoch 448, Train Loss: 0.793648854378731, Test Loss: 0.8156813085079193, Inverse Test Loss: 0.078353151679039 
2025-01-09 14:07:38,020 INFO: Epoch 449, Train Loss: 0.7945541720236501, Test Loss: 0.8157370015978813, Inverse Test Loss: 0.0783933624625206 
2025-01-09 14:07:38,098 INFO: Epoch 450, Train Loss: 0.7925393696754209, Test Loss: 0.8159631714224815, Inverse Test Loss: 0.07840965688228607 
2025-01-09 14:07:38,169 INFO: Epoch 451, Train Loss: 0.7934743185197154, Test Loss: 0.8157969489693642, Inverse Test Loss: 0.0783022791147232 
2025-01-09 14:07:38,247 INFO: Epoch 452, Train Loss: 0.7928427073263353, Test Loss: 0.8158384636044502, Inverse Test Loss: 0.07837652415037155 
2025-01-09 14:07:38,322 INFO: Epoch 453, Train Loss: 0.7939898314014557, Test Loss: 0.8160074055194855, Inverse Test Loss: 0.07836833596229553 
2025-01-09 14:07:38,396 INFO: Epoch 454, Train Loss: 0.7964756046572039, Test Loss: 0.8157724961638451, Inverse Test Loss: 0.07853112369775772 
2025-01-09 14:07:38,475 INFO: Epoch 455, Train Loss: 0.7948105066053329, Test Loss: 0.8157028183341026, Inverse Test Loss: 0.07825728505849838 
2025-01-09 14:07:38,550 INFO: Epoch 456, Train Loss: 0.7937749220478919, Test Loss: 0.8159590512514114, Inverse Test Loss: 0.07837945967912674 
2025-01-09 14:07:38,633 INFO: Epoch 457, Train Loss: 0.7951160457826429, Test Loss: 0.8150797039270401, Inverse Test Loss: 0.07828648388385773 
2025-01-09 14:07:38,716 INFO: Epoch 458, Train Loss: 0.7941000173168797, Test Loss: 0.8155557364225388, Inverse Test Loss: 0.07835450768470764 
2025-01-09 14:07:38,795 INFO: Epoch 459, Train Loss: 0.794803298288776, Test Loss: 0.815963864326477, Inverse Test Loss: 0.07838639616966248 
2025-01-09 14:07:38,880 INFO: Epoch 460, Train Loss: 0.7940985137416471, Test Loss: 0.8158693611621857, Inverse Test Loss: 0.07825009524822235 
2025-01-09 14:07:38,957 INFO: Epoch 461, Train Loss: 0.7943537389078448, Test Loss: 0.8152822554111481, Inverse Test Loss: 0.07832376658916473 
2025-01-09 14:07:39,033 INFO: Epoch 462, Train Loss: 0.794279154269926, Test Loss: 0.8155479654669762, Inverse Test Loss: 0.07828329503536224 
2025-01-09 14:07:39,107 INFO: Epoch 463, Train Loss: 0.7940736355320099, Test Loss: 0.8161453977227211, Inverse Test Loss: 0.07834282517433167 
2025-01-09 14:07:39,197 INFO: Epoch 464, Train Loss: 0.7949888513934228, Test Loss: 0.8158269822597504, Inverse Test Loss: 0.07837091386318207 
2025-01-09 14:07:39,284 INFO: Epoch 465, Train Loss: 0.7945258367446161, Test Loss: 0.8156649619340897, Inverse Test Loss: 0.07839476317167282 
2025-01-09 14:07:39,372 INFO: Epoch 466, Train Loss: 0.7927050994288537, Test Loss: 0.8157149255275726, Inverse Test Loss: 0.07838128507137299 
2025-01-09 14:07:39,463 INFO: Epoch 467, Train Loss: 0.7945925478012331, Test Loss: 0.8154380992054939, Inverse Test Loss: 0.0783056765794754 
2025-01-09 14:07:39,550 INFO: Epoch 468, Train Loss: 0.7932732259073565, Test Loss: 0.8158374577760696, Inverse Test Loss: 0.07834453135728836 
2025-01-09 14:07:39,632 INFO: Epoch 469, Train Loss: 0.7936456991780189, Test Loss: 0.815659686923027, Inverse Test Loss: 0.07836362719535828 
2025-01-09 14:07:39,711 INFO: Epoch 470, Train Loss: 0.7933513656739266, Test Loss: 0.81557447463274, Inverse Test Loss: 0.07838306576013565 
2025-01-09 14:07:39,791 INFO: Epoch 471, Train Loss: 0.796210931193444, Test Loss: 0.8160742148756981, Inverse Test Loss: 0.07836988568305969 
2025-01-09 14:07:39,886 INFO: Epoch 472, Train Loss: 0.7948949894597453, Test Loss: 0.8159042447805405, Inverse Test Loss: 0.07837548851966858 
2025-01-09 14:07:39,967 INFO: Epoch 473, Train Loss: 0.7935912205326942, Test Loss: 0.8158463463187218, Inverse Test Loss: 0.07841107249259949 
2025-01-09 14:07:40,055 INFO: Epoch 474, Train Loss: 0.792938147821734, Test Loss: 0.8164807856082916, Inverse Test Loss: 0.07848358154296875 
2025-01-09 14:07:40,135 INFO: Epoch 475, Train Loss: 0.7961473176556249, Test Loss: 0.8158207461237907, Inverse Test Loss: 0.0784834772348404 
2025-01-09 14:07:40,216 INFO: Epoch 476, Train Loss: 0.7930934679123663, Test Loss: 0.816010594367981, Inverse Test Loss: 0.07839187979698181 
2025-01-09 14:07:40,296 INFO: Epoch 477, Train Loss: 0.7925740557332193, Test Loss: 0.8162058219313622, Inverse Test Loss: 0.07840265333652496 
2025-01-09 14:07:40,377 INFO: Epoch 478, Train Loss: 0.7936538957780407, Test Loss: 0.8156470581889153, Inverse Test Loss: 0.0783173069357872 
2025-01-09 14:07:40,472 INFO: Epoch 479, Train Loss: 0.793866886246589, Test Loss: 0.8158731088042259, Inverse Test Loss: 0.07837869971990585 
2025-01-09 14:07:40,545 INFO: Epoch 480, Train Loss: 0.7947720366139566, Test Loss: 0.8156648650765419, Inverse Test Loss: 0.07846701890230179 
2025-01-09 14:07:40,641 INFO: Epoch 481, Train Loss: 0.7941000884579074, Test Loss: 0.8159574642777443, Inverse Test Loss: 0.07830746471881866 
2025-01-09 14:07:40,724 INFO: Epoch 482, Train Loss: 0.7951009850348195, Test Loss: 0.815358430147171, Inverse Test Loss: 0.07821755856275558 
2025-01-09 14:07:40,794 INFO: Epoch 483, Train Loss: 0.7957426309585571, Test Loss: 0.8162803128361702, Inverse Test Loss: 0.0783795490860939 
2025-01-09 14:07:40,891 INFO: Epoch 484, Train Loss: 0.7944036337637133, Test Loss: 0.8160876259207726, Inverse Test Loss: 0.07844328880310059 
2025-01-09 14:07:40,973 INFO: Epoch 485, Train Loss: 0.7918508091280537, Test Loss: 0.816093809902668, Inverse Test Loss: 0.07836674898862839 
2025-01-09 14:07:41,048 INFO: Epoch 486, Train Loss: 0.7949674898578275, Test Loss: 0.8160646632313728, Inverse Test Loss: 0.07841482758522034 
2025-01-09 14:07:41,133 INFO: Epoch 487, Train Loss: 0.7930568918105094, Test Loss: 0.8164168000221252, Inverse Test Loss: 0.07842327654361725 
2025-01-09 14:07:41,205 INFO: Epoch 488, Train Loss: 0.7926573022719352, Test Loss: 0.8158198520541191, Inverse Test Loss: 0.07851184159517288 
2025-01-09 14:07:41,278 INFO: Epoch 489, Train Loss: 0.7933947905417411, Test Loss: 0.8162400349974632, Inverse Test Loss: 0.07837464660406113 
2025-01-09 14:07:41,353 INFO: Epoch 490, Train Loss: 0.7948624107145494, Test Loss: 0.8158847838640213, Inverse Test Loss: 0.0784134566783905 
2025-01-09 14:07:41,435 INFO: Epoch 491, Train Loss: 0.7944498811998675, Test Loss: 0.8161948993802071, Inverse Test Loss: 0.07834623008966446 
2025-01-09 14:07:41,504 INFO: Epoch 492, Train Loss: 0.7944703255930254, Test Loss: 0.8161660954356194, Inverse Test Loss: 0.07843936234712601 
2025-01-09 14:07:41,589 INFO: Epoch 493, Train Loss: 0.7948263191407726, Test Loss: 0.8161080777645111, Inverse Test Loss: 0.0784226581454277 
