2025-01-09 14:45:05,249 INFO: namespace(depth=2, grid_size=3, name='KAN', spline_order=3) 
2025-01-09 14:45:05,249 INFO: Dataset:winequality 
2025-01-09 14:45:05,250 INFO: ------Begin Training Model------ 
2025-01-09 14:45:07,290 INFO: Epoch 1, Train Loss: 0.9802634600670107, Test Loss: 0.944553479552269, Inverse Test Loss: 0.08799232542514801 
2025-01-09 14:45:07,440 INFO: Epoch 2, Train Loss: 0.9380944025131964, Test Loss: 0.9113442376255989, Inverse Test Loss: 0.08526087552309036 
2025-01-09 14:45:07,589 INFO: Epoch 3, Train Loss: 0.911953043553137, Test Loss: 0.8840497583150864, Inverse Test Loss: 0.08350981771945953 
2025-01-09 14:45:07,746 INFO: Epoch 4, Train Loss: 0.8869022457830368, Test Loss: 0.8621497377753258, Inverse Test Loss: 0.08198129385709763 
2025-01-09 14:45:07,893 INFO: Epoch 5, Train Loss: 0.860375327448691, Test Loss: 0.8430039063096046, Inverse Test Loss: 0.08080357313156128 
2025-01-09 14:45:08,042 INFO: Epoch 6, Train Loss: 0.8408750334093648, Test Loss: 0.8303692564368248, Inverse Test Loss: 0.07990926504135132 
2025-01-09 14:45:08,192 INFO: Epoch 7, Train Loss: 0.8253841284782656, Test Loss: 0.8225499987602234, Inverse Test Loss: 0.0794624611735344 
2025-01-09 14:45:08,339 INFO: Epoch 8, Train Loss: 0.8159380266743321, Test Loss: 0.8185939714312553, Inverse Test Loss: 0.0793512612581253 
2025-01-09 14:45:08,485 INFO: Epoch 9, Train Loss: 0.8096084114043943, Test Loss: 0.8149223551154137, Inverse Test Loss: 0.07833784818649292 
2025-01-09 14:45:08,632 INFO: Epoch 10, Train Loss: 0.8028194442872079, Test Loss: 0.8123375326395035, Inverse Test Loss: 0.07816344499588013 
2025-01-09 14:45:08,782 INFO: Epoch 11, Train Loss: 0.8007243525597357, Test Loss: 0.8104300275444984, Inverse Test Loss: 0.07788020372390747 
2025-01-09 14:45:08,929 INFO: Epoch 12, Train Loss: 0.7952910084878245, Test Loss: 0.8079359233379364, Inverse Test Loss: 0.07777542620897293 
2025-01-09 14:45:09,079 INFO: Epoch 13, Train Loss: 0.793646425970139, Test Loss: 0.8070069774985313, Inverse Test Loss: 0.07694961875677109 
2025-01-09 14:45:09,225 INFO: Epoch 14, Train Loss: 0.7885509152566234, Test Loss: 0.8032528311014175, Inverse Test Loss: 0.07732772082090378 
2025-01-09 14:45:09,378 INFO: Epoch 15, Train Loss: 0.7873714854640346, Test Loss: 0.8034943416714668, Inverse Test Loss: 0.0768970176577568 
2025-01-09 14:45:09,526 INFO: Epoch 16, Train Loss: 0.7871640439956419, Test Loss: 0.8013007715344429, Inverse Test Loss: 0.07647522538900375 
2025-01-09 14:45:09,681 INFO: Epoch 17, Train Loss: 0.7819025228100438, Test Loss: 0.8005169704556465, Inverse Test Loss: 0.07683338969945908 
2025-01-09 14:45:09,832 INFO: Epoch 18, Train Loss: 0.7784609333161385, Test Loss: 0.7997169196605682, Inverse Test Loss: 0.07726062089204788 
2025-01-09 14:45:09,994 INFO: Epoch 19, Train Loss: 0.7777458121699672, Test Loss: 0.7981236502528191, Inverse Test Loss: 0.07623309642076492 
2025-01-09 14:45:10,145 INFO: Epoch 20, Train Loss: 0.7768944963332145, Test Loss: 0.7973435670137405, Inverse Test Loss: 0.07634548842906952 
2025-01-09 14:45:10,297 INFO: Epoch 21, Train Loss: 0.7740030942424652, Test Loss: 0.7970334812998772, Inverse Test Loss: 0.07611777633428574 
2025-01-09 14:45:10,444 INFO: Epoch 22, Train Loss: 0.7723746280516347, Test Loss: 0.7958774566650391, Inverse Test Loss: 0.07662607729434967 
2025-01-09 14:45:10,596 INFO: Epoch 23, Train Loss: 0.7680518531030224, Test Loss: 0.7945285737514496, Inverse Test Loss: 0.07610111683607101 
2025-01-09 14:45:10,745 INFO: Epoch 24, Train Loss: 0.7668541804436715, Test Loss: 0.7943805232644081, Inverse Test Loss: 0.07577992230653763 
2025-01-09 14:45:10,894 INFO: Epoch 25, Train Loss: 0.7665840714208542, Test Loss: 0.7946275919675827, Inverse Test Loss: 0.07542826980352402 
2025-01-09 14:45:11,045 INFO: Epoch 26, Train Loss: 0.7633176984325531, Test Loss: 0.7933066561818123, Inverse Test Loss: 0.07575146108865738 
2025-01-09 14:45:11,194 INFO: Epoch 27, Train Loss: 0.7599221237244145, Test Loss: 0.792749710381031, Inverse Test Loss: 0.07584717869758606 
2025-01-09 14:45:11,341 INFO: Epoch 28, Train Loss: 0.7624769826089183, Test Loss: 0.7930035591125488, Inverse Test Loss: 0.07625006884336472 
2025-01-09 14:45:11,493 INFO: Epoch 29, Train Loss: 0.7596774158939239, Test Loss: 0.7907092869281769, Inverse Test Loss: 0.07599911093711853 
2025-01-09 14:45:11,641 INFO: Epoch 30, Train Loss: 0.7601291710330594, Test Loss: 0.7906385809183121, Inverse Test Loss: 0.07579169422388077 
2025-01-09 14:45:11,796 INFO: Epoch 31, Train Loss: 0.7564081703462908, Test Loss: 0.7903473228216171, Inverse Test Loss: 0.07592812925577164 
2025-01-09 14:45:11,946 INFO: Epoch 32, Train Loss: 0.7556295952489299, Test Loss: 0.7898456379771233, Inverse Test Loss: 0.07539237290620804 
2025-01-09 14:45:12,095 INFO: Epoch 33, Train Loss: 0.754832765748424, Test Loss: 0.7890931144356728, Inverse Test Loss: 0.07490595430135727 
2025-01-09 14:45:12,241 INFO: Epoch 34, Train Loss: 0.7547159367992032, Test Loss: 0.7893844693899155, Inverse Test Loss: 0.07560855895280838 
2025-01-09 14:45:12,389 INFO: Epoch 35, Train Loss: 0.7526370075441176, Test Loss: 0.788315512239933, Inverse Test Loss: 0.0757657140493393 
2025-01-09 14:45:12,534 INFO: Epoch 36, Train Loss: 0.7489079198529643, Test Loss: 0.7879226431250572, Inverse Test Loss: 0.07542257010936737 
2025-01-09 14:45:12,683 INFO: Epoch 37, Train Loss: 0.7519404119060885, Test Loss: 0.7876671478152275, Inverse Test Loss: 0.07582059502601624 
2025-01-09 14:45:12,829 INFO: Epoch 38, Train Loss: 0.7505946620818107, Test Loss: 0.7864036932587624, Inverse Test Loss: 0.07515755295753479 
2025-01-09 14:45:12,979 INFO: Epoch 39, Train Loss: 0.7485381595550045, Test Loss: 0.7849888280034065, Inverse Test Loss: 0.07538911700248718 
2025-01-09 14:45:13,125 INFO: Epoch 40, Train Loss: 0.7475050995426793, Test Loss: 0.7862363532185555, Inverse Test Loss: 0.07553961127996445 
2025-01-09 14:45:13,274 INFO: Epoch 41, Train Loss: 0.746812310910994, Test Loss: 0.7857102826237679, Inverse Test Loss: 0.07564547657966614 
2025-01-09 14:45:13,424 INFO: Epoch 42, Train Loss: 0.7457307154132474, Test Loss: 0.7844722419977188, Inverse Test Loss: 0.07545412331819534 
2025-01-09 14:45:13,577 INFO: Epoch 43, Train Loss: 0.7439522570179354, Test Loss: 0.7843631953001022, Inverse Test Loss: 0.07539044320583344 
2025-01-09 14:45:13,723 INFO: Epoch 44, Train Loss: 0.7449047776960558, Test Loss: 0.7844523936510086, Inverse Test Loss: 0.07485425472259521 
2025-01-09 14:45:13,877 INFO: Epoch 45, Train Loss: 0.7407372074742471, Test Loss: 0.7831144481897354, Inverse Test Loss: 0.07565475255250931 
2025-01-09 14:45:14,025 INFO: Epoch 46, Train Loss: 0.7408730195414636, Test Loss: 0.783723957836628, Inverse Test Loss: 0.07499746978282928 
2025-01-09 14:45:14,173 INFO: Epoch 47, Train Loss: 0.7420610573983961, Test Loss: 0.7831247374415398, Inverse Test Loss: 0.07502786815166473 
2025-01-09 14:45:14,320 INFO: Epoch 48, Train Loss: 0.7392224400274215, Test Loss: 0.7824214324355125, Inverse Test Loss: 0.0754292756319046 
2025-01-09 14:45:14,472 INFO: Epoch 49, Train Loss: 0.7400239263811419, Test Loss: 0.7827059999108315, Inverse Test Loss: 0.07541573792695999 
2025-01-09 14:45:14,617 INFO: Epoch 50, Train Loss: 0.7387251853942871, Test Loss: 0.7828473076224327, Inverse Test Loss: 0.07466057687997818 
2025-01-09 14:45:14,765 INFO: Epoch 51, Train Loss: 0.7402285721994215, Test Loss: 0.7822134494781494, Inverse Test Loss: 0.07491588592529297 
2025-01-09 14:45:14,907 INFO: Epoch 52, Train Loss: 0.7364767001521203, Test Loss: 0.7816430032253265, Inverse Test Loss: 0.07510426640510559 
2025-01-09 14:45:15,053 INFO: Epoch 53, Train Loss: 0.7368188865723149, Test Loss: 0.7818934321403503, Inverse Test Loss: 0.07629481703042984 
2025-01-09 14:45:15,206 INFO: Epoch 54, Train Loss: 0.7350693037433009, Test Loss: 0.7806586250662804, Inverse Test Loss: 0.07507000118494034 
2025-01-09 14:45:15,354 INFO: Epoch 55, Train Loss: 0.7348615104152311, Test Loss: 0.7816509306430817, Inverse Test Loss: 0.07564237713813782 
2025-01-09 14:45:15,492 INFO: Epoch 56, Train Loss: 0.7343350879607662, Test Loss: 0.7806121036410332, Inverse Test Loss: 0.07566516846418381 
2025-01-09 14:45:15,642 INFO: Epoch 57, Train Loss: 0.7319169102176544, Test Loss: 0.7805730327963829, Inverse Test Loss: 0.0752001628279686 
2025-01-09 14:45:15,787 INFO: Epoch 58, Train Loss: 0.7312316394621327, Test Loss: 0.7808619737625122, Inverse Test Loss: 0.07548154145479202 
2025-01-09 14:45:15,946 INFO: Epoch 59, Train Loss: 0.7316101308791868, Test Loss: 0.7817676886916161, Inverse Test Loss: 0.07452409714460373 
2025-01-09 14:45:16,091 INFO: Epoch 60, Train Loss: 0.7281942713645196, Test Loss: 0.7802574411034584, Inverse Test Loss: 0.07524987310171127 
2025-01-09 14:45:16,247 INFO: Epoch 61, Train Loss: 0.7288038422984462, Test Loss: 0.7797601819038391, Inverse Test Loss: 0.07518843561410904 
2025-01-09 14:45:16,391 INFO: Epoch 62, Train Loss: 0.7280620548032946, Test Loss: 0.780352994799614, Inverse Test Loss: 0.07518279552459717 
2025-01-09 14:45:16,546 INFO: Epoch 63, Train Loss: 0.7261020041281178, Test Loss: 0.7796549871563911, Inverse Test Loss: 0.07506824284791946 
2025-01-09 14:45:16,694 INFO: Epoch 64, Train Loss: 0.7264129231053014, Test Loss: 0.780276820063591, Inverse Test Loss: 0.0754057914018631 
2025-01-09 14:45:16,851 INFO: Epoch 65, Train Loss: 0.7259991880386106, Test Loss: 0.7812058627605438, Inverse Test Loss: 0.07456351816654205 
2025-01-09 14:45:16,996 INFO: Epoch 66, Train Loss: 0.7263748972646652, Test Loss: 0.7807452082633972, Inverse Test Loss: 0.0751894861459732 
2025-01-09 14:45:17,148 INFO: Epoch 67, Train Loss: 0.7227492601640763, Test Loss: 0.7794281020760536, Inverse Test Loss: 0.07513173669576645 
2025-01-09 14:45:17,291 INFO: Epoch 68, Train Loss: 0.7228837763109515, Test Loss: 0.7790803834795952, Inverse Test Loss: 0.07503630220890045 
2025-01-09 14:45:17,445 INFO: Epoch 69, Train Loss: 0.7221409966868739, Test Loss: 0.7784703001379967, Inverse Test Loss: 0.07515781372785568 
2025-01-09 14:45:17,589 INFO: Epoch 70, Train Loss: 0.7225674044701361, Test Loss: 0.7785099372267723, Inverse Test Loss: 0.07552968710660934 
2025-01-09 14:45:17,746 INFO: Epoch 71, Train Loss: 0.7229800916487171, Test Loss: 0.7781859785318375, Inverse Test Loss: 0.07593956589698792 
2025-01-09 14:45:17,894 INFO: Epoch 72, Train Loss: 0.7211726903915405, Test Loss: 0.7789677828550339, Inverse Test Loss: 0.0750064104795456 
2025-01-09 14:45:18,049 INFO: Epoch 73, Train Loss: 0.7213156569388605, Test Loss: 0.7790981605648994, Inverse Test Loss: 0.07453825324773788 
2025-01-09 14:45:18,194 INFO: Epoch 74, Train Loss: 0.7191136440923137, Test Loss: 0.7794074863195419, Inverse Test Loss: 0.07510039210319519 
2025-01-09 14:45:18,349 INFO: Epoch 75, Train Loss: 0.719770320000187, Test Loss: 0.7782690450549126, Inverse Test Loss: 0.07590432465076447 
2025-01-09 14:45:18,495 INFO: Epoch 76, Train Loss: 0.7180928145685503, Test Loss: 0.7781174406409264, Inverse Test Loss: 0.07568887621164322 
2025-01-09 14:45:18,649 INFO: Epoch 77, Train Loss: 0.7159545902282961, Test Loss: 0.7785619124770164, Inverse Test Loss: 0.07582690566778183 
2025-01-09 14:45:18,794 INFO: Epoch 78, Train Loss: 0.7144710594607938, Test Loss: 0.778629258275032, Inverse Test Loss: 0.07568184286355972 
2025-01-09 14:45:18,962 INFO: Epoch 79, Train Loss: 0.7145604452779216, Test Loss: 0.7771638706326485, Inverse Test Loss: 0.07505426555871964 
2025-01-09 14:45:19,109 INFO: Epoch 80, Train Loss: 0.7138157063914884, Test Loss: 0.7788115665316582, Inverse Test Loss: 0.07571009546518326 
2025-01-09 14:45:19,264 INFO: Epoch 81, Train Loss: 0.7142515047903983, Test Loss: 0.7768987491726875, Inverse Test Loss: 0.07538928836584091 
2025-01-09 14:45:19,414 INFO: Epoch 82, Train Loss: 0.7127422228936227, Test Loss: 0.7774947136640549, Inverse Test Loss: 0.07503010332584381 
2025-01-09 14:45:19,570 INFO: Epoch 83, Train Loss: 0.7111336742677996, Test Loss: 0.7784919291734695, Inverse Test Loss: 0.07548046857118607 
2025-01-09 14:45:19,716 INFO: Epoch 84, Train Loss: 0.7103595099141521, Test Loss: 0.7788107767701149, Inverse Test Loss: 0.07602257281541824 
2025-01-09 14:45:19,872 INFO: Epoch 85, Train Loss: 0.7079892273872129, Test Loss: 0.7778238132596016, Inverse Test Loss: 0.07532931864261627 
2025-01-09 14:45:20,027 INFO: Epoch 86, Train Loss: 0.7086431999360362, Test Loss: 0.7778152972459793, Inverse Test Loss: 0.07538190484046936 
2025-01-09 14:45:20,190 INFO: Epoch 87, Train Loss: 0.7072611143512111, Test Loss: 0.7781098261475563, Inverse Test Loss: 0.07608676701784134 
2025-01-09 14:45:20,349 INFO: Epoch 88, Train Loss: 0.7064429829197545, Test Loss: 0.7792990654706955, Inverse Test Loss: 0.07555504143238068 
2025-01-09 14:45:20,504 INFO: Epoch 89, Train Loss: 0.7062404155731201, Test Loss: 0.7781584039330482, Inverse Test Loss: 0.07632636278867722 
2025-01-09 14:45:20,652 INFO: Epoch 90, Train Loss: 0.7053141459341972, Test Loss: 0.7776946872472763, Inverse Test Loss: 0.0748375728726387 
2025-01-09 14:45:20,809 INFO: Epoch 91, Train Loss: 0.7033809384992046, Test Loss: 0.7781821563839912, Inverse Test Loss: 0.07632463425397873 
2025-01-09 14:45:20,953 INFO: Epoch 92, Train Loss: 0.7043434958304128, Test Loss: 0.778246596455574, Inverse Test Loss: 0.07502580434083939 
2025-01-09 14:45:21,107 INFO: Epoch 93, Train Loss: 0.7023755811875866, Test Loss: 0.7788723260164261, Inverse Test Loss: 0.07586702704429626 
2025-01-09 14:45:21,259 INFO: Epoch 94, Train Loss: 0.7008685758036952, Test Loss: 0.7781975939869881, Inverse Test Loss: 0.07555461674928665 
2025-01-09 14:45:21,409 INFO: Epoch 95, Train Loss: 0.6998670697212219, Test Loss: 0.7782412394881248, Inverse Test Loss: 0.0760401114821434 
2025-01-09 14:45:21,556 INFO: Epoch 96, Train Loss: 0.6995826882700766, Test Loss: 0.7787354588508606, Inverse Test Loss: 0.07652510702610016 
2025-01-09 14:45:21,708 INFO: Epoch 97, Train Loss: 0.6985309200902139, Test Loss: 0.7784934863448143, Inverse Test Loss: 0.07625681906938553 
2025-01-09 14:45:21,854 INFO: Epoch 98, Train Loss: 0.6987716055685474, Test Loss: 0.7798002660274506, Inverse Test Loss: 0.07617685198783875 
2025-01-09 14:45:22,011 INFO: Epoch 99, Train Loss: 0.6984918752024251, Test Loss: 0.777662955224514, Inverse Test Loss: 0.07653208076953888 
2025-01-09 14:45:22,155 INFO: Epoch 100, Train Loss: 0.6967253992634435, Test Loss: 0.7793230339884758, Inverse Test Loss: 0.07638709992170334 
2025-01-09 14:45:22,155 INFO: Best Epoch 81, Best Test Loss: 0.7768987491726875 
2025-01-09 14:45:22,315 INFO: Epoch 101, Train Loss: 0.6965960725661247, Test Loss: 0.7773062288761139, Inverse Test Loss: 0.07626232504844666 
2025-01-09 14:45:22,461 INFO: Epoch 102, Train Loss: 0.6937797377186437, Test Loss: 0.7785701602697372, Inverse Test Loss: 0.07654628902673721 
2025-01-09 14:45:22,611 INFO: Epoch 103, Train Loss: 0.6930070615583851, Test Loss: 0.7792566120624542, Inverse Test Loss: 0.07649964839220047 
2025-01-09 14:45:22,757 INFO: Epoch 104, Train Loss: 0.6920652543344805, Test Loss: 0.7787516117095947, Inverse Test Loss: 0.07678710669279099 
2025-01-09 14:45:22,908 INFO: Epoch 105, Train Loss: 0.6920361807269435, Test Loss: 0.7799978330731392, Inverse Test Loss: 0.07687221467494965 
2025-01-09 14:45:23,055 INFO: Epoch 106, Train Loss: 0.6915585437128621, Test Loss: 0.7790198624134064, Inverse Test Loss: 0.07646401226520538 
2025-01-09 14:45:23,203 INFO: Epoch 107, Train Loss: 0.69049907307471, Test Loss: 0.7797665745019913, Inverse Test Loss: 0.07658328860998154 
2025-01-09 14:45:23,348 INFO: Epoch 108, Train Loss: 0.6903428377643708, Test Loss: 0.7792267203330994, Inverse Test Loss: 0.07706035673618317 
2025-01-09 14:45:23,498 INFO: Epoch 109, Train Loss: 0.6914478790375495, Test Loss: 0.7810806557536125, Inverse Test Loss: 0.07808437198400497 
2025-01-09 14:45:23,642 INFO: Epoch 110, Train Loss: 0.6895714863654105, Test Loss: 0.7803531438112259, Inverse Test Loss: 0.07751810550689697 
2025-01-09 14:45:23,791 INFO: Epoch 111, Train Loss: 0.6878836116483135, Test Loss: 0.7808781638741493, Inverse Test Loss: 0.07699774205684662 
2025-01-09 14:45:23,938 INFO: Epoch 112, Train Loss: 0.6858769366818089, Test Loss: 0.779770128428936, Inverse Test Loss: 0.07735428959131241 
2025-01-09 14:45:24,090 INFO: Epoch 113, Train Loss: 0.6850119713814028, Test Loss: 0.7802138850092888, Inverse Test Loss: 0.07730914652347565 
2025-01-09 14:45:24,242 INFO: Epoch 114, Train Loss: 0.6850403181968197, Test Loss: 0.7803817987442017, Inverse Test Loss: 0.0779033899307251 
2025-01-09 14:45:24,396 INFO: Epoch 115, Train Loss: 0.6842905417565377, Test Loss: 0.7809755951166153, Inverse Test Loss: 0.07793188095092773 
2025-01-09 14:45:24,542 INFO: Epoch 116, Train Loss: 0.6852256463420007, Test Loss: 0.7804577201604843, Inverse Test Loss: 0.07704750448465347 
2025-01-09 14:45:24,693 INFO: Epoch 117, Train Loss: 0.6837782321437713, Test Loss: 0.7803277224302292, Inverse Test Loss: 0.07723192870616913 
2025-01-09 14:45:24,841 INFO: Epoch 118, Train Loss: 0.6817157576161046, Test Loss: 0.7802060768008232, Inverse Test Loss: 0.07767029106616974 
2025-01-09 14:45:24,991 INFO: Epoch 119, Train Loss: 0.682563889411188, Test Loss: 0.7811161950230598, Inverse Test Loss: 0.07750828564167023 
2025-01-09 14:45:25,134 INFO: Epoch 120, Train Loss: 0.6811721767148664, Test Loss: 0.7820462360978127, Inverse Test Loss: 0.07862907648086548 
2025-01-09 14:45:25,289 INFO: Epoch 121, Train Loss: 0.6800531821866189, Test Loss: 0.7809305489063263, Inverse Test Loss: 0.0780247375369072 
2025-01-09 14:45:25,445 INFO: Epoch 122, Train Loss: 0.6818175315856934, Test Loss: 0.7810884937644005, Inverse Test Loss: 0.0777963250875473 
2025-01-09 14:45:25,600 INFO: Epoch 123, Train Loss: 0.6814709728763949, Test Loss: 0.7813155055046082, Inverse Test Loss: 0.07828469574451447 
2025-01-09 14:45:25,753 INFO: Epoch 124, Train Loss: 0.6793416277054818, Test Loss: 0.7815062999725342, Inverse Test Loss: 0.07852895557880402 
2025-01-09 14:45:25,907 INFO: Epoch 125, Train Loss: 0.6785224599222983, Test Loss: 0.7821132242679596, Inverse Test Loss: 0.07828479260206223 
2025-01-09 14:45:26,055 INFO: Epoch 126, Train Loss: 0.6792449085943161, Test Loss: 0.7825666069984436, Inverse Test Loss: 0.07767266035079956 
2025-01-09 14:45:26,208 INFO: Epoch 127, Train Loss: 0.6754738380832057, Test Loss: 0.7825784161686897, Inverse Test Loss: 0.07741302251815796 
2025-01-09 14:45:26,352 INFO: Epoch 128, Train Loss: 0.6773002609129875, Test Loss: 0.7839375361800194, Inverse Test Loss: 0.07856576144695282 
2025-01-09 14:45:26,509 INFO: Epoch 129, Train Loss: 0.6744724627464048, Test Loss: 0.7828028276562691, Inverse Test Loss: 0.07853137701749802 
2025-01-09 14:45:26,652 INFO: Epoch 130, Train Loss: 0.6755220524726375, Test Loss: 0.7833068817853928, Inverse Test Loss: 0.07929126918315887 
2025-01-09 14:45:26,809 INFO: Epoch 131, Train Loss: 0.6747371362101647, Test Loss: 0.7820777371525764, Inverse Test Loss: 0.07854077965021133 
2025-01-09 14:45:26,956 INFO: Epoch 132, Train Loss: 0.6729465088536662, Test Loss: 0.7832081913948059, Inverse Test Loss: 0.07829181104898453 
2025-01-09 14:45:27,112 INFO: Epoch 133, Train Loss: 0.6745765882153665, Test Loss: 0.7829716727137566, Inverse Test Loss: 0.07931343466043472 
2025-01-09 14:45:27,263 INFO: Epoch 134, Train Loss: 0.6745178968675675, Test Loss: 0.7844773381948471, Inverse Test Loss: 0.08005856722593307 
2025-01-09 14:45:27,421 INFO: Epoch 135, Train Loss: 0.67405512063734, Test Loss: 0.7826691716909409, Inverse Test Loss: 0.07904119789600372 
2025-01-09 14:45:27,564 INFO: Epoch 136, Train Loss: 0.6718890282415575, Test Loss: 0.7834670692682266, Inverse Test Loss: 0.0784512609243393 
2025-01-09 14:45:27,714 INFO: Epoch 137, Train Loss: 0.6735802350505706, Test Loss: 0.7846275940537453, Inverse Test Loss: 0.07859387248754501 
2025-01-09 14:45:27,857 INFO: Epoch 138, Train Loss: 0.6696900436955113, Test Loss: 0.7846516221761703, Inverse Test Loss: 0.07916256785392761 
2025-01-09 14:45:28,011 INFO: Epoch 139, Train Loss: 0.6705703389260077, Test Loss: 0.783857136964798, Inverse Test Loss: 0.07905910164117813 
2025-01-09 14:45:28,155 INFO: Epoch 140, Train Loss: 0.6687824783786651, Test Loss: 0.7840185388922691, Inverse Test Loss: 0.0790177434682846 
2025-01-09 14:45:28,309 INFO: Epoch 141, Train Loss: 0.6692478406813837, Test Loss: 0.7853857949376106, Inverse Test Loss: 0.07936416566371918 
2025-01-09 14:45:28,460 INFO: Epoch 142, Train Loss: 0.6700584234729889, Test Loss: 0.7850969135761261, Inverse Test Loss: 0.0803675651550293 
2025-01-09 14:45:28,610 INFO: Epoch 143, Train Loss: 0.6686766589841535, Test Loss: 0.7851951494812965, Inverse Test Loss: 0.07984911650419235 
2025-01-09 14:45:28,755 INFO: Epoch 144, Train Loss: 0.6682315987925376, Test Loss: 0.7859418541193008, Inverse Test Loss: 0.0785461813211441 
2025-01-09 14:45:28,906 INFO: Epoch 145, Train Loss: 0.666229159601273, Test Loss: 0.7857380583882332, Inverse Test Loss: 0.08002156764268875 
2025-01-09 14:45:29,066 INFO: Epoch 146, Train Loss: 0.6665374405922428, Test Loss: 0.7857234850525856, Inverse Test Loss: 0.07911805808544159 
2025-01-09 14:45:29,219 INFO: Epoch 147, Train Loss: 0.668110309108611, Test Loss: 0.7860335037112236, Inverse Test Loss: 0.0796549916267395 
2025-01-09 14:45:29,364 INFO: Epoch 148, Train Loss: 0.6661360994462044, Test Loss: 0.787364274263382, Inverse Test Loss: 0.07937663793563843 
2025-01-09 14:45:29,514 INFO: Epoch 149, Train Loss: 0.6666041093487893, Test Loss: 0.7867400273680687, Inverse Test Loss: 0.07976015657186508 
2025-01-09 14:45:29,663 INFO: Epoch 150, Train Loss: 0.6648626731288049, Test Loss: 0.7859880849719048, Inverse Test Loss: 0.0802178606390953 
2025-01-09 14:45:29,814 INFO: Epoch 151, Train Loss: 0.6655428813349816, Test Loss: 0.7869325131177902, Inverse Test Loss: 0.08119719475507736 
2025-01-09 14:45:29,963 INFO: Epoch 152, Train Loss: 0.6635126452292165, Test Loss: 0.7867090478539467, Inverse Test Loss: 0.0808933824300766 
2025-01-09 14:45:30,128 INFO: Epoch 153, Train Loss: 0.6617231330563945, Test Loss: 0.7864764109253883, Inverse Test Loss: 0.08050394803285599 
2025-01-09 14:45:30,277 INFO: Epoch 154, Train Loss: 0.6613478295264705, Test Loss: 0.7873555719852448, Inverse Test Loss: 0.08074114471673965 
2025-01-09 14:45:30,429 INFO: Epoch 155, Train Loss: 0.6609487437432812, Test Loss: 0.7892458885908127, Inverse Test Loss: 0.07963991165161133 
2025-01-09 14:45:30,575 INFO: Epoch 156, Train Loss: 0.6619665103573953, Test Loss: 0.7877201735973358, Inverse Test Loss: 0.08144673705101013 
2025-01-09 14:45:30,734 INFO: Epoch 157, Train Loss: 0.6587483902131358, Test Loss: 0.7880329489707947, Inverse Test Loss: 0.08101405948400497 
2025-01-09 14:45:30,895 INFO: Epoch 158, Train Loss: 0.6603484288338692, Test Loss: 0.7883708402514458, Inverse Test Loss: 0.08082808554172516 
2025-01-09 14:45:31,051 INFO: Epoch 159, Train Loss: 0.6609560232008657, Test Loss: 0.7894866243004799, Inverse Test Loss: 0.08122144639492035 
2025-01-09 14:45:31,197 INFO: Epoch 160, Train Loss: 0.6579661676960606, Test Loss: 0.7882766500115395, Inverse Test Loss: 0.08097522705793381 
2025-01-09 14:45:31,351 INFO: Epoch 161, Train Loss: 0.6589918924916175, Test Loss: 0.7886170819401741, Inverse Test Loss: 0.08112416416406631 
2025-01-09 14:45:31,504 INFO: Epoch 162, Train Loss: 0.6581882949798338, Test Loss: 0.7885859087109566, Inverse Test Loss: 0.08228076994419098 
2025-01-09 14:45:31,668 INFO: Epoch 163, Train Loss: 0.6570219493681385, Test Loss: 0.7878569662570953, Inverse Test Loss: 0.08083674311637878 
2025-01-09 14:45:31,826 INFO: Epoch 164, Train Loss: 0.658262973831546, Test Loss: 0.7896932512521744, Inverse Test Loss: 0.08146542310714722 
2025-01-09 14:45:31,983 INFO: Epoch 165, Train Loss: 0.6586574623661656, Test Loss: 0.7912332490086555, Inverse Test Loss: 0.0804891437292099 
2025-01-09 14:45:32,139 INFO: Epoch 166, Train Loss: 0.6557307877848225, Test Loss: 0.7892715111374855, Inverse Test Loss: 0.08058208227157593 
2025-01-09 14:45:32,297 INFO: Epoch 167, Train Loss: 0.6567873820181815, Test Loss: 0.7901331037282944, Inverse Test Loss: 0.08225329965353012 
2025-01-09 14:45:32,446 INFO: Epoch 168, Train Loss: 0.6570007416509813, Test Loss: 0.7902340888977051, Inverse Test Loss: 0.08091765642166138 
2025-01-09 14:45:32,600 INFO: Epoch 169, Train Loss: 0.656398311738045, Test Loss: 0.7902942672371864, Inverse Test Loss: 0.08118665218353271 
2025-01-09 14:45:32,745 INFO: Epoch 170, Train Loss: 0.6540296289228624, Test Loss: 0.7902104258537292, Inverse Test Loss: 0.08110684901475906 
2025-01-09 14:45:32,903 INFO: Epoch 171, Train Loss: 0.6536031192348849, Test Loss: 0.7901626229286194, Inverse Test Loss: 0.08140527456998825 
2025-01-09 14:45:33,047 INFO: Epoch 172, Train Loss: 0.6545545958703564, Test Loss: 0.7907269224524498, Inverse Test Loss: 0.08145511895418167 
2025-01-09 14:45:33,204 INFO: Epoch 173, Train Loss: 0.651973674374242, Test Loss: 0.7901058197021484, Inverse Test Loss: 0.08167202025651932 
2025-01-09 14:45:33,348 INFO: Epoch 174, Train Loss: 0.6532526189281095, Test Loss: 0.7913792058825493, Inverse Test Loss: 0.08160524815320969 
2025-01-09 14:45:33,521 INFO: Epoch 175, Train Loss: 0.6532631189592423, Test Loss: 0.7909590899944305, Inverse Test Loss: 0.08240484446287155 
2025-01-09 14:45:33,674 INFO: Epoch 176, Train Loss: 0.6526414771233836, Test Loss: 0.7915065959095955, Inverse Test Loss: 0.08230440318584442 
2025-01-09 14:45:33,831 INFO: Epoch 177, Train Loss: 0.6513340569311573, Test Loss: 0.791414275765419, Inverse Test Loss: 0.08167077600955963 
2025-01-09 14:45:33,976 INFO: Epoch 178, Train Loss: 0.6520176760611995, Test Loss: 0.7922102883458138, Inverse Test Loss: 0.08108553290367126 
2025-01-09 14:45:34,128 INFO: Epoch 179, Train Loss: 0.6500970298244108, Test Loss: 0.7924367934465408, Inverse Test Loss: 0.08181614428758621 
2025-01-09 14:45:34,276 INFO: Epoch 180, Train Loss: 0.6502618482035976, Test Loss: 0.7913433611392975, Inverse Test Loss: 0.08215602487325668 
2025-01-09 14:45:34,432 INFO: Epoch 181, Train Loss: 0.6499686587241388, Test Loss: 0.7911617234349251, Inverse Test Loss: 0.08303297311067581 
2025-01-09 14:45:34,581 INFO: Epoch 182, Train Loss: 0.6488380335992382, Test Loss: 0.7909233644604683, Inverse Test Loss: 0.08276312798261642 
2025-01-09 14:45:34,734 INFO: Epoch 183, Train Loss: 0.6486263121328046, Test Loss: 0.7916384413838387, Inverse Test Loss: 0.0828486829996109 
2025-01-09 14:45:34,882 INFO: Epoch 184, Train Loss: 0.6509362170773167, Test Loss: 0.7918022945523262, Inverse Test Loss: 0.08295834809541702 
2025-01-09 14:45:35,034 INFO: Epoch 185, Train Loss: 0.6484783964772378, Test Loss: 0.791113018989563, Inverse Test Loss: 0.08222142606973648 
2025-01-09 14:45:35,183 INFO: Epoch 186, Train Loss: 0.6486819578755286, Test Loss: 0.792649008333683, Inverse Test Loss: 0.08233245462179184 
2025-01-09 14:45:35,335 INFO: Epoch 187, Train Loss: 0.6472141127432546, Test Loss: 0.7928652390837669, Inverse Test Loss: 0.0835825502872467 
2025-01-09 14:45:35,484 INFO: Epoch 188, Train Loss: 0.6490543273187452, Test Loss: 0.7915869206190109, Inverse Test Loss: 0.08242496103048325 
2025-01-09 14:45:35,638 INFO: Epoch 189, Train Loss: 0.6482483417757096, Test Loss: 0.7945887893438339, Inverse Test Loss: 0.0823059007525444 
2025-01-09 14:45:35,794 INFO: Epoch 190, Train Loss: 0.6482451673476927, Test Loss: 0.7929338663816452, Inverse Test Loss: 0.08205175399780273 
2025-01-09 14:45:35,950 INFO: Epoch 191, Train Loss: 0.6441858487744485, Test Loss: 0.7920731082558632, Inverse Test Loss: 0.08295605331659317 
2025-01-09 14:45:36,098 INFO: Epoch 192, Train Loss: 0.647647125105704, Test Loss: 0.7937024384737015, Inverse Test Loss: 0.08310040086507797 
2025-01-09 14:45:36,257 INFO: Epoch 193, Train Loss: 0.6458444249245429, Test Loss: 0.7939740046858788, Inverse Test Loss: 0.08257658779621124 
2025-01-09 14:45:36,404 INFO: Epoch 194, Train Loss: 0.6451993046268341, Test Loss: 0.7928793728351593, Inverse Test Loss: 0.08330297470092773 
2025-01-09 14:45:36,559 INFO: Epoch 195, Train Loss: 0.6454195764756971, Test Loss: 0.7938430830836296, Inverse Test Loss: 0.08361482620239258 
2025-01-09 14:45:36,709 INFO: Epoch 196, Train Loss: 0.6454717728399462, Test Loss: 0.7931680306792259, Inverse Test Loss: 0.08356942981481552 
2025-01-09 14:45:36,863 INFO: Epoch 197, Train Loss: 0.6456774261689955, Test Loss: 0.7927616611123085, Inverse Test Loss: 0.08318684250116348 
2025-01-09 14:45:37,012 INFO: Epoch 198, Train Loss: 0.6439726275782431, Test Loss: 0.7921273559331894, Inverse Test Loss: 0.08364628255367279 
2025-01-09 14:45:37,170 INFO: Epoch 199, Train Loss: 0.6431018921636766, Test Loss: 0.7927983999252319, Inverse Test Loss: 0.08315770328044891 
2025-01-09 14:45:37,316 INFO: Epoch 200, Train Loss: 0.6424706020662861, Test Loss: 0.7926961407065392, Inverse Test Loss: 0.08338313549757004 
2025-01-09 14:45:37,316 INFO: Best Epoch 81, Best Test Loss: 0.7768987491726875 
2025-01-09 14:45:37,481 INFO: Epoch 201, Train Loss: 0.6425313315083904, Test Loss: 0.7941931635141373, Inverse Test Loss: 0.08338919281959534 
2025-01-09 14:45:37,629 INFO: Epoch 202, Train Loss: 0.6435040870020466, Test Loss: 0.793768934905529, Inverse Test Loss: 0.08333884179592133 
2025-01-09 14:45:37,783 INFO: Epoch 203, Train Loss: 0.6416650779785649, Test Loss: 0.7934117168188095, Inverse Test Loss: 0.0835011824965477 
2025-01-09 14:45:37,930 INFO: Epoch 204, Train Loss: 0.6403188282443631, Test Loss: 0.7942434921860695, Inverse Test Loss: 0.081789031624794 
2025-01-09 14:45:38,088 INFO: Epoch 205, Train Loss: 0.6416500902944996, Test Loss: 0.7931710854172707, Inverse Test Loss: 0.08275213092565536 
2025-01-09 14:45:38,234 INFO: Epoch 206, Train Loss: 0.6411671946125646, Test Loss: 0.7945462092757225, Inverse Test Loss: 0.08301188796758652 
2025-01-09 14:45:38,395 INFO: Epoch 207, Train Loss: 0.6408952782230992, Test Loss: 0.7952135652303696, Inverse Test Loss: 0.08300699293613434 
2025-01-09 14:45:38,541 INFO: Epoch 208, Train Loss: 0.6398896228882575, Test Loss: 0.7946066856384277, Inverse Test Loss: 0.0839235857129097 
2025-01-09 14:45:38,705 INFO: Epoch 209, Train Loss: 0.6395301588119999, Test Loss: 0.7946178838610649, Inverse Test Loss: 0.08268192410469055 
2025-01-09 14:45:38,869 INFO: Epoch 210, Train Loss: 0.6383010187456685, Test Loss: 0.7934717014431953, Inverse Test Loss: 0.08288633823394775 
2025-01-09 14:45:39,026 INFO: Epoch 211, Train Loss: 0.6375776144766039, Test Loss: 0.7950667068362236, Inverse Test Loss: 0.08417337387800217 
2025-01-09 14:45:39,183 INFO: Epoch 212, Train Loss: 0.6383465970716169, Test Loss: 0.7959387451410294, Inverse Test Loss: 0.08479920029640198 
2025-01-09 14:45:39,337 INFO: Epoch 213, Train Loss: 0.6398320890242054, Test Loss: 0.793686531484127, Inverse Test Loss: 0.08413182944059372 
2025-01-09 14:45:39,481 INFO: Epoch 214, Train Loss: 0.6379863523667858, Test Loss: 0.7941040247678757, Inverse Test Loss: 0.08357253670692444 
2025-01-09 14:45:39,633 INFO: Epoch 215, Train Loss: 0.6373967086115191, Test Loss: 0.7949249297380447, Inverse Test Loss: 0.08314710110425949 
2025-01-09 14:45:39,780 INFO: Epoch 216, Train Loss: 0.6376908479198333, Test Loss: 0.7935711368918419, Inverse Test Loss: 0.08304152637720108 
2025-01-09 14:45:39,933 INFO: Epoch 217, Train Loss: 0.6355513584229254, Test Loss: 0.7951379492878914, Inverse Test Loss: 0.08271195739507675 
2025-01-09 14:45:40,079 INFO: Epoch 218, Train Loss: 0.6358152858672603, Test Loss: 0.7951331734657288, Inverse Test Loss: 0.08321607112884521 
2025-01-09 14:45:40,226 INFO: Epoch 219, Train Loss: 0.6354111529165699, Test Loss: 0.7945381477475166, Inverse Test Loss: 0.08414614200592041 
2025-01-09 14:45:40,370 INFO: Epoch 220, Train Loss: 0.6344037190560372, Test Loss: 0.795238085091114, Inverse Test Loss: 0.08309619873762131 
2025-01-09 14:45:40,534 INFO: Epoch 221, Train Loss: 0.6357518357615317, Test Loss: 0.7951623573899269, Inverse Test Loss: 0.08426136523485184 
2025-01-09 14:45:40,683 INFO: Epoch 222, Train Loss: 0.6353649996942089, Test Loss: 0.7947420999407768, Inverse Test Loss: 0.08301757276058197 
2025-01-09 14:45:40,837 INFO: Epoch 223, Train Loss: 0.6346105990871307, Test Loss: 0.7936967983841896, Inverse Test Loss: 0.08375733345746994 
2025-01-09 14:45:40,994 INFO: Epoch 224, Train Loss: 0.6334855594942647, Test Loss: 0.7956625446677208, Inverse Test Loss: 0.08352520316839218 
2025-01-09 14:45:41,173 INFO: Epoch 225, Train Loss: 0.6352999921767942, Test Loss: 0.7950855866074562, Inverse Test Loss: 0.08395136892795563 
2025-01-09 14:45:41,330 INFO: Epoch 226, Train Loss: 0.632597400296119, Test Loss: 0.7960274890065193, Inverse Test Loss: 0.08285735547542572 
2025-01-09 14:45:41,483 INFO: Epoch 227, Train Loss: 0.6334020505028386, Test Loss: 0.7953168004751205, Inverse Test Loss: 0.08287366479635239 
2025-01-09 14:45:41,631 INFO: Epoch 228, Train Loss: 0.6332350930859966, Test Loss: 0.7950034886598587, Inverse Test Loss: 0.08370090276002884 
2025-01-09 14:45:41,785 INFO: Epoch 229, Train Loss: 0.6319574415683746, Test Loss: 0.7961361333727837, Inverse Test Loss: 0.08424117416143417 
2025-01-09 14:45:41,937 INFO: Epoch 230, Train Loss: 0.632523032926744, Test Loss: 0.7957357093691826, Inverse Test Loss: 0.08418629318475723 
2025-01-09 14:45:42,084 INFO: Epoch 231, Train Loss: 0.6317692168297306, Test Loss: 0.7975310534238815, Inverse Test Loss: 0.08340321481227875 
2025-01-09 14:45:42,232 INFO: Epoch 232, Train Loss: 0.6320275645102224, Test Loss: 0.7944350913167, Inverse Test Loss: 0.08368396759033203 
2025-01-09 14:45:42,385 INFO: Epoch 233, Train Loss: 0.6308912894418163, Test Loss: 0.7951029241085052, Inverse Test Loss: 0.08367010951042175 
2025-01-09 14:45:42,547 INFO: Epoch 234, Train Loss: 0.6308533933854872, Test Loss: 0.7953085750341415, Inverse Test Loss: 0.08350607007741928 
2025-01-09 14:45:42,710 INFO: Epoch 235, Train Loss: 0.6309702319483603, Test Loss: 0.79588233679533, Inverse Test Loss: 0.08345010876655579 
2025-01-09 14:45:42,861 INFO: Epoch 236, Train Loss: 0.6308155655860901, Test Loss: 0.795596107840538, Inverse Test Loss: 0.08391264826059341 
2025-01-09 14:45:43,016 INFO: Epoch 237, Train Loss: 0.6306524526688361, Test Loss: 0.7958614453673363, Inverse Test Loss: 0.08375756442546844 
2025-01-09 14:45:43,162 INFO: Epoch 238, Train Loss: 0.6302829519394906, Test Loss: 0.7959195151925087, Inverse Test Loss: 0.08425825834274292 
2025-01-09 14:45:43,312 INFO: Epoch 239, Train Loss: 0.6285539730902641, Test Loss: 0.7959030121564865, Inverse Test Loss: 0.08411923795938492 
2025-01-09 14:45:43,459 INFO: Epoch 240, Train Loss: 0.6299489371238216, Test Loss: 0.7960890904068947, Inverse Test Loss: 0.08341679722070694 
2025-01-09 14:45:43,614 INFO: Epoch 241, Train Loss: 0.6285627311275851, Test Loss: 0.7962624654173851, Inverse Test Loss: 0.08357555419206619 
2025-01-09 14:45:43,757 INFO: Epoch 242, Train Loss: 0.6284571982199146, Test Loss: 0.796936459839344, Inverse Test Loss: 0.08309850841760635 
2025-01-09 14:45:43,907 INFO: Epoch 243, Train Loss: 0.6291211170534934, Test Loss: 0.7974312603473663, Inverse Test Loss: 0.08383583277463913 
2025-01-09 14:45:44,055 INFO: Epoch 244, Train Loss: 0.6273623724137584, Test Loss: 0.7978664264082909, Inverse Test Loss: 0.0832659974694252 
2025-01-09 14:45:44,205 INFO: Epoch 245, Train Loss: 0.6278689561351654, Test Loss: 0.7968156337738037, Inverse Test Loss: 0.08378079533576965 
2025-01-09 14:45:44,348 INFO: Epoch 246, Train Loss: 0.6293488183329182, Test Loss: 0.7956225275993347, Inverse Test Loss: 0.0838661938905716 
2025-01-09 14:45:44,502 INFO: Epoch 247, Train Loss: 0.6284644296092372, Test Loss: 0.7962912023067474, Inverse Test Loss: 0.0838463306427002 
2025-01-09 14:45:44,649 INFO: Epoch 248, Train Loss: 0.6260327331481441, Test Loss: 0.7988306656479836, Inverse Test Loss: 0.08464828878641129 
2025-01-09 14:45:44,805 INFO: Epoch 249, Train Loss: 0.6256269303060347, Test Loss: 0.7971298024058342, Inverse Test Loss: 0.0841151550412178 
2025-01-09 14:45:44,951 INFO: Epoch 250, Train Loss: 0.6273074861495725, Test Loss: 0.7969354316592216, Inverse Test Loss: 0.08359707146883011 
2025-01-09 14:45:45,110 INFO: Epoch 251, Train Loss: 0.6244010752247225, Test Loss: 0.7979214265942574, Inverse Test Loss: 0.08355417102575302 
2025-01-09 14:45:45,260 INFO: Epoch 252, Train Loss: 0.6274213752438945, Test Loss: 0.7969179600477219, Inverse Test Loss: 0.08333562314510345 
2025-01-09 14:45:45,418 INFO: Epoch 253, Train Loss: 0.6248673354425738, Test Loss: 0.7961005568504333, Inverse Test Loss: 0.08331671357154846 
2025-01-09 14:45:45,567 INFO: Epoch 254, Train Loss: 0.6249243751648934, Test Loss: 0.796796552836895, Inverse Test Loss: 0.08408233523368835 
2025-01-09 14:45:45,720 INFO: Epoch 255, Train Loss: 0.6241829587567237, Test Loss: 0.7993939369916916, Inverse Test Loss: 0.08474189788103104 
2025-01-09 14:45:45,865 INFO: Epoch 256, Train Loss: 0.6243526897122783, Test Loss: 0.7973731011152267, Inverse Test Loss: 0.0839843600988388 
2025-01-09 14:45:46,024 INFO: Epoch 257, Train Loss: 0.6231714352484672, Test Loss: 0.7984083443880081, Inverse Test Loss: 0.0838262066245079 
2025-01-09 14:45:46,174 INFO: Epoch 258, Train Loss: 0.6230631528362152, Test Loss: 0.7976503074169159, Inverse Test Loss: 0.08326709270477295 
2025-01-09 14:45:46,331 INFO: Epoch 259, Train Loss: 0.6237925733289411, Test Loss: 0.7989220842719078, Inverse Test Loss: 0.08374200761318207 
2025-01-09 14:45:46,525 INFO: Epoch 260, Train Loss: 0.6234354280656383, Test Loss: 0.7978919893503189, Inverse Test Loss: 0.08333098888397217 
2025-01-09 14:45:46,709 INFO: Epoch 261, Train Loss: 0.6208672734998888, Test Loss: 0.8019155859947205, Inverse Test Loss: 0.0834379568696022 
2025-01-09 14:45:46,888 INFO: Epoch 262, Train Loss: 0.621935002265438, Test Loss: 0.8008230701088905, Inverse Test Loss: 0.08327288925647736 
2025-01-09 14:45:47,048 INFO: Epoch 263, Train Loss: 0.624066045207362, Test Loss: 0.7987216413021088, Inverse Test Loss: 0.08349170535802841 
2025-01-09 14:45:47,221 INFO: Epoch 264, Train Loss: 0.6219557004590188, Test Loss: 0.7988680079579353, Inverse Test Loss: 0.08320681750774384 
2025-01-09 14:45:47,370 INFO: Epoch 265, Train Loss: 0.6209410429000854, Test Loss: 0.7994578406214714, Inverse Test Loss: 0.08400174230337143 
2025-01-09 14:45:47,523 INFO: Epoch 266, Train Loss: 0.620982623869373, Test Loss: 0.799692764878273, Inverse Test Loss: 0.08320203423500061 
2025-01-09 14:45:47,678 INFO: Epoch 267, Train Loss: 0.619723508434911, Test Loss: 0.798905648291111, Inverse Test Loss: 0.084150530397892 
2025-01-09 14:45:47,822 INFO: Epoch 268, Train Loss: 0.6208999253088429, Test Loss: 0.7984620109200478, Inverse Test Loss: 0.08375108242034912 
2025-01-09 14:45:47,974 INFO: Epoch 269, Train Loss: 0.6212298600904403, Test Loss: 0.7986905798316002, Inverse Test Loss: 0.083587147295475 
2025-01-09 14:45:48,120 INFO: Epoch 270, Train Loss: 0.6208359272249283, Test Loss: 0.8010574281215668, Inverse Test Loss: 0.08362914621829987 
2025-01-09 14:45:48,273 INFO: Epoch 271, Train Loss: 0.6199891778730577, Test Loss: 0.8009527996182442, Inverse Test Loss: 0.08433809876441956 
2025-01-09 14:45:48,420 INFO: Epoch 272, Train Loss: 0.6213424763371868, Test Loss: 0.7996629178524017, Inverse Test Loss: 0.08424142003059387 
2025-01-09 14:45:48,576 INFO: Epoch 273, Train Loss: 0.6191954516595409, Test Loss: 0.799912802875042, Inverse Test Loss: 0.0833040177822113 
2025-01-09 14:45:48,721 INFO: Epoch 274, Train Loss: 0.6197642664755544, Test Loss: 0.8009799867868423, Inverse Test Loss: 0.08421225100755692 
2025-01-09 14:45:48,872 INFO: Epoch 275, Train Loss: 0.618561283234627, Test Loss: 0.7994860410690308, Inverse Test Loss: 0.0838063582777977 
2025-01-09 14:45:49,020 INFO: Epoch 276, Train Loss: 0.6186408842763593, Test Loss: 0.8007538393139839, Inverse Test Loss: 0.08364810794591904 
2025-01-09 14:45:49,170 INFO: Epoch 277, Train Loss: 0.6183384887633785, Test Loss: 0.8011809140443802, Inverse Test Loss: 0.08393284678459167 
2025-01-09 14:45:49,318 INFO: Epoch 278, Train Loss: 0.6187805937182519, Test Loss: 0.800949715077877, Inverse Test Loss: 0.08339645713567734 
2025-01-09 14:45:49,471 INFO: Epoch 279, Train Loss: 0.6180634556278106, Test Loss: 0.801373116672039, Inverse Test Loss: 0.0837351456284523 
2025-01-09 14:45:49,622 INFO: Epoch 280, Train Loss: 0.6166570484638214, Test Loss: 0.8010538518428802, Inverse Test Loss: 0.08374987542629242 
2025-01-09 14:45:49,781 INFO: Epoch 281, Train Loss: 0.6174068931610354, Test Loss: 0.8041612058877945, Inverse Test Loss: 0.08319153636693954 
2025-01-09 14:45:49,932 INFO: Epoch 282, Train Loss: 0.6185435325868668, Test Loss: 0.801465667784214, Inverse Test Loss: 0.08343692868947983 
2025-01-09 14:45:50,085 INFO: Epoch 283, Train Loss: 0.6184265959647394, Test Loss: 0.8031571358442307, Inverse Test Loss: 0.08329909294843674 
2025-01-09 14:45:50,229 INFO: Epoch 284, Train Loss: 0.616390093680351, Test Loss: 0.8023163303732872, Inverse Test Loss: 0.08384820818901062 
2025-01-09 14:45:50,390 INFO: Epoch 285, Train Loss: 0.6171165147135335, Test Loss: 0.8019648268818855, Inverse Test Loss: 0.08341359347105026 
2025-01-09 14:45:50,545 INFO: Epoch 286, Train Loss: 0.6171536061071581, Test Loss: 0.8015073463320732, Inverse Test Loss: 0.08373820781707764 
2025-01-09 14:45:50,703 INFO: Epoch 287, Train Loss: 0.6164104284778718, Test Loss: 0.8026361092925072, Inverse Test Loss: 0.08316806703805923 
2025-01-09 14:45:50,848 INFO: Epoch 288, Train Loss: 0.6147846079641773, Test Loss: 0.8026529252529144, Inverse Test Loss: 0.08431772887706757 
2025-01-09 14:45:51,005 INFO: Epoch 289, Train Loss: 0.6147300774051297, Test Loss: 0.8038027361035347, Inverse Test Loss: 0.08307797461748123 
2025-01-09 14:45:51,155 INFO: Epoch 290, Train Loss: 0.6142299992422904, Test Loss: 0.8033924549818039, Inverse Test Loss: 0.08397220820188522 
2025-01-09 14:45:51,324 INFO: Epoch 291, Train Loss: 0.6142912353238752, Test Loss: 0.8035689294338226, Inverse Test Loss: 0.08334139734506607 
2025-01-09 14:45:51,479 INFO: Epoch 292, Train Loss: 0.6132502882711349, Test Loss: 0.8046183958649635, Inverse Test Loss: 0.08474697172641754 
2025-01-09 14:45:51,640 INFO: Epoch 293, Train Loss: 0.6138826531748618, Test Loss: 0.8028038144111633, Inverse Test Loss: 0.08447396755218506 
2025-01-09 14:45:51,782 INFO: Epoch 294, Train Loss: 0.6125502182591346, Test Loss: 0.8036003485321999, Inverse Test Loss: 0.08334826678037643 
2025-01-09 14:45:51,939 INFO: Epoch 295, Train Loss: 0.6146178668545138, Test Loss: 0.8063606694340706, Inverse Test Loss: 0.08331675827503204 
2025-01-09 14:45:52,084 INFO: Epoch 296, Train Loss: 0.6146469346938594, Test Loss: 0.8039463013410568, Inverse Test Loss: 0.08387408405542374 
2025-01-09 14:45:52,245 INFO: Epoch 297, Train Loss: 0.6138896942138672, Test Loss: 0.8026453703641891, Inverse Test Loss: 0.08369006216526031 
2025-01-09 14:45:52,407 INFO: Epoch 298, Train Loss: 0.6143234064502101, Test Loss: 0.8045166656374931, Inverse Test Loss: 0.08400937914848328 
2025-01-09 14:45:52,596 INFO: Epoch 299, Train Loss: 0.6125174299363167, Test Loss: 0.8027807474136353, Inverse Test Loss: 0.08392112702131271 
2025-01-09 14:45:52,763 INFO: Epoch 300, Train Loss: 0.614025467826474, Test Loss: 0.8038399145007133, Inverse Test Loss: 0.08416495472192764 
2025-01-09 14:45:52,763 INFO: Best Epoch 81, Best Test Loss: 0.7768987491726875 
2025-01-09 14:45:52,923 INFO: Epoch 301, Train Loss: 0.6124940610701038, Test Loss: 0.8036849945783615, Inverse Test Loss: 0.08390206843614578 
2025-01-09 14:45:53,080 INFO: Epoch 302, Train Loss: 0.6109236709533199, Test Loss: 0.8045694604516029, Inverse Test Loss: 0.08358246833086014 
2025-01-09 14:45:53,235 INFO: Epoch 303, Train Loss: 0.6122551714220354, Test Loss: 0.8033205047249794, Inverse Test Loss: 0.08343645930290222 
2025-01-09 14:45:53,403 INFO: Epoch 304, Train Loss: 0.6117796148023298, Test Loss: 0.8065312281250954, Inverse Test Loss: 0.08304320275783539 
2025-01-09 14:45:53,561 INFO: Epoch 305, Train Loss: 0.6112884398429624, Test Loss: 0.8060000091791153, Inverse Test Loss: 0.08354543894529343 
2025-01-09 14:45:53,710 INFO: Epoch 306, Train Loss: 0.6111039653901131, Test Loss: 0.8050994053483009, Inverse Test Loss: 0.08414936065673828 
2025-01-09 14:45:53,860 INFO: Epoch 307, Train Loss: 0.609641803849128, Test Loss: 0.805359348654747, Inverse Test Loss: 0.08362223953008652 
2025-01-09 14:45:54,018 INFO: Epoch 308, Train Loss: 0.610726116165038, Test Loss: 0.8041778430342674, Inverse Test Loss: 0.08372681587934494 
2025-01-09 14:45:54,174 INFO: Epoch 309, Train Loss: 0.6106979000952936, Test Loss: 0.8044880777597427, Inverse Test Loss: 0.08393996953964233 
2025-01-09 14:45:54,328 INFO: Epoch 310, Train Loss: 0.6105697135771474, Test Loss: 0.8055029213428497, Inverse Test Loss: 0.08386407792568207 
2025-01-09 14:45:54,488 INFO: Epoch 311, Train Loss: 0.6115593429534666, Test Loss: 0.8088059201836586, Inverse Test Loss: 0.08361814171075821 
2025-01-09 14:45:54,656 INFO: Epoch 312, Train Loss: 0.6074095204953225, Test Loss: 0.8046257421374321, Inverse Test Loss: 0.08421888202428818 
2025-01-09 14:45:54,824 INFO: Epoch 313, Train Loss: 0.6119090260997895, Test Loss: 0.8055685088038445, Inverse Test Loss: 0.08328460901975632 
2025-01-09 14:45:54,980 INFO: Epoch 314, Train Loss: 0.6097181785491205, Test Loss: 0.8061197698116302, Inverse Test Loss: 0.08400559425354004 
2025-01-09 14:45:55,151 INFO: Epoch 315, Train Loss: 0.6091065637526973, Test Loss: 0.8066225126385689, Inverse Test Loss: 0.08380498737096786 
2025-01-09 14:45:55,308 INFO: Epoch 316, Train Loss: 0.6087399836509458, Test Loss: 0.8055697679519653, Inverse Test Loss: 0.08440552651882172 
2025-01-09 14:45:55,490 INFO: Epoch 317, Train Loss: 0.6086663930646835, Test Loss: 0.8061278238892555, Inverse Test Loss: 0.08421726524829865 
2025-01-09 14:45:55,654 INFO: Epoch 318, Train Loss: 0.6079357112607648, Test Loss: 0.8048061281442642, Inverse Test Loss: 0.08367174118757248 
2025-01-09 14:45:55,824 INFO: Epoch 319, Train Loss: 0.6081442140763805, Test Loss: 0.807022787630558, Inverse Test Loss: 0.08412956446409225 
2025-01-09 14:45:55,993 INFO: Epoch 320, Train Loss: 0.6092115775231393, Test Loss: 0.805887907743454, Inverse Test Loss: 0.08481232076883316 
2025-01-09 14:45:56,160 INFO: Epoch 321, Train Loss: 0.6090693223860956, Test Loss: 0.8061635792255402, Inverse Test Loss: 0.08420815318822861 
2025-01-09 14:45:56,324 INFO: Epoch 322, Train Loss: 0.6060544867669383, Test Loss: 0.8068252950906754, Inverse Test Loss: 0.08401469886302948 
2025-01-09 14:45:56,516 INFO: Epoch 323, Train Loss: 0.6089060133503329, Test Loss: 0.8070684522390366, Inverse Test Loss: 0.08452453464269638 
2025-01-09 14:45:56,687 INFO: Epoch 324, Train Loss: 0.6067376713598928, Test Loss: 0.8045880869030952, Inverse Test Loss: 0.0844639465212822 
2025-01-09 14:45:56,865 INFO: Epoch 325, Train Loss: 0.6069283523867207, Test Loss: 0.808053158223629, Inverse Test Loss: 0.08496027439832687 
2025-01-09 14:45:57,033 INFO: Epoch 326, Train Loss: 0.6079925548645758, Test Loss: 0.8055547401309013, Inverse Test Loss: 0.0843784511089325 
2025-01-09 14:45:57,219 INFO: Epoch 327, Train Loss: 0.6053424112258419, Test Loss: 0.8072460368275642, Inverse Test Loss: 0.08412498235702515 
2025-01-09 14:45:57,370 INFO: Epoch 328, Train Loss: 0.6040532512049521, Test Loss: 0.8070337176322937, Inverse Test Loss: 0.08379269391298294 
2025-01-09 14:45:57,551 INFO: Epoch 329, Train Loss: 0.6042147461445101, Test Loss: 0.8070293515920639, Inverse Test Loss: 0.08405843377113342 
2025-01-09 14:45:57,724 INFO: Epoch 330, Train Loss: 0.6040484616833348, Test Loss: 0.806279182434082, Inverse Test Loss: 0.08435004949569702 
2025-01-09 14:45:57,918 INFO: Epoch 331, Train Loss: 0.6067486193872267, Test Loss: 0.806126669049263, Inverse Test Loss: 0.08417151123285294 
2025-01-09 14:45:58,121 INFO: Epoch 332, Train Loss: 0.605059398758796, Test Loss: 0.8078358173370361, Inverse Test Loss: 0.08411142975091934 
2025-01-09 14:45:58,332 INFO: Epoch 333, Train Loss: 0.604634323427754, Test Loss: 0.8075262904167175, Inverse Test Loss: 0.08470994234085083 
2025-01-09 14:45:58,526 INFO: Epoch 334, Train Loss: 0.6057479323879364, Test Loss: 0.8067484945058823, Inverse Test Loss: 0.08453880250453949 
2025-01-09 14:45:58,701 INFO: Epoch 335, Train Loss: 0.6042974572027883, Test Loss: 0.8094588592648506, Inverse Test Loss: 0.08454970270395279 
2025-01-09 14:45:58,871 INFO: Epoch 336, Train Loss: 0.6047529558981618, Test Loss: 0.8075346723198891, Inverse Test Loss: 0.08384031057357788 
2025-01-09 14:45:59,083 INFO: Epoch 337, Train Loss: 0.6045040055628745, Test Loss: 0.8078590556979179, Inverse Test Loss: 0.08400838077068329 
2025-01-09 14:45:59,295 INFO: Epoch 338, Train Loss: 0.6028248802308114, Test Loss: 0.8085853978991508, Inverse Test Loss: 0.08495379239320755 
2025-01-09 14:45:59,464 INFO: Epoch 339, Train Loss: 0.6043189206430989, Test Loss: 0.8084047958254814, Inverse Test Loss: 0.08431439101696014 
2025-01-09 14:45:59,645 INFO: Epoch 340, Train Loss: 0.6030567711399447, Test Loss: 0.8082350865006447, Inverse Test Loss: 0.08412543684244156 
2025-01-09 14:45:59,828 INFO: Epoch 341, Train Loss: 0.6018814579133065, Test Loss: 0.8074799850583076, Inverse Test Loss: 0.08464157581329346 
2025-01-09 14:46:00,011 INFO: Epoch 342, Train Loss: 0.6029263811726724, Test Loss: 0.809479109942913, Inverse Test Loss: 0.08459290117025375 
2025-01-09 14:46:00,192 INFO: Epoch 343, Train Loss: 0.6040939977092128, Test Loss: 0.8101946264505386, Inverse Test Loss: 0.0840829610824585 
2025-01-09 14:46:00,369 INFO: Epoch 344, Train Loss: 0.6023055238108481, Test Loss: 0.8083077073097229, Inverse Test Loss: 0.08401528745889664 
2025-01-09 14:46:00,542 INFO: Epoch 345, Train Loss: 0.6030834509480384, Test Loss: 0.8083377778530121, Inverse Test Loss: 0.08470318466424942 
2025-01-09 14:46:00,711 INFO: Epoch 346, Train Loss: 0.6032676908277697, Test Loss: 0.8092618063092232, Inverse Test Loss: 0.08418646454811096 
2025-01-09 14:46:00,901 INFO: Epoch 347, Train Loss: 0.6020154972230235, Test Loss: 0.80966766923666, Inverse Test Loss: 0.08456537872552872 
2025-01-09 14:46:01,075 INFO: Epoch 348, Train Loss: 0.6020416675075408, Test Loss: 0.809837132692337, Inverse Test Loss: 0.08500584959983826 
2025-01-09 14:46:01,250 INFO: Epoch 349, Train Loss: 0.6019208258198153, Test Loss: 0.8104482591152191, Inverse Test Loss: 0.08484989404678345 
2025-01-09 14:46:01,417 INFO: Epoch 350, Train Loss: 0.6028005250038639, Test Loss: 0.8113711923360825, Inverse Test Loss: 0.08412614464759827 
2025-01-09 14:46:01,589 INFO: Epoch 351, Train Loss: 0.601774602167068, Test Loss: 0.8114752545952797, Inverse Test Loss: 0.08415418118238449 
2025-01-09 14:46:01,772 INFO: Epoch 352, Train Loss: 0.6014077269261883, Test Loss: 0.8098702430725098, Inverse Test Loss: 0.08472321182489395 
2025-01-09 14:46:01,946 INFO: Epoch 353, Train Loss: 0.6003638794345241, Test Loss: 0.8096720576286316, Inverse Test Loss: 0.08475672453641891 
2025-01-09 14:46:02,136 INFO: Epoch 354, Train Loss: 0.6021400267078031, Test Loss: 0.8105711415410042, Inverse Test Loss: 0.08482974022626877 
2025-01-09 14:46:02,316 INFO: Epoch 355, Train Loss: 0.6009691607567572, Test Loss: 0.8110002875328064, Inverse Test Loss: 0.08449459820985794 
2025-01-09 14:46:02,494 INFO: Epoch 356, Train Loss: 0.5994431539889304, Test Loss: 0.810281902551651, Inverse Test Loss: 0.08390279859304428 
2025-01-09 14:46:02,680 INFO: Epoch 357, Train Loss: 0.6001096588950003, Test Loss: 0.8099198713898659, Inverse Test Loss: 0.08433511853218079 
2025-01-09 14:46:02,850 INFO: Epoch 358, Train Loss: 0.602197301964606, Test Loss: 0.8106741160154343, Inverse Test Loss: 0.08439283818006516 
2025-01-09 14:46:03,032 INFO: Epoch 359, Train Loss: 0.6002781737235284, Test Loss: 0.8105466663837433, Inverse Test Loss: 0.08445640653371811 
2025-01-09 14:46:03,201 INFO: Epoch 360, Train Loss: 0.5980232982866226, Test Loss: 0.8109462857246399, Inverse Test Loss: 0.08487514406442642 
2025-01-09 14:46:03,376 INFO: Epoch 361, Train Loss: 0.5998221597363872, Test Loss: 0.8118637427687645, Inverse Test Loss: 0.08467692881822586 
2025-01-09 14:46:03,544 INFO: Epoch 362, Train Loss: 0.5996673991603236, Test Loss: 0.8100424632430077, Inverse Test Loss: 0.0854056254029274 
2025-01-09 14:46:03,733 INFO: Epoch 363, Train Loss: 0.5984265323608152, Test Loss: 0.8114853873848915, Inverse Test Loss: 0.0850716084241867 
2025-01-09 14:46:03,913 INFO: Epoch 364, Train Loss: 0.5984300230779955, Test Loss: 0.8106492832303047, Inverse Test Loss: 0.08525869995355606 
2025-01-09 14:46:04,092 INFO: Epoch 365, Train Loss: 0.6001770611732237, Test Loss: 0.8120405822992325, Inverse Test Loss: 0.08526869863271713 
2025-01-09 14:46:04,259 INFO: Epoch 366, Train Loss: 0.5971353823138822, Test Loss: 0.8109852075576782, Inverse Test Loss: 0.08451440930366516 
2025-01-09 14:46:04,445 INFO: Epoch 367, Train Loss: 0.5988497003432243, Test Loss: 0.8126298859715462, Inverse Test Loss: 0.08517635613679886 
2025-01-09 14:46:04,612 INFO: Epoch 368, Train Loss: 0.5966434276873066, Test Loss: 0.8121895715594292, Inverse Test Loss: 0.0843769833445549 
2025-01-09 14:46:04,804 INFO: Epoch 369, Train Loss: 0.5983537012530912, Test Loss: 0.8117426559329033, Inverse Test Loss: 0.08509296923875809 
2025-01-09 14:46:04,980 INFO: Epoch 370, Train Loss: 0.5991358122517986, Test Loss: 0.8108452260494232, Inverse Test Loss: 0.08435804396867752 
2025-01-09 14:46:05,161 INFO: Epoch 371, Train Loss: 0.597736450933641, Test Loss: 0.8127015009522438, Inverse Test Loss: 0.08395791053771973 
2025-01-09 14:46:05,351 INFO: Epoch 372, Train Loss: 0.5980406403541565, Test Loss: 0.8109776079654694, Inverse Test Loss: 0.08446212112903595 
2025-01-09 14:46:05,554 INFO: Epoch 373, Train Loss: 0.5976848833022579, Test Loss: 0.8134185746312141, Inverse Test Loss: 0.08390253782272339 
2025-01-09 14:46:05,722 INFO: Epoch 374, Train Loss: 0.5973454886867154, Test Loss: 0.8141686916351318, Inverse Test Loss: 0.08449064940214157 
2025-01-09 14:46:05,892 INFO: Epoch 375, Train Loss: 0.597902036482288, Test Loss: 0.8132830038666725, Inverse Test Loss: 0.0842723548412323 
2025-01-09 14:46:06,066 INFO: Epoch 376, Train Loss: 0.5976733046193277, Test Loss: 0.8124930113554001, Inverse Test Loss: 0.08404252678155899 
2025-01-09 14:46:06,236 INFO: Epoch 377, Train Loss: 0.5956716383657148, Test Loss: 0.811846949160099, Inverse Test Loss: 0.08461752533912659 
2025-01-09 14:46:06,407 INFO: Epoch 378, Train Loss: 0.5965265535539196, Test Loss: 0.8126280829310417, Inverse Test Loss: 0.08443399518728256 
2025-01-09 14:46:06,591 INFO: Epoch 379, Train Loss: 0.5955730215195687, Test Loss: 0.8130767345428467, Inverse Test Loss: 0.08423887938261032 
2025-01-09 14:46:06,769 INFO: Epoch 380, Train Loss: 0.5972462854077739, Test Loss: 0.8115324750542641, Inverse Test Loss: 0.08379681408405304 
2025-01-09 14:46:06,952 INFO: Epoch 381, Train Loss: 0.5971740734192633, Test Loss: 0.8134522587060928, Inverse Test Loss: 0.08495867252349854 
2025-01-09 14:46:07,143 INFO: Epoch 382, Train Loss: 0.5962677232680782, Test Loss: 0.8154326304793358, Inverse Test Loss: 0.08458399772644043 
2025-01-09 14:46:07,322 INFO: Epoch 383, Train Loss: 0.5948001732749324, Test Loss: 0.8118515908718109, Inverse Test Loss: 0.08454205095767975 
2025-01-09 14:46:07,518 INFO: Epoch 384, Train Loss: 0.5964391519946437, Test Loss: 0.8133906945586205, Inverse Test Loss: 0.08421564847230911 
2025-01-09 14:46:07,699 INFO: Epoch 385, Train Loss: 0.595068920043207, Test Loss: 0.8129870370030403, Inverse Test Loss: 0.08452518284320831 
2025-01-09 14:46:07,906 INFO: Epoch 386, Train Loss: 0.5951723398700837, Test Loss: 0.8147202357649803, Inverse Test Loss: 0.08419454842805862 
2025-01-09 14:46:08,076 INFO: Epoch 387, Train Loss: 0.5954582710419932, Test Loss: 0.8138105422258377, Inverse Test Loss: 0.08475692570209503 
2025-01-09 14:46:08,262 INFO: Epoch 388, Train Loss: 0.5954405059737544, Test Loss: 0.813873864710331, Inverse Test Loss: 0.08439532667398453 
2025-01-09 14:46:08,440 INFO: Epoch 389, Train Loss: 0.5939525250465639, Test Loss: 0.8142102137207985, Inverse Test Loss: 0.08382543176412582 
2025-01-09 14:46:08,631 INFO: Epoch 390, Train Loss: 0.595477529110447, Test Loss: 0.8157507181167603, Inverse Test Loss: 0.08372686058282852 
2025-01-09 14:46:08,809 INFO: Epoch 391, Train Loss: 0.5935261595633722, Test Loss: 0.815588153898716, Inverse Test Loss: 0.08406264334917068 
2025-01-09 14:46:09,011 INFO: Epoch 392, Train Loss: 0.5951447044649432, Test Loss: 0.8144068494439125, Inverse Test Loss: 0.08408714085817337 
2025-01-09 14:46:09,187 INFO: Epoch 393, Train Loss: 0.5943005950220169, Test Loss: 0.8159924298524857, Inverse Test Loss: 0.08450730890035629 
2025-01-09 14:46:09,383 INFO: Epoch 394, Train Loss: 0.5925560189831641, Test Loss: 0.8148977756500244, Inverse Test Loss: 0.08502568304538727 
2025-01-09 14:46:09,555 INFO: Epoch 395, Train Loss: 0.5940464811940347, Test Loss: 0.8169091567397118, Inverse Test Loss: 0.08412276953458786 
2025-01-09 14:46:09,732 INFO: Epoch 396, Train Loss: 0.5930133692679866, Test Loss: 0.8164621442556381, Inverse Test Loss: 0.08446259796619415 
2025-01-09 14:46:09,903 INFO: Epoch 397, Train Loss: 0.5939138002933995, Test Loss: 0.8154580518603325, Inverse Test Loss: 0.08453431725502014 
2025-01-09 14:46:10,079 INFO: Epoch 398, Train Loss: 0.5922519785742606, Test Loss: 0.8157127872109413, Inverse Test Loss: 0.08412917703390121 
2025-01-09 14:46:10,246 INFO: Epoch 399, Train Loss: 0.5941141391954115, Test Loss: 0.8152456432580948, Inverse Test Loss: 0.08447525650262833 
2025-01-09 14:46:10,421 INFO: Epoch 400, Train Loss: 0.5928177160601462, Test Loss: 0.817024253308773, Inverse Test Loss: 0.08469227701425552 
2025-01-09 14:46:10,421 INFO: Best Epoch 81, Best Test Loss: 0.7768987491726875 
2025-01-09 14:46:10,599 INFO: Epoch 401, Train Loss: 0.5918577121150109, Test Loss: 0.8158704116940498, Inverse Test Loss: 0.08460649847984314 
2025-01-09 14:46:10,777 INFO: Epoch 402, Train Loss: 0.5917638972882302, Test Loss: 0.8175180107355118, Inverse Test Loss: 0.0838359072804451 
2025-01-09 14:46:10,954 INFO: Epoch 403, Train Loss: 0.5926617566616305, Test Loss: 0.8165986835956573, Inverse Test Loss: 0.0841674953699112 
2025-01-09 14:46:11,138 INFO: Epoch 404, Train Loss: 0.5905343121097933, Test Loss: 0.8163815289735794, Inverse Test Loss: 0.08433713763952255 
2025-01-09 14:46:11,340 INFO: Epoch 405, Train Loss: 0.5927588035983424, Test Loss: 0.8163613006472588, Inverse Test Loss: 0.08429741114377975 
2025-01-09 14:46:11,542 INFO: Epoch 406, Train Loss: 0.5909210558860533, Test Loss: 0.817677803337574, Inverse Test Loss: 0.0840848982334137 
2025-01-09 14:46:11,722 INFO: Epoch 407, Train Loss: 0.5911390992902941, Test Loss: 0.8171758875250816, Inverse Test Loss: 0.08484748750925064 
2025-01-09 14:46:11,896 INFO: Epoch 408, Train Loss: 0.5919777924014676, Test Loss: 0.8187505453824997, Inverse Test Loss: 0.08374578505754471 
2025-01-09 14:46:12,065 INFO: Epoch 409, Train Loss: 0.5910933459958723, Test Loss: 0.8212361633777618, Inverse Test Loss: 0.0839184820652008 
2025-01-09 14:46:12,240 INFO: Epoch 410, Train Loss: 0.5915554435022415, Test Loss: 0.8197549507021904, Inverse Test Loss: 0.0839846059679985 
2025-01-09 14:46:12,410 INFO: Epoch 411, Train Loss: 0.5923205690999185, Test Loss: 0.8189599215984344, Inverse Test Loss: 0.0837429016828537 
2025-01-09 14:46:12,584 INFO: Epoch 412, Train Loss: 0.5911786642766768, Test Loss: 0.8186328113079071, Inverse Test Loss: 0.08441837877035141 
2025-01-09 14:46:12,760 INFO: Epoch 413, Train Loss: 0.5905662409720882, Test Loss: 0.8183138072490692, Inverse Test Loss: 0.08425292372703552 
2025-01-09 14:46:12,932 INFO: Epoch 414, Train Loss: 0.5909442882384023, Test Loss: 0.8199221417307854, Inverse Test Loss: 0.0841999500989914 
2025-01-09 14:46:13,097 INFO: Epoch 415, Train Loss: 0.5908994809273751, Test Loss: 0.8186445012688637, Inverse Test Loss: 0.08341905474662781 
2025-01-09 14:46:13,278 INFO: Epoch 416, Train Loss: 0.5917821891846196, Test Loss: 0.8197934702038765, Inverse Test Loss: 0.08389607071876526 
2025-01-09 14:46:13,444 INFO: Epoch 417, Train Loss: 0.5902236267443626, Test Loss: 0.8220870494842529, Inverse Test Loss: 0.08375785499811172 
2025-01-09 14:46:13,627 INFO: Epoch 418, Train Loss: 0.5918447211865456, Test Loss: 0.820051521062851, Inverse Test Loss: 0.08467879891395569 
2025-01-09 14:46:13,793 INFO: Epoch 419, Train Loss: 0.5904351934309928, Test Loss: 0.8204765096306801, Inverse Test Loss: 0.08461912721395493 
2025-01-09 14:46:13,965 INFO: Epoch 420, Train Loss: 0.5895290355528554, Test Loss: 0.8201758116483688, Inverse Test Loss: 0.08386266231536865 
2025-01-09 14:46:14,134 INFO: Epoch 421, Train Loss: 0.5881133252574552, Test Loss: 0.8202418088912964, Inverse Test Loss: 0.08448668569326401 
2025-01-09 14:46:14,308 INFO: Epoch 422, Train Loss: 0.5899456316424955, Test Loss: 0.8197354152798653, Inverse Test Loss: 0.08364559710025787 
2025-01-09 14:46:14,476 INFO: Epoch 423, Train Loss: 0.5898028939001022, Test Loss: 0.8220131397247314, Inverse Test Loss: 0.08420762419700623 
2025-01-09 14:46:14,653 INFO: Epoch 424, Train Loss: 0.5904366816243818, Test Loss: 0.8223034963011742, Inverse Test Loss: 0.08435074239969254 
2025-01-09 14:46:14,821 INFO: Epoch 425, Train Loss: 0.5900949739640758, Test Loss: 0.8204525113105774, Inverse Test Loss: 0.08357562869787216 
2025-01-09 14:46:14,994 INFO: Epoch 426, Train Loss: 0.5866465097473513, Test Loss: 0.8200313821434975, Inverse Test Loss: 0.08394574373960495 
2025-01-09 14:46:15,156 INFO: Epoch 427, Train Loss: 0.5878713303996671, Test Loss: 0.8215917944908142, Inverse Test Loss: 0.08431437611579895 
2025-01-09 14:46:15,329 INFO: Epoch 428, Train Loss: 0.5880342145119944, Test Loss: 0.8207061141729355, Inverse Test Loss: 0.08474647253751755 
2025-01-09 14:46:15,499 INFO: Epoch 429, Train Loss: 0.5875306119841914, Test Loss: 0.8215198293328285, Inverse Test Loss: 0.08457387238740921 
2025-01-09 14:46:15,676 INFO: Epoch 430, Train Loss: 0.5902968404754516, Test Loss: 0.8236605450510979, Inverse Test Loss: 0.08411295711994171 
2025-01-09 14:46:15,843 INFO: Epoch 431, Train Loss: 0.5895688726056006, Test Loss: 0.8237443566322327, Inverse Test Loss: 0.08383697271347046 
2025-01-09 14:46:16,046 INFO: Epoch 432, Train Loss: 0.5893156624609425, Test Loss: 0.8211655393242836, Inverse Test Loss: 0.08373966068029404 
2025-01-09 14:46:16,220 INFO: Epoch 433, Train Loss: 0.588861842309275, Test Loss: 0.8211489021778107, Inverse Test Loss: 0.08504009246826172 
2025-01-09 14:46:16,397 INFO: Epoch 434, Train Loss: 0.5878844001600819, Test Loss: 0.8212268650531769, Inverse Test Loss: 0.08440268784761429 
2025-01-09 14:46:16,574 INFO: Epoch 435, Train Loss: 0.5877025079342627, Test Loss: 0.8229594007134438, Inverse Test Loss: 0.08408287167549133 
2025-01-09 14:46:16,774 INFO: Epoch 436, Train Loss: 0.5886359407055762, Test Loss: 0.8221138045191765, Inverse Test Loss: 0.08397068083286285 
2025-01-09 14:46:16,953 INFO: Epoch 437, Train Loss: 0.5862416855750545, Test Loss: 0.8236805573105812, Inverse Test Loss: 0.08364648371934891 
2025-01-09 14:46:17,192 INFO: Epoch 438, Train Loss: 0.5874604428968122, Test Loss: 0.8248360082507133, Inverse Test Loss: 0.08368963748216629 
2025-01-09 14:46:17,422 INFO: Epoch 439, Train Loss: 0.5877004092739474, Test Loss: 0.8247904628515244, Inverse Test Loss: 0.08356308937072754 
2025-01-09 14:46:17,620 INFO: Epoch 440, Train Loss: 0.587405321098143, Test Loss: 0.8226021304726601, Inverse Test Loss: 0.08370360732078552 
2025-01-09 14:46:17,826 INFO: Epoch 441, Train Loss: 0.5859117748275879, Test Loss: 0.8240133747458458, Inverse Test Loss: 0.08345555514097214 
2025-01-09 14:46:18,007 INFO: Epoch 442, Train Loss: 0.5871935582930042, Test Loss: 0.8228845447301865, Inverse Test Loss: 0.08375664800405502 
2025-01-09 14:46:18,195 INFO: Epoch 443, Train Loss: 0.5859840300775343, Test Loss: 0.8235998526215553, Inverse Test Loss: 0.0841628909111023 
2025-01-09 14:46:18,366 INFO: Epoch 444, Train Loss: 0.588116628508414, Test Loss: 0.822508305311203, Inverse Test Loss: 0.0839940682053566 
2025-01-09 14:46:18,541 INFO: Epoch 445, Train Loss: 0.585825131785485, Test Loss: 0.8236122876405716, Inverse Test Loss: 0.08454233407974243 
2025-01-09 14:46:18,710 INFO: Epoch 446, Train Loss: 0.5861372005554938, Test Loss: 0.8233938664197922, Inverse Test Loss: 0.0840265229344368 
2025-01-09 14:46:18,891 INFO: Epoch 447, Train Loss: 0.5853128875455549, Test Loss: 0.8251635134220123, Inverse Test Loss: 0.08368142694234848 
2025-01-09 14:46:19,083 INFO: Epoch 448, Train Loss: 0.5864184767969193, Test Loss: 0.8240104764699936, Inverse Test Loss: 0.08370805531740189 
2025-01-09 14:46:19,260 INFO: Epoch 449, Train Loss: 0.5865149997895763, Test Loss: 0.8240207955241203, Inverse Test Loss: 0.08357622474431992 
2025-01-09 14:46:19,441 INFO: Epoch 450, Train Loss: 0.5867998580778798, Test Loss: 0.8239189013838768, Inverse Test Loss: 0.08382893353700638 
2025-01-09 14:46:19,636 INFO: Epoch 451, Train Loss: 0.5838079385219082, Test Loss: 0.8246772736310959, Inverse Test Loss: 0.0844261422753334 
2025-01-09 14:46:19,811 INFO: Epoch 452, Train Loss: 0.5853000206332053, Test Loss: 0.8236054927110672, Inverse Test Loss: 0.08352421224117279 
2025-01-09 14:46:20,001 INFO: Epoch 453, Train Loss: 0.5855336285406544, Test Loss: 0.8269710466265678, Inverse Test Loss: 0.0837724432349205 
2025-01-09 14:46:20,192 INFO: Epoch 454, Train Loss: 0.5860376761805627, Test Loss: 0.8253906443715096, Inverse Test Loss: 0.08390728384256363 
2025-01-09 14:46:20,366 INFO: Epoch 455, Train Loss: 0.5853957889541503, Test Loss: 0.8248692899942398, Inverse Test Loss: 0.0837073028087616 
2025-01-09 14:46:20,538 INFO: Epoch 456, Train Loss: 0.5869193384724278, Test Loss: 0.8240822702646255, Inverse Test Loss: 0.08364918828010559 
2025-01-09 14:46:20,728 INFO: Epoch 457, Train Loss: 0.5854721934564652, Test Loss: 0.8264027610421181, Inverse Test Loss: 0.08380403369665146 
2025-01-09 14:46:20,910 INFO: Epoch 458, Train Loss: 0.5844394622310516, Test Loss: 0.8260121718049049, Inverse Test Loss: 0.08329794555902481 
2025-01-09 14:46:21,095 INFO: Epoch 459, Train Loss: 0.5855188715842462, Test Loss: 0.827299028635025, Inverse Test Loss: 0.08384459465742111 
2025-01-09 14:46:21,278 INFO: Epoch 460, Train Loss: 0.5834266793343329, Test Loss: 0.8249667659401894, Inverse Test Loss: 0.08386711776256561 
