2025-01-09 21:05:12,891 INFO: namespace(depth=2, grid_size=3, name='KAN', spline_order=5) 
2025-01-09 21:05:12,891 INFO: Dataset:Bike 
2025-01-09 21:05:12,891 INFO: ------Begin Training Model------ 
2025-01-09 21:05:15,350 INFO: Epoch 1, Train Loss: 0.8605981316041509, Test Loss: 0.8020063042640686, Inverse Test Loss: 4.870711735316685 
2025-01-09 21:05:15,949 INFO: Epoch 2, Train Loss: 0.8126856389395688, Test Loss: 0.785067081451416, Inverse Test Loss: 4.859431675502232 
2025-01-09 21:05:16,521 INFO: Epoch 3, Train Loss: 0.7989826060216362, Test Loss: 0.7754778074366706, Inverse Test Loss: 4.805805751255581 
2025-01-09 21:05:17,096 INFO: Epoch 4, Train Loss: 0.7896008048582515, Test Loss: 0.7669927158526012, Inverse Test Loss: 4.646148136683872 
2025-01-09 21:05:17,649 INFO: Epoch 5, Train Loss: 0.7831946627809367, Test Loss: 0.7610052100249699, Inverse Test Loss: 4.568644114903042 
2025-01-09 21:05:18,207 INFO: Epoch 6, Train Loss: 0.7796065769064318, Test Loss: 0.7583586233002799, Inverse Test Loss: 4.577398027692523 
2025-01-09 21:05:18,747 INFO: Epoch 7, Train Loss: 0.7757024628306748, Test Loss: 0.7543465218373707, Inverse Test Loss: 4.428044727870396 
2025-01-09 21:05:19,323 INFO: Epoch 8, Train Loss: 0.7726622661319348, Test Loss: 0.7533890562398093, Inverse Test Loss: 4.512098857334682 
2025-01-09 21:05:19,873 INFO: Epoch 9, Train Loss: 0.7709321018752702, Test Loss: 0.7489301413297653, Inverse Test Loss: 4.33336911882673 
2025-01-09 21:05:20,438 INFO: Epoch 10, Train Loss: 0.7688100529373239, Test Loss: 0.7471775327410016, Inverse Test Loss: 4.324704033987863 
2025-01-09 21:05:20,988 INFO: Epoch 11, Train Loss: 0.7673073006332467, Test Loss: 0.7492087717567172, Inverse Test Loss: 4.5284238542829245 
2025-01-09 21:05:21,548 INFO: Epoch 12, Train Loss: 0.7665022567871513, Test Loss: 0.7434559698615756, Inverse Test Loss: 4.208004815237863 
2025-01-09 21:05:22,096 INFO: Epoch 13, Train Loss: 0.7649306939282549, Test Loss: 0.7416895244802747, Inverse Test Loss: 4.12202753339495 
2025-01-09 21:05:22,652 INFO: Epoch 14, Train Loss: 0.763637398361066, Test Loss: 0.7417459296328681, Inverse Test Loss: 4.084192820957729 
2025-01-09 21:05:23,204 INFO: Epoch 15, Train Loss: 0.7626848909833016, Test Loss: 0.73888298869133, Inverse Test Loss: 4.09885379246303 
2025-01-09 21:05:23,766 INFO: Epoch 16, Train Loss: 0.7605953183742838, Test Loss: 0.7384312514747892, Inverse Test Loss: 4.072820118495396 
2025-01-09 21:05:24,353 INFO: Epoch 17, Train Loss: 0.7587408155476282, Test Loss: 0.7378828142370496, Inverse Test Loss: 4.156621932983398 
2025-01-09 21:05:24,937 INFO: Epoch 18, Train Loss: 0.7584869921754259, Test Loss: 0.7378800404923302, Inverse Test Loss: 3.9577345166887556 
2025-01-09 21:05:25,500 INFO: Epoch 19, Train Loss: 0.7573997361944356, Test Loss: 0.7381437378270286, Inverse Test Loss: 4.134952000209263 
2025-01-09 21:05:26,060 INFO: Epoch 20, Train Loss: 0.7568203380348486, Test Loss: 0.7344452909060887, Inverse Test Loss: 3.980453763689314 
2025-01-09 21:05:26,617 INFO: Epoch 21, Train Loss: 0.7562999189446825, Test Loss: 0.7335758954286575, Inverse Test Loss: 3.9677791595458984 
2025-01-09 21:05:27,170 INFO: Epoch 22, Train Loss: 0.755697091785046, Test Loss: 0.7350811894450869, Inverse Test Loss: 4.076629911150251 
2025-01-09 21:05:27,712 INFO: Epoch 23, Train Loss: 0.7543081903676374, Test Loss: 0.7335235455206462, Inverse Test Loss: 3.9971719469342912 
2025-01-09 21:05:28,274 INFO: Epoch 24, Train Loss: 0.7536014537198827, Test Loss: 0.7324821097510201, Inverse Test Loss: 4.006506511143276 
2025-01-09 21:05:28,837 INFO: Epoch 25, Train Loss: 0.7530305292628227, Test Loss: 0.73192441037723, Inverse Test Loss: 3.951950345720564 
2025-01-09 21:05:29,373 INFO: Epoch 26, Train Loss: 0.7528376699587621, Test Loss: 0.7332344012601035, Inverse Test Loss: 3.983926228114537 
2025-01-09 21:05:29,927 INFO: Epoch 27, Train Loss: 0.7515103461545541, Test Loss: 0.7308056758982795, Inverse Test Loss: 3.94311032976423 
2025-01-09 21:05:30,486 INFO: Epoch 28, Train Loss: 0.7502462081952926, Test Loss: 0.7329537038292203, Inverse Test Loss: 3.9833763667515347 
2025-01-09 21:05:31,036 INFO: Epoch 29, Train Loss: 0.750678827456378, Test Loss: 0.7303613190140043, Inverse Test Loss: 3.8053700583321706 
2025-01-09 21:05:31,591 INFO: Epoch 30, Train Loss: 0.7504601921510259, Test Loss: 0.7320208506924766, Inverse Test Loss: 3.9591170719691684 
2025-01-09 21:05:32,151 INFO: Epoch 31, Train Loss: 0.7485689903617999, Test Loss: 0.7292473103318896, Inverse Test Loss: 3.92827878679548 
2025-01-09 21:05:32,705 INFO: Epoch 32, Train Loss: 0.7480713916481088, Test Loss: 0.7313505730458668, Inverse Test Loss: 3.9742725917271207 
2025-01-09 21:05:33,255 INFO: Epoch 33, Train Loss: 0.7484432852596318, Test Loss: 0.7294335961341858, Inverse Test Loss: 3.856979097638811 
2025-01-09 21:05:33,814 INFO: Epoch 34, Train Loss: 0.7476025026872617, Test Loss: 0.7308815887996128, Inverse Test Loss: 3.916437421526228 
2025-01-09 21:05:34,358 INFO: Epoch 35, Train Loss: 0.7476190142675277, Test Loss: 0.7281432705266135, Inverse Test Loss: 3.796241215297154 
2025-01-09 21:05:34,928 INFO: Epoch 36, Train Loss: 0.745229195564165, Test Loss: 0.730324985725539, Inverse Test Loss: 3.8477535247802734 
2025-01-09 21:05:35,497 INFO: Epoch 37, Train Loss: 0.7457339348049339, Test Loss: 0.730837168438094, Inverse Test Loss: 4.0055710928780695 
2025-01-09 21:05:36,060 INFO: Epoch 38, Train Loss: 0.7458467860834315, Test Loss: 0.7308628410100937, Inverse Test Loss: 4.017555509294782 
2025-01-09 21:05:36,624 INFO: Epoch 39, Train Loss: 0.7451019642549918, Test Loss: 0.7283209477152143, Inverse Test Loss: 3.845142364501953 
2025-01-09 21:05:37,256 INFO: Epoch 40, Train Loss: 0.7439601191686928, Test Loss: 0.7297023321901049, Inverse Test Loss: 3.9164205278669084 
2025-01-09 21:05:37,860 INFO: Epoch 41, Train Loss: 0.7449887072274445, Test Loss: 0.7285431666033608, Inverse Test Loss: 3.734055927821568 
2025-01-09 21:05:38,418 INFO: Epoch 42, Train Loss: 0.7429318761606829, Test Loss: 0.72713132415499, Inverse Test Loss: 3.8183482033865794 
2025-01-09 21:05:38,979 INFO: Epoch 43, Train Loss: 0.7423095046927076, Test Loss: 0.7281718168939862, Inverse Test Loss: 3.7813448224748885 
2025-01-09 21:05:39,542 INFO: Epoch 44, Train Loss: 0.7426504552911181, Test Loss: 0.7274578192404338, Inverse Test Loss: 3.821496146065848 
2025-01-09 21:05:40,127 INFO: Epoch 45, Train Loss: 0.7427801440615173, Test Loss: 0.7264576022114072, Inverse Test Loss: 3.7949532100132535 
2025-01-09 21:05:40,701 INFO: Epoch 46, Train Loss: 0.7418462754389562, Test Loss: 0.7287742623261043, Inverse Test Loss: 3.795218058994838 
2025-01-09 21:05:41,276 INFO: Epoch 47, Train Loss: 0.7427145773117695, Test Loss: 0.7324677556753159, Inverse Test Loss: 3.954066140311105 
2025-01-09 21:05:41,846 INFO: Epoch 48, Train Loss: 0.7413551249635328, Test Loss: 0.7275459553514209, Inverse Test Loss: 3.8147642953055247 
2025-01-09 21:05:42,402 INFO: Epoch 49, Train Loss: 0.7413567173371621, Test Loss: 0.7277638167142868, Inverse Test Loss: 3.8475821358816966 
2025-01-09 21:05:42,972 INFO: Epoch 50, Train Loss: 0.741167875604892, Test Loss: 0.727259921176093, Inverse Test Loss: 3.7580392020089284 
2025-01-09 21:05:43,542 INFO: Epoch 51, Train Loss: 0.7402105014258569, Test Loss: 0.7270341621977943, Inverse Test Loss: 3.8336827414376393 
2025-01-09 21:05:44,138 INFO: Epoch 52, Train Loss: 0.7404391098459926, Test Loss: 0.728380833353315, Inverse Test Loss: 3.8387399400983537 
2025-01-09 21:05:44,701 INFO: Epoch 53, Train Loss: 0.7403279116394323, Test Loss: 0.725667553288596, Inverse Test Loss: 3.7625808715820312 
2025-01-09 21:05:45,267 INFO: Epoch 54, Train Loss: 0.7396616181102368, Test Loss: 0.7268178505556924, Inverse Test Loss: 3.778935023716518 
2025-01-09 21:05:45,840 INFO: Epoch 55, Train Loss: 0.7388072735672697, Test Loss: 0.7275551514966148, Inverse Test Loss: 3.839287349155971 
2025-01-09 21:05:46,395 INFO: Epoch 56, Train Loss: 0.739837905682555, Test Loss: 0.7268065214157104, Inverse Test Loss: 3.8689286368233815 
2025-01-09 21:05:46,957 INFO: Epoch 57, Train Loss: 0.7380071008970978, Test Loss: 0.7298608805452075, Inverse Test Loss: 3.871696744646345 
2025-01-09 21:05:47,533 INFO: Epoch 58, Train Loss: 0.7382365322987968, Test Loss: 0.7291596723454339, Inverse Test Loss: 3.8782961709158763 
2025-01-09 21:05:48,099 INFO: Epoch 59, Train Loss: 0.7374704523917732, Test Loss: 0.7255602840866361, Inverse Test Loss: 3.745806557791574 
2025-01-09 21:05:48,663 INFO: Epoch 60, Train Loss: 0.7382601335508014, Test Loss: 0.7284177201134818, Inverse Test Loss: 3.8085994720458984 
2025-01-09 21:05:49,221 INFO: Epoch 61, Train Loss: 0.7374782081044048, Test Loss: 0.7268077092511314, Inverse Test Loss: 3.867161887032645 
2025-01-09 21:05:49,778 INFO: Epoch 62, Train Loss: 0.736358261983329, Test Loss: 0.7278056187289101, Inverse Test Loss: 3.7347493852887834 
2025-01-09 21:05:50,350 INFO: Epoch 63, Train Loss: 0.7370815216948133, Test Loss: 0.72627783034529, Inverse Test Loss: 3.7385619027273997 
2025-01-09 21:05:50,927 INFO: Epoch 64, Train Loss: 0.7360871117049401, Test Loss: 0.7270670000995908, Inverse Test Loss: 3.8702245439801897 
2025-01-09 21:05:51,487 INFO: Epoch 65, Train Loss: 0.7372400875485271, Test Loss: 0.7276549999203, Inverse Test Loss: 3.832993371146066 
2025-01-09 21:05:52,045 INFO: Epoch 66, Train Loss: 0.7351739844050976, Test Loss: 0.7264349907636642, Inverse Test Loss: 3.8401036943708147 
2025-01-09 21:05:52,612 INFO: Epoch 67, Train Loss: 0.7355526270122703, Test Loss: 0.7257860175200871, Inverse Test Loss: 3.861417770385742 
2025-01-09 21:05:53,177 INFO: Epoch 68, Train Loss: 0.7349310621209101, Test Loss: 0.7267361560038158, Inverse Test Loss: 3.9034006936209544 
2025-01-09 21:05:53,739 INFO: Epoch 69, Train Loss: 0.7348801006964587, Test Loss: 0.734219857624599, Inverse Test Loss: 4.068718501499721 
2025-01-09 21:05:54,294 INFO: Epoch 70, Train Loss: 0.734734280393758, Test Loss: 0.7264028106416974, Inverse Test Loss: 3.9318248203822543 
2025-01-09 21:05:54,869 INFO: Epoch 71, Train Loss: 0.7335744872005707, Test Loss: 0.7256707761968885, Inverse Test Loss: 3.8283454350062778 
2025-01-09 21:05:55,446 INFO: Epoch 72, Train Loss: 0.732151305456774, Test Loss: 0.7292447494609016, Inverse Test Loss: 3.9728385380336215 
2025-01-09 21:05:56,007 INFO: Epoch 73, Train Loss: 0.7337354345059176, Test Loss: 0.7258819426809039, Inverse Test Loss: 3.862114497593471 
2025-01-09 21:05:56,562 INFO: Epoch 74, Train Loss: 0.7326396567012192, Test Loss: 0.7237563388688224, Inverse Test Loss: 3.7389768872942244 
2025-01-09 21:05:57,123 INFO: Epoch 75, Train Loss: 0.7331532453178266, Test Loss: 0.7262687427656991, Inverse Test Loss: 3.827803203037807 
2025-01-09 21:05:57,693 INFO: Epoch 76, Train Loss: 0.73219539320797, Test Loss: 0.7271951820169177, Inverse Test Loss: 3.985142844063895 
2025-01-09 21:05:58,251 INFO: Epoch 77, Train Loss: 0.7321502713982119, Test Loss: 0.7275173727955137, Inverse Test Loss: 3.8970257895333424 
2025-01-09 21:05:58,834 INFO: Epoch 78, Train Loss: 0.7321290680027883, Test Loss: 0.7256482435124261, Inverse Test Loss: 3.906896318708147 
2025-01-09 21:05:59,400 INFO: Epoch 79, Train Loss: 0.7316933897657132, Test Loss: 0.7289555988141468, Inverse Test Loss: 4.002415520804269 
2025-01-09 21:05:59,955 INFO: Epoch 80, Train Loss: 0.7304138820105737, Test Loss: 0.7297889526401248, Inverse Test Loss: 4.072534833635602 
2025-01-09 21:06:00,534 INFO: Epoch 81, Train Loss: 0.7312736024550341, Test Loss: 0.7265286871365139, Inverse Test Loss: 3.9216390337262834 
2025-01-09 21:06:01,137 INFO: Epoch 82, Train Loss: 0.7301310464876507, Test Loss: 0.7272169888019562, Inverse Test Loss: 3.846491949898856 
2025-01-09 21:06:01,747 INFO: Epoch 83, Train Loss: 0.7306723857144697, Test Loss: 0.7248682422297341, Inverse Test Loss: 3.840547561645508 
2025-01-09 21:06:02,339 INFO: Epoch 84, Train Loss: 0.729874056413633, Test Loss: 0.7241042235067913, Inverse Test Loss: 3.7824363708496094 
2025-01-09 21:06:02,959 INFO: Epoch 85, Train Loss: 0.7300602886654916, Test Loss: 0.7249220928975514, Inverse Test Loss: 3.8888672419956754 
2025-01-09 21:06:03,587 INFO: Epoch 86, Train Loss: 0.7290240351213227, Test Loss: 0.7246436242546354, Inverse Test Loss: 3.863104684012277 
2025-01-09 21:06:04,226 INFO: Epoch 87, Train Loss: 0.7297220634757926, Test Loss: 0.7247912287712097, Inverse Test Loss: 3.8236190250941684 
2025-01-09 21:06:04,850 INFO: Epoch 88, Train Loss: 0.7297117857758059, Test Loss: 0.7261109011513847, Inverse Test Loss: 3.9258643559047153 
2025-01-09 21:06:05,493 INFO: Epoch 89, Train Loss: 0.7287909235429326, Test Loss: 0.7258661942822593, Inverse Test Loss: 3.9130265372140065 
2025-01-09 21:06:06,143 INFO: Epoch 90, Train Loss: 0.728351735193795, Test Loss: 0.7253309658595494, Inverse Test Loss: 3.987106595720564 
2025-01-09 21:06:06,813 INFO: Epoch 91, Train Loss: 0.7276114203514309, Test Loss: 0.7276524156332016, Inverse Test Loss: 3.9227357591901506 
2025-01-09 21:06:07,492 INFO: Epoch 92, Train Loss: 0.7275852686768278, Test Loss: 0.7253894763333457, Inverse Test Loss: 3.8544276101248607 
2025-01-09 21:06:08,227 INFO: Epoch 93, Train Loss: 0.7275209191742293, Test Loss: 0.72858136679445, Inverse Test Loss: 4.0162506103515625 
2025-01-09 21:06:08,891 INFO: Epoch 94, Train Loss: 0.7276131915389945, Test Loss: 0.7253824919462204, Inverse Test Loss: 3.9221785409109935 
2025-01-09 21:06:09,552 INFO: Epoch 95, Train Loss: 0.7272685345159758, Test Loss: 0.7254382286752973, Inverse Test Loss: 3.883011136736189 
2025-01-09 21:06:10,336 INFO: Epoch 96, Train Loss: 0.7270858167508326, Test Loss: 0.7284547409840992, Inverse Test Loss: 4.0149271828787665 
2025-01-09 21:06:11,050 INFO: Epoch 97, Train Loss: 0.7262490544844111, Test Loss: 0.7256995609828404, Inverse Test Loss: 3.8751136234828403 
2025-01-09 21:06:11,725 INFO: Epoch 98, Train Loss: 0.7253723800729174, Test Loss: 0.7260620849473136, Inverse Test Loss: 3.955817086356027 
2025-01-09 21:06:12,356 INFO: Epoch 99, Train Loss: 0.7257677032313216, Test Loss: 0.7271700799465179, Inverse Test Loss: 3.8891803196498325 
2025-01-09 21:06:13,053 INFO: Epoch 100, Train Loss: 0.7261858478598638, Test Loss: 0.7260163064513888, Inverse Test Loss: 3.9057423727852956 
2025-01-09 21:06:13,053 INFO: Best Epoch 74, Best Test Loss: 0.7237563388688224 
2025-01-09 21:06:13,688 INFO: Epoch 101, Train Loss: 0.7262782711501515, Test Loss: 0.7249347759144646, Inverse Test Loss: 3.8866160256522044 
2025-01-09 21:06:14,323 INFO: Epoch 102, Train Loss: 0.7266031788029802, Test Loss: 0.7282945386001042, Inverse Test Loss: 4.05314336504255 
2025-01-09 21:06:14,971 INFO: Epoch 103, Train Loss: 0.7250244989307648, Test Loss: 0.7260075701134545, Inverse Test Loss: 3.957357406616211 
2025-01-09 21:06:15,619 INFO: Epoch 104, Train Loss: 0.7252590289903343, Test Loss: 0.7259931585618428, Inverse Test Loss: 3.9135829380580356 
2025-01-09 21:06:16,326 INFO: Epoch 105, Train Loss: 0.7250612585916432, Test Loss: 0.7279643075806754, Inverse Test Loss: 3.9565980093819753 
2025-01-09 21:06:17,036 INFO: Epoch 106, Train Loss: 0.7243779285238423, Test Loss: 0.7259901400123324, Inverse Test Loss: 3.9332888466971263 
2025-01-09 21:06:17,683 INFO: Epoch 107, Train Loss: 0.7245964085290192, Test Loss: 0.72669546519007, Inverse Test Loss: 3.920923505510603 
2025-01-09 21:06:18,317 INFO: Epoch 108, Train Loss: 0.7244490226474377, Test Loss: 0.7268836072513035, Inverse Test Loss: 3.975240707397461 
2025-01-09 21:06:18,961 INFO: Epoch 109, Train Loss: 0.7245124288655203, Test Loss: 0.7272233217954636, Inverse Test Loss: 4.0864072527204245 
2025-01-09 21:06:19,632 INFO: Epoch 110, Train Loss: 0.722944932246427, Test Loss: 0.7279991890702929, Inverse Test Loss: 4.007140568324497 
2025-01-09 21:06:20,302 INFO: Epoch 111, Train Loss: 0.722554064125096, Test Loss: 0.7261609264782497, Inverse Test Loss: 3.9272782461983815 
2025-01-09 21:06:20,985 INFO: Epoch 112, Train Loss: 0.7221520089228218, Test Loss: 0.7257070711680821, Inverse Test Loss: 3.8738177163260326 
2025-01-09 21:06:21,649 INFO: Epoch 113, Train Loss: 0.7219516312310456, Test Loss: 0.7255105397530964, Inverse Test Loss: 3.917421340942383 
2025-01-09 21:06:22,316 INFO: Epoch 114, Train Loss: 0.7227561681642445, Test Loss: 0.7265696482998985, Inverse Test Loss: 3.9892856052943637 
2025-01-09 21:06:23,008 INFO: Epoch 115, Train Loss: 0.7221375960822499, Test Loss: 0.7240999681609017, Inverse Test Loss: 3.9409705570765903 
2025-01-09 21:06:23,681 INFO: Epoch 116, Train Loss: 0.7211521552243364, Test Loss: 0.728255780679839, Inverse Test Loss: 4.051997320992606 
2025-01-09 21:06:24,315 INFO: Epoch 117, Train Loss: 0.7213147391966723, Test Loss: 0.7259908190795353, Inverse Test Loss: 3.910106931413923 
2025-01-09 21:06:24,974 INFO: Epoch 118, Train Loss: 0.7213427451772427, Test Loss: 0.7250058267797742, Inverse Test Loss: 3.906984329223633 
2025-01-09 21:06:25,637 INFO: Epoch 119, Train Loss: 0.7202691315510951, Test Loss: 0.7286936321428844, Inverse Test Loss: 3.9783082689557756 
2025-01-09 21:06:26,298 INFO: Epoch 120, Train Loss: 0.7205973420668086, Test Loss: 0.7263208052941731, Inverse Test Loss: 3.976488930838449 
2025-01-09 21:06:26,952 INFO: Epoch 121, Train Loss: 0.7203692312634319, Test Loss: 0.7251501168523516, Inverse Test Loss: 4.0219268798828125 
2025-01-09 21:06:27,638 INFO: Epoch 122, Train Loss: 0.7209639882822649, Test Loss: 0.7267076564686639, Inverse Test Loss: 3.9461075919015065 
2025-01-09 21:06:28,343 INFO: Epoch 123, Train Loss: 0.7198946623627199, Test Loss: 0.7277701858963285, Inverse Test Loss: 4.090674809047154 
2025-01-09 21:06:29,021 INFO: Epoch 124, Train Loss: 0.7209070532693775, Test Loss: 0.7277309873274395, Inverse Test Loss: 4.072168895176479 
2025-01-09 21:06:29,661 INFO: Epoch 125, Train Loss: 0.7203569111474063, Test Loss: 0.7263503585542951, Inverse Test Loss: 3.9257749829973494 
2025-01-09 21:06:30,325 INFO: Epoch 126, Train Loss: 0.7196527894483794, Test Loss: 0.7275055348873138, Inverse Test Loss: 4.001036507742746 
2025-01-09 21:06:31,011 INFO: Epoch 127, Train Loss: 0.7188587708210726, Test Loss: 0.725960299372673, Inverse Test Loss: 3.850827625819615 
2025-01-09 21:06:31,759 INFO: Epoch 128, Train Loss: 0.7190219519335196, Test Loss: 0.7261391835553306, Inverse Test Loss: 4.00287355695452 
2025-01-09 21:06:32,445 INFO: Epoch 129, Train Loss: 0.7189094960142713, Test Loss: 0.7301732110125678, Inverse Test Loss: 4.078105926513672 
2025-01-09 21:06:33,092 INFO: Epoch 130, Train Loss: 0.718171325845456, Test Loss: 0.7253557358469281, Inverse Test Loss: 3.9511797768729076 
2025-01-09 21:06:33,758 INFO: Epoch 131, Train Loss: 0.718442223487644, Test Loss: 0.7261596875531333, Inverse Test Loss: 3.9587699345179965 
2025-01-09 21:06:34,391 INFO: Epoch 132, Train Loss: 0.7174260102280783, Test Loss: 0.7249806416886193, Inverse Test Loss: 3.979822976248605 
2025-01-09 21:06:35,052 INFO: Epoch 133, Train Loss: 0.7179230375027438, Test Loss: 0.728323431951659, Inverse Test Loss: 4.04688835144043 
2025-01-09 21:06:35,739 INFO: Epoch 134, Train Loss: 0.7182655979733948, Test Loss: 0.7276135363749096, Inverse Test Loss: 4.011209760393415 
2025-01-09 21:06:36,419 INFO: Epoch 135, Train Loss: 0.7171278497494689, Test Loss: 0.7264036025319781, Inverse Test Loss: 3.9649906158447266 
2025-01-09 21:06:37,082 INFO: Epoch 136, Train Loss: 0.7168037180506855, Test Loss: 0.7282636335917881, Inverse Test Loss: 3.987698418753488 
2025-01-09 21:06:37,736 INFO: Epoch 137, Train Loss: 0.7169868508610157, Test Loss: 0.7237464487552643, Inverse Test Loss: 3.8041449955531528 
2025-01-09 21:06:38,392 INFO: Epoch 138, Train Loss: 0.7176121309262897, Test Loss: 0.7262617945671082, Inverse Test Loss: 3.815518242972238 
2025-01-09 21:06:39,101 INFO: Epoch 139, Train Loss: 0.7162982373062624, Test Loss: 0.7255753917353494, Inverse Test Loss: 3.902146748134068 
2025-01-09 21:06:39,861 INFO: Epoch 140, Train Loss: 0.7161377394964935, Test Loss: 0.7265759216887611, Inverse Test Loss: 3.9618132455008372 
2025-01-09 21:06:40,580 INFO: Epoch 141, Train Loss: 0.7159533560822863, Test Loss: 0.7287288925477436, Inverse Test Loss: 4.025427954537528 
2025-01-09 21:06:41,412 INFO: Epoch 142, Train Loss: 0.7160042978208, Test Loss: 0.7253999028887067, Inverse Test Loss: 3.8649014064243863 
2025-01-09 21:06:42,192 INFO: Epoch 143, Train Loss: 0.7159006043311653, Test Loss: 0.7264505007437297, Inverse Test Loss: 3.9025467463902066 
2025-01-09 21:06:42,876 INFO: Epoch 144, Train Loss: 0.7151491860730932, Test Loss: 0.7251356691122055, Inverse Test Loss: 3.8389086042131697 
2025-01-09 21:06:43,580 INFO: Epoch 145, Train Loss: 0.7157372181568671, Test Loss: 0.7249505860464913, Inverse Test Loss: 3.935176304408482 
2025-01-09 21:06:44,266 INFO: Epoch 146, Train Loss: 0.7146808882372095, Test Loss: 0.7258799714701516, Inverse Test Loss: 3.8958958217075894 
2025-01-09 21:06:44,938 INFO: Epoch 147, Train Loss: 0.7147113226969307, Test Loss: 0.7256093450954982, Inverse Test Loss: 3.904129300798689 
2025-01-09 21:06:45,601 INFO: Epoch 148, Train Loss: 0.7153944285637742, Test Loss: 0.7253846568720681, Inverse Test Loss: 3.883513859340123 
2025-01-09 21:06:46,310 INFO: Epoch 149, Train Loss: 0.715131779876324, Test Loss: 0.7249394399779183, Inverse Test Loss: 3.884607587541853 
2025-01-09 21:06:47,001 INFO: Epoch 150, Train Loss: 0.7146295150485608, Test Loss: 0.7239868726049151, Inverse Test Loss: 3.894210542951311 
2025-01-09 21:06:47,669 INFO: Epoch 151, Train Loss: 0.714119643246362, Test Loss: 0.7257427764790398, Inverse Test Loss: 3.9236060551234653 
2025-01-09 21:06:48,322 INFO: Epoch 152, Train Loss: 0.7139913784254581, Test Loss: 0.7242650325809207, Inverse Test Loss: 3.828996113368443 
2025-01-09 21:06:48,966 INFO: Epoch 153, Train Loss: 0.7136859445396914, Test Loss: 0.7257452074970517, Inverse Test Loss: 3.9477901458740234 
2025-01-09 21:06:49,658 INFO: Epoch 154, Train Loss: 0.7137009895175969, Test Loss: 0.7257837440286364, Inverse Test Loss: 3.9099584306989397 
2025-01-09 21:06:50,361 INFO: Epoch 155, Train Loss: 0.712894917628087, Test Loss: 0.7249453897987094, Inverse Test Loss: 3.9838946206229076 
2025-01-09 21:06:50,998 INFO: Epoch 156, Train Loss: 0.7141057684880878, Test Loss: 0.7242955054555621, Inverse Test Loss: 3.876713344029018 
2025-01-09 21:06:51,687 INFO: Epoch 157, Train Loss: 0.7130477308133326, Test Loss: 0.7264286875724792, Inverse Test Loss: 3.8896285465785434 
2025-01-09 21:06:52,326 INFO: Epoch 158, Train Loss: 0.7126367343675106, Test Loss: 0.7251514728580203, Inverse Test Loss: 3.8762713841029575 
2025-01-09 21:06:52,972 INFO: Epoch 159, Train Loss: 0.7129920196095738, Test Loss: 0.7237788587808609, Inverse Test Loss: 3.899792807442801 
2025-01-09 21:06:53,637 INFO: Epoch 160, Train Loss: 0.7123380013562124, Test Loss: 0.726000543151583, Inverse Test Loss: 3.891302926199777 
2025-01-09 21:06:54,280 INFO: Epoch 161, Train Loss: 0.7131858533675518, Test Loss: 0.7264168922390256, Inverse Test Loss: 3.974982670375279 
2025-01-09 21:06:54,917 INFO: Epoch 162, Train Loss: 0.7111231897949079, Test Loss: 0.7251117442335401, Inverse Test Loss: 3.8397530147007535 
2025-01-09 21:06:55,574 INFO: Epoch 163, Train Loss: 0.7123329666776395, Test Loss: 0.726274481841496, Inverse Test Loss: 3.953983851841518 
2025-01-09 21:06:56,216 INFO: Epoch 164, Train Loss: 0.7116687877462544, Test Loss: 0.7257998415402004, Inverse Test Loss: 3.8593733651297435 
2025-01-09 21:06:56,857 INFO: Epoch 165, Train Loss: 0.7114886023582668, Test Loss: 0.726513289979526, Inverse Test Loss: 3.9629699162074496 
2025-01-09 21:06:57,501 INFO: Epoch 166, Train Loss: 0.7113922260223179, Test Loss: 0.726916858128139, Inverse Test Loss: 3.9490258353097096 
2025-01-09 21:06:58,144 INFO: Epoch 167, Train Loss: 0.7103332948247227, Test Loss: 0.7271450906991959, Inverse Test Loss: 3.9230921609061107 
2025-01-09 21:06:58,806 INFO: Epoch 168, Train Loss: 0.7113676503163959, Test Loss: 0.724949415240969, Inverse Test Loss: 3.9236343928745816 
2025-01-09 21:06:59,445 INFO: Epoch 169, Train Loss: 0.7111958642618372, Test Loss: 0.7270880320242473, Inverse Test Loss: 3.9069322858537947 
2025-01-09 21:07:00,118 INFO: Epoch 170, Train Loss: 0.7105306671300066, Test Loss: 0.7283634926591601, Inverse Test Loss: 3.977645056588309 
2025-01-09 21:07:00,763 INFO: Epoch 171, Train Loss: 0.7088916022843177, Test Loss: 0.7252323584897178, Inverse Test Loss: 3.9139303479875838 
2025-01-09 21:07:01,422 INFO: Epoch 172, Train Loss: 0.7098488468642629, Test Loss: 0.7254551691668374, Inverse Test Loss: 3.9571358816964284 
2025-01-09 21:07:02,113 INFO: Epoch 173, Train Loss: 0.710728544707692, Test Loss: 0.7280103202377047, Inverse Test Loss: 4.0148661477225165 
2025-01-09 21:07:02,784 INFO: Epoch 174, Train Loss: 0.7095609066683218, Test Loss: 0.7257293484040669, Inverse Test Loss: 3.9265847887311662 
2025-01-09 21:07:03,492 INFO: Epoch 175, Train Loss: 0.7104292134626196, Test Loss: 0.7250965748514447, Inverse Test Loss: 3.866441181727818 
2025-01-09 21:07:04,156 INFO: Epoch 176, Train Loss: 0.7097333614979315, Test Loss: 0.725003087094852, Inverse Test Loss: 3.8878868647984097 
2025-01-09 21:07:04,852 INFO: Epoch 177, Train Loss: 0.7095251870811532, Test Loss: 0.7245071083307266, Inverse Test Loss: 3.95864132472447 
2025-01-09 21:07:05,518 INFO: Epoch 178, Train Loss: 0.7090349525486658, Test Loss: 0.7268732147557395, Inverse Test Loss: 3.9925199236188615 
2025-01-09 21:07:06,171 INFO: Epoch 179, Train Loss: 0.7081698983087452, Test Loss: 0.727584319455283, Inverse Test Loss: 3.9547397068568637 
2025-01-09 21:07:06,848 INFO: Epoch 180, Train Loss: 0.7090763263746139, Test Loss: 0.7267525153500694, Inverse Test Loss: 4.025274004255023 
2025-01-09 21:07:07,544 INFO: Epoch 181, Train Loss: 0.7089010761418474, Test Loss: 0.7262624651193619, Inverse Test Loss: 3.996706553867885 
2025-01-09 21:07:08,205 INFO: Epoch 182, Train Loss: 0.7082811851020253, Test Loss: 0.7275365144014359, Inverse Test Loss: 4.048947470528739 
2025-01-09 21:07:08,879 INFO: Epoch 183, Train Loss: 0.7078129643693977, Test Loss: 0.726000040769577, Inverse Test Loss: 3.904433114188058 
2025-01-09 21:07:09,521 INFO: Epoch 184, Train Loss: 0.7088193045843632, Test Loss: 0.7273465501410621, Inverse Test Loss: 4.023535047258649 
2025-01-09 21:07:10,193 INFO: Epoch 185, Train Loss: 0.7081232590412875, Test Loss: 0.7277189429317202, Inverse Test Loss: 3.9774109976632253 
2025-01-09 21:07:10,847 INFO: Epoch 186, Train Loss: 0.7081254676941338, Test Loss: 0.7258719823190144, Inverse Test Loss: 3.9415223257882253 
2025-01-09 21:07:11,488 INFO: Epoch 187, Train Loss: 0.707183581426603, Test Loss: 0.7271639364106315, Inverse Test Loss: 3.997624261038644 
2025-01-09 21:07:12,151 INFO: Epoch 188, Train Loss: 0.707275742237721, Test Loss: 0.7264468116419656, Inverse Test Loss: 3.9712020329066684 
2025-01-09 21:07:12,844 INFO: Epoch 189, Train Loss: 0.7071067236979073, Test Loss: 0.7261635703699929, Inverse Test Loss: 3.991745812552316 
2025-01-09 21:07:13,593 INFO: Epoch 190, Train Loss: 0.7069836969769329, Test Loss: 0.726528212428093, Inverse Test Loss: 3.9720815931047713 
2025-01-09 21:07:14,429 INFO: Epoch 191, Train Loss: 0.7074456810951233, Test Loss: 0.7288969435862133, Inverse Test Loss: 3.9789229801722934 
2025-01-09 21:07:15,183 INFO: Epoch 192, Train Loss: 0.7084918869744747, Test Loss: 0.7261299469641277, Inverse Test Loss: 3.9013448442731584 
2025-01-09 21:07:15,849 INFO: Epoch 193, Train Loss: 0.7079610655067163, Test Loss: 0.7259656063147953, Inverse Test Loss: 3.9737982068743025 
2025-01-09 21:07:16,575 INFO: Epoch 194, Train Loss: 0.7054183630768313, Test Loss: 0.7273611298629216, Inverse Test Loss: 3.9270082201276506 
2025-01-09 21:07:17,277 INFO: Epoch 195, Train Loss: 0.7066450392434357, Test Loss: 0.7251773008278438, Inverse Test Loss: 3.9928795950753346 
2025-01-09 21:07:18,007 INFO: Epoch 196, Train Loss: 0.7053837814462294, Test Loss: 0.7266122826508113, Inverse Test Loss: 3.9781788417271207 
2025-01-09 21:07:18,752 INFO: Epoch 197, Train Loss: 0.7070253885120427, Test Loss: 0.7273080114807401, Inverse Test Loss: 3.865424564906529 
2025-01-09 21:07:19,444 INFO: Epoch 198, Train Loss: 0.7049230451977581, Test Loss: 0.7258259547608239, Inverse Test Loss: 3.9662881578717912 
2025-01-09 21:07:20,126 INFO: Epoch 199, Train Loss: 0.7059686779975891, Test Loss: 0.725314314876284, Inverse Test Loss: 3.884742191859654 
2025-01-09 21:07:20,805 INFO: Epoch 200, Train Loss: 0.7056467019089865, Test Loss: 0.7272372075489589, Inverse Test Loss: 4.044140951974051 
2025-01-09 21:07:20,805 INFO: Best Epoch 137, Best Test Loss: 0.7237464487552643 
2025-01-09 21:07:21,505 INFO: Epoch 201, Train Loss: 0.7057710743825371, Test Loss: 0.7262242372546878, Inverse Test Loss: 3.936171122959682 
2025-01-09 21:07:22,192 INFO: Epoch 202, Train Loss: 0.7048048021596506, Test Loss: 0.7273035006863731, Inverse Test Loss: 3.9669437408447266 
2025-01-09 21:07:22,872 INFO: Epoch 203, Train Loss: 0.7064409693446728, Test Loss: 0.7279022037982941, Inverse Test Loss: 3.969987051827567 
2025-01-09 21:07:23,551 INFO: Epoch 204, Train Loss: 0.7052770120288254, Test Loss: 0.7266732049839837, Inverse Test Loss: 3.9094979422433034 
2025-01-09 21:07:24,257 INFO: Epoch 205, Train Loss: 0.7058044715758858, Test Loss: 0.7280709211315427, Inverse Test Loss: 4.006904329572405 
2025-01-09 21:07:24,947 INFO: Epoch 206, Train Loss: 0.7043264136401886, Test Loss: 0.7291163418974195, Inverse Test Loss: 4.051374980381557 
