2025-05-09 17:07:16,981 INFO: log_path:/logs_2025_5_9_HS_mos1_L1/AMFormer_simple_MLP_dim32_depth2_heads4_dropout0.4_fusion0.445_0.555_simple_MLP_lr0.0001_kan_+amformer_rc+fusion_6P 
2025-05-09 17:07:16,982 INFO: Model:namespace(attn_dropout=0.4, categories=[], cluster=3, depth=2, dim=32, ff_dropout=0.4, groups=[54, 54, 54], heads=4, name='AMFormer_simple_MLP_dim32_depth2_heads4_dropout0.4_fusion0.445_0.555_simple_MLP', num_cate=0, num_cont=20, num_special_tokens=1, out_dim=1, predictor='simple_MLP', prod_num_per_group=[6, 6, 6], qk_relu=False, static_fusion={'kan_weight': 0.445, 'trans_weight': 0.555}, sum_num_per_group=[32, 16, 8], target_mode='regression', token_descent=False, use_cls_token=True, use_prod=True, use_row_col_attention=True, use_sigmoid=True) 
2025-05-09 17:07:16,982 INFO: lr:0.0001, loss:L1 
2025-05-09 17:07:16,982 INFO: Dataset:HS_mos1, Target:['metal6_Peak'] 
2025-05-09 17:07:16,983 INFO: ------Begin Training Model------ 
2025-05-09 17:07:22,557 INFO: Epoch 1, Train Loss: 0.37312963830702234, Test Loss: 0.3604533076286316, Inverse Test Loss: 6.0264646586249855 
2025-05-09 17:07:24,611 INFO: Epoch 2, Train Loss: 0.33447096090425144, Test Loss: 0.344149137244505, Inverse Test Loss: 5.788036739124971 
2025-05-09 17:07:26,653 INFO: Epoch 3, Train Loss: 0.31610397565545456, Test Loss: 0.3250739776036319, Inverse Test Loss: 5.5442539102890915 
2025-05-09 17:07:28,686 INFO: Epoch 4, Train Loss: 0.30137852376157587, Test Loss: 0.3039583756643183, Inverse Test Loss: 5.237591967863195 
2025-05-09 17:07:30,719 INFO: Epoch 5, Train Loss: 0.29144049842249264, Test Loss: 0.30225322176428404, Inverse Test Loss: 5.200763674343333 
2025-05-09 17:07:32,754 INFO: Epoch 6, Train Loss: 0.2781618217175657, Test Loss: 0.2773430601638906, Inverse Test Loss: 4.862070967169369 
2025-05-09 17:07:34,782 INFO: Epoch 7, Train Loss: 0.26839000551086484, Test Loss: 0.2695496213786742, Inverse Test Loss: 4.738307321772856 
2025-05-09 17:07:36,793 INFO: Epoch 8, Train Loss: 0.26344020822734543, Test Loss: 0.2547250731902964, Inverse Test Loss: 4.526927695554845 
2025-05-09 17:07:38,785 INFO: Epoch 9, Train Loss: 0.25380782850764017, Test Loss: 0.25266211436075325, Inverse Test Loss: 4.516916078679702 
2025-05-09 17:07:40,782 INFO: Epoch 10, Train Loss: 0.24593229027408542, Test Loss: 0.2414199262857437, Inverse Test Loss: 4.3627948620740105 
2025-05-09 17:07:42,785 INFO: Epoch 11, Train Loss: 0.24262515003934051, Test Loss: 0.2400890860487433, Inverse Test Loss: 4.360613879035501 
2025-05-09 17:07:44,792 INFO: Epoch 12, Train Loss: 0.23745958597371072, Test Loss: 0.222375907442149, Inverse Test Loss: 4.043762739966898 
2025-05-09 17:07:46,821 INFO: Epoch 13, Train Loss: 0.23266561509984912, Test Loss: 0.2262797443305745, Inverse Test Loss: 4.17824143521926 
2025-05-09 17:07:48,839 INFO: Epoch 14, Train Loss: 0.2250975485552441, Test Loss: 0.21622170946177313, Inverse Test Loss: 3.995606127907248 
2025-05-09 17:07:50,865 INFO: Epoch 15, Train Loss: 0.2215478370587031, Test Loss: 0.21258185891544118, Inverse Test Loss: 3.956761261996101 
2025-05-09 17:07:52,905 INFO: Epoch 16, Train Loss: 0.22064083272760565, Test Loss: 0.2090862332021489, Inverse Test Loss: 3.922287141575533 
2025-05-09 17:07:54,936 INFO: Epoch 17, Train Loss: 0.2148951678113504, Test Loss: 0.2122559459770427, Inverse Test Loss: 3.9896191849428067 
2025-05-09 17:07:56,960 INFO: Epoch 18, Train Loss: 0.21177607774734497, Test Loss: 0.19973501913687763, Inverse Test Loss: 3.791029256932876 
2025-05-09 17:07:58,969 INFO: Epoch 19, Train Loss: 0.20854040483633676, Test Loss: 0.1955755782477996, Inverse Test Loss: 3.7359263335957245 
2025-05-09 17:08:00,977 INFO: Epoch 20, Train Loss: 0.20591283567024, Test Loss: 0.19304472120369182, Inverse Test Loss: 3.7012206105624927 
2025-05-09 17:08:02,984 INFO: Epoch 21, Train Loss: 0.20140676381009998, Test Loss: 0.19104243289021886, Inverse Test Loss: 3.66675768179052 
2025-05-09 17:08:04,989 INFO: Epoch 22, Train Loss: 0.1985868974165483, Test Loss: 0.1853633619406644, Inverse Test Loss: 3.5762737358317658 
2025-05-09 17:08:07,004 INFO: Epoch 23, Train Loss: 0.1938099917588812, Test Loss: 0.18155599692288568, Inverse Test Loss: 3.5247055222006405 
2025-05-09 17:08:09,014 INFO: Epoch 24, Train Loss: 0.1915163059126247, Test Loss: 0.17931068951592727, Inverse Test Loss: 3.4757783553179573 
2025-05-09 17:08:11,022 INFO: Epoch 25, Train Loss: 0.19010477309877222, Test Loss: 0.17608984647428289, Inverse Test Loss: 3.4267053884618424 
2025-05-09 17:08:13,038 INFO: Epoch 26, Train Loss: 0.18588348432923807, Test Loss: 0.1741678289630834, Inverse Test Loss: 3.424029799068675 
2025-05-09 17:08:15,048 INFO: Epoch 27, Train Loss: 0.18406536023725162, Test Loss: 0.1708558144814828, Inverse Test Loss: 3.367388879551607 
2025-05-09 17:08:17,065 INFO: Epoch 28, Train Loss: 0.18162218153928267, Test Loss: 0.16905382976812475, Inverse Test Loss: 3.358894011553596 
2025-05-09 17:08:19,080 INFO: Epoch 29, Train Loss: 0.18056144362146204, Test Loss: 0.1663980746970457, Inverse Test Loss: 3.310787369223202 
2025-05-09 17:08:21,095 INFO: Epoch 30, Train Loss: 0.1763022980003646, Test Loss: 0.16488121099331798, Inverse Test Loss: 3.294347033781164 
2025-05-09 17:08:23,101 INFO: Epoch 31, Train Loss: 0.17441413449970158, Test Loss: 0.16021303481915417, Inverse Test Loss: 3.1944002684424904 
2025-05-09 17:08:25,107 INFO: Epoch 32, Train Loss: 0.17031233994798226, Test Loss: 0.15784768409588756, Inverse Test Loss: 3.1779509993160473 
2025-05-09 17:08:27,138 INFO: Epoch 33, Train Loss: 0.16796692155978896, Test Loss: 0.15646705820279963, Inverse Test Loss: 3.1632406851824593 
2025-05-09 17:08:29,171 INFO: Epoch 34, Train Loss: 0.16943610109614604, Test Loss: 0.15436791497118332, Inverse Test Loss: 3.0715038355659035 
2025-05-09 17:08:31,200 INFO: Epoch 35, Train Loss: 0.16652262380177324, Test Loss: 0.1529775967492777, Inverse Test Loss: 3.0890197192921356 
2025-05-09 17:08:33,245 INFO: Epoch 36, Train Loss: 0.16597494347528977, Test Loss: 0.15135397893541, Inverse Test Loss: 3.03427755131441 
2025-05-09 17:08:35,273 INFO: Epoch 37, Train Loss: 0.1633322641930797, Test Loss: 0.15046790505156799, Inverse Test Loss: 3.068942995632396 
2025-05-09 17:08:37,295 INFO: Epoch 38, Train Loss: 0.16409027395826398, Test Loss: 0.15004881953491883, Inverse Test Loss: 3.0190446236554314 
2025-05-09 17:08:39,337 INFO: Epoch 39, Train Loss: 0.15927497478145541, Test Loss: 0.14698838179602342, Inverse Test Loss: 2.976125478744507 
2025-05-09 17:08:41,374 INFO: Epoch 40, Train Loss: 0.15822260476874583, Test Loss: 0.14661379509112415, Inverse Test Loss: 2.987036144032198 
2025-05-09 17:08:43,383 INFO: Epoch 41, Train Loss: 0.15963834704774799, Test Loss: 0.14665148714009454, Inverse Test Loss: 3.0076174876269173 
2025-05-09 17:08:45,402 INFO: Epoch 42, Train Loss: 0.15560271444194246, Test Loss: 0.14316094535238602, Inverse Test Loss: 2.9276286994709686 
2025-05-09 17:08:47,413 INFO: Epoch 43, Train Loss: 0.15545117290634097, Test Loss: 0.144862001433092, Inverse Test Loss: 2.9896383846507355 
2025-05-09 17:08:49,436 INFO: Epoch 44, Train Loss: 0.1534649214961312, Test Loss: 0.14306887239217758, Inverse Test Loss: 2.9306455219493195 
2025-05-09 17:08:51,444 INFO: Epoch 45, Train Loss: 0.1524531009296576, Test Loss: 0.1418472756357754, Inverse Test Loss: 2.890590415281408 
2025-05-09 17:08:53,453 INFO: Epoch 46, Train Loss: 0.1509628486678456, Test Loss: 0.14060149955398896, Inverse Test Loss: 2.8711247864891503 
2025-05-09 17:08:55,477 INFO: Epoch 47, Train Loss: 0.1517917803968444, Test Loss: 0.14085671437137268, Inverse Test Loss: 2.8910859051872704 
2025-05-09 17:08:57,521 INFO: Epoch 48, Train Loss: 0.15248393639922142, Test Loss: 0.1396469622850418, Inverse Test Loss: 2.8552620270672966 
2025-05-09 17:08:59,551 INFO: Epoch 49, Train Loss: 0.1485847452598991, Test Loss: 0.1378854447427918, Inverse Test Loss: 2.8461458262275245 
2025-05-09 17:09:01,559 INFO: Epoch 50, Train Loss: 0.1479878006785205, Test Loss: 0.13897792249917984, Inverse Test Loss: 2.8529183163362393 
2025-05-09 17:09:03,577 INFO: Epoch 51, Train Loss: 0.14757191536552977, Test Loss: 0.137859685894321, Inverse Test Loss: 2.8552402889027313 
2025-05-09 17:09:05,593 INFO: Epoch 52, Train Loss: 0.14742859960957008, Test Loss: 0.13696341304218068, Inverse Test Loss: 2.8074201696059284 
2025-05-09 17:09:07,612 INFO: Epoch 53, Train Loss: 0.14392261850562962, Test Loss: 0.13723780740709865, Inverse Test Loss: 2.825144080554738 
2025-05-09 17:09:09,624 INFO: Epoch 54, Train Loss: 0.14440758831121706, Test Loss: 0.13660852391930187, Inverse Test Loss: 2.7885880610522102 
2025-05-09 17:09:11,671 INFO: Epoch 55, Train Loss: 0.14380522546443072, Test Loss: 0.13636641204357147, Inverse Test Loss: 2.8087482732885025 
2025-05-09 17:09:13,708 INFO: Epoch 56, Train Loss: 0.14208883306745326, Test Loss: 0.13460906945607243, Inverse Test Loss: 2.7861172732184913 
2025-05-09 17:09:15,736 INFO: Epoch 57, Train Loss: 0.14223616017085133, Test Loss: 0.13450786646674662, Inverse Test Loss: 2.761114975985359 
2025-05-09 17:09:17,786 INFO: Epoch 58, Train Loss: 0.14150767818544852, Test Loss: 0.1354208768290632, Inverse Test Loss: 2.7507345115437225 
2025-05-09 17:09:19,851 INFO: Epoch 59, Train Loss: 0.13974014489036618, Test Loss: 0.13325751266058752, Inverse Test Loss: 2.7658941325019386 
2025-05-09 17:09:21,874 INFO: Epoch 60, Train Loss: 0.13961246925773044, Test Loss: 0.13565879534272587, Inverse Test Loss: 2.739712855395149 
2025-05-09 17:09:23,901 INFO: Epoch 61, Train Loss: 0.13960173816391916, Test Loss: 0.13433805984609268, Inverse Test Loss: 2.735409371993121 
2025-05-09 17:09:25,933 INFO: Epoch 62, Train Loss: 0.14072816277092154, Test Loss: 0.1319895062376471, Inverse Test Loss: 2.7160831058726593 
2025-05-09 17:09:27,972 INFO: Epoch 63, Train Loss: 0.13995293335932674, Test Loss: 0.13280066278050928, Inverse Test Loss: 2.7633730383480297 
2025-05-09 17:09:29,992 INFO: Epoch 64, Train Loss: 0.1380716370362224, Test Loss: 0.13327772477093866, Inverse Test Loss: 2.7064854117000805 
2025-05-09 17:09:32,011 INFO: Epoch 65, Train Loss: 0.13740142626744328, Test Loss: 0.12966717516674714, Inverse Test Loss: 2.6949840433457317 
2025-05-09 17:09:34,014 INFO: Epoch 66, Train Loss: 0.13808309681939357, Test Loss: 0.13247717654003816, Inverse Test Loss: 2.703434102675494 
2025-05-09 17:09:36,018 INFO: Epoch 67, Train Loss: 0.1361656210413485, Test Loss: 0.13156823112684138, Inverse Test Loss: 2.710305045632755 
2025-05-09 17:09:38,044 INFO: Epoch 68, Train Loss: 0.13450363797671866, Test Loss: 0.13094870483174043, Inverse Test Loss: 2.7221966491026035 
2025-05-09 17:09:40,053 INFO: Epoch 69, Train Loss: 0.13582032467379715, Test Loss: 0.13087855893022873, Inverse Test Loss: 2.7252760774949016 
2025-05-09 17:09:42,062 INFO: Epoch 70, Train Loss: 0.13395407570130896, Test Loss: 0.12768890621031032, Inverse Test Loss: 2.6451839138479794 
2025-05-09 17:09:44,077 INFO: Epoch 71, Train Loss: 0.13301820386991356, Test Loss: 0.12977826770614176, Inverse Test Loss: 2.674872398376465 
2025-05-09 17:09:46,089 INFO: Epoch 72, Train Loss: 0.13291902512763487, Test Loss: 0.1279690502321019, Inverse Test Loss: 2.654886512195363 
2025-05-09 17:09:48,103 INFO: Epoch 73, Train Loss: 0.13278575546362184, Test Loss: 0.12879020545412512, Inverse Test Loss: 2.64052609836354 
2025-05-09 17:09:50,116 INFO: Epoch 74, Train Loss: 0.1313717971471223, Test Loss: 0.12758699651150143, Inverse Test Loss: 2.643472061437719 
2025-05-09 17:09:52,166 INFO: Epoch 75, Train Loss: 0.13136401783787843, Test Loss: 0.1283056674634709, Inverse Test Loss: 2.6361531089333927 
2025-05-09 17:09:54,187 INFO: Epoch 76, Train Loss: 0.13122123084736592, Test Loss: 0.12670022818972082, Inverse Test Loss: 2.63639839256511 
2025-05-09 17:09:56,227 INFO: Epoch 77, Train Loss: 0.13072559993826982, Test Loss: 0.12923017056549296, Inverse Test Loss: 2.71266874145059 
2025-05-09 17:09:58,263 INFO: Epoch 78, Train Loss: 0.13073432592279982, Test Loss: 0.12629433677476995, Inverse Test Loss: 2.627426364842583 
2025-05-09 17:10:00,298 INFO: Epoch 79, Train Loss: 0.1294131317373478, Test Loss: 0.12695481189910104, Inverse Test Loss: 2.6553400193943695 
2025-05-09 17:10:02,364 INFO: Epoch 80, Train Loss: 0.12811628717816237, Test Loss: 0.12581157465191448, Inverse Test Loss: 2.5863965609494377 
2025-05-09 17:10:04,404 INFO: Epoch 81, Train Loss: 0.12863384514595522, Test Loss: 0.12665205755654504, Inverse Test Loss: 2.591382573632633 
2025-05-09 17:10:06,422 INFO: Epoch 82, Train Loss: 0.12747467185060182, Test Loss: 0.12541125955827095, Inverse Test Loss: 2.5823941230773926 
2025-05-09 17:10:08,435 INFO: Epoch 83, Train Loss: 0.12901070578531784, Test Loss: 0.12524612423251658, Inverse Test Loss: 2.575282272170572 
2025-05-09 17:10:10,447 INFO: Epoch 84, Train Loss: 0.127136768265204, Test Loss: 0.12480837282012491, Inverse Test Loss: 2.5893500271965477 
2025-05-09 17:10:12,460 INFO: Epoch 85, Train Loss: 0.1260414533317089, Test Loss: 0.12667216316742055, Inverse Test Loss: 2.5824371646432316 
2025-05-09 17:10:14,457 INFO: Epoch 86, Train Loss: 0.12578802013939078, Test Loss: 0.1245877098511247, Inverse Test Loss: 2.5798509331310497 
2025-05-09 17:10:16,453 INFO: Epoch 87, Train Loss: 0.12665518599026132, Test Loss: 0.12540996995042353, Inverse Test Loss: 2.5781429094426773 
2025-05-09 17:10:18,471 INFO: Epoch 88, Train Loss: 0.12560093978589232, Test Loss: 0.12429853353430242, Inverse Test Loss: 2.6067686361425064 
2025-05-09 17:10:20,477 INFO: Epoch 89, Train Loss: 0.12336920766216336, Test Loss: 0.12227852467228384, Inverse Test Loss: 2.538447316955118 
2025-05-09 17:10:22,495 INFO: Epoch 90, Train Loss: 0.12380192406249768, Test Loss: 0.12402737337876768, Inverse Test Loss: 2.592583277646233 
2025-05-09 17:10:24,501 INFO: Epoch 91, Train Loss: 0.12295590882951563, Test Loss: 0.12344426880864535, Inverse Test Loss: 2.5438483672983505 
2025-05-09 17:10:26,512 INFO: Epoch 92, Train Loss: 0.12405016984451901, Test Loss: 0.1230856460683486, Inverse Test Loss: 2.552744339494144 
2025-05-09 17:10:28,521 INFO: Epoch 93, Train Loss: 0.12357219421502316, Test Loss: 0.12266921208185308, Inverse Test Loss: 2.5359251849791584 
2025-05-09 17:10:30,542 INFO: Epoch 94, Train Loss: 0.12258987772193822, Test Loss: 0.12301025254761472, Inverse Test Loss: 2.5783738879596485 
2025-05-09 17:10:32,564 INFO: Epoch 95, Train Loss: 0.1219321299682964, Test Loss: 0.12256373465061188, Inverse Test Loss: 2.5413686317556046 
2025-05-09 17:10:34,582 INFO: Epoch 96, Train Loss: 0.1209851974113421, Test Loss: 0.12235125439131961, Inverse Test Loss: 2.553278965108535 
2025-05-09 17:10:36,583 INFO: Epoch 97, Train Loss: 0.12286374582485719, Test Loss: 0.12213365207700168, Inverse Test Loss: 2.543591485303991 
2025-05-09 17:10:38,591 INFO: Epoch 98, Train Loss: 0.12100034049063017, Test Loss: 0.12150451672427795, Inverse Test Loss: 2.5203118254156673 
2025-05-09 17:10:40,596 INFO: Epoch 99, Train Loss: 0.12156662423953865, Test Loss: 0.12176001028102987, Inverse Test Loss: 2.5500579230925617 
2025-05-09 17:10:42,644 INFO: Epoch 100, Train Loss: 0.12059315553668773, Test Loss: 0.12120558452956817, Inverse Test Loss: 2.5520293011384854 
2025-05-09 17:10:42,644 INFO: Best Epoch 100, Best Test Loss: 0.12120558452956817, Inverse Test Loss: 2.5520293011384854 
2025-05-09 17:10:44,654 INFO: Epoch 101, Train Loss: 0.12105418346596486, Test Loss: 0.12348296690513105, Inverse Test Loss: 2.5232842249028824 
2025-05-09 17:10:46,684 INFO: Epoch 102, Train Loss: 0.11989412705103557, Test Loss: 0.12358259497319951, Inverse Test Loss: 2.5291541744680965 
2025-05-09 17:10:48,678 INFO: Epoch 103, Train Loss: 0.12050155663129056, Test Loss: 0.11979000007405001, Inverse Test Loss: 2.4950611801708447 
2025-05-09 17:10:50,686 INFO: Epoch 104, Train Loss: 0.11951296686223059, Test Loss: 0.12107368164202746, Inverse Test Loss: 2.498501462094924 
2025-05-09 17:10:52,699 INFO: Epoch 105, Train Loss: 0.11921084322261088, Test Loss: 0.12016287511762451, Inverse Test Loss: 2.491024648441988 
2025-05-09 17:10:54,708 INFO: Epoch 106, Train Loss: 0.11916543644937602, Test Loss: 0.11974475116414182, Inverse Test Loss: 2.494191520354327 
2025-05-09 17:10:56,713 INFO: Epoch 107, Train Loss: 0.11911450580439785, Test Loss: 0.11906321741202298, Inverse Test Loss: 2.5036921360913444 
2025-05-09 17:10:58,726 INFO: Epoch 108, Train Loss: 0.11821156085440607, Test Loss: 0.11879106830148135, Inverse Test Loss: 2.507055766442243 
2025-05-09 17:11:00,738 INFO: Epoch 109, Train Loss: 0.11703945989861633, Test Loss: 0.11901652067899704, Inverse Test Loss: 2.4893651008605957 
2025-05-09 17:11:02,741 INFO: Epoch 110, Train Loss: 0.11696418476375667, Test Loss: 0.11868895590305328, Inverse Test Loss: 2.4728097635156967 
2025-05-09 17:11:04,758 INFO: Epoch 111, Train Loss: 0.11662635003978555, Test Loss: 0.12031109631061554, Inverse Test Loss: 2.5410613031948315 
2025-05-09 17:11:06,785 INFO: Epoch 112, Train Loss: 0.11685011564104845, Test Loss: 0.12009331518236328, Inverse Test Loss: 2.4874676255618824 
2025-05-09 17:11:08,788 INFO: Epoch 113, Train Loss: 0.11731057523777991, Test Loss: 0.1198276369010701, Inverse Test Loss: 2.547010001014261 
2025-05-09 17:11:10,787 INFO: Epoch 114, Train Loss: 0.11529343913901936, Test Loss: 0.11943404376506805, Inverse Test Loss: 2.4948748420266544 
2025-05-09 17:11:12,799 INFO: Epoch 115, Train Loss: 0.11607978842926747, Test Loss: 0.11858868204495486, Inverse Test Loss: 2.5084001737482406 
2025-05-09 17:11:14,811 INFO: Epoch 116, Train Loss: 0.1155487447977066, Test Loss: 0.11874574400922831, Inverse Test Loss: 2.4747735261917114 
2025-05-09 17:11:16,855 INFO: Epoch 117, Train Loss: 0.11502390106519063, Test Loss: 0.11716823542819303, Inverse Test Loss: 2.4566981652203728 
2025-05-09 17:11:18,862 INFO: Epoch 118, Train Loss: 0.11505295765219313, Test Loss: 0.11847218651981915, Inverse Test Loss: 2.4749099997913135 
2025-05-09 17:11:20,865 INFO: Epoch 119, Train Loss: 0.11413956230336969, Test Loss: 0.11774578427567202, Inverse Test Loss: 2.480924122473773 
2025-05-09 17:11:22,899 INFO: Epoch 120, Train Loss: 0.11533878551739635, Test Loss: 0.11879977890673805, Inverse Test Loss: 2.486278807415682 
2025-05-09 17:11:24,937 INFO: Epoch 121, Train Loss: 0.11459222943945364, Test Loss: 0.11705265939235687, Inverse Test Loss: 2.4490286041708553 
2025-05-09 17:11:26,969 INFO: Epoch 122, Train Loss: 0.11285126649520615, Test Loss: 0.11693952254512731, Inverse Test Loss: 2.441361700787264 
2025-05-09 17:11:28,982 INFO: Epoch 123, Train Loss: 0.11360899110635121, Test Loss: 0.11780110352179583, Inverse Test Loss: 2.4480462495018456 
2025-05-09 17:11:31,001 INFO: Epoch 124, Train Loss: 0.11451315958843086, Test Loss: 0.11658528534805074, Inverse Test Loss: 2.4430575020173015 
2025-05-09 17:11:33,025 INFO: Epoch 125, Train Loss: 0.11275788588505803, Test Loss: 0.11710291290107895, Inverse Test Loss: 2.4566932916641235 
2025-05-09 17:11:35,026 INFO: Epoch 126, Train Loss: 0.11239176299987418, Test Loss: 0.11859700478175107, Inverse Test Loss: 2.515573024749756 
2025-05-09 17:11:37,015 INFO: Epoch 127, Train Loss: 0.11213330461671858, Test Loss: 0.1171651535174426, Inverse Test Loss: 2.439694916500765 
2025-05-09 17:11:39,034 INFO: Epoch 128, Train Loss: 0.11206010085615245, Test Loss: 0.11706305821152295, Inverse Test Loss: 2.454198921428007 
2025-05-09 17:11:41,077 INFO: Epoch 129, Train Loss: 0.11138023633622762, Test Loss: 0.11675654746153775, Inverse Test Loss: 2.4418113231658936 
2025-05-09 17:11:43,084 INFO: Epoch 130, Train Loss: 0.11145287114336636, Test Loss: 0.116151841247783, Inverse Test Loss: 2.4323231122073006 
2025-05-09 17:11:45,101 INFO: Epoch 131, Train Loss: 0.11047941965587212, Test Loss: 0.11647774081896334, Inverse Test Loss: 2.4306882409488453 
2025-05-09 17:11:47,131 INFO: Epoch 132, Train Loss: 0.11171754957600073, Test Loss: 0.11753242638181238, Inverse Test Loss: 2.4252584401298973 
2025-05-09 17:11:49,153 INFO: Epoch 133, Train Loss: 0.11080211446140752, Test Loss: 0.11599436577628641, Inverse Test Loss: 2.4075800671296963 
2025-05-09 17:11:51,191 INFO: Epoch 134, Train Loss: 0.11175770199660098, Test Loss: 0.11708182140308268, Inverse Test Loss: 2.423715360024396 
2025-05-09 17:11:53,220 INFO: Epoch 135, Train Loss: 0.111480188414906, Test Loss: 0.11579302172450458, Inverse Test Loss: 2.448702707010157 
2025-05-09 17:11:55,234 INFO: Epoch 136, Train Loss: 0.11070753295313228, Test Loss: 0.11429068095543805, Inverse Test Loss: 2.4009019767536834 
2025-05-09 17:11:57,261 INFO: Epoch 137, Train Loss: 0.1093778343814792, Test Loss: 0.11483257373466212, Inverse Test Loss: 2.4042627811431885 
2025-05-09 17:11:59,264 INFO: Epoch 138, Train Loss: 0.11029443855990063, Test Loss: 0.11512217911727288, Inverse Test Loss: 2.4362258700763477 
2025-05-09 17:12:01,280 INFO: Epoch 139, Train Loss: 0.11134237784779433, Test Loss: 0.11552849762579974, Inverse Test Loss: 2.408877632197212 
2025-05-09 17:12:03,287 INFO: Epoch 140, Train Loss: 0.1097074741441192, Test Loss: 0.11384184044950149, Inverse Test Loss: 2.405153246486888 
2025-05-09 17:12:05,299 INFO: Epoch 141, Train Loss: 0.10931348969990556, Test Loss: 0.11477324673358132, Inverse Test Loss: 2.442831319921157 
2025-05-09 17:12:07,350 INFO: Epoch 142, Train Loss: 0.10902599250954209, Test Loss: 0.11399020933929611, Inverse Test Loss: 2.3884609306559845 
2025-05-09 17:12:09,399 INFO: Epoch 143, Train Loss: 0.1089279292659326, Test Loss: 0.11480847198296995, Inverse Test Loss: 2.424100448103512 
2025-05-09 17:12:11,433 INFO: Epoch 144, Train Loss: 0.10886605670957854, Test Loss: 0.11498053196598501, Inverse Test Loss: 2.392328248304479 
2025-05-09 17:12:13,526 INFO: Epoch 145, Train Loss: 0.10840918710737517, Test Loss: 0.11478477102868698, Inverse Test Loss: 2.4046923763611736 
2025-05-09 17:12:15,578 INFO: Epoch 146, Train Loss: 0.11014602446194852, Test Loss: 0.11426772966104395, Inverse Test Loss: 2.3945112228393555 
2025-05-09 17:12:17,612 INFO: Epoch 147, Train Loss: 0.10821373162396027, Test Loss: 0.1154228001832962, Inverse Test Loss: 2.402857787468854 
2025-05-09 17:12:19,641 INFO: Epoch 148, Train Loss: 0.10934570713928252, Test Loss: 0.11347229734939687, Inverse Test Loss: 2.400376319885254 
2025-05-09 17:12:21,658 INFO: Epoch 149, Train Loss: 0.10604577308351343, Test Loss: 0.11445353267823949, Inverse Test Loss: 2.388749767752255 
2025-05-09 17:12:23,664 INFO: Epoch 150, Train Loss: 0.10753094258181976, Test Loss: 0.11423144051257302, Inverse Test Loss: 2.4148602275287403 
2025-05-09 17:12:25,680 INFO: Epoch 151, Train Loss: 0.10630570002125972, Test Loss: 0.11373472673928037, Inverse Test Loss: 2.3740373218760773 
2025-05-09 17:12:27,692 INFO: Epoch 152, Train Loss: 0.107592328141133, Test Loss: 0.11453046211424996, Inverse Test Loss: 2.380965373095344 
2025-05-09 17:12:29,692 INFO: Epoch 153, Train Loss: 0.10792174111261513, Test Loss: 0.11364425083293635, Inverse Test Loss: 2.3879555183298447 
2025-05-09 17:12:31,734 INFO: Epoch 154, Train Loss: 0.10801666213030164, Test Loss: 0.11314285831416354, Inverse Test Loss: 2.39835646573235 
2025-05-09 17:12:33,766 INFO: Epoch 155, Train Loss: 0.10553515984705, Test Loss: 0.11379772643832599, Inverse Test Loss: 2.3866244274027206 
2025-05-09 17:12:35,801 INFO: Epoch 156, Train Loss: 0.10595637514735713, Test Loss: 0.11331953721887925, Inverse Test Loss: 2.400474183699664 
2025-05-09 17:12:37,832 INFO: Epoch 157, Train Loss: 0.10611008666455746, Test Loss: 0.11286355511230581, Inverse Test Loss: 2.3916756966534782 
2025-05-09 17:12:39,828 INFO: Epoch 158, Train Loss: 0.10502839810920483, Test Loss: 0.11394190371913068, Inverse Test Loss: 2.3893344823051903 
2025-05-09 17:12:41,834 INFO: Epoch 159, Train Loss: 0.10577947702823264, Test Loss: 0.11341664918205317, Inverse Test Loss: 2.420866286053377 
2025-05-09 17:12:43,859 INFO: Epoch 160, Train Loss: 0.10625718680746628, Test Loss: 0.1128139061962857, Inverse Test Loss: 2.3563513475305893 
2025-05-09 17:12:45,871 INFO: Epoch 161, Train Loss: 0.10441635989330032, Test Loss: 0.11447221961091547, Inverse Test Loss: 2.379040739115547 
2025-05-09 17:12:47,900 INFO: Epoch 162, Train Loss: 0.10535067861730402, Test Loss: 0.11293268861139522, Inverse Test Loss: 2.3646017102634205 
2025-05-09 17:12:49,912 INFO: Epoch 163, Train Loss: 0.10477198485397932, Test Loss: 0.11197470435324837, Inverse Test Loss: 2.359807351056267 
2025-05-09 17:12:51,919 INFO: Epoch 164, Train Loss: 0.10517202707176859, Test Loss: 0.11270969361066818, Inverse Test Loss: 2.370891816475812 
2025-05-09 17:12:53,936 INFO: Epoch 165, Train Loss: 0.10474202341654083, Test Loss: 0.11269506943576477, Inverse Test Loss: 2.3575128807741055 
2025-05-09 17:12:55,942 INFO: Epoch 166, Train Loss: 0.10516838842269147, Test Loss: 0.11329154648325022, Inverse Test Loss: 2.360851196681752 
2025-05-09 17:12:57,974 INFO: Epoch 167, Train Loss: 0.10511834874297633, Test Loss: 0.11245957038858358, Inverse Test Loss: 2.3653703998116886 
2025-05-09 17:12:59,999 INFO: Epoch 168, Train Loss: 0.10334257250933936, Test Loss: 0.11225575909895055, Inverse Test Loss: 2.375895142555237 
2025-05-09 17:13:02,003 INFO: Epoch 169, Train Loss: 0.10454318886905005, Test Loss: 0.11308377192300909, Inverse Test Loss: 2.3611709230086384 
2025-05-09 17:13:04,020 INFO: Epoch 170, Train Loss: 0.10499573702161963, Test Loss: 0.11149198824868482, Inverse Test Loss: 2.3355638349757477 
2025-05-09 17:13:06,038 INFO: Epoch 171, Train Loss: 0.1032457836536747, Test Loss: 0.11254993716583532, Inverse Test Loss: 2.3402999569387997 
2025-05-09 17:13:08,068 INFO: Epoch 172, Train Loss: 0.10352983675671346, Test Loss: 0.1118398286840495, Inverse Test Loss: 2.349129978348227 
2025-05-09 17:13:10,099 INFO: Epoch 173, Train Loss: 0.10338888373790366, Test Loss: 0.11224762591369011, Inverse Test Loss: 2.396016240119934 
2025-05-09 17:13:12,104 INFO: Epoch 174, Train Loss: 0.10239931427393899, Test Loss: 0.11201764840413542, Inverse Test Loss: 2.3889834389967075 
2025-05-09 17:13:14,111 INFO: Epoch 175, Train Loss: 0.10379872205808308, Test Loss: 0.11185507870772306, Inverse Test Loss: 2.3700272896710564 
2025-05-09 17:13:16,125 INFO: Epoch 176, Train Loss: 0.10290945338254626, Test Loss: 0.11112888770944931, Inverse Test Loss: 2.33513422573314 
2025-05-09 17:13:18,134 INFO: Epoch 177, Train Loss: 0.10226167919057788, Test Loss: 0.11305247159565196, Inverse Test Loss: 2.400583393433515 
2025-05-09 17:13:20,158 INFO: Epoch 178, Train Loss: 0.10173687621048003, Test Loss: 0.11276400834321976, Inverse Test Loss: 2.324907667496625 
2025-05-09 17:13:22,186 INFO: Epoch 179, Train Loss: 0.10065343202740858, Test Loss: 0.11167921870946884, Inverse Test Loss: 2.3555108028299667 
2025-05-09 17:13:24,205 INFO: Epoch 180, Train Loss: 0.10199414436338526, Test Loss: 0.11213921141975067, Inverse Test Loss: 2.3892594856374405 
2025-05-09 17:13:26,225 INFO: Epoch 181, Train Loss: 0.10200492969968102, Test Loss: 0.11114217757302172, Inverse Test Loss: 2.3393666253370395 
2025-05-09 17:13:28,255 INFO: Epoch 182, Train Loss: 0.10285052928057584, Test Loss: 0.11208241213770474, Inverse Test Loss: 2.329006552696228 
2025-05-09 17:13:30,314 INFO: Epoch 183, Train Loss: 0.10022791463768843, Test Loss: 0.11203986669287962, Inverse Test Loss: 2.3727847548092114 
2025-05-09 17:13:32,340 INFO: Epoch 184, Train Loss: 0.1010344766757705, Test Loss: 0.11202873377239003, Inverse Test Loss: 2.3328642775030697 
2025-05-09 17:13:34,365 INFO: Epoch 185, Train Loss: 0.1000015867704695, Test Loss: 0.11100868026123327, Inverse Test Loss: 2.32022920776816 
2025-05-09 17:13:36,381 INFO: Epoch 186, Train Loss: 0.10160309815722884, Test Loss: 0.11133174094207146, Inverse Test Loss: 2.354478394283968 
2025-05-09 17:13:38,404 INFO: Epoch 187, Train Loss: 0.10210536488077858, Test Loss: 0.11170090997920316, Inverse Test Loss: 2.314828823594486 
2025-05-09 17:13:40,426 INFO: Epoch 188, Train Loss: 0.10065384801815856, Test Loss: 0.11086973241146873, Inverse Test Loss: 2.3166557129691627 
2025-05-09 17:13:42,427 INFO: Epoch 189, Train Loss: 0.10070912302895026, Test Loss: 0.10985095557921074, Inverse Test Loss: 2.3042772377238556 
2025-05-09 17:13:44,445 INFO: Epoch 190, Train Loss: 0.0993033078583804, Test Loss: 0.10954117687309489, Inverse Test Loss: 2.3218079805374146 
2025-05-09 17:13:46,445 INFO: Epoch 191, Train Loss: 0.10146645625883882, Test Loss: 0.11036025228745797, Inverse Test Loss: 2.336385306190042 
2025-05-09 17:13:48,456 INFO: Epoch 192, Train Loss: 0.0982965078543533, Test Loss: 0.11115843145286336, Inverse Test Loss: 2.390491015770856 
2025-05-09 17:13:50,467 INFO: Epoch 193, Train Loss: 0.09998820214108987, Test Loss: 0.10990295734475641, Inverse Test Loss: 2.3133355449227726 
2025-05-09 17:13:52,477 INFO: Epoch 194, Train Loss: 0.09879103906904206, Test Loss: 0.1117551346473834, Inverse Test Loss: 2.3622544863644768 
2025-05-09 17:13:54,480 INFO: Epoch 195, Train Loss: 0.09967443234089648, Test Loss: 0.10959852749810499, Inverse Test Loss: 2.3194360031801113 
2025-05-09 17:13:56,502 INFO: Epoch 196, Train Loss: 0.10046108225078294, Test Loss: 0.11120180435040418, Inverse Test Loss: 2.3222692363402424 
2025-05-09 17:13:58,516 INFO: Epoch 197, Train Loss: 0.10021318094522665, Test Loss: 0.1102984657182413, Inverse Test Loss: 2.334824148346396 
2025-05-09 17:14:00,535 INFO: Epoch 198, Train Loss: 0.09969650790321105, Test Loss: 0.11014893607181661, Inverse Test Loss: 2.362323564641616 
2025-05-09 17:14:02,554 INFO: Epoch 199, Train Loss: 0.0992847795061993, Test Loss: 0.11137017914477516, Inverse Test Loss: 2.320741155568291 
2025-05-09 17:14:04,559 INFO: Epoch 200, Train Loss: 0.09895222848563483, Test Loss: 0.10950169274035622, Inverse Test Loss: 2.3271637593998626 
2025-05-09 17:14:04,560 INFO: Best Epoch 200, Best Test Loss: 0.10950169274035622, Inverse Test Loss: 2.3271637593998626 
2025-05-09 17:14:06,585 INFO: Epoch 201, Train Loss: 0.0981382317276615, Test Loss: 0.10958920901312548, Inverse Test Loss: 2.3075657942715813 
2025-05-09 17:14:08,587 INFO: Epoch 202, Train Loss: 0.0965856858388041, Test Loss: 0.11124745975522433, Inverse Test Loss: 2.389973416047938 
2025-05-09 17:14:10,591 INFO: Epoch 203, Train Loss: 0.09835624045720606, Test Loss: 0.11076185414019753, Inverse Test Loss: 2.3028435707092285 
2025-05-09 17:14:12,611 INFO: Epoch 204, Train Loss: 0.09646290100433609, Test Loss: 0.10930232484551038, Inverse Test Loss: 2.3020321621614346 
2025-05-09 17:14:14,638 INFO: Epoch 205, Train Loss: 0.09767361064300392, Test Loss: 0.11079628108178868, Inverse Test Loss: 2.3027197543312523 
2025-05-09 17:14:16,644 INFO: Epoch 206, Train Loss: 0.09762666848572818, Test Loss: 0.10942853768082227, Inverse Test Loss: 2.3200482971527996 
2025-05-09 17:14:18,644 INFO: Epoch 207, Train Loss: 0.09790384475931976, Test Loss: 0.10930393943015267, Inverse Test Loss: 2.294579302563387 
2025-05-09 17:14:20,666 INFO: Epoch 208, Train Loss: 0.09688257578421723, Test Loss: 0.10916392483255442, Inverse Test Loss: 2.278634982950547 
2025-05-09 17:14:22,701 INFO: Epoch 209, Train Loss: 0.0969115961907488, Test Loss: 0.10999608237077207, Inverse Test Loss: 2.290857469334322 
2025-05-09 17:14:24,703 INFO: Epoch 210, Train Loss: 0.09559974994397524, Test Loss: 0.10949798585737452, Inverse Test Loss: 2.3039729525061214 
2025-05-09 17:14:26,713 INFO: Epoch 211, Train Loss: 0.09612666719564886, Test Loss: 0.11010046873022528, Inverse Test Loss: 2.286971688270569 
2025-05-09 17:14:28,722 INFO: Epoch 212, Train Loss: 0.09722740643403747, Test Loss: 0.10922270618817385, Inverse Test Loss: 2.2993599386776196 
2025-05-09 17:14:30,751 INFO: Epoch 213, Train Loss: 0.09580425167399825, Test Loss: 0.10812431267079185, Inverse Test Loss: 2.306780043770285 
2025-05-09 17:14:32,761 INFO: Epoch 214, Train Loss: 0.09680537687558116, Test Loss: 0.10821514927289065, Inverse Test Loss: 2.2810200803420124 
2025-05-09 17:14:34,807 INFO: Epoch 215, Train Loss: 0.09580207779777772, Test Loss: 0.10891264983836342, Inverse Test Loss: 2.325220227241516 
2025-05-09 17:14:36,846 INFO: Epoch 216, Train Loss: 0.09554164190635536, Test Loss: 0.10760714420500923, Inverse Test Loss: 2.284631546805887 
2025-05-09 17:14:38,876 INFO: Epoch 217, Train Loss: 0.0960522023678729, Test Loss: 0.10806124964181114, Inverse Test Loss: 2.286211238187902 
2025-05-09 17:14:40,896 INFO: Epoch 218, Train Loss: 0.09569062371597145, Test Loss: 0.10805523088749718, Inverse Test Loss: 2.2688266038894653 
2025-05-09 17:14:42,918 INFO: Epoch 219, Train Loss: 0.09432459481512055, Test Loss: 0.10793067602550283, Inverse Test Loss: 2.2847844011643352 
2025-05-09 17:14:44,935 INFO: Epoch 220, Train Loss: 0.0965092099187049, Test Loss: 0.11136546292725731, Inverse Test Loss: 2.4174248330733357 
2025-05-09 17:14:46,962 INFO: Epoch 221, Train Loss: 0.09558667468302177, Test Loss: 0.10772118016200907, Inverse Test Loss: 2.2704938509885 
2025-05-09 17:14:49,007 INFO: Epoch 222, Train Loss: 0.09536915295051807, Test Loss: 0.1079426147043705, Inverse Test Loss: 2.2788299742866966 
2025-05-09 17:14:51,046 INFO: Epoch 223, Train Loss: 0.0940816303658666, Test Loss: 0.1077469701276106, Inverse Test Loss: 2.2732254336862003 
2025-05-09 17:14:53,073 INFO: Epoch 224, Train Loss: 0.0933791459961371, Test Loss: 0.10927289965398171, Inverse Test Loss: 2.34508582423715 
2025-05-09 17:14:55,114 INFO: Epoch 225, Train Loss: 0.09517103862581831, Test Loss: 0.1072198991828105, Inverse Test Loss: 2.2754455945071053 
2025-05-09 17:14:57,126 INFO: Epoch 226, Train Loss: 0.09445626237853007, Test Loss: 0.10824309990686529, Inverse Test Loss: 2.281305130790262 
2025-05-09 17:14:59,124 INFO: Epoch 227, Train Loss: 0.09486639144068415, Test Loss: 0.1089343584197409, Inverse Test Loss: 2.272786596242119 
2025-05-09 17:15:01,133 INFO: Epoch 228, Train Loss: 0.09376067239226717, Test Loss: 0.10793438334675397, Inverse Test Loss: 2.2784522070604214 
2025-05-09 17:15:03,170 INFO: Epoch 229, Train Loss: 0.09474845557953372, Test Loss: 0.10762123697820832, Inverse Test Loss: 2.280166443656473 
2025-05-09 17:15:05,206 INFO: Epoch 230, Train Loss: 0.09462783000234401, Test Loss: 0.10747531757635229, Inverse Test Loss: 2.258690967279322 
2025-05-09 17:15:07,246 INFO: Epoch 231, Train Loss: 0.09389443345593684, Test Loss: 0.10724779590964317, Inverse Test Loss: 2.2459974569432877 
2025-05-09 17:15:09,283 INFO: Epoch 232, Train Loss: 0.09298549671516274, Test Loss: 0.10683775868485956, Inverse Test Loss: 2.248639653710758 
2025-05-09 17:15:11,324 INFO: Epoch 233, Train Loss: 0.09321997658998678, Test Loss: 0.10711242806385546, Inverse Test Loss: 2.2586064899668976 
2025-05-09 17:15:13,365 INFO: Epoch 234, Train Loss: 0.09277213709146688, Test Loss: 0.1067106289898648, Inverse Test Loss: 2.2756526119568767 
2025-05-09 17:15:15,399 INFO: Epoch 235, Train Loss: 0.09382143119970958, Test Loss: 0.10629657962742974, Inverse Test Loss: 2.260107797734878 
2025-05-09 17:15:17,424 INFO: Epoch 236, Train Loss: 0.09318337747544954, Test Loss: 0.10841107806738685, Inverse Test Loss: 2.251136723686667 
2025-05-09 17:15:19,440 INFO: Epoch 237, Train Loss: 0.09249022518369285, Test Loss: 0.10599742698318818, Inverse Test Loss: 2.2462337297551773 
2025-05-09 17:15:21,475 INFO: Epoch 238, Train Loss: 0.09177674861116843, Test Loss: 0.10720369548482053, Inverse Test Loss: 2.253151360680075 
2025-05-09 17:15:23,506 INFO: Epoch 239, Train Loss: 0.09287189387462357, Test Loss: 0.10662786136655246, Inverse Test Loss: 2.235546210232903 
2025-05-09 17:15:25,538 INFO: Epoch 240, Train Loss: 0.09223159882381107, Test Loss: 0.10587223356260973, Inverse Test Loss: 2.241497783099904 
2025-05-09 17:15:27,590 INFO: Epoch 241, Train Loss: 0.09153292943356615, Test Loss: 0.10544080900795319, Inverse Test Loss: 2.2482930141336777 
2025-05-09 17:15:29,643 INFO: Epoch 242, Train Loss: 0.09243342822248285, Test Loss: 0.10679147019982338, Inverse Test Loss: 2.2601736783981323 
2025-05-09 17:15:31,681 INFO: Epoch 243, Train Loss: 0.0926289710244446, Test Loss: 0.10899262678097277, Inverse Test Loss: 2.266015557681813 
2025-05-09 17:15:33,724 INFO: Epoch 244, Train Loss: 0.09182016116877396, Test Loss: 0.10748545168077245, Inverse Test Loss: 2.327899056322434 
2025-05-09 17:15:35,753 INFO: Epoch 245, Train Loss: 0.09195983359082179, Test Loss: 0.10926437465583577, Inverse Test Loss: 2.2726322412490845 
2025-05-09 17:15:37,765 INFO: Epoch 246, Train Loss: 0.09158192140360673, Test Loss: 0.106531762463205, Inverse Test Loss: 2.248076887691722 
2025-05-09 17:15:39,782 INFO: Epoch 247, Train Loss: 0.09208712540566921, Test Loss: 0.10650933139464434, Inverse Test Loss: 2.2621189145480884 
2025-05-09 17:15:41,819 INFO: Epoch 248, Train Loss: 0.09208748043712342, Test Loss: 0.10754572380991544, Inverse Test Loss: 2.2568245705436256 
2025-05-09 17:15:43,841 INFO: Epoch 249, Train Loss: 0.09135254670047399, Test Loss: 0.10626834674793131, Inverse Test Loss: 2.240109780255486 
2025-05-09 17:15:45,870 INFO: Epoch 250, Train Loss: 0.09058112261647527, Test Loss: 0.10669117420911789, Inverse Test Loss: 2.231994208167581 
2025-05-09 17:15:47,890 INFO: Epoch 251, Train Loss: 0.09129026114489093, Test Loss: 0.10598605301450281, Inverse Test Loss: 2.261051149929271 
2025-05-09 17:15:49,913 INFO: Epoch 252, Train Loss: 0.08974284966560928, Test Loss: 0.10562755518099841, Inverse Test Loss: 2.2264773144441494 
2025-05-09 17:15:51,931 INFO: Epoch 253, Train Loss: 0.09008117561990564, Test Loss: 0.10569770086337538, Inverse Test Loss: 2.240948326447431 
2025-05-09 17:15:53,948 INFO: Epoch 254, Train Loss: 0.08985125702438933, Test Loss: 0.10626166971290812, Inverse Test Loss: 2.2433912193073944 
2025-05-09 17:15:55,986 INFO: Epoch 255, Train Loss: 0.0902492506711772, Test Loss: 0.10599596798419952, Inverse Test Loss: 2.255722677006441 
2025-05-09 17:15:58,039 INFO: Epoch 256, Train Loss: 0.08958727081842495, Test Loss: 0.10470119425479103, Inverse Test Loss: 2.2444214820861816 
2025-05-09 17:16:00,075 INFO: Epoch 257, Train Loss: 0.09066297943619164, Test Loss: 0.1057708798085942, Inverse Test Loss: 2.237763250575346 
2025-05-09 17:16:02,098 INFO: Epoch 258, Train Loss: 0.08989011739013773, Test Loss: 0.10476029138354694, Inverse Test Loss: 2.217446846120498 
2025-05-09 17:16:04,123 INFO: Epoch 259, Train Loss: 0.08924263789120948, Test Loss: 0.10800453363096013, Inverse Test Loss: 2.2564110615674187 
2025-05-09 17:16:06,159 INFO: Epoch 260, Train Loss: 0.09033798889228792, Test Loss: 0.10762463860652026, Inverse Test Loss: 2.2448437704759487 
2025-05-09 17:16:08,186 INFO: Epoch 261, Train Loss: 0.08916552443847511, Test Loss: 0.10546903377946686, Inverse Test Loss: 2.250989780706518 
2025-05-09 17:16:10,188 INFO: Epoch 262, Train Loss: 0.08894767019559037, Test Loss: 0.10517730980234988, Inverse Test Loss: 2.2327775324092194 
2025-05-09 17:16:12,220 INFO: Epoch 263, Train Loss: 0.08916747428928361, Test Loss: 0.10580913130851353, Inverse Test Loss: 2.2304633996065926 
2025-05-09 17:16:14,250 INFO: Epoch 264, Train Loss: 0.08895665187049996, Test Loss: 0.10528688746340134, Inverse Test Loss: 2.2307372794431797 
2025-05-09 17:16:16,272 INFO: Epoch 265, Train Loss: 0.08882924694229256, Test Loss: 0.10548367132158841, Inverse Test Loss: 2.2388982211842254 
2025-05-09 17:16:18,290 INFO: Epoch 266, Train Loss: 0.08850020006524795, Test Loss: 0.10548567596603842, Inverse Test Loss: 2.2239475460613476 
2025-05-09 17:16:20,311 INFO: Epoch 267, Train Loss: 0.08854106531450243, Test Loss: 0.10624024666407529, Inverse Test Loss: 2.2961800378911636 
2025-05-09 17:16:22,318 INFO: Epoch 268, Train Loss: 0.08864451278791283, Test Loss: 0.10431708044865552, Inverse Test Loss: 2.2234164195902206 
2025-05-09 17:16:24,339 INFO: Epoch 269, Train Loss: 0.08926257632221236, Test Loss: 0.10529439370421802, Inverse Test Loss: 2.2333215755574845 
2025-05-09 17:16:26,354 INFO: Epoch 270, Train Loss: 0.08879434966454, Test Loss: 0.10538064688444138, Inverse Test Loss: 2.218578149290646 
2025-05-09 17:16:28,395 INFO: Epoch 271, Train Loss: 0.08824817570998814, Test Loss: 0.10450341421015122, Inverse Test Loss: 2.2118138355367325 
2025-05-09 17:16:30,427 INFO: Epoch 272, Train Loss: 0.08685376698320563, Test Loss: 0.10458726874169182, Inverse Test Loss: 2.2010291323942295 
2025-05-09 17:16:32,422 INFO: Epoch 273, Train Loss: 0.08815280726235925, Test Loss: 0.10365251232596005, Inverse Test Loss: 2.21371548316058 
2025-05-09 17:16:34,463 INFO: Epoch 274, Train Loss: 0.08750178089196031, Test Loss: 0.10397008740726639, Inverse Test Loss: 2.2008285452337826 
2025-05-09 17:16:36,475 INFO: Epoch 275, Train Loss: 0.08776441171313777, Test Loss: 0.10421024964136236, Inverse Test Loss: 2.2056564653621002 
2025-05-09 17:16:38,499 INFO: Epoch 276, Train Loss: 0.08672195797165234, Test Loss: 0.10442838511046242, Inverse Test Loss: 2.2319917117848114 
2025-05-09 17:16:40,514 INFO: Epoch 277, Train Loss: 0.08789305778389628, Test Loss: 0.10484908214386772, Inverse Test Loss: 2.2250246160170613 
2025-05-09 17:16:42,538 INFO: Epoch 278, Train Loss: 0.08759516037323258, Test Loss: 0.10416018568417605, Inverse Test Loss: 2.219716885510613 
2025-05-09 17:16:44,572 INFO: Epoch 279, Train Loss: 0.08768281035802582, Test Loss: 0.10417085557299502, Inverse Test Loss: 2.205197677892797 
2025-05-09 17:16:46,607 INFO: Epoch 280, Train Loss: 0.08744159775475661, Test Loss: 0.10685968968798132, Inverse Test Loss: 2.2283580583684586 
2025-05-09 17:16:48,639 INFO: Epoch 281, Train Loss: 0.08691896915887341, Test Loss: 0.10426693672642988, Inverse Test Loss: 2.24248828607447 
2025-05-09 17:16:50,657 INFO: Epoch 282, Train Loss: 0.08840056875664176, Test Loss: 0.10553392088588547, Inverse Test Loss: 2.2132024204029754 
2025-05-09 17:16:52,671 INFO: Epoch 283, Train Loss: 0.08672332272610882, Test Loss: 0.1055377664811471, Inverse Test Loss: 2.248920293415294 
2025-05-09 17:16:54,695 INFO: Epoch 284, Train Loss: 0.08702439160057993, Test Loss: 0.10755805276772555, Inverse Test Loss: 2.2577419421252083 
2025-05-09 17:16:56,718 INFO: Epoch 285, Train Loss: 0.08653297359970483, Test Loss: 0.10475965676938787, Inverse Test Loss: 2.243073386304519 
2025-05-09 17:16:58,735 INFO: Epoch 286, Train Loss: 0.0867730225013061, Test Loss: 0.1051357837722582, Inverse Test Loss: 2.20867840682759 
2025-05-09 17:17:00,754 INFO: Epoch 287, Train Loss: 0.08578794923695651, Test Loss: 0.1044559987152324, Inverse Test Loss: 2.2345657769371483 
2025-05-09 17:17:02,785 INFO: Epoch 288, Train Loss: 0.08587493216901114, Test Loss: 0.10402397942893646, Inverse Test Loss: 2.224077077472911 
2025-05-09 17:17:04,835 INFO: Epoch 289, Train Loss: 0.08588653695628498, Test Loss: 0.10513061723288368, Inverse Test Loss: 2.2094948782640347 
2025-05-09 17:17:06,875 INFO: Epoch 290, Train Loss: 0.08563277492243232, Test Loss: 0.10333244918900378, Inverse Test Loss: 2.2005873567917766 
2025-05-09 17:17:08,921 INFO: Epoch 291, Train Loss: 0.0847083418771173, Test Loss: 0.10449756199822706, Inverse Test Loss: 2.2030783821554745 
2025-05-09 17:17:10,946 INFO: Epoch 292, Train Loss: 0.08495171294745171, Test Loss: 0.10321858218487572, Inverse Test Loss: 2.196251069798189 
2025-05-09 17:17:12,969 INFO: Epoch 293, Train Loss: 0.08672020657721793, Test Loss: 0.10555348939755384, Inverse Test Loss: 2.217340588569641 
2025-05-09 17:17:14,985 INFO: Epoch 294, Train Loss: 0.08592113976677258, Test Loss: 0.10649232171914157, Inverse Test Loss: 2.2104896727730248 
2025-05-09 17:17:17,011 INFO: Epoch 295, Train Loss: 0.0858551524015087, Test Loss: 0.10802817037876915, Inverse Test Loss: 2.350652147741879 
2025-05-09 17:17:19,034 INFO: Epoch 296, Train Loss: 0.08639675655374021, Test Loss: 0.10314746902269475, Inverse Test Loss: 2.1870208137175617 
2025-05-09 17:17:21,067 INFO: Epoch 297, Train Loss: 0.08464986740639716, Test Loss: 0.10352796053185183, Inverse Test Loss: 2.211381842108334 
2025-05-09 17:17:23,075 INFO: Epoch 298, Train Loss: 0.08538587786483043, Test Loss: 0.10301346288007848, Inverse Test Loss: 2.1900447677163517 
2025-05-09 17:17:25,113 INFO: Epoch 299, Train Loss: 0.0856043566018343, Test Loss: 0.10324460793943967, Inverse Test Loss: 2.192152500152588 
2025-05-09 17:17:27,164 INFO: Epoch 300, Train Loss: 0.08468528673278564, Test Loss: 0.10367007969933398, Inverse Test Loss: 2.208447119768928 
2025-05-09 17:17:27,164 INFO: Best Epoch 298, Best Test Loss: 0.10301346288007848, Inverse Test Loss: 2.1900447677163517 
2025-05-09 17:17:29,196 INFO: Epoch 301, Train Loss: 0.08573203528243484, Test Loss: 0.10378022974028307, Inverse Test Loss: 2.194589565781986 
2025-05-09 17:17:31,236 INFO: Epoch 302, Train Loss: 0.08369164987269676, Test Loss: 0.10410214829094269, Inverse Test Loss: 2.212618519278134 
2025-05-09 17:17:33,258 INFO: Epoch 303, Train Loss: 0.08435771676401298, Test Loss: 0.10301515065571841, Inverse Test Loss: 2.190969565335442 
2025-05-09 17:17:35,281 INFO: Epoch 304, Train Loss: 0.08434403399852189, Test Loss: 0.1033694169977132, Inverse Test Loss: 2.2001043768490063 
2025-05-09 17:17:37,311 INFO: Epoch 305, Train Loss: 0.08474882093794418, Test Loss: 0.10550610589630463, Inverse Test Loss: 2.2056709317600025 
2025-05-09 17:17:39,329 INFO: Epoch 306, Train Loss: 0.08477947172341925, Test Loss: 0.103972167653196, Inverse Test Loss: 2.195088400560267 
2025-05-09 17:17:41,358 INFO: Epoch 307, Train Loss: 0.08463571768141154, Test Loss: 0.10435757851775955, Inverse Test Loss: 2.2029254646862255 
2025-05-09 17:17:43,373 INFO: Epoch 308, Train Loss: 0.0831531122552626, Test Loss: 0.10260075330734253, Inverse Test Loss: 2.2012472643571743 
2025-05-09 17:17:45,399 INFO: Epoch 309, Train Loss: 0.0848712023686279, Test Loss: 0.10298990721211713, Inverse Test Loss: 2.199324544738321 
2025-05-09 17:17:47,411 INFO: Epoch 310, Train Loss: 0.0835872631745808, Test Loss: 0.10362733133575495, Inverse Test Loss: 2.200625265345854 
2025-05-09 17:17:49,415 INFO: Epoch 311, Train Loss: 0.08403105700783657, Test Loss: 0.1028517026673345, Inverse Test Loss: 2.197188840192907 
2025-05-09 17:17:51,429 INFO: Epoch 312, Train Loss: 0.08463409582548069, Test Loss: 0.10397946418208234, Inverse Test Loss: 2.20069676287034 
2025-05-09 17:17:53,440 INFO: Epoch 313, Train Loss: 0.08410415329942197, Test Loss: 0.10294122928205658, Inverse Test Loss: 2.1814606610466454 
2025-05-09 17:17:55,467 INFO: Epoch 314, Train Loss: 0.0841350316098242, Test Loss: 0.1021553676794557, Inverse Test Loss: 2.175114673726699 
2025-05-09 17:17:57,489 INFO: Epoch 315, Train Loss: 0.08330366077522437, Test Loss: 0.1024492150720428, Inverse Test Loss: 2.1881398733924415 
2025-05-09 17:17:59,535 INFO: Epoch 316, Train Loss: 0.08298759018494324, Test Loss: 0.1022544082473306, Inverse Test Loss: 2.176755337154164 
2025-05-09 17:18:01,566 INFO: Epoch 317, Train Loss: 0.08258136644056349, Test Loss: 0.10274066337767769, Inverse Test Loss: 2.1874266021391926 
2025-05-09 17:18:03,579 INFO: Epoch 318, Train Loss: 0.08368469136908199, Test Loss: 0.10252195859656614, Inverse Test Loss: 2.178718700128443 
2025-05-09 17:18:05,594 INFO: Epoch 319, Train Loss: 0.0818996090780605, Test Loss: 0.10184418103274177, Inverse Test Loss: 2.167059021837571 
2025-05-09 17:18:07,625 INFO: Epoch 320, Train Loss: 0.08369083160703833, Test Loss: 0.10204073962043314, Inverse Test Loss: 2.163126216215246 
2025-05-09 17:18:09,663 INFO: Epoch 321, Train Loss: 0.08221646257196412, Test Loss: 0.10254981631741804, Inverse Test Loss: 2.1795939627815697 
2025-05-09 17:18:11,689 INFO: Epoch 322, Train Loss: 0.08290539902042258, Test Loss: 0.1041468037840198, Inverse Test Loss: 2.184849164065193 
2025-05-09 17:18:13,718 INFO: Epoch 323, Train Loss: 0.08332811346785589, Test Loss: 0.1029699267271687, Inverse Test Loss: 2.218033986933091 
2025-05-09 17:18:15,760 INFO: Epoch 324, Train Loss: 0.08282695891279163, Test Loss: 0.10326896651702769, Inverse Test Loss: 2.1915139661115757 
2025-05-09 17:18:17,796 INFO: Epoch 325, Train Loss: 0.08255696279758756, Test Loss: 0.10319304597728393, Inverse Test Loss: 2.1813436045366177 
2025-05-09 17:18:19,822 INFO: Epoch 326, Train Loss: 0.08288173823419845, Test Loss: 0.10252733134171542, Inverse Test Loss: 2.1894853956559124 
2025-05-09 17:18:21,868 INFO: Epoch 327, Train Loss: 0.08316766882710384, Test Loss: 0.10253640527234358, Inverse Test Loss: 2.1755901785457836 
2025-05-09 17:18:23,890 INFO: Epoch 328, Train Loss: 0.08148051527413455, Test Loss: 0.10148152007776148, Inverse Test Loss: 2.169642749954672 
2025-05-09 17:18:25,909 INFO: Epoch 329, Train Loss: 0.08244640030192607, Test Loss: 0.1020137398120235, Inverse Test Loss: 2.1685792207717896 
2025-05-09 17:18:27,925 INFO: Epoch 330, Train Loss: 0.08195846985009583, Test Loss: 0.10211037975900314, Inverse Test Loss: 2.1846285146825455 
2025-05-09 17:18:29,934 INFO: Epoch 331, Train Loss: 0.08218286491253159, Test Loss: 0.10347625350250918, Inverse Test Loss: 2.1842555929632748 
2025-05-09 17:18:31,937 INFO: Epoch 332, Train Loss: 0.08277244933626869, Test Loss: 0.10354041614953209, Inverse Test Loss: 2.2290319625069115 
2025-05-09 17:18:33,964 INFO: Epoch 333, Train Loss: 0.08151749041721676, Test Loss: 0.10213812396806829, Inverse Test Loss: 2.161226847592522 
2025-05-09 17:18:35,984 INFO: Epoch 334, Train Loss: 0.08215087115990394, Test Loss: 0.10227091347470003, Inverse Test Loss: 2.184067319421207 
2025-05-09 17:18:37,993 INFO: Epoch 335, Train Loss: 0.08210111663422802, Test Loss: 0.10172022177892573, Inverse Test Loss: 2.169435045298408 
2025-05-09 17:18:40,030 INFO: Epoch 336, Train Loss: 0.08133294506732261, Test Loss: 0.10153454958516009, Inverse Test Loss: 2.1706287580377914 
2025-05-09 17:18:42,064 INFO: Epoch 337, Train Loss: 0.08097227967598221, Test Loss: 0.10289465592187994, Inverse Test Loss: 2.181904533330132 
2025-05-09 17:18:44,104 INFO: Epoch 338, Train Loss: 0.0809033288422859, Test Loss: 0.10120480682920008, Inverse Test Loss: 2.1565103460760677 
2025-05-09 17:18:46,121 INFO: Epoch 339, Train Loss: 0.08190879564393651, Test Loss: 0.10357972475535729, Inverse Test Loss: 2.194172410403981 
2025-05-09 17:18:48,147 INFO: Epoch 340, Train Loss: 0.08172749857785123, Test Loss: 0.10175630055806216, Inverse Test Loss: 2.1664444418514477 
2025-05-09 17:18:50,160 INFO: Epoch 341, Train Loss: 0.08046157900808436, Test Loss: 0.10125788739498924, Inverse Test Loss: 2.1523349425371956 
2025-05-09 17:18:52,200 INFO: Epoch 342, Train Loss: 0.08124151492886471, Test Loss: 0.10123933785978485, Inverse Test Loss: 2.16931609546437 
2025-05-09 17:18:54,250 INFO: Epoch 343, Train Loss: 0.07985832451870947, Test Loss: 0.10142849100863233, Inverse Test Loss: 2.181829010739046 
2025-05-09 17:18:56,268 INFO: Epoch 344, Train Loss: 0.08101354866768375, Test Loss: 0.10185233372099259, Inverse Test Loss: 2.155098655644585 
2025-05-09 17:18:58,311 INFO: Epoch 345, Train Loss: 0.08173425382736957, Test Loss: 0.10286660010323805, Inverse Test Loss: 2.19856419282801 
2025-05-09 17:19:00,341 INFO: Epoch 346, Train Loss: 0.0804510239060178, Test Loss: 0.10101668602403473, Inverse Test Loss: 2.1519726514816284 
2025-05-09 17:19:02,353 INFO: Epoch 347, Train Loss: 0.08152105224629243, Test Loss: 0.10180130447534953, Inverse Test Loss: 2.172648135353537 
2025-05-09 17:19:04,388 INFO: Epoch 348, Train Loss: 0.08118191468670513, Test Loss: 0.10278466212398865, Inverse Test Loss: 2.1719790065989777 
2025-05-09 17:19:06,400 INFO: Epoch 349, Train Loss: 0.08089255614939964, Test Loss: 0.10147114492514554, Inverse Test Loss: 2.1549220646128937 
2025-05-09 17:19:08,434 INFO: Epoch 350, Train Loss: 0.08080658339189761, Test Loss: 0.10081265340833102, Inverse Test Loss: 2.160199656206019 
2025-05-09 17:19:10,445 INFO: Epoch 351, Train Loss: 0.08108149293923017, Test Loss: 0.10170362845939748, Inverse Test Loss: 2.161569314844468 
2025-05-09 17:19:12,469 INFO: Epoch 352, Train Loss: 0.0816007788208398, Test Loss: 0.10181413196465548, Inverse Test Loss: 2.159024280660293 
2025-05-09 17:19:14,508 INFO: Epoch 353, Train Loss: 0.07976702691027612, Test Loss: 0.10114250682732638, Inverse Test Loss: 2.165698058464948 
2025-05-09 17:19:16,530 INFO: Epoch 354, Train Loss: 0.08071553848232284, Test Loss: 0.10155023327645134, Inverse Test Loss: 2.16803216232973 
2025-05-09 17:19:18,543 INFO: Epoch 355, Train Loss: 0.080036349876812, Test Loss: 0.10159570241675657, Inverse Test Loss: 2.1735106496249927 
2025-05-09 17:19:20,570 INFO: Epoch 356, Train Loss: 0.08049075361905676, Test Loss: 0.10175054082099129, Inverse Test Loss: 2.152204618734472 
2025-05-09 17:19:22,617 INFO: Epoch 357, Train Loss: 0.07962358088204355, Test Loss: 0.10111694432356778, Inverse Test Loss: 2.1597460508346558 
2025-05-09 17:19:24,659 INFO: Epoch 358, Train Loss: 0.08001488588298812, Test Loss: 0.10103447077905431, Inverse Test Loss: 2.1666680574417114 
2025-05-09 17:19:26,673 INFO: Epoch 359, Train Loss: 0.07965967499397018, Test Loss: 0.1011295566225753, Inverse Test Loss: 2.1717455316992367 
2025-05-09 17:19:28,682 INFO: Epoch 360, Train Loss: 0.07925404625182803, Test Loss: 0.10143174077658092, Inverse Test Loss: 2.1510411360684563 
2025-05-09 17:19:30,697 INFO: Epoch 361, Train Loss: 0.08058074788387978, Test Loss: 0.10205340122475344, Inverse Test Loss: 2.1580640708698944 
2025-05-09 17:19:32,723 INFO: Epoch 362, Train Loss: 0.08015313022064441, Test Loss: 0.10158031565301559, Inverse Test Loss: 2.165005754022037 
2025-05-09 17:19:34,748 INFO: Epoch 363, Train Loss: 0.07837443211765001, Test Loss: 0.10227129476911881, Inverse Test Loss: 2.188226538545945 
2025-05-09 17:19:36,786 INFO: Epoch 364, Train Loss: 0.07992592346713398, Test Loss: 0.10104225532096975, Inverse Test Loss: 2.1552896780126236 
2025-05-09 17:19:38,824 INFO: Epoch 365, Train Loss: 0.07881039917243249, Test Loss: 0.10148418870042353, Inverse Test Loss: 2.1615609140957104 
2025-05-09 17:19:40,849 INFO: Epoch 366, Train Loss: 0.07948560956301111, Test Loss: 0.10223018575240583, Inverse Test Loss: 2.1935976463205673 
2025-05-09 17:19:42,867 INFO: Epoch 367, Train Loss: 0.0794618505081444, Test Loss: 0.10191806997446452, Inverse Test Loss: 2.190497173982508 
2025-05-09 17:19:44,872 INFO: Epoch 368, Train Loss: 0.07906327571606997, Test Loss: 0.10176568916615318, Inverse Test Loss: 2.209975908784305 
2025-05-09 17:19:46,905 INFO: Epoch 369, Train Loss: 0.07822540424989932, Test Loss: 0.1007630062453887, Inverse Test Loss: 2.1566144227981567 
2025-05-09 17:19:48,926 INFO: Epoch 370, Train Loss: 0.0789654886519367, Test Loss: 0.10343307015650413, Inverse Test Loss: 2.1714231547187355 
2025-05-09 17:19:50,944 INFO: Epoch 371, Train Loss: 0.07984032758483381, Test Loss: 0.10220665221705157, Inverse Test Loss: 2.179195095511044 
2025-05-09 17:19:52,956 INFO: Epoch 372, Train Loss: 0.079077137126164, Test Loss: 0.1033948261071654, Inverse Test Loss: 2.2196185168098 
2025-05-09 17:19:54,980 INFO: Epoch 373, Train Loss: 0.07845605209921346, Test Loss: 0.101930903380408, Inverse Test Loss: 2.164893528994392 
2025-05-09 17:19:57,013 INFO: Epoch 374, Train Loss: 0.0784997609867291, Test Loss: 0.10169510280384737, Inverse Test Loss: 2.159844657954048 
2025-05-09 17:19:59,025 INFO: Epoch 375, Train Loss: 0.07727600972760808, Test Loss: 0.10186572767355863, Inverse Test Loss: 2.1594785732381485 
2025-05-09 17:20:01,028 INFO: Epoch 376, Train Loss: 0.0783542034526666, Test Loss: 0.10209789302419214, Inverse Test Loss: 2.16501442825093 
2025-05-09 17:20:03,044 INFO: Epoch 377, Train Loss: 0.07813399838227214, Test Loss: 0.10030227833810974, Inverse Test Loss: 2.1479755499783684 
2025-05-09 17:20:05,074 INFO: Epoch 378, Train Loss: 0.07860271051300294, Test Loss: 0.10222528480431613, Inverse Test Loss: 2.1734268735436832 
2025-05-09 17:20:07,090 INFO: Epoch 379, Train Loss: 0.07827772053353714, Test Loss: 0.10125372997101616, Inverse Test Loss: 2.151004426619586 
2025-05-09 17:20:09,116 INFO: Epoch 380, Train Loss: 0.07841008946751103, Test Loss: 0.10195866073755656, Inverse Test Loss: 2.186187568832846 
2025-05-09 17:20:11,129 INFO: Epoch 381, Train Loss: 0.07794725454666397, Test Loss: 0.10206640336443396, Inverse Test Loss: 2.1654251323026767 
2025-05-09 17:20:13,149 INFO: Epoch 382, Train Loss: 0.07836057951278759, Test Loss: 0.10139847393421565, Inverse Test Loss: 2.1410677713506363 
2025-05-09 17:20:15,162 INFO: Epoch 383, Train Loss: 0.07722728095497146, Test Loss: 0.10182247573838514, Inverse Test Loss: 2.157846955692067 
2025-05-09 17:20:17,183 INFO: Epoch 384, Train Loss: 0.07873119442074587, Test Loss: 0.10105408771949656, Inverse Test Loss: 2.1455020904541016 
2025-05-09 17:20:19,222 INFO: Epoch 385, Train Loss: 0.07852841665347417, Test Loss: 0.10194950901410159, Inverse Test Loss: 2.1598214752533855 
2025-05-09 17:20:21,249 INFO: Epoch 386, Train Loss: 0.07856665557306824, Test Loss: 0.10245327563846812, Inverse Test Loss: 2.195648628122666 
2025-05-09 17:20:23,281 INFO: Epoch 387, Train Loss: 0.07853768145044644, Test Loss: 0.10093223697998945, Inverse Test Loss: 2.155530571937561 
2025-05-09 17:20:25,321 INFO: Epoch 388, Train Loss: 0.07817453738640655, Test Loss: 0.10071997870417203, Inverse Test Loss: 2.1694132860969093 
2025-05-09 17:20:27,384 INFO: Epoch 389, Train Loss: 0.07774732566692612, Test Loss: 0.1015680103617556, Inverse Test Loss: 2.1539309655918792 
2025-05-09 17:20:29,416 INFO: Epoch 390, Train Loss: 0.07680960648664922, Test Loss: 0.10153854068587809, Inverse Test Loss: 2.153629892012652 
2025-05-09 17:20:31,450 INFO: Epoch 391, Train Loss: 0.0779131484415495, Test Loss: 0.1013840410639258, Inverse Test Loss: 2.170493392383351 
2025-05-09 17:20:33,479 INFO: Epoch 392, Train Loss: 0.07689615784946716, Test Loss: 0.10201934944180881, Inverse Test Loss: 2.1565772154751945 
2025-05-09 17:20:35,498 INFO: Epoch 393, Train Loss: 0.076915631635171, Test Loss: 0.10108175282092656, Inverse Test Loss: 2.1550035266315235 
2025-05-09 17:20:37,503 INFO: Epoch 394, Train Loss: 0.07729459187072335, Test Loss: 0.10131678248153013, Inverse Test Loss: 2.1612314967548145 
2025-05-09 17:20:39,508 INFO: Epoch 395, Train Loss: 0.07770083139114307, Test Loss: 0.10116198220673729, Inverse Test Loss: 2.1419717774671665 
2025-05-09 17:20:41,545 INFO: Epoch 396, Train Loss: 0.07806241715496237, Test Loss: 0.10201233450104208, Inverse Test Loss: 2.164418613209444 
2025-05-09 17:20:43,574 INFO: Epoch 397, Train Loss: 0.07651079107414592, Test Loss: 0.10191374535069746, Inverse Test Loss: 2.1480406452627743 
2025-05-09 17:20:45,590 INFO: Epoch 398, Train Loss: 0.07723823076847827, Test Loss: 0.10165367713745903, Inverse Test Loss: 2.1797049676670746 
2025-05-09 17:20:47,620 INFO: Epoch 399, Train Loss: 0.07682077643094641, Test Loss: 0.10141285092515104, Inverse Test Loss: 2.149561173775617 
2025-05-09 17:20:49,638 INFO: Epoch 400, Train Loss: 0.07690413109958172, Test Loss: 0.10153424608356812, Inverse Test Loss: 2.167104349416845 
2025-05-09 17:20:49,638 INFO: Best Epoch 377, Best Test Loss: 0.10030227833810974, Inverse Test Loss: 2.1479755499783684 
