2025-01-11 16:14:13,359 INFO: namespace(name='FTTransformer') 
2025-01-11 16:14:13,359 INFO: Dataset:Bike 
2025-01-11 16:14:13,359 INFO: ------Begin Training Model------ 
2025-01-11 16:14:20,019 INFO: Epoch 1, Train Loss: 0.7120632797206213, Test Loss: 0.439139795090471, Inverse Test Loss: 4.0280897957938055 
2025-01-11 16:14:22,427 INFO: Epoch 2, Train Loss: 0.42258621437833943, Test Loss: 0.32418424848999294, Inverse Test Loss: 3.3864525386265347 
2025-01-11 16:14:24,927 INFO: Epoch 3, Train Loss: 0.31250621747533114, Test Loss: 0.2807563431560993, Inverse Test Loss: 2.1605347224644254 
2025-01-11 16:14:27,506 INFO: Epoch 4, Train Loss: 0.2913743763341816, Test Loss: 0.3007725844425814, Inverse Test Loss: 1.8235212053571428 
2025-01-11 16:14:30,017 INFO: Epoch 5, Train Loss: 0.28435786505904764, Test Loss: 0.24895829388073512, Inverse Test Loss: 1.3537754331316267 
2025-01-11 16:14:32,471 INFO: Epoch 6, Train Loss: 0.272563745259145, Test Loss: 0.26040669637066977, Inverse Test Loss: 1.6160245622907365 
2025-01-11 16:14:34,900 INFO: Epoch 7, Train Loss: 0.26700742624768425, Test Loss: 0.27266702162367956, Inverse Test Loss: 1.3907654626028878 
2025-01-11 16:14:37,370 INFO: Epoch 8, Train Loss: 0.26098045105234197, Test Loss: 0.24464943738920347, Inverse Test Loss: 1.803954805646624 
2025-01-11 16:14:39,813 INFO: Epoch 9, Train Loss: 0.2518917050110091, Test Loss: 0.2458616170500006, Inverse Test Loss: 1.852564811706543 
2025-01-11 16:14:42,266 INFO: Epoch 10, Train Loss: 0.24757387673636094, Test Loss: 0.2508874461054802, Inverse Test Loss: 1.5617171696254186 
2025-01-11 16:14:44,719 INFO: Epoch 11, Train Loss: 0.2534120810141257, Test Loss: 0.24342384987643786, Inverse Test Loss: 1.4686647142682756 
2025-01-11 16:14:47,162 INFO: Epoch 12, Train Loss: 0.2456792711938193, Test Loss: 0.239903490458216, Inverse Test Loss: 1.7268921988351005 
2025-01-11 16:14:49,586 INFO: Epoch 13, Train Loss: 0.24166345555301105, Test Loss: 0.24426308593579701, Inverse Test Loss: 1.8793554306030273 
2025-01-11 16:14:52,033 INFO: Epoch 14, Train Loss: 0.241017815306646, Test Loss: 0.24336151406168938, Inverse Test Loss: 1.5047431673322404 
2025-01-11 16:14:54,459 INFO: Epoch 15, Train Loss: 0.2420912153950525, Test Loss: 0.23798018268176488, Inverse Test Loss: 1.715829576764788 
2025-01-11 16:14:56,880 INFO: Epoch 16, Train Loss: 0.23400811796341467, Test Loss: 0.2611734334911619, Inverse Test Loss: 1.378924778529576 
2025-01-11 16:14:59,295 INFO: Epoch 17, Train Loss: 0.23882955353741253, Test Loss: 0.2533092663756439, Inverse Test Loss: 1.6146879196166992 
2025-01-11 16:15:01,713 INFO: Epoch 18, Train Loss: 0.2342126310691921, Test Loss: 0.23323545817817962, Inverse Test Loss: 1.5326581682477678 
2025-01-11 16:15:04,131 INFO: Epoch 19, Train Loss: 0.23519513995275584, Test Loss: 0.23404924092548235, Inverse Test Loss: 1.3441437312534876 
2025-01-11 16:15:06,591 INFO: Epoch 20, Train Loss: 0.23385778725694079, Test Loss: 0.23870602303317615, Inverse Test Loss: 1.5572943006243025 
2025-01-11 16:15:09,001 INFO: Epoch 21, Train Loss: 0.22930278649570746, Test Loss: 0.23379233639155114, Inverse Test Loss: 1.561765262058803 
2025-01-11 16:15:11,450 INFO: Epoch 22, Train Loss: 0.23252308655769452, Test Loss: 0.2444708522941385, Inverse Test Loss: 1.7857364927019392 
2025-01-11 16:15:13,896 INFO: Epoch 23, Train Loss: 0.22724878432553844, Test Loss: 0.23815624149782316, Inverse Test Loss: 1.5991033826555525 
2025-01-11 16:15:16,341 INFO: Epoch 24, Train Loss: 0.2259220437172356, Test Loss: 0.24266350428972924, Inverse Test Loss: 1.7714770180838448 
2025-01-11 16:15:18,745 INFO: Epoch 25, Train Loss: 0.22752741895137576, Test Loss: 0.2380261096571173, Inverse Test Loss: 1.2937431335449219 
2025-01-11 16:15:21,198 INFO: Epoch 26, Train Loss: 0.225477744953348, Test Loss: 0.23409761328782355, Inverse Test Loss: 1.7710225241524833 
2025-01-11 16:15:23,646 INFO: Epoch 27, Train Loss: 0.22405150710442745, Test Loss: 0.2517015907381262, Inverse Test Loss: 1.6156647545950753 
2025-01-11 16:15:26,074 INFO: Epoch 28, Train Loss: 0.22168210941717165, Test Loss: 0.23145256989768573, Inverse Test Loss: 1.4908501761300224 
2025-01-11 16:15:28,512 INFO: Epoch 29, Train Loss: 0.22269303645562688, Test Loss: 0.23152169106262072, Inverse Test Loss: 1.6401587894984655 
2025-01-11 16:15:30,937 INFO: Epoch 30, Train Loss: 0.22343936043048124, Test Loss: 0.22502029633947782, Inverse Test Loss: 1.6182970319475447 
2025-01-11 16:15:33,439 INFO: Epoch 31, Train Loss: 0.2193243550051243, Test Loss: 0.22343861684203148, Inverse Test Loss: 1.677442959376744 
2025-01-11 16:15:35,863 INFO: Epoch 32, Train Loss: 0.21427201896632483, Test Loss: 0.2248151163969721, Inverse Test Loss: 1.7719433648245675 
2025-01-11 16:15:38,246 INFO: Epoch 33, Train Loss: 0.21319271706113027, Test Loss: 0.2305840668933732, Inverse Test Loss: 1.4750141416277205 
2025-01-11 16:15:40,670 INFO: Epoch 34, Train Loss: 0.2139882264880959, Test Loss: 0.22795984042542322, Inverse Test Loss: 1.6253743852887834 
2025-01-11 16:15:43,136 INFO: Epoch 35, Train Loss: 0.2083138911002273, Test Loss: 0.2306412516960076, Inverse Test Loss: 1.62089170728411 
2025-01-11 16:15:45,584 INFO: Epoch 36, Train Loss: 0.2129323055984777, Test Loss: 0.22241699216621263, Inverse Test Loss: 1.5331479481288366 
2025-01-11 16:15:48,060 INFO: Epoch 37, Train Loss: 0.21398932657657413, Test Loss: 0.22366736456751823, Inverse Test Loss: 1.5523210253034319 
2025-01-11 16:15:50,472 INFO: Epoch 38, Train Loss: 0.21087741017888445, Test Loss: 0.23204929647701128, Inverse Test Loss: 1.7837486267089844 
2025-01-11 16:15:52,964 INFO: Epoch 39, Train Loss: 0.20804703139930691, Test Loss: 0.22557481857282774, Inverse Test Loss: 1.5277369362967355 
2025-01-11 16:15:55,352 INFO: Epoch 40, Train Loss: 0.21264653700754182, Test Loss: 0.24068549807582582, Inverse Test Loss: 1.5559280940464564 
2025-01-11 16:15:57,807 INFO: Epoch 41, Train Loss: 0.21696623667664483, Test Loss: 0.24855653515883855, Inverse Test Loss: 1.8094802583966936 
2025-01-11 16:16:00,245 INFO: Epoch 42, Train Loss: 0.21386313725502118, Test Loss: 0.22782544099858829, Inverse Test Loss: 1.5020675659179688 
2025-01-11 16:16:02,632 INFO: Epoch 43, Train Loss: 0.21097280536222895, Test Loss: 0.23411147935049875, Inverse Test Loss: 1.65498229435512 
2025-01-11 16:16:05,061 INFO: Epoch 44, Train Loss: 0.2092182098998936, Test Loss: 0.2256685309112072, Inverse Test Loss: 1.4725275039672852 
2025-01-11 16:16:07,521 INFO: Epoch 45, Train Loss: 0.20837582114639633, Test Loss: 0.22862196287938527, Inverse Test Loss: 1.782036508832659 
2025-01-11 16:16:09,905 INFO: Epoch 46, Train Loss: 0.21162057907209483, Test Loss: 0.23098228871822357, Inverse Test Loss: 1.7057158606392997 
2025-01-11 16:16:12,312 INFO: Epoch 47, Train Loss: 0.21349242069852462, Test Loss: 0.22170982296977723, Inverse Test Loss: 1.5998491559709822 
2025-01-11 16:16:14,702 INFO: Epoch 48, Train Loss: 0.21100792671562335, Test Loss: 0.23310086290751184, Inverse Test Loss: 2.1366195678710938 
2025-01-11 16:16:17,292 INFO: Epoch 49, Train Loss: 0.20505674279064212, Test Loss: 0.22726689598390035, Inverse Test Loss: 1.9046941484723772 
2025-01-11 16:16:19,788 INFO: Epoch 50, Train Loss: 0.20232027577697684, Test Loss: 0.2304258490247386, Inverse Test Loss: 1.6536577769688197 
2025-01-11 16:16:22,370 INFO: Epoch 51, Train Loss: 0.20258114179339978, Test Loss: 0.22955350152083806, Inverse Test Loss: 1.85875061580113 
2025-01-11 16:16:25,009 INFO: Epoch 52, Train Loss: 0.20381744643416974, Test Loss: 0.24741929290550096, Inverse Test Loss: 2.0932346071515764 
2025-01-11 16:16:27,479 INFO: Epoch 53, Train Loss: 0.20873834630218122, Test Loss: 0.2336309137088912, Inverse Test Loss: 1.943873405456543 
2025-01-11 16:16:29,924 INFO: Epoch 54, Train Loss: 0.20404090383730897, Test Loss: 0.2218134860907282, Inverse Test Loss: 1.9466002328055245 
2025-01-11 16:16:32,355 INFO: Epoch 55, Train Loss: 0.19787562248903676, Test Loss: 0.23078866143311774, Inverse Test Loss: 2.046257972717285 
2025-01-11 16:16:34,773 INFO: Epoch 56, Train Loss: 0.20550829855673905, Test Loss: 0.242471915270601, Inverse Test Loss: 2.127580233982631 
2025-01-11 16:16:37,211 INFO: Epoch 57, Train Loss: 0.20237112017946507, Test Loss: 0.22067052179149219, Inverse Test Loss: 1.5154119219098772 
2025-01-11 16:16:39,618 INFO: Epoch 58, Train Loss: 0.19320233002168322, Test Loss: 0.21912507553185737, Inverse Test Loss: 1.8924542835780553 
2025-01-11 16:16:42,022 INFO: Epoch 59, Train Loss: 0.20036241808615693, Test Loss: 0.22260856894510134, Inverse Test Loss: 2.080104419163295 
2025-01-11 16:16:44,454 INFO: Epoch 60, Train Loss: 0.2001984241085315, Test Loss: 0.22794836919222558, Inverse Test Loss: 1.7701654434204102 
2025-01-11 16:16:46,896 INFO: Epoch 61, Train Loss: 0.1956121022001319, Test Loss: 0.24478494535599435, Inverse Test Loss: 2.1453520911080495 
2025-01-11 16:16:49,392 INFO: Epoch 62, Train Loss: 0.19401237532633162, Test Loss: 0.22278466394969396, Inverse Test Loss: 1.9130005155290877 
2025-01-11 16:16:51,876 INFO: Epoch 63, Train Loss: 0.1931431190956623, Test Loss: 0.24367585139615194, Inverse Test Loss: 1.956535748073033 
2025-01-11 16:16:54,305 INFO: Epoch 64, Train Loss: 0.19715731297064265, Test Loss: 0.22088741830417088, Inverse Test Loss: 1.396883828299386 
2025-01-11 16:16:56,739 INFO: Epoch 65, Train Loss: 0.1871880443271147, Test Loss: 0.21417780539819173, Inverse Test Loss: 1.608287947518485 
2025-01-11 16:16:59,171 INFO: Epoch 66, Train Loss: 0.19063263625726787, Test Loss: 0.22071817889809608, Inverse Test Loss: 1.7113693782261439 
2025-01-11 16:17:01,632 INFO: Epoch 67, Train Loss: 0.18750829338480574, Test Loss: 0.2241801768541336, Inverse Test Loss: 1.5403146743774414 
2025-01-11 16:17:04,198 INFO: Epoch 68, Train Loss: 0.18860142397771187, Test Loss: 0.22592148770179069, Inverse Test Loss: 1.7555014746529716 
2025-01-11 16:17:06,637 INFO: Epoch 69, Train Loss: 0.18893555531261164, Test Loss: 0.21770977335316793, Inverse Test Loss: 1.700132233755929 
2025-01-11 16:17:09,063 INFO: Epoch 70, Train Loss: 0.2052125308765184, Test Loss: 0.23090302784528052, Inverse Test Loss: 1.9203319549560547 
2025-01-11 16:17:11,458 INFO: Epoch 71, Train Loss: 0.20580103364559488, Test Loss: 0.22033556763614928, Inverse Test Loss: 1.6741244452340263 
2025-01-11 16:17:13,933 INFO: Epoch 72, Train Loss: 0.2002240855486021, Test Loss: 0.21954191476106644, Inverse Test Loss: 1.5644581658499581 
2025-01-11 16:17:16,359 INFO: Epoch 73, Train Loss: 0.19011122685506804, Test Loss: 0.21508429891296796, Inverse Test Loss: 1.6972979136875697 
2025-01-11 16:17:18,768 INFO: Epoch 74, Train Loss: 0.18773153930082234, Test Loss: 0.22231495912585938, Inverse Test Loss: 1.8165551594325475 
2025-01-11 16:17:21,392 INFO: Epoch 75, Train Loss: 0.18611188096190812, Test Loss: 0.2198166884481907, Inverse Test Loss: 1.6005476542881556 
2025-01-11 16:17:23,956 INFO: Epoch 76, Train Loss: 0.17871132821118066, Test Loss: 0.21094677703721182, Inverse Test Loss: 1.8078748158046178 
2025-01-11 16:17:26,489 INFO: Epoch 77, Train Loss: 0.18040794093127643, Test Loss: 0.21286602850471223, Inverse Test Loss: 1.4648998805454798 
2025-01-11 16:17:29,033 INFO: Epoch 78, Train Loss: 0.17685594156794593, Test Loss: 0.22979325588260377, Inverse Test Loss: 2.0248846326555525 
2025-01-11 16:17:31,498 INFO: Epoch 79, Train Loss: 0.19272935704900584, Test Loss: 0.22011148344193185, Inverse Test Loss: 1.607506207057408 
2025-01-11 16:17:33,992 INFO: Epoch 80, Train Loss: 0.18337498714617634, Test Loss: 0.22501186334661075, Inverse Test Loss: 1.8405629566737585 
2025-01-11 16:17:36,478 INFO: Epoch 81, Train Loss: 0.1837002920721649, Test Loss: 0.21643201687506267, Inverse Test Loss: 1.6430914742606026 
2025-01-11 16:17:38,911 INFO: Epoch 82, Train Loss: 0.17788733350574423, Test Loss: 0.2222893126308918, Inverse Test Loss: 1.5748865944998605 
2025-01-11 16:17:41,367 INFO: Epoch 83, Train Loss: 0.18300072971833956, Test Loss: 0.2360532134771347, Inverse Test Loss: 1.7768889835902624 
2025-01-11 16:17:43,869 INFO: Epoch 84, Train Loss: 0.1908090623146897, Test Loss: 0.21856101708752768, Inverse Test Loss: 1.8466226032802038 
2025-01-11 16:17:46,321 INFO: Epoch 85, Train Loss: 0.1890354674617085, Test Loss: 0.2198023066989013, Inverse Test Loss: 1.8560615267072404 
2025-01-11 16:17:48,798 INFO: Epoch 86, Train Loss: 0.18465720636582156, Test Loss: 0.22390210255980492, Inverse Test Loss: 1.8251897266932897 
2025-01-11 16:17:51,263 INFO: Epoch 87, Train Loss: 0.18317690614713442, Test Loss: 0.23474751359650067, Inverse Test Loss: 2.097528866359166 
2025-01-11 16:17:53,703 INFO: Epoch 88, Train Loss: 0.18361079542461886, Test Loss: 0.2172746897808143, Inverse Test Loss: 1.6563242503574915 
2025-01-11 16:17:56,244 INFO: Epoch 89, Train Loss: 0.18007630246494888, Test Loss: 0.21704633214644023, Inverse Test Loss: 1.7041221346173967 
2025-01-11 16:17:58,707 INFO: Epoch 90, Train Loss: 0.17811508715972987, Test Loss: 0.23041902535728045, Inverse Test Loss: 1.9169917787824358 
2025-01-11 16:18:01,140 INFO: Epoch 91, Train Loss: 0.204151691510043, Test Loss: 0.2471783650772912, Inverse Test Loss: 1.9888851983206612 
2025-01-11 16:18:03,604 INFO: Epoch 92, Train Loss: 0.21511916597501948, Test Loss: 0.21945475680487497, Inverse Test Loss: 1.4451909746442522 
2025-01-11 16:18:06,052 INFO: Epoch 93, Train Loss: 0.19407933164353763, Test Loss: 0.20780196945582116, Inverse Test Loss: 1.357302529471261 
2025-01-11 16:18:08,520 INFO: Epoch 94, Train Loss: 0.1821562520681171, Test Loss: 0.21817411801644734, Inverse Test Loss: 1.8196922029767717 
2025-01-11 16:18:10,926 INFO: Epoch 95, Train Loss: 0.1815648718711433, Test Loss: 0.2186126017144748, Inverse Test Loss: 1.4747178213936942 
2025-01-11 16:18:13,390 INFO: Epoch 96, Train Loss: 0.17936005545865505, Test Loss: 0.2167713546327182, Inverse Test Loss: 1.618374960763114 
2025-01-11 16:18:15,908 INFO: Epoch 97, Train Loss: 0.18590593679782447, Test Loss: 0.2108877726963588, Inverse Test Loss: 1.618435995919364 
2025-01-11 16:18:18,579 INFO: Epoch 98, Train Loss: 0.18103380610636616, Test Loss: 0.2115549242922238, Inverse Test Loss: 1.5481876645769392 
2025-01-11 16:18:21,051 INFO: Epoch 99, Train Loss: 0.1832522781343635, Test Loss: 0.21309036016464233, Inverse Test Loss: 1.5766995293753487 
2025-01-11 16:18:23,487 INFO: Epoch 100, Train Loss: 0.18056515515397448, Test Loss: 0.20829201063939504, Inverse Test Loss: 1.596264021737235 
2025-01-11 16:18:23,487 INFO: Best Epoch 93, Best Test Loss: 0.20780196945582116 
2025-01-11 16:18:25,947 INFO: Epoch 101, Train Loss: 0.17063432603801063, Test Loss: 0.20189200980322702, Inverse Test Loss: 1.540001324244908 
2025-01-11 16:18:28,420 INFO: Epoch 102, Train Loss: 0.16984140216757398, Test Loss: 0.21516855007835797, Inverse Test Loss: 1.3166471208844865 
2025-01-11 16:18:31,005 INFO: Epoch 103, Train Loss: 0.16985095039420173, Test Loss: 0.20916255829589708, Inverse Test Loss: 1.9240993772234236 
2025-01-11 16:18:33,452 INFO: Epoch 104, Train Loss: 0.16834253599064067, Test Loss: 0.2104000204375812, Inverse Test Loss: 1.5802158628191267 
2025-01-11 16:18:35,858 INFO: Epoch 105, Train Loss: 0.16808805184079967, Test Loss: 0.21030205062457494, Inverse Test Loss: 1.7811173030308314 
2025-01-11 16:18:38,403 INFO: Epoch 106, Train Loss: 0.16486114803530755, Test Loss: 0.2059213806475912, Inverse Test Loss: 1.3581600189208984 
2025-01-11 16:18:40,829 INFO: Epoch 107, Train Loss: 0.16728074834981096, Test Loss: 0.20854164074574197, Inverse Test Loss: 1.3106436048235213 
2025-01-11 16:18:43,264 INFO: Epoch 108, Train Loss: 0.16845150209894968, Test Loss: 0.2093561983534268, Inverse Test Loss: 1.218240465436663 
2025-01-11 16:18:45,703 INFO: Epoch 109, Train Loss: 0.16759745475895907, Test Loss: 0.2140644160764558, Inverse Test Loss: 2.0267257690429688 
2025-01-11 16:18:48,505 INFO: Epoch 110, Train Loss: 0.16851005081189882, Test Loss: 0.2196416168340615, Inverse Test Loss: 1.8439649854387556 
2025-01-11 16:18:50,964 INFO: Epoch 111, Train Loss: 0.17607968047671363, Test Loss: 0.2130948310451848, Inverse Test Loss: 1.8581239155360632 
2025-01-11 16:18:53,395 INFO: Epoch 112, Train Loss: 0.16716666218884493, Test Loss: 0.21115527089153016, Inverse Test Loss: 1.8705346243722099 
2025-01-11 16:18:55,840 INFO: Epoch 113, Train Loss: 0.16225408625985505, Test Loss: 0.2100396528840065, Inverse Test Loss: 1.6912978036063058 
2025-01-11 16:18:58,340 INFO: Epoch 114, Train Loss: 0.16425905103256944, Test Loss: 0.21121826288955553, Inverse Test Loss: 1.7187743868146623 
2025-01-11 16:19:00,821 INFO: Epoch 115, Train Loss: 0.1745583862066269, Test Loss: 0.20937171365533555, Inverse Test Loss: 1.6695023945399694 
2025-01-11 16:19:03,401 INFO: Epoch 116, Train Loss: 0.16422808580442305, Test Loss: 0.2117020477141653, Inverse Test Loss: 1.5141844068254744 
2025-01-11 16:19:05,892 INFO: Epoch 117, Train Loss: 0.1643327288671371, Test Loss: 0.21212493894355638, Inverse Test Loss: 1.4646806716918945 
2025-01-11 16:19:08,417 INFO: Epoch 118, Train Loss: 0.16019702846303993, Test Loss: 0.20618861807244165, Inverse Test Loss: 1.4608165196010046 
2025-01-11 16:19:10,934 INFO: Epoch 119, Train Loss: 0.1581865106837465, Test Loss: 0.2117936531347888, Inverse Test Loss: 1.384094510759626 
2025-01-11 16:19:13,432 INFO: Epoch 120, Train Loss: 0.15843944360903645, Test Loss: 0.20495546822037017, Inverse Test Loss: 1.5760379518781389 
2025-01-11 16:19:15,866 INFO: Epoch 121, Train Loss: 0.1574897692291015, Test Loss: 0.2165987528860569, Inverse Test Loss: 1.9234365735735213 
2025-01-11 16:19:18,260 INFO: Epoch 122, Train Loss: 0.16544073327965692, Test Loss: 0.20736971923283168, Inverse Test Loss: 1.571364266531808 
2025-01-11 16:19:20,785 INFO: Epoch 123, Train Loss: 0.16281855584831412, Test Loss: 0.22006021972213471, Inverse Test Loss: 1.9873666763305664 
2025-01-11 16:19:23,263 INFO: Epoch 124, Train Loss: 0.16401990400541813, Test Loss: 0.2136673309973308, Inverse Test Loss: 1.36033752986363 
2025-01-11 16:19:25,723 INFO: Epoch 125, Train Loss: 0.16897495227669357, Test Loss: 0.22311322391033173, Inverse Test Loss: 1.5098975045340401 
2025-01-11 16:19:28,285 INFO: Epoch 126, Train Loss: 0.17131099022856547, Test Loss: 0.20978787488171033, Inverse Test Loss: 1.5862312316894531 
2025-01-11 16:19:30,716 INFO: Epoch 127, Train Loss: 0.16932800644581472, Test Loss: 0.24910467543772288, Inverse Test Loss: 2.9762254442487444 
2025-01-11 16:19:33,215 INFO: Epoch 128, Train Loss: 0.17801867657845175, Test Loss: 0.21771289195333207, Inverse Test Loss: 1.6868929181780135 
2025-01-11 16:19:35,634 INFO: Epoch 129, Train Loss: 0.1616894798267872, Test Loss: 0.21388250908681325, Inverse Test Loss: 1.596524783543178 
2025-01-11 16:19:38,035 INFO: Epoch 130, Train Loss: 0.16820136320973755, Test Loss: 0.22496708748596056, Inverse Test Loss: 1.6568089893886022 
2025-01-11 16:19:40,530 INFO: Epoch 131, Train Loss: 0.167757698702156, Test Loss: 0.21642592496105603, Inverse Test Loss: 1.7184587206159319 
2025-01-11 16:19:43,061 INFO: Epoch 132, Train Loss: 0.1560966485957487, Test Loss: 0.2107324382024152, Inverse Test Loss: 1.4084574835641044 
2025-01-11 16:19:45,539 INFO: Epoch 133, Train Loss: 0.15928872825082288, Test Loss: 0.21682907481278693, Inverse Test Loss: 1.6253636223929269 
2025-01-11 16:19:48,024 INFO: Epoch 134, Train Loss: 0.15605175912106803, Test Loss: 0.218337032943964, Inverse Test Loss: 1.683103288922991 
2025-01-11 16:19:50,428 INFO: Epoch 135, Train Loss: 0.15364563301068926, Test Loss: 0.21719822819743836, Inverse Test Loss: 1.8525472368512834 
2025-01-11 16:19:52,867 INFO: Epoch 136, Train Loss: 0.1550754843228454, Test Loss: 0.21257091207163675, Inverse Test Loss: 1.445765767778669 
2025-01-11 16:19:55,373 INFO: Epoch 137, Train Loss: 0.15275885239927048, Test Loss: 0.2042432203888893, Inverse Test Loss: 1.473327364240374 
2025-01-11 16:19:57,911 INFO: Epoch 138, Train Loss: 0.15141155146950974, Test Loss: 0.21926869292344367, Inverse Test Loss: 1.5842373711722237 
2025-01-11 16:20:00,442 INFO: Epoch 139, Train Loss: 0.15270776212762255, Test Loss: 0.21433363109827042, Inverse Test Loss: 1.8541458674839564 
2025-01-11 16:20:02,928 INFO: Epoch 140, Train Loss: 0.15121384265772794, Test Loss: 0.21541051406945502, Inverse Test Loss: 1.6091327667236328 
2025-01-11 16:20:05,402 INFO: Epoch 141, Train Loss: 0.15713101762150405, Test Loss: 0.21718046920640127, Inverse Test Loss: 1.5276793071201868 
2025-01-11 16:20:07,883 INFO: Epoch 142, Train Loss: 0.15572211973437475, Test Loss: 0.21096364355513028, Inverse Test Loss: 1.553199631827218 
2025-01-11 16:20:10,338 INFO: Epoch 143, Train Loss: 0.15350688843552127, Test Loss: 0.21345616025584085, Inverse Test Loss: 1.264065878731864 
2025-01-11 16:20:12,810 INFO: Epoch 144, Train Loss: 0.15768057012229886, Test Loss: 0.21231400115149363, Inverse Test Loss: 1.4134059633527483 
2025-01-11 16:20:15,225 INFO: Epoch 145, Train Loss: 0.14925022300230253, Test Loss: 0.21064083224960736, Inverse Test Loss: 1.463226318359375 
2025-01-11 16:20:17,640 INFO: Epoch 146, Train Loss: 0.14707820780506922, Test Loss: 0.2148651730801378, Inverse Test Loss: 1.4182558059692383 
2025-01-11 16:20:20,068 INFO: Epoch 147, Train Loss: 0.1594788436222514, Test Loss: 0.2091966218182019, Inverse Test Loss: 1.4135090964181083 
2025-01-11 16:20:22,511 INFO: Epoch 148, Train Loss: 0.1516391992432262, Test Loss: 0.21457783026354654, Inverse Test Loss: 1.3994200570242745 
2025-01-11 16:20:24,949 INFO: Epoch 149, Train Loss: 0.16103923190897756, Test Loss: 0.2149798949914319, Inverse Test Loss: 1.6805437632969447 
2025-01-11 16:20:27,404 INFO: Epoch 150, Train Loss: 0.1559664711629579, Test Loss: 0.21533271563904627, Inverse Test Loss: 1.634162085396903 
2025-01-11 16:20:29,851 INFO: Epoch 151, Train Loss: 0.14747179128708096, Test Loss: 0.21018805727362633, Inverse Test Loss: 1.8188708169119698 
2025-01-11 16:20:32,313 INFO: Epoch 152, Train Loss: 0.14268013342804864, Test Loss: 0.22728370609027998, Inverse Test Loss: 1.9511113848005022 
2025-01-11 16:20:34,729 INFO: Epoch 153, Train Loss: 0.14914879134488762, Test Loss: 0.21859809436968394, Inverse Test Loss: 1.7151209967476981 
2025-01-11 16:20:37,157 INFO: Epoch 154, Train Loss: 0.1429236257158288, Test Loss: 0.22038297621267183, Inverse Test Loss: 1.8078362601143974 
2025-01-11 16:20:39,594 INFO: Epoch 155, Train Loss: 0.14102147799839668, Test Loss: 0.20801010781100818, Inverse Test Loss: 1.6872658048357283 
2025-01-11 16:20:42,036 INFO: Epoch 156, Train Loss: 0.14167793635108056, Test Loss: 0.2182611913553306, Inverse Test Loss: 1.788337571280343 
2025-01-11 16:20:44,479 INFO: Epoch 157, Train Loss: 0.14165166170772062, Test Loss: 0.21502393696989333, Inverse Test Loss: 1.4721574783325195 
2025-01-11 16:20:46,861 INFO: Epoch 158, Train Loss: 0.14041692968628822, Test Loss: 0.20948699755328043, Inverse Test Loss: 1.433877399989537 
2025-01-11 16:20:49,231 INFO: Epoch 159, Train Loss: 0.14229431700542433, Test Loss: 0.21099280087011202, Inverse Test Loss: 1.637075696672712 
2025-01-11 16:20:51,600 INFO: Epoch 160, Train Loss: 0.14074497129939018, Test Loss: 0.21589420310088567, Inverse Test Loss: 1.5213831492832728 
2025-01-11 16:20:54,033 INFO: Epoch 161, Train Loss: 0.1412009210624826, Test Loss: 0.23013620983277047, Inverse Test Loss: 1.977872439793178 
2025-01-11 16:20:56,485 INFO: Epoch 162, Train Loss: 0.13920133075582872, Test Loss: 0.21225038543343544, Inverse Test Loss: 1.6751700810023717 
2025-01-11 16:20:58,905 INFO: Epoch 163, Train Loss: 0.13682358650439377, Test Loss: 0.21842116649661744, Inverse Test Loss: 1.7338102885654993 
2025-01-11 16:21:01,330 INFO: Epoch 164, Train Loss: 0.15299904442161594, Test Loss: 0.21133671115551675, Inverse Test Loss: 1.662968635559082 
2025-01-11 16:21:03,702 INFO: Epoch 165, Train Loss: 0.146271077386283, Test Loss: 0.2216983400285244, Inverse Test Loss: 1.6743565968104772 
2025-01-11 16:21:06,152 INFO: Epoch 166, Train Loss: 0.14176275485425915, Test Loss: 0.2170988427741187, Inverse Test Loss: 1.8361842291695731 
2025-01-11 16:21:08,601 INFO: Epoch 167, Train Loss: 0.1452893702945578, Test Loss: 0.21703732652323587, Inverse Test Loss: 1.8232954570225306 
2025-01-11 16:21:11,021 INFO: Epoch 168, Train Loss: 0.1390082982428577, Test Loss: 0.21561273347054208, Inverse Test Loss: 1.563321249825614 
2025-01-11 16:21:13,466 INFO: Epoch 169, Train Loss: 0.1354167910480718, Test Loss: 0.2264161700648921, Inverse Test Loss: 1.7518277849469865 
2025-01-11 16:21:15,924 INFO: Epoch 170, Train Loss: 0.14169718366150463, Test Loss: 0.2180559401001249, Inverse Test Loss: 1.8299342564174108 
2025-01-11 16:21:18,335 INFO: Epoch 171, Train Loss: 0.1632449313177975, Test Loss: 0.2167274552796568, Inverse Test Loss: 1.5770394461495536 
2025-01-11 16:21:20,774 INFO: Epoch 172, Train Loss: 0.1475266995369841, Test Loss: 0.21759224949138506, Inverse Test Loss: 1.4876375198364258 
2025-01-11 16:21:23,240 INFO: Epoch 173, Train Loss: 0.14264195009109076, Test Loss: 0.21482666635087558, Inverse Test Loss: 1.7758784975324358 
2025-01-11 16:21:25,680 INFO: Epoch 174, Train Loss: 0.13431845769422865, Test Loss: 0.21099728079778807, Inverse Test Loss: 1.414686611720494 
2025-01-11 16:21:28,068 INFO: Epoch 175, Train Loss: 0.1330894106024996, Test Loss: 0.2150240476642336, Inverse Test Loss: 1.7198731558663505 
2025-01-11 16:21:30,497 INFO: Epoch 176, Train Loss: 0.13082729895180517, Test Loss: 0.2222215815314225, Inverse Test Loss: 1.6136935097830636 
2025-01-11 16:21:32,895 INFO: Epoch 177, Train Loss: 0.12964027368147438, Test Loss: 0.21147498860955238, Inverse Test Loss: 1.7556660515921456 
2025-01-11 16:21:35,316 INFO: Epoch 178, Train Loss: 0.12709737958711223, Test Loss: 0.22631285978215082, Inverse Test Loss: 1.743793215070452 
2025-01-11 16:21:37,753 INFO: Epoch 179, Train Loss: 0.1263399778976353, Test Loss: 0.21481272258928844, Inverse Test Loss: 1.643801552908761 
2025-01-11 16:21:40,208 INFO: Epoch 180, Train Loss: 0.13601835222419248, Test Loss: 0.21581543236970901, Inverse Test Loss: 1.7535130637032645 
2025-01-11 16:21:42,628 INFO: Epoch 181, Train Loss: 0.13726633076274067, Test Loss: 0.2176464700273105, Inverse Test Loss: 1.419240951538086 
2025-01-11 16:21:45,079 INFO: Epoch 182, Train Loss: 0.13993228479809716, Test Loss: 0.22174348735383578, Inverse Test Loss: 1.7988033294677734 
2025-01-11 16:21:47,501 INFO: Epoch 183, Train Loss: 0.16247513596344432, Test Loss: 0.24992173165082932, Inverse Test Loss: 2.081960814339774 
2025-01-11 16:21:49,920 INFO: Epoch 184, Train Loss: 0.1651019484761658, Test Loss: 0.2169805376657418, Inverse Test Loss: 1.6954285757882255 
2025-01-11 16:21:52,377 INFO: Epoch 185, Train Loss: 0.14879864447434013, Test Loss: 0.21661499036209925, Inverse Test Loss: 2.0004994528634206 
2025-01-11 16:21:54,822 INFO: Epoch 186, Train Loss: 0.14188416186002417, Test Loss: 0.22609986045530864, Inverse Test Loss: 1.8342666625976562 
2025-01-11 16:21:57,288 INFO: Epoch 187, Train Loss: 0.1477558060523567, Test Loss: 0.21600719488092832, Inverse Test Loss: 1.6585558482578822 
2025-01-11 16:21:59,716 INFO: Epoch 188, Train Loss: 0.13733873447967232, Test Loss: 0.21237119234033994, Inverse Test Loss: 1.9166766575404577 
2025-01-11 16:22:02,253 INFO: Epoch 189, Train Loss: 0.12997802859599436, Test Loss: 0.21720187685319356, Inverse Test Loss: 1.6481579371861048 
2025-01-11 16:22:04,701 INFO: Epoch 190, Train Loss: 0.12967417744594975, Test Loss: 0.22551641347152845, Inverse Test Loss: 1.6874820164271764 
2025-01-11 16:22:07,169 INFO: Epoch 191, Train Loss: 0.14301010480987916, Test Loss: 0.2298398603286062, Inverse Test Loss: 1.7645751408168249 
2025-01-11 16:22:09,586 INFO: Epoch 192, Train Loss: 0.14544761057840574, Test Loss: 0.21659225119011744, Inverse Test Loss: 1.5702412469046456 
2025-01-11 16:22:12,029 INFO: Epoch 193, Train Loss: 0.13671955404751893, Test Loss: 0.2187100654201848, Inverse Test Loss: 1.5339746475219727 
2025-01-11 16:22:14,430 INFO: Epoch 194, Train Loss: 0.1349152120154932, Test Loss: 0.22110929020813533, Inverse Test Loss: 1.7839587075369698 
2025-01-11 16:22:16,861 INFO: Epoch 195, Train Loss: 0.1306344101871919, Test Loss: 0.21458402329257556, Inverse Test Loss: 1.463092531476702 
2025-01-11 16:22:19,331 INFO: Epoch 196, Train Loss: 0.1319524429123336, Test Loss: 0.22054664471319743, Inverse Test Loss: 1.4895787920270647 
2025-01-11 16:22:21,793 INFO: Epoch 197, Train Loss: 0.12499421206089335, Test Loss: 0.21784993473972594, Inverse Test Loss: 1.6629074641636439 
2025-01-11 16:22:24,172 INFO: Epoch 198, Train Loss: 0.12100326768848874, Test Loss: 0.21687125893575804, Inverse Test Loss: 1.4065416881016322 
2025-01-11 16:22:26,609 INFO: Epoch 199, Train Loss: 0.11896209172699429, Test Loss: 0.2240331508219242, Inverse Test Loss: 1.6143324715750558 
2025-01-11 16:22:29,061 INFO: Epoch 200, Train Loss: 0.11962226142577075, Test Loss: 0.2192045428923198, Inverse Test Loss: 1.7159645898001534 
2025-01-11 16:22:29,061 INFO: Best Epoch 101, Best Test Loss: 0.20189200980322702 
2025-01-11 16:22:31,473 INFO: Epoch 201, Train Loss: 0.1194085514326708, Test Loss: 0.22462270728179387, Inverse Test Loss: 1.403024537222726 
2025-01-11 16:22:33,886 INFO: Epoch 202, Train Loss: 0.13058699065939003, Test Loss: 0.22968185054404394, Inverse Test Loss: 1.3827516010829382 
2025-01-11 16:22:36,338 INFO: Epoch 203, Train Loss: 0.13383212466852382, Test Loss: 0.2396123238972255, Inverse Test Loss: 1.5817971910749162 
2025-01-11 16:22:38,791 INFO: Epoch 204, Train Loss: 0.13762181587175493, Test Loss: 0.22201610303350858, Inverse Test Loss: 1.2373627253941126 
2025-01-11 16:22:41,234 INFO: Epoch 205, Train Loss: 0.12394712926871186, Test Loss: 0.22314807400107384, Inverse Test Loss: 1.8899382182529993 
2025-01-11 16:22:43,665 INFO: Epoch 206, Train Loss: 0.1476431067930449, Test Loss: 0.2177348913890975, Inverse Test Loss: 1.5085702623639787 
2025-01-11 16:22:46,083 INFO: Epoch 207, Train Loss: 0.13088814982580482, Test Loss: 0.21879002984080995, Inverse Test Loss: 1.5568098340715681 
2025-01-11 16:22:48,560 INFO: Epoch 208, Train Loss: 0.1277576548927421, Test Loss: 0.21401567065290042, Inverse Test Loss: 1.475346565246582 
2025-01-11 16:22:51,032 INFO: Epoch 209, Train Loss: 0.12705289941588674, Test Loss: 0.22538118490150996, Inverse Test Loss: 2.0717526844569614 
2025-01-11 16:22:53,510 INFO: Epoch 210, Train Loss: 0.1219975903220133, Test Loss: 0.23736347737056868, Inverse Test Loss: 3.108616420200893 
2025-01-11 16:22:56,070 INFO: Epoch 211, Train Loss: 0.11942235072818372, Test Loss: 0.22012934141925403, Inverse Test Loss: 2.031959124973842 
2025-01-11 16:22:58,607 INFO: Epoch 212, Train Loss: 0.11674118404268125, Test Loss: 0.2168116383254528, Inverse Test Loss: 1.982078960963658 
2025-01-11 16:23:01,115 INFO: Epoch 213, Train Loss: 0.12169823679355306, Test Loss: 0.22489058013473237, Inverse Test Loss: 1.6260512215750558 
2025-01-11 16:23:03,532 INFO: Epoch 214, Train Loss: 0.1329238371017876, Test Loss: 0.22251070556896074, Inverse Test Loss: 1.752124650137765 
2025-01-11 16:23:06,077 INFO: Epoch 215, Train Loss: 0.12987909889822707, Test Loss: 0.21267679493342126, Inverse Test Loss: 1.6613832201276506 
2025-01-11 16:23:08,539 INFO: Epoch 216, Train Loss: 0.12024196531247655, Test Loss: 0.2170886429292815, Inverse Test Loss: 1.8414970125470842 
2025-01-11 16:23:11,025 INFO: Epoch 217, Train Loss: 0.11788417323740251, Test Loss: 0.2273334376513958, Inverse Test Loss: 1.8797642844063895 
2025-01-11 16:23:13,416 INFO: Epoch 218, Train Loss: 0.11634757280896563, Test Loss: 0.2245129756629467, Inverse Test Loss: 1.747748783656529 
2025-01-11 16:23:15,855 INFO: Epoch 219, Train Loss: 0.1153583892304963, Test Loss: 0.2207179974232401, Inverse Test Loss: 1.916691507611956 
2025-01-11 16:23:18,239 INFO: Epoch 220, Train Loss: 0.11406010444011164, Test Loss: 0.2229454049042293, Inverse Test Loss: 1.7553659166608537 
2025-01-11 16:23:20,657 INFO: Epoch 221, Train Loss: 0.11654362041469014, Test Loss: 0.2267338473881994, Inverse Test Loss: 1.4174344199044364 
2025-01-11 16:23:23,125 INFO: Epoch 222, Train Loss: 0.11677016871511389, Test Loss: 0.22276139472212111, Inverse Test Loss: 1.6231891087123327 
2025-01-11 16:23:25,762 INFO: Epoch 223, Train Loss: 0.11329683832345752, Test Loss: 0.22368100764495985, Inverse Test Loss: 1.6010262625558036 
2025-01-11 16:23:28,332 INFO: Epoch 224, Train Loss: 0.11297295946593679, Test Loss: 0.22272851052028791, Inverse Test Loss: 1.4693235669817244 
2025-01-11 16:23:30,862 INFO: Epoch 225, Train Loss: 0.11007613798073672, Test Loss: 0.2255797583077635, Inverse Test Loss: 1.5646038055419922 
2025-01-11 16:23:33,419 INFO: Epoch 226, Train Loss: 0.10860935543928671, Test Loss: 0.22511459780590876, Inverse Test Loss: 1.4455457414899553 
2025-01-11 16:23:35,960 INFO: Epoch 227, Train Loss: 0.11473067405573818, Test Loss: 0.22843686916998454, Inverse Test Loss: 1.4564730780465263 
2025-01-11 16:23:38,413 INFO: Epoch 228, Train Loss: 0.11582640606328981, Test Loss: 0.23027107598526136, Inverse Test Loss: 1.6206553322928292 
2025-01-11 16:23:40,825 INFO: Epoch 229, Train Loss: 0.1151530084396721, Test Loss: 0.23107689938374928, Inverse Test Loss: 1.6570523125784737 
2025-01-11 16:23:43,530 INFO: Epoch 230, Train Loss: 0.1101879304565421, Test Loss: 0.2236542052456311, Inverse Test Loss: 1.5174481528145927 
2025-01-11 16:23:46,216 INFO: Epoch 231, Train Loss: 0.1112472104643463, Test Loss: 0.21728723549417087, Inverse Test Loss: 1.2747116088867188 
2025-01-11 16:23:48,881 INFO: Epoch 232, Train Loss: 0.11130501145343168, Test Loss: 0.22035771927663259, Inverse Test Loss: 1.5637969970703125 
2025-01-11 16:23:51,333 INFO: Epoch 233, Train Loss: 0.12838111161638838, Test Loss: 0.24283955991268158, Inverse Test Loss: 1.7411245618547713 
2025-01-11 16:23:53,829 INFO: Epoch 234, Train Loss: 0.20650048465083498, Test Loss: 0.2379151742373194, Inverse Test Loss: 1.817101206098284 
2025-01-11 16:23:56,456 INFO: Epoch 235, Train Loss: 0.1602125558831276, Test Loss: 0.2228938170841762, Inverse Test Loss: 1.5752526691981725 
2025-01-11 16:23:58,972 INFO: Epoch 236, Train Loss: 0.1356469251283812, Test Loss: 0.22649577100362098, Inverse Test Loss: 1.9933005741664342 
2025-01-11 16:24:01,485 INFO: Epoch 237, Train Loss: 0.1227038537553691, Test Loss: 0.2223506841276373, Inverse Test Loss: 1.3574563435145788 
2025-01-11 16:24:03,980 INFO: Epoch 238, Train Loss: 0.11769865063625738, Test Loss: 0.22239700332283974, Inverse Test Loss: 1.487579618181501 
2025-01-11 16:24:06,436 INFO: Epoch 239, Train Loss: 0.11898401960593845, Test Loss: 0.22843491658568382, Inverse Test Loss: 1.6680247443062919 
2025-01-11 16:24:08,943 INFO: Epoch 240, Train Loss: 0.11361543253200863, Test Loss: 0.23205949632184847, Inverse Test Loss: 1.8077274050031389 
2025-01-11 16:24:11,438 INFO: Epoch 241, Train Loss: 0.11152463932649805, Test Loss: 0.22032531563724791, Inverse Test Loss: 1.6075476237705775 
2025-01-11 16:24:13,891 INFO: Epoch 242, Train Loss: 0.10914592608946179, Test Loss: 0.22989622609955923, Inverse Test Loss: 1.5181113651820592 
2025-01-11 16:24:16,463 INFO: Epoch 243, Train Loss: 0.10577736870137923, Test Loss: 0.22477669481720244, Inverse Test Loss: 1.5885565621512276 
2025-01-11 16:24:19,001 INFO: Epoch 244, Train Loss: 0.108579360085343, Test Loss: 0.22813433036208153, Inverse Test Loss: 1.388618332999093 
2025-01-11 16:24:21,668 INFO: Epoch 245, Train Loss: 0.10676380998771125, Test Loss: 0.2248892475451742, Inverse Test Loss: 1.3618674959455217 
2025-01-11 16:24:24,175 INFO: Epoch 246, Train Loss: 0.11049227990688534, Test Loss: 0.23276629511799132, Inverse Test Loss: 1.542809350149972 
2025-01-11 16:24:26,644 INFO: Epoch 247, Train Loss: 0.11089555303984826, Test Loss: 0.232344743928739, Inverse Test Loss: 1.4695790154593331 
2025-01-11 16:24:29,150 INFO: Epoch 248, Train Loss: 0.1080836640722161, Test Loss: 0.22675986481564386, Inverse Test Loss: 1.5550151552472795 
2025-01-11 16:24:31,706 INFO: Epoch 249, Train Loss: 0.10695364251049287, Test Loss: 0.23002239423138754, Inverse Test Loss: 1.784390994480678 
2025-01-11 16:24:34,265 INFO: Epoch 250, Train Loss: 0.11771894205327428, Test Loss: 0.22554865692343032, Inverse Test Loss: 1.5255302701677596 
2025-01-11 16:24:36,884 INFO: Epoch 251, Train Loss: 0.11096957209733647, Test Loss: 0.2234520406595298, Inverse Test Loss: 1.7064085006713867 
2025-01-11 16:24:39,390 INFO: Epoch 252, Train Loss: 0.10412789327562402, Test Loss: 0.2308029213121959, Inverse Test Loss: 1.4553209032331194 
2025-01-11 16:24:41,878 INFO: Epoch 253, Train Loss: 0.1042322476796054, Test Loss: 0.23319987526961736, Inverse Test Loss: 1.6774440492902483 
2025-01-11 16:24:44,426 INFO: Epoch 254, Train Loss: 0.1040457377056463, Test Loss: 0.2268801113324506, Inverse Test Loss: 1.6124743052891322 
2025-01-11 16:24:47,038 INFO: Epoch 255, Train Loss: 0.10161182673972681, Test Loss: 0.22699918065752303, Inverse Test Loss: 1.7124692371913366 
2025-01-11 16:24:49,547 INFO: Epoch 256, Train Loss: 0.1012072865979387, Test Loss: 0.22804360570652144, Inverse Test Loss: 1.4285737446376257 
2025-01-11 16:24:52,025 INFO: Epoch 257, Train Loss: 0.10262696014358363, Test Loss: 0.22320705173271044, Inverse Test Loss: 1.3048719678606306 
2025-01-11 16:24:54,567 INFO: Epoch 258, Train Loss: 0.10068798987963877, Test Loss: 0.23000688744442804, Inverse Test Loss: 1.5205396924700056 
2025-01-11 16:24:57,172 INFO: Epoch 259, Train Loss: 0.0987550732466059, Test Loss: 0.22419283113309316, Inverse Test Loss: 1.291309084211077 
2025-01-11 16:24:59,679 INFO: Epoch 260, Train Loss: 0.10074740593586493, Test Loss: 0.23077289760112762, Inverse Test Loss: 1.3483998434884208 
2025-01-11 16:25:02,159 INFO: Epoch 261, Train Loss: 0.10000915613469727, Test Loss: 0.23830781398074968, Inverse Test Loss: 1.524162428719657 
2025-01-11 16:25:04,690 INFO: Epoch 262, Train Loss: 0.0974536711059579, Test Loss: 0.23125686549714633, Inverse Test Loss: 1.2166423797607422 
2025-01-11 16:25:07,245 INFO: Epoch 263, Train Loss: 0.13156372657336227, Test Loss: 0.22795679633106505, Inverse Test Loss: 1.378955704825265 
2025-01-11 16:25:09,742 INFO: Epoch 264, Train Loss: 0.11326253400483263, Test Loss: 0.22877957671880722, Inverse Test Loss: 1.566267830984933 
2025-01-11 16:25:12,285 INFO: Epoch 265, Train Loss: 0.1034110035371343, Test Loss: 0.2288552692958287, Inverse Test Loss: 1.4063855579921178 
2025-01-11 16:25:14,764 INFO: Epoch 266, Train Loss: 0.09950746288266751, Test Loss: 0.22737549883978708, Inverse Test Loss: 1.4904605320521764 
2025-01-11 16:25:17,275 INFO: Epoch 267, Train Loss: 0.09818069165179488, Test Loss: 0.23253616797072546, Inverse Test Loss: 1.4263574055262975 
2025-01-11 16:25:19,786 INFO: Epoch 268, Train Loss: 0.09774972252342679, Test Loss: 0.22424049835119927, Inverse Test Loss: 1.5861445835658483 
2025-01-11 16:25:22,296 INFO: Epoch 269, Train Loss: 0.09903928029154418, Test Loss: 0.2275980726948806, Inverse Test Loss: 1.5637219292776925 
2025-01-11 16:25:24,788 INFO: Epoch 270, Train Loss: 0.09999644694798583, Test Loss: 0.22391039612037794, Inverse Test Loss: 1.3254947662353516 
2025-01-11 16:25:27,348 INFO: Epoch 271, Train Loss: 0.09771708494752919, Test Loss: 0.23485721700957843, Inverse Test Loss: 1.4169654846191406 
2025-01-11 16:25:29,823 INFO: Epoch 272, Train Loss: 0.0957726150614406, Test Loss: 0.2267267874308995, Inverse Test Loss: 1.2978480202811105 
2025-01-11 16:25:32,313 INFO: Epoch 273, Train Loss: 0.095047757576365, Test Loss: 0.2269777932337352, Inverse Test Loss: 1.4634294509887695 
2025-01-11 16:25:34,812 INFO: Epoch 274, Train Loss: 0.09576965273793685, Test Loss: 0.2303897924721241, Inverse Test Loss: 1.4483721596854073 
2025-01-11 16:25:37,292 INFO: Epoch 275, Train Loss: 0.09481130868469903, Test Loss: 0.23306057016764367, Inverse Test Loss: 1.661308697291783 
2025-01-11 16:25:39,767 INFO: Epoch 276, Train Loss: 0.10583258604784625, Test Loss: 0.23354785942605563, Inverse Test Loss: 1.505683762686593 
2025-01-11 16:25:42,408 INFO: Epoch 277, Train Loss: 0.0973628572094331, Test Loss: 0.22364266855376108, Inverse Test Loss: 1.473808969770159 
2025-01-11 16:25:45,012 INFO: Epoch 278, Train Loss: 0.09557502723615104, Test Loss: 0.23699844256043434, Inverse Test Loss: 1.7174664906093053 
2025-01-11 16:25:47,615 INFO: Epoch 279, Train Loss: 0.09624599091230182, Test Loss: 0.2305693674300398, Inverse Test Loss: 1.5987788609095983 
2025-01-11 16:25:50,266 INFO: Epoch 280, Train Loss: 0.10746660117709309, Test Loss: 0.23815752672297613, Inverse Test Loss: 1.6449418749128069 
2025-01-11 16:25:52,828 INFO: Epoch 281, Train Loss: 0.1010180187471416, Test Loss: 0.23547842992203577, Inverse Test Loss: 1.3999978474208288 
2025-01-11 16:25:55,441 INFO: Epoch 282, Train Loss: 0.10401044731293249, Test Loss: 0.23395585215517453, Inverse Test Loss: 1.455834252493722 
2025-01-11 16:25:57,938 INFO: Epoch 283, Train Loss: 0.09581672044795587, Test Loss: 0.23585476939167296, Inverse Test Loss: 1.5872740064348494 
2025-01-11 16:26:00,600 INFO: Epoch 284, Train Loss: 0.09515466869150827, Test Loss: 0.2333801851740905, Inverse Test Loss: 1.5833162580217635 
2025-01-11 16:26:03,190 INFO: Epoch 285, Train Loss: 0.09561364585106526, Test Loss: 0.22968298462884768, Inverse Test Loss: 1.5485566002982003 
2025-01-11 16:26:05,735 INFO: Epoch 286, Train Loss: 0.09641683484436175, Test Loss: 0.23132577964237758, Inverse Test Loss: 1.4791338784354073 
2025-01-11 16:26:08,321 INFO: Epoch 287, Train Loss: 0.09166688417349386, Test Loss: 0.2277930070246969, Inverse Test Loss: 1.4422448022024972 
2025-01-11 16:26:10,956 INFO: Epoch 288, Train Loss: 0.13572174187647093, Test Loss: 0.22858130133577756, Inverse Test Loss: 1.8316490990774972 
2025-01-11 16:26:13,545 INFO: Epoch 289, Train Loss: 0.19045766087573604, Test Loss: 0.2391630027975355, Inverse Test Loss: 1.7926690237862724 
2025-01-11 16:26:16,055 INFO: Epoch 290, Train Loss: 0.16244220050103073, Test Loss: 0.22946821046727045, Inverse Test Loss: 1.6443139484950475 
2025-01-11 16:26:18,556 INFO: Epoch 291, Train Loss: 0.13251733779907227, Test Loss: 0.23153606855443545, Inverse Test Loss: 1.725050381251744 
2025-01-11 16:26:21,085 INFO: Epoch 292, Train Loss: 0.11945334924470394, Test Loss: 0.22608751324670656, Inverse Test Loss: 1.6118226732526506 
2025-01-11 16:26:23,489 INFO: Epoch 293, Train Loss: 0.10853318623993374, Test Loss: 0.2360163176698344, Inverse Test Loss: 1.8506556919642858 
2025-01-11 16:26:26,124 INFO: Epoch 294, Train Loss: 0.10167875851786465, Test Loss: 0.22639330795833043, Inverse Test Loss: 1.5522372382027763 
2025-01-11 16:26:28,709 INFO: Epoch 295, Train Loss: 0.09961379592845199, Test Loss: 0.2253238521516323, Inverse Test Loss: 1.4378531319754464 
2025-01-11 16:26:31,366 INFO: Epoch 296, Train Loss: 0.09838609752851889, Test Loss: 0.2347353430730956, Inverse Test Loss: 1.3631651742117745 
2025-01-11 16:26:33,863 INFO: Epoch 297, Train Loss: 0.11259254696992559, Test Loss: 0.22891546519739286, Inverse Test Loss: 1.56498840876988 
2025-01-11 16:26:36,500 INFO: Epoch 298, Train Loss: 0.09735668546289479, Test Loss: 0.2279310758624758, Inverse Test Loss: 1.4284236090523856 
2025-01-11 16:26:39,073 INFO: Epoch 299, Train Loss: 0.0930982860950155, Test Loss: 0.22833971785647528, Inverse Test Loss: 1.4677581787109375 
2025-01-11 16:26:41,690 INFO: Epoch 300, Train Loss: 0.09085114669362339, Test Loss: 0.2249490027981145, Inverse Test Loss: 1.4056192125592912 
2025-01-11 16:26:41,690 INFO: Best Epoch 101, Best Test Loss: 0.20189200980322702 
2025-01-11 16:26:44,292 INFO: Epoch 301, Train Loss: 0.09065736180871999, Test Loss: 0.23004269493477686, Inverse Test Loss: 1.530852999005999 
2025-01-11 16:26:46,801 INFO: Epoch 302, Train Loss: 0.08816956899581699, Test Loss: 0.23239456968648092, Inverse Test Loss: 1.5410915102277483 
2025-01-11 16:26:49,546 INFO: Epoch 303, Train Loss: 0.08863925250298386, Test Loss: 0.23264559251921518, Inverse Test Loss: 1.4894493647984095 
2025-01-11 16:26:52,132 INFO: Epoch 304, Train Loss: 0.08862748673749626, Test Loss: 0.23027979316455977, Inverse Test Loss: 1.514082908630371 
2025-01-11 16:26:54,683 INFO: Epoch 305, Train Loss: 0.08646451046160601, Test Loss: 0.23059935654912675, Inverse Test Loss: 1.523150852748326 
2025-01-11 16:26:57,177 INFO: Epoch 306, Train Loss: 0.09507214640258649, Test Loss: 0.24534908256360463, Inverse Test Loss: 1.4952418463570731 
2025-01-11 16:26:59,721 INFO: Epoch 307, Train Loss: 0.10272534191608429, Test Loss: 0.22895155368106707, Inverse Test Loss: 1.446465219770159 
2025-01-11 16:27:02,282 INFO: Epoch 308, Train Loss: 0.09807859176616056, Test Loss: 0.22493810366306985, Inverse Test Loss: 1.5588111877441406 
2025-01-11 16:27:04,756 INFO: Epoch 309, Train Loss: 0.08801272921605942, Test Loss: 0.22480154037475586, Inverse Test Loss: 1.5078543254307337 
2025-01-11 16:27:07,291 INFO: Epoch 310, Train Loss: 0.08839089324304816, Test Loss: 0.2268647477030754, Inverse Test Loss: 1.3332691192626953 
2025-01-11 16:27:09,765 INFO: Epoch 311, Train Loss: 0.08604386209621342, Test Loss: 0.22811576138649667, Inverse Test Loss: 1.5754773276192802 
2025-01-11 16:27:12,221 INFO: Epoch 312, Train Loss: 0.08607328676302499, Test Loss: 0.23222524619528226, Inverse Test Loss: 1.2354160036359514 
2025-01-11 16:27:14,778 INFO: Epoch 313, Train Loss: 0.09321102609328173, Test Loss: 0.2320300005376339, Inverse Test Loss: 1.6825338091169084 
2025-01-11 16:27:17,266 INFO: Epoch 314, Train Loss: 0.08490684225198326, Test Loss: 0.22877770396215574, Inverse Test Loss: 1.5924647194998605 
2025-01-11 16:27:19,770 INFO: Epoch 315, Train Loss: 0.0829694048253768, Test Loss: 0.22419541275927, Inverse Test Loss: 1.4012327194213867 
2025-01-11 16:27:22,341 INFO: Epoch 316, Train Loss: 0.08315474109365306, Test Loss: 0.22546296886035375, Inverse Test Loss: 1.3857440948486328 
2025-01-11 16:27:24,886 INFO: Epoch 317, Train Loss: 0.08829920369824139, Test Loss: 0.22793837477053916, Inverse Test Loss: 1.5093803405761719 
2025-01-11 16:27:27,491 INFO: Epoch 318, Train Loss: 0.08389644437563529, Test Loss: 0.2310596848172801, Inverse Test Loss: 1.4134555544172014 
2025-01-11 16:27:30,052 INFO: Epoch 319, Train Loss: 0.08561013092141632, Test Loss: 0.22798447364142962, Inverse Test Loss: 1.4768172672816686 
2025-01-11 16:27:32,586 INFO: Epoch 320, Train Loss: 0.08122979022494149, Test Loss: 0.22810799043093408, Inverse Test Loss: 1.3455209732055664 
2025-01-11 16:27:35,227 INFO: Epoch 321, Train Loss: 0.07993074335636349, Test Loss: 0.22987240286810057, Inverse Test Loss: 1.4829818180629186 
2025-01-11 16:27:37,627 INFO: Epoch 322, Train Loss: 0.08405994962251515, Test Loss: 0.22759251296520233, Inverse Test Loss: 1.1605953489031111 
2025-01-11 16:27:40,071 INFO: Epoch 323, Train Loss: 0.08232572223615209, Test Loss: 0.22896434260266169, Inverse Test Loss: 1.3375640596662248 
2025-01-11 16:27:42,537 INFO: Epoch 324, Train Loss: 0.08216894322305644, Test Loss: 0.23294035185660636, Inverse Test Loss: 1.4971264430454798 
2025-01-11 16:27:45,047 INFO: Epoch 325, Train Loss: 0.08248970110755448, Test Loss: 0.22440972764577186, Inverse Test Loss: 1.2299473626273019 
2025-01-11 16:27:47,727 INFO: Epoch 326, Train Loss: 0.09643813373025405, Test Loss: 0.23869079085333006, Inverse Test Loss: 1.5411246163504464 
2025-01-11 16:27:50,273 INFO: Epoch 327, Train Loss: 0.09142569466194975, Test Loss: 0.2284206093422004, Inverse Test Loss: 1.4628102438790458 
2025-01-11 16:27:52,808 INFO: Epoch 328, Train Loss: 0.08419836421898745, Test Loss: 0.222165153494903, Inverse Test Loss: 1.3789606094360352 
2025-01-11 16:27:55,439 INFO: Epoch 329, Train Loss: 0.08232048851087553, Test Loss: 0.23338100633450917, Inverse Test Loss: 1.60409300667899 
2025-01-11 16:27:57,957 INFO: Epoch 330, Train Loss: 0.08206588918462805, Test Loss: 0.22996669156210764, Inverse Test Loss: 1.4837703704833984 
2025-01-11 16:28:00,541 INFO: Epoch 331, Train Loss: 0.08108258469525827, Test Loss: 0.2274292324270521, Inverse Test Loss: 1.448361533028739 
2025-01-11 16:28:03,142 INFO: Epoch 332, Train Loss: 0.08044440401803463, Test Loss: 0.22433185577392578, Inverse Test Loss: 1.2837460381644112 
2025-01-11 16:28:05,797 INFO: Epoch 333, Train Loss: 0.07858918720018973, Test Loss: 0.22712444886565208, Inverse Test Loss: 1.2607060841151647 
2025-01-11 16:28:08,267 INFO: Epoch 334, Train Loss: 0.08256413035709924, Test Loss: 0.23256077989935875, Inverse Test Loss: 1.546527317592076 
2025-01-11 16:28:10,812 INFO: Epoch 335, Train Loss: 0.08425298565571461, Test Loss: 0.22785672172904015, Inverse Test Loss: 1.6913723264421736 
2025-01-11 16:28:13,383 INFO: Epoch 336, Train Loss: 0.08226230757635668, Test Loss: 0.23325746612889425, Inverse Test Loss: 1.3452532632010323 
2025-01-11 16:28:15,972 INFO: Epoch 337, Train Loss: 0.08078828221614208, Test Loss: 0.23727125195520266, Inverse Test Loss: 1.8451965876988001 
2025-01-11 16:28:18,602 INFO: Epoch 338, Train Loss: 0.08279947933117184, Test Loss: 0.23291462872709548, Inverse Test Loss: 1.640463147844587 
2025-01-11 16:28:21,223 INFO: Epoch 339, Train Loss: 0.08042188843182467, Test Loss: 0.22974681002753122, Inverse Test Loss: 1.2643205097743444 
2025-01-11 16:28:23,871 INFO: Epoch 340, Train Loss: 0.0822597731827596, Test Loss: 0.23119983875325748, Inverse Test Loss: 1.2680252620152064 
2025-01-11 16:28:26,408 INFO: Epoch 341, Train Loss: 0.09622541391248003, Test Loss: 0.23393382717456138, Inverse Test Loss: 1.4584123066493444 
2025-01-11 16:28:29,062 INFO: Epoch 342, Train Loss: 0.08611973969761384, Test Loss: 0.23245283801640784, Inverse Test Loss: 1.6439382008143835 
2025-01-11 16:28:31,673 INFO: Epoch 343, Train Loss: 0.08732954009410439, Test Loss: 0.2305774119283472, Inverse Test Loss: 1.6113132749285017 
2025-01-11 16:28:34,233 INFO: Epoch 344, Train Loss: 0.09125722121071378, Test Loss: 0.2877893235002245, Inverse Test Loss: 3.0676065172467912 
2025-01-11 16:28:36,728 INFO: Epoch 345, Train Loss: 0.13131313702655495, Test Loss: 0.22891872695514134, Inverse Test Loss: 1.4113811765398299 
2025-01-11 16:28:39,203 INFO: Epoch 346, Train Loss: 0.08889468875500041, Test Loss: 0.23409953553761756, Inverse Test Loss: 1.3538029534476144 
2025-01-11 16:28:41,668 INFO: Epoch 347, Train Loss: 0.08314413522635031, Test Loss: 0.2303045807140214, Inverse Test Loss: 1.3026864188058036 
2025-01-11 16:28:44,118 INFO: Epoch 348, Train Loss: 0.08363109909066367, Test Loss: 0.23000858032277652, Inverse Test Loss: 1.1959484645298548 
2025-01-11 16:28:46,598 INFO: Epoch 349, Train Loss: 0.08646577582993639, Test Loss: 0.23666904653821672, Inverse Test Loss: 1.417553084237235 
2025-01-11 16:28:49,043 INFO: Epoch 350, Train Loss: 0.08062845017385045, Test Loss: 0.23080663542662347, Inverse Test Loss: 1.216055052621024 
2025-01-11 16:28:51,493 INFO: Epoch 351, Train Loss: 0.08022275669585674, Test Loss: 0.2330966591835022, Inverse Test Loss: 1.6907001222882951 
2025-01-11 16:28:53,936 INFO: Epoch 352, Train Loss: 0.07736127721060307, Test Loss: 0.22558758993233954, Inverse Test Loss: 1.465261731828962 
2025-01-11 16:28:56,411 INFO: Epoch 353, Train Loss: 0.07859018489445022, Test Loss: 0.2314774596265384, Inverse Test Loss: 1.5481831686837333 
2025-01-11 16:28:58,862 INFO: Epoch 354, Train Loss: 0.07738083976944653, Test Loss: 0.23610481460179603, Inverse Test Loss: 1.3570075716291154 
2025-01-11 16:29:01,338 INFO: Epoch 355, Train Loss: 0.0777216072818008, Test Loss: 0.23034173250198364, Inverse Test Loss: 1.4434505190168108 
2025-01-11 16:29:03,778 INFO: Epoch 356, Train Loss: 0.07516543813254856, Test Loss: 0.2331843993493489, Inverse Test Loss: 1.3936497824532645 
2025-01-11 16:29:06,218 INFO: Epoch 357, Train Loss: 0.07530934637019393, Test Loss: 0.23436192157013075, Inverse Test Loss: 1.1422645705086845 
2025-01-11 16:29:08,691 INFO: Epoch 358, Train Loss: 0.0842194226698591, Test Loss: 0.23078926652669907, Inverse Test Loss: 1.4453156335013253 
2025-01-11 16:29:11,129 INFO: Epoch 359, Train Loss: 0.08329111200953843, Test Loss: 0.23891461214848927, Inverse Test Loss: 1.6326983315604073 
2025-01-11 16:29:13,608 INFO: Epoch 360, Train Loss: 0.07778464223540157, Test Loss: 0.23735929120864188, Inverse Test Loss: 1.8677597045898438 
2025-01-11 16:29:16,020 INFO: Epoch 361, Train Loss: 0.08605568162208303, Test Loss: 0.2288398535123893, Inverse Test Loss: 1.4797062192644392 
2025-01-11 16:29:18,525 INFO: Epoch 362, Train Loss: 0.07946390409125101, Test Loss: 0.23676467527236258, Inverse Test Loss: 1.6248126711164201 
2025-01-11 16:29:21,004 INFO: Epoch 363, Train Loss: 0.0763488410878072, Test Loss: 0.224106741803033, Inverse Test Loss: 1.550698689052037 
2025-01-11 16:29:23,489 INFO: Epoch 364, Train Loss: 0.07735799550326593, Test Loss: 0.23806828845824515, Inverse Test Loss: 1.386810575212751 
2025-01-11 16:29:25,947 INFO: Epoch 365, Train Loss: 0.08006375973377752, Test Loss: 0.23345085286668368, Inverse Test Loss: 1.5118852342878069 
2025-01-11 16:29:28,369 INFO: Epoch 366, Train Loss: 0.07627112712335149, Test Loss: 0.23591658313359534, Inverse Test Loss: 1.7081952776227678 
2025-01-11 16:29:30,879 INFO: Epoch 367, Train Loss: 0.07352173605233157, Test Loss: 0.2346047716481345, Inverse Test Loss: 1.1964355196271623 
2025-01-11 16:29:33,384 INFO: Epoch 368, Train Loss: 0.07483215072969777, Test Loss: 0.22708989839468682, Inverse Test Loss: 1.164895875113351 
2025-01-11 16:29:35,809 INFO: Epoch 369, Train Loss: 0.07472211542889612, Test Loss: 0.23226446871246612, Inverse Test Loss: 1.3787693296160017 
2025-01-11 16:29:38,314 INFO: Epoch 370, Train Loss: 0.07305285765216984, Test Loss: 0.2285925123308386, Inverse Test Loss: 1.3471884046282088 
2025-01-11 16:29:40,779 INFO: Epoch 371, Train Loss: 0.07526750421715439, Test Loss: 0.23019946366548538, Inverse Test Loss: 1.4157150813511439 
2025-01-11 16:29:43,373 INFO: Epoch 372, Train Loss: 0.07344267137963838, Test Loss: 0.22947225613253458, Inverse Test Loss: 1.3970766067504883 
2025-01-11 16:29:46,041 INFO: Epoch 373, Train Loss: 0.07502971015392093, Test Loss: 0.22895529919437, Inverse Test Loss: 1.5202439171927316 
2025-01-11 16:29:48,575 INFO: Epoch 374, Train Loss: 0.08894211122202217, Test Loss: 0.2374201278601374, Inverse Test Loss: 1.4429439817156111 
2025-01-11 16:29:51,189 INFO: Epoch 375, Train Loss: 0.07720954189880179, Test Loss: 0.23112718069127627, Inverse Test Loss: 1.3887194224766322 
2025-01-11 16:29:53,835 INFO: Epoch 376, Train Loss: 0.07409336431584226, Test Loss: 0.22881620217646872, Inverse Test Loss: 1.1718459810529436 
2025-01-11 16:29:56,404 INFO: Epoch 377, Train Loss: 0.07288051147116434, Test Loss: 0.22494609813605035, Inverse Test Loss: 1.0967469896589006 
2025-01-11 16:29:58,989 INFO: Epoch 378, Train Loss: 0.07603487044299415, Test Loss: 0.22580124544245855, Inverse Test Loss: 1.236483437674386 
2025-01-11 16:30:01,500 INFO: Epoch 379, Train Loss: 0.08017612262329923, Test Loss: 0.22671147968087876, Inverse Test Loss: 1.3763004030500139 
2025-01-11 16:30:03,980 INFO: Epoch 380, Train Loss: 0.0740765162290783, Test Loss: 0.22730440593191556, Inverse Test Loss: 1.3467205592564173 
2025-01-11 16:30:06,452 INFO: Epoch 381, Train Loss: 0.07313147956214913, Test Loss: 0.22921917853610857, Inverse Test Loss: 1.0527095113481795 
2025-01-11 16:30:09,003 INFO: Epoch 382, Train Loss: 0.07354563160226979, Test Loss: 0.23240252371345246, Inverse Test Loss: 1.3796155112130302 
2025-01-11 16:30:11,536 INFO: Epoch 383, Train Loss: 0.07395796269315098, Test Loss: 0.22878660101975715, Inverse Test Loss: 1.319795880998884 
2025-01-11 16:30:14,045 INFO: Epoch 384, Train Loss: 0.07510547028905755, Test Loss: 0.2331553782735552, Inverse Test Loss: 1.2518063953944616 
2025-01-11 16:30:16,535 INFO: Epoch 385, Train Loss: 0.08136078961398624, Test Loss: 0.23310516881091253, Inverse Test Loss: 1.5834251131330217 
2025-01-11 16:30:19,020 INFO: Epoch 386, Train Loss: 0.07820393134831288, Test Loss: 0.2303087136575154, Inverse Test Loss: 1.379490579877581 
2025-01-11 16:30:21,507 INFO: Epoch 387, Train Loss: 0.07528031651580006, Test Loss: 0.23061086609959602, Inverse Test Loss: 1.3645933696201868 
2025-01-11 16:30:23,986 INFO: Epoch 388, Train Loss: 0.0727941852849011, Test Loss: 0.23083149003131048, Inverse Test Loss: 1.4381505421229772 
2025-01-11 16:30:26,431 INFO: Epoch 389, Train Loss: 0.0699524693874591, Test Loss: 0.2295114296887602, Inverse Test Loss: 1.5554091589791434 
2025-01-11 16:30:28,980 INFO: Epoch 390, Train Loss: 0.0710017503401555, Test Loss: 0.235479402754988, Inverse Test Loss: 1.3380020686558314 
2025-01-11 16:30:31,455 INFO: Epoch 391, Train Loss: 0.07124749584755766, Test Loss: 0.230271793369736, Inverse Test Loss: 1.5068093708583288 
2025-01-11 16:30:33,893 INFO: Epoch 392, Train Loss: 0.07043363605070552, Test Loss: 0.22774846053549222, Inverse Test Loss: 1.3514340264456612 
2025-01-11 16:30:36,352 INFO: Epoch 393, Train Loss: 0.0716736526527536, Test Loss: 0.2314642183482647, Inverse Test Loss: 1.5626275198800224 
2025-01-11 16:30:38,990 INFO: Epoch 394, Train Loss: 0.07104737998558841, Test Loss: 0.23283521405288152, Inverse Test Loss: 1.521993909563337 
2025-01-11 16:30:41,770 INFO: Epoch 395, Train Loss: 0.06982883301760079, Test Loss: 0.22811494608010566, Inverse Test Loss: 1.3705238614763533 
2025-01-11 16:30:44,372 INFO: Epoch 396, Train Loss: 0.09487112652544581, Test Loss: 0.24137563205191068, Inverse Test Loss: 1.6846681322370256 
2025-01-11 16:30:46,939 INFO: Epoch 397, Train Loss: 0.10560673529948664, Test Loss: 0.23397023337227957, Inverse Test Loss: 1.7796077728271484 
2025-01-11 16:30:49,429 INFO: Epoch 398, Train Loss: 0.09360120206251057, Test Loss: 0.23628016774143493, Inverse Test Loss: 1.8831423350742884 
2025-01-11 16:30:51,921 INFO: Epoch 399, Train Loss: 0.08702720281317694, Test Loss: 0.22903604113629886, Inverse Test Loss: 1.6477779660906111 
2025-01-11 16:30:54,435 INFO: Epoch 400, Train Loss: 0.07682646930627866, Test Loss: 0.24035802802869252, Inverse Test Loss: 2.0769638334001814 
2025-01-11 16:30:54,435 INFO: Best Epoch 101, Best Test Loss: 0.20189200980322702 
2025-01-11 16:30:56,915 INFO: Epoch 401, Train Loss: 0.09574189153286296, Test Loss: 0.2597647202866418, Inverse Test Loss: 2.2650740487234935 
2025-01-11 16:30:59,411 INFO: Epoch 402, Train Loss: 0.09545025550717608, Test Loss: 0.24002258798905782, Inverse Test Loss: 1.7289607184273856 
2025-01-11 16:31:01,871 INFO: Epoch 403, Train Loss: 0.08096148343671353, Test Loss: 0.23964454446520125, Inverse Test Loss: 2.149883134024484 
2025-01-11 16:31:04,322 INFO: Epoch 404, Train Loss: 0.07595654604358411, Test Loss: 0.2337421327829361, Inverse Test Loss: 1.5962520326886858 
2025-01-11 16:31:06,873 INFO: Epoch 405, Train Loss: 0.07075715799807408, Test Loss: 0.24078173509665898, Inverse Test Loss: 1.857198715209961 
2025-01-11 16:31:09,243 INFO: Epoch 406, Train Loss: 0.07039582144913323, Test Loss: 0.23366797608988626, Inverse Test Loss: 1.9205421720232283 
2025-01-11 16:31:11,731 INFO: Epoch 407, Train Loss: 0.07417358980949866, Test Loss: 0.23605003580451012, Inverse Test Loss: 1.4100428989955358 
2025-01-11 16:31:14,198 INFO: Epoch 408, Train Loss: 0.07018771087494466, Test Loss: 0.23270269696201598, Inverse Test Loss: 1.6573494502476283 
2025-01-11 16:31:16,721 INFO: Epoch 409, Train Loss: 0.06867682322039517, Test Loss: 0.23011058302862303, Inverse Test Loss: 1.2386966432843889 
2025-01-11 16:31:19,266 INFO: Epoch 410, Train Loss: 0.06787514700255262, Test Loss: 0.23473124206066132, Inverse Test Loss: 1.3312395640781947 
2025-01-11 16:31:21,834 INFO: Epoch 411, Train Loss: 0.071367793742123, Test Loss: 0.2312533658530031, Inverse Test Loss: 1.4960876192365373 
2025-01-11 16:31:24,279 INFO: Epoch 412, Train Loss: 0.06872591389975416, Test Loss: 0.24940147623419762, Inverse Test Loss: 2.632825034005301 
2025-01-11 16:31:26,773 INFO: Epoch 413, Train Loss: 0.06801326579730445, Test Loss: 0.23370774888566562, Inverse Test Loss: 1.9148082733154297 
2025-01-11 16:31:29,275 INFO: Epoch 414, Train Loss: 0.06707433621407649, Test Loss: 0.23610848294837133, Inverse Test Loss: 1.8164787292480469 
2025-01-11 16:31:31,997 INFO: Epoch 415, Train Loss: 0.06724790189791163, Test Loss: 0.23059417147721564, Inverse Test Loss: 1.6335904257638114 
2025-01-11 16:31:34,576 INFO: Epoch 416, Train Loss: 0.06732984468204166, Test Loss: 0.23046837321349553, Inverse Test Loss: 1.7956280027117049 
2025-01-11 16:31:37,236 INFO: Epoch 417, Train Loss: 0.06613638293032252, Test Loss: 0.23394272050687245, Inverse Test Loss: 1.5590647288731165 
2025-01-11 16:31:39,957 INFO: Epoch 418, Train Loss: 0.06834659305050833, Test Loss: 0.23317067804081099, Inverse Test Loss: 1.7363699504307337 
2025-01-11 16:31:42,611 INFO: Epoch 419, Train Loss: 0.06667417872252815, Test Loss: 0.23236228844949178, Inverse Test Loss: 1.5651706968035017 
2025-01-11 16:31:45,164 INFO: Epoch 420, Train Loss: 0.07169729351587252, Test Loss: 0.23770437868578093, Inverse Test Loss: 1.9800312859671456 
2025-01-11 16:31:47,701 INFO: Epoch 421, Train Loss: 0.07125145798429437, Test Loss: 0.2328238614967891, Inverse Test Loss: 1.518984113420759 
2025-01-11 16:31:50,233 INFO: Epoch 422, Train Loss: 0.06784022831862126, Test Loss: 0.23197525207485473, Inverse Test Loss: 2.015303203037807 
2025-01-11 16:31:52,770 INFO: Epoch 423, Train Loss: 0.06846703835036777, Test Loss: 0.2346986766372408, Inverse Test Loss: 1.7792728969029017 
2025-01-11 16:31:55,259 INFO: Epoch 424, Train Loss: 0.06945224632637216, Test Loss: 0.23066575984869683, Inverse Test Loss: 1.4839248657226562 
2025-01-11 16:31:57,822 INFO: Epoch 425, Train Loss: 0.07078153903194524, Test Loss: 0.23807162206087792, Inverse Test Loss: 1.714303697858538 
2025-01-11 16:32:00,629 INFO: Epoch 426, Train Loss: 0.06780663488108084, Test Loss: 0.23118955216237477, Inverse Test Loss: 1.7596703938075475 
2025-01-11 16:32:03,330 INFO: Epoch 427, Train Loss: 0.06403293952755972, Test Loss: 0.23383689937847002, Inverse Test Loss: 1.8288187299455916 
2025-01-11 16:32:05,947 INFO: Epoch 428, Train Loss: 0.0680610279151059, Test Loss: 0.2323351034096309, Inverse Test Loss: 2.156430108206613 
2025-01-11 16:32:08,565 INFO: Epoch 429, Train Loss: 0.06652236952010644, Test Loss: 0.22781179898551532, Inverse Test Loss: 1.5901850291660853 
2025-01-11 16:32:11,076 INFO: Epoch 430, Train Loss: 0.0652653903726044, Test Loss: 0.22975036395447596, Inverse Test Loss: 1.8917173658098494 
2025-01-11 16:32:13,637 INFO: Epoch 431, Train Loss: 0.08088989015839515, Test Loss: 0.24262548184820584, Inverse Test Loss: 1.8797709601266044 
2025-01-11 16:32:16,160 INFO: Epoch 432, Train Loss: 0.07333769946606881, Test Loss: 0.23441446891852788, Inverse Test Loss: 1.918208122253418 
2025-01-11 16:32:18,864 INFO: Epoch 433, Train Loss: 0.07008387469643847, Test Loss: 0.2344356184559209, Inverse Test Loss: 1.4377143042428153 
2025-01-11 16:32:21,594 INFO: Epoch 434, Train Loss: 0.06684269944052083, Test Loss: 0.23601937400443213, Inverse Test Loss: 1.626605715070452 
2025-01-11 16:32:24,252 INFO: Epoch 435, Train Loss: 0.06599991795940137, Test Loss: 0.23619642268334115, Inverse Test Loss: 1.7773231778826033 
2025-01-11 16:32:27,012 INFO: Epoch 436, Train Loss: 0.06541188837054672, Test Loss: 0.2380492820271424, Inverse Test Loss: 2.1086715970720564 
2025-01-11 16:32:29,645 INFO: Epoch 437, Train Loss: 0.08324312018828654, Test Loss: 0.24472604851637567, Inverse Test Loss: 1.8785663332257951 
2025-01-11 16:32:32,261 INFO: Epoch 438, Train Loss: 0.08429196388076204, Test Loss: 0.2341431544295379, Inverse Test Loss: 1.6909407206944056 
2025-01-11 16:32:34,937 INFO: Epoch 439, Train Loss: 0.06972123528702544, Test Loss: 0.22758078575134277, Inverse Test Loss: 1.7402654375348772 
2025-01-11 16:32:37,577 INFO: Epoch 440, Train Loss: 0.0667057094770834, Test Loss: 0.2314676269888878, Inverse Test Loss: 1.7310353687831335 
2025-01-11 16:32:40,200 INFO: Epoch 441, Train Loss: 0.06625738798068204, Test Loss: 0.23924246909362928, Inverse Test Loss: 2.0163775852748325 
2025-01-11 16:32:42,834 INFO: Epoch 442, Train Loss: 0.06821906443582762, Test Loss: 0.2334890982934407, Inverse Test Loss: 1.765878132411412 
2025-01-11 16:32:45,353 INFO: Epoch 443, Train Loss: 0.06482085383950023, Test Loss: 0.23162495930280005, Inverse Test Loss: 1.8790631975446428 
2025-01-11 16:32:47,887 INFO: Epoch 444, Train Loss: 0.06665411294190161, Test Loss: 0.23057766684464046, Inverse Test Loss: 1.980125563485282 
2025-01-11 16:32:50,385 INFO: Epoch 445, Train Loss: 0.07581475985432984, Test Loss: 0.23253497268472398, Inverse Test Loss: 1.5519721167428153 
2025-01-11 16:32:52,955 INFO: Epoch 446, Train Loss: 0.08567580057803643, Test Loss: 0.23170508444309235, Inverse Test Loss: 1.8582265036446708 
2025-01-11 16:32:55,488 INFO: Epoch 447, Train Loss: 0.08342544061191585, Test Loss: 0.23445781267115048, Inverse Test Loss: 1.3415916987827845 
2025-01-11 16:32:58,110 INFO: Epoch 448, Train Loss: 0.07734614203965992, Test Loss: 0.23269087821245193, Inverse Test Loss: 1.755147933959961 
2025-01-11 16:33:00,639 INFO: Epoch 449, Train Loss: 0.06603693845895452, Test Loss: 0.22859755690608705, Inverse Test Loss: 1.5826805659702845 
2025-01-11 16:33:03,171 INFO: Epoch 450, Train Loss: 0.06362003026478881, Test Loss: 0.2295242143528802, Inverse Test Loss: 1.8179220472063338 
2025-01-11 16:33:05,659 INFO: Epoch 451, Train Loss: 0.06441617579361715, Test Loss: 0.22961743229201861, Inverse Test Loss: 1.3762495858328683 
2025-01-11 16:33:08,177 INFO: Epoch 452, Train Loss: 0.06467983027527091, Test Loss: 0.22574337784733092, Inverse Test Loss: 1.6303512028285436 
2025-01-11 16:33:10,689 INFO: Epoch 453, Train Loss: 0.06288587869307317, Test Loss: 0.22758377662726811, Inverse Test Loss: 1.8968182972499303 
2025-01-11 16:33:13,191 INFO: Epoch 454, Train Loss: 0.06500521869560995, Test Loss: 0.2354338121201311, Inverse Test Loss: 2.157906941005162 
2025-01-11 16:33:15,707 INFO: Epoch 455, Train Loss: 0.06070279504317756, Test Loss: 0.23446581299815858, Inverse Test Loss: 1.983119283403669 
2025-01-11 16:33:18,255 INFO: Epoch 456, Train Loss: 0.06101984219676858, Test Loss: 0.23151343102966035, Inverse Test Loss: 2.0984584263392856 
2025-01-11 16:33:20,796 INFO: Epoch 457, Train Loss: 0.061898663059013696, Test Loss: 0.23048896874700273, Inverse Test Loss: 2.080929756164551 
2025-01-11 16:33:23,304 INFO: Epoch 458, Train Loss: 0.061827606666798984, Test Loss: 0.2316484254385744, Inverse Test Loss: 1.6549429212297713 
2025-01-11 16:33:25,936 INFO: Epoch 459, Train Loss: 0.060683392193339285, Test Loss: 0.2324857972562313, Inverse Test Loss: 1.9484103066580636 
2025-01-11 16:33:28,570 INFO: Epoch 460, Train Loss: 0.06105770782456486, Test Loss: 0.23378200083971024, Inverse Test Loss: 1.8095318930489677 
2025-01-11 16:33:31,284 INFO: Epoch 461, Train Loss: 0.06029518040905305, Test Loss: 0.23403716725962503, Inverse Test Loss: 1.9883417401994978 
2025-01-11 16:33:33,882 INFO: Epoch 462, Train Loss: 0.060432763787311154, Test Loss: 0.23295056926352636, Inverse Test Loss: 2.0568136487688338 
2025-01-11 16:33:36,609 INFO: Epoch 463, Train Loss: 0.06026350570107819, Test Loss: 0.23363204140748298, Inverse Test Loss: 1.8315658569335938 
2025-01-11 16:33:39,174 INFO: Epoch 464, Train Loss: 0.05983024387868172, Test Loss: 0.23348095001918928, Inverse Test Loss: 2.382678985595703 
2025-01-11 16:33:41,774 INFO: Epoch 465, Train Loss: 0.060304026059601286, Test Loss: 0.23478507516639574, Inverse Test Loss: 1.7755061558314733 
2025-01-11 16:33:44,444 INFO: Epoch 466, Train Loss: 0.061501744348521625, Test Loss: 0.23173227214387485, Inverse Test Loss: 1.841005597795759 
2025-01-11 16:33:47,092 INFO: Epoch 467, Train Loss: 0.060919651949624405, Test Loss: 0.2328291748251234, Inverse Test Loss: 1.9750107356480189 
2025-01-11 16:33:49,881 INFO: Epoch 468, Train Loss: 0.06069734784851381, Test Loss: 0.23595120598162925, Inverse Test Loss: 1.9374799728393555 
2025-01-11 16:33:52,498 INFO: Epoch 469, Train Loss: 0.059789696964648885, Test Loss: 0.23365006436194694, Inverse Test Loss: 1.771843365260533 
2025-01-11 16:33:55,009 INFO: Epoch 470, Train Loss: 0.06073361922294722, Test Loss: 0.23074963901724135, Inverse Test Loss: 1.682852336338588 
2025-01-11 16:33:57,512 INFO: Epoch 471, Train Loss: 0.0615390604789104, Test Loss: 0.23568845966032573, Inverse Test Loss: 2.015274320329939 
2025-01-11 16:34:00,039 INFO: Epoch 472, Train Loss: 0.07054527814781994, Test Loss: 0.23445866097296988, Inverse Test Loss: 1.5425826481410436 
2025-01-11 16:34:02,561 INFO: Epoch 473, Train Loss: 0.07100178431206887, Test Loss: 0.2345663889178208, Inverse Test Loss: 2.324792044503348 
2025-01-11 16:34:05,084 INFO: Epoch 474, Train Loss: 0.06421315981023902, Test Loss: 0.23037940050874436, Inverse Test Loss: 1.680776596069336 
2025-01-11 16:34:07,602 INFO: Epoch 475, Train Loss: 0.06467201427445499, Test Loss: 0.23557518688695772, Inverse Test Loss: 2.276705741882324 
2025-01-11 16:34:10,226 INFO: Epoch 476, Train Loss: 0.06903170613110612, Test Loss: 0.23752996112619126, Inverse Test Loss: 2.445374080113002 
2025-01-11 16:34:12,904 INFO: Epoch 477, Train Loss: 0.07149607325912616, Test Loss: 0.23379968159965106, Inverse Test Loss: 1.5071075984409876 
2025-01-11 16:34:15,441 INFO: Epoch 478, Train Loss: 0.08056935384322744, Test Loss: 0.23845871804015978, Inverse Test Loss: 2.137017250061035 
2025-01-11 16:34:17,911 INFO: Epoch 479, Train Loss: 0.07022693589193012, Test Loss: 0.2304517701268196, Inverse Test Loss: 1.6535805293491908 
2025-01-11 16:34:20,441 INFO: Epoch 480, Train Loss: 0.0634483472196334, Test Loss: 0.23397237275327956, Inverse Test Loss: 1.6261104856218611 
2025-01-11 16:34:22,967 INFO: Epoch 481, Train Loss: 0.0634575500537496, Test Loss: 0.22824037394353322, Inverse Test Loss: 1.3753290176391602 
2025-01-11 16:34:25,463 INFO: Epoch 482, Train Loss: 0.06173441029333193, Test Loss: 0.22449201877628053, Inverse Test Loss: 1.543313435145787 
2025-01-11 16:34:27,992 INFO: Epoch 483, Train Loss: 0.061214436016498355, Test Loss: 0.23245020689708845, Inverse Test Loss: 1.7823234285627092 
2025-01-11 16:34:30,494 INFO: Epoch 484, Train Loss: 0.061510608454636476, Test Loss: 0.23022412189415523, Inverse Test Loss: 1.746917997087751 
2025-01-11 16:34:33,172 INFO: Epoch 485, Train Loss: 0.05949308466883974, Test Loss: 0.23491918721369334, Inverse Test Loss: 2.106220381600516 
2025-01-11 16:34:35,659 INFO: Epoch 486, Train Loss: 0.06089542314000086, Test Loss: 0.23105153228555406, Inverse Test Loss: 1.6552227565220423 
2025-01-11 16:34:38,211 INFO: Epoch 487, Train Loss: 0.06010833502225919, Test Loss: 0.2337122250880514, Inverse Test Loss: 2.3385704585484097 
2025-01-11 16:34:40,760 INFO: Epoch 488, Train Loss: 0.060745158087496365, Test Loss: 0.23546687300716126, Inverse Test Loss: 2.0055550166538785 
2025-01-11 16:34:43,324 INFO: Epoch 489, Train Loss: 0.05895292697423095, Test Loss: 0.23539113625884056, Inverse Test Loss: 2.2313236509050642 
2025-01-11 16:34:45,865 INFO: Epoch 490, Train Loss: 0.05925236543247459, Test Loss: 0.23420997549380576, Inverse Test Loss: 2.378319876534598 
2025-01-11 16:34:48,371 INFO: Epoch 491, Train Loss: 0.05918922733276262, Test Loss: 0.23143923708370753, Inverse Test Loss: 2.3026534489222934 
2025-01-11 16:34:50,918 INFO: Epoch 492, Train Loss: 0.057166377680564144, Test Loss: 0.2342016792723111, Inverse Test Loss: 1.9682866505214147 
2025-01-11 16:34:53,441 INFO: Epoch 493, Train Loss: 0.05970710639013063, Test Loss: 0.2303414594914232, Inverse Test Loss: 2.1099676404680525 
2025-01-11 16:34:55,939 INFO: Epoch 494, Train Loss: 0.057060402672772015, Test Loss: 0.2320109201329095, Inverse Test Loss: 1.872556550162179 
2025-01-11 16:34:58,441 INFO: Epoch 495, Train Loss: 0.0573653028167169, Test Loss: 0.2279792981488364, Inverse Test Loss: 1.7930826459612166 
2025-01-11 16:35:00,944 INFO: Epoch 496, Train Loss: 0.06390409000696393, Test Loss: 0.23541111179760524, Inverse Test Loss: 1.7401291983468192 
2025-01-11 16:35:03,456 INFO: Epoch 497, Train Loss: 0.06030000271190197, Test Loss: 0.23351732002837317, Inverse Test Loss: 1.7928199768066406 
2025-01-11 16:35:05,931 INFO: Epoch 498, Train Loss: 0.062200289014555994, Test Loss: 0.23481425483311927, Inverse Test Loss: 1.6979619434901647 
2025-01-11 16:35:08,429 INFO: Epoch 499, Train Loss: 0.05915588947064286, Test Loss: 0.23820633813738823, Inverse Test Loss: 1.896188191005162 
2025-01-11 16:35:10,951 INFO: Epoch 500, Train Loss: 0.05734421558883212, Test Loss: 0.23638291018349783, Inverse Test Loss: 2.0031734194074358 
2025-01-11 16:35:10,952 INFO: Best Epoch 101, Best Test Loss: 0.20189200980322702 
