2025-01-09 14:54:19,006 INFO: namespace(depth=2, grid_size=3, name='KAN', spline_order=5) 
2025-01-09 14:54:19,006 INFO: Dataset:winequality 
2025-01-09 14:54:19,006 INFO: ------Begin Training Model------ 
2025-01-09 14:54:21,030 INFO: Epoch 1, Train Loss: 0.9922586890958971, Test Loss: 0.9501445889472961, Inverse Test Loss: 0.08762594312429428 
2025-01-09 14:54:21,216 INFO: Epoch 2, Train Loss: 0.9451356030279591, Test Loss: 0.906670406460762, Inverse Test Loss: 0.08341120183467865 
2025-01-09 14:54:21,403 INFO: Epoch 3, Train Loss: 0.9051373658641693, Test Loss: 0.8705984428524971, Inverse Test Loss: 0.08097531646490097 
2025-01-09 14:54:21,587 INFO: Epoch 4, Train Loss: 0.8696423307541878, Test Loss: 0.8446596637368202, Inverse Test Loss: 0.07971285283565521 
2025-01-09 14:54:21,769 INFO: Epoch 5, Train Loss: 0.8435154980228793, Test Loss: 0.8300638943910599, Inverse Test Loss: 0.07942087203264236 
2025-01-09 14:54:21,957 INFO: Epoch 6, Train Loss: 0.8237005452955922, Test Loss: 0.8229677453637123, Inverse Test Loss: 0.07949019223451614 
2025-01-09 14:54:22,145 INFO: Epoch 7, Train Loss: 0.8171556899624486, Test Loss: 0.8168184757232666, Inverse Test Loss: 0.07908333837985992 
2025-01-09 14:54:22,330 INFO: Epoch 8, Train Loss: 0.8065755617234015, Test Loss: 0.8133310452103615, Inverse Test Loss: 0.07848723232746124 
2025-01-09 14:54:22,512 INFO: Epoch 9, Train Loss: 0.8033062854120808, Test Loss: 0.8095662146806717, Inverse Test Loss: 0.07821860909461975 
2025-01-09 14:54:22,694 INFO: Epoch 10, Train Loss: 0.7992583609396412, Test Loss: 0.8060444071888924, Inverse Test Loss: 0.07772890478372574 
2025-01-09 14:54:22,878 INFO: Epoch 11, Train Loss: 0.796001540076348, Test Loss: 0.8054969161748886, Inverse Test Loss: 0.07762764394283295 
2025-01-09 14:54:23,062 INFO: Epoch 12, Train Loss: 0.7929564849022896, Test Loss: 0.803013026714325, Inverse Test Loss: 0.07672057300806046 
2025-01-09 14:54:23,247 INFO: Epoch 13, Train Loss: 0.7887077158497225, Test Loss: 0.8002950623631477, Inverse Test Loss: 0.07705965638160706 
2025-01-09 14:54:23,427 INFO: Epoch 14, Train Loss: 0.7870455576527503, Test Loss: 0.7996129468083382, Inverse Test Loss: 0.07673587650060654 
2025-01-09 14:54:23,612 INFO: Epoch 15, Train Loss: 0.7871920658696082, Test Loss: 0.7985660433769226, Inverse Test Loss: 0.07643066346645355 
2025-01-09 14:54:23,800 INFO: Epoch 16, Train Loss: 0.7826529202922698, Test Loss: 0.7965460047125816, Inverse Test Loss: 0.0757519081234932 
2025-01-09 14:54:23,987 INFO: Epoch 17, Train Loss: 0.7821007793949496, Test Loss: 0.7944396659731865, Inverse Test Loss: 0.07578868418931961 
2025-01-09 14:54:24,168 INFO: Epoch 18, Train Loss: 0.7817002688684771, Test Loss: 0.7944833189249039, Inverse Test Loss: 0.07560387998819351 
2025-01-09 14:54:24,357 INFO: Epoch 19, Train Loss: 0.7800084237129458, Test Loss: 0.7918259873986244, Inverse Test Loss: 0.07552759349346161 
2025-01-09 14:54:24,543 INFO: Epoch 20, Train Loss: 0.7785783794618422, Test Loss: 0.7926990911364555, Inverse Test Loss: 0.07563821971416473 
2025-01-09 14:54:24,734 INFO: Epoch 21, Train Loss: 0.774190693132339, Test Loss: 0.7900374457240105, Inverse Test Loss: 0.07527513056993484 
2025-01-09 14:54:24,920 INFO: Epoch 22, Train Loss: 0.774438984932438, Test Loss: 0.7896860092878342, Inverse Test Loss: 0.07502904534339905 
2025-01-09 14:54:25,104 INFO: Epoch 23, Train Loss: 0.771820193336856, Test Loss: 0.790876179933548, Inverse Test Loss: 0.07443591952323914 
2025-01-09 14:54:25,288 INFO: Epoch 24, Train Loss: 0.7732961158598622, Test Loss: 0.7874542996287346, Inverse Test Loss: 0.0749998390674591 
2025-01-09 14:54:25,471 INFO: Epoch 25, Train Loss: 0.7678481878772858, Test Loss: 0.787122443318367, Inverse Test Loss: 0.07418110966682434 
2025-01-09 14:54:25,660 INFO: Epoch 26, Train Loss: 0.768082982109439, Test Loss: 0.786083534359932, Inverse Test Loss: 0.07451356947422028 
2025-01-09 14:54:25,849 INFO: Epoch 27, Train Loss: 0.7676457551217848, Test Loss: 0.7855015024542809, Inverse Test Loss: 0.07392273098230362 
2025-01-09 14:54:26,030 INFO: Epoch 28, Train Loss: 0.7636959110536883, Test Loss: 0.7852587029337883, Inverse Test Loss: 0.0741625651717186 
2025-01-09 14:54:26,215 INFO: Epoch 29, Train Loss: 0.7647293017756555, Test Loss: 0.7834191918373108, Inverse Test Loss: 0.07377258688211441 
2025-01-09 14:54:26,396 INFO: Epoch 30, Train Loss: 0.7633385754400684, Test Loss: 0.7833240628242493, Inverse Test Loss: 0.0742960274219513 
2025-01-09 14:54:26,587 INFO: Epoch 31, Train Loss: 0.7600238553939327, Test Loss: 0.7826260253787041, Inverse Test Loss: 0.07274018973112106 
2025-01-09 14:54:26,771 INFO: Epoch 32, Train Loss: 0.7603122245880866, Test Loss: 0.7823095172643661, Inverse Test Loss: 0.0727614238858223 
2025-01-09 14:54:26,957 INFO: Epoch 33, Train Loss: 0.7604143350355087, Test Loss: 0.7829701751470566, Inverse Test Loss: 0.0725545734167099 
2025-01-09 14:54:27,145 INFO: Epoch 34, Train Loss: 0.7566514303607326, Test Loss: 0.7812305092811584, Inverse Test Loss: 0.07238849997520447 
2025-01-09 14:54:27,329 INFO: Epoch 35, Train Loss: 0.7564365056253248, Test Loss: 0.7792681157588959, Inverse Test Loss: 0.07277288287878036 
2025-01-09 14:54:27,511 INFO: Epoch 36, Train Loss: 0.7552238125954905, Test Loss: 0.7803055793046951, Inverse Test Loss: 0.07243658602237701 
2025-01-09 14:54:27,702 INFO: Epoch 37, Train Loss: 0.7539087610860025, Test Loss: 0.7789207100868225, Inverse Test Loss: 0.07203321903944016 
2025-01-09 14:54:27,884 INFO: Epoch 38, Train Loss: 0.7509882142466884, Test Loss: 0.7791116535663605, Inverse Test Loss: 0.07183162122964859 
2025-01-09 14:54:28,079 INFO: Epoch 39, Train Loss: 0.7500735925089929, Test Loss: 0.7791345119476318, Inverse Test Loss: 0.07159428298473358 
2025-01-09 14:54:28,269 INFO: Epoch 40, Train Loss: 0.7505799435800121, Test Loss: 0.7776180878281593, Inverse Test Loss: 0.07180600613355637 
2025-01-09 14:54:28,458 INFO: Epoch 41, Train Loss: 0.7481430269056751, Test Loss: 0.7771456763148308, Inverse Test Loss: 0.07138831913471222 
2025-01-09 14:54:28,637 INFO: Epoch 42, Train Loss: 0.7475008253128298, Test Loss: 0.7762949913740158, Inverse Test Loss: 0.07174864411354065 
2025-01-09 14:54:28,824 INFO: Epoch 43, Train Loss: 0.7476810024630639, Test Loss: 0.7755355536937714, Inverse Test Loss: 0.07172314077615738 
2025-01-09 14:54:29,004 INFO: Epoch 44, Train Loss: 0.7463526360450252, Test Loss: 0.7765519917011261, Inverse Test Loss: 0.07183795422315598 
2025-01-09 14:54:29,192 INFO: Epoch 45, Train Loss: 0.7431956395026176, Test Loss: 0.7738854065537453, Inverse Test Loss: 0.0716027170419693 
2025-01-09 14:54:29,373 INFO: Epoch 46, Train Loss: 0.7453523451282132, Test Loss: 0.7768203839659691, Inverse Test Loss: 0.07057394832372665 
2025-01-09 14:54:29,557 INFO: Epoch 47, Train Loss: 0.7416288314327117, Test Loss: 0.7740646973252296, Inverse Test Loss: 0.0714004635810852 
2025-01-09 14:54:29,740 INFO: Epoch 48, Train Loss: 0.7388327544735324, Test Loss: 0.7727232277393341, Inverse Test Loss: 0.0716119185090065 
2025-01-09 14:54:29,923 INFO: Epoch 49, Train Loss: 0.7422188308931166, Test Loss: 0.7732649967074394, Inverse Test Loss: 0.0722595751285553 
2025-01-09 14:54:30,102 INFO: Epoch 50, Train Loss: 0.7392601101629196, Test Loss: 0.7727156803011894, Inverse Test Loss: 0.07142151147127151 
2025-01-09 14:54:30,287 INFO: Epoch 51, Train Loss: 0.7390162137246901, Test Loss: 0.7718289867043495, Inverse Test Loss: 0.0720827654004097 
2025-01-09 14:54:30,475 INFO: Epoch 52, Train Loss: 0.7400899510229787, Test Loss: 0.7710935547947884, Inverse Test Loss: 0.0716216042637825 
2025-01-09 14:54:30,665 INFO: Epoch 53, Train Loss: 0.7373756131818218, Test Loss: 0.7701251730322838, Inverse Test Loss: 0.07141060382127762 
2025-01-09 14:54:30,846 INFO: Epoch 54, Train Loss: 0.7371369023476878, Test Loss: 0.7705732062458992, Inverse Test Loss: 0.07109174877405167 
2025-01-09 14:54:31,037 INFO: Epoch 55, Train Loss: 0.7350260807621863, Test Loss: 0.7691475823521614, Inverse Test Loss: 0.07217921316623688 
2025-01-09 14:54:31,221 INFO: Epoch 56, Train Loss: 0.7356734295045176, Test Loss: 0.7678014561533928, Inverse Test Loss: 0.07163000851869583 
2025-01-09 14:54:31,404 INFO: Epoch 57, Train Loss: 0.7346178831592682, Test Loss: 0.7686576321721077, Inverse Test Loss: 0.07091017067432404 
2025-01-09 14:54:31,588 INFO: Epoch 58, Train Loss: 0.7343937389312252, Test Loss: 0.767351895570755, Inverse Test Loss: 0.07127244025468826 
2025-01-09 14:54:31,777 INFO: Epoch 59, Train Loss: 0.7309352563273522, Test Loss: 0.7671922445297241, Inverse Test Loss: 0.07197441160678864 
2025-01-09 14:54:31,955 INFO: Epoch 60, Train Loss: 0.7331236331693588, Test Loss: 0.7673685699701309, Inverse Test Loss: 0.07150879502296448 
2025-01-09 14:54:32,139 INFO: Epoch 61, Train Loss: 0.7299653407066099, Test Loss: 0.7659199684858322, Inverse Test Loss: 0.07161877304315567 
2025-01-09 14:54:32,329 INFO: Epoch 62, Train Loss: 0.7300306597063618, Test Loss: 0.7654160931706429, Inverse Test Loss: 0.0718308687210083 
2025-01-09 14:54:32,514 INFO: Epoch 63, Train Loss: 0.73039928367061, Test Loss: 0.7661184892058372, Inverse Test Loss: 0.07250655442476273 
2025-01-09 14:54:32,697 INFO: Epoch 64, Train Loss: 0.728373606358805, Test Loss: 0.7653707936406136, Inverse Test Loss: 0.07206299901008606 
2025-01-09 14:54:32,891 INFO: Epoch 65, Train Loss: 0.7288308066706504, Test Loss: 0.764502190053463, Inverse Test Loss: 0.07142186164855957 
2025-01-09 14:54:33,072 INFO: Epoch 66, Train Loss: 0.7276691486758571, Test Loss: 0.7644027397036552, Inverse Test Loss: 0.0722067803144455 
2025-01-09 14:54:33,261 INFO: Epoch 67, Train Loss: 0.7264790188881659, Test Loss: 0.7630209103226662, Inverse Test Loss: 0.07173459231853485 
2025-01-09 14:54:33,457 INFO: Epoch 68, Train Loss: 0.7235900567423913, Test Loss: 0.7643184065818787, Inverse Test Loss: 0.0721363052725792 
2025-01-09 14:54:33,639 INFO: Epoch 69, Train Loss: 0.7240529752546742, Test Loss: 0.7639984339475632, Inverse Test Loss: 0.07209346443414688 
2025-01-09 14:54:33,819 INFO: Epoch 70, Train Loss: 0.7246061544264516, Test Loss: 0.7635257989168167, Inverse Test Loss: 0.07257778942584991 
2025-01-09 14:54:34,005 INFO: Epoch 71, Train Loss: 0.7221001175142103, Test Loss: 0.7622450739145279, Inverse Test Loss: 0.07275354117155075 
2025-01-09 14:54:34,188 INFO: Epoch 72, Train Loss: 0.7222884874190053, Test Loss: 0.7655722945928574, Inverse Test Loss: 0.07103940844535828 
2025-01-09 14:54:34,377 INFO: Epoch 73, Train Loss: 0.720626381135756, Test Loss: 0.7625513598322868, Inverse Test Loss: 0.07160723209381104 
2025-01-09 14:54:34,559 INFO: Epoch 74, Train Loss: 0.7197037358437816, Test Loss: 0.7631489410996437, Inverse Test Loss: 0.07208512723445892 
2025-01-09 14:54:34,747 INFO: Epoch 75, Train Loss: 0.7216926024806115, Test Loss: 0.7636416107416153, Inverse Test Loss: 0.07240854203701019 
2025-01-09 14:54:34,931 INFO: Epoch 76, Train Loss: 0.7173348261464026, Test Loss: 0.7626852169632912, Inverse Test Loss: 0.0726078450679779 
2025-01-09 14:54:35,126 INFO: Epoch 77, Train Loss: 0.7174204972482496, Test Loss: 0.7614938989281654, Inverse Test Loss: 0.07225832343101501 
2025-01-09 14:54:35,306 INFO: Epoch 78, Train Loss: 0.7150066225759445, Test Loss: 0.7613876089453697, Inverse Test Loss: 0.0722261443734169 
2025-01-09 14:54:35,494 INFO: Epoch 79, Train Loss: 0.7147941608582774, Test Loss: 0.7618108242750168, Inverse Test Loss: 0.07325110584497452 
2025-01-09 14:54:35,673 INFO: Epoch 80, Train Loss: 0.713189294261317, Test Loss: 0.7632739320397377, Inverse Test Loss: 0.07438339293003082 
2025-01-09 14:54:35,863 INFO: Epoch 81, Train Loss: 0.7163368578880064, Test Loss: 0.7604585811495781, Inverse Test Loss: 0.07291612774133682 
2025-01-09 14:54:36,047 INFO: Epoch 82, Train Loss: 0.7112454214403706, Test Loss: 0.7613899409770966, Inverse Test Loss: 0.07261749356985092 
2025-01-09 14:54:36,234 INFO: Epoch 83, Train Loss: 0.7111298076568111, Test Loss: 0.761554405093193, Inverse Test Loss: 0.07322797924280167 
2025-01-09 14:54:36,419 INFO: Epoch 84, Train Loss: 0.7113721466833546, Test Loss: 0.7604050934314728, Inverse Test Loss: 0.07273384928703308 
2025-01-09 14:54:36,604 INFO: Epoch 85, Train Loss: 0.70898247918775, Test Loss: 0.761851079761982, Inverse Test Loss: 0.07263867557048798 
2025-01-09 14:54:36,791 INFO: Epoch 86, Train Loss: 0.7091987248389952, Test Loss: 0.7613805830478668, Inverse Test Loss: 0.07326934486627579 
2025-01-09 14:54:36,973 INFO: Epoch 87, Train Loss: 0.7079150176817371, Test Loss: 0.7607345283031464, Inverse Test Loss: 0.074231818318367 
2025-01-09 14:54:37,151 INFO: Epoch 88, Train Loss: 0.7050607896620228, Test Loss: 0.7614538595080376, Inverse Test Loss: 0.07276517897844315 
2025-01-09 14:54:37,341 INFO: Epoch 89, Train Loss: 0.7055408377801219, Test Loss: 0.7609343230724335, Inverse Test Loss: 0.07416270673274994 
2025-01-09 14:54:37,534 INFO: Epoch 90, Train Loss: 0.7055728800835148, Test Loss: 0.7606189772486687, Inverse Test Loss: 0.07344623655080795 
2025-01-09 14:54:37,728 INFO: Epoch 91, Train Loss: 0.7056439691974271, Test Loss: 0.7591625452041626, Inverse Test Loss: 0.07426440715789795 
2025-01-09 14:54:37,913 INFO: Epoch 92, Train Loss: 0.7033861337169525, Test Loss: 0.7595429867506027, Inverse Test Loss: 0.07433226704597473 
2025-01-09 14:54:38,109 INFO: Epoch 93, Train Loss: 0.7027519210692375, Test Loss: 0.7608795836567879, Inverse Test Loss: 0.07408742606639862 
2025-01-09 14:54:38,291 INFO: Epoch 94, Train Loss: 0.701228262916688, Test Loss: 0.7622539177536964, Inverse Test Loss: 0.07347409427165985 
2025-01-09 14:54:38,478 INFO: Epoch 95, Train Loss: 0.7009051884374311, Test Loss: 0.7596138417720795, Inverse Test Loss: 0.07369596511125565 
2025-01-09 14:54:38,655 INFO: Epoch 96, Train Loss: 0.6992117570292565, Test Loss: 0.7591952160000801, Inverse Test Loss: 0.07433067262172699 
2025-01-09 14:54:38,844 INFO: Epoch 97, Train Loss: 0.698262256960715, Test Loss: 0.7589679434895515, Inverse Test Loss: 0.0753733217716217 
2025-01-09 14:54:39,032 INFO: Epoch 98, Train Loss: 0.6978566031302175, Test Loss: 0.7594607919454575, Inverse Test Loss: 0.0746135339140892 
2025-01-09 14:54:39,217 INFO: Epoch 99, Train Loss: 0.6955909286775896, Test Loss: 0.760858878493309, Inverse Test Loss: 0.07440660893917084 
2025-01-09 14:54:39,399 INFO: Epoch 100, Train Loss: 0.6955211912432024, Test Loss: 0.7587364837527275, Inverse Test Loss: 0.07475893199443817 
2025-01-09 14:54:39,399 INFO: Best Epoch 100, Best Test Loss: 0.7587364837527275 
2025-01-09 14:54:39,588 INFO: Epoch 101, Train Loss: 0.6934825047369926, Test Loss: 0.7596642300486565, Inverse Test Loss: 0.07541398704051971 
2025-01-09 14:54:39,774 INFO: Epoch 102, Train Loss: 0.6934562152431857, Test Loss: 0.759354718029499, Inverse Test Loss: 0.07457923144102097 
2025-01-09 14:54:39,962 INFO: Epoch 103, Train Loss: 0.6915301603655661, Test Loss: 0.7594329044222832, Inverse Test Loss: 0.07471062988042831 
2025-01-09 14:54:40,143 INFO: Epoch 104, Train Loss: 0.690558998815475, Test Loss: 0.7589343190193176, Inverse Test Loss: 0.0749378576874733 
2025-01-09 14:54:40,331 INFO: Epoch 105, Train Loss: 0.6903647184371948, Test Loss: 0.7591921538114548, Inverse Test Loss: 0.07551679015159607 
2025-01-09 14:54:40,513 INFO: Epoch 106, Train Loss: 0.6883874227923732, Test Loss: 0.7604681551456451, Inverse Test Loss: 0.07611171901226044 
2025-01-09 14:54:40,699 INFO: Epoch 107, Train Loss: 0.6869947256580475, Test Loss: 0.7604535669088364, Inverse Test Loss: 0.07619708776473999 
2025-01-09 14:54:40,882 INFO: Epoch 108, Train Loss: 0.6875781628393358, Test Loss: 0.758362166583538, Inverse Test Loss: 0.07523513585329056 
2025-01-09 14:54:41,074 INFO: Epoch 109, Train Loss: 0.686173802421939, Test Loss: 0.7592709362506866, Inverse Test Loss: 0.075722336769104 
2025-01-09 14:54:41,259 INFO: Epoch 110, Train Loss: 0.684059581448955, Test Loss: 0.7589086815714836, Inverse Test Loss: 0.07526666671037674 
2025-01-09 14:54:41,450 INFO: Epoch 111, Train Loss: 0.6841873949573886, Test Loss: 0.7598938792943954, Inverse Test Loss: 0.07560189068317413 
2025-01-09 14:54:41,639 INFO: Epoch 112, Train Loss: 0.6807769344698998, Test Loss: 0.7603123709559441, Inverse Test Loss: 0.07556666433811188 
2025-01-09 14:54:41,857 INFO: Epoch 113, Train Loss: 0.6822938457612069, Test Loss: 0.7595774084329605, Inverse Test Loss: 0.07606399059295654 
2025-01-09 14:54:42,051 INFO: Epoch 114, Train Loss: 0.6821107499061092, Test Loss: 0.7585447654128075, Inverse Test Loss: 0.07533690333366394 
2025-01-09 14:54:42,243 INFO: Epoch 115, Train Loss: 0.6800642551914338, Test Loss: 0.7604270353913307, Inverse Test Loss: 0.07616470009088516 
2025-01-09 14:54:42,430 INFO: Epoch 116, Train Loss: 0.677425455662512, Test Loss: 0.7614561766386032, Inverse Test Loss: 0.07694712281227112 
2025-01-09 14:54:42,624 INFO: Epoch 117, Train Loss: 0.6762765780571969, Test Loss: 0.7592760771512985, Inverse Test Loss: 0.07594654709100723 
2025-01-09 14:54:42,809 INFO: Epoch 118, Train Loss: 0.6774792709658223, Test Loss: 0.7607899457216263, Inverse Test Loss: 0.07573631405830383 
2025-01-09 14:54:43,016 INFO: Epoch 119, Train Loss: 0.6729505446649366, Test Loss: 0.7607506662607193, Inverse Test Loss: 0.07646292448043823 
2025-01-09 14:54:43,201 INFO: Epoch 120, Train Loss: 0.6760198473930359, Test Loss: 0.7615768164396286, Inverse Test Loss: 0.07643990218639374 
2025-01-09 14:54:43,409 INFO: Epoch 121, Train Loss: 0.6723116982367731, Test Loss: 0.7592804506421089, Inverse Test Loss: 0.0761956050992012 
2025-01-09 14:54:43,604 INFO: Epoch 122, Train Loss: 0.6714210356435468, Test Loss: 0.7605276629328728, Inverse Test Loss: 0.07632428407669067 
2025-01-09 14:54:43,814 INFO: Epoch 123, Train Loss: 0.6698361096843597, Test Loss: 0.7614764720201492, Inverse Test Loss: 0.07736371457576752 
2025-01-09 14:54:44,016 INFO: Epoch 124, Train Loss: 0.6693647946080854, Test Loss: 0.7611104473471642, Inverse Test Loss: 0.07717272639274597 
2025-01-09 14:54:44,219 INFO: Epoch 125, Train Loss: 0.6700298286253407, Test Loss: 0.761110469698906, Inverse Test Loss: 0.07728628814220428 
2025-01-09 14:54:44,419 INFO: Epoch 126, Train Loss: 0.6658454191300177, Test Loss: 0.760320745408535, Inverse Test Loss: 0.07627144455909729 
2025-01-09 14:54:44,641 INFO: Epoch 127, Train Loss: 0.6680749039496144, Test Loss: 0.7620490491390228, Inverse Test Loss: 0.07762796431779861 
2025-01-09 14:54:44,855 INFO: Epoch 128, Train Loss: 0.6648593948733422, Test Loss: 0.7623436823487282, Inverse Test Loss: 0.07666078209877014 
2025-01-09 14:54:45,072 INFO: Epoch 129, Train Loss: 0.6635304727861958, Test Loss: 0.7666721120476723, Inverse Test Loss: 0.07704783231019974 
2025-01-09 14:54:45,285 INFO: Epoch 130, Train Loss: 0.6635323955166724, Test Loss: 0.7642880082130432, Inverse Test Loss: 0.07712630182504654 
2025-01-09 14:54:45,499 INFO: Epoch 131, Train Loss: 0.6649582212971102, Test Loss: 0.7632234543561935, Inverse Test Loss: 0.07764258235692978 
2025-01-09 14:54:45,708 INFO: Epoch 132, Train Loss: 0.6620007964872545, Test Loss: 0.7617073655128479, Inverse Test Loss: 0.0774727538228035 
2025-01-09 14:54:45,923 INFO: Epoch 133, Train Loss: 0.6589453508777003, Test Loss: 0.762284979224205, Inverse Test Loss: 0.07740909606218338 
2025-01-09 14:54:46,170 INFO: Epoch 134, Train Loss: 0.6582312949242131, Test Loss: 0.762085810303688, Inverse Test Loss: 0.07757800072431564 
2025-01-09 14:54:46,367 INFO: Epoch 135, Train Loss: 0.6576660929187652, Test Loss: 0.762576088309288, Inverse Test Loss: 0.07805554568767548 
2025-01-09 14:54:46,553 INFO: Epoch 136, Train Loss: 0.6582841661668593, Test Loss: 0.7618970274925232, Inverse Test Loss: 0.07880813628435135 
2025-01-09 14:54:46,762 INFO: Epoch 137, Train Loss: 0.6574463728935488, Test Loss: 0.7632049098610878, Inverse Test Loss: 0.07821293920278549 
2025-01-09 14:54:46,994 INFO: Epoch 138, Train Loss: 0.6555693495658136, Test Loss: 0.7641381174325943, Inverse Test Loss: 0.07830250263214111 
2025-01-09 14:54:47,214 INFO: Epoch 139, Train Loss: 0.6543178423758476, Test Loss: 0.7622190788388252, Inverse Test Loss: 0.07850434631109238 
2025-01-09 14:54:47,451 INFO: Epoch 140, Train Loss: 0.655593914370383, Test Loss: 0.7619957700371742, Inverse Test Loss: 0.07823209464550018 
2025-01-09 14:54:47,689 INFO: Epoch 141, Train Loss: 0.6510792220792463, Test Loss: 0.7664324566721916, Inverse Test Loss: 0.07937689125537872 
2025-01-09 14:54:47,934 INFO: Epoch 142, Train Loss: 0.6510301116974123, Test Loss: 0.7628998532891273, Inverse Test Loss: 0.07923251390457153 
2025-01-09 14:54:48,158 INFO: Epoch 143, Train Loss: 0.6495065919814571, Test Loss: 0.7644140273332596, Inverse Test Loss: 0.07922227680683136 
2025-01-09 14:54:48,398 INFO: Epoch 144, Train Loss: 0.6503780484199524, Test Loss: 0.7638157457113266, Inverse Test Loss: 0.07870443910360336 
2025-01-09 14:54:48,641 INFO: Epoch 145, Train Loss: 0.6474414025583575, Test Loss: 0.7630326151847839, Inverse Test Loss: 0.07893208414316177 
2025-01-09 14:54:48,858 INFO: Epoch 146, Train Loss: 0.649619621615256, Test Loss: 0.7641712576150894, Inverse Test Loss: 0.07941015064716339 
2025-01-09 14:54:49,083 INFO: Epoch 147, Train Loss: 0.6470895563402483, Test Loss: 0.7642273157835007, Inverse Test Loss: 0.07974069565534592 
2025-01-09 14:54:49,323 INFO: Epoch 148, Train Loss: 0.645247797812185, Test Loss: 0.7644961178302765, Inverse Test Loss: 0.0795142725110054 
2025-01-09 14:54:49,539 INFO: Epoch 149, Train Loss: 0.6459441165770253, Test Loss: 0.7688368633389473, Inverse Test Loss: 0.0794198289513588 
2025-01-09 14:54:49,766 INFO: Epoch 150, Train Loss: 0.644820955491835, Test Loss: 0.7675866484642029, Inverse Test Loss: 0.07995874434709549 
2025-01-09 14:54:50,017 INFO: Epoch 151, Train Loss: 0.6439540155472294, Test Loss: 0.7655560448765755, Inverse Test Loss: 0.0795898362994194 
2025-01-09 14:54:50,253 INFO: Epoch 152, Train Loss: 0.6392742183900648, Test Loss: 0.7659269496798515, Inverse Test Loss: 0.08055279403924942 
2025-01-09 14:54:50,492 INFO: Epoch 153, Train Loss: 0.6408177537302817, Test Loss: 0.76612439006567, Inverse Test Loss: 0.08013088256120682 
2025-01-09 14:54:50,721 INFO: Epoch 154, Train Loss: 0.6413410479022611, Test Loss: 0.7672004476189613, Inverse Test Loss: 0.0806136354804039 
2025-01-09 14:54:50,947 INFO: Epoch 155, Train Loss: 0.6382469804056229, Test Loss: 0.7645283788442612, Inverse Test Loss: 0.08054459095001221 
2025-01-09 14:54:51,194 INFO: Epoch 156, Train Loss: 0.6370762336638666, Test Loss: 0.766726978123188, Inverse Test Loss: 0.08057507127523422 
2025-01-09 14:54:51,409 INFO: Epoch 157, Train Loss: 0.6362283518237453, Test Loss: 0.7678514942526817, Inverse Test Loss: 0.08005864918231964 
2025-01-09 14:54:51,651 INFO: Epoch 158, Train Loss: 0.6371540946345176, Test Loss: 0.7665387094020844, Inverse Test Loss: 0.08003383874893188 
2025-01-09 14:54:51,868 INFO: Epoch 159, Train Loss: 0.6340496463160361, Test Loss: 0.771028146147728, Inverse Test Loss: 0.08155898004770279 
2025-01-09 14:54:52,102 INFO: Epoch 160, Train Loss: 0.6326281774428583, Test Loss: 0.7663678899407387, Inverse Test Loss: 0.0811939686536789 
2025-01-09 14:54:52,318 INFO: Epoch 161, Train Loss: 0.6316346968373945, Test Loss: 0.7701025530695915, Inverse Test Loss: 0.08237632364034653 
2025-01-09 14:54:52,531 INFO: Epoch 162, Train Loss: 0.6294222474098206, Test Loss: 0.767737366259098, Inverse Test Loss: 0.08115009218454361 
2025-01-09 14:54:52,753 INFO: Epoch 163, Train Loss: 0.6299687623977661, Test Loss: 0.7715591862797737, Inverse Test Loss: 0.07992634922266006 
2025-01-09 14:54:52,993 INFO: Epoch 164, Train Loss: 0.6313166291482987, Test Loss: 0.7699145972728729, Inverse Test Loss: 0.08214285224676132 
2025-01-09 14:54:53,232 INFO: Epoch 165, Train Loss: 0.6303220545091937, Test Loss: 0.7690986096858978, Inverse Test Loss: 0.08164732158184052 
2025-01-09 14:54:53,475 INFO: Epoch 166, Train Loss: 0.6287165418747933, Test Loss: 0.7681154832243919, Inverse Test Loss: 0.08156456798315048 
2025-01-09 14:54:53,711 INFO: Epoch 167, Train Loss: 0.6255608989346412, Test Loss: 0.7680224031209946, Inverse Test Loss: 0.08194074034690857 
2025-01-09 14:54:53,927 INFO: Epoch 168, Train Loss: 0.6273379479685137, Test Loss: 0.7713761329650879, Inverse Test Loss: 0.08192698657512665 
2025-01-09 14:54:54,141 INFO: Epoch 169, Train Loss: 0.6240738784113238, Test Loss: 0.7681796848773956, Inverse Test Loss: 0.08098321408033371 
2025-01-09 14:54:54,374 INFO: Epoch 170, Train Loss: 0.6236782919976019, Test Loss: 0.7724883705377579, Inverse Test Loss: 0.08188244700431824 
2025-01-09 14:54:54,625 INFO: Epoch 171, Train Loss: 0.624926301740831, Test Loss: 0.7707488536834717, Inverse Test Loss: 0.08102688193321228 
2025-01-09 14:54:54,851 INFO: Epoch 172, Train Loss: 0.6225915224321427, Test Loss: 0.7736494839191437, Inverse Test Loss: 0.08053859323263168 
2025-01-09 14:54:55,062 INFO: Epoch 173, Train Loss: 0.6211601841834283, Test Loss: 0.7736467197537422, Inverse Test Loss: 0.08233524858951569 
2025-01-09 14:54:55,295 INFO: Epoch 174, Train Loss: 0.6223382026918473, Test Loss: 0.7724661082029343, Inverse Test Loss: 0.08146732300519943 
2025-01-09 14:54:55,524 INFO: Epoch 175, Train Loss: 0.6188075946223351, Test Loss: 0.7709322348237038, Inverse Test Loss: 0.0801227018237114 
2025-01-09 14:54:55,764 INFO: Epoch 176, Train Loss: 0.6200839607946335, Test Loss: 0.7716332823038101, Inverse Test Loss: 0.08173178881406784 
2025-01-09 14:54:55,999 INFO: Epoch 177, Train Loss: 0.6165150673158707, Test Loss: 0.7755291238427162, Inverse Test Loss: 0.08119331300258636 
2025-01-09 14:54:56,242 INFO: Epoch 178, Train Loss: 0.6185806470532571, Test Loss: 0.7737246453762054, Inverse Test Loss: 0.08173980563879013 
2025-01-09 14:54:56,494 INFO: Epoch 179, Train Loss: 0.6184675059010906, Test Loss: 0.7758333086967468, Inverse Test Loss: 0.08136529475450516 
2025-01-09 14:54:56,760 INFO: Epoch 180, Train Loss: 0.6148215936076257, Test Loss: 0.7739341855049133, Inverse Test Loss: 0.08228801935911179 
2025-01-09 14:54:57,038 INFO: Epoch 181, Train Loss: 0.6170611612258419, Test Loss: 0.7790019363164902, Inverse Test Loss: 0.08150959759950638 
2025-01-09 14:54:57,274 INFO: Epoch 182, Train Loss: 0.6126089922843441, Test Loss: 0.7758271992206573, Inverse Test Loss: 0.08141221851110458 
2025-01-09 14:54:57,516 INFO: Epoch 183, Train Loss: 0.6114326830833189, Test Loss: 0.7746469974517822, Inverse Test Loss: 0.0817725658416748 
2025-01-09 14:54:57,756 INFO: Epoch 184, Train Loss: 0.6119894673747401, Test Loss: 0.7737383022904396, Inverse Test Loss: 0.08151742070913315 
2025-01-09 14:54:58,009 INFO: Epoch 185, Train Loss: 0.6104375008613833, Test Loss: 0.7757602483034134, Inverse Test Loss: 0.08115340024232864 
2025-01-09 14:54:58,277 INFO: Epoch 186, Train Loss: 0.609729802416217, Test Loss: 0.7753649204969406, Inverse Test Loss: 0.08147398382425308 
2025-01-09 14:54:58,529 INFO: Epoch 187, Train Loss: 0.6089767275318023, Test Loss: 0.777640588581562, Inverse Test Loss: 0.08209217339754105 
2025-01-09 14:54:58,788 INFO: Epoch 188, Train Loss: 0.6068145517380007, Test Loss: 0.7758907824754715, Inverse Test Loss: 0.08135129511356354 
2025-01-09 14:54:59,049 INFO: Epoch 189, Train Loss: 0.6075106590024887, Test Loss: 0.7748967036604881, Inverse Test Loss: 0.08092581480741501 
2025-01-09 14:54:59,280 INFO: Epoch 190, Train Loss: 0.6055650441877304, Test Loss: 0.7771440073847771, Inverse Test Loss: 0.08210199326276779 
2025-01-09 14:54:59,561 INFO: Epoch 191, Train Loss: 0.6059457505902937, Test Loss: 0.7798726856708527, Inverse Test Loss: 0.0823085606098175 
2025-01-09 14:54:59,847 INFO: Epoch 192, Train Loss: 0.6038755707202419, Test Loss: 0.7769258245825768, Inverse Test Loss: 0.08186652511358261 
2025-01-09 14:55:00,152 INFO: Epoch 193, Train Loss: 0.6029294594641654, Test Loss: 0.7785898298025131, Inverse Test Loss: 0.0820252001285553 
2025-01-09 14:55:00,401 INFO: Epoch 194, Train Loss: 0.6031527961454084, Test Loss: 0.7785167172551155, Inverse Test Loss: 0.08100885152816772 
2025-01-09 14:55:00,668 INFO: Epoch 195, Train Loss: 0.6026473506804435, Test Loss: 0.7777050286531448, Inverse Test Loss: 0.08110904693603516 
2025-01-09 14:55:00,924 INFO: Epoch 196, Train Loss: 0.5996156488695452, Test Loss: 0.7790828570723534, Inverse Test Loss: 0.0806683748960495 
2025-01-09 14:55:01,187 INFO: Epoch 197, Train Loss: 0.600073661535017, Test Loss: 0.77900380641222, Inverse Test Loss: 0.08173360675573349 
2025-01-09 14:55:01,437 INFO: Epoch 198, Train Loss: 0.5976903073249324, Test Loss: 0.7781098634004593, Inverse Test Loss: 0.08090956509113312 
2025-01-09 14:55:01,668 INFO: Epoch 199, Train Loss: 0.5992919052800825, Test Loss: 0.7793574035167694, Inverse Test Loss: 0.08107790350914001 
2025-01-09 14:55:01,915 INFO: Epoch 200, Train Loss: 0.5983619901441759, Test Loss: 0.7819521650671959, Inverse Test Loss: 0.08011550456285477 
2025-01-09 14:55:01,916 INFO: Best Epoch 108, Best Test Loss: 0.758362166583538 
2025-01-09 14:55:02,173 INFO: Epoch 201, Train Loss: 0.5970067554904569, Test Loss: 0.7789392918348312, Inverse Test Loss: 0.08023054152727127 
2025-01-09 14:55:02,408 INFO: Epoch 202, Train Loss: 0.5971958079645711, Test Loss: 0.7820956185460091, Inverse Test Loss: 0.08194738626480103 
2025-01-09 14:55:02,632 INFO: Epoch 203, Train Loss: 0.594423113330718, Test Loss: 0.7798625007271767, Inverse Test Loss: 0.07995996624231339 
2025-01-09 14:55:02,853 INFO: Epoch 204, Train Loss: 0.593975963131074, Test Loss: 0.7798705473542213, Inverse Test Loss: 0.07966368645429611 
2025-01-09 14:55:03,078 INFO: Epoch 205, Train Loss: 0.5934255873003313, Test Loss: 0.7811648100614548, Inverse Test Loss: 0.07952374219894409 
2025-01-09 14:55:03,323 INFO: Epoch 206, Train Loss: 0.5912412731878219, Test Loss: 0.7817169055342674, Inverse Test Loss: 0.08139186352491379 
2025-01-09 14:55:03,552 INFO: Epoch 207, Train Loss: 0.5902743156879179, Test Loss: 0.782767616212368, Inverse Test Loss: 0.08101559430360794 
2025-01-09 14:55:03,783 INFO: Epoch 208, Train Loss: 0.5899840035746174, Test Loss: 0.7827748954296112, Inverse Test Loss: 0.07973068207502365 
2025-01-09 14:55:03,999 INFO: Epoch 209, Train Loss: 0.5875470926684718, Test Loss: 0.7824302911758423, Inverse Test Loss: 0.08051987737417221 
2025-01-09 14:55:04,224 INFO: Epoch 210, Train Loss: 0.5891083834632751, Test Loss: 0.7837000042200089, Inverse Test Loss: 0.07960791140794754 
2025-01-09 14:55:04,451 INFO: Epoch 211, Train Loss: 0.5897395110899403, Test Loss: 0.7841295003890991, Inverse Test Loss: 0.08012570440769196 
2025-01-09 14:55:04,683 INFO: Epoch 212, Train Loss: 0.5866075696483735, Test Loss: 0.7856374010443687, Inverse Test Loss: 0.08014394342899323 
2025-01-09 14:55:04,907 INFO: Epoch 213, Train Loss: 0.5876766779730397, Test Loss: 0.7840803563594818, Inverse Test Loss: 0.08037557452917099 
2025-01-09 14:55:05,122 INFO: Epoch 214, Train Loss: 0.5890666938597157, Test Loss: 0.7884979546070099, Inverse Test Loss: 0.08096861094236374 
2025-01-09 14:55:05,357 INFO: Epoch 215, Train Loss: 0.5859429970864327, Test Loss: 0.7850160673260689, Inverse Test Loss: 0.08027131110429764 
2025-01-09 14:55:05,591 INFO: Epoch 216, Train Loss: 0.5840716237022031, Test Loss: 0.7879126742482185, Inverse Test Loss: 0.08129683881998062 
2025-01-09 14:55:05,812 INFO: Epoch 217, Train Loss: 0.582701955110796, Test Loss: 0.7871440947055817, Inverse Test Loss: 0.08122701942920685 
2025-01-09 14:55:06,035 INFO: Epoch 218, Train Loss: 0.5842177867889404, Test Loss: 0.7862080335617065, Inverse Test Loss: 0.07951094210147858 
2025-01-09 14:55:06,268 INFO: Epoch 219, Train Loss: 0.5814996467482659, Test Loss: 0.7863877192139626, Inverse Test Loss: 0.079344742000103 
2025-01-09 14:55:06,488 INFO: Epoch 220, Train Loss: 0.5815488830689461, Test Loss: 0.7868018001317978, Inverse Test Loss: 0.0796087235212326 
2025-01-09 14:55:06,707 INFO: Epoch 221, Train Loss: 0.5800948979393128, Test Loss: 0.7880166992545128, Inverse Test Loss: 0.0804540291428566 
2025-01-09 14:55:06,926 INFO: Epoch 222, Train Loss: 0.5791776189880986, Test Loss: 0.7884451299905777, Inverse Test Loss: 0.08047829568386078 
2025-01-09 14:55:07,134 INFO: Epoch 223, Train Loss: 0.5804855227470398, Test Loss: 0.788128562271595, Inverse Test Loss: 0.07997704297304153 
2025-01-09 14:55:07,368 INFO: Epoch 224, Train Loss: 0.5783937736865012, Test Loss: 0.7864709347486496, Inverse Test Loss: 0.07876129448413849 
2025-01-09 14:55:07,582 INFO: Epoch 225, Train Loss: 0.5778438554656121, Test Loss: 0.7872305437922478, Inverse Test Loss: 0.07920295745134354 
2025-01-09 14:55:07,807 INFO: Epoch 226, Train Loss: 0.5768821758608664, Test Loss: 0.788805365562439, Inverse Test Loss: 0.07985000312328339 
2025-01-09 14:55:08,046 INFO: Epoch 227, Train Loss: 0.5764577571422823, Test Loss: 0.7892019152641296, Inverse Test Loss: 0.07982079684734344 
2025-01-09 14:55:08,256 INFO: Epoch 228, Train Loss: 0.5739640458937614, Test Loss: 0.7876962572336197, Inverse Test Loss: 0.07927905768156052 
2025-01-09 14:55:08,524 INFO: Epoch 229, Train Loss: 0.5761699118921834, Test Loss: 0.7965608462691307, Inverse Test Loss: 0.08049418032169342 
2025-01-09 14:55:08,753 INFO: Epoch 230, Train Loss: 0.574091782492976, Test Loss: 0.7891250625252724, Inverse Test Loss: 0.0804818794131279 
2025-01-09 14:55:08,970 INFO: Epoch 231, Train Loss: 0.5715207697883729, Test Loss: 0.7922236025333405, Inverse Test Loss: 0.08040043711662292 
2025-01-09 14:55:09,197 INFO: Epoch 232, Train Loss: 0.5723611049113735, Test Loss: 0.789179727435112, Inverse Test Loss: 0.07949487864971161 
2025-01-09 14:55:09,431 INFO: Epoch 233, Train Loss: 0.5721399091905163, Test Loss: 0.7928496673703194, Inverse Test Loss: 0.08019331842660904 
2025-01-09 14:55:09,678 INFO: Epoch 234, Train Loss: 0.5687526820167419, Test Loss: 0.7903432324528694, Inverse Test Loss: 0.07949651032686234 
2025-01-09 14:55:09,926 INFO: Epoch 235, Train Loss: 0.5701227668792971, Test Loss: 0.7915650755167007, Inverse Test Loss: 0.08008202910423279 
2025-01-09 14:55:10,154 INFO: Epoch 236, Train Loss: 0.5666016321028432, Test Loss: 0.7949050068855286, Inverse Test Loss: 0.08056794852018356 
2025-01-09 14:55:10,411 INFO: Epoch 237, Train Loss: 0.569255402011256, Test Loss: 0.7935088276863098, Inverse Test Loss: 0.07900314033031464 
2025-01-09 14:55:10,623 INFO: Epoch 238, Train Loss: 0.5687169048093981, Test Loss: 0.7945792749524117, Inverse Test Loss: 0.08020450919866562 
2025-01-09 14:55:10,847 INFO: Epoch 239, Train Loss: 0.5672409697886436, Test Loss: 0.7954103052616119, Inverse Test Loss: 0.07937411218881607 
2025-01-09 14:55:11,073 INFO: Epoch 240, Train Loss: 0.5652470598297734, Test Loss: 0.7934317737817764, Inverse Test Loss: 0.07897172123193741 
2025-01-09 14:55:11,307 INFO: Epoch 241, Train Loss: 0.5654287270961269, Test Loss: 0.7945217341184616, Inverse Test Loss: 0.07940313220024109 
2025-01-09 14:55:11,519 INFO: Epoch 242, Train Loss: 0.564985325259547, Test Loss: 0.7950553447008133, Inverse Test Loss: 0.07875671237707138 
2025-01-09 14:55:11,766 INFO: Epoch 243, Train Loss: 0.5636321354296899, Test Loss: 0.7940877974033356, Inverse Test Loss: 0.07946360856294632 
2025-01-09 14:55:12,011 INFO: Epoch 244, Train Loss: 0.5616994509773869, Test Loss: 0.7990511804819107, Inverse Test Loss: 0.0804014503955841 
2025-01-09 14:55:12,264 INFO: Epoch 245, Train Loss: 0.5640368375086016, Test Loss: 0.7946760952472687, Inverse Test Loss: 0.08002669364213943 
2025-01-09 14:55:12,543 INFO: Epoch 246, Train Loss: 0.5624922235165873, Test Loss: 0.7973799407482147, Inverse Test Loss: 0.07909705489873886 
2025-01-09 14:55:12,770 INFO: Epoch 247, Train Loss: 0.5599228662829245, Test Loss: 0.7965230420231819, Inverse Test Loss: 0.07890786230564117 
2025-01-09 14:55:12,992 INFO: Epoch 248, Train Loss: 0.561089438776816, Test Loss: 0.7953915819525719, Inverse Test Loss: 0.07944144308567047 
2025-01-09 14:55:13,229 INFO: Epoch 249, Train Loss: 0.5600284587952399, Test Loss: 0.7971848621964455, Inverse Test Loss: 0.07906089723110199 
2025-01-09 14:55:13,462 INFO: Epoch 250, Train Loss: 0.5575807142642236, Test Loss: 0.7966426536440849, Inverse Test Loss: 0.07861995697021484 
2025-01-09 14:55:13,703 INFO: Epoch 251, Train Loss: 0.5563556619228855, Test Loss: 0.7969116643071175, Inverse Test Loss: 0.08002470433712006 
2025-01-09 14:55:13,947 INFO: Epoch 252, Train Loss: 0.5563143337926557, Test Loss: 0.7976396009325981, Inverse Test Loss: 0.07795605063438416 
2025-01-09 14:55:14,222 INFO: Epoch 253, Train Loss: 0.5561974750411126, Test Loss: 0.7986689880490303, Inverse Test Loss: 0.0795690044760704 
2025-01-09 14:55:14,481 INFO: Epoch 254, Train Loss: 0.5560330181352554, Test Loss: 0.7993144989013672, Inverse Test Loss: 0.0784042626619339 
2025-01-09 14:55:14,744 INFO: Epoch 255, Train Loss: 0.5559730875876642, Test Loss: 0.7989693507552147, Inverse Test Loss: 0.07963410019874573 
2025-01-09 14:55:15,029 INFO: Epoch 256, Train Loss: 0.5545477021125055, Test Loss: 0.8008776307106018, Inverse Test Loss: 0.08039557933807373 
2025-01-09 14:55:15,318 INFO: Epoch 257, Train Loss: 0.5534583676245904, Test Loss: 0.8017173111438751, Inverse Test Loss: 0.07834198325872421 
2025-01-09 14:55:15,567 INFO: Epoch 258, Train Loss: 0.5550041612117521, Test Loss: 0.7995082959532738, Inverse Test Loss: 0.07828493416309357 
2025-01-09 14:55:15,802 INFO: Epoch 259, Train Loss: 0.5506433075474154, Test Loss: 0.7992556393146515, Inverse Test Loss: 0.07883905619382858 
2025-01-09 14:55:16,034 INFO: Epoch 260, Train Loss: 0.5527816395605764, Test Loss: 0.8031057640910149, Inverse Test Loss: 0.07877925038337708 
2025-01-09 14:55:16,262 INFO: Epoch 261, Train Loss: 0.55109068174516, Test Loss: 0.798557348549366, Inverse Test Loss: 0.07790859788656235 
2025-01-09 14:55:16,503 INFO: Epoch 262, Train Loss: 0.5496478878682659, Test Loss: 0.8031788766384125, Inverse Test Loss: 0.0799417793750763 
2025-01-09 14:55:16,770 INFO: Epoch 263, Train Loss: 0.5509711792392116, Test Loss: 0.8042188510298729, Inverse Test Loss: 0.07846326380968094 
2025-01-09 14:55:16,994 INFO: Epoch 264, Train Loss: 0.5482625759417011, Test Loss: 0.8024905025959015, Inverse Test Loss: 0.07941963523626328 
2025-01-09 14:55:17,222 INFO: Epoch 265, Train Loss: 0.5483536624139355, Test Loss: 0.8006478175520897, Inverse Test Loss: 0.07902725040912628 
2025-01-09 14:55:17,471 INFO: Epoch 266, Train Loss: 0.547158517183796, Test Loss: 0.8022676706314087, Inverse Test Loss: 0.07906696200370789 
2025-01-09 14:55:17,717 INFO: Epoch 267, Train Loss: 0.5462680805114007, Test Loss: 0.8032605946063995, Inverse Test Loss: 0.07885407656431198 
2025-01-09 14:55:17,935 INFO: Epoch 268, Train Loss: 0.5474171859602774, Test Loss: 0.801177553832531, Inverse Test Loss: 0.07800301164388657 
2025-01-09 14:55:18,196 INFO: Epoch 269, Train Loss: 0.5455489879654299, Test Loss: 0.8022820428013802, Inverse Test Loss: 0.07865599542856216 
2025-01-09 14:55:18,420 INFO: Epoch 270, Train Loss: 0.5450134767640021, Test Loss: 0.8029361292719841, Inverse Test Loss: 0.07859582453966141 
2025-01-09 14:55:18,645 INFO: Epoch 271, Train Loss: 0.5465590886531337, Test Loss: 0.8031816855072975, Inverse Test Loss: 0.07870287448167801 
2025-01-09 14:55:18,886 INFO: Epoch 272, Train Loss: 0.543373720299813, Test Loss: 0.8067562207579613, Inverse Test Loss: 0.0787050873041153 
2025-01-09 14:55:19,106 INFO: Epoch 273, Train Loss: 0.5442740715319111, Test Loss: 0.8059177398681641, Inverse Test Loss: 0.07865861803293228 
2025-01-09 14:55:19,331 INFO: Epoch 274, Train Loss: 0.5422324855481425, Test Loss: 0.8050727099180222, Inverse Test Loss: 0.07873322069644928 
2025-01-09 14:55:19,544 INFO: Epoch 275, Train Loss: 0.5419163184781228, Test Loss: 0.8059525340795517, Inverse Test Loss: 0.0794721320271492 
2025-01-09 14:55:19,759 INFO: Epoch 276, Train Loss: 0.5417216497082864, Test Loss: 0.8038713485002518, Inverse Test Loss: 0.07809606939554214 
2025-01-09 14:55:19,992 INFO: Epoch 277, Train Loss: 0.5397345769789911, Test Loss: 0.8049205839633942, Inverse Test Loss: 0.07892397791147232 
2025-01-09 14:55:20,199 INFO: Epoch 278, Train Loss: 0.5396695954184378, Test Loss: 0.8084034770727158, Inverse Test Loss: 0.07823489606380463 
2025-01-09 14:55:20,438 INFO: Epoch 279, Train Loss: 0.5395552458301667, Test Loss: 0.8062081336975098, Inverse Test Loss: 0.07868313789367676 
2025-01-09 14:55:20,692 INFO: Epoch 280, Train Loss: 0.5394311374233615, Test Loss: 0.8068617284297943, Inverse Test Loss: 0.07841519266366959 
2025-01-09 14:55:20,903 INFO: Epoch 281, Train Loss: 0.5372419165026757, Test Loss: 0.8067722320556641, Inverse Test Loss: 0.07891852408647537 
2025-01-09 14:55:21,128 INFO: Epoch 282, Train Loss: 0.537470018671405, Test Loss: 0.8080866411328316, Inverse Test Loss: 0.07809194177389145 
2025-01-09 14:55:21,333 INFO: Epoch 283, Train Loss: 0.5373403910667666, Test Loss: 0.8077987283468246, Inverse Test Loss: 0.07713152468204498 
2025-01-09 14:55:21,561 INFO: Epoch 284, Train Loss: 0.5379568424917036, Test Loss: 0.8104645535349846, Inverse Test Loss: 0.07878555357456207 
2025-01-09 14:55:21,783 INFO: Epoch 285, Train Loss: 0.5369622140161453, Test Loss: 0.8123302534222603, Inverse Test Loss: 0.07770130038261414 
2025-01-09 14:55:21,996 INFO: Epoch 286, Train Loss: 0.5368305540853932, Test Loss: 0.8090835213661194, Inverse Test Loss: 0.0783768966794014 
2025-01-09 14:55:22,221 INFO: Epoch 287, Train Loss: 0.5347136268692632, Test Loss: 0.8091613426804543, Inverse Test Loss: 0.0779731422662735 
2025-01-09 14:55:22,427 INFO: Epoch 288, Train Loss: 0.5350071787834167, Test Loss: 0.8129401355981827, Inverse Test Loss: 0.07892385870218277 
2025-01-09 14:55:22,641 INFO: Epoch 289, Train Loss: 0.5337812631360946, Test Loss: 0.8128447383642197, Inverse Test Loss: 0.07919479161500931 
2025-01-09 14:55:22,837 INFO: Epoch 290, Train Loss: 0.5327656047959481, Test Loss: 0.8115643933415413, Inverse Test Loss: 0.07768235355615616 
2025-01-09 14:55:23,074 INFO: Epoch 291, Train Loss: 0.5327132200041125, Test Loss: 0.8149577602744102, Inverse Test Loss: 0.07791981101036072 
2025-01-09 14:55:23,303 INFO: Epoch 292, Train Loss: 0.5346201840908297, Test Loss: 0.8157948702573776, Inverse Test Loss: 0.07847224920988083 
2025-01-09 14:55:23,519 INFO: Epoch 293, Train Loss: 0.5322288697765719, Test Loss: 0.8126344457268715, Inverse Test Loss: 0.07737720012664795 
2025-01-09 14:55:23,773 INFO: Epoch 294, Train Loss: 0.532393592019235, Test Loss: 0.8126172572374344, Inverse Test Loss: 0.07827923446893692 
2025-01-09 14:55:24,006 INFO: Epoch 295, Train Loss: 0.5295002402797822, Test Loss: 0.8151720091700554, Inverse Test Loss: 0.07890773564577103 
2025-01-09 14:55:24,225 INFO: Epoch 296, Train Loss: 0.5300633763113329, Test Loss: 0.8133734241127968, Inverse Test Loss: 0.07886888086795807 
2025-01-09 14:55:24,460 INFO: Epoch 297, Train Loss: 0.5290756523609161, Test Loss: 0.8134070113301277, Inverse Test Loss: 0.07813817262649536 
2025-01-09 14:55:24,698 INFO: Epoch 298, Train Loss: 0.5284233237466505, Test Loss: 0.8211310282349586, Inverse Test Loss: 0.07848066836595535 
2025-01-09 14:55:24,937 INFO: Epoch 299, Train Loss: 0.5292616553844944, Test Loss: 0.8179007321596146, Inverse Test Loss: 0.07886505126953125 
2025-01-09 14:55:25,177 INFO: Epoch 300, Train Loss: 0.5279221765456661, Test Loss: 0.8159389719367027, Inverse Test Loss: 0.07845799624919891 
2025-01-09 14:55:25,177 INFO: Best Epoch 108, Best Test Loss: 0.758362166583538 
2025-01-09 14:55:25,406 INFO: Epoch 301, Train Loss: 0.5280208049281951, Test Loss: 0.8179331868886948, Inverse Test Loss: 0.07887127250432968 
2025-01-09 14:55:25,641 INFO: Epoch 302, Train Loss: 0.5269234372723487, Test Loss: 0.8200525715947151, Inverse Test Loss: 0.07887773960828781 
2025-01-09 14:55:25,874 INFO: Epoch 303, Train Loss: 0.5259631026175714, Test Loss: 0.8157843798398972, Inverse Test Loss: 0.07782962173223495 
2025-01-09 14:55:26,107 INFO: Epoch 304, Train Loss: 0.5289531282840236, Test Loss: 0.8184291124343872, Inverse Test Loss: 0.07832110673189163 
2025-01-09 14:55:26,372 INFO: Epoch 305, Train Loss: 0.5234461176779962, Test Loss: 0.8175223767757416, Inverse Test Loss: 0.07761529833078384 
2025-01-09 14:55:26,626 INFO: Epoch 306, Train Loss: 0.5258192939143027, Test Loss: 0.8203528523445129, Inverse Test Loss: 0.07842782884836197 
2025-01-09 14:55:26,882 INFO: Epoch 307, Train Loss: 0.5256879598863663, Test Loss: 0.8206134811043739, Inverse Test Loss: 0.07720394432544708 
2025-01-09 14:55:27,146 INFO: Epoch 308, Train Loss: 0.5248318660643793, Test Loss: 0.8198242112994194, Inverse Test Loss: 0.07877164334058762 
2025-01-09 14:55:27,404 INFO: Epoch 309, Train Loss: 0.5219993274058065, Test Loss: 0.8200434297323227, Inverse Test Loss: 0.07766208052635193 
2025-01-09 14:55:27,689 INFO: Epoch 310, Train Loss: 0.5237688652930721, Test Loss: 0.8185929954051971, Inverse Test Loss: 0.07742682099342346 
2025-01-09 14:55:27,951 INFO: Epoch 311, Train Loss: 0.521060166820403, Test Loss: 0.82007896900177, Inverse Test Loss: 0.07876162976026535 
2025-01-09 14:55:28,193 INFO: Epoch 312, Train Loss: 0.523321537240859, Test Loss: 0.8223234191536903, Inverse Test Loss: 0.07834713906049728 
2025-01-09 14:55:28,426 INFO: Epoch 313, Train Loss: 0.5194066589878451, Test Loss: 0.8211761191487312, Inverse Test Loss: 0.07835078984498978 
2025-01-09 14:55:28,685 INFO: Epoch 314, Train Loss: 0.5209488243825974, Test Loss: 0.8224308341741562, Inverse Test Loss: 0.07856202125549316 
2025-01-09 14:55:28,938 INFO: Epoch 315, Train Loss: 0.5196800385752032, Test Loss: 0.8212675303220749, Inverse Test Loss: 0.07793403416872025 
2025-01-09 14:55:29,180 INFO: Epoch 316, Train Loss: 0.5204173701424752, Test Loss: 0.8249244317412376, Inverse Test Loss: 0.07792777568101883 
2025-01-09 14:55:29,400 INFO: Epoch 317, Train Loss: 0.5201022557673916, Test Loss: 0.8250376731157303, Inverse Test Loss: 0.07844450324773788 
2025-01-09 14:55:29,636 INFO: Epoch 318, Train Loss: 0.5201556423018056, Test Loss: 0.8233961910009384, Inverse Test Loss: 0.07783100754022598 
2025-01-09 14:55:29,876 INFO: Epoch 319, Train Loss: 0.5188742741461723, Test Loss: 0.8247910737991333, Inverse Test Loss: 0.07951164245605469 
2025-01-09 14:55:30,130 INFO: Epoch 320, Train Loss: 0.5162102339729187, Test Loss: 0.8246074095368385, Inverse Test Loss: 0.07853235304355621 
2025-01-09 14:55:30,365 INFO: Epoch 321, Train Loss: 0.5191100576231557, Test Loss: 0.8284574374556541, Inverse Test Loss: 0.07848507165908813 
2025-01-09 14:55:30,621 INFO: Epoch 322, Train Loss: 0.5183454271285765, Test Loss: 0.8255159109830856, Inverse Test Loss: 0.07807018607854843 
2025-01-09 14:55:30,837 INFO: Epoch 323, Train Loss: 0.5178028364335338, Test Loss: 0.8227683156728745, Inverse Test Loss: 0.07736245542764664 
2025-01-09 14:55:31,104 INFO: Epoch 324, Train Loss: 0.5168630096220201, Test Loss: 0.8296583518385887, Inverse Test Loss: 0.0789097398519516 
2025-01-09 14:55:31,322 INFO: Epoch 325, Train Loss: 0.5163597310743024, Test Loss: 0.8268905803561211, Inverse Test Loss: 0.07793716341257095 
2025-01-09 14:55:31,552 INFO: Epoch 326, Train Loss: 0.5163554481921657, Test Loss: 0.8295240253210068, Inverse Test Loss: 0.07816025614738464 
2025-01-09 14:55:31,803 INFO: Epoch 327, Train Loss: 0.5148527997155343, Test Loss: 0.8301426321268082, Inverse Test Loss: 0.0791228711605072 
2025-01-09 14:55:32,037 INFO: Epoch 328, Train Loss: 0.5145258095956617, Test Loss: 0.8302001804113388, Inverse Test Loss: 0.07950057834386826 
2025-01-09 14:55:32,263 INFO: Epoch 329, Train Loss: 0.5139314916826063, Test Loss: 0.8276336267590523, Inverse Test Loss: 0.07777738571166992 
2025-01-09 14:55:32,531 INFO: Epoch 330, Train Loss: 0.5161497275675496, Test Loss: 0.8313764557242393, Inverse Test Loss: 0.07920980453491211 
2025-01-09 14:55:32,753 INFO: Epoch 331, Train Loss: 0.5147558114221019, Test Loss: 0.8304750844836235, Inverse Test Loss: 0.07923834025859833 
2025-01-09 14:55:33,038 INFO: Epoch 332, Train Loss: 0.5149580461363639, Test Loss: 0.8330471739172935, Inverse Test Loss: 0.07891561090946198 
2025-01-09 14:55:33,256 INFO: Epoch 333, Train Loss: 0.5116912761042195, Test Loss: 0.8304095715284348, Inverse Test Loss: 0.07887637615203857 
2025-01-09 14:55:33,492 INFO: Epoch 334, Train Loss: 0.5109140084635827, Test Loss: 0.8335367813706398, Inverse Test Loss: 0.07816916704177856 
2025-01-09 14:55:33,710 INFO: Epoch 335, Train Loss: 0.5126132513246229, Test Loss: 0.8301910758018494, Inverse Test Loss: 0.07861930131912231 
2025-01-09 14:55:33,931 INFO: Epoch 336, Train Loss: 0.5112003568680056, Test Loss: 0.8337415903806686, Inverse Test Loss: 0.07917904108762741 
2025-01-09 14:55:34,244 INFO: Epoch 337, Train Loss: 0.5104351082155781, Test Loss: 0.8300684466958046, Inverse Test Loss: 0.07741919159889221 
2025-01-09 14:55:34,507 INFO: Epoch 338, Train Loss: 0.5094485830876135, Test Loss: 0.8354441076517105, Inverse Test Loss: 0.07909918576478958 
2025-01-09 14:55:34,741 INFO: Epoch 339, Train Loss: 0.5102403711888098, Test Loss: 0.83428705483675, Inverse Test Loss: 0.07798227667808533 
2025-01-09 14:55:34,976 INFO: Epoch 340, Train Loss: 0.5114368152233862, Test Loss: 0.8339466750621796, Inverse Test Loss: 0.07882945239543915 
2025-01-09 14:55:35,209 INFO: Epoch 341, Train Loss: 0.5109125020042542, Test Loss: 0.83372001349926, Inverse Test Loss: 0.07832249999046326 
2025-01-09 14:55:35,437 INFO: Epoch 342, Train Loss: 0.5065218662061999, Test Loss: 0.8366672173142433, Inverse Test Loss: 0.07840132713317871 
2025-01-09 14:55:35,673 INFO: Epoch 343, Train Loss: 0.509648323059082, Test Loss: 0.8323216587305069, Inverse Test Loss: 0.07778462022542953 
2025-01-09 14:55:35,900 INFO: Epoch 344, Train Loss: 0.5066922960742828, Test Loss: 0.8367721885442734, Inverse Test Loss: 0.07910255342721939 
2025-01-09 14:55:36,115 INFO: Epoch 345, Train Loss: 0.5111080888778933, Test Loss: 0.8363040164113045, Inverse Test Loss: 0.0786699429154396 
2025-01-09 14:55:36,345 INFO: Epoch 346, Train Loss: 0.5063062271764202, Test Loss: 0.8335934951901436, Inverse Test Loss: 0.0778847262263298 
