2025-02-20 16:39:07,261 INFO: Model:namespace(attn_dropout=0.4, categories=[], cluster=3, depth=2, dim=32, ff_dropout=0.4, groups=[54, 54, 54], heads=4, name='AMFormer_simple_MLP_dim32_depth2_heads4_dropout0.4_simple_MLP', num_cate=0, num_cont=61, num_special_tokens=1, out=1, out_dim=1, predictor='simple_MLP', prod_num_per_group=[6, 6, 6], qk_relu=False, sum_num_per_group=[32, 16, 8], target_mode='regression', token_descent=False, use_cls_token=True, use_prod=True, use_row_col_attention=True, use_sigmoid=True) 
2025-02-20 16:39:07,261 INFO: lr:0.0001, loss:MSE 
2025-02-20 16:39:07,261 INFO: Dataset:Scm, Target:['LBL'] 
2025-02-20 16:39:07,271 INFO: ------Begin Training Model------ 
2025-02-20 16:39:12,250 INFO: Epoch 1, Train Loss: 3.653206023207882, Test Loss: 1.0889615098635355, Inverse Test Loss: 53545.09088541667 
2025-02-20 16:39:13,656 INFO: Epoch 2, Train Loss: 1.0360128984116672, Test Loss: 0.9996140201886495, Inverse Test Loss: 49151.804427083334 
2025-02-20 16:39:15,020 INFO: Epoch 3, Train Loss: 0.9690372070722413, Test Loss: 0.925111186504364, Inverse Test Loss: 45488.44453125 
2025-02-20 16:39:16,403 INFO: Epoch 4, Train Loss: 0.8779600639092294, Test Loss: 0.7690270026524861, Inverse Test Loss: 37813.66067708333 
2025-02-20 16:39:17,784 INFO: Epoch 5, Train Loss: 0.7045770156801793, Test Loss: 0.4998133420944214, Inverse Test Loss: 24576.214453125 
2025-02-20 16:39:19,169 INFO: Epoch 6, Train Loss: 0.5378973174252009, Test Loss: 0.42284382730722425, Inverse Test Loss: 20791.5630859375 
2025-02-20 16:39:20,541 INFO: Epoch 7, Train Loss: 0.5015928431561119, Test Loss: 0.4057009597619375, Inverse Test Loss: 19948.6341796875 
2025-02-20 16:39:21,906 INFO: Epoch 8, Train Loss: 0.4811087274237683, Test Loss: 0.39248171597719195, Inverse Test Loss: 19298.634342447916 
2025-02-20 16:39:23,298 INFO: Epoch 9, Train Loss: 0.48217026444903593, Test Loss: 0.38700212985277177, Inverse Test Loss: 19029.198567708332 
2025-02-20 16:39:24,710 INFO: Epoch 10, Train Loss: 0.46325844108012687, Test Loss: 0.37512275377909343, Inverse Test Loss: 18445.080240885418 
2025-02-20 16:39:26,058 INFO: Epoch 11, Train Loss: 0.4430644093898305, Test Loss: 0.3676412433385849, Inverse Test Loss: 18077.208610026042 
2025-02-20 16:39:27,380 INFO: Epoch 12, Train Loss: 0.436163985154085, Test Loss: 0.3636870726943016, Inverse Test Loss: 17882.779833984376 
2025-02-20 16:39:28,757 INFO: Epoch 13, Train Loss: 0.42821343007840607, Test Loss: 0.3600604141751925, Inverse Test Loss: 17704.4537109375 
2025-02-20 16:39:30,291 INFO: Epoch 14, Train Loss: 0.41209737054611506, Test Loss: 0.3530441182355086, Inverse Test Loss: 17359.456583658855 
2025-02-20 16:39:31,660 INFO: Epoch 15, Train Loss: 0.4152358038383618, Test Loss: 0.3515832036733627, Inverse Test Loss: 17287.622102864585 
2025-02-20 16:39:33,066 INFO: Epoch 16, Train Loss: 0.39994475820608305, Test Loss: 0.34542467395464577, Inverse Test Loss: 16984.803173828124 
2025-02-20 16:39:34,491 INFO: Epoch 17, Train Loss: 0.41003977990987006, Test Loss: 0.34863380044698716, Inverse Test Loss: 17142.598307291668 
2025-02-20 16:39:35,973 INFO: Epoch 18, Train Loss: 0.39423697141178865, Test Loss: 0.3382271520793438, Inverse Test Loss: 16630.89483235677 
2025-02-20 16:39:37,396 INFO: Epoch 19, Train Loss: 0.3879165429818003, Test Loss: 0.33622149638831617, Inverse Test Loss: 16532.27528483073 
2025-02-20 16:39:38,953 INFO: Epoch 20, Train Loss: 0.41045414669471875, Test Loss: 0.334098781645298, Inverse Test Loss: 16427.899536132812 
2025-02-20 16:39:40,372 INFO: Epoch 21, Train Loss: 0.3782961620508056, Test Loss: 0.33044837216536205, Inverse Test Loss: 16248.405350748699 
2025-02-20 16:39:41,746 INFO: Epoch 22, Train Loss: 0.37510121888236, Test Loss: 0.326131342475613, Inverse Test Loss: 16036.134415690105 
2025-02-20 16:39:43,126 INFO: Epoch 23, Train Loss: 0.3737651172437166, Test Loss: 0.32344675101339815, Inverse Test Loss: 15904.13095703125 
2025-02-20 16:39:44,506 INFO: Epoch 24, Train Loss: 0.37778144656566154, Test Loss: 0.3262333492437998, Inverse Test Loss: 16041.14990234375 
2025-02-20 16:39:46,009 INFO: Epoch 25, Train Loss: 0.3670882611421117, Test Loss: 0.31816588044166566, Inverse Test Loss: 15644.46641438802 
2025-02-20 16:39:47,444 INFO: Epoch 26, Train Loss: 0.3721671603750764, Test Loss: 0.31944289517899355, Inverse Test Loss: 15707.257666015625 
2025-02-20 16:39:48,901 INFO: Epoch 27, Train Loss: 0.3603233820513675, Test Loss: 0.3142957436541716, Inverse Test Loss: 15454.168123372396 
2025-02-20 16:39:50,337 INFO: Epoch 28, Train Loss: 0.3572431682494649, Test Loss: 0.3127096198499203, Inverse Test Loss: 15376.177490234375 
2025-02-20 16:39:51,809 INFO: Epoch 29, Train Loss: 0.35163180268647376, Test Loss: 0.30807719081640245, Inverse Test Loss: 15148.396818033854 
2025-02-20 16:39:53,331 INFO: Epoch 30, Train Loss: 0.3613060752027913, Test Loss: 0.3060941865046819, Inverse Test Loss: 15050.891748046875 
2025-02-20 16:39:54,718 INFO: Epoch 31, Train Loss: 0.354017961966364, Test Loss: 0.3075285186370214, Inverse Test Loss: 15121.417854817708 
2025-02-20 16:39:56,170 INFO: Epoch 32, Train Loss: 0.348506335103721, Test Loss: 0.3069847899178664, Inverse Test Loss: 15094.682804361979 
2025-02-20 16:39:57,579 INFO: Epoch 33, Train Loss: 0.3454662820226268, Test Loss: 0.3021481804549694, Inverse Test Loss: 14856.862849934896 
2025-02-20 16:39:59,013 INFO: Epoch 34, Train Loss: 0.3412623015934961, Test Loss: 0.3081037200987339, Inverse Test Loss: 15149.7009765625 
2025-02-20 16:40:00,476 INFO: Epoch 35, Train Loss: 0.3772293750131339, Test Loss: 0.30517341767748196, Inverse Test Loss: 15005.616625976563 
2025-02-20 16:40:01,939 INFO: Epoch 36, Train Loss: 0.3407708100582424, Test Loss: 0.30541284556190174, Inverse Test Loss: 15017.389453125 
2025-02-20 16:40:03,355 INFO: Epoch 37, Train Loss: 0.3331765291983621, Test Loss: 0.29628621513644854, Inverse Test Loss: 14568.625 
2025-02-20 16:40:04,818 INFO: Epoch 38, Train Loss: 0.33217408887126987, Test Loss: 0.2917456075549126, Inverse Test Loss: 14345.359456380209 
2025-02-20 16:40:06,328 INFO: Epoch 39, Train Loss: 0.3291016134776567, Test Loss: 0.29968135356903075, Inverse Test Loss: 14735.566927083333 
2025-02-20 16:40:07,797 INFO: Epoch 40, Train Loss: 0.3273638233281018, Test Loss: 0.2927159309387207, Inverse Test Loss: 14393.071321614583 
2025-02-20 16:40:09,272 INFO: Epoch 41, Train Loss: 0.32522964085403244, Test Loss: 0.2856020415822665, Inverse Test Loss: 14043.276188151041 
2025-02-20 16:40:10,722 INFO: Epoch 42, Train Loss: 0.32919145989836307, Test Loss: 0.28989854554335276, Inverse Test Loss: 14254.539029947917 
2025-02-20 16:40:12,301 INFO: Epoch 43, Train Loss: 0.3215788351862054, Test Loss: 0.28443228552738825, Inverse Test Loss: 13985.7583984375 
2025-02-20 16:40:13,913 INFO: Epoch 44, Train Loss: 0.3277392813511062, Test Loss: 0.2857862462600072, Inverse Test Loss: 14052.33388671875 
2025-02-20 16:40:15,456 INFO: Epoch 45, Train Loss: 0.31505587082682995, Test Loss: 0.2899104336897532, Inverse Test Loss: 14255.123616536459 
2025-02-20 16:40:16,854 INFO: Epoch 46, Train Loss: 0.31727429361719833, Test Loss: 0.2820034017165502, Inverse Test Loss: 13866.328157552083 
2025-02-20 16:40:18,242 INFO: Epoch 47, Train Loss: 0.316044299487482, Test Loss: 0.28538448413213097, Inverse Test Loss: 14032.579231770833 
2025-02-20 16:40:19,639 INFO: Epoch 48, Train Loss: 0.31391057738086636, Test Loss: 0.2781814749042193, Inverse Test Loss: 13678.401529947916 
2025-02-20 16:40:21,184 INFO: Epoch 49, Train Loss: 0.3107564054560243, Test Loss: 0.28381086736917494, Inverse Test Loss: 13955.202783203125 
2025-02-20 16:40:22,686 INFO: Epoch 50, Train Loss: 0.31617584406283866, Test Loss: 0.2947983622550964, Inverse Test Loss: 14495.466194661458 
2025-02-20 16:40:24,389 INFO: Epoch 51, Train Loss: 0.309979367151595, Test Loss: 0.2788195257385572, Inverse Test Loss: 13709.775341796874 
2025-02-20 16:40:25,873 INFO: Epoch 52, Train Loss: 0.30638490983268674, Test Loss: 0.27539228995641074, Inverse Test Loss: 13541.254817708334 
2025-02-20 16:40:27,410 INFO: Epoch 53, Train Loss: 0.31607101648523095, Test Loss: 0.27301782270272573, Inverse Test Loss: 13424.500162760416 
2025-02-20 16:40:28,918 INFO: Epoch 54, Train Loss: 0.31156561641316666, Test Loss: 0.27264859825372695, Inverse Test Loss: 13406.345149739584 
2025-02-20 16:40:30,426 INFO: Epoch 55, Train Loss: 0.3038394447219999, Test Loss: 0.27160081565380095, Inverse Test Loss: 13354.825423177082 
2025-02-20 16:40:31,894 INFO: Epoch 56, Train Loss: 0.30398928831543837, Test Loss: 0.27116320133209226, Inverse Test Loss: 13333.307291666666 
2025-02-20 16:40:33,374 INFO: Epoch 57, Train Loss: 0.29478499371754496, Test Loss: 0.2786906818548838, Inverse Test Loss: 13703.43974609375 
2025-02-20 16:40:34,826 INFO: Epoch 58, Train Loss: 0.29939642417849155, Test Loss: 0.2730552266041438, Inverse Test Loss: 13426.339778645834 
2025-02-20 16:40:36,332 INFO: Epoch 59, Train Loss: 0.29857102062618524, Test Loss: 0.27499809910853706, Inverse Test Loss: 13521.871940104167 
2025-02-20 16:40:37,812 INFO: Epoch 60, Train Loss: 0.30624112748263177, Test Loss: 0.2688187897205353, Inverse Test Loss: 13218.030598958334 
2025-02-20 16:40:39,267 INFO: Epoch 61, Train Loss: 0.3028666471180163, Test Loss: 0.285099129875501, Inverse Test Loss: 14018.548014322916 
2025-02-20 16:40:40,697 INFO: Epoch 62, Train Loss: 0.29547116238819926, Test Loss: 0.27842465539773303, Inverse Test Loss: 13690.358040364583 
2025-02-20 16:40:42,129 INFO: Epoch 63, Train Loss: 0.29253264229025755, Test Loss: 0.28980839749177295, Inverse Test Loss: 14250.105826822917 
2025-02-20 16:40:43,590 INFO: Epoch 64, Train Loss: 0.3023218601419215, Test Loss: 0.2670431057612101, Inverse Test Loss: 13130.719401041666 
2025-02-20 16:40:45,003 INFO: Epoch 65, Train Loss: 0.29307791276981954, Test Loss: 0.26751467287540437, Inverse Test Loss: 13153.9064453125 
2025-02-20 16:40:46,378 INFO: Epoch 66, Train Loss: 0.29033741616366204, Test Loss: 0.2716761380434036, Inverse Test Loss: 13358.529134114584 
2025-02-20 16:40:47,772 INFO: Epoch 67, Train Loss: 0.2893103308844985, Test Loss: 0.26909445474545163, Inverse Test Loss: 13231.585481770833 
2025-02-20 16:40:49,254 INFO: Epoch 68, Train Loss: 0.2883346465073134, Test Loss: 0.2731564477086067, Inverse Test Loss: 13431.31708984375 
2025-02-20 16:40:50,734 INFO: Epoch 69, Train Loss: 0.2873343711620883, Test Loss: 0.268032605946064, Inverse Test Loss: 13179.373404947917 
2025-02-20 16:40:52,389 INFO: Epoch 70, Train Loss: 0.28506614032544586, Test Loss: 0.2676738555232684, Inverse Test Loss: 13161.733170572918 
2025-02-20 16:40:53,991 INFO: Epoch 71, Train Loss: 0.2853772650685227, Test Loss: 0.2620046099026998, Inverse Test Loss: 12882.97265625 
2025-02-20 16:40:55,573 INFO: Epoch 72, Train Loss: 0.2861581070904146, Test Loss: 0.26087310165166855, Inverse Test Loss: 12827.335384114584 
2025-02-20 16:40:57,042 INFO: Epoch 73, Train Loss: 0.2855673461106786, Test Loss: 0.26138370533784233, Inverse Test Loss: 12852.4427734375 
2025-02-20 16:40:58,455 INFO: Epoch 74, Train Loss: 0.2848226302548459, Test Loss: 0.26200275619824726, Inverse Test Loss: 12882.881087239582 
2025-02-20 16:40:59,854 INFO: Epoch 75, Train Loss: 0.28117790818214417, Test Loss: 0.25893982549508415, Inverse Test Loss: 12732.274967447916 
2025-02-20 16:41:01,261 INFO: Epoch 76, Train Loss: 0.2841448679304959, Test Loss: 0.2987984170516332, Inverse Test Loss: 14692.152473958333 
2025-02-20 16:41:02,651 INFO: Epoch 77, Train Loss: 0.2812960312554711, Test Loss: 0.256934196750323, Inverse Test Loss: 12633.65634765625 
2025-02-20 16:41:04,116 INFO: Epoch 78, Train Loss: 0.2753452203775707, Test Loss: 0.25669266978899635, Inverse Test Loss: 12621.78037109375 
2025-02-20 16:41:05,485 INFO: Epoch 79, Train Loss: 0.2759246645789397, Test Loss: 0.25687480966250104, Inverse Test Loss: 12630.737044270832 
2025-02-20 16:41:06,842 INFO: Epoch 80, Train Loss: 0.27800489648392324, Test Loss: 0.2585885872443517, Inverse Test Loss: 12715.00390625 
2025-02-20 16:41:08,310 INFO: Epoch 81, Train Loss: 0.2768291258498242, Test Loss: 0.26899001399676004, Inverse Test Loss: 13226.450423177082 
2025-02-20 16:41:09,790 INFO: Epoch 82, Train Loss: 0.2727282138770087, Test Loss: 0.25613821744918824, Inverse Test Loss: 12594.517057291667 
2025-02-20 16:41:11,175 INFO: Epoch 83, Train Loss: 0.2734952187329008, Test Loss: 0.2577968170245489, Inverse Test Loss: 12676.072623697917 
2025-02-20 16:41:12,602 INFO: Epoch 84, Train Loss: 0.27533944604689614, Test Loss: 0.2552143250902494, Inverse Test Loss: 12549.088639322918 
2025-02-20 16:41:13,991 INFO: Epoch 85, Train Loss: 0.2785648355881373, Test Loss: 0.26059538026650747, Inverse Test Loss: 12813.679654947917 
2025-02-20 16:41:15,411 INFO: Epoch 86, Train Loss: 0.26693558000158846, Test Loss: 0.28152918418248496, Inverse Test Loss: 13843.011002604168 
2025-02-20 16:41:16,819 INFO: Epoch 87, Train Loss: 0.2725889983407238, Test Loss: 0.2553571378191312, Inverse Test Loss: 12556.11103515625 
2025-02-20 16:41:18,346 INFO: Epoch 88, Train Loss: 0.27250309366928904, Test Loss: 0.2633560130993525, Inverse Test Loss: 12949.421256510417 
2025-02-20 16:41:19,767 INFO: Epoch 89, Train Loss: 0.26371561213020694, Test Loss: 0.2750911091764768, Inverse Test Loss: 13526.44609375 
2025-02-20 16:41:21,205 INFO: Epoch 90, Train Loss: 0.26833559572696686, Test Loss: 0.25169468820095064, Inverse Test Loss: 12376.02587890625 
2025-02-20 16:41:22,700 INFO: Epoch 91, Train Loss: 0.2723508751706073, Test Loss: 0.2522113929192225, Inverse Test Loss: 12401.432552083334 
2025-02-20 16:41:24,179 INFO: Epoch 92, Train Loss: 0.2696204509651452, Test Loss: 0.2564285725355148, Inverse Test Loss: 12608.79443359375 
2025-02-20 16:41:25,600 INFO: Epoch 93, Train Loss: 0.2710841334702676, Test Loss: 0.2508644620577494, Inverse Test Loss: 12335.202311197916 
2025-02-20 16:41:27,120 INFO: Epoch 94, Train Loss: 0.2626148762932995, Test Loss: 0.2636824145913124, Inverse Test Loss: 12965.470670572917 
2025-02-20 16:41:28,569 INFO: Epoch 95, Train Loss: 0.2637821613696584, Test Loss: 0.2611791362365087, Inverse Test Loss: 12842.38251953125 
2025-02-20 16:41:30,046 INFO: Epoch 96, Train Loss: 0.2675925778192386, Test Loss: 0.2494467337926229, Inverse Test Loss: 12265.492317708333 
2025-02-20 16:41:31,474 INFO: Epoch 97, Train Loss: 0.2603995770934904, Test Loss: 0.24885770827531814, Inverse Test Loss: 12236.529654947917 
2025-02-20 16:41:32,928 INFO: Epoch 98, Train Loss: 0.25186940498257937, Test Loss: 0.2589971343676249, Inverse Test Loss: 12735.092350260416 
2025-02-20 16:41:34,353 INFO: Epoch 99, Train Loss: 0.25479429019124883, Test Loss: 0.2544557293256124, Inverse Test Loss: 12511.78779296875 
2025-02-20 16:41:35,825 INFO: Epoch 100, Train Loss: 0.26974345769798547, Test Loss: 0.2458000679810842, Inverse Test Loss: 12086.1822265625 
2025-02-20 16:41:35,826 INFO: Best Epoch 100, Best Test Loss: 0.2458000679810842, Inverse Test Loss: 12086.1822265625 
2025-02-20 16:41:37,208 INFO: Epoch 101, Train Loss: 0.25881869123693096, Test Loss: 0.2526016801595688, Inverse Test Loss: 12420.6232421875 
2025-02-20 16:41:38,631 INFO: Epoch 102, Train Loss: 0.25706640670174047, Test Loss: 0.26246654788653057, Inverse Test Loss: 12905.686197916666 
2025-02-20 16:41:40,049 INFO: Epoch 103, Train Loss: 0.25548053859618675, Test Loss: 0.2500816320379575, Inverse Test Loss: 12296.710319010417 
2025-02-20 16:41:41,540 INFO: Epoch 104, Train Loss: 0.25735714953196676, Test Loss: 0.24635585447152455, Inverse Test Loss: 12113.510904947916 
2025-02-20 16:41:42,936 INFO: Epoch 105, Train Loss: 0.2549007914045401, Test Loss: 0.24606482287247974, Inverse Test Loss: 12099.200358072916 
2025-02-20 16:41:44,361 INFO: Epoch 106, Train Loss: 0.25439279278119403, Test Loss: 0.2446436156829198, Inverse Test Loss: 12029.318717447917 
2025-02-20 16:41:45,797 INFO: Epoch 107, Train Loss: 0.2526535444092332, Test Loss: 0.24032713274161022, Inverse Test Loss: 11817.0736328125 
2025-02-20 16:41:47,386 INFO: Epoch 108, Train Loss: 0.25032944742001983, Test Loss: 0.24735135237375896, Inverse Test Loss: 12162.459798177084 
2025-02-20 16:41:49,021 INFO: Epoch 109, Train Loss: 0.2714097973024636, Test Loss: 0.24136790186166762, Inverse Test Loss: 11868.249772135418 
2025-02-20 16:41:50,502 INFO: Epoch 110, Train Loss: 0.2590918161889963, Test Loss: 0.2543527866403262, Inverse Test Loss: 12506.726236979166 
2025-02-20 16:41:51,967 INFO: Epoch 111, Train Loss: 0.24793965696242817, Test Loss: 0.23839380542437236, Inverse Test Loss: 11722.010709635417 
2025-02-20 16:41:53,404 INFO: Epoch 112, Train Loss: 0.2503229343054587, Test Loss: 0.251375953356425, Inverse Test Loss: 12360.352473958334 
2025-02-20 16:41:54,782 INFO: Epoch 113, Train Loss: 0.24567097203250518, Test Loss: 0.2581653396288554, Inverse Test Loss: 12694.192203776041 
2025-02-20 16:41:56,191 INFO: Epoch 114, Train Loss: 0.250219886763054, Test Loss: 0.23941620190938315, Inverse Test Loss: 11772.282877604166 
2025-02-20 16:41:57,562 INFO: Epoch 115, Train Loss: 0.25135808085140426, Test Loss: 0.23519879430532456, Inverse Test Loss: 11564.908951822918 
2025-02-20 16:41:58,926 INFO: Epoch 116, Train Loss: 0.24984525640805563, Test Loss: 0.2508206933736801, Inverse Test Loss: 12333.050325520833 
2025-02-20 16:42:00,287 INFO: Epoch 117, Train Loss: 0.24608678449141352, Test Loss: 0.24018182804187138, Inverse Test Loss: 11809.928873697916 
2025-02-20 16:42:01,718 INFO: Epoch 118, Train Loss: 0.24687479906960538, Test Loss: 0.23928319166103998, Inverse Test Loss: 11765.742610677084 
2025-02-20 16:42:03,180 INFO: Epoch 119, Train Loss: 0.23965078958293848, Test Loss: 0.24481710692246755, Inverse Test Loss: 12037.84912109375 
2025-02-20 16:42:04,564 INFO: Epoch 120, Train Loss: 0.23934525630453177, Test Loss: 0.23689141074816386, Inverse Test Loss: 11648.136295572916 
2025-02-20 16:42:05,935 INFO: Epoch 121, Train Loss: 0.23960795671793453, Test Loss: 0.24996162354946136, Inverse Test Loss: 12290.809033203124 
2025-02-20 16:42:07,356 INFO: Epoch 122, Train Loss: 0.2387827977276685, Test Loss: 0.2383472422758738, Inverse Test Loss: 11719.720589192708 
2025-02-20 16:42:08,748 INFO: Epoch 123, Train Loss: 0.24371006405144408, Test Loss: 0.24265291094779967, Inverse Test Loss: 11931.434130859376 
2025-02-20 16:42:10,219 INFO: Epoch 124, Train Loss: 0.2504465930294572, Test Loss: 0.22825324336687725, Inverse Test Loss: 11223.391048177084 
