2025-01-11 12:44:57,946 INFO: namespace(name='FTTransformer') 
2025-01-11 12:44:57,946 INFO: Dataset:YA 
2025-01-11 12:44:57,946 INFO: ------Begin Training Model------ 
2025-01-11 12:45:06,583 INFO: Epoch 1, Train Loss: 0.9358007464408874, Test Loss: 0.8554236181080341, Inverse Test Loss: 0.29310211539268494 
2025-01-11 12:45:11,379 INFO: Epoch 2, Train Loss: 0.8713910026550293, Test Loss: 0.8587465398013592, Inverse Test Loss: 0.2772830128669739 
2025-01-11 12:45:16,175 INFO: Epoch 3, Train Loss: 0.8563808932304382, Test Loss: 0.8287851214408875, Inverse Test Loss: 0.27885696291923523 
2025-01-11 12:45:20,994 INFO: Epoch 4, Train Loss: 0.8449872832298279, Test Loss: 0.8263864424079657, Inverse Test Loss: 0.2912716269493103 
2025-01-11 12:45:25,760 INFO: Epoch 5, Train Loss: 0.8351915130615234, Test Loss: 0.8211996126919985, Inverse Test Loss: 0.2864539325237274 
2025-01-11 12:45:30,497 INFO: Epoch 6, Train Loss: 0.8300377492904663, Test Loss: 0.8262133039534092, Inverse Test Loss: 0.2754729688167572 
2025-01-11 12:45:35,248 INFO: Epoch 7, Train Loss: 0.821193916797638, Test Loss: 0.8299563154578209, Inverse Test Loss: 0.2772018313407898 
2025-01-11 12:45:40,019 INFO: Epoch 8, Train Loss: 0.8250006885528565, Test Loss: 0.9355219732969999, Inverse Test Loss: 0.26856547594070435 
2025-01-11 12:45:44,780 INFO: Epoch 9, Train Loss: 0.8170821018218994, Test Loss: 0.8112000115215778, Inverse Test Loss: 0.2661944031715393 
2025-01-11 12:45:49,538 INFO: Epoch 10, Train Loss: 0.8060338983535766, Test Loss: 0.8242070823907852, Inverse Test Loss: 0.2873818278312683 
2025-01-11 12:45:54,305 INFO: Epoch 11, Train Loss: 0.8021141891479492, Test Loss: 0.8232039045542479, Inverse Test Loss: 0.2697090208530426 
2025-01-11 12:45:59,073 INFO: Epoch 12, Train Loss: 0.7959370427131652, Test Loss: 0.8111929222941399, Inverse Test Loss: 0.2925735414028168 
2025-01-11 12:46:03,856 INFO: Epoch 13, Train Loss: 0.79239381980896, Test Loss: 0.8067713659256697, Inverse Test Loss: 0.2846620976924896 
2025-01-11 12:46:08,657 INFO: Epoch 14, Train Loss: 0.7942662386894226, Test Loss: 0.8049004413187504, Inverse Test Loss: 0.2625246047973633 
2025-01-11 12:46:13,444 INFO: Epoch 15, Train Loss: 0.7758499646186828, Test Loss: 0.7965638693422079, Inverse Test Loss: 0.25734901428222656 
2025-01-11 12:46:18,224 INFO: Epoch 16, Train Loss: 0.7757692656517029, Test Loss: 0.8164379075169563, Inverse Test Loss: 0.2653578519821167 
2025-01-11 12:46:22,975 INFO: Epoch 17, Train Loss: 0.7743878865242004, Test Loss: 0.8053523451089859, Inverse Test Loss: 0.2635207176208496 
2025-01-11 12:46:27,743 INFO: Epoch 18, Train Loss: 0.7640320458412171, Test Loss: 0.8061262238770723, Inverse Test Loss: 0.2611031234264374 
2025-01-11 12:46:32,535 INFO: Epoch 19, Train Loss: 0.7498623070716858, Test Loss: 0.816740594804287, Inverse Test Loss: 0.24951495230197906 
2025-01-11 12:46:37,319 INFO: Epoch 20, Train Loss: 0.7543433194160462, Test Loss: 0.7981521859765053, Inverse Test Loss: 0.2551574110984802 
2025-01-11 12:46:42,112 INFO: Epoch 21, Train Loss: 0.7456645822525024, Test Loss: 0.8061337191611528, Inverse Test Loss: 0.2464408427476883 
2025-01-11 12:46:46,916 INFO: Epoch 22, Train Loss: 0.7441239132881164, Test Loss: 0.8176817689090967, Inverse Test Loss: 0.24932202696800232 
2025-01-11 12:46:51,717 INFO: Epoch 23, Train Loss: 0.7366341018676758, Test Loss: 0.8030068147927523, Inverse Test Loss: 0.2379889041185379 
2025-01-11 12:46:56,521 INFO: Epoch 24, Train Loss: 0.7260549039840698, Test Loss: 0.80820432305336, Inverse Test Loss: 0.2530599534511566 
2025-01-11 12:47:01,317 INFO: Epoch 25, Train Loss: 0.722295759677887, Test Loss: 0.8116598576307297, Inverse Test Loss: 0.247545525431633 
2025-01-11 12:47:06,112 INFO: Epoch 26, Train Loss: 0.7108842120170593, Test Loss: 0.7932430319488049, Inverse Test Loss: 0.2300380915403366 
2025-01-11 12:47:10,899 INFO: Epoch 27, Train Loss: 0.7090682182312011, Test Loss: 0.8035865761339664, Inverse Test Loss: 0.24758504331111908 
2025-01-11 12:47:15,695 INFO: Epoch 28, Train Loss: 0.7001171288490295, Test Loss: 0.8183538690209389, Inverse Test Loss: 0.2360193431377411 
2025-01-11 12:47:20,479 INFO: Epoch 29, Train Loss: 0.6937861022949219, Test Loss: 0.8107172083109617, Inverse Test Loss: 0.2434999942779541 
2025-01-11 12:47:25,278 INFO: Epoch 30, Train Loss: 0.6830437960624695, Test Loss: 0.8170155398547649, Inverse Test Loss: 0.21954870223999023 
2025-01-11 12:47:30,077 INFO: Epoch 31, Train Loss: 0.6773605120182037, Test Loss: 0.8269337043166161, Inverse Test Loss: 0.228854700922966 
2025-01-11 12:47:34,865 INFO: Epoch 32, Train Loss: 0.6739594688415528, Test Loss: 0.8300270568579435, Inverse Test Loss: 0.23051230609416962 
2025-01-11 12:47:39,683 INFO: Epoch 33, Train Loss: 0.6578837161064148, Test Loss: 0.8347440417855978, Inverse Test Loss: 0.2067354917526245 
2025-01-11 12:47:44,490 INFO: Epoch 34, Train Loss: 0.6555869953632355, Test Loss: 0.7996589373797178, Inverse Test Loss: 0.2529577314853668 
2025-01-11 12:47:49,300 INFO: Epoch 35, Train Loss: 0.6583673069477082, Test Loss: 0.8066086247563362, Inverse Test Loss: 0.20864373445510864 
2025-01-11 12:47:54,122 INFO: Epoch 36, Train Loss: 0.6479674906730651, Test Loss: 0.8080333210527897, Inverse Test Loss: 0.21594160795211792 
2025-01-11 12:47:58,903 INFO: Epoch 37, Train Loss: 0.6356428973674774, Test Loss: 0.796268455684185, Inverse Test Loss: 0.23199592530727386 
2025-01-11 12:48:03,709 INFO: Epoch 38, Train Loss: 0.6380255570411683, Test Loss: 0.8108802381902933, Inverse Test Loss: 0.22528615593910217 
2025-01-11 12:48:08,503 INFO: Epoch 39, Train Loss: 0.6211182770729065, Test Loss: 0.8214936200529337, Inverse Test Loss: 0.2327270805835724 
2025-01-11 12:48:13,307 INFO: Epoch 40, Train Loss: 0.6211342961788178, Test Loss: 0.8198756743222475, Inverse Test Loss: 0.24376073479652405 
2025-01-11 12:48:18,103 INFO: Epoch 41, Train Loss: 0.6140828170776367, Test Loss: 0.8297922313213348, Inverse Test Loss: 0.25657954812049866 
2025-01-11 12:48:22,932 INFO: Epoch 42, Train Loss: 0.6045937852859498, Test Loss: 0.8054953180253506, Inverse Test Loss: 0.23130783438682556 
2025-01-11 12:48:27,741 INFO: Epoch 43, Train Loss: 0.5968522167205811, Test Loss: 0.8356607258319855, Inverse Test Loss: 0.2198767513036728 
2025-01-11 12:48:32,536 INFO: Epoch 44, Train Loss: 0.5957289364337921, Test Loss: 0.815328199416399, Inverse Test Loss: 0.22371499240398407 
2025-01-11 12:48:37,332 INFO: Epoch 45, Train Loss: 0.5880432443618775, Test Loss: 0.8333533499389887, Inverse Test Loss: 0.25648579001426697 
2025-01-11 12:48:42,131 INFO: Epoch 46, Train Loss: 0.5760647337436676, Test Loss: 0.8298086561262608, Inverse Test Loss: 0.2459295243024826 
2025-01-11 12:48:46,938 INFO: Epoch 47, Train Loss: 0.5714937927722931, Test Loss: 0.8380009047687054, Inverse Test Loss: 0.25598806142807007 
2025-01-11 12:48:51,744 INFO: Epoch 48, Train Loss: 0.5611781425476075, Test Loss: 0.8121280372142792, Inverse Test Loss: 0.21656157076358795 
2025-01-11 12:48:56,542 INFO: Epoch 49, Train Loss: 0.5595566608905792, Test Loss: 0.8286962676793337, Inverse Test Loss: 0.25797125697135925 
2025-01-11 12:49:01,358 INFO: Epoch 50, Train Loss: 0.5535884392261505, Test Loss: 0.8203362766653299, Inverse Test Loss: 0.2072475105524063 
2025-01-11 12:49:06,159 INFO: Epoch 51, Train Loss: 0.5545620934963227, Test Loss: 0.8309529852122068, Inverse Test Loss: 0.2563704550266266 
2025-01-11 12:49:10,967 INFO: Epoch 52, Train Loss: 0.5443603298664093, Test Loss: 0.8294523768126965, Inverse Test Loss: 0.23099030554294586 
2025-01-11 12:49:15,792 INFO: Epoch 53, Train Loss: 0.5347804274559022, Test Loss: 0.8260386865586042, Inverse Test Loss: 0.22974561154842377 
2025-01-11 12:49:20,607 INFO: Epoch 54, Train Loss: 0.5418752627372742, Test Loss: 0.8350810743868351, Inverse Test Loss: 0.2871682941913605 
2025-01-11 12:49:25,416 INFO: Epoch 55, Train Loss: 0.5332511188983917, Test Loss: 0.827919814735651, Inverse Test Loss: 0.243418887257576 
2025-01-11 12:49:30,226 INFO: Epoch 56, Train Loss: 0.5202416949272156, Test Loss: 0.8111350834369659, Inverse Test Loss: 0.25789815187454224 
2025-01-11 12:49:35,034 INFO: Epoch 57, Train Loss: 0.513708714723587, Test Loss: 0.8281055632978678, Inverse Test Loss: 0.23837967216968536 
2025-01-11 12:49:39,803 INFO: Epoch 58, Train Loss: 0.5159165959358215, Test Loss: 0.8574901521205902, Inverse Test Loss: 0.2673906683921814 
2025-01-11 12:49:44,572 INFO: Epoch 59, Train Loss: 0.5021644330024719, Test Loss: 0.8558638654649258, Inverse Test Loss: 0.2480689287185669 
2025-01-11 12:49:49,369 INFO: Epoch 60, Train Loss: 0.5007757234573365, Test Loss: 0.8436015397310257, Inverse Test Loss: 0.26017534732818604 
2025-01-11 12:49:54,192 INFO: Epoch 61, Train Loss: 0.4975105662345886, Test Loss: 0.8545399084687233, Inverse Test Loss: 0.26995640993118286 
2025-01-11 12:49:58,978 INFO: Epoch 62, Train Loss: 0.4949637656211853, Test Loss: 0.8436644375324249, Inverse Test Loss: 0.23734015226364136 
2025-01-11 12:50:03,771 INFO: Epoch 63, Train Loss: 0.4903327221870422, Test Loss: 0.8371425159275532, Inverse Test Loss: 0.2758779525756836 
2025-01-11 12:50:08,572 INFO: Epoch 64, Train Loss: 0.48078947377204895, Test Loss: 0.8305179197341204, Inverse Test Loss: 0.25604715943336487 
2025-01-11 12:50:13,381 INFO: Epoch 65, Train Loss: 0.4779254446029663, Test Loss: 0.8283072896301746, Inverse Test Loss: 0.269450306892395 
2025-01-11 12:50:18,182 INFO: Epoch 66, Train Loss: 0.47196470594406126, Test Loss: 0.8356594778597355, Inverse Test Loss: 0.26724961400032043 
2025-01-11 12:50:22,989 INFO: Epoch 67, Train Loss: 0.46797651243209837, Test Loss: 0.8208261542022228, Inverse Test Loss: 0.24256645143032074 
2025-01-11 12:50:27,815 INFO: Epoch 68, Train Loss: 0.46878456068038943, Test Loss: 0.8284971937537193, Inverse Test Loss: 0.26229143142700195 
2025-01-11 12:50:32,611 INFO: Epoch 69, Train Loss: 0.4628108522891998, Test Loss: 0.8244777116924524, Inverse Test Loss: 0.25227075815200806 
2025-01-11 12:50:37,394 INFO: Epoch 70, Train Loss: 0.45793018317222595, Test Loss: 0.8254779521375895, Inverse Test Loss: 0.2491128146648407 
2025-01-11 12:50:42,195 INFO: Epoch 71, Train Loss: 0.45158635592460633, Test Loss: 0.8474779296666384, Inverse Test Loss: 0.26830437779426575 
2025-01-11 12:50:46,987 INFO: Epoch 72, Train Loss: 0.45237711358070376, Test Loss: 0.8289709407836199, Inverse Test Loss: 0.25842833518981934 
2025-01-11 12:50:51,771 INFO: Epoch 73, Train Loss: 0.4462515480518341, Test Loss: 0.8468406014144421, Inverse Test Loss: 0.25247421860694885 
2025-01-11 12:50:56,557 INFO: Epoch 74, Train Loss: 0.43775944209098816, Test Loss: 0.8321374878287315, Inverse Test Loss: 0.2446051985025406 
2025-01-11 12:51:01,345 INFO: Epoch 75, Train Loss: 0.43178637290000915, Test Loss: 0.8347394727170467, Inverse Test Loss: 0.2500050961971283 
2025-01-11 12:51:06,142 INFO: Epoch 76, Train Loss: 0.4320375909805298, Test Loss: 0.8319857325404882, Inverse Test Loss: 0.21563918888568878 
2025-01-11 12:51:10,924 INFO: Epoch 77, Train Loss: 0.4322666130065918, Test Loss: 0.8219475075602531, Inverse Test Loss: 0.20949918031692505 
2025-01-11 12:51:15,699 INFO: Epoch 78, Train Loss: 0.42604006147384643, Test Loss: 0.8149568568915129, Inverse Test Loss: 0.22611382603645325 
2025-01-11 12:51:20,476 INFO: Epoch 79, Train Loss: 0.4214579598903656, Test Loss: 0.8196326848119497, Inverse Test Loss: 0.24911631643772125 
2025-01-11 12:51:25,231 INFO: Epoch 80, Train Loss: 0.42112574648857115, Test Loss: 0.8222573827952147, Inverse Test Loss: 0.24079322814941406 
2025-01-11 12:51:30,000 INFO: Epoch 81, Train Loss: 0.4187584507465363, Test Loss: 0.8161062207072973, Inverse Test Loss: 0.23028507828712463 
2025-01-11 12:51:34,779 INFO: Epoch 82, Train Loss: 0.4288788824081421, Test Loss: 0.8286452759057283, Inverse Test Loss: 0.22441142797470093 
2025-01-11 12:51:39,546 INFO: Epoch 83, Train Loss: 0.4066475224494934, Test Loss: 0.8335293885320425, Inverse Test Loss: 0.26539063453674316 
2025-01-11 12:51:44,323 INFO: Epoch 84, Train Loss: 0.4078353958129883, Test Loss: 0.8206192310899496, Inverse Test Loss: 0.2606155276298523 
2025-01-11 12:51:49,085 INFO: Epoch 85, Train Loss: 0.4056650524139404, Test Loss: 0.8234907351434231, Inverse Test Loss: 0.23511143028736115 
2025-01-11 12:51:53,856 INFO: Epoch 86, Train Loss: 0.3961463418006897, Test Loss: 0.8228847701102495, Inverse Test Loss: 0.2242245078086853 
2025-01-11 12:51:58,614 INFO: Epoch 87, Train Loss: 0.39251745653152464, Test Loss: 0.8201314937323332, Inverse Test Loss: 0.23858870565891266 
2025-01-11 12:52:03,385 INFO: Epoch 88, Train Loss: 0.3867761106491089, Test Loss: 0.8263785615563393, Inverse Test Loss: 0.23860876262187958 
2025-01-11 12:52:08,157 INFO: Epoch 89, Train Loss: 0.38986071276664735, Test Loss: 0.8280429821461439, Inverse Test Loss: 0.2651081681251526 
2025-01-11 12:52:12,954 INFO: Epoch 90, Train Loss: 0.3904654679298401, Test Loss: 0.8433415368199348, Inverse Test Loss: 0.23235845565795898 
2025-01-11 12:52:17,707 INFO: Epoch 91, Train Loss: 0.3795930709838867, Test Loss: 0.8353269565850496, Inverse Test Loss: 0.25343671441078186 
2025-01-11 12:52:22,500 INFO: Epoch 92, Train Loss: 0.382513082742691, Test Loss: 0.8308900389820337, Inverse Test Loss: 0.2218731790781021 
2025-01-11 12:52:27,276 INFO: Epoch 93, Train Loss: 0.38193834137916566, Test Loss: 0.8341289684176445, Inverse Test Loss: 0.22786357998847961 
2025-01-11 12:52:32,047 INFO: Epoch 94, Train Loss: 0.37499096703529355, Test Loss: 0.8398412019014359, Inverse Test Loss: 0.2321448028087616 
2025-01-11 12:52:36,801 INFO: Epoch 95, Train Loss: 0.37680445075035096, Test Loss: 0.8264506701380014, Inverse Test Loss: 0.2342163324356079 
2025-01-11 12:52:41,591 INFO: Epoch 96, Train Loss: 0.37332981324195863, Test Loss: 0.8350166045129299, Inverse Test Loss: 0.2611920237541199 
2025-01-11 12:52:46,338 INFO: Epoch 97, Train Loss: 0.3652037515640259, Test Loss: 0.8401990551501513, Inverse Test Loss: 0.25555655360221863 
2025-01-11 12:52:51,115 INFO: Epoch 98, Train Loss: 0.3668524053096771, Test Loss: 0.8235535733401775, Inverse Test Loss: 0.25603625178337097 
2025-01-11 12:52:55,902 INFO: Epoch 99, Train Loss: 0.3575800747871399, Test Loss: 0.8323780745267868, Inverse Test Loss: 0.26924294233322144 
2025-01-11 12:53:00,692 INFO: Epoch 100, Train Loss: 0.357217600107193, Test Loss: 0.8311858400702477, Inverse Test Loss: 0.26097336411476135 
2025-01-11 12:53:00,692 INFO: Best Epoch 26, Best Test Loss: 0.7932430319488049 
2025-01-11 12:53:05,496 INFO: Epoch 101, Train Loss: 0.35812437438964845, Test Loss: 0.8540181368589401, Inverse Test Loss: 0.26473331451416016 
2025-01-11 12:53:10,299 INFO: Epoch 102, Train Loss: 0.35266157603263854, Test Loss: 0.8360521215945482, Inverse Test Loss: 0.26138409972190857 
2025-01-11 12:53:15,073 INFO: Epoch 103, Train Loss: 0.35502998518943785, Test Loss: 0.8429112657904625, Inverse Test Loss: 0.27800124883651733 
2025-01-11 12:53:19,850 INFO: Epoch 104, Train Loss: 0.35232415556907654, Test Loss: 0.8346592970192432, Inverse Test Loss: 0.2656911015510559 
2025-01-11 12:53:24,619 INFO: Epoch 105, Train Loss: 0.34978618240356446, Test Loss: 0.8311981465667486, Inverse Test Loss: 0.23828552663326263 
2025-01-11 12:53:29,398 INFO: Epoch 106, Train Loss: 0.3472806725502014, Test Loss: 0.8361972849816084, Inverse Test Loss: 0.2538442313671112 
2025-01-11 12:53:34,171 INFO: Epoch 107, Train Loss: 0.3401281695365906, Test Loss: 0.8327413033694029, Inverse Test Loss: 0.2621538043022156 
2025-01-11 12:53:38,966 INFO: Epoch 108, Train Loss: 0.3423254525661468, Test Loss: 0.8393287770450115, Inverse Test Loss: 0.231400266289711 
2025-01-11 12:53:43,773 INFO: Epoch 109, Train Loss: 0.3326029789447784, Test Loss: 0.8362458348274231, Inverse Test Loss: 0.24094048142433167 
2025-01-11 12:53:48,546 INFO: Epoch 110, Train Loss: 0.33485726737976074, Test Loss: 0.836807943880558, Inverse Test Loss: 0.26146286725997925 
2025-01-11 12:53:53,334 INFO: Epoch 111, Train Loss: 0.3318978130817413, Test Loss: 0.8311779908835888, Inverse Test Loss: 0.2765011787414551 
2025-01-11 12:53:58,096 INFO: Epoch 112, Train Loss: 0.3297135684490204, Test Loss: 0.84705357439816, Inverse Test Loss: 0.27041390538215637 
2025-01-11 12:54:02,869 INFO: Epoch 113, Train Loss: 0.3275534198284149, Test Loss: 0.8483585845679045, Inverse Test Loss: 0.2484266757965088 
2025-01-11 12:54:07,654 INFO: Epoch 114, Train Loss: 0.32362935638427737, Test Loss: 0.8339833654463291, Inverse Test Loss: 0.24400530755519867 
2025-01-11 12:54:12,430 INFO: Epoch 115, Train Loss: 0.3264742486476898, Test Loss: 0.8337000478059053, Inverse Test Loss: 0.2182275354862213 
2025-01-11 12:54:17,214 INFO: Epoch 116, Train Loss: 0.3221985220909119, Test Loss: 0.8338762987405062, Inverse Test Loss: 0.2655507028102875 
2025-01-11 12:54:22,000 INFO: Epoch 117, Train Loss: 0.3189980082511902, Test Loss: 0.8246817924082279, Inverse Test Loss: 0.2767050564289093 
2025-01-11 12:54:26,759 INFO: Epoch 118, Train Loss: 0.31486616826057434, Test Loss: 0.8432489410042763, Inverse Test Loss: 0.2744848430156708 
2025-01-11 12:54:31,534 INFO: Epoch 119, Train Loss: 0.31130161476135254, Test Loss: 0.8272603116929531, Inverse Test Loss: 0.23207662999629974 
2025-01-11 12:54:36,328 INFO: Epoch 120, Train Loss: 0.3118503015041351, Test Loss: 0.8231418076902628, Inverse Test Loss: 0.23620834946632385 
2025-01-11 12:54:41,110 INFO: Epoch 121, Train Loss: 0.31074297094345094, Test Loss: 0.8312761057168245, Inverse Test Loss: 0.24825461208820343 
2025-01-11 12:54:45,862 INFO: Epoch 122, Train Loss: 0.30496240746974945, Test Loss: 0.828323982656002, Inverse Test Loss: 0.2626040577888489 
2025-01-11 12:54:50,645 INFO: Epoch 123, Train Loss: 0.3076092722415924, Test Loss: 0.8340294882655144, Inverse Test Loss: 0.2280799150466919 
2025-01-11 12:54:55,417 INFO: Epoch 124, Train Loss: 0.30551361191272736, Test Loss: 0.8292613811790943, Inverse Test Loss: 0.24854333698749542 
2025-01-11 12:55:00,216 INFO: Epoch 125, Train Loss: 0.30110391235351563, Test Loss: 0.8292737659066916, Inverse Test Loss: 0.22613614797592163 
2025-01-11 12:55:05,011 INFO: Epoch 126, Train Loss: 0.3031873941421509, Test Loss: 0.8312410917133093, Inverse Test Loss: 0.2334362417459488 
2025-01-11 12:55:09,805 INFO: Epoch 127, Train Loss: 0.29659954726696014, Test Loss: 0.8270867951214314, Inverse Test Loss: 0.25005069375038147 
2025-01-11 12:55:14,591 INFO: Epoch 128, Train Loss: 0.296075465798378, Test Loss: 0.8212812133133411, Inverse Test Loss: 0.22256627678871155 
2025-01-11 12:55:19,380 INFO: Epoch 129, Train Loss: 0.2969554731845856, Test Loss: 0.8448663502931595, Inverse Test Loss: 0.2717740535736084 
2025-01-11 12:55:24,151 INFO: Epoch 130, Train Loss: 0.2900762493610382, Test Loss: 0.8178165666759014, Inverse Test Loss: 0.24137021601200104 
2025-01-11 12:55:28,935 INFO: Epoch 131, Train Loss: 0.2940390681028366, Test Loss: 0.8215745594352484, Inverse Test Loss: 0.25458213686943054 
2025-01-11 12:55:33,738 INFO: Epoch 132, Train Loss: 0.28656497728824615, Test Loss: 0.8238964527845383, Inverse Test Loss: 0.23597705364227295 
2025-01-11 12:55:38,511 INFO: Epoch 133, Train Loss: 0.29409653532505037, Test Loss: 0.8308410961180925, Inverse Test Loss: 0.22962753474712372 
2025-01-11 12:55:43,303 INFO: Epoch 134, Train Loss: 0.28983850371837616, Test Loss: 0.8286616541445255, Inverse Test Loss: 0.26273584365844727 
2025-01-11 12:55:48,108 INFO: Epoch 135, Train Loss: 0.2864204233884811, Test Loss: 0.8348365612328053, Inverse Test Loss: 0.2465052604675293 
2025-01-11 12:55:52,903 INFO: Epoch 136, Train Loss: 0.2882115899324417, Test Loss: 0.8236717395484447, Inverse Test Loss: 0.2559749484062195 
2025-01-11 12:55:57,664 INFO: Epoch 137, Train Loss: 0.2796251231431961, Test Loss: 0.8459404017776251, Inverse Test Loss: 0.267805814743042 
2025-01-11 12:56:02,464 INFO: Epoch 138, Train Loss: 0.2780302240848541, Test Loss: 0.8315570242702961, Inverse Test Loss: 0.24216221272945404 
2025-01-11 12:56:07,269 INFO: Epoch 139, Train Loss: 0.2805178729295731, Test Loss: 0.8325904719531536, Inverse Test Loss: 0.2540874481201172 
2025-01-11 12:56:12,077 INFO: Epoch 140, Train Loss: 0.273840812087059, Test Loss: 0.8230657149106264, Inverse Test Loss: 0.26994723081588745 
2025-01-11 12:56:16,874 INFO: Epoch 141, Train Loss: 0.2717683707475662, Test Loss: 0.830799525603652, Inverse Test Loss: 0.23026908934116364 
2025-01-11 12:56:21,668 INFO: Epoch 142, Train Loss: 0.27157634234428407, Test Loss: 0.8311411254107952, Inverse Test Loss: 0.27963680028915405 
2025-01-11 12:56:26,454 INFO: Epoch 143, Train Loss: 0.27826698517799375, Test Loss: 0.8246421031653881, Inverse Test Loss: 0.2406436949968338 
2025-01-11 12:56:31,253 INFO: Epoch 144, Train Loss: 0.27015003085136413, Test Loss: 0.8393403310328722, Inverse Test Loss: 0.2772581875324249 
2025-01-11 12:56:36,046 INFO: Epoch 145, Train Loss: 0.2718205828666687, Test Loss: 0.8318292032927275, Inverse Test Loss: 0.27377861738204956 
2025-01-11 12:56:40,854 INFO: Epoch 146, Train Loss: 0.2681043918132782, Test Loss: 0.8371536582708359, Inverse Test Loss: 0.24542051553726196 
2025-01-11 12:56:45,639 INFO: Epoch 147, Train Loss: 0.26644347500801085, Test Loss: 0.8289310708642006, Inverse Test Loss: 0.2456972450017929 
2025-01-11 12:56:50,414 INFO: Epoch 148, Train Loss: 0.27092489516735074, Test Loss: 0.8305541854351759, Inverse Test Loss: 0.2407177835702896 
2025-01-11 12:56:55,206 INFO: Epoch 149, Train Loss: 0.269407855629921, Test Loss: 0.8247215691953897, Inverse Test Loss: 0.25873011350631714 
2025-01-11 12:57:00,002 INFO: Epoch 150, Train Loss: 0.264211229801178, Test Loss: 0.8179091159254313, Inverse Test Loss: 0.2341931164264679 
2025-01-11 12:57:04,794 INFO: Epoch 151, Train Loss: 0.2604509379863739, Test Loss: 0.8431420922279358, Inverse Test Loss: 0.27503636479377747 
2025-01-11 12:57:09,585 INFO: Epoch 152, Train Loss: 0.25929782521724704, Test Loss: 0.8238733187317848, Inverse Test Loss: 0.2660852372646332 
2025-01-11 12:57:14,369 INFO: Epoch 153, Train Loss: 0.2622411673069, Test Loss: 0.8362854458391666, Inverse Test Loss: 0.27181223034858704 
2025-01-11 12:57:19,178 INFO: Epoch 154, Train Loss: 0.25878911578655245, Test Loss: 0.8264679815620184, Inverse Test Loss: 0.2772981822490692 
2025-01-11 12:57:23,975 INFO: Epoch 155, Train Loss: 0.2565869278907776, Test Loss: 0.826565919443965, Inverse Test Loss: 0.2848645746707916 
2025-01-11 12:57:28,763 INFO: Epoch 156, Train Loss: 0.25617049193382263, Test Loss: 0.8276003282517195, Inverse Test Loss: 0.26129814982414246 
2025-01-11 12:57:33,542 INFO: Epoch 157, Train Loss: 0.2521389592885971, Test Loss: 0.839992193505168, Inverse Test Loss: 0.27282392978668213 
2025-01-11 12:57:38,325 INFO: Epoch 158, Train Loss: 0.25198436081409453, Test Loss: 0.8277647793292999, Inverse Test Loss: 0.3011639416217804 
2025-01-11 12:57:43,112 INFO: Epoch 159, Train Loss: 0.2592987525463104, Test Loss: 0.819372134283185, Inverse Test Loss: 0.2906017303466797 
2025-01-11 12:57:47,925 INFO: Epoch 160, Train Loss: 0.25212912130355836, Test Loss: 0.8310477621853352, Inverse Test Loss: 0.25948795676231384 
2025-01-11 12:57:52,724 INFO: Epoch 161, Train Loss: 0.2464055962562561, Test Loss: 0.8264159429818392, Inverse Test Loss: 0.2611967921257019 
2025-01-11 12:57:57,535 INFO: Epoch 162, Train Loss: 0.2524746960401535, Test Loss: 0.8214960936456919, Inverse Test Loss: 0.2700515687465668 
2025-01-11 12:58:02,328 INFO: Epoch 163, Train Loss: 0.24413068675994873, Test Loss: 0.8359733112156391, Inverse Test Loss: 0.23484086990356445 
2025-01-11 12:58:07,103 INFO: Epoch 164, Train Loss: 0.24606171107292174, Test Loss: 0.8354712966829538, Inverse Test Loss: 0.24504311382770538 
2025-01-11 12:58:11,888 INFO: Epoch 165, Train Loss: 0.24111247944831848, Test Loss: 0.824783131480217, Inverse Test Loss: 0.24928142130374908 
2025-01-11 12:58:16,680 INFO: Epoch 166, Train Loss: 0.24096922707557678, Test Loss: 0.8212663438171148, Inverse Test Loss: 0.24028979241847992 
2025-01-11 12:58:21,459 INFO: Epoch 167, Train Loss: 0.23785108494758606, Test Loss: 0.8276539519429207, Inverse Test Loss: 0.2451384961605072 
2025-01-11 12:58:26,274 INFO: Epoch 168, Train Loss: 0.23836694085597993, Test Loss: 0.8256241269409657, Inverse Test Loss: 0.2500380575656891 
2025-01-11 12:58:31,066 INFO: Epoch 169, Train Loss: 0.24276036274433135, Test Loss: 0.8351451084017754, Inverse Test Loss: 0.24976001679897308 
2025-01-11 12:58:35,892 INFO: Epoch 170, Train Loss: 0.24210819005966186, Test Loss: 0.8285262230783701, Inverse Test Loss: 0.2328440099954605 
2025-01-11 12:58:40,678 INFO: Epoch 171, Train Loss: 0.23753731787204743, Test Loss: 0.8402966018766165, Inverse Test Loss: 0.2698315680027008 
2025-01-11 12:58:45,488 INFO: Epoch 172, Train Loss: 0.2320669437646866, Test Loss: 0.8316006604582071, Inverse Test Loss: 0.2441195696592331 
2025-01-11 12:58:50,294 INFO: Epoch 173, Train Loss: 0.23603445208072663, Test Loss: 0.8357249405235052, Inverse Test Loss: 0.286317378282547 
2025-01-11 12:58:55,079 INFO: Epoch 174, Train Loss: 0.2360847877264023, Test Loss: 0.8364684116095304, Inverse Test Loss: 0.2652260959148407 
2025-01-11 12:58:59,863 INFO: Epoch 175, Train Loss: 0.2333278567790985, Test Loss: 0.8333825841546059, Inverse Test Loss: 0.2428203672170639 
2025-01-11 12:59:04,664 INFO: Epoch 176, Train Loss: 0.2372141319513321, Test Loss: 0.8308341465890408, Inverse Test Loss: 0.24657940864562988 
2025-01-11 12:59:09,453 INFO: Epoch 177, Train Loss: 0.2315389746427536, Test Loss: 0.8265727292746305, Inverse Test Loss: 0.2327975332736969 
2025-01-11 12:59:14,239 INFO: Epoch 178, Train Loss: 0.2296093759536743, Test Loss: 0.8255690298974514, Inverse Test Loss: 0.23525476455688477 
2025-01-11 12:59:19,034 INFO: Epoch 179, Train Loss: 0.22285987460613252, Test Loss: 0.822326285764575, Inverse Test Loss: 0.2351403385400772 
2025-01-11 12:59:23,828 INFO: Epoch 180, Train Loss: 0.22504577350616456, Test Loss: 0.818098172545433, Inverse Test Loss: 0.24344006180763245 
2025-01-11 12:59:28,609 INFO: Epoch 181, Train Loss: 0.22767627668380738, Test Loss: 0.8214761465787888, Inverse Test Loss: 0.23543471097946167 
2025-01-11 12:59:33,417 INFO: Epoch 182, Train Loss: 0.22507930946350097, Test Loss: 0.8178116679191589, Inverse Test Loss: 0.26416993141174316 
2025-01-11 12:59:38,199 INFO: Epoch 183, Train Loss: 0.22604547798633576, Test Loss: 0.8262156099081039, Inverse Test Loss: 0.2449076920747757 
2025-01-11 12:59:42,976 INFO: Epoch 184, Train Loss: 0.22184911501407623, Test Loss: 0.829600041732192, Inverse Test Loss: 0.2614198327064514 
2025-01-11 12:59:47,780 INFO: Epoch 185, Train Loss: 0.22239782106876374, Test Loss: 0.8326208963990211, Inverse Test Loss: 0.28742730617523193 
2025-01-11 12:59:52,559 INFO: Epoch 186, Train Loss: 0.2216635285615921, Test Loss: 0.8266749288886786, Inverse Test Loss: 0.26029345393180847 
2025-01-11 12:59:57,334 INFO: Epoch 187, Train Loss: 0.22600924468040468, Test Loss: 0.8268976863473654, Inverse Test Loss: 0.255617618560791 
2025-01-11 13:00:02,132 INFO: Epoch 188, Train Loss: 0.22162641394138335, Test Loss: 0.8240544255822897, Inverse Test Loss: 0.2635270953178406 
2025-01-11 13:00:06,923 INFO: Epoch 189, Train Loss: 0.2165544879436493, Test Loss: 0.8267211094498634, Inverse Test Loss: 0.24764703214168549 
2025-01-11 13:00:11,709 INFO: Epoch 190, Train Loss: 0.21932319831848143, Test Loss: 0.8350653070956469, Inverse Test Loss: 0.2592361271381378 
2025-01-11 13:00:16,506 INFO: Epoch 191, Train Loss: 0.21648720490932466, Test Loss: 0.8304397314786911, Inverse Test Loss: 0.2534945011138916 
2025-01-11 13:00:21,290 INFO: Epoch 192, Train Loss: 0.22286847174167634, Test Loss: 0.8190886378288269, Inverse Test Loss: 0.22302445769309998 
2025-01-11 13:00:26,078 INFO: Epoch 193, Train Loss: 0.2153807190656662, Test Loss: 0.836782418191433, Inverse Test Loss: 0.2700720429420471 
2025-01-11 13:00:30,866 INFO: Epoch 194, Train Loss: 0.21535347509384156, Test Loss: 0.8393040839582682, Inverse Test Loss: 0.25625595450401306 
2025-01-11 13:00:35,655 INFO: Epoch 195, Train Loss: 0.21704183554649353, Test Loss: 0.8473353330045938, Inverse Test Loss: 0.2655118703842163 
2025-01-11 13:00:40,424 INFO: Epoch 196, Train Loss: 0.2145423731803894, Test Loss: 0.8361047226935625, Inverse Test Loss: 0.2637033462524414 
2025-01-11 13:00:45,218 INFO: Epoch 197, Train Loss: 0.21387575829029085, Test Loss: 0.8341538961976767, Inverse Test Loss: 0.2716611325740814 
2025-01-11 13:00:50,019 INFO: Epoch 198, Train Loss: 0.21182708752155305, Test Loss: 0.8264445140957832, Inverse Test Loss: 0.2574736475944519 
2025-01-11 13:00:54,833 INFO: Epoch 199, Train Loss: 0.21445029866695403, Test Loss: 0.8316763006150723, Inverse Test Loss: 0.25532713532447815 
2025-01-11 13:00:59,645 INFO: Epoch 200, Train Loss: 0.2167618590593338, Test Loss: 0.8380857165902853, Inverse Test Loss: 0.268239289522171 
2025-01-11 13:00:59,645 INFO: Best Epoch 26, Best Test Loss: 0.7932430319488049 
2025-01-11 13:01:04,453 INFO: Epoch 201, Train Loss: 0.2314380453824997, Test Loss: 0.8342953696846962, Inverse Test Loss: 0.21926462650299072 
2025-01-11 13:01:09,222 INFO: Epoch 202, Train Loss: 0.21112854850292206, Test Loss: 0.8262705467641354, Inverse Test Loss: 0.26138976216316223 
2025-01-11 13:01:13,997 INFO: Epoch 203, Train Loss: 0.2090037257671356, Test Loss: 0.8290195055305958, Inverse Test Loss: 0.24866709113121033 
2025-01-11 13:01:18,789 INFO: Epoch 204, Train Loss: 0.20678918075561523, Test Loss: 0.8228242713958025, Inverse Test Loss: 0.23001642525196075 
2025-01-11 13:01:23,571 INFO: Epoch 205, Train Loss: 0.20665105676651002, Test Loss: 0.8450693488121033, Inverse Test Loss: 0.25197985768318176 
2025-01-11 13:01:28,342 INFO: Epoch 206, Train Loss: 0.20625973546504975, Test Loss: 0.8206174727529287, Inverse Test Loss: 0.24135373532772064 
2025-01-11 13:01:33,136 INFO: Epoch 207, Train Loss: 0.2011209008693695, Test Loss: 0.8277928102761507, Inverse Test Loss: 0.2780037820339203 
2025-01-11 13:01:38,108 INFO: Epoch 208, Train Loss: 0.2012877905368805, Test Loss: 0.8276223465800285, Inverse Test Loss: 0.25062623620033264 
2025-01-11 13:01:42,929 INFO: Epoch 209, Train Loss: 0.19976187431812287, Test Loss: 0.8264971915632486, Inverse Test Loss: 0.24797827005386353 
2025-01-11 13:01:47,776 INFO: Epoch 210, Train Loss: 0.20222456777095796, Test Loss: 0.8202601037919521, Inverse Test Loss: 0.2570032775402069 
2025-01-11 13:01:52,603 INFO: Epoch 211, Train Loss: 0.20123726332187652, Test Loss: 0.8221576046198606, Inverse Test Loss: 0.2711547911167145 
2025-01-11 13:01:57,612 INFO: Epoch 212, Train Loss: 0.1972894743680954, Test Loss: 0.8261261601001024, Inverse Test Loss: 0.25966745615005493 
2025-01-11 13:02:02,616 INFO: Epoch 213, Train Loss: 0.2011943882703781, Test Loss: 0.8325451500713825, Inverse Test Loss: 0.27087464928627014 
2025-01-11 13:02:07,533 INFO: Epoch 214, Train Loss: 0.19995049893856048, Test Loss: 0.8268475290387869, Inverse Test Loss: 0.256595641374588 
2025-01-11 13:02:12,369 INFO: Epoch 215, Train Loss: 0.20367280423641204, Test Loss: 0.8208485785871744, Inverse Test Loss: 0.2784503996372223 
2025-01-11 13:02:17,505 INFO: Epoch 216, Train Loss: 0.19716080486774445, Test Loss: 0.8258138503879309, Inverse Test Loss: 0.2552315890789032 
2025-01-11 13:02:22,433 INFO: Epoch 217, Train Loss: 0.1984404468536377, Test Loss: 0.8297588564455509, Inverse Test Loss: 0.23920586705207825 
2025-01-11 13:02:27,449 INFO: Epoch 218, Train Loss: 0.1994669910669327, Test Loss: 0.8294471558183432, Inverse Test Loss: 0.2592686414718628 
2025-01-11 13:02:32,666 INFO: Epoch 219, Train Loss: 0.1941720451116562, Test Loss: 0.8309715017676353, Inverse Test Loss: 0.25827115774154663 
2025-01-11 13:02:37,649 INFO: Epoch 220, Train Loss: 0.1959363272190094, Test Loss: 0.8244313541799784, Inverse Test Loss: 0.24698148667812347 
2025-01-11 13:02:42,613 INFO: Epoch 221, Train Loss: 0.19350575566291808, Test Loss: 0.8246789239346981, Inverse Test Loss: 0.268925279378891 
2025-01-11 13:02:47,674 INFO: Epoch 222, Train Loss: 0.19624073576927184, Test Loss: 0.8265743255615234, Inverse Test Loss: 0.2819962799549103 
2025-01-11 13:02:52,529 INFO: Epoch 223, Train Loss: 0.20661252796649932, Test Loss: 0.8206064645200968, Inverse Test Loss: 0.286489874124527 
2025-01-11 13:02:57,381 INFO: Epoch 224, Train Loss: 0.22031584298610687, Test Loss: 0.8428620640188456, Inverse Test Loss: 0.28267431259155273 
2025-01-11 13:03:02,256 INFO: Epoch 225, Train Loss: 0.20305748689174652, Test Loss: 0.8287359345704317, Inverse Test Loss: 0.2527177035808563 
2025-01-11 13:03:07,103 INFO: Epoch 226, Train Loss: 0.19866828596591948, Test Loss: 0.8212626799941063, Inverse Test Loss: 0.26700669527053833 
2025-01-11 13:03:11,894 INFO: Epoch 227, Train Loss: 0.19637347543239594, Test Loss: 0.824829863384366, Inverse Test Loss: 0.26248225569725037 
2025-01-11 13:03:16,635 INFO: Epoch 228, Train Loss: 0.192232759475708, Test Loss: 0.8267389629036188, Inverse Test Loss: 0.21808315813541412 
2025-01-11 13:03:21,385 INFO: Epoch 229, Train Loss: 0.18812091934680938, Test Loss: 0.8196250908076763, Inverse Test Loss: 0.2650547921657562 
2025-01-11 13:03:26,124 INFO: Epoch 230, Train Loss: 0.19325372171401978, Test Loss: 0.8180738613009453, Inverse Test Loss: 0.26012080907821655 
2025-01-11 13:03:30,885 INFO: Epoch 231, Train Loss: 0.18898128890991212, Test Loss: 0.8268466126173735, Inverse Test Loss: 0.24981141090393066 
2025-01-11 13:03:35,845 INFO: Epoch 232, Train Loss: 0.1870548106431961, Test Loss: 0.8335184212774038, Inverse Test Loss: 0.25154492259025574 
2025-01-11 13:03:40,836 INFO: Epoch 233, Train Loss: 0.18362918591499328, Test Loss: 0.8243685774505138, Inverse Test Loss: 0.23917566239833832 
2025-01-11 13:03:45,759 INFO: Epoch 234, Train Loss: 0.18552430391311645, Test Loss: 0.8327251020818949, Inverse Test Loss: 0.2634578347206116 
2025-01-11 13:03:50,622 INFO: Epoch 235, Train Loss: 0.18548581194877625, Test Loss: 0.8185013458132744, Inverse Test Loss: 0.2578957676887512 
2025-01-11 13:03:55,664 INFO: Epoch 236, Train Loss: 0.1896167938709259, Test Loss: 0.8206536062061787, Inverse Test Loss: 0.23343323171138763 
2025-01-11 13:04:00,555 INFO: Epoch 237, Train Loss: 0.1791441869735718, Test Loss: 0.8316448200494051, Inverse Test Loss: 0.2522604167461395 
2025-01-11 13:04:05,616 INFO: Epoch 238, Train Loss: 0.17995337176322937, Test Loss: 0.8228577207773924, Inverse Test Loss: 0.22773206233978271 
2025-01-11 13:04:10,302 INFO: Epoch 239, Train Loss: 0.18353742098808287, Test Loss: 0.8223764076828957, Inverse Test Loss: 0.2209300696849823 
2025-01-11 13:04:15,080 INFO: Epoch 240, Train Loss: 0.1821082776784897, Test Loss: 0.8274270072579384, Inverse Test Loss: 0.24321435391902924 
2025-01-11 13:04:19,983 INFO: Epoch 241, Train Loss: 0.1922210041284561, Test Loss: 0.8234216142445803, Inverse Test Loss: 0.22768719494342804 
2025-01-11 13:04:24,777 INFO: Epoch 242, Train Loss: 0.19197028172016145, Test Loss: 0.8350448235869408, Inverse Test Loss: 0.2886985242366791 
2025-01-11 13:04:29,494 INFO: Epoch 243, Train Loss: 0.19744376361370086, Test Loss: 0.8416716773062944, Inverse Test Loss: 0.24934186041355133 
2025-01-11 13:04:34,305 INFO: Epoch 244, Train Loss: 0.18636106646060943, Test Loss: 0.822362469509244, Inverse Test Loss: 0.2618303596973419 
2025-01-11 13:04:39,051 INFO: Epoch 245, Train Loss: 0.18632560968399048, Test Loss: 0.8337005935609341, Inverse Test Loss: 0.2703852653503418 
2025-01-11 13:04:43,892 INFO: Epoch 246, Train Loss: 0.18209803748130798, Test Loss: 0.8301390465348959, Inverse Test Loss: 0.24714547395706177 
2025-01-11 13:04:48,958 INFO: Epoch 247, Train Loss: 0.17834327816963197, Test Loss: 0.8267334029078484, Inverse Test Loss: 0.2566159963607788 
2025-01-11 13:04:53,721 INFO: Epoch 248, Train Loss: 0.17482031607627868, Test Loss: 0.8239079769700766, Inverse Test Loss: 0.23928968608379364 
2025-01-11 13:04:58,494 INFO: Epoch 249, Train Loss: 0.1812029391527176, Test Loss: 0.8254720345139503, Inverse Test Loss: 0.23015369474887848 
2025-01-11 13:05:03,270 INFO: Epoch 250, Train Loss: 0.17641301095485687, Test Loss: 0.8183835968375206, Inverse Test Loss: 0.2116103172302246 
2025-01-11 13:05:08,023 INFO: Epoch 251, Train Loss: 0.17637308275699615, Test Loss: 0.8120756018906832, Inverse Test Loss: 0.24030928313732147 
2025-01-11 13:05:12,857 INFO: Epoch 252, Train Loss: 0.17316063344478608, Test Loss: 0.8231452833861113, Inverse Test Loss: 0.23120971024036407 
2025-01-11 13:05:17,581 INFO: Epoch 253, Train Loss: 0.17910725378990172, Test Loss: 0.8217961899936199, Inverse Test Loss: 0.22664006054401398 
2025-01-11 13:05:22,599 INFO: Epoch 254, Train Loss: 0.1752405755519867, Test Loss: 0.8215946797281504, Inverse Test Loss: 0.23201440274715424 
2025-01-11 13:05:27,632 INFO: Epoch 255, Train Loss: 0.17698471772670746, Test Loss: 0.8181797340512276, Inverse Test Loss: 0.2540590763092041 
2025-01-11 13:05:32,920 INFO: Epoch 256, Train Loss: 0.18059868931770326, Test Loss: 0.8185445815324783, Inverse Test Loss: 0.2847095727920532 
2025-01-11 13:05:38,082 INFO: Epoch 257, Train Loss: 0.18368202793598176, Test Loss: 0.8251552935689688, Inverse Test Loss: 0.2561894953250885 
2025-01-11 13:05:42,999 INFO: Epoch 258, Train Loss: 0.1800032148361206, Test Loss: 0.8148874491453171, Inverse Test Loss: 0.2462024986743927 
2025-01-11 13:05:47,751 INFO: Epoch 259, Train Loss: 0.17281765913963318, Test Loss: 0.8277625609189272, Inverse Test Loss: 0.250074177980423 
