2025-06-18 14:06:25,273 INFO: log_path:/logs_2025_6_18_HS_mos2_L1/AMFormer_simple_KAN_dim32_depth2_heads4_dropout0.4_fusion0.4_0.6_simple_KAN_lr0.0001 
2025-06-18 14:06:25,274 INFO: Model:namespace(attn_dropout=0.4, categories=[], cluster=3, depth=2, dim=32, ff_dropout=0.4, groups=[54, 54, 54], heads=4, name='AMFormer_simple_KAN_dim32_depth2_heads4_dropout0.4_fusion0.4_0.6_simple_KAN', num_cate=0, num_cont=20, num_special_tokens=1, out_dim=1, predictor='simple_KAN', prod_num_per_group=[6, 6, 6], qk_relu=False, static_fusion={'kan_weight': 0.4, 'trans_weight': 0.6}, sum_num_per_group=[32, 16, 8], target_mode='regression', token_descent=False, use_cls_token=True, use_prod=True, use_row_col_attention=True, use_sigmoid=True) 
2025-06-18 14:06:25,274 INFO: lr:0.0001, loss:L1 
2025-06-18 14:06:25,274 INFO: Dataset:HS_mos2, Target:['metal6_Peak'] 
2025-06-18 14:06:25,274 INFO: ------Begin Training Model------ 
2025-06-18 14:06:30,988 INFO: Epoch 1, Train Loss: 0.2902171957221898, Test Loss: 0.2746276601272471, Inverse Test Loss: 3.2434113025665283 
2025-06-18 14:06:32,673 INFO: Epoch 2, Train Loss: 0.2669920523961385, Test Loss: 0.25629374823149514, Inverse Test Loss: 3.089487777036779 
2025-06-18 14:06:34,350 INFO: Epoch 3, Train Loss: 0.25539234732136584, Test Loss: 0.24480223568046794, Inverse Test Loss: 2.986973397872027 
2025-06-18 14:06:36,071 INFO: Epoch 4, Train Loss: 0.24803437337730871, Test Loss: 0.23847091636236975, Inverse Test Loss: 2.972549143959494 
2025-06-18 14:06:37,781 INFO: Epoch 5, Train Loss: 0.2388800195220745, Test Loss: 0.22944406376165502, Inverse Test Loss: 2.8729892197777245 
2025-06-18 14:06:39,417 INFO: Epoch 6, Train Loss: 0.23546159515778223, Test Loss: 0.22354274199289434, Inverse Test Loss: 2.7789205102359547 
2025-06-18 14:06:41,172 INFO: Epoch 7, Train Loss: 0.22941499745303934, Test Loss: 0.2181889195652569, Inverse Test Loss: 2.784569543950698 
2025-06-18 14:06:43,003 INFO: Epoch 8, Train Loss: 0.2235834151506424, Test Loss: 0.20976021622910218, Inverse Test Loss: 2.671427951139562 
2025-06-18 14:06:44,794 INFO: Epoch 9, Train Loss: 0.21694482546864133, Test Loss: 0.20197759481037364, Inverse Test Loss: 2.569903387742884 
2025-06-18 14:06:46,619 INFO: Epoch 10, Train Loss: 0.21236233447085728, Test Loss: 0.19799496584078846, Inverse Test Loss: 2.5189113897435806 
2025-06-18 14:06:48,434 INFO: Epoch 11, Train Loss: 0.21022856957984692, Test Loss: 0.1873228164280162, Inverse Test Loss: 2.4352189512813793 
2025-06-18 14:06:50,211 INFO: Epoch 12, Train Loss: 0.20221098602721185, Test Loss: 0.17106072166386774, Inverse Test Loss: 2.335476454566507 
2025-06-18 14:06:52,039 INFO: Epoch 13, Train Loss: 0.18703778302579216, Test Loss: 0.1589782277450842, Inverse Test Loss: 2.2057726172839893 
2025-06-18 14:06:53,748 INFO: Epoch 14, Train Loss: 0.1768230048544479, Test Loss: 0.14852689732523525, Inverse Test Loss: 2.1070344237720264 
2025-06-18 14:06:55,374 INFO: Epoch 15, Train Loss: 0.17055435343222183, Test Loss: 0.1436515665229629, Inverse Test Loss: 2.0198153607985554 
2025-06-18 14:06:57,068 INFO: Epoch 16, Train Loss: 0.16639923563960826, Test Loss: 0.1399096487199559, Inverse Test Loss: 2.0266002416610718 
2025-06-18 14:06:58,721 INFO: Epoch 17, Train Loss: 0.16209748376047972, Test Loss: 0.13592948150985382, Inverse Test Loss: 1.938889608663671 
2025-06-18 14:07:00,370 INFO: Epoch 18, Train Loss: 0.1596230467160543, Test Loss: 0.13366508440059774, Inverse Test Loss: 1.8929292384315939 
2025-06-18 14:07:02,113 INFO: Epoch 19, Train Loss: 0.15674541450359605, Test Loss: 0.13362761981347027, Inverse Test Loss: 1.9319580302518957 
2025-06-18 14:07:03,806 INFO: Epoch 20, Train Loss: 0.15493148836222562, Test Loss: 0.13054152578115463, Inverse Test Loss: 1.868253841119654 
2025-06-18 14:07:05,604 INFO: Epoch 21, Train Loss: 0.15370838908535062, Test Loss: 0.13053832290803685, Inverse Test Loss: 1.8895549002815695 
2025-06-18 14:07:07,266 INFO: Epoch 22, Train Loss: 0.15124306681029726, Test Loss: 0.12695700236979654, Inverse Test Loss: 1.8235552310943604 
2025-06-18 14:07:08,925 INFO: Epoch 23, Train Loss: 0.1498820394503348, Test Loss: 0.12440686913974144, Inverse Test Loss: 1.8091158937005436 
2025-06-18 14:07:10,569 INFO: Epoch 24, Train Loss: 0.14818492475332637, Test Loss: 0.12275316588142339, Inverse Test Loss: 1.7885767782435698 
2025-06-18 14:07:12,220 INFO: Epoch 25, Train Loss: 0.14683779633857988, Test Loss: 0.12295981584226384, Inverse Test Loss: 1.78791740361382 
2025-06-18 14:07:13,869 INFO: Epoch 26, Train Loss: 0.14389668619542412, Test Loss: 0.11970052101156291, Inverse Test Loss: 1.7544405039618998 
2025-06-18 14:07:15,517 INFO: Epoch 27, Train Loss: 0.14359612525864082, Test Loss: 0.11809990993317436, Inverse Test Loss: 1.7287405448801376 
2025-06-18 14:07:17,187 INFO: Epoch 28, Train Loss: 0.1450134012283701, Test Loss: 0.11654325092540067, Inverse Test Loss: 1.7000507326687084 
2025-06-18 14:07:18,836 INFO: Epoch 29, Train Loss: 0.14142494874470163, Test Loss: 0.1152223370531026, Inverse Test Loss: 1.6845463584451115 
2025-06-18 14:07:20,490 INFO: Epoch 30, Train Loss: 0.14120178353605847, Test Loss: 0.11318632653530906, Inverse Test Loss: 1.6439659946105059 
2025-06-18 14:07:22,127 INFO: Epoch 31, Train Loss: 0.14011134884574197, Test Loss: 0.11531482220572584, Inverse Test Loss: 1.6630424962324255 
2025-06-18 14:07:23,762 INFO: Epoch 32, Train Loss: 0.13722390314620553, Test Loss: 0.11291032218757797, Inverse Test Loss: 1.6498257342506857 
2025-06-18 14:07:25,400 INFO: Epoch 33, Train Loss: 0.13461170289101024, Test Loss: 0.11081382193986107, Inverse Test Loss: 1.6175744042677038 
2025-06-18 14:07:27,064 INFO: Epoch 34, Train Loss: 0.13479285190502802, Test Loss: 0.11109735685236313, Inverse Test Loss: 1.6355755749870748 
2025-06-18 14:07:28,718 INFO: Epoch 35, Train Loss: 0.13412957751389706, Test Loss: 0.11000453877974958, Inverse Test Loss: 1.6122159256654627 
2025-06-18 14:07:30,375 INFO: Epoch 36, Train Loss: 0.13405567893024647, Test Loss: 0.10914112386458061, Inverse Test Loss: 1.5892847706289852 
2025-06-18 14:07:32,029 INFO: Epoch 37, Train Loss: 0.13228130566351343, Test Loss: 0.10826486327192363, Inverse Test Loss: 1.5943553447723389 
2025-06-18 14:07:33,678 INFO: Epoch 38, Train Loss: 0.13134441208658795, Test Loss: 0.10881433131940224, Inverse Test Loss: 1.5924994875403011 
2025-06-18 14:07:35,363 INFO: Epoch 39, Train Loss: 0.13112408250118746, Test Loss: 0.1063896025366643, Inverse Test Loss: 1.5617461695390589 
2025-06-18 14:07:37,044 INFO: Epoch 40, Train Loss: 0.12899498748734142, Test Loss: 0.10565527024514534, Inverse Test Loss: 1.5547090768814087 
2025-06-18 14:07:38,745 INFO: Epoch 41, Train Loss: 0.13005006081904424, Test Loss: 0.10404007750398972, Inverse Test Loss: 1.51970435591305 
2025-06-18 14:07:40,519 INFO: Epoch 42, Train Loss: 0.12843438356437467, Test Loss: 0.10488701217314776, Inverse Test Loss: 1.537766084951513 
2025-06-18 14:07:42,245 INFO: Epoch 43, Train Loss: 0.12793160275076376, Test Loss: 0.1030356149901362, Inverse Test Loss: 1.5060304824043722 
2025-06-18 14:07:43,993 INFO: Epoch 44, Train Loss: 0.12911209876112867, Test Loss: 0.1027645028251059, Inverse Test Loss: 1.510626933153938 
2025-06-18 14:07:45,769 INFO: Epoch 45, Train Loss: 0.1272362330646226, Test Loss: 0.10268965122454307, Inverse Test Loss: 1.5055292634403004 
2025-06-18 14:07:47,497 INFO: Epoch 46, Train Loss: 0.12576138611995813, Test Loss: 0.10222476063405767, Inverse Test Loss: 1.496740881134482 
2025-06-18 14:07:49,187 INFO: Epoch 47, Train Loss: 0.12707859695409285, Test Loss: 0.10320021212100983, Inverse Test Loss: 1.4970590577406042 
2025-06-18 14:07:50,866 INFO: Epoch 48, Train Loss: 0.1262222272767262, Test Loss: 0.10078042110099512, Inverse Test Loss: 1.4760607971864588 
2025-06-18 14:07:52,542 INFO: Epoch 49, Train Loss: 0.12365637527722301, Test Loss: 0.10007327291018822, Inverse Test Loss: 1.4641054728451897 
2025-06-18 14:07:54,214 INFO: Epoch 50, Train Loss: 0.12356065851495121, Test Loss: 0.10094338480164022, Inverse Test Loss: 1.4834168237798355 
2025-06-18 14:07:55,931 INFO: Epoch 51, Train Loss: 0.12306302740718379, Test Loss: 0.09927983582019806, Inverse Test Loss: 1.4533005111357744 
2025-06-18 14:07:57,668 INFO: Epoch 52, Train Loss: 0.12310663588119275, Test Loss: 0.10037589029354207, Inverse Test Loss: 1.473896629670087 
2025-06-18 14:07:59,413 INFO: Epoch 53, Train Loss: 0.12126721492545171, Test Loss: 0.098806523005752, Inverse Test Loss: 1.4315409730462467 
2025-06-18 14:08:01,101 INFO: Epoch 54, Train Loss: 0.12163837395156875, Test Loss: 0.09819788244717262, Inverse Test Loss: 1.4387839471592623 
2025-06-18 14:08:02,809 INFO: Epoch 55, Train Loss: 0.12128201883399126, Test Loss: 0.09906832610859591, Inverse Test Loss: 1.4385274508420158 
2025-06-18 14:08:04,488 INFO: Epoch 56, Train Loss: 0.1203153356345314, Test Loss: 0.09748312633703737, Inverse Test Loss: 1.418148720965666 
2025-06-18 14:08:06,194 INFO: Epoch 57, Train Loss: 0.11966782153555841, Test Loss: 0.097151128027369, Inverse Test Loss: 1.403946827439701 
2025-06-18 14:08:07,867 INFO: Epoch 58, Train Loss: 0.11758465901242965, Test Loss: 0.09727163875804228, Inverse Test Loss: 1.42754486729117 
2025-06-18 14:08:09,614 INFO: Epoch 59, Train Loss: 0.11874992789869959, Test Loss: 0.09674053683000453, Inverse Test Loss: 1.4102504604003008 
2025-06-18 14:08:11,326 INFO: Epoch 60, Train Loss: 0.11838213613990581, Test Loss: 0.09712094024700277, Inverse Test Loss: 1.422801789115457 
2025-06-18 14:08:13,020 INFO: Epoch 61, Train Loss: 0.11769557874085325, Test Loss: 0.09765363703755771, Inverse Test Loss: 1.4311801756129545 
2025-06-18 14:08:14,739 INFO: Epoch 62, Train Loss: 0.11701065189007556, Test Loss: 0.09594717380755088, Inverse Test Loss: 1.3913528288111967 
2025-06-18 14:08:16,451 INFO: Epoch 63, Train Loss: 0.11701851072862293, Test Loss: 0.09916753891636343, Inverse Test Loss: 1.4687885256374584 
2025-06-18 14:08:18,170 INFO: Epoch 64, Train Loss: 0.1184766511573936, Test Loss: 0.0954197702162406, Inverse Test Loss: 1.395740593180937 
2025-06-18 14:08:19,920 INFO: Epoch 65, Train Loss: 0.11611758832904426, Test Loss: 0.09598702564835548, Inverse Test Loss: 1.4055644624373491 
2025-06-18 14:08:21,581 INFO: Epoch 66, Train Loss: 0.11441700002460768, Test Loss: 0.09500150886528633, Inverse Test Loss: 1.3752380960127886 
2025-06-18 14:08:23,243 INFO: Epoch 67, Train Loss: 0.1151839429230401, Test Loss: 0.09630111736409805, Inverse Test Loss: 1.404072873732623 
2025-06-18 14:08:24,943 INFO: Epoch 68, Train Loss: 0.11401487915127566, Test Loss: 0.09503213316202164, Inverse Test Loss: 1.376559481901281 
2025-06-18 14:08:26,623 INFO: Epoch 69, Train Loss: 0.11537797590999892, Test Loss: 0.09593539181001046, Inverse Test Loss: 1.4119562401491053 
2025-06-18 14:08:28,304 INFO: Epoch 70, Train Loss: 0.11425646687998917, Test Loss: 0.09568751011701192, Inverse Test Loss: 1.3965439095216639 
2025-06-18 14:08:30,047 INFO: Epoch 71, Train Loss: 0.11511256737690984, Test Loss: 0.09520923872204388, Inverse Test Loss: 1.3695368346046 
2025-06-18 14:08:31,756 INFO: Epoch 72, Train Loss: 0.11367263306270946, Test Loss: 0.09479451749254675, Inverse Test Loss: 1.37060924838571 
2025-06-18 14:08:33,424 INFO: Epoch 73, Train Loss: 0.11280779128499104, Test Loss: 0.09492604215355481, Inverse Test Loss: 1.3818482861799353 
2025-06-18 14:08:35,117 INFO: Epoch 74, Train Loss: 0.11183194917711345, Test Loss: 0.09428445337449803, Inverse Test Loss: 1.370420771486619 
2025-06-18 14:08:36,889 INFO: Epoch 75, Train Loss: 0.11448274039183602, Test Loss: 0.09408968796624857, Inverse Test Loss: 1.346779917969423 
2025-06-18 14:08:38,601 INFO: Epoch 76, Train Loss: 0.11055400792622205, Test Loss: 0.09512042341863408, Inverse Test Loss: 1.381379954955157 
2025-06-18 14:08:40,358 INFO: Epoch 77, Train Loss: 0.11163070425391197, Test Loss: 0.09386993725510205, Inverse Test Loss: 1.3644849763197058 
2025-06-18 14:08:42,034 INFO: Epoch 78, Train Loss: 0.1110239511525089, Test Loss: 0.09538081463645487, Inverse Test Loss: 1.3486215472221375 
2025-06-18 14:08:43,719 INFO: Epoch 79, Train Loss: 0.1114478377117352, Test Loss: 0.09566257368115817, Inverse Test Loss: 1.3497452770962435 
2025-06-18 14:08:45,382 INFO: Epoch 80, Train Loss: 0.11105969288583958, Test Loss: 0.09292291981332443, Inverse Test Loss: 1.330533841077019 
2025-06-18 14:08:47,040 INFO: Epoch 81, Train Loss: 0.11001850619460597, Test Loss: 0.09251996348885928, Inverse Test Loss: 1.3314213296946358 
2025-06-18 14:08:48,704 INFO: Epoch 82, Train Loss: 0.10975869293465759, Test Loss: 0.09495350849979065, Inverse Test Loss: 1.3802557973300709 
2025-06-18 14:08:50,443 INFO: Epoch 83, Train Loss: 0.10871452668851073, Test Loss: 0.0941625969374881, Inverse Test Loss: 1.3550904638626997 
2025-06-18 14:08:52,105 INFO: Epoch 84, Train Loss: 0.11017268371175636, Test Loss: 0.0944049947840326, Inverse Test Loss: 1.3687558454625748 
2025-06-18 14:08:53,757 INFO: Epoch 85, Train Loss: 0.11032108561784933, Test Loss: 0.09294803046128329, Inverse Test Loss: 1.3509799171896542 
2025-06-18 14:08:55,425 INFO: Epoch 86, Train Loss: 0.1087837822622422, Test Loss: 0.09343762169866, Inverse Test Loss: 1.3350038247949936 
2025-06-18 14:08:57,084 INFO: Epoch 87, Train Loss: 0.10982446067712524, Test Loss: 0.09242823895286112, Inverse Test Loss: 1.3101647040423225 
2025-06-18 14:08:58,747 INFO: Epoch 88, Train Loss: 0.10772649599521449, Test Loss: 0.09413068829213872, Inverse Test Loss: 1.366092976401834 
2025-06-18 14:09:00,416 INFO: Epoch 89, Train Loss: 0.10862032871580485, Test Loss: 0.09362144110833898, Inverse Test Loss: 1.346415400505066 
2025-06-18 14:09:02,085 INFO: Epoch 90, Train Loss: 0.10782793988332603, Test Loss: 0.09197098827537369, Inverse Test Loss: 1.3241977411157944 
2025-06-18 14:09:03,741 INFO: Epoch 91, Train Loss: 0.10819352903600896, Test Loss: 0.0933602524592596, Inverse Test Loss: 1.3479281383402206 
2025-06-18 14:09:05,393 INFO: Epoch 92, Train Loss: 0.1078384162463022, Test Loss: 0.09334767522180781, Inverse Test Loss: 1.3321417990852804 
2025-06-18 14:09:07,064 INFO: Epoch 93, Train Loss: 0.1065628815893874, Test Loss: 0.09234035825904678, Inverse Test Loss: 1.326839096405927 
2025-06-18 14:09:08,715 INFO: Epoch 94, Train Loss: 0.10653615071240699, Test Loss: 0.092495957718176, Inverse Test Loss: 1.3180572916479671 
2025-06-18 14:09:10,396 INFO: Epoch 95, Train Loss: 0.1057170442107952, Test Loss: 0.09466343548368006, Inverse Test Loss: 1.3592862872516407 
2025-06-18 14:09:12,093 INFO: Epoch 96, Train Loss: 0.10642275411748525, Test Loss: 0.09401308920453577, Inverse Test Loss: 1.3469353213029749 
2025-06-18 14:09:13,757 INFO: Epoch 97, Train Loss: 0.10701408858100574, Test Loss: 0.09195094161173877, Inverse Test Loss: 1.310896379106185 
2025-06-18 14:09:15,414 INFO: Epoch 98, Train Loss: 0.10645480566855633, Test Loss: 0.0913928438197164, Inverse Test Loss: 1.3092199458795435 
2025-06-18 14:09:17,130 INFO: Epoch 99, Train Loss: 0.10619306654641122, Test Loss: 0.09445983390597736, Inverse Test Loss: 1.370466393582961 
2025-06-18 14:09:18,925 INFO: Epoch 100, Train Loss: 0.10601746561852368, Test Loss: 0.09201427001286955, Inverse Test Loss: 1.3290600426056807 
2025-06-18 14:09:18,925 INFO: Best Epoch 98, Best Test Loss: 0.0913928438197164, Inverse Test Loss: 1.3092199458795435 
2025-06-18 14:09:20,702 INFO: Epoch 101, Train Loss: 0.10532881934760195, Test Loss: 0.09115178576287102, Inverse Test Loss: 1.3110308436786426 
2025-06-18 14:09:22,390 INFO: Epoch 102, Train Loss: 0.1044617768828616, Test Loss: 0.09269734318642055, Inverse Test Loss: 1.3352684063069962 
2025-06-18 14:09:24,133 INFO: Epoch 103, Train Loss: 0.10511690067748229, Test Loss: 0.09147597060484045, Inverse Test Loss: 1.315833238994374 
2025-06-18 14:09:25,806 INFO: Epoch 104, Train Loss: 0.1038131970122005, Test Loss: 0.09181851937490351, Inverse Test Loss: 1.3129060619017656 
2025-06-18 14:09:27,488 INFO: Epoch 105, Train Loss: 0.10535489462993362, Test Loss: 0.09259764631004895, Inverse Test Loss: 1.323273693813997 
2025-06-18 14:09:29,164 INFO: Epoch 106, Train Loss: 0.10426217430468762, Test Loss: 0.09183507368845098, Inverse Test Loss: 1.324534114669351 
2025-06-18 14:09:30,892 INFO: Epoch 107, Train Loss: 0.10393643582409079, Test Loss: 0.09251138042001163, Inverse Test Loss: 1.3263234250685747 
2025-06-18 14:09:32,601 INFO: Epoch 108, Train Loss: 0.10398371054819136, Test Loss: 0.09111472942373332, Inverse Test Loss: 1.3134078138014849 
2025-06-18 14:09:34,304 INFO: Epoch 109, Train Loss: 0.10409679455739079, Test Loss: 0.09160936317023109, Inverse Test Loss: 1.32771818076863 
2025-06-18 14:09:35,986 INFO: Epoch 110, Train Loss: 0.10451213422824036, Test Loss: 0.09069016531986349, Inverse Test Loss: 1.3014633760732763 
2025-06-18 14:09:37,787 INFO: Epoch 111, Train Loss: 0.10337628768474767, Test Loss: 0.09175882926758598, Inverse Test Loss: 1.3178325611002304 
2025-06-18 14:09:39,539 INFO: Epoch 112, Train Loss: 0.10300200234985712, Test Loss: 0.09360199333990321, Inverse Test Loss: 1.350079010514652 
2025-06-18 14:09:41,275 INFO: Epoch 113, Train Loss: 0.10296700448926652, Test Loss: 0.09178394977660741, Inverse Test Loss: 1.3191746894051046 
2025-06-18 14:09:43,011 INFO: Epoch 114, Train Loss: 0.10569665648720482, Test Loss: 0.09096183496363022, Inverse Test Loss: 1.309753137476304 
2025-06-18 14:09:44,866 INFO: Epoch 115, Train Loss: 0.10315116579559716, Test Loss: 0.09290432141107671, Inverse Test Loss: 1.3262788127450382 
2025-06-18 14:09:46,617 INFO: Epoch 116, Train Loss: 0.10442742304594228, Test Loss: 0.0898421709151829, Inverse Test Loss: 1.2910075538298662 
2025-06-18 14:09:48,378 INFO: Epoch 117, Train Loss: 0.10173822025006468, Test Loss: 0.09119889929014094, Inverse Test Loss: 1.302071536288542 
2025-06-18 14:09:50,060 INFO: Epoch 118, Train Loss: 0.10337719992932046, Test Loss: 0.09308152339037727, Inverse Test Loss: 1.3397192183662863 
2025-06-18 14:09:51,719 INFO: Epoch 119, Train Loss: 0.10259903036057949, Test Loss: 0.09264466999208226, Inverse Test Loss: 1.332003866924959 
2025-06-18 14:09:53,406 INFO: Epoch 120, Train Loss: 0.10392445495182817, Test Loss: 0.09063975797856555, Inverse Test Loss: 1.3049604612238266 
2025-06-18 14:09:55,087 INFO: Epoch 121, Train Loss: 0.10185554589737546, Test Loss: 0.09354398092802833, Inverse Test Loss: 1.3528858072617476 
2025-06-18 14:09:56,769 INFO: Epoch 122, Train Loss: 0.10287150932532368, Test Loss: 0.09145346305826131, Inverse Test Loss: 1.3154389998492073 
2025-06-18 14:09:58,439 INFO: Epoch 123, Train Loss: 0.1009324211062807, Test Loss: 0.09142432580975925, Inverse Test Loss: 1.3047618445228129 
2025-06-18 14:10:00,116 INFO: Epoch 124, Train Loss: 0.10074932579741333, Test Loss: 0.09118397095624138, Inverse Test Loss: 1.3054350334055282 
2025-06-18 14:10:01,800 INFO: Epoch 125, Train Loss: 0.10215434770692479, Test Loss: 0.0913675103117438, Inverse Test Loss: 1.3013746247572058 
2025-06-18 14:10:03,622 INFO: Epoch 126, Train Loss: 0.10082204047251832, Test Loss: 0.09117064186755348, Inverse Test Loss: 1.3098313107210047 
2025-06-18 14:10:05,287 INFO: Epoch 127, Train Loss: 0.10228155914581183, Test Loss: 0.0909017644384328, Inverse Test Loss: 1.294988684794482 
2025-06-18 14:10:06,986 INFO: Epoch 128, Train Loss: 0.10012175306452042, Test Loss: 0.09142236827927477, Inverse Test Loss: 1.3019120623083675 
2025-06-18 14:10:08,744 INFO: Epoch 129, Train Loss: 0.1007119764319875, Test Loss: 0.0902177936890546, Inverse Test Loss: 1.3020980568493115 
2025-06-18 14:10:10,431 INFO: Epoch 130, Train Loss: 0.10251572637846976, Test Loss: 0.09165760436478783, Inverse Test Loss: 1.3247446312623865 
2025-06-18 14:10:12,128 INFO: Epoch 131, Train Loss: 0.10116520128918416, Test Loss: 0.09061162327142323, Inverse Test Loss: 1.2903780095717485 
2025-06-18 14:10:13,882 INFO: Epoch 132, Train Loss: 0.10021186699018333, Test Loss: 0.09008755819762454, Inverse Test Loss: 1.2852003083509558 
2025-06-18 14:10:15,576 INFO: Epoch 133, Train Loss: 0.10122797045518052, Test Loss: 0.09141581154921476, Inverse Test Loss: 1.308591414900387 
2025-06-18 14:10:17,270 INFO: Epoch 134, Train Loss: 0.10146416921281454, Test Loss: 0.09249095180455376, Inverse Test Loss: 1.3170831834568697 
2025-06-18 14:10:19,030 INFO: Epoch 135, Train Loss: 0.09973535308557929, Test Loss: 0.09295816193608676, Inverse Test Loss: 1.3351269820157219 
2025-06-18 14:10:20,702 INFO: Epoch 136, Train Loss: 0.10036094181916931, Test Loss: 0.09065108176539927, Inverse Test Loss: 1.2945877874598783 
2025-06-18 14:10:22,425 INFO: Epoch 137, Train Loss: 0.10033682688619151, Test Loss: 0.09098746276953641, Inverse Test Loss: 1.3066233536776375 
2025-06-18 14:10:24,339 INFO: Epoch 138, Train Loss: 0.10050107137949178, Test Loss: 0.09005830217810239, Inverse Test Loss: 1.3015255016439102 
2025-06-18 14:10:26,225 INFO: Epoch 139, Train Loss: 0.10099542282070174, Test Loss: 0.09038763515212957, Inverse Test Loss: 1.2956962865941666 
2025-06-18 14:10:28,017 INFO: Epoch 140, Train Loss: 0.10015809236828124, Test Loss: 0.09116094756652326, Inverse Test Loss: 1.2997368644265568 
2025-06-18 14:10:29,740 INFO: Epoch 141, Train Loss: 0.10007819973609665, Test Loss: 0.09304180390694562, Inverse Test Loss: 1.3223909420125626 
2025-06-18 14:10:31,493 INFO: Epoch 142, Train Loss: 0.0980181001465429, Test Loss: 0.09045232963912628, Inverse Test Loss: 1.2892234044916489 
2025-06-18 14:10:33,179 INFO: Epoch 143, Train Loss: 0.09934702775243556, Test Loss: 0.09147320139934034, Inverse Test Loss: 1.3113447077134077 
2025-06-18 14:10:34,906 INFO: Epoch 144, Train Loss: 0.0997438474247853, Test Loss: 0.09142801954465754, Inverse Test Loss: 1.3094753587947172 
2025-06-18 14:10:36,586 INFO: Epoch 145, Train Loss: 0.09960654730711019, Test Loss: 0.08969239386565545, Inverse Test Loss: 1.29265954915215 
2025-06-18 14:10:38,311 INFO: Epoch 146, Train Loss: 0.09821721866275325, Test Loss: 0.09169095272527021, Inverse Test Loss: 1.31234951580272 
2025-06-18 14:10:40,009 INFO: Epoch 147, Train Loss: 0.09935561127283356, Test Loss: 0.09276732364121605, Inverse Test Loss: 1.3189992974786198 
2025-06-18 14:10:41,711 INFO: Epoch 148, Train Loss: 0.09889600047785224, Test Loss: 0.09067191643749967, Inverse Test Loss: 1.2865245552623974 
2025-06-18 14:10:43,442 INFO: Epoch 149, Train Loss: 0.09983945355722398, Test Loss: 0.09094702211372993, Inverse Test Loss: 1.298319613232332 
2025-06-18 14:10:45,154 INFO: Epoch 150, Train Loss: 0.0982886277364962, Test Loss: 0.09157883945633383, Inverse Test Loss: 1.2898336228202372 
2025-06-18 14:10:46,824 INFO: Epoch 151, Train Loss: 0.09922300098520337, Test Loss: 0.09086190624272122, Inverse Test Loss: 1.2913930696599625 
2025-06-18 14:10:48,515 INFO: Epoch 152, Train Loss: 0.0994548647466934, Test Loss: 0.09133309958612218, Inverse Test Loss: 1.3064703871222103 
2025-06-18 14:10:50,273 INFO: Epoch 153, Train Loss: 0.09797614056504134, Test Loss: 0.09091963180724312, Inverse Test Loss: 1.3028561087215649 
2025-06-18 14:10:51,961 INFO: Epoch 154, Train Loss: 0.09828099856774013, Test Loss: 0.09180057508980527, Inverse Test Loss: 1.3044363751130945 
2025-06-18 14:10:53,639 INFO: Epoch 155, Train Loss: 0.09873577839497363, Test Loss: 0.09029490610255915, Inverse Test Loss: 1.2836370222708757 
2025-06-18 14:10:55,348 INFO: Epoch 156, Train Loss: 0.09824692367604285, Test Loss: 0.09085251982597743, Inverse Test Loss: 1.2973815342959236 
2025-06-18 14:10:57,050 INFO: Epoch 157, Train Loss: 0.09815660818959727, Test Loss: 0.09087146489935763, Inverse Test Loss: 1.3104485273361206 
2025-06-18 14:10:58,786 INFO: Epoch 158, Train Loss: 0.09700620134897305, Test Loss: 0.09084115944364492, Inverse Test Loss: 1.2938412638271557 
2025-06-18 14:11:00,477 INFO: Epoch 159, Train Loss: 0.09736724576037942, Test Loss: 0.09013928889351733, Inverse Test Loss: 1.2927416563034058 
2025-06-18 14:11:02,190 INFO: Epoch 160, Train Loss: 0.09832554254116434, Test Loss: 0.09037020079353277, Inverse Test Loss: 1.2935180103077608 
2025-06-18 14:11:03,916 INFO: Epoch 161, Train Loss: 0.0983746832405979, Test Loss: 0.09152648619869176, Inverse Test Loss: 1.3072967459173763 
2025-06-18 14:11:05,769 INFO: Epoch 162, Train Loss: 0.09835389589495731, Test Loss: 0.09012603737852153, Inverse Test Loss: 1.2993007267222685 
2025-06-18 14:11:07,639 INFO: Epoch 163, Train Loss: 0.09677011011676355, Test Loss: 0.09221971823888667, Inverse Test Loss: 1.3251924304401173 
2025-06-18 14:11:09,370 INFO: Epoch 164, Train Loss: 0.09740448906791932, Test Loss: 0.09083368760697982, Inverse Test Loss: 1.3077304573620068 
2025-06-18 14:11:11,150 INFO: Epoch 165, Train Loss: 0.09641435172295931, Test Loss: 0.09079880267381668, Inverse Test Loss: 1.2964035693336935 
2025-06-18 14:11:12,850 INFO: Epoch 166, Train Loss: 0.09662021950564602, Test Loss: 0.09042548432069666, Inverse Test Loss: 1.2865315254996805 
2025-06-18 14:11:14,616 INFO: Epoch 167, Train Loss: 0.09828432350221908, Test Loss: 0.09075278328622088, Inverse Test Loss: 1.2851446446250467 
2025-06-18 14:11:16,333 INFO: Epoch 168, Train Loss: 0.09782545195158684, Test Loss: 0.08959687019095701, Inverse Test Loss: 1.2727517099941479 
2025-06-18 14:11:18,187 INFO: Epoch 169, Train Loss: 0.09790641938646634, Test Loss: 0.08908040974946584, Inverse Test Loss: 1.2704905622145708 
2025-06-18 14:11:20,370 INFO: Epoch 170, Train Loss: 0.09824332346518834, Test Loss: 0.09019265236223445, Inverse Test Loss: 1.29918653123519 
2025-06-18 14:11:22,094 INFO: Epoch 171, Train Loss: 0.09703111253453023, Test Loss: 0.090486199101981, Inverse Test Loss: 1.2813363706364351 
2025-06-18 14:11:23,897 INFO: Epoch 172, Train Loss: 0.09600529955192046, Test Loss: 0.09011326489203117, Inverse Test Loss: 1.2796414880191578 
2025-06-18 14:11:25,709 INFO: Epoch 173, Train Loss: 0.0967543369554209, Test Loss: 0.09066985175013542, Inverse Test Loss: 1.2872516688178568 
2025-06-18 14:11:27,482 INFO: Epoch 174, Train Loss: 0.09683646814841212, Test Loss: 0.09213895964271882, Inverse Test Loss: 1.318566834225374 
2025-06-18 14:11:29,348 INFO: Epoch 175, Train Loss: 0.09597632650173071, Test Loss: 0.09023605681517545, Inverse Test Loss: 1.290617774514591 
2025-06-18 14:11:31,084 INFO: Epoch 176, Train Loss: 0.09629597836597399, Test Loss: 0.09008860609987203, Inverse Test Loss: 1.2860108508783228 
2025-06-18 14:11:32,824 INFO: Epoch 177, Train Loss: 0.09691186824982817, Test Loss: 0.09042933079249718, Inverse Test Loss: 1.288521689527175 
2025-06-18 14:11:34,518 INFO: Epoch 178, Train Loss: 0.09680586782368747, Test Loss: 0.08988700215430821, Inverse Test Loss: 1.2761691948946785 
2025-06-18 14:11:36,182 INFO: Epoch 179, Train Loss: 0.0955568662647045, Test Loss: 0.09025921869803877, Inverse Test Loss: 1.2812618928797104 
2025-06-18 14:11:37,992 INFO: Epoch 180, Train Loss: 0.09602326651414235, Test Loss: 0.0908440397504498, Inverse Test Loss: 1.279720993602977 
2025-06-18 14:11:39,707 INFO: Epoch 181, Train Loss: 0.09486201411169587, Test Loss: 0.08960514055455432, Inverse Test Loss: 1.274320174666012 
2025-06-18 14:11:41,476 INFO: Epoch 182, Train Loss: 0.0964882369858749, Test Loss: 0.09031086349311997, Inverse Test Loss: 1.28872952040504 
2025-06-18 14:11:43,321 INFO: Epoch 183, Train Loss: 0.09561969599489009, Test Loss: 0.09023710493655766, Inverse Test Loss: 1.2778662583407234 
2025-06-18 14:11:45,266 INFO: Epoch 184, Train Loss: 0.09553200446746567, Test Loss: 0.09060743998955278, Inverse Test Loss: 1.2902182621114395 
2025-06-18 14:11:46,995 INFO: Epoch 185, Train Loss: 0.09757371359702313, Test Loss: 0.09193781083997558, Inverse Test Loss: 1.3195029777639053 
2025-06-18 14:11:48,676 INFO: Epoch 186, Train Loss: 0.0960354521644838, Test Loss: 0.08965470422716702, Inverse Test Loss: 1.2717981548870312 
2025-06-18 14:11:50,368 INFO: Epoch 187, Train Loss: 0.09563051531034888, Test Loss: 0.09026587053256876, Inverse Test Loss: 1.2871311552384321 
2025-06-18 14:11:52,132 INFO: Epoch 188, Train Loss: 0.09681777715344321, Test Loss: 0.08979478500345174, Inverse Test Loss: 1.2801994295681225 
2025-06-18 14:11:53,888 INFO: Epoch 189, Train Loss: 0.09497635252773762, Test Loss: 0.09083136609371971, Inverse Test Loss: 1.2928265473421883 
2025-06-18 14:11:55,566 INFO: Epoch 190, Train Loss: 0.09668702022595839, Test Loss: 0.09144715307389989, Inverse Test Loss: 1.3044812959783219 
2025-06-18 14:11:57,289 INFO: Epoch 191, Train Loss: 0.09533693579336007, Test Loss: 0.08998427627717748, Inverse Test Loss: 1.2851834788041956 
2025-06-18 14:11:59,040 INFO: Epoch 192, Train Loss: 0.09464661003739545, Test Loss: 0.0902752293383374, Inverse Test Loss: 1.2926829492344576 
2025-06-18 14:12:00,894 INFO: Epoch 193, Train Loss: 0.09478732452473858, Test Loss: 0.0907876362257144, Inverse Test Loss: 1.2838108960319967 
2025-06-18 14:12:02,692 INFO: Epoch 194, Train Loss: 0.09495368718423626, Test Loss: 0.0924619061543661, Inverse Test Loss: 1.321620506398818 
2025-06-18 14:12:04,361 INFO: Epoch 195, Train Loss: 0.09386175639475837, Test Loss: 0.08951585630283636, Inverse Test Loss: 1.2731851619832657 
2025-06-18 14:12:06,035 INFO: Epoch 196, Train Loss: 0.09442497231066227, Test Loss: 0.09116416358772446, Inverse Test Loss: 1.3018641682232128 
2025-06-18 14:12:07,846 INFO: Epoch 197, Train Loss: 0.09593209217895161, Test Loss: 0.08981149928534732, Inverse Test Loss: 1.2751250407275032 
2025-06-18 14:12:09,741 INFO: Epoch 198, Train Loss: 0.09482695297761397, Test Loss: 0.08958048592595493, Inverse Test Loss: 1.2728442093905281 
2025-06-18 14:12:11,456 INFO: Epoch 199, Train Loss: 0.09522460175283028, Test Loss: 0.09092676661470357, Inverse Test Loss: 1.2883134799845077 
2025-06-18 14:12:13,161 INFO: Epoch 200, Train Loss: 0.09519016127468961, Test Loss: 0.08953334040501539, Inverse Test Loss: 1.262662105700549 
2025-06-18 14:12:13,161 INFO: Best Epoch 169, Best Test Loss: 0.08908040974946584, Inverse Test Loss: 1.2704905622145708 
2025-06-18 14:12:14,858 INFO: Epoch 201, Train Loss: 0.09460839042157838, Test Loss: 0.09048939014182371, Inverse Test Loss: 1.2931416245067822 
2025-06-18 14:12:16,566 INFO: Epoch 202, Train Loss: 0.09589927321807905, Test Loss: 0.08989082189167247, Inverse Test Loss: 1.2833813989863676 
2025-06-18 14:12:18,292 INFO: Epoch 203, Train Loss: 0.09532151980833574, Test Loss: 0.09078350509790813, Inverse Test Loss: 1.3013599479899687 
2025-06-18 14:12:19,979 INFO: Epoch 204, Train Loss: 0.09485820155929435, Test Loss: 0.09000604336752611, Inverse Test Loss: 1.2787327135310453 
2025-06-18 14:12:21,673 INFO: Epoch 205, Train Loss: 0.09599953342342016, Test Loss: 0.08959883955471656, Inverse Test Loss: 1.2757503986358643 
2025-06-18 14:12:23,380 INFO: Epoch 206, Train Loss: 0.09443594425013571, Test Loss: 0.09061804479535888, Inverse Test Loss: 1.2960309982299805 
2025-06-18 14:12:25,129 INFO: Epoch 207, Train Loss: 0.09396682098282105, Test Loss: 0.09078533333890579, Inverse Test Loss: 1.2954090903787052 
2025-06-18 14:12:26,862 INFO: Epoch 208, Train Loss: 0.09354152767495676, Test Loss: 0.09123142896329656, Inverse Test Loss: 1.30939403702231 
2025-06-18 14:12:28,571 INFO: Epoch 209, Train Loss: 0.09501088907321294, Test Loss: 0.08999613058917663, Inverse Test Loss: 1.2854425977258122 
2025-06-18 14:12:30,269 INFO: Epoch 210, Train Loss: 0.09387304148439204, Test Loss: 0.09042314352358088, Inverse Test Loss: 1.2929073151420145 
2025-06-18 14:12:31,946 INFO: Epoch 211, Train Loss: 0.09463763191844478, Test Loss: 0.09042079922030954, Inverse Test Loss: 1.2875456809997559 
2025-06-18 14:12:33,631 INFO: Epoch 212, Train Loss: 0.09527843936600468, Test Loss: 0.08966161244932343, Inverse Test Loss: 1.2877256870269775 
2025-06-18 14:12:35,321 INFO: Epoch 213, Train Loss: 0.09380994144488465, Test Loss: 0.09009786936290123, Inverse Test Loss: 1.2692831965053784 
2025-06-18 14:12:37,011 INFO: Epoch 214, Train Loss: 0.0934611897576939, Test Loss: 0.0898054220220622, Inverse Test Loss: 1.2831453996546127 
2025-06-18 14:12:38,696 INFO: Epoch 215, Train Loss: 0.09275840324434367, Test Loss: 0.09054964254884158, Inverse Test Loss: 1.2748163868399227 
2025-06-18 14:12:40,492 INFO: Epoch 216, Train Loss: 0.09393811886283485, Test Loss: 0.08955703434698722, Inverse Test Loss: 1.2808127894121057 
2025-06-18 14:12:42,227 INFO: Epoch 217, Train Loss: 0.09191383291600329, Test Loss: 0.08995113324593096, Inverse Test Loss: 1.2847447395324707 
2025-06-18 14:12:43,956 INFO: Epoch 218, Train Loss: 0.09228360635990446, Test Loss: 0.0909408672767527, Inverse Test Loss: 1.2952442870420569 
2025-06-18 14:12:45,637 INFO: Epoch 219, Train Loss: 0.09367042311439008, Test Loss: 0.09051007930846776, Inverse Test Loss: 1.298392835785361 
2025-06-18 14:12:47,313 INFO: Epoch 220, Train Loss: 0.0933468018404462, Test Loss: 0.09075481663731967, Inverse Test Loss: 1.30695360548356 
2025-06-18 14:12:49,001 INFO: Epoch 221, Train Loss: 0.09310657485867992, Test Loss: 0.08959636815330561, Inverse Test Loss: 1.2720761123825521 
2025-06-18 14:12:50,699 INFO: Epoch 222, Train Loss: 0.09340872446244414, Test Loss: 0.09024527230683495, Inverse Test Loss: 1.2787535611320944 
2025-06-18 14:12:52,379 INFO: Epoch 223, Train Loss: 0.0929028709052187, Test Loss: 0.09037055710659307, Inverse Test Loss: 1.2921168523676254 
2025-06-18 14:12:54,060 INFO: Epoch 224, Train Loss: 0.09409709404589552, Test Loss: 0.09028004613869331, Inverse Test Loss: 1.2767379003412582 
2025-06-18 14:12:55,744 INFO: Epoch 225, Train Loss: 0.09450243915798086, Test Loss: 0.09024578661603086, Inverse Test Loss: 1.3005203219021069 
2025-06-18 14:12:57,432 INFO: Epoch 226, Train Loss: 0.0939857881290443, Test Loss: 0.09012213458909708, Inverse Test Loss: 1.2775675058364868 
2025-06-18 14:12:59,120 INFO: Epoch 227, Train Loss: 0.09257591346448119, Test Loss: 0.08965536645230125, Inverse Test Loss: 1.2710358675788431 
2025-06-18 14:13:00,839 INFO: Epoch 228, Train Loss: 0.09228965329627196, Test Loss: 0.08955513685941696, Inverse Test Loss: 1.2683610249968136 
2025-06-18 14:13:02,552 INFO: Epoch 229, Train Loss: 0.093012242041754, Test Loss: 0.09018663601840243, Inverse Test Loss: 1.2843640131108902 
2025-06-18 14:13:04,242 INFO: Epoch 230, Train Loss: 0.09348565774659316, Test Loss: 0.09112854718285449, Inverse Test Loss: 1.2941849301843082 
2025-06-18 14:13:05,909 INFO: Epoch 231, Train Loss: 0.09259791751251076, Test Loss: 0.0896405952379984, Inverse Test Loss: 1.277213173754075 
2025-06-18 14:13:07,585 INFO: Epoch 232, Train Loss: 0.09305228930756901, Test Loss: 0.08995385424179189, Inverse Test Loss: 1.276739842751447 
2025-06-18 14:13:09,294 INFO: Epoch 233, Train Loss: 0.09293774729876807, Test Loss: 0.08969343431732234, Inverse Test Loss: 1.2690599455552942 
2025-06-18 14:13:11,003 INFO: Epoch 234, Train Loss: 0.09310590786238511, Test Loss: 0.09008407044936628, Inverse Test Loss: 1.2806157715180342 
2025-06-18 14:13:12,701 INFO: Epoch 235, Train Loss: 0.09177342858729941, Test Loss: 0.0897672943332616, Inverse Test Loss: 1.2748058122747086 
2025-06-18 14:13:14,448 INFO: Epoch 236, Train Loss: 0.09252808265613788, Test Loss: 0.0896042587564272, Inverse Test Loss: 1.2658462910091175 
2025-06-18 14:13:16,172 INFO: Epoch 237, Train Loss: 0.09268797781657089, Test Loss: 0.08976510298602722, Inverse Test Loss: 1.2831216910306145 
2025-06-18 14:13:17,864 INFO: Epoch 238, Train Loss: 0.09271625773698995, Test Loss: 0.08928345691631823, Inverse Test Loss: 1.2678557949907638 
2025-06-18 14:13:19,610 INFO: Epoch 239, Train Loss: 0.09024518220262094, Test Loss: 0.09063627198338509, Inverse Test Loss: 1.2807689484427958 
2025-06-18 14:13:21,355 INFO: Epoch 240, Train Loss: 0.09260229997788415, Test Loss: 0.09067227888633222, Inverse Test Loss: 1.2862481580061071 
2025-06-18 14:13:23,057 INFO: Epoch 241, Train Loss: 0.09183170906070506, Test Loss: 0.08914938086972517, Inverse Test Loss: 1.2635876922046436 
2025-06-18 14:13:24,768 INFO: Epoch 242, Train Loss: 0.0917959079485048, Test Loss: 0.08978358480860205, Inverse Test Loss: 1.2791595599230599 
2025-06-18 14:13:26,509 INFO: Epoch 243, Train Loss: 0.093042311004617, Test Loss: 0.08965232398580103, Inverse Test Loss: 1.2686873323777144 
2025-06-18 14:13:28,216 INFO: Epoch 244, Train Loss: 0.09203988477361924, Test Loss: 0.08941007799961988, Inverse Test Loss: 1.2667857268277336 
2025-06-18 14:13:29,990 INFO: Epoch 245, Train Loss: 0.0923338398676027, Test Loss: 0.08991723419988856, Inverse Test Loss: 1.2710016895742977 
2025-06-18 14:13:31,728 INFO: Epoch 246, Train Loss: 0.09128750736514728, Test Loss: 0.09030117401305367, Inverse Test Loss: 1.2769800284329582 
2025-06-18 14:13:33,577 INFO: Epoch 247, Train Loss: 0.09206499238357399, Test Loss: 0.09055612937492483, Inverse Test Loss: 1.292603240293615 
2025-06-18 14:13:35,295 INFO: Epoch 248, Train Loss: 0.0924187558844234, Test Loss: 0.09097923119278516, Inverse Test Loss: 1.284364426837248 
2025-06-18 14:13:37,006 INFO: Epoch 249, Train Loss: 0.09177725440399213, Test Loss: 0.09088798634269658, Inverse Test Loss: 1.2936678072985481 
2025-06-18 14:13:38,716 INFO: Epoch 250, Train Loss: 0.09060897469294793, Test Loss: 0.0906084995059406, Inverse Test Loss: 1.2840247504851396 
2025-06-18 14:13:40,401 INFO: Epoch 251, Train Loss: 0.09061691328657395, Test Loss: 0.09018523618578911, Inverse Test Loss: 1.2712870064903707 
2025-06-18 14:13:42,097 INFO: Epoch 252, Train Loss: 0.09170772626318714, Test Loss: 0.09081130277584581, Inverse Test Loss: 1.2891025893828447 
2025-06-18 14:13:43,773 INFO: Epoch 253, Train Loss: 0.09263186015640244, Test Loss: 0.09009694220388637, Inverse Test Loss: 1.2749919260249418 
2025-06-18 14:13:45,442 INFO: Epoch 254, Train Loss: 0.09118330100494804, Test Loss: 0.09052095321171424, Inverse Test Loss: 1.2789921970928417 
2025-06-18 14:13:47,198 INFO: Epoch 255, Train Loss: 0.09089389195044835, Test Loss: 0.09073031343081418, Inverse Test Loss: 1.2828049729852116 
2025-06-18 14:13:48,881 INFO: Epoch 256, Train Loss: 0.09368537326879574, Test Loss: 0.08898634595029495, Inverse Test Loss: 1.2701609274920296 
2025-06-18 14:13:50,556 INFO: Epoch 257, Train Loss: 0.0908374593339183, Test Loss: 0.09038704458404989, Inverse Test Loss: 1.290789411348455 
2025-06-18 14:13:52,235 INFO: Epoch 258, Train Loss: 0.08986287434218508, Test Loss: 0.09088578601093854, Inverse Test Loss: 1.2829409066368551 
2025-06-18 14:13:53,930 INFO: Epoch 259, Train Loss: 0.09161919790009658, Test Loss: 0.08971030812929659, Inverse Test Loss: 1.2712568465401144 
2025-06-18 14:13:55,671 INFO: Epoch 260, Train Loss: 0.09117892164398324, Test Loss: 0.0917349834652508, Inverse Test Loss: 1.307608730652753 
2025-06-18 14:13:57,675 INFO: Epoch 261, Train Loss: 0.09058726934546774, Test Loss: 0.09023219193605815, Inverse Test Loss: 1.2814810240969938 
2025-06-18 14:13:59,408 INFO: Epoch 262, Train Loss: 0.0903873440781326, Test Loss: 0.08975067274535403, Inverse Test Loss: 1.275503396987915 
2025-06-18 14:14:01,116 INFO: Epoch 263, Train Loss: 0.09082045281926791, Test Loss: 0.091934622868019, Inverse Test Loss: 1.2909106542082394 
2025-06-18 14:14:02,855 INFO: Epoch 264, Train Loss: 0.09063210914080794, Test Loss: 0.09285366337965517, Inverse Test Loss: 1.3207616806030273 
2025-06-18 14:14:04,576 INFO: Epoch 265, Train Loss: 0.09117947411582325, Test Loss: 0.0901974899803891, Inverse Test Loss: 1.28105031041538 
2025-06-18 14:14:06,288 INFO: Epoch 266, Train Loss: 0.0896514943716201, Test Loss: 0.08984855956891004, Inverse Test Loss: 1.2671480529448564 
2025-06-18 14:14:08,040 INFO: Epoch 267, Train Loss: 0.0903472566243374, Test Loss: 0.09031793409410645, Inverse Test Loss: 1.2695362182224499 
2025-06-18 14:14:09,815 INFO: Epoch 268, Train Loss: 0.09056470114173311, Test Loss: 0.09069178297239192, Inverse Test Loss: 1.2797156958019031 
2025-06-18 14:14:11,606 INFO: Epoch 269, Train Loss: 0.09022961297270024, Test Loss: 0.08970320838339188, Inverse Test Loss: 1.2737571982776417 
2025-06-18 14:14:13,475 INFO: Epoch 270, Train Loss: 0.09140791303732178, Test Loss: 0.08915100684937309, Inverse Test Loss: 1.2691784220583298 
2025-06-18 14:14:15,488 INFO: Epoch 271, Train Loss: 0.08913510862850782, Test Loss: 0.09016267911476247, Inverse Test Loss: 1.272815392297857 
2025-06-18 14:14:17,406 INFO: Epoch 272, Train Loss: 0.0905802319052093, Test Loss: 0.08969947520424337, Inverse Test Loss: 1.2683540828087752 
2025-06-18 14:14:19,574 INFO: Epoch 273, Train Loss: 0.08970043294583306, Test Loss: 0.0900205680552651, Inverse Test Loss: 1.2851231518913717 
2025-06-18 14:14:21,489 INFO: Epoch 274, Train Loss: 0.0907754564488476, Test Loss: 0.09126185801099329, Inverse Test Loss: 1.2980315019102657 
2025-06-18 14:14:23,441 INFO: Epoch 275, Train Loss: 0.09061291802561644, Test Loss: 0.0911035064388724, Inverse Test Loss: 1.2910292078466976 
2025-06-18 14:14:25,359 INFO: Epoch 276, Train Loss: 0.09078244503700372, Test Loss: 0.0913849952904617, Inverse Test Loss: 1.2973774391062118 
2025-06-18 14:14:27,270 INFO: Epoch 277, Train Loss: 0.09020700350855336, Test Loss: 0.09123086688273094, Inverse Test Loss: 1.2973873159464668 
2025-06-18 14:14:29,187 INFO: Epoch 278, Train Loss: 0.09093315696174448, Test Loss: 0.09052048360600191, Inverse Test Loss: 1.2881810524884392 
2025-06-18 14:14:31,130 INFO: Epoch 279, Train Loss: 0.09066537750715559, Test Loss: 0.09000500444980229, Inverse Test Loss: 1.2732372844920439 
2025-06-18 14:14:33,010 INFO: Epoch 280, Train Loss: 0.09002881880962488, Test Loss: 0.09065630484153242, Inverse Test Loss: 1.2780921108582441 
2025-06-18 14:14:34,861 INFO: Epoch 281, Train Loss: 0.08969406834380193, Test Loss: 0.0907897173481829, Inverse Test Loss: 1.288705489214729 
2025-06-18 14:14:36,661 INFO: Epoch 282, Train Loss: 0.09079383025792512, Test Loss: 0.09056357425801895, Inverse Test Loss: 1.3010949948254753 
2025-06-18 14:14:38,449 INFO: Epoch 283, Train Loss: 0.08994006478425229, Test Loss: 0.09148632472052294, Inverse Test Loss: 1.3092782777898453 
2025-06-18 14:14:40,364 INFO: Epoch 284, Train Loss: 0.08985941416837952, Test Loss: 0.09039142508717145, Inverse Test Loss: 1.2741732842781965 
2025-06-18 14:14:42,489 INFO: Epoch 285, Train Loss: 0.08900680895330328, Test Loss: 0.0898695022744291, Inverse Test Loss: 1.2694335825303023 
2025-06-18 14:14:44,479 INFO: Epoch 286, Train Loss: 0.09086330545445283, Test Loss: 0.09007182695409831, Inverse Test Loss: 1.2761832054923563 
2025-06-18 14:14:46,295 INFO: Epoch 287, Train Loss: 0.09052998967694514, Test Loss: 0.09039311352021553, Inverse Test Loss: 1.2712026063133688 
2025-06-18 14:14:47,987 INFO: Epoch 288, Train Loss: 0.09021745232695882, Test Loss: 0.08946815483710345, Inverse Test Loss: 1.261873953482684 
2025-06-18 14:14:49,825 INFO: Epoch 289, Train Loss: 0.088892605268594, Test Loss: 0.0909497051992837, Inverse Test Loss: 1.2841594114023096 
2025-06-18 14:14:51,565 INFO: Epoch 290, Train Loss: 0.08883876116438345, Test Loss: 0.09152959133772288, Inverse Test Loss: 1.2955514543196733 
2025-06-18 14:14:53,352 INFO: Epoch 291, Train Loss: 0.0891874690511913, Test Loss: 0.09005542033735443, Inverse Test Loss: 1.2746514117016512 
2025-06-18 14:14:55,078 INFO: Epoch 292, Train Loss: 0.08939606888276158, Test Loss: 0.09029162499834509, Inverse Test Loss: 1.2733108611667858 
2025-06-18 14:14:56,825 INFO: Epoch 293, Train Loss: 0.08789982251597173, Test Loss: 0.09039374484735377, Inverse Test Loss: 1.282434428439421 
2025-06-18 14:14:58,504 INFO: Epoch 294, Train Loss: 0.08965031955052506, Test Loss: 0.09201370815143865, Inverse Test Loss: 1.2923442475935991 
2025-06-18 14:15:00,194 INFO: Epoch 295, Train Loss: 0.09025398297517588, Test Loss: 0.0921433572383488, Inverse Test Loss: 1.3131658434867859 
2025-06-18 14:15:01,881 INFO: Epoch 296, Train Loss: 0.08924294026060538, Test Loss: 0.09038010984659195, Inverse Test Loss: 1.2663669516058529 
2025-06-18 14:15:03,549 INFO: Epoch 297, Train Loss: 0.08940484357828443, Test Loss: 0.0914961803047096, Inverse Test Loss: 1.3023388526018929 
2025-06-18 14:15:05,291 INFO: Epoch 298, Train Loss: 0.09000773615006244, Test Loss: 0.09070734833093251, Inverse Test Loss: 1.28549584571053 
2025-06-18 14:15:06,988 INFO: Epoch 299, Train Loss: 0.08915648377980247, Test Loss: 0.09080047708223848, Inverse Test Loss: 1.2875192656236536 
2025-06-18 14:15:08,698 INFO: Epoch 300, Train Loss: 0.08847502190055269, Test Loss: 0.0908570659949499, Inverse Test Loss: 1.2818930780186373 
2025-06-18 14:15:08,698 INFO: Best Epoch 256, Best Test Loss: 0.08898634595029495, Inverse Test Loss: 1.2701609274920296 
2025-06-18 14:15:10,494 INFO: Epoch 301, Train Loss: 0.09005053380899357, Test Loss: 0.09056621483143638, Inverse Test Loss: 1.2837371650864096 
2025-06-18 14:15:12,336 INFO: Epoch 302, Train Loss: 0.08873773580699255, Test Loss: 0.09083382171743057, Inverse Test Loss: 1.2813645986949695 
2025-06-18 14:15:14,059 INFO: Epoch 303, Train Loss: 0.088844376870177, Test Loss: 0.09089332797071513, Inverse Test Loss: 1.2729802166714388 
2025-06-18 14:15:15,797 INFO: Epoch 304, Train Loss: 0.09018672223795544, Test Loss: 0.09063817166230258, Inverse Test Loss: 1.2782290016903597 
2025-06-18 14:15:17,499 INFO: Epoch 305, Train Loss: 0.09036482960888834, Test Loss: 0.09052179271683973, Inverse Test Loss: 1.2928523596595316 
2025-06-18 14:15:19,351 INFO: Epoch 306, Train Loss: 0.08917597574040745, Test Loss: 0.09038902906810536, Inverse Test Loss: 1.2822839302175186 
2025-06-18 14:15:21,147 INFO: Epoch 307, Train Loss: 0.08894336963015975, Test Loss: 0.09058781077756602, Inverse Test Loss: 1.2748361545450546 
2025-06-18 14:15:22,961 INFO: Epoch 308, Train Loss: 0.08909155484853369, Test Loss: 0.09217968933722552, Inverse Test Loss: 1.3030134860207052 
2025-06-18 14:15:24,718 INFO: Epoch 309, Train Loss: 0.08918405188755556, Test Loss: 0.09031302021706805, Inverse Test Loss: 1.2727139206493603 
2025-06-18 14:15:26,421 INFO: Epoch 310, Train Loss: 0.09061177498237653, Test Loss: 0.09060501701691571, Inverse Test Loss: 1.2856330345658695 
2025-06-18 14:15:28,211 INFO: Epoch 311, Train Loss: 0.08927437809832169, Test Loss: 0.09110636483220493, Inverse Test Loss: 1.2888006357585682 
2025-06-18 14:15:29,927 INFO: Epoch 312, Train Loss: 0.08838023725106861, Test Loss: 0.09170591042322271, Inverse Test Loss: 1.2932398073813494 
2025-06-18 14:15:31,678 INFO: Epoch 313, Train Loss: 0.0894879527728666, Test Loss: 0.09121310097329757, Inverse Test Loss: 1.285721834968118 
2025-06-18 14:15:33,371 INFO: Epoch 314, Train Loss: 0.08769648149609566, Test Loss: 0.0910619148874984, Inverse Test Loss: 1.2801220031345593 
2025-06-18 14:15:35,126 INFO: Epoch 315, Train Loss: 0.08837146261198954, Test Loss: 0.09125549170900793, Inverse Test Loss: 1.2854916663730847 
2025-06-18 14:15:36,882 INFO: Epoch 316, Train Loss: 0.08890975740822879, Test Loss: 0.091344634837964, Inverse Test Loss: 1.2825538445921505 
2025-06-18 14:15:38,598 INFO: Epoch 317, Train Loss: 0.08813927113784081, Test Loss: 0.09139817120397792, Inverse Test Loss: 1.2938334240632898 
2025-06-18 14:15:40,331 INFO: Epoch 318, Train Loss: 0.08854493267382636, Test Loss: 0.09141521353055448, Inverse Test Loss: 1.2888166974572575 
2025-06-18 14:15:42,193 INFO: Epoch 319, Train Loss: 0.08803236337773727, Test Loss: 0.09126731578041525, Inverse Test Loss: 1.2888561066459208 
2025-06-18 14:15:43,927 INFO: Epoch 320, Train Loss: 0.08763540643408443, Test Loss: 0.0915401849676581, Inverse Test Loss: 1.2828026308732874 
2025-06-18 14:15:45,712 INFO: Epoch 321, Train Loss: 0.08837714808231051, Test Loss: 0.09136296085575048, Inverse Test Loss: 1.2913470128003288 
2025-06-18 14:15:47,433 INFO: Epoch 322, Train Loss: 0.08726997233249924, Test Loss: 0.09047768856672679, Inverse Test Loss: 1.2825881382998299 
2025-06-18 14:15:49,164 INFO: Epoch 323, Train Loss: 0.0873670196442893, Test Loss: 0.09113363592940218, Inverse Test Loss: 1.2865657981704264 
2025-06-18 14:15:50,948 INFO: Epoch 324, Train Loss: 0.08865796232765372, Test Loss: 0.09096571868833374, Inverse Test Loss: 1.291559471803553 
2025-06-18 14:15:52,712 INFO: Epoch 325, Train Loss: 0.08765807047937856, Test Loss: 0.09103956248830347, Inverse Test Loss: 1.2930500893031849 
2025-06-18 14:15:54,441 INFO: Epoch 326, Train Loss: 0.0869822513707208, Test Loss: 0.09132903288392459, Inverse Test Loss: 1.2882831447264727 
2025-06-18 14:15:56,178 INFO: Epoch 327, Train Loss: 0.08799013591399699, Test Loss: 0.09093393253929474, Inverse Test Loss: 1.2811210120425505 
2025-06-18 14:15:57,984 INFO: Epoch 328, Train Loss: 0.08855060428719629, Test Loss: 0.0904152071213021, Inverse Test Loss: 1.2814337891690872 
2025-06-18 14:15:59,726 INFO: Epoch 329, Train Loss: 0.0868038847816713, Test Loss: 0.09196606541381162, Inverse Test Loss: 1.2903525724130518 
2025-06-18 14:16:01,520 INFO: Epoch 330, Train Loss: 0.086689747982856, Test Loss: 0.09288730735287946, Inverse Test Loss: 1.3081714686225443 
2025-06-18 14:16:03,347 INFO: Epoch 331, Train Loss: 0.08848566539359815, Test Loss: 0.09129190707907957, Inverse Test Loss: 1.2836594301111557 
2025-06-18 14:16:05,079 INFO: Epoch 332, Train Loss: 0.08647707522366986, Test Loss: 0.09159574197495685, Inverse Test Loss: 1.2922864416066338 
2025-06-18 14:16:06,810 INFO: Epoch 333, Train Loss: 0.0870695070109584, Test Loss: 0.09170746255446882, Inverse Test Loss: 1.2842286895303165 
2025-06-18 14:16:08,563 INFO: Epoch 334, Train Loss: 0.08735273270444437, Test Loss: 0.09121866721440763, Inverse Test Loss: 1.2909848409540512 
2025-06-18 14:16:10,338 INFO: Epoch 335, Train Loss: 0.08712381925998312, Test Loss: 0.09292836180504631, Inverse Test Loss: 1.3098609763033249 
2025-06-18 14:16:12,109 INFO: Epoch 336, Train Loss: 0.08654673047589534, Test Loss: 0.09219148930381327, Inverse Test Loss: 1.2906248639611637 
2025-06-18 14:16:13,857 INFO: Epoch 337, Train Loss: 0.0863620446374019, Test Loss: 0.0918029434978962, Inverse Test Loss: 1.2825644822681652 
2025-06-18 14:16:15,656 INFO: Epoch 338, Train Loss: 0.08550626733763651, Test Loss: 0.09140617729109876, Inverse Test Loss: 1.2853163060019999 
2025-06-18 14:16:17,419 INFO: Epoch 339, Train Loss: 0.0873316888782111, Test Loss: 0.09240532754098668, Inverse Test Loss: 1.2918899339788101 
2025-06-18 14:16:19,175 INFO: Epoch 340, Train Loss: 0.08717966508684737, Test Loss: 0.09168476611375809, Inverse Test Loss: 1.2965905350797318 
2025-06-18 14:16:20,990 INFO: Epoch 341, Train Loss: 0.08659388378939846, Test Loss: 0.0916368376244517, Inverse Test Loss: 1.2937790365780102 
2025-06-18 14:16:22,779 INFO: Epoch 342, Train Loss: 0.0879658657041463, Test Loss: 0.09202935371328802, Inverse Test Loss: 1.2953388971440933 
2025-06-18 14:16:24,495 INFO: Epoch 343, Train Loss: 0.08681821402613864, Test Loss: 0.09208271301844541, Inverse Test Loss: 1.297898012049058 
2025-06-18 14:16:26,206 INFO: Epoch 344, Train Loss: 0.08580415080668348, Test Loss: 0.09302623767186613, Inverse Test Loss: 1.301606090629802 
2025-06-18 14:16:27,931 INFO: Epoch 345, Train Loss: 0.0862987915223295, Test Loss: 0.09306370335466721, Inverse Test Loss: 1.3025148545994478 
2025-06-18 14:16:29,620 INFO: Epoch 346, Train Loss: 0.08734620836648074, Test Loss: 0.09234643026309855, Inverse Test Loss: 1.306488408761866 
2025-06-18 14:16:31,367 INFO: Epoch 347, Train Loss: 0.0879258955687736, Test Loss: 0.09367222667616956, Inverse Test Loss: 1.3072456577244926 
2025-06-18 14:16:33,753 INFO: Epoch 348, Train Loss: 0.08564084208090648, Test Loss: 0.09248647970311782, Inverse Test Loss: 1.3005023773978739 
2025-06-18 14:16:35,590 INFO: Epoch 349, Train Loss: 0.08658952960236506, Test Loss: 0.09224168759058504, Inverse Test Loss: 1.2927636854788835 
2025-06-18 14:16:37,538 INFO: Epoch 350, Train Loss: 0.08724437332288786, Test Loss: 0.09318450049442403, Inverse Test Loss: 1.3113112870384664 
2025-06-18 14:16:39,332 INFO: Epoch 351, Train Loss: 0.08590336962405479, Test Loss: 0.09149738576482325, Inverse Test Loss: 1.2913604483884924 
2025-06-18 14:16:41,045 INFO: Epoch 352, Train Loss: 0.08666685827527985, Test Loss: 0.09167383874163908, Inverse Test Loss: 1.292937671436983 
2025-06-18 14:16:42,792 INFO: Epoch 353, Train Loss: 0.08614021110715288, Test Loss: 0.0912955133792232, Inverse Test Loss: 1.2837303596384384 
2025-06-18 14:16:44,481 INFO: Epoch 354, Train Loss: 0.08592728598777091, Test Loss: 0.09191386839922737, Inverse Test Loss: 1.2901645618326523 
2025-06-18 14:16:46,176 INFO: Epoch 355, Train Loss: 0.08474867491785323, Test Loss: 0.09236703484373934, Inverse Test Loss: 1.298946128172033 
2025-06-18 14:16:47,879 INFO: Epoch 356, Train Loss: 0.08519095097753135, Test Loss: 0.09230245452593355, Inverse Test Loss: 1.298759144895217 
2025-06-18 14:16:49,603 INFO: Epoch 357, Train Loss: 0.08510350492416006, Test Loss: 0.09226930689285784, Inverse Test Loss: 1.3003641857820398 
2025-06-18 14:16:51,391 INFO: Epoch 358, Train Loss: 0.08487812209535729, Test Loss: 0.09203928139279871, Inverse Test Loss: 1.2926846146583557 
2025-06-18 14:16:53,138 INFO: Epoch 359, Train Loss: 0.0858726699582555, Test Loss: 0.09229785072452881, Inverse Test Loss: 1.2910209157887627 
2025-06-18 14:16:54,838 INFO: Epoch 360, Train Loss: 0.08657815956482381, Test Loss: 0.0910024662666461, Inverse Test Loss: 1.2823392293032478 
2025-06-18 14:16:56,518 INFO: Epoch 361, Train Loss: 0.0847872897531047, Test Loss: 0.0923245200777755, Inverse Test Loss: 1.303255070658291 
2025-06-18 14:16:58,320 INFO: Epoch 362, Train Loss: 0.08522447644535339, Test Loss: 0.0916623955263811, Inverse Test Loss: 1.2922388595693253 
2025-06-18 14:17:00,067 INFO: Epoch 363, Train Loss: 0.08579386415129359, Test Loss: 0.09329751616015154, Inverse Test Loss: 1.3078495930222904 
2025-06-18 14:17:01,761 INFO: Epoch 364, Train Loss: 0.08588371154936877, Test Loss: 0.09151256763759781, Inverse Test Loss: 1.2907214340041666 
2025-06-18 14:17:03,454 INFO: Epoch 365, Train Loss: 0.08639484751179363, Test Loss: 0.0916288543273421, Inverse Test Loss: 1.2949978814405554 
2025-06-18 14:17:05,178 INFO: Epoch 366, Train Loss: 0.086345108677492, Test Loss: 0.092510964940576, Inverse Test Loss: 1.3037331910694347 
2025-06-18 14:17:06,889 INFO: Epoch 367, Train Loss: 0.08723419724088727, Test Loss: 0.09241962586255635, Inverse Test Loss: 1.2972554213860457 
2025-06-18 14:17:08,601 INFO: Epoch 368, Train Loss: 0.08467329392266093, Test Loss: 0.09241938569089946, Inverse Test Loss: 1.3024172572528614 
2025-06-18 14:17:10,296 INFO: Epoch 369, Train Loss: 0.08633762417417584, Test Loss: 0.09150103216662127, Inverse Test Loss: 1.2880469104822945 
2025-06-18 14:17:12,111 INFO: Epoch 370, Train Loss: 0.08509702399147279, Test Loss: 0.09281856566667557, Inverse Test Loss: 1.3058108477031483 
2025-06-18 14:17:13,835 INFO: Epoch 371, Train Loss: 0.08506134067746726, Test Loss: 0.09241795408375122, Inverse Test Loss: 1.3054861426353455 
2025-06-18 14:17:15,576 INFO: Epoch 372, Train Loss: 0.08553187244317749, Test Loss: 0.09158673838657491, Inverse Test Loss: 1.2818741693216211 
2025-06-18 14:17:17,290 INFO: Epoch 373, Train Loss: 0.08491809090430086, Test Loss: 0.09249965232961319, Inverse Test Loss: 1.2987578826792099 
2025-06-18 14:17:19,027 INFO: Epoch 374, Train Loss: 0.08511111591801498, Test Loss: 0.09323264044873855, Inverse Test Loss: 1.3060971077750712 
2025-06-18 14:17:20,815 INFO: Epoch 375, Train Loss: 0.0862860233156067, Test Loss: 0.09303804662297754, Inverse Test Loss: 1.2960959672927856 
2025-06-18 14:17:22,554 INFO: Epoch 376, Train Loss: 0.08495072111713164, Test Loss: 0.09424595008878146, Inverse Test Loss: 1.313547835630529 
2025-06-18 14:17:24,319 INFO: Epoch 377, Train Loss: 0.08400956953339504, Test Loss: 0.09342277838903315, Inverse Test Loss: 1.309193071197061 
2025-06-18 14:17:26,104 INFO: Epoch 378, Train Loss: 0.08622898598850677, Test Loss: 0.09294822702513021, Inverse Test Loss: 1.3109932436662561 
2025-06-18 14:17:27,797 INFO: Epoch 379, Train Loss: 0.08551879537602265, Test Loss: 0.09139955219100504, Inverse Test Loss: 1.290273936355815 
2025-06-18 14:17:29,521 INFO: Epoch 380, Train Loss: 0.08355578893061841, Test Loss: 0.09295834162655998, Inverse Test Loss: 1.30312101279988 
2025-06-18 14:17:31,310 INFO: Epoch 381, Train Loss: 0.08381988985859083, Test Loss: 0.09282563276150647, Inverse Test Loss: 1.2986926261116476 
2025-06-18 14:17:33,007 INFO: Epoch 382, Train Loss: 0.08529030859018817, Test Loss: 0.0933544083553202, Inverse Test Loss: 1.3097824068630444 
2025-06-18 14:17:34,728 INFO: Epoch 383, Train Loss: 0.08608128728740143, Test Loss: 0.09177652527304257, Inverse Test Loss: 1.2899605912320755 
2025-06-18 14:17:36,398 INFO: Epoch 384, Train Loss: 0.08279714518875787, Test Loss: 0.09303402221378158, Inverse Test Loss: 1.3019805585636812 
2025-06-18 14:17:38,117 INFO: Epoch 385, Train Loss: 0.08392629106387947, Test Loss: 0.09312139057061251, Inverse Test Loss: 1.3132151330218595 
2025-06-18 14:17:40,008 INFO: Epoch 386, Train Loss: 0.08497204953296618, Test Loss: 0.09272991252296112, Inverse Test Loss: 1.2965348397984224 
2025-06-18 14:17:41,900 INFO: Epoch 387, Train Loss: 0.0837473924638647, Test Loss: 0.09328037544208415, Inverse Test Loss: 1.3057379477164324 
2025-06-18 14:17:43,737 INFO: Epoch 388, Train Loss: 0.08450648448232448, Test Loss: 0.09365670251495697, Inverse Test Loss: 1.3113873706144445 
2025-06-18 14:17:45,481 INFO: Epoch 389, Train Loss: 0.08307654698464004, Test Loss: 0.0938764858771773, Inverse Test Loss: 1.3062460632885204 
2025-06-18 14:17:47,168 INFO: Epoch 390, Train Loss: 0.08418552408164198, Test Loss: 0.09333068154313985, Inverse Test Loss: 1.309322153820711 
2025-06-18 14:17:48,888 INFO: Epoch 391, Train Loss: 0.08418995666910302, Test Loss: 0.09523639433524188, Inverse Test Loss: 1.3220403965781717 
2025-06-18 14:17:50,619 INFO: Epoch 392, Train Loss: 0.08444461407083453, Test Loss: 0.09269531619022875, Inverse Test Loss: 1.2998441142194412 
2025-06-18 14:17:52,333 INFO: Epoch 393, Train Loss: 0.08361127487186229, Test Loss: 0.09375638558584101, Inverse Test Loss: 1.3006871938705444 
2025-06-18 14:17:54,133 INFO: Epoch 394, Train Loss: 0.08397125622088258, Test Loss: 0.09306457419605817, Inverse Test Loss: 1.307643259272856 
2025-06-18 14:17:55,888 INFO: Epoch 395, Train Loss: 0.08363495919514786, Test Loss: 0.09377155014697243, Inverse Test Loss: 1.3139107998679667 
2025-06-18 14:17:57,616 INFO: Epoch 396, Train Loss: 0.0818179219283841, Test Loss: 0.09272997147020172, Inverse Test Loss: 1.2982168723555172 
2025-06-18 14:17:59,338 INFO: Epoch 397, Train Loss: 0.08323172556067054, Test Loss: 0.09449509794221204, Inverse Test Loss: 1.325723458738888 
2025-06-18 14:18:01,060 INFO: Epoch 398, Train Loss: 0.08260897428474644, Test Loss: 0.09327932359541163, Inverse Test Loss: 1.302690162378199 
2025-06-18 14:18:02,764 INFO: Epoch 399, Train Loss: 0.08355041604601976, Test Loss: 0.09485759717576644, Inverse Test Loss: 1.3227673067766077 
2025-06-18 14:18:04,528 INFO: Epoch 400, Train Loss: 0.0831661420225194, Test Loss: 0.09455980141373242, Inverse Test Loss: 1.320653480641982 
2025-06-18 14:18:04,528 INFO: Best Epoch 256, Best Test Loss: 0.08898634595029495, Inverse Test Loss: 1.2701609274920296 
