2025-01-09 14:23:13,078 INFO: namespace(depth=2, name='KAN') 
2025-01-09 14:23:13,078 INFO: Dataset:winequality 
2025-01-09 14:23:13,078 INFO: ------Begin Training Model------ 
2025-01-09 14:23:15,019 INFO: Epoch 1, Train Loss: 0.9973554092068826, Test Loss: 0.9466553330421448, Inverse Test Loss: 0.08761578053236008 
2025-01-09 14:23:15,143 INFO: Epoch 2, Train Loss: 0.9445957445329235, Test Loss: 0.9003731682896614, Inverse Test Loss: 0.08279658108949661 
2025-01-09 14:23:15,264 INFO: Epoch 3, Train Loss: 0.8984894656365917, Test Loss: 0.8639440014958382, Inverse Test Loss: 0.08014820516109467 
2025-01-09 14:23:15,393 INFO: Epoch 4, Train Loss: 0.8645923791393157, Test Loss: 0.8400292173027992, Inverse Test Loss: 0.07889809459447861 
2025-01-09 14:23:15,515 INFO: Epoch 5, Train Loss: 0.8352759345885246, Test Loss: 0.8270094394683838, Inverse Test Loss: 0.07837474346160889 
2025-01-09 14:23:15,636 INFO: Epoch 6, Train Loss: 0.820995859561428, Test Loss: 0.8206039071083069, Inverse Test Loss: 0.07796378433704376 
2025-01-09 14:23:15,757 INFO: Epoch 7, Train Loss: 0.8113898384955621, Test Loss: 0.8161451742053032, Inverse Test Loss: 0.07772504538297653 
2025-01-09 14:23:15,876 INFO: Epoch 8, Train Loss: 0.8012509999736663, Test Loss: 0.8133727237582207, Inverse Test Loss: 0.07738476991653442 
2025-01-09 14:23:15,996 INFO: Epoch 9, Train Loss: 0.7963266584181017, Test Loss: 0.8086410909891129, Inverse Test Loss: 0.07711893320083618 
2025-01-09 14:23:16,118 INFO: Epoch 10, Train Loss: 0.7936499195714151, Test Loss: 0.8055126518011093, Inverse Test Loss: 0.07686789333820343 
2025-01-09 14:23:16,243 INFO: Epoch 11, Train Loss: 0.7886492494613894, Test Loss: 0.8028808757662773, Inverse Test Loss: 0.07652068138122559 
2025-01-09 14:23:16,366 INFO: Epoch 12, Train Loss: 0.7817265006803698, Test Loss: 0.79971594363451, Inverse Test Loss: 0.07633452862501144 
2025-01-09 14:23:16,507 INFO: Epoch 13, Train Loss: 0.7775509088270126, Test Loss: 0.7973315790295601, Inverse Test Loss: 0.07569942623376846 
2025-01-09 14:23:16,624 INFO: Epoch 14, Train Loss: 0.7756418912641464, Test Loss: 0.7949778437614441, Inverse Test Loss: 0.07560811936855316 
2025-01-09 14:23:16,750 INFO: Epoch 15, Train Loss: 0.7684707660828868, Test Loss: 0.7929682508111, Inverse Test Loss: 0.0755816102027893 
2025-01-09 14:23:16,879 INFO: Epoch 16, Train Loss: 0.7680287899509552, Test Loss: 0.7922408804297447, Inverse Test Loss: 0.07491754740476608 
2025-01-09 14:23:17,008 INFO: Epoch 17, Train Loss: 0.7620378328907874, Test Loss: 0.7897039279341698, Inverse Test Loss: 0.07470603287220001 
2025-01-09 14:23:17,139 INFO: Epoch 18, Train Loss: 0.7586804589917583, Test Loss: 0.7886945009231567, Inverse Test Loss: 0.0746743455529213 
2025-01-09 14:23:17,261 INFO: Epoch 19, Train Loss: 0.7535178834392179, Test Loss: 0.7874548211693764, Inverse Test Loss: 0.07503381371498108 
2025-01-09 14:23:17,386 INFO: Epoch 20, Train Loss: 0.750364278593371, Test Loss: 0.7863979339599609, Inverse Test Loss: 0.0747763141989708 
2025-01-09 14:23:17,512 INFO: Epoch 21, Train Loss: 0.747624889496834, Test Loss: 0.7857727482914925, Inverse Test Loss: 0.07468938827514648 
2025-01-09 14:23:17,639 INFO: Epoch 22, Train Loss: 0.7412627300908489, Test Loss: 0.7852831855416298, Inverse Test Loss: 0.07434820383787155 
2025-01-09 14:23:17,761 INFO: Epoch 23, Train Loss: 0.738475461159983, Test Loss: 0.7843215614557266, Inverse Test Loss: 0.07431354373693466 
2025-01-09 14:23:17,886 INFO: Epoch 24, Train Loss: 0.7327679587948707, Test Loss: 0.7831918969750404, Inverse Test Loss: 0.07436789572238922 
2025-01-09 14:23:18,013 INFO: Epoch 25, Train Loss: 0.72918894790834, Test Loss: 0.7838243395090103, Inverse Test Loss: 0.07446551322937012 
2025-01-09 14:23:18,133 INFO: Epoch 26, Train Loss: 0.7230208458438996, Test Loss: 0.7826297879219055, Inverse Test Loss: 0.07435230910778046 
2025-01-09 14:23:18,272 INFO: Epoch 27, Train Loss: 0.7209472233249296, Test Loss: 0.7830141335725784, Inverse Test Loss: 0.07519661635160446 
2025-01-09 14:23:18,395 INFO: Epoch 28, Train Loss: 0.7147511666820895, Test Loss: 0.782298818230629, Inverse Test Loss: 0.07470257580280304 
2025-01-09 14:23:18,522 INFO: Epoch 29, Train Loss: 0.707422141105898, Test Loss: 0.7815481871366501, Inverse Test Loss: 0.07507270574569702 
2025-01-09 14:23:18,658 INFO: Epoch 30, Train Loss: 0.7026357477711093, Test Loss: 0.7820761799812317, Inverse Test Loss: 0.07501779496669769 
2025-01-09 14:23:18,783 INFO: Epoch 31, Train Loss: 0.6973633996901973, Test Loss: 0.7820462137460709, Inverse Test Loss: 0.07604855298995972 
2025-01-09 14:23:18,903 INFO: Epoch 32, Train Loss: 0.6934666633605957, Test Loss: 0.7802960872650146, Inverse Test Loss: 0.07613920420408249 
2025-01-09 14:23:19,026 INFO: Epoch 33, Train Loss: 0.6870602253944643, Test Loss: 0.7809208333492279, Inverse Test Loss: 0.07591338455677032 
2025-01-09 14:23:19,149 INFO: Epoch 34, Train Loss: 0.680450439453125, Test Loss: 0.7820154130458832, Inverse Test Loss: 0.07626450806856155 
2025-01-09 14:23:19,272 INFO: Epoch 35, Train Loss: 0.6748752440175703, Test Loss: 0.7803359851241112, Inverse Test Loss: 0.07684120535850525 
2025-01-09 14:23:19,393 INFO: Epoch 36, Train Loss: 0.6723393471010269, Test Loss: 0.7804202139377594, Inverse Test Loss: 0.07664164155721664 
2025-01-09 14:23:19,519 INFO: Epoch 37, Train Loss: 0.6644070225377237, Test Loss: 0.7832563295960426, Inverse Test Loss: 0.07719196379184723 
2025-01-09 14:23:19,639 INFO: Epoch 38, Train Loss: 0.657155579136264, Test Loss: 0.7805751264095306, Inverse Test Loss: 0.07778839766979218 
2025-01-09 14:23:19,762 INFO: Epoch 39, Train Loss: 0.6525191876196093, Test Loss: 0.7834063991904259, Inverse Test Loss: 0.07819454371929169 
2025-01-09 14:23:19,883 INFO: Epoch 40, Train Loss: 0.6475548359655565, Test Loss: 0.7810598984360695, Inverse Test Loss: 0.07770584523677826 
2025-01-09 14:23:20,003 INFO: Epoch 41, Train Loss: 0.6376944761122426, Test Loss: 0.781756766140461, Inverse Test Loss: 0.07882019132375717 
2025-01-09 14:23:20,127 INFO: Epoch 42, Train Loss: 0.6358865595632984, Test Loss: 0.7818713262677193, Inverse Test Loss: 0.07830389589071274 
2025-01-09 14:23:20,247 INFO: Epoch 43, Train Loss: 0.6293964828214338, Test Loss: 0.7841174677014351, Inverse Test Loss: 0.07824250310659409 
2025-01-09 14:23:20,368 INFO: Epoch 44, Train Loss: 0.6235904482103163, Test Loss: 0.7840676084160805, Inverse Test Loss: 0.07878060638904572 
2025-01-09 14:23:20,489 INFO: Epoch 45, Train Loss: 0.618243803901057, Test Loss: 0.7849973365664482, Inverse Test Loss: 0.07843364030122757 
2025-01-09 14:23:20,607 INFO: Epoch 46, Train Loss: 0.6118721442837869, Test Loss: 0.7868156284093857, Inverse Test Loss: 0.07881078869104385 
2025-01-09 14:23:20,729 INFO: Epoch 47, Train Loss: 0.6053691804409027, Test Loss: 0.7873436287045479, Inverse Test Loss: 0.07928770780563354 
2025-01-09 14:23:20,851 INFO: Epoch 48, Train Loss: 0.5977027435456553, Test Loss: 0.7889826893806458, Inverse Test Loss: 0.07980431616306305 
2025-01-09 14:23:20,976 INFO: Epoch 49, Train Loss: 0.5926031162661891, Test Loss: 0.7897139117121696, Inverse Test Loss: 0.07910154014825821 
2025-01-09 14:23:21,096 INFO: Epoch 50, Train Loss: 0.5897025514033533, Test Loss: 0.790224976837635, Inverse Test Loss: 0.07943465560674667 
2025-01-09 14:23:21,221 INFO: Epoch 51, Train Loss: 0.583743356889294, Test Loss: 0.7925503775477409, Inverse Test Loss: 0.07895252108573914 
2025-01-09 14:23:21,348 INFO: Epoch 52, Train Loss: 0.5774005343837123, Test Loss: 0.7929194048047066, Inverse Test Loss: 0.07945816218852997 
2025-01-09 14:23:21,472 INFO: Epoch 53, Train Loss: 0.5723739035667912, Test Loss: 0.7961174100637436, Inverse Test Loss: 0.07889378070831299 
2025-01-09 14:23:21,592 INFO: Epoch 54, Train Loss: 0.5701268132655851, Test Loss: 0.7992376014590263, Inverse Test Loss: 0.07915328443050385 
2025-01-09 14:23:21,714 INFO: Epoch 55, Train Loss: 0.5642045332539466, Test Loss: 0.7989649474620819, Inverse Test Loss: 0.07883468270301819 
2025-01-09 14:23:21,834 INFO: Epoch 56, Train Loss: 0.5595059202563378, Test Loss: 0.7993174716830254, Inverse Test Loss: 0.07997503131628036 
2025-01-09 14:23:21,958 INFO: Epoch 57, Train Loss: 0.5537944570664437, Test Loss: 0.7995805814862251, Inverse Test Loss: 0.08066797256469727 
2025-01-09 14:23:22,081 INFO: Epoch 58, Train Loss: 0.5481915954620608, Test Loss: 0.8029940128326416, Inverse Test Loss: 0.07923518866300583 
2025-01-09 14:23:22,238 INFO: Epoch 59, Train Loss: 0.5458760328831211, Test Loss: 0.8073106706142426, Inverse Test Loss: 0.0794185996055603 
2025-01-09 14:23:22,363 INFO: Epoch 60, Train Loss: 0.541210804254778, Test Loss: 0.8050684481859207, Inverse Test Loss: 0.08029916882514954 
2025-01-09 14:23:22,485 INFO: Epoch 61, Train Loss: 0.5372307992750599, Test Loss: 0.8065105378627777, Inverse Test Loss: 0.0798560306429863 
2025-01-09 14:23:22,602 INFO: Epoch 62, Train Loss: 0.5330772438356953, Test Loss: 0.8098095804452896, Inverse Test Loss: 0.08047141879796982 
2025-01-09 14:23:22,726 INFO: Epoch 63, Train Loss: 0.5295966382949583, Test Loss: 0.8102932870388031, Inverse Test Loss: 0.08019503206014633 
2025-01-09 14:23:22,845 INFO: Epoch 64, Train Loss: 0.5247282539644549, Test Loss: 0.81137315928936, Inverse Test Loss: 0.08038913458585739 
2025-01-09 14:23:22,969 INFO: Epoch 65, Train Loss: 0.5206378563757865, Test Loss: 0.8150058761239052, Inverse Test Loss: 0.08110534399747849 
2025-01-09 14:23:23,096 INFO: Epoch 66, Train Loss: 0.5165703046706415, Test Loss: 0.8163982778787613, Inverse Test Loss: 0.08086290955543518 
2025-01-09 14:23:23,221 INFO: Epoch 67, Train Loss: 0.5155280482384467, Test Loss: 0.8197724968194962, Inverse Test Loss: 0.0802626833319664 
2025-01-09 14:23:23,347 INFO: Epoch 68, Train Loss: 0.5099354213283908, Test Loss: 0.8222587257623672, Inverse Test Loss: 0.08015015721321106 
2025-01-09 14:23:23,470 INFO: Epoch 69, Train Loss: 0.5073354119254697, Test Loss: 0.8220812976360321, Inverse Test Loss: 0.08058781176805496 
2025-01-09 14:23:23,590 INFO: Epoch 70, Train Loss: 0.5043641809494265, Test Loss: 0.8236360251903534, Inverse Test Loss: 0.0806489884853363 
2025-01-09 14:23:23,719 INFO: Epoch 71, Train Loss: 0.5006027548543869, Test Loss: 0.8291448727250099, Inverse Test Loss: 0.08019766956567764 
2025-01-09 14:23:23,843 INFO: Epoch 72, Train Loss: 0.4979564864789286, Test Loss: 0.8256992772221565, Inverse Test Loss: 0.08126259595155716 
2025-01-09 14:23:23,969 INFO: Epoch 73, Train Loss: 0.49091152414198846, Test Loss: 0.8292259573936462, Inverse Test Loss: 0.0813286155462265 
2025-01-09 14:23:24,094 INFO: Epoch 74, Train Loss: 0.4904085830334694, Test Loss: 0.8315500617027283, Inverse Test Loss: 0.08048225939273834 
2025-01-09 14:23:24,228 INFO: Epoch 75, Train Loss: 0.4879622161388397, Test Loss: 0.8347929045557976, Inverse Test Loss: 0.0798560157418251 
2025-01-09 14:23:24,358 INFO: Epoch 76, Train Loss: 0.4820327239651834, Test Loss: 0.8340425342321396, Inverse Test Loss: 0.08174055814743042 
2025-01-09 14:23:24,485 INFO: Epoch 77, Train Loss: 0.4816797885202592, Test Loss: 0.8347655907273293, Inverse Test Loss: 0.08056459575891495 
2025-01-09 14:23:24,611 INFO: Epoch 78, Train Loss: 0.47634099375817085, Test Loss: 0.8375739380717278, Inverse Test Loss: 0.08097109943628311 
2025-01-09 14:23:24,753 INFO: Epoch 79, Train Loss: 0.4748107906310789, Test Loss: 0.8376030251383781, Inverse Test Loss: 0.08144398778676987 
2025-01-09 14:23:24,879 INFO: Epoch 80, Train Loss: 0.47015024961963775, Test Loss: 0.8399603590369225, Inverse Test Loss: 0.08150272071361542 
2025-01-09 14:23:25,019 INFO: Epoch 81, Train Loss: 0.46745075333502983, Test Loss: 0.8402839601039886, Inverse Test Loss: 0.08082731068134308 
2025-01-09 14:23:25,149 INFO: Epoch 82, Train Loss: 0.46410414768803504, Test Loss: 0.8437686264514923, Inverse Test Loss: 0.08119182288646698 
2025-01-09 14:23:25,279 INFO: Epoch 83, Train Loss: 0.4621832034280223, Test Loss: 0.845314584672451, Inverse Test Loss: 0.08091867715120316 
2025-01-09 14:23:25,400 INFO: Epoch 84, Train Loss: 0.4580928183371021, Test Loss: 0.8461028039455414, Inverse Test Loss: 0.08133922517299652 
2025-01-09 14:23:25,522 INFO: Epoch 85, Train Loss: 0.4568561738537204, Test Loss: 0.8489650562405586, Inverse Test Loss: 0.08109831809997559 
2025-01-09 14:23:25,692 INFO: Epoch 86, Train Loss: 0.453254537236306, Test Loss: 0.8479761332273483, Inverse Test Loss: 0.08195754140615463 
2025-01-09 14:23:25,839 INFO: Epoch 87, Train Loss: 0.45062082813632104, Test Loss: 0.8507107198238373, Inverse Test Loss: 0.08095123618841171 
2025-01-09 14:23:25,969 INFO: Epoch 88, Train Loss: 0.4482153980962692, Test Loss: 0.8510727733373642, Inverse Test Loss: 0.08121990412473679 
2025-01-09 14:23:26,100 INFO: Epoch 89, Train Loss: 0.44634864118791395, Test Loss: 0.855557844042778, Inverse Test Loss: 0.08182619512081146 
2025-01-09 14:23:26,222 INFO: Epoch 90, Train Loss: 0.4409543400810611, Test Loss: 0.8541778698563576, Inverse Test Loss: 0.08183779567480087 
2025-01-09 14:23:26,349 INFO: Epoch 91, Train Loss: 0.4404474246886469, Test Loss: 0.8552386611700058, Inverse Test Loss: 0.08129632472991943 
2025-01-09 14:23:26,477 INFO: Epoch 92, Train Loss: 0.43662158616127505, Test Loss: 0.8598910570144653, Inverse Test Loss: 0.08115622401237488 
2025-01-09 14:23:26,613 INFO: Epoch 93, Train Loss: 0.43555756826554576, Test Loss: 0.8581518456339836, Inverse Test Loss: 0.08136796951293945 
2025-01-09 14:23:26,742 INFO: Epoch 94, Train Loss: 0.4318376221964436, Test Loss: 0.8581617474555969, Inverse Test Loss: 0.08159621059894562 
2025-01-09 14:23:26,863 INFO: Epoch 95, Train Loss: 0.43036674684093845, Test Loss: 0.8600883260369301, Inverse Test Loss: 0.08178597688674927 
2025-01-09 14:23:26,986 INFO: Epoch 96, Train Loss: 0.42837628241508235, Test Loss: 0.8631085529923439, Inverse Test Loss: 0.08184550702571869 
2025-01-09 14:23:27,124 INFO: Epoch 97, Train Loss: 0.4267903152973421, Test Loss: 0.8646692410111427, Inverse Test Loss: 0.08201734721660614 
2025-01-09 14:23:27,257 INFO: Epoch 98, Train Loss: 0.4238516601823991, Test Loss: 0.8656644448637962, Inverse Test Loss: 0.08271621912717819 
2025-01-09 14:23:27,400 INFO: Epoch 99, Train Loss: 0.42242886654792294, Test Loss: 0.8676175326108932, Inverse Test Loss: 0.08198902755975723 
2025-01-09 14:23:27,537 INFO: Epoch 100, Train Loss: 0.41941316185459016, Test Loss: 0.8684439063072205, Inverse Test Loss: 0.08254161477088928 
2025-01-09 14:23:27,538 INFO: Best Epoch 32, Best Test Loss: 0.7802960872650146 
2025-01-09 14:23:27,674 INFO: Epoch 101, Train Loss: 0.4170901871496631, Test Loss: 0.8714493066072464, Inverse Test Loss: 0.08192706853151321 
2025-01-09 14:23:27,804 INFO: Epoch 102, Train Loss: 0.41491547130769296, Test Loss: 0.8683348372578621, Inverse Test Loss: 0.08269142359495163 
2025-01-09 14:23:27,961 INFO: Epoch 103, Train Loss: 0.4129644968817311, Test Loss: 0.8732851594686508, Inverse Test Loss: 0.08329504728317261 
2025-01-09 14:23:28,098 INFO: Epoch 104, Train Loss: 0.4108704290082378, Test Loss: 0.8725420087575912, Inverse Test Loss: 0.0828646868467331 
2025-01-09 14:23:28,240 INFO: Epoch 105, Train Loss: 0.40774335784296833, Test Loss: 0.8769759759306908, Inverse Test Loss: 0.08380534499883652 
2025-01-09 14:23:28,386 INFO: Epoch 106, Train Loss: 0.4069135102533525, Test Loss: 0.8778280392289162, Inverse Test Loss: 0.08232598751783371 
2025-01-09 14:23:28,542 INFO: Epoch 107, Train Loss: 0.405201212052376, Test Loss: 0.8777061402797699, Inverse Test Loss: 0.08171597868204117 
2025-01-09 14:23:28,684 INFO: Epoch 108, Train Loss: 0.4024773355453245, Test Loss: 0.8803995475172997, Inverse Test Loss: 0.08360551297664642 
2025-01-09 14:23:28,823 INFO: Epoch 109, Train Loss: 0.4003225411138227, Test Loss: 0.8793082684278488, Inverse Test Loss: 0.08276750147342682 
2025-01-09 14:23:28,964 INFO: Epoch 110, Train Loss: 0.4011442353648524, Test Loss: 0.8819818794727325, Inverse Test Loss: 0.08421207964420319 
2025-01-09 14:23:29,104 INFO: Epoch 111, Train Loss: 0.3978684794518255, Test Loss: 0.8818606585264206, Inverse Test Loss: 0.08380309492349625 
2025-01-09 14:23:29,246 INFO: Epoch 112, Train Loss: 0.39652517437934875, Test Loss: 0.8858977258205414, Inverse Test Loss: 0.08383221924304962 
2025-01-09 14:23:29,389 INFO: Epoch 113, Train Loss: 0.39482996732957903, Test Loss: 0.8849131092429161, Inverse Test Loss: 0.08403968811035156 
2025-01-09 14:23:29,534 INFO: Epoch 114, Train Loss: 0.3922129042686955, Test Loss: 0.8879389315843582, Inverse Test Loss: 0.0834541767835617 
2025-01-09 14:23:29,657 INFO: Epoch 115, Train Loss: 0.38865075765117524, Test Loss: 0.8893930837512016, Inverse Test Loss: 0.08381787687540054 
2025-01-09 14:23:29,779 INFO: Epoch 116, Train Loss: 0.38918326074077236, Test Loss: 0.8944386765360832, Inverse Test Loss: 0.08489520102739334 
2025-01-09 14:23:29,901 INFO: Epoch 117, Train Loss: 0.3872875129022906, Test Loss: 0.8912768512964249, Inverse Test Loss: 0.08495070785284042 
2025-01-09 14:23:30,035 INFO: Epoch 118, Train Loss: 0.3872195799504557, Test Loss: 0.8949288800358772, Inverse Test Loss: 0.08485689014196396 
2025-01-09 14:23:30,161 INFO: Epoch 119, Train Loss: 0.38614360170979656, Test Loss: 0.8921001851558685, Inverse Test Loss: 0.08448833972215652 
2025-01-09 14:23:30,288 INFO: Epoch 120, Train Loss: 0.3809277261457136, Test Loss: 0.8971269428730011, Inverse Test Loss: 0.08488790690898895 
2025-01-09 14:23:30,416 INFO: Epoch 121, Train Loss: 0.38032961468542775, Test Loss: 0.8999446853995323, Inverse Test Loss: 0.08473305404186249 
2025-01-09 14:23:30,539 INFO: Epoch 122, Train Loss: 0.379819247991808, Test Loss: 0.8987865671515465, Inverse Test Loss: 0.08553978055715561 
2025-01-09 14:23:30,679 INFO: Epoch 123, Train Loss: 0.3790460517329554, Test Loss: 0.9012615233659744, Inverse Test Loss: 0.0848793163895607 
2025-01-09 14:23:30,843 INFO: Epoch 124, Train Loss: 0.3767432974230859, Test Loss: 0.9020351693034172, Inverse Test Loss: 0.08591601252555847 
2025-01-09 14:23:31,003 INFO: Epoch 125, Train Loss: 0.37577342506377925, Test Loss: 0.9042152315378189, Inverse Test Loss: 0.08548496663570404 
2025-01-09 14:23:31,142 INFO: Epoch 126, Train Loss: 0.37500935600649926, Test Loss: 0.904535323381424, Inverse Test Loss: 0.08682656288146973 
2025-01-09 14:23:31,284 INFO: Epoch 127, Train Loss: 0.37354782319838004, Test Loss: 0.9055140465497971, Inverse Test Loss: 0.08476321399211884 
2025-01-09 14:23:31,427 INFO: Epoch 128, Train Loss: 0.3705866846346086, Test Loss: 0.9048105180263519, Inverse Test Loss: 0.08559147268533707 
2025-01-09 14:23:31,588 INFO: Epoch 129, Train Loss: 0.36911722440873423, Test Loss: 0.9079003483057022, Inverse Test Loss: 0.08724569529294968 
2025-01-09 14:23:31,735 INFO: Epoch 130, Train Loss: 0.3689969864583785, Test Loss: 0.9067030027508736, Inverse Test Loss: 0.08608780801296234 
2025-01-09 14:23:31,877 INFO: Epoch 131, Train Loss: 0.3664948469208133, Test Loss: 0.9079758748412132, Inverse Test Loss: 0.08691227436065674 
2025-01-09 14:23:32,046 INFO: Epoch 132, Train Loss: 0.36539263494553104, Test Loss: 0.9116376265883446, Inverse Test Loss: 0.08599725365638733 
2025-01-09 14:23:32,196 INFO: Epoch 133, Train Loss: 0.36519194706793756, Test Loss: 0.9109481796622276, Inverse Test Loss: 0.08656014502048492 
2025-01-09 14:23:32,337 INFO: Epoch 134, Train Loss: 0.3625169607900804, Test Loss: 0.9144612923264503, Inverse Test Loss: 0.08688785880804062 
2025-01-09 14:23:32,487 INFO: Epoch 135, Train Loss: 0.36389345699740994, Test Loss: 0.9144403710961342, Inverse Test Loss: 0.08689356595277786 
2025-01-09 14:23:32,640 INFO: Epoch 136, Train Loss: 0.3619935320269677, Test Loss: 0.9131448492407799, Inverse Test Loss: 0.08593141287565231 
2025-01-09 14:23:32,801 INFO: Epoch 137, Train Loss: 0.36034248817351555, Test Loss: 0.9167333319783211, Inverse Test Loss: 0.08763542771339417 
2025-01-09 14:23:32,957 INFO: Epoch 138, Train Loss: 0.35917169336349736, Test Loss: 0.918033555150032, Inverse Test Loss: 0.0878022313117981 
2025-01-09 14:23:33,122 INFO: Epoch 139, Train Loss: 0.3565058342872127, Test Loss: 0.9182590469717979, Inverse Test Loss: 0.0874733105301857 
2025-01-09 14:23:33,261 INFO: Epoch 140, Train Loss: 0.35528748554568135, Test Loss: 0.9199626296758652, Inverse Test Loss: 0.08804889768362045 
2025-01-09 14:23:33,397 INFO: Epoch 141, Train Loss: 0.3552381050202154, Test Loss: 0.9192839860916138, Inverse Test Loss: 0.08832144737243652 
2025-01-09 14:23:33,535 INFO: Epoch 142, Train Loss: 0.3550481257900115, Test Loss: 0.921605221927166, Inverse Test Loss: 0.08752844482660294 
2025-01-09 14:23:33,680 INFO: Epoch 143, Train Loss: 0.35421148230952604, Test Loss: 0.9221418127417564, Inverse Test Loss: 0.08835258334875107 
2025-01-09 14:23:33,848 INFO: Epoch 144, Train Loss: 0.35178857272671116, Test Loss: 0.921404667198658, Inverse Test Loss: 0.0881294459104538 
2025-01-09 14:23:33,992 INFO: Epoch 145, Train Loss: 0.35087162833059987, Test Loss: 0.9264285862445831, Inverse Test Loss: 0.08882063627243042 
2025-01-09 14:23:34,132 INFO: Epoch 146, Train Loss: 0.3503940018915361, Test Loss: 0.9267078712582588, Inverse Test Loss: 0.0884251594543457 
2025-01-09 14:23:34,287 INFO: Epoch 147, Train Loss: 0.3482460937192363, Test Loss: 0.9252980723977089, Inverse Test Loss: 0.08914673328399658 
2025-01-09 14:23:34,427 INFO: Epoch 148, Train Loss: 0.3464164205135838, Test Loss: 0.9243675470352173, Inverse Test Loss: 0.0886501744389534 
2025-01-09 14:23:34,613 INFO: Epoch 149, Train Loss: 0.34481530612514866, Test Loss: 0.9281158670783043, Inverse Test Loss: 0.08961708098649979 
2025-01-09 14:23:34,757 INFO: Epoch 150, Train Loss: 0.3447683568923704, Test Loss: 0.9293876215815544, Inverse Test Loss: 0.08875902742147446 
2025-01-09 14:23:34,909 INFO: Epoch 151, Train Loss: 0.34324271255923855, Test Loss: 0.9265971705317497, Inverse Test Loss: 0.0891401395201683 
2025-01-09 14:23:35,047 INFO: Epoch 152, Train Loss: 0.3435106796603049, Test Loss: 0.929652251303196, Inverse Test Loss: 0.0903797298669815 
2025-01-09 14:23:35,193 INFO: Epoch 153, Train Loss: 0.34205913832110746, Test Loss: 0.9313354715704918, Inverse Test Loss: 0.08951015025377274 
2025-01-09 14:23:35,329 INFO: Epoch 154, Train Loss: 0.3397428576023348, Test Loss: 0.932787299156189, Inverse Test Loss: 0.08987544476985931 
2025-01-09 14:23:35,485 INFO: Epoch 155, Train Loss: 0.3393552168723076, Test Loss: 0.9336751326918602, Inverse Test Loss: 0.09101612865924835 
2025-01-09 14:23:35,625 INFO: Epoch 156, Train Loss: 0.33871469574589885, Test Loss: 0.9365701228380203, Inverse Test Loss: 0.0904829204082489 
2025-01-09 14:23:35,769 INFO: Epoch 157, Train Loss: 0.33631506369959924, Test Loss: 0.9359626993536949, Inverse Test Loss: 0.09020030498504639 
2025-01-09 14:23:35,911 INFO: Epoch 158, Train Loss: 0.33749697958269426, Test Loss: 0.9362216740846634, Inverse Test Loss: 0.09084578603506088 
2025-01-09 14:23:36,057 INFO: Epoch 159, Train Loss: 0.33564621979190457, Test Loss: 0.936004564166069, Inverse Test Loss: 0.09148073941469193 
2025-01-09 14:23:36,205 INFO: Epoch 160, Train Loss: 0.33485104576233893, Test Loss: 0.9384091794490814, Inverse Test Loss: 0.09072951227426529 
2025-01-09 14:23:36,348 INFO: Epoch 161, Train Loss: 0.3343286571964141, Test Loss: 0.9378195032477379, Inverse Test Loss: 0.09062802046537399 
2025-01-09 14:23:36,487 INFO: Epoch 162, Train Loss: 0.331615295140974, Test Loss: 0.937392570078373, Inverse Test Loss: 0.09185615926980972 
2025-01-09 14:23:36,634 INFO: Epoch 163, Train Loss: 0.33179230939957405, Test Loss: 0.9417440816760063, Inverse Test Loss: 0.09171773493289948 
2025-01-09 14:23:36,773 INFO: Epoch 164, Train Loss: 0.3298414849465893, Test Loss: 0.9404560625553131, Inverse Test Loss: 0.09179957211017609 
2025-01-09 14:23:36,918 INFO: Epoch 165, Train Loss: 0.3291692906810391, Test Loss: 0.9405507445335388, Inverse Test Loss: 0.09202257543802261 
2025-01-09 14:23:37,060 INFO: Epoch 166, Train Loss: 0.32872122526168823, Test Loss: 0.9437917545437813, Inverse Test Loss: 0.0925469845533371 
2025-01-09 14:23:37,206 INFO: Epoch 167, Train Loss: 0.3273018569715561, Test Loss: 0.943434476852417, Inverse Test Loss: 0.09278229624032974 
2025-01-09 14:23:37,345 INFO: Epoch 168, Train Loss: 0.3259546756744385, Test Loss: 0.9450561627745628, Inverse Test Loss: 0.09368115663528442 
2025-01-09 14:23:37,488 INFO: Epoch 169, Train Loss: 0.32728474659304463, Test Loss: 0.9440655633807182, Inverse Test Loss: 0.09273664653301239 
2025-01-09 14:23:37,627 INFO: Epoch 170, Train Loss: 0.3239059630901583, Test Loss: 0.9482559785246849, Inverse Test Loss: 0.09413918852806091 
2025-01-09 14:23:37,777 INFO: Epoch 171, Train Loss: 0.3235654898228184, Test Loss: 0.9481245577335358, Inverse Test Loss: 0.09291161596775055 
2025-01-09 14:23:37,914 INFO: Epoch 172, Train Loss: 0.32464520681288933, Test Loss: 0.9455681890249252, Inverse Test Loss: 0.09426972270011902 
2025-01-09 14:23:38,057 INFO: Epoch 173, Train Loss: 0.3229571263636312, Test Loss: 0.9476262405514717, Inverse Test Loss: 0.09381280094385147 
2025-01-09 14:23:38,203 INFO: Epoch 174, Train Loss: 0.3219567787262701, Test Loss: 0.9507092759013176, Inverse Test Loss: 0.09335322678089142 
2025-01-09 14:23:38,376 INFO: Epoch 175, Train Loss: 0.3199158993459517, Test Loss: 0.9502931386232376, Inverse Test Loss: 0.09414087980985641 
2025-01-09 14:23:38,530 INFO: Epoch 176, Train Loss: 0.3190917901454433, Test Loss: 0.9506065025925636, Inverse Test Loss: 0.09487465769052505 
2025-01-09 14:23:38,711 INFO: Epoch 177, Train Loss: 0.319359754362414, Test Loss: 0.9526315033435822, Inverse Test Loss: 0.09364383667707443 
2025-01-09 14:23:38,886 INFO: Epoch 178, Train Loss: 0.31580511120057875, Test Loss: 0.9528494328260422, Inverse Test Loss: 0.09480156004428864 
2025-01-09 14:23:39,045 INFO: Epoch 179, Train Loss: 0.31693273590457055, Test Loss: 0.9546314775943756, Inverse Test Loss: 0.0944455936551094 
2025-01-09 14:23:39,192 INFO: Epoch 180, Train Loss: 0.3156164663453256, Test Loss: 0.954492837190628, Inverse Test Loss: 0.09509339183568954 
2025-01-09 14:23:39,365 INFO: Epoch 181, Train Loss: 0.31429296539675805, Test Loss: 0.9585976600646973, Inverse Test Loss: 0.0955679789185524 
2025-01-09 14:23:39,544 INFO: Epoch 182, Train Loss: 0.3145377020682058, Test Loss: 0.954339049756527, Inverse Test Loss: 0.0954141616821289 
2025-01-09 14:23:39,695 INFO: Epoch 183, Train Loss: 0.31293892956549124, Test Loss: 0.9578638002276421, Inverse Test Loss: 0.09606175869703293 
2025-01-09 14:23:39,853 INFO: Epoch 184, Train Loss: 0.3123804301984848, Test Loss: 0.960027240216732, Inverse Test Loss: 0.0969497561454773 
2025-01-09 14:23:40,015 INFO: Epoch 185, Train Loss: 0.3114087754680264, Test Loss: 0.9577294886112213, Inverse Test Loss: 0.09589739888906479 
2025-01-09 14:23:40,172 INFO: Epoch 186, Train Loss: 0.31051857336874933, Test Loss: 0.9599071964621544, Inverse Test Loss: 0.09678369760513306 
2025-01-09 14:23:40,334 INFO: Epoch 187, Train Loss: 0.30981731030248827, Test Loss: 0.9624229148030281, Inverse Test Loss: 0.09698515385389328 
2025-01-09 14:23:40,492 INFO: Epoch 188, Train Loss: 0.309414206973968, Test Loss: 0.9616920948028564, Inverse Test Loss: 0.09721903502941132 
2025-01-09 14:23:40,651 INFO: Epoch 189, Train Loss: 0.30838638111468286, Test Loss: 0.963666096329689, Inverse Test Loss: 0.09720081835985184 
2025-01-09 14:23:40,807 INFO: Epoch 190, Train Loss: 0.3075098635688905, Test Loss: 0.9622052609920502, Inverse Test Loss: 0.09719021618366241 
2025-01-09 14:23:40,990 INFO: Epoch 191, Train Loss: 0.30614109385398125, Test Loss: 0.9634481519460678, Inverse Test Loss: 0.09852584451436996 
2025-01-09 14:23:41,179 INFO: Epoch 192, Train Loss: 0.30734926942856083, Test Loss: 0.9646963551640511, Inverse Test Loss: 0.09841775894165039 
2025-01-09 14:23:41,354 INFO: Epoch 193, Train Loss: 0.30525804911890336, Test Loss: 0.9670886546373367, Inverse Test Loss: 0.09837529063224792 
2025-01-09 14:23:41,529 INFO: Epoch 194, Train Loss: 0.3068099536242024, Test Loss: 0.969097726047039, Inverse Test Loss: 0.09804534167051315 
2025-01-09 14:23:41,682 INFO: Epoch 195, Train Loss: 0.3037146257777368, Test Loss: 0.9682040959596634, Inverse Test Loss: 0.09840577840805054 
2025-01-09 14:23:41,852 INFO: Epoch 196, Train Loss: 0.3040958599698159, Test Loss: 0.9667623564600945, Inverse Test Loss: 0.09808926284313202 
2025-01-09 14:23:42,013 INFO: Epoch 197, Train Loss: 0.30273364099764055, Test Loss: 0.9692673906683922, Inverse Test Loss: 0.0983380377292633 
2025-01-09 14:23:42,166 INFO: Epoch 198, Train Loss: 0.3030975119721505, Test Loss: 0.9693003594875336, Inverse Test Loss: 0.09930529445409775 
2025-01-09 14:23:42,331 INFO: Epoch 199, Train Loss: 0.30188394409994923, Test Loss: 0.970745287835598, Inverse Test Loss: 0.09838107973337173 
2025-01-09 14:23:42,484 INFO: Epoch 200, Train Loss: 0.29970005058473154, Test Loss: 0.973043292760849, Inverse Test Loss: 0.09952718019485474 
2025-01-09 14:23:42,484 INFO: Best Epoch 32, Best Test Loss: 0.7802960872650146 
2025-01-09 14:23:42,656 INFO: Epoch 201, Train Loss: 0.2988071297445605, Test Loss: 0.973639726638794, Inverse Test Loss: 0.09978305548429489 
2025-01-09 14:23:42,841 INFO: Epoch 202, Train Loss: 0.2981693581227333, Test Loss: 0.9753759801387787, Inverse Test Loss: 0.100009985268116 
2025-01-09 14:23:43,011 INFO: Epoch 203, Train Loss: 0.29946910854308834, Test Loss: 0.9755017831921577, Inverse Test Loss: 0.1005348414182663 
2025-01-09 14:23:43,179 INFO: Epoch 204, Train Loss: 0.29767600663246646, Test Loss: 0.9754507541656494, Inverse Test Loss: 0.09970627725124359 
2025-01-09 14:23:43,336 INFO: Epoch 205, Train Loss: 0.2960164450830029, Test Loss: 0.9769709929823875, Inverse Test Loss: 0.10062489658594131 
2025-01-09 14:23:43,499 INFO: Epoch 206, Train Loss: 0.29653288472083306, Test Loss: 0.9762105867266655, Inverse Test Loss: 0.10040313750505447 
2025-01-09 14:23:43,662 INFO: Epoch 207, Train Loss: 0.29589605043011324, Test Loss: 0.9759075865149498, Inverse Test Loss: 0.10101555287837982 
2025-01-09 14:23:43,822 INFO: Epoch 208, Train Loss: 0.29432796518648824, Test Loss: 0.9787136539816856, Inverse Test Loss: 0.10032324492931366 
2025-01-09 14:23:43,978 INFO: Epoch 209, Train Loss: 0.2919544269961695, Test Loss: 0.9803012832999229, Inverse Test Loss: 0.10050618648529053 
2025-01-09 14:23:44,146 INFO: Epoch 210, Train Loss: 0.2930548157422773, Test Loss: 0.9785006120800972, Inverse Test Loss: 0.10077518224716187 
2025-01-09 14:23:44,309 INFO: Epoch 211, Train Loss: 0.2927945847472837, Test Loss: 0.9816965907812119, Inverse Test Loss: 0.10144858062267303 
2025-01-09 14:23:44,471 INFO: Epoch 212, Train Loss: 0.2929596843258027, Test Loss: 0.9794833213090897, Inverse Test Loss: 0.10141211748123169 
2025-01-09 14:23:44,630 INFO: Epoch 213, Train Loss: 0.29197263429241793, Test Loss: 0.9811568707227707, Inverse Test Loss: 0.10168623179197311 
2025-01-09 14:23:44,790 INFO: Epoch 214, Train Loss: 0.28986915417255893, Test Loss: 0.9810761660337448, Inverse Test Loss: 0.10207460075616837 
2025-01-09 14:23:44,970 INFO: Epoch 215, Train Loss: 0.29039123077546397, Test Loss: 0.982124038040638, Inverse Test Loss: 0.10201498121023178 
2025-01-09 14:23:45,128 INFO: Epoch 216, Train Loss: 0.28911839906246434, Test Loss: 0.9829293340444565, Inverse Test Loss: 0.10217366367578506 
2025-01-09 14:23:45,281 INFO: Epoch 217, Train Loss: 0.28808646240542013, Test Loss: 0.9852432757616043, Inverse Test Loss: 0.10095646232366562 
2025-01-09 14:23:45,426 INFO: Epoch 218, Train Loss: 0.2889986470822365, Test Loss: 0.9847148507833481, Inverse Test Loss: 0.10165894031524658 
2025-01-09 14:23:45,583 INFO: Epoch 219, Train Loss: 0.2879201226657437, Test Loss: 0.9837299585342407, Inverse Test Loss: 0.10178740322589874 
2025-01-09 14:23:45,757 INFO: Epoch 220, Train Loss: 0.28724729197640575, Test Loss: 0.9842914044857025, Inverse Test Loss: 0.10252533853054047 
2025-01-09 14:23:45,921 INFO: Epoch 221, Train Loss: 0.2868811012275757, Test Loss: 0.9870343208312988, Inverse Test Loss: 0.10304699838161469 
2025-01-09 14:23:46,082 INFO: Epoch 222, Train Loss: 0.2858396283080501, Test Loss: 0.9869511425495148, Inverse Test Loss: 0.10183779150247574 
2025-01-09 14:23:46,241 INFO: Epoch 223, Train Loss: 0.2871843100555481, Test Loss: 0.9894588142633438, Inverse Test Loss: 0.10271957516670227 
2025-01-09 14:23:46,401 INFO: Epoch 224, Train Loss: 0.28500318142675585, Test Loss: 0.9861410036683083, Inverse Test Loss: 0.10302142053842545 
2025-01-09 14:23:46,562 INFO: Epoch 225, Train Loss: 0.2854776012320672, Test Loss: 0.9885469526052475, Inverse Test Loss: 0.10319258272647858 
2025-01-09 14:23:46,701 INFO: Epoch 226, Train Loss: 0.2832603435362539, Test Loss: 0.9922710359096527, Inverse Test Loss: 0.10299841314554214 
2025-01-09 14:23:46,857 INFO: Epoch 227, Train Loss: 0.2826813199827748, Test Loss: 0.9887183010578156, Inverse Test Loss: 0.10323575884103775 
2025-01-09 14:23:47,013 INFO: Epoch 228, Train Loss: 0.2832400010478112, Test Loss: 0.9925591796636581, Inverse Test Loss: 0.10381212830543518 
2025-01-09 14:23:47,174 INFO: Epoch 229, Train Loss: 0.2817153815300234, Test Loss: 0.9916477873921394, Inverse Test Loss: 0.1034744381904602 
2025-01-09 14:23:47,331 INFO: Epoch 230, Train Loss: 0.28163569588815013, Test Loss: 0.9944043755531311, Inverse Test Loss: 0.10330530256032944 
2025-01-09 14:23:47,495 INFO: Epoch 231, Train Loss: 0.2822249291404601, Test Loss: 0.9919474273920059, Inverse Test Loss: 0.10399965941905975 
2025-01-09 14:23:47,662 INFO: Epoch 232, Train Loss: 0.28098776119370616, Test Loss: 0.994063638150692, Inverse Test Loss: 0.10355532914400101 
