2025-05-09 14:02:02,788 INFO: log_path:/logs_2025_5_9_HS_mos1_L1/AMFormer_simple_MLP_dim32_depth2_heads4_dropout0.4_fusion0.45_0.55_simple_MLP_lr0.0001_kan_+amformer_rc+fusion0_6P_nopredictor 
2025-05-09 14:02:02,789 INFO: Model:namespace(attn_dropout=0.4, categories=[], cluster=3, depth=2, dim=32, ff_dropout=0.4, groups=[54, 54, 54], heads=4, name='AMFormer_simple_MLP_dim32_depth2_heads4_dropout0.4_fusion0.45_0.55_simple_MLP', num_cate=0, num_cont=20, num_special_tokens=1, out_dim=1, predictor='simple_MLP', prod_num_per_group=[6, 6, 6], qk_relu=False, static_fusion={'kan_weight': 0.45, 'trans_weight': 0.55}, sum_num_per_group=[32, 16, 8], target_mode='regression', token_descent=False, use_cls_token=True, use_prod=True, use_row_col_attention=True, use_sigmoid=True) 
2025-05-09 14:02:02,790 INFO: lr:0.0001, loss:L1 
2025-05-09 14:02:02,790 INFO: Dataset:HS_mos1, Target:['metal6_Peak'] 
2025-05-09 14:02:02,790 INFO: ------Begin Training Model------ 
2025-05-09 14:02:14,589 INFO: Epoch 1, Train Loss: 0.37440767523014185, Test Loss: 0.36313093409818764, Inverse Test Loss: 6.023091849158792 
2025-05-09 14:02:18,725 INFO: Epoch 2, Train Loss: 0.3378370173952796, Test Loss: 0.3307370999280144, Inverse Test Loss: 5.618466237012078 
2025-05-09 14:02:22,802 INFO: Epoch 3, Train Loss: 0.3166099253929023, Test Loss: 0.31319161898949566, Inverse Test Loss: 5.386537103091969 
2025-05-09 14:02:26,891 INFO: Epoch 4, Train Loss: 0.30426606739109213, Test Loss: 0.2952168934485492, Inverse Test Loss: 5.1304872456718895 
2025-05-09 14:02:31,128 INFO: Epoch 5, Train Loss: 0.28905607624487445, Test Loss: 0.282507309142281, Inverse Test Loss: 4.971622915828929 
2025-05-09 14:02:35,097 INFO: Epoch 6, Train Loss: 0.280794861416022, Test Loss: 0.266370737377335, Inverse Test Loss: 4.75659911772784 
2025-05-09 14:02:39,231 INFO: Epoch 7, Train Loss: 0.26786202508391754, Test Loss: 0.24995208750752843, Inverse Test Loss: 4.513360079597025 
2025-05-09 14:02:43,310 INFO: Epoch 8, Train Loss: 0.2577037797732787, Test Loss: 0.24286922549500184, Inverse Test Loss: 4.438849168665269 
2025-05-09 14:02:47,518 INFO: Epoch 9, Train Loss: 0.2511095239809065, Test Loss: 0.2354599307565128, Inverse Test Loss: 4.3088889823240395 
2025-05-09 14:02:51,586 INFO: Epoch 10, Train Loss: 0.2427358627319336, Test Loss: 0.2243018676252926, Inverse Test Loss: 4.144082027323106 
2025-05-09 14:02:55,653 INFO: Epoch 11, Train Loss: 0.23797280792937134, Test Loss: 0.21816665284773884, Inverse Test Loss: 4.045905197367949 
2025-05-09 14:02:59,823 INFO: Epoch 12, Train Loss: 0.23098789087750696, Test Loss: 0.210224449634552, Inverse Test Loss: 3.930524531532736 
2025-05-09 14:03:03,983 INFO: Epoch 13, Train Loss: 0.22301054971687723, Test Loss: 0.20915276425726273, Inverse Test Loss: 3.8905021443086514 
2025-05-09 14:03:08,042 INFO: Epoch 14, Train Loss: 0.22041113381132935, Test Loss: 0.1997919722514994, Inverse Test Loss: 3.7746309813331154 
2025-05-09 14:03:12,148 INFO: Epoch 15, Train Loss: 0.21152732995423404, Test Loss: 0.1975654924617094, Inverse Test Loss: 3.7258456174065087 
2025-05-09 14:03:16,215 INFO: Epoch 16, Train Loss: 0.2082873327714024, Test Loss: 0.190745027626262, Inverse Test Loss: 3.6335659728330723 
2025-05-09 14:03:20,283 INFO: Epoch 17, Train Loss: 0.20624660316741827, Test Loss: 0.19222939189742594, Inverse Test Loss: 3.626666307449341 
2025-05-09 14:03:24,322 INFO: Epoch 18, Train Loss: 0.19863660701296545, Test Loss: 0.18607236094334545, Inverse Test Loss: 3.54041789559757 
2025-05-09 14:03:28,429 INFO: Epoch 19, Train Loss: 0.19663304113077396, Test Loss: 0.18569424397805157, Inverse Test Loss: 3.513564137851491 
2025-05-09 14:03:32,559 INFO: Epoch 20, Train Loss: 0.19335825763868564, Test Loss: 0.17825116567751942, Inverse Test Loss: 3.434624433517456 
2025-05-09 14:03:36,654 INFO: Epoch 21, Train Loss: 0.18662290625048406, Test Loss: 0.17343097881359212, Inverse Test Loss: 3.3822360459495995 
2025-05-09 14:03:40,719 INFO: Epoch 22, Train Loss: 0.18753825963446588, Test Loss: 0.17437978001201854, Inverse Test Loss: 3.356954434338738 
2025-05-09 14:03:44,727 INFO: Epoch 23, Train Loss: 0.18468214187658194, Test Loss: 0.17038541155702927, Inverse Test Loss: 3.3260923273423137 
2025-05-09 14:03:48,779 INFO: Epoch 24, Train Loss: 0.1808206755103487, Test Loss: 0.16255498151568806, Inverse Test Loss: 3.222863982705509 
2025-05-09 14:03:52,751 INFO: Epoch 25, Train Loss: 0.17601501907814632, Test Loss: 0.1649999465135967, Inverse Test Loss: 3.230159787570729 
2025-05-09 14:03:56,783 INFO: Epoch 26, Train Loss: 0.1761752087058443, Test Loss: 0.1611907109618187, Inverse Test Loss: 3.1818610780379353 
2025-05-09 14:04:00,789 INFO: Epoch 27, Train Loss: 0.17271657807357382, Test Loss: 0.15765545035109801, Inverse Test Loss: 3.132457971572876 
2025-05-09 14:04:04,862 INFO: Epoch 28, Train Loss: 0.17064885400009877, Test Loss: 0.15668967453872457, Inverse Test Loss: 3.1116388264824364 
2025-05-09 14:04:08,910 INFO: Epoch 29, Train Loss: 0.17006019310969295, Test Loss: 0.1551652879399412, Inverse Test Loss: 3.0911728073568905 
2025-05-09 14:04:12,925 INFO: Epoch 30, Train Loss: 0.1674781640370687, Test Loss: 0.15252716576351838, Inverse Test Loss: 3.061977919410257 
2025-05-09 14:04:17,105 INFO: Epoch 31, Train Loss: 0.1645575508926854, Test Loss: 0.15394962096915527, Inverse Test Loss: 3.0739286927615894 
2025-05-09 14:04:21,309 INFO: Epoch 32, Train Loss: 0.16357659763007454, Test Loss: 0.15404073017485, Inverse Test Loss: 3.068410677068374 
2025-05-09 14:04:25,473 INFO: Epoch 33, Train Loss: 0.16213149532224191, Test Loss: 0.15074911406811545, Inverse Test Loss: 3.018864196889541 
2025-05-09 14:04:29,591 INFO: Epoch 34, Train Loss: 0.16031254184516994, Test Loss: 0.14720103451434305, Inverse Test Loss: 2.9829795641057633 
2025-05-09 14:04:33,682 INFO: Epoch 35, Train Loss: 0.15892899002541194, Test Loss: 0.14820759480490403, Inverse Test Loss: 2.9866203841041115 
2025-05-09 14:04:37,694 INFO: Epoch 36, Train Loss: 0.1580168560824611, Test Loss: 0.14853015848818948, Inverse Test Loss: 2.988803779377657 
2025-05-09 14:04:41,854 INFO: Epoch 37, Train Loss: 0.15921762224399683, Test Loss: 0.14850474543431225, Inverse Test Loss: 2.9853729079751408 
2025-05-09 14:04:45,943 INFO: Epoch 38, Train Loss: 0.15559983400232863, Test Loss: 0.1476659424164716, Inverse Test Loss: 3.0024924278259277 
2025-05-09 14:04:50,037 INFO: Epoch 39, Train Loss: 0.1544245741132534, Test Loss: 0.1454312691793722, Inverse Test Loss: 2.9469217552858242 
2025-05-09 14:04:54,092 INFO: Epoch 40, Train Loss: 0.15551923034769116, Test Loss: 0.14398427526740468, Inverse Test Loss: 2.9136867242700912 
2025-05-09 14:04:58,199 INFO: Epoch 41, Train Loss: 0.15240021896633235, Test Loss: 0.14396260678768158, Inverse Test Loss: 2.9441957053016212 
2025-05-09 14:05:02,408 INFO: Epoch 42, Train Loss: 0.1533148248087276, Test Loss: 0.1415775996797225, Inverse Test Loss: 2.8857220200931324 
2025-05-09 14:05:06,410 INFO: Epoch 43, Train Loss: 0.15108436571829248, Test Loss: 0.14271599010509603, Inverse Test Loss: 2.8871907626881317 
2025-05-09 14:05:10,352 INFO: Epoch 44, Train Loss: 0.15098796852610327, Test Loss: 0.14022871720440247, Inverse Test Loss: 2.8644435545977425 
2025-05-09 14:05:14,402 INFO: Epoch 45, Train Loss: 0.1495092762916377, Test Loss: 0.14056082946412704, Inverse Test Loss: 2.876966013627894 
2025-05-09 14:05:18,425 INFO: Epoch 46, Train Loss: 0.14746125821362843, Test Loss: 0.14080235186745138, Inverse Test Loss: 2.855996678857242 
2025-05-09 14:05:22,458 INFO: Epoch 47, Train Loss: 0.14726848968050696, Test Loss: 0.13767579855287776, Inverse Test Loss: 2.8538150086122402 
2025-05-09 14:05:26,430 INFO: Epoch 48, Train Loss: 0.14831775596196, Test Loss: 0.13652947369743795, Inverse Test Loss: 2.8145237670225254 
2025-05-09 14:05:30,401 INFO: Epoch 49, Train Loss: 0.14698644230763117, Test Loss: 0.14311614325817892, Inverse Test Loss: 2.863883284961476 
2025-05-09 14:05:34,407 INFO: Epoch 50, Train Loss: 0.1446004297697183, Test Loss: 0.13786290366859996, Inverse Test Loss: 2.7996736694784725 
2025-05-09 14:05:38,461 INFO: Epoch 51, Train Loss: 0.14282327382401985, Test Loss: 0.13985057394294179, Inverse Test Loss: 2.835350653704475 
2025-05-09 14:05:42,420 INFO: Epoch 52, Train Loss: 0.14429014492215533, Test Loss: 0.13637097223716624, Inverse Test Loss: 2.7856298334458294 
2025-05-09 14:05:46,468 INFO: Epoch 53, Train Loss: 0.14228289585673448, Test Loss: 0.13608433350044138, Inverse Test Loss: 2.818025168250589 
2025-05-09 14:05:50,507 INFO: Epoch 54, Train Loss: 0.14372741193933922, Test Loss: 0.1358829206403564, Inverse Test Loss: 2.7882583842558017 
2025-05-09 14:05:54,675 INFO: Epoch 55, Train Loss: 0.14092296068415497, Test Loss: 0.13368798792362213, Inverse Test Loss: 2.7702371933880974 
2025-05-09 14:05:59,055 INFO: Epoch 56, Train Loss: 0.14152913280960286, Test Loss: 0.13729784418554866, Inverse Test Loss: 2.7869309257058537 
2025-05-09 14:06:03,376 INFO: Epoch 57, Train Loss: 0.14142136456388416, Test Loss: 0.13482319563627243, Inverse Test Loss: 2.8096396923065186 
2025-05-09 14:06:07,819 INFO: Epoch 58, Train Loss: 0.13896550170399927, Test Loss: 0.13341981347869425, Inverse Test Loss: 2.7478174742530372 
2025-05-09 14:06:12,101 INFO: Epoch 59, Train Loss: 0.1368397998087334, Test Loss: 0.13339222967624664, Inverse Test Loss: 2.736215395085952 
2025-05-09 14:06:16,342 INFO: Epoch 60, Train Loss: 0.13879618613105832, Test Loss: 0.13325660588110194, Inverse Test Loss: 2.7537114900701187 
2025-05-09 14:06:20,504 INFO: Epoch 61, Train Loss: 0.13895197686823932, Test Loss: 0.1329149340882021, Inverse Test Loss: 2.7262658652137306 
2025-05-09 14:06:24,677 INFO: Epoch 62, Train Loss: 0.13743052767081695, Test Loss: 0.1337593750042074, Inverse Test Loss: 2.7355470797594856 
2025-05-09 14:06:28,697 INFO: Epoch 63, Train Loss: 0.13689858917937134, Test Loss: 0.1330539899713853, Inverse Test Loss: 2.715956856222714 
2025-05-09 14:06:32,785 INFO: Epoch 64, Train Loss: 0.13544727726416153, Test Loss: 0.13327926923246944, Inverse Test Loss: 2.7380512602189007 
2025-05-09 14:06:36,934 INFO: Epoch 65, Train Loss: 0.13638975042285342, Test Loss: 0.13098231703042984, Inverse Test Loss: 2.6883858652675854 
2025-05-09 14:06:40,973 INFO: Epoch 66, Train Loss: 0.13568883806918608, Test Loss: 0.13427111112019596, Inverse Test Loss: 2.739271612728343 
2025-05-09 14:06:45,047 INFO: Epoch 67, Train Loss: 0.1343297032695828, Test Loss: 0.13104813414461472, Inverse Test Loss: 2.6903132340487312 
2025-05-09 14:06:49,276 INFO: Epoch 68, Train Loss: 0.1329506705656196, Test Loss: 0.12825683942612479, Inverse Test Loss: 2.6834697863634895 
2025-05-09 14:06:53,347 INFO: Epoch 69, Train Loss: 0.13340195911851796, Test Loss: 0.12943310071440303, Inverse Test Loss: 2.674564943594091 
2025-05-09 14:06:57,454 INFO: Epoch 70, Train Loss: 0.13206040260918211, Test Loss: 0.12908775710007725, Inverse Test Loss: 2.672331220963422 
2025-05-09 14:07:01,697 INFO: Epoch 71, Train Loss: 0.13281934482581687, Test Loss: 0.1293620410210946, Inverse Test Loss: 2.690534844118006 
2025-05-09 14:07:06,002 INFO: Epoch 72, Train Loss: 0.13162483624888188, Test Loss: 0.12929993298123865, Inverse Test Loss: 2.6795556405011345 
2025-05-09 14:07:10,125 INFO: Epoch 73, Train Loss: 0.13298537886955522, Test Loss: 0.12857853402109706, Inverse Test Loss: 2.6741065558265236 
2025-05-09 14:07:14,222 INFO: Epoch 74, Train Loss: 0.13077594622066527, Test Loss: 0.12777760186616113, Inverse Test Loss: 2.6487138131085564 
2025-05-09 14:07:18,465 INFO: Epoch 75, Train Loss: 0.12996390349034107, Test Loss: 0.12932984092656305, Inverse Test Loss: 2.6508120438631844 
2025-05-09 14:07:22,563 INFO: Epoch 76, Train Loss: 0.1307235559956594, Test Loss: 0.12909312151810703, Inverse Test Loss: 2.6675836899701286 
2025-05-09 14:07:26,605 INFO: Epoch 77, Train Loss: 0.13065040529225813, Test Loss: 0.1277148657861878, Inverse Test Loss: 2.6593036230872658 
2025-05-09 14:07:30,630 INFO: Epoch 78, Train Loss: 0.12959414991465482, Test Loss: 0.12885351084610996, Inverse Test Loss: 2.712154753067914 
2025-05-09 14:07:34,795 INFO: Epoch 79, Train Loss: 0.12843356891111893, Test Loss: 0.12798459718332572, Inverse Test Loss: 2.6355939121807324 
2025-05-09 14:07:39,090 INFO: Epoch 80, Train Loss: 0.1282818770092545, Test Loss: 0.12625450728570714, Inverse Test Loss: 2.6134304018581616 
2025-05-09 14:07:43,285 INFO: Epoch 81, Train Loss: 0.1305897825143554, Test Loss: 0.12707498187527938, Inverse Test Loss: 2.687518554575303 
2025-05-09 14:07:47,342 INFO: Epoch 82, Train Loss: 0.12856599383733489, Test Loss: 0.12717438971295075, Inverse Test Loss: 2.6854720326030956 
2025-05-09 14:07:51,469 INFO: Epoch 83, Train Loss: 0.12769930787158734, Test Loss: 0.12557576837785103, Inverse Test Loss: 2.610087983748492 
2025-05-09 14:07:55,688 INFO: Epoch 84, Train Loss: 0.12781758911230348, Test Loss: 0.12495392035035525, Inverse Test Loss: 2.6351506008821377 
2025-05-09 14:07:59,924 INFO: Epoch 85, Train Loss: 0.1273852941213232, Test Loss: 0.12558535267325008, Inverse Test Loss: 2.634562674690695 
2025-05-09 14:08:04,119 INFO: Epoch 86, Train Loss: 0.12578128853982146, Test Loss: 0.1264199031626477, Inverse Test Loss: 2.6632261276245117 
2025-05-09 14:08:08,214 INFO: Epoch 87, Train Loss: 0.12662060310443243, Test Loss: 0.1241983194999835, Inverse Test Loss: 2.5951746281455543 
2025-05-09 14:08:12,284 INFO: Epoch 88, Train Loss: 0.1268077917171247, Test Loss: 0.12478750900310628, Inverse Test Loss: 2.5992455973344692 
2025-05-09 14:08:16,405 INFO: Epoch 89, Train Loss: 0.12646081524364877, Test Loss: 0.12496567342211218, Inverse Test Loss: 2.603388926562141 
2025-05-09 14:08:20,602 INFO: Epoch 90, Train Loss: 0.12361758552265889, Test Loss: 0.12489828861811582, Inverse Test Loss: 2.6157296264872834 
2025-05-09 14:08:24,773 INFO: Epoch 91, Train Loss: 0.12386044521223415, Test Loss: 0.1234721221468028, Inverse Test Loss: 2.579859873827766 
2025-05-09 14:08:28,907 INFO: Epoch 92, Train Loss: 0.12443814991098462, Test Loss: 0.1234845977057429, Inverse Test Loss: 2.580451341236339 
2025-05-09 14:08:32,974 INFO: Epoch 93, Train Loss: 0.12640408674875894, Test Loss: 0.12379942067405757, Inverse Test Loss: 2.6217548356336704 
2025-05-09 14:08:37,097 INFO: Epoch 94, Train Loss: 0.1240788461132483, Test Loss: 0.12289803694276248, Inverse Test Loss: 2.581030473989599 
2025-05-09 14:08:41,231 INFO: Epoch 95, Train Loss: 0.12462198960058617, Test Loss: 0.12266619569238495, Inverse Test Loss: 2.5948446498197666 
2025-05-09 14:08:45,369 INFO: Epoch 96, Train Loss: 0.12474414593342578, Test Loss: 0.12306050298845067, Inverse Test Loss: 2.583934180876788 
2025-05-09 14:08:49,535 INFO: Epoch 97, Train Loss: 0.12239043132373781, Test Loss: 0.1247271115289015, Inverse Test Loss: 2.589913887136123 
2025-05-09 14:08:53,634 INFO: Epoch 98, Train Loss: 0.12259926522771518, Test Loss: 0.12254286162993487, Inverse Test Loss: 2.580047376015607 
2025-05-09 14:08:57,816 INFO: Epoch 99, Train Loss: 0.12381749351819356, Test Loss: 0.12294798278633286, Inverse Test Loss: 2.5874264941496006 
2025-05-09 14:09:01,982 INFO: Epoch 100, Train Loss: 0.12271045091928857, Test Loss: 0.12203501712749987, Inverse Test Loss: 2.5758055799147663 
2025-05-09 14:09:01,982 INFO: Best Epoch 100, Best Test Loss: 0.12203501712749987, Inverse Test Loss: 2.5758055799147663 
2025-05-09 14:09:06,074 INFO: Epoch 101, Train Loss: 0.12189631468870422, Test Loss: 0.1222955014775781, Inverse Test Loss: 2.548125659718233 
2025-05-09 14:09:10,142 INFO: Epoch 102, Train Loss: 0.12061161322124077, Test Loss: 0.1210124365547124, Inverse Test Loss: 2.5467190672369564 
2025-05-09 14:09:14,320 INFO: Epoch 103, Train Loss: 0.12174947345347116, Test Loss: 0.12191413518260508, Inverse Test Loss: 2.5502429990207447 
2025-05-09 14:09:18,499 INFO: Epoch 104, Train Loss: 0.12204098227349194, Test Loss: 0.12112200873739579, Inverse Test Loss: 2.5473067970836865 
2025-05-09 14:09:22,619 INFO: Epoch 105, Train Loss: 0.11941151445110638, Test Loss: 0.12118609030457105, Inverse Test Loss: 2.540172345498029 
2025-05-09 14:09:26,789 INFO: Epoch 106, Train Loss: 0.12063108232210983, Test Loss: 0.12072899236398585, Inverse Test Loss: 2.540227160734289 
2025-05-09 14:09:31,001 INFO: Epoch 107, Train Loss: 0.12078467485579578, Test Loss: 0.12051481468712583, Inverse Test Loss: 2.5230847597122192 
2025-05-09 14:09:35,089 INFO: Epoch 108, Train Loss: 0.12055340296391284, Test Loss: 0.1213773031006841, Inverse Test Loss: 2.558583133360919 
2025-05-09 14:09:39,292 INFO: Epoch 109, Train Loss: 0.12197855690663512, Test Loss: 0.12186206680010347, Inverse Test Loss: 2.5355291717192707 
2025-05-09 14:09:43,507 INFO: Epoch 110, Train Loss: 0.11926803162152116, Test Loss: 0.11976385160404093, Inverse Test Loss: 2.5436295060550465 
2025-05-09 14:09:47,632 INFO: Epoch 111, Train Loss: 0.11897424100474878, Test Loss: 0.12137574812068659, Inverse Test Loss: 2.5545871888889984 
2025-05-09 14:09:51,794 INFO: Epoch 112, Train Loss: 0.1188436092978174, Test Loss: 0.11955525002935354, Inverse Test Loss: 2.5520419303108666 
2025-05-09 14:09:55,901 INFO: Epoch 113, Train Loss: 0.12026006480058034, Test Loss: 0.12107538037440356, Inverse Test Loss: 2.531782171305488 
2025-05-09 14:09:59,924 INFO: Epoch 114, Train Loss: 0.11841504309665073, Test Loss: 0.12020307209561854, Inverse Test Loss: 2.534369910464567 
2025-05-09 14:10:03,953 INFO: Epoch 115, Train Loss: 0.11910161172801798, Test Loss: 0.11992877152036219, Inverse Test Loss: 2.520850896835327 
2025-05-09 14:10:08,081 INFO: Epoch 116, Train Loss: 0.11726653587185976, Test Loss: 0.12052396991673638, Inverse Test Loss: 2.5252208218855015 
2025-05-09 14:10:12,102 INFO: Epoch 117, Train Loss: 0.11709858510981906, Test Loss: 0.11913719028234482, Inverse Test Loss: 2.508985568495358 
2025-05-09 14:10:16,171 INFO: Epoch 118, Train Loss: 0.11699650493083578, Test Loss: 0.11864664296016973, Inverse Test Loss: 2.5011089899960686 
2025-05-09 14:10:20,212 INFO: Epoch 119, Train Loss: 0.11578260791121107, Test Loss: 0.12269887328147888, Inverse Test Loss: 2.5490473789327286 
2025-05-09 14:10:24,288 INFO: Epoch 120, Train Loss: 0.1190728030985955, Test Loss: 0.11859946654123418, Inverse Test Loss: 2.51891809351304 
2025-05-09 14:10:28,418 INFO: Epoch 121, Train Loss: 0.11736792608192473, Test Loss: 0.11849854579743217, Inverse Test Loss: 2.501945705974803 
2025-05-09 14:10:32,556 INFO: Epoch 122, Train Loss: 0.11710740337994965, Test Loss: 0.11758694578619565, Inverse Test Loss: 2.5125971611808327 
2025-05-09 14:10:36,744 INFO: Epoch 123, Train Loss: 0.11580312263333437, Test Loss: 0.11958068981766701, Inverse Test Loss: 2.5098406427046833 
2025-05-09 14:10:40,799 INFO: Epoch 124, Train Loss: 0.11600176188530344, Test Loss: 0.11817868974278956, Inverse Test Loss: 2.4958095831029556 
2025-05-09 14:10:44,864 INFO: Epoch 125, Train Loss: 0.11671364849263971, Test Loss: 0.11691609025001526, Inverse Test Loss: 2.4825415050282196 
2025-05-09 14:10:48,881 INFO: Epoch 126, Train Loss: 0.11542623117566109, Test Loss: 0.1174540795824107, Inverse Test Loss: 2.4910200483658733 
2025-05-09 14:10:52,852 INFO: Epoch 127, Train Loss: 0.11511513624678958, Test Loss: 0.11818430222132627, Inverse Test Loss: 2.482912498361924 
2025-05-09 14:10:56,977 INFO: Epoch 128, Train Loss: 0.11336711218411272, Test Loss: 0.1182217030402492, Inverse Test Loss: 2.510687000611249 
2025-05-09 14:11:01,031 INFO: Epoch 129, Train Loss: 0.11487039743047772, Test Loss: 0.11791359370245653, Inverse Test Loss: 2.5163857796612907 
2025-05-09 14:11:05,112 INFO: Epoch 130, Train Loss: 0.11406754013715369, Test Loss: 0.11700248148511438, Inverse Test Loss: 2.4774525936912086 
2025-05-09 14:11:09,370 INFO: Epoch 131, Train Loss: 0.11470393418814197, Test Loss: 0.11860428553293734, Inverse Test Loss: 2.494418698198655 
2025-05-09 14:11:13,574 INFO: Epoch 132, Train Loss: 0.1130348692337672, Test Loss: 0.11747625294853659, Inverse Test Loss: 2.4742759886909935 
2025-05-09 14:11:17,704 INFO: Epoch 133, Train Loss: 0.11251524841469346, Test Loss: 0.11656689906821531, Inverse Test Loss: 2.466909268323113 
2025-05-09 14:11:21,822 INFO: Epoch 134, Train Loss: 0.1123367098696304, Test Loss: 0.11651294064872406, Inverse Test Loss: 2.4598793773090137 
2025-05-09 14:11:26,113 INFO: Epoch 135, Train Loss: 0.11416961049491708, Test Loss: 0.11649802327156067, Inverse Test Loss: 2.480791449546814 
2025-05-09 14:11:30,102 INFO: Epoch 136, Train Loss: 0.11364890759189923, Test Loss: 0.11837260205956067, Inverse Test Loss: 2.4762665103463566 
2025-05-09 14:11:34,180 INFO: Epoch 137, Train Loss: 0.11267191205512393, Test Loss: 0.11573325886445887, Inverse Test Loss: 2.4722259465385887 
2025-05-09 14:11:38,302 INFO: Epoch 138, Train Loss: 0.11325553409529454, Test Loss: 0.11662622650756556, Inverse Test Loss: 2.462070843752693 
2025-05-09 14:11:42,520 INFO: Epoch 139, Train Loss: 0.11177652086498159, Test Loss: 0.1163551307776395, Inverse Test Loss: 2.454654399086447 
2025-05-09 14:11:46,736 INFO: Epoch 140, Train Loss: 0.11256897596247269, Test Loss: 0.11648006430443596, Inverse Test Loss: 2.4902205186731674 
2025-05-09 14:11:51,186 INFO: Epoch 141, Train Loss: 0.11209797791459343, Test Loss: 0.11710236440686618, Inverse Test Loss: 2.4604721349828385 
2025-05-09 14:11:55,217 INFO: Epoch 142, Train Loss: 0.11144608688173872, Test Loss: 0.116205694482607, Inverse Test Loss: 2.497046197161955 
2025-05-09 14:11:59,235 INFO: Epoch 143, Train Loss: 0.11053159014519418, Test Loss: 0.11552779727122363, Inverse Test Loss: 2.4379857427933636 
2025-05-09 14:12:03,263 INFO: Epoch 144, Train Loss: 0.11244948343797163, Test Loss: 0.11725428525139303, Inverse Test Loss: 2.4605781260658715 
2025-05-09 14:12:07,216 INFO: Epoch 145, Train Loss: 0.11305597864768722, Test Loss: 0.11539086743312724, Inverse Test Loss: 2.4883338493459366 
2025-05-09 14:12:11,316 INFO: Epoch 146, Train Loss: 0.11174350164153359, Test Loss: 0.11535893468295827, Inverse Test Loss: 2.4607821282218483 
2025-05-09 14:12:15,417 INFO: Epoch 147, Train Loss: 0.11098398234356534, Test Loss: 0.11554936692118645, Inverse Test Loss: 2.43970793836257 
2025-05-09 14:12:19,443 INFO: Epoch 148, Train Loss: 0.11137511321541035, Test Loss: 0.11555891615502975, Inverse Test Loss: 2.4299223983989044 
2025-05-09 14:12:23,495 INFO: Epoch 149, Train Loss: 0.10907496410337361, Test Loss: 0.11559403643888586, Inverse Test Loss: 2.4359200701994053 
2025-05-09 14:12:27,599 INFO: Epoch 150, Train Loss: 0.11089855409932858, Test Loss: 0.11364332104430479, Inverse Test Loss: 2.4131583115633797 
2025-05-09 14:12:31,840 INFO: Epoch 151, Train Loss: 0.11109135819203926, Test Loss: 0.11405583734021467, Inverse Test Loss: 2.43819955517264 
2025-05-09 14:12:36,236 INFO: Epoch 152, Train Loss: 0.10850862853906372, Test Loss: 0.11437371592311298, Inverse Test Loss: 2.4210574626922607 
2025-05-09 14:12:40,635 INFO: Epoch 153, Train Loss: 0.10872336533485037, Test Loss: 0.11584636481369243, Inverse Test Loss: 2.4420907777898453 
2025-05-09 14:12:45,089 INFO: Epoch 154, Train Loss: 0.10884422035605619, Test Loss: 0.11459123387056239, Inverse Test Loss: 2.461971703697653 
2025-05-09 14:12:49,217 INFO: Epoch 155, Train Loss: 0.10999490354548801, Test Loss: 0.11349547347601723, Inverse Test Loss: 2.425364522372975 
2025-05-09 14:12:53,443 INFO: Epoch 156, Train Loss: 0.10953935376848235, Test Loss: 0.11353810876607895, Inverse Test Loss: 2.4208944545072666 
2025-05-09 14:12:57,695 INFO: Epoch 157, Train Loss: 0.10922228725570621, Test Loss: 0.11254286678398356, Inverse Test Loss: 2.387466690119575 
2025-05-09 14:13:01,777 INFO: Epoch 158, Train Loss: 0.10819780679814743, Test Loss: 0.11386757541228743, Inverse Test Loss: 2.4081669274498436 
2025-05-09 14:13:05,953 INFO: Epoch 159, Train Loss: 0.10754315216432918, Test Loss: 0.11399731763145503, Inverse Test Loss: 2.4334463231703816 
2025-05-09 14:13:10,116 INFO: Epoch 160, Train Loss: 0.1081576482816176, Test Loss: 0.11293213726843104, Inverse Test Loss: 2.3816536174100986 
2025-05-09 14:13:14,373 INFO: Epoch 161, Train Loss: 0.10662385533479127, Test Loss: 0.1142131094546879, Inverse Test Loss: 2.450045585632324 
2025-05-09 14:13:18,503 INFO: Epoch 162, Train Loss: 0.10972558650555032, Test Loss: 0.11408774971085436, Inverse Test Loss: 2.42097148474525 
2025-05-09 14:13:22,625 INFO: Epoch 163, Train Loss: 0.10794330969678634, Test Loss: 0.1129017557729693, Inverse Test Loss: 2.416751328636618 
2025-05-09 14:13:26,808 INFO: Epoch 164, Train Loss: 0.10684813401012709, Test Loss: 0.11331279663478627, Inverse Test Loss: 2.4013497408698585 
2025-05-09 14:13:31,149 INFO: Epoch 165, Train Loss: 0.10744180575464711, Test Loss: 0.11275209245436332, Inverse Test Loss: 2.421527525957893 
2025-05-09 14:13:35,395 INFO: Epoch 166, Train Loss: 0.10755447162823244, Test Loss: 0.11303930335185107, Inverse Test Loss: 2.424034553415635 
2025-05-09 14:13:39,605 INFO: Epoch 167, Train Loss: 0.10736043604485916, Test Loss: 0.11295986767200862, Inverse Test Loss: 2.4320986761766323 
2025-05-09 14:13:43,776 INFO: Epoch 168, Train Loss: 0.10760334218767556, Test Loss: 0.11201644601190791, Inverse Test Loss: 2.3885278000551113 
2025-05-09 14:13:47,886 INFO: Epoch 169, Train Loss: 0.10676583269554557, Test Loss: 0.11343425139784813, Inverse Test Loss: 2.4008569016176113 
2025-05-09 14:13:52,008 INFO: Epoch 170, Train Loss: 0.10551509120021806, Test Loss: 0.1115504595286706, Inverse Test Loss: 2.3859396471696743 
2025-05-09 14:13:56,085 INFO: Epoch 171, Train Loss: 0.10643840129628326, Test Loss: 0.11497632107313942, Inverse Test Loss: 2.4166722648284016 
2025-05-09 14:14:00,201 INFO: Epoch 172, Train Loss: 0.10645385492931712, Test Loss: 0.11074320446042453, Inverse Test Loss: 2.3725723659290985 
2025-05-09 14:14:04,373 INFO: Epoch 173, Train Loss: 0.10611581898322611, Test Loss: 0.11216372207683675, Inverse Test Loss: 2.370253794333514 
2025-05-09 14:14:08,509 INFO: Epoch 174, Train Loss: 0.10555805265903473, Test Loss: 0.11327339182881747, Inverse Test Loss: 2.3842829606112312 
2025-05-09 14:14:12,612 INFO: Epoch 175, Train Loss: 0.10445292514156211, Test Loss: 0.11194277423269608, Inverse Test Loss: 2.389372699400958 
2025-05-09 14:14:16,704 INFO: Epoch 176, Train Loss: 0.10369904779575088, Test Loss: 0.1122673787176609, Inverse Test Loss: 2.3747845397276035 
2025-05-09 14:14:20,756 INFO: Epoch 177, Train Loss: 0.10498313289700133, Test Loss: 0.11070598705726512, Inverse Test Loss: 2.3518119559568516 
2025-05-09 14:14:24,836 INFO: Epoch 178, Train Loss: 0.10495027911030885, Test Loss: 0.10993968300959643, Inverse Test Loss: 2.354532900978537 
2025-05-09 14:14:28,894 INFO: Epoch 179, Train Loss: 0.10413228765581593, Test Loss: 0.11017427155200173, Inverse Test Loss: 2.337860296754276 
2025-05-09 14:14:32,944 INFO: Epoch 180, Train Loss: 0.1038397452370687, Test Loss: 0.109609075328883, Inverse Test Loss: 2.354008373092203 
2025-05-09 14:14:36,997 INFO: Epoch 181, Train Loss: 0.10351758286582702, Test Loss: 0.11072020254590932, Inverse Test Loss: 2.3575948546914494 
2025-05-09 14:14:41,086 INFO: Epoch 182, Train Loss: 0.1034805378453298, Test Loss: 0.11140652110471445, Inverse Test Loss: 2.3521194107392254 
2025-05-09 14:14:45,271 INFO: Epoch 183, Train Loss: 0.10310461056051833, Test Loss: 0.11145026938003652, Inverse Test Loss: 2.351188126732321 
2025-05-09 14:14:49,235 INFO: Epoch 184, Train Loss: 0.10361192217378905, Test Loss: 0.1104505598983344, Inverse Test Loss: 2.334355550653794 
2025-05-09 14:14:53,240 INFO: Epoch 185, Train Loss: 0.1026482435338425, Test Loss: 0.10942858545219197, Inverse Test Loss: 2.342407261624056 
2025-05-09 14:14:57,350 INFO: Epoch 186, Train Loss: 0.10410536932900097, Test Loss: 0.11064489361117869, Inverse Test Loss: 2.3478500913171207 
2025-05-09 14:15:01,504 INFO: Epoch 187, Train Loss: 0.10192447432288618, Test Loss: 0.10894860896994085, Inverse Test Loss: 2.3386866275001976 
2025-05-09 14:15:05,592 INFO: Epoch 188, Train Loss: 0.10328213616528294, Test Loss: 0.11074548433808719, Inverse Test Loss: 2.332170907188864 
2025-05-09 14:15:09,706 INFO: Epoch 189, Train Loss: 0.10310929155710971, Test Loss: 0.10897221284754136, Inverse Test Loss: 2.3265709596521713 
2025-05-09 14:15:13,841 INFO: Epoch 190, Train Loss: 0.10295231820959033, Test Loss: 0.10942498134339557, Inverse Test Loss: 2.3223250964108635 
2025-05-09 14:15:17,904 INFO: Epoch 191, Train Loss: 0.10167877443812111, Test Loss: 0.11004625786753262, Inverse Test Loss: 2.339271860964158 
2025-05-09 14:15:21,910 INFO: Epoch 192, Train Loss: 0.10192862903755723, Test Loss: 0.11232039967880529, Inverse Test Loss: 2.362135585616617 
2025-05-09 14:15:26,025 INFO: Epoch 193, Train Loss: 0.10265058408858198, Test Loss: 0.10942962130202967, Inverse Test Loss: 2.327653576346005 
2025-05-09 14:15:30,006 INFO: Epoch 194, Train Loss: 0.10196890777936488, Test Loss: 0.10950679090969703, Inverse Test Loss: 2.3271727702196907 
2025-05-09 14:15:33,990 INFO: Epoch 195, Train Loss: 0.10143192902658925, Test Loss: 0.10833388260182213, Inverse Test Loss: 2.3503470981822296 
2025-05-09 14:15:37,972 INFO: Epoch 196, Train Loss: 0.10075133711551175, Test Loss: 0.10809442948769121, Inverse Test Loss: 2.308574978043051 
2025-05-09 14:15:41,961 INFO: Epoch 197, Train Loss: 0.10240573317489841, Test Loss: 0.10807297554086237, Inverse Test Loss: 2.3236600090475643 
2025-05-09 14:15:45,995 INFO: Epoch 198, Train Loss: 0.1005437673831528, Test Loss: 0.10810093340628288, Inverse Test Loss: 2.3000432042514576 
2025-05-09 14:15:49,991 INFO: Epoch 199, Train Loss: 0.10006212443113327, Test Loss: 0.10993114815038793, Inverse Test Loss: 2.3190932203741634 
2025-05-09 14:15:53,940 INFO: Epoch 200, Train Loss: 0.10094024528833953, Test Loss: 0.10894567672820653, Inverse Test Loss: 2.3246098195805267 
2025-05-09 14:15:53,941 INFO: Best Epoch 197, Best Test Loss: 0.10807297554086237, Inverse Test Loss: 2.3236600090475643 
2025-05-09 14:15:58,039 INFO: Epoch 201, Train Loss: 0.10050462366956653, Test Loss: 0.1083877654198338, Inverse Test Loss: 2.302223429960363 
2025-05-09 14:16:02,153 INFO: Epoch 202, Train Loss: 0.10060937736522067, Test Loss: 0.11021578114698916, Inverse Test Loss: 2.3144931512720444 
2025-05-09 14:16:06,494 INFO: Epoch 203, Train Loss: 0.1005299732540593, Test Loss: 0.10792511570103028, Inverse Test Loss: 2.327072865822736 
2025-05-09 14:16:10,546 INFO: Epoch 204, Train Loss: 0.10084075678252813, Test Loss: 0.11003868194187388, Inverse Test Loss: 2.405347789035124 
2025-05-09 14:16:14,600 INFO: Epoch 205, Train Loss: 0.10061479608217876, Test Loss: 0.10799927111057674, Inverse Test Loss: 2.296133847797618 
2025-05-09 14:16:18,698 INFO: Epoch 206, Train Loss: 0.1006798433760802, Test Loss: 0.1079233104691786, Inverse Test Loss: 2.2923885724123787 
2025-05-09 14:16:22,844 INFO: Epoch 207, Train Loss: 0.09942817084039703, Test Loss: 0.10919017914463491, Inverse Test Loss: 2.370063865886015 
2025-05-09 14:16:26,895 INFO: Epoch 208, Train Loss: 0.09859527929714232, Test Loss: 0.10750875665861018, Inverse Test Loss: 2.3247624425327076 
2025-05-09 14:16:30,963 INFO: Epoch 209, Train Loss: 0.09868315816151374, Test Loss: 0.1074535368996508, Inverse Test Loss: 2.292804907349979 
2025-05-09 14:16:35,255 INFO: Epoch 210, Train Loss: 0.0985614059662277, Test Loss: 0.10745437092640821, Inverse Test Loss: 2.2879308882881615 
2025-05-09 14:16:39,295 INFO: Epoch 211, Train Loss: 0.09947144036943262, Test Loss: 0.10777241495602272, Inverse Test Loss: 2.2935826427796306 
2025-05-09 14:16:43,303 INFO: Epoch 212, Train Loss: 0.09901612844656814, Test Loss: 0.10732145607471466, Inverse Test Loss: 2.3114390443353092 
2025-05-09 14:16:47,312 INFO: Epoch 213, Train Loss: 0.09972251285657738, Test Loss: 0.1076341582571759, Inverse Test Loss: 2.2857616298338947 
2025-05-09 14:16:51,391 INFO: Epoch 214, Train Loss: 0.09824508976078394, Test Loss: 0.10805273779174861, Inverse Test Loss: 2.2864291667938232 
2025-05-09 14:16:55,390 INFO: Epoch 215, Train Loss: 0.098355758145, Test Loss: 0.10752490425811094, Inverse Test Loss: 2.3387790076872883 
2025-05-09 14:16:59,491 INFO: Epoch 216, Train Loss: 0.100208298274965, Test Loss: 0.10698601033757715, Inverse Test Loss: 2.310192437732921 
2025-05-09 14:17:03,633 INFO: Epoch 217, Train Loss: 0.0984017855741761, Test Loss: 0.10733458224464865, Inverse Test Loss: 2.2821278291590072 
2025-05-09 14:17:07,751 INFO: Epoch 218, Train Loss: 0.09850114708145459, Test Loss: 0.10699330248376902, Inverse Test Loss: 2.276517727795769 
2025-05-09 14:17:11,916 INFO: Epoch 219, Train Loss: 0.09934513620806462, Test Loss: 0.10771784208276693, Inverse Test Loss: 2.351970714681289 
2025-05-09 14:17:15,982 INFO: Epoch 220, Train Loss: 0.09777479855851694, Test Loss: 0.10751641629373326, Inverse Test Loss: 2.26958826008965 
2025-05-09 14:17:20,102 INFO: Epoch 221, Train Loss: 0.09828925042441397, Test Loss: 0.10746352944303961, Inverse Test Loss: 2.279895782470703 
2025-05-09 14:17:24,590 INFO: Epoch 222, Train Loss: 0.09870319525626572, Test Loss: 0.10672540108070654, Inverse Test Loss: 2.3053736756829655 
2025-05-09 14:17:28,906 INFO: Epoch 223, Train Loss: 0.09776992271795418, Test Loss: 0.1073684865499244, Inverse Test Loss: 2.2826444962445427 
2025-05-09 14:17:32,868 INFO: Epoch 224, Train Loss: 0.09726511850727326, Test Loss: 0.10594289267764372, Inverse Test Loss: 2.2822926184710335 
2025-05-09 14:17:36,881 INFO: Epoch 225, Train Loss: 0.09742116476550247, Test Loss: 0.10531128570437431, Inverse Test Loss: 2.265387976870817 
2025-05-09 14:17:41,047 INFO: Epoch 226, Train Loss: 0.09644715171871764, Test Loss: 0.10654752876828699, Inverse Test Loss: 2.2643385634702793 
2025-05-09 14:17:45,040 INFO: Epoch 227, Train Loss: 0.09803385022237446, Test Loss: 0.10652371167260058, Inverse Test Loss: 2.2761827847536873 
2025-05-09 14:17:49,073 INFO: Epoch 228, Train Loss: 0.09806749941498945, Test Loss: 0.10682501227540128, Inverse Test Loss: 2.320362511803122 
2025-05-09 14:17:53,031 INFO: Epoch 229, Train Loss: 0.09752036360177127, Test Loss: 0.1063495096476639, Inverse Test Loss: 2.293502653346342 
2025-05-09 14:17:57,225 INFO: Epoch 230, Train Loss: 0.09768839688463644, Test Loss: 0.10511751867392484, Inverse Test Loss: 2.2503186604555916 
2025-05-09 14:18:01,159 INFO: Epoch 231, Train Loss: 0.09708200276575306, Test Loss: 0.10548621766707476, Inverse Test Loss: 2.25090693025028 
2025-05-09 14:18:05,143 INFO: Epoch 232, Train Loss: 0.09600888514383273, Test Loss: 0.10618635749115664, Inverse Test Loss: 2.2585831740323234 
2025-05-09 14:18:09,151 INFO: Epoch 233, Train Loss: 0.09585180297268159, Test Loss: 0.10593960521852269, Inverse Test Loss: 2.256109721520368 
2025-05-09 14:18:13,113 INFO: Epoch 234, Train Loss: 0.09618675505573099, Test Loss: 0.10576152932994506, Inverse Test Loss: 2.2835019125657925 
2025-05-09 14:18:17,256 INFO: Epoch 235, Train Loss: 0.09602526456794956, Test Loss: 0.10498868827434148, Inverse Test Loss: 2.252731070798986 
2025-05-09 14:18:21,474 INFO: Epoch 236, Train Loss: 0.09543891792947595, Test Loss: 0.10569160694585127, Inverse Test Loss: 2.2617104474235985 
2025-05-09 14:18:25,504 INFO: Epoch 237, Train Loss: 0.09517395897119334, Test Loss: 0.10633980438989751, Inverse Test Loss: 2.278970753445345 
2025-05-09 14:18:29,597 INFO: Epoch 238, Train Loss: 0.09552770107984543, Test Loss: 0.10579821292091818, Inverse Test Loss: 2.2796241886475506 
2025-05-09 14:18:33,604 INFO: Epoch 239, Train Loss: 0.09573534181849523, Test Loss: 0.1058387791409212, Inverse Test Loss: 2.286583556848414 
2025-05-09 14:18:37,675 INFO: Epoch 240, Train Loss: 0.09528445412941051, Test Loss: 0.10517209724468343, Inverse Test Loss: 2.255271953694961 
2025-05-09 14:18:41,874 INFO: Epoch 241, Train Loss: 0.0948616357125116, Test Loss: 0.10592867368284394, Inverse Test Loss: 2.2476830272113575 
2025-05-09 14:18:46,015 INFO: Epoch 242, Train Loss: 0.09457970929868294, Test Loss: 0.10498455385951434, Inverse Test Loss: 2.269093352205613 
2025-05-09 14:18:50,228 INFO: Epoch 243, Train Loss: 0.09430001455951821, Test Loss: 0.105426836758852, Inverse Test Loss: 2.2430731969721176 
2025-05-09 14:18:54,488 INFO: Epoch 244, Train Loss: 0.0942138774376927, Test Loss: 0.104913021054338, Inverse Test Loss: 2.2403304015888885 
2025-05-09 14:18:58,703 INFO: Epoch 245, Train Loss: 0.09552322040227326, Test Loss: 0.10484126078731873, Inverse Test Loss: 2.2478377748938168 
2025-05-09 14:19:02,711 INFO: Epoch 246, Train Loss: 0.09304009987549348, Test Loss: 0.10508844190660645, Inverse Test Loss: 2.250179374919218 
2025-05-09 14:19:06,684 INFO: Epoch 247, Train Loss: 0.09495068742244532, Test Loss: 0.10530305785291336, Inverse Test Loss: 2.2364244741552017 
2025-05-09 14:19:10,912 INFO: Epoch 248, Train Loss: 0.09535875854392846, Test Loss: 0.10453970445429578, Inverse Test Loss: 2.2454913644229664 
2025-05-09 14:19:15,163 INFO: Epoch 249, Train Loss: 0.09472075821549604, Test Loss: 0.10650758291868602, Inverse Test Loss: 2.2818441180621876 
2025-05-09 14:19:19,390 INFO: Epoch 250, Train Loss: 0.09439756551926787, Test Loss: 0.10499341479119133, Inverse Test Loss: 2.255172708455254 
2025-05-09 14:19:23,532 INFO: Epoch 251, Train Loss: 0.09342604418369857, Test Loss: 0.1048899051897666, Inverse Test Loss: 2.2653449984157787 
2025-05-09 14:19:27,758 INFO: Epoch 252, Train Loss: 0.0935169304297729, Test Loss: 0.10735784975044868, Inverse Test Loss: 2.2731065048890957 
2025-05-09 14:19:31,856 INFO: Epoch 253, Train Loss: 0.09447424316948111, Test Loss: 0.10472801634493996, Inverse Test Loss: 2.2527560486513027 
2025-05-09 14:19:35,845 INFO: Epoch 254, Train Loss: 0.09322069828031641, Test Loss: 0.10399626677527148, Inverse Test Loss: 2.23462810235865 
2025-05-09 14:19:39,928 INFO: Epoch 255, Train Loss: 0.0948171800171787, Test Loss: 0.10471927111639696, Inverse Test Loss: 2.2430271681617286 
2025-05-09 14:19:43,959 INFO: Epoch 256, Train Loss: 0.09288391747483701, Test Loss: 0.10532270854010302, Inverse Test Loss: 2.27133267066058 
2025-05-09 14:19:48,008 INFO: Epoch 257, Train Loss: 0.09424250194746436, Test Loss: 0.10499722116133746, Inverse Test Loss: 2.260689174427706 
2025-05-09 14:19:52,063 INFO: Epoch 258, Train Loss: 0.09319151334013, Test Loss: 0.10632642248974127, Inverse Test Loss: 2.259439510457656 
2025-05-09 14:19:56,206 INFO: Epoch 259, Train Loss: 0.0933870870168462, Test Loss: 0.10448116327033323, Inverse Test Loss: 2.2525013404733993 
2025-05-09 14:20:00,245 INFO: Epoch 260, Train Loss: 0.0923421558444247, Test Loss: 0.10410854943534907, Inverse Test Loss: 2.2314033999162564 
2025-05-09 14:20:04,258 INFO: Epoch 261, Train Loss: 0.09313198500736193, Test Loss: 0.10478899847058688, Inverse Test Loss: 2.2443779566708733 
2025-05-09 14:20:08,280 INFO: Epoch 262, Train Loss: 0.09231866670377327, Test Loss: 0.10604108366019585, Inverse Test Loss: 2.246218765483183 
2025-05-09 14:20:12,422 INFO: Epoch 263, Train Loss: 0.09133025332156455, Test Loss: 0.10555815828197143, Inverse Test Loss: 2.303786004290861 
2025-05-09 14:20:16,457 INFO: Epoch 264, Train Loss: 0.09305997238014684, Test Loss: 0.10533664550851374, Inverse Test Loss: 2.2432264229830574 
2025-05-09 14:20:20,622 INFO: Epoch 265, Train Loss: 0.09283199855549769, Test Loss: 0.10500986786449656, Inverse Test Loss: 2.264520287513733 
2025-05-09 14:20:24,753 INFO: Epoch 266, Train Loss: 0.0926661713782585, Test Loss: 0.10504692135488286, Inverse Test Loss: 2.2740629069945393 
2025-05-09 14:20:28,916 INFO: Epoch 267, Train Loss: 0.09218610625601176, Test Loss: 0.10377778682638616, Inverse Test Loss: 2.2270909547805786 
2025-05-09 14:20:33,061 INFO: Epoch 268, Train Loss: 0.09140896356918594, Test Loss: 0.10437767207622528, Inverse Test Loss: 2.244239239131703 
2025-05-09 14:20:37,221 INFO: Epoch 269, Train Loss: 0.09286234810045271, Test Loss: 0.10873670306275873, Inverse Test Loss: 2.2753438037984512 
2025-05-09 14:20:41,311 INFO: Epoch 270, Train Loss: 0.09178827138561191, Test Loss: 0.10521108920083326, Inverse Test Loss: 2.2543501573450424 
2025-05-09 14:20:45,367 INFO: Epoch 271, Train Loss: 0.09184565874889042, Test Loss: 0.10564164926900584, Inverse Test Loss: 2.257634829072391 
2025-05-09 14:20:49,412 INFO: Epoch 272, Train Loss: 0.0900232946556626, Test Loss: 0.10555464774370193, Inverse Test Loss: 2.234374831704532 
2025-05-09 14:20:53,435 INFO: Epoch 273, Train Loss: 0.09022248767767892, Test Loss: 0.10531728890012293, Inverse Test Loss: 2.2366046204286465 
2025-05-09 14:20:57,503 INFO: Epoch 274, Train Loss: 0.09065745471779144, Test Loss: 0.10561485457069733, Inverse Test Loss: 2.243501438814051 
2025-05-09 14:21:01,744 INFO: Epoch 275, Train Loss: 0.09232867955032623, Test Loss: 0.1039886325597763, Inverse Test Loss: 2.2404138621161964 
2025-05-09 14:21:05,860 INFO: Epoch 276, Train Loss: 0.09107809214655196, Test Loss: 0.1041152475073057, Inverse Test Loss: 2.2324283894370582 
2025-05-09 14:21:10,044 INFO: Epoch 277, Train Loss: 0.0907326081033909, Test Loss: 0.10440170567701845, Inverse Test Loss: 2.2275714453528908 
2025-05-09 14:21:14,165 INFO: Epoch 278, Train Loss: 0.09242013864444965, Test Loss: 0.1039846684126293, Inverse Test Loss: 2.2344390504500447 
2025-05-09 14:21:18,198 INFO: Epoch 279, Train Loss: 0.09096638739786365, Test Loss: 0.10448020126889734, Inverse Test Loss: 2.2443826268700993 
2025-05-09 14:21:22,232 INFO: Epoch 280, Train Loss: 0.09123607657172463, Test Loss: 0.10455622765071251, Inverse Test Loss: 2.253114798489739 
2025-05-09 14:21:26,337 INFO: Epoch 281, Train Loss: 0.09104569984430616, Test Loss: 0.10514519144507016, Inverse Test Loss: 2.245653446982889 
2025-05-09 14:21:30,388 INFO: Epoch 282, Train Loss: 0.09056031054845362, Test Loss: 0.10408300336669474, Inverse Test Loss: 2.2150600026635563 
2025-05-09 14:21:34,564 INFO: Epoch 283, Train Loss: 0.089251421109745, Test Loss: 0.10389268858467832, Inverse Test Loss: 2.247870557448443 
2025-05-09 14:21:38,542 INFO: Epoch 284, Train Loss: 0.09005856378511949, Test Loss: 0.10512648303719128, Inverse Test Loss: 2.26135131892036 
2025-05-09 14:21:42,710 INFO: Epoch 285, Train Loss: 0.0906858229727456, Test Loss: 0.10431127294021494, Inverse Test Loss: 2.219124541563146 
2025-05-09 14:21:46,851 INFO: Epoch 286, Train Loss: 0.08963338398572171, Test Loss: 0.10394524651415207, Inverse Test Loss: 2.237185008385602 
2025-05-09 14:21:50,949 INFO: Epoch 287, Train Loss: 0.09121628145151066, Test Loss: 0.10426479227402631, Inverse Test Loss: 2.2353110664031086 
2025-05-09 14:21:55,099 INFO: Epoch 288, Train Loss: 0.08944752710786733, Test Loss: 0.10373288809376605, Inverse Test Loss: 2.22858403710758 
2025-05-09 14:21:59,237 INFO: Epoch 289, Train Loss: 0.09071490518522984, Test Loss: 0.10375603507546817, Inverse Test Loss: 2.2258628957411823 
2025-05-09 14:22:03,307 INFO: Epoch 290, Train Loss: 0.08945597979155454, Test Loss: 0.10423020799370374, Inverse Test Loss: 2.2138405757791855 
2025-05-09 14:22:07,311 INFO: Epoch 291, Train Loss: 0.08904154209250753, Test Loss: 0.10387992880800191, Inverse Test Loss: 2.2252275943756104 
2025-05-09 14:22:11,361 INFO: Epoch 292, Train Loss: 0.0908341823766629, Test Loss: 0.10330611533101867, Inverse Test Loss: 2.217782770886141 
2025-05-09 14:22:15,371 INFO: Epoch 293, Train Loss: 0.08966325048470136, Test Loss: 0.10853525338804021, Inverse Test Loss: 2.2920637481352863 
2025-05-09 14:22:19,367 INFO: Epoch 294, Train Loss: 0.09017090996106465, Test Loss: 0.1042267877389403, Inverse Test Loss: 2.21812806409948 
2025-05-09 14:22:23,402 INFO: Epoch 295, Train Loss: 0.09027727659453046, Test Loss: 0.10469521187684115, Inverse Test Loss: 2.2166635779773487 
2025-05-09 14:22:27,694 INFO: Epoch 296, Train Loss: 0.09164987538348544, Test Loss: 0.10494161090430092, Inverse Test Loss: 2.216970492811764 
2025-05-09 14:22:32,216 INFO: Epoch 297, Train Loss: 0.08910663267879775, Test Loss: 0.10515042613534366, Inverse Test Loss: 2.228982420528636 
2025-05-09 14:22:36,131 INFO: Epoch 298, Train Loss: 0.09036991180795612, Test Loss: 0.10341371201417025, Inverse Test Loss: 2.214496886028963 
2025-05-09 14:22:40,183 INFO: Epoch 299, Train Loss: 0.08963519458969434, Test Loss: 0.10403289645910263, Inverse Test Loss: 2.2177529966129974 
2025-05-09 14:22:44,420 INFO: Epoch 300, Train Loss: 0.08922223616955859, Test Loss: 0.10429119713166181, Inverse Test Loss: 2.244162307066076 
2025-05-09 14:22:44,420 INFO: Best Epoch 292, Best Test Loss: 0.10330611533101867, Inverse Test Loss: 2.217782770886141 
2025-05-09 14:22:48,601 INFO: Epoch 301, Train Loss: 0.0889598997592023, Test Loss: 0.10394859204397482, Inverse Test Loss: 2.209974913036122 
2025-05-09 14:22:52,654 INFO: Epoch 302, Train Loss: 0.09014184208530368, Test Loss: 0.10360799554516287, Inverse Test Loss: 2.208994037964765 
2025-05-09 14:22:56,758 INFO: Epoch 303, Train Loss: 0.08859764863595818, Test Loss: 0.10296388386803515, Inverse Test Loss: 2.2186167240142822 
2025-05-09 14:23:00,806 INFO: Epoch 304, Train Loss: 0.09002171818054083, Test Loss: 0.10363390954101787, Inverse Test Loss: 2.2192823325886444 
2025-05-09 14:23:04,836 INFO: Epoch 305, Train Loss: 0.08929192624760396, Test Loss: 0.1034760321764385, Inverse Test Loss: 2.2204545666189754 
2025-05-09 14:23:08,993 INFO: Epoch 306, Train Loss: 0.08847801917881677, Test Loss: 0.10362578972297556, Inverse Test Loss: 2.2202244576285866 
2025-05-09 14:23:13,248 INFO: Epoch 307, Train Loss: 0.08951577199905207, Test Loss: 0.10317353203016169, Inverse Test Loss: 2.2273145773831535 
2025-05-09 14:23:17,554 INFO: Epoch 308, Train Loss: 0.0890147119308963, Test Loss: 0.10330229033442105, Inverse Test Loss: 2.191669036360348 
2025-05-09 14:23:21,859 INFO: Epoch 309, Train Loss: 0.08890176011305867, Test Loss: 0.10440582146539408, Inverse Test Loss: 2.2337156884810505 
2025-05-09 14:23:26,082 INFO: Epoch 310, Train Loss: 0.0881187759452697, Test Loss: 0.10321213611785103, Inverse Test Loss: 2.199598992572111 
2025-05-09 14:23:30,341 INFO: Epoch 311, Train Loss: 0.08839942949513595, Test Loss: 0.1038492549868191, Inverse Test Loss: 2.2119811001945946 
2025-05-09 14:23:34,351 INFO: Epoch 312, Train Loss: 0.08763413842428815, Test Loss: 0.10493819218348055, Inverse Test Loss: 2.222455852171954 
2025-05-09 14:23:38,292 INFO: Epoch 313, Train Loss: 0.08891629794556083, Test Loss: 0.1050159703282749, Inverse Test Loss: 2.210067966405083 
2025-05-09 14:23:42,296 INFO: Epoch 314, Train Loss: 0.08912405157179544, Test Loss: 0.10513982001472921, Inverse Test Loss: 2.288818366387311 
2025-05-09 14:23:46,285 INFO: Epoch 315, Train Loss: 0.08800355649807236, Test Loss: 0.1036408460315536, Inverse Test Loss: 2.1990994074765373 
2025-05-09 14:23:50,396 INFO: Epoch 316, Train Loss: 0.08884857741720749, Test Loss: 0.10518366010750041, Inverse Test Loss: 2.2202880943522736 
2025-05-09 14:23:54,422 INFO: Epoch 317, Train Loss: 0.08769363751917174, Test Loss: 0.10333666052011882, Inverse Test Loss: 2.217911993756014 
2025-05-09 14:23:58,689 INFO: Epoch 318, Train Loss: 0.08726163705190022, Test Loss: 0.10404127222650192, Inverse Test Loss: 2.2005187693764183 
2025-05-09 14:24:03,224 INFO: Epoch 319, Train Loss: 0.08688717380617604, Test Loss: 0.10361315770184293, Inverse Test Loss: 2.233306457014645 
2025-05-09 14:24:07,823 INFO: Epoch 320, Train Loss: 0.08720857068670518, Test Loss: 0.10311675422331866, Inverse Test Loss: 2.198938958785113 
2025-05-09 14:24:12,444 INFO: Epoch 321, Train Loss: 0.08834819710164359, Test Loss: 0.10278499893405858, Inverse Test Loss: 2.2001680696711823 
2025-05-09 14:24:17,021 INFO: Epoch 322, Train Loss: 0.08722080312895053, Test Loss: 0.10370314165073283, Inverse Test Loss: 2.193558293230393 
2025-05-09 14:24:21,365 INFO: Epoch 323, Train Loss: 0.08627064469637293, Test Loss: 0.1034370873342542, Inverse Test Loss: 2.2217881889904247 
2025-05-09 14:24:25,417 INFO: Epoch 324, Train Loss: 0.08739640196841775, Test Loss: 0.10376227318364031, Inverse Test Loss: 2.211145015323863 
2025-05-09 14:24:29,426 INFO: Epoch 325, Train Loss: 0.08586502622700098, Test Loss: 0.1040522096788182, Inverse Test Loss: 2.2031896044226253 
2025-05-09 14:24:33,458 INFO: Epoch 326, Train Loss: 0.0872036095595721, Test Loss: 0.1042521015247878, Inverse Test Loss: 2.251469240469091 
2025-05-09 14:24:37,510 INFO: Epoch 327, Train Loss: 0.08647752231494947, Test Loss: 0.10468893476268824, Inverse Test Loss: 2.2302295600666717 
2025-05-09 14:24:41,715 INFO: Epoch 328, Train Loss: 0.08725227003521992, Test Loss: 0.10386769626947011, Inverse Test Loss: 2.209605287103092 
2025-05-09 14:24:45,710 INFO: Epoch 329, Train Loss: 0.0862882442095063, Test Loss: 0.10362141667043462, Inverse Test Loss: 2.2233931317048916 
2025-05-09 14:24:49,769 INFO: Epoch 330, Train Loss: 0.08700983085189805, Test Loss: 0.10437054230886347, Inverse Test Loss: 2.224880541072172 
2025-05-09 14:24:53,933 INFO: Epoch 331, Train Loss: 0.08594932254742492, Test Loss: 0.10315964502446792, Inverse Test Loss: 2.200335888301625 
2025-05-09 14:24:58,151 INFO: Epoch 332, Train Loss: 0.08657326453337164, Test Loss: 0.10287319540100939, Inverse Test Loss: 2.1914200081544766 
2025-05-09 14:25:02,241 INFO: Epoch 333, Train Loss: 0.08606279996985738, Test Loss: 0.10307079706998433, Inverse Test Loss: 2.199393398621503 
2025-05-09 14:25:06,305 INFO: Epoch 334, Train Loss: 0.0862685614124392, Test Loss: 0.10353515121866674, Inverse Test Loss: 2.2333284967085896 
2025-05-09 14:25:10,423 INFO: Epoch 335, Train Loss: 0.0868678590790792, Test Loss: 0.10267093427040998, Inverse Test Loss: 2.2004703213186825 
2025-05-09 14:25:14,614 INFO: Epoch 336, Train Loss: 0.08609305203638294, Test Loss: 0.10277030551258255, Inverse Test Loss: 2.2072175530826343 
2025-05-09 14:25:18,642 INFO: Epoch 337, Train Loss: 0.08676108379255641, Test Loss: 0.1028709797298207, Inverse Test Loss: 2.1853823170942417 
2025-05-09 14:25:22,642 INFO: Epoch 338, Train Loss: 0.08513818974747803, Test Loss: 0.1042201891541481, Inverse Test Loss: 2.2746709304697372 
2025-05-09 14:25:26,751 INFO: Epoch 339, Train Loss: 0.08670244185310422, Test Loss: 0.10279006313751726, Inverse Test Loss: 2.22215333405663 
2025-05-09 14:25:30,723 INFO: Epoch 340, Train Loss: 0.08683447291453679, Test Loss: 0.10361686085953432, Inverse Test Loss: 2.2409201439689186 
2025-05-09 14:25:34,721 INFO: Epoch 341, Train Loss: 0.08632306890054182, Test Loss: 0.10361932963132858, Inverse Test Loss: 2.2043272116604973 
2025-05-09 14:25:38,709 INFO: Epoch 342, Train Loss: 0.08566953896573096, Test Loss: 0.10230542697450694, Inverse Test Loss: 2.1860475189545574 
2025-05-09 14:25:42,764 INFO: Epoch 343, Train Loss: 0.08536855402317914, Test Loss: 0.10303119876805474, Inverse Test Loss: 2.2098309502882114 
2025-05-09 14:25:46,871 INFO: Epoch 344, Train Loss: 0.08665547779563701, Test Loss: 0.1030034865526592, Inverse Test Loss: 2.21342414968154 
2025-05-09 14:25:50,901 INFO: Epoch 345, Train Loss: 0.08618201388779914, Test Loss: 0.10473856286090963, Inverse Test Loss: 2.2865863547605625 
2025-05-09 14:25:54,971 INFO: Epoch 346, Train Loss: 0.08710591754678523, Test Loss: 0.10418756919748642, Inverse Test Loss: 2.2118465058943806 
2025-05-09 14:25:59,252 INFO: Epoch 347, Train Loss: 0.08602554667176622, Test Loss: 0.10385631024837494, Inverse Test Loss: 2.2040123659021713 
2025-05-09 14:26:03,296 INFO: Epoch 348, Train Loss: 0.08508550178146723, Test Loss: 0.10347984249100965, Inverse Test Loss: 2.207611925461713 
2025-05-09 14:26:07,449 INFO: Epoch 349, Train Loss: 0.08604170619086786, Test Loss: 0.1038564809543245, Inverse Test Loss: 2.2028435328427483 
2025-05-09 14:26:11,444 INFO: Epoch 350, Train Loss: 0.0847259612584656, Test Loss: 0.10375140673097442, Inverse Test Loss: 2.215118969188017 
2025-05-09 14:26:15,461 INFO: Epoch 351, Train Loss: 0.08422193354503675, Test Loss: 0.10423268772223417, Inverse Test Loss: 2.205078636898714 
2025-05-09 14:26:19,557 INFO: Epoch 352, Train Loss: 0.08404940716696507, Test Loss: 0.10251552480108597, Inverse Test Loss: 2.184282667496625 
2025-05-09 14:26:23,611 INFO: Epoch 353, Train Loss: 0.08361024934459817, Test Loss: 0.10507493203177172, Inverse Test Loss: 2.2406277165693393 
2025-05-09 14:26:27,752 INFO: Epoch 354, Train Loss: 0.08605480803684755, Test Loss: 0.10626564152977046, Inverse Test Loss: 2.2374466377146103 
2025-05-09 14:26:31,785 INFO: Epoch 355, Train Loss: 0.08507308996084964, Test Loss: 0.10295631736516953, Inverse Test Loss: 2.2088574171066284 
2025-05-09 14:26:35,952 INFO: Epoch 356, Train Loss: 0.08508961873524117, Test Loss: 0.10367596938329585, Inverse Test Loss: 2.227142004405751 
2025-05-09 14:26:40,133 INFO: Epoch 357, Train Loss: 0.08423368581994013, Test Loss: 0.10295792844365625, Inverse Test Loss: 2.185705114813412 
2025-05-09 14:26:44,095 INFO: Epoch 358, Train Loss: 0.08570318911789042, Test Loss: 0.10329901974867373, Inverse Test Loss: 2.2034854959039127 
2025-05-09 14:26:48,096 INFO: Epoch 359, Train Loss: 0.08497573440950928, Test Loss: 0.10235827832537539, Inverse Test Loss: 2.181569632361917 
2025-05-09 14:26:52,250 INFO: Epoch 360, Train Loss: 0.08469272670194958, Test Loss: 0.10412670277497348, Inverse Test Loss: 2.2274710360695336 
2025-05-09 14:26:56,389 INFO: Epoch 361, Train Loss: 0.08533042454809854, Test Loss: 0.1066109209376223, Inverse Test Loss: 2.2611220163457535 
2025-05-09 14:27:00,577 INFO: Epoch 362, Train Loss: 0.08383891093685772, Test Loss: 0.10369603511165171, Inverse Test Loss: 2.2084462221931007 
2025-05-09 14:27:04,733 INFO: Epoch 363, Train Loss: 0.08481603398016005, Test Loss: 0.1027943408664535, Inverse Test Loss: 2.1947285778382244 
2025-05-09 14:27:08,868 INFO: Epoch 364, Train Loss: 0.08578706521427992, Test Loss: 0.10356965639135417, Inverse Test Loss: 2.205257962731754 
2025-05-09 14:27:12,923 INFO: Epoch 365, Train Loss: 0.08491954698481342, Test Loss: 0.10344692012842964, Inverse Test Loss: 2.1965565961949967 
2025-05-09 14:27:17,059 INFO: Epoch 366, Train Loss: 0.08357024164588163, Test Loss: 0.10474029577830259, Inverse Test Loss: 2.233221138224882 
2025-05-09 14:27:21,084 INFO: Epoch 367, Train Loss: 0.0840309692377394, Test Loss: 0.1024418142350281, Inverse Test Loss: 2.1963997378068814 
2025-05-09 14:27:25,221 INFO: Epoch 368, Train Loss: 0.08393118699843233, Test Loss: 0.10353374196326032, Inverse Test Loss: 2.193659543991089 
2025-05-09 14:27:29,404 INFO: Epoch 369, Train Loss: 0.08341350270943208, Test Loss: 0.10324932328041862, Inverse Test Loss: 2.187763389419107 
2025-05-09 14:27:32,224 INFO: Epoch 370, Train Loss: 0.08445718822379907, Test Loss: 0.10283995989490957, Inverse Test Loss: 2.1871152975979973 
2025-05-09 14:27:34,378 INFO: Epoch 371, Train Loss: 0.08439548195085743, Test Loss: 0.10475052235757604, Inverse Test Loss: 2.287850064389846 
2025-05-09 14:27:36,419 INFO: Epoch 372, Train Loss: 0.08412758740737583, Test Loss: 0.10327177450937383, Inverse Test Loss: 2.222942078814787 
2025-05-09 14:27:38,450 INFO: Epoch 373, Train Loss: 0.08269409519253355, Test Loss: 0.1039460993864957, Inverse Test Loss: 2.2254675416385425 
2025-05-09 14:27:40,573 INFO: Epoch 374, Train Loss: 0.08299542641775175, Test Loss: 0.10345886384739596, Inverse Test Loss: 2.2059204017414764 
2025-05-09 14:27:42,770 INFO: Epoch 375, Train Loss: 0.08351280723670215, Test Loss: 0.10414128268466276, Inverse Test Loss: 2.2187453157761516 
2025-05-09 14:27:44,816 INFO: Epoch 376, Train Loss: 0.08380203727971423, Test Loss: 0.10591698284534846, Inverse Test Loss: 2.2395159006118774 
2025-05-09 14:27:46,880 INFO: Epoch 377, Train Loss: 0.08327175276071737, Test Loss: 0.10403430111267988, Inverse Test Loss: 2.2058615614386166 
2025-05-09 14:27:48,932 INFO: Epoch 378, Train Loss: 0.08346190094722039, Test Loss: 0.10457142376724411, Inverse Test Loss: 2.2258736596387974 
2025-05-09 14:27:50,973 INFO: Epoch 379, Train Loss: 0.08414859268249887, Test Loss: 0.1029533309971585, Inverse Test Loss: 2.1941841139512905 
2025-05-09 14:27:53,011 INFO: Epoch 380, Train Loss: 0.08145955125942375, Test Loss: 0.10408435937236338, Inverse Test Loss: 2.20140705389135 
2025-05-09 14:27:55,107 INFO: Epoch 381, Train Loss: 0.08299553795068552, Test Loss: 0.10349431020372055, Inverse Test Loss: 2.194469423855052 
2025-05-09 14:27:57,122 INFO: Epoch 382, Train Loss: 0.08264332134841067, Test Loss: 0.104082072920659, Inverse Test Loss: 2.224728871794308 
2025-05-09 14:27:59,247 INFO: Epoch 383, Train Loss: 0.08306415570956288, Test Loss: 0.1038431902142132, Inverse Test Loss: 2.2327431790968952 
2025-05-09 14:28:01,246 INFO: Epoch 384, Train Loss: 0.08366335386579687, Test Loss: 0.10398598344010465, Inverse Test Loss: 2.1983512079014496 
2025-05-09 14:28:03,298 INFO: Epoch 385, Train Loss: 0.08364864066243172, Test Loss: 0.10311727006645764, Inverse Test Loss: 2.2071777722414803 
2025-05-09 14:28:05,407 INFO: Epoch 386, Train Loss: 0.08142781494693323, Test Loss: 0.10564578850479688, Inverse Test Loss: 2.226910016115974 
2025-05-09 14:28:07,615 INFO: Epoch 387, Train Loss: 0.08283253414838603, Test Loss: 0.10507442714536891, Inverse Test Loss: 2.22468620188096 
2025-05-09 14:28:09,886 INFO: Epoch 388, Train Loss: 0.08273930254984986, Test Loss: 0.10489906940390081, Inverse Test Loss: 2.282321340897504 
2025-05-09 14:28:11,966 INFO: Epoch 389, Train Loss: 0.08360879856980208, Test Loss: 0.10349506490370806, Inverse Test Loss: 2.1935836637721344 
2025-05-09 14:28:14,057 INFO: Epoch 390, Train Loss: 0.08262459019368346, Test Loss: 0.10266262599650551, Inverse Test Loss: 2.202304517521578 
2025-05-09 14:28:16,157 INFO: Epoch 391, Train Loss: 0.08259009541661451, Test Loss: 0.10326926059582654, Inverse Test Loss: 2.197500320041881 
2025-05-09 14:28:18,130 INFO: Epoch 392, Train Loss: 0.08250373822044242, Test Loss: 0.1042609394473188, Inverse Test Loss: 2.217375271460589 
2025-05-09 14:28:20,127 INFO: Epoch 393, Train Loss: 0.08208634512442531, Test Loss: 0.10300200695500654, Inverse Test Loss: 2.2083800189635334 
2025-05-09 14:28:22,182 INFO: Epoch 394, Train Loss: 0.08195056139745495, Test Loss: 0.1038676224210683, Inverse Test Loss: 2.1979582449969124 
2025-05-09 14:28:24,183 INFO: Epoch 395, Train Loss: 0.08282402417424953, Test Loss: 0.10404648807118921, Inverse Test Loss: 2.2014578230240764 
2025-05-09 14:28:26,229 INFO: Epoch 396, Train Loss: 0.08241801387207075, Test Loss: 0.10418352681924314, Inverse Test Loss: 2.2025329505696014 
2025-05-09 14:28:28,221 INFO: Epoch 397, Train Loss: 0.08193096213720062, Test Loss: 0.10430726408958435, Inverse Test Loss: 2.2495037457522224 
2025-05-09 14:28:30,254 INFO: Epoch 398, Train Loss: 0.08210227068400744, Test Loss: 0.10372327706393074, Inverse Test Loss: 2.2010139717775234 
2025-05-09 14:28:32,283 INFO: Epoch 399, Train Loss: 0.0821875947894472, Test Loss: 0.10308581502998576, Inverse Test Loss: 2.1902304887771606 
2025-05-09 14:28:34,330 INFO: Epoch 400, Train Loss: 0.08146280185742812, Test Loss: 0.10476840506581699, Inverse Test Loss: 2.235089386210722 
2025-05-09 14:28:34,330 INFO: Best Epoch 342, Best Test Loss: 0.10230542697450694, Inverse Test Loss: 2.1860475189545574 
