2024-12-26 13:38:31,739 INFO: {'name': 'KAN', 'depth': 3} 
2024-12-26 13:38:31,739 INFO: Dataset:dataset_s4e12 
2024-12-26 13:38:31,739 INFO: ------Begin Training Model------ 
2024-12-26 13:38:34,019 INFO: Epoch 1, Train Loss: 0.3976378574371338, Test Loss: 0.39218286518007517 
2024-12-26 13:38:34,493 INFO: Epoch 2, Train Loss: 0.39228685426712034, Test Loss: 0.38976720348000526 
2024-12-26 13:38:34,964 INFO: Epoch 3, Train Loss: 0.3908349442481995, Test Loss: 0.3885460449382663 
2024-12-26 13:38:35,443 INFO: Epoch 4, Train Loss: 0.3899995424747467, Test Loss: 0.38770800828933716 
2024-12-26 13:38:35,930 INFO: Epoch 5, Train Loss: 0.38942830443382265, Test Loss: 0.38705001678317785 
2024-12-26 13:38:36,402 INFO: Epoch 6, Train Loss: 0.38902076935768126, Test Loss: 0.3865723367780447 
2024-12-26 13:38:36,878 INFO: Epoch 7, Train Loss: 0.3886866006851196, Test Loss: 0.3862195499241352 
2024-12-26 13:38:37,354 INFO: Epoch 8, Train Loss: 0.38845807671546934, Test Loss: 0.38593172281980515 
2024-12-26 13:38:37,828 INFO: Epoch 9, Train Loss: 0.38824676418304443, Test Loss: 0.3857201347127557 
2024-12-26 13:38:38,299 INFO: Epoch 10, Train Loss: 0.3880724993944168, Test Loss: 0.3854779889807105 
2024-12-26 13:38:38,771 INFO: Epoch 11, Train Loss: 0.387914963722229, Test Loss: 0.3853533947840333 
2024-12-26 13:38:39,241 INFO: Epoch 12, Train Loss: 0.38777404665946963, Test Loss: 0.3851783499121666 
2024-12-26 13:38:39,712 INFO: Epoch 13, Train Loss: 0.38764236855506895, Test Loss: 0.38507988676428795 
2024-12-26 13:38:40,188 INFO: Epoch 14, Train Loss: 0.3875139238834381, Test Loss: 0.3849292052909732 
2024-12-26 13:38:40,664 INFO: Epoch 15, Train Loss: 0.38739721083641054, Test Loss: 0.38475989177823067 
2024-12-26 13:38:41,133 INFO: Epoch 16, Train Loss: 0.38726123690605163, Test Loss: 0.38467779755592346 
2024-12-26 13:38:41,606 INFO: Epoch 17, Train Loss: 0.3871322093009949, Test Loss: 0.38462057057768106 
2024-12-26 13:38:42,079 INFO: Epoch 18, Train Loss: 0.3870559778213501, Test Loss: 0.3844596529379487 
2024-12-26 13:38:42,556 INFO: Epoch 19, Train Loss: 0.38691142201423645, Test Loss: 0.3844112195074558 
2024-12-26 13:38:43,022 INFO: Epoch 20, Train Loss: 0.3868201050758362, Test Loss: 0.3842965727671981 
2024-12-26 13:38:43,496 INFO: Epoch 21, Train Loss: 0.3867086389064789, Test Loss: 0.38419247325509787 
2024-12-26 13:38:43,968 INFO: Epoch 22, Train Loss: 0.38656207418441774, Test Loss: 0.3841354064643383 
2024-12-26 13:38:44,435 INFO: Epoch 23, Train Loss: 0.38644356656074524, Test Loss: 0.3840537304058671 
2024-12-26 13:38:44,911 INFO: Epoch 24, Train Loss: 0.3863234839439392, Test Loss: 0.38405171781778336 
2024-12-26 13:38:45,386 INFO: Epoch 25, Train Loss: 0.38624127888679505, Test Loss: 0.38389601930975914 
2024-12-26 13:38:45,867 INFO: Epoch 26, Train Loss: 0.3861031148433685, Test Loss: 0.38377764727920294 
2024-12-26 13:38:46,342 INFO: Epoch 27, Train Loss: 0.3859711744785309, Test Loss: 0.38371118158102036 
2024-12-26 13:38:46,825 INFO: Epoch 28, Train Loss: 0.3858567533493042, Test Loss: 0.38368712551891804 
2024-12-26 13:38:47,296 INFO: Epoch 29, Train Loss: 0.3857865743637085, Test Loss: 0.38369118329137564 
2024-12-26 13:38:47,775 INFO: Epoch 30, Train Loss: 0.38561924171447753, Test Loss: 0.383548098616302 
2024-12-26 13:38:48,254 INFO: Epoch 31, Train Loss: 0.38551375198364257, Test Loss: 0.38351384550333023 
2024-12-26 13:38:48,731 INFO: Epoch 32, Train Loss: 0.3854166754484177, Test Loss: 0.38346964213997126 
2024-12-26 13:38:49,209 INFO: Epoch 33, Train Loss: 0.3852805678844452, Test Loss: 0.38336332235485315 
2024-12-26 13:38:49,683 INFO: Epoch 34, Train Loss: 0.3851542094945908, Test Loss: 0.3833023738116026 
2024-12-26 13:38:50,157 INFO: Epoch 35, Train Loss: 0.3850042812824249, Test Loss: 0.3832516372203827 
2024-12-26 13:38:50,630 INFO: Epoch 36, Train Loss: 0.38492279505729676, Test Loss: 0.38321417290717363 
2024-12-26 13:38:51,111 INFO: Epoch 37, Train Loss: 0.38481846189498903, Test Loss: 0.38313356693834066 
2024-12-26 13:38:51,603 INFO: Epoch 38, Train Loss: 0.38462938594818114, Test Loss: 0.3831307487562299 
2024-12-26 13:38:52,085 INFO: Epoch 39, Train Loss: 0.3844961154460907, Test Loss: 0.38304163981229067 
2024-12-26 13:38:52,564 INFO: Epoch 40, Train Loss: 0.38435386037826536, Test Loss: 0.3831157386302948 
2024-12-26 13:38:53,037 INFO: Epoch 41, Train Loss: 0.38424070811271666, Test Loss: 0.38298136927187443 
2024-12-26 13:38:53,511 INFO: Epoch 42, Train Loss: 0.38406933307647706, Test Loss: 0.38299892097711563 
2024-12-26 13:38:53,979 INFO: Epoch 43, Train Loss: 0.3839345996379852, Test Loss: 0.38291658367961645 
2024-12-26 13:38:54,471 INFO: Epoch 44, Train Loss: 0.383778356552124, Test Loss: 0.38300673477351665 
2024-12-26 13:38:54,948 INFO: Epoch 45, Train Loss: 0.38365223789215086, Test Loss: 0.38284910190850496 
2024-12-26 13:38:55,421 INFO: Epoch 46, Train Loss: 0.38345368814468384, Test Loss: 0.3828421151265502 
2024-12-26 13:38:55,894 INFO: Epoch 47, Train Loss: 0.38330284142494203, Test Loss: 0.38281509652733803 
2024-12-26 13:38:56,365 INFO: Epoch 48, Train Loss: 0.383127494096756, Test Loss: 0.3828056510537863 
2024-12-26 13:38:56,842 INFO: Epoch 49, Train Loss: 0.38297616720199584, Test Loss: 0.3827784024178982 
2024-12-26 13:38:57,320 INFO: Epoch 50, Train Loss: 0.38280368280410765, Test Loss: 0.38273571338504553 
2024-12-26 13:38:57,787 INFO: Epoch 51, Train Loss: 0.38263736724853514, Test Loss: 0.3827260695397854 
2024-12-26 13:38:58,266 INFO: Epoch 52, Train Loss: 0.38242935729026795, Test Loss: 0.3827325291931629 
2024-12-26 13:38:58,737 INFO: Epoch 53, Train Loss: 0.3822647001743317, Test Loss: 0.3827263694256544 
2024-12-26 13:38:59,216 INFO: Epoch 54, Train Loss: 0.3820613355636597, Test Loss: 0.3828014051541686 
2024-12-26 13:38:59,698 INFO: Epoch 55, Train Loss: 0.38181901240348814, Test Loss: 0.3827382428571582 
2024-12-26 13:39:00,176 INFO: Epoch 56, Train Loss: 0.3816306917667389, Test Loss: 0.38276303745806217 
2024-12-26 13:39:00,651 INFO: Epoch 57, Train Loss: 0.38142535305023195, Test Loss: 0.3827225351706147 
2024-12-26 13:39:01,126 INFO: Epoch 58, Train Loss: 0.3812263641357422, Test Loss: 0.3827374642714858 
2024-12-26 13:39:01,599 INFO: Epoch 59, Train Loss: 0.3809881339073181, Test Loss: 0.3827471164986491 
2024-12-26 13:39:02,076 INFO: Epoch 60, Train Loss: 0.38072354078292847, Test Loss: 0.38284647185355425 
2024-12-26 13:39:02,550 INFO: Epoch 61, Train Loss: 0.38056944489479066, Test Loss: 0.38282000087201595 
2024-12-26 13:39:03,027 INFO: Epoch 62, Train Loss: 0.3802904415130615, Test Loss: 0.3828722471371293 
2024-12-26 13:39:03,499 INFO: Epoch 63, Train Loss: 0.38001612758636477, Test Loss: 0.38284017890691757 
2024-12-26 13:39:03,974 INFO: Epoch 64, Train Loss: 0.3797457010746002, Test Loss: 0.38287448417395353 
2024-12-26 13:39:04,447 INFO: Epoch 65, Train Loss: 0.3795354115962982, Test Loss: 0.3829079195857048 
2024-12-26 13:39:04,921 INFO: Epoch 66, Train Loss: 0.3792724976539612, Test Loss: 0.3828900186344981 
2024-12-26 13:39:05,399 INFO: Epoch 67, Train Loss: 0.37897996211051943, Test Loss: 0.3829622557386756 
2024-12-26 13:39:05,878 INFO: Epoch 68, Train Loss: 0.3787239367961884, Test Loss: 0.38297867868095636 
2024-12-26 13:39:06,352 INFO: Epoch 69, Train Loss: 0.37844823360443114, Test Loss: 0.3830937333405018 
2024-12-26 13:39:06,833 INFO: Epoch 70, Train Loss: 0.37816074132919314, Test Loss: 0.3830923307687044 
2024-12-26 13:39:07,307 INFO: Epoch 71, Train Loss: 0.37790085637569426, Test Loss: 0.3832211969420314 
2024-12-26 13:39:07,777 INFO: Epoch 72, Train Loss: 0.37764240646362307, Test Loss: 0.3832617858424783 
2024-12-26 13:39:08,250 INFO: Epoch 73, Train Loss: 0.37733333349227904, Test Loss: 0.38334604538977146 
2024-12-26 13:39:08,728 INFO: Epoch 74, Train Loss: 0.37699639034271243, Test Loss: 0.38342533726245165 
2024-12-26 13:39:09,199 INFO: Epoch 75, Train Loss: 0.3766695158481598, Test Loss: 0.3834328092634678 
2024-12-26 13:39:09,669 INFO: Epoch 76, Train Loss: 0.3763920686244965, Test Loss: 0.3835394810885191 
2024-12-26 13:39:10,142 INFO: Epoch 77, Train Loss: 0.3760368337631226, Test Loss: 0.38364185113459826 
2024-12-26 13:39:10,622 INFO: Epoch 78, Train Loss: 0.37573420071601865, Test Loss: 0.3837349805980921 
2024-12-26 13:39:11,102 INFO: Epoch 79, Train Loss: 0.3754564356803894, Test Loss: 0.38379133585840464 
2024-12-26 13:39:11,572 INFO: Epoch 80, Train Loss: 0.37510485816001893, Test Loss: 0.38392561953514814 
2024-12-26 13:39:12,060 INFO: Epoch 81, Train Loss: 0.37475556540489197, Test Loss: 0.3840843699872494 
2024-12-26 13:39:12,534 INFO: Epoch 82, Train Loss: 0.3744403221607208, Test Loss: 0.3840922573581338 
2024-12-26 13:39:13,018 INFO: Epoch 83, Train Loss: 0.37408919429779053, Test Loss: 0.3843864994123578 
2024-12-26 13:39:13,495 INFO: Epoch 84, Train Loss: 0.37371754145622255, Test Loss: 0.3843140369281173 
2024-12-26 13:39:13,997 INFO: Epoch 85, Train Loss: 0.3733811967372894, Test Loss: 0.38444977067410946 
2024-12-26 13:39:14,494 INFO: Epoch 86, Train Loss: 0.3730333588123321, Test Loss: 0.3845739522948861 
2024-12-26 13:39:14,971 INFO: Epoch 87, Train Loss: 0.37265282845497133, Test Loss: 0.3847264004871249 
2024-12-26 13:39:15,447 INFO: Epoch 88, Train Loss: 0.3723254449367523, Test Loss: 0.38475673645734787 
2024-12-26 13:39:15,924 INFO: Epoch 89, Train Loss: 0.37195973777770996, Test Loss: 0.38490232173353434 
2024-12-26 13:39:16,407 INFO: Epoch 90, Train Loss: 0.3715688353776932, Test Loss: 0.38504800759255886 
2024-12-26 13:39:16,892 INFO: Epoch 91, Train Loss: 0.3711922287940979, Test Loss: 0.38525985833257437 
2024-12-26 13:39:17,366 INFO: Epoch 92, Train Loss: 0.3708313627243042, Test Loss: 0.3853892982006073 
2024-12-26 13:39:17,847 INFO: Epoch 93, Train Loss: 0.37043307173252105, Test Loss: 0.3855302594602108 
2024-12-26 13:39:18,325 INFO: Epoch 94, Train Loss: 0.37010040640830993, Test Loss: 0.3856538934633136 
2024-12-26 13:39:18,803 INFO: Epoch 95, Train Loss: 0.36967622423172, Test Loss: 0.38579663075506687 
2024-12-26 13:39:19,281 INFO: Epoch 96, Train Loss: 0.36929240930080415, Test Loss: 0.3859613463282585 
2024-12-26 13:39:19,755 INFO: Epoch 97, Train Loss: 0.36891957235336303, Test Loss: 0.3861078405752778 
2024-12-26 13:39:20,250 INFO: Epoch 98, Train Loss: 0.3684882683753967, Test Loss: 0.3862930815666914 
2024-12-26 13:39:20,728 INFO: Epoch 99, Train Loss: 0.3681210074424744, Test Loss: 0.38649531453847885 
2024-12-26 13:39:21,206 INFO: Epoch 100, Train Loss: 0.3677076622247696, Test Loss: 0.38668842427432537 
2024-12-26 13:39:21,674 INFO: Epoch 101, Train Loss: 0.36727864837646484, Test Loss: 0.3867795383557677 
2024-12-26 13:39:22,155 INFO: Epoch 102, Train Loss: 0.36689703118801115, Test Loss: 0.38696532510221004 
2024-12-26 13:39:22,632 INFO: Epoch 103, Train Loss: 0.36648106360435484, Test Loss: 0.38725657761096954 
2024-12-26 13:39:23,108 INFO: Epoch 104, Train Loss: 0.36610184907913207, Test Loss: 0.3873738581314683 
2024-12-26 13:39:23,588 INFO: Epoch 105, Train Loss: 0.36563770985603333, Test Loss: 0.38747538067400455 
2024-12-26 13:39:24,067 INFO: Epoch 106, Train Loss: 0.36520109605789186, Test Loss: 0.38783387932926416 
2024-12-26 13:39:24,554 INFO: Epoch 107, Train Loss: 0.3647939417362213, Test Loss: 0.38807366508990526 
2024-12-26 13:39:25,047 INFO: Epoch 108, Train Loss: 0.3643766875267029, Test Loss: 0.3883193712681532 
2024-12-26 13:39:25,528 INFO: Epoch 109, Train Loss: 0.36397236919403075, Test Loss: 0.38834163919091225 
2024-12-26 13:39:26,003 INFO: Epoch 110, Train Loss: 0.36351114642620086, Test Loss: 0.3885147050023079 
2024-12-26 13:39:26,476 INFO: Epoch 111, Train Loss: 0.3630759015083313, Test Loss: 0.3888129200786352 
2024-12-26 13:39:26,959 INFO: Epoch 112, Train Loss: 0.3626183090209961, Test Loss: 0.3889081636443734 
2024-12-26 13:39:27,445 INFO: Epoch 113, Train Loss: 0.362234573841095, Test Loss: 0.3891472266986966 
2024-12-26 13:39:27,928 INFO: Epoch 114, Train Loss: 0.3617942590713501, Test Loss: 0.3892844095826149 
2024-12-26 13:39:28,413 INFO: Epoch 115, Train Loss: 0.36135804212093353, Test Loss: 0.3895785165950656 
2024-12-26 13:39:28,892 INFO: Epoch 116, Train Loss: 0.360883239030838, Test Loss: 0.38975834660232067 
2024-12-26 13:39:29,361 INFO: Epoch 117, Train Loss: 0.3604355299472809, Test Loss: 0.39007036853581667 
2024-12-26 13:39:29,836 INFO: Epoch 118, Train Loss: 0.3599916100502014, Test Loss: 0.39023745991289616 
2024-12-26 13:39:30,310 INFO: Epoch 119, Train Loss: 0.3595341262817383, Test Loss: 0.3905256111174822 
2024-12-26 13:39:30,784 INFO: Epoch 120, Train Loss: 0.35903244352340696, Test Loss: 0.3907122267410159 
2024-12-26 13:39:31,263 INFO: Epoch 121, Train Loss: 0.35862501978874206, Test Loss: 0.39099166821688414 
2024-12-26 13:39:31,742 INFO: Epoch 122, Train Loss: 0.3581510001420975, Test Loss: 0.3912388850003481 
2024-12-26 13:39:32,234 INFO: Epoch 123, Train Loss: 0.35771812200546266, Test Loss: 0.39143734611570835 
2024-12-26 13:39:32,758 INFO: Epoch 124, Train Loss: 0.3572351198196411, Test Loss: 0.3917315024882555 
2024-12-26 13:39:33,231 INFO: Epoch 125, Train Loss: 0.3567268385887146, Test Loss: 0.3919085217639804 
2024-12-26 13:39:33,716 INFO: Epoch 126, Train Loss: 0.3563640124797821, Test Loss: 0.3921750746667385 
2024-12-26 13:39:34,197 INFO: Epoch 127, Train Loss: 0.3558197681903839, Test Loss: 0.39241241943091154 
2024-12-26 13:39:34,688 INFO: Epoch 128, Train Loss: 0.35534786343574526, Test Loss: 0.39269502833485603 
2024-12-26 13:39:35,166 INFO: Epoch 129, Train Loss: 0.3548959691524506, Test Loss: 0.3929965253919363 
2024-12-26 13:39:35,648 INFO: Epoch 130, Train Loss: 0.3544325121641159, Test Loss: 0.3932818928733468 
2024-12-26 13:39:36,122 INFO: Epoch 131, Train Loss: 0.35393102014064787, Test Loss: 0.39367389027029276 
2024-12-26 13:39:36,609 INFO: Epoch 132, Train Loss: 0.35343455636501314, Test Loss: 0.39384801406413317 
2024-12-26 13:39:37,095 INFO: Epoch 133, Train Loss: 0.3529414918422699, Test Loss: 0.39410707354545593 
2024-12-26 13:39:37,590 INFO: Epoch 134, Train Loss: 0.3525011603832245, Test Loss: 0.3943190844729543 
2024-12-26 13:39:38,123 INFO: Epoch 135, Train Loss: 0.351951048374176, Test Loss: 0.39458153676241636 
2024-12-26 13:39:38,635 INFO: Epoch 136, Train Loss: 0.35148950457572936, Test Loss: 0.3949665715917945 
2024-12-26 13:39:39,139 INFO: Epoch 137, Train Loss: 0.3510486750602722, Test Loss: 0.39520079270005226 
2024-12-26 13:39:39,637 INFO: Epoch 138, Train Loss: 0.350537872672081, Test Loss: 0.3955225199460983 
2024-12-26 13:39:40,150 INFO: Epoch 139, Train Loss: 0.350039691567421, Test Loss: 0.3958260929211974 
2024-12-26 13:39:40,660 INFO: Epoch 140, Train Loss: 0.34955063259601593, Test Loss: 0.3961060531437397 
2024-12-26 13:39:41,140 INFO: Epoch 141, Train Loss: 0.34906909048557283, Test Loss: 0.3964040335267782 
2024-12-26 13:39:41,615 INFO: Epoch 142, Train Loss: 0.3484956524372101, Test Loss: 0.3968984968960285 
2024-12-26 13:39:42,103 INFO: Epoch 143, Train Loss: 0.34807296144962313, Test Loss: 0.3970877882093191 
2024-12-26 13:39:42,633 INFO: Epoch 144, Train Loss: 0.3475186862945557, Test Loss: 0.39757558144629 
2024-12-26 13:39:43,175 INFO: Epoch 145, Train Loss: 0.34697866916656495, Test Loss: 0.3976767361164093 
2024-12-26 13:39:43,653 INFO: Epoch 146, Train Loss: 0.3465246776342392, Test Loss: 0.39803924690932035 
2024-12-26 13:39:44,130 INFO: Epoch 147, Train Loss: 0.3459879616498947, Test Loss: 0.39850553683936596 
2024-12-26 13:39:44,608 INFO: Epoch 148, Train Loss: 0.3454925912618637, Test Loss: 0.3988425862044096 
2024-12-26 13:39:45,092 INFO: Epoch 149, Train Loss: 0.3449699791669846, Test Loss: 0.3989656576886773 
2024-12-26 13:39:45,567 INFO: Epoch 150, Train Loss: 0.3444690568447113, Test Loss: 0.39939824491739273 
2024-12-26 13:39:46,062 INFO: Epoch 151, Train Loss: 0.34394584119319915, Test Loss: 0.3998148888349533 
2024-12-26 13:39:46,544 INFO: Epoch 152, Train Loss: 0.34344402050971984, Test Loss: 0.40016966313123703 
2024-12-26 13:39:47,036 INFO: Epoch 153, Train Loss: 0.34291169834136964, Test Loss: 0.40040934551507235 
2024-12-26 13:39:47,572 INFO: Epoch 154, Train Loss: 0.342455042719841, Test Loss: 0.4008462829515338 
2024-12-26 13:39:48,057 INFO: Epoch 155, Train Loss: 0.34188164794445036, Test Loss: 0.4010719284415245 
2024-12-26 13:39:48,540 INFO: Epoch 156, Train Loss: 0.3413740417957306, Test Loss: 0.40155847277492285 
2024-12-26 13:39:49,014 INFO: Epoch 157, Train Loss: 0.34081416702270506, Test Loss: 0.4019648861140013 
2024-12-26 13:39:49,502 INFO: Epoch 158, Train Loss: 0.3403104852437973, Test Loss: 0.4021641854196787 
2024-12-26 13:39:49,994 INFO: Epoch 159, Train Loss: 0.339802060008049, Test Loss: 0.4026110526174307 
2024-12-26 13:39:50,491 INFO: Epoch 160, Train Loss: 0.33926410031318666, Test Loss: 0.4029570957645774 
2024-12-26 13:39:50,995 INFO: Epoch 161, Train Loss: 0.338726765871048, Test Loss: 0.4033533753827214 
2024-12-26 13:39:51,482 INFO: Epoch 162, Train Loss: 0.3382267465591431, Test Loss: 0.4037265982478857 
2024-12-26 13:39:51,965 INFO: Epoch 163, Train Loss: 0.3376756913661957, Test Loss: 0.4039939120411873 
2024-12-26 13:39:52,505 INFO: Epoch 164, Train Loss: 0.3371764909029007, Test Loss: 0.4044323321431875 
2024-12-26 13:39:53,045 INFO: Epoch 165, Train Loss: 0.33665728640556336, Test Loss: 0.4047894524410367 
2024-12-26 13:39:53,527 INFO: Epoch 166, Train Loss: 0.3361081835031509, Test Loss: 0.4051967551931739 
2024-12-26 13:39:54,003 INFO: Epoch 167, Train Loss: 0.3355948740243912, Test Loss: 0.40558125730603933 
2024-12-26 13:39:54,488 INFO: Epoch 168, Train Loss: 0.3350302333831787, Test Loss: 0.4060752121731639 
2024-12-26 13:39:55,028 INFO: Epoch 169, Train Loss: 0.33460888671875, Test Loss: 0.4062883025035262 
2024-12-26 13:39:55,567 INFO: Epoch 170, Train Loss: 0.33399259674549103, Test Loss: 0.4067621724680066 
2024-12-26 13:39:56,055 INFO: Epoch 171, Train Loss: 0.3334805897474289, Test Loss: 0.40712581295520067 
2024-12-26 13:39:56,582 INFO: Epoch 172, Train Loss: 0.33296438205242157, Test Loss: 0.40747927874326706 
2024-12-26 13:39:57,060 INFO: Epoch 173, Train Loss: 0.33241156160831453, Test Loss: 0.4078231146559119 
2024-12-26 13:39:57,596 INFO: Epoch 174, Train Loss: 0.3319056650400162, Test Loss: 0.40823695063591003 
2024-12-26 13:39:58,131 INFO: Epoch 175, Train Loss: 0.3313037518262863, Test Loss: 0.40879245195537806 
2024-12-26 13:39:58,676 INFO: Epoch 176, Train Loss: 0.3307958778142929, Test Loss: 0.4091031113639474 
2024-12-26 13:39:59,217 INFO: Epoch 177, Train Loss: 0.3302608674764633, Test Loss: 0.4099116502329707 
2024-12-26 13:39:59,697 INFO: Epoch 178, Train Loss: 0.329789360165596, Test Loss: 0.40997311286628246 
2024-12-26 13:40:00,234 INFO: Epoch 179, Train Loss: 0.32919078874588015, Test Loss: 0.4102619085460901 
2024-12-26 13:40:00,787 INFO: Epoch 180, Train Loss: 0.32870558500289915, Test Loss: 0.4107109298929572 
2024-12-26 13:40:01,337 INFO: Epoch 181, Train Loss: 0.32816861593723295, Test Loss: 0.41107560507953167 
2024-12-26 13:40:01,869 INFO: Epoch 182, Train Loss: 0.32763833677768706, Test Loss: 0.411481105722487 
2024-12-26 13:40:02,352 INFO: Epoch 183, Train Loss: 0.327154803276062, Test Loss: 0.41187027003616095 
2024-12-26 13:40:02,838 INFO: Epoch 184, Train Loss: 0.32662499344348905, Test Loss: 0.4122402472421527 
2024-12-26 13:40:03,336 INFO: Epoch 185, Train Loss: 0.3261307179927826, Test Loss: 0.41256954427808523 
2024-12-26 13:40:03,826 INFO: Epoch 186, Train Loss: 0.32564266777038575, Test Loss: 0.4131027078256011 
2024-12-26 13:40:04,410 INFO: Epoch 187, Train Loss: 0.32503312718868255, Test Loss: 0.41373179759830236 
2024-12-26 13:40:04,891 INFO: Epoch 188, Train Loss: 0.3245912300348282, Test Loss: 0.41409226413816214 
2024-12-26 13:40:05,370 INFO: Epoch 189, Train Loss: 0.3240206241607666, Test Loss: 0.4144954038783908 
2024-12-26 13:40:05,854 INFO: Epoch 190, Train Loss: 0.32348742604255676, Test Loss: 0.4146464029327035 
2024-12-26 13:40:06,334 INFO: Epoch 191, Train Loss: 0.3229224947690964, Test Loss: 0.41517447121441364 
2024-12-26 13:40:06,819 INFO: Epoch 192, Train Loss: 0.3224309993982315, Test Loss: 0.4156085383147001 
2024-12-26 13:40:07,299 INFO: Epoch 193, Train Loss: 0.32191082191467285, Test Loss: 0.41595484502613544 
2024-12-26 13:40:07,777 INFO: Epoch 194, Train Loss: 0.3213912831544876, Test Loss: 0.4165848111733794 
2024-12-26 13:40:08,252 INFO: Epoch 195, Train Loss: 0.3208938030004501, Test Loss: 0.41679296642541885 
2024-12-26 13:40:08,726 INFO: Epoch 196, Train Loss: 0.32034628760814665, Test Loss: 0.4172928696498275 
2024-12-26 13:40:09,200 INFO: Epoch 197, Train Loss: 0.31980719447135925, Test Loss: 0.4179518911987543 
2024-12-26 13:40:09,682 INFO: Epoch 198, Train Loss: 0.3193609105348587, Test Loss: 0.4179832264780998 
2024-12-26 13:40:10,162 INFO: Epoch 199, Train Loss: 0.31880722057819366, Test Loss: 0.41869596019387245 
2024-12-26 13:40:10,634 INFO: Epoch 200, Train Loss: 0.31832069635391236, Test Loss: 0.4188789948821068 
2024-12-26 13:40:10,634 INFO: Best Epoch 57, Best Test Loss: 0.3827225351706147 
