2025-02-20 17:39:42,959 INFO: Model:namespace(attn_dropout=0.4, categories=[], cluster=3, depth=2, dim=32, ff_dropout=0.4, groups=[54, 54, 54], heads=4, name='AMFormer_simple_KAN_dim32_depth2_heads4_dropout0.4_simple_KAN', num_cate=0, num_cont=61, num_special_tokens=1, out=1, out_dim=1, predictor='simple_KAN', prod_num_per_group=[6, 6, 6], qk_relu=False, sum_num_per_group=[32, 16, 8], target_mode='regression', token_descent=False, use_cls_token=True, use_prod=True, use_row_col_attention=True, use_sigmoid=True) 
2025-02-20 17:39:42,960 INFO: lr:0.0001, loss:MSE 
2025-02-20 17:39:42,960 INFO: Dataset:Scm, Target:['LBL'] 
2025-02-20 17:39:42,960 INFO: ------Begin Training Model------ 
2025-02-20 17:39:47,923 INFO: Epoch 1, Train Loss: 1.0089625862606786, Test Loss: 1.0261041323343914, Inverse Test Loss: 50454.345052083336 
2025-02-20 17:39:49,454 INFO: Epoch 2, Train Loss: 0.9978282984934355, Test Loss: 1.000497547785441, Inverse Test Loss: 49195.25052083333 
2025-02-20 17:39:51,001 INFO: Epoch 3, Train Loss: 0.9583350869647244, Test Loss: 0.9532078623771667, Inverse Test Loss: 46869.97838541667 
2025-02-20 17:39:52,536 INFO: Epoch 4, Train Loss: 0.92405633131663, Test Loss: 0.8139566063880921, Inverse Test Loss: 40022.88684895833 
2025-02-20 17:39:54,075 INFO: Epoch 5, Train Loss: 0.7117117026395965, Test Loss: 0.4897988776365916, Inverse Test Loss: 24083.795768229167 
2025-02-20 17:39:55,607 INFO: Epoch 6, Train Loss: 0.5611737464603624, Test Loss: 0.41249558130900066, Inverse Test Loss: 20282.731640625 
2025-02-20 17:39:57,116 INFO: Epoch 7, Train Loss: 0.4997351478066361, Test Loss: 0.39297547936439514, Inverse Test Loss: 19322.912532552084 
2025-02-20 17:39:58,611 INFO: Epoch 8, Train Loss: 0.4785215373624835, Test Loss: 0.3892825206120809, Inverse Test Loss: 19141.327734375 
2025-02-20 17:40:00,185 INFO: Epoch 9, Train Loss: 0.46394506998752294, Test Loss: 0.3731357157230377, Inverse Test Loss: 18347.376236979166 
2025-02-20 17:40:01,791 INFO: Epoch 10, Train Loss: 0.45118083268926856, Test Loss: 0.3658462822437286, Inverse Test Loss: 17988.947591145832 
2025-02-20 17:40:03,305 INFO: Epoch 11, Train Loss: 0.442521515514767, Test Loss: 0.36035184413194654, Inverse Test Loss: 17718.782975260416 
2025-02-20 17:40:04,837 INFO: Epoch 12, Train Loss: 0.4402873390599301, Test Loss: 0.3540111278494199, Inverse Test Loss: 17407.005240885417 
2025-02-20 17:40:06,328 INFO: Epoch 13, Train Loss: 0.4273021508727157, Test Loss: 0.3496577277779579, Inverse Test Loss: 17192.9451171875 
2025-02-20 17:40:07,843 INFO: Epoch 14, Train Loss: 0.4186470231466126, Test Loss: 0.3455239161849022, Inverse Test Loss: 16989.682503255208 
2025-02-20 17:40:09,426 INFO: Epoch 15, Train Loss: 0.41904117245423167, Test Loss: 0.34279566407203677, Inverse Test Loss: 16855.53173828125 
2025-02-20 17:40:10,964 INFO: Epoch 16, Train Loss: 0.4193951565968363, Test Loss: 0.3399155348539352, Inverse Test Loss: 16713.914208984374 
2025-02-20 17:40:12,486 INFO: Epoch 17, Train Loss: 0.4123098244400401, Test Loss: 0.3366567067801952, Inverse Test Loss: 16553.674186197917 
2025-02-20 17:40:14,099 INFO: Epoch 18, Train Loss: 0.4073737122510609, Test Loss: 0.33535625264048574, Inverse Test Loss: 16489.730712890625 
2025-02-20 17:40:15,688 INFO: Epoch 19, Train Loss: 0.4026397218306859, Test Loss: 0.33310429838796457, Inverse Test Loss: 16378.999650065105 
2025-02-20 17:40:17,200 INFO: Epoch 20, Train Loss: 0.40952756844068827, Test Loss: 0.3311795011162758, Inverse Test Loss: 16284.357014973959 
2025-02-20 17:40:18,719 INFO: Epoch 21, Train Loss: 0.39929418030538055, Test Loss: 0.3260833407441775, Inverse Test Loss: 16033.77391764323 
2025-02-20 17:40:20,252 INFO: Epoch 22, Train Loss: 0.39616359378162186, Test Loss: 0.32702989627917606, Inverse Test Loss: 16080.317073567709 
2025-02-20 17:40:21,753 INFO: Epoch 23, Train Loss: 0.38712246859805627, Test Loss: 0.3231628363331159, Inverse Test Loss: 15890.170589192709 
2025-02-20 17:40:23,260 INFO: Epoch 24, Train Loss: 0.39170337141605843, Test Loss: 0.31927171697219214, Inverse Test Loss: 15698.840738932291 
2025-02-20 17:40:24,803 INFO: Epoch 25, Train Loss: 0.38172852287167, Test Loss: 0.3240682989358902, Inverse Test Loss: 15934.693001302083 
2025-02-20 17:40:26,418 INFO: Epoch 26, Train Loss: 0.3780783945531176, Test Loss: 0.3144359581172466, Inverse Test Loss: 15461.0625 
2025-02-20 17:40:27,942 INFO: Epoch 27, Train Loss: 0.39821717090774, Test Loss: 0.3180048669377963, Inverse Test Loss: 15636.549593098958 
2025-02-20 17:40:29,489 INFO: Epoch 28, Train Loss: 0.3751085251569748, Test Loss: 0.3178315301736196, Inverse Test Loss: 15628.026383463543 
2025-02-20 17:40:31,009 INFO: Epoch 29, Train Loss: 0.37430873304082635, Test Loss: 0.31434443245331445, Inverse Test Loss: 15456.56298828125 
2025-02-20 17:40:32,558 INFO: Epoch 30, Train Loss: 0.36819149710630117, Test Loss: 0.3073843367397785, Inverse Test Loss: 15114.328922526041 
2025-02-20 17:40:34,186 INFO: Epoch 31, Train Loss: 0.3643242779530977, Test Loss: 0.30466570556163786, Inverse Test Loss: 14980.652034505209 
2025-02-20 17:40:35,783 INFO: Epoch 32, Train Loss: 0.36954643485838906, Test Loss: 0.30934696396191913, Inverse Test Loss: 15210.833219401042 
2025-02-20 17:40:37,335 INFO: Epoch 33, Train Loss: 0.3752087244862004, Test Loss: 0.3024193252126376, Inverse Test Loss: 14870.194905598959 
2025-02-20 17:40:38,963 INFO: Epoch 34, Train Loss: 0.3604516810492465, Test Loss: 0.3008070021867752, Inverse Test Loss: 14790.916861979167 
2025-02-20 17:40:40,791 INFO: Epoch 35, Train Loss: 0.3557106612021463, Test Loss: 0.29952650715907414, Inverse Test Loss: 14727.953759765625 
2025-02-20 17:40:42,439 INFO: Epoch 36, Train Loss: 0.35112337872647403, Test Loss: 0.2972321890294552, Inverse Test Loss: 14615.139908854168 
2025-02-20 17:40:44,250 INFO: Epoch 37, Train Loss: 0.36779683776069105, Test Loss: 0.29642648647228875, Inverse Test Loss: 14575.52353515625 
2025-02-20 17:40:45,901 INFO: Epoch 38, Train Loss: 0.34597538686112356, Test Loss: 0.29793302913506825, Inverse Test Loss: 14649.6009765625 
2025-02-20 17:40:47,549 INFO: Epoch 39, Train Loss: 0.3486291747867015, Test Loss: 0.2907500925163428, Inverse Test Loss: 14296.410074869791 
2025-02-20 17:40:49,150 INFO: Epoch 40, Train Loss: 0.3409209278199756, Test Loss: 0.29696576048930484, Inverse Test Loss: 14602.03916015625 
2025-02-20 17:40:50,830 INFO: Epoch 41, Train Loss: 0.3418383397031249, Test Loss: 0.2892251988252004, Inverse Test Loss: 14221.430078125 
2025-02-20 17:40:52,418 INFO: Epoch 42, Train Loss: 0.33939107951887865, Test Loss: 0.2877472887436549, Inverse Test Loss: 14148.760416666666 
2025-02-20 17:40:53,994 INFO: Epoch 43, Train Loss: 0.3375013845792988, Test Loss: 0.2893516500790914, Inverse Test Loss: 14227.6470703125 
2025-02-20 17:40:55,615 INFO: Epoch 44, Train Loss: 0.3360230458998366, Test Loss: 0.28455538153648374, Inverse Test Loss: 13991.811555989583 
2025-02-20 17:40:57,412 INFO: Epoch 45, Train Loss: 0.3425621115847638, Test Loss: 0.2834798221786817, Inverse Test Loss: 13938.925537109375 
2025-02-20 17:40:59,040 INFO: Epoch 46, Train Loss: 0.33888373197170724, Test Loss: 0.289475816488266, Inverse Test Loss: 14233.75302734375 
2025-02-20 17:41:00,648 INFO: Epoch 47, Train Loss: 0.33554473519325256, Test Loss: 0.2803055547177792, Inverse Test Loss: 13782.843701171874 
2025-02-20 17:41:02,210 INFO: Epoch 48, Train Loss: 0.3408931318605155, Test Loss: 0.28096126317977904, Inverse Test Loss: 13815.08564453125 
2025-02-20 17:41:03,753 INFO: Epoch 49, Train Loss: 0.33923022030738365, Test Loss: 0.27953210324048994, Inverse Test Loss: 13744.812858072917 
2025-02-20 17:41:05,292 INFO: Epoch 50, Train Loss: 0.3237539203020564, Test Loss: 0.27772870163122815, Inverse Test Loss: 13656.13876953125 
2025-02-20 17:41:06,855 INFO: Epoch 51, Train Loss: 0.3342588878514474, Test Loss: 0.28130641927321753, Inverse Test Loss: 13832.057747395833 
2025-02-20 17:41:08,500 INFO: Epoch 52, Train Loss: 0.33084580276096076, Test Loss: 0.28125443259874977, Inverse Test Loss: 13829.50146484375 
2025-02-20 17:41:10,135 INFO: Epoch 53, Train Loss: 0.3558701106853652, Test Loss: 0.278363790611426, Inverse Test Loss: 13687.366373697916 
2025-02-20 17:41:11,875 INFO: Epoch 54, Train Loss: 0.32645872653576363, Test Loss: 0.2725079377492269, Inverse Test Loss: 13399.429524739584 
2025-02-20 17:41:13,489 INFO: Epoch 55, Train Loss: 0.31633704423642994, Test Loss: 0.271829957763354, Inverse Test Loss: 13366.092024739582 
2025-02-20 17:41:15,275 INFO: Epoch 56, Train Loss: 0.31981220841407776, Test Loss: 0.27078584134578704, Inverse Test Loss: 13314.752701822918 
2025-02-20 17:41:16,976 INFO: Epoch 57, Train Loss: 0.33706630452683095, Test Loss: 0.27143550117810566, Inverse Test Loss: 13346.697102864584 
2025-02-20 17:41:18,530 INFO: Epoch 58, Train Loss: 0.3306143851133815, Test Loss: 0.27449124654134116, Inverse Test Loss: 13496.950553385417 
2025-02-20 17:41:20,098 INFO: Epoch 59, Train Loss: 0.31931898599131064, Test Loss: 0.26979577044645947, Inverse Test Loss: 13266.069563802082 
2025-02-20 17:41:21,721 INFO: Epoch 60, Train Loss: 0.3131187495432402, Test Loss: 0.26566893557707466, Inverse Test Loss: 13063.15 
2025-02-20 17:41:23,273 INFO: Epoch 61, Train Loss: 0.31830967544463645, Test Loss: 0.2662440334757169, Inverse Test Loss: 13091.427669270834 
2025-02-20 17:41:24,833 INFO: Epoch 62, Train Loss: 0.3183167626460393, Test Loss: 0.26677728444337845, Inverse Test Loss: 13117.648828125 
2025-02-20 17:41:26,591 INFO: Epoch 63, Train Loss: 0.32248547490228685, Test Loss: 0.2725420961777369, Inverse Test Loss: 13401.108919270833 
2025-02-20 17:41:28,130 INFO: Epoch 64, Train Loss: 0.32070055133418035, Test Loss: 0.2638269454240799, Inverse Test Loss: 12972.5779296875 
2025-02-20 17:41:29,871 INFO: Epoch 65, Train Loss: 0.3102387717941351, Test Loss: 0.2651792456706365, Inverse Test Loss: 13039.0716796875 
2025-02-20 17:41:31,408 INFO: Epoch 66, Train Loss: 0.310442277998255, Test Loss: 0.2600116029381752, Inverse Test Loss: 12784.974772135416 
2025-02-20 17:41:33,000 INFO: Epoch 67, Train Loss: 0.30734363812626453, Test Loss: 0.2604460805654526, Inverse Test Loss: 12806.33857421875 
2025-02-20 17:41:34,671 INFO: Epoch 68, Train Loss: 0.30784014703934653, Test Loss: 0.2600520541270574, Inverse Test Loss: 12786.9646484375 
2025-02-20 17:41:36,378 INFO: Epoch 69, Train Loss: 0.3092219615191744, Test Loss: 0.2622255265712738, Inverse Test Loss: 12893.835091145833 
2025-02-20 17:41:38,040 INFO: Epoch 70, Train Loss: 0.3046387750328633, Test Loss: 0.2629767879843712, Inverse Test Loss: 12930.775130208332 
2025-02-20 17:41:39,733 INFO: Epoch 71, Train Loss: 0.2975945870081584, Test Loss: 0.25893593082825345, Inverse Test Loss: 12732.083203125 
2025-02-20 17:41:41,326 INFO: Epoch 72, Train Loss: 0.30429573749241073, Test Loss: 0.25675669064124423, Inverse Test Loss: 12624.927897135416 
2025-02-20 17:41:42,923 INFO: Epoch 73, Train Loss: 0.3000263242345107, Test Loss: 0.25701677054166794, Inverse Test Loss: 12637.716861979166 
2025-02-20 17:41:44,570 INFO: Epoch 74, Train Loss: 0.29741497363960534, Test Loss: 0.2593551859259605, Inverse Test Loss: 12752.6978515625 
2025-02-20 17:41:46,167 INFO: Epoch 75, Train Loss: 0.29459501306215924, Test Loss: 0.2571802372733752, Inverse Test Loss: 12645.754361979167 
2025-02-20 17:41:47,920 INFO: Epoch 76, Train Loss: 0.3151765716703315, Test Loss: 0.25813770045836765, Inverse Test Loss: 12692.833723958332 
2025-02-20 17:41:49,545 INFO: Epoch 77, Train Loss: 0.301647256079473, Test Loss: 0.25227140535910925, Inverse Test Loss: 12404.3828125 
2025-02-20 17:41:51,269 INFO: Epoch 78, Train Loss: 0.2950888559745069, Test Loss: 0.25180647571881615, Inverse Test Loss: 12381.522395833334 
2025-02-20 17:41:52,919 INFO: Epoch 79, Train Loss: 0.29639850504565657, Test Loss: 0.25098289400339124, Inverse Test Loss: 12341.025813802084 
2025-02-20 17:41:54,527 INFO: Epoch 80, Train Loss: 0.2960949908745916, Test Loss: 0.2531422883272171, Inverse Test Loss: 12447.2052734375 
2025-02-20 17:41:56,116 INFO: Epoch 81, Train Loss: 0.30159710321510047, Test Loss: 0.25013071050246555, Inverse Test Loss: 12299.123014322917 
2025-02-20 17:41:57,787 INFO: Epoch 82, Train Loss: 0.2966708208908114, Test Loss: 0.24924861043691635, Inverse Test Loss: 12255.74970703125 
2025-02-20 17:41:59,605 INFO: Epoch 83, Train Loss: 0.2931697209153259, Test Loss: 0.25189783771832785, Inverse Test Loss: 12386.014388020832 
2025-02-20 17:42:01,202 INFO: Epoch 84, Train Loss: 0.2918183712059991, Test Loss: 0.24795247664054235, Inverse Test Loss: 12192.018310546875 
2025-02-20 17:42:02,972 INFO: Epoch 85, Train Loss: 0.29150154376239107, Test Loss: 0.2533963695168495, Inverse Test Loss: 12459.69833984375 
2025-02-20 17:42:04,765 INFO: Epoch 86, Train Loss: 0.2919492183024423, Test Loss: 0.2546146581570307, Inverse Test Loss: 12519.602506510417 
2025-02-20 17:42:06,377 INFO: Epoch 87, Train Loss: 0.29083847476724994, Test Loss: 0.24955413043498992, Inverse Test Loss: 12270.7728515625 
2025-02-20 17:42:07,938 INFO: Epoch 88, Train Loss: 0.2966439397188655, Test Loss: 0.25198599646488823, Inverse Test Loss: 12390.34951171875 
2025-02-20 17:42:09,767 INFO: Epoch 89, Train Loss: 0.2899674588258852, Test Loss: 0.24894468088944752, Inverse Test Loss: 12240.805729166666 
2025-02-20 17:42:11,311 INFO: Epoch 90, Train Loss: 0.29643927619122623, Test Loss: 0.24987147152423858, Inverse Test Loss: 12286.376595052083 
2025-02-20 17:42:12,866 INFO: Epoch 91, Train Loss: 0.287414167533841, Test Loss: 0.2495318427681923, Inverse Test Loss: 12269.677376302083 
2025-02-20 17:42:14,572 INFO: Epoch 92, Train Loss: 0.28794378408214505, Test Loss: 0.2482025668025017, Inverse Test Loss: 12204.3150390625 
2025-02-20 17:42:16,188 INFO: Epoch 93, Train Loss: 0.2830185403949336, Test Loss: 0.24638304114341736, Inverse Test Loss: 12114.847932942708 
2025-02-20 17:42:17,723 INFO: Epoch 94, Train Loss: 0.2835258012800886, Test Loss: 0.24766580015420914, Inverse Test Loss: 12177.922037760416 
2025-02-20 17:42:19,309 INFO: Epoch 95, Train Loss: 0.2868035153338784, Test Loss: 0.24851668576399485, Inverse Test Loss: 12219.760611979167 
2025-02-20 17:42:20,848 INFO: Epoch 96, Train Loss: 0.28430679701922235, Test Loss: 0.25057822118202844, Inverse Test Loss: 12321.127864583334 
2025-02-20 17:42:22,402 INFO: Epoch 97, Train Loss: 0.28293831254306595, Test Loss: 0.24467442135016124, Inverse Test Loss: 12030.83291015625 
2025-02-20 17:42:23,987 INFO: Epoch 98, Train Loss: 0.2869430490230259, Test Loss: 0.24641163696845372, Inverse Test Loss: 12116.254264322917 
2025-02-20 17:42:25,541 INFO: Epoch 99, Train Loss: 0.2796241552160497, Test Loss: 0.24136906787753104, Inverse Test Loss: 11868.30615234375 
2025-02-20 17:42:27,085 INFO: Epoch 100, Train Loss: 0.28597194217799005, Test Loss: 0.24169756670792897, Inverse Test Loss: 11884.459456380207 
2025-02-20 17:42:27,085 INFO: Best Epoch 99, Best Test Loss: 0.24136906787753104, Inverse Test Loss: 11868.30615234375 
2025-02-20 17:42:28,614 INFO: Epoch 101, Train Loss: 0.2808415662301214, Test Loss: 0.24875645637512206, Inverse Test Loss: 12231.55048828125 
2025-02-20 17:42:30,300 INFO: Epoch 102, Train Loss: 0.28176970413902347, Test Loss: 0.2430479352672895, Inverse Test Loss: 11950.857877604167 
2025-02-20 17:42:32,195 INFO: Epoch 103, Train Loss: 0.2769768728890963, Test Loss: 0.2460153063138326, Inverse Test Loss: 12096.765787760416 
2025-02-20 17:42:33,928 INFO: Epoch 104, Train Loss: 0.2847164189606382, Test Loss: 0.2423006072640419, Inverse Test Loss: 11914.111344401043 
2025-02-20 17:42:35,797 INFO: Epoch 105, Train Loss: 0.285312086866613, Test Loss: 0.248134916027387, Inverse Test Loss: 12200.988541666668 
2025-02-20 17:42:37,367 INFO: Epoch 106, Train Loss: 0.279517541329066, Test Loss: 0.24406691441933315, Inverse Test Loss: 12000.962337239584 
2025-02-20 17:42:38,916 INFO: Epoch 107, Train Loss: 0.28934478236917865, Test Loss: 0.23947417885065078, Inverse Test Loss: 11775.133203125 
2025-02-20 17:42:40,494 INFO: Epoch 108, Train Loss: 0.2752501023443122, Test Loss: 0.24281184275945028, Inverse Test Loss: 11939.248697916666 
2025-02-20 17:42:42,083 INFO: Epoch 109, Train Loss: 0.27933359956532194, Test Loss: 0.2393979494770368, Inverse Test Loss: 11771.38583984375 
2025-02-20 17:42:43,850 INFO: Epoch 110, Train Loss: 0.2757491136394572, Test Loss: 0.24186656127373377, Inverse Test Loss: 11892.768489583334 
