2025-01-09 20:57:33,666 INFO: namespace(depth=2, grid_size=5, name='KAN', spline_order=3) 
2025-01-09 20:57:33,666 INFO: Dataset:Bike 
2025-01-09 20:57:33,666 INFO: ------Begin Training Model------ 
2025-01-09 20:57:36,044 INFO: Epoch 1, Train Loss: 0.8762251630835577, Test Loss: 0.8048456204789025, Inverse Test Loss: 4.820545196533203 
2025-01-09 20:57:36,468 INFO: Epoch 2, Train Loss: 0.8125925266414608, Test Loss: 0.7814471168177468, Inverse Test Loss: 4.811963762555804 
2025-01-09 20:57:36,894 INFO: Epoch 3, Train Loss: 0.7946098277328211, Test Loss: 0.7679861549820218, Inverse Test Loss: 4.6672821044921875 
2025-01-09 20:57:37,320 INFO: Epoch 4, Train Loss: 0.7834224192374343, Test Loss: 0.7599065176078251, Inverse Test Loss: 4.576256888253348 
2025-01-09 20:57:37,747 INFO: Epoch 5, Train Loss: 0.7771012165130825, Test Loss: 0.7568470197064536, Inverse Test Loss: 4.693051474434989 
2025-01-09 20:57:38,170 INFO: Epoch 6, Train Loss: 0.7725244219150018, Test Loss: 0.7527644740683692, Inverse Test Loss: 4.469430923461914 
2025-01-09 20:57:38,595 INFO: Epoch 7, Train Loss: 0.7682995746988769, Test Loss: 0.747610941529274, Inverse Test Loss: 4.291390010288784 
2025-01-09 20:57:39,065 INFO: Epoch 8, Train Loss: 0.7650538371243608, Test Loss: 0.7430936758007322, Inverse Test Loss: 4.223836898803711 
2025-01-09 20:57:39,493 INFO: Epoch 9, Train Loss: 0.7626626212662513, Test Loss: 0.7432026522500175, Inverse Test Loss: 4.2445188249860495 
2025-01-09 20:57:39,924 INFO: Epoch 10, Train Loss: 0.759654008467263, Test Loss: 0.742692232131958, Inverse Test Loss: 4.26284544808524 
2025-01-09 20:57:40,355 INFO: Epoch 11, Train Loss: 0.7553704605190033, Test Loss: 0.7364231390612466, Inverse Test Loss: 3.9660374777657643 
2025-01-09 20:57:40,779 INFO: Epoch 12, Train Loss: 0.7537875159071126, Test Loss: 0.7364670974867684, Inverse Test Loss: 3.975602558680943 
2025-01-09 20:57:41,218 INFO: Epoch 13, Train Loss: 0.7523177692649561, Test Loss: 0.7350632207734245, Inverse Test Loss: 3.883575439453125 
2025-01-09 20:57:41,648 INFO: Epoch 14, Train Loss: 0.7496227468919316, Test Loss: 0.732649028301239, Inverse Test Loss: 3.793285369873047 
2025-01-09 20:57:42,073 INFO: Epoch 15, Train Loss: 0.7484911127921638, Test Loss: 0.7310278373105186, Inverse Test Loss: 3.7463585989815846 
2025-01-09 20:57:42,492 INFO: Epoch 16, Train Loss: 0.7465332298103823, Test Loss: 0.7309043748038155, Inverse Test Loss: 3.7059642246791293 
2025-01-09 20:57:42,911 INFO: Epoch 17, Train Loss: 0.7450848150690761, Test Loss: 0.7286959098918098, Inverse Test Loss: 3.7379954201834544 
2025-01-09 20:57:43,375 INFO: Epoch 18, Train Loss: 0.7428439051733104, Test Loss: 0.7294070678097861, Inverse Test Loss: 3.6922814505440846 
2025-01-09 20:57:43,822 INFO: Epoch 19, Train Loss: 0.7405198063325444, Test Loss: 0.7333494765417916, Inverse Test Loss: 3.678136553083147 
2025-01-09 20:57:44,258 INFO: Epoch 20, Train Loss: 0.7398965413417291, Test Loss: 0.7288829662970134, Inverse Test Loss: 3.8050316401890347 
2025-01-09 20:57:44,727 INFO: Epoch 21, Train Loss: 0.7385617445368285, Test Loss: 0.7278128500495639, Inverse Test Loss: 3.7090116228376115 
2025-01-09 20:57:45,156 INFO: Epoch 22, Train Loss: 0.7359896635790484, Test Loss: 0.7294148909194129, Inverse Test Loss: 3.8000659942626953 
2025-01-09 20:57:45,588 INFO: Epoch 23, Train Loss: 0.7343522173549057, Test Loss: 0.726898689355169, Inverse Test Loss: 3.542666571480887 
2025-01-09 20:57:46,013 INFO: Epoch 24, Train Loss: 0.734343663268133, Test Loss: 0.7264410150902612, Inverse Test Loss: 3.614743096487863 
2025-01-09 20:57:46,472 INFO: Epoch 25, Train Loss: 0.7315040772114325, Test Loss: 0.7258469611406326, Inverse Test Loss: 3.6002199990408763 
2025-01-09 20:57:46,904 INFO: Epoch 26, Train Loss: 0.7307200902098909, Test Loss: 0.7242841443845204, Inverse Test Loss: 3.553602763584682 
2025-01-09 20:57:47,324 INFO: Epoch 27, Train Loss: 0.7284489104507166, Test Loss: 0.7256531949554171, Inverse Test Loss: 3.637153080531529 
2025-01-09 20:57:47,755 INFO: Epoch 28, Train Loss: 0.7275008181913183, Test Loss: 0.7263175994157791, Inverse Test Loss: 3.6877743857247487 
2025-01-09 20:57:48,177 INFO: Epoch 29, Train Loss: 0.7258177355888786, Test Loss: 0.7237672103302819, Inverse Test Loss: 3.5747157505580356 
2025-01-09 20:57:48,653 INFO: Epoch 30, Train Loss: 0.72455772511456, Test Loss: 0.7257300615310669, Inverse Test Loss: 3.6068929944719588 
2025-01-09 20:57:49,136 INFO: Epoch 31, Train Loss: 0.7236076888688113, Test Loss: 0.7292923565421786, Inverse Test Loss: 3.5963551657540456 
2025-01-09 20:57:49,624 INFO: Epoch 32, Train Loss: 0.7237636124322174, Test Loss: 0.7241571822336742, Inverse Test Loss: 3.498589651925223 
2025-01-09 20:57:50,230 INFO: Epoch 33, Train Loss: 0.7220331649167822, Test Loss: 0.7255416065454483, Inverse Test Loss: 3.6419585091727122 
2025-01-09 20:57:50,736 INFO: Epoch 34, Train Loss: 0.7194584602609687, Test Loss: 0.7253892868757248, Inverse Test Loss: 3.5411714826311385 
2025-01-09 20:57:51,264 INFO: Epoch 35, Train Loss: 0.7196815828664587, Test Loss: 0.7254378071853093, Inverse Test Loss: 3.6493004390171597 
2025-01-09 20:57:51,787 INFO: Epoch 36, Train Loss: 0.7175758177534156, Test Loss: 0.7257837653160095, Inverse Test Loss: 3.4795235225132535 
2025-01-09 20:57:52,309 INFO: Epoch 37, Train Loss: 0.7173959705807748, Test Loss: 0.7276926061936787, Inverse Test Loss: 3.4783968244280135 
2025-01-09 20:57:52,879 INFO: Epoch 38, Train Loss: 0.7152486126357263, Test Loss: 0.7269172263996941, Inverse Test Loss: 3.617154802594866 
2025-01-09 20:57:53,423 INFO: Epoch 39, Train Loss: 0.7155835694129314, Test Loss: 0.7273768335580826, Inverse Test Loss: 3.569566181727818 
2025-01-09 20:57:53,988 INFO: Epoch 40, Train Loss: 0.7148647855181213, Test Loss: 0.7277987578085491, Inverse Test Loss: 3.6933694566999162 
2025-01-09 20:57:54,572 INFO: Epoch 41, Train Loss: 0.7138190389773168, Test Loss: 0.7265433626515525, Inverse Test Loss: 3.5259056091308594 
2025-01-09 20:57:55,108 INFO: Epoch 42, Train Loss: 0.7124773083476845, Test Loss: 0.7269586707864489, Inverse Test Loss: 3.4073167528424944 
2025-01-09 20:57:55,633 INFO: Epoch 43, Train Loss: 0.7133539297165127, Test Loss: 0.7273586413690022, Inverse Test Loss: 3.4593372344970703 
2025-01-09 20:57:56,088 INFO: Epoch 44, Train Loss: 0.711398613015446, Test Loss: 0.7272050189120429, Inverse Test Loss: 3.4939637865339006 
2025-01-09 20:57:56,535 INFO: Epoch 45, Train Loss: 0.7114714734051206, Test Loss: 0.7287850656679699, Inverse Test Loss: 3.546833038330078 
2025-01-09 20:57:56,997 INFO: Epoch 46, Train Loss: 0.7092338816835246, Test Loss: 0.731494318161692, Inverse Test Loss: 3.576002393450056 
2025-01-09 20:57:57,482 INFO: Epoch 47, Train Loss: 0.709498828704204, Test Loss: 0.7290772774389812, Inverse Test Loss: 3.48293331691197 
2025-01-09 20:57:57,915 INFO: Epoch 48, Train Loss: 0.7088926707932709, Test Loss: 0.7294220754078456, Inverse Test Loss: 3.5445463997977122 
2025-01-09 20:57:58,390 INFO: Epoch 49, Train Loss: 0.7087504087238137, Test Loss: 0.7279381304979324, Inverse Test Loss: 3.535757609776088 
2025-01-09 20:57:58,845 INFO: Epoch 50, Train Loss: 0.7080557302597466, Test Loss: 0.7298094438655036, Inverse Test Loss: 3.4989196232386996 
2025-01-09 20:57:59,274 INFO: Epoch 51, Train Loss: 0.7067230819562159, Test Loss: 0.7354499016489301, Inverse Test Loss: 3.510432924543108 
2025-01-09 20:57:59,708 INFO: Epoch 52, Train Loss: 0.7062793281100211, Test Loss: 0.7307777553796768, Inverse Test Loss: 3.492793219430106 
2025-01-09 20:58:00,135 INFO: Epoch 53, Train Loss: 0.7054479843979582, Test Loss: 0.7293666728905269, Inverse Test Loss: 3.4995449611118863 
2025-01-09 20:58:00,566 INFO: Epoch 54, Train Loss: 0.7050064424855993, Test Loss: 0.7311012446880341, Inverse Test Loss: 3.6696908133370534 
2025-01-09 20:58:01,010 INFO: Epoch 55, Train Loss: 0.7041955792575801, Test Loss: 0.7321524939366749, Inverse Test Loss: 3.575662612915039 
2025-01-09 20:58:01,492 INFO: Epoch 56, Train Loss: 0.7029695953797857, Test Loss: 0.7301939278841019, Inverse Test Loss: 3.5303475516183034 
2025-01-09 20:58:01,917 INFO: Epoch 57, Train Loss: 0.7028965971885471, Test Loss: 0.7310145156724113, Inverse Test Loss: 3.5709411076136996 
2025-01-09 20:58:02,339 INFO: Epoch 58, Train Loss: 0.7025615873686765, Test Loss: 0.7340155754770551, Inverse Test Loss: 3.5776072910853793 
2025-01-09 20:58:02,764 INFO: Epoch 59, Train Loss: 0.7016318074060143, Test Loss: 0.7364671911512103, Inverse Test Loss: 3.6315994262695312 
2025-01-09 20:58:03,186 INFO: Epoch 60, Train Loss: 0.701517673260575, Test Loss: 0.7311979340655463, Inverse Test Loss: 3.5365548815046037 
2025-01-09 20:58:03,623 INFO: Epoch 61, Train Loss: 0.7007713104606769, Test Loss: 0.7335980726139886, Inverse Test Loss: 3.611551284790039 
2025-01-09 20:58:04,054 INFO: Epoch 62, Train Loss: 0.7001211041704231, Test Loss: 0.7324128640549523, Inverse Test Loss: 3.6137730734688893 
2025-01-09 20:58:04,489 INFO: Epoch 63, Train Loss: 0.6994913663339177, Test Loss: 0.7322451365845544, Inverse Test Loss: 3.5277323041643416 
2025-01-09 20:58:04,950 INFO: Epoch 64, Train Loss: 0.6997455172582504, Test Loss: 0.7328195529324668, Inverse Test Loss: 3.6425743103027344 
2025-01-09 20:58:05,381 INFO: Epoch 65, Train Loss: 0.6986765577158797, Test Loss: 0.7338206959622247, Inverse Test Loss: 3.540325437273298 
2025-01-09 20:58:05,823 INFO: Epoch 66, Train Loss: 0.6977129950435883, Test Loss: 0.7341604956558773, Inverse Test Loss: 3.621544429234096 
2025-01-09 20:58:06,246 INFO: Epoch 67, Train Loss: 0.697583085900053, Test Loss: 0.7329985222646168, Inverse Test Loss: 3.6287841796875 
2025-01-09 20:58:06,703 INFO: Epoch 68, Train Loss: 0.6976955762696923, Test Loss: 0.7337266462189811, Inverse Test Loss: 3.541672025408064 
2025-01-09 20:58:07,174 INFO: Epoch 69, Train Loss: 0.6959380578557286, Test Loss: 0.7361439977373395, Inverse Test Loss: 3.6097352164132253 
2025-01-09 20:58:07,613 INFO: Epoch 70, Train Loss: 0.6966442536870274, Test Loss: 0.7355954561914716, Inverse Test Loss: 3.622546604701451 
2025-01-09 20:58:08,041 INFO: Epoch 71, Train Loss: 0.696597576688189, Test Loss: 0.7382823484284537, Inverse Test Loss: 3.635287421090262 
2025-01-09 20:58:08,472 INFO: Epoch 72, Train Loss: 0.6942748093823774, Test Loss: 0.7356727570295334, Inverse Test Loss: 3.609062739780971 
2025-01-09 20:58:08,902 INFO: Epoch 73, Train Loss: 0.6950209053284532, Test Loss: 0.7379838611398425, Inverse Test Loss: 3.537815911429269 
2025-01-09 20:58:09,400 INFO: Epoch 74, Train Loss: 0.6937369381615875, Test Loss: 0.7350326435906547, Inverse Test Loss: 3.4988177163260326 
2025-01-09 20:58:09,840 INFO: Epoch 75, Train Loss: 0.6946120387917265, Test Loss: 0.7363546597106116, Inverse Test Loss: 3.6026979173932756 
2025-01-09 20:58:10,282 INFO: Epoch 76, Train Loss: 0.6939304378054557, Test Loss: 0.7363738247326442, Inverse Test Loss: 3.500095912388393 
2025-01-09 20:58:10,716 INFO: Epoch 77, Train Loss: 0.6925301070607036, Test Loss: 0.7392020438398633, Inverse Test Loss: 3.5196307046072826 
2025-01-09 20:58:11,178 INFO: Epoch 78, Train Loss: 0.6922420542174523, Test Loss: 0.737423239009721, Inverse Test Loss: 3.683002199445452 
2025-01-09 20:58:11,680 INFO: Epoch 79, Train Loss: 0.6919287547059015, Test Loss: 0.7396497683865684, Inverse Test Loss: 3.5781138283865794 
2025-01-09 20:58:12,201 INFO: Epoch 80, Train Loss: 0.6920910805737207, Test Loss: 0.7377666383981705, Inverse Test Loss: 3.6328443799700056 
2025-01-09 20:58:12,705 INFO: Epoch 81, Train Loss: 0.6913711445047221, Test Loss: 0.742070870740073, Inverse Test Loss: 3.7382123129708424 
2025-01-09 20:58:13,216 INFO: Epoch 82, Train Loss: 0.6915683117481547, Test Loss: 0.7367102439914431, Inverse Test Loss: 3.5256522042410716 
2025-01-09 20:58:13,717 INFO: Epoch 83, Train Loss: 0.6896568689871272, Test Loss: 0.735901374902044, Inverse Test Loss: 3.4952335357666016 
2025-01-09 20:58:14,161 INFO: Epoch 84, Train Loss: 0.6899301174583785, Test Loss: 0.7375132782118661, Inverse Test Loss: 3.4393721989222934 
2025-01-09 20:58:14,639 INFO: Epoch 85, Train Loss: 0.6906504647447429, Test Loss: 0.7379089295864105, Inverse Test Loss: 3.4591170719691684 
2025-01-09 20:58:15,082 INFO: Epoch 86, Train Loss: 0.6883320217832513, Test Loss: 0.7401826275246484, Inverse Test Loss: 3.7174325670514787 
2025-01-09 20:58:15,552 INFO: Epoch 87, Train Loss: 0.6882971005702238, Test Loss: 0.7372854351997375, Inverse Test Loss: 3.490137917654855 
2025-01-09 20:58:16,009 INFO: Epoch 88, Train Loss: 0.6885838300809948, Test Loss: 0.7377991186720985, Inverse Test Loss: 3.5744075775146484 
2025-01-09 20:58:16,460 INFO: Epoch 89, Train Loss: 0.6883862669314813, Test Loss: 0.7404459651027407, Inverse Test Loss: 3.4413215092250278 
2025-01-09 20:58:16,931 INFO: Epoch 90, Train Loss: 0.6878720806279314, Test Loss: 0.7386735869305474, Inverse Test Loss: 3.5808617728097096 
2025-01-09 20:58:17,365 INFO: Epoch 91, Train Loss: 0.6888535875792897, Test Loss: 0.7419149428606033, Inverse Test Loss: 3.6133520943777904 
2025-01-09 20:58:17,810 INFO: Epoch 92, Train Loss: 0.6870316491214508, Test Loss: 0.7404116860457829, Inverse Test Loss: 3.555232184273856 
2025-01-09 20:58:18,293 INFO: Epoch 93, Train Loss: 0.6869932620897206, Test Loss: 0.7389645342315946, Inverse Test Loss: 3.4567478724888394 
2025-01-09 20:58:18,728 INFO: Epoch 94, Train Loss: 0.685741137473955, Test Loss: 0.7405547818967274, Inverse Test Loss: 3.601363863263811 
2025-01-09 20:58:19,180 INFO: Epoch 95, Train Loss: 0.6856054029333483, Test Loss: 0.7402446355138507, Inverse Test Loss: 3.6279394967215404 
2025-01-09 20:58:19,612 INFO: Epoch 96, Train Loss: 0.6871669576802385, Test Loss: 0.7409524406705584, Inverse Test Loss: 3.4230872562953403 
2025-01-09 20:58:20,050 INFO: Epoch 97, Train Loss: 0.6852606742753895, Test Loss: 0.7407636387007577, Inverse Test Loss: 3.496343340192522 
2025-01-09 20:58:20,484 INFO: Epoch 98, Train Loss: 0.6855425785440917, Test Loss: 0.7409354192870004, Inverse Test Loss: 3.5864710126604353 
2025-01-09 20:58:20,912 INFO: Epoch 99, Train Loss: 0.6856964268815626, Test Loss: 0.7401716113090515, Inverse Test Loss: 3.411777768816267 
2025-01-09 20:58:21,339 INFO: Epoch 100, Train Loss: 0.6852612648535212, Test Loss: 0.7432230498109546, Inverse Test Loss: 3.5929126739501953 
2025-01-09 20:58:21,339 INFO: Best Epoch 29, Best Test Loss: 0.7237672103302819 
2025-01-09 20:58:21,784 INFO: Epoch 101, Train Loss: 0.6838323082945762, Test Loss: 0.7406504963125501, Inverse Test Loss: 3.514796665736607 
2025-01-09 20:58:22,227 INFO: Epoch 102, Train Loss: 0.6839965642045397, Test Loss: 0.740089795419148, Inverse Test Loss: 3.5529212951660156 
2025-01-09 20:58:22,656 INFO: Epoch 103, Train Loss: 0.683831830090339, Test Loss: 0.7421477798904691, Inverse Test Loss: 3.593569074358259 
2025-01-09 20:58:23,091 INFO: Epoch 104, Train Loss: 0.6839713765940535, Test Loss: 0.7425229953868049, Inverse Test Loss: 3.505079814365932 
2025-01-09 20:58:23,522 INFO: Epoch 105, Train Loss: 0.682316103112807, Test Loss: 0.743807743702616, Inverse Test Loss: 3.5875260489327565 
2025-01-09 20:58:23,947 INFO: Epoch 106, Train Loss: 0.6825726425975834, Test Loss: 0.7424549417836326, Inverse Test Loss: 3.608896255493164 
2025-01-09 20:58:24,387 INFO: Epoch 107, Train Loss: 0.6820051139647808, Test Loss: 0.7468349252428327, Inverse Test Loss: 3.4582271575927734 
2025-01-09 20:58:24,809 INFO: Epoch 108, Train Loss: 0.6808001060004628, Test Loss: 0.7432051577738353, Inverse Test Loss: 3.485647746494838 
2025-01-09 20:58:25,234 INFO: Epoch 109, Train Loss: 0.6804369294315303, Test Loss: 0.7430455067328045, Inverse Test Loss: 3.3825896126883372 
2025-01-09 20:58:25,666 INFO: Epoch 110, Train Loss: 0.6805797634868447, Test Loss: 0.7446149438619614, Inverse Test Loss: 3.4768499646868025 
2025-01-09 20:58:26,088 INFO: Epoch 111, Train Loss: 0.68031379498473, Test Loss: 0.7454975098371506, Inverse Test Loss: 3.526775360107422 
2025-01-09 20:58:26,523 INFO: Epoch 112, Train Loss: 0.6809283719150299, Test Loss: 0.7460723774773734, Inverse Test Loss: 3.5709866115025113 
2025-01-09 20:58:26,953 INFO: Epoch 113, Train Loss: 0.6791968364781196, Test Loss: 0.7440926092011588, Inverse Test Loss: 3.535585675920759 
2025-01-09 20:58:27,383 INFO: Epoch 114, Train Loss: 0.6796328255889612, Test Loss: 0.7439622091395515, Inverse Test Loss: 3.5686258588518416 
2025-01-09 20:58:27,814 INFO: Epoch 115, Train Loss: 0.6788580089534094, Test Loss: 0.7430875045912606, Inverse Test Loss: 3.41654178074428 
2025-01-09 20:58:28,244 INFO: Epoch 116, Train Loss: 0.6795789123675146, Test Loss: 0.7443059576409203, Inverse Test Loss: 3.4883240291050504 
2025-01-09 20:58:28,668 INFO: Epoch 117, Train Loss: 0.6772692919871129, Test Loss: 0.7450767287186214, Inverse Test Loss: 3.5540984017508372 
2025-01-09 20:58:29,088 INFO: Epoch 118, Train Loss: 0.6785890096371326, Test Loss: 0.7434953770467213, Inverse Test Loss: 3.5223920004708424 
2025-01-09 20:58:29,528 INFO: Epoch 119, Train Loss: 0.678417893724704, Test Loss: 0.7445425029311862, Inverse Test Loss: 3.5314159393310547 
2025-01-09 20:58:29,954 INFO: Epoch 120, Train Loss: 0.6774915883300501, Test Loss: 0.7443659518446241, Inverse Test Loss: 3.5225636618477956 
2025-01-09 20:58:30,383 INFO: Epoch 121, Train Loss: 0.6761003585036741, Test Loss: 0.7458806548799787, Inverse Test Loss: 3.5291039603097096 
2025-01-09 20:58:30,797 INFO: Epoch 122, Train Loss: 0.6762695115640622, Test Loss: 0.7454631903341838, Inverse Test Loss: 3.44681521824428 
2025-01-09 20:58:31,221 INFO: Epoch 123, Train Loss: 0.677565301777026, Test Loss: 0.7480884045362473, Inverse Test Loss: 3.588961737496512 
2025-01-09 20:58:31,664 INFO: Epoch 124, Train Loss: 0.6773261329449645, Test Loss: 0.7447735667228699, Inverse Test Loss: 3.393916266305106 
2025-01-09 20:58:32,106 INFO: Epoch 125, Train Loss: 0.6763068503196087, Test Loss: 0.7483267805406025, Inverse Test Loss: 3.430882317679269 
2025-01-09 20:58:32,543 INFO: Epoch 126, Train Loss: 0.6754868757834128, Test Loss: 0.7455629110336304, Inverse Test Loss: 3.5068116869245256 
2025-01-09 20:58:32,984 INFO: Epoch 127, Train Loss: 0.6758000949107179, Test Loss: 0.7461761512926647, Inverse Test Loss: 3.4918651580810547 
2025-01-09 20:58:33,474 INFO: Epoch 128, Train Loss: 0.675622178327053, Test Loss: 0.747628452522414, Inverse Test Loss: 3.513009480067662 
2025-01-09 20:58:33,967 INFO: Epoch 129, Train Loss: 0.6749188293010817, Test Loss: 0.7457146091120583, Inverse Test Loss: 3.3922217232840404 
2025-01-09 20:58:34,476 INFO: Epoch 130, Train Loss: 0.6744111300608434, Test Loss: 0.7485519349575043, Inverse Test Loss: 3.5825742994035994 
2025-01-09 20:58:34,988 INFO: Epoch 131, Train Loss: 0.6747197733012908, Test Loss: 0.746097023997988, Inverse Test Loss: 3.4563535962785994 
2025-01-09 20:58:35,495 INFO: Epoch 132, Train Loss: 0.6750387866562659, Test Loss: 0.7478438722235816, Inverse Test Loss: 3.5374137333461215 
2025-01-09 20:58:35,993 INFO: Epoch 133, Train Loss: 0.6741650744315681, Test Loss: 0.7493791537625449, Inverse Test Loss: 3.505070005144392 
2025-01-09 20:58:36,436 INFO: Epoch 134, Train Loss: 0.6736549849903911, Test Loss: 0.7470269969531468, Inverse Test Loss: 3.5725628989083424 
2025-01-09 20:58:36,926 INFO: Epoch 135, Train Loss: 0.6736985762184913, Test Loss: 0.7458606724228177, Inverse Test Loss: 3.3970789228166853 
2025-01-09 20:58:37,390 INFO: Epoch 136, Train Loss: 0.6722737463242417, Test Loss: 0.7492724444184985, Inverse Test Loss: 3.583855765206473 
2025-01-09 20:58:37,824 INFO: Epoch 137, Train Loss: 0.673651558543564, Test Loss: 0.7469830065965652, Inverse Test Loss: 3.5027149745396207 
2025-01-09 20:58:38,262 INFO: Epoch 138, Train Loss: 0.6731419202384599, Test Loss: 0.7488823384046555, Inverse Test Loss: 3.5990268162318637 
2025-01-09 20:58:38,719 INFO: Epoch 139, Train Loss: 0.6727522584276462, Test Loss: 0.7508976097617831, Inverse Test Loss: 3.592766080583845 
2025-01-09 20:58:39,170 INFO: Epoch 140, Train Loss: 0.6719392981004277, Test Loss: 0.7482768020459584, Inverse Test Loss: 3.5797811235700334 
2025-01-09 20:58:39,628 INFO: Epoch 141, Train Loss: 0.6719638896644662, Test Loss: 0.7498958664281028, Inverse Test Loss: 3.6764109475272044 
2025-01-09 20:58:40,085 INFO: Epoch 142, Train Loss: 0.6720665305032643, Test Loss: 0.7504991441965103, Inverse Test Loss: 3.5309273856026784 
2025-01-09 20:58:40,540 INFO: Epoch 143, Train Loss: 0.6725399275438502, Test Loss: 0.7477696516684124, Inverse Test Loss: 3.4924795968191966 
2025-01-09 20:58:40,981 INFO: Epoch 144, Train Loss: 0.6710329799477114, Test Loss: 0.7497821854693549, Inverse Test Loss: 3.7292733873639787 
2025-01-09 20:58:41,427 INFO: Epoch 145, Train Loss: 0.6704794015359441, Test Loss: 0.7496463443551745, Inverse Test Loss: 3.550273895263672 
2025-01-09 20:58:41,866 INFO: Epoch 146, Train Loss: 0.6701849349048159, Test Loss: 0.7497956433466503, Inverse Test Loss: 3.5829478672572543 
2025-01-09 20:58:42,319 INFO: Epoch 147, Train Loss: 0.6703291338518125, Test Loss: 0.7524875594036919, Inverse Test Loss: 3.674518585205078 
2025-01-09 20:58:42,770 INFO: Epoch 148, Train Loss: 0.6712812360273589, Test Loss: 0.7507788666657039, Inverse Test Loss: 3.5814383370535716 
2025-01-09 20:58:43,214 INFO: Epoch 149, Train Loss: 0.6704442156564205, Test Loss: 0.7533457236630576, Inverse Test Loss: 3.6162736075265065 
2025-01-09 20:58:43,664 INFO: Epoch 150, Train Loss: 0.6703536723731854, Test Loss: 0.7501152200358254, Inverse Test Loss: 3.584151404244559 
2025-01-09 20:58:44,122 INFO: Epoch 151, Train Loss: 0.6700620629371853, Test Loss: 0.7486669485058103, Inverse Test Loss: 3.5354306357247487 
2025-01-09 20:58:44,573 INFO: Epoch 152, Train Loss: 0.6696473879551669, Test Loss: 0.7502253864492688, Inverse Test Loss: 3.5995984758649553 
2025-01-09 20:58:45,018 INFO: Epoch 153, Train Loss: 0.66856341733845, Test Loss: 0.750236417566027, Inverse Test Loss: 3.4811692919049944 
2025-01-09 20:58:45,458 INFO: Epoch 154, Train Loss: 0.6695394018374452, Test Loss: 0.7533404273646218, Inverse Test Loss: 3.6390647888183594 
2025-01-09 20:58:45,930 INFO: Epoch 155, Train Loss: 0.6680931437999831, Test Loss: 0.7590358427592686, Inverse Test Loss: 3.657909393310547 
2025-01-09 20:58:46,365 INFO: Epoch 156, Train Loss: 0.6687400433995309, Test Loss: 0.7506626205784934, Inverse Test Loss: 3.544604710170201 
2025-01-09 20:58:46,803 INFO: Epoch 157, Train Loss: 0.6674899710427731, Test Loss: 0.7544263601303101, Inverse Test Loss: 3.6430631365094865 
2025-01-09 20:58:47,230 INFO: Epoch 158, Train Loss: 0.6684668835149993, Test Loss: 0.7521216890641621, Inverse Test Loss: 3.4932583400181363 
2025-01-09 20:58:47,658 INFO: Epoch 159, Train Loss: 0.6677213732255708, Test Loss: 0.7533906102180481, Inverse Test Loss: 3.6665712084089006 
2025-01-09 20:58:48,090 INFO: Epoch 160, Train Loss: 0.6673245129235293, Test Loss: 0.7533105164766312, Inverse Test Loss: 3.5977001190185547 
2025-01-09 20:58:48,517 INFO: Epoch 161, Train Loss: 0.6680878890216897, Test Loss: 0.7541995495557785, Inverse Test Loss: 3.716062000819615 
2025-01-09 20:58:48,955 INFO: Epoch 162, Train Loss: 0.6665592379526261, Test Loss: 0.7533181352274758, Inverse Test Loss: 3.5905944279261996 
2025-01-09 20:58:49,385 INFO: Epoch 163, Train Loss: 0.666113967742395, Test Loss: 0.7519638921533313, Inverse Test Loss: 3.579686028616769 
2025-01-09 20:58:49,867 INFO: Epoch 164, Train Loss: 0.6673238725837217, Test Loss: 0.7549547255039215, Inverse Test Loss: 3.748944418770926 
2025-01-09 20:58:50,330 INFO: Epoch 165, Train Loss: 0.6672676555607298, Test Loss: 0.7517393210104534, Inverse Test Loss: 3.60990115574428 
2025-01-09 20:58:50,776 INFO: Epoch 166, Train Loss: 0.6660036187653148, Test Loss: 0.7519506173474448, Inverse Test Loss: 3.640367235456194 
2025-01-09 20:58:51,217 INFO: Epoch 167, Train Loss: 0.6662382756898163, Test Loss: 0.7545182555913925, Inverse Test Loss: 3.6196201869419644 
2025-01-09 20:58:51,645 INFO: Epoch 168, Train Loss: 0.6640280654670996, Test Loss: 0.7539545382772174, Inverse Test Loss: 3.471564701625279 
2025-01-09 20:58:52,091 INFO: Epoch 169, Train Loss: 0.6667185409353413, Test Loss: 0.7546732574701309, Inverse Test Loss: 3.6573407309395924 
2025-01-09 20:58:52,525 INFO: Epoch 170, Train Loss: 0.6650652371415304, Test Loss: 0.7517147000346865, Inverse Test Loss: 3.5105252947126115 
2025-01-09 20:58:52,943 INFO: Epoch 171, Train Loss: 0.665160939780944, Test Loss: 0.7539797340120588, Inverse Test Loss: 3.6145458221435547 
2025-01-09 20:58:53,377 INFO: Epoch 172, Train Loss: 0.6650065741407762, Test Loss: 0.7587468709264483, Inverse Test Loss: 3.725325175694057 
2025-01-09 20:58:53,803 INFO: Epoch 173, Train Loss: 0.6650166577155437, Test Loss: 0.7560254463127681, Inverse Test Loss: 3.7708941868373325 
2025-01-09 20:58:54,226 INFO: Epoch 174, Train Loss: 0.6655142279939914, Test Loss: 0.7552609613963536, Inverse Test Loss: 3.674957820347377 
2025-01-09 20:58:54,665 INFO: Epoch 175, Train Loss: 0.6647625822539723, Test Loss: 0.7567599990538189, Inverse Test Loss: 3.68250002179827 
2025-01-09 20:58:55,143 INFO: Epoch 176, Train Loss: 0.6656053367011044, Test Loss: 0.7533155764852252, Inverse Test Loss: 3.5861780984061107 
2025-01-09 20:58:55,586 INFO: Epoch 177, Train Loss: 0.6640973118467068, Test Loss: 0.7558875871556145, Inverse Test Loss: 3.6352904183523997 
2025-01-09 20:58:56,014 INFO: Epoch 178, Train Loss: 0.6649019411944468, Test Loss: 0.7542183888810021, Inverse Test Loss: 3.5155410766601562 
2025-01-09 20:58:56,439 INFO: Epoch 179, Train Loss: 0.6644743587992606, Test Loss: 0.755162313580513, Inverse Test Loss: 3.576761245727539 
2025-01-09 20:58:56,862 INFO: Epoch 180, Train Loss: 0.6643252328995171, Test Loss: 0.7561814891440528, Inverse Test Loss: 3.6135123116629466 
2025-01-09 20:58:57,299 INFO: Epoch 181, Train Loss: 0.6640033978934682, Test Loss: 0.7556612853493009, Inverse Test Loss: 3.6488854544503346 
2025-01-09 20:58:57,726 INFO: Epoch 182, Train Loss: 0.6631603973721145, Test Loss: 0.7565816257681165, Inverse Test Loss: 3.5728522709437778 
2025-01-09 20:58:58,152 INFO: Epoch 183, Train Loss: 0.6630006191927359, Test Loss: 0.7554393495832171, Inverse Test Loss: 3.452132088797433 
2025-01-09 20:58:58,582 INFO: Epoch 184, Train Loss: 0.6635149329080494, Test Loss: 0.7579203375748226, Inverse Test Loss: 3.712491989135742 
2025-01-09 20:58:59,014 INFO: Epoch 185, Train Loss: 0.6623332965264627, Test Loss: 0.7551677993365696, Inverse Test Loss: 3.4586802891322543 
2025-01-09 20:58:59,501 INFO: Epoch 186, Train Loss: 0.6620977154565514, Test Loss: 0.7570096445935113, Inverse Test Loss: 3.5877047947474887 
2025-01-09 20:58:59,949 INFO: Epoch 187, Train Loss: 0.6630434311858011, Test Loss: 0.7558589215789523, Inverse Test Loss: 3.546382086617606 
2025-01-09 20:59:00,397 INFO: Epoch 188, Train Loss: 0.6612077664344682, Test Loss: 0.7552177969898496, Inverse Test Loss: 3.59491457257952 
2025-01-09 20:59:00,855 INFO: Epoch 189, Train Loss: 0.6625547507487306, Test Loss: 0.756355277129582, Inverse Test Loss: 3.7321829114641463 
2025-01-09 20:59:01,327 INFO: Epoch 190, Train Loss: 0.6623045058425413, Test Loss: 0.7558510218347821, Inverse Test Loss: 3.45928955078125 
2025-01-09 20:59:01,775 INFO: Epoch 191, Train Loss: 0.6616470398159202, Test Loss: 0.7568917189325605, Inverse Test Loss: 3.617598124912807 
2025-01-09 20:59:02,212 INFO: Epoch 192, Train Loss: 0.6615961511200721, Test Loss: 0.7572688907384872, Inverse Test Loss: 3.6021009172712053 
2025-01-09 20:59:02,653 INFO: Epoch 193, Train Loss: 0.6622639364058819, Test Loss: 0.7579068967274257, Inverse Test Loss: 3.595190865652902 
2025-01-09 20:59:03,073 INFO: Epoch 194, Train Loss: 0.6612672390194114, Test Loss: 0.756935613495963, Inverse Test Loss: 3.4953297206333707 
2025-01-09 20:59:03,496 INFO: Epoch 195, Train Loss: 0.6616206978439191, Test Loss: 0.7573200251374926, Inverse Test Loss: 3.577747344970703 
2025-01-09 20:59:03,913 INFO: Epoch 196, Train Loss: 0.6601876490706697, Test Loss: 0.7574035908494677, Inverse Test Loss: 3.6025257110595703 
2025-01-09 20:59:04,344 INFO: Epoch 197, Train Loss: 0.660801308417539, Test Loss: 0.7558778460536685, Inverse Test Loss: 3.494471958705357 
2025-01-09 20:59:04,779 INFO: Epoch 198, Train Loss: 0.6618421744862828, Test Loss: 0.7599926782505853, Inverse Test Loss: 3.537431171962193 
2025-01-09 20:59:05,208 INFO: Epoch 199, Train Loss: 0.6612746972556508, Test Loss: 0.7562216243573597, Inverse Test Loss: 3.461459296090262 
2025-01-09 20:59:05,688 INFO: Epoch 200, Train Loss: 0.6599933319135544, Test Loss: 0.7620589541537421, Inverse Test Loss: 3.712404251098633 
2025-01-09 20:59:05,688 INFO: Best Epoch 29, Best Test Loss: 0.7237672103302819 
2025-01-09 20:59:06,130 INFO: Epoch 201, Train Loss: 0.6616136759792993, Test Loss: 0.7585242348057883, Inverse Test Loss: 3.49828611101423 
2025-01-09 20:59:06,566 INFO: Epoch 202, Train Loss: 0.6619571715319922, Test Loss: 0.7563567544732775, Inverse Test Loss: 3.353424072265625 
2025-01-09 20:59:07,008 INFO: Epoch 203, Train Loss: 0.6604268977401453, Test Loss: 0.7563496274607522, Inverse Test Loss: 3.4570410592215404 
2025-01-09 20:59:07,441 INFO: Epoch 204, Train Loss: 0.6603579001689176, Test Loss: 0.759561830333301, Inverse Test Loss: 3.712226322719029 
2025-01-09 20:59:07,886 INFO: Epoch 205, Train Loss: 0.6603106659486753, Test Loss: 0.758613081915038, Inverse Test Loss: 3.550940922328404 
2025-01-09 20:59:08,366 INFO: Epoch 206, Train Loss: 0.6597291575659305, Test Loss: 0.7590480638401849, Inverse Test Loss: 3.5672547476632253 
2025-01-09 20:59:08,807 INFO: Epoch 207, Train Loss: 0.6597314077779788, Test Loss: 0.761853311743055, Inverse Test Loss: 3.557051794869559 
2025-01-09 20:59:09,234 INFO: Epoch 208, Train Loss: 0.6603208173305617, Test Loss: 0.761006487267358, Inverse Test Loss: 3.5748934064592635 
2025-01-09 20:59:09,663 INFO: Epoch 209, Train Loss: 0.658971101865856, Test Loss: 0.7581233233213425, Inverse Test Loss: 3.4107573372977122 
2025-01-09 20:59:10,127 INFO: Epoch 210, Train Loss: 0.6604688353494766, Test Loss: 0.7567972796303886, Inverse Test Loss: 3.3902991158621654 
2025-01-09 20:59:10,581 INFO: Epoch 211, Train Loss: 0.6604725045895358, Test Loss: 0.7572325276476997, Inverse Test Loss: 3.435744421822684 
2025-01-09 20:59:11,029 INFO: Epoch 212, Train Loss: 0.6596480733757719, Test Loss: 0.756643071770668, Inverse Test Loss: 3.5379115513392856 
2025-01-09 20:59:11,516 INFO: Epoch 213, Train Loss: 0.6591027346226054, Test Loss: 0.7585102596453258, Inverse Test Loss: 3.4983629499162947 
2025-01-09 20:59:11,965 INFO: Epoch 214, Train Loss: 0.6582677104604353, Test Loss: 0.7566129990986415, Inverse Test Loss: 3.4356117248535156 
2025-01-09 20:59:12,406 INFO: Epoch 215, Train Loss: 0.6594251935635138, Test Loss: 0.7594217615468162, Inverse Test Loss: 3.554142543247768 
2025-01-09 20:59:12,877 INFO: Epoch 216, Train Loss: 0.6587682705406749, Test Loss: 0.7614281283957618, Inverse Test Loss: 3.534508841378348 
2025-01-09 20:59:13,327 INFO: Epoch 217, Train Loss: 0.6586747699921284, Test Loss: 0.7598049576793399, Inverse Test Loss: 3.441291264125279 
2025-01-09 20:59:13,775 INFO: Epoch 218, Train Loss: 0.6590586698383366, Test Loss: 0.7587050923279354, Inverse Test Loss: 3.528212138584682 
2025-01-09 20:59:14,230 INFO: Epoch 219, Train Loss: 0.6591826064870991, Test Loss: 0.759685109768595, Inverse Test Loss: 3.431957789829799 
2025-01-09 20:59:14,720 INFO: Epoch 220, Train Loss: 0.6584252827211258, Test Loss: 0.7601563845361982, Inverse Test Loss: 3.5326529911586215 
2025-01-09 20:59:15,158 INFO: Epoch 221, Train Loss: 0.6581221009613177, Test Loss: 0.7615592522280556, Inverse Test Loss: 3.439568110874721 
2025-01-09 20:59:15,595 INFO: Epoch 222, Train Loss: 0.6588884255754839, Test Loss: 0.7605046438319343, Inverse Test Loss: 3.4759387969970703 
2025-01-09 20:59:16,063 INFO: Epoch 223, Train Loss: 0.6585360306118606, Test Loss: 0.7600753711802619, Inverse Test Loss: 3.4394236973353793 
2025-01-09 20:59:16,522 INFO: Epoch 224, Train Loss: 0.657918781042099, Test Loss: 0.7589183641331536, Inverse Test Loss: 3.3839054107666016 
2025-01-09 20:59:16,987 INFO: Epoch 225, Train Loss: 0.6579955520979855, Test Loss: 0.7606415514435086, Inverse Test Loss: 3.408651351928711 
2025-01-09 20:59:17,439 INFO: Epoch 226, Train Loss: 0.6579849047398348, Test Loss: 0.759964400104114, Inverse Test Loss: 3.3892925807407925 
2025-01-09 20:59:17,885 INFO: Epoch 227, Train Loss: 0.6576802336841548, Test Loss: 0.7613493991749627, Inverse Test Loss: 3.537704195295061 
2025-01-09 20:59:18,319 INFO: Epoch 228, Train Loss: 0.6585003126651869, Test Loss: 0.7592107355594635, Inverse Test Loss: 3.449115480695452 
2025-01-09 20:59:18,771 INFO: Epoch 229, Train Loss: 0.658312706225509, Test Loss: 0.7595170055116925, Inverse Test Loss: 3.41109984261649 
2025-01-09 20:59:19,212 INFO: Epoch 230, Train Loss: 0.6584445024849078, Test Loss: 0.7591168859175274, Inverse Test Loss: 3.4031799861363004 
2025-01-09 20:59:19,702 INFO: Epoch 231, Train Loss: 0.6580665297464493, Test Loss: 0.759214060647147, Inverse Test Loss: 3.4591001783098494 
