2025-05-16 15:17:45,859 INFO: log_path:/logs_2025_5_16_HS_mos2_L1/AMFormer_simple_MLP_dim32_depth2_heads4_dropout0.4_fusion0.43_0.57_simple_MLP_lr0.0001_kan_+amformer_rc+fusion_6P 
2025-05-16 15:17:45,859 INFO: Model:namespace(attn_dropout=0.4, categories=[], cluster=3, depth=2, dim=32, ff_dropout=0.4, groups=[54, 54, 54], heads=4, name='AMFormer_simple_MLP_dim32_depth2_heads4_dropout0.4_fusion0.43_0.57_simple_MLP', num_cate=0, num_cont=20, num_special_tokens=1, out_dim=1, predictor='simple_MLP', prod_num_per_group=[6, 6, 6], qk_relu=False, static_fusion={'kan_weight': 0.43, 'trans_weight': 0.57}, sum_num_per_group=[32, 16, 8], target_mode='regression', token_descent=False, use_cls_token=True, use_prod=True, use_row_col_attention=True, use_sigmoid=True) 
2025-05-16 15:17:45,860 INFO: lr:0.0001, loss:L1 
2025-05-16 15:17:45,860 INFO: Dataset:HS_mos2, Target:['metal6_Peak'] 
2025-05-16 15:17:45,860 INFO: ------Begin Training Model------ 
2025-05-16 15:17:57,822 INFO: Epoch 1, Train Loss: 0.29697139967571606, Test Loss: 0.2812267489293042, Inverse Test Loss: 3.4029642133151783 
2025-05-16 15:18:02,548 INFO: Epoch 2, Train Loss: 0.26402408065217914, Test Loss: 0.2692776778165032, Inverse Test Loss: 3.3162343081306007 
2025-05-16 15:18:06,423 INFO: Epoch 3, Train Loss: 0.2509187925042528, Test Loss: 0.2528875627938439, Inverse Test Loss: 3.1406960908104393 
2025-05-16 15:18:09,978 INFO: Epoch 4, Train Loss: 0.24591261419382962, Test Loss: 0.23630468459690318, Inverse Test Loss: 2.9314538450802075 
2025-05-16 15:18:13,799 INFO: Epoch 5, Train Loss: 0.23849050362001767, Test Loss: 0.22940205826478846, Inverse Test Loss: 2.8620535205392277 
2025-05-16 15:18:17,579 INFO: Epoch 6, Train Loss: 0.23299785827596983, Test Loss: 0.22045517931966221, Inverse Test Loss: 2.7919372530544506 
2025-05-16 15:18:21,369 INFO: Epoch 7, Train Loss: 0.2255542486002951, Test Loss: 0.2094978409654954, Inverse Test Loss: 2.6666259905871224 
2025-05-16 15:18:25,118 INFO: Epoch 8, Train Loss: 0.22067971775929132, Test Loss: 0.20166524718789494, Inverse Test Loss: 2.587641253190882 
2025-05-16 15:18:28,857 INFO: Epoch 9, Train Loss: 0.212968969661178, Test Loss: 0.19163631428690517, Inverse Test Loss: 2.490186032126932 
2025-05-16 15:18:32,588 INFO: Epoch 10, Train Loss: 0.2086507547082323, Test Loss: 0.1827718413927976, Inverse Test Loss: 2.399324318941902 
2025-05-16 15:18:36,379 INFO: Epoch 11, Train Loss: 0.20230478319254788, Test Loss: 0.17683369447203243, Inverse Test Loss: 2.3927280201631436 
2025-05-16 15:18:40,157 INFO: Epoch 12, Train Loss: 0.19688752248431696, Test Loss: 0.16593602781786637, Inverse Test Loss: 2.2084346659043255 
2025-05-16 15:18:43,886 INFO: Epoch 13, Train Loss: 0.1868538281908541, Test Loss: 0.15994621550335603, Inverse Test Loss: 2.2404766573625454 
2025-05-16 15:18:47,584 INFO: Epoch 14, Train Loss: 0.18000398282751892, Test Loss: 0.14825108735000386, Inverse Test Loss: 2.096190747092752 
2025-05-16 15:18:51,309 INFO: Epoch 15, Train Loss: 0.17060230740092017, Test Loss: 0.14081433546893737, Inverse Test Loss: 1.996635023285361 
2025-05-16 15:18:55,035 INFO: Epoch 16, Train Loss: 0.16608474776148796, Test Loss: 0.1372157615773818, Inverse Test Loss: 1.9839059605317957 
2025-05-16 15:18:58,741 INFO: Epoch 17, Train Loss: 0.1599503509474523, Test Loss: 0.13267949880922542, Inverse Test Loss: 1.8998573667862837 
2025-05-16 15:19:02,515 INFO: Epoch 18, Train Loss: 0.15961202448516182, Test Loss: 0.13212515589068918, Inverse Test Loss: 1.9457977869931389 
2025-05-16 15:19:06,242 INFO: Epoch 19, Train Loss: 0.15436634263305954, Test Loss: 0.12971564119353013, Inverse Test Loss: 1.9279553609735824 
2025-05-16 15:19:10,004 INFO: Epoch 20, Train Loss: 0.15417492592876608, Test Loss: 0.12627514890011618, Inverse Test Loss: 1.8672273299273323 
2025-05-16 15:19:13,724 INFO: Epoch 21, Train Loss: 0.1495735752537395, Test Loss: 0.1270588500534787, Inverse Test Loss: 1.8833391105427462 
2025-05-16 15:19:17,468 INFO: Epoch 22, Train Loss: 0.1491350011166298, Test Loss: 0.12118564896723803, Inverse Test Loss: 1.7647901983822094 
2025-05-16 15:19:21,214 INFO: Epoch 23, Train Loss: 0.14677251875400543, Test Loss: 0.1213082331506645, Inverse Test Loss: 1.797369038357454 
2025-05-16 15:19:25,005 INFO: Epoch 24, Train Loss: 0.14598157877723375, Test Loss: 0.11900699664564694, Inverse Test Loss: 1.73891501566943 
2025-05-16 15:19:28,771 INFO: Epoch 25, Train Loss: 0.14375913910793536, Test Loss: 0.11802931502461433, Inverse Test Loss: 1.7056778108372408 
2025-05-16 15:19:32,557 INFO: Epoch 26, Train Loss: 0.14255468423167864, Test Loss: 0.11647238100276273, Inverse Test Loss: 1.7078564517638262 
2025-05-16 15:19:36,332 INFO: Epoch 27, Train Loss: 0.1409204133758039, Test Loss: 0.11539692168726641, Inverse Test Loss: 1.687677769099965 
2025-05-16 15:19:40,038 INFO: Epoch 28, Train Loss: 0.1397888922330105, Test Loss: 0.11319806602071314, Inverse Test Loss: 1.659913834403543 
2025-05-16 15:19:43,785 INFO: Epoch 29, Train Loss: 0.1383243055280411, Test Loss: 0.11391335660043884, Inverse Test Loss: 1.6770776790731095 
2025-05-16 15:19:47,572 INFO: Epoch 30, Train Loss: 0.13725925902977135, Test Loss: 0.11254391096094075, Inverse Test Loss: 1.6380488451789408 
2025-05-16 15:19:51,308 INFO: Epoch 31, Train Loss: 0.13774334944107317, Test Loss: 0.1117456283639459, Inverse Test Loss: 1.6633940304026884 
2025-05-16 15:19:55,064 INFO: Epoch 32, Train Loss: 0.13568732729463867, Test Loss: 0.11058131780694513, Inverse Test Loss: 1.6140417842304005 
2025-05-16 15:19:58,857 INFO: Epoch 33, Train Loss: 0.13423562083732, Test Loss: 0.11022750200594172, Inverse Test Loss: 1.6116800518596874 
2025-05-16 15:20:02,649 INFO: Epoch 34, Train Loss: 0.13486121278820615, Test Loss: 0.11007499256554772, Inverse Test Loss: 1.625244421117446 
2025-05-16 15:20:06,435 INFO: Epoch 35, Train Loss: 0.1329842248197758, Test Loss: 0.1104378012173316, Inverse Test Loss: 1.650238317601821 
2025-05-16 15:20:10,193 INFO: Epoch 36, Train Loss: 0.13182197245910313, Test Loss: 0.10688520967960358, Inverse Test Loss: 1.5689277999541338 
2025-05-16 15:20:13,945 INFO: Epoch 37, Train Loss: 0.131936085720857, Test Loss: 0.10778725322555094, Inverse Test Loss: 1.5909869811114143 
2025-05-16 15:20:17,711 INFO: Epoch 38, Train Loss: 0.13099130683324553, Test Loss: 0.1044645074974088, Inverse Test Loss: 1.5435196021023918 
2025-05-16 15:20:21,572 INFO: Epoch 39, Train Loss: 0.12813694899280867, Test Loss: 0.10487653599942431, Inverse Test Loss: 1.53516685962677 
2025-05-16 15:20:25,321 INFO: Epoch 40, Train Loss: 0.12916062693252708, Test Loss: 0.10416679719791692, Inverse Test Loss: 1.5724883710636812 
2025-05-16 15:20:29,076 INFO: Epoch 41, Train Loss: 0.12837445803663947, Test Loss: 0.10393990992623217, Inverse Test Loss: 1.5383967091055477 
2025-05-16 15:20:32,828 INFO: Epoch 42, Train Loss: 0.12624136843916142, Test Loss: 0.10234195695203893, Inverse Test Loss: 1.528826355934143 
2025-05-16 15:20:36,610 INFO: Epoch 43, Train Loss: 0.12568569950985187, Test Loss: 0.10240845667088733, Inverse Test Loss: 1.5161446753670187 
2025-05-16 15:20:40,369 INFO: Epoch 44, Train Loss: 0.12540429548332185, Test Loss: 0.10214884250479586, Inverse Test Loss: 1.4920824064927942 
2025-05-16 15:20:44,166 INFO: Epoch 45, Train Loss: 0.12512762528477292, Test Loss: 0.10247582109535441, Inverse Test Loss: 1.5291223035139196 
2025-05-16 15:20:47,955 INFO: Epoch 46, Train Loss: 0.12563076231515768, Test Loss: 0.10060460273833836, Inverse Test Loss: 1.4962386243483599 
2025-05-16 15:20:51,764 INFO: Epoch 47, Train Loss: 0.12370678246247047, Test Loss: 0.101101042374092, Inverse Test Loss: 1.5214849009233362 
2025-05-16 15:20:55,479 INFO: Epoch 48, Train Loss: 0.12198967424531777, Test Loss: 0.09934465981581632, Inverse Test Loss: 1.4546285517075483 
2025-05-16 15:20:59,239 INFO: Epoch 49, Train Loss: 0.12162337661015266, Test Loss: 0.0990421969224425, Inverse Test Loss: 1.4711539044099695 
2025-05-16 15:21:02,973 INFO: Epoch 50, Train Loss: 0.12134934504601089, Test Loss: 0.10000307923730682, Inverse Test Loss: 1.458460253827712 
2025-05-16 15:21:06,740 INFO: Epoch 51, Train Loss: 0.1208679462698373, Test Loss: 0.10034100382643588, Inverse Test Loss: 1.4847562453326058 
2025-05-16 15:21:10,559 INFO: Epoch 52, Train Loss: 0.12007663263515993, Test Loss: 0.09866820582572151, Inverse Test Loss: 1.4724993775872623 
2025-05-16 15:21:14,345 INFO: Epoch 53, Train Loss: 0.11965570006180894, Test Loss: 0.0978670878445401, Inverse Test Loss: 1.4669797280255485 
2025-05-16 15:21:18,129 INFO: Epoch 54, Train Loss: 0.11934703368354928, Test Loss: 0.09736235067248344, Inverse Test Loss: 1.456937635646147 
2025-05-16 15:21:21,914 INFO: Epoch 55, Train Loss: 0.1170619988080227, Test Loss: 0.09657775260069791, Inverse Test Loss: 1.4153583330266617 
2025-05-16 15:21:25,683 INFO: Epoch 56, Train Loss: 0.11840623165621902, Test Loss: 0.09647874840918709, Inverse Test Loss: 1.415360920569476 
2025-05-16 15:21:29,486 INFO: Epoch 57, Train Loss: 0.11716027597360539, Test Loss: 0.09616901944665347, Inverse Test Loss: 1.4360946837593527 
2025-05-16 15:21:33,231 INFO: Epoch 58, Train Loss: 0.1163090088150718, Test Loss: 0.09565633469644715, Inverse Test Loss: 1.424844033577863 
2025-05-16 15:21:36,953 INFO: Epoch 59, Train Loss: 0.11544338783079927, Test Loss: 0.09546861753744237, Inverse Test Loss: 1.3893771241692936 
2025-05-16 15:21:40,740 INFO: Epoch 60, Train Loss: 0.11601953072981401, Test Loss: 0.0969471374855322, Inverse Test Loss: 1.449166178703308 
2025-05-16 15:21:44,490 INFO: Epoch 61, Train Loss: 0.11504088601831233, Test Loss: 0.09704408137237325, Inverse Test Loss: 1.4566293954849243 
2025-05-16 15:21:48,302 INFO: Epoch 62, Train Loss: 0.11398563912194787, Test Loss: 0.09651436371838346, Inverse Test Loss: 1.3961828175713034 
2025-05-16 15:21:52,069 INFO: Epoch 63, Train Loss: 0.11491696491385951, Test Loss: 0.09436239871908636, Inverse Test Loss: 1.3939206740435433 
2025-05-16 15:21:55,794 INFO: Epoch 64, Train Loss: 0.1128350135051843, Test Loss: 0.09483689266969175, Inverse Test Loss: 1.4082027323105757 
2025-05-16 15:21:59,521 INFO: Epoch 65, Train Loss: 0.1126806347094702, Test Loss: 0.0943559752229382, Inverse Test Loss: 1.4099507261725033 
2025-05-16 15:22:03,404 INFO: Epoch 66, Train Loss: 0.11308961790619475, Test Loss: 0.09454159197561882, Inverse Test Loss: 1.4181178738089169 
2025-05-16 15:22:07,185 INFO: Epoch 67, Train Loss: 0.11179755729707805, Test Loss: 0.094345272244776, Inverse Test Loss: 1.382084005019244 
2025-05-16 15:22:10,954 INFO: Epoch 68, Train Loss: 0.11059717280846654, Test Loss: 0.09521437611650019, Inverse Test Loss: 1.4136422381681555 
2025-05-16 15:22:14,701 INFO: Epoch 69, Train Loss: 0.11231249525691524, Test Loss: 0.09541357089491452, Inverse Test Loss: 1.4443061281653011 
2025-05-16 15:22:18,472 INFO: Epoch 70, Train Loss: 0.11126172350663127, Test Loss: 0.0934755856938222, Inverse Test Loss: 1.3694616556167603 
2025-05-16 15:22:22,225 INFO: Epoch 71, Train Loss: 0.10923790446285045, Test Loss: 0.09336585244711708, Inverse Test Loss: 1.3618957645752852 
2025-05-16 15:22:25,960 INFO: Epoch 72, Train Loss: 0.10883236089439104, Test Loss: 0.09356104319586474, Inverse Test Loss: 1.3646223685320686 
2025-05-16 15:22:29,612 INFO: Epoch 73, Train Loss: 0.11115645402760217, Test Loss: 0.0932600517921588, Inverse Test Loss: 1.3615208794088924 
2025-05-16 15:22:33,361 INFO: Epoch 74, Train Loss: 0.10910315726968375, Test Loss: 0.09207693027222857, Inverse Test Loss: 1.3443235509535845 
2025-05-16 15:22:37,127 INFO: Epoch 75, Train Loss: 0.10926643115552989, Test Loss: 0.09196661171667717, Inverse Test Loss: 1.3450213249991922 
2025-05-16 15:22:40,886 INFO: Epoch 76, Train Loss: 0.10823278146033938, Test Loss: 0.09235232016619514, Inverse Test Loss: 1.3596882259144503 
2025-05-16 15:22:44,630 INFO: Epoch 77, Train Loss: 0.108055906144507, Test Loss: 0.09264773064676453, Inverse Test Loss: 1.3693434000015259 
2025-05-16 15:22:48,351 INFO: Epoch 78, Train Loss: 0.10827142688812631, Test Loss: 0.09219727226916481, Inverse Test Loss: 1.3534443588817822 
2025-05-16 15:22:52,145 INFO: Epoch 79, Train Loss: 0.10739932192320173, Test Loss: 0.09346744418144226, Inverse Test Loss: 1.3447917208952063 
2025-05-16 15:22:55,883 INFO: Epoch 80, Train Loss: 0.10743945932975321, Test Loss: 0.09171619726454511, Inverse Test Loss: 1.3417111845577465 
2025-05-16 15:22:59,661 INFO: Epoch 81, Train Loss: 0.10741054836773511, Test Loss: 0.09198744726531646, Inverse Test Loss: 1.3441105309654684 
2025-05-16 15:23:03,427 INFO: Epoch 82, Train Loss: 0.10759302189178539, Test Loss: 0.09220806991352755, Inverse Test Loss: 1.3758488613016464 
2025-05-16 15:23:07,179 INFO: Epoch 83, Train Loss: 0.10604516303900516, Test Loss: 0.09297411034212393, Inverse Test Loss: 1.3773887017193962 
2025-05-16 15:23:10,993 INFO: Epoch 84, Train Loss: 0.10592693056572568, Test Loss: 0.0917461501324878, Inverse Test Loss: 1.3397078654345345 
2025-05-16 15:23:14,768 INFO: Epoch 85, Train Loss: 0.10596328352888425, Test Loss: 0.09187282775254811, Inverse Test Loss: 1.3546300355125875 
2025-05-16 15:23:18,554 INFO: Epoch 86, Train Loss: 0.10562753982164642, Test Loss: 0.09242926932433072, Inverse Test Loss: 1.381545810138478 
2025-05-16 15:23:22,347 INFO: Epoch 87, Train Loss: 0.10480733972155687, Test Loss: 0.09209178607253467, Inverse Test Loss: 1.3810279158984913 
2025-05-16 15:23:26,064 INFO: Epoch 88, Train Loss: 0.1047364261678674, Test Loss: 0.09139168218654745, Inverse Test Loss: 1.3424946770948523 
2025-05-16 15:23:29,828 INFO: Epoch 89, Train Loss: 0.10592284369649309, Test Loss: 0.09149744909475832, Inverse Test Loss: 1.3428454328985775 
2025-05-16 15:23:33,582 INFO: Epoch 90, Train Loss: 0.10475590243709809, Test Loss: 0.0916403464096434, Inverse Test Loss: 1.362848912968355 
2025-05-16 15:23:37,342 INFO: Epoch 91, Train Loss: 0.10500911408753107, Test Loss: 0.09148432730751879, Inverse Test Loss: 1.3272145004833447 
2025-05-16 15:23:41,131 INFO: Epoch 92, Train Loss: 0.10305618912433133, Test Loss: 0.09200198488200412, Inverse Test Loss: 1.3572295273051542 
2025-05-16 15:23:44,903 INFO: Epoch 93, Train Loss: 0.10444571580173391, Test Loss: 0.09197639279505786, Inverse Test Loss: 1.3154072761535645 
2025-05-16 15:23:48,640 INFO: Epoch 94, Train Loss: 0.103739388399955, Test Loss: 0.09166595734217588, Inverse Test Loss: 1.3529900312423706 
2025-05-16 15:23:52,420 INFO: Epoch 95, Train Loss: 0.10452954104226647, Test Loss: 0.0919477613094975, Inverse Test Loss: 1.3273737500695622 
2025-05-16 15:23:56,245 INFO: Epoch 96, Train Loss: 0.10423446582122282, Test Loss: 0.09259760511272094, Inverse Test Loss: 1.3804705213097965 
2025-05-16 15:24:00,004 INFO: Epoch 97, Train Loss: 0.10187602652744814, Test Loss: 0.09171118039418669, Inverse Test Loss: 1.354032789959627 
2025-05-16 15:24:03,803 INFO: Epoch 98, Train Loss: 0.10217057586167798, Test Loss: 0.09154424312360146, Inverse Test Loss: 1.3402339921278112 
2025-05-16 15:24:07,609 INFO: Epoch 99, Train Loss: 0.10051626847548918, Test Loss: 0.09165579650331945, Inverse Test Loss: 1.3475792478112614 
2025-05-16 15:24:11,415 INFO: Epoch 100, Train Loss: 0.10143566820206064, Test Loss: 0.09244291111826897, Inverse Test Loss: 1.3277233348173254 
2025-05-16 15:24:11,415 INFO: Best Epoch 88, Best Test Loss: 0.09139168218654745, Inverse Test Loss: 1.3424946770948523 
2025-05-16 15:24:15,207 INFO: Epoch 101, Train Loss: 0.1020525476020394, Test Loss: 0.09108927276204615, Inverse Test Loss: 1.3514450157389921 
2025-05-16 15:24:18,921 INFO: Epoch 102, Train Loss: 0.10277849131009796, Test Loss: 0.09035955325645559, Inverse Test Loss: 1.322727925637189 
2025-05-16 15:24:22,648 INFO: Epoch 103, Train Loss: 0.10186644361326189, Test Loss: 0.09108825751087245, Inverse Test Loss: 1.3348988014108993 
2025-05-16 15:24:26,464 INFO: Epoch 104, Train Loss: 0.10066718162234986, Test Loss: 0.09098447421017815, Inverse Test Loss: 1.3163981507806217 
2025-05-16 15:24:30,159 INFO: Epoch 105, Train Loss: 0.10142934316712798, Test Loss: 0.09076188723830615, Inverse Test Loss: 1.311154702130486 
2025-05-16 15:24:33,926 INFO: Epoch 106, Train Loss: 0.10139075023206798, Test Loss: 0.09134871074381996, Inverse Test Loss: 1.2998061039868523 
2025-05-16 15:24:37,645 INFO: Epoch 107, Train Loss: 0.10180157067423518, Test Loss: 0.09025423184913747, Inverse Test Loss: 1.3217645673190845 
2025-05-16 15:24:41,382 INFO: Epoch 108, Train Loss: 0.10131661390716379, Test Loss: 0.09055920843692387, Inverse Test Loss: 1.3074849002501543 
2025-05-16 15:24:45,133 INFO: Epoch 109, Train Loss: 0.10181153407602599, Test Loss: 0.09002236167297643, Inverse Test Loss: 1.3065015568452722 
2025-05-16 15:24:48,891 INFO: Epoch 110, Train Loss: 0.10032187825576826, Test Loss: 0.08966240352567505, Inverse Test Loss: 1.291870183804456 
2025-05-16 15:24:52,628 INFO: Epoch 111, Train Loss: 0.10109624695597273, Test Loss: 0.09139252914225354, Inverse Test Loss: 1.3308103715672213 
2025-05-16 15:24:56,371 INFO: Epoch 112, Train Loss: 0.10056100057607348, Test Loss: 0.08986284890595604, Inverse Test Loss: 1.3093696411918192 
2025-05-16 15:25:00,082 INFO: Epoch 113, Train Loss: 0.10025236902363373, Test Loss: 0.09020442230736508, Inverse Test Loss: 1.3040525282130522 
2025-05-16 15:25:03,875 INFO: Epoch 114, Train Loss: 0.10032807651794318, Test Loss: 0.09257357699029586, Inverse Test Loss: 1.3372993328992058 
2025-05-16 15:25:07,685 INFO: Epoch 115, Train Loss: 0.0997222928951184, Test Loss: 0.09016131828812991, Inverse Test Loss: 1.312103271484375 
2025-05-16 15:25:11,492 INFO: Epoch 116, Train Loss: 0.100084299729629, Test Loss: 0.09238828521441012, Inverse Test Loss: 1.3079033248564775 
2025-05-16 15:25:15,240 INFO: Epoch 117, Train Loss: 0.10007392146596403, Test Loss: 0.09010541833498899, Inverse Test Loss: 1.321074226323296 
2025-05-16 15:25:18,975 INFO: Epoch 118, Train Loss: 0.09891836983010624, Test Loss: 0.09062485353035085, Inverse Test Loss: 1.3105917117174934 
2025-05-16 15:25:22,724 INFO: Epoch 119, Train Loss: 0.10117879052731124, Test Loss: 0.09125607088208199, Inverse Test Loss: 1.3200691167046041 
2025-05-16 15:25:26,503 INFO: Epoch 120, Train Loss: 0.10044287032250201, Test Loss: 0.09050642194993355, Inverse Test Loss: 1.3388823551290177 
2025-05-16 15:25:30,207 INFO: Epoch 121, Train Loss: 0.10029848501312011, Test Loss: 0.0917668239597012, Inverse Test Loss: 1.3026018493315752 
2025-05-16 15:25:33,996 INFO: Epoch 122, Train Loss: 0.09875245787429088, Test Loss: 0.0912782032700146, Inverse Test Loss: 1.3374834902146284 
2025-05-16 15:25:37,795 INFO: Epoch 123, Train Loss: 0.0987391100462639, Test Loss: 0.08972463954020948, Inverse Test Loss: 1.291124487624449 
2025-05-16 15:25:41,538 INFO: Epoch 124, Train Loss: 0.09902807274325327, Test Loss: 0.09081514880937688, Inverse Test Loss: 1.326290628489326 
2025-05-16 15:25:45,345 INFO: Epoch 125, Train Loss: 0.09940804716086749, Test Loss: 0.09030341400819666, Inverse Test Loss: 1.3038460401927723 
2025-05-16 15:25:49,119 INFO: Epoch 126, Train Loss: 0.09885603799061342, Test Loss: 0.08937759938485482, Inverse Test Loss: 1.2874642540426815 
2025-05-16 15:25:52,912 INFO: Epoch 127, Train Loss: 0.0983684484028455, Test Loss: 0.08963827372473829, Inverse Test Loss: 1.3051546251072603 
2025-05-16 15:25:56,726 INFO: Epoch 128, Train Loss: 0.09677572164571646, Test Loss: 0.09241197740330416, Inverse Test Loss: 1.3555492653566248 
2025-05-16 15:26:00,530 INFO: Epoch 129, Train Loss: 0.09730896619007443, Test Loss: 0.09081331158385557, Inverse Test Loss: 1.3097167015075684 
2025-05-16 15:26:04,322 INFO: Epoch 130, Train Loss: 0.09779647856273434, Test Loss: 0.09107625572120442, Inverse Test Loss: 1.3520814951728373 
2025-05-16 15:26:08,070 INFO: Epoch 131, Train Loss: 0.09903803270197276, Test Loss: 0.09021711984978002, Inverse Test Loss: 1.308759009136873 
2025-05-16 15:26:11,778 INFO: Epoch 132, Train Loss: 0.0974972631895181, Test Loss: 0.08952304457916933, Inverse Test Loss: 1.309900213690365 
2025-05-16 15:26:15,513 INFO: Epoch 133, Train Loss: 0.09819127912774231, Test Loss: 0.09158842550481067, Inverse Test Loss: 1.3638190802405863 
2025-05-16 15:26:19,320 INFO: Epoch 134, Train Loss: 0.09645969798844872, Test Loss: 0.08984979154432521, Inverse Test Loss: 1.2970313605140238 
2025-05-16 15:26:23,077 INFO: Epoch 135, Train Loss: 0.09707498251262939, Test Loss: 0.091094840756234, Inverse Test Loss: 1.3553203905329985 
2025-05-16 15:26:26,853 INFO: Epoch 136, Train Loss: 0.09599075285774289, Test Loss: 0.09015389049754423, Inverse Test Loss: 1.2878516386536991 
2025-05-16 15:26:30,629 INFO: Epoch 137, Train Loss: 0.09786067406336467, Test Loss: 0.09011602993397151, Inverse Test Loss: 1.3229491921032177 
2025-05-16 15:26:34,371 INFO: Epoch 138, Train Loss: 0.09730848816759659, Test Loss: 0.08918022298637558, Inverse Test Loss: 1.2946587380240946 
2025-05-16 15:26:38,120 INFO: Epoch 139, Train Loss: 0.09764354670363845, Test Loss: 0.09003582377644147, Inverse Test Loss: 1.326593700577231 
2025-05-16 15:26:41,908 INFO: Epoch 140, Train Loss: 0.09714887675010797, Test Loss: 0.09018343051566798, Inverse Test Loss: 1.283785311614766 
2025-05-16 15:26:45,695 INFO: Epoch 141, Train Loss: 0.09752405135694778, Test Loss: 0.08940177717629601, Inverse Test Loss: 1.2795776900123148 
2025-05-16 15:26:49,494 INFO: Epoch 142, Train Loss: 0.0963617516399333, Test Loss: 0.08959417329991565, Inverse Test Loss: 1.2784125945147347 
2025-05-16 15:26:53,317 INFO: Epoch 143, Train Loss: 0.09779082221741026, Test Loss: 0.08888700823573505, Inverse Test Loss: 1.2749902360579546 
2025-05-16 15:26:57,086 INFO: Epoch 144, Train Loss: 0.09870914070669448, Test Loss: 0.08991173413746498, Inverse Test Loss: 1.2789182627902311 
2025-05-16 15:27:00,910 INFO: Epoch 145, Train Loss: 0.09673563345815196, Test Loss: 0.09096462849308462, Inverse Test Loss: 1.2861221152193405 
2025-05-16 15:27:04,657 INFO: Epoch 146, Train Loss: 0.09639338753891713, Test Loss: 0.09052777312257711, Inverse Test Loss: 1.2867719355751486 
2025-05-16 15:27:08,375 INFO: Epoch 147, Train Loss: 0.0956241548287146, Test Loss: 0.0905989165253499, Inverse Test Loss: 1.305267200750463 
2025-05-16 15:27:12,153 INFO: Epoch 148, Train Loss: 0.09690884139501688, Test Loss: 0.09007890500566539, Inverse Test Loss: 1.307629388921401 
2025-05-16 15:27:15,929 INFO: Epoch 149, Train Loss: 0.09633268365128474, Test Loss: 0.09101163245299283, Inverse Test Loss: 1.3570524033378153 
2025-05-16 15:27:19,673 INFO: Epoch 150, Train Loss: 0.09489721500060776, Test Loss: 0.0889713886906119, Inverse Test Loss: 1.2874524172614603 
2025-05-16 15:27:23,446 INFO: Epoch 151, Train Loss: 0.0943108220217806, Test Loss: 0.09012777862303398, Inverse Test Loss: 1.313860717941733 
2025-05-16 15:27:27,228 INFO: Epoch 152, Train Loss: 0.09429438090459867, Test Loss: 0.0891220348284525, Inverse Test Loss: 1.2789406671243555 
2025-05-16 15:27:31,002 INFO: Epoch 153, Train Loss: 0.09488388613769502, Test Loss: 0.0888760841506369, Inverse Test Loss: 1.2837196027531343 
2025-05-16 15:27:34,747 INFO: Epoch 154, Train Loss: 0.09524354163670179, Test Loss: 0.08926178580697845, Inverse Test Loss: 1.2991267021964579 
2025-05-16 15:27:38,538 INFO: Epoch 155, Train Loss: 0.09445764361457391, Test Loss: 0.08859460231135874, Inverse Test Loss: 1.2718863802797653 
2025-05-16 15:27:42,331 INFO: Epoch 156, Train Loss: 0.09455135775109132, Test Loss: 0.09024650713100153, Inverse Test Loss: 1.3188998769311344 
2025-05-16 15:27:46,073 INFO: Epoch 157, Train Loss: 0.09443728840260794, Test Loss: 0.08932023561176132, Inverse Test Loss: 1.292761792154873 
2025-05-16 15:27:49,845 INFO: Epoch 158, Train Loss: 0.09503660469569943, Test Loss: 0.08882548857261152, Inverse Test Loss: 1.2740755712284761 
2025-05-16 15:27:53,625 INFO: Epoch 159, Train Loss: 0.09493918474199194, Test Loss: 0.08998526588958852, Inverse Test Loss: 1.3124155787860645 
2025-05-16 15:27:57,377 INFO: Epoch 160, Train Loss: 0.09411830646973668, Test Loss: 0.08898525969947085, Inverse Test Loss: 1.2703640706398909 
2025-05-16 15:28:01,148 INFO: Epoch 161, Train Loss: 0.09399742870168253, Test Loss: 0.08991804653230835, Inverse Test Loss: 1.304389757268569 
2025-05-16 15:28:04,910 INFO: Epoch 162, Train Loss: 0.09493268557795972, Test Loss: 0.08920844710048507, Inverse Test Loss: 1.2838553821339327 
2025-05-16 15:28:08,691 INFO: Epoch 163, Train Loss: 0.09551736131084687, Test Loss: 0.08945056379717939, Inverse Test Loss: 1.2904000562780045 
2025-05-16 15:28:12,436 INFO: Epoch 164, Train Loss: 0.09398312322005178, Test Loss: 0.08837556291152449, Inverse Test Loss: 1.2685290189350353 
2025-05-16 15:28:16,198 INFO: Epoch 165, Train Loss: 0.09338641697258661, Test Loss: 0.08973342552781105, Inverse Test Loss: 1.2948616287287544 
2025-05-16 15:28:20,012 INFO: Epoch 166, Train Loss: 0.09479019474802595, Test Loss: 0.09065688686335788, Inverse Test Loss: 1.2743785346255583 
2025-05-16 15:28:23,788 INFO: Epoch 167, Train Loss: 0.09539686679614312, Test Loss: 0.09182932359330795, Inverse Test Loss: 1.363888985970441 
2025-05-16 15:28:27,501 INFO: Epoch 168, Train Loss: 0.09539114565334537, Test Loss: 0.08988947246004553, Inverse Test Loss: 1.3458409800248987 
2025-05-16 15:28:31,253 INFO: Epoch 169, Train Loss: 0.09348606910895217, Test Loss: 0.09035714365103666, Inverse Test Loss: 1.3269886199165792 
2025-05-16 15:28:34,979 INFO: Epoch 170, Train Loss: 0.09314853974589796, Test Loss: 0.08889516048571643, Inverse Test Loss: 1.2714800133424646 
2025-05-16 15:28:38,751 INFO: Epoch 171, Train Loss: 0.09406407171803893, Test Loss: 0.08910846250022159, Inverse Test Loss: 1.2927837757503284 
2025-05-16 15:28:42,504 INFO: Epoch 172, Train Loss: 0.09408547430101669, Test Loss: 0.09006701738518827, Inverse Test Loss: 1.2999768818126005 
2025-05-16 15:28:46,225 INFO: Epoch 173, Train Loss: 0.09297020287450516, Test Loss: 0.08926734087221763, Inverse Test Loss: 1.269814529839684 
2025-05-16 15:28:50,001 INFO: Epoch 174, Train Loss: 0.09373128758461187, Test Loss: 0.08852259858566172, Inverse Test Loss: 1.2658037718604593 
2025-05-16 15:28:53,704 INFO: Epoch 175, Train Loss: 0.09449156695468859, Test Loss: 0.09157490861766479, Inverse Test Loss: 1.369143093333525 
2025-05-16 15:28:57,447 INFO: Epoch 176, Train Loss: 0.09337090779886101, Test Loss: 0.08953521970440359, Inverse Test Loss: 1.2666689367855297 
2025-05-16 15:29:01,278 INFO: Epoch 177, Train Loss: 0.09243840402500196, Test Loss: 0.08861270086730227, Inverse Test Loss: 1.2565002336221582 
2025-05-16 15:29:04,998 INFO: Epoch 178, Train Loss: 0.09309289361717123, Test Loss: 0.08879009130246499, Inverse Test Loss: 1.2890304817872889 
2025-05-16 15:29:08,733 INFO: Epoch 179, Train Loss: 0.09340009748032599, Test Loss: 0.08841486516244271, Inverse Test Loss: 1.2620304086629082 
2025-05-16 15:29:12,511 INFO: Epoch 180, Train Loss: 0.09311296215111559, Test Loss: 0.08895340079770368, Inverse Test Loss: 1.258087810348062 
2025-05-16 15:29:16,211 INFO: Epoch 181, Train Loss: 0.0924646644994165, Test Loss: 0.08972395079977372, Inverse Test Loss: 1.2694627923123978 
2025-05-16 15:29:20,011 INFO: Epoch 182, Train Loss: 0.09337448548864234, Test Loss: 0.08929773442008916, Inverse Test Loss: 1.2894581275827743 
2025-05-16 15:29:23,775 INFO: Epoch 183, Train Loss: 0.09266253893799854, Test Loss: 0.09043143623891998, Inverse Test Loss: 1.2833580409779268 
2025-05-16 15:29:27,545 INFO: Epoch 184, Train Loss: 0.09230265405141946, Test Loss: 0.0886209348545355, Inverse Test Loss: 1.2892640443409191 
2025-05-16 15:29:31,315 INFO: Epoch 185, Train Loss: 0.09280293988007488, Test Loss: 0.08855687279035063, Inverse Test Loss: 1.2660292842808891 
2025-05-16 15:29:35,098 INFO: Epoch 186, Train Loss: 0.09185786313857093, Test Loss: 0.08875066743177526, Inverse Test Loss: 1.271824349375332 
2025-05-16 15:29:38,888 INFO: Epoch 187, Train Loss: 0.09388421684729331, Test Loss: 0.08992015285527005, Inverse Test Loss: 1.292872989878935 
2025-05-16 15:29:42,689 INFO: Epoch 188, Train Loss: 0.09196034000452721, Test Loss: 0.08912386745214462, Inverse Test Loss: 1.2610471949857824 
2025-05-16 15:29:46,386 INFO: Epoch 189, Train Loss: 0.0924584288996729, Test Loss: 0.08955544277149088, Inverse Test Loss: 1.2754634478512932 
2025-05-16 15:29:50,214 INFO: Epoch 190, Train Loss: 0.09308154333495733, Test Loss: 0.08848470887717079, Inverse Test Loss: 1.2734088827581966 
2025-05-16 15:29:54,000 INFO: Epoch 191, Train Loss: 0.09196890969619606, Test Loss: 0.0886128693819046, Inverse Test Loss: 1.2739248100449057 
2025-05-16 15:29:57,775 INFO: Epoch 192, Train Loss: 0.09178033674305136, Test Loss: 0.08872459872680552, Inverse Test Loss: 1.2713780613506542 
2025-05-16 15:30:01,547 INFO: Epoch 193, Train Loss: 0.09160079016829982, Test Loss: 0.08844351790407125, Inverse Test Loss: 1.2751009955125696 
2025-05-16 15:30:05,301 INFO: Epoch 194, Train Loss: 0.09078451691929137, Test Loss: 0.08868695247699232, Inverse Test Loss: 1.264684358063866 
2025-05-16 15:30:09,144 INFO: Epoch 195, Train Loss: 0.09051505335126862, Test Loss: 0.08845339079990107, Inverse Test Loss: 1.2580808155676897 
2025-05-16 15:30:12,892 INFO: Epoch 196, Train Loss: 0.09219074074291822, Test Loss: 0.08862996780697037, Inverse Test Loss: 1.250475385609795 
2025-05-16 15:30:16,678 INFO: Epoch 197, Train Loss: 0.09105792873059258, Test Loss: 0.08838965480818468, Inverse Test Loss: 1.2681889849550583 
2025-05-16 15:30:20,433 INFO: Epoch 198, Train Loss: 0.09127378858851665, Test Loss: 0.08879335202714976, Inverse Test Loss: 1.2653779738089617 
2025-05-16 15:30:24,222 INFO: Epoch 199, Train Loss: 0.09219613671302795, Test Loss: 0.08878457283272463, Inverse Test Loss: 1.256140849169563 
2025-05-16 15:30:27,969 INFO: Epoch 200, Train Loss: 0.09219115340348447, Test Loss: 0.08976602247532676, Inverse Test Loss: 1.31836437477785 
2025-05-16 15:30:27,969 INFO: Best Epoch 164, Best Test Loss: 0.08837556291152449, Inverse Test Loss: 1.2685290189350353 
2025-05-16 15:30:31,777 INFO: Epoch 201, Train Loss: 0.0914775724099441, Test Loss: 0.08997072257539805, Inverse Test Loss: 1.2968747720998877 
2025-05-16 15:30:35,541 INFO: Epoch 202, Train Loss: 0.0907657655012427, Test Loss: 0.08825560505775844, Inverse Test Loss: 1.2591366838006413 
2025-05-16 15:30:39,255 INFO: Epoch 203, Train Loss: 0.09105152456146298, Test Loss: 0.08883664406397764, Inverse Test Loss: 1.2946827727205612 
2025-05-16 15:30:43,053 INFO: Epoch 204, Train Loss: 0.09102051908319647, Test Loss: 0.08977822455413201, Inverse Test Loss: 1.269228689810809 
2025-05-16 15:30:46,870 INFO: Epoch 205, Train Loss: 0.09124515702327092, Test Loss: 0.08857055446680855, Inverse Test Loss: 1.2708894224727856 
2025-05-16 15:30:50,749 INFO: Epoch 206, Train Loss: 0.09015015394172886, Test Loss: 0.09006829866591622, Inverse Test Loss: 1.3048868600059957 
2025-05-16 15:30:54,488 INFO: Epoch 207, Train Loss: 0.09161825224079868, Test Loss: 0.08786002743770094, Inverse Test Loss: 1.248075832338894 
2025-05-16 15:30:58,260 INFO: Epoch 208, Train Loss: 0.09029477975811019, Test Loss: 0.08818387437392683, Inverse Test Loss: 1.252858445924871 
2025-05-16 15:31:02,037 INFO: Epoch 209, Train Loss: 0.091420734696316, Test Loss: 0.08806382930454086, Inverse Test Loss: 1.2621491095599007 
2025-05-16 15:31:05,835 INFO: Epoch 210, Train Loss: 0.09029812834253817, Test Loss: 0.08797899261116982, Inverse Test Loss: 1.2665096836931564 
2025-05-16 15:31:09,656 INFO: Epoch 211, Train Loss: 0.09102693815348727, Test Loss: 0.08992371620500789, Inverse Test Loss: 1.2603143944459803 
2025-05-16 15:31:13,510 INFO: Epoch 212, Train Loss: 0.09125877408818765, Test Loss: 0.09045208464650546, Inverse Test Loss: 1.279896129580105 
2025-05-16 15:31:17,296 INFO: Epoch 213, Train Loss: 0.0905418698534821, Test Loss: 0.08828283890205271, Inverse Test Loss: 1.2501342927708345 
2025-05-16 15:31:21,079 INFO: Epoch 214, Train Loss: 0.09118124131451953, Test Loss: 0.08812674901941243, Inverse Test Loss: 1.2516001427874845 
2025-05-16 15:31:24,839 INFO: Epoch 215, Train Loss: 0.08961741970569799, Test Loss: 0.08895578454522525, Inverse Test Loss: 1.263648022623623 
2025-05-16 15:31:28,642 INFO: Epoch 216, Train Loss: 0.09017005957888835, Test Loss: 0.0879215716439135, Inverse Test Loss: 1.245259404182434 
2025-05-16 15:31:32,442 INFO: Epoch 217, Train Loss: 0.09032293617951148, Test Loss: 0.0914072144557448, Inverse Test Loss: 1.2899356835028704 
2025-05-16 15:31:36,197 INFO: Epoch 218, Train Loss: 0.09095567792202487, Test Loss: 0.09017760876347036, Inverse Test Loss: 1.326849285294028 
2025-05-16 15:31:39,946 INFO: Epoch 219, Train Loss: 0.09025771475651047, Test Loss: 0.08771596038166214, Inverse Test Loss: 1.2547776348450606 
2025-05-16 15:31:43,749 INFO: Epoch 220, Train Loss: 0.09128368888614756, Test Loss: 0.08830659157213043, Inverse Test Loss: 1.2457379207891577 
2025-05-16 15:31:47,553 INFO: Epoch 221, Train Loss: 0.09115375380850199, Test Loss: 0.08834828282980357, Inverse Test Loss: 1.2623265175258411 
2025-05-16 15:31:51,280 INFO: Epoch 222, Train Loss: 0.08939766358922828, Test Loss: 0.08880428750725354, Inverse Test Loss: 1.2614272412131815 
2025-05-16 15:31:55,012 INFO: Epoch 223, Train Loss: 0.08948497925743912, Test Loss: 0.08825158064856249, Inverse Test Loss: 1.2680315305204952 
2025-05-16 15:31:58,774 INFO: Epoch 224, Train Loss: 0.08980275859886949, Test Loss: 0.0886880301815622, Inverse Test Loss: 1.2558781995492823 
2025-05-16 15:32:02,536 INFO: Epoch 225, Train Loss: 0.08882548112535116, Test Loss: 0.08893215459059267, Inverse Test Loss: 1.2764026417451746 
2025-05-16 15:32:06,280 INFO: Epoch 226, Train Loss: 0.0910689654675397, Test Loss: 0.0888904501848361, Inverse Test Loss: 1.2611734796972836 
2025-05-16 15:32:10,122 INFO: Epoch 227, Train Loss: 0.09012401182994698, Test Loss: 0.08967941035242642, Inverse Test Loss: 1.2561837680199568 
2025-05-16 15:32:13,907 INFO: Epoch 228, Train Loss: 0.08904874313509825, Test Loss: 0.09089890494942665, Inverse Test Loss: 1.3213917507844812 
2025-05-16 15:32:17,682 INFO: Epoch 229, Train Loss: 0.08986020409925417, Test Loss: 0.08831693407367258, Inverse Test Loss: 1.261951933888828 
2025-05-16 15:32:21,439 INFO: Epoch 230, Train Loss: 0.08857389759611, Test Loss: 0.08785521063734503, Inverse Test Loss: 1.2494003597427816 
2025-05-16 15:32:25,198 INFO: Epoch 231, Train Loss: 0.08958255578622673, Test Loss: 0.08820360548356, Inverse Test Loss: 1.2466671186334946 
2025-05-16 15:32:28,972 INFO: Epoch 232, Train Loss: 0.08966210343395219, Test Loss: 0.08844046711045153, Inverse Test Loss: 1.2576441729769987 
2025-05-16 15:32:32,672 INFO: Epoch 233, Train Loss: 0.08859193420997172, Test Loss: 0.08857892234535779, Inverse Test Loss: 1.2595257548724903 
2025-05-16 15:32:36,460 INFO: Epoch 234, Train Loss: 0.08757074070021961, Test Loss: 0.0887499646667172, Inverse Test Loss: 1.2582272817106808 
2025-05-16 15:32:40,251 INFO: Epoch 235, Train Loss: 0.08851202803127693, Test Loss: 0.08886025122859899, Inverse Test Loss: 1.2700945594731499 
2025-05-16 15:32:44,000 INFO: Epoch 236, Train Loss: 0.08960878871607059, Test Loss: 0.08874575793743134, Inverse Test Loss: 1.2597104696666492 
2025-05-16 15:32:47,753 INFO: Epoch 237, Train Loss: 0.08968476516505082, Test Loss: 0.08966989530359998, Inverse Test Loss: 1.2836083313998055 
2025-05-16 15:32:51,484 INFO: Epoch 238, Train Loss: 0.08969478151111891, Test Loss: 0.08789305169792737, Inverse Test Loss: 1.243410068399766 
2025-05-16 15:32:55,239 INFO: Epoch 239, Train Loss: 0.08927733834945795, Test Loss: 0.09010582285768845, Inverse Test Loss: 1.2981704683864819 
2025-05-16 15:32:59,059 INFO: Epoch 240, Train Loss: 0.0879103359060757, Test Loss: 0.08833418720785309, Inverse Test Loss: 1.2681112008936264 
2025-05-16 15:33:02,869 INFO: Epoch 241, Train Loss: 0.08999077219403151, Test Loss: 0.08787705968408023, Inverse Test Loss: 1.2399710171362932 
2025-05-16 15:33:06,717 INFO: Epoch 242, Train Loss: 0.08867327654452035, Test Loss: 0.08805622291915557, Inverse Test Loss: 1.2578065956340116 
2025-05-16 15:33:10,514 INFO: Epoch 243, Train Loss: 0.08776278393060873, Test Loss: 0.08930894732475281, Inverse Test Loss: 1.2959028272067799 
2025-05-16 15:33:14,302 INFO: Epoch 244, Train Loss: 0.08857502252089255, Test Loss: 0.0888168150011231, Inverse Test Loss: 1.2539166247143465 
2025-05-16 15:33:18,050 INFO: Epoch 245, Train Loss: 0.08955385801241253, Test Loss: 0.09025495521285955, Inverse Test Loss: 1.3144199287190157 
2025-05-16 15:33:21,805 INFO: Epoch 246, Train Loss: 0.08934209845734364, Test Loss: 0.08886265535564984, Inverse Test Loss: 1.2705191864686853 
2025-05-16 15:33:25,501 INFO: Epoch 247, Train Loss: 0.08748468570411205, Test Loss: 0.08917649484732572, Inverse Test Loss: 1.2598101321388693 
2025-05-16 15:33:29,274 INFO: Epoch 248, Train Loss: 0.08865778684390313, Test Loss: 0.08845530384603668, Inverse Test Loss: 1.2466277725556318 
2025-05-16 15:33:33,030 INFO: Epoch 249, Train Loss: 0.08770252425562251, Test Loss: 0.08850280107820735, Inverse Test Loss: 1.2695152829675114 
2025-05-16 15:33:36,859 INFO: Epoch 250, Train Loss: 0.08832932624853018, Test Loss: 0.090428255717544, Inverse Test Loss: 1.3162477647556978 
2025-05-16 15:33:40,640 INFO: Epoch 251, Train Loss: 0.08855842649372238, Test Loss: 0.08935932661680614, Inverse Test Loss: 1.2503420149578768 
2025-05-16 15:33:44,305 INFO: Epoch 252, Train Loss: 0.08788064071400599, Test Loss: 0.08827657186809708, Inverse Test Loss: 1.2505189425805037 
2025-05-16 15:33:48,102 INFO: Epoch 253, Train Loss: 0.08883196064694361, Test Loss: 0.0876745833631824, Inverse Test Loss: 1.2512255346073824 
2025-05-16 15:33:51,835 INFO: Epoch 254, Train Loss: 0.08761595917696302, Test Loss: 0.08776048198342323, Inverse Test Loss: 1.2395177378373987 
2025-05-16 15:33:55,580 INFO: Epoch 255, Train Loss: 0.08800996676313155, Test Loss: 0.08844186058815788, Inverse Test Loss: 1.2681311719557817 
2025-05-16 15:33:59,418 INFO: Epoch 256, Train Loss: 0.0877316210306052, Test Loss: 0.08861194025067722, Inverse Test Loss: 1.2748703676111557 
2025-05-16 15:34:03,146 INFO: Epoch 257, Train Loss: 0.08827592155924349, Test Loss: 0.08845396230325979, Inverse Test Loss: 1.2637881496373344 
2025-05-16 15:34:06,911 INFO: Epoch 258, Train Loss: 0.08703654434419039, Test Loss: 0.08810117358670515, Inverse Test Loss: 1.2560822402729708 
2025-05-16 15:34:10,707 INFO: Epoch 259, Train Loss: 0.08738512263605089, Test Loss: 0.08914511387839037, Inverse Test Loss: 1.2790311469751245 
2025-05-16 15:34:14,465 INFO: Epoch 260, Train Loss: 0.08834998439432996, Test Loss: 0.08875653213437866, Inverse Test Loss: 1.2542892694473267 
2025-05-16 15:34:18,248 INFO: Epoch 261, Train Loss: 0.08896607256522684, Test Loss: 0.0878729381982018, Inverse Test Loss: 1.2402454334146835 
2025-05-16 15:34:22,055 INFO: Epoch 262, Train Loss: 0.08637546536258676, Test Loss: 0.0884519355262027, Inverse Test Loss: 1.2500414953512304 
2025-05-16 15:34:25,810 INFO: Epoch 263, Train Loss: 0.08811433387525154, Test Loss: 0.08786124692243688, Inverse Test Loss: 1.2420674807885115 
2025-05-16 15:34:29,632 INFO: Epoch 264, Train Loss: 0.0894966023889455, Test Loss: 0.08880221186315312, Inverse Test Loss: 1.2628962187206043 
2025-05-16 15:34:33,402 INFO: Epoch 265, Train Loss: 0.08821988184795235, Test Loss: 0.088123749503318, Inverse Test Loss: 1.2438331702176262 
2025-05-16 15:34:37,195 INFO: Epoch 266, Train Loss: 0.08724736377145305, Test Loss: 0.08960745417896439, Inverse Test Loss: 1.2671097937752218 
2025-05-16 15:34:40,965 INFO: Epoch 267, Train Loss: 0.08712716101471221, Test Loss: 0.08865487597444478, Inverse Test Loss: 1.2470309699282927 
2025-05-16 15:34:44,743 INFO: Epoch 268, Train Loss: 0.08782563347256545, Test Loss: 0.08800331853768405, Inverse Test Loss: 1.243850802674013 
2025-05-16 15:34:48,490 INFO: Epoch 269, Train Loss: 0.0854571493003856, Test Loss: 0.08854326145613894, Inverse Test Loss: 1.2549821313689737 
2025-05-16 15:34:52,263 INFO: Epoch 270, Train Loss: 0.08710453506897796, Test Loss: 0.08945977381047081, Inverse Test Loss: 1.2796849433113546 
2025-05-16 15:34:56,108 INFO: Epoch 271, Train Loss: 0.0869671157702352, Test Loss: 0.08956073662813972, Inverse Test Loss: 1.2670724567245035 
2025-05-16 15:34:59,923 INFO: Epoch 272, Train Loss: 0.08820812802084467, Test Loss: 0.08961343129768091, Inverse Test Loss: 1.2517156811321484 
2025-05-16 15:35:03,698 INFO: Epoch 273, Train Loss: 0.08721523737591325, Test Loss: 0.08847529265810461, Inverse Test Loss: 1.243311797871309 
2025-05-16 15:35:07,518 INFO: Epoch 274, Train Loss: 0.08783623192346457, Test Loss: 0.08867650040808846, Inverse Test Loss: 1.2698042147299822 
2025-05-16 15:35:11,275 INFO: Epoch 275, Train Loss: 0.08672481052803271, Test Loss: 0.08895062392248827, Inverse Test Loss: 1.253049983697779 
2025-05-16 15:35:14,998 INFO: Epoch 276, Train Loss: 0.08733787094101761, Test Loss: 0.08870167263290461, Inverse Test Loss: 1.2572251347934498 
2025-05-16 15:35:18,790 INFO: Epoch 277, Train Loss: 0.0876016365081975, Test Loss: 0.08828227747889127, Inverse Test Loss: 1.2482121586799622 
2025-05-16 15:35:22,548 INFO: Epoch 278, Train Loss: 0.08690896714952859, Test Loss: 0.0892482805339729, Inverse Test Loss: 1.2684857038890613 
2025-05-16 15:35:26,291 INFO: Epoch 279, Train Loss: 0.08696274030389207, Test Loss: 0.08910812678582528, Inverse Test Loss: 1.2576716577305513 
2025-05-16 15:35:30,074 INFO: Epoch 280, Train Loss: 0.08662257332241896, Test Loss: 0.08844380584709785, Inverse Test Loss: 1.250288493493024 
2025-05-16 15:35:33,771 INFO: Epoch 281, Train Loss: 0.08723976598544554, Test Loss: 0.09112453197731692, Inverse Test Loss: 1.274200018714456 
2025-05-16 15:35:37,493 INFO: Epoch 282, Train Loss: 0.08695355249625264, Test Loss: 0.089064530809136, Inverse Test Loss: 1.2709338349454544 
2025-05-16 15:35:41,323 INFO: Epoch 283, Train Loss: 0.0863499367101626, Test Loss: 0.08977261382867308, Inverse Test Loss: 1.2565512131242191 
2025-05-16 15:35:45,102 INFO: Epoch 284, Train Loss: 0.08739751690264905, Test Loss: 0.08867291843189913, Inverse Test Loss: 1.2575641870498657 
2025-05-16 15:35:48,884 INFO: Epoch 285, Train Loss: 0.08586907098916444, Test Loss: 0.08982454634764615, Inverse Test Loss: 1.253141213865841 
2025-05-16 15:35:52,631 INFO: Epoch 286, Train Loss: 0.08769641043336103, Test Loss: 0.08932080908733256, Inverse Test Loss: 1.2527066328946281 
2025-05-16 15:35:56,421 INFO: Epoch 287, Train Loss: 0.08602738583629782, Test Loss: 0.08781766321729212, Inverse Test Loss: 1.2370399166555965 
2025-05-16 15:36:00,194 INFO: Epoch 288, Train Loss: 0.08591218275780027, Test Loss: 0.08843730850254788, Inverse Test Loss: 1.2340683656580307 
2025-05-16 15:36:04,019 INFO: Epoch 289, Train Loss: 0.08736152963882143, Test Loss: 0.08893148666795563, Inverse Test Loss: 1.246503959683811 
2025-05-16 15:36:07,815 INFO: Epoch 290, Train Loss: 0.08483447772309635, Test Loss: 0.09070219866493169, Inverse Test Loss: 1.299257944611942 
2025-05-16 15:36:11,550 INFO: Epoch 291, Train Loss: 0.08591805889525196, Test Loss: 0.08970758844824399, Inverse Test Loss: 1.293700421557707 
2025-05-16 15:36:15,337 INFO: Epoch 292, Train Loss: 0.08518048285534888, Test Loss: 0.08959438213530709, Inverse Test Loss: 1.2488788015702192 
2025-05-16 15:36:19,103 INFO: Epoch 293, Train Loss: 0.08510427143086087, Test Loss: 0.08873370903379776, Inverse Test Loss: 1.248240102739895 
2025-05-16 15:36:22,832 INFO: Epoch 294, Train Loss: 0.08608104124891036, Test Loss: 0.0892711233566789, Inverse Test Loss: 1.265650651034187 
2025-05-16 15:36:26,653 INFO: Epoch 295, Train Loss: 0.08558934204506152, Test Loss: 0.0886795963434612, Inverse Test Loss: 1.2510120588190414 
2025-05-16 15:36:30,402 INFO: Epoch 296, Train Loss: 0.08563855487966177, Test Loss: 0.08981288136804805, Inverse Test Loss: 1.2712922341683333 
2025-05-16 15:36:34,064 INFO: Epoch 297, Train Loss: 0.0878851196418206, Test Loss: 0.08773092421538689, Inverse Test Loss: 1.2427479589686674 
2025-05-16 15:36:37,782 INFO: Epoch 298, Train Loss: 0.08573514268253789, Test Loss: 0.08813214521197711, Inverse Test Loss: 1.2594694635447334 
2025-05-16 15:36:41,528 INFO: Epoch 299, Train Loss: 0.08590662722108942, Test Loss: 0.08921702162307851, Inverse Test Loss: 1.2767979467616362 
2025-05-16 15:36:45,269 INFO: Epoch 300, Train Loss: 0.08538150019717938, Test Loss: 0.08911032602190971, Inverse Test Loss: 1.2442298741901623 
2025-05-16 15:36:45,270 INFO: Best Epoch 253, Best Test Loss: 0.0876745833631824, Inverse Test Loss: 1.2512255346073824 
2025-05-16 15:36:49,037 INFO: Epoch 301, Train Loss: 0.08542125065331206, Test Loss: 0.0876842756920001, Inverse Test Loss: 1.234906999503865 
2025-05-16 15:36:52,812 INFO: Epoch 302, Train Loss: 0.08662706466786789, Test Loss: 0.08836157510385793, Inverse Test Loss: 1.2383017084177803 
2025-05-16 15:36:56,573 INFO: Epoch 303, Train Loss: 0.08571429195051844, Test Loss: 0.0883191940100754, Inverse Test Loss: 1.2557234483606674 
2025-05-16 15:37:00,346 INFO: Epoch 304, Train Loss: 0.08671928609185146, Test Loss: 0.09035233627347385, Inverse Test Loss: 1.2636831928701961 
2025-05-16 15:37:04,078 INFO: Epoch 305, Train Loss: 0.08672335060934226, Test Loss: 0.08895259416278671, Inverse Test Loss: 1.2563186217756832 
2025-05-16 15:37:08,001 INFO: Epoch 306, Train Loss: 0.08465942463865786, Test Loss: 0.08967707547194817, Inverse Test Loss: 1.2667133667889763 
2025-05-16 15:37:11,746 INFO: Epoch 307, Train Loss: 0.08365558753862526, Test Loss: 0.08920252213583273, Inverse Test Loss: 1.2488238005077137 
2025-05-16 15:37:15,499 INFO: Epoch 308, Train Loss: 0.08539612416290876, Test Loss: 0.0889129592653583, Inverse Test Loss: 1.2463009532760172 
2025-05-16 15:37:19,292 INFO: Epoch 309, Train Loss: 0.08657763181536486, Test Loss: 0.0893823784940383, Inverse Test Loss: 1.276617376243367 
2025-05-16 15:37:23,033 INFO: Epoch 310, Train Loss: 0.08492847876341054, Test Loss: 0.088111943400958, Inverse Test Loss: 1.254519003279069 
2025-05-16 15:37:26,806 INFO: Epoch 311, Train Loss: 0.08480682308700951, Test Loss: 0.08872183565707768, Inverse Test Loss: 1.2631315518828 
2025-05-16 15:37:30,594 INFO: Epoch 312, Train Loss: 0.08538760625841943, Test Loss: 0.08882199227809906, Inverse Test Loss: 1.2741368272725273 
2025-05-16 15:37:34,371 INFO: Epoch 313, Train Loss: 0.08483619141307744, Test Loss: 0.08911440543392125, Inverse Test Loss: 1.2476455253713272 
2025-05-16 15:37:38,140 INFO: Epoch 314, Train Loss: 0.08531563658493035, Test Loss: 0.08891123357941122, Inverse Test Loss: 1.2394471589256735 
2025-05-16 15:37:41,898 INFO: Epoch 315, Train Loss: 0.08501049949590003, Test Loss: 0.08878520766601843, Inverse Test Loss: 1.2464895283474642 
2025-05-16 15:37:45,683 INFO: Epoch 316, Train Loss: 0.08474892140789465, Test Loss: 0.08787928653113983, Inverse Test Loss: 1.236074545804192 
2025-05-16 15:37:49,444 INFO: Epoch 317, Train Loss: 0.08520865914496509, Test Loss: 0.08760164962971911, Inverse Test Loss: 1.2401602092911215 
2025-05-16 15:37:53,177 INFO: Epoch 318, Train Loss: 0.08484429183105628, Test Loss: 0.08867170376812711, Inverse Test Loss: 1.2391184393097372 
2025-05-16 15:37:56,906 INFO: Epoch 319, Train Loss: 0.0844455041894407, Test Loss: 0.09053556927863289, Inverse Test Loss: 1.2790682421011084 
2025-05-16 15:38:00,691 INFO: Epoch 320, Train Loss: 0.08399784389996168, Test Loss: 0.08810852051657789, Inverse Test Loss: 1.240830849198734 
2025-05-16 15:38:04,488 INFO: Epoch 321, Train Loss: 0.08396328068479444, Test Loss: 0.08819277496898875, Inverse Test Loss: 1.2423249833724077 
2025-05-16 15:38:08,234 INFO: Epoch 322, Train Loss: 0.08464975576057579, Test Loss: 0.08756955866427983, Inverse Test Loss: 1.2378212318700903 
2025-05-16 15:38:11,961 INFO: Epoch 323, Train Loss: 0.08484479906319668, Test Loss: 0.08871410348836113, Inverse Test Loss: 1.2453328616478865 
2025-05-16 15:38:15,690 INFO: Epoch 324, Train Loss: 0.08493365194987167, Test Loss: 0.0891664985786466, Inverse Test Loss: 1.252710899885963 
2025-05-16 15:38:19,455 INFO: Epoch 325, Train Loss: 0.08463137579912489, Test Loss: 0.08777154346599299, Inverse Test Loss: 1.2364261746406555 
2025-05-16 15:38:23,208 INFO: Epoch 326, Train Loss: 0.08560358970002695, Test Loss: 0.08894425805877237, Inverse Test Loss: 1.2389909449745626 
2025-05-16 15:38:27,021 INFO: Epoch 327, Train Loss: 0.08451092604434851, Test Loss: 0.08902169720214956, Inverse Test Loss: 1.2519486897131975 
2025-05-16 15:38:30,813 INFO: Epoch 328, Train Loss: 0.08548922481184656, Test Loss: 0.08791421572951709, Inverse Test Loss: 1.2439667582511902 
2025-05-16 15:38:34,633 INFO: Epoch 329, Train Loss: 0.08447437490703481, Test Loss: 0.08820261105018504, Inverse Test Loss: 1.2485298303996815 
2025-05-16 15:38:38,402 INFO: Epoch 330, Train Loss: 0.08353085550620701, Test Loss: 0.088983806397985, Inverse Test Loss: 1.259096524294685 
2025-05-16 15:38:42,162 INFO: Epoch 331, Train Loss: 0.08449872893591721, Test Loss: 0.08807665219201762, Inverse Test Loss: 1.2529904877438265 
2025-05-16 15:38:45,914 INFO: Epoch 332, Train Loss: 0.08347828296775167, Test Loss: 0.08992980552070282, Inverse Test Loss: 1.2802243267788607 
2025-05-16 15:38:49,721 INFO: Epoch 333, Train Loss: 0.08373851803216067, Test Loss: 0.08839154309209656, Inverse Test Loss: 1.2485078327796038 
2025-05-16 15:38:53,526 INFO: Epoch 334, Train Loss: 0.08390187630147646, Test Loss: 0.0896613223149496, Inverse Test Loss: 1.2498785117093254 
2025-05-16 15:38:57,283 INFO: Epoch 335, Train Loss: 0.08521181689293096, Test Loss: 0.08865506004761248, Inverse Test Loss: 1.2572968567118925 
2025-05-16 15:39:01,006 INFO: Epoch 336, Train Loss: 0.08436651194863247, Test Loss: 0.08968477740007288, Inverse Test Loss: 1.266586068798514 
2025-05-16 15:39:04,730 INFO: Epoch 337, Train Loss: 0.08256854145138552, Test Loss: 0.0902699854444055, Inverse Test Loss: 1.2601362046073465 
2025-05-16 15:39:08,488 INFO: Epoch 338, Train Loss: 0.08429662358354438, Test Loss: 0.08815531629849882, Inverse Test Loss: 1.252341273952933 
2025-05-16 15:39:12,271 INFO: Epoch 339, Train Loss: 0.08379076319662007, Test Loss: 0.09081127998583458, Inverse Test Loss: 1.2598318773157455 
2025-05-16 15:39:16,023 INFO: Epoch 340, Train Loss: 0.08407346051976536, Test Loss: 0.08872921918244923, Inverse Test Loss: 1.2668576626216663 
2025-05-16 15:39:19,741 INFO: Epoch 341, Train Loss: 0.08398714932528409, Test Loss: 0.08918434863581377, Inverse Test Loss: 1.2751318917554968 
2025-05-16 15:39:23,496 INFO: Epoch 342, Train Loss: 0.083183121839256, Test Loss: 0.08816787622430745, Inverse Test Loss: 1.237700153799618 
2025-05-16 15:39:27,267 INFO: Epoch 343, Train Loss: 0.0830532368272543, Test Loss: 0.08853859520133804, Inverse Test Loss: 1.2495465033194597 
2025-05-16 15:39:30,970 INFO: Epoch 344, Train Loss: 0.0847177729010582, Test Loss: 0.08964510415406789, Inverse Test Loss: 1.2777024507522583 
2025-05-16 15:39:34,753 INFO: Epoch 345, Train Loss: 0.08388783540012258, Test Loss: 0.08883259752217461, Inverse Test Loss: 1.2730497332180248 
2025-05-16 15:39:38,532 INFO: Epoch 346, Train Loss: 0.08355295573445884, Test Loss: 0.08925689932178049, Inverse Test Loss: 1.2456459227730245 
2025-05-16 15:39:42,305 INFO: Epoch 347, Train Loss: 0.0839881445986755, Test Loss: 0.08829279704128995, Inverse Test Loss: 1.2433972183395834 
2025-05-16 15:39:46,052 INFO: Epoch 348, Train Loss: 0.08313169510978641, Test Loss: 0.08820315625737696, Inverse Test Loss: 1.2449619454496048 
2025-05-16 15:39:49,823 INFO: Epoch 349, Train Loss: 0.08440264145081694, Test Loss: 0.08906788598088657, Inverse Test Loss: 1.2450060283436495 
2025-05-16 15:39:53,569 INFO: Epoch 350, Train Loss: 0.08330018112831043, Test Loss: 0.08975912740125376, Inverse Test Loss: 1.2477134185678818 
2025-05-16 15:39:57,342 INFO: Epoch 351, Train Loss: 0.08411129803932978, Test Loss: 0.08988145300570656, Inverse Test Loss: 1.2667960384312797 
2025-05-16 15:40:01,161 INFO: Epoch 352, Train Loss: 0.0857389522434184, Test Loss: 0.08878221494310043, Inverse Test Loss: 1.2424800606334911 
2025-05-16 15:40:04,987 INFO: Epoch 353, Train Loss: 0.08448447862809355, Test Loss: 0.08982097291771103, Inverse Test Loss: 1.2507416641010958 
2025-05-16 15:40:08,727 INFO: Epoch 354, Train Loss: 0.08291999403048646, Test Loss: 0.08838913282927345, Inverse Test Loss: 1.2503237478873308 
2025-05-16 15:40:12,477 INFO: Epoch 355, Train Loss: 0.08351239816031673, Test Loss: 0.08954386084395297, Inverse Test Loss: 1.2504480375963098 
2025-05-16 15:40:16,272 INFO: Epoch 356, Train Loss: 0.08284258498161128, Test Loss: 0.08933909105903962, Inverse Test Loss: 1.247797881855684 
2025-05-16 15:40:20,039 INFO: Epoch 357, Train Loss: 0.08247428748643759, Test Loss: 0.09013862360049696, Inverse Test Loss: 1.2731035947799683 
2025-05-16 15:40:23,784 INFO: Epoch 358, Train Loss: 0.08341710173496694, Test Loss: 0.08971142746946391, Inverse Test Loss: 1.2924552805283491 
2025-05-16 15:40:27,545 INFO: Epoch 359, Train Loss: 0.08314291136621525, Test Loss: 0.08897088840603828, Inverse Test Loss: 1.2717480975038864 
2025-05-16 15:40:31,258 INFO: Epoch 360, Train Loss: 0.08345909072368433, Test Loss: 0.08900894312297597, Inverse Test Loss: 1.259918717777028 
2025-05-16 15:40:34,982 INFO: Epoch 361, Train Loss: 0.08287991340639013, Test Loss: 0.0904421589392073, Inverse Test Loss: 1.2546113343799816 
2025-05-16 15:40:38,689 INFO: Epoch 362, Train Loss: 0.08314034466942151, Test Loss: 0.08890676739461281, Inverse Test Loss: 1.2490504208733053 
2025-05-16 15:40:42,459 INFO: Epoch 363, Train Loss: 0.08393813116532384, Test Loss: 0.08935395430992632, Inverse Test Loss: 1.2569939248702104 
2025-05-16 15:40:46,243 INFO: Epoch 364, Train Loss: 0.08342966883245742, Test Loss: 0.09037369533496745, Inverse Test Loss: 1.2917891284998726 
2025-05-16 15:40:50,053 INFO: Epoch 365, Train Loss: 0.08285262091367533, Test Loss: 0.09002258321818184, Inverse Test Loss: 1.268498988712535 
2025-05-16 15:40:53,816 INFO: Epoch 366, Train Loss: 0.08389579973211794, Test Loss: 0.08888520979705979, Inverse Test Loss: 1.2486697856117697 
2025-05-16 15:40:57,594 INFO: Epoch 367, Train Loss: 0.0825091784424854, Test Loss: 0.08823198649813146, Inverse Test Loss: 1.241020093945896 
2025-05-16 15:41:01,349 INFO: Epoch 368, Train Loss: 0.08284443024207246, Test Loss: 0.08802827973576154, Inverse Test Loss: 1.2392438650131226 
2025-05-16 15:41:05,120 INFO: Epoch 369, Train Loss: 0.08237710634641575, Test Loss: 0.08952998742461205, Inverse Test Loss: 1.2483631688005783 
2025-05-16 15:41:08,878 INFO: Epoch 370, Train Loss: 0.08251897728239949, Test Loss: 0.08852837015600766, Inverse Test Loss: 1.2415517884142258 
2025-05-16 15:41:12,610 INFO: Epoch 371, Train Loss: 0.08374078441975695, Test Loss: 0.08956990018486977, Inverse Test Loss: 1.2501147073857926 
2025-05-16 15:41:16,361 INFO: Epoch 372, Train Loss: 0.08230422205771461, Test Loss: 0.09003234523184159, Inverse Test Loss: 1.248392434681163 
2025-05-16 15:41:20,176 INFO: Epoch 373, Train Loss: 0.0833123584249706, Test Loss: 0.08892856866997831, Inverse Test Loss: 1.2446136194116928 
2025-05-16 15:41:23,912 INFO: Epoch 374, Train Loss: 0.08291757603486379, Test Loss: 0.08876746301265324, Inverse Test Loss: 1.2398150072378271 
2025-05-16 15:41:27,645 INFO: Epoch 375, Train Loss: 0.08212538046593015, Test Loss: 0.09065061676151612, Inverse Test Loss: 1.287053357152378 
2025-05-16 15:41:31,375 INFO: Epoch 376, Train Loss: 0.08265575032794115, Test Loss: 0.08885599453659619, Inverse Test Loss: 1.242234254584593 
2025-05-16 15:41:35,074 INFO: Epoch 377, Train Loss: 0.08306223758016572, Test Loss: 0.09038302652976092, Inverse Test Loss: 1.2616756698664497 
2025-05-16 15:41:38,832 INFO: Epoch 378, Train Loss: 0.08229665661400015, Test Loss: 0.08891557266607004, Inverse Test Loss: 1.2483533270218794 
2025-05-16 15:41:42,583 INFO: Epoch 379, Train Loss: 0.08308757260216004, Test Loss: 0.08912944859441589, Inverse Test Loss: 1.2452157244962805 
2025-05-16 15:41:46,327 INFO: Epoch 380, Train Loss: 0.08314589264266418, Test Loss: 0.09079609855132945, Inverse Test Loss: 1.290861561017878 
2025-05-16 15:41:50,033 INFO: Epoch 381, Train Loss: 0.08198790413073519, Test Loss: 0.09055999272009906, Inverse Test Loss: 1.26039935911403 
2025-05-16 15:41:53,777 INFO: Epoch 382, Train Loss: 0.08275344002653252, Test Loss: 0.0887372807106551, Inverse Test Loss: 1.2354870403514189 
2025-05-16 15:41:57,555 INFO: Epoch 383, Train Loss: 0.08179113539782437, Test Loss: 0.08852444282349418, Inverse Test Loss: 1.2351157700314241 
2025-05-16 15:42:01,360 INFO: Epoch 384, Train Loss: 0.08179800703444264, Test Loss: 0.08847641835317892, Inverse Test Loss: 1.2485435920603134 
2025-05-16 15:42:05,147 INFO: Epoch 385, Train Loss: 0.08260194878235008, Test Loss: 0.08953533299705561, Inverse Test Loss: 1.2452058932360481 
2025-05-16 15:42:08,868 INFO: Epoch 386, Train Loss: 0.08287941252417637, Test Loss: 0.088524708414779, Inverse Test Loss: 1.2524232548825882 
2025-05-16 15:42:12,645 INFO: Epoch 387, Train Loss: 0.08225769476231301, Test Loss: 0.09040352504919558, Inverse Test Loss: 1.2505307548186357 
2025-05-16 15:42:16,373 INFO: Epoch 388, Train Loss: 0.08186606520956213, Test Loss: 0.09062709549770635, Inverse Test Loss: 1.269455678322736 
2025-05-16 15:42:20,105 INFO: Epoch 389, Train Loss: 0.08084464073181152, Test Loss: 0.08842712903723997, Inverse Test Loss: 1.2434614581220291 
2025-05-16 15:42:23,853 INFO: Epoch 390, Train Loss: 0.08160765711782557, Test Loss: 0.08938743393210803, Inverse Test Loss: 1.2412398492588717 
2025-05-16 15:42:27,650 INFO: Epoch 391, Train Loss: 0.08174075400739005, Test Loss: 0.09089599155327853, Inverse Test Loss: 1.2634571229710299 
2025-05-16 15:42:31,393 INFO: Epoch 392, Train Loss: 0.08148943680818334, Test Loss: 0.09141002748818959, Inverse Test Loss: 1.2668606849277722 
2025-05-16 15:42:35,207 INFO: Epoch 393, Train Loss: 0.08189696304951653, Test Loss: 0.09118479862809181, Inverse Test Loss: 1.2582042988608866 
2025-05-16 15:42:38,942 INFO: Epoch 394, Train Loss: 0.08282873909356016, Test Loss: 0.08813651607317083, Inverse Test Loss: 1.2412530604530783 
2025-05-16 15:42:42,702 INFO: Epoch 395, Train Loss: 0.0822693281101458, Test Loss: 0.08950534550582662, Inverse Test Loss: 1.2580628991127014 
2025-05-16 15:42:46,412 INFO: Epoch 396, Train Loss: 0.08095402603573872, Test Loss: 0.08876181065159686, Inverse Test Loss: 1.2481292521252352 
2025-05-16 15:42:50,164 INFO: Epoch 397, Train Loss: 0.08199807640277978, Test Loss: 0.09146467552465551, Inverse Test Loss: 1.286643946872038 
2025-05-16 15:42:53,910 INFO: Epoch 398, Train Loss: 0.0802681649555311, Test Loss: 0.08962851872338969, Inverse Test Loss: 1.2414163631551407 
2025-05-16 15:42:57,648 INFO: Epoch 399, Train Loss: 0.08191281782858299, Test Loss: 0.09224019090042394, Inverse Test Loss: 1.2941736964618458 
2025-05-16 15:43:01,382 INFO: Epoch 400, Train Loss: 0.08145414673807946, Test Loss: 0.09157233334639493, Inverse Test Loss: 1.304974005502813 
2025-05-16 15:43:01,382 INFO: Best Epoch 322, Best Test Loss: 0.08756955866427983, Inverse Test Loss: 1.2378212318700903 
