2025-06-18 14:41:55,042 INFO: log_path:/logs_2025_6_18_HS_mos2_L1/AMFormer_simple_KAN_dim32_depth2_heads4_dropout0.4_lr0.0001_2P 
2025-06-18 14:41:55,042 INFO: Model:namespace(attn_dropout=0.4, categories=[], cluster=3, depth=2, dim=32, ff_dropout=0.4, groups=[54, 54, 54], heads=4, name='AMFormer_simple_KAN_dim32_depth2_heads4_dropout0.4', num_cate=0, num_cont=20, num_special_tokens=1, out_dim=1, predictor='simple_KAN', prod_num_per_group=[6, 6, 6], qk_relu=False, static_fusion={'kan_weight': 0.4, 'trans_weight': 0.6}, sum_num_per_group=[32, 16, 8], target_mode='regression', token_descent=False, use_cls_token=True, use_prod=True, use_row_col_attention=True, use_sigmoid=True) 
2025-06-18 14:41:55,043 INFO: lr:0.0001, loss:L1 
2025-06-18 14:41:55,043 INFO: Dataset:HS_mos2, Target:['metal2_Peak'] 
2025-06-18 14:41:55,043 INFO: ------Begin Training Model------ 
2025-06-18 14:42:04,137 INFO: Epoch 1, Train Loss: 0.3202622966332869, Test Loss: 0.31937623199294596, Inverse Test Loss: 0.1846838339286692 
2025-06-18 14:42:07,083 INFO: Epoch 2, Train Loss: 0.28700870930245426, Test Loss: 0.29386700163869295, Inverse Test Loss: 0.17295919183422537 
2025-06-18 14:42:10,029 INFO: Epoch 3, Train Loss: 0.27130315204461414, Test Loss: 0.2798600337084602, Inverse Test Loss: 0.16613092974704854 
2025-06-18 14:42:12,967 INFO: Epoch 4, Train Loss: 0.2572337617025231, Test Loss: 0.2632928473107955, Inverse Test Loss: 0.15687597060904784 
2025-06-18 14:42:15,896 INFO: Epoch 5, Train Loss: 0.24397021012775827, Test Loss: 0.25812426735373106, Inverse Test Loss: 0.1541734697187648 
2025-06-18 14:42:18,845 INFO: Epoch 6, Train Loss: 0.233324258164926, Test Loss: 0.24508490281946518, Inverse Test Loss: 0.14646008260109844 
2025-06-18 14:42:21,793 INFO: Epoch 7, Train Loss: 0.22419182075695557, Test Loss: 0.23333486739326925, Inverse Test Loss: 0.13864524706321604 
2025-06-18 14:42:24,751 INFO: Epoch 8, Train Loss: 0.21819129405599652, Test Loss: 0.2226318392683478, Inverse Test Loss: 0.13160952487412622 
2025-06-18 14:42:27,705 INFO: Epoch 9, Train Loss: 0.20559766380624336, Test Loss: 0.20860413768712213, Inverse Test Loss: 0.12195840214981753 
2025-06-18 14:42:30,655 INFO: Epoch 10, Train Loss: 0.19409580619046182, Test Loss: 0.1915130426778513, Inverse Test Loss: 0.1102076860911706 
2025-06-18 14:42:33,597 INFO: Epoch 11, Train Loss: 0.1848008997286811, Test Loss: 0.17611804692184224, Inverse Test Loss: 0.10059866988483597 
2025-06-18 14:42:36,522 INFO: Epoch 12, Train Loss: 0.17132855432503152, Test Loss: 0.16035196886343114, Inverse Test Loss: 0.08991128513041664 
2025-06-18 14:42:39,439 INFO: Epoch 13, Train Loss: 0.16056181400111227, Test Loss: 0.15100160898531184, Inverse Test Loss: 0.0832318523350884 
2025-06-18 14:42:42,374 INFO: Epoch 14, Train Loss: 0.15211620339841553, Test Loss: 0.13140561431646347, Inverse Test Loss: 0.07171380870482501 
2025-06-18 14:42:45,324 INFO: Epoch 15, Train Loss: 0.14261246224244437, Test Loss: 0.12505335514159763, Inverse Test Loss: 0.06703824067817014 
2025-06-18 14:42:48,271 INFO: Epoch 16, Train Loss: 0.1351665515791286, Test Loss: 0.1078195869922638, Inverse Test Loss: 0.05770544236635461 
2025-06-18 14:42:51,207 INFO: Epoch 17, Train Loss: 0.12624773908067832, Test Loss: 0.10327885212267146, Inverse Test Loss: 0.05527194085366586 
2025-06-18 14:42:54,150 INFO: Epoch 18, Train Loss: 0.11833569700970795, Test Loss: 0.101729076136561, Inverse Test Loss: 0.05436751509414 
2025-06-18 14:42:57,086 INFO: Epoch 19, Train Loss: 0.1176501852883534, Test Loss: 0.1065629681243616, Inverse Test Loss: 0.056748838218695974 
2025-06-18 14:43:00,018 INFO: Epoch 20, Train Loss: 0.11509851078418168, Test Loss: 0.09794872385614059, Inverse Test Loss: 0.05230752269134802 
2025-06-18 14:43:02,960 INFO: Epoch 21, Train Loss: 0.11312532836966442, Test Loss: 0.09728202946922358, Inverse Test Loss: 0.0519107547314728 
2025-06-18 14:43:05,908 INFO: Epoch 22, Train Loss: 0.11280210073472875, Test Loss: 0.09639016188242856, Inverse Test Loss: 0.05135831872329993 
2025-06-18 14:43:08,841 INFO: Epoch 23, Train Loss: 0.10988242382353003, Test Loss: 0.09657646934775745, Inverse Test Loss: 0.05147083936368718 
2025-06-18 14:43:11,791 INFO: Epoch 24, Train Loss: 0.10872196519013608, Test Loss: 0.0937556964071358, Inverse Test Loss: 0.05007380696342272 
2025-06-18 14:43:14,747 INFO: Epoch 25, Train Loss: 0.1086789279273062, Test Loss: 0.09593289060627713, Inverse Test Loss: 0.05110939329161363 
2025-06-18 14:43:17,680 INFO: Epoch 26, Train Loss: 0.10617875223132697, Test Loss: 0.09440071464461439, Inverse Test Loss: 0.05028541725786293 
2025-06-18 14:43:20,602 INFO: Epoch 27, Train Loss: 0.10646735882443009, Test Loss: 0.0921295887845404, Inverse Test Loss: 0.049126582001062 
2025-06-18 14:43:23,540 INFO: Epoch 28, Train Loss: 0.10523055121302605, Test Loss: 0.09340811038718504, Inverse Test Loss: 0.04972886250299566 
2025-06-18 14:43:26,487 INFO: Epoch 29, Train Loss: 0.10500673994873509, Test Loss: 0.08995667669702978, Inverse Test Loss: 0.0480504900436191 
2025-06-18 14:43:29,431 INFO: Epoch 30, Train Loss: 0.10397202995690433, Test Loss: 0.09017005475128398, Inverse Test Loss: 0.0481104753254091 
2025-06-18 14:43:32,378 INFO: Epoch 31, Train Loss: 0.10300047898834402, Test Loss: 0.09107259902007439, Inverse Test Loss: 0.04853350460967597 
2025-06-18 14:43:35,320 INFO: Epoch 32, Train Loss: 0.10150587773232748, Test Loss: 0.09071927079383064, Inverse Test Loss: 0.04836314116768977 
2025-06-18 14:43:38,270 INFO: Epoch 33, Train Loss: 0.1030782935294238, Test Loss: 0.09012386115158305, Inverse Test Loss: 0.047999831902630186 
2025-06-18 14:43:41,195 INFO: Epoch 34, Train Loss: 0.10171953972541925, Test Loss: 0.08789652651723694, Inverse Test Loss: 0.04694561682203237 
2025-06-18 14:43:44,128 INFO: Epoch 35, Train Loss: 0.10048459154186827, Test Loss: 0.0878106427981573, Inverse Test Loss: 0.04682081543347415 
2025-06-18 14:43:47,083 INFO: Epoch 36, Train Loss: 0.10093273786884366, Test Loss: 0.08664255764554529, Inverse Test Loss: 0.04627121119376491 
2025-06-18 14:43:50,034 INFO: Epoch 37, Train Loss: 0.10085623626681892, Test Loss: 0.08701058564817205, Inverse Test Loss: 0.04647112725412145 
2025-06-18 14:43:53,108 INFO: Epoch 38, Train Loss: 0.09864530638989175, Test Loss: 0.08814299216165263, Inverse Test Loss: 0.04704736523768481 
2025-06-18 14:43:56,077 INFO: Epoch 39, Train Loss: 0.09946288738512632, Test Loss: 0.08817296036902596, Inverse Test Loss: 0.047065799617592025 
2025-06-18 14:43:59,005 INFO: Epoch 40, Train Loss: 0.09840207925122796, Test Loss: 0.08509311299113666, Inverse Test Loss: 0.045490984750144625 
2025-06-18 14:44:01,932 INFO: Epoch 41, Train Loss: 0.09783802661254551, Test Loss: 0.08547852604704745, Inverse Test Loss: 0.04564885302063297 
2025-06-18 14:44:04,878 INFO: Epoch 42, Train Loss: 0.09738123699119597, Test Loss: 0.08498459659955081, Inverse Test Loss: 0.045369077145176774 
2025-06-18 14:44:07,822 INFO: Epoch 43, Train Loss: 0.09762058994083693, Test Loss: 0.08419129252433777, Inverse Test Loss: 0.04504953686367063 
2025-06-18 14:44:10,760 INFO: Epoch 44, Train Loss: 0.0979688980362632, Test Loss: 0.08390920083312427, Inverse Test Loss: 0.04487517695216572 
2025-06-18 14:44:13,653 INFO: Epoch 45, Train Loss: 0.09525199736835378, Test Loss: 0.08476213584927951, Inverse Test Loss: 0.04526460663798977 
2025-06-18 14:44:16,720 INFO: Epoch 46, Train Loss: 0.09692478168642882, Test Loss: 0.08308617025613785, Inverse Test Loss: 0.04446050086442162 
2025-06-18 14:44:19,751 INFO: Epoch 47, Train Loss: 0.09566584827773499, Test Loss: 0.08494227160425748, Inverse Test Loss: 0.04541682320482591 
2025-06-18 14:44:22,791 INFO: Epoch 48, Train Loss: 0.09515300991408752, Test Loss: 0.08364208217929392, Inverse Test Loss: 0.0447542933637605 
2025-06-18 14:44:25,795 INFO: Epoch 49, Train Loss: 0.09460449342926343, Test Loss: 0.08253105685991399, Inverse Test Loss: 0.04418956028187976 
2025-06-18 14:44:28,825 INFO: Epoch 50, Train Loss: 0.09570209281236837, Test Loss: 0.08164891381474103, Inverse Test Loss: 0.043702109333346874 
2025-06-18 14:44:31,720 INFO: Epoch 51, Train Loss: 0.09424616379494016, Test Loss: 0.08199450001120567, Inverse Test Loss: 0.043893492397140056 
2025-06-18 14:44:34,649 INFO: Epoch 52, Train Loss: 0.09462275389920581, Test Loss: 0.08354565216337934, Inverse Test Loss: 0.04462298367391614 
2025-06-18 14:44:37,547 INFO: Epoch 53, Train Loss: 0.09341181899336251, Test Loss: 0.08225094877621707, Inverse Test Loss: 0.04399881468099706 
2025-06-18 14:44:40,462 INFO: Epoch 54, Train Loss: 0.09317037638163927, Test Loss: 0.0829666348941186, Inverse Test Loss: 0.044341600554830884 
2025-06-18 14:44:43,344 INFO: Epoch 55, Train Loss: 0.09236750712223125, Test Loss: 0.08217757260974716, Inverse Test Loss: 0.043953244190882236 
2025-06-18 14:44:46,284 INFO: Epoch 56, Train Loss: 0.09359000041855103, Test Loss: 0.08165857239681132, Inverse Test Loss: 0.043726012220277506 
2025-06-18 14:44:49,191 INFO: Epoch 57, Train Loss: 0.09320507136483987, Test Loss: 0.08179150280707023, Inverse Test Loss: 0.043778693413033205 
2025-06-18 14:44:52,088 INFO: Epoch 58, Train Loss: 0.09225624573953224, Test Loss: 0.08139281018691905, Inverse Test Loss: 0.04358532652258873 
2025-06-18 14:44:54,987 INFO: Epoch 59, Train Loss: 0.09282895623508727, Test Loss: 0.08190900328404763, Inverse Test Loss: 0.043788001160411275 
2025-06-18 14:44:57,900 INFO: Epoch 60, Train Loss: 0.0917258933750969, Test Loss: 0.08056507851271068, Inverse Test Loss: 0.043158484732403475 
2025-06-18 14:45:00,837 INFO: Epoch 61, Train Loss: 0.09153280565232942, Test Loss: 0.08001898798872442, Inverse Test Loss: 0.04285242123638883 
2025-06-18 14:45:03,729 INFO: Epoch 62, Train Loss: 0.0912486207530354, Test Loss: 0.08098928937140633, Inverse Test Loss: 0.04336240657550447 
2025-06-18 14:45:06,677 INFO: Epoch 63, Train Loss: 0.09046955175246253, Test Loss: 0.07947812514270053, Inverse Test Loss: 0.04257732443511486 
2025-06-18 14:45:09,571 INFO: Epoch 64, Train Loss: 0.0909387923099778, Test Loss: 0.07919418811798096, Inverse Test Loss: 0.04245887411867871 
2025-06-18 14:45:12,499 INFO: Epoch 65, Train Loss: 0.09040364442449628, Test Loss: 0.07987884344423518, Inverse Test Loss: 0.04279215874917367 
2025-06-18 14:45:15,420 INFO: Epoch 66, Train Loss: 0.08936984176662835, Test Loss: 0.07863529201816111, Inverse Test Loss: 0.04214219639406485 
2025-06-18 14:45:18,341 INFO: Epoch 67, Train Loss: 0.0897491883599397, Test Loss: 0.07943715615307584, Inverse Test Loss: 0.04252559713581029 
2025-06-18 14:45:21,316 INFO: Epoch 68, Train Loss: 0.09032714699931217, Test Loss: 0.07864557403851957, Inverse Test Loss: 0.042208044296678376 
2025-06-18 14:45:24,217 INFO: Epoch 69, Train Loss: 0.08940862469149358, Test Loss: 0.07985517010092735, Inverse Test Loss: 0.042798202484846115 
2025-06-18 14:45:27,162 INFO: Epoch 70, Train Loss: 0.08866563794965093, Test Loss: 0.07917841721106977, Inverse Test Loss: 0.042402546962394434 
2025-06-18 14:45:30,100 INFO: Epoch 71, Train Loss: 0.08892571643897981, Test Loss: 0.07987156970536008, Inverse Test Loss: 0.042740817126982356 
2025-06-18 14:45:32,996 INFO: Epoch 72, Train Loss: 0.08879902117857427, Test Loss: 0.08039737207924619, Inverse Test Loss: 0.04301236328833243 
2025-06-18 14:45:35,908 INFO: Epoch 73, Train Loss: 0.08805360520879428, Test Loss: 0.07802671807653763, Inverse Test Loss: 0.041835245950257074 
2025-06-18 14:45:38,855 INFO: Epoch 74, Train Loss: 0.08775327456268397, Test Loss: 0.07949537455159075, Inverse Test Loss: 0.04255992963033564 
2025-06-18 14:45:41,793 INFO: Epoch 75, Train Loss: 0.08825636609937206, Test Loss: 0.07904452896293472, Inverse Test Loss: 0.04234685978906996 
2025-06-18 14:45:44,705 INFO: Epoch 76, Train Loss: 0.08795921013436535, Test Loss: 0.0791970774093095, Inverse Test Loss: 0.04242613966412404 
2025-06-18 14:45:47,619 INFO: Epoch 77, Train Loss: 0.08784837298321002, Test Loss: 0.07851640288444127, Inverse Test Loss: 0.042093402432168234 
2025-06-18 14:45:50,559 INFO: Epoch 78, Train Loss: 0.08702846853570505, Test Loss: 0.07947396771872745, Inverse Test Loss: 0.0426013349171947 
2025-06-18 14:45:53,471 INFO: Epoch 79, Train Loss: 0.08707143789665266, Test Loss: 0.07884362515281229, Inverse Test Loss: 0.04226520580842214 
2025-06-18 14:45:56,392 INFO: Epoch 80, Train Loss: 0.08708646046844395, Test Loss: 0.07780485512579188, Inverse Test Loss: 0.04171818681061268 
2025-06-18 14:45:59,328 INFO: Epoch 81, Train Loss: 0.08634648020520355, Test Loss: 0.07817333542248782, Inverse Test Loss: 0.04187385091448531 
2025-06-18 14:46:02,274 INFO: Epoch 82, Train Loss: 0.08666658322467949, Test Loss: 0.07857149160083603, Inverse Test Loss: 0.0421096622286474 
2025-06-18 14:46:05,218 INFO: Epoch 83, Train Loss: 0.08643827254347729, Test Loss: 0.07801934485049809, Inverse Test Loss: 0.04183897573281737 
2025-06-18 14:46:08,255 INFO: Epoch 84, Train Loss: 0.0857588162250591, Test Loss: 0.07741384624558337, Inverse Test Loss: 0.04158073860932799 
2025-06-18 14:46:11,259 INFO: Epoch 85, Train Loss: 0.08547702397812497, Test Loss: 0.07761131007881726, Inverse Test Loss: 0.04157078616759356 
2025-06-18 14:46:14,219 INFO: Epoch 86, Train Loss: 0.08586739443919876, Test Loss: 0.07815810512093936, Inverse Test Loss: 0.04192139821894029 
2025-06-18 14:46:17,150 INFO: Epoch 87, Train Loss: 0.08583581899151657, Test Loss: 0.07738412807092947, Inverse Test Loss: 0.04152388059917618 
2025-06-18 14:46:20,088 INFO: Epoch 88, Train Loss: 0.08520233958508029, Test Loss: 0.07842125151963796, Inverse Test Loss: 0.04204082028830752 
2025-06-18 14:46:22,999 INFO: Epoch 89, Train Loss: 0.08543038927018642, Test Loss: 0.07712298018090866, Inverse Test Loss: 0.041354619295281524 
2025-06-18 14:46:25,890 INFO: Epoch 90, Train Loss: 0.085446497961653, Test Loss: 0.0768497967544724, Inverse Test Loss: 0.0412695784779156 
2025-06-18 14:46:28,782 INFO: Epoch 91, Train Loss: 0.08607394203092113, Test Loss: 0.07670655517893679, Inverse Test Loss: 0.041152887375039214 
2025-06-18 14:46:31,698 INFO: Epoch 92, Train Loss: 0.08530506914989515, Test Loss: 0.07641052761498619, Inverse Test Loss: 0.04102389634970356 
2025-06-18 14:46:34,637 INFO: Epoch 93, Train Loss: 0.08428400365466421, Test Loss: 0.07680692655198715, Inverse Test Loss: 0.04119629905942608 
2025-06-18 14:46:37,499 INFO: Epoch 94, Train Loss: 0.08468801573370442, Test Loss: 0.07618097522679497, Inverse Test Loss: 0.04089958593249321 
2025-06-18 14:46:40,418 INFO: Epoch 95, Train Loss: 0.08464313388773889, Test Loss: 0.07755550961284076, Inverse Test Loss: 0.041624318808317184 
2025-06-18 14:46:43,352 INFO: Epoch 96, Train Loss: 0.08436865619186198, Test Loss: 0.07657025118961054, Inverse Test Loss: 0.041057524873929864 
2025-06-18 14:46:46,261 INFO: Epoch 97, Train Loss: 0.08421367152848026, Test Loss: 0.07721906922319356, Inverse Test Loss: 0.04140883804682423 
2025-06-18 14:46:49,179 INFO: Epoch 98, Train Loss: 0.08406913342575233, Test Loss: 0.07665916882893618, Inverse Test Loss: 0.04111139794044635 
2025-06-18 14:46:52,112 INFO: Epoch 99, Train Loss: 0.08416124659054207, Test Loss: 0.07662293797030169, Inverse Test Loss: 0.04111057684263762 
2025-06-18 14:46:55,044 INFO: Epoch 100, Train Loss: 0.08308680745011027, Test Loss: 0.07599295719581492, Inverse Test Loss: 0.04079707711935043 
2025-06-18 14:46:55,045 INFO: Best Epoch 100, Best Test Loss: 0.07599295719581492, Inverse Test Loss: 0.04079707711935043 
2025-06-18 14:46:57,981 INFO: Epoch 101, Train Loss: 0.08333841197644219, Test Loss: 0.07676367724643034, Inverse Test Loss: 0.04122116142774329 
2025-06-18 14:47:00,906 INFO: Epoch 102, Train Loss: 0.08364477070669334, Test Loss: 0.0767408797846121, Inverse Test Loss: 0.041168686550329715 
2025-06-18 14:47:03,827 INFO: Epoch 103, Train Loss: 0.08283067330943816, Test Loss: 0.07595284874824916, Inverse Test Loss: 0.040728893678854496 
2025-06-18 14:47:06,743 INFO: Epoch 104, Train Loss: 0.08309703117067163, Test Loss: 0.07645454323467087, Inverse Test Loss: 0.040999494164305574 
2025-06-18 14:47:09,673 INFO: Epoch 105, Train Loss: 0.08298317884857004, Test Loss: 0.07611367522793658, Inverse Test Loss: 0.040823649834184086 
2025-06-18 14:47:12,607 INFO: Epoch 106, Train Loss: 0.0828856850099383, Test Loss: 0.07594131568775457, Inverse Test Loss: 0.04071795359692153 
2025-06-18 14:47:15,510 INFO: Epoch 107, Train Loss: 0.08278300573654247, Test Loss: 0.07630269886816249, Inverse Test Loss: 0.04089978600249571 
2025-06-18 14:47:18,429 INFO: Epoch 108, Train Loss: 0.08303598802762502, Test Loss: 0.07548335019279928, Inverse Test Loss: 0.040510376915335655 
2025-06-18 14:47:21,344 INFO: Epoch 109, Train Loss: 0.08222448188021328, Test Loss: 0.07559177126078044, Inverse Test Loss: 0.04054359094623257 
2025-06-18 14:47:24,268 INFO: Epoch 110, Train Loss: 0.08304997330362146, Test Loss: 0.07565855366342208, Inverse Test Loss: 0.04059536163421238 
2025-06-18 14:47:27,168 INFO: Epoch 111, Train Loss: 0.0813855454325676, Test Loss: 0.07586877530111986, Inverse Test Loss: 0.04066947102546692 
2025-06-18 14:47:30,078 INFO: Epoch 112, Train Loss: 0.08210045629830072, Test Loss: 0.07534087186350542, Inverse Test Loss: 0.040400705245487833 
2025-06-18 14:47:33,006 INFO: Epoch 113, Train Loss: 0.08146679333665154, Test Loss: 0.0765251252142822, Inverse Test Loss: 0.04102038307225003 
2025-06-18 14:47:35,889 INFO: Epoch 114, Train Loss: 0.08151908907474893, Test Loss: 0.0764185034615152, Inverse Test Loss: 0.040983737829853505 
2025-06-18 14:47:38,806 INFO: Epoch 115, Train Loss: 0.08250771604026809, Test Loss: 0.07599674121421926, Inverse Test Loss: 0.04077080626259832 
2025-06-18 14:47:41,686 INFO: Epoch 116, Train Loss: 0.08141238084345152, Test Loss: 0.07498121195856262, Inverse Test Loss: 0.04026398917331415 
2025-06-18 14:47:44,575 INFO: Epoch 117, Train Loss: 0.08121539183864088, Test Loss: 0.07536895310177523, Inverse Test Loss: 0.04047968665904859 
2025-06-18 14:47:47,494 INFO: Epoch 118, Train Loss: 0.08112135168277856, Test Loss: 0.07518148487981628, Inverse Test Loss: 0.040335202370496356 
2025-06-18 14:47:50,417 INFO: Epoch 119, Train Loss: 0.08075328154320066, Test Loss: 0.07515477805453188, Inverse Test Loss: 0.04028134278076537 
2025-06-18 14:47:53,306 INFO: Epoch 120, Train Loss: 0.08096148068028869, Test Loss: 0.07537390094469576, Inverse Test Loss: 0.04041257664999541 
2025-06-18 14:47:56,233 INFO: Epoch 121, Train Loss: 0.08155353626970088, Test Loss: 0.07532488379408331, Inverse Test Loss: 0.04036782287499484 
2025-06-18 14:47:59,159 INFO: Epoch 122, Train Loss: 0.08111038781476743, Test Loss: 0.07636891152052318, Inverse Test Loss: 0.04089551079360878 
2025-06-18 14:48:02,023 INFO: Epoch 123, Train Loss: 0.08042444751569719, Test Loss: 0.07530267361332388, Inverse Test Loss: 0.040400285492925084 
2025-06-18 14:48:04,965 INFO: Epoch 124, Train Loss: 0.0809066387062723, Test Loss: 0.07535459714777329, Inverse Test Loss: 0.04044470234828837 
2025-06-18 14:48:07,882 INFO: Epoch 125, Train Loss: 0.0805427905059222, Test Loss: 0.07487310293842764, Inverse Test Loss: 0.0401731530094848 
2025-06-18 14:48:10,808 INFO: Epoch 126, Train Loss: 0.08039451311483528, Test Loss: 0.07503296281484996, Inverse Test Loss: 0.04025787882068578 
2025-06-18 14:48:13,733 INFO: Epoch 127, Train Loss: 0.08081214434721253, Test Loss: 0.07540194953189176, Inverse Test Loss: 0.04046005317393471 
2025-06-18 14:48:16,658 INFO: Epoch 128, Train Loss: 0.07982402639181325, Test Loss: 0.07486619405886706, Inverse Test Loss: 0.04019345595117878 
2025-06-18 14:48:19,607 INFO: Epoch 129, Train Loss: 0.08008886518126185, Test Loss: 0.07540688685634557, Inverse Test Loss: 0.040451247573775405 
2025-06-18 14:48:22,598 INFO: Epoch 130, Train Loss: 0.07968061976134777, Test Loss: 0.07507901419611539, Inverse Test Loss: 0.04026786840575583 
2025-06-18 14:48:25,513 INFO: Epoch 131, Train Loss: 0.0802625771611929, Test Loss: 0.07524436032947372, Inverse Test Loss: 0.04033402550746413 
2025-06-18 14:48:28,413 INFO: Epoch 132, Train Loss: 0.08014158365514243, Test Loss: 0.07523056294988184, Inverse Test Loss: 0.040360117331147194 
2025-06-18 14:48:31,348 INFO: Epoch 133, Train Loss: 0.07971875251016834, Test Loss: 0.07502990829593995, Inverse Test Loss: 0.04022416077992495 
2025-06-18 14:48:34,325 INFO: Epoch 134, Train Loss: 0.0802195214976867, Test Loss: 0.07516442589900073, Inverse Test Loss: 0.040323741295758414 
2025-06-18 14:48:37,141 INFO: Epoch 135, Train Loss: 0.07982489207025731, Test Loss: 0.07488893980489057, Inverse Test Loss: 0.04011123517856879 
2025-06-18 14:48:40,042 INFO: Epoch 136, Train Loss: 0.079304052799037, Test Loss: 0.07486339439364041, Inverse Test Loss: 0.04017699509859085 
2025-06-18 14:48:42,911 INFO: Epoch 137, Train Loss: 0.0792731587408167, Test Loss: 0.07439525009078138, Inverse Test Loss: 0.03988325453418143 
2025-06-18 14:48:45,809 INFO: Epoch 138, Train Loss: 0.0793789139751232, Test Loss: 0.07397318631410599, Inverse Test Loss: 0.03970131245167816 
2025-06-18 14:48:48,677 INFO: Epoch 139, Train Loss: 0.07981655718476484, Test Loss: 0.07455875746467534, Inverse Test Loss: 0.04001145700321478 
2025-06-18 14:48:51,571 INFO: Epoch 140, Train Loss: 0.0791660463719657, Test Loss: 0.07470909703303785, Inverse Test Loss: 0.040076752467190516 
2025-06-18 14:48:54,406 INFO: Epoch 141, Train Loss: 0.07864006704679041, Test Loss: 0.07421997277175679, Inverse Test Loss: 0.0398152731359005 
2025-06-18 14:48:57,313 INFO: Epoch 142, Train Loss: 0.07873304354760682, Test Loss: 0.07435400959323435, Inverse Test Loss: 0.03988185020930627 
2025-06-18 14:49:00,178 INFO: Epoch 143, Train Loss: 0.07877590208116805, Test Loss: 0.0749224755255615, Inverse Test Loss: 0.040200060123906416 
2025-06-18 14:49:03,064 INFO: Epoch 144, Train Loss: 0.0790176580406048, Test Loss: 0.07499987478641902, Inverse Test Loss: 0.04022379931719864 
2025-06-18 14:49:05,928 INFO: Epoch 145, Train Loss: 0.07848999812973267, Test Loss: 0.07465882336392123, Inverse Test Loss: 0.04006534705267233 
2025-06-18 14:49:08,841 INFO: Epoch 146, Train Loss: 0.07905164857705434, Test Loss: 0.07396927585496622, Inverse Test Loss: 0.03968773201546248 
2025-06-18 14:49:11,828 INFO: Epoch 147, Train Loss: 0.07788841008688464, Test Loss: 0.0742117175284554, Inverse Test Loss: 0.039818054832079834 
2025-06-18 14:49:14,762 INFO: Epoch 148, Train Loss: 0.07848168570886958, Test Loss: 0.07434212153448778, Inverse Test Loss: 0.03988345219370197 
2025-06-18 14:49:17,742 INFO: Epoch 149, Train Loss: 0.07873212359845638, Test Loss: 0.07478201279745382, Inverse Test Loss: 0.040122280006899554 
2025-06-18 14:49:20,679 INFO: Epoch 150, Train Loss: 0.07824198783121326, Test Loss: 0.0748573743245181, Inverse Test Loss: 0.040130404645905775 
2025-06-18 14:49:23,621 INFO: Epoch 151, Train Loss: 0.07775102104201462, Test Loss: 0.07446656902046765, Inverse Test Loss: 0.03993679166716688 
2025-06-18 14:49:26,561 INFO: Epoch 152, Train Loss: 0.07845276035368443, Test Loss: 0.07400926575064659, Inverse Test Loss: 0.039705037303707176 
2025-06-18 14:49:29,510 INFO: Epoch 153, Train Loss: 0.07909662767567417, Test Loss: 0.07375524806625702, Inverse Test Loss: 0.039577219087411374 
2025-06-18 14:49:32,457 INFO: Epoch 154, Train Loss: 0.07815456875797475, Test Loss: 0.07397528584389125, Inverse Test Loss: 0.03969772433971658 
2025-06-18 14:49:35,370 INFO: Epoch 155, Train Loss: 0.07769150744107636, Test Loss: 0.07460809433284928, Inverse Test Loss: 0.03996630012989044 
2025-06-18 14:49:38,276 INFO: Epoch 156, Train Loss: 0.07801896192584977, Test Loss: 0.07385015093228396, Inverse Test Loss: 0.03962470536284587 
2025-06-18 14:49:41,181 INFO: Epoch 157, Train Loss: 0.07712234082547101, Test Loss: 0.07405510435209554, Inverse Test Loss: 0.03972004036254743 
2025-06-18 14:49:44,062 INFO: Epoch 158, Train Loss: 0.07744453356347301, Test Loss: 0.07372008724247708, Inverse Test Loss: 0.039539968594908714 
2025-06-18 14:49:47,001 INFO: Epoch 159, Train Loss: 0.0780415337419871, Test Loss: 0.07403542473912239, Inverse Test Loss: 0.03968871516339919 
2025-06-18 14:49:49,898 INFO: Epoch 160, Train Loss: 0.07732669975269925, Test Loss: 0.07433342341991032, Inverse Test Loss: 0.03980771287837449 
2025-06-18 14:49:52,831 INFO: Epoch 161, Train Loss: 0.07751511906584103, Test Loss: 0.07457111600567312, Inverse Test Loss: 0.040015317499637604 
2025-06-18 14:49:55,759 INFO: Epoch 162, Train Loss: 0.07711897039729537, Test Loss: 0.07399475464926046, Inverse Test Loss: 0.03966559119084302 
2025-06-18 14:49:58,696 INFO: Epoch 163, Train Loss: 0.07805786417289214, Test Loss: 0.07382562515490196, Inverse Test Loss: 0.03962020148687503 
2025-06-18 14:50:01,592 INFO: Epoch 164, Train Loss: 0.07766386516618007, Test Loss: 0.07360042324837517, Inverse Test Loss: 0.03947868351550663 
2025-06-18 14:50:04,518 INFO: Epoch 165, Train Loss: 0.07745358895397547, Test Loss: 0.0743263440535349, Inverse Test Loss: 0.039878778488320464 
2025-06-18 14:50:07,435 INFO: Epoch 166, Train Loss: 0.07722156359390779, Test Loss: 0.07377943571876078, Inverse Test Loss: 0.03951234140378587 
2025-06-18 14:50:10,359 INFO: Epoch 167, Train Loss: 0.07734453294313315, Test Loss: 0.07422050154384445, Inverse Test Loss: 0.03978201757897349 
2025-06-18 14:50:13,292 INFO: Epoch 168, Train Loss: 0.07748324853001219, Test Loss: 0.07438846261185758, Inverse Test Loss: 0.03983033316976884 
2025-06-18 14:50:16,226 INFO: Epoch 169, Train Loss: 0.07728635395566623, Test Loss: 0.07387487590312958, Inverse Test Loss: 0.03959516041419085 
2025-06-18 14:50:19,159 INFO: Epoch 170, Train Loss: 0.07794774453522581, Test Loss: 0.0734108662342324, Inverse Test Loss: 0.039330300053252894 
2025-06-18 14:50:22,142 INFO: Epoch 171, Train Loss: 0.07683670436116782, Test Loss: 0.07413830651956446, Inverse Test Loss: 0.039668332785367966 
2025-06-18 14:50:25,145 INFO: Epoch 172, Train Loss: 0.07697735314793659, Test Loss: 0.07348835161503624, Inverse Test Loss: 0.039433142937281555 
2025-06-18 14:50:28,084 INFO: Epoch 173, Train Loss: 0.07735376093875278, Test Loss: 0.07385360098936979, Inverse Test Loss: 0.039578210014630764 
2025-06-18 14:50:31,005 INFO: Epoch 174, Train Loss: 0.07651320715067965, Test Loss: 0.07352708718355964, Inverse Test Loss: 0.03940167442402419 
2025-06-18 14:50:33,960 INFO: Epoch 175, Train Loss: 0.07631785411274794, Test Loss: 0.0734631796093548, Inverse Test Loss: 0.039374327944482077 
2025-06-18 14:50:36,901 INFO: Epoch 176, Train Loss: 0.0765683821430712, Test Loss: 0.07411477911998243, Inverse Test Loss: 0.039679688346736575 
2025-06-18 14:50:39,829 INFO: Epoch 177, Train Loss: 0.07639260206258658, Test Loss: 0.07328386867747587, Inverse Test Loss: 0.03928218365592115 
2025-06-18 14:50:42,755 INFO: Epoch 178, Train Loss: 0.07572343934214476, Test Loss: 0.07307141208473374, Inverse Test Loss: 0.03916948683121625 
2025-06-18 14:50:45,689 INFO: Epoch 179, Train Loss: 0.0761309429777391, Test Loss: 0.07360868879100856, Inverse Test Loss: 0.03939858714447302 
2025-06-18 14:50:48,641 INFO: Epoch 180, Train Loss: 0.07554064634622949, Test Loss: 0.07374962660319664, Inverse Test Loss: 0.03947677145547727 
2025-06-18 14:50:51,570 INFO: Epoch 181, Train Loss: 0.07579301523439812, Test Loss: 0.07388977202422478, Inverse Test Loss: 0.039598527309649134 
2025-06-18 14:50:54,522 INFO: Epoch 182, Train Loss: 0.0766591780790777, Test Loss: 0.07365982015343274, Inverse Test Loss: 0.03945697592023541 
2025-06-18 14:50:57,450 INFO: Epoch 183, Train Loss: 0.07654120603745634, Test Loss: 0.07319648980217822, Inverse Test Loss: 0.039246320176650494 
2025-06-18 14:51:00,337 INFO: Epoch 184, Train Loss: 0.07566238025372679, Test Loss: 0.073531784774626, Inverse Test Loss: 0.039417481488164735 
2025-06-18 14:51:03,268 INFO: Epoch 185, Train Loss: 0.07636960810332587, Test Loss: 0.07309594816144775, Inverse Test Loss: 0.03919736887602245 
2025-06-18 14:51:06,196 INFO: Epoch 186, Train Loss: 0.07661360349844802, Test Loss: 0.07440431481775116, Inverse Test Loss: 0.0398439133868498 
2025-06-18 14:51:09,141 INFO: Epoch 187, Train Loss: 0.07619348072418661, Test Loss: 0.07295996454708717, Inverse Test Loss: 0.03917688492904691 
2025-06-18 14:51:12,091 INFO: Epoch 188, Train Loss: 0.07584340698226835, Test Loss: 0.07285377295578227, Inverse Test Loss: 0.03906799228314091 
2025-06-18 14:51:15,039 INFO: Epoch 189, Train Loss: 0.0758940303472407, Test Loss: 0.07316573687336024, Inverse Test Loss: 0.039177921984125584 
2025-06-18 14:51:17,973 INFO: Epoch 190, Train Loss: 0.07591575175297982, Test Loss: 0.0730871875934741, Inverse Test Loss: 0.03915243749232853 
2025-06-18 14:51:20,927 INFO: Epoch 191, Train Loss: 0.07578627370072133, Test Loss: 0.07344140024746165, Inverse Test Loss: 0.039362473303780836 
2025-06-18 14:51:23,863 INFO: Epoch 192, Train Loss: 0.07546261336767313, Test Loss: 0.07292801273219726, Inverse Test Loss: 0.03909106716951903 
2025-06-18 14:51:26,776 INFO: Epoch 193, Train Loss: 0.075049002513741, Test Loss: 0.07335741401595228, Inverse Test Loss: 0.03925299118546879 
2025-06-18 14:51:29,686 INFO: Epoch 194, Train Loss: 0.07579652101478794, Test Loss: 0.07319102392477148, Inverse Test Loss: 0.039251701468053984 
2025-06-18 14:51:32,604 INFO: Epoch 195, Train Loss: 0.07532051617674755, Test Loss: 0.07255133986473083, Inverse Test Loss: 0.038874420392162656 
2025-06-18 14:51:35,518 INFO: Epoch 196, Train Loss: 0.07536364166122494, Test Loss: 0.07275275886058807, Inverse Test Loss: 0.038995227283414674 
2025-06-18 14:51:38,423 INFO: Epoch 197, Train Loss: 0.07482654745267196, Test Loss: 0.07347716610221301, Inverse Test Loss: 0.039330803405712635 
2025-06-18 14:51:41,342 INFO: Epoch 198, Train Loss: 0.07500621557913044, Test Loss: 0.07347506460021525, Inverse Test Loss: 0.039351184688070244 
2025-06-18 14:51:44,279 INFO: Epoch 199, Train Loss: 0.07551526453233126, Test Loss: 0.0734323918381158, Inverse Test Loss: 0.03932582006296691 
2025-06-18 14:51:47,170 INFO: Epoch 200, Train Loss: 0.0754477431376775, Test Loss: 0.0729802338516011, Inverse Test Loss: 0.03907047858571305 
2025-06-18 14:51:47,170 INFO: Best Epoch 195, Best Test Loss: 0.07255133986473083, Inverse Test Loss: 0.038874420392162656 
2025-06-18 14:51:50,100 INFO: Epoch 201, Train Loss: 0.07467981168266499, Test Loss: 0.07262841721667963, Inverse Test Loss: 0.03889705306466888 
2025-06-18 14:51:53,035 INFO: Epoch 202, Train Loss: 0.07449010319330475, Test Loss: 0.07250821349375389, Inverse Test Loss: 0.038870646344388235 
2025-06-18 14:51:55,962 INFO: Epoch 203, Train Loss: 0.07500813946579442, Test Loss: 0.07291116675033289, Inverse Test Loss: 0.039050887722302884 
2025-06-18 14:51:58,873 INFO: Epoch 204, Train Loss: 0.07487874991740241, Test Loss: 0.07292005923741005, Inverse Test Loss: 0.03902646099381587 
2025-06-18 14:52:01,784 INFO: Epoch 205, Train Loss: 0.07478775896809318, Test Loss: 0.07340649756438591, Inverse Test Loss: 0.03929564411587575 
2025-06-18 14:52:04,659 INFO: Epoch 206, Train Loss: 0.0746439891218236, Test Loss: 0.07277607939699117, Inverse Test Loss: 0.03896285714033772 
2025-06-18 14:52:07,586 INFO: Epoch 207, Train Loss: 0.07459078700930784, Test Loss: 0.07268931125016774, Inverse Test Loss: 0.038921323878800165 
2025-06-18 14:52:10,492 INFO: Epoch 208, Train Loss: 0.07488394105298952, Test Loss: 0.0722838876878514, Inverse Test Loss: 0.038717388011076874 
2025-06-18 14:52:13,416 INFO: Epoch 209, Train Loss: 0.07468457110790593, Test Loss: 0.07219754751114284, Inverse Test Loss: 0.038652277277672994 
2025-06-18 14:52:16,354 INFO: Epoch 210, Train Loss: 0.07438713408103495, Test Loss: 0.07263392976978246, Inverse Test Loss: 0.038860501940636075 
2025-06-18 14:52:19,235 INFO: Epoch 211, Train Loss: 0.07446665903835585, Test Loss: 0.07219910994172096, Inverse Test Loss: 0.038707187180133426 
2025-06-18 14:52:22,200 INFO: Epoch 212, Train Loss: 0.07428046327197191, Test Loss: 0.07260726085480522, Inverse Test Loss: 0.038864422260838395 
2025-06-18 14:52:25,107 INFO: Epoch 213, Train Loss: 0.07482240078124133, Test Loss: 0.0726968295433942, Inverse Test Loss: 0.03891368812936194 
2025-06-18 14:52:28,028 INFO: Epoch 214, Train Loss: 0.07512033854921658, Test Loss: 0.07234658454270924, Inverse Test Loss: 0.038755124215694034 
2025-06-18 14:52:30,941 INFO: Epoch 215, Train Loss: 0.07386932522058487, Test Loss: 0.0721769788685967, Inverse Test Loss: 0.03864900767803192 
2025-06-18 14:52:33,845 INFO: Epoch 216, Train Loss: 0.07396571355109866, Test Loss: 0.07288857943871442, Inverse Test Loss: 0.038997307419776917 
2025-06-18 14:52:36,746 INFO: Epoch 217, Train Loss: 0.07384893969830239, Test Loss: 0.07309957484112066, Inverse Test Loss: 0.03910596526282675 
2025-06-18 14:52:39,668 INFO: Epoch 218, Train Loss: 0.07367557106596051, Test Loss: 0.07230516413555425, Inverse Test Loss: 0.038683572017094665 
2025-06-18 14:52:42,578 INFO: Epoch 219, Train Loss: 0.07355874280134837, Test Loss: 0.07243023155366674, Inverse Test Loss: 0.038766932290266544 
2025-06-18 14:52:45,476 INFO: Epoch 220, Train Loss: 0.07371304830479802, Test Loss: 0.072552400695927, Inverse Test Loss: 0.03881350608871264 
2025-06-18 14:52:48,391 INFO: Epoch 221, Train Loss: 0.07427739634206801, Test Loss: 0.07293005156166413, Inverse Test Loss: 0.0389589868924197 
2025-06-18 14:52:51,291 INFO: Epoch 222, Train Loss: 0.07413286958454234, Test Loss: 0.07282075351651977, Inverse Test Loss: 0.038950071067494506 
2025-06-18 14:52:54,220 INFO: Epoch 223, Train Loss: 0.07393311534189817, Test Loss: 0.07294201127746526, Inverse Test Loss: 0.03902481101891574 
2025-06-18 14:52:57,141 INFO: Epoch 224, Train Loss: 0.07387384673524083, Test Loss: 0.07206149180145825, Inverse Test Loss: 0.03860177548930926 
2025-06-18 14:53:00,062 INFO: Epoch 225, Train Loss: 0.0736454903063449, Test Loss: 0.07256578281521797, Inverse Test Loss: 0.03879314222756554 
2025-06-18 14:53:02,987 INFO: Epoch 226, Train Loss: 0.07343995579603044, Test Loss: 0.07221620288841865, Inverse Test Loss: 0.03863500321612639 
2025-06-18 14:53:05,943 INFO: Epoch 227, Train Loss: 0.07308713778514754, Test Loss: 0.0728100292822894, Inverse Test Loss: 0.03894346043029252 
2025-06-18 14:53:08,841 INFO: Epoch 228, Train Loss: 0.0734718789092519, Test Loss: 0.07430658204590573, Inverse Test Loss: 0.039700779296896034 
2025-06-18 14:53:11,773 INFO: Epoch 229, Train Loss: 0.07359165952286938, Test Loss: 0.0727569736978587, Inverse Test Loss: 0.038910056628725105 
2025-06-18 14:53:14,718 INFO: Epoch 230, Train Loss: 0.07328696534827803, Test Loss: 0.07237510974792873, Inverse Test Loss: 0.038679648409871495 
2025-06-18 14:53:17,647 INFO: Epoch 231, Train Loss: 0.0730421282915455, Test Loss: 0.07264648114933688, Inverse Test Loss: 0.03878608685644234 
2025-06-18 14:53:20,583 INFO: Epoch 232, Train Loss: 0.0731355371800336, Test Loss: 0.07236039528951925, Inverse Test Loss: 0.03865414824994171 
2025-06-18 14:53:23,521 INFO: Epoch 233, Train Loss: 0.0728896383873441, Test Loss: 0.07192548868410728, Inverse Test Loss: 0.038488248910974056 
2025-06-18 14:53:26,485 INFO: Epoch 234, Train Loss: 0.07349693148650906, Test Loss: 0.07203179751248921, Inverse Test Loss: 0.038528127924484366 
2025-06-18 14:53:29,416 INFO: Epoch 235, Train Loss: 0.07304234480993314, Test Loss: 0.07216896752224249, Inverse Test Loss: 0.03860887085251948 
2025-06-18 14:53:32,349 INFO: Epoch 236, Train Loss: 0.07255389388989318, Test Loss: 0.07191373451667674, Inverse Test Loss: 0.03847588127588525 
2025-06-18 14:53:35,270 INFO: Epoch 237, Train Loss: 0.07272528388509245, Test Loss: 0.0724792031242567, Inverse Test Loss: 0.038758481907493925 
2025-06-18 14:53:38,154 INFO: Epoch 238, Train Loss: 0.07285890073487253, Test Loss: 0.0724003474940272, Inverse Test Loss: 0.038681241300176174 
2025-06-18 14:53:41,118 INFO: Epoch 239, Train Loss: 0.07278063278080839, Test Loss: 0.07258783280849457, Inverse Test Loss: 0.038813496885054255 
2025-06-18 14:53:43,988 INFO: Epoch 240, Train Loss: 0.07222446830322345, Test Loss: 0.07195986128028702, Inverse Test Loss: 0.03850462375318303 
2025-06-18 14:53:46,910 INFO: Epoch 241, Train Loss: 0.07253708879491597, Test Loss: 0.07195805429535754, Inverse Test Loss: 0.03848374459673377 
2025-06-18 14:53:49,829 INFO: Epoch 242, Train Loss: 0.07196500310392091, Test Loss: 0.07253062659326721, Inverse Test Loss: 0.038763604400789034 
2025-06-18 14:53:52,745 INFO: Epoch 243, Train Loss: 0.0730352383106947, Test Loss: 0.0717372076914591, Inverse Test Loss: 0.03836253844201565 
2025-06-18 14:53:55,621 INFO: Epoch 244, Train Loss: 0.07215590487149628, Test Loss: 0.07264080621740397, Inverse Test Loss: 0.038796863135169536 
2025-06-18 14:53:58,512 INFO: Epoch 245, Train Loss: 0.07201333569757866, Test Loss: 0.07185275063795202, Inverse Test Loss: 0.03842574116938254 
2025-06-18 14:54:01,404 INFO: Epoch 246, Train Loss: 0.07283195655680064, Test Loss: 0.07253906262271545, Inverse Test Loss: 0.03877458644702154 
2025-06-18 14:54:04,315 INFO: Epoch 247, Train Loss: 0.07311081671805093, Test Loss: 0.07168800055104144, Inverse Test Loss: 0.038323889103005916 
2025-06-18 14:54:07,252 INFO: Epoch 248, Train Loss: 0.07209778977840235, Test Loss: 0.07211869648274254, Inverse Test Loss: 0.038504519006785226 
2025-06-18 14:54:10,168 INFO: Epoch 249, Train Loss: 0.0718697260952357, Test Loss: 0.07214467775295763, Inverse Test Loss: 0.03858641830875593 
2025-06-18 14:54:13,058 INFO: Epoch 250, Train Loss: 0.07239814729175785, Test Loss: 0.0722284544916714, Inverse Test Loss: 0.038600456846110964 
2025-06-18 14:54:15,962 INFO: Epoch 251, Train Loss: 0.07198779397841656, Test Loss: 0.07267062782364733, Inverse Test Loss: 0.038844203905147666 
2025-06-18 14:54:18,840 INFO: Epoch 252, Train Loss: 0.07205785675482317, Test Loss: 0.07202406600117683, Inverse Test Loss: 0.03852496438604944 
2025-06-18 14:54:21,785 INFO: Epoch 253, Train Loss: 0.07203303610510899, Test Loss: 0.07173124788438573, Inverse Test Loss: 0.03837309985914651 
2025-06-18 14:54:24,796 INFO: Epoch 254, Train Loss: 0.07178843433432507, Test Loss: 0.07293184978120468, Inverse Test Loss: 0.038929749499349034 
2025-06-18 14:54:27,705 INFO: Epoch 255, Train Loss: 0.07234679292323011, Test Loss: 0.07241237316938008, Inverse Test Loss: 0.038676044301075095 
2025-06-18 14:54:30,575 INFO: Epoch 256, Train Loss: 0.07176607471862526, Test Loss: 0.07210653823088198, Inverse Test Loss: 0.03855035563602167 
2025-06-18 14:54:33,453 INFO: Epoch 257, Train Loss: 0.0715111426896218, Test Loss: 0.07219785232754315, Inverse Test Loss: 0.03853317689807976 
2025-06-18 14:54:36,351 INFO: Epoch 258, Train Loss: 0.07247079513741261, Test Loss: 0.07166720357011347, Inverse Test Loss: 0.03832496658844106 
2025-06-18 14:54:39,202 INFO: Epoch 259, Train Loss: 0.0720073820910219, Test Loss: 0.07179532178184565, Inverse Test Loss: 0.03835707081153112 
2025-06-18 14:54:42,038 INFO: Epoch 260, Train Loss: 0.07095073575549053, Test Loss: 0.07206118632765378, Inverse Test Loss: 0.03847222391735105 
2025-06-18 14:54:44,942 INFO: Epoch 261, Train Loss: 0.07190116585204095, Test Loss: 0.07188068461768768, Inverse Test Loss: 0.03843805336338632 
2025-06-18 14:54:47,824 INFO: Epoch 262, Train Loss: 0.07140899297188628, Test Loss: 0.07231952819754095, Inverse Test Loss: 0.03863366134464741 
2025-06-18 14:54:50,719 INFO: Epoch 263, Train Loss: 0.07147631845013662, Test Loss: 0.07177282804075409, Inverse Test Loss: 0.0383204573436695 
2025-06-18 14:54:53,625 INFO: Epoch 264, Train Loss: 0.0716353500205459, Test Loss: 0.07141570659244761, Inverse Test Loss: 0.03815551145988352 
2025-06-18 14:54:56,561 INFO: Epoch 265, Train Loss: 0.07180023865040505, Test Loss: 0.07246340219588841, Inverse Test Loss: 0.03871181223760633 
2025-06-18 14:54:59,439 INFO: Epoch 266, Train Loss: 0.07137042312233736, Test Loss: 0.07204897898961515, Inverse Test Loss: 0.03851787866476704 
2025-06-18 14:55:02,215 INFO: Epoch 267, Train Loss: 0.07041409160151627, Test Loss: 0.07166733176392667, Inverse Test Loss: 0.038290328072274435 
2025-06-18 14:55:05,150 INFO: Epoch 268, Train Loss: 0.0708094175453439, Test Loss: 0.07227128568817587, Inverse Test Loss: 0.03859444137881784 
2025-06-18 14:55:07,993 INFO: Epoch 269, Train Loss: 0.07136985191115827, Test Loss: 0.07205639034509659, Inverse Test Loss: 0.03847243439625291 
2025-06-18 14:55:10,906 INFO: Epoch 270, Train Loss: 0.07099270730307608, Test Loss: 0.07173750352333574, Inverse Test Loss: 0.03828780988560004 
2025-06-18 14:55:13,864 INFO: Epoch 271, Train Loss: 0.07089151831513102, Test Loss: 0.07189287289100535, Inverse Test Loss: 0.03838581317926154 
2025-06-18 14:55:16,750 INFO: Epoch 272, Train Loss: 0.07080751578464653, Test Loss: 0.07176496943130213, Inverse Test Loss: 0.03829346684848561 
2025-06-18 14:55:19,600 INFO: Epoch 273, Train Loss: 0.07027003163415374, Test Loss: 0.07160816429292455, Inverse Test Loss: 0.03820916287162725 
2025-06-18 14:55:22,457 INFO: Epoch 274, Train Loss: 0.07118147730150005, Test Loss: 0.07155993076808312, Inverse Test Loss: 0.03822358040248647 
2025-06-18 14:55:25,327 INFO: Epoch 275, Train Loss: 0.07074301785817652, Test Loss: 0.07175218664547976, Inverse Test Loss: 0.03830780329949716 
2025-06-18 14:55:28,213 INFO: Epoch 276, Train Loss: 0.07078893793125947, Test Loss: 0.07173921890995082, Inverse Test Loss: 0.03830885689924745 
2025-06-18 14:55:31,053 INFO: Epoch 277, Train Loss: 0.07038312859720353, Test Loss: 0.07186644370941554, Inverse Test Loss: 0.03834916563595042 
2025-06-18 14:55:33,922 INFO: Epoch 278, Train Loss: 0.07034967636520212, Test Loss: 0.07178673104328268, Inverse Test Loss: 0.038319758303901726 
2025-06-18 14:55:36,825 INFO: Epoch 279, Train Loss: 0.07072948150788293, Test Loss: 0.07176421166342847, Inverse Test Loss: 0.038318132652955895 
2025-06-18 14:55:39,705 INFO: Epoch 280, Train Loss: 0.07089423001602743, Test Loss: 0.07213492976392016, Inverse Test Loss: 0.038538167253136635 
2025-06-18 14:55:42,574 INFO: Epoch 281, Train Loss: 0.07083066959272731, Test Loss: 0.07201011084458407, Inverse Test Loss: 0.03846640972530141 
2025-06-18 14:55:45,481 INFO: Epoch 282, Train Loss: 0.07088525658191154, Test Loss: 0.07163060193552691, Inverse Test Loss: 0.03824824237209909 
2025-06-18 14:55:48,391 INFO: Epoch 283, Train Loss: 0.07096649508810404, Test Loss: 0.07157036552534383, Inverse Test Loss: 0.03818966196302105 
2025-06-18 14:55:51,268 INFO: Epoch 284, Train Loss: 0.07007810366198872, Test Loss: 0.07197030808995752, Inverse Test Loss: 0.03845544411417316 
2025-06-18 14:55:54,139 INFO: Epoch 285, Train Loss: 0.07037433298925559, Test Loss: 0.07201094246085953, Inverse Test Loss: 0.038484244552605296 
2025-06-18 14:55:57,050 INFO: Epoch 286, Train Loss: 0.07047863919852358, Test Loss: 0.07177852861144964, Inverse Test Loss: 0.03833646929877646 
2025-06-18 14:55:59,914 INFO: Epoch 287, Train Loss: 0.07016927410255779, Test Loss: 0.07194582855000216, Inverse Test Loss: 0.03841305469327113 
2025-06-18 14:56:02,769 INFO: Epoch 288, Train Loss: 0.07039906581242879, Test Loss: 0.07196727548451985, Inverse Test Loss: 0.03844719215789262 
2025-06-18 14:56:05,599 INFO: Epoch 289, Train Loss: 0.06981845456881053, Test Loss: 0.0716452109901344, Inverse Test Loss: 0.0382454293396543 
2025-06-18 14:56:08,487 INFO: Epoch 290, Train Loss: 0.07035595491867173, Test Loss: 0.07158436209839933, Inverse Test Loss: 0.03829136753783507 
2025-06-18 14:56:11,427 INFO: Epoch 291, Train Loss: 0.07068191948487904, Test Loss: 0.07198243807343875, Inverse Test Loss: 0.03839885180487352 
2025-06-18 14:56:14,286 INFO: Epoch 292, Train Loss: 0.07111353991609631, Test Loss: 0.07173522211173002, Inverse Test Loss: 0.038330161944031715 
2025-06-18 14:56:17,173 INFO: Epoch 293, Train Loss: 0.06948529573326762, Test Loss: 0.07201692133265383, Inverse Test Loss: 0.03843584174619002 
2025-06-18 14:56:20,057 INFO: Epoch 294, Train Loss: 0.07035864827533563, Test Loss: 0.0722541142912472, Inverse Test Loss: 0.03859976383254809 
2025-06-18 14:56:22,924 INFO: Epoch 295, Train Loss: 0.06965317007041338, Test Loss: 0.07160180609892397, Inverse Test Loss: 0.03820942440891967 
2025-06-18 14:56:25,807 INFO: Epoch 296, Train Loss: 0.06955116767097604, Test Loss: 0.07200698510688894, Inverse Test Loss: 0.038410838693380356 
2025-06-18 14:56:28,676 INFO: Epoch 297, Train Loss: 0.06955864190152197, Test Loss: 0.0715407012578319, Inverse Test Loss: 0.03818845233934767 
2025-06-18 14:56:31,522 INFO: Epoch 298, Train Loss: 0.06915206888295485, Test Loss: 0.07149539120933589, Inverse Test Loss: 0.03817106706692892 
2025-06-18 14:56:34,364 INFO: Epoch 299, Train Loss: 0.07005176625468514, Test Loss: 0.0714388717623318, Inverse Test Loss: 0.03813678398728371 
2025-06-18 14:56:37,267 INFO: Epoch 300, Train Loss: 0.06938881350850518, Test Loss: 0.07133748426156886, Inverse Test Loss: 0.03810341513770468 
2025-06-18 14:56:37,267 INFO: Best Epoch 300, Best Test Loss: 0.07133748426156886, Inverse Test Loss: 0.03810341513770468 
2025-06-18 14:56:40,139 INFO: Epoch 301, Train Loss: 0.06951806824089903, Test Loss: 0.07203455839086981, Inverse Test Loss: 0.038465102805810815 
2025-06-18 14:56:42,977 INFO: Epoch 302, Train Loss: 0.06923612370861298, Test Loss: 0.07145551066188251, Inverse Test Loss: 0.03818522667621865 
2025-06-18 14:56:45,843 INFO: Epoch 303, Train Loss: 0.06948115710507739, Test Loss: 0.07182619676870458, Inverse Test Loss: 0.03836019260480123 
2025-06-18 14:56:48,691 INFO: Epoch 304, Train Loss: 0.06950556560221946, Test Loss: 0.07191100344061852, Inverse Test Loss: 0.03840973556918256 
2025-06-18 14:56:51,483 INFO: Epoch 305, Train Loss: 0.06890195021123598, Test Loss: 0.07143892807995572, Inverse Test Loss: 0.03816402506302385 
2025-06-18 14:56:54,454 INFO: Epoch 306, Train Loss: 0.06925575367429039, Test Loss: 0.07157390126410652, Inverse Test Loss: 0.03820103374035919 
2025-06-18 14:56:57,414 INFO: Epoch 307, Train Loss: 0.06919180105129878, Test Loss: 0.07191790180171237, Inverse Test Loss: 0.03836679546272054 
2025-06-18 14:57:00,413 INFO: Epoch 308, Train Loss: 0.06892634973381505, Test Loss: 0.07151384695487864, Inverse Test Loss: 0.038154696169144964 
2025-06-18 14:57:03,364 INFO: Epoch 309, Train Loss: 0.06955128112299876, Test Loss: 0.07129247596158701, Inverse Test Loss: 0.038054023814551974 
2025-06-18 14:57:06,309 INFO: Epoch 310, Train Loss: 0.06980983300529646, Test Loss: 0.07138366690453361, Inverse Test Loss: 0.03814331113415606 
2025-06-18 14:57:09,244 INFO: Epoch 311, Train Loss: 0.0689505971968174, Test Loss: 0.0713841735440142, Inverse Test Loss: 0.038126994253081435 
2025-06-18 14:57:12,161 INFO: Epoch 312, Train Loss: 0.06870399962997797, Test Loss: 0.07167157421217245, Inverse Test Loss: 0.03825976217494292 
2025-06-18 14:57:15,062 INFO: Epoch 313, Train Loss: 0.06894364357559067, Test Loss: 0.07193000154460177, Inverse Test Loss: 0.03841258245794212 
2025-06-18 14:57:17,975 INFO: Epoch 314, Train Loss: 0.06891828922159744, Test Loss: 0.07153227114502121, Inverse Test Loss: 0.038204742376418674 
2025-06-18 14:57:20,900 INFO: Epoch 315, Train Loss: 0.06890857312828302, Test Loss: 0.07169371383155093, Inverse Test Loss: 0.03831757166806389 
2025-06-18 14:57:23,834 INFO: Epoch 316, Train Loss: 0.06931891478598118, Test Loss: 0.07189481267157723, Inverse Test Loss: 0.03836635806981255 
2025-06-18 14:57:26,735 INFO: Epoch 317, Train Loss: 0.06894102111233003, Test Loss: 0.07148726415984771, Inverse Test Loss: 0.03817623875596944 
2025-06-18 14:57:29,652 INFO: Epoch 318, Train Loss: 0.06897584142897165, Test Loss: 0.07182671940501999, Inverse Test Loss: 0.03835180149797131 
2025-06-18 14:57:32,583 INFO: Epoch 319, Train Loss: 0.0684173468951926, Test Loss: 0.0718528374153025, Inverse Test Loss: 0.03837282002410468 
2025-06-18 14:57:35,474 INFO: Epoch 320, Train Loss: 0.06862870993261988, Test Loss: 0.07126430728856255, Inverse Test Loss: 0.0380612336756552 
2025-06-18 14:57:38,391 INFO: Epoch 321, Train Loss: 0.0689291050375411, Test Loss: 0.07150872577639188, Inverse Test Loss: 0.038182033225893974 
2025-06-18 14:57:41,314 INFO: Epoch 322, Train Loss: 0.06899498041832086, Test Loss: 0.07165969711016207, Inverse Test Loss: 0.0382277256644824 
2025-06-18 14:57:44,258 INFO: Epoch 323, Train Loss: 0.06799846633591435, Test Loss: 0.07221887414069737, Inverse Test Loss: 0.0385243531097384 
2025-06-18 14:57:47,185 INFO: Epoch 324, Train Loss: 0.06885752660419905, Test Loss: 0.07151831905631457, Inverse Test Loss: 0.038195922751637065 
2025-06-18 14:57:50,142 INFO: Epoch 325, Train Loss: 0.06749506461236512, Test Loss: 0.07171189872657552, Inverse Test Loss: 0.038274717462413455 
2025-06-18 14:57:53,087 INFO: Epoch 326, Train Loss: 0.06879828291747606, Test Loss: 0.07169895816375227, Inverse Test Loss: 0.03826364688575268 
2025-06-18 14:57:55,995 INFO: Epoch 327, Train Loss: 0.06771932948719371, Test Loss: 0.07209317232756053, Inverse Test Loss: 0.03844779466881471 
2025-06-18 14:57:58,905 INFO: Epoch 328, Train Loss: 0.0680525688115846, Test Loss: 0.07197891241487335, Inverse Test Loss: 0.0383749116650399 
2025-06-18 14:58:01,788 INFO: Epoch 329, Train Loss: 0.06728802914872314, Test Loss: 0.07177381107912344, Inverse Test Loss: 0.038303428932147866 
2025-06-18 14:58:04,718 INFO: Epoch 330, Train Loss: 0.06711810578902562, Test Loss: 0.07187582946875516, Inverse Test Loss: 0.038336890694849635 
2025-06-18 14:58:07,653 INFO: Epoch 331, Train Loss: 0.06806701193140312, Test Loss: 0.07180679151240517, Inverse Test Loss: 0.03830378645044916 
2025-06-18 14:58:10,562 INFO: Epoch 332, Train Loss: 0.06832099694645766, Test Loss: 0.07199469581246376, Inverse Test Loss: 0.03845796043820241 
2025-06-18 14:58:13,444 INFO: Epoch 333, Train Loss: 0.067981120763403, Test Loss: 0.07142330706119537, Inverse Test Loss: 0.03815724777386469 
2025-06-18 14:58:16,314 INFO: Epoch 334, Train Loss: 0.06839910708367825, Test Loss: 0.07180502966922872, Inverse Test Loss: 0.038316634209717024 
2025-06-18 14:58:19,213 INFO: Epoch 335, Train Loss: 0.06716502381658013, Test Loss: 0.07136219148250188, Inverse Test Loss: 0.038079790661440176 
2025-06-18 14:58:22,178 INFO: Epoch 336, Train Loss: 0.0677258230068467, Test Loss: 0.07166181855341967, Inverse Test Loss: 0.038267935133155656 
2025-06-18 14:58:25,111 INFO: Epoch 337, Train Loss: 0.06809680180793459, Test Loss: 0.0716054928215111, Inverse Test Loss: 0.038235767580130524 
2025-06-18 14:58:28,033 INFO: Epoch 338, Train Loss: 0.06715747175004447, Test Loss: 0.07149824478170451, Inverse Test Loss: 0.03815703543231768 
2025-06-18 14:58:30,989 INFO: Epoch 339, Train Loss: 0.06808645608411594, Test Loss: 0.07187417390591958, Inverse Test Loss: 0.03840379482683014 
2025-06-18 14:58:33,877 INFO: Epoch 340, Train Loss: 0.06699890265184821, Test Loss: 0.07155256214387276, Inverse Test Loss: 0.03817460718838608 
2025-06-18 14:58:36,818 INFO: Epoch 341, Train Loss: 0.06747161616768801, Test Loss: 0.07155285205911188, Inverse Test Loss: 0.03821959368446294 
2025-06-18 14:58:39,766 INFO: Epoch 342, Train Loss: 0.06814884750003164, Test Loss: 0.07186846698031706, Inverse Test Loss: 0.038364379064125174 
2025-06-18 14:58:42,680 INFO: Epoch 343, Train Loss: 0.06751264431372736, Test Loss: 0.07217779624111512, Inverse Test Loss: 0.03853015305803103 
2025-06-18 14:58:45,588 INFO: Epoch 344, Train Loss: 0.06738655579586823, Test Loss: 0.07155107750612147, Inverse Test Loss: 0.03821596010204624 
2025-06-18 14:58:48,500 INFO: Epoch 345, Train Loss: 0.06761807874973977, Test Loss: 0.0719511804773527, Inverse Test Loss: 0.038370638647500205 
2025-06-18 14:58:51,405 INFO: Epoch 346, Train Loss: 0.06717986932419466, Test Loss: 0.07138180842294413, Inverse Test Loss: 0.038130951497484654 
2025-06-18 14:58:54,348 INFO: Epoch 347, Train Loss: 0.06881121630695733, Test Loss: 0.07174437887528363, Inverse Test Loss: 0.03829209112069186 
2025-06-18 14:58:57,278 INFO: Epoch 348, Train Loss: 0.0669054411295237, Test Loss: 0.07140075261978542, Inverse Test Loss: 0.03809899234158151 
2025-06-18 14:59:00,203 INFO: Epoch 349, Train Loss: 0.06626151411822348, Test Loss: 0.07197894681902493, Inverse Test Loss: 0.0383657760479871 
2025-06-18 14:59:03,127 INFO: Epoch 350, Train Loss: 0.0673136395035368, Test Loss: 0.07143477985964101, Inverse Test Loss: 0.03815165797577185 
2025-06-18 14:59:06,042 INFO: Epoch 351, Train Loss: 0.06685439573431556, Test Loss: 0.07182589786894181, Inverse Test Loss: 0.03829776429954697 
2025-06-18 14:59:08,986 INFO: Epoch 352, Train Loss: 0.06712742392538172, Test Loss: 0.07179530622328029, Inverse Test Loss: 0.03831826577730039 
2025-06-18 14:59:11,914 INFO: Epoch 353, Train Loss: 0.06676459699078943, Test Loss: 0.07191181336255635, Inverse Test Loss: 0.03838073758079725 
2025-06-18 14:59:14,816 INFO: Epoch 354, Train Loss: 0.06591139203219702, Test Loss: 0.07188529258265215, Inverse Test Loss: 0.038345686543513745 
2025-06-18 14:59:17,736 INFO: Epoch 355, Train Loss: 0.06634843134970377, Test Loss: 0.07217368965639788, Inverse Test Loss: 0.03852484824464602 
2025-06-18 14:59:20,717 INFO: Epoch 356, Train Loss: 0.06601642489884839, Test Loss: 0.07203761685420484, Inverse Test Loss: 0.038423007463707644 
2025-06-18 14:59:23,567 INFO: Epoch 357, Train Loss: 0.06650747133023811, Test Loss: 0.07194349892875727, Inverse Test Loss: 0.03837968924028032 
2025-06-18 14:59:26,146 INFO: Epoch 358, Train Loss: 0.06696231657582702, Test Loss: 0.07192535172490512, Inverse Test Loss: 0.03843704676803421 
2025-06-18 14:59:27,969 INFO: Epoch 359, Train Loss: 0.06577103339474309, Test Loss: 0.07194424530162531, Inverse Test Loss: 0.038387773339362705 
2025-06-18 14:59:29,674 INFO: Epoch 360, Train Loss: 0.06620337955202117, Test Loss: 0.07184425741434097, Inverse Test Loss: 0.038328552837757504 
2025-06-18 14:59:31,363 INFO: Epoch 361, Train Loss: 0.06634393244078665, Test Loss: 0.07153978439814904, Inverse Test Loss: 0.03817737529821256 
2025-06-18 14:59:33,027 INFO: Epoch 362, Train Loss: 0.06599049018978169, Test Loss: 0.07195706512121593, Inverse Test Loss: 0.03834885490291259 
2025-06-18 14:59:34,724 INFO: Epoch 363, Train Loss: 0.06586795751795624, Test Loss: 0.07203955948352814, Inverse Test Loss: 0.03840659942258807 
2025-06-18 14:59:36,397 INFO: Epoch 364, Train Loss: 0.0667635046058532, Test Loss: 0.07151004935012144, Inverse Test Loss: 0.03815316299305243 
2025-06-18 14:59:38,104 INFO: Epoch 365, Train Loss: 0.06595616776383284, Test Loss: 0.07154082813683678, Inverse Test Loss: 0.038146026103812104 
2025-06-18 14:59:39,790 INFO: Epoch 366, Train Loss: 0.06614392163288413, Test Loss: 0.07199064225834959, Inverse Test Loss: 0.03842906456659822 
2025-06-18 14:59:41,470 INFO: Epoch 367, Train Loss: 0.06574367737453995, Test Loss: 0.07198997871840701, Inverse Test Loss: 0.0384090599768302 
2025-06-18 14:59:43,146 INFO: Epoch 368, Train Loss: 0.06586579775268381, Test Loss: 0.07167822867631912, Inverse Test Loss: 0.038253778153482604 
2025-06-18 14:59:44,840 INFO: Epoch 369, Train Loss: 0.06549169467479894, Test Loss: 0.07219671436092433, Inverse Test Loss: 0.03853325282826143 
2025-06-18 14:59:46,513 INFO: Epoch 370, Train Loss: 0.06589123479683291, Test Loss: 0.07207964141579236, Inverse Test Loss: 0.038460622377255387 
2025-06-18 14:59:48,209 INFO: Epoch 371, Train Loss: 0.0659906839895429, Test Loss: 0.07250073946574155, Inverse Test Loss: 0.038687764940892946 
2025-06-18 14:59:49,886 INFO: Epoch 372, Train Loss: 0.06539023701440204, Test Loss: 0.07201595034669428, Inverse Test Loss: 0.03843593202969607 
2025-06-18 14:59:51,564 INFO: Epoch 373, Train Loss: 0.06536388479060296, Test Loss: 0.07212904884534724, Inverse Test Loss: 0.03848163378151024 
2025-06-18 14:59:53,238 INFO: Epoch 374, Train Loss: 0.065651015322091, Test Loss: 0.07211968127418966, Inverse Test Loss: 0.03844910772407756 
2025-06-18 14:59:54,929 INFO: Epoch 375, Train Loss: 0.06574052081189373, Test Loss: 0.07225455694338855, Inverse Test Loss: 0.03851271508371129 
2025-06-18 14:59:56,618 INFO: Epoch 376, Train Loss: 0.06514779139648784, Test Loss: 0.07196207169224234, Inverse Test Loss: 0.03833871356704656 
2025-06-18 14:59:58,288 INFO: Epoch 377, Train Loss: 0.0647873655526024, Test Loss: 0.0721386837608674, Inverse Test Loss: 0.03850574922912261 
2025-06-18 14:59:59,964 INFO: Epoch 378, Train Loss: 0.0656193405333342, Test Loss: 0.07237615326748174, Inverse Test Loss: 0.03860312787925496 
2025-06-18 15:00:01,645 INFO: Epoch 379, Train Loss: 0.06493823134312124, Test Loss: 0.07262578080682193, Inverse Test Loss: 0.03870580378262436 
2025-06-18 15:00:03,324 INFO: Epoch 380, Train Loss: 0.06543364020233805, Test Loss: 0.07202644558513865, Inverse Test Loss: 0.03838498287779443 
2025-06-18 15:00:05,027 INFO: Epoch 381, Train Loss: 0.06523328553885221, Test Loss: 0.07236236531068296, Inverse Test Loss: 0.0385580222834559 
2025-06-18 15:00:06,707 INFO: Epoch 382, Train Loss: 0.06549962350364888, Test Loss: 0.07219564914703369, Inverse Test Loss: 0.03853187742916977 
2025-06-18 15:00:08,390 INFO: Epoch 383, Train Loss: 0.06530997422382687, Test Loss: 0.07233955207116463, Inverse Test Loss: 0.038584313410169935 
2025-06-18 15:00:10,082 INFO: Epoch 384, Train Loss: 0.0655579273165627, Test Loss: 0.07255372668013853, Inverse Test Loss: 0.038682932581971675 
2025-06-18 15:00:11,762 INFO: Epoch 385, Train Loss: 0.06485400727075158, Test Loss: 0.07230445764520589, Inverse Test Loss: 0.038509764434660185 
2025-06-18 15:00:13,441 INFO: Epoch 386, Train Loss: 0.06478730448041901, Test Loss: 0.07209667914053973, Inverse Test Loss: 0.03844973028582685 
2025-06-18 15:00:15,143 INFO: Epoch 387, Train Loss: 0.06536401384933428, Test Loss: 0.07235831570099382, Inverse Test Loss: 0.03862751998445567 
2025-06-18 15:00:16,822 INFO: Epoch 388, Train Loss: 0.06440583983379783, Test Loss: 0.07222910225391388, Inverse Test Loss: 0.03853294658748543 
2025-06-18 15:00:18,513 INFO: Epoch 389, Train Loss: 0.06494482414740504, Test Loss: 0.07227432289544274, Inverse Test Loss: 0.03849308696739814 
2025-06-18 15:00:20,198 INFO: Epoch 390, Train Loss: 0.0637116397477009, Test Loss: 0.07235300869626157, Inverse Test Loss: 0.03854211726609398 
2025-06-18 15:00:21,903 INFO: Epoch 391, Train Loss: 0.06442791946006543, Test Loss: 0.07231652890058125, Inverse Test Loss: 0.0385197303531801 
2025-06-18 15:00:23,631 INFO: Epoch 392, Train Loss: 0.06540700815843814, Test Loss: 0.07258482978624456, Inverse Test Loss: 0.03870604702216737 
2025-06-18 15:00:25,351 INFO: Epoch 393, Train Loss: 0.06438720881035834, Test Loss: 0.07211801672683042, Inverse Test Loss: 0.03847279180498684 
2025-06-18 15:00:27,135 INFO: Epoch 394, Train Loss: 0.06397810880320542, Test Loss: 0.0726466124110362, Inverse Test Loss: 0.03871709875324193 
2025-06-18 15:00:28,856 INFO: Epoch 395, Train Loss: 0.06382460243096857, Test Loss: 0.07225550163318128, Inverse Test Loss: 0.03853361582493081 
2025-06-18 15:00:30,892 INFO: Epoch 396, Train Loss: 0.06387123457071456, Test Loss: 0.07233406756730641, Inverse Test Loss: 0.03855961703640573 
2025-06-18 15:00:32,735 INFO: Epoch 397, Train Loss: 0.0640410388340101, Test Loss: 0.07250528059461538, Inverse Test Loss: 0.038612204987336605 
2025-06-18 15:00:34,457 INFO: Epoch 398, Train Loss: 0.06410406953231855, Test Loss: 0.07313945582684349, Inverse Test Loss: 0.039044834673404694 
2025-06-18 15:00:36,270 INFO: Epoch 399, Train Loss: 0.06512576231563633, Test Loss: 0.07253023960134562, Inverse Test Loss: 0.03862224574036458 
2025-06-18 15:00:38,277 INFO: Epoch 400, Train Loss: 0.06433905240599856, Test Loss: 0.07225084041847903, Inverse Test Loss: 0.0385349536424174 
2025-06-18 15:00:38,277 INFO: Best Epoch 320, Best Test Loss: 0.07126430728856255, Inverse Test Loss: 0.0380612336756552 
