2025-06-18 16:47:57,114 INFO: log_path:/logs_2025_6_18_HS_mos2_L1_compare_AMFormer+KAN/AMFormer_simple_KAN_dim32_depth2_heads4_dropout0.4_lr0.0001_2P 
2025-06-18 16:47:57,115 INFO: Model:namespace(attn_dropout=0.4, categories=[], cluster=3, depth=2, dim=32, ff_dropout=0.4, groups=[54, 54, 54], heads=4, name='AMFormer_simple_KAN_dim32_depth2_heads4_dropout0.4', num_cate=0, num_cont=20, num_special_tokens=1, out_dim=1, predictor='simple_KAN', prod_num_per_group=[6, 6, 6], qk_relu=False, static_fusion={'kan_weight': 0.4, 'trans_weight': 0.6}, sum_num_per_group=[32, 16, 8], target_mode='regression', token_descent=False, use_cls_token=True, use_prod=True, use_row_col_attention=False, use_sigmoid=True) 
2025-06-18 16:47:57,115 INFO: lr:0.0001, loss:L1 
2025-06-18 16:47:57,115 INFO: Dataset:HS_mos2, Target:['metal2_Peak'] 
2025-06-18 16:47:57,115 INFO: ------Begin Training Model------ 
2025-06-18 16:48:04,863 INFO: Epoch 1, Train Loss: 0.33499252796173096, Test Loss: 0.35860688546124625, Inverse Test Loss: 0.20295587445006652 
2025-06-18 16:48:06,741 INFO: Epoch 2, Train Loss: 0.33219100738113577, Test Loss: 0.3562821693280164, Inverse Test Loss: 0.20192118076717153 
2025-06-18 16:48:08,662 INFO: Epoch 3, Train Loss: 0.32696605518911825, Test Loss: 0.3411569314844468, Inverse Test Loss: 0.19461113214492798 
2025-06-18 16:48:10,640 INFO: Epoch 4, Train Loss: 0.3017773533409292, Test Loss: 0.3056773236569236, Inverse Test Loss: 0.17932150907376232 
2025-06-18 16:48:12,572 INFO: Epoch 5, Train Loss: 0.27772819770104956, Test Loss: 0.2843276113271713, Inverse Test Loss: 0.1684972608790678 
2025-06-18 16:48:14,473 INFO: Epoch 6, Train Loss: 0.2587945639635577, Test Loss: 0.26909301561467786, Inverse Test Loss: 0.16048099012935862 
2025-06-18 16:48:16,382 INFO: Epoch 7, Train Loss: 0.2485760021390337, Test Loss: 0.2626098359332365, Inverse Test Loss: 0.1577116847038269 
2025-06-18 16:48:18,317 INFO: Epoch 8, Train Loss: 0.24371575293215839, Test Loss: 0.25907492725288167, Inverse Test Loss: 0.1558381266453687 
2025-06-18 16:48:20,303 INFO: Epoch 9, Train Loss: 0.24050021465077545, Test Loss: 0.25801751718801613, Inverse Test Loss: 0.15551832011517355 
2025-06-18 16:48:22,197 INFO: Epoch 10, Train Loss: 0.2370543899861249, Test Loss: 0.2558063408907722, Inverse Test Loss: 0.15407798789879856 
2025-06-18 16:48:24,103 INFO: Epoch 11, Train Loss: 0.23569421741095456, Test Loss: 0.25470125412239747, Inverse Test Loss: 0.15355469198787913 
2025-06-18 16:48:26,019 INFO: Epoch 12, Train Loss: 0.233463483552138, Test Loss: 0.2526448728407131, Inverse Test Loss: 0.15219474759171991 
2025-06-18 16:48:27,921 INFO: Epoch 13, Train Loss: 0.23194613793131078, Test Loss: 0.2510276296559502, Inverse Test Loss: 0.15114565807230332 
2025-06-18 16:48:29,786 INFO: Epoch 14, Train Loss: 0.2298894739060691, Test Loss: 0.2482467977439656, Inverse Test Loss: 0.14926897778230555 
2025-06-18 16:48:31,668 INFO: Epoch 15, Train Loss: 0.2283268044843818, Test Loss: 0.2449883371591568, Inverse Test Loss: 0.14709548520691254 
2025-06-18 16:48:33,552 INFO: Epoch 16, Train Loss: 0.22664667146675516, Test Loss: 0.2413263531292186, Inverse Test Loss: 0.1446463084396194 
2025-06-18 16:48:35,441 INFO: Epoch 17, Train Loss: 0.22254904506332945, Test Loss: 0.23643828577855053, Inverse Test Loss: 0.14085212963468888 
2025-06-18 16:48:37,309 INFO: Epoch 18, Train Loss: 0.21839376177751657, Test Loss: 0.22740926725022934, Inverse Test Loss: 0.13544293142416897 
2025-06-18 16:48:39,123 INFO: Epoch 19, Train Loss: 0.21172960768594887, Test Loss: 0.21482379559208364, Inverse Test Loss: 0.1269848535166067 
2025-06-18 16:48:41,004 INFO: Epoch 20, Train Loss: 0.20236029024377014, Test Loss: 0.19018049538135529, Inverse Test Loss: 0.1100526263608652 
2025-06-18 16:48:42,847 INFO: Epoch 21, Train Loss: 0.1754750446839766, Test Loss: 0.13779027321759393, Inverse Test Loss: 0.07540713097242747 
2025-06-18 16:48:44,708 INFO: Epoch 22, Train Loss: 0.14682363639726784, Test Loss: 0.12059687647749395, Inverse Test Loss: 0.06430463032687411 
2025-06-18 16:48:46,575 INFO: Epoch 23, Train Loss: 0.13602201347098206, Test Loss: 0.11501243272248436, Inverse Test Loss: 0.06115220026934848 
2025-06-18 16:48:48,464 INFO: Epoch 24, Train Loss: 0.133969559475328, Test Loss: 0.1126184608129894, Inverse Test Loss: 0.059991815182216024 
2025-06-18 16:48:50,381 INFO: Epoch 25, Train Loss: 0.12785343983859726, Test Loss: 0.11239604936803088, Inverse Test Loss: 0.05958910034421612 
2025-06-18 16:48:52,307 INFO: Epoch 26, Train Loss: 0.1289684371740529, Test Loss: 0.10581842897569432, Inverse Test Loss: 0.05629320103017723 
2025-06-18 16:48:54,221 INFO: Epoch 27, Train Loss: 0.12368868934837254, Test Loss: 0.10175547179053812, Inverse Test Loss: 0.054089892984313125 
2025-06-18 16:48:56,131 INFO: Epoch 28, Train Loss: 0.11963977145426201, Test Loss: 0.09929872457595433, Inverse Test Loss: 0.05280742377919309 
2025-06-18 16:48:57,994 INFO: Epoch 29, Train Loss: 0.11739333848835844, Test Loss: 0.10072725441525965, Inverse Test Loss: 0.053630022112937534 
2025-06-18 16:48:59,884 INFO: Epoch 30, Train Loss: 0.11752280502608328, Test Loss: 0.09625414715093725, Inverse Test Loss: 0.051303995444494134 
2025-06-18 16:49:01,733 INFO: Epoch 31, Train Loss: 0.11436713486909866, Test Loss: 0.0952451209373334, Inverse Test Loss: 0.05077522193246028 
2025-06-18 16:49:03,567 INFO: Epoch 32, Train Loss: 0.11189476107106064, Test Loss: 0.0948437292347936, Inverse Test Loss: 0.050582359490149165 
2025-06-18 16:49:05,454 INFO: Epoch 33, Train Loss: 0.11115957006360545, Test Loss: 0.09456038409296204, Inverse Test Loss: 0.05040782032644048 
2025-06-18 16:49:07,338 INFO: Epoch 34, Train Loss: 0.11081944304433736, Test Loss: 0.09476490187294342, Inverse Test Loss: 0.050533988458268786 
2025-06-18 16:49:09,217 INFO: Epoch 35, Train Loss: 0.10932323573665186, Test Loss: 0.095464679029058, Inverse Test Loss: 0.05090893629719229 
2025-06-18 16:49:11,041 INFO: Epoch 36, Train Loss: 0.10866927818366975, Test Loss: 0.09444107378230375, Inverse Test Loss: 0.050398670027361196 
2025-06-18 16:49:12,895 INFO: Epoch 37, Train Loss: 0.1076952742243355, Test Loss: 0.09183648250558797, Inverse Test Loss: 0.049031910650870376 
2025-06-18 16:49:14,753 INFO: Epoch 38, Train Loss: 0.10547080528781269, Test Loss: 0.09360107845243286, Inverse Test Loss: 0.04998413429540746 
2025-06-18 16:49:16,603 INFO: Epoch 39, Train Loss: 0.10542157156900926, Test Loss: 0.0910270937225398, Inverse Test Loss: 0.04863623606369776 
2025-06-18 16:49:18,477 INFO: Epoch 40, Train Loss: 0.10513673604212025, Test Loss: 0.09041246793725911, Inverse Test Loss: 0.04830174947924474 
2025-06-18 16:49:20,358 INFO: Epoch 41, Train Loss: 0.10427390084122166, Test Loss: 0.09000049334238558, Inverse Test Loss: 0.048096044208197034 
2025-06-18 16:49:22,258 INFO: Epoch 42, Train Loss: 0.10363886629541715, Test Loss: 0.08956236458000015, Inverse Test Loss: 0.047891495311084914 
2025-06-18 16:49:24,148 INFO: Epoch 43, Train Loss: 0.10373855878909428, Test Loss: 0.08987769747481626, Inverse Test Loss: 0.04806882756597856 
2025-06-18 16:49:26,021 INFO: Epoch 44, Train Loss: 0.10323640213093975, Test Loss: 0.08874063412932788, Inverse Test Loss: 0.047457107068861235 
2025-06-18 16:49:27,909 INFO: Epoch 45, Train Loss: 0.10203579000451347, Test Loss: 0.08879456888226901, Inverse Test Loss: 0.04753196874962134 
2025-06-18 16:49:29,750 INFO: Epoch 46, Train Loss: 0.10286432013592937, Test Loss: 0.0881979941006969, Inverse Test Loss: 0.04720385646557107 
2025-06-18 16:49:31,636 INFO: Epoch 47, Train Loss: 0.10134933488161275, Test Loss: 0.0883414328974836, Inverse Test Loss: 0.04730788366321255 
2025-06-18 16:49:33,488 INFO: Epoch 48, Train Loss: 0.10040593068256523, Test Loss: 0.08757973922526135, Inverse Test Loss: 0.04689652034465004 
2025-06-18 16:49:35,396 INFO: Epoch 49, Train Loss: 0.10239021751013669, Test Loss: 0.08707369644852246, Inverse Test Loss: 0.046621773611096776 
2025-06-18 16:49:37,238 INFO: Epoch 50, Train Loss: 0.09974107321238879, Test Loss: 0.08813156384755583, Inverse Test Loss: 0.04717020504176617 
2025-06-18 16:49:39,122 INFO: Epoch 51, Train Loss: 0.10058174287956773, Test Loss: 0.0877740529968458, Inverse Test Loss: 0.047021327540278435 
2025-06-18 16:49:41,009 INFO: Epoch 52, Train Loss: 0.09975340160908121, Test Loss: 0.08805239485467181, Inverse Test Loss: 0.047187948818592465 
2025-06-18 16:49:42,892 INFO: Epoch 53, Train Loss: 0.09864994646473364, Test Loss: 0.08642310473848791, Inverse Test Loss: 0.04633542972014231 
2025-06-18 16:49:44,749 INFO: Epoch 54, Train Loss: 0.09877595655394322, Test Loss: 0.08514201531515402, Inverse Test Loss: 0.0456382784554187 
2025-06-18 16:49:46,616 INFO: Epoch 55, Train Loss: 0.09829605184495449, Test Loss: 0.08542487134828287, Inverse Test Loss: 0.04579446344252895 
2025-06-18 16:49:48,458 INFO: Epoch 56, Train Loss: 0.09696203430719448, Test Loss: 0.08630294440423741, Inverse Test Loss: 0.046254811041495376 
2025-06-18 16:49:50,332 INFO: Epoch 57, Train Loss: 0.09750049724949128, Test Loss: 0.08419523870243746, Inverse Test Loss: 0.04518598252359558 
2025-06-18 16:49:52,154 INFO: Epoch 58, Train Loss: 0.0964792100994876, Test Loss: 0.08386810430709053, Inverse Test Loss: 0.045023910810842234 
2025-06-18 16:49:54,013 INFO: Epoch 59, Train Loss: 0.09747303000679522, Test Loss: 0.08292875833371106, Inverse Test Loss: 0.044528083218371164 
2025-06-18 16:49:55,898 INFO: Epoch 60, Train Loss: 0.0967112724302393, Test Loss: 0.08270564039840418, Inverse Test Loss: 0.04441347608671469 
2025-06-18 16:49:57,794 INFO: Epoch 61, Train Loss: 0.0960258303040808, Test Loss: 0.08225595819599488, Inverse Test Loss: 0.04417354427278042 
2025-06-18 16:49:59,682 INFO: Epoch 62, Train Loss: 0.0955885574786049, Test Loss: 0.08184704272186055, Inverse Test Loss: 0.043970194152172876 
2025-06-18 16:50:01,564 INFO: Epoch 63, Train Loss: 0.09488091228360479, Test Loss: 0.08152814888778855, Inverse Test Loss: 0.0437988969771301 
2025-06-18 16:50:03,382 INFO: Epoch 64, Train Loss: 0.09419172228963087, Test Loss: 0.08139033023925389, Inverse Test Loss: 0.043745219269219565 
2025-06-18 16:50:05,273 INFO: Epoch 65, Train Loss: 0.09468985478760618, Test Loss: 0.08083440582541858, Inverse Test Loss: 0.04344671252457535 
2025-06-18 16:50:07,181 INFO: Epoch 66, Train Loss: 0.09320834696744427, Test Loss: 0.08058201455894638, Inverse Test Loss: 0.04332070644287502 
2025-06-18 16:50:09,040 INFO: Epoch 67, Train Loss: 0.09374009671084808, Test Loss: 0.08198323319940005, Inverse Test Loss: 0.04406440674382098 
2025-06-18 16:50:10,924 INFO: Epoch 68, Train Loss: 0.09296976554800164, Test Loss: 0.08044906113954152, Inverse Test Loss: 0.043260133441756755 
2025-06-18 16:50:12,810 INFO: Epoch 69, Train Loss: 0.0929761158697533, Test Loss: 0.07994865056346445, Inverse Test Loss: 0.043024356641313606 
2025-06-18 16:50:14,671 INFO: Epoch 70, Train Loss: 0.09215062038239205, Test Loss: 0.08063818119904574, Inverse Test Loss: 0.04336749795166885 
2025-06-18 16:50:16,529 INFO: Epoch 71, Train Loss: 0.09256269652960879, Test Loss: 0.0804114080965519, Inverse Test Loss: 0.043261408586712444 
2025-06-18 16:50:18,417 INFO: Epoch 72, Train Loss: 0.09244516034695235, Test Loss: 0.0809367307845284, Inverse Test Loss: 0.043555562329642916 
2025-06-18 16:50:20,275 INFO: Epoch 73, Train Loss: 0.09184953790496696, Test Loss: 0.07969898095025736, Inverse Test Loss: 0.04285717667902217 
2025-06-18 16:50:22,181 INFO: Epoch 74, Train Loss: 0.09185993005380486, Test Loss: 0.07890082347918959, Inverse Test Loss: 0.04250224635881536 
2025-06-18 16:50:24,056 INFO: Epoch 75, Train Loss: 0.09066257247644843, Test Loss: 0.07908170210088, Inverse Test Loss: 0.04260312919231022 
2025-06-18 16:50:25,951 INFO: Epoch 76, Train Loss: 0.09055443102437438, Test Loss: 0.0796472710721633, Inverse Test Loss: 0.04284555114367429 
2025-06-18 16:50:27,802 INFO: Epoch 77, Train Loss: 0.09056000304267262, Test Loss: 0.07903564063941731, Inverse Test Loss: 0.04258444729973288 
2025-06-18 16:50:29,764 INFO: Epoch 78, Train Loss: 0.09149483241366618, Test Loss: 0.07849169632091242, Inverse Test Loss: 0.04227920117623666 
2025-06-18 16:50:31,645 INFO: Epoch 79, Train Loss: 0.09026992575011471, Test Loss: 0.07846903362694908, Inverse Test Loss: 0.04223581819849856 
2025-06-18 16:50:33,515 INFO: Epoch 80, Train Loss: 0.0902755307315877, Test Loss: 0.07892768589012764, Inverse Test Loss: 0.04250413946369115 
2025-06-18 16:50:35,385 INFO: Epoch 81, Train Loss: 0.09012059139257128, Test Loss: 0.07996697373249952, Inverse Test Loss: 0.04303351121352 
2025-06-18 16:50:37,254 INFO: Epoch 82, Train Loss: 0.0899053481830792, Test Loss: 0.07827430503333316, Inverse Test Loss: 0.04217743424370008 
2025-06-18 16:50:39,100 INFO: Epoch 83, Train Loss: 0.0887453259166443, Test Loss: 0.07786271589643814, Inverse Test Loss: 0.0418924364973517 
2025-06-18 16:50:41,005 INFO: Epoch 84, Train Loss: 0.08981919350723426, Test Loss: 0.07733982889091268, Inverse Test Loss: 0.04168058581211988 
2025-06-18 16:50:42,896 INFO: Epoch 85, Train Loss: 0.0883128372670123, Test Loss: 0.07798593929585289, Inverse Test Loss: 0.04202767724499983 
2025-06-18 16:50:44,734 INFO: Epoch 86, Train Loss: 0.08949792904384209, Test Loss: 0.07742731645703316, Inverse Test Loss: 0.04176217010792564 
2025-06-18 16:50:46,621 INFO: Epoch 87, Train Loss: 0.08778321443859374, Test Loss: 0.07781569922671598, Inverse Test Loss: 0.04192949502783663 
2025-06-18 16:50:48,515 INFO: Epoch 88, Train Loss: 0.0889746630282113, Test Loss: 0.07772195076241213, Inverse Test Loss: 0.04190066610189045 
2025-06-18 16:50:50,358 INFO: Epoch 89, Train Loss: 0.08822009108509078, Test Loss: 0.07683581639738644, Inverse Test Loss: 0.041475839803324026 
2025-06-18 16:50:52,233 INFO: Epoch 90, Train Loss: 0.08850048888813365, Test Loss: 0.07776923937832608, Inverse Test Loss: 0.0419153709183721 
2025-06-18 16:50:54,114 INFO: Epoch 91, Train Loss: 0.08792945330567432, Test Loss: 0.07802041444708319, Inverse Test Loss: 0.04204449550632168 
2025-06-18 16:50:55,991 INFO: Epoch 92, Train Loss: 0.0868753751344753, Test Loss: 0.07641610831898801, Inverse Test Loss: 0.041215180255034393 
2025-06-18 16:50:57,777 INFO: Epoch 93, Train Loss: 0.08783258706557029, Test Loss: 0.07602331984569044, Inverse Test Loss: 0.041021794190301615 
2025-06-18 16:50:59,628 INFO: Epoch 94, Train Loss: 0.08706143543575749, Test Loss: 0.07692983242518761, Inverse Test Loss: 0.041480808464043284 
2025-06-18 16:51:01,486 INFO: Epoch 95, Train Loss: 0.08778842984501159, Test Loss: 0.0764515976257184, Inverse Test Loss: 0.041171840994673616 
2025-06-18 16:51:03,312 INFO: Epoch 96, Train Loss: 0.08622190068391236, Test Loss: 0.076359802747474, Inverse Test Loss: 0.04117212170625434 
2025-06-18 16:51:05,157 INFO: Epoch 97, Train Loss: 0.08669002156591776, Test Loss: 0.07723858864868388, Inverse Test Loss: 0.04160795820986524 
2025-06-18 16:51:07,047 INFO: Epoch 98, Train Loss: 0.08652137942386395, Test Loss: 0.07597052919514038, Inverse Test Loss: 0.040959816535606104 
2025-06-18 16:51:08,920 INFO: Epoch 99, Train Loss: 0.08648874407464807, Test Loss: 0.07625105933231466, Inverse Test Loss: 0.04111961801262463 
2025-06-18 16:51:10,834 INFO: Epoch 100, Train Loss: 0.08539529985776453, Test Loss: 0.07641665637493134, Inverse Test Loss: 0.04120367403854342 
2025-06-18 16:51:10,834 INFO: Best Epoch 98, Best Test Loss: 0.07597052919514038, Inverse Test Loss: 0.040959816535606104 
2025-06-18 16:51:12,691 INFO: Epoch 101, Train Loss: 0.08710247786207632, Test Loss: 0.07581037721213173, Inverse Test Loss: 0.040894445141448695 
2025-06-18 16:51:14,589 INFO: Epoch 102, Train Loss: 0.08598989203120723, Test Loss: 0.0760437688406776, Inverse Test Loss: 0.0410162569845424 
2025-06-18 16:51:16,474 INFO: Epoch 103, Train Loss: 0.08606778040076747, Test Loss: 0.07556791647392161, Inverse Test Loss: 0.04075328764670035 
2025-06-18 16:51:18,369 INFO: Epoch 104, Train Loss: 0.08618176677687601, Test Loss: 0.07573903636897311, Inverse Test Loss: 0.04087042688008617 
2025-06-18 16:51:20,211 INFO: Epoch 105, Train Loss: 0.08480359009946838, Test Loss: 0.07558294473325505, Inverse Test Loss: 0.04076661794062923 
2025-06-18 16:51:22,136 INFO: Epoch 106, Train Loss: 0.0849789830884247, Test Loss: 0.07559235437827952, Inverse Test Loss: 0.04078066403813222 
2025-06-18 16:51:24,037 INFO: Epoch 107, Train Loss: 0.08517258027286241, Test Loss: 0.0752350521438262, Inverse Test Loss: 0.040537832523970044 
2025-06-18 16:51:25,913 INFO: Epoch 108, Train Loss: 0.0849178782240911, Test Loss: 0.07535348219030044, Inverse Test Loss: 0.04056486827047432 
2025-06-18 16:51:27,821 INFO: Epoch 109, Train Loss: 0.08643854934383523, Test Loss: 0.07506995845366926, Inverse Test Loss: 0.04047756269574165 
2025-06-18 16:51:29,671 INFO: Epoch 110, Train Loss: 0.08573832927328168, Test Loss: 0.07504333468044505, Inverse Test Loss: 0.040496335967498666 
2025-06-18 16:51:31,550 INFO: Epoch 111, Train Loss: 0.08501194536008617, Test Loss: 0.07512629448490984, Inverse Test Loss: 0.040448478149140585 
2025-06-18 16:51:33,459 INFO: Epoch 112, Train Loss: 0.08518121368957288, Test Loss: 0.07500723442610573, Inverse Test Loss: 0.04041160281528445 
2025-06-18 16:51:35,359 INFO: Epoch 113, Train Loss: 0.08476885989534133, Test Loss: 0.07443597222514012, Inverse Test Loss: 0.04015647910316201 
2025-06-18 16:51:37,230 INFO: Epoch 114, Train Loss: 0.08353311291924029, Test Loss: 0.07443117679041975, Inverse Test Loss: 0.04012795762323281 
2025-06-18 16:51:39,105 INFO: Epoch 115, Train Loss: 0.0842935076039849, Test Loss: 0.07450838299358592, Inverse Test Loss: 0.040172291864805365 
2025-06-18 16:51:40,964 INFO: Epoch 116, Train Loss: 0.0843318272382021, Test Loss: 0.07477841350962133, Inverse Test Loss: 0.04031418987056788 
2025-06-18 16:51:42,862 INFO: Epoch 117, Train Loss: 0.08413788924614589, Test Loss: 0.07602370070183978, Inverse Test Loss: 0.041001333690741486 
2025-06-18 16:51:44,759 INFO: Epoch 118, Train Loss: 0.08482385624312994, Test Loss: 0.07426174039788105, Inverse Test Loss: 0.040043211925555676 
2025-06-18 16:51:46,638 INFO: Epoch 119, Train Loss: 0.0841541224243966, Test Loss: 0.07419030675116707, Inverse Test Loss: 0.04002881849951604 
2025-06-18 16:51:48,517 INFO: Epoch 120, Train Loss: 0.08401107443778803, Test Loss: 0.07450057390858145, Inverse Test Loss: 0.040163465994684136 
2025-06-18 16:51:50,407 INFO: Epoch 121, Train Loss: 0.0843936028805646, Test Loss: 0.07484093144097749, Inverse Test Loss: 0.04038012016783742 
2025-06-18 16:51:52,281 INFO: Epoch 122, Train Loss: 0.0835021622196743, Test Loss: 0.07418027366785442, Inverse Test Loss: 0.04001968332073268 
2025-06-18 16:51:54,170 INFO: Epoch 123, Train Loss: 0.08362635287145774, Test Loss: 0.0747466361259713, Inverse Test Loss: 0.04029129894779009 
2025-06-18 16:51:56,085 INFO: Epoch 124, Train Loss: 0.08310040385659898, Test Loss: 0.07536297664046288, Inverse Test Loss: 0.04067324123838369 
2025-06-18 16:51:57,964 INFO: Epoch 125, Train Loss: 0.08402175778015093, Test Loss: 0.07390341787215542, Inverse Test Loss: 0.03981316944255548 
2025-06-18 16:51:59,878 INFO: Epoch 126, Train Loss: 0.08269133034980658, Test Loss: 0.07382411224877133, Inverse Test Loss: 0.039785201989990825 
2025-06-18 16:52:01,728 INFO: Epoch 127, Train Loss: 0.08324183557521213, Test Loss: 0.07465593735961353, Inverse Test Loss: 0.04025400079348508 
2025-06-18 16:52:03,560 INFO: Epoch 128, Train Loss: 0.0828038610969529, Test Loss: 0.07395782628480126, Inverse Test Loss: 0.03987410604296362 
2025-06-18 16:52:05,415 INFO: Epoch 129, Train Loss: 0.08173508721996438, Test Loss: 0.07403422497651156, Inverse Test Loss: 0.039877768003327006 
2025-06-18 16:52:07,270 INFO: Epoch 130, Train Loss: 0.0817907757379792, Test Loss: 0.07446232284693156, Inverse Test Loss: 0.04013001403826125 
2025-06-18 16:52:09,173 INFO: Epoch 131, Train Loss: 0.08279084871438416, Test Loss: 0.07385972317527323, Inverse Test Loss: 0.03984516212607131 
2025-06-18 16:52:11,051 INFO: Epoch 132, Train Loss: 0.08330702905853589, Test Loss: 0.07406842905808897, Inverse Test Loss: 0.03996707926339963 
2025-06-18 16:52:12,952 INFO: Epoch 133, Train Loss: 0.08278250852317522, Test Loss: 0.0740810591070091, Inverse Test Loss: 0.03992288866463829 
2025-06-18 16:52:14,829 INFO: Epoch 134, Train Loss: 0.08235013699441245, Test Loss: 0.07418688277111334, Inverse Test Loss: 0.03998085834524211 
2025-06-18 16:52:16,694 INFO: Epoch 135, Train Loss: 0.08212142787647969, Test Loss: 0.07412403690464356, Inverse Test Loss: 0.03992595852297895 
2025-06-18 16:52:18,593 INFO: Epoch 136, Train Loss: 0.08226189570445003, Test Loss: 0.07347943699535202, Inverse Test Loss: 0.03961203849929221 
2025-06-18 16:52:20,485 INFO: Epoch 137, Train Loss: 0.08169602506765813, Test Loss: 0.07350058919366668, Inverse Test Loss: 0.039622630759635395 
2025-06-18 16:52:22,384 INFO: Epoch 138, Train Loss: 0.08080915514041077, Test Loss: 0.07346224982072325, Inverse Test Loss: 0.0395732491331942 
2025-06-18 16:52:24,283 INFO: Epoch 139, Train Loss: 0.0814775608931527, Test Loss: 0.07445909280110807, Inverse Test Loss: 0.04002077504992485 
2025-06-18 16:52:26,143 INFO: Epoch 140, Train Loss: 0.08291948818121896, Test Loss: 0.07321025168194491, Inverse Test Loss: 0.03946925853105152 
2025-06-18 16:52:28,020 INFO: Epoch 141, Train Loss: 0.081573181813865, Test Loss: 0.07312204381998848, Inverse Test Loss: 0.03942208129036076 
2025-06-18 16:52:29,856 INFO: Epoch 142, Train Loss: 0.08116808127273213, Test Loss: 0.07323393148972708, Inverse Test Loss: 0.03947136195047813 
2025-06-18 16:52:31,760 INFO: Epoch 143, Train Loss: 0.08074355554400069, Test Loss: 0.07372747624621671, Inverse Test Loss: 0.039714711992179644 
2025-06-18 16:52:33,661 INFO: Epoch 144, Train Loss: 0.08237802225983504, Test Loss: 0.07345950362436912, Inverse Test Loss: 0.03960352171869839 
2025-06-18 16:52:35,532 INFO: Epoch 145, Train Loss: 0.0813913471771009, Test Loss: 0.07344184552921969, Inverse Test Loss: 0.039559992906801844 
2025-06-18 16:52:37,404 INFO: Epoch 146, Train Loss: 0.081606915559281, Test Loss: 0.07351203372373301, Inverse Test Loss: 0.039613314630354154 
2025-06-18 16:52:39,289 INFO: Epoch 147, Train Loss: 0.08047974030628349, Test Loss: 0.0736882730441935, Inverse Test Loss: 0.0397089996977764 
2025-06-18 16:52:41,167 INFO: Epoch 148, Train Loss: 0.0813270795413039, Test Loss: 0.07305964411181562, Inverse Test Loss: 0.03934171423316002 
2025-06-18 16:52:43,057 INFO: Epoch 149, Train Loss: 0.08151371748835752, Test Loss: 0.07330332148601026, Inverse Test Loss: 0.0395321564968018 
2025-06-18 16:52:44,926 INFO: Epoch 150, Train Loss: 0.08043453531960647, Test Loss: 0.07341610486893092, Inverse Test Loss: 0.03957111892454764 
2025-06-18 16:52:46,827 INFO: Epoch 151, Train Loss: 0.08086879901362187, Test Loss: 0.07294668914640651, Inverse Test Loss: 0.039330779465244096 
2025-06-18 16:52:48,728 INFO: Epoch 152, Train Loss: 0.07976380921900272, Test Loss: 0.07281849423752111, Inverse Test Loss: 0.03929520453162053 
2025-06-18 16:52:50,622 INFO: Epoch 153, Train Loss: 0.08085782729992361, Test Loss: 0.07288242328692884, Inverse Test Loss: 0.03926780425450381 
2025-06-18 16:52:52,516 INFO: Epoch 154, Train Loss: 0.08005324497141621, Test Loss: 0.07347538475604619, Inverse Test Loss: 0.03958464841194013 
2025-06-18 16:52:54,397 INFO: Epoch 155, Train Loss: 0.08048171092840758, Test Loss: 0.0740413887097555, Inverse Test Loss: 0.03992167443913572 
2025-06-18 16:52:56,258 INFO: Epoch 156, Train Loss: 0.07949089699170807, Test Loss: 0.07337266053347026, Inverse Test Loss: 0.03949317949659684 
2025-06-18 16:52:58,146 INFO: Epoch 157, Train Loss: 0.08115714703771201, Test Loss: 0.07295757762211211, Inverse Test Loss: 0.039356271298054385 
2025-06-18 16:53:00,038 INFO: Epoch 158, Train Loss: 0.07990385315409212, Test Loss: 0.07302601547802196, Inverse Test Loss: 0.03936666009180686 
2025-06-18 16:53:01,982 INFO: Epoch 159, Train Loss: 0.08046422006957459, Test Loss: 0.07248108614893521, Inverse Test Loss: 0.039097032564527845 
2025-06-18 16:53:03,895 INFO: Epoch 160, Train Loss: 0.08021060806332213, Test Loss: 0.07286748925552648, Inverse Test Loss: 0.03930992441361442 
2025-06-18 16:53:05,767 INFO: Epoch 161, Train Loss: 0.08087633228437467, Test Loss: 0.07281391432180125, Inverse Test Loss: 0.03919663839042187 
2025-06-18 16:53:07,667 INFO: Epoch 162, Train Loss: 0.08068932124385328, Test Loss: 0.07246963416828829, Inverse Test Loss: 0.03903775048606536 
2025-06-18 16:53:09,558 INFO: Epoch 163, Train Loss: 0.07977147648731868, Test Loss: 0.0722435707335963, Inverse Test Loss: 0.03888870923615554 
2025-06-18 16:53:11,438 INFO: Epoch 164, Train Loss: 0.07974314221152753, Test Loss: 0.07303301003925941, Inverse Test Loss: 0.03936045649735367 
2025-06-18 16:53:13,358 INFO: Epoch 165, Train Loss: 0.07916023302823305, Test Loss: 0.07235182843664113, Inverse Test Loss: 0.03897082635804134 
2025-06-18 16:53:15,267 INFO: Epoch 166, Train Loss: 0.08068664874317068, Test Loss: 0.0730572430526509, Inverse Test Loss: 0.039364840616198146 
2025-06-18 16:53:17,166 INFO: Epoch 167, Train Loss: 0.07979909821667454, Test Loss: 0.07281948100118076, Inverse Test Loss: 0.03923181323882412 
2025-06-18 16:53:19,089 INFO: Epoch 168, Train Loss: 0.07948037293372733, Test Loss: 0.07269584387540817, Inverse Test Loss: 0.03917405874851872 
2025-06-18 16:53:20,963 INFO: Epoch 169, Train Loss: 0.0785145874727856, Test Loss: 0.07276603448040345, Inverse Test Loss: 0.03915045859620852 
2025-06-18 16:53:22,826 INFO: Epoch 170, Train Loss: 0.07930688684185346, Test Loss: 0.07214951712419004, Inverse Test Loss: 0.03884516415350577 
2025-06-18 16:53:24,729 INFO: Epoch 171, Train Loss: 0.07883607370383812, Test Loss: 0.07209259205881287, Inverse Test Loss: 0.03884992030832697 
2025-06-18 16:53:26,623 INFO: Epoch 172, Train Loss: 0.07986535007754962, Test Loss: 0.07237318771726944, Inverse Test Loss: 0.038972036584335214 
2025-06-18 16:53:28,527 INFO: Epoch 173, Train Loss: 0.0792860160722877, Test Loss: 0.07214618759120212, Inverse Test Loss: 0.03887318869066589 
2025-06-18 16:53:30,422 INFO: Epoch 174, Train Loss: 0.07930708191159999, Test Loss: 0.07215901781969211, Inverse Test Loss: 0.03891770530711202 
2025-06-18 16:53:32,317 INFO: Epoch 175, Train Loss: 0.0787420602458896, Test Loss: 0.07192231320282992, Inverse Test Loss: 0.03869902901351452 
2025-06-18 16:53:34,226 INFO: Epoch 176, Train Loss: 0.07929778336123987, Test Loss: 0.07214028037646238, Inverse Test Loss: 0.038778120925759565 
2025-06-18 16:53:36,119 INFO: Epoch 177, Train Loss: 0.07844296972634214, Test Loss: 0.07172092532410342, Inverse Test Loss: 0.038624050260028416 
2025-06-18 16:53:38,013 INFO: Epoch 178, Train Loss: 0.0787168015923464, Test Loss: 0.07251770180814407, Inverse Test Loss: 0.038999482003204966 
2025-06-18 16:53:39,926 INFO: Epoch 179, Train Loss: 0.07755343853072687, Test Loss: 0.07250779669950991, Inverse Test Loss: 0.03892011348815525 
2025-06-18 16:53:41,834 INFO: Epoch 180, Train Loss: 0.07898548014010444, Test Loss: 0.07225491720087387, Inverse Test Loss: 0.038841785205637705 
2025-06-18 16:53:43,724 INFO: Epoch 181, Train Loss: 0.07826881844437483, Test Loss: 0.07193407197208966, Inverse Test Loss: 0.03866215499446673 
2025-06-18 16:53:45,637 INFO: Epoch 182, Train Loss: 0.07901486218201392, Test Loss: 0.07199193887850817, Inverse Test Loss: 0.038737646687556714 
2025-06-18 16:53:47,545 INFO: Epoch 183, Train Loss: 0.07812725662282019, Test Loss: 0.07199118395938593, Inverse Test Loss: 0.0387322193778613 
2025-06-18 16:53:49,460 INFO: Epoch 184, Train Loss: 0.07862177056570847, Test Loss: 0.07214836337987114, Inverse Test Loss: 0.03879852286156486 
2025-06-18 16:53:51,423 INFO: Epoch 185, Train Loss: 0.0781483282758431, Test Loss: 0.07294376654660001, Inverse Test Loss: 0.0392022860400817 
2025-06-18 16:53:53,444 INFO: Epoch 186, Train Loss: 0.07846903642921736, Test Loss: 0.07185073547503527, Inverse Test Loss: 0.03861983503927203 
2025-06-18 16:53:55,432 INFO: Epoch 187, Train Loss: 0.07766058549962261, Test Loss: 0.07198362841325648, Inverse Test Loss: 0.03863646648824215 
2025-06-18 16:53:57,366 INFO: Epoch 188, Train Loss: 0.07695608885225022, Test Loss: 0.07188282687874402, Inverse Test Loss: 0.03864257322514758 
2025-06-18 16:53:59,365 INFO: Epoch 189, Train Loss: 0.07762748595665801, Test Loss: 0.07197622845278066, Inverse Test Loss: 0.03867647325729623 
2025-06-18 16:54:01,376 INFO: Epoch 190, Train Loss: 0.07777463966472582, Test Loss: 0.07206083286334486, Inverse Test Loss: 0.03877430157188107 
2025-06-18 16:54:03,340 INFO: Epoch 191, Train Loss: 0.07774590387601744, Test Loss: 0.07241677229895312, Inverse Test Loss: 0.038904609925606674 
2025-06-18 16:54:05,335 INFO: Epoch 192, Train Loss: 0.07892752568604368, Test Loss: 0.07153131758027217, Inverse Test Loss: 0.03852809812216198 
2025-06-18 16:54:07,307 INFO: Epoch 193, Train Loss: 0.07733751110958331, Test Loss: 0.07166493004735779, Inverse Test Loss: 0.038547230829649115 
2025-06-18 16:54:09,268 INFO: Epoch 194, Train Loss: 0.07738889674797203, Test Loss: 0.07148831797873273, Inverse Test Loss: 0.03845074312651858 
2025-06-18 16:54:11,177 INFO: Epoch 195, Train Loss: 0.07765143957327712, Test Loss: 0.07180138392483487, Inverse Test Loss: 0.03864273932926795 
2025-06-18 16:54:13,117 INFO: Epoch 196, Train Loss: 0.07728325332881826, Test Loss: 0.07174406551262912, Inverse Test Loss: 0.038589532870580166 
2025-06-18 16:54:15,108 INFO: Epoch 197, Train Loss: 0.07708394160550652, Test Loss: 0.07219974959597868, Inverse Test Loss: 0.03872426281518796 
2025-06-18 16:54:17,046 INFO: Epoch 198, Train Loss: 0.07752746490366531, Test Loss: 0.07203544194207472, Inverse Test Loss: 0.03869139534585616 
2025-06-18 16:54:18,954 INFO: Epoch 199, Train Loss: 0.07701756127855995, Test Loss: 0.07153752117472537, Inverse Test Loss: 0.03841547854244709 
2025-06-18 16:54:20,844 INFO: Epoch 200, Train Loss: 0.07757952702090595, Test Loss: 0.07159924770102781, Inverse Test Loss: 0.03847442074295353 
2025-06-18 16:54:20,845 INFO: Best Epoch 194, Best Test Loss: 0.07148831797873273, Inverse Test Loss: 0.03845074312651858 
2025-06-18 16:54:22,776 INFO: Epoch 201, Train Loss: 0.07648406076160344, Test Loss: 0.07121153088176951, Inverse Test Loss: 0.038289949023986566 
2025-06-18 16:54:24,666 INFO: Epoch 202, Train Loss: 0.07685315941996647, Test Loss: 0.07156282400383669, Inverse Test Loss: 0.03844038495684371 
2025-06-18 16:54:26,549 INFO: Epoch 203, Train Loss: 0.076663419999408, Test Loss: 0.07225331313469831, Inverse Test Loss: 0.03874263189294759 
2025-06-18 16:54:28,426 INFO: Epoch 204, Train Loss: 0.07643404326429873, Test Loss: 0.07143571600317955, Inverse Test Loss: 0.038406009621479935 
2025-06-18 16:54:30,366 INFO: Epoch 205, Train Loss: 0.07624754377386787, Test Loss: 0.07189457228078562, Inverse Test Loss: 0.03864064023775213 
2025-06-18 16:54:32,277 INFO: Epoch 206, Train Loss: 0.07658107578754425, Test Loss: 0.07173940407879212, Inverse Test Loss: 0.038522576584535485 
2025-06-18 16:54:34,138 INFO: Epoch 207, Train Loss: 0.0770933348685503, Test Loss: 0.07151075540220037, Inverse Test Loss: 0.03842325366156943 
2025-06-18 16:54:36,072 INFO: Epoch 208, Train Loss: 0.07635222956763976, Test Loss: 0.07121272823389839, Inverse Test Loss: 0.03825983437983429 
2025-06-18 16:54:37,972 INFO: Epoch 209, Train Loss: 0.07629093984988602, Test Loss: 0.071197078727624, Inverse Test Loss: 0.03825864261564087 
2025-06-18 16:54:39,855 INFO: Epoch 210, Train Loss: 0.07653613676401702, Test Loss: 0.07207452922182925, Inverse Test Loss: 0.038759625681182915 
2025-06-18 16:54:41,764 INFO: Epoch 211, Train Loss: 0.07633043447452964, Test Loss: 0.07234528178677839, Inverse Test Loss: 0.038826076861690074 
2025-06-18 16:54:43,667 INFO: Epoch 212, Train Loss: 0.07636456256450126, Test Loss: 0.0709096037727945, Inverse Test Loss: 0.03808748491984956 
2025-06-18 16:54:45,545 INFO: Epoch 213, Train Loss: 0.07571800112385642, Test Loss: 0.07101177226971178, Inverse Test Loss: 0.038172617773799336 
2025-06-18 16:54:47,440 INFO: Epoch 214, Train Loss: 0.07586045907528112, Test Loss: 0.07126200352521504, Inverse Test Loss: 0.03827808567268007 
2025-06-18 16:54:49,339 INFO: Epoch 215, Train Loss: 0.076697290508133, Test Loss: 0.07104979630778818, Inverse Test Loss: 0.03812881372869015 
2025-06-18 16:54:51,242 INFO: Epoch 216, Train Loss: 0.07553687657822263, Test Loss: 0.0710192377514699, Inverse Test Loss: 0.0380829350255868 
2025-06-18 16:54:53,137 INFO: Epoch 217, Train Loss: 0.07479896610884955, Test Loss: 0.07180559503681519, Inverse Test Loss: 0.03858569242498454 
2025-06-18 16:54:54,994 INFO: Epoch 218, Train Loss: 0.07594800647348166, Test Loss: 0.07136708322693319, Inverse Test Loss: 0.038307876271360064 
2025-06-18 16:54:56,908 INFO: Epoch 219, Train Loss: 0.07523293573070657, Test Loss: 0.07154900273855995, Inverse Test Loss: 0.038380093105575615 
2025-06-18 16:54:58,775 INFO: Epoch 220, Train Loss: 0.0756201742950714, Test Loss: 0.07128571193007861, Inverse Test Loss: 0.038324421819518596 
2025-06-18 16:55:00,618 INFO: Epoch 221, Train Loss: 0.07567832607663039, Test Loss: 0.07122355962500852, Inverse Test Loss: 0.03826606065473136 
2025-06-18 16:55:02,515 INFO: Epoch 222, Train Loss: 0.07561147546000553, Test Loss: 0.07179334168048467, Inverse Test Loss: 0.03856435341431814 
2025-06-18 16:55:04,410 INFO: Epoch 223, Train Loss: 0.07549543029656916, Test Loss: 0.07119450323721942, Inverse Test Loss: 0.03823205204132725 
2025-06-18 16:55:06,329 INFO: Epoch 224, Train Loss: 0.0757009114957217, Test Loss: 0.07106412771870108, Inverse Test Loss: 0.038132536060669846 
2025-06-18 16:55:08,233 INFO: Epoch 225, Train Loss: 0.07542058351365002, Test Loss: 0.07160795151310809, Inverse Test Loss: 0.0383908370619311 
2025-06-18 16:55:10,142 INFO: Epoch 226, Train Loss: 0.0758771923455325, Test Loss: 0.07086470394450076, Inverse Test Loss: 0.038032356320935136 
2025-06-18 16:55:12,096 INFO: Epoch 227, Train Loss: 0.07581814581697638, Test Loss: 0.07138549317331876, Inverse Test Loss: 0.03831854868022835 
2025-06-18 16:55:13,991 INFO: Epoch 228, Train Loss: 0.0746554055561622, Test Loss: 0.0711162887951907, Inverse Test Loss: 0.038101574953864605 
2025-06-18 16:55:15,890 INFO: Epoch 229, Train Loss: 0.07519420829008926, Test Loss: 0.07109254642444499, Inverse Test Loss: 0.038176226484424924 
2025-06-18 16:55:17,789 INFO: Epoch 230, Train Loss: 0.07506363618780267, Test Loss: 0.07099901336957426, Inverse Test Loss: 0.038089673856601995 
2025-06-18 16:55:19,670 INFO: Epoch 231, Train Loss: 0.07457361556589603, Test Loss: 0.07106247259413495, Inverse Test Loss: 0.03811832079116036 
2025-06-18 16:55:21,574 INFO: Epoch 232, Train Loss: 0.07501289194844889, Test Loss: 0.07109227053382818, Inverse Test Loss: 0.03813852577963296 
2025-06-18 16:55:23,492 INFO: Epoch 233, Train Loss: 0.07496871308169582, Test Loss: 0.0712158537524588, Inverse Test Loss: 0.03823508946772884 
2025-06-18 16:55:25,405 INFO: Epoch 234, Train Loss: 0.0758605141644225, Test Loss: 0.07081242431612576, Inverse Test Loss: 0.037985723903950525 
2025-06-18 16:55:27,318 INFO: Epoch 235, Train Loss: 0.07538053816692396, Test Loss: 0.07099640237934449, Inverse Test Loss: 0.038145897909998894 
2025-06-18 16:55:29,207 INFO: Epoch 236, Train Loss: 0.0739520973892826, Test Loss: 0.071704362245167, Inverse Test Loss: 0.03841350906912018 
2025-06-18 16:55:31,092 INFO: Epoch 237, Train Loss: 0.07524102841588584, Test Loss: 0.07098252107115353, Inverse Test Loss: 0.03810460865497589 
2025-06-18 16:55:32,970 INFO: Epoch 238, Train Loss: 0.07435223330376727, Test Loss: 0.07130293372799368, Inverse Test Loss: 0.03828559268046828 
2025-06-18 16:55:34,857 INFO: Epoch 239, Train Loss: 0.07491819154132497, Test Loss: 0.07085484156713766, Inverse Test Loss: 0.038022416589014674 
2025-06-18 16:55:36,748 INFO: Epoch 240, Train Loss: 0.07435510866343975, Test Loss: 0.07080127934322637, Inverse Test Loss: 0.03800091125509318 
2025-06-18 16:55:38,641 INFO: Epoch 241, Train Loss: 0.07493563730156783, Test Loss: 0.07120832800865173, Inverse Test Loss: 0.038170728503781205 
2025-06-18 16:55:40,534 INFO: Epoch 242, Train Loss: 0.07450929543737209, Test Loss: 0.07118720627006363, Inverse Test Loss: 0.03815358504652977 
2025-06-18 16:55:42,454 INFO: Epoch 243, Train Loss: 0.07411068336417277, Test Loss: 0.07204858936807688, Inverse Test Loss: 0.03860753478811068 
2025-06-18 16:55:44,357 INFO: Epoch 244, Train Loss: 0.07377048875346329, Test Loss: 0.07122879782143761, Inverse Test Loss: 0.03813343111644773 
2025-06-18 16:55:46,264 INFO: Epoch 245, Train Loss: 0.07435732092143911, Test Loss: 0.07174132194589167, Inverse Test Loss: 0.03853520509951255 
2025-06-18 16:55:48,169 INFO: Epoch 246, Train Loss: 0.07326583970676769, Test Loss: 0.07075531671152395, Inverse Test Loss: 0.03801315595560214 
2025-06-18 16:55:50,059 INFO: Epoch 247, Train Loss: 0.07391783792638418, Test Loss: 0.07109408475020353, Inverse Test Loss: 0.038084925974116605 
2025-06-18 16:55:51,975 INFO: Epoch 248, Train Loss: 0.07415366709006554, Test Loss: 0.07087492307319361, Inverse Test Loss: 0.03795979533563642 
2025-06-18 16:55:53,851 INFO: Epoch 249, Train Loss: 0.073549153396126, Test Loss: 0.07050431169131223, Inverse Test Loss: 0.037903676795608854 
2025-06-18 16:55:55,730 INFO: Epoch 250, Train Loss: 0.07384482968711492, Test Loss: 0.07079560090513791, Inverse Test Loss: 0.037975169827832896 
2025-06-18 16:55:57,626 INFO: Epoch 251, Train Loss: 0.07422723073625204, Test Loss: 0.07075597477309845, Inverse Test Loss: 0.03791862211244948 
2025-06-18 16:55:59,526 INFO: Epoch 252, Train Loss: 0.07463826131865833, Test Loss: 0.07052336151109022, Inverse Test Loss: 0.03783680268508546 
2025-06-18 16:56:01,424 INFO: Epoch 253, Train Loss: 0.07421500021309564, Test Loss: 0.07114314660429955, Inverse Test Loss: 0.038110803374472785 
2025-06-18 16:56:03,341 INFO: Epoch 254, Train Loss: 0.074426989381512, Test Loss: 0.07179176412961062, Inverse Test Loss: 0.03847483578411972 
2025-06-18 16:56:05,283 INFO: Epoch 255, Train Loss: 0.07361988407192809, Test Loss: 0.07089890254771009, Inverse Test Loss: 0.038024086395607275 
2025-06-18 16:56:07,189 INFO: Epoch 256, Train Loss: 0.07340186473095056, Test Loss: 0.07092414160861689, Inverse Test Loss: 0.03807110503754195 
2025-06-18 16:56:09,091 INFO: Epoch 257, Train Loss: 0.07324418250584241, Test Loss: 0.07075923023854985, Inverse Test Loss: 0.03791721866411321 
2025-06-18 16:56:10,968 INFO: Epoch 258, Train Loss: 0.07374971664764664, Test Loss: 0.07094350172316327, Inverse Test Loss: 0.0380581138545976 
2025-06-18 16:56:12,871 INFO: Epoch 259, Train Loss: 0.07387881065634164, Test Loss: 0.07101022364462123, Inverse Test Loss: 0.038027420859126485 
2025-06-18 16:56:14,907 INFO: Epoch 260, Train Loss: 0.07341282707497929, Test Loss: 0.0705522230881102, Inverse Test Loss: 0.03780972727519624 
2025-06-18 16:56:16,963 INFO: Epoch 261, Train Loss: 0.0731258491675059, Test Loss: 0.07064588543246775, Inverse Test Loss: 0.03787999896003919 
2025-06-18 16:56:18,874 INFO: Epoch 262, Train Loss: 0.07332436520267617, Test Loss: 0.07075156205717255, Inverse Test Loss: 0.03796072326162282 
2025-06-18 16:56:20,805 INFO: Epoch 263, Train Loss: 0.07353880008061726, Test Loss: 0.07131413107409197, Inverse Test Loss: 0.038134409443420524 
2025-06-18 16:56:22,731 INFO: Epoch 264, Train Loss: 0.07357153623844638, Test Loss: 0.07028566563830656, Inverse Test Loss: 0.03766758608467439 
2025-06-18 16:56:24,629 INFO: Epoch 265, Train Loss: 0.0730592320588502, Test Loss: 0.07063946741468766, Inverse Test Loss: 0.037815815276082826 
2025-06-18 16:56:26,597 INFO: Epoch 266, Train Loss: 0.0731299499783552, Test Loss: 0.07046194067772697, Inverse Test Loss: 0.0377403714639299 
2025-06-18 16:56:28,607 INFO: Epoch 267, Train Loss: 0.07309658695576769, Test Loss: 0.07075627301545705, Inverse Test Loss: 0.03785619150628062 
2025-06-18 16:56:30,558 INFO: Epoch 268, Train Loss: 0.07363922304163377, Test Loss: 0.07101461488534422, Inverse Test Loss: 0.03804099735091714 
2025-06-18 16:56:32,486 INFO: Epoch 269, Train Loss: 0.07328882655411055, Test Loss: 0.07038172400173019, Inverse Test Loss: 0.03772419811609913 
2025-06-18 16:56:34,376 INFO: Epoch 270, Train Loss: 0.07237107267208172, Test Loss: 0.07037453375318471, Inverse Test Loss: 0.03768913130111554 
2025-06-18 16:56:36,339 INFO: Epoch 271, Train Loss: 0.07327543904609753, Test Loss: 0.07094955269028158, Inverse Test Loss: 0.03794769351096714 
2025-06-18 16:56:38,288 INFO: Epoch 272, Train Loss: 0.07268460374325514, Test Loss: 0.07161487704690765, Inverse Test Loss: 0.038295668823754084 
2025-06-18 16:56:40,253 INFO: Epoch 273, Train Loss: 0.07357454328148653, Test Loss: 0.07098453448099248, Inverse Test Loss: 0.037974617170060385 
2025-06-18 16:56:42,122 INFO: Epoch 274, Train Loss: 0.07283357480032877, Test Loss: 0.07083800522720113, Inverse Test Loss: 0.03791948824244387 
2025-06-18 16:56:44,024 INFO: Epoch 275, Train Loss: 0.07242740939060847, Test Loss: 0.07044476292589132, Inverse Test Loss: 0.03779024214429014 
2025-06-18 16:56:45,952 INFO: Epoch 276, Train Loss: 0.07287304357371548, Test Loss: 0.07081555246430285, Inverse Test Loss: 0.03795887102537295 
2025-06-18 16:56:47,889 INFO: Epoch 277, Train Loss: 0.07380271877980593, Test Loss: 0.07052123393206035, Inverse Test Loss: 0.03782090139301384 
2025-06-18 16:56:49,842 INFO: Epoch 278, Train Loss: 0.07191554445660475, Test Loss: 0.0704888217151165, Inverse Test Loss: 0.0378011896768037 
2025-06-18 16:56:51,816 INFO: Epoch 279, Train Loss: 0.07252530437527281, Test Loss: 0.0708649024805602, Inverse Test Loss: 0.03796214281636126 
2025-06-18 16:56:53,732 INFO: Epoch 280, Train Loss: 0.0725690144481081, Test Loss: 0.0709577520542285, Inverse Test Loss: 0.03802041062975631 
2025-06-18 16:56:55,658 INFO: Epoch 281, Train Loss: 0.07301416050529841, Test Loss: 0.07056347236913793, Inverse Test Loss: 0.03775398586602772 
2025-06-18 16:56:57,568 INFO: Epoch 282, Train Loss: 0.0723609926574158, Test Loss: 0.07055943590753219, Inverse Test Loss: 0.03777115255155984 
2025-06-18 16:56:59,491 INFO: Epoch 283, Train Loss: 0.07166621455866279, Test Loss: 0.07112206430996165, Inverse Test Loss: 0.03811259885482928 
2025-06-18 16:57:01,442 INFO: Epoch 284, Train Loss: 0.07212948816066439, Test Loss: 0.07089487266014605, Inverse Test Loss: 0.03804702837677563 
2025-06-18 16:57:03,363 INFO: Epoch 285, Train Loss: 0.07239854493827531, Test Loss: 0.07082928322693881, Inverse Test Loss: 0.0379264476325582 
2025-06-18 16:57:05,271 INFO: Epoch 286, Train Loss: 0.07219001622588346, Test Loss: 0.07088693538132836, Inverse Test Loss: 0.03796019744785393 
2025-06-18 16:57:07,164 INFO: Epoch 287, Train Loss: 0.07177648715900653, Test Loss: 0.07051258095923592, Inverse Test Loss: 0.03778201560763752 
2025-06-18 16:57:09,062 INFO: Epoch 288, Train Loss: 0.07237640237717917, Test Loss: 0.07099926953806597, Inverse Test Loss: 0.03804525700123871 
2025-06-18 16:57:10,994 INFO: Epoch 289, Train Loss: 0.07139634995749503, Test Loss: 0.07112995841923882, Inverse Test Loss: 0.03810416370191995 
2025-06-18 16:57:12,903 INFO: Epoch 290, Train Loss: 0.07236141643740913, Test Loss: 0.07064549033256139, Inverse Test Loss: 0.037891447215395814 
2025-06-18 16:57:14,801 INFO: Epoch 291, Train Loss: 0.07231274120170962, Test Loss: 0.07056188495720134, Inverse Test Loss: 0.03777631865266491 
2025-06-18 16:57:16,694 INFO: Epoch 292, Train Loss: 0.07303094497006951, Test Loss: 0.06991120559327743, Inverse Test Loss: 0.03744710061480017 
2025-06-18 16:57:18,618 INFO: Epoch 293, Train Loss: 0.07098583030429753, Test Loss: 0.07063050918719348, Inverse Test Loss: 0.037794856573728955 
2025-06-18 16:57:20,546 INFO: Epoch 294, Train Loss: 0.0712269822869337, Test Loss: 0.07047404874773587, Inverse Test Loss: 0.0377143470241743 
2025-06-18 16:57:22,432 INFO: Epoch 295, Train Loss: 0.07234227081591432, Test Loss: 0.07082254790207919, Inverse Test Loss: 0.03796110094031867 
2025-06-18 16:57:24,358 INFO: Epoch 296, Train Loss: 0.07145646067731308, Test Loss: 0.07091230044470113, Inverse Test Loss: 0.03798194185775869 
2025-06-18 16:57:26,235 INFO: Epoch 297, Train Loss: 0.07239291811305465, Test Loss: 0.07144127808072988, Inverse Test Loss: 0.03822189065463403 
2025-06-18 16:57:28,143 INFO: Epoch 298, Train Loss: 0.07231443519280716, Test Loss: 0.07117367338608294, Inverse Test Loss: 0.03808676024131915 
2025-06-18 16:57:30,057 INFO: Epoch 299, Train Loss: 0.07094939623140928, Test Loss: 0.07106326104086988, Inverse Test Loss: 0.03806158001808559 
2025-06-18 16:57:31,962 INFO: Epoch 300, Train Loss: 0.07104760120538148, Test Loss: 0.07053437566055971, Inverse Test Loss: 0.037751937504200375 
2025-06-18 16:57:31,962 INFO: Best Epoch 292, Best Test Loss: 0.06991120559327743, Inverse Test Loss: 0.03744710061480017 
2025-06-18 16:57:33,842 INFO: Epoch 301, Train Loss: 0.07114847063679587, Test Loss: 0.07058665813768611, Inverse Test Loss: 0.037860962507479334 
2025-06-18 16:57:35,759 INFO: Epoch 302, Train Loss: 0.07116438397629694, Test Loss: 0.07083263511166853, Inverse Test Loss: 0.037914105307529956 
2025-06-18 16:57:37,660 INFO: Epoch 303, Train Loss: 0.071444698806965, Test Loss: 0.07049714971114607, Inverse Test Loss: 0.03774071046534706 
2025-06-18 16:57:39,583 INFO: Epoch 304, Train Loss: 0.07054981922335697, Test Loss: 0.07077374616089989, Inverse Test Loss: 0.037845665698542315 
2025-06-18 16:57:41,545 INFO: Epoch 305, Train Loss: 0.0712608052135417, Test Loss: 0.07118080622133087, Inverse Test Loss: 0.03804282909807037 
2025-06-18 16:57:43,481 INFO: Epoch 306, Train Loss: 0.0713062302181215, Test Loss: 0.07152123376727104, Inverse Test Loss: 0.038274512790581756 
2025-06-18 16:57:45,406 INFO: Epoch 307, Train Loss: 0.07224193221014558, Test Loss: 0.07106780852465068, Inverse Test Loss: 0.03808380093644647 
2025-06-18 16:57:47,332 INFO: Epoch 308, Train Loss: 0.07057102193886583, Test Loss: 0.07121596331982051, Inverse Test Loss: 0.03810476051533923 
2025-06-18 16:57:49,214 INFO: Epoch 309, Train Loss: 0.07064542069918278, Test Loss: 0.07093967080992811, Inverse Test Loss: 0.037964538287590534 
2025-06-18 16:57:51,140 INFO: Epoch 310, Train Loss: 0.07103638836380208, Test Loss: 0.07102331453386475, Inverse Test Loss: 0.03801132234580377 
2025-06-18 16:57:53,080 INFO: Epoch 311, Train Loss: 0.0711574386240858, Test Loss: 0.07120199194725822, Inverse Test Loss: 0.038042607552864975 
2025-06-18 16:57:54,992 INFO: Epoch 312, Train Loss: 0.07090555515253183, Test Loss: 0.07078918727005229, Inverse Test Loss: 0.03790967549909564 
2025-06-18 16:57:56,911 INFO: Epoch 313, Train Loss: 0.07176909115955685, Test Loss: 0.07048977319808568, Inverse Test Loss: 0.03777728876208558 
2025-06-18 16:57:58,824 INFO: Epoch 314, Train Loss: 0.07086319775518143, Test Loss: 0.07071731677826713, Inverse Test Loss: 0.03787313971449347 
2025-06-18 16:58:00,757 INFO: Epoch 315, Train Loss: 0.07106108596604882, Test Loss: 0.07119327411055565, Inverse Test Loss: 0.03813793554025538 
2025-06-18 16:58:02,699 INFO: Epoch 316, Train Loss: 0.0711338942249616, Test Loss: 0.0706371838117347, Inverse Test Loss: 0.03787181066239581 
2025-06-18 16:58:04,580 INFO: Epoch 317, Train Loss: 0.07018121010200544, Test Loss: 0.07164588745902567, Inverse Test Loss: 0.03839793735567261 
2025-06-18 16:58:06,489 INFO: Epoch 318, Train Loss: 0.06979787665786165, Test Loss: 0.07128874322070795, Inverse Test Loss: 0.0380954718326821 
2025-06-18 16:58:08,441 INFO: Epoch 319, Train Loss: 0.07068611879014608, Test Loss: 0.07105887615505387, Inverse Test Loss: 0.0380204736309893 
2025-06-18 16:58:10,329 INFO: Epoch 320, Train Loss: 0.06988938186656345, Test Loss: 0.07113276071408216, Inverse Test Loss: 0.03795118860023863 
2025-06-18 16:58:12,213 INFO: Epoch 321, Train Loss: 0.07048782305509756, Test Loss: 0.07097300448838402, Inverse Test Loss: 0.03792866144110175 
2025-06-18 16:58:14,113 INFO: Epoch 322, Train Loss: 0.07147972810674798, Test Loss: 0.07150803637855194, Inverse Test Loss: 0.03830031239811112 
2025-06-18 16:58:16,052 INFO: Epoch 323, Train Loss: 0.07105327981778166, Test Loss: 0.07079095568727045, Inverse Test Loss: 0.03785015664556447 
2025-06-18 16:58:17,954 INFO: Epoch 324, Train Loss: 0.07065574291416189, Test Loss: 0.0705912119763739, Inverse Test Loss: 0.03774429791990448 
2025-06-18 16:58:19,871 INFO: Epoch 325, Train Loss: 0.07053591864127101, Test Loss: 0.07075984425404493, Inverse Test Loss: 0.03781860190279344 
2025-06-18 16:58:21,599 INFO: Epoch 326, Train Loss: 0.07030793968023676, Test Loss: 0.07062822339289329, Inverse Test Loss: 0.03779177816913409 
2025-06-18 16:58:23,214 INFO: Epoch 327, Train Loss: 0.06984654780138623, Test Loss: 0.07069110037649379, Inverse Test Loss: 0.037808602675795555 
2025-06-18 16:58:24,471 INFO: Epoch 328, Train Loss: 0.07042525051105203, Test Loss: 0.07150329539881033, Inverse Test Loss: 0.03817979881868643 
2025-06-18 16:58:25,717 INFO: Epoch 329, Train Loss: 0.07043379313792243, Test Loss: 0.07121467831380227, Inverse Test Loss: 0.038102683994699925 
2025-06-18 16:58:26,939 INFO: Epoch 330, Train Loss: 0.07039823416959155, Test Loss: 0.07171838007429067, Inverse Test Loss: 0.038353409508571905 
2025-06-18 16:58:28,148 INFO: Epoch 331, Train Loss: 0.0703164314512502, Test Loss: 0.07120913858799373, Inverse Test Loss: 0.03809571868794806 
2025-06-18 16:58:29,392 INFO: Epoch 332, Train Loss: 0.0703364002490134, Test Loss: 0.07097122818231583, Inverse Test Loss: 0.03798433776725741 
2025-06-18 16:58:30,613 INFO: Epoch 333, Train Loss: 0.06990415168305238, Test Loss: 0.07113121340379995, Inverse Test Loss: 0.03804485160200035 
2025-06-18 16:58:31,846 INFO: Epoch 334, Train Loss: 0.07034632414014953, Test Loss: 0.07171410015400718, Inverse Test Loss: 0.03838980329387328 
2025-06-18 16:58:33,150 INFO: Epoch 335, Train Loss: 0.06977660005742853, Test Loss: 0.07134917597560321, Inverse Test Loss: 0.03816066835733021 
2025-06-18 16:58:34,387 INFO: Epoch 336, Train Loss: 0.0706045412543145, Test Loss: 0.07110216643880396, Inverse Test Loss: 0.038061768583515114 
2025-06-18 16:58:35,619 INFO: Epoch 337, Train Loss: 0.0692282540046356, Test Loss: 0.07301379236228325, Inverse Test Loss: 0.0390336124555153 
2025-06-18 16:58:36,849 INFO: Epoch 338, Train Loss: 0.07027956216850063, Test Loss: 0.07168296483509681, Inverse Test Loss: 0.03838845068479285 
2025-06-18 16:58:38,083 INFO: Epoch 339, Train Loss: 0.06953820196742361, Test Loss: 0.07162924549158882, Inverse Test Loss: 0.038342937607975566 
2025-06-18 16:58:39,321 INFO: Epoch 340, Train Loss: 0.07036331262100827, Test Loss: 0.07240497956381124, Inverse Test Loss: 0.03868131339550018 
2025-06-18 16:58:40,563 INFO: Epoch 341, Train Loss: 0.07026166590212872, Test Loss: 0.07150425871505457, Inverse Test Loss: 0.03825904472785838 
2025-06-18 16:58:41,867 INFO: Epoch 342, Train Loss: 0.06954997899292996, Test Loss: 0.07157632686636027, Inverse Test Loss: 0.03837659801630413 
2025-06-18 16:58:43,076 INFO: Epoch 343, Train Loss: 0.07019478551140337, Test Loss: 0.07147228980765623, Inverse Test Loss: 0.0382093461778234 
2025-06-18 16:58:44,355 INFO: Epoch 344, Train Loss: 0.06962184026611573, Test Loss: 0.07096065712325714, Inverse Test Loss: 0.03794338192571612 
2025-06-18 16:58:45,589 INFO: Epoch 345, Train Loss: 0.06902920516828696, Test Loss: 0.07176924343494807, Inverse Test Loss: 0.038415384752785456 
2025-06-18 16:58:46,835 INFO: Epoch 346, Train Loss: 0.06955682847535971, Test Loss: 0.07193783100913553, Inverse Test Loss: 0.03847965718630482 
2025-06-18 16:58:48,061 INFO: Epoch 347, Train Loss: 0.06926660829534133, Test Loss: 0.07168911726159208, Inverse Test Loss: 0.038336891023551714 
2025-06-18 16:58:49,284 INFO: Epoch 348, Train Loss: 0.06998321775234106, Test Loss: 0.0713470788562999, Inverse Test Loss: 0.03824125076918041 
2025-06-18 16:58:50,537 INFO: Epoch 349, Train Loss: 0.069697128834598, Test Loss: 0.0721111028071712, Inverse Test Loss: 0.038587879718226546 
2025-06-18 16:58:51,754 INFO: Epoch 350, Train Loss: 0.06931168648103873, Test Loss: 0.07122824713587761, Inverse Test Loss: 0.038123854490764 
2025-06-18 16:58:52,967 INFO: Epoch 351, Train Loss: 0.06896892305689328, Test Loss: 0.07148798248347114, Inverse Test Loss: 0.038206926492207194 
2025-06-18 16:58:54,240 INFO: Epoch 352, Train Loss: 0.06852691761697784, Test Loss: 0.07206882426843923, Inverse Test Loss: 0.03849136467803927 
2025-06-18 16:58:55,481 INFO: Epoch 353, Train Loss: 0.06970745883882046, Test Loss: 0.07117018739090246, Inverse Test Loss: 0.03808361708241351 
2025-06-18 16:58:56,701 INFO: Epoch 354, Train Loss: 0.0699973265273553, Test Loss: 0.07218488875557394, Inverse Test Loss: 0.03859896640128949 
2025-06-18 16:58:57,939 INFO: Epoch 355, Train Loss: 0.06967432630445922, Test Loss: 0.07226072098402415, Inverse Test Loss: 0.03862641521674745 
2025-06-18 16:58:59,167 INFO: Epoch 356, Train Loss: 0.06987015651821187, Test Loss: 0.07233190909028053, Inverse Test Loss: 0.038632641382077164 
2025-06-18 16:59:00,396 INFO: Epoch 357, Train Loss: 0.07012388945528955, Test Loss: 0.0719353008796187, Inverse Test Loss: 0.038474501822801196 
2025-06-18 16:59:01,638 INFO: Epoch 358, Train Loss: 0.0687944848146854, Test Loss: 0.07202650891507373, Inverse Test Loss: 0.03849900623454767 
2025-06-18 16:59:02,934 INFO: Epoch 359, Train Loss: 0.06850087083876133, Test Loss: 0.07218106156762909, Inverse Test Loss: 0.03865843583994052 
2025-06-18 16:59:04,164 INFO: Epoch 360, Train Loss: 0.06933479784338763, Test Loss: 0.07190771313274608, Inverse Test Loss: 0.03848147699061562 
2025-06-18 16:59:05,440 INFO: Epoch 361, Train Loss: 0.06986044663371462, Test Loss: 0.07162603078519597, Inverse Test Loss: 0.0382912641062456 
2025-06-18 16:59:06,639 INFO: Epoch 362, Train Loss: 0.06965789046477187, Test Loss: 0.0717065601664431, Inverse Test Loss: 0.03837289715952733 
2025-06-18 16:59:07,897 INFO: Epoch 363, Train Loss: 0.06951779290807969, Test Loss: 0.07164335864431717, Inverse Test Loss: 0.03836204133489553 
2025-06-18 16:59:09,117 INFO: Epoch 364, Train Loss: 0.06862178385596383, Test Loss: 0.07216500797692467, Inverse Test Loss: 0.038611238274504155 
2025-06-18 16:59:10,332 INFO: Epoch 365, Train Loss: 0.06909427757967603, Test Loss: 0.07181129122481626, Inverse Test Loss: 0.03843954567085294 
2025-06-18 16:59:11,537 INFO: Epoch 366, Train Loss: 0.06788031782277605, Test Loss: 0.07160155935322537, Inverse Test Loss: 0.03831095412811812 
2025-06-18 16:59:12,785 INFO: Epoch 367, Train Loss: 0.06842223083543958, Test Loss: 0.07201945518746096, Inverse Test Loss: 0.038481373997295606 
2025-06-18 16:59:13,980 INFO: Epoch 368, Train Loss: 0.06848889405867367, Test Loss: 0.07207522431717199, Inverse Test Loss: 0.0385472048074007 
2025-06-18 16:59:15,254 INFO: Epoch 369, Train Loss: 0.06828356774128748, Test Loss: 0.0719244324547403, Inverse Test Loss: 0.038493744481135815 
2025-06-18 16:59:16,493 INFO: Epoch 370, Train Loss: 0.0689777047232245, Test Loss: 0.07189467483583618, Inverse Test Loss: 0.03838497619418537 
2025-06-18 16:59:17,736 INFO: Epoch 371, Train Loss: 0.0681422260787451, Test Loss: 0.07164592712241061, Inverse Test Loss: 0.03827011859154 
2025-06-18 16:59:18,933 INFO: Epoch 372, Train Loss: 0.06944985509934751, Test Loss: 0.07146146236097112, Inverse Test Loss: 0.03824520034386831 
2025-06-18 16:59:20,144 INFO: Epoch 373, Train Loss: 0.06878407553515652, Test Loss: 0.07214946146397029, Inverse Test Loss: 0.03855784522259936 
2025-06-18 16:59:21,435 INFO: Epoch 374, Train Loss: 0.06859951895294768, Test Loss: 0.07200966008445796, Inverse Test Loss: 0.03852175110403229 
2025-06-18 16:59:22,673 INFO: Epoch 375, Train Loss: 0.06882386558660955, Test Loss: 0.07255628748851664, Inverse Test Loss: 0.03881824904066675 
2025-06-18 16:59:23,917 INFO: Epoch 376, Train Loss: 0.06875298643541156, Test Loss: 0.07287512171794386, Inverse Test Loss: 0.03894506099031252 
2025-06-18 16:59:25,218 INFO: Epoch 377, Train Loss: 0.06814275275577199, Test Loss: 0.07221035878447925, Inverse Test Loss: 0.038645192871198934 
2025-06-18 16:59:26,448 INFO: Epoch 378, Train Loss: 0.0681027305510008, Test Loss: 0.07185569011113223, Inverse Test Loss: 0.03839671995271655 
2025-06-18 16:59:27,642 INFO: Epoch 379, Train Loss: 0.06875384240552332, Test Loss: 0.07185334624613032, Inverse Test Loss: 0.03844483514480731 
2025-06-18 16:59:28,838 INFO: Epoch 380, Train Loss: 0.06830207955543742, Test Loss: 0.07217585909015992, Inverse Test Loss: 0.03861022269462838 
2025-06-18 16:59:30,071 INFO: Epoch 381, Train Loss: 0.06855943756686016, Test Loss: 0.07216614901142962, Inverse Test Loss: 0.03855677069548298 
2025-06-18 16:59:31,269 INFO: Epoch 382, Train Loss: 0.06867170322573546, Test Loss: 0.07197328415863655, Inverse Test Loss: 0.03849850419689627 
2025-06-18 16:59:32,491 INFO: Epoch 383, Train Loss: 0.06725705186413093, Test Loss: 0.07210024029893033, Inverse Test Loss: 0.03860125997487236 
2025-06-18 16:59:33,710 INFO: Epoch 384, Train Loss: 0.06826595662895477, Test Loss: 0.0728229836506002, Inverse Test Loss: 0.03895960682455231 
2025-06-18 16:59:34,929 INFO: Epoch 385, Train Loss: 0.0679278818213127, Test Loss: 0.07241955026984215, Inverse Test Loss: 0.038762431263047105 
2025-06-18 16:59:36,264 INFO: Epoch 386, Train Loss: 0.06753503782392452, Test Loss: 0.07178255762247478, Inverse Test Loss: 0.03841210079982 
2025-06-18 16:59:37,478 INFO: Epoch 387, Train Loss: 0.068074560131539, Test Loss: 0.0716785753474516, Inverse Test Loss: 0.038332478088491106 
2025-06-18 16:59:38,708 INFO: Epoch 388, Train Loss: 0.06804757026221717, Test Loss: 0.07221423374379382, Inverse Test Loss: 0.03866379664224737 
2025-06-18 16:59:39,906 INFO: Epoch 389, Train Loss: 0.0677384626910542, Test Loss: 0.07186247057774488, Inverse Test Loss: 0.038444187382564825 
2025-06-18 16:59:41,117 INFO: Epoch 390, Train Loss: 0.0684263478738792, Test Loss: 0.07250309538315325, Inverse Test Loss: 0.03880684099653188 
2025-06-18 16:59:42,308 INFO: Epoch 391, Train Loss: 0.06793392517349937, Test Loss: 0.07309924350941882, Inverse Test Loss: 0.03906016599606065 
2025-06-18 16:59:43,529 INFO: Epoch 392, Train Loss: 0.06749268107567773, Test Loss: 0.07221295377787422, Inverse Test Loss: 0.038577139925430805 
2025-06-18 16:59:44,741 INFO: Epoch 393, Train Loss: 0.06786448288370263, Test Loss: 0.07185205159818425, Inverse Test Loss: 0.03845098220250186 
2025-06-18 16:59:46,041 INFO: Epoch 394, Train Loss: 0.06763528403120511, Test Loss: 0.0727027345667867, Inverse Test Loss: 0.03893609147738008 
2025-06-18 16:59:47,241 INFO: Epoch 395, Train Loss: 0.06801339343303081, Test Loss: 0.07254576463909711, Inverse Test Loss: 0.03878864930833087 
2025-06-18 16:59:48,457 INFO: Epoch 396, Train Loss: 0.06787634923151045, Test Loss: 0.07258871548316058, Inverse Test Loss: 0.038791258216780776 
2025-06-18 16:59:49,668 INFO: Epoch 397, Train Loss: 0.0677637681929451, Test Loss: 0.07329796758644722, Inverse Test Loss: 0.03919313333052046 
2025-06-18 16:59:50,899 INFO: Epoch 398, Train Loss: 0.06807424946490562, Test Loss: 0.07235049281050177, Inverse Test Loss: 0.038768464370685464 
2025-06-18 16:59:52,124 INFO: Epoch 399, Train Loss: 0.06706831161158555, Test Loss: 0.07196528727517408, Inverse Test Loss: 0.038550512207781565 
2025-06-18 16:59:53,341 INFO: Epoch 400, Train Loss: 0.06762808840721846, Test Loss: 0.07338676163378884, Inverse Test Loss: 0.03926454144803917 
2025-06-18 16:59:53,341 INFO: Best Epoch 292, Best Test Loss: 0.06991120559327743, Inverse Test Loss: 0.03744710061480017 
