2025-05-16 16:37:46,936 INFO: log_path:/logs_2025_5_16_HS_mos2_L1/AMFormer_simple_MLP_dim32_depth2_heads4_dropout0.4_fusion0.38_0.62_simple_MLP_lr0.0001_kan_+amformer_rc+fusion_6P 
2025-05-16 16:37:46,936 INFO: Model:namespace(attn_dropout=0.4, categories=[], cluster=3, depth=2, dim=32, ff_dropout=0.4, groups=[54, 54, 54], heads=4, name='AMFormer_simple_MLP_dim32_depth2_heads4_dropout0.4_fusion0.38_0.62_simple_MLP', num_cate=0, num_cont=20, num_special_tokens=1, out_dim=1, predictor='simple_MLP', prod_num_per_group=[6, 6, 6], qk_relu=False, static_fusion={'kan_weight': 0.38, 'trans_weight': 0.62}, sum_num_per_group=[32, 16, 8], target_mode='regression', token_descent=False, use_cls_token=True, use_prod=True, use_row_col_attention=True, use_sigmoid=True) 
2025-05-16 16:37:46,936 INFO: lr:0.0001, loss:L1 
2025-05-16 16:37:46,937 INFO: Dataset:HS_mos2, Target:['metal6_Peak'] 
2025-05-16 16:37:46,937 INFO: ------Begin Training Model------ 
2025-05-16 16:37:58,239 INFO: Epoch 1, Train Loss: 0.2970944690433415, Test Loss: 0.28113823603181276, Inverse Test Loss: 3.401744744356941 
2025-05-16 16:38:02,109 INFO: Epoch 2, Train Loss: 0.26411950543071283, Test Loss: 0.2689886610297596, Inverse Test Loss: 3.3107355762930477 
2025-05-16 16:38:05,970 INFO: Epoch 3, Train Loss: 0.25101958294257976, Test Loss: 0.2530312617035473, Inverse Test Loss: 3.142770248300889 
2025-05-16 16:38:09,846 INFO: Epoch 4, Train Loss: 0.24601798685211124, Test Loss: 0.236002257641624, Inverse Test Loss: 2.926445245742798 
2025-05-16 16:38:13,752 INFO: Epoch 5, Train Loss: 0.23858779239835162, Test Loss: 0.22961417103514953, Inverse Test Loss: 2.8637116516337677 
2025-05-16 16:38:17,553 INFO: Epoch 6, Train Loss: 0.23299692266366698, Test Loss: 0.220138380632681, Inverse Test Loss: 2.7872975012835335 
2025-05-16 16:38:21,443 INFO: Epoch 7, Train Loss: 0.2256474526542606, Test Loss: 0.2095413304427091, Inverse Test Loss: 2.6680004175971535 
2025-05-16 16:38:25,246 INFO: Epoch 8, Train Loss: 0.22081428563052957, Test Loss: 0.20190874355680802, Inverse Test Loss: 2.5921462423661175 
2025-05-16 16:38:29,097 INFO: Epoch 9, Train Loss: 0.21317794873858942, Test Loss: 0.19227294448543997, Inverse Test Loss: 2.5028413464041317 
2025-05-16 16:38:33,019 INFO: Epoch 10, Train Loss: 0.208875768338189, Test Loss: 0.18306677043437958, Inverse Test Loss: 2.4023195996003994 
2025-05-16 16:38:36,929 INFO: Epoch 11, Train Loss: 0.20268060154084003, Test Loss: 0.1771533480461906, Inverse Test Loss: 2.3981096464044906 
2025-05-16 16:38:40,801 INFO: Epoch 12, Train Loss: 0.19726635493112332, Test Loss: 0.16637639131616144, Inverse Test Loss: 2.210933573105756 
2025-05-16 16:38:44,611 INFO: Epoch 13, Train Loss: 0.18734091926704755, Test Loss: 0.16047381916466882, Inverse Test Loss: 2.2477762909496533 
2025-05-16 16:38:48,430 INFO: Epoch 14, Train Loss: 0.18053719356204523, Test Loss: 0.14858139087172115, Inverse Test Loss: 2.1000250998665306 
2025-05-16 16:38:52,312 INFO: Epoch 15, Train Loss: 0.17099912611372542, Test Loss: 0.14107143265359542, Inverse Test Loss: 1.999042742392596 
2025-05-16 16:38:56,130 INFO: Epoch 16, Train Loss: 0.16640981365785454, Test Loss: 0.13729177985121221, Inverse Test Loss: 1.9857871953178854 
2025-05-16 16:39:00,018 INFO: Epoch 17, Train Loss: 0.16030658002604137, Test Loss: 0.13281004087013357, Inverse Test Loss: 1.9020879549138687 
2025-05-16 16:39:03,842 INFO: Epoch 18, Train Loss: 0.15989008015303902, Test Loss: 0.1318441440953928, Inverse Test Loss: 1.937913410803851 
2025-05-16 16:39:07,685 INFO: Epoch 19, Train Loss: 0.1545912056709781, Test Loss: 0.12947535646312378, Inverse Test Loss: 1.9220961893306059 
2025-05-16 16:39:11,538 INFO: Epoch 20, Train Loss: 0.1544908548169064, Test Loss: 0.12625964029746897, Inverse Test Loss: 1.8657796593273388 
2025-05-16 16:39:15,395 INFO: Epoch 21, Train Loss: 0.14987034316767345, Test Loss: 0.12706329542047837, Inverse Test Loss: 1.8855823839412016 
2025-05-16 16:39:19,232 INFO: Epoch 22, Train Loss: 0.14940914477814327, Test Loss: 0.12106801240759738, Inverse Test Loss: 1.7625281600391163 
2025-05-16 16:39:23,064 INFO: Epoch 23, Train Loss: 0.14708524750489177, Test Loss: 0.12144500345868223, Inverse Test Loss: 1.8012111046734978 
2025-05-16 16:39:26,980 INFO: Epoch 24, Train Loss: 0.14628036444385847, Test Loss: 0.11907855092602618, Inverse Test Loss: 1.7418598848230697 
2025-05-16 16:39:30,885 INFO: Epoch 25, Train Loss: 0.1441601715756185, Test Loss: 0.11819457087446661, Inverse Test Loss: 1.7129893092548145 
2025-05-16 16:39:34,749 INFO: Epoch 26, Train Loss: 0.14296120258443284, Test Loss: 0.11660648750908234, Inverse Test Loss: 1.7117397785186768 
2025-05-16 16:39:38,622 INFO: Epoch 27, Train Loss: 0.1413126230014093, Test Loss: 0.11528063061482766, Inverse Test Loss: 1.6874239725225113 
2025-05-16 16:39:42,460 INFO: Epoch 28, Train Loss: 0.14008974114602263, Test Loss: 0.11317143238642637, Inverse Test Loss: 1.660753236097448 
2025-05-16 16:39:46,309 INFO: Epoch 29, Train Loss: 0.13874618584911028, Test Loss: 0.1141052826800767, Inverse Test Loss: 1.6808896205004524 
2025-05-16 16:39:50,204 INFO: Epoch 30, Train Loss: 0.1377590155285416, Test Loss: 0.11279512481654391, Inverse Test Loss: 1.6430938594481523 
2025-05-16 16:39:54,074 INFO: Epoch 31, Train Loss: 0.1382699604287292, Test Loss: 0.11217664226013072, Inverse Test Loss: 1.6692492471021765 
2025-05-16 16:39:57,901 INFO: Epoch 32, Train Loss: 0.1361677578904412, Test Loss: 0.11072891337030075, Inverse Test Loss: 1.6199154713574577 
2025-05-16 16:40:01,768 INFO: Epoch 33, Train Loss: 0.13470095350886835, Test Loss: 0.1106378585100174, Inverse Test Loss: 1.618887606789084 
2025-05-16 16:40:05,642 INFO: Epoch 34, Train Loss: 0.13536027677808748, Test Loss: 0.11035863551146843, Inverse Test Loss: 1.6297860636430628 
2025-05-16 16:40:09,490 INFO: Epoch 35, Train Loss: 0.13367379434180982, Test Loss: 0.11082659705596812, Inverse Test Loss: 1.657156881164102 
2025-05-16 16:40:13,386 INFO: Epoch 36, Train Loss: 0.1322763039532936, Test Loss: 0.10706835875616354, Inverse Test Loss: 1.5716408421011532 
2025-05-16 16:40:17,242 INFO: Epoch 37, Train Loss: 0.13236876317497456, Test Loss: 0.10802552235477111, Inverse Test Loss: 1.5944101179347319 
2025-05-16 16:40:21,131 INFO: Epoch 38, Train Loss: 0.13176031416338502, Test Loss: 0.10488058166468844, Inverse Test Loss: 1.5469839152167826 
2025-05-16 16:40:25,009 INFO: Epoch 39, Train Loss: 0.12895259407885146, Test Loss: 0.105105131645413, Inverse Test Loss: 1.5406550028744865 
2025-05-16 16:40:28,821 INFO: Epoch 40, Train Loss: 0.12978643212806096, Test Loss: 0.10452503689071711, Inverse Test Loss: 1.5741648042903227 
2025-05-16 16:40:32,599 INFO: Epoch 41, Train Loss: 0.1292477176722252, Test Loss: 0.1043534793836229, Inverse Test Loss: 1.5478074550628662 
2025-05-16 16:40:36,445 INFO: Epoch 42, Train Loss: 0.12707641748993687, Test Loss: 0.10277259218342163, Inverse Test Loss: 1.5288858694188736 
2025-05-16 16:40:40,269 INFO: Epoch 43, Train Loss: 0.12644681232896718, Test Loss: 0.10272625461220741, Inverse Test Loss: 1.519133918425616 
2025-05-16 16:40:44,156 INFO: Epoch 44, Train Loss: 0.12627537548542023, Test Loss: 0.10244981002281695, Inverse Test Loss: 1.5011182813083424 
2025-05-16 16:40:48,025 INFO: Epoch 45, Train Loss: 0.1260300517985315, Test Loss: 0.10266617466421689, Inverse Test Loss: 1.528150944148793 
2025-05-16 16:40:51,899 INFO: Epoch 46, Train Loss: 0.12659844603728165, Test Loss: 0.10113169954103582, Inverse Test Loss: 1.5040491889504826 
2025-05-16 16:40:55,764 INFO: Epoch 47, Train Loss: 0.12463379211046478, Test Loss: 0.10125312450177529, Inverse Test Loss: 1.5182155651204727 
2025-05-16 16:40:59,686 INFO: Epoch 48, Train Loss: 0.12312063523991541, Test Loss: 0.09982590136282585, Inverse Test Loss: 1.4705231189727783 
2025-05-16 16:41:03,553 INFO: Epoch 49, Train Loss: 0.12237166652851032, Test Loss: 0.09981292749152464, Inverse Test Loss: 1.492192738196429 
2025-05-16 16:41:07,381 INFO: Epoch 50, Train Loss: 0.12253210603287726, Test Loss: 0.10079346334233004, Inverse Test Loss: 1.4669500028385836 
2025-05-16 16:41:11,236 INFO: Epoch 51, Train Loss: 0.12203482594905478, Test Loss: 0.10125219120698817, Inverse Test Loss: 1.504346861558802 
2025-05-16 16:41:15,165 INFO: Epoch 52, Train Loss: 0.12102272045431715, Test Loss: 0.09923166606356115, Inverse Test Loss: 1.478299666853512 
2025-05-16 16:41:19,015 INFO: Epoch 53, Train Loss: 0.12069045566022396, Test Loss: 0.09834992995156962, Inverse Test Loss: 1.475203829653123 
2025-05-16 16:41:22,932 INFO: Epoch 54, Train Loss: 0.12029852650382301, Test Loss: 0.09764368415755384, Inverse Test Loss: 1.4547024474424475 
2025-05-16 16:41:26,804 INFO: Epoch 55, Train Loss: 0.11790847033262253, Test Loss: 0.09688737594029483, Inverse Test Loss: 1.424657148473403 
2025-05-16 16:41:30,707 INFO: Epoch 56, Train Loss: 0.11944062036998344, Test Loss: 0.09675884356393534, Inverse Test Loss: 1.4204602802501005 
2025-05-16 16:41:34,580 INFO: Epoch 57, Train Loss: 0.11829281327399341, Test Loss: 0.09605806868742495, Inverse Test Loss: 1.4302770740845625 
2025-05-16 16:41:38,412 INFO: Epoch 58, Train Loss: 0.11739561277808565, Test Loss: 0.09561015468309908, Inverse Test Loss: 1.4130143628400915 
2025-05-16 16:41:42,276 INFO: Epoch 59, Train Loss: 0.11631051817852439, Test Loss: 0.09546442921547328, Inverse Test Loss: 1.3923864504870247 
2025-05-16 16:41:46,144 INFO: Epoch 60, Train Loss: 0.11715130795809356, Test Loss: 0.09691710748216685, Inverse Test Loss: 1.454642323886647 
2025-05-16 16:41:50,043 INFO: Epoch 61, Train Loss: 0.1159118443275943, Test Loss: 0.09649950791807736, Inverse Test Loss: 1.4446511829600615 
2025-05-16 16:41:53,920 INFO: Epoch 62, Train Loss: 0.1148181575717348, Test Loss: 0.09686075479668729, Inverse Test Loss: 1.400763329337625 
2025-05-16 16:41:57,759 INFO: Epoch 63, Train Loss: 0.1158924110685334, Test Loss: 0.0942354410448495, Inverse Test Loss: 1.3771618604660034 
2025-05-16 16:42:01,644 INFO: Epoch 64, Train Loss: 0.11349084442763617, Test Loss: 0.09510702595991247, Inverse Test Loss: 1.4152577905093922 
2025-05-16 16:42:05,537 INFO: Epoch 65, Train Loss: 0.1134922770839749, Test Loss: 0.0942567692083471, Inverse Test Loss: 1.4083678441889145 
2025-05-16 16:42:09,449 INFO: Epoch 66, Train Loss: 0.11382613568143411, Test Loss: 0.09442053713342723, Inverse Test Loss: 1.4156892580144547 
2025-05-16 16:42:13,287 INFO: Epoch 67, Train Loss: 0.11224954056017326, Test Loss: 0.09427287100869067, Inverse Test Loss: 1.3855668937458712 
2025-05-16 16:42:17,228 INFO: Epoch 68, Train Loss: 0.11117666660610473, Test Loss: 0.0951898711569169, Inverse Test Loss: 1.413580060005188 
2025-05-16 16:42:21,155 INFO: Epoch 69, Train Loss: 0.11300591977708267, Test Loss: 0.09527748341069502, Inverse Test Loss: 1.4409880007014555 
2025-05-16 16:42:25,076 INFO: Epoch 70, Train Loss: 0.1121503950068445, Test Loss: 0.093711947912679, Inverse Test Loss: 1.36487676115597 
2025-05-16 16:42:28,990 INFO: Epoch 71, Train Loss: 0.10991739092225378, Test Loss: 0.0933390551191919, Inverse Test Loss: 1.361509968252743 
2025-05-16 16:42:32,908 INFO: Epoch 72, Train Loss: 0.10951782226788276, Test Loss: 0.09339812967707128, Inverse Test Loss: 1.3672068119049072 
2025-05-16 16:42:36,798 INFO: Epoch 73, Train Loss: 0.11161727051843297, Test Loss: 0.09338170837830095, Inverse Test Loss: 1.3604176044464111 
2025-05-16 16:42:40,711 INFO: Epoch 74, Train Loss: 0.10965919658315904, Test Loss: 0.09213341421940748, Inverse Test Loss: 1.3448413610458374 
2025-05-16 16:42:44,615 INFO: Epoch 75, Train Loss: 0.109788030950409, Test Loss: 0.09202767316909398, Inverse Test Loss: 1.3422390012180103 
2025-05-16 16:42:48,505 INFO: Epoch 76, Train Loss: 0.10875435314620986, Test Loss: 0.09247398464118733, Inverse Test Loss: 1.3624790345921236 
2025-05-16 16:42:52,420 INFO: Epoch 77, Train Loss: 0.10839406818603024, Test Loss: 0.09260717253474628, Inverse Test Loss: 1.3665473531274235 
2025-05-16 16:42:56,277 INFO: Epoch 78, Train Loss: 0.10877225260165604, Test Loss: 0.09223068220650449, Inverse Test Loss: 1.352537197225234 
2025-05-16 16:43:00,175 INFO: Epoch 79, Train Loss: 0.10786960985172879, Test Loss: 0.09333454269696684, Inverse Test Loss: 1.344611876151141 
2025-05-16 16:43:04,025 INFO: Epoch 80, Train Loss: 0.1078787065590873, Test Loss: 0.09166693336823407, Inverse Test Loss: 1.3432243220946367 
2025-05-16 16:43:07,898 INFO: Epoch 81, Train Loss: 0.10785032763625636, Test Loss: 0.09194446464671809, Inverse Test Loss: 1.3437016641392427 
2025-05-16 16:43:11,734 INFO: Epoch 82, Train Loss: 0.10806256707644823, Test Loss: 0.09218780301949557, Inverse Test Loss: 1.3750805083443136 
2025-05-16 16:43:15,594 INFO: Epoch 83, Train Loss: 0.10634718163672721, Test Loss: 0.0929114947862485, Inverse Test Loss: 1.3752455641241634 
2025-05-16 16:43:19,419 INFO: Epoch 84, Train Loss: 0.10639346498205807, Test Loss: 0.09175660198225695, Inverse Test Loss: 1.3425606769673966 
2025-05-16 16:43:23,292 INFO: Epoch 85, Train Loss: 0.10645581939906786, Test Loss: 0.09176131513188868, Inverse Test Loss: 1.3503456957199995 
2025-05-16 16:43:27,187 INFO: Epoch 86, Train Loss: 0.10589979284188965, Test Loss: 0.09198222506572218, Inverse Test Loss: 1.3674954596687765 
2025-05-16 16:43:31,071 INFO: Epoch 87, Train Loss: 0.10499892778920406, Test Loss: 0.09182541094282094, Inverse Test Loss: 1.3723820588167976 
2025-05-16 16:43:34,962 INFO: Epoch 88, Train Loss: 0.10491109481363585, Test Loss: 0.09128665836418376, Inverse Test Loss: 1.3402989191167496 
2025-05-16 16:43:38,836 INFO: Epoch 89, Train Loss: 0.10651109960268844, Test Loss: 0.09148972875931684, Inverse Test Loss: 1.348508638494155 
2025-05-16 16:43:42,717 INFO: Epoch 90, Train Loss: 0.10515508236307086, Test Loss: 0.09161150674609576, Inverse Test Loss: 1.3625690866919125 
2025-05-16 16:43:46,592 INFO: Epoch 91, Train Loss: 0.10538543670466452, Test Loss: 0.09141342889736681, Inverse Test Loss: 1.328194730422076 
2025-05-16 16:43:50,474 INFO: Epoch 92, Train Loss: 0.10333046881538449, Test Loss: 0.09212526437990806, Inverse Test Loss: 1.3595265500685747 
2025-05-16 16:43:54,354 INFO: Epoch 93, Train Loss: 0.10491132566874678, Test Loss: 0.09223202046226053, Inverse Test Loss: 1.3168646097183228 
2025-05-16 16:43:58,202 INFO: Epoch 94, Train Loss: 0.10406843369657343, Test Loss: 0.0916430698159863, Inverse Test Loss: 1.3471206636989819 
2025-05-16 16:44:02,065 INFO: Epoch 95, Train Loss: 0.10472903603857214, Test Loss: 0.0920384296161287, Inverse Test Loss: 1.334287587334128 
2025-05-16 16:44:05,969 INFO: Epoch 96, Train Loss: 0.10465214463571708, Test Loss: 0.09314168310340713, Inverse Test Loss: 1.3948436063878678 
2025-05-16 16:44:09,856 INFO: Epoch 97, Train Loss: 0.10209669302584547, Test Loss: 0.0917237850234789, Inverse Test Loss: 1.3533166436588062 
2025-05-16 16:44:13,753 INFO: Epoch 98, Train Loss: 0.10245669413019311, Test Loss: 0.09173517367419075, Inverse Test Loss: 1.3458396967719584 
2025-05-16 16:44:17,612 INFO: Epoch 99, Train Loss: 0.10085203159939159, Test Loss: 0.09182971146176844, Inverse Test Loss: 1.3516661489711088 
2025-05-16 16:44:21,491 INFO: Epoch 100, Train Loss: 0.10174225694076582, Test Loss: 0.09227059343281914, Inverse Test Loss: 1.328833769349491 
2025-05-16 16:44:21,491 INFO: Best Epoch 88, Best Test Loss: 0.09128665836418376, Inverse Test Loss: 1.3402989191167496 
2025-05-16 16:44:25,417 INFO: Epoch 101, Train Loss: 0.10252257848553585, Test Loss: 0.09136429078438703, Inverse Test Loss: 1.358334078508265 
2025-05-16 16:44:29,333 INFO: Epoch 102, Train Loss: 0.10321271899297382, Test Loss: 0.09052979179164942, Inverse Test Loss: 1.3222798529793234 
2025-05-16 16:44:33,221 INFO: Epoch 103, Train Loss: 0.10223656119496534, Test Loss: 0.09114386952098678, Inverse Test Loss: 1.3393003870459164 
2025-05-16 16:44:37,178 INFO: Epoch 104, Train Loss: 0.10067759059143788, Test Loss: 0.09095267929575022, Inverse Test Loss: 1.3163364143932568 
2025-05-16 16:44:41,022 INFO: Epoch 105, Train Loss: 0.10153978769526337, Test Loss: 0.09089458711883601, Inverse Test Loss: 1.3115934624391443 
2025-05-16 16:44:44,870 INFO: Epoch 106, Train Loss: 0.10165962085805157, Test Loss: 0.0915768337162102, Inverse Test Loss: 1.3018106502645157 
2025-05-16 16:44:48,756 INFO: Epoch 107, Train Loss: 0.10206780387935313, Test Loss: 0.0902568115031018, Inverse Test Loss: 1.3232957615571863 
2025-05-16 16:44:52,590 INFO: Epoch 108, Train Loss: 0.10170018622143702, Test Loss: 0.09024500518160708, Inverse Test Loss: 1.308355366482454 
2025-05-16 16:44:56,503 INFO: Epoch 109, Train Loss: 0.10218724100427194, Test Loss: 0.09017533458331052, Inverse Test Loss: 1.3091949995826273 
2025-05-16 16:45:00,376 INFO: Epoch 110, Train Loss: 0.10063185096915925, Test Loss: 0.08967486527912757, Inverse Test Loss: 1.2927721949184643 
2025-05-16 16:45:04,243 INFO: Epoch 111, Train Loss: 0.10146463058437362, Test Loss: 0.09126761292710024, Inverse Test Loss: 1.330884435597588 
2025-05-16 16:45:08,071 INFO: Epoch 112, Train Loss: 0.10084061132687511, Test Loss: 0.08962913010926808, Inverse Test Loss: 1.3091305634554695 
2025-05-16 16:45:11,930 INFO: Epoch 113, Train Loss: 0.10045644629633788, Test Loss: 0.0903680769397932, Inverse Test Loss: 1.3065183934043436 
2025-05-16 16:45:15,944 INFO: Epoch 114, Train Loss: 0.10056802878777187, Test Loss: 0.09258701849509687, Inverse Test Loss: 1.3384318071253158 
2025-05-16 16:45:19,755 INFO: Epoch 115, Train Loss: 0.10001287281964764, Test Loss: 0.09032145931440241, Inverse Test Loss: 1.3211087689680212 
2025-05-16 16:45:23,627 INFO: Epoch 116, Train Loss: 0.10021981151040757, Test Loss: 0.09177749099976876, Inverse Test Loss: 1.3038370889775894 
2025-05-16 16:45:27,512 INFO: Epoch 117, Train Loss: 0.10030118709034992, Test Loss: 0.08999307344064993, Inverse Test Loss: 1.3205352811252369 
2025-05-16 16:45:31,365 INFO: Epoch 118, Train Loss: 0.09910648762050903, Test Loss: 0.0907527311321567, Inverse Test Loss: 1.3166400895399206 
2025-05-16 16:45:35,279 INFO: Epoch 119, Train Loss: 0.10130466819938386, Test Loss: 0.09076980939682792, Inverse Test Loss: 1.318129118751077 
2025-05-16 16:45:39,179 INFO: Epoch 120, Train Loss: 0.10048446369667847, Test Loss: 0.09051309416399282, Inverse Test Loss: 1.334838769015144 
2025-05-16 16:45:43,092 INFO: Epoch 121, Train Loss: 0.1002640923428716, Test Loss: 0.09173796194441178, Inverse Test Loss: 1.302824483198278 
2025-05-16 16:45:47,013 INFO: Epoch 122, Train Loss: 0.09884862246161158, Test Loss: 0.09135702230474528, Inverse Test Loss: 1.345711399527157 
2025-05-16 16:45:50,910 INFO: Epoch 123, Train Loss: 0.09882881577042016, Test Loss: 0.08979775822337936, Inverse Test Loss: 1.2964499347350176 
2025-05-16 16:45:54,804 INFO: Epoch 124, Train Loss: 0.09907060805143732, Test Loss: 0.09082843100323397, Inverse Test Loss: 1.3272631378734814 
2025-05-16 16:45:58,666 INFO: Epoch 125, Train Loss: 0.09961264969950373, Test Loss: 0.0903043212259517, Inverse Test Loss: 1.307426947004655 
2025-05-16 16:46:02,568 INFO: Epoch 126, Train Loss: 0.09898074631663886, Test Loss: 0.08940112240174238, Inverse Test Loss: 1.291399549035465 
2025-05-16 16:46:06,470 INFO: Epoch 127, Train Loss: 0.09863436380119035, Test Loss: 0.08969606722102445, Inverse Test Loss: 1.3080151081085205 
2025-05-16 16:46:10,313 INFO: Epoch 128, Train Loss: 0.09692138049638632, Test Loss: 0.09231439824489986, Inverse Test Loss: 1.3561123399173511 
2025-05-16 16:46:14,130 INFO: Epoch 129, Train Loss: 0.09761642190543088, Test Loss: 0.0908602791673997, Inverse Test Loss: 1.3148599161821253 
2025-05-16 16:46:18,018 INFO: Epoch 130, Train Loss: 0.0978312777976195, Test Loss: 0.09109571729512776, Inverse Test Loss: 1.351719288265004 
2025-05-16 16:46:21,919 INFO: Epoch 131, Train Loss: 0.09923567741431973, Test Loss: 0.09010970986941282, Inverse Test Loss: 1.3085632674834307 
2025-05-16 16:46:25,784 INFO: Epoch 132, Train Loss: 0.0978113127815904, Test Loss: 0.08931208380004939, Inverse Test Loss: 1.309323507196763 
2025-05-16 16:46:29,673 INFO: Epoch 133, Train Loss: 0.09843355383385312, Test Loss: 0.09090893671793096, Inverse Test Loss: 1.3556550951565014 
2025-05-16 16:46:33,506 INFO: Epoch 134, Train Loss: 0.09665707357679353, Test Loss: 0.08950553264688044, Inverse Test Loss: 1.2956513236550724 
2025-05-16 16:46:37,402 INFO: Epoch 135, Train Loss: 0.09722240528825557, Test Loss: 0.09107266366481781, Inverse Test Loss: 1.3560300013598274 
2025-05-16 16:46:41,256 INFO: Epoch 136, Train Loss: 0.09635806888003241, Test Loss: 0.08998309032005422, Inverse Test Loss: 1.2890029795029585 
2025-05-16 16:46:45,121 INFO: Epoch 137, Train Loss: 0.09834381226788867, Test Loss: 0.09014827254063942, Inverse Test Loss: 1.320188886979047 
2025-05-16 16:46:49,016 INFO: Epoch 138, Train Loss: 0.09739096061975668, Test Loss: 0.08929822856889051, Inverse Test Loss: 1.2992950467502369 
2025-05-16 16:46:52,864 INFO: Epoch 139, Train Loss: 0.09777064485983415, Test Loss: 0.08991908807964887, Inverse Test Loss: 1.3235686175963457 
2025-05-16 16:46:56,747 INFO: Epoch 140, Train Loss: 0.09714380809755037, Test Loss: 0.08987376904662918, Inverse Test Loss: 1.2829936076613033 
2025-05-16 16:47:00,657 INFO: Epoch 141, Train Loss: 0.09786048644419873, Test Loss: 0.08933543874060407, Inverse Test Loss: 1.2812733054161072 
2025-05-16 16:47:04,535 INFO: Epoch 142, Train Loss: 0.09675926099898237, Test Loss: 0.08963834472438868, Inverse Test Loss: 1.2818805435124565 
2025-05-16 16:47:08,437 INFO: Epoch 143, Train Loss: 0.0977192720906301, Test Loss: 0.08888708515202298, Inverse Test Loss: 1.2804504983565386 
2025-05-16 16:47:12,317 INFO: Epoch 144, Train Loss: 0.09891612139163596, Test Loss: 0.08990205649067373, Inverse Test Loss: 1.2799102558809168 
2025-05-16 16:47:16,210 INFO: Epoch 145, Train Loss: 0.09689295088702982, Test Loss: 0.09082571219872027, Inverse Test Loss: 1.2855852491715376 
2025-05-16 16:47:20,101 INFO: Epoch 146, Train Loss: 0.09658469536313505, Test Loss: 0.09038236693424337, Inverse Test Loss: 1.2873011897591984 
2025-05-16 16:47:24,076 INFO: Epoch 147, Train Loss: 0.09571227532896129, Test Loss: 0.09048545075690045, Inverse Test Loss: 1.305384453605203 
2025-05-16 16:47:27,963 INFO: Epoch 148, Train Loss: 0.09697197276082906, Test Loss: 0.09014735195566626, Inverse Test Loss: 1.3142460374271168 
2025-05-16 16:47:31,837 INFO: Epoch 149, Train Loss: 0.09644891445835431, Test Loss: 0.09098165460369166, Inverse Test Loss: 1.3559523891000187 
2025-05-16 16:47:35,715 INFO: Epoch 150, Train Loss: 0.09505394705091462, Test Loss: 0.08900456503033638, Inverse Test Loss: 1.288266153896556 
2025-05-16 16:47:39,609 INFO: Epoch 151, Train Loss: 0.09439026462760838, Test Loss: 0.08994305352954303, Inverse Test Loss: 1.3083383125417374 
2025-05-16 16:47:43,545 INFO: Epoch 152, Train Loss: 0.09449020699795449, Test Loss: 0.0889253449790618, Inverse Test Loss: 1.2786456627004288 
2025-05-16 16:47:47,408 INFO: Epoch 153, Train Loss: 0.09505054721552314, Test Loss: 0.08916817539755036, Inverse Test Loss: 1.2931815105326034 
2025-05-16 16:47:51,287 INFO: Epoch 154, Train Loss: 0.09539024718105793, Test Loss: 0.08927850578637685, Inverse Test Loss: 1.3011780731818254 
2025-05-16 16:47:55,166 INFO: Epoch 155, Train Loss: 0.09450726431201804, Test Loss: 0.08880028501152992, Inverse Test Loss: 1.2742613273508407 
2025-05-16 16:47:59,040 INFO: Epoch 156, Train Loss: 0.09446416981518269, Test Loss: 0.09032855467761264, Inverse Test Loss: 1.3196948065477259 
2025-05-16 16:48:02,969 INFO: Epoch 157, Train Loss: 0.09449475930269921, Test Loss: 0.08950083571321824, Inverse Test Loss: 1.2955955862998962 
2025-05-16 16:48:06,825 INFO: Epoch 158, Train Loss: 0.095384384703004, Test Loss: 0.08914623562903966, Inverse Test Loss: 1.2813328855177935 
2025-05-16 16:48:10,680 INFO: Epoch 159, Train Loss: 0.0950502971695228, Test Loss: 0.0897771372076343, Inverse Test Loss: 1.3164908254847807 
2025-05-16 16:48:14,570 INFO: Epoch 160, Train Loss: 0.0944002170228597, Test Loss: 0.08887932931675631, Inverse Test Loss: 1.2704378611901228 
2025-05-16 16:48:18,457 INFO: Epoch 161, Train Loss: 0.09406240549728725, Test Loss: 0.09002899553845911, Inverse Test Loss: 1.307041785296272 
2025-05-16 16:48:22,260 INFO: Epoch 162, Train Loss: 0.09499746826336239, Test Loss: 0.08912560036953758, Inverse Test Loss: 1.2830655715044808 
2025-05-16 16:48:26,127 INFO: Epoch 163, Train Loss: 0.09578203313955755, Test Loss: 0.0897713246590951, Inverse Test Loss: 1.29634312321158 
2025-05-16 16:48:29,998 INFO: Epoch 164, Train Loss: 0.09387271021577445, Test Loss: 0.08840297732283087, Inverse Test Loss: 1.2714692704817827 
2025-05-16 16:48:33,891 INFO: Epoch 165, Train Loss: 0.09351513709760073, Test Loss: 0.08954051378018715, Inverse Test Loss: 1.2962875857072718 
2025-05-16 16:48:37,687 INFO: Epoch 166, Train Loss: 0.09494908012901292, Test Loss: 0.09014229169663261, Inverse Test Loss: 1.274499707362231 
2025-05-16 16:48:41,583 INFO: Epoch 167, Train Loss: 0.09530250716841582, Test Loss: 0.0914998021634186, Inverse Test Loss: 1.3593946555081535 
2025-05-16 16:48:45,500 INFO: Epoch 168, Train Loss: 0.0951492175121199, Test Loss: 0.08937592585297192, Inverse Test Loss: 1.331468238550074 
2025-05-16 16:48:49,334 INFO: Epoch 169, Train Loss: 0.09353164165760532, Test Loss: 0.09042524524471339, Inverse Test Loss: 1.3250381666071274 
2025-05-16 16:48:53,243 INFO: Epoch 170, Train Loss: 0.09337622480410518, Test Loss: 0.08873764776131686, Inverse Test Loss: 1.2715617488412296 
2025-05-16 16:48:57,147 INFO: Epoch 171, Train Loss: 0.09420835379172456, Test Loss: 0.08905080311438617, Inverse Test Loss: 1.297802581506617 
2025-05-16 16:49:01,058 INFO: Epoch 172, Train Loss: 0.09418009475550869, Test Loss: 0.09016878968652557, Inverse Test Loss: 1.3017972497379078 
2025-05-16 16:49:04,948 INFO: Epoch 173, Train Loss: 0.09320517194767793, Test Loss: 0.08942468946470934, Inverse Test Loss: 1.2711851596832275 
2025-05-16 16:49:08,808 INFO: Epoch 174, Train Loss: 0.09394525595460877, Test Loss: 0.088771212626906, Inverse Test Loss: 1.2688282868441414 
2025-05-16 16:49:12,656 INFO: Epoch 175, Train Loss: 0.09455957173398047, Test Loss: 0.09175864322220578, Inverse Test Loss: 1.3675257738898783 
2025-05-16 16:49:16,548 INFO: Epoch 176, Train Loss: 0.09322562700871265, Test Loss: 0.08938533308751442, Inverse Test Loss: 1.269934142337126 
2025-05-16 16:49:20,431 INFO: Epoch 177, Train Loss: 0.09241365240604589, Test Loss: 0.08871696166255895, Inverse Test Loss: 1.2550609532524557 
2025-05-16 16:49:24,286 INFO: Epoch 178, Train Loss: 0.09322083103611614, Test Loss: 0.08911828696727753, Inverse Test Loss: 1.2949759013512556 
2025-05-16 16:49:28,153 INFO: Epoch 179, Train Loss: 0.09339282757630854, Test Loss: 0.08847215070443995, Inverse Test Loss: 1.2633388112573063 
2025-05-16 16:49:31,966 INFO: Epoch 180, Train Loss: 0.09329009829371264, Test Loss: 0.0891216235125766, Inverse Test Loss: 1.2600674664272982 
2025-05-16 16:49:35,818 INFO: Epoch 181, Train Loss: 0.09260645638586897, Test Loss: 0.08991867807858131, Inverse Test Loss: 1.2728340029716492 
2025-05-16 16:49:39,737 INFO: Epoch 182, Train Loss: 0.09347935624872193, Test Loss: 0.08908412364475868, Inverse Test Loss: 1.285758944118724 
2025-05-16 16:49:43,585 INFO: Epoch 183, Train Loss: 0.09274613287186984, Test Loss: 0.09061074278810445, Inverse Test Loss: 1.2877967988743502 
2025-05-16 16:49:47,541 INFO: Epoch 184, Train Loss: 0.09239624271338637, Test Loss: 0.08833651682909797, Inverse Test Loss: 1.2800153809435226 
2025-05-16 16:49:51,397 INFO: Epoch 185, Train Loss: 0.0929463156922297, Test Loss: 0.08813772131414975, Inverse Test Loss: 1.2606425145093132 
2025-05-16 16:49:55,306 INFO: Epoch 186, Train Loss: 0.09207482077181339, Test Loss: 0.08871110090438057, Inverse Test Loss: 1.269931716077468 
2025-05-16 16:49:59,157 INFO: Epoch 187, Train Loss: 0.09362984211607413, Test Loss: 0.08988045440877185, Inverse Test Loss: 1.2988166879205143 
2025-05-16 16:50:03,053 INFO: Epoch 188, Train Loss: 0.09202945943583142, Test Loss: 0.08910786119454048, Inverse Test Loss: 1.2628652558607214 
2025-05-16 16:50:06,988 INFO: Epoch 189, Train Loss: 0.09223420421282451, Test Loss: 0.08972744818995981, Inverse Test Loss: 1.2822188489577349 
2025-05-16 16:50:10,811 INFO: Epoch 190, Train Loss: 0.09306338824557536, Test Loss: 0.08873696011655471, Inverse Test Loss: 1.2777629880344166 
2025-05-16 16:50:14,681 INFO: Epoch 191, Train Loss: 0.09194459088824013, Test Loss: 0.0887744847465964, Inverse Test Loss: 1.2831113303408903 
2025-05-16 16:50:18,542 INFO: Epoch 192, Train Loss: 0.09171695301704334, Test Loss: 0.08874799617949654, Inverse Test Loss: 1.2721492998740251 
2025-05-16 16:50:22,439 INFO: Epoch 193, Train Loss: 0.09175836842394236, Test Loss: 0.08820728979566518, Inverse Test Loss: 1.27166787666433 
2025-05-16 16:50:26,293 INFO: Epoch 194, Train Loss: 0.0909514074975794, Test Loss: 0.08849628686028368, Inverse Test Loss: 1.2641931491739609 
2025-05-16 16:50:30,135 INFO: Epoch 195, Train Loss: 0.09099891584253672, Test Loss: 0.08838671117144473, Inverse Test Loss: 1.2597499524845797 
2025-05-16 16:50:34,002 INFO: Epoch 196, Train Loss: 0.0921910059722987, Test Loss: 0.08859850006068454, Inverse Test Loss: 1.2510277663960176 
2025-05-16 16:50:37,873 INFO: Epoch 197, Train Loss: 0.09112429573680415, Test Loss: 0.0884352359263336, Inverse Test Loss: 1.2702621922773474 
2025-05-16 16:50:41,740 INFO: Epoch 198, Train Loss: 0.09118173293995135, Test Loss: 0.08888557005454512, Inverse Test Loss: 1.2650168222539566 
2025-05-16 16:50:45,624 INFO: Epoch 199, Train Loss: 0.09227051789110358, Test Loss: 0.08874316469711416, Inverse Test Loss: 1.256460056585424 
2025-05-16 16:50:49,553 INFO: Epoch 200, Train Loss: 0.09233523171507951, Test Loss: 0.08921065159580287, Inverse Test Loss: 1.3126911205403946 
2025-05-16 16:50:49,554 INFO: Best Epoch 185, Best Test Loss: 0.08813772131414975, Inverse Test Loss: 1.2606425145093132 
2025-05-16 16:50:53,433 INFO: Epoch 201, Train Loss: 0.0914452973978989, Test Loss: 0.08969041047727361, Inverse Test Loss: 1.2926286634276896 
2025-05-16 16:50:57,321 INFO: Epoch 202, Train Loss: 0.09125887955341375, Test Loss: 0.08792070825310315, Inverse Test Loss: 1.2632994546609766 
2025-05-16 16:51:01,217 INFO: Epoch 203, Train Loss: 0.0911106930086107, Test Loss: 0.0885670947677949, Inverse Test Loss: 1.2906252531444324 
2025-05-16 16:51:05,119 INFO: Epoch 204, Train Loss: 0.09100956260932214, Test Loss: 0.08998579926350538, Inverse Test Loss: 1.2701026902479284 
2025-05-16 16:51:08,962 INFO: Epoch 205, Train Loss: 0.0916832314634865, Test Loss: 0.08874154419583433, Inverse Test Loss: 1.273294813492719 
2025-05-16 16:51:12,869 INFO: Epoch 206, Train Loss: 0.09046376174823804, Test Loss: 0.08991895243525505, Inverse Test Loss: 1.3067649532766903 
2025-05-16 16:51:16,761 INFO: Epoch 207, Train Loss: 0.09170244780905319, Test Loss: 0.08821281133329167, Inverse Test Loss: 1.2526179061216467 
2025-05-16 16:51:20,668 INFO: Epoch 208, Train Loss: 0.09033054813291087, Test Loss: 0.08854200186974862, Inverse Test Loss: 1.2591469393056982 
2025-05-16 16:51:24,556 INFO: Epoch 209, Train Loss: 0.0913923867046833, Test Loss: 0.08839455685194801, Inverse Test Loss: 1.268483901725096 
2025-05-16 16:51:28,410 INFO: Epoch 210, Train Loss: 0.09004164978184483, Test Loss: 0.08825271883431603, Inverse Test Loss: 1.2717493246583378 
2025-05-16 16:51:32,320 INFO: Epoch 211, Train Loss: 0.09092200694210602, Test Loss: 0.09035758279702243, Inverse Test Loss: 1.264920206630931 
2025-05-16 16:51:36,209 INFO: Epoch 212, Train Loss: 0.0914247188378464, Test Loss: 0.09072236672920339, Inverse Test Loss: 1.2853178241673637 
2025-05-16 16:51:40,143 INFO: Epoch 213, Train Loss: 0.09080703042899117, Test Loss: 0.08797494650763624, Inverse Test Loss: 1.2518817256478703 
2025-05-16 16:51:44,047 INFO: Epoch 214, Train Loss: 0.09122872584019646, Test Loss: 0.08860124406569145, Inverse Test Loss: 1.2557360845453598 
2025-05-16 16:51:48,030 INFO: Epoch 215, Train Loss: 0.09016035553632361, Test Loss: 0.08926896181176691, Inverse Test Loss: 1.2702673883999096 
2025-05-16 16:51:51,933 INFO: Epoch 216, Train Loss: 0.09039048822314451, Test Loss: 0.08813061170718249, Inverse Test Loss: 1.2513116142329048 
2025-05-16 16:51:55,819 INFO: Epoch 217, Train Loss: 0.0907365841170152, Test Loss: 0.0916015968164977, Inverse Test Loss: 1.292981957688051 
2025-05-16 16:51:59,758 INFO: Epoch 218, Train Loss: 0.09125891751186414, Test Loss: 0.09003023737493683, Inverse Test Loss: 1.3327481185688692 
2025-05-16 16:52:03,647 INFO: Epoch 219, Train Loss: 0.09056742043431962, Test Loss: 0.08816882266717799, Inverse Test Loss: 1.2610168527154362 
2025-05-16 16:52:07,543 INFO: Epoch 220, Train Loss: 0.0911284726903294, Test Loss: 0.08877464822110008, Inverse Test Loss: 1.2528600482379688 
2025-05-16 16:52:11,473 INFO: Epoch 221, Train Loss: 0.09099311522687926, Test Loss: 0.08798673946191282, Inverse Test Loss: 1.2582479680285734 
2025-05-16 16:52:15,345 INFO: Epoch 222, Train Loss: 0.08937330854435761, Test Loss: 0.08878531810991905, Inverse Test Loss: 1.2587926948771757 
2025-05-16 16:52:19,264 INFO: Epoch 223, Train Loss: 0.08943672088736837, Test Loss: 0.08815750348217347, Inverse Test Loss: 1.266312434392817 
2025-05-16 16:52:23,093 INFO: Epoch 224, Train Loss: 0.09015075630988136, Test Loss: 0.08851238997543559, Inverse Test Loss: 1.2572217899210312 
2025-05-16 16:52:27,009 INFO: Epoch 225, Train Loss: 0.08868389695205471, Test Loss: 0.0887420385637704, Inverse Test Loss: 1.267627807224498 
2025-05-16 16:52:30,870 INFO: Epoch 226, Train Loss: 0.09105746278708632, Test Loss: 0.08935346739257083, Inverse Test Loss: 1.2636518057654886 
2025-05-16 16:52:34,767 INFO: Epoch 227, Train Loss: 0.09016177227551286, Test Loss: 0.08962421404088244, Inverse Test Loss: 1.2568821275935453 
2025-05-16 16:52:38,606 INFO: Epoch 228, Train Loss: 0.0889938036262086, Test Loss: 0.09079377046402763, Inverse Test Loss: 1.3177671783110674 
2025-05-16 16:52:42,448 INFO: Epoch 229, Train Loss: 0.09000426169597742, Test Loss: 0.08867021124152576, Inverse Test Loss: 1.2657434379353243 
2025-05-16 16:52:46,312 INFO: Epoch 230, Train Loss: 0.08849696899679574, Test Loss: 0.08877825211076175, Inverse Test Loss: 1.2672495631610645 
2025-05-16 16:52:50,167 INFO: Epoch 231, Train Loss: 0.0900380616499619, Test Loss: 0.0882737814065288, Inverse Test Loss: 1.2481842426692737 
2025-05-16 16:52:54,015 INFO: Epoch 232, Train Loss: 0.08990681402836785, Test Loss: 0.08859658416579752, Inverse Test Loss: 1.2601977516623104 
2025-05-16 16:52:57,898 INFO: Epoch 233, Train Loss: 0.08875181875897176, Test Loss: 0.08887543332050829, Inverse Test Loss: 1.2630059508716358 
2025-05-16 16:53:01,761 INFO: Epoch 234, Train Loss: 0.0881287825830055, Test Loss: 0.08885861100519404, Inverse Test Loss: 1.260165207526263 
2025-05-16 16:53:05,671 INFO: Epoch 235, Train Loss: 0.0886985542196216, Test Loss: 0.08875657070208998, Inverse Test Loss: 1.272508466944975 
2025-05-16 16:53:09,538 INFO: Epoch 236, Train Loss: 0.08986596384960593, Test Loss: 0.08876728945795227, Inverse Test Loss: 1.2599520998842575 
2025-05-16 16:53:13,400 INFO: Epoch 237, Train Loss: 0.09045925375187036, Test Loss: 0.08967152391286458, Inverse Test Loss: 1.2853184833246118 
2025-05-16 16:53:17,307 INFO: Epoch 238, Train Loss: 0.08974970132112503, Test Loss: 0.08797746699522524, Inverse Test Loss: 1.2469672069830053 
2025-05-16 16:53:21,127 INFO: Epoch 239, Train Loss: 0.08965090340511365, Test Loss: 0.09031844840330236, Inverse Test Loss: 1.3028015880023731 
2025-05-16 16:53:25,010 INFO: Epoch 240, Train Loss: 0.08849227496168831, Test Loss: 0.08872420800959363, Inverse Test Loss: 1.2708711974761064 
2025-05-16 16:53:28,916 INFO: Epoch 241, Train Loss: 0.08968918319001343, Test Loss: 0.08821266977226033, Inverse Test Loss: 1.2441826392622555 
2025-05-16 16:53:32,834 INFO: Epoch 242, Train Loss: 0.08884523289673256, Test Loss: 0.0888291531625916, Inverse Test Loss: 1.2670561776441687 
2025-05-16 16:53:36,754 INFO: Epoch 243, Train Loss: 0.08808901849569696, Test Loss: 0.08974206513341736, Inverse Test Loss: 1.2978250068776749 
2025-05-16 16:53:40,616 INFO: Epoch 244, Train Loss: 0.08900840213578759, Test Loss: 0.08895460077944924, Inverse Test Loss: 1.2646701090476091 
2025-05-16 16:53:44,569 INFO: Epoch 245, Train Loss: 0.08964592636083112, Test Loss: 0.09073827393791255, Inverse Test Loss: 1.3164313190123613 
2025-05-16 16:53:48,467 INFO: Epoch 246, Train Loss: 0.08965548494774284, Test Loss: 0.08949860952356282, Inverse Test Loss: 1.282720379969653 
2025-05-16 16:53:52,387 INFO: Epoch 247, Train Loss: 0.08767898928261164, Test Loss: 0.08916671617942698, Inverse Test Loss: 1.2601547872318941 
2025-05-16 16:53:56,247 INFO: Epoch 248, Train Loss: 0.08873827095058831, Test Loss: 0.08875786863705691, Inverse Test Loss: 1.2519767074023975 
2025-05-16 16:54:00,137 INFO: Epoch 249, Train Loss: 0.08785555743132577, Test Loss: 0.08863313167410738, Inverse Test Loss: 1.2657774125828463 
2025-05-16 16:54:04,002 INFO: Epoch 250, Train Loss: 0.08862154654255419, Test Loss: 0.09038101114770945, Inverse Test Loss: 1.3169731602949255 
2025-05-16 16:54:07,879 INFO: Epoch 251, Train Loss: 0.0884968608504895, Test Loss: 0.08982172389240826, Inverse Test Loss: 1.255811351187089 
2025-05-16 16:54:11,747 INFO: Epoch 252, Train Loss: 0.08826790829048012, Test Loss: 0.08868447318673134, Inverse Test Loss: 1.2583634888424593 
2025-05-16 16:54:15,616 INFO: Epoch 253, Train Loss: 0.08905166669776945, Test Loss: 0.08797294734155431, Inverse Test Loss: 1.260802668683669 
2025-05-16 16:54:19,529 INFO: Epoch 254, Train Loss: 0.08795205356948303, Test Loss: 0.0876633577487048, Inverse Test Loss: 1.2430789891411276 
2025-05-16 16:54:23,406 INFO: Epoch 255, Train Loss: 0.08796796168793332, Test Loss: 0.08855137732975624, Inverse Test Loss: 1.2753086125149447 
2025-05-16 16:54:27,281 INFO: Epoch 256, Train Loss: 0.08776214583353563, Test Loss: 0.08847154479692965, Inverse Test Loss: 1.2765502789441276 
2025-05-16 16:54:31,155 INFO: Epoch 257, Train Loss: 0.08818237280303781, Test Loss: 0.08820222164778148, Inverse Test Loss: 1.2642327547073364 
2025-05-16 16:54:34,982 INFO: Epoch 258, Train Loss: 0.08733038327684908, Test Loss: 0.08831918634036008, Inverse Test Loss: 1.2603164139915914 
2025-05-16 16:54:38,871 INFO: Epoch 259, Train Loss: 0.08741037350035075, Test Loss: 0.08889266300727339, Inverse Test Loss: 1.2785345315933228 
2025-05-16 16:54:42,716 INFO: Epoch 260, Train Loss: 0.0886516866810394, Test Loss: 0.08896108716726303, Inverse Test Loss: 1.258370280265808 
2025-05-16 16:54:46,555 INFO: Epoch 261, Train Loss: 0.0891700175336816, Test Loss: 0.08866321448894109, Inverse Test Loss: 1.2468693642055286 
2025-05-16 16:54:50,431 INFO: Epoch 262, Train Loss: 0.08685448139228603, Test Loss: 0.08834990311194868, Inverse Test Loss: 1.2519617746858036 
2025-05-16 16:54:54,315 INFO: Epoch 263, Train Loss: 0.08821638693299258, Test Loss: 0.08804856635191861, Inverse Test Loss: 1.2507121142219095 
2025-05-16 16:54:58,184 INFO: Epoch 264, Train Loss: 0.08965844209447052, Test Loss: 0.08870141668354764, Inverse Test Loss: 1.259426450028139 
2025-05-16 16:55:02,067 INFO: Epoch 265, Train Loss: 0.08817912598676754, Test Loss: 0.08830587763120146, Inverse Test Loss: 1.2495256346814774 
2025-05-16 16:55:05,871 INFO: Epoch 266, Train Loss: 0.08746113594282758, Test Loss: 0.08974441535332624, Inverse Test Loss: 1.2670624010703142 
2025-05-16 16:55:09,773 INFO: Epoch 267, Train Loss: 0.08697796618622361, Test Loss: 0.08899919097037877, Inverse Test Loss: 1.2504718408865088 
2025-05-16 16:55:13,747 INFO: Epoch 268, Train Loss: 0.08826173322670387, Test Loss: 0.08817297527018715, Inverse Test Loss: 1.2453188440378975 
2025-05-16 16:55:17,633 INFO: Epoch 269, Train Loss: 0.08578671430322257, Test Loss: 0.08819048698334132, Inverse Test Loss: 1.2521195341559017 
2025-05-16 16:55:21,544 INFO: Epoch 270, Train Loss: 0.08716822477678458, Test Loss: 0.0892100338550175, Inverse Test Loss: 1.2772575897328995 
2025-05-16 16:55:25,456 INFO: Epoch 271, Train Loss: 0.08736277032982219, Test Loss: 0.08970444364582791, Inverse Test Loss: 1.2696364697288065 
2025-05-16 16:55:29,336 INFO: Epoch 272, Train Loss: 0.08834500181855577, Test Loss: 0.08971644762684317, Inverse Test Loss: 1.25450016821132 
2025-05-16 16:55:33,223 INFO: Epoch 273, Train Loss: 0.08708631371458371, Test Loss: 0.08844003322369912, Inverse Test Loss: 1.2454243793207056 
2025-05-16 16:55:37,121 INFO: Epoch 274, Train Loss: 0.0878577647787152, Test Loss: 0.0883669570526656, Inverse Test Loss: 1.2600502932772917 
2025-05-16 16:55:40,988 INFO: Epoch 275, Train Loss: 0.08682881019106417, Test Loss: 0.08948385496349896, Inverse Test Loss: 1.2518796500037699 
2025-05-16 16:55:44,887 INFO: Epoch 276, Train Loss: 0.08757948152946704, Test Loss: 0.08854780127020444, Inverse Test Loss: 1.2564171798088972 
2025-05-16 16:55:48,775 INFO: Epoch 277, Train Loss: 0.08771414817734198, Test Loss: 0.08822183508206816, Inverse Test Loss: 1.252159760278814 
2025-05-16 16:55:52,623 INFO: Epoch 278, Train Loss: 0.08702288663974314, Test Loss: 0.0887576543232974, Inverse Test Loss: 1.2636667875682606 
2025-05-16 16:55:56,534 INFO: Epoch 279, Train Loss: 0.08735985303241195, Test Loss: 0.08916494009249351, Inverse Test Loss: 1.2593054525992449 
2025-05-16 16:56:00,393 INFO: Epoch 280, Train Loss: 0.08636533186742754, Test Loss: 0.08832048843888675, Inverse Test Loss: 1.2468182619880228 
2025-05-16 16:56:04,268 INFO: Epoch 281, Train Loss: 0.08723349694275495, Test Loss: 0.09122064797317281, Inverse Test Loss: 1.2767506206736845 
2025-05-16 16:56:08,086 INFO: Epoch 282, Train Loss: 0.08707498561478022, Test Loss: 0.08859890567905762, Inverse Test Loss: 1.2669074360062094 
2025-05-16 16:56:11,931 INFO: Epoch 283, Train Loss: 0.08609975637360053, Test Loss: 0.08925197383060175, Inverse Test Loss: 1.25673825600568 
2025-05-16 16:56:15,802 INFO: Epoch 284, Train Loss: 0.08696631268795693, Test Loss: 0.08860074728727341, Inverse Test Loss: 1.2613357445772957 
2025-05-16 16:56:19,651 INFO: Epoch 285, Train Loss: 0.08582791855389421, Test Loss: 0.08985776607604588, Inverse Test Loss: 1.2554473491276013 
2025-05-16 16:56:23,555 INFO: Epoch 286, Train Loss: 0.08755762513839838, Test Loss: 0.08924729486598688, Inverse Test Loss: 1.252418297178605 
2025-05-16 16:56:27,421 INFO: Epoch 287, Train Loss: 0.08597531700224588, Test Loss: 0.08781709390528061, Inverse Test Loss: 1.2362330310484941 
2025-05-16 16:56:31,352 INFO: Epoch 288, Train Loss: 0.08606775054200129, Test Loss: 0.08839181613396196, Inverse Test Loss: 1.237067205064437 
2025-05-16 16:56:35,267 INFO: Epoch 289, Train Loss: 0.0876813701946627, Test Loss: 0.08861977322136655, Inverse Test Loss: 1.2480777326752157 
2025-05-16 16:56:39,184 INFO: Epoch 290, Train Loss: 0.08507319748627418, Test Loss: 0.08949298236299963, Inverse Test Loss: 1.2847321173724007 
2025-05-16 16:56:43,148 INFO: Epoch 291, Train Loss: 0.08577610569244082, Test Loss: 0.08900691963293973, Inverse Test Loss: 1.2843444627874039 
2025-05-16 16:56:46,987 INFO: Epoch 292, Train Loss: 0.0856599999083714, Test Loss: 0.08918880430214546, Inverse Test Loss: 1.2483544384731966 
2025-05-16 16:56:50,809 INFO: Epoch 293, Train Loss: 0.0858401410620321, Test Loss: 0.08843688601080109, Inverse Test Loss: 1.2453639787786148 
2025-05-16 16:56:54,752 INFO: Epoch 294, Train Loss: 0.08596237037669528, Test Loss: 0.0889639065546148, Inverse Test Loss: 1.2663175779230453 
2025-05-16 16:56:58,668 INFO: Epoch 295, Train Loss: 0.08542628010565584, Test Loss: 0.089183659895378, Inverse Test Loss: 1.2540718737770529 
2025-05-16 16:57:02,578 INFO: Epoch 296, Train Loss: 0.08573232941103703, Test Loss: 0.09007967942777802, Inverse Test Loss: 1.275526646305533 
2025-05-16 16:57:06,463 INFO: Epoch 297, Train Loss: 0.0876611994974541, Test Loss: 0.08819684583474607, Inverse Test Loss: 1.2471356917830074 
2025-05-16 16:57:10,313 INFO: Epoch 298, Train Loss: 0.08646526870628198, Test Loss: 0.08811956600231283, Inverse Test Loss: 1.262948281624738 
2025-05-16 16:57:14,174 INFO: Epoch 299, Train Loss: 0.08634078739718958, Test Loss: 0.0891051099580877, Inverse Test Loss: 1.273369031793931 
2025-05-16 16:57:18,086 INFO: Epoch 300, Train Loss: 0.08564521880312399, Test Loss: 0.09006335038472624, Inverse Test Loss: 1.2561655570479 
2025-05-16 16:57:18,087 INFO: Best Epoch 254, Best Test Loss: 0.0876633577487048, Inverse Test Loss: 1.2430789891411276 
2025-05-16 16:57:21,946 INFO: Epoch 301, Train Loss: 0.08544618515015552, Test Loss: 0.08794872046393507, Inverse Test Loss: 1.2373513859861038 
2025-05-16 16:57:25,811 INFO: Epoch 302, Train Loss: 0.08672129464420406, Test Loss: 0.08909576561521082, Inverse Test Loss: 1.2442811236662024 
2025-05-16 16:57:29,674 INFO: Epoch 303, Train Loss: 0.08619284720131845, Test Loss: 0.08820348320638433, Inverse Test Loss: 1.2545503167545093 
2025-05-16 16:57:33,551 INFO: Epoch 304, Train Loss: 0.08678158050910993, Test Loss: 0.09016602749333662, Inverse Test Loss: 1.2649310055901022 
2025-05-16 16:57:37,350 INFO: Epoch 305, Train Loss: 0.08653014243552179, Test Loss: 0.0888768695294857, Inverse Test Loss: 1.2577611804008484 
2025-05-16 16:57:41,286 INFO: Epoch 306, Train Loss: 0.0849483169502381, Test Loss: 0.08903882849742384, Inverse Test Loss: 1.263755805352155 
2025-05-16 16:57:45,165 INFO: Epoch 307, Train Loss: 0.08447086373626282, Test Loss: 0.0886914631461396, Inverse Test Loss: 1.2479812327553244 
2025-05-16 16:57:49,017 INFO: Epoch 308, Train Loss: 0.08586936579509215, Test Loss: 0.08926544228897375, Inverse Test Loss: 1.2507291190764482 
2025-05-16 16:57:52,894 INFO: Epoch 309, Train Loss: 0.08717807506521542, Test Loss: 0.08912756184444708, Inverse Test Loss: 1.2717463900061214 
2025-05-16 16:57:56,813 INFO: Epoch 310, Train Loss: 0.08537781605440559, Test Loss: 0.08845123582903076, Inverse Test Loss: 1.25661621724858 
2025-05-16 16:58:00,704 INFO: Epoch 311, Train Loss: 0.08501837724311785, Test Loss: 0.0884468579555259, Inverse Test Loss: 1.2606946089688469 
2025-05-16 16:58:04,620 INFO: Epoch 312, Train Loss: 0.08567749268629334, Test Loss: 0.08830151619280086, Inverse Test Loss: 1.2697093136170332 
2025-05-16 16:58:08,495 INFO: Epoch 313, Train Loss: 0.08503288267688318, Test Loss: 0.08849080147988655, Inverse Test Loss: 1.2418885792002958 
2025-05-16 16:58:12,333 INFO: Epoch 314, Train Loss: 0.08545591100824601, Test Loss: 0.08851343656287473, Inverse Test Loss: 1.2374739997527178 
2025-05-16 16:58:16,246 INFO: Epoch 315, Train Loss: 0.08590603930254777, Test Loss: 0.088186374920256, Inverse Test Loss: 1.2433329925817602 
2025-05-16 16:58:20,147 INFO: Epoch 316, Train Loss: 0.08494914938328844, Test Loss: 0.08778143674135208, Inverse Test Loss: 1.234395461923936 
2025-05-16 16:58:24,050 INFO: Epoch 317, Train Loss: 0.08540864390405742, Test Loss: 0.08787647656658117, Inverse Test Loss: 1.2409036229638493 
2025-05-16 16:58:27,945 INFO: Epoch 318, Train Loss: 0.08484223016509504, Test Loss: 0.08869759760358754, Inverse Test Loss: 1.2431554934557747 
2025-05-16 16:58:31,816 INFO: Epoch 319, Train Loss: 0.08457474760485417, Test Loss: 0.09058654965723262, Inverse Test Loss: 1.279870885259965 
2025-05-16 16:58:35,708 INFO: Epoch 320, Train Loss: 0.08483304105924838, Test Loss: 0.08854758257375044, Inverse Test Loss: 1.2436312822734608 
2025-05-16 16:58:39,550 INFO: Epoch 321, Train Loss: 0.08484704572368752, Test Loss: 0.08841875020195455, Inverse Test Loss: 1.245657461531022 
2025-05-16 16:58:43,438 INFO: Epoch 322, Train Loss: 0.08485006693411958, Test Loss: 0.08783119215684779, Inverse Test Loss: 1.246630731750937 
2025-05-16 16:58:47,233 INFO: Epoch 323, Train Loss: 0.08480687950258002, Test Loss: 0.08842650209279622, Inverse Test Loss: 1.246366627076093 
2025-05-16 16:58:51,085 INFO: Epoch 324, Train Loss: 0.08564016849479893, Test Loss: 0.08853940862943144, Inverse Test Loss: 1.2470384555704452 
2025-05-16 16:58:54,900 INFO: Epoch 325, Train Loss: 0.08547658524052663, Test Loss: 0.08788349895792849, Inverse Test Loss: 1.2364601808435776 
2025-05-16 16:58:58,790 INFO: Epoch 326, Train Loss: 0.08557273910352678, Test Loss: 0.08870394199210055, Inverse Test Loss: 1.2362192728940178 
2025-05-16 16:59:02,701 INFO: Epoch 327, Train Loss: 0.08451224062027353, Test Loss: 0.08827489526832805, Inverse Test Loss: 1.248224170768962 
2025-05-16 16:59:06,582 INFO: Epoch 328, Train Loss: 0.08566580853904739, Test Loss: 0.08748796889010597, Inverse Test Loss: 1.2397687855888815 
2025-05-16 16:59:10,438 INFO: Epoch 329, Train Loss: 0.08420069464905695, Test Loss: 0.0879316660849487, Inverse Test Loss: 1.2494513427509981 
2025-05-16 16:59:14,254 INFO: Epoch 330, Train Loss: 0.08394129681542065, Test Loss: 0.0882324214805575, Inverse Test Loss: 1.2493646881159615 
2025-05-16 16:59:18,043 INFO: Epoch 331, Train Loss: 0.08482355246263923, Test Loss: 0.08779090555275187, Inverse Test Loss: 1.2549900342436398 
2025-05-16 16:59:21,928 INFO: Epoch 332, Train Loss: 0.08339002530908945, Test Loss: 0.08976217797573875, Inverse Test Loss: 1.2868531626813553 
2025-05-16 16:59:25,790 INFO: Epoch 333, Train Loss: 0.08371750169405431, Test Loss: 0.08887487890965798, Inverse Test Loss: 1.25987007337458 
2025-05-16 16:59:29,622 INFO: Epoch 334, Train Loss: 0.08429245916054104, Test Loss: 0.08851680838886429, Inverse Test Loss: 1.2423081853810478 
2025-05-16 16:59:33,439 INFO: Epoch 335, Train Loss: 0.08579214408316395, Test Loss: 0.08788142988786977, Inverse Test Loss: 1.2491431025897755 
2025-05-16 16:59:37,383 INFO: Epoch 336, Train Loss: 0.08442361003747492, Test Loss: 0.08905893038300906, Inverse Test Loss: 1.2594936279689564 
2025-05-16 16:59:41,250 INFO: Epoch 337, Train Loss: 0.08291892600104664, Test Loss: 0.0897309924749767, Inverse Test Loss: 1.2553673351512236 
2025-05-16 16:59:45,155 INFO: Epoch 338, Train Loss: 0.08467885349510294, Test Loss: 0.0876227562480113, Inverse Test Loss: 1.2553353730370016 
2025-05-16 16:59:49,061 INFO: Epoch 339, Train Loss: 0.08406719164640615, Test Loss: 0.09048041306874331, Inverse Test Loss: 1.2553974179660572 
2025-05-16 16:59:52,961 INFO: Epoch 340, Train Loss: 0.08424137741553062, Test Loss: 0.08856047646087759, Inverse Test Loss: 1.2631373650887434 
2025-05-16 16:59:56,831 INFO: Epoch 341, Train Loss: 0.08425407393863707, Test Loss: 0.08880570815766559, Inverse Test Loss: 1.272109932759229 
2025-05-16 17:00:00,741 INFO: Epoch 342, Train Loss: 0.08389288446668422, Test Loss: 0.08765444619690671, Inverse Test Loss: 1.2342762666590072 
2025-05-16 17:00:04,651 INFO: Epoch 343, Train Loss: 0.08294602359334628, Test Loss: 0.0883807292317643, Inverse Test Loss: 1.248472743174609 
2025-05-16 17:00:08,570 INFO: Epoch 344, Train Loss: 0.08493080232856852, Test Loss: 0.0890656227574629, Inverse Test Loss: 1.2756017130963944 
2025-05-16 17:00:12,422 INFO: Epoch 345, Train Loss: 0.08410795845768669, Test Loss: 0.08931995928287506, Inverse Test Loss: 1.2897266990998213 
2025-05-16 17:00:16,353 INFO: Epoch 346, Train Loss: 0.08346696158475948, Test Loss: 0.08883234814685934, Inverse Test Loss: 1.2407670371672685 
2025-05-16 17:00:20,203 INFO: Epoch 347, Train Loss: 0.08386118712863236, Test Loss: 0.08830347109366865, Inverse Test Loss: 1.2492449458907633 
2025-05-16 17:00:24,145 INFO: Epoch 348, Train Loss: 0.08337331218927195, Test Loss: 0.08769814713912852, Inverse Test Loss: 1.2379240113146164 
2025-05-16 17:00:28,028 INFO: Epoch 349, Train Loss: 0.08403683182868091, Test Loss: 0.0888814888894558, Inverse Test Loss: 1.243337028166827 
2025-05-16 17:00:31,892 INFO: Epoch 350, Train Loss: 0.0837508344627691, Test Loss: 0.08943761271588943, Inverse Test Loss: 1.245142729843364 
2025-05-16 17:00:35,770 INFO: Epoch 351, Train Loss: 0.08428260921077295, Test Loss: 0.08924283437869128, Inverse Test Loss: 1.2615990182932686 
2025-05-16 17:00:39,665 INFO: Epoch 352, Train Loss: 0.08552021403430086, Test Loss: 0.08900629663292099, Inverse Test Loss: 1.2451086289742415 
2025-05-16 17:00:43,589 INFO: Epoch 353, Train Loss: 0.08453576712671554, Test Loss: 0.08974552307935323, Inverse Test Loss: 1.249058113378637 
2025-05-16 17:00:47,491 INFO: Epoch 354, Train Loss: 0.08377239903943105, Test Loss: 0.08781166988260605, Inverse Test Loss: 1.2456417259048014 
2025-05-16 17:00:51,378 INFO: Epoch 355, Train Loss: 0.08380510212119782, Test Loss: 0.08835479507551473, Inverse Test Loss: 1.2430370134465836 
2025-05-16 17:00:55,290 INFO: Epoch 356, Train Loss: 0.08310091580179604, Test Loss: 0.08926808614941205, Inverse Test Loss: 1.2522649729953093 
2025-05-16 17:00:59,148 INFO: Epoch 357, Train Loss: 0.08318710157817061, Test Loss: 0.08963119019480313, Inverse Test Loss: 1.2668888814309065 
2025-05-16 17:01:03,024 INFO: Epoch 358, Train Loss: 0.08392859363194669, Test Loss: 0.08923921602613785, Inverse Test Loss: 1.288741879603442 
2025-05-16 17:01:06,893 INFO: Epoch 359, Train Loss: 0.08327784648898875, Test Loss: 0.0881962223964579, Inverse Test Loss: 1.2590298231910257 
2025-05-16 17:01:10,853 INFO: Epoch 360, Train Loss: 0.08393646607344801, Test Loss: 0.08876507685464971, Inverse Test Loss: 1.2589747800546534 
2025-05-16 17:01:14,765 INFO: Epoch 361, Train Loss: 0.08358521793376315, Test Loss: 0.0897166928385987, Inverse Test Loss: 1.2478476657586939 
2025-05-16 17:01:18,688 INFO: Epoch 362, Train Loss: 0.08322439246782751, Test Loss: 0.08838806410922724, Inverse Test Loss: 1.2478804448071648 
2025-05-16 17:01:22,553 INFO: Epoch 363, Train Loss: 0.08398993900327971, Test Loss: 0.08948537049924626, Inverse Test Loss: 1.266895609743455 
2025-05-16 17:01:26,454 INFO: Epoch 364, Train Loss: 0.08377047681785894, Test Loss: 0.09049907896448584, Inverse Test Loss: 1.2986486203530256 
2025-05-16 17:01:30,372 INFO: Epoch 365, Train Loss: 0.08292488195002079, Test Loss: 0.08914960964637644, Inverse Test Loss: 1.2603503360467798 
2025-05-16 17:01:34,297 INFO: Epoch 366, Train Loss: 0.0834585444324396, Test Loss: 0.08887629167121999, Inverse Test Loss: 1.248001736753127 
2025-05-16 17:01:38,184 INFO: Epoch 367, Train Loss: 0.08220407524795244, Test Loss: 0.0885445802089046, Inverse Test Loss: 1.2467775730525745 
2025-05-16 17:01:42,007 INFO: Epoch 368, Train Loss: 0.08342208402852218, Test Loss: 0.08831687622210559, Inverse Test Loss: 1.2367839112001306 
2025-05-16 17:01:45,829 INFO: Epoch 369, Train Loss: 0.08284234899011525, Test Loss: 0.08865162313861005, Inverse Test Loss: 1.237631569890415 
2025-05-16 17:01:49,720 INFO: Epoch 370, Train Loss: 0.08273321438129201, Test Loss: 0.08776362590930041, Inverse Test Loss: 1.229938195032232 
2025-05-16 17:01:53,602 INFO: Epoch 371, Train Loss: 0.08394806459546089, Test Loss: 0.08851203694939613, Inverse Test Loss: 1.2396488575374378 
2025-05-16 17:01:57,471 INFO: Epoch 372, Train Loss: 0.08201959430042541, Test Loss: 0.08947476218728458, Inverse Test Loss: 1.2435029254240149 
2025-05-16 17:02:01,339 INFO: Epoch 373, Train Loss: 0.08378512728394884, Test Loss: 0.08794134329347049, Inverse Test Loss: 1.2339022650438196 
2025-05-16 17:02:05,237 INFO: Epoch 374, Train Loss: 0.08316652098614158, Test Loss: 0.08815143607995089, Inverse Test Loss: 1.2351750310729532 
2025-05-16 17:02:09,109 INFO: Epoch 375, Train Loss: 0.08250079168514772, Test Loss: 0.08945498571676366, Inverse Test Loss: 1.2691831203068005 
2025-05-16 17:02:12,981 INFO: Epoch 376, Train Loss: 0.08236690898510543, Test Loss: 0.08863111716859481, Inverse Test Loss: 1.2386906602803398 
2025-05-16 17:02:16,860 INFO: Epoch 377, Train Loss: 0.08352715792981061, Test Loss: 0.08917925506830215, Inverse Test Loss: 1.258353236843558 
2025-05-16 17:02:20,752 INFO: Epoch 378, Train Loss: 0.08242911602737325, Test Loss: 0.0884412053753348, Inverse Test Loss: 1.2466347988914042 
2025-05-16 17:02:24,627 INFO: Epoch 379, Train Loss: 0.08259611170400273, Test Loss: 0.08866355633910965, Inverse Test Loss: 1.2406424213858211 
2025-05-16 17:02:28,043 INFO: Epoch 380, Train Loss: 0.08357570901738876, Test Loss: 0.08952109997763354, Inverse Test Loss: 1.279510827625499 
2025-05-16 17:02:30,118 INFO: Epoch 381, Train Loss: 0.08218345037576827, Test Loss: 0.08959830618079971, Inverse Test Loss: 1.2589141375878279 
2025-05-16 17:02:32,156 INFO: Epoch 382, Train Loss: 0.08283908134608557, Test Loss: 0.08810650951722089, Inverse Test Loss: 1.2330823926364674 
2025-05-16 17:02:34,179 INFO: Epoch 383, Train Loss: 0.0820627970564546, Test Loss: 0.08798832643557997, Inverse Test Loss: 1.2300479832817526 
2025-05-16 17:02:36,213 INFO: Epoch 384, Train Loss: 0.08195842164709713, Test Loss: 0.08809984891730196, Inverse Test Loss: 1.2404035435003393 
2025-05-16 17:02:38,235 INFO: Epoch 385, Train Loss: 0.08299845982004296, Test Loss: 0.0887063106193262, Inverse Test Loss: 1.2360319390016443 
2025-05-16 17:02:40,278 INFO: Epoch 386, Train Loss: 0.08260740833639195, Test Loss: 0.08845116351457204, Inverse Test Loss: 1.2539872141445385 
2025-05-16 17:02:42,301 INFO: Epoch 387, Train Loss: 0.08247441205788743, Test Loss: 0.08902582832995583, Inverse Test Loss: 1.238820615936728 
2025-05-16 17:02:44,303 INFO: Epoch 388, Train Loss: 0.08164279484613375, Test Loss: 0.08945000412709572, Inverse Test Loss: 1.2556710067917318 
2025-05-16 17:02:46,308 INFO: Epoch 389, Train Loss: 0.08160045246283214, Test Loss: 0.08825912326574326, Inverse Test Loss: 1.2408610897905685 
2025-05-16 17:02:48,337 INFO: Epoch 390, Train Loss: 0.08229380964555523, Test Loss: 0.08837362466489568, Inverse Test Loss: 1.2337473175104927 
2025-05-16 17:02:50,363 INFO: Epoch 391, Train Loss: 0.08170974271541293, Test Loss: 0.08991848282954272, Inverse Test Loss: 1.2548258094226612 
2025-05-16 17:02:52,395 INFO: Epoch 392, Train Loss: 0.08163599585267631, Test Loss: 0.09042080426040817, Inverse Test Loss: 1.260303984670078 
2025-05-16 17:02:54,391 INFO: Epoch 393, Train Loss: 0.0820507612079382, Test Loss: 0.09013542226132225, Inverse Test Loss: 1.2547762779628528 
2025-05-16 17:02:56,391 INFO: Epoch 394, Train Loss: 0.08333769547894146, Test Loss: 0.08731490768053952, Inverse Test Loss: 1.232431502903209 
2025-05-16 17:02:58,422 INFO: Epoch 395, Train Loss: 0.08258021408409784, Test Loss: 0.088393855620833, Inverse Test Loss: 1.2424444871790268 
2025-05-16 17:03:00,437 INFO: Epoch 396, Train Loss: 0.08104784419816552, Test Loss: 0.08846010837484808, Inverse Test Loss: 1.2457734697005327 
2025-05-16 17:03:02,468 INFO: Epoch 397, Train Loss: 0.08234049707199588, Test Loss: 0.08986996092340525, Inverse Test Loss: 1.27515627005521 
2025-05-16 17:03:04,461 INFO: Epoch 398, Train Loss: 0.08083370274327921, Test Loss: 0.08844595270998337, Inverse Test Loss: 1.2258453860002405 
2025-05-16 17:03:06,448 INFO: Epoch 399, Train Loss: 0.08214178071780638, Test Loss: 0.09118144564768847, Inverse Test Loss: 1.2965868255671333 
2025-05-16 17:03:08,444 INFO: Epoch 400, Train Loss: 0.08205823041498661, Test Loss: 0.0914271561538472, Inverse Test Loss: 1.312364143483779 
2025-05-16 17:03:08,445 INFO: Best Epoch 394, Best Test Loss: 0.08731490768053952, Inverse Test Loss: 1.232431502903209 
