2025-01-09 14:52:19,366 INFO: namespace(depth=2, grid_size=5, name='KAN', spline_order=3) 
2025-01-09 14:52:19,366 INFO: Dataset:winequality 
2025-01-09 14:52:19,366 INFO: ------Begin Training Model------ 
2025-01-09 14:52:21,449 INFO: Epoch 1, Train Loss: 0.947700273606085, Test Loss: 0.9046511277556419, Inverse Test Loss: 0.08284889906644821 
2025-01-09 14:52:21,596 INFO: Epoch 2, Train Loss: 0.9092983661159393, Test Loss: 0.8716081231832504, Inverse Test Loss: 0.08058684319257736 
2025-01-09 14:52:21,749 INFO: Epoch 3, Train Loss: 0.8763987441216746, Test Loss: 0.8454359173774719, Inverse Test Loss: 0.07896795868873596 
2025-01-09 14:52:21,908 INFO: Epoch 4, Train Loss: 0.8473762331470367, Test Loss: 0.8276941403746605, Inverse Test Loss: 0.07794952392578125 
2025-01-09 14:52:22,058 INFO: Epoch 5, Train Loss: 0.8298471089332334, Test Loss: 0.8200372532010078, Inverse Test Loss: 0.07740627229213715 
2025-01-09 14:52:22,208 INFO: Epoch 6, Train Loss: 0.8155314191695182, Test Loss: 0.81586604565382, Inverse Test Loss: 0.07700641453266144 
2025-01-09 14:52:22,366 INFO: Epoch 7, Train Loss: 0.8084573976455196, Test Loss: 0.8112633898854256, Inverse Test Loss: 0.076268769800663 
2025-01-09 14:52:22,516 INFO: Epoch 8, Train Loss: 0.8025135532502206, Test Loss: 0.8077802136540413, Inverse Test Loss: 0.07591336965560913 
2025-01-09 14:52:22,668 INFO: Epoch 9, Train Loss: 0.7966904794016192, Test Loss: 0.8034335747361183, Inverse Test Loss: 0.07570625841617584 
2025-01-09 14:52:22,814 INFO: Epoch 10, Train Loss: 0.7939874837475438, Test Loss: 0.8018295466899872, Inverse Test Loss: 0.07485700398683548 
2025-01-09 14:52:22,965 INFO: Epoch 11, Train Loss: 0.7883207605731103, Test Loss: 0.7994876578450203, Inverse Test Loss: 0.0741444006562233 
2025-01-09 14:52:23,111 INFO: Epoch 12, Train Loss: 0.7851774980944972, Test Loss: 0.7957827746868134, Inverse Test Loss: 0.0737912654876709 
2025-01-09 14:52:23,261 INFO: Epoch 13, Train Loss: 0.7808010558928212, Test Loss: 0.7931614741683006, Inverse Test Loss: 0.07322996109724045 
2025-01-09 14:52:23,409 INFO: Epoch 14, Train Loss: 0.7765789320391994, Test Loss: 0.789983481168747, Inverse Test Loss: 0.0727207139134407 
2025-01-09 14:52:23,559 INFO: Epoch 15, Train Loss: 0.7716671209181508, Test Loss: 0.7885991334915161, Inverse Test Loss: 0.07251501083374023 
2025-01-09 14:52:23,708 INFO: Epoch 16, Train Loss: 0.7667583784749431, Test Loss: 0.786266028881073, Inverse Test Loss: 0.07197121530771255 
2025-01-09 14:52:23,860 INFO: Epoch 17, Train Loss: 0.7659647580116026, Test Loss: 0.7835266962647438, Inverse Test Loss: 0.07221780717372894 
2025-01-09 14:52:24,006 INFO: Epoch 18, Train Loss: 0.7615634087593325, Test Loss: 0.7814273461699486, Inverse Test Loss: 0.07167930155992508 
2025-01-09 14:52:24,164 INFO: Epoch 19, Train Loss: 0.7554889975055572, Test Loss: 0.7810192033648491, Inverse Test Loss: 0.07163776457309723 
2025-01-09 14:52:24,327 INFO: Epoch 20, Train Loss: 0.7544831652795115, Test Loss: 0.7791264951229095, Inverse Test Loss: 0.07119018584489822 
2025-01-09 14:52:24,495 INFO: Epoch 21, Train Loss: 0.7507056824622615, Test Loss: 0.7789924666285515, Inverse Test Loss: 0.07113425433635712 
2025-01-09 14:52:24,645 INFO: Epoch 22, Train Loss: 0.7480726126701601, Test Loss: 0.7773338481783867, Inverse Test Loss: 0.07087761163711548 
2025-01-09 14:52:24,800 INFO: Epoch 23, Train Loss: 0.7452910138714698, Test Loss: 0.7763176411390305, Inverse Test Loss: 0.07081197202205658 
2025-01-09 14:52:24,961 INFO: Epoch 24, Train Loss: 0.7394921837314483, Test Loss: 0.7756411954760551, Inverse Test Loss: 0.070926234126091 
2025-01-09 14:52:25,137 INFO: Epoch 25, Train Loss: 0.7369941473007202, Test Loss: 0.7739730924367905, Inverse Test Loss: 0.07057780027389526 
2025-01-09 14:52:25,294 INFO: Epoch 26, Train Loss: 0.7354216306440292, Test Loss: 0.7728092223405838, Inverse Test Loss: 0.0708359032869339 
2025-01-09 14:52:25,448 INFO: Epoch 27, Train Loss: 0.7313649712070343, Test Loss: 0.772791288793087, Inverse Test Loss: 0.07079333066940308 
2025-01-09 14:52:25,597 INFO: Epoch 28, Train Loss: 0.7248810356663119, Test Loss: 0.771532416343689, Inverse Test Loss: 0.07033839076757431 
2025-01-09 14:52:25,752 INFO: Epoch 29, Train Loss: 0.7215466441646698, Test Loss: 0.7708729729056358, Inverse Test Loss: 0.07015793025493622 
2025-01-09 14:52:25,901 INFO: Epoch 30, Train Loss: 0.7190125373102003, Test Loss: 0.7704366967082024, Inverse Test Loss: 0.07005912810564041 
2025-01-09 14:52:26,055 INFO: Epoch 31, Train Loss: 0.7120275574345742, Test Loss: 0.7710092440247536, Inverse Test Loss: 0.070876345038414 
2025-01-09 14:52:26,210 INFO: Epoch 32, Train Loss: 0.7116791086812173, Test Loss: 0.7700739875435829, Inverse Test Loss: 0.07083345204591751 
2025-01-09 14:52:26,371 INFO: Epoch 33, Train Loss: 0.7039131329905602, Test Loss: 0.7693245857954025, Inverse Test Loss: 0.07063695788383484 
2025-01-09 14:52:26,527 INFO: Epoch 34, Train Loss: 0.6999737120443775, Test Loss: 0.7687995806336403, Inverse Test Loss: 0.07125847041606903 
2025-01-09 14:52:26,680 INFO: Epoch 35, Train Loss: 0.6937626119582884, Test Loss: 0.7696313038468361, Inverse Test Loss: 0.0715777724981308 
2025-01-09 14:52:26,827 INFO: Epoch 36, Train Loss: 0.6894287044002164, Test Loss: 0.7696459218859673, Inverse Test Loss: 0.07195078581571579 
2025-01-09 14:52:26,984 INFO: Epoch 37, Train Loss: 0.6852117834552642, Test Loss: 0.7704536244273186, Inverse Test Loss: 0.07202278822660446 
2025-01-09 14:52:27,131 INFO: Epoch 38, Train Loss: 0.6787173171197215, Test Loss: 0.7702596113085747, Inverse Test Loss: 0.07144253700971603 
2025-01-09 14:52:27,283 INFO: Epoch 39, Train Loss: 0.6744787904524034, Test Loss: 0.7702615484595299, Inverse Test Loss: 0.07216041535139084 
2025-01-09 14:52:27,430 INFO: Epoch 40, Train Loss: 0.6683380930654464, Test Loss: 0.7706483826041222, Inverse Test Loss: 0.0721413642168045 
2025-01-09 14:52:27,584 INFO: Epoch 41, Train Loss: 0.6636956026477199, Test Loss: 0.77400191873312, Inverse Test Loss: 0.07198638468980789 
2025-01-09 14:52:27,729 INFO: Epoch 42, Train Loss: 0.6592947417689908, Test Loss: 0.7716815546154976, Inverse Test Loss: 0.07232043892145157 
2025-01-09 14:52:27,882 INFO: Epoch 43, Train Loss: 0.6562524014903653, Test Loss: 0.7735296487808228, Inverse Test Loss: 0.07269657403230667 
2025-01-09 14:52:28,026 INFO: Epoch 44, Train Loss: 0.6499978784591921, Test Loss: 0.7726474106311798, Inverse Test Loss: 0.07283283025026321 
2025-01-09 14:52:28,178 INFO: Epoch 45, Train Loss: 0.6426315942118245, Test Loss: 0.7747174873948097, Inverse Test Loss: 0.07342319935560226 
2025-01-09 14:52:28,334 INFO: Epoch 46, Train Loss: 0.6396963596343994, Test Loss: 0.7751891314983368, Inverse Test Loss: 0.07288346439599991 
2025-01-09 14:52:28,490 INFO: Epoch 47, Train Loss: 0.635418507360643, Test Loss: 0.7768531367182732, Inverse Test Loss: 0.07384470850229263 
2025-01-09 14:52:28,640 INFO: Epoch 48, Train Loss: 0.6320309004475994, Test Loss: 0.7758612856268883, Inverse Test Loss: 0.07406510412693024 
2025-01-09 14:52:28,815 INFO: Epoch 49, Train Loss: 0.6264615174262754, Test Loss: 0.7758627682924271, Inverse Test Loss: 0.07328225672245026 
2025-01-09 14:52:28,975 INFO: Epoch 50, Train Loss: 0.6217587321035324, Test Loss: 0.7773982509970665, Inverse Test Loss: 0.07357528060674667 
2025-01-09 14:52:29,140 INFO: Epoch 51, Train Loss: 0.6174171951509291, Test Loss: 0.7755756378173828, Inverse Test Loss: 0.07281088083982468 
2025-01-09 14:52:29,291 INFO: Epoch 52, Train Loss: 0.6161792047562138, Test Loss: 0.7759332656860352, Inverse Test Loss: 0.07283839583396912 
2025-01-09 14:52:29,445 INFO: Epoch 53, Train Loss: 0.6105844676494598, Test Loss: 0.7763530239462852, Inverse Test Loss: 0.07281502336263657 
2025-01-09 14:52:29,593 INFO: Epoch 54, Train Loss: 0.6054039059146759, Test Loss: 0.7756666913628578, Inverse Test Loss: 0.07348266243934631 
2025-01-09 14:52:29,745 INFO: Epoch 55, Train Loss: 0.6001775678127043, Test Loss: 0.7763446420431137, Inverse Test Loss: 0.07193257659673691 
2025-01-09 14:52:29,901 INFO: Epoch 56, Train Loss: 0.5973665195126687, Test Loss: 0.775156058371067, Inverse Test Loss: 0.07223464548587799 
2025-01-09 14:52:30,050 INFO: Epoch 57, Train Loss: 0.5913460187373623, Test Loss: 0.7722752690315247, Inverse Test Loss: 0.07149374485015869 
2025-01-09 14:52:30,201 INFO: Epoch 58, Train Loss: 0.5893500216545597, Test Loss: 0.7732262164354324, Inverse Test Loss: 0.07207907736301422 
2025-01-09 14:52:30,358 INFO: Epoch 59, Train Loss: 0.5851023908584349, Test Loss: 0.774185448884964, Inverse Test Loss: 0.07044709473848343 
2025-01-09 14:52:30,523 INFO: Epoch 60, Train Loss: 0.5807127202710798, Test Loss: 0.7719972357153893, Inverse Test Loss: 0.07079360634088516 
2025-01-09 14:52:30,677 INFO: Epoch 61, Train Loss: 0.5770355443800649, Test Loss: 0.7746919021010399, Inverse Test Loss: 0.07118627429008484 
2025-01-09 14:52:30,840 INFO: Epoch 62, Train Loss: 0.5723666298773981, Test Loss: 0.7743217051029205, Inverse Test Loss: 0.07036524266004562 
2025-01-09 14:52:30,997 INFO: Epoch 63, Train Loss: 0.568534658801171, Test Loss: 0.7733265683054924, Inverse Test Loss: 0.069744773209095 
2025-01-09 14:52:31,182 INFO: Epoch 64, Train Loss: 0.5631069935137226, Test Loss: 0.7728100493550301, Inverse Test Loss: 0.06908182054758072 
2025-01-09 14:52:31,353 INFO: Epoch 65, Train Loss: 0.5610953184866136, Test Loss: 0.7741654142737389, Inverse Test Loss: 0.06962312012910843 
2025-01-09 14:52:31,520 INFO: Epoch 66, Train Loss: 0.5585219687031161, Test Loss: 0.7728244587779045, Inverse Test Loss: 0.06900975853204727 
2025-01-09 14:52:31,688 INFO: Epoch 67, Train Loss: 0.5522192976167125, Test Loss: 0.7730046659708023, Inverse Test Loss: 0.06878217309713364 
2025-01-09 14:52:31,853 INFO: Epoch 68, Train Loss: 0.5489637159532116, Test Loss: 0.7752876579761505, Inverse Test Loss: 0.06937457621097565 
2025-01-09 14:52:32,018 INFO: Epoch 69, Train Loss: 0.5443804763978527, Test Loss: 0.7735961601138115, Inverse Test Loss: 0.06812843680381775 
2025-01-09 14:52:32,182 INFO: Epoch 70, Train Loss: 0.5415784082105083, Test Loss: 0.7762854471802711, Inverse Test Loss: 0.06852257996797562 
2025-01-09 14:52:32,344 INFO: Epoch 71, Train Loss: 0.5394919322383019, Test Loss: 0.7754103019833565, Inverse Test Loss: 0.06843850761651993 
2025-01-09 14:52:32,512 INFO: Epoch 72, Train Loss: 0.5365699971875837, Test Loss: 0.7751359194517136, Inverse Test Loss: 0.06805533915758133 
2025-01-09 14:52:32,679 INFO: Epoch 73, Train Loss: 0.5331001675898029, Test Loss: 0.7759685143828392, Inverse Test Loss: 0.06873780488967896 
2025-01-09 14:52:32,850 INFO: Epoch 74, Train Loss: 0.528338655348747, Test Loss: 0.7756832167506218, Inverse Test Loss: 0.06793227046728134 
2025-01-09 14:52:33,001 INFO: Epoch 75, Train Loss: 0.5262190353485846, Test Loss: 0.7793053835630417, Inverse Test Loss: 0.06803270429372787 
2025-01-09 14:52:33,149 INFO: Epoch 76, Train Loss: 0.5249184331586284, Test Loss: 0.7767283245921135, Inverse Test Loss: 0.06754690408706665 
2025-01-09 14:52:33,307 INFO: Epoch 77, Train Loss: 0.5212501364369546, Test Loss: 0.7767911553382874, Inverse Test Loss: 0.0674959123134613 
2025-01-09 14:52:33,462 INFO: Epoch 78, Train Loss: 0.5164237397332345, Test Loss: 0.7776181697845459, Inverse Test Loss: 0.06799639016389847 
2025-01-09 14:52:33,611 INFO: Epoch 79, Train Loss: 0.5152768636903455, Test Loss: 0.7778990566730499, Inverse Test Loss: 0.06759024411439896 
2025-01-09 14:52:33,769 INFO: Epoch 80, Train Loss: 0.5108235632219622, Test Loss: 0.7786184251308441, Inverse Test Loss: 0.0680558979511261 
2025-01-09 14:52:33,933 INFO: Epoch 81, Train Loss: 0.508463789378443, Test Loss: 0.7782014906406403, Inverse Test Loss: 0.06759356707334518 
2025-01-09 14:52:34,108 INFO: Epoch 82, Train Loss: 0.5045437620532128, Test Loss: 0.7799479067325592, Inverse Test Loss: 0.0676569789648056 
2025-01-09 14:52:34,290 INFO: Epoch 83, Train Loss: 0.5051059030717419, Test Loss: 0.7813024371862411, Inverse Test Loss: 0.06813278049230576 
2025-01-09 14:52:34,470 INFO: Epoch 84, Train Loss: 0.5006581246852875, Test Loss: 0.7828375026583672, Inverse Test Loss: 0.06814874708652496 
2025-01-09 14:52:34,657 INFO: Epoch 85, Train Loss: 0.4968783192096218, Test Loss: 0.7814981937408447, Inverse Test Loss: 0.067175954580307 
2025-01-09 14:52:34,841 INFO: Epoch 86, Train Loss: 0.49498984313780264, Test Loss: 0.783490426838398, Inverse Test Loss: 0.06769176572561264 
2025-01-09 14:52:35,042 INFO: Epoch 87, Train Loss: 0.4930163669970728, Test Loss: 0.7867598906159401, Inverse Test Loss: 0.0682806521654129 
2025-01-09 14:52:35,262 INFO: Epoch 88, Train Loss: 0.4911894711755937, Test Loss: 0.7837991937994957, Inverse Test Loss: 0.06754311919212341 
2025-01-09 14:52:35,437 INFO: Epoch 89, Train Loss: 0.4873936964619544, Test Loss: 0.787302739918232, Inverse Test Loss: 0.06912186741828918 
2025-01-09 14:52:35,614 INFO: Epoch 90, Train Loss: 0.4843547901799602, Test Loss: 0.7864389941096306, Inverse Test Loss: 0.0679670125246048 
2025-01-09 14:52:35,779 INFO: Epoch 91, Train Loss: 0.4813136045009859, Test Loss: 0.7872216627001762, Inverse Test Loss: 0.06838913261890411 
2025-01-09 14:52:35,957 INFO: Epoch 92, Train Loss: 0.4786807442865064, Test Loss: 0.7876914069056511, Inverse Test Loss: 0.06884096562862396 
2025-01-09 14:52:36,126 INFO: Epoch 93, Train Loss: 0.47845664139716854, Test Loss: 0.7915149107575417, Inverse Test Loss: 0.06953942030668259 
2025-01-09 14:52:36,303 INFO: Epoch 94, Train Loss: 0.47422939635092215, Test Loss: 0.7907506749033928, Inverse Test Loss: 0.06954654306173325 
2025-01-09 14:52:36,469 INFO: Epoch 95, Train Loss: 0.4729691541964008, Test Loss: 0.7900398895144463, Inverse Test Loss: 0.06933927536010742 
2025-01-09 14:52:36,635 INFO: Epoch 96, Train Loss: 0.4701481153888087, Test Loss: 0.7934560030698776, Inverse Test Loss: 0.06943272054195404 
2025-01-09 14:52:36,804 INFO: Epoch 97, Train Loss: 0.46860630089236843, Test Loss: 0.7919718772172928, Inverse Test Loss: 0.06951799243688583 
2025-01-09 14:52:36,972 INFO: Epoch 98, Train Loss: 0.46535427628024933, Test Loss: 0.7919882088899612, Inverse Test Loss: 0.069722980260849 
2025-01-09 14:52:37,148 INFO: Epoch 99, Train Loss: 0.4631295752140783, Test Loss: 0.7950925156474113, Inverse Test Loss: 0.06980332732200623 
2025-01-09 14:52:37,318 INFO: Epoch 100, Train Loss: 0.4603236375316497, Test Loss: 0.7932918816804886, Inverse Test Loss: 0.06905478984117508 
2025-01-09 14:52:37,319 INFO: Best Epoch 34, Best Test Loss: 0.7687995806336403 
2025-01-09 14:52:37,489 INFO: Epoch 101, Train Loss: 0.4591626813334803, Test Loss: 0.7943547442555428, Inverse Test Loss: 0.06978604197502136 
2025-01-09 14:52:37,661 INFO: Epoch 102, Train Loss: 0.4561273455619812, Test Loss: 0.7970973402261734, Inverse Test Loss: 0.07056285440921783 
2025-01-09 14:52:37,834 INFO: Epoch 103, Train Loss: 0.45566428765173883, Test Loss: 0.7968303337693214, Inverse Test Loss: 0.07040546089410782 
2025-01-09 14:52:38,026 INFO: Epoch 104, Train Loss: 0.4532432190833553, Test Loss: 0.7970872446894646, Inverse Test Loss: 0.07062119990587234 
2025-01-09 14:52:38,196 INFO: Epoch 105, Train Loss: 0.4507995891955591, Test Loss: 0.7996870204806328, Inverse Test Loss: 0.07141444832086563 
2025-01-09 14:52:38,399 INFO: Epoch 106, Train Loss: 0.44891985193375616, Test Loss: 0.7991796880960464, Inverse Test Loss: 0.07088843733072281 
2025-01-09 14:52:38,609 INFO: Epoch 107, Train Loss: 0.44725845898351363, Test Loss: 0.8001628965139389, Inverse Test Loss: 0.07075409591197968 
2025-01-09 14:52:38,794 INFO: Epoch 108, Train Loss: 0.4459090175167207, Test Loss: 0.8014816865324974, Inverse Test Loss: 0.07106277346611023 
2025-01-09 14:52:38,977 INFO: Epoch 109, Train Loss: 0.4434699598819979, Test Loss: 0.8018899634480476, Inverse Test Loss: 0.07096125185489655 
2025-01-09 14:52:39,157 INFO: Epoch 110, Train Loss: 0.44149286131705007, Test Loss: 0.801139622926712, Inverse Test Loss: 0.07143353670835495 
2025-01-09 14:52:39,339 INFO: Epoch 111, Train Loss: 0.4405563492928782, Test Loss: 0.8029608726501465, Inverse Test Loss: 0.07172683626413345 
2025-01-09 14:52:39,513 INFO: Epoch 112, Train Loss: 0.43939256475817773, Test Loss: 0.8050777837634087, Inverse Test Loss: 0.07249213010072708 
2025-01-09 14:52:39,681 INFO: Epoch 113, Train Loss: 0.4362016377910491, Test Loss: 0.8056380897760391, Inverse Test Loss: 0.07299783825874329 
2025-01-09 14:52:39,849 INFO: Epoch 114, Train Loss: 0.43546346406782827, Test Loss: 0.806796595454216, Inverse Test Loss: 0.07311427593231201 
2025-01-09 14:52:40,030 INFO: Epoch 115, Train Loss: 0.4337582280558924, Test Loss: 0.8059807643294334, Inverse Test Loss: 0.07191408425569534 
2025-01-09 14:52:40,217 INFO: Epoch 116, Train Loss: 0.43199347584478315, Test Loss: 0.8072643950581551, Inverse Test Loss: 0.07341858744621277 
2025-01-09 14:52:40,404 INFO: Epoch 117, Train Loss: 0.4289279080206348, Test Loss: 0.8073364943265915, Inverse Test Loss: 0.07311975210905075 
2025-01-09 14:52:40,584 INFO: Epoch 118, Train Loss: 0.42735128248891524, Test Loss: 0.8107881173491478, Inverse Test Loss: 0.07385341823101044 
2025-01-09 14:52:40,779 INFO: Epoch 119, Train Loss: 0.4260973286244177, Test Loss: 0.8103993013501167, Inverse Test Loss: 0.0732477530837059 
2025-01-09 14:52:40,968 INFO: Epoch 120, Train Loss: 0.4230986381730726, Test Loss: 0.8092652335762978, Inverse Test Loss: 0.07321808487176895 
2025-01-09 14:52:41,162 INFO: Epoch 121, Train Loss: 0.4215368570819978, Test Loss: 0.8112974390387535, Inverse Test Loss: 0.07356635481119156 
2025-01-09 14:52:41,356 INFO: Epoch 122, Train Loss: 0.422179106743105, Test Loss: 0.812196671962738, Inverse Test Loss: 0.0745801106095314 
2025-01-09 14:52:41,556 INFO: Epoch 123, Train Loss: 0.4201056553471473, Test Loss: 0.814615972340107, Inverse Test Loss: 0.07514740526676178 
2025-01-09 14:52:41,748 INFO: Epoch 124, Train Loss: 0.4167830405696746, Test Loss: 0.8123346865177155, Inverse Test Loss: 0.07478686422109604 
2025-01-09 14:52:41,940 INFO: Epoch 125, Train Loss: 0.4155257911451401, Test Loss: 0.8143763914704323, Inverse Test Loss: 0.0747576504945755 
2025-01-09 14:52:42,116 INFO: Epoch 126, Train Loss: 0.4138893475455622, Test Loss: 0.8148673623800278, Inverse Test Loss: 0.07497651129961014 
2025-01-09 14:52:42,301 INFO: Epoch 127, Train Loss: 0.4120799860646648, Test Loss: 0.8178286924958229, Inverse Test Loss: 0.07626233994960785 
2025-01-09 14:52:42,486 INFO: Epoch 128, Train Loss: 0.41082051877052556, Test Loss: 0.8175778537988663, Inverse Test Loss: 0.0760107934474945 
2025-01-09 14:52:42,680 INFO: Epoch 129, Train Loss: 0.40814933757628163, Test Loss: 0.8187072724103928, Inverse Test Loss: 0.0759340301156044 
2025-01-09 14:52:42,896 INFO: Epoch 130, Train Loss: 0.407214758857604, Test Loss: 0.81849754601717, Inverse Test Loss: 0.07582981139421463 
2025-01-09 14:52:43,096 INFO: Epoch 131, Train Loss: 0.4042940370498165, Test Loss: 0.8228343725204468, Inverse Test Loss: 0.07586472481489182 
2025-01-09 14:52:43,308 INFO: Epoch 132, Train Loss: 0.40457451343536377, Test Loss: 0.8182353898882866, Inverse Test Loss: 0.07599354535341263 
2025-01-09 14:52:43,537 INFO: Epoch 133, Train Loss: 0.4021102065040219, Test Loss: 0.8240710273385048, Inverse Test Loss: 0.07683481276035309 
2025-01-09 14:52:43,759 INFO: Epoch 134, Train Loss: 0.4002410654098757, Test Loss: 0.8234513998031616, Inverse Test Loss: 0.07777232676744461 
2025-01-09 14:52:43,978 INFO: Epoch 135, Train Loss: 0.39935634116972646, Test Loss: 0.8233977183699608, Inverse Test Loss: 0.07656697183847427 
2025-01-09 14:52:44,226 INFO: Epoch 136, Train Loss: 0.3972034377436484, Test Loss: 0.827041007578373, Inverse Test Loss: 0.07855145633220673 
2025-01-09 14:52:44,433 INFO: Epoch 137, Train Loss: 0.39656464034511196, Test Loss: 0.8242455348372459, Inverse Test Loss: 0.07669408619403839 
2025-01-09 14:52:44,622 INFO: Epoch 138, Train Loss: 0.3957975785578451, Test Loss: 0.825286790728569, Inverse Test Loss: 0.07800158113241196 
2025-01-09 14:52:44,809 INFO: Epoch 139, Train Loss: 0.3924715297837411, Test Loss: 0.8278762996196747, Inverse Test Loss: 0.0783277153968811 
2025-01-09 14:52:45,012 INFO: Epoch 140, Train Loss: 0.3897326598244329, Test Loss: 0.8273108452558517, Inverse Test Loss: 0.07806456089019775 
2025-01-09 14:52:45,219 INFO: Epoch 141, Train Loss: 0.3893365446598299, Test Loss: 0.8299663588404655, Inverse Test Loss: 0.07888367027044296 
2025-01-09 14:52:45,406 INFO: Epoch 142, Train Loss: 0.3893642069831971, Test Loss: 0.8320631459355354, Inverse Test Loss: 0.07882285863161087 
2025-01-09 14:52:45,586 INFO: Epoch 143, Train Loss: 0.3871627305784533, Test Loss: 0.832341380417347, Inverse Test Loss: 0.07871226966381073 
2025-01-09 14:52:45,755 INFO: Epoch 144, Train Loss: 0.3850582876513081, Test Loss: 0.8315096646547318, Inverse Test Loss: 0.0783044844865799 
2025-01-09 14:52:45,937 INFO: Epoch 145, Train Loss: 0.3840529236101335, Test Loss: 0.8333230763673782, Inverse Test Loss: 0.07921163737773895 
2025-01-09 14:52:46,135 INFO: Epoch 146, Train Loss: 0.38189777731895447, Test Loss: 0.832601748406887, Inverse Test Loss: 0.07913637161254883 
2025-01-09 14:52:46,331 INFO: Epoch 147, Train Loss: 0.3806141297663412, Test Loss: 0.8339375108480453, Inverse Test Loss: 0.07947533577680588 
2025-01-09 14:52:46,521 INFO: Epoch 148, Train Loss: 0.37868562725282484, Test Loss: 0.8359003886580467, Inverse Test Loss: 0.0800948366522789 
2025-01-09 14:52:46,692 INFO: Epoch 149, Train Loss: 0.3786870817984304, Test Loss: 0.8352261111140251, Inverse Test Loss: 0.07913370430469513 
2025-01-09 14:52:46,864 INFO: Epoch 150, Train Loss: 0.3760899007320404, Test Loss: 0.8391193076968193, Inverse Test Loss: 0.08057490736246109 
2025-01-09 14:52:47,047 INFO: Epoch 151, Train Loss: 0.37462546556226667, Test Loss: 0.8375529423356056, Inverse Test Loss: 0.08021340519189835 
2025-01-09 14:52:47,275 INFO: Epoch 152, Train Loss: 0.37393456985873563, Test Loss: 0.8407710641622543, Inverse Test Loss: 0.08037956058979034 
2025-01-09 14:52:47,442 INFO: Epoch 153, Train Loss: 0.37159823217699606, Test Loss: 0.8399593457579613, Inverse Test Loss: 0.08046463876962662 
2025-01-09 14:52:47,611 INFO: Epoch 154, Train Loss: 0.36990064094143527, Test Loss: 0.8449507653713226, Inverse Test Loss: 0.08123432844877243 
2025-01-09 14:52:47,778 INFO: Epoch 155, Train Loss: 0.36890902250043806, Test Loss: 0.8429933488368988, Inverse Test Loss: 0.08076276630163193 
2025-01-09 14:52:47,958 INFO: Epoch 156, Train Loss: 0.3664623075915921, Test Loss: 0.8447838723659515, Inverse Test Loss: 0.0810910314321518 
2025-01-09 14:52:48,141 INFO: Epoch 157, Train Loss: 0.36602225803559824, Test Loss: 0.8462126702070236, Inverse Test Loss: 0.08150382339954376 
2025-01-09 14:52:48,370 INFO: Epoch 158, Train Loss: 0.36453707660398177, Test Loss: 0.8490731120109558, Inverse Test Loss: 0.08258916437625885 
2025-01-09 14:52:48,555 INFO: Epoch 159, Train Loss: 0.36393215771644344, Test Loss: 0.8464712649583817, Inverse Test Loss: 0.08183720707893372 
2025-01-09 14:52:48,749 INFO: Epoch 160, Train Loss: 0.3609999245212924, Test Loss: 0.8502401039004326, Inverse Test Loss: 0.08249165862798691 
2025-01-09 14:52:48,940 INFO: Epoch 161, Train Loss: 0.36048007588232717, Test Loss: 0.8519153371453285, Inverse Test Loss: 0.08304175734519958 
2025-01-09 14:52:49,117 INFO: Epoch 162, Train Loss: 0.35937808982787595, Test Loss: 0.8529063314199448, Inverse Test Loss: 0.08324019610881805 
2025-01-09 14:52:49,294 INFO: Epoch 163, Train Loss: 0.35723315035143205, Test Loss: 0.852651484310627, Inverse Test Loss: 0.08226824551820755 
2025-01-09 14:52:49,492 INFO: Epoch 164, Train Loss: 0.3563983873013527, Test Loss: 0.8566533699631691, Inverse Test Loss: 0.08342330902814865 
2025-01-09 14:52:49,674 INFO: Epoch 165, Train Loss: 0.3565829030929073, Test Loss: 0.8575119823217392, Inverse Test Loss: 0.0835069864988327 
2025-01-09 14:52:49,859 INFO: Epoch 166, Train Loss: 0.35504222973700494, Test Loss: 0.8565518260002136, Inverse Test Loss: 0.08383774757385254 
2025-01-09 14:52:50,037 INFO: Epoch 167, Train Loss: 0.35225093364715576, Test Loss: 0.8576246127486229, Inverse Test Loss: 0.08380191773176193 
2025-01-09 14:52:50,254 INFO: Epoch 168, Train Loss: 0.35177319088289816, Test Loss: 0.8615273758769035, Inverse Test Loss: 0.08413209021091461 
2025-01-09 14:52:50,457 INFO: Epoch 169, Train Loss: 0.35134572944333475, Test Loss: 0.8614949807524681, Inverse Test Loss: 0.08424259722232819 
2025-01-09 14:52:50,660 INFO: Epoch 170, Train Loss: 0.34879173482618026, Test Loss: 0.8626133054494858, Inverse Test Loss: 0.08456754684448242 
2025-01-09 14:52:50,850 INFO: Epoch 171, Train Loss: 0.34930404251621616, Test Loss: 0.8644833639264107, Inverse Test Loss: 0.08421588689088821 
2025-01-09 14:52:51,059 INFO: Epoch 172, Train Loss: 0.3474541940996724, Test Loss: 0.8651463538408279, Inverse Test Loss: 0.08606444299221039 
2025-01-09 14:52:51,256 INFO: Epoch 173, Train Loss: 0.3461485831968246, Test Loss: 0.8639589697122574, Inverse Test Loss: 0.08388587832450867 
2025-01-09 14:52:51,474 INFO: Epoch 174, Train Loss: 0.3435241373315934, Test Loss: 0.8672132343053818, Inverse Test Loss: 0.08471506088972092 
2025-01-09 14:52:51,712 INFO: Epoch 175, Train Loss: 0.3432527780532837, Test Loss: 0.8668859079480171, Inverse Test Loss: 0.08498936891555786 
2025-01-09 14:52:51,925 INFO: Epoch 176, Train Loss: 0.3423002794865639, Test Loss: 0.8689275309443474, Inverse Test Loss: 0.08554404228925705 
2025-01-09 14:52:52,150 INFO: Epoch 177, Train Loss: 0.3416785617028513, Test Loss: 0.8702407553792, Inverse Test Loss: 0.08619099855422974 
2025-01-09 14:52:52,401 INFO: Epoch 178, Train Loss: 0.34111533434160296, Test Loss: 0.8716154545545578, Inverse Test Loss: 0.0859190821647644 
2025-01-09 14:52:52,611 INFO: Epoch 179, Train Loss: 0.33910945154005484, Test Loss: 0.8742197901010513, Inverse Test Loss: 0.08696305751800537 
2025-01-09 14:52:52,811 INFO: Epoch 180, Train Loss: 0.33855530042802134, Test Loss: 0.8724732175469398, Inverse Test Loss: 0.08562418073415756 
2025-01-09 14:52:52,981 INFO: Epoch 181, Train Loss: 0.33737101477961384, Test Loss: 0.8748163729906082, Inverse Test Loss: 0.08648690581321716 
2025-01-09 14:52:53,155 INFO: Epoch 182, Train Loss: 0.3352139707534544, Test Loss: 0.8757579773664474, Inverse Test Loss: 0.08677269518375397 
2025-01-09 14:52:53,323 INFO: Epoch 183, Train Loss: 0.33567518091970877, Test Loss: 0.8762633875012398, Inverse Test Loss: 0.0859820544719696 
2025-01-09 14:52:53,533 INFO: Epoch 184, Train Loss: 0.33243256615054223, Test Loss: 0.8778516873717308, Inverse Test Loss: 0.08657340705394745 
2025-01-09 14:52:53,738 INFO: Epoch 185, Train Loss: 0.33260562535255184, Test Loss: 0.8786990866065025, Inverse Test Loss: 0.08688804507255554 
2025-01-09 14:52:53,928 INFO: Epoch 186, Train Loss: 0.3304032721827107, Test Loss: 0.8793834820389748, Inverse Test Loss: 0.08704186230897903 
2025-01-09 14:52:54,111 INFO: Epoch 187, Train Loss: 0.32781351766278666, Test Loss: 0.8817103654146194, Inverse Test Loss: 0.08695296198129654 
2025-01-09 14:52:54,333 INFO: Epoch 188, Train Loss: 0.32902578480782046, Test Loss: 0.8816752880811691, Inverse Test Loss: 0.08718016743659973 
2025-01-09 14:52:54,520 INFO: Epoch 189, Train Loss: 0.3292078250838864, Test Loss: 0.8820449188351631, Inverse Test Loss: 0.08672191947698593 
2025-01-09 14:52:54,708 INFO: Epoch 190, Train Loss: 0.32665402946933625, Test Loss: 0.8856727927923203, Inverse Test Loss: 0.08871691673994064 
2025-01-09 14:52:54,909 INFO: Epoch 191, Train Loss: 0.32620009106974446, Test Loss: 0.8854111582040787, Inverse Test Loss: 0.08728732168674469 
2025-01-09 14:52:55,088 INFO: Epoch 192, Train Loss: 0.32544003378960396, Test Loss: 0.8873331621289253, Inverse Test Loss: 0.08808062225580215 
2025-01-09 14:52:55,293 INFO: Epoch 193, Train Loss: 0.32456265149577973, Test Loss: 0.8886806666851044, Inverse Test Loss: 0.0882297083735466 
2025-01-09 14:52:55,506 INFO: Epoch 194, Train Loss: 0.3217475010502723, Test Loss: 0.8891873136162758, Inverse Test Loss: 0.08848553895950317 
2025-01-09 14:52:55,698 INFO: Epoch 195, Train Loss: 0.32188981290786495, Test Loss: 0.8906227350234985, Inverse Test Loss: 0.08887380361557007 
2025-01-09 14:52:55,867 INFO: Epoch 196, Train Loss: 0.32133635301743785, Test Loss: 0.889579139649868, Inverse Test Loss: 0.08745928108692169 
2025-01-09 14:52:56,054 INFO: Epoch 197, Train Loss: 0.32018241574687345, Test Loss: 0.8937313556671143, Inverse Test Loss: 0.08945030719041824 
2025-01-09 14:52:56,237 INFO: Epoch 198, Train Loss: 0.31893234579793867, Test Loss: 0.8953251987695694, Inverse Test Loss: 0.08889064937829971 
2025-01-09 14:52:56,428 INFO: Epoch 199, Train Loss: 0.31747598849957986, Test Loss: 0.895437203347683, Inverse Test Loss: 0.08950985223054886 
2025-01-09 14:52:56,632 INFO: Epoch 200, Train Loss: 0.31740327131363655, Test Loss: 0.8980792239308357, Inverse Test Loss: 0.08937505632638931 
2025-01-09 14:52:56,632 INFO: Best Epoch 34, Best Test Loss: 0.7687995806336403 
2025-01-09 14:52:56,805 INFO: Epoch 201, Train Loss: 0.3156298139402943, Test Loss: 0.8954545333981514, Inverse Test Loss: 0.08909374475479126 
2025-01-09 14:52:56,982 INFO: Epoch 202, Train Loss: 0.3137012085606975, Test Loss: 0.8984328806400299, Inverse Test Loss: 0.08947864174842834 
2025-01-09 14:52:57,154 INFO: Epoch 203, Train Loss: 0.31397697041111605, Test Loss: 0.8995773419737816, Inverse Test Loss: 0.08922452479600906 
2025-01-09 14:52:57,332 INFO: Epoch 204, Train Loss: 0.31400402419028745, Test Loss: 0.9008567780256271, Inverse Test Loss: 0.08970092236995697 
2025-01-09 14:52:57,510 INFO: Epoch 205, Train Loss: 0.3114844387577426, Test Loss: 0.8996864482760429, Inverse Test Loss: 0.08938838541507721 
2025-01-09 14:52:57,720 INFO: Epoch 206, Train Loss: 0.3127870165532635, Test Loss: 0.9015241041779518, Inverse Test Loss: 0.09000758826732635 
2025-01-09 14:52:57,911 INFO: Epoch 207, Train Loss: 0.3088520371144818, Test Loss: 0.9026833102107048, Inverse Test Loss: 0.08910443633794785 
2025-01-09 14:52:58,085 INFO: Epoch 208, Train Loss: 0.3098898164687618, Test Loss: 0.9041214138269424, Inverse Test Loss: 0.08969014137983322 
2025-01-09 14:52:58,262 INFO: Epoch 209, Train Loss: 0.30852223211719143, Test Loss: 0.9050789773464203, Inverse Test Loss: 0.08968774974346161 
2025-01-09 14:52:58,432 INFO: Epoch 210, Train Loss: 0.3089697322537822, Test Loss: 0.9062029495835304, Inverse Test Loss: 0.09103269129991531 
2025-01-09 14:52:58,634 INFO: Epoch 211, Train Loss: 0.30742982799007046, Test Loss: 0.909409798681736, Inverse Test Loss: 0.09115815907716751 
2025-01-09 14:52:58,834 INFO: Epoch 212, Train Loss: 0.3059134848656193, Test Loss: 0.9056578949093819, Inverse Test Loss: 0.08971450477838516 
2025-01-09 14:52:59,009 INFO: Epoch 213, Train Loss: 0.30523805464467696, Test Loss: 0.9075164347887039, Inverse Test Loss: 0.09046947211027145 
2025-01-09 14:52:59,198 INFO: Epoch 214, Train Loss: 0.3042813376072914, Test Loss: 0.9096463322639465, Inverse Test Loss: 0.09022355079650879 
2025-01-09 14:52:59,366 INFO: Epoch 215, Train Loss: 0.30394829473187845, Test Loss: 0.9100762903690338, Inverse Test Loss: 0.09085733443498611 
2025-01-09 14:52:59,540 INFO: Epoch 216, Train Loss: 0.30325280177977776, Test Loss: 0.9097815379500389, Inverse Test Loss: 0.0911467894911766 
2025-01-09 14:52:59,709 INFO: Epoch 217, Train Loss: 0.3021916449069977, Test Loss: 0.9109496846795082, Inverse Test Loss: 0.09070277959108353 
2025-01-09 14:52:59,941 INFO: Epoch 218, Train Loss: 0.30115049404482686, Test Loss: 0.9137304201722145, Inverse Test Loss: 0.0910438597202301 
2025-01-09 14:53:00,157 INFO: Epoch 219, Train Loss: 0.29985726744897906, Test Loss: 0.9129574373364449, Inverse Test Loss: 0.0906611829996109 
2025-01-09 14:53:00,340 INFO: Epoch 220, Train Loss: 0.29994314908981323, Test Loss: 0.914208248257637, Inverse Test Loss: 0.09112920612096786 
2025-01-09 14:53:00,532 INFO: Epoch 221, Train Loss: 0.2982595457184699, Test Loss: 0.9147309511899948, Inverse Test Loss: 0.09106585383415222 
2025-01-09 14:53:00,723 INFO: Epoch 222, Train Loss: 0.2981671162189976, Test Loss: 0.9145556911826134, Inverse Test Loss: 0.09123000502586365 
2025-01-09 14:53:00,918 INFO: Epoch 223, Train Loss: 0.29732741127091067, Test Loss: 0.91858771443367, Inverse Test Loss: 0.09208973497152328 
2025-01-09 14:53:01,097 INFO: Epoch 224, Train Loss: 0.29708373162054247, Test Loss: 0.9164968430995941, Inverse Test Loss: 0.0915353074669838 
2025-01-09 14:53:01,286 INFO: Epoch 225, Train Loss: 0.29595971492029005, Test Loss: 0.9184451475739479, Inverse Test Loss: 0.09200052171945572 
2025-01-09 14:53:01,474 INFO: Epoch 226, Train Loss: 0.29563294110759614, Test Loss: 0.9193831607699394, Inverse Test Loss: 0.09171704947948456 
2025-01-09 14:53:01,661 INFO: Epoch 227, Train Loss: 0.2934595971338211, Test Loss: 0.9176430627703667, Inverse Test Loss: 0.09081056714057922 
2025-01-09 14:53:01,842 INFO: Epoch 228, Train Loss: 0.2945680531763261, Test Loss: 0.9227301850914955, Inverse Test Loss: 0.09234553575515747 
2025-01-09 14:53:02,016 INFO: Epoch 229, Train Loss: 0.29354355892827433, Test Loss: 0.9212235659360886, Inverse Test Loss: 0.09110955148935318 
2025-01-09 14:53:02,182 INFO: Epoch 230, Train Loss: 0.2925305664539337, Test Loss: 0.9233110323548317, Inverse Test Loss: 0.09182488173246384 
2025-01-09 14:53:02,366 INFO: Epoch 231, Train Loss: 0.29251346088224844, Test Loss: 0.9216415509581566, Inverse Test Loss: 0.09284689277410507 
2025-01-09 14:53:02,582 INFO: Epoch 232, Train Loss: 0.2908263528539288, Test Loss: 0.9223930239677429, Inverse Test Loss: 0.09141209721565247 
2025-01-09 14:53:02,780 INFO: Epoch 233, Train Loss: 0.29087676636634335, Test Loss: 0.9246306344866753, Inverse Test Loss: 0.09251070767641068 
2025-01-09 14:53:02,970 INFO: Epoch 234, Train Loss: 0.28906136895379714, Test Loss: 0.9234633669257164, Inverse Test Loss: 0.09229017049074173 
2025-01-09 14:53:03,159 INFO: Epoch 235, Train Loss: 0.28899707525007184, Test Loss: 0.9223465695977211, Inverse Test Loss: 0.0919329896569252 
2025-01-09 14:53:03,341 INFO: Epoch 236, Train Loss: 0.2884954358300855, Test Loss: 0.9236779287457466, Inverse Test Loss: 0.09232080727815628 
2025-01-09 14:53:03,515 INFO: Epoch 237, Train Loss: 0.28752983000970656, Test Loss: 0.926938533782959, Inverse Test Loss: 0.09190583974123001 
2025-01-09 14:53:03,686 INFO: Epoch 238, Train Loss: 0.2864015236977608, Test Loss: 0.9269492700695992, Inverse Test Loss: 0.09283500909805298 
2025-01-09 14:53:03,870 INFO: Epoch 239, Train Loss: 0.28523533719201244, Test Loss: 0.9292910471558571, Inverse Test Loss: 0.09300630539655685 
2025-01-09 14:53:04,068 INFO: Epoch 240, Train Loss: 0.2871179921973136, Test Loss: 0.9270211681723595, Inverse Test Loss: 0.0917786955833435 
2025-01-09 14:53:04,246 INFO: Epoch 241, Train Loss: 0.28530542985085516, Test Loss: 0.9290655925869942, Inverse Test Loss: 0.09268943965435028 
2025-01-09 14:53:04,448 INFO: Epoch 242, Train Loss: 0.2869834154844284, Test Loss: 0.9311572834849358, Inverse Test Loss: 0.0940469428896904 
