2025-01-10 13:57:58,756 INFO: namespace(attn_dropout=0.4, categories=[], cluster=3, depth=1, dim=16, ff_dropout=0.4, groups=[54, 54, 54], heads=4, name='AMFormer_KAN_dim16_depth1_heads4_dropout0.4', num_cate=0, num_cont=15, num_special_tokens=1, out=1, out_dim=1, predictor='KAN', prod_num_per_group=[6, 6, 6], qk_relu=False, sum_num_per_group=[32, 16, 8], target_mode='regression', token_descent=False, use_cls_token=True, use_prod=True, use_sigmoid=True) 
2025-01-10 13:57:58,757 INFO: Dataset:Bike 
2025-01-10 13:57:58,757 INFO: ------Begin Training Model------ 
2025-01-10 13:58:03,837 INFO: Epoch 1, Train Loss: 0.9135738862763851, Test Loss: 0.7940977896962848, Inverse Test Loss: 5.3902435302734375 
2025-01-10 13:58:05,245 INFO: Epoch 2, Train Loss: 0.8177161604986278, Test Loss: 0.7824112815516335, Inverse Test Loss: 5.073204040527344 
2025-01-10 13:58:06,845 INFO: Epoch 3, Train Loss: 0.8107500349709748, Test Loss: 0.7779408501727241, Inverse Test Loss: 4.813956669398716 
2025-01-10 13:58:08,578 INFO: Epoch 4, Train Loss: 0.8058882536144432, Test Loss: 0.7778546299253192, Inverse Test Loss: 4.830269949776786 
2025-01-10 13:58:10,277 INFO: Epoch 5, Train Loss: 0.800697098084546, Test Loss: 0.7740063177687782, Inverse Test Loss: 4.878852299281529 
2025-01-10 13:58:11,864 INFO: Epoch 6, Train Loss: 0.7998322018789589, Test Loss: 0.774167856999806, Inverse Test Loss: 4.650442940848214 
2025-01-10 13:58:13,266 INFO: Epoch 7, Train Loss: 0.8015229510604789, Test Loss: 0.7754042340176446, Inverse Test Loss: 4.531869070870536 
2025-01-10 13:58:14,661 INFO: Epoch 8, Train Loss: 0.7995608427108974, Test Loss: 0.7720491651977811, Inverse Test Loss: 4.630692618233817 
2025-01-10 13:58:16,074 INFO: Epoch 9, Train Loss: 0.79405658562249, Test Loss: 0.7710536505494799, Inverse Test Loss: 4.82452883039202 
2025-01-10 13:58:17,488 INFO: Epoch 10, Train Loss: 0.7945631983083322, Test Loss: 0.7706920270408902, Inverse Test Loss: 4.741116659981864 
2025-01-10 13:58:18,857 INFO: Epoch 11, Train Loss: 0.7951048169661006, Test Loss: 0.7711703202554158, Inverse Test Loss: 4.434120995657785 
2025-01-10 13:58:20,230 INFO: Epoch 12, Train Loss: 0.7933710031553146, Test Loss: 0.7681150436401367, Inverse Test Loss: 4.595772879464286 
2025-01-10 13:58:21,590 INFO: Epoch 13, Train Loss: 0.7919517536775782, Test Loss: 0.7678048780986241, Inverse Test Loss: 4.670282636369977 
2025-01-10 13:58:22,968 INFO: Epoch 14, Train Loss: 0.7919580077906268, Test Loss: 0.7674876408917564, Inverse Test Loss: 4.429435729980469 
2025-01-10 13:58:24,344 INFO: Epoch 15, Train Loss: 0.7909608324733349, Test Loss: 0.7672265406165805, Inverse Test Loss: 4.5638613019670755 
2025-01-10 13:58:25,705 INFO: Epoch 16, Train Loss: 0.7891562630277161, Test Loss: 0.7664478357349124, Inverse Test Loss: 4.702122279575893 
2025-01-10 13:58:27,060 INFO: Epoch 17, Train Loss: 0.7889999184039754, Test Loss: 0.7666915293250766, Inverse Test Loss: 4.373474666050503 
2025-01-10 13:58:28,435 INFO: Epoch 18, Train Loss: 0.7882891237188917, Test Loss: 0.7649299651384354, Inverse Test Loss: 4.653451102120536 
2025-01-10 13:58:29,812 INFO: Epoch 19, Train Loss: 0.7885783435007848, Test Loss: 0.763875492981502, Inverse Test Loss: 4.550486700875418 
2025-01-10 13:58:31,188 INFO: Epoch 20, Train Loss: 0.7891668677330017, Test Loss: 0.7630685759442193, Inverse Test Loss: 4.434004919869559 
2025-01-10 13:58:32,562 INFO: Epoch 21, Train Loss: 0.7876513452704893, Test Loss: 0.7637306558234351, Inverse Test Loss: 4.301494325910296 
2025-01-10 13:58:33,936 INFO: Epoch 22, Train Loss: 0.7854150402436563, Test Loss: 0.7635133862495422, Inverse Test Loss: 4.61534663609096 
2025-01-10 13:58:35,306 INFO: Epoch 23, Train Loss: 0.7864004083729665, Test Loss: 0.7606152700526374, Inverse Test Loss: 4.349392754690988 
2025-01-10 13:58:36,679 INFO: Epoch 24, Train Loss: 0.7857979049376391, Test Loss: 0.759705126285553, Inverse Test Loss: 4.394021170479911 
2025-01-10 13:58:38,055 INFO: Epoch 25, Train Loss: 0.7850551381023652, Test Loss: 0.7596613935061863, Inverse Test Loss: 4.375875473022461 
2025-01-10 13:58:39,448 INFO: Epoch 26, Train Loss: 0.7838379505577437, Test Loss: 0.7592882918460029, Inverse Test Loss: 4.355322429112026 
2025-01-10 13:58:40,821 INFO: Epoch 27, Train Loss: 0.7838510176457396, Test Loss: 0.7583898561341422, Inverse Test Loss: 4.368982042585101 
2025-01-10 13:58:42,192 INFO: Epoch 28, Train Loss: 0.7832883437839123, Test Loss: 0.7614599019289017, Inverse Test Loss: 4.543246677943638 
2025-01-10 13:58:43,581 INFO: Epoch 29, Train Loss: 0.7830364578360811, Test Loss: 0.7566749198096139, Inverse Test Loss: 4.298526763916016 
2025-01-10 13:58:44,963 INFO: Epoch 30, Train Loss: 0.7835682094643969, Test Loss: 0.7582957467862538, Inverse Test Loss: 4.212195532662528 
2025-01-10 13:58:46,349 INFO: Epoch 31, Train Loss: 0.7817146674208685, Test Loss: 0.757790703858648, Inverse Test Loss: 4.23582649230957 
2025-01-10 13:58:47,741 INFO: Epoch 32, Train Loss: 0.7804017012272406, Test Loss: 0.7573257088661194, Inverse Test Loss: 4.350528717041016 
2025-01-10 13:58:49,129 INFO: Epoch 33, Train Loss: 0.7814598690479173, Test Loss: 0.7578675661768232, Inverse Test Loss: 4.420869827270508 
2025-01-10 13:58:50,526 INFO: Epoch 34, Train Loss: 0.7816693454707434, Test Loss: 0.7551990236554827, Inverse Test Loss: 4.2125862666538785 
2025-01-10 13:58:51,892 INFO: Epoch 35, Train Loss: 0.7823590029270278, Test Loss: 0.7554415762424469, Inverse Test Loss: 4.296260288783482 
2025-01-10 13:58:53,291 INFO: Epoch 36, Train Loss: 0.7798783779144287, Test Loss: 0.7545845402138573, Inverse Test Loss: 4.315243312290737 
2025-01-10 13:58:54,672 INFO: Epoch 37, Train Loss: 0.780623171307625, Test Loss: 0.755335597055299, Inverse Test Loss: 4.298683983939035 
2025-01-10 13:58:56,035 INFO: Epoch 38, Train Loss: 0.779466355065687, Test Loss: 0.7535048105887004, Inverse Test Loss: 4.2166306631905695 
2025-01-10 13:58:57,419 INFO: Epoch 39, Train Loss: 0.7791754001871162, Test Loss: 0.7530700479234967, Inverse Test Loss: 4.208971568516323 
2025-01-10 13:58:58,788 INFO: Epoch 40, Train Loss: 0.7787415275879956, Test Loss: 0.7530892257179532, Inverse Test Loss: 4.169482367379325 
2025-01-10 13:59:00,178 INFO: Epoch 41, Train Loss: 0.7789318938867762, Test Loss: 0.7525871353490012, Inverse Test Loss: 4.174415588378906 
2025-01-10 13:59:01,554 INFO: Epoch 42, Train Loss: 0.7795585656384809, Test Loss: 0.7548576018639973, Inverse Test Loss: 4.213780811854771 
2025-01-10 13:59:02,924 INFO: Epoch 43, Train Loss: 0.7778119133153093, Test Loss: 0.7525040677615574, Inverse Test Loss: 4.090536117553711 
2025-01-10 13:59:04,303 INFO: Epoch 44, Train Loss: 0.7763156333100905, Test Loss: 0.7527974545955658, Inverse Test Loss: 4.119486945016043 
2025-01-10 13:59:05,682 INFO: Epoch 45, Train Loss: 0.7749318207075836, Test Loss: 0.7552424818277359, Inverse Test Loss: 4.10608891078404 
2025-01-10 13:59:07,063 INFO: Epoch 46, Train Loss: 0.7778210907901099, Test Loss: 0.7531813191516059, Inverse Test Loss: 4.016254970005581 
2025-01-10 13:59:08,446 INFO: Epoch 47, Train Loss: 0.7753279630197297, Test Loss: 0.7511534435408456, Inverse Test Loss: 4.153039659772601 
2025-01-10 13:59:09,849 INFO: Epoch 48, Train Loss: 0.7752075282805556, Test Loss: 0.7504736653396061, Inverse Test Loss: 4.029742104666574 
2025-01-10 13:59:11,217 INFO: Epoch 49, Train Loss: 0.7752950453976972, Test Loss: 0.7500416913202831, Inverse Test Loss: 4.090876170567104 
2025-01-10 13:59:12,606 INFO: Epoch 50, Train Loss: 0.7725684260009625, Test Loss: 0.7493920943566731, Inverse Test Loss: 4.002970014299665 
2025-01-10 13:59:13,985 INFO: Epoch 51, Train Loss: 0.7737509624673686, Test Loss: 0.7502873816660472, Inverse Test Loss: 3.9317289079938615 
2025-01-10 13:59:15,361 INFO: Epoch 52, Train Loss: 0.7763250803728716, Test Loss: 0.7502507035221372, Inverse Test Loss: 3.9803153446742465 
2025-01-10 13:59:16,736 INFO: Epoch 53, Train Loss: 0.7743082724579977, Test Loss: 0.7480826164994921, Inverse Test Loss: 3.9562830243791853 
2025-01-10 13:59:18,126 INFO: Epoch 54, Train Loss: 0.7755540150021194, Test Loss: 0.747686464871679, Inverse Test Loss: 3.9078061240059987 
2025-01-10 13:59:19,503 INFO: Epoch 55, Train Loss: 0.7714488260242918, Test Loss: 0.7477015469755445, Inverse Test Loss: 4.095588956560407 
2025-01-10 13:59:20,896 INFO: Epoch 56, Train Loss: 0.7715526698926173, Test Loss: 0.7456081296716418, Inverse Test Loss: 3.9463699885777066 
2025-01-10 13:59:22,293 INFO: Epoch 57, Train Loss: 0.7721246355170504, Test Loss: 0.744254931807518, Inverse Test Loss: 3.879827226911272 
2025-01-10 13:59:23,817 INFO: Epoch 58, Train Loss: 0.7739500644010141, Test Loss: 0.7446863204240799, Inverse Test Loss: 3.9509675162179128 
2025-01-10 13:59:25,345 INFO: Epoch 59, Train Loss: 0.7704406178325688, Test Loss: 0.7460251003503799, Inverse Test Loss: 4.021592548915318 
2025-01-10 13:59:26,769 INFO: Epoch 60, Train Loss: 0.770291308744238, Test Loss: 0.7426789807421821, Inverse Test Loss: 3.837459019252232 
2025-01-10 13:59:28,172 INFO: Epoch 61, Train Loss: 0.7695968019852945, Test Loss: 0.7434787920543126, Inverse Test Loss: 3.8025910513741628 
2025-01-10 13:59:29,612 INFO: Epoch 62, Train Loss: 0.7694482004970585, Test Loss: 0.7426160786833081, Inverse Test Loss: 3.8419197627476285 
2025-01-10 13:59:31,082 INFO: Epoch 63, Train Loss: 0.7681249691805708, Test Loss: 0.7419113580669675, Inverse Test Loss: 3.785803658621652 
2025-01-10 13:59:32,456 INFO: Epoch 64, Train Loss: 0.7667697487621132, Test Loss: 0.7406511115176337, Inverse Test Loss: 3.785060065133231 
2025-01-10 13:59:33,845 INFO: Epoch 65, Train Loss: 0.7685063568823928, Test Loss: 0.7408703480448041, Inverse Test Loss: 3.7963499341692244 
2025-01-10 13:59:35,223 INFO: Epoch 66, Train Loss: 0.7671214210877725, Test Loss: 0.7393329696995872, Inverse Test Loss: 3.746401923043387 
2025-01-10 13:59:36,591 INFO: Epoch 67, Train Loss: 0.7670126606565003, Test Loss: 0.7383645474910736, Inverse Test Loss: 3.732101167951311 
2025-01-10 13:59:37,969 INFO: Epoch 68, Train Loss: 0.767506307965025, Test Loss: 0.7382851008857999, Inverse Test Loss: 3.806891850062779 
2025-01-10 13:59:39,344 INFO: Epoch 69, Train Loss: 0.7667827382000214, Test Loss: 0.7395990639925003, Inverse Test Loss: 3.6778172084263394 
2025-01-10 13:59:40,745 INFO: Epoch 70, Train Loss: 0.764253057471109, Test Loss: 0.737428292632103, Inverse Test Loss: 3.728717258998326 
2025-01-10 13:59:42,137 INFO: Epoch 71, Train Loss: 0.7657881056496857, Test Loss: 0.7361980527639389, Inverse Test Loss: 3.771225248064314 
2025-01-10 13:59:43,527 INFO: Epoch 72, Train Loss: 0.7651221467814314, Test Loss: 0.7371009290218353, Inverse Test Loss: 3.8695825849260603 
2025-01-10 13:59:44,906 INFO: Epoch 73, Train Loss: 0.7661423185549745, Test Loss: 0.7385721398251397, Inverse Test Loss: 3.881429672241211 
2025-01-10 13:59:46,284 INFO: Epoch 74, Train Loss: 0.7619661448198721, Test Loss: 0.7361606444631305, Inverse Test Loss: 3.7761034284319197 
2025-01-10 13:59:47,676 INFO: Epoch 75, Train Loss: 0.7659241764917286, Test Loss: 0.7349119463137218, Inverse Test Loss: 3.7277014596121654 
2025-01-10 13:59:49,095 INFO: Epoch 76, Train Loss: 0.7647610120817062, Test Loss: 0.7349407630307334, Inverse Test Loss: 3.7310101645333424 
2025-01-10 13:59:50,569 INFO: Epoch 77, Train Loss: 0.762537800390786, Test Loss: 0.7346172098602567, Inverse Test Loss: 3.8438546316964284 
2025-01-10 13:59:52,099 INFO: Epoch 78, Train Loss: 0.7632170603909624, Test Loss: 0.7350805657250541, Inverse Test Loss: 3.7419850485665456 
2025-01-10 13:59:53,521 INFO: Epoch 79, Train Loss: 0.7628511578664867, Test Loss: 0.735094713313239, Inverse Test Loss: 3.8673703329903737 
2025-01-10 13:59:55,100 INFO: Epoch 80, Train Loss: 0.7640792388434804, Test Loss: 0.7353202828339168, Inverse Test Loss: 3.801464625767299 
2025-01-10 13:59:56,706 INFO: Epoch 81, Train Loss: 0.7608802717760068, Test Loss: 0.7342667409351894, Inverse Test Loss: 3.78994996207101 
2025-01-10 13:59:58,215 INFO: Epoch 82, Train Loss: 0.762052482421245, Test Loss: 0.7341211161443165, Inverse Test Loss: 3.7877584184919084 
2025-01-10 13:59:59,915 INFO: Epoch 83, Train Loss: 0.7607683637820253, Test Loss: 0.7334338000842503, Inverse Test Loss: 3.790297644478934 
2025-01-10 14:00:01,733 INFO: Epoch 84, Train Loss: 0.7613982809792965, Test Loss: 0.7336926140955516, Inverse Test Loss: 3.8080621446881975 
2025-01-10 14:00:03,371 INFO: Epoch 85, Train Loss: 0.7609316296533707, Test Loss: 0.7320533075502941, Inverse Test Loss: 3.8185435703822543 
2025-01-10 14:00:05,126 INFO: Epoch 86, Train Loss: 0.7626432049165078, Test Loss: 0.7328948974609375, Inverse Test Loss: 3.8023147583007812 
2025-01-10 14:00:06,941 INFO: Epoch 87, Train Loss: 0.7603812348951987, Test Loss: 0.7324992141553334, Inverse Test Loss: 3.8822593688964844 
2025-01-10 14:00:08,401 INFO: Epoch 88, Train Loss: 0.7591425169498549, Test Loss: 0.7324664166995457, Inverse Test Loss: 3.7871477944510326 
2025-01-10 14:00:10,070 INFO: Epoch 89, Train Loss: 0.7611057244309591, Test Loss: 0.7321433978421348, Inverse Test Loss: 3.803774969918387 
2025-01-10 14:00:11,798 INFO: Epoch 90, Train Loss: 0.761596904435289, Test Loss: 0.7320250166313989, Inverse Test Loss: 3.8131395067487444 
2025-01-10 14:00:13,376 INFO: Epoch 91, Train Loss: 0.7580935807403074, Test Loss: 0.7320529541799, Inverse Test Loss: 3.8507412501743863 
2025-01-10 14:00:14,814 INFO: Epoch 92, Train Loss: 0.757790911088296, Test Loss: 0.7323517607791084, Inverse Test Loss: 3.8464467184884206 
2025-01-10 14:00:16,327 INFO: Epoch 93, Train Loss: 0.7599240683634346, Test Loss: 0.7315963464123862, Inverse Test Loss: 3.7938011714390347 
2025-01-10 14:00:17,978 INFO: Epoch 94, Train Loss: 0.7566127591176864, Test Loss: 0.7315943134682519, Inverse Test Loss: 3.8568665640694753 
2025-01-10 14:00:19,549 INFO: Epoch 95, Train Loss: 0.7609310904774097, Test Loss: 0.730982495205743, Inverse Test Loss: 3.7970049721854076 
2025-01-10 14:00:21,155 INFO: Epoch 96, Train Loss: 0.7578731824498658, Test Loss: 0.7309542596340179, Inverse Test Loss: 3.7929660252162387 
2025-01-10 14:00:22,846 INFO: Epoch 97, Train Loss: 0.759001134185616, Test Loss: 0.7314690287624087, Inverse Test Loss: 3.856905255998884 
2025-01-10 14:00:24,479 INFO: Epoch 98, Train Loss: 0.7607869347301098, Test Loss: 0.7314594686031342, Inverse Test Loss: 3.858736038208008 
2025-01-10 14:00:26,142 INFO: Epoch 99, Train Loss: 0.7595628100797671, Test Loss: 0.7310020732028144, Inverse Test Loss: 3.812208720615932 
2025-01-10 14:00:27,761 INFO: Epoch 100, Train Loss: 0.7593373842195633, Test Loss: 0.7311471956116813, Inverse Test Loss: 3.8414489201136996 
2025-01-10 14:00:27,761 INFO: Best Epoch 96, Best Test Loss: 0.7309542596340179 
2025-01-10 14:00:29,394 INFO: Epoch 101, Train Loss: 0.7583362536692838, Test Loss: 0.7312640611614499, Inverse Test Loss: 3.848818915230887 
2025-01-10 14:00:30,931 INFO: Epoch 102, Train Loss: 0.7597683214266365, Test Loss: 0.7311841973236629, Inverse Test Loss: 3.8990374973842075 
2025-01-10 14:00:32,577 INFO: Epoch 103, Train Loss: 0.7580821907848393, Test Loss: 0.7308568166834968, Inverse Test Loss: 3.876189640590123 
2025-01-10 14:00:34,282 INFO: Epoch 104, Train Loss: 0.7578218109017119, Test Loss: 0.7305397433894021, Inverse Test Loss: 3.8584254128592357 
2025-01-10 14:00:35,768 INFO: Epoch 105, Train Loss: 0.7570458426388031, Test Loss: 0.7304351436240333, Inverse Test Loss: 3.846267427716936 
2025-01-10 14:00:37,280 INFO: Epoch 106, Train Loss: 0.7590873279702772, Test Loss: 0.7302297162158149, Inverse Test Loss: 3.8472537994384766 
2025-01-10 14:00:38,875 INFO: Epoch 107, Train Loss: 0.7579812970730143, Test Loss: 0.7301563514130456, Inverse Test Loss: 3.845289502825056 
2025-01-10 14:00:40,558 INFO: Epoch 108, Train Loss: 0.7574865118079229, Test Loss: 0.7302016424281257, Inverse Test Loss: 3.8225675310407365 
2025-01-10 14:00:42,250 INFO: Epoch 109, Train Loss: 0.7589915170582062, Test Loss: 0.73025695340974, Inverse Test Loss: 3.8261375427246094 
2025-01-10 14:00:43,928 INFO: Epoch 110, Train Loss: 0.7560429354326441, Test Loss: 0.7303233870438167, Inverse Test Loss: 3.8053392682756697 
2025-01-10 14:00:45,325 INFO: Epoch 111, Train Loss: 0.7591885683733389, Test Loss: 0.7301226300852639, Inverse Test Loss: 3.8493224552699496 
2025-01-10 14:00:46,702 INFO: Epoch 112, Train Loss: 0.7549634018075575, Test Loss: 0.7298522250992912, Inverse Test Loss: 3.829115731375558 
2025-01-10 14:00:48,086 INFO: Epoch 113, Train Loss: 0.7555539815797718, Test Loss: 0.729376990880285, Inverse Test Loss: 3.8157261439732144 
2025-01-10 14:00:49,473 INFO: Epoch 114, Train Loss: 0.7575982748915296, Test Loss: 0.7291135298354285, Inverse Test Loss: 3.791628428867885 
2025-01-10 14:00:50,859 INFO: Epoch 115, Train Loss: 0.7574810582563418, Test Loss: 0.7293592989444733, Inverse Test Loss: 3.825775146484375 
2025-01-10 14:00:52,268 INFO: Epoch 116, Train Loss: 0.756986699519901, Test Loss: 0.7293675712176731, Inverse Test Loss: 3.839292526245117 
2025-01-10 14:00:53,656 INFO: Epoch 117, Train Loss: 0.757921484085398, Test Loss: 0.7296316559825625, Inverse Test Loss: 3.8561014447893416 
2025-01-10 14:00:55,072 INFO: Epoch 118, Train Loss: 0.7572009902481639, Test Loss: 0.7300304046698979, Inverse Test Loss: 3.8663231985909596 
2025-01-10 14:00:56,457 INFO: Epoch 119, Train Loss: 0.7572046119138736, Test Loss: 0.729891721691404, Inverse Test Loss: 3.870601109095982 
2025-01-10 14:00:57,833 INFO: Epoch 120, Train Loss: 0.7567870808303903, Test Loss: 0.7296707183122635, Inverse Test Loss: 3.875208990914481 
2025-01-10 14:00:59,241 INFO: Epoch 121, Train Loss: 0.755228433040304, Test Loss: 0.7295041850634983, Inverse Test Loss: 3.8729525974818637 
2025-01-10 14:01:00,626 INFO: Epoch 122, Train Loss: 0.7590206604485118, Test Loss: 0.7293762394360134, Inverse Test Loss: 3.873265947614397 
2025-01-10 14:01:02,013 INFO: Epoch 123, Train Loss: 0.7563099248693623, Test Loss: 0.7292898233447757, Inverse Test Loss: 3.8579600197928294 
2025-01-10 14:01:03,403 INFO: Epoch 124, Train Loss: 0.7557346782553087, Test Loss: 0.7290487438440323, Inverse Test Loss: 3.831241880144392 
2025-01-10 14:01:04,793 INFO: Epoch 125, Train Loss: 0.7575040962717948, Test Loss: 0.7289419408355441, Inverse Test Loss: 3.835108893258231 
2025-01-10 14:01:06,199 INFO: Epoch 126, Train Loss: 0.7556525725837148, Test Loss: 0.7287963735205787, Inverse Test Loss: 3.819622039794922 
2025-01-10 14:01:07,615 INFO: Epoch 127, Train Loss: 0.7560948149873576, Test Loss: 0.7296414375305176, Inverse Test Loss: 3.862451825823103 
2025-01-10 14:01:09,077 INFO: Epoch 128, Train Loss: 0.7559678210031002, Test Loss: 0.7286340871027538, Inverse Test Loss: 3.8198234013148715 
2025-01-10 14:01:10,615 INFO: Epoch 129, Train Loss: 0.7568925865199587, Test Loss: 0.7286637191261564, Inverse Test Loss: 3.8236781529017856 
2025-01-10 14:01:12,092 INFO: Epoch 130, Train Loss: 0.7550748247619069, Test Loss: 0.7280526161193848, Inverse Test Loss: 3.8017700740269254 
2025-01-10 14:01:13,507 INFO: Epoch 131, Train Loss: 0.7555964304766524, Test Loss: 0.7286837335143771, Inverse Test Loss: 3.8404652731759206 
2025-01-10 14:01:14,951 INFO: Epoch 132, Train Loss: 0.7527917853189171, Test Loss: 0.7288133608443397, Inverse Test Loss: 3.8510409763881137 
2025-01-10 14:01:16,369 INFO: Epoch 133, Train Loss: 0.7554668614623743, Test Loss: 0.7287120946816036, Inverse Test Loss: 3.848097937447684 
2025-01-10 14:01:17,951 INFO: Epoch 134, Train Loss: 0.7558802169397336, Test Loss: 0.7286339615072522, Inverse Test Loss: 3.8524167197091237 
2025-01-10 14:01:19,627 INFO: Epoch 135, Train Loss: 0.7556296012817173, Test Loss: 0.7281952308756965, Inverse Test Loss: 3.858293260846819 
2025-01-10 14:01:21,301 INFO: Epoch 136, Train Loss: 0.7556033785190057, Test Loss: 0.7280155633177076, Inverse Test Loss: 3.8484344482421875 
2025-01-10 14:01:23,038 INFO: Epoch 137, Train Loss: 0.7551779358758839, Test Loss: 0.7284169495105743, Inverse Test Loss: 3.887181418282645 
2025-01-10 14:01:24,606 INFO: Epoch 138, Train Loss: 0.7568071861879542, Test Loss: 0.7289609334298542, Inverse Test Loss: 3.921401160103934 
2025-01-10 14:01:26,155 INFO: Epoch 139, Train Loss: 0.756053525920308, Test Loss: 0.7284636923245021, Inverse Test Loss: 3.8877432686941966 
2025-01-10 14:01:27,591 INFO: Epoch 140, Train Loss: 0.7558351941064957, Test Loss: 0.7282784091574805, Inverse Test Loss: 3.8514491489955356 
2025-01-10 14:01:29,039 INFO: Epoch 141, Train Loss: 0.7559669176372913, Test Loss: 0.7277758355651583, Inverse Test Loss: 3.821883882795061 
2025-01-10 14:01:30,570 INFO: Epoch 142, Train Loss: 0.7549369805449739, Test Loss: 0.7280010517154422, Inverse Test Loss: 3.8643084934779575 
2025-01-10 14:01:32,063 INFO: Epoch 143, Train Loss: 0.7546712756156921, Test Loss: 0.728338931288038, Inverse Test Loss: 3.862707955496652 
2025-01-10 14:01:33,593 INFO: Epoch 144, Train Loss: 0.7551351430219247, Test Loss: 0.7279098693813596, Inverse Test Loss: 3.850581577845982 
2025-01-10 14:01:35,357 INFO: Epoch 145, Train Loss: 0.7547760791734818, Test Loss: 0.7278662068503243, Inverse Test Loss: 3.8539014543805803 
2025-01-10 14:01:37,166 INFO: Epoch 146, Train Loss: 0.7553496803712407, Test Loss: 0.7280264667102269, Inverse Test Loss: 3.8554739270891463 
2025-01-10 14:01:38,918 INFO: Epoch 147, Train Loss: 0.7568759125307065, Test Loss: 0.7270892901079995, Inverse Test Loss: 3.814593178885324 
2025-01-10 14:01:40,554 INFO: Epoch 148, Train Loss: 0.7529193693344746, Test Loss: 0.7274720221757889, Inverse Test Loss: 3.8165700095040456 
2025-01-10 14:01:42,324 INFO: Epoch 149, Train Loss: 0.7559100116064789, Test Loss: 0.7273478784731456, Inverse Test Loss: 3.8204784393310547 
2025-01-10 14:01:44,115 INFO: Epoch 150, Train Loss: 0.755125448791259, Test Loss: 0.7273210329668862, Inverse Test Loss: 3.820927483694894 
2025-01-10 14:01:45,587 INFO: Epoch 151, Train Loss: 0.7522640884469408, Test Loss: 0.727525708930833, Inverse Test Loss: 3.8524551391601562 
