2025-01-09 14:51:19,898 INFO: namespace(depth=2, grid_size=5, name='KAN', spline_order=1) 
2025-01-09 14:51:19,898 INFO: Dataset:winequality 
2025-01-09 14:51:19,898 INFO: ------Begin Training Model------ 
2025-01-09 14:51:21,903 INFO: Epoch 1, Train Loss: 0.9480355881875561, Test Loss: 0.9053825587034225, Inverse Test Loss: 0.0829412192106247 
2025-01-09 14:51:22,019 INFO: Epoch 2, Train Loss: 0.910283290570782, Test Loss: 0.8733463957905769, Inverse Test Loss: 0.08076639473438263 
2025-01-09 14:51:22,131 INFO: Epoch 3, Train Loss: 0.878234492194268, Test Loss: 0.8481996580958366, Inverse Test Loss: 0.07915341854095459 
2025-01-09 14:51:22,249 INFO: Epoch 4, Train Loss: 0.8500916650218349, Test Loss: 0.8314759805798531, Inverse Test Loss: 0.07801322638988495 
2025-01-09 14:51:22,361 INFO: Epoch 5, Train Loss: 0.8332221354207685, Test Loss: 0.8247683793306351, Inverse Test Loss: 0.07736555486917496 
2025-01-09 14:51:22,471 INFO: Epoch 6, Train Loss: 0.8194982794023329, Test Loss: 0.8213270530104637, Inverse Test Loss: 0.0769462063908577 
2025-01-09 14:51:22,587 INFO: Epoch 7, Train Loss: 0.8127044631588843, Test Loss: 0.8174842447042465, Inverse Test Loss: 0.0761876255273819 
2025-01-09 14:51:22,699 INFO: Epoch 8, Train Loss: 0.8060189908550631, Test Loss: 0.814080260694027, Inverse Test Loss: 0.07580110430717468 
2025-01-09 14:51:22,811 INFO: Epoch 9, Train Loss: 0.7991544200528052, Test Loss: 0.8095285817980766, Inverse Test Loss: 0.07556113600730896 
2025-01-09 14:51:22,924 INFO: Epoch 10, Train Loss: 0.795067717952113, Test Loss: 0.8078077733516693, Inverse Test Loss: 0.07496092468500137 
2025-01-09 14:51:23,037 INFO: Epoch 11, Train Loss: 0.7879704140847729, Test Loss: 0.8050140291452408, Inverse Test Loss: 0.07454303652048111 
2025-01-09 14:51:23,151 INFO: Epoch 12, Train Loss: 0.7829767446364125, Test Loss: 0.8016260340809822, Inverse Test Loss: 0.07416769117116928 
2025-01-09 14:51:23,264 INFO: Epoch 13, Train Loss: 0.777011961706223, Test Loss: 0.798765555024147, Inverse Test Loss: 0.07362321764230728 
2025-01-09 14:51:23,375 INFO: Epoch 14, Train Loss: 0.7710142116392812, Test Loss: 0.7954557240009308, Inverse Test Loss: 0.07325688004493713 
2025-01-09 14:51:23,487 INFO: Epoch 15, Train Loss: 0.763703086683827, Test Loss: 0.7936137542128563, Inverse Test Loss: 0.07282382994890213 
2025-01-09 14:51:23,603 INFO: Epoch 16, Train Loss: 0.7564258479302929, Test Loss: 0.7919024601578712, Inverse Test Loss: 0.07231636345386505 
2025-01-09 14:51:23,718 INFO: Epoch 17, Train Loss: 0.7530829752645185, Test Loss: 0.7893485352396965, Inverse Test Loss: 0.07231554388999939 
2025-01-09 14:51:23,828 INFO: Epoch 18, Train Loss: 0.7463562796192784, Test Loss: 0.786921814084053, Inverse Test Loss: 0.07199190557003021 
2025-01-09 14:51:23,940 INFO: Epoch 19, Train Loss: 0.7379383521695291, Test Loss: 0.7866223528981209, Inverse Test Loss: 0.07154382020235062 
2025-01-09 14:51:24,051 INFO: Epoch 20, Train Loss: 0.7328837475469036, Test Loss: 0.786266416311264, Inverse Test Loss: 0.07140524685382843 
2025-01-09 14:51:24,162 INFO: Epoch 21, Train Loss: 0.726073807285678, Test Loss: 0.7856423705816269, Inverse Test Loss: 0.07156870514154434 
2025-01-09 14:51:24,274 INFO: Epoch 22, Train Loss: 0.7207352365216901, Test Loss: 0.7831434607505798, Inverse Test Loss: 0.07078702002763748 
2025-01-09 14:51:24,389 INFO: Epoch 23, Train Loss: 0.7146675971246534, Test Loss: 0.7837095111608505, Inverse Test Loss: 0.0710931122303009 
2025-01-09 14:51:24,510 INFO: Epoch 24, Train Loss: 0.7049489771166155, Test Loss: 0.7822769209742546, Inverse Test Loss: 0.07121485471725464 
2025-01-09 14:51:24,623 INFO: Epoch 25, Train Loss: 0.699165117356085, Test Loss: 0.7821188867092133, Inverse Test Loss: 0.07070780545473099 
2025-01-09 14:51:24,737 INFO: Epoch 26, Train Loss: 0.6951953191911021, Test Loss: 0.7814725115895271, Inverse Test Loss: 0.07115062326192856 
2025-01-09 14:51:24,849 INFO: Epoch 27, Train Loss: 0.6884529744425127, Test Loss: 0.7804428413510323, Inverse Test Loss: 0.07065548002719879 
2025-01-09 14:51:24,965 INFO: Epoch 28, Train Loss: 0.6784463255636154, Test Loss: 0.7799958735704422, Inverse Test Loss: 0.07002239674329758 
2025-01-09 14:51:25,078 INFO: Epoch 29, Train Loss: 0.6726752865699029, Test Loss: 0.7798948287963867, Inverse Test Loss: 0.06977012008428574 
2025-01-09 14:51:25,188 INFO: Epoch 30, Train Loss: 0.6681510094673403, Test Loss: 0.7792781889438629, Inverse Test Loss: 0.0690850168466568 
2025-01-09 14:51:25,309 INFO: Epoch 31, Train Loss: 0.6584918402856396, Test Loss: 0.7799971774220467, Inverse Test Loss: 0.0700250118970871 
2025-01-09 14:51:25,423 INFO: Epoch 32, Train Loss: 0.6557615034041866, Test Loss: 0.7809799388051033, Inverse Test Loss: 0.0698506310582161 
2025-01-09 14:51:25,541 INFO: Epoch 33, Train Loss: 0.647749993108934, Test Loss: 0.7817734107375145, Inverse Test Loss: 0.07004687935113907 
2025-01-09 14:51:25,655 INFO: Epoch 34, Train Loss: 0.6412479473698524, Test Loss: 0.7812863066792488, Inverse Test Loss: 0.06979119777679443 
2025-01-09 14:51:25,768 INFO: Epoch 35, Train Loss: 0.6326706005680945, Test Loss: 0.7824684828519821, Inverse Test Loss: 0.07018869370222092 
2025-01-09 14:51:25,878 INFO: Epoch 36, Train Loss: 0.6291282080834911, Test Loss: 0.785336010158062, Inverse Test Loss: 0.07058093696832657 
2025-01-09 14:51:25,993 INFO: Epoch 37, Train Loss: 0.623953152087427, Test Loss: 0.7870828285813332, Inverse Test Loss: 0.07119524478912354 
2025-01-09 14:51:26,105 INFO: Epoch 38, Train Loss: 0.6161649611688429, Test Loss: 0.789837546646595, Inverse Test Loss: 0.06954795122146606 
2025-01-09 14:51:26,219 INFO: Epoch 39, Train Loss: 0.6119504186414904, Test Loss: 0.7901618555188179, Inverse Test Loss: 0.07079528272151947 
2025-01-09 14:51:26,329 INFO: Epoch 40, Train Loss: 0.60530036880124, Test Loss: 0.7939198613166809, Inverse Test Loss: 0.07097094506025314 
2025-01-09 14:51:26,436 INFO: Epoch 41, Train Loss: 0.600484840331539, Test Loss: 0.7943658977746964, Inverse Test Loss: 0.07080599665641785 
2025-01-09 14:51:26,545 INFO: Epoch 42, Train Loss: 0.5955769410056453, Test Loss: 0.7989170178771019, Inverse Test Loss: 0.07133767753839493 
2025-01-09 14:51:26,655 INFO: Epoch 43, Train Loss: 0.5926063849079993, Test Loss: 0.7988990172743797, Inverse Test Loss: 0.0712546780705452 
2025-01-09 14:51:26,766 INFO: Epoch 44, Train Loss: 0.5867865566284426, Test Loss: 0.8032676056027412, Inverse Test Loss: 0.07250319421291351 
2025-01-09 14:51:26,877 INFO: Epoch 45, Train Loss: 0.5805607236200764, Test Loss: 0.8058265075087547, Inverse Test Loss: 0.07213988155126572 
2025-01-09 14:51:26,992 INFO: Epoch 46, Train Loss: 0.5773096267254122, Test Loss: 0.8063869327306747, Inverse Test Loss: 0.07162591814994812 
2025-01-09 14:51:27,108 INFO: Epoch 47, Train Loss: 0.5737974316843094, Test Loss: 0.8083032444119453, Inverse Test Loss: 0.07302702218294144 
2025-01-09 14:51:27,219 INFO: Epoch 48, Train Loss: 0.5703721382925587, Test Loss: 0.8118924722075462, Inverse Test Loss: 0.07293064147233963 
2025-01-09 14:51:27,330 INFO: Epoch 49, Train Loss: 0.5657420081477011, Test Loss: 0.8134287595748901, Inverse Test Loss: 0.0734582468867302 
2025-01-09 14:51:27,440 INFO: Epoch 50, Train Loss: 0.5603200187606197, Test Loss: 0.8192280605435371, Inverse Test Loss: 0.07488485425710678 
2025-01-09 14:51:27,551 INFO: Epoch 51, Train Loss: 0.5585955487143609, Test Loss: 0.8199376314878464, Inverse Test Loss: 0.07391442358493805 
2025-01-09 14:51:27,660 INFO: Epoch 52, Train Loss: 0.5556916209959215, Test Loss: 0.8222790360450745, Inverse Test Loss: 0.07423944771289825 
2025-01-09 14:51:27,772 INFO: Epoch 53, Train Loss: 0.5505948220529864, Test Loss: 0.8271378949284554, Inverse Test Loss: 0.07461339980363846 
2025-01-09 14:51:27,883 INFO: Epoch 54, Train Loss: 0.5471080906929509, Test Loss: 0.8276044800877571, Inverse Test Loss: 0.07489348202943802 
2025-01-09 14:51:27,996 INFO: Epoch 55, Train Loss: 0.5413423718944672, Test Loss: 0.8283659070730209, Inverse Test Loss: 0.07398438453674316 
2025-01-09 14:51:28,110 INFO: Epoch 56, Train Loss: 0.5383990089739522, Test Loss: 0.8312650918960571, Inverse Test Loss: 0.07441364973783493 
2025-01-09 14:51:28,224 INFO: Epoch 57, Train Loss: 0.5343171502313306, Test Loss: 0.8299759179353714, Inverse Test Loss: 0.07418130338191986 
2025-01-09 14:51:28,336 INFO: Epoch 58, Train Loss: 0.5337196338561273, Test Loss: 0.830827958881855, Inverse Test Loss: 0.07485932856798172 
2025-01-09 14:51:28,447 INFO: Epoch 59, Train Loss: 0.5313070954815033, Test Loss: 0.8368457928299904, Inverse Test Loss: 0.07500308007001877 
2025-01-09 14:51:28,560 INFO: Epoch 60, Train Loss: 0.5262278222268627, Test Loss: 0.8347559571266174, Inverse Test Loss: 0.07487690448760986 
2025-01-09 14:51:28,675 INFO: Epoch 61, Train Loss: 0.5251703800693635, Test Loss: 0.8375350758433342, Inverse Test Loss: 0.07436344772577286 
2025-01-09 14:51:28,790 INFO: Epoch 62, Train Loss: 0.5209724451265028, Test Loss: 0.8378093391656876, Inverse Test Loss: 0.07411107420921326 
2025-01-09 14:51:28,910 INFO: Epoch 63, Train Loss: 0.5178499654416115, Test Loss: 0.8391371518373489, Inverse Test Loss: 0.07459002733230591 
2025-01-09 14:51:29,029 INFO: Epoch 64, Train Loss: 0.5150822170319096, Test Loss: 0.8382014259696007, Inverse Test Loss: 0.07417291402816772 
2025-01-09 14:51:29,149 INFO: Epoch 65, Train Loss: 0.5135685330437075, Test Loss: 0.839415468275547, Inverse Test Loss: 0.07440414279699326 
2025-01-09 14:51:29,269 INFO: Epoch 66, Train Loss: 0.511357944819235, Test Loss: 0.8401570245623589, Inverse Test Loss: 0.07489572465419769 
2025-01-09 14:51:29,399 INFO: Epoch 67, Train Loss: 0.5085731196788049, Test Loss: 0.8426842093467712, Inverse Test Loss: 0.07433876395225525 
2025-01-09 14:51:29,538 INFO: Epoch 68, Train Loss: 0.5040059762616311, Test Loss: 0.8414585888385773, Inverse Test Loss: 0.07468467950820923 
2025-01-09 14:51:29,679 INFO: Epoch 69, Train Loss: 0.5004615485668182, Test Loss: 0.8442477360367775, Inverse Test Loss: 0.07502898573875427 
2025-01-09 14:51:29,796 INFO: Epoch 70, Train Loss: 0.4998449173665816, Test Loss: 0.8444449529051781, Inverse Test Loss: 0.07498394697904587 
2025-01-09 14:51:29,911 INFO: Epoch 71, Train Loss: 0.4961622203550031, Test Loss: 0.8454499244689941, Inverse Test Loss: 0.07553555071353912 
2025-01-09 14:51:30,023 INFO: Epoch 72, Train Loss: 0.4941207237782017, Test Loss: 0.8444980829954147, Inverse Test Loss: 0.07501993328332901 
2025-01-09 14:51:30,133 INFO: Epoch 73, Train Loss: 0.491834306909192, Test Loss: 0.8448613435029984, Inverse Test Loss: 0.0755826011300087 
2025-01-09 14:51:30,243 INFO: Epoch 74, Train Loss: 0.48869376124874236, Test Loss: 0.8450371697545052, Inverse Test Loss: 0.07571063190698624 
2025-01-09 14:51:30,356 INFO: Epoch 75, Train Loss: 0.48742842962664945, Test Loss: 0.847277894616127, Inverse Test Loss: 0.07544978708028793 
2025-01-09 14:51:30,476 INFO: Epoch 76, Train Loss: 0.48545065906740004, Test Loss: 0.8474388793110847, Inverse Test Loss: 0.07517889887094498 
2025-01-09 14:51:30,601 INFO: Epoch 77, Train Loss: 0.4840491356388215, Test Loss: 0.8473029509186745, Inverse Test Loss: 0.07590930163860321 
2025-01-09 14:51:30,733 INFO: Epoch 78, Train Loss: 0.48083245658105417, Test Loss: 0.8495692536234856, Inverse Test Loss: 0.07601738721132278 
2025-01-09 14:51:30,864 INFO: Epoch 79, Train Loss: 0.47858953187542574, Test Loss: 0.8484184369444847, Inverse Test Loss: 0.07563336193561554 
2025-01-09 14:51:30,987 INFO: Epoch 80, Train Loss: 0.47579511038718686, Test Loss: 0.8488429263234138, Inverse Test Loss: 0.07620695233345032 
2025-01-09 14:51:31,126 INFO: Epoch 81, Train Loss: 0.4721664228746968, Test Loss: 0.8513779118657112, Inverse Test Loss: 0.07580837607383728 
2025-01-09 14:51:31,247 INFO: Epoch 82, Train Loss: 0.4688810485024606, Test Loss: 0.8522026017308235, Inverse Test Loss: 0.07653077691793442 
2025-01-09 14:51:31,379 INFO: Epoch 83, Train Loss: 0.4703898593302696, Test Loss: 0.852824293076992, Inverse Test Loss: 0.07724709808826447 
2025-01-09 14:51:31,526 INFO: Epoch 84, Train Loss: 0.4665611347844524, Test Loss: 0.8529133796691895, Inverse Test Loss: 0.07631104439496994 
2025-01-09 14:51:31,659 INFO: Epoch 85, Train Loss: 0.46565254176816634, Test Loss: 0.8550239652395248, Inverse Test Loss: 0.07730834931135178 
2025-01-09 14:51:31,788 INFO: Epoch 86, Train Loss: 0.462500681800227, Test Loss: 0.855449341237545, Inverse Test Loss: 0.07643891125917435 
2025-01-09 14:51:31,919 INFO: Epoch 87, Train Loss: 0.4601772475627161, Test Loss: 0.8557213917374611, Inverse Test Loss: 0.07608038187026978 
2025-01-09 14:51:32,048 INFO: Epoch 88, Train Loss: 0.4579910068742691, Test Loss: 0.8573376089334488, Inverse Test Loss: 0.07704682648181915 
2025-01-09 14:51:32,184 INFO: Epoch 89, Train Loss: 0.45545391017390835, Test Loss: 0.8593284636735916, Inverse Test Loss: 0.07779187709093094 
2025-01-09 14:51:32,311 INFO: Epoch 90, Train Loss: 0.4545339749705407, Test Loss: 0.8603939563035965, Inverse Test Loss: 0.07783161848783493 
2025-01-09 14:51:32,443 INFO: Epoch 91, Train Loss: 0.4529051915291817, Test Loss: 0.8629216551780701, Inverse Test Loss: 0.07751110941171646 
2025-01-09 14:51:32,571 INFO: Epoch 92, Train Loss: 0.45185404054580197, Test Loss: 0.862290620803833, Inverse Test Loss: 0.07769922912120819 
2025-01-09 14:51:32,703 INFO: Epoch 93, Train Loss: 0.45045154998379366, Test Loss: 0.8622615709900856, Inverse Test Loss: 0.07706458866596222 
2025-01-09 14:51:32,833 INFO: Epoch 94, Train Loss: 0.44645669479523936, Test Loss: 0.8654239401221275, Inverse Test Loss: 0.07862265408039093 
2025-01-09 14:51:32,965 INFO: Epoch 95, Train Loss: 0.4474850095087482, Test Loss: 0.8649296313524246, Inverse Test Loss: 0.07808943092823029 
2025-01-09 14:51:33,095 INFO: Epoch 96, Train Loss: 0.4449816519214261, Test Loss: 0.8652369901537895, Inverse Test Loss: 0.07831866294145584 
2025-01-09 14:51:33,213 INFO: Epoch 97, Train Loss: 0.4416056602231918, Test Loss: 0.8662761226296425, Inverse Test Loss: 0.07867657393217087 
2025-01-09 14:51:33,325 INFO: Epoch 98, Train Loss: 0.44104315100177643, Test Loss: 0.8657834008336067, Inverse Test Loss: 0.07811503857374191 
2025-01-09 14:51:33,439 INFO: Epoch 99, Train Loss: 0.44126139917681295, Test Loss: 0.868354082107544, Inverse Test Loss: 0.07907926291227341 
2025-01-09 14:51:33,551 INFO: Epoch 100, Train Loss: 0.43821497886411603, Test Loss: 0.8680240139365196, Inverse Test Loss: 0.07809002697467804 
2025-01-09 14:51:33,551 INFO: Best Epoch 30, Best Test Loss: 0.7792781889438629 
2025-01-09 14:51:33,677 INFO: Epoch 101, Train Loss: 0.4373507345876386, Test Loss: 0.8727819249033928, Inverse Test Loss: 0.07918902486562729 
2025-01-09 14:51:33,802 INFO: Epoch 102, Train Loss: 0.4344497005785665, Test Loss: 0.8719726651906967, Inverse Test Loss: 0.07910821586847305 
2025-01-09 14:51:33,918 INFO: Epoch 103, Train Loss: 0.4352629492359777, Test Loss: 0.8715649768710136, Inverse Test Loss: 0.08001530170440674 
2025-01-09 14:51:34,043 INFO: Epoch 104, Train Loss: 0.43276057704802484, Test Loss: 0.8726175278425217, Inverse Test Loss: 0.07982828468084335 
2025-01-09 14:51:34,169 INFO: Epoch 105, Train Loss: 0.43192565729541166, Test Loss: 0.8742886558175087, Inverse Test Loss: 0.0803152471780777 
2025-01-09 14:51:34,307 INFO: Epoch 106, Train Loss: 0.4322834380211369, Test Loss: 0.8734467551112175, Inverse Test Loss: 0.07979690283536911 
2025-01-09 14:51:34,433 INFO: Epoch 107, Train Loss: 0.43028100940489, Test Loss: 0.8765177726745605, Inverse Test Loss: 0.08035918325185776 
2025-01-09 14:51:34,565 INFO: Epoch 108, Train Loss: 0.4285258660393377, Test Loss: 0.8779765367507935, Inverse Test Loss: 0.08056879788637161 
2025-01-09 14:51:34,695 INFO: Epoch 109, Train Loss: 0.42830817064931315, Test Loss: 0.8732666745781898, Inverse Test Loss: 0.08053800463676453 
2025-01-09 14:51:34,821 INFO: Epoch 110, Train Loss: 0.42572044461004194, Test Loss: 0.8784048333764076, Inverse Test Loss: 0.08103029429912567 
2025-01-09 14:51:34,950 INFO: Epoch 111, Train Loss: 0.42730933620083716, Test Loss: 0.8770975023508072, Inverse Test Loss: 0.08096874505281448 
2025-01-09 14:51:35,074 INFO: Epoch 112, Train Loss: 0.42549043316994944, Test Loss: 0.8781352117657661, Inverse Test Loss: 0.08033695071935654 
2025-01-09 14:51:35,199 INFO: Epoch 113, Train Loss: 0.42576999241305935, Test Loss: 0.8781313598155975, Inverse Test Loss: 0.08130653202533722 
2025-01-09 14:51:35,329 INFO: Epoch 114, Train Loss: 0.42440952312561775, Test Loss: 0.8783031404018402, Inverse Test Loss: 0.08119215816259384 
2025-01-09 14:51:35,455 INFO: Epoch 115, Train Loss: 0.4225428152468897, Test Loss: 0.8810143172740936, Inverse Test Loss: 0.08112645149230957 
2025-01-09 14:51:35,581 INFO: Epoch 116, Train Loss: 0.4223633322023576, Test Loss: 0.8823773264884949, Inverse Test Loss: 0.08170945197343826 
2025-01-09 14:51:35,714 INFO: Epoch 117, Train Loss: 0.42148936275512944, Test Loss: 0.8801082223653793, Inverse Test Loss: 0.08093319833278656 
2025-01-09 14:51:35,841 INFO: Epoch 118, Train Loss: 0.41900119666130314, Test Loss: 0.8789519295096397, Inverse Test Loss: 0.08216260373592377 
2025-01-09 14:51:35,981 INFO: Epoch 119, Train Loss: 0.4195608977348574, Test Loss: 0.8805388584733009, Inverse Test Loss: 0.08259348571300507 
2025-01-09 14:51:36,105 INFO: Epoch 120, Train Loss: 0.41878955402681906, Test Loss: 0.8819790855050087, Inverse Test Loss: 0.08150135725736618 
2025-01-09 14:51:36,233 INFO: Epoch 121, Train Loss: 0.4170951266442576, Test Loss: 0.8826489746570587, Inverse Test Loss: 0.08212946355342865 
2025-01-09 14:51:36,384 INFO: Epoch 122, Train Loss: 0.417799239197085, Test Loss: 0.8841178864240646, Inverse Test Loss: 0.08270466327667236 
2025-01-09 14:51:36,518 INFO: Epoch 123, Train Loss: 0.41708210206800894, Test Loss: 0.8842384368181229, Inverse Test Loss: 0.08274257928133011 
2025-01-09 14:51:36,652 INFO: Epoch 124, Train Loss: 0.4138702086863979, Test Loss: 0.8846113681793213, Inverse Test Loss: 0.08287295699119568 
2025-01-09 14:51:36,781 INFO: Epoch 125, Train Loss: 0.41458780630942316, Test Loss: 0.8852014616131783, Inverse Test Loss: 0.08328839391469955 
2025-01-09 14:51:36,928 INFO: Epoch 126, Train Loss: 0.41392792424848, Test Loss: 0.8846049308776855, Inverse Test Loss: 0.0831720158457756 
2025-01-09 14:51:37,062 INFO: Epoch 127, Train Loss: 0.4144791047419271, Test Loss: 0.8868888095021248, Inverse Test Loss: 0.08390985429286957 
2025-01-09 14:51:37,188 INFO: Epoch 128, Train Loss: 0.41175558586274424, Test Loss: 0.8883770108222961, Inverse Test Loss: 0.08463946729898453 
2025-01-09 14:51:37,324 INFO: Epoch 129, Train Loss: 0.41033667133700463, Test Loss: 0.8868455216288567, Inverse Test Loss: 0.08369197696447372 
2025-01-09 14:51:37,451 INFO: Epoch 130, Train Loss: 0.41140076518058777, Test Loss: 0.8909592255949974, Inverse Test Loss: 0.08508491516113281 
2025-01-09 14:51:37,583 INFO: Epoch 131, Train Loss: 0.4100985834675451, Test Loss: 0.8903979361057281, Inverse Test Loss: 0.0838707685470581 
2025-01-09 14:51:37,708 INFO: Epoch 132, Train Loss: 0.40850518980333883, Test Loss: 0.8898714780807495, Inverse Test Loss: 0.08473331481218338 
2025-01-09 14:51:37,838 INFO: Epoch 133, Train Loss: 0.40907506212111444, Test Loss: 0.8909450173377991, Inverse Test Loss: 0.0845041275024414 
2025-01-09 14:51:37,965 INFO: Epoch 134, Train Loss: 0.4085615575313568, Test Loss: 0.8912121653556824, Inverse Test Loss: 0.08535362035036087 
2025-01-09 14:51:38,103 INFO: Epoch 135, Train Loss: 0.40680198227205583, Test Loss: 0.8935115113854408, Inverse Test Loss: 0.08580508083105087 
2025-01-09 14:51:38,231 INFO: Epoch 136, Train Loss: 0.4037771148066367, Test Loss: 0.8925283998250961, Inverse Test Loss: 0.08486847579479218 
2025-01-09 14:51:38,384 INFO: Epoch 137, Train Loss: 0.40431998141350284, Test Loss: 0.8963996842503548, Inverse Test Loss: 0.08552046120166779 
2025-01-09 14:51:38,523 INFO: Epoch 138, Train Loss: 0.4048279139303392, Test Loss: 0.8954002186655998, Inverse Test Loss: 0.08515634387731552 
2025-01-09 14:51:38,689 INFO: Epoch 139, Train Loss: 0.40368925275341155, Test Loss: 0.8943983763456345, Inverse Test Loss: 0.08513316512107849 
2025-01-09 14:51:38,823 INFO: Epoch 140, Train Loss: 0.4037401282018231, Test Loss: 0.896306037902832, Inverse Test Loss: 0.08654410392045975 
2025-01-09 14:51:38,960 INFO: Epoch 141, Train Loss: 0.4018617089717619, Test Loss: 0.8984969407320023, Inverse Test Loss: 0.08573294430971146 
2025-01-09 14:51:39,089 INFO: Epoch 142, Train Loss: 0.40263819021563374, Test Loss: 0.8984417915344238, Inverse Test Loss: 0.08587166666984558 
2025-01-09 14:51:39,221 INFO: Epoch 143, Train Loss: 0.4004613593701393, Test Loss: 0.9013223946094513, Inverse Test Loss: 0.08644956350326538 
2025-01-09 14:51:39,351 INFO: Epoch 144, Train Loss: 0.4007741395504244, Test Loss: 0.8986843675374985, Inverse Test Loss: 0.08650447428226471 
2025-01-09 14:51:39,490 INFO: Epoch 145, Train Loss: 0.3994580766847057, Test Loss: 0.9023503139615059, Inverse Test Loss: 0.08754957467317581 
2025-01-09 14:51:39,643 INFO: Epoch 146, Train Loss: 0.39984060295166507, Test Loss: 0.9041526839137077, Inverse Test Loss: 0.08753404766321182 
2025-01-09 14:51:39,792 INFO: Epoch 147, Train Loss: 0.39834976484698637, Test Loss: 0.902180552482605, Inverse Test Loss: 0.08614689856767654 
2025-01-09 14:51:39,939 INFO: Epoch 148, Train Loss: 0.3970425869188001, Test Loss: 0.9057071655988693, Inverse Test Loss: 0.08725887537002563 
2025-01-09 14:51:40,084 INFO: Epoch 149, Train Loss: 0.3981177595353896, Test Loss: 0.9048952534794807, Inverse Test Loss: 0.08753038197755814 
2025-01-09 14:51:40,233 INFO: Epoch 150, Train Loss: 0.3976629780184838, Test Loss: 0.9057272225618362, Inverse Test Loss: 0.08684216439723969 
2025-01-09 14:51:40,381 INFO: Epoch 151, Train Loss: 0.395937321647521, Test Loss: 0.9073992520570755, Inverse Test Loss: 0.08711352199316025 
2025-01-09 14:51:40,526 INFO: Epoch 152, Train Loss: 0.3960538535348831, Test Loss: 0.9048642814159393, Inverse Test Loss: 0.086974136531353 
2025-01-09 14:51:40,666 INFO: Epoch 153, Train Loss: 0.392966236798994, Test Loss: 0.9093649387359619, Inverse Test Loss: 0.08708810061216354 
2025-01-09 14:51:40,797 INFO: Epoch 154, Train Loss: 0.3954879718442117, Test Loss: 0.9087961092591286, Inverse Test Loss: 0.0875220000743866 
2025-01-09 14:51:40,933 INFO: Epoch 155, Train Loss: 0.39527863071810815, Test Loss: 0.9092685133218765, Inverse Test Loss: 0.08793237060308456 
2025-01-09 14:51:41,074 INFO: Epoch 156, Train Loss: 0.39444835243686555, Test Loss: 0.9088808670639992, Inverse Test Loss: 0.08764663338661194 
2025-01-09 14:51:41,209 INFO: Epoch 157, Train Loss: 0.393244844290518, Test Loss: 0.9118390753865242, Inverse Test Loss: 0.0882703959941864 
2025-01-09 14:51:41,334 INFO: Epoch 158, Train Loss: 0.39293258709292256, Test Loss: 0.9120939448475838, Inverse Test Loss: 0.08804959058761597 
2025-01-09 14:51:41,473 INFO: Epoch 159, Train Loss: 0.38958074681220517, Test Loss: 0.9116052091121674, Inverse Test Loss: 0.08863943070173264 
2025-01-09 14:51:41,601 INFO: Epoch 160, Train Loss: 0.39133975294328505, Test Loss: 0.912664107978344, Inverse Test Loss: 0.0889401063323021 
2025-01-09 14:51:41,741 INFO: Epoch 161, Train Loss: 0.39007655266792546, Test Loss: 0.9141455367207527, Inverse Test Loss: 0.08902017772197723 
2025-01-09 14:51:41,866 INFO: Epoch 162, Train Loss: 0.39114947088303104, Test Loss: 0.9181471094489098, Inverse Test Loss: 0.0890783742070198 
2025-01-09 14:51:41,994 INFO: Epoch 163, Train Loss: 0.3894897372491898, Test Loss: 0.917897067964077, Inverse Test Loss: 0.09000509232282639 
2025-01-09 14:51:42,131 INFO: Epoch 164, Train Loss: 0.3888159759583012, Test Loss: 0.9162003472447395, Inverse Test Loss: 0.08933237940073013 
2025-01-09 14:51:42,270 INFO: Epoch 165, Train Loss: 0.3879616952711536, Test Loss: 0.9187923818826675, Inverse Test Loss: 0.08986060321331024 
2025-01-09 14:51:42,395 INFO: Epoch 166, Train Loss: 0.3893230730487454, Test Loss: 0.9187982156872749, Inverse Test Loss: 0.09004200994968414 
2025-01-09 14:51:42,527 INFO: Epoch 167, Train Loss: 0.38794551164873187, Test Loss: 0.9179629012942314, Inverse Test Loss: 0.09042158722877502 
2025-01-09 14:51:42,655 INFO: Epoch 168, Train Loss: 0.3875350269579118, Test Loss: 0.92051050812006, Inverse Test Loss: 0.0915210023522377 
2025-01-09 14:51:42,810 INFO: Epoch 169, Train Loss: 0.3850760709854864, Test Loss: 0.9173458144068718, Inverse Test Loss: 0.09041591733694077 
2025-01-09 14:51:42,947 INFO: Epoch 170, Train Loss: 0.38568352499315817, Test Loss: 0.9204115122556686, Inverse Test Loss: 0.09121047705411911 
2025-01-09 14:51:43,084 INFO: Epoch 171, Train Loss: 0.384784794622852, Test Loss: 0.9176373556256294, Inverse Test Loss: 0.0896088033914566 
2025-01-09 14:51:43,211 INFO: Epoch 172, Train Loss: 0.38481387592131094, Test Loss: 0.922576479613781, Inverse Test Loss: 0.09031001478433609 
2025-01-09 14:51:43,348 INFO: Epoch 173, Train Loss: 0.385207103144738, Test Loss: 0.924746073782444, Inverse Test Loss: 0.0918092355132103 
2025-01-09 14:51:43,489 INFO: Epoch 174, Train Loss: 0.3854433826861843, Test Loss: 0.9250338077545166, Inverse Test Loss: 0.09227009862661362 
2025-01-09 14:51:43,651 INFO: Epoch 175, Train Loss: 0.38499494425712094, Test Loss: 0.924103282392025, Inverse Test Loss: 0.0914001315832138 
2025-01-09 14:51:43,788 INFO: Epoch 176, Train Loss: 0.3844166446116663, Test Loss: 0.9253618568181992, Inverse Test Loss: 0.09192690253257751 
2025-01-09 14:51:43,937 INFO: Epoch 177, Train Loss: 0.38303702492867747, Test Loss: 0.9257243350148201, Inverse Test Loss: 0.0915093719959259 
2025-01-09 14:51:44,077 INFO: Epoch 178, Train Loss: 0.38265904976475623, Test Loss: 0.9252477660775185, Inverse Test Loss: 0.09146594256162643 
2025-01-09 14:51:44,230 INFO: Epoch 179, Train Loss: 0.382514791142556, Test Loss: 0.9263764098286629, Inverse Test Loss: 0.09158769994974136 
2025-01-09 14:51:44,417 INFO: Epoch 180, Train Loss: 0.38339702256264224, Test Loss: 0.9263369739055634, Inverse Test Loss: 0.09249965101480484 
2025-01-09 14:51:44,580 INFO: Epoch 181, Train Loss: 0.38092231654351755, Test Loss: 0.9260439500212669, Inverse Test Loss: 0.09155847132205963 
2025-01-09 14:51:44,776 INFO: Epoch 182, Train Loss: 0.38068853943578657, Test Loss: 0.9292861595749855, Inverse Test Loss: 0.09302123636007309 
2025-01-09 14:51:44,940 INFO: Epoch 183, Train Loss: 0.38115686370480445, Test Loss: 0.9280140548944473, Inverse Test Loss: 0.09223192930221558 
2025-01-09 14:51:45,076 INFO: Epoch 184, Train Loss: 0.38056191417478746, Test Loss: 0.9302499517798424, Inverse Test Loss: 0.09300708025693893 
2025-01-09 14:51:45,227 INFO: Epoch 185, Train Loss: 0.37958232241292156, Test Loss: 0.9297426789999008, Inverse Test Loss: 0.0928080826997757 
2025-01-09 14:51:45,352 INFO: Epoch 186, Train Loss: 0.3791468854873411, Test Loss: 0.9289848953485489, Inverse Test Loss: 0.09357331693172455 
2025-01-09 14:51:45,478 INFO: Epoch 187, Train Loss: 0.37830324422928596, Test Loss: 0.9300037547945976, Inverse Test Loss: 0.09308704733848572 
2025-01-09 14:51:45,608 INFO: Epoch 188, Train Loss: 0.37963874878421905, Test Loss: 0.9298603683710098, Inverse Test Loss: 0.09282603114843369 
2025-01-09 14:51:45,737 INFO: Epoch 189, Train Loss: 0.37809304171992886, Test Loss: 0.9327789694070816, Inverse Test Loss: 0.09393367171287537 
2025-01-09 14:51:45,871 INFO: Epoch 190, Train Loss: 0.3777136716150468, Test Loss: 0.9312854036688805, Inverse Test Loss: 0.0948476567864418 
2025-01-09 14:51:45,998 INFO: Epoch 191, Train Loss: 0.3772372901439667, Test Loss: 0.9330234602093697, Inverse Test Loss: 0.09446981549263 
2025-01-09 14:51:46,122 INFO: Epoch 192, Train Loss: 0.3781330950798527, Test Loss: 0.9329013898968697, Inverse Test Loss: 0.09450504928827286 
2025-01-09 14:51:46,252 INFO: Epoch 193, Train Loss: 0.3776175360525808, Test Loss: 0.9334530457854271, Inverse Test Loss: 0.09454763680696487 
2025-01-09 14:51:46,378 INFO: Epoch 194, Train Loss: 0.37705728315537973, Test Loss: 0.9337378665804863, Inverse Test Loss: 0.09391488879919052 
2025-01-09 14:51:46,517 INFO: Epoch 195, Train Loss: 0.3761994646441552, Test Loss: 0.9336702823638916, Inverse Test Loss: 0.09409447759389877 
2025-01-09 14:51:46,671 INFO: Epoch 196, Train Loss: 0.3753864582507841, Test Loss: 0.9366490244865417, Inverse Test Loss: 0.09474796801805496 
2025-01-09 14:51:46,828 INFO: Epoch 197, Train Loss: 0.3754685915285541, Test Loss: 0.9369207173585892, Inverse Test Loss: 0.09516887366771698 
2025-01-09 14:51:46,973 INFO: Epoch 198, Train Loss: 0.3741170552469069, Test Loss: 0.9336179196834564, Inverse Test Loss: 0.09472110867500305 
2025-01-09 14:51:47,112 INFO: Epoch 199, Train Loss: 0.3752177588401302, Test Loss: 0.9376724660396576, Inverse Test Loss: 0.09630570560693741 
2025-01-09 14:51:47,243 INFO: Epoch 200, Train Loss: 0.3734979812175997, Test Loss: 0.937094159424305, Inverse Test Loss: 0.09475862979888916 
2025-01-09 14:51:47,243 INFO: Best Epoch 30, Best Test Loss: 0.7792781889438629 
2025-01-09 14:51:47,384 INFO: Epoch 201, Train Loss: 0.3732885391481461, Test Loss: 0.9392882809042931, Inverse Test Loss: 0.09561499953269958 
2025-01-09 14:51:47,521 INFO: Epoch 202, Train Loss: 0.3729281733112951, Test Loss: 0.9362647607922554, Inverse Test Loss: 0.09569614380598068 
2025-01-09 14:51:47,665 INFO: Epoch 203, Train Loss: 0.3708017247338449, Test Loss: 0.9390061050653458, Inverse Test Loss: 0.09594856202602386 
2025-01-09 14:51:47,817 INFO: Epoch 204, Train Loss: 0.37411921639596263, Test Loss: 0.9394583180546761, Inverse Test Loss: 0.09552613645792007 
2025-01-09 14:51:47,963 INFO: Epoch 205, Train Loss: 0.3729042824237577, Test Loss: 0.9392744600772858, Inverse Test Loss: 0.0959324911236763 
2025-01-09 14:51:48,109 INFO: Epoch 206, Train Loss: 0.37189328862774756, Test Loss: 0.9393119215965271, Inverse Test Loss: 0.09658107161521912 
2025-01-09 14:51:48,241 INFO: Epoch 207, Train Loss: 0.37136291880761424, Test Loss: 0.9413868263363838, Inverse Test Loss: 0.0961211621761322 
2025-01-09 14:51:48,389 INFO: Epoch 208, Train Loss: 0.37082857085812476, Test Loss: 0.939958468079567, Inverse Test Loss: 0.09707935154438019 
2025-01-09 14:51:48,537 INFO: Epoch 209, Train Loss: 0.37253144095020907, Test Loss: 0.942014642059803, Inverse Test Loss: 0.09650088101625443 
2025-01-09 14:51:48,685 INFO: Epoch 210, Train Loss: 0.3722267122037949, Test Loss: 0.9409734830260277, Inverse Test Loss: 0.09604249894618988 
2025-01-09 14:51:48,832 INFO: Epoch 211, Train Loss: 0.370599691906283, Test Loss: 0.939350426197052, Inverse Test Loss: 0.0963476151227951 
2025-01-09 14:51:48,968 INFO: Epoch 212, Train Loss: 0.36983987592881723, Test Loss: 0.9398188963532448, Inverse Test Loss: 0.09624405205249786 
2025-01-09 14:51:49,116 INFO: Epoch 213, Train Loss: 0.37052279614633127, Test Loss: 0.9416384324431419, Inverse Test Loss: 0.09623061120510101 
2025-01-09 14:51:49,265 INFO: Epoch 214, Train Loss: 0.36771226698352444, Test Loss: 0.944053903222084, Inverse Test Loss: 0.09672313928604126 
2025-01-09 14:51:49,412 INFO: Epoch 215, Train Loss: 0.36850746312449056, Test Loss: 0.9434184953570366, Inverse Test Loss: 0.09729015082120895 
2025-01-09 14:51:49,544 INFO: Epoch 216, Train Loss: 0.36976538358196137, Test Loss: 0.944117896258831, Inverse Test Loss: 0.09833376854658127 
2025-01-09 14:51:49,695 INFO: Epoch 217, Train Loss: 0.3669054748550538, Test Loss: 0.9443498030304909, Inverse Test Loss: 0.09664884954690933 
2025-01-09 14:51:49,838 INFO: Epoch 218, Train Loss: 0.36783821736612626, Test Loss: 0.9440202340483665, Inverse Test Loss: 0.09703417867422104 
2025-01-09 14:51:49,966 INFO: Epoch 219, Train Loss: 0.3658193974725662, Test Loss: 0.9481550008058548, Inverse Test Loss: 0.09710593521595001 
2025-01-09 14:51:50,124 INFO: Epoch 220, Train Loss: 0.3668234242546943, Test Loss: 0.9439524859189987, Inverse Test Loss: 0.09695848822593689 
2025-01-09 14:51:50,298 INFO: Epoch 221, Train Loss: 0.363120727000698, Test Loss: 0.9456914439797401, Inverse Test Loss: 0.09775687754154205 
2025-01-09 14:51:50,439 INFO: Epoch 222, Train Loss: 0.3650375806516217, Test Loss: 0.944594532251358, Inverse Test Loss: 0.09710937738418579 
2025-01-09 14:51:50,581 INFO: Epoch 223, Train Loss: 0.36413208034730726, Test Loss: 0.9483659341931343, Inverse Test Loss: 0.09779925644397736 
2025-01-09 14:51:50,723 INFO: Epoch 224, Train Loss: 0.3649943999705776, Test Loss: 0.9477013275027275, Inverse Test Loss: 0.09730356931686401 
2025-01-09 14:51:50,872 INFO: Epoch 225, Train Loss: 0.3641821309443443, Test Loss: 0.9483215436339378, Inverse Test Loss: 0.09722026437520981 
2025-01-09 14:51:51,013 INFO: Epoch 226, Train Loss: 0.3654703199863434, Test Loss: 0.9500237181782722, Inverse Test Loss: 0.09817558526992798 
2025-01-09 14:51:51,147 INFO: Epoch 227, Train Loss: 0.3626446589346855, Test Loss: 0.9497670754790306, Inverse Test Loss: 0.09764710813760757 
2025-01-09 14:51:51,288 INFO: Epoch 228, Train Loss: 0.3632494307333423, Test Loss: 0.9509322643280029, Inverse Test Loss: 0.09754283726215363 
2025-01-09 14:51:51,439 INFO: Epoch 229, Train Loss: 0.36183771587187247, Test Loss: 0.949141375720501, Inverse Test Loss: 0.09850041568279266 
2025-01-09 14:51:51,572 INFO: Epoch 230, Train Loss: 0.3627270123650951, Test Loss: 0.9525402188301086, Inverse Test Loss: 0.09829442948102951 
2025-01-09 14:51:51,708 INFO: Epoch 231, Train Loss: 0.3635982582646032, Test Loss: 0.9524434059858322, Inverse Test Loss: 0.09858778119087219 
2025-01-09 14:51:51,848 INFO: Epoch 232, Train Loss: 0.36211572154875726, Test Loss: 0.9535584002733231, Inverse Test Loss: 0.09833559393882751 
2025-01-09 14:51:51,987 INFO: Epoch 233, Train Loss: 0.3609481857668969, Test Loss: 0.9527827501296997, Inverse Test Loss: 0.09836412966251373 
2025-01-09 14:51:52,121 INFO: Epoch 234, Train Loss: 0.3615243281087568, Test Loss: 0.9509523138403893, Inverse Test Loss: 0.0979553833603859 
2025-01-09 14:51:52,251 INFO: Epoch 235, Train Loss: 0.3609333970854359, Test Loss: 0.9521259590983391, Inverse Test Loss: 0.09818345308303833 
2025-01-09 14:51:52,381 INFO: Epoch 236, Train Loss: 0.3615648361944383, Test Loss: 0.9527253210544586, Inverse Test Loss: 0.09896119683980942 
2025-01-09 14:51:52,514 INFO: Epoch 237, Train Loss: 0.3597828111340923, Test Loss: 0.9534659385681152, Inverse Test Loss: 0.09871796518564224 
2025-01-09 14:51:52,663 INFO: Epoch 238, Train Loss: 0.3591016281035639, Test Loss: 0.9536315500736237, Inverse Test Loss: 0.09768149256706238 
2025-01-09 14:51:52,801 INFO: Epoch 239, Train Loss: 0.35973951316648917, Test Loss: 0.9548018276691437, Inverse Test Loss: 0.09864526987075806 
2025-01-09 14:51:52,935 INFO: Epoch 240, Train Loss: 0.359563184361304, Test Loss: 0.9559595212340355, Inverse Test Loss: 0.0986078530550003 
2025-01-09 14:51:53,088 INFO: Epoch 241, Train Loss: 0.35937221396353936, Test Loss: 0.9547512084245682, Inverse Test Loss: 0.09814681857824326 
2025-01-09 14:51:53,227 INFO: Epoch 242, Train Loss: 0.3581765294075012, Test Loss: 0.9549157544970512, Inverse Test Loss: 0.09827712923288345 
2025-01-09 14:51:53,369 INFO: Epoch 243, Train Loss: 0.35652206501653116, Test Loss: 0.9577017351984978, Inverse Test Loss: 0.09909655898809433 
2025-01-09 14:51:53,513 INFO: Epoch 244, Train Loss: 0.3594903840172675, Test Loss: 0.9563548117876053, Inverse Test Loss: 0.09890259802341461 
2025-01-09 14:51:53,658 INFO: Epoch 245, Train Loss: 0.35917791820341544, Test Loss: 0.9584260731935501, Inverse Test Loss: 0.09856180846691132 
2025-01-09 14:51:53,815 INFO: Epoch 246, Train Loss: 0.35766766052092275, Test Loss: 0.9568036124110222, Inverse Test Loss: 0.09880809485912323 
2025-01-09 14:51:53,967 INFO: Epoch 247, Train Loss: 0.3576655262900937, Test Loss: 0.9572480693459511, Inverse Test Loss: 0.09901802241802216 
2025-01-09 14:51:54,121 INFO: Epoch 248, Train Loss: 0.3578086581922347, Test Loss: 0.956424742937088, Inverse Test Loss: 0.09801770746707916 
2025-01-09 14:51:54,272 INFO: Epoch 249, Train Loss: 0.3566482182471983, Test Loss: 0.954367570579052, Inverse Test Loss: 0.09929974377155304 
2025-01-09 14:51:54,400 INFO: Epoch 250, Train Loss: 0.35593131472987516, Test Loss: 0.956124484539032, Inverse Test Loss: 0.09935183078050613 
2025-01-09 14:51:54,537 INFO: Epoch 251, Train Loss: 0.3557132222960072, Test Loss: 0.9566506519913673, Inverse Test Loss: 0.09947799146175385 
2025-01-09 14:51:54,669 INFO: Epoch 252, Train Loss: 0.35617116382045133, Test Loss: 0.9559254348278046, Inverse Test Loss: 0.09877043217420578 
2025-01-09 14:51:54,798 INFO: Epoch 253, Train Loss: 0.3539085868866213, Test Loss: 0.9568139538168907, Inverse Test Loss: 0.09922758489847183 
2025-01-09 14:51:54,936 INFO: Epoch 254, Train Loss: 0.3552224261145438, Test Loss: 0.9568633511662483, Inverse Test Loss: 0.0991823747754097 
2025-01-09 14:51:55,073 INFO: Epoch 255, Train Loss: 0.3556347950812309, Test Loss: 0.9570874944329262, Inverse Test Loss: 0.09986523538827896 
2025-01-09 14:51:55,204 INFO: Epoch 256, Train Loss: 0.35508520180179226, Test Loss: 0.9583137184381485, Inverse Test Loss: 0.09946504980325699 
2025-01-09 14:51:55,339 INFO: Epoch 257, Train Loss: 0.3551687261750621, Test Loss: 0.9566154107451439, Inverse Test Loss: 0.09874100983142853 
2025-01-09 14:51:55,472 INFO: Epoch 258, Train Loss: 0.35511901590131945, Test Loss: 0.9547558128833771, Inverse Test Loss: 0.10003320872783661 
2025-01-09 14:51:55,609 INFO: Epoch 259, Train Loss: 0.3544389307498932, Test Loss: 0.9586071893572807, Inverse Test Loss: 0.09878994524478912 
2025-01-09 14:51:55,740 INFO: Epoch 260, Train Loss: 0.3536212367396201, Test Loss: 0.959141194820404, Inverse Test Loss: 0.09948116540908813 
2025-01-09 14:51:55,937 INFO: Epoch 261, Train Loss: 0.35263364065077996, Test Loss: 0.9578127637505531, Inverse Test Loss: 0.099703848361969 
2025-01-09 14:51:56,105 INFO: Epoch 262, Train Loss: 0.3526075482368469, Test Loss: 0.9563064947724342, Inverse Test Loss: 0.09989431500434875 
2025-01-09 14:51:56,245 INFO: Epoch 263, Train Loss: 0.35267125598845944, Test Loss: 0.959043487906456, Inverse Test Loss: 0.09985339641571045 
2025-01-09 14:51:56,375 INFO: Epoch 264, Train Loss: 0.3513658114017979, Test Loss: 0.9593036472797394, Inverse Test Loss: 0.09924124926328659 
2025-01-09 14:51:56,519 INFO: Epoch 265, Train Loss: 0.3525258437279732, Test Loss: 0.960602380335331, Inverse Test Loss: 0.10047516226768494 
2025-01-09 14:51:56,648 INFO: Epoch 266, Train Loss: 0.35148322582244873, Test Loss: 0.9588828757405281, Inverse Test Loss: 0.09996242076158524 
2025-01-09 14:51:56,787 INFO: Epoch 267, Train Loss: 0.3513197495091346, Test Loss: 0.9601541236042976, Inverse Test Loss: 0.09982409328222275 
2025-01-09 14:51:56,925 INFO: Epoch 268, Train Loss: 0.35153541834123675, Test Loss: 0.9601552188396454, Inverse Test Loss: 0.10023017972707748 
2025-01-09 14:51:57,054 INFO: Epoch 269, Train Loss: 0.351507427230958, Test Loss: 0.9623487368226051, Inverse Test Loss: 0.1003832295536995 
2025-01-09 14:51:57,186 INFO: Epoch 270, Train Loss: 0.3513527743278011, Test Loss: 0.9595129191875458, Inverse Test Loss: 0.09970111399888992 
2025-01-09 14:51:57,314 INFO: Epoch 271, Train Loss: 0.3488786537801066, Test Loss: 0.9608181044459343, Inverse Test Loss: 0.10013382881879807 
2025-01-09 14:51:57,447 INFO: Epoch 272, Train Loss: 0.35103152548113176, Test Loss: 0.9622384309768677, Inverse Test Loss: 0.10036760568618774 
2025-01-09 14:51:57,613 INFO: Epoch 273, Train Loss: 0.3506487502205756, Test Loss: 0.9610759392380714, Inverse Test Loss: 0.10089068114757538 
2025-01-09 14:51:57,756 INFO: Epoch 274, Train Loss: 0.3487223828992536, Test Loss: 0.9630835205316544, Inverse Test Loss: 0.10123895853757858 
2025-01-09 14:51:57,901 INFO: Epoch 275, Train Loss: 0.3474803509250764, Test Loss: 0.9611757546663284, Inverse Test Loss: 0.09997981786727905 
2025-01-09 14:51:58,044 INFO: Epoch 276, Train Loss: 0.3495337078648229, Test Loss: 0.9657167121767998, Inverse Test Loss: 0.10124873369932175 
2025-01-09 14:51:58,187 INFO: Epoch 277, Train Loss: 0.34845240558347396, Test Loss: 0.9665176495909691, Inverse Test Loss: 0.10097747296094894 
2025-01-09 14:51:58,317 INFO: Epoch 278, Train Loss: 0.34857568529344374, Test Loss: 0.9648551866412163, Inverse Test Loss: 0.10070521384477615 
2025-01-09 14:51:58,446 INFO: Epoch 279, Train Loss: 0.3495934374870793, Test Loss: 0.9644488394260406, Inverse Test Loss: 0.10074470937252045 
2025-01-09 14:51:58,593 INFO: Epoch 280, Train Loss: 0.3479859415561922, Test Loss: 0.965467095375061, Inverse Test Loss: 0.10147286206483841 
2025-01-09 14:51:58,745 INFO: Epoch 281, Train Loss: 0.3481244367937888, Test Loss: 0.9661239832639694, Inverse Test Loss: 0.10097882896661758 
2025-01-09 14:51:58,885 INFO: Epoch 282, Train Loss: 0.3458173140402763, Test Loss: 0.9647656232118607, Inverse Test Loss: 0.10053613036870956 
2025-01-09 14:51:59,015 INFO: Epoch 283, Train Loss: 0.3462266229814099, Test Loss: 0.9675852507352829, Inverse Test Loss: 0.10150782018899918 
2025-01-09 14:51:59,239 INFO: Epoch 284, Train Loss: 0.34594713391796234, Test Loss: 0.9672008007764816, Inverse Test Loss: 0.1018349677324295 
