2025-01-10 10:49:03,206 INFO: namespace(attn_dropout=0.4, categories=[], cluster=3, depth=2, dim=32, ff_dropout=0.4, groups=[54, 54, 54], heads=4, name='AMFormer_simple_MLP_depth2', num_cate=0, num_cont=15, num_special_tokens=1, out=1, out_dim=1, predictor='simple_MLP', prod_num_per_group=[6, 6, 6], qk_relu=False, sum_num_per_group=[32, 16, 8], target_mode='regression', token_descent=False, use_cls_token=True, use_prod=True, use_sigmoid=True) 
2025-01-10 10:49:03,206 INFO: Dataset:Bike 
2025-01-10 10:49:03,206 INFO: ------Begin Training Model------ 
2025-01-10 10:49:08,839 INFO: Epoch 1, Train Loss: 0.8873430681884835, Test Loss: 0.788064324430057, Inverse Test Loss: 4.517417907714844 
2025-01-10 10:49:10,386 INFO: Epoch 2, Train Loss: 0.8106623095109922, Test Loss: 0.7800893932580948, Inverse Test Loss: 4.954135894775391 
2025-01-10 10:49:11,912 INFO: Epoch 3, Train Loss: 0.8031334576256778, Test Loss: 0.7684851054634366, Inverse Test Loss: 4.544640677315848 
2025-01-10 10:49:13,436 INFO: Epoch 4, Train Loss: 0.7961755312910868, Test Loss: 0.7657136235918317, Inverse Test Loss: 4.361889702933175 
2025-01-10 10:49:14,975 INFO: Epoch 5, Train Loss: 0.7894408817684978, Test Loss: 0.7620342757020678, Inverse Test Loss: 4.517363412039621 
2025-01-10 10:49:16,512 INFO: Epoch 6, Train Loss: 0.7889503256990276, Test Loss: 0.7615849439586911, Inverse Test Loss: 4.387870516095843 
2025-01-10 10:49:18,050 INFO: Epoch 7, Train Loss: 0.7856153326297025, Test Loss: 0.7570606448820659, Inverse Test Loss: 4.11254528590611 
2025-01-10 10:49:19,586 INFO: Epoch 8, Train Loss: 0.7833053513404427, Test Loss: 0.7502326858895165, Inverse Test Loss: 3.728972843715123 
2025-01-10 10:49:21,124 INFO: Epoch 9, Train Loss: 0.7788567072754606, Test Loss: 0.7439114472695759, Inverse Test Loss: 3.954505375453404 
2025-01-10 10:49:22,660 INFO: Epoch 10, Train Loss: 0.7773915726110476, Test Loss: 0.7509929857083729, Inverse Test Loss: 4.330487932477679 
2025-01-10 10:49:24,188 INFO: Epoch 11, Train Loss: 0.7775971616080047, Test Loss: 0.7565100597483772, Inverse Test Loss: 4.485697882516043 
2025-01-10 10:49:25,714 INFO: Epoch 12, Train Loss: 0.7738722863547299, Test Loss: 0.7501692771911621, Inverse Test Loss: 4.212135314941406 
2025-01-10 10:49:27,236 INFO: Epoch 13, Train Loss: 0.7722520472806528, Test Loss: 0.7385814445359367, Inverse Test Loss: 3.9031309400285994 
2025-01-10 10:49:28,765 INFO: Epoch 14, Train Loss: 0.7705718322631416, Test Loss: 0.7392636069229671, Inverse Test Loss: 4.033872331891741 
2025-01-10 10:49:30,312 INFO: Epoch 15, Train Loss: 0.7702798777763996, Test Loss: 0.743270109806742, Inverse Test Loss: 3.8544763837541853 
2025-01-10 10:49:31,882 INFO: Epoch 16, Train Loss: 0.7694680969649499, Test Loss: 0.7387398119483676, Inverse Test Loss: 4.002168382917132 
2025-01-10 10:49:33,443 INFO: Epoch 17, Train Loss: 0.7700399734558315, Test Loss: 0.7425023104463305, Inverse Test Loss: 3.8507772173200334 
2025-01-10 10:49:34,976 INFO: Epoch 18, Train Loss: 0.7684150677208507, Test Loss: 0.7358575654881341, Inverse Test Loss: 3.713393892560686 
2025-01-10 10:49:36,607 INFO: Epoch 19, Train Loss: 0.7647595761019156, Test Loss: 0.7335143515041896, Inverse Test Loss: 3.7026993887765065 
2025-01-10 10:49:38,167 INFO: Epoch 20, Train Loss: 0.7647377914244976, Test Loss: 0.7363127406154361, Inverse Test Loss: 3.9033377511160716 
2025-01-10 10:49:39,709 INFO: Epoch 21, Train Loss: 0.7668079558862458, Test Loss: 0.7337178992373603, Inverse Test Loss: 3.929852076939174 
2025-01-10 10:49:41,261 INFO: Epoch 22, Train Loss: 0.7640607335151882, Test Loss: 0.7377789531435285, Inverse Test Loss: 4.045140130179269 
2025-01-10 10:49:42,800 INFO: Epoch 23, Train Loss: 0.7625022650858678, Test Loss: 0.7343696100371224, Inverse Test Loss: 3.817950657435826 
2025-01-10 10:49:44,354 INFO: Epoch 24, Train Loss: 0.7630329859366111, Test Loss: 0.7375699388129371, Inverse Test Loss: 3.785646711077009 
2025-01-10 10:49:45,921 INFO: Epoch 25, Train Loss: 0.7610394391444845, Test Loss: 0.7347736571516309, Inverse Test Loss: 4.1012663160051614 
2025-01-10 10:49:47,500 INFO: Epoch 26, Train Loss: 0.7612893942299239, Test Loss: 0.7311038481337684, Inverse Test Loss: 4.094297136579241 
2025-01-10 10:49:49,055 INFO: Epoch 27, Train Loss: 0.7599483996356299, Test Loss: 0.7375306976693017, Inverse Test Loss: 3.988783972603934 
2025-01-10 10:49:50,590 INFO: Epoch 28, Train Loss: 0.7613687848826067, Test Loss: 0.7309031231062753, Inverse Test Loss: 3.9928490774972096 
2025-01-10 10:49:52,091 INFO: Epoch 29, Train Loss: 0.7573518922569555, Test Loss: 0.729597019297736, Inverse Test Loss: 3.7971861703055247 
2025-01-10 10:49:53,604 INFO: Epoch 30, Train Loss: 0.7593131546580464, Test Loss: 0.7299404059137616, Inverse Test Loss: 3.812410627092634 
2025-01-10 10:49:55,124 INFO: Epoch 31, Train Loss: 0.7556603944629704, Test Loss: 0.7283209072692054, Inverse Test Loss: 3.989648001534598 
2025-01-10 10:49:56,634 INFO: Epoch 32, Train Loss: 0.7558620435382248, Test Loss: 0.7323612549475261, Inverse Test Loss: 3.980115073067801 
2025-01-10 10:49:58,161 INFO: Epoch 33, Train Loss: 0.7560168116464527, Test Loss: 0.729251606123788, Inverse Test Loss: 3.899045944213867 
2025-01-10 10:49:59,684 INFO: Epoch 34, Train Loss: 0.7555018012676764, Test Loss: 0.7272852297340121, Inverse Test Loss: 4.065426962716239 
2025-01-10 10:50:01,206 INFO: Epoch 35, Train Loss: 0.7536413270399112, Test Loss: 0.7319717747824532, Inverse Test Loss: 4.156005859375 
2025-01-10 10:50:02,723 INFO: Epoch 36, Train Loss: 0.7544746464545574, Test Loss: 0.7289729629244123, Inverse Test Loss: 4.139653614589146 
2025-01-10 10:50:04,240 INFO: Epoch 37, Train Loss: 0.7521708175676678, Test Loss: 0.7275219453232629, Inverse Test Loss: 4.054915291922433 
2025-01-10 10:50:05,759 INFO: Epoch 38, Train Loss: 0.7530278197122277, Test Loss: 0.7263142317533493, Inverse Test Loss: 4.0057026999337335 
2025-01-10 10:50:07,271 INFO: Epoch 39, Train Loss: 0.7509178508312331, Test Loss: 0.7288346801485334, Inverse Test Loss: 3.903984342302595 
2025-01-10 10:50:08,775 INFO: Epoch 40, Train Loss: 0.7498404968769179, Test Loss: 0.731345711009843, Inverse Test Loss: 3.9145595005580356 
2025-01-10 10:50:10,305 INFO: Epoch 41, Train Loss: 0.7496550044882189, Test Loss: 0.729842626622745, Inverse Test Loss: 3.970132282802037 
2025-01-10 10:50:11,812 INFO: Epoch 42, Train Loss: 0.7495345686553815, Test Loss: 0.7264361147369657, Inverse Test Loss: 4.297473907470703 
2025-01-10 10:50:13,318 INFO: Epoch 43, Train Loss: 0.7487503683895146, Test Loss: 0.7291022155966077, Inverse Test Loss: 3.9885455540248325 
2025-01-10 10:50:14,824 INFO: Epoch 44, Train Loss: 0.7481519136953791, Test Loss: 0.726098799279758, Inverse Test Loss: 4.04474231175014 
2025-01-10 10:50:16,347 INFO: Epoch 45, Train Loss: 0.7463072828196604, Test Loss: 0.7246606307370322, Inverse Test Loss: 4.0407851082938055 
2025-01-10 10:50:17,853 INFO: Epoch 46, Train Loss: 0.7452881276060682, Test Loss: 0.7254385160548347, Inverse Test Loss: 4.006588527134487 
2025-01-10 10:50:19,370 INFO: Epoch 47, Train Loss: 0.7461917591751168, Test Loss: 0.723581680229732, Inverse Test Loss: 4.1027341570172995 
2025-01-10 10:50:20,874 INFO: Epoch 48, Train Loss: 0.7442229794799735, Test Loss: 0.7257357218435833, Inverse Test Loss: 4.235481262207031 
2025-01-10 10:50:22,386 INFO: Epoch 49, Train Loss: 0.7467025053610495, Test Loss: 0.7296024518353599, Inverse Test Loss: 4.125036239624023 
2025-01-10 10:50:23,888 INFO: Epoch 50, Train Loss: 0.7461183738271031, Test Loss: 0.7264041198151452, Inverse Test Loss: 4.204605919974191 
2025-01-10 10:50:25,399 INFO: Epoch 51, Train Loss: 0.7440517211179121, Test Loss: 0.7230148996625628, Inverse Test Loss: 3.9763080051967075 
2025-01-10 10:50:26,911 INFO: Epoch 52, Train Loss: 0.7441514637492118, Test Loss: 0.7245975307055882, Inverse Test Loss: 4.070080075945173 
2025-01-10 10:50:28,401 INFO: Epoch 53, Train Loss: 0.7422606097448856, Test Loss: 0.7270527588469642, Inverse Test Loss: 4.213396889822824 
2025-01-10 10:50:29,910 INFO: Epoch 54, Train Loss: 0.7422797018234882, Test Loss: 0.7203059047460556, Inverse Test Loss: 4.220696313040597 
2025-01-10 10:50:31,407 INFO: Epoch 55, Train Loss: 0.7403227068962307, Test Loss: 0.7215963857514518, Inverse Test Loss: 4.159282684326172 
2025-01-10 10:50:32,913 INFO: Epoch 56, Train Loss: 0.7414950777631287, Test Loss: 0.7224465480872563, Inverse Test Loss: 4.293952396937779 
2025-01-10 10:50:34,422 INFO: Epoch 57, Train Loss: 0.7405582759358468, Test Loss: 0.7211427156414304, Inverse Test Loss: 4.147366659981864 
2025-01-10 10:50:35,963 INFO: Epoch 58, Train Loss: 0.7403698208135202, Test Loss: 0.7218478513615472, Inverse Test Loss: 4.218533107212612 
2025-01-10 10:50:37,494 INFO: Epoch 59, Train Loss: 0.7389589023152623, Test Loss: 0.7216124726193291, Inverse Test Loss: 4.122104099818638 
2025-01-10 10:50:39,014 INFO: Epoch 60, Train Loss: 0.7372194408276759, Test Loss: 0.7195639120680946, Inverse Test Loss: 4.15234238760812 
2025-01-10 10:50:40,513 INFO: Epoch 61, Train Loss: 0.7397618282825575, Test Loss: 0.7255548664501735, Inverse Test Loss: 4.072837284633091 
2025-01-10 10:50:42,024 INFO: Epoch 62, Train Loss: 0.7391889828060745, Test Loss: 0.7221529015472957, Inverse Test Loss: 4.024412155151367 
2025-01-10 10:50:43,538 INFO: Epoch 63, Train Loss: 0.7377573727467738, Test Loss: 0.7210402403559003, Inverse Test Loss: 3.890620367867606 
2025-01-10 10:50:45,044 INFO: Epoch 64, Train Loss: 0.7371624839415244, Test Loss: 0.7209890612534114, Inverse Test Loss: 4.190545490809849 
2025-01-10 10:50:46,565 INFO: Epoch 65, Train Loss: 0.7369157896129364, Test Loss: 0.7217496335506439, Inverse Test Loss: 4.165815898350307 
2025-01-10 10:50:48,070 INFO: Epoch 66, Train Loss: 0.7388617314329935, Test Loss: 0.7197679238659995, Inverse Test Loss: 4.222787584577288 
2025-01-10 10:50:49,607 INFO: Epoch 67, Train Loss: 0.7335339861178617, Test Loss: 0.7242796697786876, Inverse Test Loss: 4.204814638410296 
2025-01-10 10:50:51,107 INFO: Epoch 68, Train Loss: 0.7345519076793565, Test Loss: 0.7230416280882699, Inverse Test Loss: 4.340288162231445 
2025-01-10 10:50:52,612 INFO: Epoch 69, Train Loss: 0.7352308718436354, Test Loss: 0.7230191656521389, Inverse Test Loss: 4.22525760105678 
2025-01-10 10:50:54,114 INFO: Epoch 70, Train Loss: 0.735372871433923, Test Loss: 0.7243465185165405, Inverse Test Loss: 4.310041155133929 
2025-01-10 10:50:55,632 INFO: Epoch 71, Train Loss: 0.7343382999437664, Test Loss: 0.7253008037805557, Inverse Test Loss: 4.341843468802316 
2025-01-10 10:50:57,140 INFO: Epoch 72, Train Loss: 0.7322142780373949, Test Loss: 0.721875148160117, Inverse Test Loss: 4.270358494349888 
2025-01-10 10:50:58,649 INFO: Epoch 73, Train Loss: 0.7324724230197591, Test Loss: 0.7230531935180936, Inverse Test Loss: 4.175724574497768 
2025-01-10 10:51:00,147 INFO: Epoch 74, Train Loss: 0.7346151990628024, Test Loss: 0.7197581210306713, Inverse Test Loss: 4.23245484488351 
2025-01-10 10:51:01,654 INFO: Epoch 75, Train Loss: 0.732006594128565, Test Loss: 0.7213905836854663, Inverse Test Loss: 4.181628363473075 
2025-01-10 10:51:03,165 INFO: Epoch 76, Train Loss: 0.7299081502704445, Test Loss: 0.7207707209246499, Inverse Test Loss: 4.1998811449323386 
2025-01-10 10:51:04,682 INFO: Epoch 77, Train Loss: 0.732781020326352, Test Loss: 0.7207993545702526, Inverse Test Loss: 4.192399978637695 
2025-01-10 10:51:06,192 INFO: Epoch 78, Train Loss: 0.729157765524103, Test Loss: 0.7228142640420369, Inverse Test Loss: 4.313209806169782 
2025-01-10 10:51:07,709 INFO: Epoch 79, Train Loss: 0.7279408453801356, Test Loss: 0.7212129810026714, Inverse Test Loss: 4.229502814156668 
2025-01-10 10:51:09,218 INFO: Epoch 80, Train Loss: 0.7290573174800348, Test Loss: 0.7188308111258915, Inverse Test Loss: 4.2441607883998325 
2025-01-10 10:51:10,734 INFO: Epoch 81, Train Loss: 0.7263917994061742, Test Loss: 0.722111987216132, Inverse Test Loss: 4.205588204520089 
2025-01-10 10:51:12,250 INFO: Epoch 82, Train Loss: 0.7267013372631248, Test Loss: 0.7206171346562249, Inverse Test Loss: 4.275796890258789 
2025-01-10 10:51:13,746 INFO: Epoch 83, Train Loss: 0.7249038563955814, Test Loss: 0.7229770656142916, Inverse Test Loss: 4.438312530517578 
2025-01-10 10:51:15,253 INFO: Epoch 84, Train Loss: 0.7255792814657229, Test Loss: 0.7197118997573853, Inverse Test Loss: 4.308155059814453 
2025-01-10 10:51:16,796 INFO: Epoch 85, Train Loss: 0.7258906123835013, Test Loss: 0.7177801962409701, Inverse Test Loss: 4.274305071149554 
2025-01-10 10:51:18,316 INFO: Epoch 86, Train Loss: 0.7256471902952282, Test Loss: 0.719683398093496, Inverse Test Loss: 4.184085300990513 
2025-01-10 10:51:19,824 INFO: Epoch 87, Train Loss: 0.727433731249713, Test Loss: 0.7183849066495895, Inverse Test Loss: 4.191142218453543 
2025-01-10 10:51:21,303 INFO: Epoch 88, Train Loss: 0.7236947209463207, Test Loss: 0.720500505396298, Inverse Test Loss: 4.137446539742606 
2025-01-10 10:51:22,827 INFO: Epoch 89, Train Loss: 0.7244155139004419, Test Loss: 0.7199755651610238, Inverse Test Loss: 4.119106565202985 
2025-01-10 10:51:24,335 INFO: Epoch 90, Train Loss: 0.7237695800055057, Test Loss: 0.7211360590798515, Inverse Test Loss: 4.180572237287249 
2025-01-10 10:51:25,847 INFO: Epoch 91, Train Loss: 0.7263356824533655, Test Loss: 0.7201315867049354, Inverse Test Loss: 4.200949532645089 
2025-01-10 10:51:27,346 INFO: Epoch 92, Train Loss: 0.7225047262436753, Test Loss: 0.7212509747062411, Inverse Test Loss: 4.230943952287946 
2025-01-10 10:51:28,890 INFO: Epoch 93, Train Loss: 0.7228362166553463, Test Loss: 0.7207310795783997, Inverse Test Loss: 4.294530596051898 
2025-01-10 10:51:30,394 INFO: Epoch 94, Train Loss: 0.7233016294076902, Test Loss: 0.7180793881416321, Inverse Test Loss: 4.135748454502651 
2025-01-10 10:51:31,914 INFO: Epoch 95, Train Loss: 0.7235820397324518, Test Loss: 0.7205898591450283, Inverse Test Loss: 4.142916815621512 
2025-01-10 10:51:33,437 INFO: Epoch 96, Train Loss: 0.7212274566702886, Test Loss: 0.7202058519635882, Inverse Test Loss: 4.1557096753801614 
2025-01-10 10:51:34,952 INFO: Epoch 97, Train Loss: 0.7211358656577014, Test Loss: 0.7222181601183755, Inverse Test Loss: 4.161626815795898 
2025-01-10 10:51:36,521 INFO: Epoch 98, Train Loss: 0.7231870610779578, Test Loss: 0.7205184804541724, Inverse Test Loss: 4.187790189470563 
2025-01-10 10:51:38,042 INFO: Epoch 99, Train Loss: 0.7226336806192311, Test Loss: 0.7207579037972859, Inverse Test Loss: 4.1901236942836215 
2025-01-10 10:51:39,553 INFO: Epoch 100, Train Loss: 0.7213246663776013, Test Loss: 0.7192527417625699, Inverse Test Loss: 4.157984869820731 
2025-01-10 10:51:39,553 INFO: Best Epoch 85, Best Test Loss: 0.7177801962409701 
2025-01-10 10:51:41,064 INFO: Epoch 101, Train Loss: 0.7187340188463893, Test Loss: 0.7209458244698388, Inverse Test Loss: 4.204608644757952 
2025-01-10 10:51:42,576 INFO: Epoch 102, Train Loss: 0.7208139098018681, Test Loss: 0.720545402594975, Inverse Test Loss: 4.205569675990513 
2025-01-10 10:51:44,088 INFO: Epoch 103, Train Loss: 0.7222047043502877, Test Loss: 0.7211239848818097, Inverse Test Loss: 4.2625225612095425 
2025-01-10 10:51:45,605 INFO: Epoch 104, Train Loss: 0.7206612661344196, Test Loss: 0.7225204301731927, Inverse Test Loss: 4.237214224679129 
2025-01-10 10:51:47,145 INFO: Epoch 105, Train Loss: 0.7223900829980133, Test Loss: 0.7208373269864491, Inverse Test Loss: 4.242499487740653 
2025-01-10 10:51:48,653 INFO: Epoch 106, Train Loss: 0.717999763445023, Test Loss: 0.720087176987103, Inverse Test Loss: 4.251355852399554 
2025-01-10 10:51:50,162 INFO: Epoch 107, Train Loss: 0.7166511301600605, Test Loss: 0.7201956616980689, Inverse Test Loss: 4.283075332641602 
2025-01-10 10:51:51,662 INFO: Epoch 108, Train Loss: 0.7203339382049141, Test Loss: 0.7204622690166745, Inverse Test Loss: 4.339604786464146 
2025-01-10 10:51:53,182 INFO: Epoch 109, Train Loss: 0.7180898566858485, Test Loss: 0.7224908322095871, Inverse Test Loss: 4.322389875139509 
2025-01-10 10:51:54,687 INFO: Epoch 110, Train Loss: 0.7181420884001146, Test Loss: 0.7206069209745952, Inverse Test Loss: 4.319499697004046 
2025-01-10 10:51:56,196 INFO: Epoch 111, Train Loss: 0.7203446976635435, Test Loss: 0.7200142719915935, Inverse Test Loss: 4.308975764683315 
2025-01-10 10:51:57,690 INFO: Epoch 112, Train Loss: 0.7207739484419516, Test Loss: 0.7221794554165432, Inverse Test Loss: 4.318515505109515 
2025-01-10 10:51:59,194 INFO: Epoch 113, Train Loss: 0.717596960723947, Test Loss: 0.720559863107545, Inverse Test Loss: 4.297574724469866 
2025-01-10 10:52:00,715 INFO: Epoch 114, Train Loss: 0.7177797692631362, Test Loss: 0.7219791603939874, Inverse Test Loss: 4.2986747196742465 
2025-01-10 10:52:02,215 INFO: Epoch 115, Train Loss: 0.7172260136779295, Test Loss: 0.7214923309428352, Inverse Test Loss: 4.312367847987583 
2025-01-10 10:52:03,723 INFO: Epoch 116, Train Loss: 0.7182153665691341, Test Loss: 0.7219295586858477, Inverse Test Loss: 4.350521632603237 
2025-01-10 10:52:05,231 INFO: Epoch 117, Train Loss: 0.716464808227819, Test Loss: 0.7205751836299896, Inverse Test Loss: 4.250753130231585 
2025-01-10 10:52:06,735 INFO: Epoch 118, Train Loss: 0.7200329659181998, Test Loss: 0.720005716596331, Inverse Test Loss: 4.242438180106027 
2025-01-10 10:52:08,248 INFO: Epoch 119, Train Loss: 0.7185758319469767, Test Loss: 0.7226712852716446, Inverse Test Loss: 4.268931797572544 
2025-01-10 10:52:09,776 INFO: Epoch 120, Train Loss: 0.7179531072257855, Test Loss: 0.7198238990136555, Inverse Test Loss: 4.223835536411831 
2025-01-10 10:52:11,294 INFO: Epoch 121, Train Loss: 0.7209164729905785, Test Loss: 0.7211144481386457, Inverse Test Loss: 4.310243334089007 
2025-01-10 10:52:12,800 INFO: Epoch 122, Train Loss: 0.7174439834892203, Test Loss: 0.7212178877421788, Inverse Test Loss: 4.29435430254255 
2025-01-10 10:52:14,303 INFO: Epoch 123, Train Loss: 0.7152633464664494, Test Loss: 0.7196138884340014, Inverse Test Loss: 4.2408150264195035 
2025-01-10 10:52:15,817 INFO: Epoch 124, Train Loss: 0.7219251645814388, Test Loss: 0.7205453876938138, Inverse Test Loss: 4.245931080409458 
2025-01-10 10:52:17,339 INFO: Epoch 125, Train Loss: 0.717769274471003, Test Loss: 0.7211749234369823, Inverse Test Loss: 4.286509105137417 
2025-01-10 10:52:18,854 INFO: Epoch 126, Train Loss: 0.7194861321274294, Test Loss: 0.7201713983501706, Inverse Test Loss: 4.277428763253348 
2025-01-10 10:52:20,363 INFO: Epoch 127, Train Loss: 0.7206011217668515, Test Loss: 0.7215008948530469, Inverse Test Loss: 4.305979319981167 
2025-01-10 10:52:21,885 INFO: Epoch 128, Train Loss: 0.7169247384465068, Test Loss: 0.7206602352006095, Inverse Test Loss: 4.3299053737095425 
2025-01-10 10:52:23,376 INFO: Epoch 129, Train Loss: 0.7187843508676651, Test Loss: 0.7216649055480957, Inverse Test Loss: 4.278638022286551 
2025-01-10 10:52:24,888 INFO: Epoch 130, Train Loss: 0.7146944266940476, Test Loss: 0.7219290009566716, Inverse Test Loss: 4.274948392595563 
2025-01-10 10:52:26,406 INFO: Epoch 131, Train Loss: 0.7174719205690087, Test Loss: 0.7206589941467557, Inverse Test Loss: 4.212757655552456 
2025-01-10 10:52:27,918 INFO: Epoch 132, Train Loss: 0.7171675945640704, Test Loss: 0.7217779776879719, Inverse Test Loss: 4.234185627528599 
2025-01-10 10:52:29,432 INFO: Epoch 133, Train Loss: 0.7183404603135695, Test Loss: 0.7223134977476937, Inverse Test Loss: 4.3221876961844305 
2025-01-10 10:52:30,962 INFO: Epoch 134, Train Loss: 0.7174971595816656, Test Loss: 0.7218218637364251, Inverse Test Loss: 4.295317241123745 
2025-01-10 10:52:32,478 INFO: Epoch 135, Train Loss: 0.7159793737831466, Test Loss: 0.7212144264153072, Inverse Test Loss: 4.296136856079102 
2025-01-10 10:52:34,013 INFO: Epoch 136, Train Loss: 0.7175068450630258, Test Loss: 0.7228064175162997, Inverse Test Loss: 4.278177806309292 
2025-01-10 10:52:35,529 INFO: Epoch 137, Train Loss: 0.7190318298996041, Test Loss: 0.7219879520790917, Inverse Test Loss: 4.2900480542864114 
2025-01-10 10:52:37,056 INFO: Epoch 138, Train Loss: 0.7151501818534431, Test Loss: 0.7217863159520286, Inverse Test Loss: 4.284008026123047 
2025-01-10 10:52:38,581 INFO: Epoch 139, Train Loss: 0.7174480762503562, Test Loss: 0.7211968260152, Inverse Test Loss: 4.302879061017718 
2025-01-10 10:52:40,099 INFO: Epoch 140, Train Loss: 0.716041125288797, Test Loss: 0.7217368994440351, Inverse Test Loss: 4.331498554774693 
2025-01-10 10:52:41,623 INFO: Epoch 141, Train Loss: 0.7183459570648474, Test Loss: 0.7228149388517652, Inverse Test Loss: 4.299184254237583 
2025-01-10 10:52:43,130 INFO: Epoch 142, Train Loss: 0.7198424186181585, Test Loss: 0.721851646900177, Inverse Test Loss: 4.280184609549386 
2025-01-10 10:52:44,656 INFO: Epoch 143, Train Loss: 0.7162203613771211, Test Loss: 0.7224604828017098, Inverse Test Loss: 4.267492021833148 
2025-01-10 10:52:46,169 INFO: Epoch 144, Train Loss: 0.7136397334413791, Test Loss: 0.7222012494291578, Inverse Test Loss: 4.382959093366351 
2025-01-10 10:52:47,698 INFO: Epoch 145, Train Loss: 0.7173316544349041, Test Loss: 0.7208217872040612, Inverse Test Loss: 4.386975697108677 
2025-01-10 10:52:49,231 INFO: Epoch 146, Train Loss: 0.7184800522043071, Test Loss: 0.7208774409123829, Inverse Test Loss: 4.358889716012137 
2025-01-10 10:52:50,752 INFO: Epoch 147, Train Loss: 0.716189058001982, Test Loss: 0.720640555024147, Inverse Test Loss: 4.3175201416015625 
2025-01-10 10:52:52,266 INFO: Epoch 148, Train Loss: 0.7143910486216939, Test Loss: 0.7223599340234484, Inverse Test Loss: 4.326598031180246 
2025-01-10 10:52:53,793 INFO: Epoch 149, Train Loss: 0.715261068912821, Test Loss: 0.7234802693128586, Inverse Test Loss: 4.400930677141462 
2025-01-10 10:52:55,313 INFO: Epoch 150, Train Loss: 0.7151462725543101, Test Loss: 0.722055007304464, Inverse Test Loss: 4.33703967503139 
2025-01-10 10:52:56,841 INFO: Epoch 151, Train Loss: 0.7125640374804856, Test Loss: 0.7232973043407712, Inverse Test Loss: 4.316870553152902 
2025-01-10 10:52:58,361 INFO: Epoch 152, Train Loss: 0.7145405499213332, Test Loss: 0.7216188481875828, Inverse Test Loss: 4.3971966334751675 
2025-01-10 10:52:59,885 INFO: Epoch 153, Train Loss: 0.7155427927270942, Test Loss: 0.7224530279636383, Inverse Test Loss: 4.3664155687604636 
2025-01-10 10:53:01,396 INFO: Epoch 154, Train Loss: 0.7119603047677137, Test Loss: 0.7234072472367968, Inverse Test Loss: 4.3856386457170755 
2025-01-10 10:53:02,915 INFO: Epoch 155, Train Loss: 0.7147460492379075, Test Loss: 0.7236769582544055, Inverse Test Loss: 4.325337273733957 
2025-01-10 10:53:04,433 INFO: Epoch 156, Train Loss: 0.7140019984420286, Test Loss: 0.7238534135477883, Inverse Test Loss: 4.355378832135882 
2025-01-10 10:53:06,022 INFO: Epoch 157, Train Loss: 0.7140422693086327, Test Loss: 0.7224244411502566, Inverse Test Loss: 4.319863455636161 
2025-01-10 10:53:07,579 INFO: Epoch 158, Train Loss: 0.717143082837446, Test Loss: 0.7223397429500308, Inverse Test Loss: 4.291378838675363 
2025-01-10 10:53:09,110 INFO: Epoch 159, Train Loss: 0.7140255679778003, Test Loss: 0.7225110105105809, Inverse Test Loss: 4.316194806780134 
2025-01-10 10:53:10,637 INFO: Epoch 160, Train Loss: 0.7182751199521056, Test Loss: 0.7222224367516381, Inverse Test Loss: 4.373031343732562 
2025-01-10 10:53:12,171 INFO: Epoch 161, Train Loss: 0.7152031594460163, Test Loss: 0.7239848332745689, Inverse Test Loss: 4.392405101231167 
2025-01-10 10:53:13,697 INFO: Epoch 162, Train Loss: 0.7112227804070219, Test Loss: 0.7237214062895093, Inverse Test Loss: 4.3199067796979636 
2025-01-10 10:53:15,232 INFO: Epoch 163, Train Loss: 0.7115806406791058, Test Loss: 0.7233751373631614, Inverse Test Loss: 4.355443681989398 
2025-01-10 10:53:16,750 INFO: Epoch 164, Train Loss: 0.7115287808103299, Test Loss: 0.7227938026189804, Inverse Test Loss: 4.332118988037109 
2025-01-10 10:53:18,285 INFO: Epoch 165, Train Loss: 0.7131538330961805, Test Loss: 0.7228189281054905, Inverse Test Loss: 4.347429547991071 
2025-01-10 10:53:19,788 INFO: Epoch 166, Train Loss: 0.712721366947944, Test Loss: 0.7232080974749157, Inverse Test Loss: 4.3466611589704245 
2025-01-10 10:53:21,305 INFO: Epoch 167, Train Loss: 0.7115287868254775, Test Loss: 0.7225794898612159, Inverse Test Loss: 4.3348429543631415 
2025-01-10 10:53:22,817 INFO: Epoch 168, Train Loss: 0.7121557937849552, Test Loss: 0.7233740048749107, Inverse Test Loss: 4.298781531197684 
2025-01-10 10:53:24,342 INFO: Epoch 169, Train Loss: 0.7140654631710928, Test Loss: 0.7226900181600026, Inverse Test Loss: 4.302737372262137 
2025-01-10 10:53:25,859 INFO: Epoch 170, Train Loss: 0.7113233339895896, Test Loss: 0.7235602395875114, Inverse Test Loss: 4.341353825160435 
2025-01-10 10:53:27,373 INFO: Epoch 171, Train Loss: 0.7115496643092654, Test Loss: 0.7230749321835381, Inverse Test Loss: 4.367977687290737 
2025-01-10 10:53:28,892 INFO: Epoch 172, Train Loss: 0.7106777517073745, Test Loss: 0.7222588551895959, Inverse Test Loss: 4.326607295445034 
2025-01-10 10:53:30,414 INFO: Epoch 173, Train Loss: 0.7114463114957197, Test Loss: 0.7217762236084256, Inverse Test Loss: 4.381144932338169 
2025-01-10 10:53:31,931 INFO: Epoch 174, Train Loss: 0.7121364512574782, Test Loss: 0.7229652787957873, Inverse Test Loss: 4.370997292654855 
2025-01-10 10:53:33,450 INFO: Epoch 175, Train Loss: 0.7121094000448874, Test Loss: 0.7233079224824905, Inverse Test Loss: 4.358757563999721 
2025-01-10 10:53:34,974 INFO: Epoch 176, Train Loss: 0.713007673211054, Test Loss: 0.7236418809209552, Inverse Test Loss: 4.328231266566685 
2025-01-10 10:53:36,489 INFO: Epoch 177, Train Loss: 0.710916240827753, Test Loss: 0.7229848078319004, Inverse Test Loss: 4.348068509783063 
2025-01-10 10:53:38,019 INFO: Epoch 178, Train Loss: 0.712147694115245, Test Loss: 0.7244211733341217, Inverse Test Loss: 4.355445316859654 
2025-01-10 10:53:39,536 INFO: Epoch 179, Train Loss: 0.7135619543014317, Test Loss: 0.7235346585512161, Inverse Test Loss: 4.351858139038086 
2025-01-10 10:53:41,067 INFO: Epoch 180, Train Loss: 0.7129275465230329, Test Loss: 0.7222678107874734, Inverse Test Loss: 4.298854827880859 
2025-01-10 10:53:42,580 INFO: Epoch 181, Train Loss: 0.711895642477438, Test Loss: 0.7242825116430011, Inverse Test Loss: 4.317260197230747 
2025-01-10 10:53:44,081 INFO: Epoch 182, Train Loss: 0.7112899335152513, Test Loss: 0.7263855529682977, Inverse Test Loss: 4.434472492762974 
2025-01-10 10:53:45,581 INFO: Epoch 183, Train Loss: 0.7084514947112547, Test Loss: 0.7226853349379131, Inverse Test Loss: 4.353956767490932 
2025-01-10 10:53:47,085 INFO: Epoch 184, Train Loss: 0.7094321250915527, Test Loss: 0.7239195129701069, Inverse Test Loss: 4.385149274553571 
2025-01-10 10:53:48,629 INFO: Epoch 185, Train Loss: 0.7121180148299681, Test Loss: 0.7229083755186626, Inverse Test Loss: 4.330858775547573 
2025-01-10 10:53:50,172 INFO: Epoch 186, Train Loss: 0.7094343556176632, Test Loss: 0.7230462240321296, Inverse Test Loss: 4.327817099434989 
2025-01-10 10:53:51,698 INFO: Epoch 187, Train Loss: 0.7098925917520436, Test Loss: 0.7252853491476604, Inverse Test Loss: 4.403270993913923 
2025-01-10 10:53:53,215 INFO: Epoch 188, Train Loss: 0.7100411057472229, Test Loss: 0.7235236572367805, Inverse Test Loss: 4.370789119175503 
2025-01-10 10:53:54,737 INFO: Epoch 189, Train Loss: 0.7104245544573583, Test Loss: 0.7226114443370274, Inverse Test Loss: 4.352136066981724 
2025-01-10 10:53:56,255 INFO: Epoch 190, Train Loss: 0.7116528486986773, Test Loss: 0.7237472917352404, Inverse Test Loss: 4.480990273611886 
2025-01-10 10:53:57,772 INFO: Epoch 191, Train Loss: 0.7113439757889564, Test Loss: 0.7226345113345555, Inverse Test Loss: 4.470089503696987 
2025-01-10 10:53:59,279 INFO: Epoch 192, Train Loss: 0.7085095758831829, Test Loss: 0.7231308817863464, Inverse Test Loss: 4.473806381225586 
2025-01-10 10:54:00,805 INFO: Epoch 193, Train Loss: 0.7100275651030584, Test Loss: 0.7226180391652244, Inverse Test Loss: 4.390517098563058 
2025-01-10 10:54:02,333 INFO: Epoch 194, Train Loss: 0.7100086841014547, Test Loss: 0.7222360798290798, Inverse Test Loss: 4.425243105207171 
2025-01-10 10:54:03,849 INFO: Epoch 195, Train Loss: 0.7120186577149488, Test Loss: 0.722075275012425, Inverse Test Loss: 4.402473449707031 
2025-01-10 10:54:05,377 INFO: Epoch 196, Train Loss: 0.7090887164850848, Test Loss: 0.7226602243525642, Inverse Test Loss: 4.468568801879883 
2025-01-10 10:54:06,919 INFO: Epoch 197, Train Loss: 0.710442212196665, Test Loss: 0.7227202334574291, Inverse Test Loss: 4.477506637573242 
2025-01-10 10:54:08,444 INFO: Epoch 198, Train Loss: 0.7083781946689711, Test Loss: 0.7248562404087612, Inverse Test Loss: 4.461364473615374 
2025-01-10 10:54:09,968 INFO: Epoch 199, Train Loss: 0.7110866740209247, Test Loss: 0.7254817570958819, Inverse Test Loss: 4.477166584559849 
2025-01-10 10:54:11,507 INFO: Epoch 200, Train Loss: 0.710821812852807, Test Loss: 0.7231251831565585, Inverse Test Loss: 4.467892783028739 
2025-01-10 10:54:11,507 INFO: Best Epoch 85, Best Test Loss: 0.7177801962409701 
2025-01-10 10:54:13,017 INFO: Epoch 201, Train Loss: 0.7077726027287474, Test Loss: 0.7238960840872356, Inverse Test Loss: 4.433215277535575 
2025-01-10 10:54:14,535 INFO: Epoch 202, Train Loss: 0.7101178289553441, Test Loss: 0.7225917599030903, Inverse Test Loss: 4.394704273768833 
2025-01-10 10:54:16,056 INFO: Epoch 203, Train Loss: 0.7099486846442616, Test Loss: 0.7247379358325686, Inverse Test Loss: 4.429207938058036 
2025-01-10 10:54:17,572 INFO: Epoch 204, Train Loss: 0.7075617860216613, Test Loss: 0.7251275139195579, Inverse Test Loss: 4.416726248604911 
2025-01-10 10:54:19,101 INFO: Epoch 205, Train Loss: 0.707459640612296, Test Loss: 0.7245853947741645, Inverse Test Loss: 4.388103757585798 
2025-01-10 10:54:20,624 INFO: Epoch 206, Train Loss: 0.710430989024836, Test Loss: 0.7235752258981977, Inverse Test Loss: 4.408671787806919 
2025-01-10 10:54:22,142 INFO: Epoch 207, Train Loss: 0.7088916717319313, Test Loss: 0.725057235785893, Inverse Test Loss: 4.3957560403006415 
2025-01-10 10:54:23,657 INFO: Epoch 208, Train Loss: 0.7058671619913993, Test Loss: 0.723934469478471, Inverse Test Loss: 4.4178120749337335 
2025-01-10 10:54:25,178 INFO: Epoch 209, Train Loss: 0.7101100497289535, Test Loss: 0.7251618908984321, Inverse Test Loss: 4.468653270176479 
2025-01-10 10:54:26,691 INFO: Epoch 210, Train Loss: 0.7082577347755432, Test Loss: 0.7240042154278074, Inverse Test Loss: 4.405451910836356 
2025-01-10 10:54:28,206 INFO: Epoch 211, Train Loss: 0.7066498256604606, Test Loss: 0.7254785171576908, Inverse Test Loss: 4.440887996128628 
2025-01-10 10:54:29,723 INFO: Epoch 212, Train Loss: 0.7121452946181691, Test Loss: 0.7240063697099686, Inverse Test Loss: 4.443475450788226 
2025-01-10 10:54:31,244 INFO: Epoch 213, Train Loss: 0.7091988002488373, Test Loss: 0.7257617967469352, Inverse Test Loss: 4.44328008379255 
2025-01-10 10:54:32,774 INFO: Epoch 214, Train Loss: 0.7051693933819412, Test Loss: 0.7245545600141797, Inverse Test Loss: 4.451289313180106 
2025-01-10 10:54:34,287 INFO: Epoch 215, Train Loss: 0.7049715141637609, Test Loss: 0.7268395807061877, Inverse Test Loss: 4.517273494175503 
2025-01-10 10:54:35,825 INFO: Epoch 216, Train Loss: 0.7063234683570512, Test Loss: 0.7268545436007636, Inverse Test Loss: 4.479830605643136 
2025-01-10 10:54:37,339 INFO: Epoch 217, Train Loss: 0.7057214428525452, Test Loss: 0.7257332780531475, Inverse Test Loss: 4.449509484427316 
2025-01-10 10:54:38,867 INFO: Epoch 218, Train Loss: 0.7102167010307312, Test Loss: 0.7239037581852504, Inverse Test Loss: 4.474794387817383 
2025-01-10 10:54:40,388 INFO: Epoch 219, Train Loss: 0.7091625950752048, Test Loss: 0.7248694556100028, Inverse Test Loss: 4.556115559169224 
2025-01-10 10:54:41,898 INFO: Epoch 220, Train Loss: 0.706533827639501, Test Loss: 0.7238369626658303, Inverse Test Loss: 4.455987657819476 
2025-01-10 10:54:43,417 INFO: Epoch 221, Train Loss: 0.7044054947861838, Test Loss: 0.7250725712094989, Inverse Test Loss: 4.433990206037249 
2025-01-10 10:54:44,948 INFO: Epoch 222, Train Loss: 0.7100072606987909, Test Loss: 0.7225095267806735, Inverse Test Loss: 4.407322747366769 
2025-01-10 10:54:46,464 INFO: Epoch 223, Train Loss: 0.7070948880746823, Test Loss: 0.7245031275919506, Inverse Test Loss: 4.36941283089774 
2025-01-10 10:54:47,991 INFO: Epoch 224, Train Loss: 0.7065469338259566, Test Loss: 0.7251774711268288, Inverse Test Loss: 4.365440368652344 
2025-01-10 10:54:49,526 INFO: Epoch 225, Train Loss: 0.7042398583998374, Test Loss: 0.7253280856779644, Inverse Test Loss: 4.356151035853794 
2025-01-10 10:54:51,051 INFO: Epoch 226, Train Loss: 0.7076390648106916, Test Loss: 0.7261161846773965, Inverse Test Loss: 4.37701061793736 
2025-01-10 10:54:52,563 INFO: Epoch 227, Train Loss: 0.7075278955862063, Test Loss: 0.7249234127146857, Inverse Test Loss: 4.349552154541016 
2025-01-10 10:54:54,097 INFO: Epoch 228, Train Loss: 0.7051473866908922, Test Loss: 0.727577662893704, Inverse Test Loss: 4.402775355747768 
2025-01-10 10:54:55,611 INFO: Epoch 229, Train Loss: 0.705803616331258, Test Loss: 0.7265968471765518, Inverse Test Loss: 4.3801005227225165 
2025-01-10 10:54:57,136 INFO: Epoch 230, Train Loss: 0.7071227365677509, Test Loss: 0.7248344847134182, Inverse Test Loss: 4.379020145961216 
2025-01-10 10:54:58,661 INFO: Epoch 231, Train Loss: 0.706503208077282, Test Loss: 0.7276381871529988, Inverse Test Loss: 4.474667412894113 
2025-01-10 10:55:00,178 INFO: Epoch 232, Train Loss: 0.7072310070379064, Test Loss: 0.7266513726540974, Inverse Test Loss: 4.433874947684152 
2025-01-10 10:55:01,694 INFO: Epoch 233, Train Loss: 0.7034949539998255, Test Loss: 0.7249214351177216, Inverse Test Loss: 4.4023734501429965 
2025-01-10 10:55:03,219 INFO: Epoch 234, Train Loss: 0.704792851701789, Test Loss: 0.7257364988327026, Inverse Test Loss: 4.408710752214704 
2025-01-10 10:55:04,742 INFO: Epoch 235, Train Loss: 0.7054329049696616, Test Loss: 0.7270024589129856, Inverse Test Loss: 4.445911407470703 
2025-01-10 10:55:06,258 INFO: Epoch 236, Train Loss: 0.7042401547825664, Test Loss: 0.7257186387266431, Inverse Test Loss: 4.412158966064453 
2025-01-10 10:55:07,771 INFO: Epoch 237, Train Loss: 0.7027481485397444, Test Loss: 0.7264536810772759, Inverse Test Loss: 4.446434020996094 
2025-01-10 10:55:09,289 INFO: Epoch 238, Train Loss: 0.7053663883734187, Test Loss: 0.7269442869084222, Inverse Test Loss: 4.447575432913644 
2025-01-10 10:55:10,811 INFO: Epoch 239, Train Loss: 0.7072264831000512, Test Loss: 0.7256978132895061, Inverse Test Loss: 4.4565421513148715 
2025-01-10 10:55:12,320 INFO: Epoch 240, Train Loss: 0.7042770084984805, Test Loss: 0.7297017616885049, Inverse Test Loss: 4.526815414428711 
2025-01-10 10:55:13,838 INFO: Epoch 241, Train Loss: 0.7027968173726983, Test Loss: 0.7253886716706412, Inverse Test Loss: 4.432367324829102 
2025-01-10 10:55:15,363 INFO: Epoch 242, Train Loss: 0.7045042279663436, Test Loss: 0.7277452243225915, Inverse Test Loss: 4.419237681797573 
2025-01-10 10:55:16,886 INFO: Epoch 243, Train Loss: 0.7078794459684179, Test Loss: 0.7239295989274979, Inverse Test Loss: 4.424806594848633 
2025-01-10 10:55:18,400 INFO: Epoch 244, Train Loss: 0.7043156662118544, Test Loss: 0.7240298454250608, Inverse Test Loss: 4.498999186924526 
2025-01-10 10:55:19,931 INFO: Epoch 245, Train Loss: 0.7073400315888431, Test Loss: 0.725407327924456, Inverse Test Loss: 4.447004318237305 
2025-01-10 10:55:21,446 INFO: Epoch 246, Train Loss: 0.7055134844342503, Test Loss: 0.7251767984458378, Inverse Test Loss: 4.4652203151157925 
2025-01-10 10:55:22,967 INFO: Epoch 247, Train Loss: 0.7054510182196941, Test Loss: 0.7257315218448639, Inverse Test Loss: 4.459249768938337 
2025-01-10 10:55:24,488 INFO: Epoch 248, Train Loss: 0.7057763398240465, Test Loss: 0.7263057168040957, Inverse Test Loss: 4.4138930184500555 
2025-01-10 10:55:26,013 INFO: Epoch 249, Train Loss: 0.7059647637769717, Test Loss: 0.726558478815215, Inverse Test Loss: 4.466205324445452 
2025-01-10 10:55:27,523 INFO: Epoch 250, Train Loss: 0.7057275192453227, Test Loss: 0.7244289772851127, Inverse Test Loss: 4.39801515851702 
2025-01-10 10:55:29,038 INFO: Epoch 251, Train Loss: 0.7063111280082562, Test Loss: 0.7229931822844914, Inverse Test Loss: 4.337935583932059 
2025-01-10 10:55:30,552 INFO: Epoch 252, Train Loss: 0.7033919008499986, Test Loss: 0.7255492146526065, Inverse Test Loss: 4.452546800885882 
2025-01-10 10:55:32,070 INFO: Epoch 253, Train Loss: 0.7021955322781834, Test Loss: 0.7275442970650536, Inverse Test Loss: 4.542896815708706 
2025-01-10 10:55:33,582 INFO: Epoch 254, Train Loss: 0.7048147719934446, Test Loss: 0.7253571642296655, Inverse Test Loss: 4.459819793701172 
2025-01-10 10:55:35,105 INFO: Epoch 255, Train Loss: 0.6983814097325737, Test Loss: 0.7252454566104072, Inverse Test Loss: 4.460760116577148 
2025-01-10 10:55:36,630 INFO: Epoch 256, Train Loss: 0.703291744267175, Test Loss: 0.727613587464605, Inverse Test Loss: 4.451662063598633 
2025-01-10 10:55:38,129 INFO: Epoch 257, Train Loss: 0.7017212089048613, Test Loss: 0.7269181140831539, Inverse Test Loss: 4.493242263793945 
2025-01-10 10:55:39,660 INFO: Epoch 258, Train Loss: 0.7010350238292589, Test Loss: 0.7268257141113281, Inverse Test Loss: 4.451272964477539 
2025-01-10 10:55:41,186 INFO: Epoch 259, Train Loss: 0.7033615106836372, Test Loss: 0.7269986122846603, Inverse Test Loss: 4.44435909816197 
2025-01-10 10:55:42,710 INFO: Epoch 260, Train Loss: 0.7063694383026263, Test Loss: 0.7261474451848439, Inverse Test Loss: 4.398845945085798 
2025-01-10 10:55:44,221 INFO: Epoch 261, Train Loss: 0.703020807799943, Test Loss: 0.7263188851731164, Inverse Test Loss: 4.477699552263532 
2025-01-10 10:55:45,728 INFO: Epoch 262, Train Loss: 0.7053284841939944, Test Loss: 0.7251926021916526, Inverse Test Loss: 4.491175515311105 
2025-01-10 10:55:47,241 INFO: Epoch 263, Train Loss: 0.7023422236836284, Test Loss: 0.7263824492692947, Inverse Test Loss: 4.447005953107562 
2025-01-10 10:55:48,760 INFO: Epoch 264, Train Loss: 0.7019540366776492, Test Loss: 0.7259776996714729, Inverse Test Loss: 4.471348626273019 
2025-01-10 10:55:50,271 INFO: Epoch 265, Train Loss: 0.7014810809301674, Test Loss: 0.7257862687110901, Inverse Test Loss: 4.43409674508231 
2025-01-10 10:55:51,798 INFO: Epoch 266, Train Loss: 0.7025607244684062, Test Loss: 0.7274498747927802, Inverse Test Loss: 4.494187763759068 
2025-01-10 10:55:53,311 INFO: Epoch 267, Train Loss: 0.704009877432377, Test Loss: 0.7290295532771519, Inverse Test Loss: 4.516362871442523 
2025-01-10 10:55:54,825 INFO: Epoch 268, Train Loss: 0.7003276326240749, Test Loss: 0.7301471701690129, Inverse Test Loss: 4.453506742204938 
2025-01-10 10:55:56,343 INFO: Epoch 269, Train Loss: 0.7002845215141227, Test Loss: 0.7266040018626622, Inverse Test Loss: 4.44851439339774 
2025-01-10 10:55:57,861 INFO: Epoch 270, Train Loss: 0.6995359260007876, Test Loss: 0.72757288813591, Inverse Test Loss: 4.49945558820452 
2025-01-10 10:55:59,377 INFO: Epoch 271, Train Loss: 0.70211173525644, Test Loss: 0.7280716172286442, Inverse Test Loss: 4.490183966500418 
2025-01-10 10:56:00,882 INFO: Epoch 272, Train Loss: 0.7015967664368655, Test Loss: 0.7289250301463264, Inverse Test Loss: 4.51822144644601 
2025-01-10 10:56:02,391 INFO: Epoch 273, Train Loss: 0.7024344594106762, Test Loss: 0.7288070001772472, Inverse Test Loss: 4.485066822596958 
2025-01-10 10:56:03,908 INFO: Epoch 274, Train Loss: 0.7033523884388285, Test Loss: 0.7266455335276467, Inverse Test Loss: 4.531970977783203 
2025-01-10 10:56:05,424 INFO: Epoch 275, Train Loss: 0.7022715867112536, Test Loss: 0.7258280324084418, Inverse Test Loss: 4.448467254638672 
2025-01-10 10:56:06,944 INFO: Epoch 276, Train Loss: 0.7013072830821396, Test Loss: 0.7276156374386379, Inverse Test Loss: 4.464191981724331 
2025-01-10 10:56:08,465 INFO: Epoch 277, Train Loss: 0.7010655791387645, Test Loss: 0.7307313914809909, Inverse Test Loss: 4.579012734549386 
2025-01-10 10:56:09,972 INFO: Epoch 278, Train Loss: 0.7001883781284367, Test Loss: 0.7277755992753165, Inverse Test Loss: 4.53723634992327 
2025-01-10 10:56:11,511 INFO: Epoch 279, Train Loss: 0.7007974222165729, Test Loss: 0.727619645850999, Inverse Test Loss: 4.6138441903250555 
2025-01-10 10:56:13,049 INFO: Epoch 280, Train Loss: 0.7021616779336142, Test Loss: 0.7265371211937496, Inverse Test Loss: 4.521849496023996 
2025-01-10 10:56:14,577 INFO: Epoch 281, Train Loss: 0.7023725236227752, Test Loss: 0.7276852194752012, Inverse Test Loss: 4.512163434709821 
2025-01-10 10:56:16,095 INFO: Epoch 282, Train Loss: 0.6969863947378386, Test Loss: 0.7271361521312169, Inverse Test Loss: 4.566759926932199 
2025-01-10 10:56:17,620 INFO: Epoch 283, Train Loss: 0.7011239236101098, Test Loss: 0.7297282155070987, Inverse Test Loss: 4.579066140311105 
2025-01-10 10:56:19,137 INFO: Epoch 284, Train Loss: 0.6983777694745895, Test Loss: 0.7282831966876984, Inverse Test Loss: 4.506519590105329 
2025-01-10 10:56:20,656 INFO: Epoch 285, Train Loss: 0.7013652647307159, Test Loss: 0.7283008396625519, Inverse Test Loss: 4.487794876098633 
2025-01-10 10:56:22,194 INFO: Epoch 286, Train Loss: 0.7029461937213163, Test Loss: 0.7266583400113242, Inverse Test Loss: 4.520206451416016 
2025-01-10 10:56:23,718 INFO: Epoch 287, Train Loss: 0.6975380597858254, Test Loss: 0.7306462568896157, Inverse Test Loss: 4.580545697893415 
2025-01-10 10:56:25,236 INFO: Epoch 288, Train Loss: 0.7022422721626562, Test Loss: 0.7258285411766597, Inverse Test Loss: 4.54515266418457 
2025-01-10 10:56:26,759 INFO: Epoch 289, Train Loss: 0.6998748008264314, Test Loss: 0.7264351078442165, Inverse Test Loss: 4.492036274501255 
2025-01-10 10:56:28,276 INFO: Epoch 290, Train Loss: 0.6996358332284, Test Loss: 0.7273826833282199, Inverse Test Loss: 4.470473153250558 
2025-01-10 10:56:29,792 INFO: Epoch 291, Train Loss: 0.6954749407024559, Test Loss: 0.7261742055416107, Inverse Test Loss: 4.532483782087054 
2025-01-10 10:56:31,308 INFO: Epoch 292, Train Loss: 0.7001578572693221, Test Loss: 0.726611179964883, Inverse Test Loss: 4.544482094900949 
2025-01-10 10:56:32,821 INFO: Epoch 293, Train Loss: 0.6985050396088066, Test Loss: 0.7256210169621876, Inverse Test Loss: 4.575511932373047 
2025-01-10 10:56:34,340 INFO: Epoch 294, Train Loss: 0.7002652637455442, Test Loss: 0.7272301805870873, Inverse Test Loss: 4.525053024291992 
2025-01-10 10:56:35,866 INFO: Epoch 295, Train Loss: 0.6968010406975352, Test Loss: 0.7264218969004494, Inverse Test Loss: 4.572376796177456 
2025-01-10 10:56:37,405 INFO: Epoch 296, Train Loss: 0.7003693159567107, Test Loss: 0.7250892562525613, Inverse Test Loss: 4.557211739676339 
2025-01-10 10:56:38,914 INFO: Epoch 297, Train Loss: 0.7026161895979435, Test Loss: 0.7248709414686475, Inverse Test Loss: 4.523450306483677 
2025-01-10 10:56:40,430 INFO: Epoch 298, Train Loss: 0.6972196495861088, Test Loss: 0.7255085983446666, Inverse Test Loss: 4.4782930101667136 
2025-01-10 10:56:41,943 INFO: Epoch 299, Train Loss: 0.6962035708471176, Test Loss: 0.7264829448291233, Inverse Test Loss: 4.491762433733259 
2025-01-10 10:56:43,461 INFO: Epoch 300, Train Loss: 0.6991305083309839, Test Loss: 0.7270923278161457, Inverse Test Loss: 4.461248942783901 
2025-01-10 10:56:43,461 INFO: Best Epoch 85, Best Test Loss: 0.7177801962409701 
2025-01-10 10:56:44,981 INFO: Epoch 301, Train Loss: 0.6986148597997263, Test Loss: 0.7272913328238896, Inverse Test Loss: 4.434537887573242 
2025-01-10 10:56:46,496 INFO: Epoch 302, Train Loss: 0.7023108962478988, Test Loss: 0.72762473991939, Inverse Test Loss: 4.4786723000662665 
2025-01-10 10:56:48,046 INFO: Epoch 303, Train Loss: 0.6984927244142655, Test Loss: 0.7259983760969979, Inverse Test Loss: 4.447123663766043 
2025-01-10 10:56:49,570 INFO: Epoch 304, Train Loss: 0.6989506094827564, Test Loss: 0.7267272812979562, Inverse Test Loss: 4.4476421901157925 
2025-01-10 10:56:51,082 INFO: Epoch 305, Train Loss: 0.6959341994119347, Test Loss: 0.728605255484581, Inverse Test Loss: 4.473187582833426 
2025-01-10 10:56:52,611 INFO: Epoch 306, Train Loss: 0.6967018788013983, Test Loss: 0.7282666904585702, Inverse Test Loss: 4.501199722290039 
2025-01-10 10:56:54,130 INFO: Epoch 307, Train Loss: 0.698103576625159, Test Loss: 0.7278032920190266, Inverse Test Loss: 4.540601457868304 
2025-01-10 10:56:55,653 INFO: Epoch 308, Train Loss: 0.6974529689605083, Test Loss: 0.7278860275234494, Inverse Test Loss: 4.552202497209821 
2025-01-10 10:56:57,194 INFO: Epoch 309, Train Loss: 0.6925695965049463, Test Loss: 0.7280836594956261, Inverse Test Loss: 4.544864654541016 
2025-01-10 10:56:58,725 INFO: Epoch 310, Train Loss: 0.6988074664675862, Test Loss: 0.7281811599220548, Inverse Test Loss: 4.626980917794364 
2025-01-10 10:57:00,240 INFO: Epoch 311, Train Loss: 0.6978485239755123, Test Loss: 0.7272272876330784, Inverse Test Loss: 4.603506905691964 
2025-01-10 10:57:01,749 INFO: Epoch 312, Train Loss: 0.6962925124605861, Test Loss: 0.7279868785824094, Inverse Test Loss: 4.5518003191266745 
2025-01-10 10:57:03,267 INFO: Epoch 313, Train Loss: 0.6960959281396428, Test Loss: 0.7273024980510984, Inverse Test Loss: 4.5782334463936945 
2025-01-10 10:57:04,853 INFO: Epoch 314, Train Loss: 0.6950310681938031, Test Loss: 0.7265900841781071, Inverse Test Loss: 4.5779844011579245 
2025-01-10 10:57:06,393 INFO: Epoch 315, Train Loss: 0.6962340670988101, Test Loss: 0.7322643675974437, Inverse Test Loss: 4.5931598118373325 
2025-01-10 10:57:07,903 INFO: Epoch 316, Train Loss: 0.6961178943651531, Test Loss: 0.7293109106166022, Inverse Test Loss: 4.60858154296875 
2025-01-10 10:57:09,415 INFO: Epoch 317, Train Loss: 0.6993586820199948, Test Loss: 0.7286654497895922, Inverse Test Loss: 4.578936440604074 
2025-01-10 10:57:10,934 INFO: Epoch 318, Train Loss: 0.696768859110841, Test Loss: 0.7295968724148614, Inverse Test Loss: 4.574963705880301 
2025-01-10 10:57:12,443 INFO: Epoch 319, Train Loss: 0.6964281715384317, Test Loss: 0.7291795696531024, Inverse Test Loss: 4.584307534354074 
2025-01-10 10:57:13,963 INFO: Epoch 320, Train Loss: 0.6931581524533963, Test Loss: 0.7274536384003503, Inverse Test Loss: 4.458762850080218 
2025-01-10 10:57:15,474 INFO: Epoch 321, Train Loss: 0.6956595964388016, Test Loss: 0.7284500258309501, Inverse Test Loss: 4.537399019513812 
2025-01-10 10:57:17,001 INFO: Epoch 322, Train Loss: 0.6979885724706387, Test Loss: 0.7290162806000028, Inverse Test Loss: 4.525221960885184 
2025-01-10 10:57:18,511 INFO: Epoch 323, Train Loss: 0.6947690128186427, Test Loss: 0.727234959602356, Inverse Test Loss: 4.515339170183454 
2025-01-10 10:57:20,028 INFO: Epoch 324, Train Loss: 0.6963855596857333, Test Loss: 0.7267485303538186, Inverse Test Loss: 4.463348661150251 
2025-01-10 10:57:21,549 INFO: Epoch 325, Train Loss: 0.6939349786950908, Test Loss: 0.729238456913403, Inverse Test Loss: 4.479103088378906 
2025-01-10 10:57:23,095 INFO: Epoch 326, Train Loss: 0.6975958024689911, Test Loss: 0.7270171876464572, Inverse Test Loss: 4.439242771693638 
2025-01-10 10:57:24,611 INFO: Epoch 327, Train Loss: 0.6964721247690533, Test Loss: 0.7258596420288086, Inverse Test Loss: 4.450748443603516 
2025-01-10 10:57:26,111 INFO: Epoch 328, Train Loss: 0.6987791504334966, Test Loss: 0.7281290590763092, Inverse Test Loss: 4.466054916381836 
2025-01-10 10:57:27,630 INFO: Epoch 329, Train Loss: 0.6943045542874468, Test Loss: 0.7290111907890865, Inverse Test Loss: 4.476677485874721 
2025-01-10 10:57:29,147 INFO: Epoch 330, Train Loss: 0.6942450557280024, Test Loss: 0.7292579859495163, Inverse Test Loss: 4.494533811296735 
2025-01-10 10:57:30,677 INFO: Epoch 331, Train Loss: 0.6971159200055883, Test Loss: 0.7282910538571221, Inverse Test Loss: 4.502622604370117 
2025-01-10 10:57:32,192 INFO: Epoch 332, Train Loss: 0.693646263091936, Test Loss: 0.7277260571718216, Inverse Test Loss: 4.486903326851981 
2025-01-10 10:57:33,703 INFO: Epoch 333, Train Loss: 0.6957480634024383, Test Loss: 0.7278810867241451, Inverse Test Loss: 4.5074247632707864 
2025-01-10 10:57:35,208 INFO: Epoch 334, Train Loss: 0.697259680393639, Test Loss: 0.7274713090487889, Inverse Test Loss: 4.483865737915039 
2025-01-10 10:57:36,731 INFO: Epoch 335, Train Loss: 0.6936478702300185, Test Loss: 0.7284369809286935, Inverse Test Loss: 4.52044813973563 
2025-01-10 10:57:38,256 INFO: Epoch 336, Train Loss: 0.6946728492001875, Test Loss: 0.7282581222908837, Inverse Test Loss: 4.5002656664167136 
2025-01-10 10:57:39,759 INFO: Epoch 337, Train Loss: 0.692671690512141, Test Loss: 0.7276302001305989, Inverse Test Loss: 4.499221529279437 
2025-01-10 10:57:41,281 INFO: Epoch 338, Train Loss: 0.6956601995940602, Test Loss: 0.7287365879331317, Inverse Test Loss: 4.45939826965332 
2025-01-10 10:57:42,796 INFO: Epoch 339, Train Loss: 0.6944554448127747, Test Loss: 0.7294210323265621, Inverse Test Loss: 4.429577146257673 
2025-01-10 10:57:44,317 INFO: Epoch 340, Train Loss: 0.6933723720935506, Test Loss: 0.7298908808401653, Inverse Test Loss: 4.512226649693081 
2025-01-10 10:57:45,821 INFO: Epoch 341, Train Loss: 0.6947371593309105, Test Loss: 0.7287365921906063, Inverse Test Loss: 4.445929663521903 
2025-01-10 10:57:47,350 INFO: Epoch 342, Train Loss: 0.6968239102888545, Test Loss: 0.7301408563341413, Inverse Test Loss: 4.481301171439035 
2025-01-10 10:57:48,858 INFO: Epoch 343, Train Loss: 0.6958840746398366, Test Loss: 0.728368375982557, Inverse Test Loss: 4.436611720493862 
2025-01-10 10:57:50,380 INFO: Epoch 344, Train Loss: 0.696368832106984, Test Loss: 0.7271702992064613, Inverse Test Loss: 4.4684440067836215 
2025-01-10 10:57:51,912 INFO: Epoch 345, Train Loss: 0.6932163604902565, Test Loss: 0.72728188761643, Inverse Test Loss: 4.432211194719587 
2025-01-10 10:57:53,449 INFO: Epoch 346, Train Loss: 0.6926489051328887, Test Loss: 0.7275735757180622, Inverse Test Loss: 4.4050993238176614 
2025-01-10 10:57:54,964 INFO: Epoch 347, Train Loss: 0.6938344322213339, Test Loss: 0.7283410408667156, Inverse Test Loss: 4.413244247436523 
2025-01-10 10:57:56,485 INFO: Epoch 348, Train Loss: 0.6925059338228419, Test Loss: 0.7284027678625924, Inverse Test Loss: 4.456940242222378 
2025-01-10 10:57:57,996 INFO: Epoch 349, Train Loss: 0.6945968877284898, Test Loss: 0.7266939282417297, Inverse Test Loss: 4.491274697440011 
2025-01-10 10:57:59,530 INFO: Epoch 350, Train Loss: 0.6949874315786799, Test Loss: 0.7258155984537942, Inverse Test Loss: 4.4199981689453125 
2025-01-10 10:58:01,052 INFO: Epoch 351, Train Loss: 0.6942456703667247, Test Loss: 0.7258222507578986, Inverse Test Loss: 4.379740033830915 
2025-01-10 10:58:02,568 INFO: Epoch 352, Train Loss: 0.6953343196746407, Test Loss: 0.7295213703598294, Inverse Test Loss: 4.4860542842320035 
2025-01-10 10:58:04,081 INFO: Epoch 353, Train Loss: 0.6919049254251183, Test Loss: 0.7289323125566755, Inverse Test Loss: 4.514487947736468 
2025-01-10 10:58:05,607 INFO: Epoch 354, Train Loss: 0.6915174815632882, Test Loss: 0.7292542862040656, Inverse Test Loss: 4.54932975769043 
2025-01-10 10:58:07,116 INFO: Epoch 355, Train Loss: 0.6933484252439727, Test Loss: 0.7273305909974235, Inverse Test Loss: 4.471172060285296 
2025-01-10 10:58:08,632 INFO: Epoch 356, Train Loss: 0.6906738374211373, Test Loss: 0.7273124477693013, Inverse Test Loss: 4.548112324305943 
2025-01-10 10:58:10,147 INFO: Epoch 357, Train Loss: 0.69583108228281, Test Loss: 0.727622634598187, Inverse Test Loss: 4.574969155447824 
2025-01-10 10:58:11,656 INFO: Epoch 358, Train Loss: 0.6918589270442997, Test Loss: 0.7297430336475372, Inverse Test Loss: 4.517220088413784 
2025-01-10 10:58:13,173 INFO: Epoch 359, Train Loss: 0.6899222988601125, Test Loss: 0.7321169929844993, Inverse Test Loss: 4.525277818952288 
2025-01-10 10:58:14,698 INFO: Epoch 360, Train Loss: 0.6913758817069028, Test Loss: 0.7318113041775567, Inverse Test Loss: 4.5840317862374445 
2025-01-10 10:58:16,208 INFO: Epoch 361, Train Loss: 0.69534101398713, Test Loss: 0.730710506439209, Inverse Test Loss: 4.5637087140764505 
2025-01-10 10:58:17,719 INFO: Epoch 362, Train Loss: 0.6919300982711512, Test Loss: 0.7283568382263184, Inverse Test Loss: 4.410992758614676 
2025-01-10 10:58:19,232 INFO: Epoch 363, Train Loss: 0.6906228243210993, Test Loss: 0.7284256432737622, Inverse Test Loss: 4.425229208809989 
2025-01-10 10:58:20,937 INFO: Epoch 364, Train Loss: 0.692987063609132, Test Loss: 0.7304220625332424, Inverse Test Loss: 4.464968272617885 
2025-01-10 10:58:22,596 INFO: Epoch 365, Train Loss: 0.6937159655291006, Test Loss: 0.728712586419923, Inverse Test Loss: 4.454877580915179 
2025-01-10 10:58:24,143 INFO: Epoch 366, Train Loss: 0.697188043813093, Test Loss: 0.7256786184651511, Inverse Test Loss: 4.390150615147182 
2025-01-10 10:58:25,767 INFO: Epoch 367, Train Loss: 0.6944988435561504, Test Loss: 0.7264619043895176, Inverse Test Loss: 4.472483226231167 
2025-01-10 10:58:27,356 INFO: Epoch 368, Train Loss: 0.691235258491761, Test Loss: 0.7291470638343266, Inverse Test Loss: 4.452980586460659 
2025-01-10 10:58:28,998 INFO: Epoch 369, Train Loss: 0.6885960812962383, Test Loss: 0.7288928372519357, Inverse Test Loss: 4.4824049813406805 
2025-01-10 10:58:30,595 INFO: Epoch 370, Train Loss: 0.6934880679900494, Test Loss: 0.728224658540317, Inverse Test Loss: 4.451672417776925 
2025-01-10 10:58:32,389 INFO: Epoch 371, Train Loss: 0.6937025238614564, Test Loss: 0.7279174774885178, Inverse Test Loss: 4.434351784842355 
2025-01-10 10:58:34,423 INFO: Epoch 372, Train Loss: 0.6929738387602185, Test Loss: 0.7276906307254519, Inverse Test Loss: 4.502570833478655 
2025-01-10 10:58:36,352 INFO: Epoch 373, Train Loss: 0.687898023412862, Test Loss: 0.7294853755405971, Inverse Test Loss: 4.537250791277204 
2025-01-10 10:58:38,292 INFO: Epoch 374, Train Loss: 0.6886385572612832, Test Loss: 0.7287251353263855, Inverse Test Loss: 4.569435937064035 
2025-01-10 10:58:40,069 INFO: Epoch 375, Train Loss: 0.6887892747144087, Test Loss: 0.7298828193119594, Inverse Test Loss: 4.601917266845703 
2025-01-10 10:58:41,986 INFO: Epoch 376, Train Loss: 0.688998033694171, Test Loss: 0.7266900475536074, Inverse Test Loss: 4.4150592258998325 
2025-01-10 10:58:43,709 INFO: Epoch 377, Train Loss: 0.6908954742851607, Test Loss: 0.7285796105861664, Inverse Test Loss: 4.431153978620257 
2025-01-10 10:58:45,732 INFO: Epoch 378, Train Loss: 0.68972344354752, Test Loss: 0.7265822333948952, Inverse Test Loss: 4.378639766148159 
2025-01-10 10:58:47,697 INFO: Epoch 379, Train Loss: 0.689827212499916, Test Loss: 0.726830563374928, Inverse Test Loss: 4.404942648751395 
2025-01-10 10:58:49,461 INFO: Epoch 380, Train Loss: 0.6904374093090723, Test Loss: 0.7277642296893256, Inverse Test Loss: 4.3840740748814175 
2025-01-10 10:58:51,159 INFO: Epoch 381, Train Loss: 0.6879143091516757, Test Loss: 0.7287964288677488, Inverse Test Loss: 4.416542325701032 
2025-01-10 10:58:52,955 INFO: Epoch 382, Train Loss: 0.6915764633668672, Test Loss: 0.7274647163493293, Inverse Test Loss: 4.4022126879010886 
2025-01-10 10:58:54,869 INFO: Epoch 383, Train Loss: 0.6915227404428185, Test Loss: 0.7272041823182788, Inverse Test Loss: 4.4364583151681085 
2025-01-10 10:58:56,909 INFO: Epoch 384, Train Loss: 0.6908825542948661, Test Loss: 0.7283365322010857, Inverse Test Loss: 4.449040004185268 
2025-01-10 10:58:58,689 INFO: Epoch 385, Train Loss: 0.691010427584342, Test Loss: 0.7266113119465964, Inverse Test Loss: 4.326927185058594 
2025-01-10 10:59:00,402 INFO: Epoch 386, Train Loss: 0.6911320716416071, Test Loss: 0.7278641909360886, Inverse Test Loss: 4.396649769374302 
2025-01-10 10:59:02,235 INFO: Epoch 387, Train Loss: 0.6900103923377641, Test Loss: 0.7262456608670098, Inverse Test Loss: 4.315907069614956 
2025-01-10 10:59:03,851 INFO: Epoch 388, Train Loss: 0.689442549823621, Test Loss: 0.7261507000241961, Inverse Test Loss: 4.433605466570173 
2025-01-10 10:59:05,810 INFO: Epoch 389, Train Loss: 0.6918873529915416, Test Loss: 0.7267400409494128, Inverse Test Loss: 4.517761502947126 
2025-01-10 10:59:07,615 INFO: Epoch 390, Train Loss: 0.6916322899520944, Test Loss: 0.7244226932525635, Inverse Test Loss: 4.540809903826032 
2025-01-10 10:59:09,590 INFO: Epoch 391, Train Loss: 0.6934794056306192, Test Loss: 0.7259272187948227, Inverse Test Loss: 4.517987387520926 
2025-01-10 10:59:11,491 INFO: Epoch 392, Train Loss: 0.6918160625554006, Test Loss: 0.7270085300718035, Inverse Test Loss: 4.352641514369419 
2025-01-10 10:59:13,334 INFO: Epoch 393, Train Loss: 0.6878113298241152, Test Loss: 0.7253441682883671, Inverse Test Loss: 4.335627692086356 
2025-01-10 10:59:15,067 INFO: Epoch 394, Train Loss: 0.6917673617327978, Test Loss: 0.7253501500402179, Inverse Test Loss: 4.354354313441685 
2025-01-10 10:59:17,021 INFO: Epoch 395, Train Loss: 0.6874963542736998, Test Loss: 0.7275632619857788, Inverse Test Loss: 4.411345345633371 
2025-01-10 10:59:19,030 INFO: Epoch 396, Train Loss: 0.6878782806046512, Test Loss: 0.7281708589621952, Inverse Test Loss: 4.379053388323102 
2025-01-10 10:59:20,843 INFO: Epoch 397, Train Loss: 0.6913888919244119, Test Loss: 0.7273523658514023, Inverse Test Loss: 4.3227402823311945 
2025-01-10 10:59:22,635 INFO: Epoch 398, Train Loss: 0.684058430544827, Test Loss: 0.7274268823010581, Inverse Test Loss: 4.354978016444615 
2025-01-10 10:59:24,303 INFO: Epoch 399, Train Loss: 0.6882399911180549, Test Loss: 0.7264183674539838, Inverse Test Loss: 4.2475433349609375 
2025-01-10 10:59:26,028 INFO: Epoch 400, Train Loss: 0.6890558939461314, Test Loss: 0.7272385252373559, Inverse Test Loss: 4.317503792898996 
2025-01-10 10:59:26,028 INFO: Best Epoch 85, Best Test Loss: 0.7177801962409701 
2025-01-10 10:59:27,940 INFO: Epoch 401, Train Loss: 0.6876346529076952, Test Loss: 0.7294054691280637, Inverse Test Loss: 4.408164705548968 
2025-01-10 10:59:29,712 INFO: Epoch 402, Train Loss: 0.6888868327534526, Test Loss: 0.7262592571122306, Inverse Test Loss: 4.27311761038644 
2025-01-10 10:59:31,645 INFO: Epoch 403, Train Loss: 0.6912058728550552, Test Loss: 0.7279316761663982, Inverse Test Loss: 4.332497460501535 
2025-01-10 10:59:33,560 INFO: Epoch 404, Train Loss: 0.6874272325716981, Test Loss: 0.7289929070643016, Inverse Test Loss: 4.373757498604911 
2025-01-10 10:59:35,241 INFO: Epoch 405, Train Loss: 0.6910376302692869, Test Loss: 0.7288723417690822, Inverse Test Loss: 4.391475132533482 
2025-01-10 10:59:36,983 INFO: Epoch 406, Train Loss: 0.6888205141102502, Test Loss: 0.7297604318175998, Inverse Test Loss: 4.445434842790876 
2025-01-10 10:59:38,629 INFO: Epoch 407, Train Loss: 0.6882063669895907, Test Loss: 0.7269945868424007, Inverse Test Loss: 4.370966502598354 
2025-01-10 10:59:40,353 INFO: Epoch 408, Train Loss: 0.6867106917801253, Test Loss: 0.7287391913788659, Inverse Test Loss: 4.429384504045759 
2025-01-10 10:59:42,062 INFO: Epoch 409, Train Loss: 0.6881587855312803, Test Loss: 0.7276053854397365, Inverse Test Loss: 4.412315368652344 
2025-01-10 10:59:43,897 INFO: Epoch 410, Train Loss: 0.687569551511642, Test Loss: 0.7299840812172208, Inverse Test Loss: 4.451733997889927 
2025-01-10 10:59:45,560 INFO: Epoch 411, Train Loss: 0.689451983215612, Test Loss: 0.7279185759169715, Inverse Test Loss: 4.455889020647321 
2025-01-10 10:59:47,393 INFO: Epoch 412, Train Loss: 0.6873390269935677, Test Loss: 0.7263140039784568, Inverse Test Loss: 4.368246895926339 
2025-01-10 10:59:49,315 INFO: Epoch 413, Train Loss: 0.6891137481829442, Test Loss: 0.7275105352912631, Inverse Test Loss: 4.390042986188616 
2025-01-10 10:59:51,376 INFO: Epoch 414, Train Loss: 0.6909599790879346, Test Loss: 0.7284158510821206, Inverse Test Loss: 4.32208606175014 
2025-01-10 10:59:53,093 INFO: Epoch 415, Train Loss: 0.6848140473759502, Test Loss: 0.728807868702071, Inverse Test Loss: 4.410857881818499 
2025-01-10 10:59:54,962 INFO: Epoch 416, Train Loss: 0.6871579502700665, Test Loss: 0.7311877650874001, Inverse Test Loss: 4.440678460257394 
2025-01-10 10:59:56,678 INFO: Epoch 417, Train Loss: 0.6866568764415356, Test Loss: 0.7276439475161689, Inverse Test Loss: 4.273483003888812 
2025-01-10 10:59:58,339 INFO: Epoch 418, Train Loss: 0.6878267767232492, Test Loss: 0.7281117205108915, Inverse Test Loss: 4.280726024082729 
2025-01-10 11:00:00,153 INFO: Epoch 419, Train Loss: 0.6894808181928932, Test Loss: 0.7311149686574936, Inverse Test Loss: 4.3785795484270364 
2025-01-10 11:00:01,981 INFO: Epoch 420, Train Loss: 0.6865183798544997, Test Loss: 0.7287609981639045, Inverse Test Loss: 4.272245952061245 
2025-01-10 11:00:03,790 INFO: Epoch 421, Train Loss: 0.6856934143862593, Test Loss: 0.7271120292799813, Inverse Test Loss: 4.327159336635044 
2025-01-10 11:00:05,487 INFO: Epoch 422, Train Loss: 0.6853878684000138, Test Loss: 0.7289609270436423, Inverse Test Loss: 4.362679072788784 
2025-01-10 11:00:07,231 INFO: Epoch 423, Train Loss: 0.6910218481623799, Test Loss: 0.7291933936732156, Inverse Test Loss: 4.315363202776227 
2025-01-10 11:00:08,975 INFO: Epoch 424, Train Loss: 0.6880988533343744, Test Loss: 0.7307910259280886, Inverse Test Loss: 4.418333326067243 
2025-01-10 11:00:10,853 INFO: Epoch 425, Train Loss: 0.6856960894864633, Test Loss: 0.7272181383201054, Inverse Test Loss: 4.207853862217495 
2025-01-10 11:00:12,585 INFO: Epoch 426, Train Loss: 0.6854888736654859, Test Loss: 0.7280955697808947, Inverse Test Loss: 4.300613130841937 
2025-01-10 11:00:14,339 INFO: Epoch 427, Train Loss: 0.6891936539509974, Test Loss: 0.7296214061123985, Inverse Test Loss: 4.404622759137835 
2025-01-10 11:00:15,996 INFO: Epoch 428, Train Loss: 0.6835320684887948, Test Loss: 0.7305718255894524, Inverse Test Loss: 4.4356553213936945 
2025-01-10 11:00:17,672 INFO: Epoch 429, Train Loss: 0.6873519382345568, Test Loss: 0.7314391583204269, Inverse Test Loss: 4.459031241280692 
2025-01-10 11:00:19,589 INFO: Epoch 430, Train Loss: 0.6856953622004308, Test Loss: 0.7273827918938228, Inverse Test Loss: 4.3727937425885886 
2025-01-10 11:00:21,376 INFO: Epoch 431, Train Loss: 0.6870847683434093, Test Loss: 0.7290140965155193, Inverse Test Loss: 4.346466609409878 
2025-01-10 11:00:23,091 INFO: Epoch 432, Train Loss: 0.6823179896818389, Test Loss: 0.7289370426109859, Inverse Test Loss: 4.235169001988003 
2025-01-10 11:00:24,832 INFO: Epoch 433, Train Loss: 0.6870032751232112, Test Loss: 0.7322481977088111, Inverse Test Loss: 4.434424264090402 
2025-01-10 11:00:26,581 INFO: Epoch 434, Train Loss: 0.6862449410858504, Test Loss: 0.7278253414801189, Inverse Test Loss: 4.294379643031529 
2025-01-10 11:00:28,417 INFO: Epoch 435, Train Loss: 0.6910541823150915, Test Loss: 0.7280798362834113, Inverse Test Loss: 4.340366363525391 
2025-01-10 11:00:30,038 INFO: Epoch 436, Train Loss: 0.6840430640299385, Test Loss: 0.730074575969151, Inverse Test Loss: 4.311925888061523 
2025-01-10 11:00:31,696 INFO: Epoch 437, Train Loss: 0.6851612471659249, Test Loss: 0.7258262208529881, Inverse Test Loss: 4.285975047520229 
2025-01-10 11:00:33,897 INFO: Epoch 438, Train Loss: 0.6883532087737267, Test Loss: 0.7278839860643659, Inverse Test Loss: 4.390656879970005 
2025-01-10 11:00:35,786 INFO: Epoch 439, Train Loss: 0.6860222165737677, Test Loss: 0.7312503691230502, Inverse Test Loss: 4.438638959612165 
2025-01-10 11:00:37,841 INFO: Epoch 440, Train Loss: 0.6839665327597102, Test Loss: 0.7271943347794669, Inverse Test Loss: 4.392430986676898 
2025-01-10 11:00:39,781 INFO: Epoch 441, Train Loss: 0.6864561990860405, Test Loss: 0.7260299750736782, Inverse Test Loss: 4.420968191964286 
2025-01-10 11:00:41,667 INFO: Epoch 442, Train Loss: 0.6862881653899446, Test Loss: 0.7260981542723519, Inverse Test Loss: 4.369786126273019 
2025-01-10 11:00:43,355 INFO: Epoch 443, Train Loss: 0.6841086280455283, Test Loss: 0.7277751756565911, Inverse Test Loss: 4.326390402657645 
2025-01-10 11:00:45,060 INFO: Epoch 444, Train Loss: 0.688052741759414, Test Loss: 0.7272257847445351, Inverse Test Loss: 4.4276692526681085 
2025-01-10 11:00:47,015 INFO: Epoch 445, Train Loss: 0.6842665464506237, Test Loss: 0.72944333084992, Inverse Test Loss: 4.413976124354771 
2025-01-10 11:00:48,908 INFO: Epoch 446, Train Loss: 0.684124112676043, Test Loss: 0.7244687420981271, Inverse Test Loss: 4.34860474722726 
2025-01-10 11:00:50,806 INFO: Epoch 447, Train Loss: 0.684416974356415, Test Loss: 0.724452263542584, Inverse Test Loss: 4.410249982561384 
2025-01-10 11:00:52,648 INFO: Epoch 448, Train Loss: 0.6837444217926866, Test Loss: 0.726896386061396, Inverse Test Loss: 4.4598685673304965 
2025-01-10 11:00:54,334 INFO: Epoch 449, Train Loss: 0.6862515725127054, Test Loss: 0.7292944682495934, Inverse Test Loss: 4.456835338047573 
2025-01-10 11:00:56,080 INFO: Epoch 450, Train Loss: 0.6824350608598202, Test Loss: 0.7296656242438725, Inverse Test Loss: 4.470188958304269 
2025-01-10 11:00:57,751 INFO: Epoch 451, Train Loss: 0.6846580406941405, Test Loss: 0.7265677601099014, Inverse Test Loss: 4.31501715523856 
2025-01-10 11:00:59,384 INFO: Epoch 452, Train Loss: 0.6865840220670087, Test Loss: 0.7290974727698735, Inverse Test Loss: 4.35658209664481 
2025-01-10 11:01:01,039 INFO: Epoch 453, Train Loss: 0.6836079884012904, Test Loss: 0.7295953950711659, Inverse Test Loss: 4.451527186802456 
2025-01-10 11:01:02,644 INFO: Epoch 454, Train Loss: 0.6854024261509607, Test Loss: 0.7280019862311227, Inverse Test Loss: 4.452420370919364 
2025-01-10 11:01:04,309 INFO: Epoch 455, Train Loss: 0.6855501827843692, Test Loss: 0.7257381464753833, Inverse Test Loss: 4.384610039847238 
2025-01-10 11:01:06,057 INFO: Epoch 456, Train Loss: 0.6840349577982491, Test Loss: 0.7274048519986016, Inverse Test Loss: 4.348595755440848 
2025-01-10 11:01:07,704 INFO: Epoch 457, Train Loss: 0.6848346569122524, Test Loss: 0.72807990866048, Inverse Test Loss: 4.407154628208706 
2025-01-10 11:01:09,682 INFO: Epoch 458, Train Loss: 0.6809360212689146, Test Loss: 0.7272484004497528, Inverse Test Loss: 4.412379401070731 
2025-01-10 11:01:11,704 INFO: Epoch 459, Train Loss: 0.6824328505664791, Test Loss: 0.728038781455585, Inverse Test Loss: 4.380045209612165 
2025-01-10 11:01:13,558 INFO: Epoch 460, Train Loss: 0.682128110610017, Test Loss: 0.7287829901490893, Inverse Test Loss: 4.404187611171177 
2025-01-10 11:01:15,479 INFO: Epoch 461, Train Loss: 0.6860362679586498, Test Loss: 0.7289868146181107, Inverse Test Loss: 4.446531568254743 
2025-01-10 11:01:17,251 INFO: Epoch 462, Train Loss: 0.6841958640912257, Test Loss: 0.7287342165197644, Inverse Test Loss: 4.383222579956055 
2025-01-10 11:01:19,278 INFO: Epoch 463, Train Loss: 0.682480799495627, Test Loss: 0.7312309465238026, Inverse Test Loss: 4.418257849557059 
2025-01-10 11:01:21,107 INFO: Epoch 464, Train Loss: 0.6842388193541711, Test Loss: 0.7288331091403961, Inverse Test Loss: 4.343279702322824 
2025-01-10 11:01:22,876 INFO: Epoch 465, Train Loss: 0.6819760668168374, Test Loss: 0.7263161561318806, Inverse Test Loss: 4.319750104631696 
2025-01-10 11:01:24,769 INFO: Epoch 466, Train Loss: 0.6811902479294243, Test Loss: 0.7257909732205527, Inverse Test Loss: 4.347600664411273 
2025-01-10 11:01:26,561 INFO: Epoch 467, Train Loss: 0.6824952626447065, Test Loss: 0.7281290590763092, Inverse Test Loss: 4.366194861275809 
2025-01-10 11:01:28,515 INFO: Epoch 468, Train Loss: 0.6823774067633742, Test Loss: 0.7273256480693817, Inverse Test Loss: 4.178556714739118 
2025-01-10 11:01:30,208 INFO: Epoch 469, Train Loss: 0.684953830657749, Test Loss: 0.7284337558916637, Inverse Test Loss: 4.227388381958008 
2025-01-10 11:01:31,981 INFO: Epoch 470, Train Loss: 0.6845523348642052, Test Loss: 0.7302421480417252, Inverse Test Loss: 4.4072385515485495 
2025-01-10 11:01:33,572 INFO: Epoch 471, Train Loss: 0.6840941774735757, Test Loss: 0.7287578008004597, Inverse Test Loss: 4.37529536655971 
2025-01-10 11:01:35,102 INFO: Epoch 472, Train Loss: 0.6846694935352431, Test Loss: 0.7298269314425332, Inverse Test Loss: 4.585994175502232 
2025-01-10 11:01:36,610 INFO: Epoch 473, Train Loss: 0.682637801410955, Test Loss: 0.7303856228079114, Inverse Test Loss: 4.507379531860352 
2025-01-10 11:01:38,131 INFO: Epoch 474, Train Loss: 0.6814054163224107, Test Loss: 0.7278354316949844, Inverse Test Loss: 4.450116566249302 
2025-01-10 11:01:39,684 INFO: Epoch 475, Train Loss: 0.6831235967644858, Test Loss: 0.729533959712301, Inverse Test Loss: 4.553126471383231 
2025-01-10 11:01:41,335 INFO: Epoch 476, Train Loss: 0.6817588702254339, Test Loss: 0.7313530487673623, Inverse Test Loss: 4.56499399457659 
2025-01-10 11:01:42,828 INFO: Epoch 477, Train Loss: 0.6814671175195537, Test Loss: 0.729404839021819, Inverse Test Loss: 4.529184068952288 
2025-01-10 11:01:44,435 INFO: Epoch 478, Train Loss: 0.6826475760258666, Test Loss: 0.7299410573073796, Inverse Test Loss: 4.370524815150669 
2025-01-10 11:01:46,127 INFO: Epoch 479, Train Loss: 0.6856591947581789, Test Loss: 0.7277221126215798, Inverse Test Loss: 4.336837496076312 
2025-01-10 11:01:47,652 INFO: Epoch 480, Train Loss: 0.6829212838356647, Test Loss: 0.7284177158560071, Inverse Test Loss: 4.390094757080078 
2025-01-10 11:01:49,190 INFO: Epoch 481, Train Loss: 0.6826817912792941, Test Loss: 0.7250853159597942, Inverse Test Loss: 4.298100880214146 
2025-01-10 11:01:50,731 INFO: Epoch 482, Train Loss: 0.6803664690857634, Test Loss: 0.7285598367452621, Inverse Test Loss: 4.29401615687779 
2025-01-10 11:01:52,268 INFO: Epoch 483, Train Loss: 0.6843880650100358, Test Loss: 0.7295644858053753, Inverse Test Loss: 4.453116280691964 
2025-01-10 11:01:53,798 INFO: Epoch 484, Train Loss: 0.6862078653563053, Test Loss: 0.7277452285800662, Inverse Test Loss: 4.4516176496233255 
2025-01-10 11:01:55,345 INFO: Epoch 485, Train Loss: 0.6808488183065292, Test Loss: 0.7277652301958629, Inverse Test Loss: 4.432461057390485 
2025-01-10 11:01:56,875 INFO: Epoch 486, Train Loss: 0.6843777435635208, Test Loss: 0.7255306733506066, Inverse Test Loss: 4.3339835575648715 
2025-01-10 11:01:58,402 INFO: Epoch 487, Train Loss: 0.6819212666345299, Test Loss: 0.7278471823249545, Inverse Test Loss: 4.4393108912876675 
2025-01-10 11:01:59,919 INFO: Epoch 488, Train Loss: 0.6816395991439119, Test Loss: 0.7299732842615673, Inverse Test Loss: 4.52769524710519 
2025-01-10 11:02:01,451 INFO: Epoch 489, Train Loss: 0.6811221406000469, Test Loss: 0.7280103585549763, Inverse Test Loss: 4.503909519740513 
2025-01-10 11:02:02,975 INFO: Epoch 490, Train Loss: 0.6788193228047922, Test Loss: 0.7315109712736947, Inverse Test Loss: 4.5582155500139505 
2025-01-10 11:02:04,505 INFO: Epoch 491, Train Loss: 0.6782838335824669, Test Loss: 0.7298962729317802, Inverse Test Loss: 4.502541405814035 
2025-01-10 11:02:06,095 INFO: Epoch 492, Train Loss: 0.680673775869772, Test Loss: 0.7272768765687943, Inverse Test Loss: 4.423374720982143 
2025-01-10 11:02:07,654 INFO: Epoch 493, Train Loss: 0.6817241387629728, Test Loss: 0.7289741848196302, Inverse Test Loss: 4.50691168648856 
2025-01-10 11:02:09,182 INFO: Epoch 494, Train Loss: 0.6818118111802898, Test Loss: 0.728931303535189, Inverse Test Loss: 4.506675720214844 
2025-01-10 11:02:10,744 INFO: Epoch 495, Train Loss: 0.6826505327443464, Test Loss: 0.7333870508841106, Inverse Test Loss: 4.459012712751116 
2025-01-10 11:02:12,311 INFO: Epoch 496, Train Loss: 0.6828370969229882, Test Loss: 0.7298973947763443, Inverse Test Loss: 4.540781021118164 
2025-01-10 11:02:13,849 INFO: Epoch 497, Train Loss: 0.6843114467935825, Test Loss: 0.7282653301954269, Inverse Test Loss: 4.536191395350865 
2025-01-10 11:02:15,447 INFO: Epoch 498, Train Loss: 0.681556256539231, Test Loss: 0.7313382412706103, Inverse Test Loss: 4.5177427019391745 
2025-01-10 11:02:17,175 INFO: Epoch 499, Train Loss: 0.6779572077847402, Test Loss: 0.7308194807597569, Inverse Test Loss: 4.437908445085798 
2025-01-10 11:02:18,769 INFO: Epoch 500, Train Loss: 0.6815206118679922, Test Loss: 0.7322925754955837, Inverse Test Loss: 4.4805112566266745 
2025-01-10 11:02:18,769 INFO: Best Epoch 85, Best Test Loss: 0.7177801962409701 
2025-01-10 11:02:20,326 INFO: Epoch 501, Train Loss: 0.6842091988532915, Test Loss: 0.7287425015653882, Inverse Test Loss: 4.346130643572126 
2025-01-10 11:02:21,863 INFO: Epoch 502, Train Loss: 0.6792218417202661, Test Loss: 0.7316271662712097, Inverse Test Loss: 4.4685322897774835 
2025-01-10 11:02:23,394 INFO: Epoch 503, Train Loss: 0.6799945246189012, Test Loss: 0.7297929312501635, Inverse Test Loss: 4.5387532370431085 
2025-01-10 11:02:24,930 INFO: Epoch 504, Train Loss: 0.6795599865257194, Test Loss: 0.7288071257727486, Inverse Test Loss: 4.39660154070173 
2025-01-10 11:02:26,518 INFO: Epoch 505, Train Loss: 0.6794772684027296, Test Loss: 0.7293963772909982, Inverse Test Loss: 4.478593008858817 
2025-01-10 11:02:28,124 INFO: Epoch 506, Train Loss: 0.682866009550357, Test Loss: 0.7284556797572544, Inverse Test Loss: 4.390384674072266 
2025-01-10 11:02:29,729 INFO: Epoch 507, Train Loss: 0.6748457217435224, Test Loss: 0.7289906782763345, Inverse Test Loss: 4.387080328805106 
2025-01-10 11:02:31,272 INFO: Epoch 508, Train Loss: 0.6779646239149462, Test Loss: 0.7300986008984702, Inverse Test Loss: 4.488388334001813 
2025-01-10 11:02:32,803 INFO: Epoch 509, Train Loss: 0.6789471660185298, Test Loss: 0.7293276403631482, Inverse Test Loss: 4.37928090776716 
2025-01-10 11:02:34,354 INFO: Epoch 510, Train Loss: 0.6779533154373869, Test Loss: 0.7289131581783295, Inverse Test Loss: 4.284518105643136 
2025-01-10 11:02:35,951 INFO: Epoch 511, Train Loss: 0.6817239041722148, Test Loss: 0.729149096778461, Inverse Test Loss: 4.373106275285993 
2025-01-10 11:02:37,581 INFO: Epoch 512, Train Loss: 0.6827973592171975, Test Loss: 0.7269345223903656, Inverse Test Loss: 4.2045424325125555 
2025-01-10 11:02:39,174 INFO: Epoch 513, Train Loss: 0.6789777809326801, Test Loss: 0.7274576255253383, Inverse Test Loss: 4.25414058140346 
2025-01-10 11:02:40,797 INFO: Epoch 514, Train Loss: 0.6758415163110155, Test Loss: 0.7296440494912011, Inverse Test Loss: 4.294988087245396 
2025-01-10 11:02:42,357 INFO: Epoch 515, Train Loss: 0.6791096925735474, Test Loss: 0.7255497191633496, Inverse Test Loss: 4.129123142787388 
2025-01-10 11:02:43,890 INFO: Epoch 516, Train Loss: 0.6789611277230289, Test Loss: 0.7284727820328304, Inverse Test Loss: 4.213287898472378 
2025-01-10 11:02:45,645 INFO: Epoch 517, Train Loss: 0.6776002164280742, Test Loss: 0.7306006550788879, Inverse Test Loss: 4.31468391418457 
2025-01-10 11:02:47,322 INFO: Epoch 518, Train Loss: 0.6809248114944598, Test Loss: 0.7286776155233383, Inverse Test Loss: 4.277160099574497 
2025-01-10 11:02:48,909 INFO: Epoch 519, Train Loss: 0.6776108025410853, Test Loss: 0.7294289533581052, Inverse Test Loss: 4.322617667061942 
2025-01-10 11:02:50,736 INFO: Epoch 520, Train Loss: 0.6775536477018934, Test Loss: 0.7302939827953067, Inverse Test Loss: 4.377851213727679 
2025-01-10 11:02:52,310 INFO: Epoch 521, Train Loss: 0.6735058164377825, Test Loss: 0.729216822556087, Inverse Test Loss: 4.23912593296596 
2025-01-10 11:02:53,934 INFO: Epoch 522, Train Loss: 0.6765036353277504, Test Loss: 0.7288997641631535, Inverse Test Loss: 4.318178449358259 
2025-01-10 11:02:55,524 INFO: Epoch 523, Train Loss: 0.6771134931013125, Test Loss: 0.7286825520651681, Inverse Test Loss: 4.346260615757534 
2025-01-10 11:02:57,195 INFO: Epoch 524, Train Loss: 0.6777723054273412, Test Loss: 0.7283601398978915, Inverse Test Loss: 4.29339109148298 
2025-01-10 11:02:58,832 INFO: Epoch 525, Train Loss: 0.678843744304202, Test Loss: 0.7268678716250828, Inverse Test Loss: 4.2663969312395364 
2025-01-10 11:03:00,469 INFO: Epoch 526, Train Loss: 0.6762907390200764, Test Loss: 0.7325135724885123, Inverse Test Loss: 4.225274222237723 
2025-01-10 11:03:02,316 INFO: Epoch 527, Train Loss: 0.681605981577427, Test Loss: 0.7321812893663134, Inverse Test Loss: 4.271680286952427 
2025-01-10 11:03:04,234 INFO: Epoch 528, Train Loss: 0.6773226321290392, Test Loss: 0.7282453775405884, Inverse Test Loss: 4.422543116978237 
2025-01-10 11:03:06,181 INFO: Epoch 529, Train Loss: 0.6794686601796281, Test Loss: 0.7257983045918601, Inverse Test Loss: 4.280056817190988 
2025-01-10 11:03:08,049 INFO: Epoch 530, Train Loss: 0.6780034823155184, Test Loss: 0.7290167042187282, Inverse Test Loss: 4.235741751534598 
2025-01-10 11:03:09,691 INFO: Epoch 531, Train Loss: 0.6765236690503742, Test Loss: 0.7293457750763211, Inverse Test Loss: 4.222648348127093 
2025-01-10 11:03:11,309 INFO: Epoch 532, Train Loss: 0.6782485421644439, Test Loss: 0.7282352213348661, Inverse Test Loss: 4.164216995239258 
2025-01-10 11:03:12,947 INFO: Epoch 533, Train Loss: 0.6774670552769932, Test Loss: 0.7277889485870089, Inverse Test Loss: 4.2874796731131415 
2025-01-10 11:03:14,514 INFO: Epoch 534, Train Loss: 0.6752488520167289, Test Loss: 0.7293922688279834, Inverse Test Loss: 4.382414136614118 
2025-01-10 11:03:16,196 INFO: Epoch 535, Train Loss: 0.6772139488010231, Test Loss: 0.7291182747909001, Inverse Test Loss: 4.264611652919224 
2025-01-10 11:03:17,865 INFO: Epoch 536, Train Loss: 0.6797320252164788, Test Loss: 0.7310850726706641, Inverse Test Loss: 4.463979993547712 
2025-01-10 11:03:19,574 INFO: Epoch 537, Train Loss: 0.6770055649477408, Test Loss: 0.7263881457703454, Inverse Test Loss: 4.282112394060407 
2025-01-10 11:03:21,297 INFO: Epoch 538, Train Loss: 0.674609576890228, Test Loss: 0.7292260442461286, Inverse Test Loss: 4.440597806658063 
2025-01-10 11:03:23,013 INFO: Epoch 539, Train Loss: 0.6791926556770954, Test Loss: 0.7279641457966396, Inverse Test Loss: 4.488276617867606 
2025-01-10 11:03:24,936 INFO: Epoch 540, Train Loss: 0.6768965540675942, Test Loss: 0.7298860677650997, Inverse Test Loss: 4.406318392072405 
2025-01-10 11:03:26,736 INFO: Epoch 541, Train Loss: 0.6778131471861393, Test Loss: 0.7311491242476872, Inverse Test Loss: 4.558247429983957 
2025-01-10 11:03:28,472 INFO: Epoch 542, Train Loss: 0.6758422900777344, Test Loss: 0.7320635446480342, Inverse Test Loss: 4.458676746913365 
2025-01-10 11:03:30,309 INFO: Epoch 543, Train Loss: 0.679590367942775, Test Loss: 0.7310467106955392, Inverse Test Loss: 4.409787314278739 
2025-01-10 11:03:32,313 INFO: Epoch 544, Train Loss: 0.6761262613698977, Test Loss: 0.7296725788286754, Inverse Test Loss: 4.491159166608538 
2025-01-10 11:03:33,928 INFO: Epoch 545, Train Loss: 0.6746297090425404, Test Loss: 0.7280429559094566, Inverse Test Loss: 4.387217930385044 
2025-01-10 11:03:35,842 INFO: Epoch 546, Train Loss: 0.6755903242924891, Test Loss: 0.7301470679896218, Inverse Test Loss: 4.2609598977225165 
2025-01-10 11:03:37,760 INFO: Epoch 547, Train Loss: 0.6780533353123096, Test Loss: 0.7295608179909843, Inverse Test Loss: 4.3787800925118585 
2025-01-10 11:03:39,561 INFO: Epoch 548, Train Loss: 0.6782466938736242, Test Loss: 0.7289297048534665, Inverse Test Loss: 4.415690013340542 
2025-01-10 11:03:41,492 INFO: Epoch 549, Train Loss: 0.6738204141275599, Test Loss: 0.7302286752632686, Inverse Test Loss: 4.392823900495257 
2025-01-10 11:03:43,426 INFO: Epoch 550, Train Loss: 0.676149887776156, Test Loss: 0.7280648201704025, Inverse Test Loss: 4.197601318359375 
2025-01-10 11:03:45,368 INFO: Epoch 551, Train Loss: 0.6759504714143385, Test Loss: 0.7308619426829475, Inverse Test Loss: 4.426562173025949 
2025-01-10 11:03:46,894 INFO: Epoch 552, Train Loss: 0.6750745029624449, Test Loss: 0.730055740901402, Inverse Test Loss: 4.280506678989956 
2025-01-10 11:03:48,483 INFO: Epoch 553, Train Loss: 0.6792730571479972, Test Loss: 0.7308295645884105, Inverse Test Loss: 4.237690516880581 
2025-01-10 11:03:50,115 INFO: Epoch 554, Train Loss: 0.6778886394763212, Test Loss: 0.7321016298873084, Inverse Test Loss: 4.2486531393868585 
2025-01-10 11:03:51,732 INFO: Epoch 555, Train Loss: 0.6746017063429596, Test Loss: 0.7276843743664878, Inverse Test Loss: 4.156591142926898 
2025-01-10 11:03:53,347 INFO: Epoch 556, Train Loss: 0.6774616591427305, Test Loss: 0.7299717324120658, Inverse Test Loss: 4.19099235534668 
2025-01-10 11:03:54,924 INFO: Epoch 557, Train Loss: 0.6737730016402148, Test Loss: 0.7310996651649475, Inverse Test Loss: 4.367282594953265 
2025-01-10 11:03:56,497 INFO: Epoch 558, Train Loss: 0.6768742340420364, Test Loss: 0.7311684680836541, Inverse Test Loss: 4.356694902692523 
2025-01-10 11:03:58,045 INFO: Epoch 559, Train Loss: 0.6753890815131162, Test Loss: 0.7312066150563103, Inverse Test Loss: 4.33537346976144 
2025-01-10 11:03:59,633 INFO: Epoch 560, Train Loss: 0.6769063040750836, Test Loss: 0.7287276855536869, Inverse Test Loss: 4.386877877371652 
2025-01-10 11:04:01,242 INFO: Epoch 561, Train Loss: 0.6763696517419377, Test Loss: 0.7305531310183662, Inverse Test Loss: 4.3324465070452005 
2025-01-10 11:04:02,801 INFO: Epoch 562, Train Loss: 0.6755962743671662, Test Loss: 0.730816017304148, Inverse Test Loss: 4.375861304146903 
2025-01-10 11:04:04,340 INFO: Epoch 563, Train Loss: 0.6734735654034746, Test Loss: 0.73000339950834, Inverse Test Loss: 4.29792731148856 
2025-01-10 11:04:06,090 INFO: Epoch 564, Train Loss: 0.6731402234199944, Test Loss: 0.7328864974634988, Inverse Test Loss: 4.3134275163922995 
2025-01-10 11:04:07,948 INFO: Epoch 565, Train Loss: 0.6753570207762062, Test Loss: 0.7296264831508908, Inverse Test Loss: 4.1276059831891745 
2025-01-10 11:04:09,860 INFO: Epoch 566, Train Loss: 0.6749080676551259, Test Loss: 0.7304665169545582, Inverse Test Loss: 4.210291726248605 
2025-01-10 11:04:11,757 INFO: Epoch 567, Train Loss: 0.6740727484773058, Test Loss: 0.7309062864099231, Inverse Test Loss: 4.094052178519113 
2025-01-10 11:04:13,655 INFO: Epoch 568, Train Loss: 0.6731953795896758, Test Loss: 0.730218197618212, Inverse Test Loss: 4.332701001848493 
2025-01-10 11:04:15,241 INFO: Epoch 569, Train Loss: 0.6771049565131512, Test Loss: 0.7305052408150264, Inverse Test Loss: 4.252237047467913 
2025-01-10 11:04:16,819 INFO: Epoch 570, Train Loss: 0.675547869380461, Test Loss: 0.7311471956116813, Inverse Test Loss: 4.357692718505859 
2025-01-10 11:04:18,345 INFO: Epoch 571, Train Loss: 0.6740606099093726, Test Loss: 0.7305833378008434, Inverse Test Loss: 4.267242431640625 
2025-01-10 11:04:19,952 INFO: Epoch 572, Train Loss: 0.6702873146315234, Test Loss: 0.7301452521766935, Inverse Test Loss: 4.222132546561105 
2025-01-10 11:04:21,543 INFO: Epoch 573, Train Loss: 0.6722385309158115, Test Loss: 0.7297200049672808, Inverse Test Loss: 4.017677579607282 
2025-01-10 11:04:23,096 INFO: Epoch 574, Train Loss: 0.6756399782425767, Test Loss: 0.7313422177519117, Inverse Test Loss: 4.1612557002476285 
2025-01-10 11:04:24,622 INFO: Epoch 575, Train Loss: 0.6743627950685833, Test Loss: 0.7287526769297463, Inverse Test Loss: 4.138237544468471 
2025-01-10 11:04:26,145 INFO: Epoch 576, Train Loss: 0.6748193146985605, Test Loss: 0.7279938608407974, Inverse Test Loss: 4.113839285714286 
2025-01-10 11:04:27,776 INFO: Epoch 577, Train Loss: 0.6741064754101115, Test Loss: 0.7298688079629626, Inverse Test Loss: 4.130269459315708 
2025-01-10 11:04:29,308 INFO: Epoch 578, Train Loss: 0.6743993310753359, Test Loss: 0.7306182150329862, Inverse Test Loss: 4.226053510393415 
2025-01-10 11:04:30,912 INFO: Epoch 579, Train Loss: 0.6720584275525644, Test Loss: 0.7299099756138665, Inverse Test Loss: 4.21228517804827 
2025-01-10 11:04:32,491 INFO: Epoch 580, Train Loss: 0.6744101080325765, Test Loss: 0.7311041589294162, Inverse Test Loss: 4.225970132010324 
2025-01-10 11:04:34,075 INFO: Epoch 581, Train Loss: 0.6738415776042763, Test Loss: 0.7290940689189094, Inverse Test Loss: 4.130274908883231 
2025-01-10 11:04:35,700 INFO: Epoch 582, Train Loss: 0.6736065214927044, Test Loss: 0.7283943636076791, Inverse Test Loss: 4.299499784197126 
2025-01-10 11:04:37,330 INFO: Epoch 583, Train Loss: 0.6733676840405945, Test Loss: 0.7309334192957196, Inverse Test Loss: 4.3210152217320035 
2025-01-10 11:04:38,864 INFO: Epoch 584, Train Loss: 0.6709297146272222, Test Loss: 0.7321016171148845, Inverse Test Loss: 4.350678035191128 
2025-01-10 11:04:40,432 INFO: Epoch 585, Train Loss: 0.6766512005700978, Test Loss: 0.7314224477325167, Inverse Test Loss: 4.26006589617048 
2025-01-10 11:04:42,241 INFO: Epoch 586, Train Loss: 0.6711480311297495, Test Loss: 0.7300443393843514, Inverse Test Loss: 4.287686484200614 
2025-01-10 11:04:43,980 INFO: Epoch 587, Train Loss: 0.6730211358004754, Test Loss: 0.7304697760513851, Inverse Test Loss: 4.349996839250837 
2025-01-10 11:04:45,849 INFO: Epoch 588, Train Loss: 0.6732341094848213, Test Loss: 0.7310133065496173, Inverse Test Loss: 4.423295974731445 
2025-01-10 11:04:47,484 INFO: Epoch 589, Train Loss: 0.6724111730352454, Test Loss: 0.7296988027436393, Inverse Test Loss: 4.317479269845145 
2025-01-10 11:04:49,105 INFO: Epoch 590, Train Loss: 0.670869384336909, Test Loss: 0.7319226903574807, Inverse Test Loss: 4.443200792585101 
2025-01-10 11:04:50,731 INFO: Epoch 591, Train Loss: 0.6715646167413905, Test Loss: 0.728187443954604, Inverse Test Loss: 4.214023590087891 
2025-01-10 11:04:52,450 INFO: Epoch 592, Train Loss: 0.676842866140768, Test Loss: 0.7301797419786453, Inverse Test Loss: 4.296304430280413 
2025-01-10 11:04:54,375 INFO: Epoch 593, Train Loss: 0.6705123218921346, Test Loss: 0.7293365299701691, Inverse Test Loss: 4.334573745727539 
2025-01-10 11:04:56,259 INFO: Epoch 594, Train Loss: 0.6737322446403153, Test Loss: 0.7282689724649701, Inverse Test Loss: 4.244732992989676 
2025-01-10 11:04:58,265 INFO: Epoch 595, Train Loss: 0.6726831629735615, Test Loss: 0.729126825928688, Inverse Test Loss: 4.220008305140904 
2025-01-10 11:05:00,041 INFO: Epoch 596, Train Loss: 0.6697251156929436, Test Loss: 0.7319872358015606, Inverse Test Loss: 4.321644101824079 
2025-01-10 11:05:02,002 INFO: Epoch 597, Train Loss: 0.6714744644427518, Test Loss: 0.7311479129961559, Inverse Test Loss: 4.340911865234375 
2025-01-10 11:05:03,874 INFO: Epoch 598, Train Loss: 0.6727108769460556, Test Loss: 0.7312511141811099, Inverse Test Loss: 4.189488819667271 
2025-01-10 11:05:05,680 INFO: Epoch 599, Train Loss: 0.6721018202807925, Test Loss: 0.7317142188549042, Inverse Test Loss: 4.263551984514509 
2025-01-10 11:05:07,511 INFO: Epoch 600, Train Loss: 0.6743859003443237, Test Loss: 0.7307561380522591, Inverse Test Loss: 4.324243545532227 
2025-01-10 11:05:07,513 INFO: Best Epoch 85, Best Test Loss: 0.7177801962409701 
2025-01-10 11:05:09,447 INFO: Epoch 601, Train Loss: 0.6699520587374311, Test Loss: 0.7309923448732921, Inverse Test Loss: 4.167367935180664 
2025-01-10 11:05:11,338 INFO: Epoch 602, Train Loss: 0.6718539092518868, Test Loss: 0.7302712351083755, Inverse Test Loss: 4.195226669311523 
2025-01-10 11:05:13,380 INFO: Epoch 603, Train Loss: 0.6721133004634752, Test Loss: 0.7312954387494496, Inverse Test Loss: 4.2426847730364114 
2025-01-10 11:05:15,296 INFO: Epoch 604, Train Loss: 0.6704520348015182, Test Loss: 0.7311796694993973, Inverse Test Loss: 4.5007059914725165 
2025-01-10 11:05:17,292 INFO: Epoch 605, Train Loss: 0.6708741004860729, Test Loss: 0.7308452065501895, Inverse Test Loss: 4.374235153198242 
2025-01-10 11:05:19,238 INFO: Epoch 606, Train Loss: 0.670237541745562, Test Loss: 0.7306885698011943, Inverse Test Loss: 4.318986075265067 
2025-01-10 11:05:21,196 INFO: Epoch 607, Train Loss: 0.6693600219324094, Test Loss: 0.729192065341132, Inverse Test Loss: 4.44347790309361 
2025-01-10 11:05:23,067 INFO: Epoch 608, Train Loss: 0.6704075095850394, Test Loss: 0.7307340055704117, Inverse Test Loss: 4.42026002066476 
2025-01-10 11:05:24,686 INFO: Epoch 609, Train Loss: 0.6719011341759918, Test Loss: 0.7312792433159692, Inverse Test Loss: 4.266374860491071 
2025-01-10 11:05:26,276 INFO: Epoch 610, Train Loss: 0.6726566624203953, Test Loss: 0.7300647965499333, Inverse Test Loss: 4.368031365530832 
2025-01-10 11:05:27,850 INFO: Epoch 611, Train Loss: 0.670383905052045, Test Loss: 0.7304646266358239, Inverse Test Loss: 4.29580443246024 
2025-01-10 11:05:29,727 INFO: Epoch 612, Train Loss: 0.6719152161834436, Test Loss: 0.7310060496841159, Inverse Test Loss: 4.393199648175921 
2025-01-10 11:05:31,731 INFO: Epoch 613, Train Loss: 0.672358095099073, Test Loss: 0.7305743992328644, Inverse Test Loss: 4.311809812273298 
2025-01-10 11:05:33,325 INFO: Epoch 614, Train Loss: 0.6715052745757847, Test Loss: 0.7329300791025162, Inverse Test Loss: 4.4382316044398715 
2025-01-10 11:05:35,089 INFO: Epoch 615, Train Loss: 0.6722430116539702, Test Loss: 0.7303524783679417, Inverse Test Loss: 4.344617571149554 
2025-01-10 11:05:36,789 INFO: Epoch 616, Train Loss: 0.6722505721477193, Test Loss: 0.7318819037505558, Inverse Test Loss: 4.4116091047014505 
2025-01-10 11:05:38,391 INFO: Epoch 617, Train Loss: 0.670495117476227, Test Loss: 0.7322475484439305, Inverse Test Loss: 4.294080461774554 
2025-01-10 11:05:40,045 INFO: Epoch 618, Train Loss: 0.6737272187110481, Test Loss: 0.7289848412786212, Inverse Test Loss: 4.370861053466797 
2025-01-10 11:05:41,917 INFO: Epoch 619, Train Loss: 0.6730819940567017, Test Loss: 0.7304769307374954, Inverse Test Loss: 4.456001009259905 
2025-01-10 11:05:43,667 INFO: Epoch 620, Train Loss: 0.6744606434752088, Test Loss: 0.7320410843406405, Inverse Test Loss: 4.348983492170062 
2025-01-10 11:05:45,415 INFO: Epoch 621, Train Loss: 0.6747243349705268, Test Loss: 0.7331381823335376, Inverse Test Loss: 4.463115692138672 
2025-01-10 11:05:47,235 INFO: Epoch 622, Train Loss: 0.6680595984152697, Test Loss: 0.7323320933750698, Inverse Test Loss: 4.268826348440988 
2025-01-10 11:05:49,215 INFO: Epoch 623, Train Loss: 0.6739757143029379, Test Loss: 0.7302289413554328, Inverse Test Loss: 4.362508773803711 
2025-01-10 11:05:51,002 INFO: Epoch 624, Train Loss: 0.6701811754375423, Test Loss: 0.7338371936764035, Inverse Test Loss: 4.498713629586356 
2025-01-10 11:05:52,969 INFO: Epoch 625, Train Loss: 0.6731261731287755, Test Loss: 0.7301983769450869, Inverse Test Loss: 4.310690743582589 
2025-01-10 11:05:54,586 INFO: Epoch 626, Train Loss: 0.6734849947308181, Test Loss: 0.7297903043883187, Inverse Test Loss: 4.439774649483817 
2025-01-10 11:05:56,498 INFO: Epoch 627, Train Loss: 0.6705551959505869, Test Loss: 0.7309290042945317, Inverse Test Loss: 4.408714839390346 
2025-01-10 11:05:58,444 INFO: Epoch 628, Train Loss: 0.6730159417204901, Test Loss: 0.7323655911854335, Inverse Test Loss: 4.453882217407227 
2025-01-10 11:06:00,095 INFO: Epoch 629, Train Loss: 0.6684510483654267, Test Loss: 0.7308233422892434, Inverse Test Loss: 4.450534820556641 
2025-01-10 11:06:01,966 INFO: Epoch 630, Train Loss: 0.669470967502769, Test Loss: 0.7312636439289365, Inverse Test Loss: 4.386468342372349 
2025-01-10 11:06:03,678 INFO: Epoch 631, Train Loss: 0.6728432933124927, Test Loss: 0.7293352910450527, Inverse Test Loss: 4.355068479265485 
2025-01-10 11:06:05,586 INFO: Epoch 632, Train Loss: 0.6697940547531898, Test Loss: 0.7327210945742471, Inverse Test Loss: 4.4694061279296875 
2025-01-10 11:06:07,610 INFO: Epoch 633, Train Loss: 0.6690480162244324, Test Loss: 0.7295827099255153, Inverse Test Loss: 4.302357264927456 
2025-01-10 11:06:09,539 INFO: Epoch 634, Train Loss: 0.6703464071685021, Test Loss: 0.7291215275015149, Inverse Test Loss: 4.327291488647461 
2025-01-10 11:06:11,343 INFO: Epoch 635, Train Loss: 0.6709590089430503, Test Loss: 0.7299475393124989, Inverse Test Loss: 4.381089346749442 
2025-01-10 11:06:12,861 INFO: Epoch 636, Train Loss: 0.6691315411974531, Test Loss: 0.7334182645593371, Inverse Test Loss: 4.548743384225028 
2025-01-10 11:06:14,376 INFO: Epoch 637, Train Loss: 0.6704226721317397, Test Loss: 0.7314627873046058, Inverse Test Loss: 4.47308485848563 
2025-01-10 11:06:15,936 INFO: Epoch 638, Train Loss: 0.6657631315222574, Test Loss: 0.7311069028718131, Inverse Test Loss: 4.3285320826939175 
2025-01-10 11:06:17,482 INFO: Epoch 639, Train Loss: 0.6693465162854676, Test Loss: 0.7315566263028553, Inverse Test Loss: 4.384696415492466 
2025-01-10 11:06:19,017 INFO: Epoch 640, Train Loss: 0.6709255026567966, Test Loss: 0.7324045108897346, Inverse Test Loss: 4.427873611450195 
2025-01-10 11:06:20,544 INFO: Epoch 641, Train Loss: 0.6697769143165798, Test Loss: 0.7343987481934684, Inverse Test Loss: 4.419634410313198 
2025-01-10 11:06:22,058 INFO: Epoch 642, Train Loss: 0.6699933344071064, Test Loss: 0.7311001760619027, Inverse Test Loss: 4.433262961251395 
2025-01-10 11:06:23,565 INFO: Epoch 643, Train Loss: 0.668230647340827, Test Loss: 0.7296589719397681, Inverse Test Loss: 4.26380729675293 
2025-01-10 11:06:25,073 INFO: Epoch 644, Train Loss: 0.6680609917421954, Test Loss: 0.7303831556013652, Inverse Test Loss: 4.343690872192383 
2025-01-10 11:06:26,604 INFO: Epoch 645, Train Loss: 0.668469523071149, Test Loss: 0.7339196928909847, Inverse Test Loss: 4.425992965698242 
2025-01-10 11:06:28,119 INFO: Epoch 646, Train Loss: 0.6677217461647244, Test Loss: 0.7338707340615136, Inverse Test Loss: 4.4167938232421875 
2025-01-10 11:06:29,626 INFO: Epoch 647, Train Loss: 0.6669364374711972, Test Loss: 0.7329645263297218, Inverse Test Loss: 4.3775016239711215 
2025-01-10 11:06:31,154 INFO: Epoch 648, Train Loss: 0.6677766494247892, Test Loss: 0.7318130135536194, Inverse Test Loss: 4.367573329380581 
2025-01-10 11:06:32,707 INFO: Epoch 649, Train Loss: 0.6694516052893542, Test Loss: 0.7333246831383023, Inverse Test Loss: 4.464442389351981 
2025-01-10 11:06:34,271 INFO: Epoch 650, Train Loss: 0.6702942629472926, Test Loss: 0.7346754840442112, Inverse Test Loss: 4.241912569318499 
2025-01-10 11:06:35,840 INFO: Epoch 651, Train Loss: 0.66815625144801, Test Loss: 0.7342121515955243, Inverse Test Loss: 4.3688973018101285 
2025-01-10 11:06:37,405 INFO: Epoch 652, Train Loss: 0.6682479212043482, Test Loss: 0.7307756266423634, Inverse Test Loss: 4.17285646711077 
2025-01-10 11:06:38,961 INFO: Epoch 653, Train Loss: 0.6694484856150565, Test Loss: 0.7316438066107886, Inverse Test Loss: 4.297309058053153 
2025-01-10 11:06:40,517 INFO: Epoch 654, Train Loss: 0.6683237487023029, Test Loss: 0.7325149923563004, Inverse Test Loss: 4.357054029192243 
2025-01-10 11:06:42,209 INFO: Epoch 655, Train Loss: 0.6638464432790738, Test Loss: 0.7319304559912, Inverse Test Loss: 4.54780033656529 
2025-01-10 11:06:43,872 INFO: Epoch 656, Train Loss: 0.6680391977686401, Test Loss: 0.7305259725877217, Inverse Test Loss: 4.469797679356167 
2025-01-10 11:06:45,672 INFO: Epoch 657, Train Loss: 0.6676325346898595, Test Loss: 0.7330089381762913, Inverse Test Loss: 4.5259906223842075 
2025-01-10 11:06:47,685 INFO: Epoch 658, Train Loss: 0.6654122198393585, Test Loss: 0.7325723384107862, Inverse Test Loss: 4.364234924316406 
2025-01-10 11:06:49,533 INFO: Epoch 659, Train Loss: 0.6672828963043493, Test Loss: 0.7323026635817119, Inverse Test Loss: 4.435355595179966 
2025-01-10 11:06:51,505 INFO: Epoch 660, Train Loss: 0.6644291648077308, Test Loss: 0.7344870098999569, Inverse Test Loss: 4.443041392735073 
2025-01-10 11:06:53,216 INFO: Epoch 661, Train Loss: 0.6668981701955883, Test Loss: 0.731870459658759, Inverse Test Loss: 4.408405031476702 
2025-01-10 11:06:55,233 INFO: Epoch 662, Train Loss: 0.6663045117614466, Test Loss: 0.7315503252404076, Inverse Test Loss: 4.427953720092773 
2025-01-10 11:06:57,175 INFO: Epoch 663, Train Loss: 0.6680066678502145, Test Loss: 0.7325201992477689, Inverse Test Loss: 4.323454720633371 
2025-01-10 11:06:58,916 INFO: Epoch 664, Train Loss: 0.6678676878640412, Test Loss: 0.7349390493971961, Inverse Test Loss: 4.4796856471470425 
2025-01-10 11:07:00,718 INFO: Epoch 665, Train Loss: 0.6671331984187485, Test Loss: 0.7358648691858564, Inverse Test Loss: 4.517361504690988 
2025-01-10 11:07:02,366 INFO: Epoch 666, Train Loss: 0.6697094429523573, Test Loss: 0.7349454441240856, Inverse Test Loss: 4.5694781712123325 
2025-01-10 11:07:04,044 INFO: Epoch 667, Train Loss: 0.6656680386000817, Test Loss: 0.7369367139680045, Inverse Test Loss: 4.430979864937918 
2025-01-10 11:07:05,714 INFO: Epoch 668, Train Loss: 0.6651139166377006, Test Loss: 0.7326857873371669, Inverse Test Loss: 4.441321781703404 
2025-01-10 11:07:07,306 INFO: Epoch 669, Train Loss: 0.6672707878121542, Test Loss: 0.732530374612127, Inverse Test Loss: 4.442429951259068 
2025-01-10 11:07:08,928 INFO: Epoch 670, Train Loss: 0.6666025311575023, Test Loss: 0.7330816601003919, Inverse Test Loss: 4.388089316231864 
