2025-02-08 13:57:25,324 INFO: namespace(attn_dropout=0.4, categories=[], cluster=3, depth=2, dim=32, ff_dropout=0.4, groups=[54, 54, 54], heads=4, name='AMFormer_KAN_dim32_depth2_heads4_dropout0.4_KAN_grid3_spline3', num_cate=0, num_cont=20, num_special_tokens=1, out=1, out_dim=1, predictor='KAN', prod_num_per_group=[6, 6, 6], qk_relu=False, sum_num_per_group=[32, 16, 8], target_mode='regression', token_descent=False, use_cls_token=True, use_prod=True, use_sigmoid=True) 
2025-02-08 13:57:25,324 INFO: Dataset:HS 
2025-02-08 13:57:25,324 INFO: ------Begin Training Model------ 
2025-02-08 13:57:31,046 INFO: Epoch 1, Train Loss: 0.4753958652868415, Test Loss: 0.4443852323474306, Inverse Test Loss: 0.27737576311284845 
2025-02-08 13:57:33,331 INFO: Epoch 2, Train Loss: 0.2598699217549328, Test Loss: 0.10396108290914333, Inverse Test Loss: 0.07078559555564866 
2025-02-08 13:57:35,619 INFO: Epoch 3, Train Loss: 0.10901287291198969, Test Loss: 0.07867816440535313, Inverse Test Loss: 0.05339681594209238 
2025-02-08 13:57:37,899 INFO: Epoch 4, Train Loss: 0.0909602156219383, Test Loss: 0.0694578889700951, Inverse Test Loss: 0.047018668529662216 
2025-02-08 13:57:40,164 INFO: Epoch 5, Train Loss: 0.07971524900164116, Test Loss: 0.053880789909850464, Inverse Test Loss: 0.03517514856701547 
2025-02-08 13:57:42,429 INFO: Epoch 6, Train Loss: 0.06249133417044173, Test Loss: 0.04031889547001232, Inverse Test Loss: 0.02520005740789753 
2025-02-08 13:57:44,701 INFO: Epoch 7, Train Loss: 0.044111374257640404, Test Loss: 0.02149662028320811, Inverse Test Loss: 0.013107637310344162 
2025-02-08 13:57:47,006 INFO: Epoch 8, Train Loss: 0.0304536840342211, Test Loss: 0.013781184147140293, Inverse Test Loss: 0.008391792392075964 
2025-02-08 13:57:49,258 INFO: Epoch 9, Train Loss: 0.024292151521270473, Test Loss: 0.010182878524629456, Inverse Test Loss: 0.006198013173134038 
2025-02-08 13:57:51,656 INFO: Epoch 10, Train Loss: 0.01921827684043709, Test Loss: 0.008599728642200882, Inverse Test Loss: 0.005232291571287947 
2025-02-08 13:57:53,998 INFO: Epoch 11, Train Loss: 0.016158566164614804, Test Loss: 0.00810979042823116, Inverse Test Loss: 0.004930236108713981 
2025-02-08 13:57:56,377 INFO: Epoch 12, Train Loss: 0.01445497677548591, Test Loss: 0.007260834967548197, Inverse Test Loss: 0.004412796828105595 
2025-02-08 13:57:58,685 INFO: Epoch 13, Train Loss: 0.013070176546038552, Test Loss: 0.0066835612806519775, Inverse Test Loss: 0.004061350253213084 
2025-02-08 13:58:00,924 INFO: Epoch 14, Train Loss: 0.012057855767621235, Test Loss: 0.006657559530470859, Inverse Test Loss: 0.004055938111956824 
2025-02-08 13:58:03,196 INFO: Epoch 15, Train Loss: 0.011635777096010068, Test Loss: 0.006283165647112059, Inverse Test Loss: 0.0038185375530950046 
2025-02-08 13:58:05,514 INFO: Epoch 16, Train Loss: 0.010592490868558261, Test Loss: 0.006394922980248477, Inverse Test Loss: 0.00389836199059518 
2025-02-08 13:58:07,788 INFO: Epoch 17, Train Loss: 0.010428035554165641, Test Loss: 0.005988216295725469, Inverse Test Loss: 0.003640254783077222 
2025-02-08 13:58:10,065 INFO: Epoch 18, Train Loss: 0.010169533358280067, Test Loss: 0.005841707443874894, Inverse Test Loss: 0.0035495790582375994 
2025-02-08 13:58:12,347 INFO: Epoch 19, Train Loss: 0.00979385272931364, Test Loss: 0.005907089618796652, Inverse Test Loss: 0.003591402391479774 
2025-02-08 13:58:14,624 INFO: Epoch 20, Train Loss: 0.00966869268538148, Test Loss: 0.005753589674096667, Inverse Test Loss: 0.0034971266039506054 
2025-02-08 13:58:16,900 INFO: Epoch 21, Train Loss: 0.00938064747165437, Test Loss: 0.0057962400570624704, Inverse Test Loss: 0.0035237385750268445 
2025-02-08 13:58:19,175 INFO: Epoch 22, Train Loss: 0.009213434842725595, Test Loss: 0.005855099044062875, Inverse Test Loss: 0.0035607852147553454 
2025-02-08 13:58:21,444 INFO: Epoch 23, Train Loss: 0.00906698627813691, Test Loss: 0.005657599173542677, Inverse Test Loss: 0.003438612633158989 
2025-02-08 13:58:23,740 INFO: Epoch 24, Train Loss: 0.008872645092196763, Test Loss: 0.005631424782967026, Inverse Test Loss: 0.0034232427133247256 
2025-02-08 13:58:26,042 INFO: Epoch 25, Train Loss: 0.008878677885866526, Test Loss: 0.00567233223806728, Inverse Test Loss: 0.003447363579956194 
2025-02-08 13:58:28,331 INFO: Epoch 26, Train Loss: 0.008568500897099235, Test Loss: 0.00563335009483677, Inverse Test Loss: 0.0034257235873321242 
2025-02-08 13:58:30,618 INFO: Epoch 27, Train Loss: 0.008716782517942855, Test Loss: 0.005731875782437397, Inverse Test Loss: 0.0034864301913220324 
2025-02-08 13:58:32,915 INFO: Epoch 28, Train Loss: 0.008277477962882116, Test Loss: 0.0054779867077189865, Inverse Test Loss: 0.0033297804290090094 
2025-02-08 13:58:35,197 INFO: Epoch 29, Train Loss: 0.008149457622714566, Test Loss: 0.0055189183278178625, Inverse Test Loss: 0.0033564780676511655 
2025-02-08 13:58:37,488 INFO: Epoch 30, Train Loss: 0.008210699541395474, Test Loss: 0.005419337233020501, Inverse Test Loss: 0.0032947521381588144 
2025-02-08 13:58:39,781 INFO: Epoch 31, Train Loss: 0.008135919076404676, Test Loss: 0.005351123689306956, Inverse Test Loss: 0.003253313405862586 
2025-02-08 13:58:42,072 INFO: Epoch 32, Train Loss: 0.008276666539269641, Test Loss: 0.005481909127962409, Inverse Test Loss: 0.003334859915247018 
2025-02-08 13:58:44,351 INFO: Epoch 33, Train Loss: 0.007889712635060829, Test Loss: 0.005453176316664074, Inverse Test Loss: 0.0033177212656786046 
2025-02-08 13:58:46,635 INFO: Epoch 34, Train Loss: 0.007978797731497749, Test Loss: 0.005246604785718249, Inverse Test Loss: 0.00318924893244085 
2025-02-08 13:58:48,912 INFO: Epoch 35, Train Loss: 0.007684219358700581, Test Loss: 0.005235456099564379, Inverse Test Loss: 0.003182155623411139 
2025-02-08 13:58:51,196 INFO: Epoch 36, Train Loss: 0.0078327387596029, Test Loss: 0.005251247534584819, Inverse Test Loss: 0.0031927546987197165 
2025-02-08 13:58:53,486 INFO: Epoch 37, Train Loss: 0.007852254684125497, Test Loss: 0.005235071188177575, Inverse Test Loss: 0.003181780056999714 
2025-02-08 13:58:55,767 INFO: Epoch 38, Train Loss: 0.007682274360294369, Test Loss: 0.0052860579382853976, Inverse Test Loss: 0.0032119015337560663 
2025-02-08 13:58:58,149 INFO: Epoch 39, Train Loss: 0.007546433995506077, Test Loss: 0.005138600118119608, Inverse Test Loss: 0.0031246674762135654 
2025-02-08 13:59:00,426 INFO: Epoch 40, Train Loss: 0.00761438654312356, Test Loss: 0.005137352329311949, Inverse Test Loss: 0.0031223087571561337 
2025-02-08 13:59:02,709 INFO: Epoch 41, Train Loss: 0.007940395855147279, Test Loss: 0.005208601653011459, Inverse Test Loss: 0.003167389285270915 
2025-02-08 13:59:05,002 INFO: Epoch 42, Train Loss: 0.007444324158837624, Test Loss: 0.005168448159979148, Inverse Test Loss: 0.003143927191779243 
2025-02-08 13:59:07,287 INFO: Epoch 43, Train Loss: 0.007387292345590664, Test Loss: 0.0050875414727312145, Inverse Test Loss: 0.0030916160586374726 
2025-02-08 13:59:09,568 INFO: Epoch 44, Train Loss: 0.0073918566658076916, Test Loss: 0.005107874706895514, Inverse Test Loss: 0.0031061150331163044 
2025-02-08 13:59:11,837 INFO: Epoch 45, Train Loss: 0.0073247309897631185, Test Loss: 0.004989178957078944, Inverse Test Loss: 0.0030330115449473715 
2025-02-08 13:59:14,131 INFO: Epoch 46, Train Loss: 0.007454425854975301, Test Loss: 0.004970887132609884, Inverse Test Loss: 0.0030221001802463875 
2025-02-08 13:59:16,413 INFO: Epoch 47, Train Loss: 0.007393671376066226, Test Loss: 0.004967011045664549, Inverse Test Loss: 0.0030199005903506822 
2025-02-08 13:59:18,700 INFO: Epoch 48, Train Loss: 0.007124581760515205, Test Loss: 0.0049531469121575356, Inverse Test Loss: 0.0030099235891336293 
2025-02-08 13:59:20,970 INFO: Epoch 49, Train Loss: 0.0071412816019305455, Test Loss: 0.004943965863662235, Inverse Test Loss: 0.0030049483581079226 
2025-02-08 13:59:23,250 INFO: Epoch 50, Train Loss: 0.0071600364630505665, Test Loss: 0.0049074476965787735, Inverse Test Loss: 0.0029835417464544826 
2025-02-08 13:59:25,531 INFO: Epoch 51, Train Loss: 0.007078337024502231, Test Loss: 0.004923475017263131, Inverse Test Loss: 0.0029934192231545844 
2025-02-08 13:59:27,819 INFO: Epoch 52, Train Loss: 0.0070675666105340824, Test Loss: 0.004927592267366973, Inverse Test Loss: 0.002994940827854655 
2025-02-08 13:59:30,094 INFO: Epoch 53, Train Loss: 0.007068067036787838, Test Loss: 0.00491753688336096, Inverse Test Loss: 0.002991131319890194 
2025-02-08 13:59:32,340 INFO: Epoch 54, Train Loss: 0.006981021655850451, Test Loss: 0.004943513403166876, Inverse Test Loss: 0.0030046807122275686 
2025-02-08 13:59:34,632 INFO: Epoch 55, Train Loss: 0.007034522221974013, Test Loss: 0.004865932885105863, Inverse Test Loss: 0.00295921524097635 
2025-02-08 13:59:36,927 INFO: Epoch 56, Train Loss: 0.007359329582841107, Test Loss: 0.004952912536365065, Inverse Test Loss: 0.0030113415736140628 
2025-02-08 13:59:39,210 INFO: Epoch 57, Train Loss: 0.006944560219188023, Test Loss: 0.004823175061381225, Inverse Test Loss: 0.0029323956202433415 
2025-02-08 13:59:41,495 INFO: Epoch 58, Train Loss: 0.006817529503622967, Test Loss: 0.0048358675134791565, Inverse Test Loss: 0.0029408841669051485 
2025-02-08 13:59:43,798 INFO: Epoch 59, Train Loss: 0.0070723099087252085, Test Loss: 0.004865881676475207, Inverse Test Loss: 0.0029581586449322376 
2025-02-08 13:59:46,067 INFO: Epoch 60, Train Loss: 0.007123794224092059, Test Loss: 0.0048046343832869425, Inverse Test Loss: 0.00292043360726287 
2025-02-08 13:59:48,341 INFO: Epoch 61, Train Loss: 0.006867422827230202, Test Loss: 0.004842379835970474, Inverse Test Loss: 0.0029431499865357623 
2025-02-08 13:59:50,630 INFO: Epoch 62, Train Loss: 0.0068052671373483135, Test Loss: 0.004807753537809758, Inverse Test Loss: 0.002922543807830097 
2025-02-08 13:59:52,889 INFO: Epoch 63, Train Loss: 0.006927582897443437, Test Loss: 0.004878022926718448, Inverse Test Loss: 0.002966417257222488 
2025-02-08 13:59:55,168 INFO: Epoch 64, Train Loss: 0.007127464534608986, Test Loss: 0.004809474699537863, Inverse Test Loss: 0.0029252002149763884 
2025-02-08 13:59:57,448 INFO: Epoch 65, Train Loss: 0.006809259763086271, Test Loss: 0.004799476556592818, Inverse Test Loss: 0.0029189756605774164 
2025-02-08 13:59:59,730 INFO: Epoch 66, Train Loss: 0.007043671110736657, Test Loss: 0.00482478888112713, Inverse Test Loss: 0.002933213321463854 
2025-02-08 14:00:02,016 INFO: Epoch 67, Train Loss: 0.006707754084896861, Test Loss: 0.004744228645876953, Inverse Test Loss: 0.002884448107303769 
2025-02-08 14:00:04,301 INFO: Epoch 68, Train Loss: 0.006805604290231272, Test Loss: 0.004808048477791475, Inverse Test Loss: 0.0029218402465410304 
2025-02-08 14:00:06,577 INFO: Epoch 69, Train Loss: 0.006661078125365417, Test Loss: 0.004786357671643297, Inverse Test Loss: 0.0029086507292407932 
2025-02-08 14:00:08,858 INFO: Epoch 70, Train Loss: 0.00666008646525866, Test Loss: 0.004758671469365557, Inverse Test Loss: 0.002892306617771586 
2025-02-08 14:00:11,135 INFO: Epoch 71, Train Loss: 0.0066454485182255284, Test Loss: 0.004758803942946322, Inverse Test Loss: 0.002893347592996151 
2025-02-08 14:00:13,412 INFO: Epoch 72, Train Loss: 0.00692537423773584, Test Loss: 0.004783762562455553, Inverse Test Loss: 0.0029094027228314767 
2025-02-08 14:00:15,716 INFO: Epoch 73, Train Loss: 0.006756428307253924, Test Loss: 0.004771607427039381, Inverse Test Loss: 0.0029011260838050284 
2025-02-08 14:00:18,002 INFO: Epoch 74, Train Loss: 0.006634405682703029, Test Loss: 0.0047118473219487705, Inverse Test Loss: 0.002864326590277029 
2025-02-08 14:00:20,280 INFO: Epoch 75, Train Loss: 0.006632268340609065, Test Loss: 0.00471352933285137, Inverse Test Loss: 0.0028661969682258186 
2025-02-08 14:00:22,573 INFO: Epoch 76, Train Loss: 0.006571583828190342, Test Loss: 0.0047793539001070185, Inverse Test Loss: 0.002904176137014998 
2025-02-08 14:00:24,865 INFO: Epoch 77, Train Loss: 0.00657814249720876, Test Loss: 0.0047029312629478445, Inverse Test Loss: 0.0028592145394985423 
2025-02-08 14:00:27,142 INFO: Epoch 78, Train Loss: 0.0066429055772129104, Test Loss: 0.0047465045583631954, Inverse Test Loss: 0.0028841572736079493 
2025-02-08 14:00:29,441 INFO: Epoch 79, Train Loss: 0.006635158500020308, Test Loss: 0.004698049502842354, Inverse Test Loss: 0.002855506238781593 
2025-02-08 14:00:31,705 INFO: Epoch 80, Train Loss: 0.00660245466949136, Test Loss: 0.004684757391893954, Inverse Test Loss: 0.0028480713072261124 
2025-02-08 14:00:33,948 INFO: Epoch 81, Train Loss: 0.006525407003760903, Test Loss: 0.00466820939839112, Inverse Test Loss: 0.002838060185736553 
2025-02-08 14:00:36,214 INFO: Epoch 82, Train Loss: 0.0068402259494178, Test Loss: 0.004665347408841957, Inverse Test Loss: 0.002836139904419807 
2025-02-08 14:00:38,503 INFO: Epoch 83, Train Loss: 0.0067096286326308145, Test Loss: 0.004672574958848682, Inverse Test Loss: 0.002840217065320096 
2025-02-08 14:00:40,785 INFO: Epoch 84, Train Loss: 0.006517308863818251, Test Loss: 0.004636864795236651, Inverse Test Loss: 0.002819589476778426 
2025-02-08 14:00:43,069 INFO: Epoch 85, Train Loss: 0.00652133774322768, Test Loss: 0.004718150590743982, Inverse Test Loss: 0.0028668511094469013 
2025-02-08 14:00:45,338 INFO: Epoch 86, Train Loss: 0.006545640320065572, Test Loss: 0.004658477056319966, Inverse Test Loss: 0.002831866728339457 
2025-02-08 14:00:47,617 INFO: Epoch 87, Train Loss: 0.0065718555503708285, Test Loss: 0.0046310499451602954, Inverse Test Loss: 0.002815474216318266 
2025-02-08 14:00:49,889 INFO: Epoch 88, Train Loss: 0.006460094850891354, Test Loss: 0.0046968411188572645, Inverse Test Loss: 0.0028543087131710668 
2025-02-08 14:00:52,158 INFO: Epoch 89, Train Loss: 0.006439281804804606, Test Loss: 0.0047271448667302275, Inverse Test Loss: 0.0028743256821833324 
2025-02-08 14:00:54,419 INFO: Epoch 90, Train Loss: 0.006597921524768357, Test Loss: 0.0046217613853514194, Inverse Test Loss: 0.002810496833372974 
2025-02-08 14:00:56,687 INFO: Epoch 91, Train Loss: 0.006444255958988585, Test Loss: 0.004614147033090844, Inverse Test Loss: 0.002805361485419174 
2025-02-08 14:00:58,964 INFO: Epoch 92, Train Loss: 0.006459888248972482, Test Loss: 0.004656464023741357, Inverse Test Loss: 0.0028305440456747556 
2025-02-08 14:01:01,251 INFO: Epoch 93, Train Loss: 0.006418793825573768, Test Loss: 0.004706618996957938, Inverse Test Loss: 0.002861164446750825 
2025-02-08 14:01:03,516 INFO: Epoch 94, Train Loss: 0.006380650966258889, Test Loss: 0.004663033615515539, Inverse Test Loss: 0.002835085301547114 
2025-02-08 14:01:05,813 INFO: Epoch 95, Train Loss: 0.006593963498193206, Test Loss: 0.004685921721499075, Inverse Test Loss: 0.002849513541370856 
2025-02-08 14:01:08,138 INFO: Epoch 96, Train Loss: 0.006572430708205722, Test Loss: 0.004586660289064501, Inverse Test Loss: 0.002788090965513027 
2025-02-08 14:01:10,424 INFO: Epoch 97, Train Loss: 0.006413221568271349, Test Loss: 0.004765927086048054, Inverse Test Loss: 0.002895946769664685 
2025-02-08 14:01:12,699 INFO: Epoch 98, Train Loss: 0.006402908924042784, Test Loss: 0.004613256787486149, Inverse Test Loss: 0.0028037037453473067 
2025-02-08 14:01:14,963 INFO: Epoch 99, Train Loss: 0.006351887635625617, Test Loss: 0.00464794394616602, Inverse Test Loss: 0.002827189009015759 
2025-02-08 14:01:17,238 INFO: Epoch 100, Train Loss: 0.006331085129535164, Test Loss: 0.00459131504987564, Inverse Test Loss: 0.0027918374398723245 
2025-02-08 14:01:17,238 INFO: Best Epoch 96, Best Test Loss: 0.004586660289064501, Inverse Test Loss: 0.002788090965513027 
2025-02-08 14:01:19,530 INFO: Epoch 101, Train Loss: 0.006372146969872781, Test Loss: 0.004562165048396723, Inverse Test Loss: 0.002773738381537524 
2025-02-08 14:01:21,806 INFO: Epoch 102, Train Loss: 0.006388996335303862, Test Loss: 0.00461096496843366, Inverse Test Loss: 0.0028024444314227862 
2025-02-08 14:01:24,068 INFO: Epoch 103, Train Loss: 0.006311628231108471, Test Loss: 0.004687805504848559, Inverse Test Loss: 0.002848669170458434 
2025-02-08 14:01:26,355 INFO: Epoch 104, Train Loss: 0.0064382353016161215, Test Loss: 0.004615273665298115, Inverse Test Loss: 0.0028045106763866815 
2025-02-08 14:01:28,650 INFO: Epoch 105, Train Loss: 0.006372414288555526, Test Loss: 0.004534791368342033, Inverse Test Loss: 0.002757560828644218 
2025-02-08 14:01:30,925 INFO: Epoch 106, Train Loss: 0.006332443381490355, Test Loss: 0.0045088471767182154, Inverse Test Loss: 0.0027408601052946215 
2025-02-08 14:01:33,212 INFO: Epoch 107, Train Loss: 0.0063647936339927555, Test Loss: 0.004553685881987665, Inverse Test Loss: 0.0027692029429035206 
2025-02-08 14:01:35,497 INFO: Epoch 108, Train Loss: 0.006334986065860104, Test Loss: 0.00471117949310803, Inverse Test Loss: 0.002862886885519732 
2025-02-08 14:01:37,782 INFO: Epoch 109, Train Loss: 0.0063060297450812704, Test Loss: 0.004569796725373828, Inverse Test Loss: 0.002777647981984597 
2025-02-08 14:01:40,068 INFO: Epoch 110, Train Loss: 0.006258442263281198, Test Loss: 0.004522039124629263, Inverse Test Loss: 0.002749882370346423 
2025-02-08 14:01:42,340 INFO: Epoch 111, Train Loss: 0.006273427453407115, Test Loss: 0.004525715693351672, Inverse Test Loss: 0.002750840457861848 
2025-02-08 14:01:44,611 INFO: Epoch 112, Train Loss: 0.006281488832566097, Test Loss: 0.00448493252042681, Inverse Test Loss: 0.0027271697234193034 
2025-02-08 14:01:46,893 INFO: Epoch 113, Train Loss: 0.0063314566840276575, Test Loss: 0.004509482331658629, Inverse Test Loss: 0.002742332455730348 
2025-02-08 14:01:49,199 INFO: Epoch 114, Train Loss: 0.006260727391980419, Test Loss: 0.004520290467718785, Inverse Test Loss: 0.0027473835542685156 
2025-02-08 14:01:51,479 INFO: Epoch 115, Train Loss: 0.00626315260623497, Test Loss: 0.004477625208285947, Inverse Test Loss: 0.002722465553123391 
2025-02-08 14:01:53,773 INFO: Epoch 116, Train Loss: 0.006258156504235089, Test Loss: 0.004502384408348889, Inverse Test Loss: 0.0027366712562401185 
2025-02-08 14:01:56,055 INFO: Epoch 117, Train Loss: 0.00621339542152727, Test Loss: 0.0044920061834890284, Inverse Test Loss: 0.002731428128864729 
2025-02-08 14:01:58,348 INFO: Epoch 118, Train Loss: 0.006248525335897945, Test Loss: 0.004492508907181521, Inverse Test Loss: 0.002730472535459381 
2025-02-08 14:02:00,624 INFO: Epoch 119, Train Loss: 0.006178001290236628, Test Loss: 0.004455504603825058, Inverse Test Loss: 0.0027091710856466584 
2025-02-08 14:02:02,907 INFO: Epoch 120, Train Loss: 0.006201311856839862, Test Loss: 0.004536415831270543, Inverse Test Loss: 0.0027588438701279688 
2025-02-08 14:02:05,189 INFO: Epoch 121, Train Loss: 0.006205737605782677, Test Loss: 0.004478774231040116, Inverse Test Loss: 0.0027220632358821053 
2025-02-08 14:02:07,490 INFO: Epoch 122, Train Loss: 0.00613632744485089, Test Loss: 0.0045121140975618, Inverse Test Loss: 0.0027420547452162614 
2025-02-08 14:02:09,785 INFO: Epoch 123, Train Loss: 0.006364354840832565, Test Loss: 0.0044614557339104285, Inverse Test Loss: 0.0027115872962343874 
2025-02-08 14:02:12,087 INFO: Epoch 124, Train Loss: 0.006165796904965784, Test Loss: 0.004429795624067386, Inverse Test Loss: 0.0026936154692631326 
2025-02-08 14:02:14,367 INFO: Epoch 125, Train Loss: 0.0062880115389513476, Test Loss: 0.004430447186512703, Inverse Test Loss: 0.002693306788745703 
2025-02-08 14:02:16,648 INFO: Epoch 126, Train Loss: 0.006193842031555532, Test Loss: 0.004446580688553778, Inverse Test Loss: 0.0027032648283762464 
2025-02-08 14:02:18,931 INFO: Epoch 127, Train Loss: 0.006220659825802696, Test Loss: 0.004431436321641685, Inverse Test Loss: 0.002694752578849368 
2025-02-08 14:02:21,203 INFO: Epoch 128, Train Loss: 0.006154509863611593, Test Loss: 0.004410057064061138, Inverse Test Loss: 0.00268166571869656 
2025-02-08 14:02:23,479 INFO: Epoch 129, Train Loss: 0.0063097934471443295, Test Loss: 0.004423882508876197, Inverse Test Loss: 0.0026907029766307182 
2025-02-08 14:02:25,746 INFO: Epoch 130, Train Loss: 0.0061856865694139606, Test Loss: 0.0044178205725708694, Inverse Test Loss: 0.0026856763006159754 
2025-02-08 14:02:28,044 INFO: Epoch 131, Train Loss: 0.006157022559570826, Test Loss: 0.004437915910261147, Inverse Test Loss: 0.002697651221586222 
2025-02-08 14:02:30,325 INFO: Epoch 132, Train Loss: 0.006127201678640576, Test Loss: 0.004401378647537168, Inverse Test Loss: 0.0026761900217300563 
2025-02-08 14:02:32,616 INFO: Epoch 133, Train Loss: 0.006115939384361616, Test Loss: 0.004433587930786113, Inverse Test Loss: 0.002696967200432537 
2025-02-08 14:02:34,896 INFO: Epoch 134, Train Loss: 0.0061968449321504904, Test Loss: 0.004491060220805759, Inverse Test Loss: 0.0027290475201990566 
2025-02-08 14:02:37,262 INFO: Epoch 135, Train Loss: 0.006099224271372695, Test Loss: 0.004403077993739509, Inverse Test Loss: 0.0026769658804617143 
2025-02-08 14:02:39,613 INFO: Epoch 136, Train Loss: 0.006165123981190845, Test Loss: 0.004419837249301825, Inverse Test Loss: 0.0026875709317568126 
2025-02-08 14:02:42,051 INFO: Epoch 137, Train Loss: 0.006190925976790657, Test Loss: 0.004449201186864891, Inverse Test Loss: 0.0027044762603261256 
2025-02-08 14:02:44,472 INFO: Epoch 138, Train Loss: 0.006125436406970645, Test Loss: 0.0044293216584871216, Inverse Test Loss: 0.002693124870402795 
2025-02-08 14:02:46,838 INFO: Epoch 139, Train Loss: 0.006081695689565756, Test Loss: 0.004386029343798079, Inverse Test Loss: 0.00266635922404627 
2025-02-08 14:02:49,197 INFO: Epoch 140, Train Loss: 0.006067042797274718, Test Loss: 0.0044477207120507956, Inverse Test Loss: 0.0027029150638334227 
2025-02-08 14:02:51,487 INFO: Epoch 141, Train Loss: 0.006121261792335038, Test Loss: 0.0043874227893397665, Inverse Test Loss: 0.0026677985125305977 
2025-02-08 14:02:53,778 INFO: Epoch 142, Train Loss: 0.006081761509201236, Test Loss: 0.0043528552738611, Inverse Test Loss: 0.0026461352333144255 
2025-02-08 14:02:56,062 INFO: Epoch 143, Train Loss: 0.00606934644659332, Test Loss: 0.004356429531154307, Inverse Test Loss: 0.0026486578298676195 
2025-02-08 14:02:58,338 INFO: Epoch 144, Train Loss: 0.006075519998734252, Test Loss: 0.0043525431185227, Inverse Test Loss: 0.0026468203339556403 
2025-02-08 14:03:00,616 INFO: Epoch 145, Train Loss: 0.006066294384337115, Test Loss: 0.004350202203954033, Inverse Test Loss: 0.0026456678046308684 
2025-02-08 14:03:02,894 INFO: Epoch 146, Train Loss: 0.006054733669963863, Test Loss: 0.0044260541202895565, Inverse Test Loss: 0.0026919795553002395 
2025-02-08 14:03:05,199 INFO: Epoch 147, Train Loss: 0.006065330437250492, Test Loss: 0.004388137127865444, Inverse Test Loss: 0.002666926392438737 
2025-02-08 14:03:07,516 INFO: Epoch 148, Train Loss: 0.006051600610865562, Test Loss: 0.00438656160876042, Inverse Test Loss: 0.0026683424401915436 
2025-02-08 14:03:09,794 INFO: Epoch 149, Train Loss: 0.006045036950981188, Test Loss: 0.004384457708731519, Inverse Test Loss: 0.002666557941472892 
2025-02-08 14:03:12,081 INFO: Epoch 150, Train Loss: 0.006044659277628825, Test Loss: 0.004391384367464167, Inverse Test Loss: 0.0026686458149924874 
2025-02-08 14:03:14,369 INFO: Epoch 151, Train Loss: 0.006070829899699399, Test Loss: 0.004399720272472637, Inverse Test Loss: 0.0026737542886456304 
2025-02-08 14:03:16,624 INFO: Epoch 152, Train Loss: 0.006054290555325817, Test Loss: 0.004500559104296069, Inverse Test Loss: 0.0027343322007888646 
2025-02-08 14:03:18,907 INFO: Epoch 153, Train Loss: 0.006015521343656335, Test Loss: 0.004337513893419368, Inverse Test Loss: 0.0026365403989047713 
2025-02-08 14:03:21,194 INFO: Epoch 154, Train Loss: 0.006166348464885783, Test Loss: 0.004416034274706335, Inverse Test Loss: 0.0026837856628734507 
2025-02-08 14:03:23,489 INFO: Epoch 155, Train Loss: 0.0062487524092747744, Test Loss: 0.004320059853577704, Inverse Test Loss: 0.0026271848932303715 
2025-02-08 14:03:25,777 INFO: Epoch 156, Train Loss: 0.00599898751225379, Test Loss: 0.004316965096884153, Inverse Test Loss: 0.0026250164673635454 
2025-02-08 14:03:28,056 INFO: Epoch 157, Train Loss: 0.006002369887110862, Test Loss: 0.004340111404996027, Inverse Test Loss: 0.002639326104668505 
2025-02-08 14:03:30,341 INFO: Epoch 158, Train Loss: 0.0059702614098293425, Test Loss: 0.0043116861594502225, Inverse Test Loss: 0.002620995785533027 
2025-02-08 14:03:32,632 INFO: Epoch 159, Train Loss: 0.006358830525476316, Test Loss: 0.004410837452407136, Inverse Test Loss: 0.0026806037746031175 
2025-02-08 14:03:34,923 INFO: Epoch 160, Train Loss: 0.006015827455099277, Test Loss: 0.004325205506051354, Inverse Test Loss: 0.0026291082366228557 
2025-02-08 14:03:37,190 INFO: Epoch 161, Train Loss: 0.005955281547468268, Test Loss: 0.004348877016596045, Inverse Test Loss: 0.002643332474469913 
2025-02-08 14:03:39,489 INFO: Epoch 162, Train Loss: 0.006007961450836085, Test Loss: 0.00435345788189972, Inverse Test Loss: 0.002646948704778245 
2025-02-08 14:03:41,773 INFO: Epoch 163, Train Loss: 0.005993705637978785, Test Loss: 0.004337767865791014, Inverse Test Loss: 0.002637034758332778 
2025-02-08 14:03:44,061 INFO: Epoch 164, Train Loss: 0.005966982078406903, Test Loss: 0.004299446993338113, Inverse Test Loss: 0.002614404706312626 
2025-02-08 14:03:46,345 INFO: Epoch 165, Train Loss: 0.00603461422460069, Test Loss: 0.004309286395172504, Inverse Test Loss: 0.0026201093040237374 
2025-02-08 14:03:48,629 INFO: Epoch 166, Train Loss: 0.006034960445531672, Test Loss: 0.004400671205737374, Inverse Test Loss: 0.002674725859171965 
2025-02-08 14:03:50,912 INFO: Epoch 167, Train Loss: 0.005969007189075152, Test Loss: 0.004292161348558059, Inverse Test Loss: 0.002609098622942287 
2025-02-08 14:03:53,194 INFO: Epoch 168, Train Loss: 0.005982506344673421, Test Loss: 0.004292145011607896, Inverse Test Loss: 0.002609138045403542 
2025-02-08 14:03:55,481 INFO: Epoch 169, Train Loss: 0.00595838818558012, Test Loss: 0.004308970038299308, Inverse Test Loss: 0.0026199377395889974 
2025-02-08 14:03:57,781 INFO: Epoch 170, Train Loss: 0.005948909623618943, Test Loss: 0.0043125881665301595, Inverse Test Loss: 0.0026215372402503185 
2025-02-08 14:04:00,070 INFO: Epoch 171, Train Loss: 0.005954615463975422, Test Loss: 0.004287145530917879, Inverse Test Loss: 0.0026066285543933964 
2025-02-08 14:04:02,356 INFO: Epoch 172, Train Loss: 0.005991200014250353, Test Loss: 0.004309036483226175, Inverse Test Loss: 0.0026206115514717317 
2025-02-08 14:04:04,662 INFO: Epoch 173, Train Loss: 0.005921184307556938, Test Loss: 0.0042806260506481385, Inverse Test Loss: 0.0026022744238037953 
2025-02-08 14:04:06,932 INFO: Epoch 174, Train Loss: 0.005952050672159671, Test Loss: 0.0043178376614708795, Inverse Test Loss: 0.002625659041134923 
2025-02-08 14:04:09,203 INFO: Epoch 175, Train Loss: 0.005951438571862651, Test Loss: 0.004347588817560763, Inverse Test Loss: 0.002643716256980869 
2025-02-08 14:04:11,485 INFO: Epoch 176, Train Loss: 0.0059630485625486035, Test Loss: 0.0043604610290265446, Inverse Test Loss: 0.0026533995458686895 
2025-02-08 14:04:13,778 INFO: Epoch 177, Train Loss: 0.0059360149651624715, Test Loss: 0.004265838807138304, Inverse Test Loss: 0.0025941433885953193 
2025-02-08 14:04:16,051 INFO: Epoch 178, Train Loss: 0.005936580813299356, Test Loss: 0.00426406960821513, Inverse Test Loss: 0.0025927211708304558 
2025-02-08 14:04:18,329 INFO: Epoch 179, Train Loss: 0.005941039886128045, Test Loss: 0.004249655027789148, Inverse Test Loss: 0.00258401214413232 
2025-02-08 14:04:20,625 INFO: Epoch 180, Train Loss: 0.0059294137736838875, Test Loss: 0.004304305921929578, Inverse Test Loss: 0.002615959813931223 
2025-02-08 14:04:22,909 INFO: Epoch 181, Train Loss: 0.00592726961159232, Test Loss: 0.004240303698955386, Inverse Test Loss: 0.0025784737169460364 
2025-02-08 14:04:25,195 INFO: Epoch 182, Train Loss: 0.005920196770492828, Test Loss: 0.004352561282840642, Inverse Test Loss: 0.0026447232248205128 
2025-02-08 14:04:27,473 INFO: Epoch 183, Train Loss: 0.005884551753600438, Test Loss: 0.004315326607673232, Inverse Test Loss: 0.0026224216333392896 
2025-02-08 14:04:29,768 INFO: Epoch 184, Train Loss: 0.00591957811036881, Test Loss: 0.004258098087809754, Inverse Test Loss: 0.002588224539067596 
2025-02-08 14:04:32,059 INFO: Epoch 185, Train Loss: 0.005948511997385966, Test Loss: 0.004238757495345039, Inverse Test Loss: 0.0025764534066459446 
2025-02-08 14:04:34,351 INFO: Epoch 186, Train Loss: 0.005969846262208496, Test Loss: 0.00427182654807852, Inverse Test Loss: 0.002596730839065982 
2025-02-08 14:04:36,627 INFO: Epoch 187, Train Loss: 0.00596327655137319, Test Loss: 0.004256461923377532, Inverse Test Loss: 0.00258756053605766 
2025-02-08 14:04:39,083 INFO: Epoch 188, Train Loss: 0.005950978009919213, Test Loss: 0.004241048033828988, Inverse Test Loss: 0.002579255964409447 
2025-02-08 14:04:41,451 INFO: Epoch 189, Train Loss: 0.00586429074632399, Test Loss: 0.004333268223104604, Inverse Test Loss: 0.0026340247819792817 
2025-02-08 14:04:43,749 INFO: Epoch 190, Train Loss: 0.005848861040166495, Test Loss: 0.004583588871879108, Inverse Test Loss: 0.0028059957372589092 
2025-02-08 14:04:46,080 INFO: Epoch 191, Train Loss: 0.0059236033041749825, Test Loss: 0.004259823066549319, Inverse Test Loss: 0.0025893955272763515 
2025-02-08 14:04:48,467 INFO: Epoch 192, Train Loss: 0.005914472747297788, Test Loss: 0.004224461496271419, Inverse Test Loss: 0.002568147085240167 
2025-02-08 14:04:50,923 INFO: Epoch 193, Train Loss: 0.005954031141079737, Test Loss: 0.004219455810291975, Inverse Test Loss: 0.0025660258904805014 
2025-02-08 14:04:53,277 INFO: Epoch 194, Train Loss: 0.005971461189663828, Test Loss: 0.004220069163817574, Inverse Test Loss: 0.002566399405512846 
2025-02-08 14:04:55,558 INFO: Epoch 195, Train Loss: 0.005929647573573289, Test Loss: 0.004220501346880514, Inverse Test Loss: 0.0025655774533692183 
2025-02-08 14:04:57,853 INFO: Epoch 196, Train Loss: 0.006012599969945961, Test Loss: 0.004212663897002737, Inverse Test Loss: 0.002561091526524361 
2025-02-08 14:05:00,110 INFO: Epoch 197, Train Loss: 0.005879935414255174, Test Loss: 0.004292760471192499, Inverse Test Loss: 0.002608454687464418 
2025-02-08 14:05:02,438 INFO: Epoch 198, Train Loss: 0.005866286664086422, Test Loss: 0.004190031026320701, Inverse Test Loss: 0.0025476195680146866 
2025-02-08 14:05:04,793 INFO: Epoch 199, Train Loss: 0.00585992599019047, Test Loss: 0.004204212486828593, Inverse Test Loss: 0.002555579384506652 
2025-02-08 14:05:07,083 INFO: Epoch 200, Train Loss: 0.005844661754302003, Test Loss: 0.004207245483430046, Inverse Test Loss: 0.0025584747111707024 
2025-02-08 14:05:07,083 INFO: Best Epoch 198, Best Test Loss: 0.004190031026320701, Inverse Test Loss: 0.0025476195680146866 
2025-02-08 14:05:09,450 INFO: Epoch 201, Train Loss: 0.0058994352302485795, Test Loss: 0.004278631319969215, Inverse Test Loss: 0.002600110425246936 
2025-02-08 14:05:11,803 INFO: Epoch 202, Train Loss: 0.005872608481722912, Test Loss: 0.004209029647013681, Inverse Test Loss: 0.002558335900010372 
2025-02-08 14:05:14,166 INFO: Epoch 203, Train Loss: 0.005802595758613086, Test Loss: 0.004176310418794553, Inverse Test Loss: 0.0025398484272459014 
2025-02-08 14:05:16,562 INFO: Epoch 204, Train Loss: 0.005826790107124852, Test Loss: 0.0042479772254768195, Inverse Test Loss: 0.0025826919767441173 
2025-02-08 14:05:18,978 INFO: Epoch 205, Train Loss: 0.00588376290485912, Test Loss: 0.004211915932087736, Inverse Test Loss: 0.0025602759648763545 
2025-02-08 14:05:21,227 INFO: Epoch 206, Train Loss: 0.005847585368125389, Test Loss: 0.004275159095413983, Inverse Test Loss: 0.002598981348317907 
2025-02-08 14:05:23,493 INFO: Epoch 207, Train Loss: 0.005835604898906736, Test Loss: 0.004181619102107079, Inverse Test Loss: 0.002542443793958448 
2025-02-08 14:05:25,748 INFO: Epoch 208, Train Loss: 0.00587243900438559, Test Loss: 0.004232413124885748, Inverse Test Loss: 0.002574191996686612 
2025-02-08 14:05:27,990 INFO: Epoch 209, Train Loss: 0.0058072080816297484, Test Loss: 0.004204044421908982, Inverse Test Loss: 0.002555412887666149 
2025-02-08 14:05:30,249 INFO: Epoch 210, Train Loss: 0.005846241450247665, Test Loss: 0.004215949595990506, Inverse Test Loss: 0.0025625926950438456 
2025-02-08 14:05:32,509 INFO: Epoch 211, Train Loss: 0.005806062215318282, Test Loss: 0.0042391366565204935, Inverse Test Loss: 0.0025760535376541543 
2025-02-08 14:05:34,748 INFO: Epoch 212, Train Loss: 0.005795539689257346, Test Loss: 0.004169155861194612, Inverse Test Loss: 0.0025350527086464517 
2025-02-08 14:05:37,025 INFO: Epoch 213, Train Loss: 0.005817561825758524, Test Loss: 0.004154693800956011, Inverse Test Loss: 0.002525703866867292 
2025-02-08 14:05:39,311 INFO: Epoch 214, Train Loss: 0.005992464657703584, Test Loss: 0.0041824789386186185, Inverse Test Loss: 0.0025426026020961053 
2025-02-08 14:05:41,603 INFO: Epoch 215, Train Loss: 0.006047386902730178, Test Loss: 0.004185100184809981, Inverse Test Loss: 0.0025444897597260547 
2025-02-08 14:05:43,981 INFO: Epoch 216, Train Loss: 0.005820062358962428, Test Loss: 0.004148020243243964, Inverse Test Loss: 0.0025218439951651926 
2025-02-08 14:05:46,303 INFO: Epoch 217, Train Loss: 0.005802273520120335, Test Loss: 0.0042358979893227415, Inverse Test Loss: 0.002577497729692947 
2025-02-08 14:05:48,618 INFO: Epoch 218, Train Loss: 0.005793684962113868, Test Loss: 0.00417984588861917, Inverse Test Loss: 0.0025403906492459955 
2025-02-08 14:05:50,929 INFO: Epoch 219, Train Loss: 0.005794231696971551, Test Loss: 0.00413716029531012, Inverse Test Loss: 0.002515020665613878 
2025-02-08 14:05:53,231 INFO: Epoch 220, Train Loss: 0.00580504773869038, Test Loss: 0.00414226919934718, Inverse Test Loss: 0.0025182783138006926 
2025-02-08 14:05:55,541 INFO: Epoch 221, Train Loss: 0.005791476295350797, Test Loss: 0.004125297905623235, Inverse Test Loss: 0.0025084805110413017 
2025-02-08 14:05:57,868 INFO: Epoch 222, Train Loss: 0.005797215556605916, Test Loss: 0.004167913505101971, Inverse Test Loss: 0.0025331468169690306 
2025-02-08 14:06:00,190 INFO: Epoch 223, Train Loss: 0.005866391792413638, Test Loss: 0.004261199494287597, Inverse Test Loss: 0.0025893473136944303 
2025-02-08 14:06:02,516 INFO: Epoch 224, Train Loss: 0.005808682169475959, Test Loss: 0.004126772065788056, Inverse Test Loss: 0.002508877504927417 
2025-02-08 14:06:04,860 INFO: Epoch 225, Train Loss: 0.006017640657250233, Test Loss: 0.00416533141326385, Inverse Test Loss: 0.0025317595202729785 
2025-02-08 14:06:07,193 INFO: Epoch 226, Train Loss: 0.005787453319609278, Test Loss: 0.0041560240858940015, Inverse Test Loss: 0.002527395697225901 
2025-02-08 14:06:09,504 INFO: Epoch 227, Train Loss: 0.005810537448710282, Test Loss: 0.004222726050736101, Inverse Test Loss: 0.002566918118673405 
2025-02-08 14:06:11,811 INFO: Epoch 228, Train Loss: 0.005765970232790674, Test Loss: 0.0041223556318348556, Inverse Test Loss: 0.00250615096284133 
2025-02-08 14:06:14,119 INFO: Epoch 229, Train Loss: 0.0057376088983746186, Test Loss: 0.004223207339898429, Inverse Test Loss: 0.0025666230075964422 
2025-02-08 14:06:16,426 INFO: Epoch 230, Train Loss: 0.00585928062686104, Test Loss: 0.004116238031367009, Inverse Test Loss: 0.0025029008622478805 
2025-02-08 14:06:18,739 INFO: Epoch 231, Train Loss: 0.005776514001120107, Test Loss: 0.004112338559052935, Inverse Test Loss: 0.00250051536590256 
2025-02-08 14:06:21,052 INFO: Epoch 232, Train Loss: 0.005744053863137114, Test Loss: 0.004108938183917692, Inverse Test Loss: 0.0024979251955466516 
2025-02-08 14:06:23,382 INFO: Epoch 233, Train Loss: 0.006016002852420294, Test Loss: 0.004105713239616968, Inverse Test Loss: 0.0024963129685740128 
2025-02-08 14:06:25,694 INFO: Epoch 234, Train Loss: 0.005763071240807855, Test Loss: 0.004089339287020266, Inverse Test Loss: 0.00248728538016704 
2025-02-08 14:06:28,024 INFO: Epoch 235, Train Loss: 0.0058566178459758785, Test Loss: 0.004102391331936374, Inverse Test Loss: 0.0024944726134311745 
2025-02-08 14:06:30,372 INFO: Epoch 236, Train Loss: 0.005815812712006102, Test Loss: 0.004141443888797905, Inverse Test Loss: 0.0025170431595831883 
2025-02-08 14:06:32,682 INFO: Epoch 237, Train Loss: 0.005770517794492965, Test Loss: 0.004153987138786099, Inverse Test Loss: 0.002525208329175119 
2025-02-08 14:06:34,998 INFO: Epoch 238, Train Loss: 0.0057650740306020125, Test Loss: 0.00413638999981975, Inverse Test Loss: 0.002514741203578358 
2025-02-08 14:06:37,330 INFO: Epoch 239, Train Loss: 0.0057756766539321025, Test Loss: 0.004166011599767388, Inverse Test Loss: 0.0025324315047879336 
2025-02-08 14:06:39,589 INFO: Epoch 240, Train Loss: 0.005933572531141566, Test Loss: 0.004386511310285917, Inverse Test Loss: 0.0026790634429110496 
2025-02-08 14:06:41,896 INFO: Epoch 241, Train Loss: 0.005770170819508194, Test Loss: 0.004122427456560686, Inverse Test Loss: 0.0025058242696986504 
2025-02-08 14:06:44,170 INFO: Epoch 242, Train Loss: 0.005788957002523327, Test Loss: 0.004151488065183388, Inverse Test Loss: 0.0025241612791873968 
2025-02-08 14:06:46,453 INFO: Epoch 243, Train Loss: 0.0057730024484705855, Test Loss: 0.0040981550489298324, Inverse Test Loss: 0.002491998715523743 
2025-02-08 14:06:48,749 INFO: Epoch 244, Train Loss: 0.005772591858685976, Test Loss: 0.004106469311271653, Inverse Test Loss: 0.0024963428097015076 
2025-02-08 14:06:51,015 INFO: Epoch 245, Train Loss: 0.005751861057378295, Test Loss: 0.0041360898070376025, Inverse Test Loss: 0.0025156988906956308 
2025-02-08 14:06:53,299 INFO: Epoch 246, Train Loss: 0.005834003823992768, Test Loss: 0.004101998162117194, Inverse Test Loss: 0.0024945913200181994 
2025-02-08 14:06:55,591 INFO: Epoch 247, Train Loss: 0.005767277964905864, Test Loss: 0.0040747015666442385, Inverse Test Loss: 0.002477444145673265 
2025-02-08 14:06:57,870 INFO: Epoch 248, Train Loss: 0.00573173068132195, Test Loss: 0.004085483124733649, Inverse Test Loss: 0.0024846248155826647 
2025-02-08 14:07:00,147 INFO: Epoch 249, Train Loss: 0.005729642294516618, Test Loss: 0.004071016146829634, Inverse Test Loss: 0.002475621797864071 
2025-02-08 14:07:02,421 INFO: Epoch 250, Train Loss: 0.005718438068552959, Test Loss: 0.0040880614383654165, Inverse Test Loss: 0.0024862289552181733 
2025-02-08 14:07:04,716 INFO: Epoch 251, Train Loss: 0.005707646579001889, Test Loss: 0.004109543850504313, Inverse Test Loss: 0.0024987156414709084 
2025-02-08 14:07:06,996 INFO: Epoch 252, Train Loss: 0.005722923045995589, Test Loss: 0.004104678727206633, Inverse Test Loss: 0.0024961379116796184 
2025-02-08 14:07:09,296 INFO: Epoch 253, Train Loss: 0.0057465464942100825, Test Loss: 0.004075697337446565, Inverse Test Loss: 0.002477956494796231 
2025-02-08 14:07:11,560 INFO: Epoch 254, Train Loss: 0.005686975841826731, Test Loss: 0.004147315754160059, Inverse Test Loss: 0.002522473152952664 
2025-02-08 14:07:13,838 INFO: Epoch 255, Train Loss: 0.005711415249882548, Test Loss: 0.00406784793206801, Inverse Test Loss: 0.002474236487283964 
2025-02-08 14:07:16,124 INFO: Epoch 256, Train Loss: 0.005725016286526101, Test Loss: 0.0045625687167612896, Inverse Test Loss: 0.0028325186417946084 
2025-02-08 14:07:18,408 INFO: Epoch 257, Train Loss: 0.005713112228973346, Test Loss: 0.004098235950523028, Inverse Test Loss: 0.0024914746825357506 
2025-02-08 14:07:20,696 INFO: Epoch 258, Train Loss: 0.005711367176528173, Test Loss: 0.00405955539353079, Inverse Test Loss: 0.002468329857837296 
2025-02-08 14:07:22,968 INFO: Epoch 259, Train Loss: 0.005768430468654542, Test Loss: 0.004064044901028727, Inverse Test Loss: 0.002470625134072069 
2025-02-08 14:07:25,239 INFO: Epoch 260, Train Loss: 0.005734448797408153, Test Loss: 0.004070036293176765, Inverse Test Loss: 0.002474121798789411 
2025-02-08 14:07:27,541 INFO: Epoch 261, Train Loss: 0.005760355683212931, Test Loss: 0.004096998303959315, Inverse Test Loss: 0.0024902253838566444 
2025-02-08 14:07:29,821 INFO: Epoch 262, Train Loss: 0.005717150485989722, Test Loss: 0.0040607551275046935, Inverse Test Loss: 0.0024689320425474734 
2025-02-08 14:07:32,104 INFO: Epoch 263, Train Loss: 0.005691603532547809, Test Loss: 0.004073428099438774, Inverse Test Loss: 0.002476510755844753 
2025-02-08 14:07:34,397 INFO: Epoch 264, Train Loss: 0.0057393677954237455, Test Loss: 0.0040839503794400525, Inverse Test Loss: 0.002482298810994535 
2025-02-08 14:07:36,651 INFO: Epoch 265, Train Loss: 0.005703788524084358, Test Loss: 0.004066114945365398, Inverse Test Loss: 0.002471670633619369 
2025-02-08 14:07:38,930 INFO: Epoch 266, Train Loss: 0.005681559382620352, Test Loss: 0.004046493672032022, Inverse Test Loss: 0.0024603234752166 
2025-02-08 14:07:41,204 INFO: Epoch 267, Train Loss: 0.005679104546839936, Test Loss: 0.004080051020013563, Inverse Test Loss: 0.0024803118431009352 
2025-02-08 14:07:43,497 INFO: Epoch 268, Train Loss: 0.005672829036043506, Test Loss: 0.004108522824632625, Inverse Test Loss: 0.0024972246592920837 
2025-02-08 14:07:45,788 INFO: Epoch 269, Train Loss: 0.005686441192996095, Test Loss: 0.004054567586122589, Inverse Test Loss: 0.002465703503482721 
2025-02-08 14:07:48,074 INFO: Epoch 270, Train Loss: 0.0057377277081479515, Test Loss: 0.004074178491436848, Inverse Test Loss: 0.002477051974203663 
2025-02-08 14:07:50,354 INFO: Epoch 271, Train Loss: 0.005709985900797288, Test Loss: 0.004075645116355383, Inverse Test Loss: 0.0024797381801446054 
2025-02-08 14:07:52,631 INFO: Epoch 272, Train Loss: 0.005735332045746459, Test Loss: 0.004123895697182778, Inverse Test Loss: 0.0025066868313870423 
2025-02-08 14:07:54,926 INFO: Epoch 273, Train Loss: 0.00572378370226502, Test Loss: 0.0041150900069624186, Inverse Test Loss: 0.002501225411172279 
2025-02-08 14:07:57,206 INFO: Epoch 274, Train Loss: 0.005673782015395717, Test Loss: 0.004079622057774527, Inverse Test Loss: 0.002479585141620853 
2025-02-08 14:07:59,498 INFO: Epoch 275, Train Loss: 0.005652429773225308, Test Loss: 0.0040276385632089596, Inverse Test Loss: 0.0024490340094251387 
2025-02-08 14:08:01,784 INFO: Epoch 276, Train Loss: 0.005718263162469322, Test Loss: 0.004026262336551692, Inverse Test Loss: 0.002448795451500425 
2025-02-08 14:08:04,081 INFO: Epoch 277, Train Loss: 0.0056868793917325975, Test Loss: 0.00404179871618522, Inverse Test Loss: 0.0024572339342822406 
2025-02-08 14:08:06,368 INFO: Epoch 278, Train Loss: 0.005657801763542618, Test Loss: 0.004039955649976478, Inverse Test Loss: 0.002456044984600422 
2025-02-08 14:08:08,649 INFO: Epoch 279, Train Loss: 0.005635679971116285, Test Loss: 0.004039121562417484, Inverse Test Loss: 0.0024557020621035586 
2025-02-08 14:08:10,922 INFO: Epoch 280, Train Loss: 0.00571267001390824, Test Loss: 0.004040634809908542, Inverse Test Loss: 0.0024566582058358826 
2025-02-08 14:08:13,207 INFO: Epoch 281, Train Loss: 0.005656112348801937, Test Loss: 0.004064437785101208, Inverse Test Loss: 0.0024725412755894163 
2025-02-08 14:08:15,482 INFO: Epoch 282, Train Loss: 0.005723773058200481, Test Loss: 0.004038758755830879, Inverse Test Loss: 0.0024553870157846673 
2025-02-08 14:08:17,750 INFO: Epoch 283, Train Loss: 0.005691503929538709, Test Loss: 0.004023256069613677, Inverse Test Loss: 0.0024466210214251823 
2025-02-08 14:08:20,017 INFO: Epoch 284, Train Loss: 0.005664232279576192, Test Loss: 0.004088771159083329, Inverse Test Loss: 0.002486456725323065 
2025-02-08 14:08:22,257 INFO: Epoch 285, Train Loss: 0.005678181464177076, Test Loss: 0.0040071157167073, Inverse Test Loss: 0.002436904540059693 
2025-02-08 14:08:24,531 INFO: Epoch 286, Train Loss: 0.005644277544254719, Test Loss: 0.004004312411063548, Inverse Test Loss: 0.0024345389595537476 
2025-02-08 14:08:26,804 INFO: Epoch 287, Train Loss: 0.005695586697776999, Test Loss: 0.004012770940211009, Inverse Test Loss: 0.0024406428212497494 
2025-02-08 14:08:29,083 INFO: Epoch 288, Train Loss: 0.005687146792435228, Test Loss: 0.004056002725988175, Inverse Test Loss: 0.0024652114229728327 
2025-02-08 14:08:31,373 INFO: Epoch 289, Train Loss: 0.005635210999929713, Test Loss: 0.004024823651310395, Inverse Test Loss: 0.0024481967927634037 
2025-02-08 14:08:33,652 INFO: Epoch 290, Train Loss: 0.0056809417323110565, Test Loss: 0.0040902909646375165, Inverse Test Loss: 0.0024855567008313355 
2025-02-08 14:08:35,951 INFO: Epoch 291, Train Loss: 0.005634542645456157, Test Loss: 0.004106119193955127, Inverse Test Loss: 0.0024961094269670093 
2025-02-08 14:08:38,256 INFO: Epoch 292, Train Loss: 0.00565253485745581, Test Loss: 0.0041453730152694115, Inverse Test Loss: 0.0025210342860329106 
2025-02-08 14:08:40,545 INFO: Epoch 293, Train Loss: 0.005731769605490351, Test Loss: 0.004026360591083314, Inverse Test Loss: 0.0024480067182924936 
2025-02-08 14:08:42,821 INFO: Epoch 294, Train Loss: 0.005652318675085112, Test Loss: 0.004006288416514342, Inverse Test Loss: 0.0024357343226614776 
2025-02-08 14:08:45,122 INFO: Epoch 295, Train Loss: 0.005676710101507717, Test Loss: 0.004107607002934497, Inverse Test Loss: 0.0024960585658184505 
2025-02-08 14:08:47,397 INFO: Epoch 296, Train Loss: 0.0056266544631922225, Test Loss: 0.004003132136087074, Inverse Test Loss: 0.0024339934691052995 
2025-02-08 14:08:49,682 INFO: Epoch 297, Train Loss: 0.005631641940757011, Test Loss: 0.0040140271673656325, Inverse Test Loss: 0.002440856976053593 
2025-02-08 14:08:51,975 INFO: Epoch 298, Train Loss: 0.005658355709976714, Test Loss: 0.0040163848069355345, Inverse Test Loss: 0.0024416808278836083 
2025-02-08 14:08:54,265 INFO: Epoch 299, Train Loss: 0.00561176368104167, Test Loss: 0.004010342403710114, Inverse Test Loss: 0.0024382703757675536 
2025-02-08 14:08:56,550 INFO: Epoch 300, Train Loss: 0.005592085915850475, Test Loss: 0.004025977200151167, Inverse Test Loss: 0.002448053319698595 
2025-02-08 14:08:56,551 INFO: Best Epoch 296, Best Test Loss: 0.004003132136087074, Inverse Test Loss: 0.0024339934691052995 
2025-02-08 14:08:58,866 INFO: Epoch 301, Train Loss: 0.0056076422236704575, Test Loss: 0.004015971024548917, Inverse Test Loss: 0.002442273055556033 
2025-02-08 14:09:01,159 INFO: Epoch 302, Train Loss: 0.005635195435553958, Test Loss: 0.00400420458225364, Inverse Test Loss: 0.0024344932824147472 
2025-02-08 14:09:03,461 INFO: Epoch 303, Train Loss: 0.005605383621789797, Test Loss: 0.003973614357440083, Inverse Test Loss: 0.0024162132617537723 
2025-02-08 14:09:05,781 INFO: Epoch 304, Train Loss: 0.0055843158360486, Test Loss: 0.00406813902681637, Inverse Test Loss: 0.002472108399326151 
2025-02-08 14:09:08,057 INFO: Epoch 305, Train Loss: 0.0056756100926908075, Test Loss: 0.004054099935191599, Inverse Test Loss: 0.0024639508214242983 
2025-02-08 14:09:10,344 INFO: Epoch 306, Train Loss: 0.005609190505999846, Test Loss: 0.003992896802215414, Inverse Test Loss: 0.0024275842905891213 
2025-02-08 14:09:12,634 INFO: Epoch 307, Train Loss: 0.005635072355454957, Test Loss: 0.004052048252726143, Inverse Test Loss: 0.0024653224496763537 
2025-02-08 14:09:14,922 INFO: Epoch 308, Train Loss: 0.005606108582772625, Test Loss: 0.003983901312687632, Inverse Test Loss: 0.0024224526150095644 
2025-02-08 14:09:17,212 INFO: Epoch 309, Train Loss: 0.005613660946079163, Test Loss: 0.004025642509628652, Inverse Test Loss: 0.002447283904378613 
2025-02-08 14:09:19,501 INFO: Epoch 310, Train Loss: 0.005609372943802031, Test Loss: 0.004010229727789534, Inverse Test Loss: 0.0024386706151717313 
2025-02-08 14:09:21,791 INFO: Epoch 311, Train Loss: 0.005611901784449759, Test Loss: 0.0039868697375905785, Inverse Test Loss: 0.002425169700996555 
2025-02-08 14:09:24,082 INFO: Epoch 312, Train Loss: 0.005610004849696645, Test Loss: 0.00401467279968501, Inverse Test Loss: 0.002442004381340336 
2025-02-08 14:09:26,364 INFO: Epoch 313, Train Loss: 0.005577478592220525, Test Loss: 0.004002963425591588, Inverse Test Loss: 0.002434012338970647 
2025-02-08 14:09:28,663 INFO: Epoch 314, Train Loss: 0.005580657160890317, Test Loss: 0.004033332016798809, Inverse Test Loss: 0.0024516937591022615 
2025-02-08 14:09:30,954 INFO: Epoch 315, Train Loss: 0.0056488840879562, Test Loss: 0.0039939635193370505, Inverse Test Loss: 0.0024292464861928515 
2025-02-08 14:09:33,253 INFO: Epoch 316, Train Loss: 0.0056208848025452235, Test Loss: 0.004054826529075702, Inverse Test Loss: 0.0024643710119452216 
2025-02-08 14:09:35,554 INFO: Epoch 317, Train Loss: 0.005826676747705223, Test Loss: 0.003983743344151387, Inverse Test Loss: 0.0024222413423668704 
2025-02-08 14:09:37,851 INFO: Epoch 318, Train Loss: 0.00560876486027458, Test Loss: 0.004061919330111282, Inverse Test Loss: 0.0024687509250008698 
2025-02-08 14:09:40,140 INFO: Epoch 319, Train Loss: 0.005750162274731944, Test Loss: 0.004024857718666846, Inverse Test Loss: 0.0024471726060393407 
2025-02-08 14:09:42,433 INFO: Epoch 320, Train Loss: 0.0055960106370603726, Test Loss: 0.003974203104999932, Inverse Test Loss: 0.002417246491831699 
2025-02-08 14:09:44,728 INFO: Epoch 321, Train Loss: 0.005645127611580502, Test Loss: 0.0039648357108517576, Inverse Test Loss: 0.00241086609435804 
2025-02-08 14:09:47,035 INFO: Epoch 322, Train Loss: 0.005590631125607725, Test Loss: 0.003971695593050258, Inverse Test Loss: 0.0024150572928854012 
2025-02-08 14:09:49,335 INFO: Epoch 323, Train Loss: 0.005612325344841476, Test Loss: 0.004043118537855194, Inverse Test Loss: 0.0024594745729259694 
2025-02-08 14:09:51,624 INFO: Epoch 324, Train Loss: 0.005608483216774678, Test Loss: 0.004089948904672356, Inverse Test Loss: 0.002486514188631466 
2025-02-08 14:09:53,899 INFO: Epoch 325, Train Loss: 0.005686846610236292, Test Loss: 0.0040175557792694735, Inverse Test Loss: 0.0024425668790089812 
2025-02-08 14:09:56,173 INFO: Epoch 326, Train Loss: 0.005622893352252008, Test Loss: 0.003995234838150667, Inverse Test Loss: 0.002428834940391508 
2025-02-08 14:09:58,457 INFO: Epoch 327, Train Loss: 0.0055835422562350604, Test Loss: 0.003975518587553365, Inverse Test Loss: 0.0024177855141743116 
2025-02-08 14:10:00,759 INFO: Epoch 328, Train Loss: 0.005602089954085055, Test Loss: 0.003962720017597982, Inverse Test Loss: 0.002409429114777595 
2025-02-08 14:10:03,028 INFO: Epoch 329, Train Loss: 0.005609267270439445, Test Loss: 0.004025311078735147, Inverse Test Loss: 0.0024484575436817427 
2025-02-08 14:10:05,334 INFO: Epoch 330, Train Loss: 0.0055830287376672704, Test Loss: 0.004054827015903412, Inverse Test Loss: 0.0024648330537743414 
2025-02-08 14:10:07,599 INFO: Epoch 331, Train Loss: 0.0056221326001722255, Test Loss: 0.003973635590889237, Inverse Test Loss: 0.0024158067800189283 
2025-02-08 14:10:09,877 INFO: Epoch 332, Train Loss: 0.005540691844406397, Test Loss: 0.004003922638455124, Inverse Test Loss: 0.002435014853042296 
2025-02-08 14:10:12,151 INFO: Epoch 333, Train Loss: 0.005606937610233824, Test Loss: 0.0039824237306178975, Inverse Test Loss: 0.00242156026863747 
2025-02-08 14:10:14,409 INFO: Epoch 334, Train Loss: 0.005578696844168007, Test Loss: 0.004050473816636385, Inverse Test Loss: 0.002463668159731297 
2025-02-08 14:10:16,697 INFO: Epoch 335, Train Loss: 0.005575329009761018, Test Loss: 0.003966773764907636, Inverse Test Loss: 0.002411749596693412 
2025-02-08 14:10:18,977 INFO: Epoch 336, Train Loss: 0.005570457208457149, Test Loss: 0.0039758694774443, Inverse Test Loss: 0.002418028827488535 
2025-02-08 14:10:21,266 INFO: Epoch 337, Train Loss: 0.005582600340748093, Test Loss: 0.0039668836856656, Inverse Test Loss: 0.0024120678691278126 
2025-02-08 14:10:23,560 INFO: Epoch 338, Train Loss: 0.005559962839911212, Test Loss: 0.0039693335931973925, Inverse Test Loss: 0.0024134223455224524 
2025-02-08 14:10:25,837 INFO: Epoch 339, Train Loss: 0.005617636311481791, Test Loss: 0.003953918754687589, Inverse Test Loss: 0.002403974723578854 
2025-02-08 14:10:28,129 INFO: Epoch 340, Train Loss: 0.005607094531032172, Test Loss: 0.004096548506905409, Inverse Test Loss: 0.0024895422411094787 
2025-02-08 14:10:30,421 INFO: Epoch 341, Train Loss: 0.005840061226715052, Test Loss: 0.003976885081184181, Inverse Test Loss: 0.002418796907560053 
2025-02-08 14:10:32,730 INFO: Epoch 342, Train Loss: 0.005579452287003567, Test Loss: 0.0040287208729282474, Inverse Test Loss: 0.002448726618295592 
2025-02-08 14:10:34,999 INFO: Epoch 343, Train Loss: 0.005554936314707227, Test Loss: 0.0039599178373023415, Inverse Test Loss: 0.002408597955240332 
2025-02-08 14:10:37,284 INFO: Epoch 344, Train Loss: 0.005583329232952868, Test Loss: 0.00398020719700126, Inverse Test Loss: 0.0024206909513326755 
2025-02-08 14:10:39,567 INFO: Epoch 345, Train Loss: 0.005555818592917852, Test Loss: 0.003991569420604995, Inverse Test Loss: 0.002428229797673835 
2025-02-08 14:10:41,863 INFO: Epoch 346, Train Loss: 0.0055641853118273, Test Loss: 0.004013184292213709, Inverse Test Loss: 0.0024405680138222647 
2025-02-08 14:10:44,121 INFO: Epoch 347, Train Loss: 0.00555783625653324, Test Loss: 0.003969465643449715, Inverse Test Loss: 0.002413270949160285 
2025-02-08 14:10:46,409 INFO: Epoch 348, Train Loss: 0.005565122800886236, Test Loss: 0.0039774431974034415, Inverse Test Loss: 0.002419179323072912 
2025-02-08 14:10:48,693 INFO: Epoch 349, Train Loss: 0.0055579364041367435, Test Loss: 0.0039671206120119405, Inverse Test Loss: 0.0024130518079001568 
2025-02-08 14:10:50,976 INFO: Epoch 350, Train Loss: 0.005602937202307989, Test Loss: 0.0039708509328634, Inverse Test Loss: 0.0024141967755206156 
2025-02-08 14:10:53,256 INFO: Epoch 351, Train Loss: 0.0055562716240246755, Test Loss: 0.003991889594489652, Inverse Test Loss: 0.0024267000915256867 
2025-02-08 14:10:55,525 INFO: Epoch 352, Train Loss: 0.0055551845527423375, Test Loss: 0.0039638650892866835, Inverse Test Loss: 0.002410437012175945 
2025-02-08 14:10:57,818 INFO: Epoch 353, Train Loss: 0.0055664366439238866, Test Loss: 0.003955339727161283, Inverse Test Loss: 0.002405476214886276 
2025-02-08 14:11:00,129 INFO: Epoch 354, Train Loss: 0.005625544016242422, Test Loss: 0.004169929056484817, Inverse Test Loss: 0.0025448518360710955 
2025-02-08 14:11:02,421 INFO: Epoch 355, Train Loss: 0.005572428192174288, Test Loss: 0.004045155908291538, Inverse Test Loss: 0.0024591170191397946 
2025-02-08 14:11:04,694 INFO: Epoch 356, Train Loss: 0.005563484618588435, Test Loss: 0.004061168931057733, Inverse Test Loss: 0.00247042582045789 
2025-02-08 14:11:06,995 INFO: Epoch 357, Train Loss: 0.005573600541207601, Test Loss: 0.004017973329279233, Inverse Test Loss: 0.0024423121711041667 
2025-02-08 14:11:09,279 INFO: Epoch 358, Train Loss: 0.005545094058933583, Test Loss: 0.0040317269493684625, Inverse Test Loss: 0.0024518588624866397 
2025-02-08 14:11:11,547 INFO: Epoch 359, Train Loss: 0.005552799288345726, Test Loss: 0.0040305529855135264, Inverse Test Loss: 0.0024523707336012385 
2025-02-08 14:11:13,830 INFO: Epoch 360, Train Loss: 0.005590660995839051, Test Loss: 0.003954035963750247, Inverse Test Loss: 0.0024043999852217507 
2025-02-08 14:11:16,109 INFO: Epoch 361, Train Loss: 0.005552941487897469, Test Loss: 0.003959826384247704, Inverse Test Loss: 0.002407608865971931 
2025-02-08 14:11:18,430 INFO: Epoch 362, Train Loss: 0.005646556642287495, Test Loss: 0.004026586309809125, Inverse Test Loss: 0.00244708335076487 
2025-02-08 14:11:20,721 INFO: Epoch 363, Train Loss: 0.005553058405921823, Test Loss: 0.004018732011459317, Inverse Test Loss: 0.0024434225298605406 
2025-02-08 14:11:23,020 INFO: Epoch 364, Train Loss: 0.0055431002877991305, Test Loss: 0.003983898529303119, Inverse Test Loss: 0.002422238483136012 
2025-02-08 14:11:25,302 INFO: Epoch 365, Train Loss: 0.0055386118152510435, Test Loss: 0.0039777304045856, Inverse Test Loss: 0.0024188228822877686 
2025-02-08 14:11:27,600 INFO: Epoch 366, Train Loss: 0.005528823743313269, Test Loss: 0.00405625042604339, Inverse Test Loss: 0.002465239094542057 
2025-02-08 14:11:29,883 INFO: Epoch 367, Train Loss: 0.005561067951158761, Test Loss: 0.004000343064862219, Inverse Test Loss: 0.0024329425597732716 
2025-02-08 14:11:32,155 INFO: Epoch 368, Train Loss: 0.005588579094337271, Test Loss: 0.003972770804962652, Inverse Test Loss: 0.002415748692301074 
2025-02-08 14:11:34,442 INFO: Epoch 369, Train Loss: 0.005573188342774908, Test Loss: 0.003975529685814046, Inverse Test Loss: 0.002417566319998128 
2025-02-08 14:11:36,735 INFO: Epoch 370, Train Loss: 0.0055336839780493665, Test Loss: 0.003951685503125191, Inverse Test Loss: 0.002402824573712706 
2025-02-08 14:11:39,030 INFO: Epoch 371, Train Loss: 0.005543357810838092, Test Loss: 0.00405505637878157, Inverse Test Loss: 0.0024647283505394376 
2025-02-08 14:11:41,320 INFO: Epoch 372, Train Loss: 0.005536987864285369, Test Loss: 0.004075570525883725, Inverse Test Loss: 0.0024785040084018624 
2025-02-08 14:11:43,608 INFO: Epoch 373, Train Loss: 0.005787050524359625, Test Loss: 0.004045502229763026, Inverse Test Loss: 0.002458758673376658 
2025-02-08 14:11:45,876 INFO: Epoch 374, Train Loss: 0.005531106775654762, Test Loss: 0.004015905877829276, Inverse Test Loss: 0.002441449533569429 
2025-02-08 14:11:48,139 INFO: Epoch 375, Train Loss: 0.005533614450762274, Test Loss: 0.0040420229567892174, Inverse Test Loss: 0.0024577730800956488 
2025-02-08 14:11:50,417 INFO: Epoch 376, Train Loss: 0.0055329315381999495, Test Loss: 0.003952553658040635, Inverse Test Loss: 0.0024037890940565953 
2025-02-08 14:11:52,704 INFO: Epoch 377, Train Loss: 0.005563375099110558, Test Loss: 0.003986104472653206, Inverse Test Loss: 0.002423404435500164 
2025-02-08 14:11:54,976 INFO: Epoch 378, Train Loss: 0.0055342996598814025, Test Loss: 0.00396591514546537, Inverse Test Loss: 0.002411924607727225 
2025-02-08 14:11:57,355 INFO: Epoch 379, Train Loss: 0.0055110692161234156, Test Loss: 0.003972602969345947, Inverse Test Loss: 0.002414738579483872 
2025-02-08 14:11:59,630 INFO: Epoch 380, Train Loss: 0.005580680204950499, Test Loss: 0.004077343439513987, Inverse Test Loss: 0.002478835478100474 
2025-02-08 14:12:01,908 INFO: Epoch 381, Train Loss: 0.005583934168415991, Test Loss: 0.004045674344524741, Inverse Test Loss: 0.00245916264336274 
2025-02-08 14:12:04,192 INFO: Epoch 382, Train Loss: 0.005543138845082881, Test Loss: 0.00402880948615458, Inverse Test Loss: 0.0024499080397865987 
2025-02-08 14:12:06,495 INFO: Epoch 383, Train Loss: 0.0056179059937483435, Test Loss: 0.003960092022845691, Inverse Test Loss: 0.002407874844996541 
2025-02-08 14:12:08,833 INFO: Epoch 384, Train Loss: 0.005614854020567498, Test Loss: 0.003946917583093498, Inverse Test Loss: 0.0024001898074691944 
2025-02-08 14:12:11,289 INFO: Epoch 385, Train Loss: 0.005535392194746457, Test Loss: 0.003988969390224101, Inverse Test Loss: 0.002424903386836928 
2025-02-08 14:12:13,625 INFO: Epoch 386, Train Loss: 0.005549038583977204, Test Loss: 0.003939798211142646, Inverse Test Loss: 0.0023955697825206726 
2025-02-08 14:12:16,085 INFO: Epoch 387, Train Loss: 0.005505046112265325, Test Loss: 0.003953915615001637, Inverse Test Loss: 0.0024042541644479516 
2025-02-08 14:12:18,408 INFO: Epoch 388, Train Loss: 0.005515733515494503, Test Loss: 0.003941594143256996, Inverse Test Loss: 0.002397233239290389 
2025-02-08 14:12:20,718 INFO: Epoch 389, Train Loss: 0.005747926777764929, Test Loss: 0.003950740351821437, Inverse Test Loss: 0.0024024601073258304 
2025-02-08 14:12:23,053 INFO: Epoch 390, Train Loss: 0.005495994303297873, Test Loss: 0.003934794468946304, Inverse Test Loss: 0.002392301958576409 
2025-02-08 14:12:26,263 INFO: Epoch 391, Train Loss: 0.005513875474483057, Test Loss: 0.004010659854181788, Inverse Test Loss: 0.002437961187255992 
2025-02-08 14:12:28,772 INFO: Epoch 392, Train Loss: 0.005513051348371488, Test Loss: 0.0042404900304973125, Inverse Test Loss: 0.002577393830782085 
2025-02-08 14:12:31,287 INFO: Epoch 393, Train Loss: 0.00557003298661474, Test Loss: 0.004090745291305762, Inverse Test Loss: 0.0024869842084378683 
2025-02-08 14:12:33,735 INFO: Epoch 394, Train Loss: 0.005510943420548839, Test Loss: 0.00398039933519833, Inverse Test Loss: 0.0024203690806065092 
2025-02-08 14:12:36,001 INFO: Epoch 395, Train Loss: 0.005506357491178664, Test Loss: 0.003962320321465306, Inverse Test Loss: 0.0024097511266132424 
2025-02-08 14:12:38,294 INFO: Epoch 396, Train Loss: 0.0055246047894329285, Test Loss: 0.003944083064032549, Inverse Test Loss: 0.002398397778795863 
2025-02-08 14:12:40,588 INFO: Epoch 397, Train Loss: 0.005529616580161294, Test Loss: 0.003960708921747, Inverse Test Loss: 0.002408760989606945 
2025-02-08 14:12:42,902 INFO: Epoch 398, Train Loss: 0.0055431401829771475, Test Loss: 0.003995462839322334, Inverse Test Loss: 0.0024286582695574248 
2025-02-08 14:12:45,184 INFO: Epoch 399, Train Loss: 0.005510967602304211, Test Loss: 0.003936174138674907, Inverse Test Loss: 0.0023935946272545016 
2025-02-08 14:12:47,461 INFO: Epoch 400, Train Loss: 0.00553450054598436, Test Loss: 0.003964381793401007, Inverse Test Loss: 0.002410050250491071 
2025-02-08 14:12:47,461 INFO: Best Epoch 390, Best Test Loss: 0.003934794468946304, Inverse Test Loss: 0.002392301958576409 
2025-02-08 14:12:49,748 INFO: Epoch 401, Train Loss: 0.005554272571867897, Test Loss: 0.003919180810705505, Inverse Test Loss: 0.0023835207437955296 
2025-02-08 14:12:52,040 INFO: Epoch 402, Train Loss: 0.005488156040276711, Test Loss: 0.003943943672559478, Inverse Test Loss: 0.0023981459230664327 
2025-02-08 14:12:54,328 INFO: Epoch 403, Train Loss: 0.005519847172598185, Test Loss: 0.0040374130440988774, Inverse Test Loss: 0.002454813335189652 
2025-02-08 14:12:56,594 INFO: Epoch 404, Train Loss: 0.005508717086878746, Test Loss: 0.003947468354564273, Inverse Test Loss: 0.002399911818263883 
2025-02-08 14:12:58,878 INFO: Epoch 405, Train Loss: 0.005538031532496186, Test Loss: 0.0039653210604394026, Inverse Test Loss: 0.0024117789615764086 
2025-02-08 14:13:01,148 INFO: Epoch 406, Train Loss: 0.005724555779262587, Test Loss: 0.0046461895214055075, Inverse Test Loss: 0.0028837769112380392 
2025-02-08 14:13:03,451 INFO: Epoch 407, Train Loss: 0.005511686127371804, Test Loss: 0.003962951292509608, Inverse Test Loss: 0.002409240507845287 
2025-02-08 14:13:05,753 INFO: Epoch 408, Train Loss: 0.005542789918377601, Test Loss: 0.003920025657862425, Inverse Test Loss: 0.002383751034468525 
2025-02-08 14:13:08,007 INFO: Epoch 409, Train Loss: 0.005504607109204781, Test Loss: 0.003957147537166196, Inverse Test Loss: 0.002406056681083459 
2025-02-08 14:13:10,272 INFO: Epoch 410, Train Loss: 0.005577693474179162, Test Loss: 0.00396015563147199, Inverse Test Loss: 0.0024076159161543756 
2025-02-08 14:13:12,564 INFO: Epoch 411, Train Loss: 0.005502663804994275, Test Loss: 0.003950856580173202, Inverse Test Loss: 0.0024020384933630175 
2025-02-08 14:13:14,855 INFO: Epoch 412, Train Loss: 0.0054872791603856694, Test Loss: 0.003938007743492948, Inverse Test Loss: 0.002395013634778672 
2025-02-08 14:13:17,128 INFO: Epoch 413, Train Loss: 0.005475962673892464, Test Loss: 0.0039407242456394615, Inverse Test Loss: 0.0023957142257131636 
2025-02-08 14:13:19,421 INFO: Epoch 414, Train Loss: 0.005489017922875725, Test Loss: 0.003954802660948851, Inverse Test Loss: 0.0024061545122866378 
2025-02-08 14:13:21,715 INFO: Epoch 415, Train Loss: 0.005479208833121723, Test Loss: 0.003967552484634022, Inverse Test Loss: 0.0024138383768414233 
2025-02-08 14:13:23,995 INFO: Epoch 416, Train Loss: 0.005543743468341277, Test Loss: 0.004010442369194193, Inverse Test Loss: 0.002437242804179815 
2025-02-08 14:13:26,279 INFO: Epoch 417, Train Loss: 0.005493118111079446, Test Loss: 0.003939630079196032, Inverse Test Loss: 0.0023958851286972112 
2025-02-08 14:13:28,560 INFO: Epoch 418, Train Loss: 0.0055401122680808785, Test Loss: 0.003937193379511662, Inverse Test Loss: 0.0023936900595965035 
2025-02-08 14:13:30,856 INFO: Epoch 419, Train Loss: 0.005502046890218149, Test Loss: 0.003920446788525265, Inverse Test Loss: 0.002383831406901167 
2025-02-08 14:13:33,160 INFO: Epoch 420, Train Loss: 0.0054864829422017055, Test Loss: 0.003928554956942346, Inverse Test Loss: 0.002388797222396754 
2025-02-08 14:13:35,448 INFO: Epoch 421, Train Loss: 0.005538313662823798, Test Loss: 0.0039343698881566525, Inverse Test Loss: 0.0023926819893390393 
2025-02-08 14:13:37,714 INFO: Epoch 422, Train Loss: 0.005490749852139164, Test Loss: 0.003940470904732744, Inverse Test Loss: 0.0023960269102121165 
2025-02-08 14:13:40,008 INFO: Epoch 423, Train Loss: 0.005490363821577789, Test Loss: 0.004003184484176789, Inverse Test Loss: 0.00243317218370397 
2025-02-08 14:13:42,311 INFO: Epoch 424, Train Loss: 0.005502228992003383, Test Loss: 0.003928399891733672, Inverse Test Loss: 0.0023891372521492567 
2025-02-08 14:13:44,601 INFO: Epoch 425, Train Loss: 0.005464422153167878, Test Loss: 0.003954520173878832, Inverse Test Loss: 0.002404170163737779 
2025-02-08 14:13:46,893 INFO: Epoch 426, Train Loss: 0.005484315809250499, Test Loss: 0.0039325878694371295, Inverse Test Loss: 0.002392057435248386 
2025-02-08 14:13:49,190 INFO: Epoch 427, Train Loss: 0.005522928040150102, Test Loss: 0.003925263221996526, Inverse Test Loss: 0.002386800223382924 
2025-02-08 14:13:51,495 INFO: Epoch 428, Train Loss: 0.005476801611207934, Test Loss: 0.003938563947678741, Inverse Test Loss: 0.0023948070822481177 
2025-02-08 14:13:53,813 INFO: Epoch 429, Train Loss: 0.005487556907940994, Test Loss: 0.0039294647285714746, Inverse Test Loss: 0.00238947577555805 
2025-02-08 14:13:56,110 INFO: Epoch 430, Train Loss: 0.0055100505516306976, Test Loss: 0.003954432686000611, Inverse Test Loss: 0.0024044923325577242 
2025-02-08 14:13:58,378 INFO: Epoch 431, Train Loss: 0.0055090436248009965, Test Loss: 0.0039845993036799355, Inverse Test Loss: 0.002422144403681159 
2025-02-08 14:14:00,662 INFO: Epoch 432, Train Loss: 0.00550513104297517, Test Loss: 0.003942017824473706, Inverse Test Loss: 0.0023964787568812344 
2025-02-08 14:14:02,935 INFO: Epoch 433, Train Loss: 0.005469196099456343, Test Loss: 0.003931187156757171, Inverse Test Loss: 0.0023898332182205086 
2025-02-08 14:14:05,233 INFO: Epoch 434, Train Loss: 0.0054686068024514525, Test Loss: 0.0039567829984607115, Inverse Test Loss: 0.002405019704548811 
2025-02-08 14:14:07,511 INFO: Epoch 435, Train Loss: 0.005492330675196806, Test Loss: 0.00394041279232073, Inverse Test Loss: 0.0023960252168983447 
2025-02-08 14:14:09,813 INFO: Epoch 436, Train Loss: 0.00548290067077191, Test Loss: 0.00394361728632992, Inverse Test Loss: 0.002397748373561736 
2025-02-08 14:14:12,116 INFO: Epoch 437, Train Loss: 0.005688243125791125, Test Loss: 0.003939981113724185, Inverse Test Loss: 0.0023955667680693846 
2025-02-08 14:14:14,402 INFO: Epoch 438, Train Loss: 0.005519002105398668, Test Loss: 0.003945680070583793, Inverse Test Loss: 0.0023985014836811883 
2025-02-08 14:14:16,679 INFO: Epoch 439, Train Loss: 0.005470594698580857, Test Loss: 0.003915900018799937, Inverse Test Loss: 0.002381062951771486 
2025-02-08 14:14:18,982 INFO: Epoch 440, Train Loss: 0.005494773819174787, Test Loss: 0.0039099553832784295, Inverse Test Loss: 0.0023780496293594215 
2025-02-08 14:14:21,271 INFO: Epoch 441, Train Loss: 0.00547150388769241, Test Loss: 0.003924457871383338, Inverse Test Loss: 0.002386355331647351 
2025-02-08 14:14:23,570 INFO: Epoch 442, Train Loss: 0.005792250309075991, Test Loss: 0.004019632289948111, Inverse Test Loss: 0.0024435936233423877 
2025-02-08 14:14:25,868 INFO: Epoch 443, Train Loss: 0.005703921631775853, Test Loss: 0.004019790191457353, Inverse Test Loss: 0.0024432668420062823 
2025-02-08 14:14:28,144 INFO: Epoch 444, Train Loss: 0.005502971634445147, Test Loss: 0.003937349922842149, Inverse Test Loss: 0.00239408580642758 
2025-02-08 14:14:30,446 INFO: Epoch 445, Train Loss: 0.005655128033443664, Test Loss: 0.0040324899883037715, Inverse Test Loss: 0.002451210891277614 
2025-02-08 14:14:32,727 INFO: Epoch 446, Train Loss: 0.005515488177700194, Test Loss: 0.003929726998180602, Inverse Test Loss: 0.0023894842985707023 
2025-02-08 14:14:35,008 INFO: Epoch 447, Train Loss: 0.005446771482556042, Test Loss: 0.0039512290421760445, Inverse Test Loss: 0.0024024203038689766 
2025-02-08 14:14:37,295 INFO: Epoch 448, Train Loss: 0.0055084650432973194, Test Loss: 0.003938157979229634, Inverse Test Loss: 0.002394234565806321 
2025-02-08 14:14:39,580 INFO: Epoch 449, Train Loss: 0.005469666758665081, Test Loss: 0.003913662837338493, Inverse Test Loss: 0.002379781361951521 
2025-02-08 14:14:41,871 INFO: Epoch 450, Train Loss: 0.005456727874733395, Test Loss: 0.003918879030441696, Inverse Test Loss: 0.0023827642999645886 
2025-02-08 14:14:44,164 INFO: Epoch 451, Train Loss: 0.005466865132224153, Test Loss: 0.0039716936210452605, Inverse Test Loss: 0.0024140867648053577 
2025-02-08 14:14:46,452 INFO: Epoch 452, Train Loss: 0.0055019970097804835, Test Loss: 0.003958225839376224, Inverse Test Loss: 0.0024060338142920623 
2025-02-08 14:14:48,733 INFO: Epoch 453, Train Loss: 0.00547683000419938, Test Loss: 0.0039909733635740295, Inverse Test Loss: 0.0024264848466511025 
2025-02-08 14:14:51,012 INFO: Epoch 454, Train Loss: 0.00546778618379242, Test Loss: 0.00391166033858264, Inverse Test Loss: 0.0023786806392088306 
2025-02-08 14:14:53,296 INFO: Epoch 455, Train Loss: 0.005489810223507723, Test Loss: 0.0039241268426518545, Inverse Test Loss: 0.0023863110761863718 
2025-02-08 14:14:55,602 INFO: Epoch 456, Train Loss: 0.005459018778338125, Test Loss: 0.003911289897973113, Inverse Test Loss: 0.002379309209628087 
2025-02-08 14:14:57,859 INFO: Epoch 457, Train Loss: 0.005507463825669027, Test Loss: 0.00392625811792007, Inverse Test Loss: 0.0023877145599037635 
2025-02-08 14:15:00,153 INFO: Epoch 458, Train Loss: 0.005445747376969931, Test Loss: 0.003917920805344527, Inverse Test Loss: 0.002382228810650607 
2025-02-08 14:15:02,452 INFO: Epoch 459, Train Loss: 0.005457756146576933, Test Loss: 0.003967628373312905, Inverse Test Loss: 0.0024124287107648947 
2025-02-08 14:15:04,738 INFO: Epoch 460, Train Loss: 0.005472083802680682, Test Loss: 0.00393059643013685, Inverse Test Loss: 0.002389931957815971 
2025-02-08 14:15:07,028 INFO: Epoch 461, Train Loss: 0.005522567056521604, Test Loss: 0.003977465228121163, Inverse Test Loss: 0.0024177297212493918 
2025-02-08 14:15:09,297 INFO: Epoch 462, Train Loss: 0.005433463779891926, Test Loss: 0.003967902898280458, Inverse Test Loss: 0.0024119965259380865 
2025-02-08 14:15:11,587 INFO: Epoch 463, Train Loss: 0.0054869281518745774, Test Loss: 0.003933855618180876, Inverse Test Loss: 0.0023916420512691593 
2025-02-08 14:15:13,865 INFO: Epoch 464, Train Loss: 0.0055234195712149485, Test Loss: 0.003988576206293973, Inverse Test Loss: 0.0024245062641884115 
2025-02-08 14:15:16,153 INFO: Epoch 465, Train Loss: 0.005480756695650405, Test Loss: 0.003925747767260129, Inverse Test Loss: 0.002386751096117113 
2025-02-08 14:15:18,428 INFO: Epoch 466, Train Loss: 0.005718533560425523, Test Loss: 0.003955190482718701, Inverse Test Loss: 0.0024043996342119167 
2025-02-08 14:15:20,721 INFO: Epoch 467, Train Loss: 0.0054343210843702154, Test Loss: 0.003921314110894772, Inverse Test Loss: 0.002384393144342484 
2025-02-08 14:15:23,006 INFO: Epoch 468, Train Loss: 0.005466253307090621, Test Loss: 0.003978488769269351, Inverse Test Loss: 0.0024189599595653513 
2025-02-08 14:15:25,283 INFO: Epoch 469, Train Loss: 0.00546252951519846, Test Loss: 0.0039402370616285634, Inverse Test Loss: 0.0023959725513122976 
2025-02-08 14:15:27,565 INFO: Epoch 470, Train Loss: 0.005481058851618207, Test Loss: 0.003931284317690314, Inverse Test Loss: 0.0023900266440415926 
2025-02-08 14:15:29,848 INFO: Epoch 471, Train Loss: 0.005469876278904408, Test Loss: 0.003907863414056148, Inverse Test Loss: 0.0023768701393044357 
2025-02-08 14:15:32,129 INFO: Epoch 472, Train Loss: 0.005432303726786014, Test Loss: 0.0039225179158772034, Inverse Test Loss: 0.002385551295116205 
2025-02-08 14:15:34,425 INFO: Epoch 473, Train Loss: 0.005483025330415165, Test Loss: 0.00390926531911122, Inverse Test Loss: 0.002377485687082464 
2025-02-08 14:15:36,714 INFO: Epoch 474, Train Loss: 0.005486794820171781, Test Loss: 0.003934166401229573, Inverse Test Loss: 0.0023916177733829527 
2025-02-08 14:15:38,997 INFO: Epoch 475, Train Loss: 0.0054740072245653155, Test Loss: 0.0039438845018263564, Inverse Test Loss: 0.0023981946499340915 
2025-02-08 14:15:41,263 INFO: Epoch 476, Train Loss: 0.0054674198362397765, Test Loss: 0.003933024028259696, Inverse Test Loss: 0.0023910936292712436 
2025-02-08 14:15:43,536 INFO: Epoch 477, Train Loss: 0.005451329320556287, Test Loss: 0.0039194614104362145, Inverse Test Loss: 0.002383851816623726 
2025-02-08 14:15:45,820 INFO: Epoch 478, Train Loss: 0.0054759399155789815, Test Loss: 0.003905168547520809, Inverse Test Loss: 0.0023745285191883645 
2025-02-08 14:15:48,106 INFO: Epoch 479, Train Loss: 0.005463481393014787, Test Loss: 0.0039368267029975396, Inverse Test Loss: 0.002393716992104821 
2025-02-08 14:15:50,393 INFO: Epoch 480, Train Loss: 0.005469914600711711, Test Loss: 0.003917557070963085, Inverse Test Loss: 0.0023825012789474745 
2025-02-08 14:15:52,670 INFO: Epoch 481, Train Loss: 0.005484221864731588, Test Loss: 0.003977460705562297, Inverse Test Loss: 0.0024178166411619522 
2025-02-08 14:15:54,940 INFO: Epoch 482, Train Loss: 0.005462750833954267, Test Loss: 0.003918851341233786, Inverse Test Loss: 0.00238311366410926 
2025-02-08 14:15:57,227 INFO: Epoch 483, Train Loss: 0.005459367172355114, Test Loss: 0.003957015917297791, Inverse Test Loss: 0.002405951916113157 
2025-02-08 14:15:59,507 INFO: Epoch 484, Train Loss: 0.005454808253985407, Test Loss: 0.003939950175470475, Inverse Test Loss: 0.002395640169693665 
2025-02-08 14:16:01,776 INFO: Epoch 485, Train Loss: 0.005427327252233006, Test Loss: 0.003952155355364084, Inverse Test Loss: 0.0024023377795167494 
2025-02-08 14:16:04,058 INFO: Epoch 486, Train Loss: 0.005432387804224466, Test Loss: 0.0039233148422543745, Inverse Test Loss: 0.002385509295643053 
2025-02-08 14:16:06,335 INFO: Epoch 487, Train Loss: 0.00542404952945865, Test Loss: 0.003927518924077352, Inverse Test Loss: 0.0023876646900493088 
2025-02-08 14:16:08,594 INFO: Epoch 488, Train Loss: 0.00542793017600409, Test Loss: 0.00392111762299795, Inverse Test Loss: 0.0023854037810286336 
2025-02-08 14:16:10,855 INFO: Epoch 489, Train Loss: 0.005418225479044133, Test Loss: 0.0039564417075422225, Inverse Test Loss: 0.002407159853839513 
2025-02-08 14:16:13,150 INFO: Epoch 490, Train Loss: 0.00541656226745214, Test Loss: 0.003947666969686521, Inverse Test Loss: 0.0023997505848070214 
2025-02-08 14:16:15,431 INFO: Epoch 491, Train Loss: 0.005442685749254782, Test Loss: 0.0039010557635320406, Inverse Test Loss: 0.0023723591514157524 
2025-02-08 14:16:17,712 INFO: Epoch 492, Train Loss: 0.0054924506200195265, Test Loss: 0.0039241322930055585, Inverse Test Loss: 0.002386188982971803 
2025-02-08 14:16:19,977 INFO: Epoch 493, Train Loss: 0.00541634213137017, Test Loss: 0.0038960351058366623, Inverse Test Loss: 0.0023699079333296554 
2025-02-08 14:16:22,257 INFO: Epoch 494, Train Loss: 0.005426278891250011, Test Loss: 0.003928258224870219, Inverse Test Loss: 0.0023886059855364942 
2025-02-08 14:16:24,546 INFO: Epoch 495, Train Loss: 0.005463766879543211, Test Loss: 0.003919832588342781, Inverse Test Loss: 0.0023832171502748897 
2025-02-08 14:16:26,832 INFO: Epoch 496, Train Loss: 0.005452397832414135, Test Loss: 0.003910044303417883, Inverse Test Loss: 0.0023781771993857215 
2025-02-08 14:16:29,120 INFO: Epoch 497, Train Loss: 0.005426287626367853, Test Loss: 0.0041575591877159295, Inverse Test Loss: 0.0025444042967688856 
2025-02-08 14:16:31,410 INFO: Epoch 498, Train Loss: 0.005420067183546384, Test Loss: 0.003891435416528221, Inverse Test Loss: 0.0023676032944808176 
2025-02-08 14:16:33,724 INFO: Epoch 499, Train Loss: 0.005395656874911351, Test Loss: 0.003938581960303991, Inverse Test Loss: 0.0023957026864853547 
2025-02-08 14:16:36,030 INFO: Epoch 500, Train Loss: 0.005466695123521442, Test Loss: 0.003951662474057891, Inverse Test Loss: 0.0024032329304397785 
2025-02-08 14:16:36,030 INFO: Best Epoch 498, Best Test Loss: 0.003891435416528221, Inverse Test Loss: 0.0023676032944808176 
2025-02-08 14:16:38,313 INFO: Epoch 501, Train Loss: 0.005415690025653352, Test Loss: 0.0039613822256356025, Inverse Test Loss: 0.0024085602666618247 
2025-02-08 14:16:40,602 INFO: Epoch 502, Train Loss: 0.005472483274802057, Test Loss: 0.0039181214489155645, Inverse Test Loss: 0.002383195902714788 
2025-02-08 14:16:42,898 INFO: Epoch 503, Train Loss: 0.0054366855289448394, Test Loss: 0.003917462725164087, Inverse Test Loss: 0.00238178832329471 
2025-02-08 14:16:45,195 INFO: Epoch 504, Train Loss: 0.005472975781286192, Test Loss: 0.0039054182089978094, Inverse Test Loss: 0.0023746472134283094 
2025-02-08 14:16:47,477 INFO: Epoch 505, Train Loss: 0.005417973670498186, Test Loss: 0.003914029873681791, Inverse Test Loss: 0.0023799752269758646 
2025-02-08 14:16:49,752 INFO: Epoch 506, Train Loss: 0.005469909348793215, Test Loss: 0.003912605168862325, Inverse Test Loss: 0.0023790090115543344 
2025-02-08 14:16:52,019 INFO: Epoch 507, Train Loss: 0.005419558661136155, Test Loss: 0.00391146888829429, Inverse Test Loss: 0.002378725612564295 
2025-02-08 14:16:54,285 INFO: Epoch 508, Train Loss: 0.005419419563347192, Test Loss: 0.003976080626616198, Inverse Test Loss: 0.0024174238893796096 
2025-02-08 14:16:56,559 INFO: Epoch 509, Train Loss: 0.005438307675032058, Test Loss: 0.0039892735622936125, Inverse Test Loss: 0.0024255426462993705 
2025-02-08 14:16:58,849 INFO: Epoch 510, Train Loss: 0.005460375711801603, Test Loss: 0.003968919126429792, Inverse Test Loss: 0.0024129329672591252 
2025-02-08 14:17:01,126 INFO: Epoch 511, Train Loss: 0.00542633542455874, Test Loss: 0.0039238121755646935, Inverse Test Loss: 0.0023856567956196764 
2025-02-08 14:17:03,417 INFO: Epoch 512, Train Loss: 0.005428197836877327, Test Loss: 0.004104567338910067, Inverse Test Loss: 0.0025017886143883297 
2025-02-08 14:17:05,712 INFO: Epoch 513, Train Loss: 0.005444858960496883, Test Loss: 0.003917341367482688, Inverse Test Loss: 0.0023816438677551396 
2025-02-08 14:17:07,986 INFO: Epoch 514, Train Loss: 0.005417430635795675, Test Loss: 0.003906944974777148, Inverse Test Loss: 0.002375319753561846 
2025-02-08 14:17:10,276 INFO: Epoch 515, Train Loss: 0.005425868586771134, Test Loss: 0.0038881286781168346, Inverse Test Loss: 0.0023646645519572 
2025-02-08 14:17:12,574 INFO: Epoch 516, Train Loss: 0.00541250029698748, Test Loss: 0.003947397969155149, Inverse Test Loss: 0.0023995636412027206 
2025-02-08 14:17:14,857 INFO: Epoch 517, Train Loss: 0.0054091423737576624, Test Loss: 0.004015604602031861, Inverse Test Loss: 0.002440963425518324 
2025-02-08 14:17:17,165 INFO: Epoch 518, Train Loss: 0.005508382250837079, Test Loss: 0.003955229647655153, Inverse Test Loss: 0.002404891631819985 
2025-02-08 14:17:19,466 INFO: Epoch 519, Train Loss: 0.0054246535150785785, Test Loss: 0.0039004519595905686, Inverse Test Loss: 0.0023719893034660454 
2025-02-08 14:17:21,740 INFO: Epoch 520, Train Loss: 0.005451144729070647, Test Loss: 0.003926332235674967, Inverse Test Loss: 0.0023879862362236686 
2025-02-08 14:17:24,029 INFO: Epoch 521, Train Loss: 0.005465180304864506, Test Loss: 0.0039032504886783886, Inverse Test Loss: 0.0023733586510361142 
2025-02-08 14:17:26,329 INFO: Epoch 522, Train Loss: 0.005502069691746411, Test Loss: 0.0039697034905354185, Inverse Test Loss: 0.002413004601487156 
2025-02-08 14:17:28,621 INFO: Epoch 523, Train Loss: 0.005442436586952571, Test Loss: 0.003932756946817266, Inverse Test Loss: 0.0023923025194865963 
2025-02-08 14:17:30,893 INFO: Epoch 524, Train Loss: 0.0054539297125302255, Test Loss: 0.003895622706322959, Inverse Test Loss: 0.002368785751362642 
2025-02-08 14:17:33,178 INFO: Epoch 525, Train Loss: 0.00539730299285359, Test Loss: 0.0038843528000694332, Inverse Test Loss: 0.0023618313752001886 
2025-02-08 14:17:35,456 INFO: Epoch 526, Train Loss: 0.00541852587908083, Test Loss: 0.003915689670424344, Inverse Test Loss: 0.00238052207207533 
2025-02-08 14:17:37,742 INFO: Epoch 527, Train Loss: 0.0054740463568702, Test Loss: 0.00391500890889967, Inverse Test Loss: 0.0023809617321768946 
2025-02-08 14:17:40,030 INFO: Epoch 528, Train Loss: 0.005390938344961879, Test Loss: 0.003948105636730113, Inverse Test Loss: 0.0024008195261668525 
2025-02-08 14:17:42,297 INFO: Epoch 529, Train Loss: 0.005449100304924121, Test Loss: 0.003985491221431981, Inverse Test Loss: 0.0024224571657903266 
2025-02-08 14:17:44,578 INFO: Epoch 530, Train Loss: 0.005442048652295136, Test Loss: 0.003912279040157569, Inverse Test Loss: 0.0023791272418968606 
2025-02-08 14:17:46,844 INFO: Epoch 531, Train Loss: 0.00544781852725216, Test Loss: 0.0039107736066040216, Inverse Test Loss: 0.002377453628772249 
2025-02-08 14:17:49,141 INFO: Epoch 532, Train Loss: 0.0054093301807756, Test Loss: 0.0038906584536148744, Inverse Test Loss: 0.0023660983406995056 
2025-02-08 14:17:51,425 INFO: Epoch 533, Train Loss: 0.005404863973098779, Test Loss: 0.003890998111191121, Inverse Test Loss: 0.002366902045623371 
2025-02-08 14:17:53,725 INFO: Epoch 534, Train Loss: 0.0054096880652871205, Test Loss: 0.0038976550426785693, Inverse Test Loss: 0.002370319535574791 
2025-02-08 14:17:56,016 INFO: Epoch 535, Train Loss: 0.005408125919833158, Test Loss: 0.003922774205972074, Inverse Test Loss: 0.0023848237769650013 
2025-02-08 14:17:58,319 INFO: Epoch 536, Train Loss: 0.005406595717156024, Test Loss: 0.003907991477965631, Inverse Test Loss: 0.0023762733449764323 
2025-02-08 14:18:00,601 INFO: Epoch 537, Train Loss: 0.005405527546606732, Test Loss: 0.003940199833419739, Inverse Test Loss: 0.0023952619821736307 
2025-02-08 14:18:02,857 INFO: Epoch 538, Train Loss: 0.005411951848531537, Test Loss: 0.0039002235597846184, Inverse Test Loss: 0.0023721091953727105 
2025-02-08 14:18:05,151 INFO: Epoch 539, Train Loss: 0.005428091431509309, Test Loss: 0.003921225681110765, Inverse Test Loss: 0.0023848852901155074 
2025-02-08 14:18:07,434 INFO: Epoch 540, Train Loss: 0.005455185906171348, Test Loss: 0.003945923516188155, Inverse Test Loss: 0.0023991796064585674 
2025-02-08 14:18:09,715 INFO: Epoch 541, Train Loss: 0.00538537511778431, Test Loss: 0.0039443411038849845, Inverse Test Loss: 0.002399223136969588 
2025-02-08 14:18:11,995 INFO: Epoch 542, Train Loss: 0.00540105083332905, Test Loss: 0.003925248183253588, Inverse Test Loss: 0.0023872900849462235 
2025-02-08 14:18:14,287 INFO: Epoch 543, Train Loss: 0.005472771314530153, Test Loss: 0.0038929976184259763, Inverse Test Loss: 0.0023674140860693474 
2025-02-08 14:18:16,558 INFO: Epoch 544, Train Loss: 0.005446311708620862, Test Loss: 0.003908656283535741, Inverse Test Loss: 0.0023774566520428793 
2025-02-08 14:18:18,829 INFO: Epoch 545, Train Loss: 0.005616393143127701, Test Loss: 0.003924280429738715, Inverse Test Loss: 0.002386817807388125 
2025-02-08 14:18:21,129 INFO: Epoch 546, Train Loss: 0.005394884181441739, Test Loss: 0.003918865131157817, Inverse Test Loss: 0.0023839615997999454 
2025-02-08 14:18:23,406 INFO: Epoch 547, Train Loss: 0.0053902921473226425, Test Loss: 0.003909386648570724, Inverse Test Loss: 0.0023784388322383165 
2025-02-08 14:18:25,709 INFO: Epoch 548, Train Loss: 0.005462380331609342, Test Loss: 0.003929312026946608, Inverse Test Loss: 0.0023900557531636546 
2025-02-08 14:18:27,973 INFO: Epoch 549, Train Loss: 0.005423092651957025, Test Loss: 0.0039052299724778895, Inverse Test Loss: 0.002375158140873254 
2025-02-08 14:18:30,259 INFO: Epoch 550, Train Loss: 0.005425108240381109, Test Loss: 0.003950701211579144, Inverse Test Loss: 0.002401951838030734 
2025-02-08 14:18:32,548 INFO: Epoch 551, Train Loss: 0.00542598178391486, Test Loss: 0.0039017641930982018, Inverse Test Loss: 0.0023728297127297883 
2025-02-08 14:18:34,833 INFO: Epoch 552, Train Loss: 0.005397383507277647, Test Loss: 0.0038962721591815352, Inverse Test Loss: 0.0023700518191396964 
2025-02-08 14:18:37,115 INFO: Epoch 553, Train Loss: 0.0054455415366012885, Test Loss: 0.0039053396780438948, Inverse Test Loss: 0.0023754012742728896 
2025-02-08 14:18:39,399 INFO: Epoch 554, Train Loss: 0.0056758631509375955, Test Loss: 0.0039101154543459415, Inverse Test Loss: 0.002377625166748961 
2025-02-08 14:18:41,686 INFO: Epoch 555, Train Loss: 0.005401284667613888, Test Loss: 0.0039488425668837, Inverse Test Loss: 0.0024008693342859096 
2025-02-08 14:18:44,012 INFO: Epoch 556, Train Loss: 0.005405207026121912, Test Loss: 0.003949977866740841, Inverse Test Loss: 0.002401108476051101 
2025-02-08 14:18:46,312 INFO: Epoch 557, Train Loss: 0.005424375170453762, Test Loss: 0.003937444088726558, Inverse Test Loss: 0.002393777621557202 
2025-02-08 14:18:48,590 INFO: Epoch 558, Train Loss: 0.0054008608593986455, Test Loss: 0.0039217433941578774, Inverse Test Loss: 0.0023844682498637476 
2025-02-08 14:18:50,873 INFO: Epoch 559, Train Loss: 0.005389408502995855, Test Loss: 0.003908457551998171, Inverse Test Loss: 0.0023767494977536526 
2025-02-08 14:18:53,152 INFO: Epoch 560, Train Loss: 0.005416368322171779, Test Loss: 0.0038912099341607905, Inverse Test Loss: 0.0023663992866535077 
2025-02-08 14:18:55,442 INFO: Epoch 561, Train Loss: 0.005375366627986571, Test Loss: 0.003902033073686515, Inverse Test Loss: 0.002373133733106608 
2025-02-08 14:18:57,733 INFO: Epoch 562, Train Loss: 0.00538109348748218, Test Loss: 0.003965755681168626, Inverse Test Loss: 0.002410768660025276 
2025-02-08 14:19:00,008 INFO: Epoch 563, Train Loss: 0.005402719274791183, Test Loss: 0.003919559414498508, Inverse Test Loss: 0.00238319091978624 
2025-02-08 14:19:02,275 INFO: Epoch 564, Train Loss: 0.005366023365323516, Test Loss: 0.003898661837659099, Inverse Test Loss: 0.0023708686525369007 
2025-02-08 14:19:04,572 INFO: Epoch 565, Train Loss: 0.0054026688898871226, Test Loss: 0.004000828523809711, Inverse Test Loss: 0.002431968533941968 
2025-02-08 14:19:06,866 INFO: Epoch 566, Train Loss: 0.00537914032148282, Test Loss: 0.003892448095774109, Inverse Test Loss: 0.0023677556839009576 
2025-02-08 14:19:09,158 INFO: Epoch 567, Train Loss: 0.005375256744710813, Test Loss: 0.003907532074883806, Inverse Test Loss: 0.0023764044938919446 
2025-02-08 14:19:11,443 INFO: Epoch 568, Train Loss: 0.0053710768045152, Test Loss: 0.003963364739761208, Inverse Test Loss: 0.0024101782314987345 
2025-02-08 14:19:13,686 INFO: Epoch 569, Train Loss: 0.005395924087761986, Test Loss: 0.003920987008534597, Inverse Test Loss: 0.002383713917383416 
2025-02-08 14:19:15,980 INFO: Epoch 570, Train Loss: 0.005475685865156155, Test Loss: 0.0038923957300457087, Inverse Test Loss: 0.002366977290490247 
2025-02-08 14:19:18,253 INFO: Epoch 571, Train Loss: 0.005403147067585395, Test Loss: 0.003902500452981754, Inverse Test Loss: 0.002374060637190599 
2025-02-08 14:19:20,545 INFO: Epoch 572, Train Loss: 0.0053651852354188595, Test Loss: 0.003902851431066114, Inverse Test Loss: 0.002373496308626438 
2025-02-08 14:19:22,842 INFO: Epoch 573, Train Loss: 0.005387599266021315, Test Loss: 0.003921866258182986, Inverse Test Loss: 0.0023847859419854076 
2025-02-08 14:19:25,156 INFO: Epoch 574, Train Loss: 0.00538662072292275, Test Loss: 0.003896380961646862, Inverse Test Loss: 0.0023696568113695266 
2025-02-08 14:19:27,479 INFO: Epoch 575, Train Loss: 0.005417806127242688, Test Loss: 0.003929543559383036, Inverse Test Loss: 0.002389169313987209 
2025-02-08 14:19:29,793 INFO: Epoch 576, Train Loss: 0.00540743969119803, Test Loss: 0.003883291113500794, Inverse Test Loss: 0.002361741178019932 
2025-02-08 14:19:32,086 INFO: Epoch 577, Train Loss: 0.005412223618336473, Test Loss: 0.003893863808391898, Inverse Test Loss: 0.002367775642073177 
2025-02-08 14:19:34,356 INFO: Epoch 578, Train Loss: 0.005445665158648891, Test Loss: 0.0046572151424532585, Inverse Test Loss: 0.00291109061094396 
2025-02-08 14:19:36,647 INFO: Epoch 579, Train Loss: 0.005387649219659524, Test Loss: 0.004196642876856707, Inverse Test Loss: 0.002579765859991312 
2025-02-08 14:19:38,930 INFO: Epoch 580, Train Loss: 0.005375195684433548, Test Loss: 0.004209191069204473, Inverse Test Loss: 0.002579555550420826 
2025-02-08 14:19:41,218 INFO: Epoch 581, Train Loss: 0.005374196896534131, Test Loss: 0.004151658130329893, Inverse Test Loss: 0.002537280049485465 
2025-02-08 14:19:43,494 INFO: Epoch 582, Train Loss: 0.005417470583889746, Test Loss: 0.00407650824071783, Inverse Test Loss: 0.0024796158876128948 
2025-02-08 14:19:45,782 INFO: Epoch 583, Train Loss: 0.005382695688626192, Test Loss: 0.004062281300624211, Inverse Test Loss: 0.002475838108115237 
2025-02-08 14:19:48,074 INFO: Epoch 584, Train Loss: 0.005376853282954967, Test Loss: 0.003893119632266462, Inverse Test Loss: 0.0023678558451744416 
2025-02-08 14:19:50,361 INFO: Epoch 585, Train Loss: 0.0053744931849933255, Test Loss: 0.003900990232289063, Inverse Test Loss: 0.002373099584612205 
2025-02-08 14:19:52,652 INFO: Epoch 586, Train Loss: 0.005379654748442893, Test Loss: 0.0039049305452146764, Inverse Test Loss: 0.002374065461370981 
2025-02-08 14:19:54,946 INFO: Epoch 587, Train Loss: 0.005376820296408947, Test Loss: 0.003955775653153207, Inverse Test Loss: 0.0024047476172475426 
2025-02-08 14:19:57,223 INFO: Epoch 588, Train Loss: 0.005387301076111864, Test Loss: 0.00393710156310011, Inverse Test Loss: 0.0023939804029368766 
2025-02-08 14:19:59,526 INFO: Epoch 589, Train Loss: 0.005349210275171296, Test Loss: 0.0039561022969075675, Inverse Test Loss: 0.0024063948764127085 
2025-02-08 14:20:01,808 INFO: Epoch 590, Train Loss: 0.00539642587924997, Test Loss: 0.00391242410070404, Inverse Test Loss: 0.002380364482770815 
2025-02-08 14:20:04,087 INFO: Epoch 591, Train Loss: 0.005408008541439123, Test Loss: 0.003991811649140083, Inverse Test Loss: 0.0024262685028864353 
2025-02-08 14:20:06,399 INFO: Epoch 592, Train Loss: 0.005356774199754, Test Loss: 0.003950239868241955, Inverse Test Loss: 0.002402307049399524 
2025-02-08 14:20:08,693 INFO: Epoch 593, Train Loss: 0.0053823687212019595, Test Loss: 0.003989577995415664, Inverse Test Loss: 0.002425343523182991 
2025-02-08 14:20:10,978 INFO: Epoch 594, Train Loss: 0.005357785667663186, Test Loss: 0.004117027193194989, Inverse Test Loss: 0.0025031886673814647 
2025-02-08 14:20:13,261 INFO: Epoch 595, Train Loss: 0.005364101117293379, Test Loss: 0.003927363428484761, Inverse Test Loss: 0.0023885581741165934 
2025-02-08 14:20:15,534 INFO: Epoch 596, Train Loss: 0.005486563392244561, Test Loss: 0.003925341234373098, Inverse Test Loss: 0.0023871134299869564 
2025-02-08 14:20:17,820 INFO: Epoch 597, Train Loss: 0.0054644474329314, Test Loss: 0.003904808009269111, Inverse Test Loss: 0.002374292430679568 
2025-02-08 14:20:20,118 INFO: Epoch 598, Train Loss: 0.005362294070602564, Test Loss: 0.003901445811303953, Inverse Test Loss: 0.0023725606046024372 
2025-02-08 14:20:22,412 INFO: Epoch 599, Train Loss: 0.005438124097770814, Test Loss: 0.0039378023198382425, Inverse Test Loss: 0.0023941974169715786 
2025-02-08 14:20:24,688 INFO: Epoch 600, Train Loss: 0.005373024551910489, Test Loss: 0.003909921174812497, Inverse Test Loss: 0.002378552159026378 
2025-02-08 14:20:24,688 INFO: Best Epoch 576, Best Test Loss: 0.003883291113500794, Inverse Test Loss: 0.002361741178019932 
