2025-03-02 20:22:29,350 INFO: log_path:/logs_2025_3_2_HS_L1/AMFormer_simple_MLP_dim32_depth2_heads4_dropout0.4_simple_MLP_lr0.0001_kan_+amformer_rc+fusion_2P 
2025-03-02 20:22:29,350 INFO: Model:namespace(attn_dropout=0.4, categories=[], cluster=3, depth=2, dim=32, ff_dropout=0.4, groups=[54, 54, 54], heads=4, name='AMFormer_simple_MLP_dim32_depth2_heads4_dropout0.4_simple_MLP', num_cate=0, num_cont=20, num_special_tokens=1, out=1, out_dim=1, predictor='simple_MLP', prod_num_per_group=[6, 6, 6], qk_relu=False, sum_num_per_group=[32, 16, 8], target_mode='regression', token_descent=False, use_cls_token=True, use_prod=True, use_row_col_attention=True, use_sigmoid=True) 
2025-03-02 20:22:29,351 INFO: lr:0.0001, loss:L1 
2025-03-02 20:22:29,351 INFO: Dataset:HS, Target:['metal2_Peak'] 
2025-03-02 20:22:29,351 INFO: ------Begin Training Model------ 
2025-03-02 20:22:43,945 INFO: Epoch 1, Train Loss: 0.2791145264425061, Test Loss: 0.13581961754596594, Inverse Test Loss: 0.30711889176657703 
2025-03-02 20:22:52,239 INFO: Epoch 2, Train Loss: 0.12752804019008623, Test Loss: 0.11643911627205936, Inverse Test Loss: 0.2667004587975415 
2025-03-02 20:23:01,622 INFO: Epoch 3, Train Loss: 0.1097019241953438, Test Loss: 0.10483702678572047, Inverse Test Loss: 0.24118952137051206 
2025-03-02 20:23:13,018 INFO: Epoch 4, Train Loss: 0.10086903357031671, Test Loss: 0.09448369637583241, Inverse Test Loss: 0.21809817624814581 
2025-03-02 20:23:24,200 INFO: Epoch 5, Train Loss: 0.09136243607623107, Test Loss: 0.08531535552306609, Inverse Test Loss: 0.19966158315990912 
2025-03-02 20:23:35,405 INFO: Epoch 6, Train Loss: 0.08478115933636825, Test Loss: 0.08374617034287164, Inverse Test Loss: 0.19622473870262955 
2025-03-02 20:23:46,499 INFO: Epoch 7, Train Loss: 0.0797961496494033, Test Loss: 0.07291844114661217, Inverse Test Loss: 0.17051605519020196 
2025-03-02 20:23:57,684 INFO: Epoch 8, Train Loss: 0.07443567927023678, Test Loss: 0.06777554253737132, Inverse Test Loss: 0.15841800290526767 
2025-03-02 20:24:08,825 INFO: Epoch 9, Train Loss: 0.07117660507334, Test Loss: 0.06434638087045062, Inverse Test Loss: 0.15011364989208453 
2025-03-02 20:24:20,010 INFO: Epoch 10, Train Loss: 0.06904730804716096, Test Loss: 0.06038463454354893, Inverse Test Loss: 0.14108825858795282 
2025-03-02 20:24:31,169 INFO: Epoch 11, Train Loss: 0.06601348762033564, Test Loss: 0.05956545901117903, Inverse Test Loss: 0.1407193582166325 
2025-03-02 20:24:42,295 INFO: Epoch 12, Train Loss: 0.06291950513806308, Test Loss: 0.05491993655309533, Inverse Test Loss: 0.131051693676096 
2025-03-02 20:24:53,468 INFO: Epoch 13, Train Loss: 0.05971151265795484, Test Loss: 0.05133478603128231, Inverse Test Loss: 0.12255052748051556 
2025-03-02 20:25:04,692 INFO: Epoch 14, Train Loss: 0.0555294088624192, Test Loss: 0.04865937172011896, Inverse Test Loss: 0.11594828263376698 
2025-03-02 20:25:15,813 INFO: Epoch 15, Train Loss: 0.053422491433042466, Test Loss: 0.04690618654995254, Inverse Test Loss: 0.11285031993280757 
2025-03-02 20:25:26,936 INFO: Epoch 16, Train Loss: 0.049224857579578056, Test Loss: 0.043552611361850395, Inverse Test Loss: 0.10523018511858853 
2025-03-02 20:25:38,182 INFO: Epoch 17, Train Loss: 0.04624734682059198, Test Loss: 0.04347498624613791, Inverse Test Loss: 0.10508596445574905 
2025-03-02 20:25:49,459 INFO: Epoch 18, Train Loss: 0.04394822498557694, Test Loss: 0.041012169059478874, Inverse Test Loss: 0.09863439744169061 
2025-03-02 20:26:00,663 INFO: Epoch 19, Train Loss: 0.04289771605170134, Test Loss: 0.041388609249031906, Inverse Test Loss: 0.09996283122084358 
2025-03-02 20:26:11,878 INFO: Epoch 20, Train Loss: 0.04149704385605274, Test Loss: 0.040206118458599754, Inverse Test Loss: 0.09620818540905461 
2025-03-02 20:26:23,097 INFO: Epoch 21, Train Loss: 0.04065205252757578, Test Loss: 0.039288346458113556, Inverse Test Loss: 0.09443191619533481 
2025-03-02 20:26:34,229 INFO: Epoch 22, Train Loss: 0.03975081480475086, Test Loss: 0.03790448741479353, Inverse Test Loss: 0.09112592335000183 
2025-03-02 20:26:45,431 INFO: Epoch 23, Train Loss: 0.039700988567236695, Test Loss: 0.037141872118368294, Inverse Test Loss: 0.08905623062993541 
2025-03-02 20:26:56,555 INFO: Epoch 24, Train Loss: 0.03874307472936132, Test Loss: 0.03712414713068442, Inverse Test Loss: 0.08922763417164485 
2025-03-02 20:27:07,728 INFO: Epoch 25, Train Loss: 0.03881075591639136, Test Loss: 0.03653710549979499, Inverse Test Loss: 0.08723366734656421 
2025-03-02 20:27:19,104 INFO: Epoch 26, Train Loss: 0.03772693505567132, Test Loss: 0.037648231919967766, Inverse Test Loss: 0.09079287584983942 
2025-03-02 20:27:30,641 INFO: Epoch 27, Train Loss: 0.03735193559391932, Test Loss: 0.035846585972291053, Inverse Test Loss: 0.0855628652780345 
2025-03-02 20:27:41,942 INFO: Epoch 28, Train Loss: 0.03674235114489089, Test Loss: 0.03616053898903457, Inverse Test Loss: 0.08695779616634051 
2025-03-02 20:27:53,119 INFO: Epoch 29, Train Loss: 0.036764207423071966, Test Loss: 0.03562300014450694, Inverse Test Loss: 0.08572991497137329 
2025-03-02 20:28:04,252 INFO: Epoch 30, Train Loss: 0.036587276637102616, Test Loss: 0.03539386419861606, Inverse Test Loss: 0.08484308579654405 
2025-03-02 20:28:15,663 INFO: Epoch 31, Train Loss: 0.03609323247589848, Test Loss: 0.035499454786380134, Inverse Test Loss: 0.08490134606307204 
2025-03-02 20:28:26,782 INFO: Epoch 32, Train Loss: 0.03554226037566409, Test Loss: 0.03471429787124648, Inverse Test Loss: 0.08332632278854196 
2025-03-02 20:28:37,919 INFO: Epoch 33, Train Loss: 0.03493925447886189, Test Loss: 0.03536250905105562, Inverse Test Loss: 0.08498665487224405 
2025-03-02 20:28:49,090 INFO: Epoch 34, Train Loss: 0.0349364311321441, Test Loss: 0.0350391703911803, Inverse Test Loss: 0.08376352308374463 
2025-03-02 20:29:00,285 INFO: Epoch 35, Train Loss: 0.035037309171236826, Test Loss: 0.03426129506392912, Inverse Test Loss: 0.0819545363386472 
2025-03-02 20:29:11,536 INFO: Epoch 36, Train Loss: 0.034383769005988586, Test Loss: 0.034522090897415626, Inverse Test Loss: 0.08284756304188208 
2025-03-02 20:29:22,642 INFO: Epoch 37, Train Loss: 0.03405030751883081, Test Loss: 0.03451235981827432, Inverse Test Loss: 0.08313629787528154 
2025-03-02 20:29:33,818 INFO: Epoch 38, Train Loss: 0.034128355546713326, Test Loss: 0.03357170234349641, Inverse Test Loss: 0.08014667135747996 
2025-03-02 20:29:45,036 INFO: Epoch 39, Train Loss: 0.03368068078645703, Test Loss: 0.033552363853562965, Inverse Test Loss: 0.08044719458980994 
2025-03-02 20:29:56,192 INFO: Epoch 40, Train Loss: 0.03350152200878118, Test Loss: 0.034075544300404464, Inverse Test Loss: 0.08182911969947093 
2025-03-02 20:30:07,337 INFO: Epoch 41, Train Loss: 0.03307870409987641, Test Loss: 0.033285450980518806, Inverse Test Loss: 0.07926503704352812 
2025-03-02 20:30:18,499 INFO: Epoch 42, Train Loss: 0.03324985158432162, Test Loss: 0.03329523664080736, Inverse Test Loss: 0.07980638855334485 
2025-03-02 20:30:29,702 INFO: Epoch 43, Train Loss: 0.03290946657458941, Test Loss: 0.03345096421738466, Inverse Test Loss: 0.080336030798428 
2025-03-02 20:30:40,892 INFO: Epoch 44, Train Loss: 0.0325463824115242, Test Loss: 0.033378734958894325, Inverse Test Loss: 0.07964572220137625 
2025-03-02 20:30:52,039 INFO: Epoch 45, Train Loss: 0.0327520652561251, Test Loss: 0.03304736412158518, Inverse Test Loss: 0.07906392555345189 
2025-03-02 20:31:03,234 INFO: Epoch 46, Train Loss: 0.0323214900228336, Test Loss: 0.0326045642070698, Inverse Test Loss: 0.07791594619100745 
2025-03-02 20:31:14,396 INFO: Epoch 47, Train Loss: 0.03217186442943233, Test Loss: 0.03294506313448602, Inverse Test Loss: 0.07898766547441483 
2025-03-02 20:31:25,539 INFO: Epoch 48, Train Loss: 0.03222261031976703, Test Loss: 0.0325242169765812, Inverse Test Loss: 0.07742448580084425 
2025-03-02 20:31:36,675 INFO: Epoch 49, Train Loss: 0.03180888256368538, Test Loss: 0.03243746083568443, Inverse Test Loss: 0.07722734468001308 
2025-03-02 20:31:47,850 INFO: Epoch 50, Train Loss: 0.03153042206681813, Test Loss: 0.032368660368251076, Inverse Test Loss: 0.07655240324410525 
2025-03-02 20:31:59,030 INFO: Epoch 51, Train Loss: 0.03135243691786221, Test Loss: 0.0321506013472875, Inverse Test Loss: 0.07691806837013274 
2025-03-02 20:32:10,172 INFO: Epoch 52, Train Loss: 0.03135656051789269, Test Loss: 0.03198763333035238, Inverse Test Loss: 0.07636795080069339 
2025-03-02 20:32:21,350 INFO: Epoch 53, Train Loss: 0.030864794780923563, Test Loss: 0.03208052180707455, Inverse Test Loss: 0.07668176451415727 
2025-03-02 20:32:32,539 INFO: Epoch 54, Train Loss: 0.03105364739894867, Test Loss: 0.03236516113534118, Inverse Test Loss: 0.07697488356268767 
2025-03-02 20:32:43,755 INFO: Epoch 55, Train Loss: 0.03082512712783434, Test Loss: 0.03192553042688153, Inverse Test Loss: 0.076494795580705 
2025-03-02 20:32:54,914 INFO: Epoch 56, Train Loss: 0.030923427844589405, Test Loss: 0.03185026528257312, Inverse Test Loss: 0.07627755380941159 
2025-03-02 20:33:06,017 INFO: Epoch 57, Train Loss: 0.030588484799602265, Test Loss: 0.03148858299986883, Inverse Test Loss: 0.07493264792543469 
2025-03-02 20:33:17,226 INFO: Epoch 58, Train Loss: 0.030681533463807267, Test Loss: 0.03185198800356099, Inverse Test Loss: 0.07584611574808757 
2025-03-02 20:33:28,246 INFO: Epoch 59, Train Loss: 0.030584539131571848, Test Loss: 0.03139477951282805, Inverse Test Loss: 0.07469172595125256 
2025-03-02 20:33:39,844 INFO: Epoch 60, Train Loss: 0.030148599085144022, Test Loss: 0.031374838767629684, Inverse Test Loss: 0.07465107772837985 
2025-03-02 20:33:52,281 INFO: Epoch 61, Train Loss: 0.030347786575668688, Test Loss: 0.03135490276370988, Inverse Test Loss: 0.0742697503530618 
2025-03-02 20:34:03,823 INFO: Epoch 62, Train Loss: 0.029864893301926328, Test Loss: 0.03125031755277605, Inverse Test Loss: 0.0750451186163859 
2025-03-02 20:34:15,504 INFO: Epoch 63, Train Loss: 0.029953258725899188, Test Loss: 0.031091084703803062, Inverse Test Loss: 0.07411841257955089 
2025-03-02 20:34:27,378 INFO: Epoch 64, Train Loss: 0.029771734283051708, Test Loss: 0.031099441545930775, Inverse Test Loss: 0.07375578063003944 
2025-03-02 20:34:38,946 INFO: Epoch 65, Train Loss: 0.029647135274541197, Test Loss: 0.031006357604355522, Inverse Test Loss: 0.07358661192384633 
2025-03-02 20:34:50,261 INFO: Epoch 66, Train Loss: 0.02986548948242809, Test Loss: 0.030839492707993046, Inverse Test Loss: 0.07333730646606648 
2025-03-02 20:35:01,817 INFO: Epoch 67, Train Loss: 0.029436753046783535, Test Loss: 0.031360272487456146, Inverse Test Loss: 0.07519897276704962 
2025-03-02 20:35:13,206 INFO: Epoch 68, Train Loss: 0.02946863616957809, Test Loss: 0.030818281130808773, Inverse Test Loss: 0.07344872177098737 
2025-03-02 20:35:24,799 INFO: Epoch 69, Train Loss: 0.029212934211968924, Test Loss: 0.030917423297510002, Inverse Test Loss: 0.07327961504007831 
2025-03-02 20:35:36,776 INFO: Epoch 70, Train Loss: 0.029245622759459144, Test Loss: 0.030811652146054035, Inverse Test Loss: 0.07337974655357274 
2025-03-02 20:35:48,933 INFO: Epoch 71, Train Loss: 0.029475104585854395, Test Loss: 0.03077024260930943, Inverse Test Loss: 0.07325005915128824 
2025-03-02 20:36:00,488 INFO: Epoch 72, Train Loss: 0.028941777393673405, Test Loss: 0.03058057955720208, Inverse Test Loss: 0.07259875502098691 
2025-03-02 20:36:12,207 INFO: Epoch 73, Train Loss: 0.02897327364365937, Test Loss: 0.030530990129618935, Inverse Test Loss: 0.07256234775890004 
2025-03-02 20:36:24,135 INFO: Epoch 74, Train Loss: 0.029066124465316534, Test Loss: 0.03096487181204738, Inverse Test Loss: 0.07338750971989198 
2025-03-02 20:36:35,924 INFO: Epoch 75, Train Loss: 0.02906206380717005, Test Loss: 0.030377757876659885, Inverse Test Loss: 0.07217787014264049 
2025-03-02 20:36:47,732 INFO: Epoch 76, Train Loss: 0.028788259182351107, Test Loss: 0.03053248972829544, Inverse Test Loss: 0.07250772495612953 
2025-03-02 20:36:59,389 INFO: Epoch 77, Train Loss: 0.028583138327424724, Test Loss: 0.030334817132715023, Inverse Test Loss: 0.07242493162100966 
2025-03-02 20:37:11,519 INFO: Epoch 78, Train Loss: 0.02859924102173836, Test Loss: 0.030265658416531303, Inverse Test Loss: 0.07189577727606802 
2025-03-02 20:37:23,272 INFO: Epoch 79, Train Loss: 0.02857177456219991, Test Loss: 0.030489601533521305, Inverse Test Loss: 0.07259871776808392 
2025-03-02 20:37:34,890 INFO: Epoch 80, Train Loss: 0.028258204079148443, Test Loss: 0.03016119326154391, Inverse Test Loss: 0.0713464603053801 
2025-03-02 20:37:46,421 INFO: Epoch 81, Train Loss: 0.02846666844561696, Test Loss: 0.03026251026401014, Inverse Test Loss: 0.07157091310981548 
2025-03-02 20:37:58,039 INFO: Epoch 82, Train Loss: 0.028191714039580387, Test Loss: 0.03029120120812546, Inverse Test Loss: 0.07196781411767006 
2025-03-02 20:38:09,765 INFO: Epoch 83, Train Loss: 0.028319065254463843, Test Loss: 0.030659331178123302, Inverse Test Loss: 0.07301955173412959 
2025-03-02 20:38:21,400 INFO: Epoch 84, Train Loss: 0.028138849891327096, Test Loss: 0.030369422483173283, Inverse Test Loss: 0.07239407966985847 
2025-03-02 20:38:32,669 INFO: Epoch 85, Train Loss: 0.028170706048099833, Test Loss: 0.030136328359896488, Inverse Test Loss: 0.07177236552039783 
2025-03-02 20:38:43,818 INFO: Epoch 86, Train Loss: 0.02793547774269951, Test Loss: 0.030317595623659366, Inverse Test Loss: 0.07219639002825275 
2025-03-02 20:38:54,983 INFO: Epoch 87, Train Loss: 0.027999618196521293, Test Loss: 0.030112342852534668, Inverse Test Loss: 0.07144669420791394 
2025-03-02 20:39:06,423 INFO: Epoch 88, Train Loss: 0.027869062469989964, Test Loss: 0.030072852009625145, Inverse Test Loss: 0.07160679442864476 
2025-03-02 20:39:18,116 INFO: Epoch 89, Train Loss: 0.027762581728342357, Test Loss: 0.029839403024225525, Inverse Test Loss: 0.07060266715107542 
2025-03-02 20:39:29,945 INFO: Epoch 90, Train Loss: 0.0275499371416641, Test Loss: 0.030018502112590904, Inverse Test Loss: 0.07139591285676668 
2025-03-02 20:39:41,594 INFO: Epoch 91, Train Loss: 0.027841829412588566, Test Loss: 0.029880375629573158, Inverse Test Loss: 0.07087988395130995 
2025-03-02 20:39:52,776 INFO: Epoch 92, Train Loss: 0.02748968557341758, Test Loss: 0.029826291131250786, Inverse Test Loss: 0.07084923519781142 
2025-03-02 20:40:03,824 INFO: Epoch 93, Train Loss: 0.02746274732899937, Test Loss: 0.02983496304262768, Inverse Test Loss: 0.07103952426802028 
2025-03-02 20:40:15,059 INFO: Epoch 94, Train Loss: 0.02743320523366106, Test Loss: 0.029591754812634354, Inverse Test Loss: 0.07033697177063335 
2025-03-02 20:40:26,284 INFO: Epoch 95, Train Loss: 0.02752225661904297, Test Loss: 0.029791737088199818, Inverse Test Loss: 0.07088742698683884 
2025-03-02 20:40:37,787 INFO: Epoch 96, Train Loss: 0.02740213672884486, Test Loss: 0.029750750597679253, Inverse Test Loss: 0.07097441545038512 
2025-03-02 20:40:49,727 INFO: Epoch 97, Train Loss: 0.02732390743172304, Test Loss: 0.02984847015503681, Inverse Test Loss: 0.07063631160241185 
2025-03-02 20:41:02,063 INFO: Epoch 98, Train Loss: 0.027222498856259113, Test Loss: 0.029780509853453346, Inverse Test Loss: 0.07105067202990706 
2025-03-02 20:41:13,454 INFO: Epoch 99, Train Loss: 0.027294208147478374, Test Loss: 0.0295967800599156, Inverse Test Loss: 0.07025315014250351 
2025-03-02 20:41:25,472 INFO: Epoch 100, Train Loss: 0.027283560068374783, Test Loss: 0.029703270361730545, Inverse Test Loss: 0.07028241873239026 
2025-03-02 20:41:25,473 INFO: Best Epoch 94, Best Test Loss: 0.029591754812634354, Inverse Test Loss: 0.07033697177063335 
2025-03-02 20:41:37,488 INFO: Epoch 101, Train Loss: 0.027153174251769528, Test Loss: 0.02960985481287494, Inverse Test Loss: 0.07055911286310716 
2025-03-02 20:41:49,220 INFO: Epoch 102, Train Loss: 0.026905880196753777, Test Loss: 0.029696948036099926, Inverse Test Loss: 0.0704203535887328 
2025-03-02 20:42:01,060 INFO: Epoch 103, Train Loss: 0.027159331839136554, Test Loss: 0.029543197572682842, Inverse Test Loss: 0.07014121476447943 
2025-03-02 20:42:12,464 INFO: Epoch 104, Train Loss: 0.027101842926420046, Test Loss: 0.029514640908349644, Inverse Test Loss: 0.07010085925911412 
2025-03-02 20:42:23,967 INFO: Epoch 105, Train Loss: 0.02703700861611375, Test Loss: 0.029939928289615746, Inverse Test Loss: 0.0708585533906113 
2025-03-02 20:42:35,661 INFO: Epoch 106, Train Loss: 0.02685958061677714, Test Loss: 0.029597991061481563, Inverse Test Loss: 0.07020136420473908 
2025-03-02 20:42:47,428 INFO: Epoch 107, Train Loss: 0.026841629437650696, Test Loss: 0.029545157865592926, Inverse Test Loss: 0.07014042951843956 
2025-03-02 20:42:58,959 INFO: Epoch 108, Train Loss: 0.02659834179124146, Test Loss: 0.02951978700179042, Inverse Test Loss: 0.07003101221088207 
2025-03-02 20:43:10,463 INFO: Epoch 109, Train Loss: 0.026692898485414458, Test Loss: 0.029640232184619614, Inverse Test Loss: 0.07018021189353683 
2025-03-02 20:43:21,888 INFO: Epoch 110, Train Loss: 0.026885608839096898, Test Loss: 0.029741133478554813, Inverse Test Loss: 0.0703490384374604 
2025-03-02 20:43:32,954 INFO: Epoch 111, Train Loss: 0.02667825369898117, Test Loss: 0.02979118563234806, Inverse Test Loss: 0.07062780010429295 
2025-03-02 20:43:44,138 INFO: Epoch 112, Train Loss: 0.026603213490240953, Test Loss: 0.02941654103271889, Inverse Test Loss: 0.06995161825960333 
2025-03-02 20:43:55,746 INFO: Epoch 113, Train Loss: 0.026773282030428, Test Loss: 0.02933666900251851, Inverse Test Loss: 0.06960255833286227 
2025-03-02 20:44:07,485 INFO: Epoch 114, Train Loss: 0.02647255166349086, Test Loss: 0.029601844027638435, Inverse Test Loss: 0.06996124723192418 
2025-03-02 20:44:19,016 INFO: Epoch 115, Train Loss: 0.02653344846895021, Test Loss: 0.029402972453019836, Inverse Test Loss: 0.06965775279836221 
2025-03-02 20:44:30,523 INFO: Epoch 116, Train Loss: 0.026315522450727945, Test Loss: 0.0295025488982598, Inverse Test Loss: 0.06997629627585411 
2025-03-02 20:44:42,366 INFO: Epoch 117, Train Loss: 0.026586572773698153, Test Loss: 0.02943790726589434, Inverse Test Loss: 0.06991047005761754 
2025-03-02 20:44:54,107 INFO: Epoch 118, Train Loss: 0.026352411785134762, Test Loss: 0.029426575327912968, Inverse Test Loss: 0.06993108231461409 
2025-03-02 20:45:05,875 INFO: Epoch 119, Train Loss: 0.026422664501958272, Test Loss: 0.029329060717965618, Inverse Test Loss: 0.06968429255666155 
2025-03-02 20:45:17,017 INFO: Epoch 120, Train Loss: 0.026436405750273756, Test Loss: 0.02941711348566142, Inverse Test Loss: 0.06965612112121149 
2025-03-02 20:45:28,026 INFO: Epoch 121, Train Loss: 0.02623902654247076, Test Loss: 0.029485931168451454, Inverse Test Loss: 0.06971426488775195 
2025-03-02 20:45:39,196 INFO: Epoch 122, Train Loss: 0.026028940849231953, Test Loss: 0.02917229892178015, Inverse Test Loss: 0.06906635043295947 
2025-03-02 20:45:50,294 INFO: Epoch 123, Train Loss: 0.026187482840296896, Test Loss: 0.029460753511750336, Inverse Test Loss: 0.06986783727100401 
2025-03-02 20:46:01,429 INFO: Epoch 124, Train Loss: 0.026418440114480978, Test Loss: 0.0291134568326401, Inverse Test Loss: 0.0688523691937779 
2025-03-02 20:46:12,523 INFO: Epoch 125, Train Loss: 0.026162941904851432, Test Loss: 0.029152816725951252, Inverse Test Loss: 0.06893475319851529 
2025-03-02 20:46:23,594 INFO: Epoch 126, Train Loss: 0.02619621840616067, Test Loss: 0.029117746617306362, Inverse Test Loss: 0.06879793084932095 
2025-03-02 20:46:34,717 INFO: Epoch 127, Train Loss: 0.025871834562470514, Test Loss: 0.02926010282879526, Inverse Test Loss: 0.06935059753331271 
2025-03-02 20:46:45,799 INFO: Epoch 128, Train Loss: 0.026088272609437507, Test Loss: 0.029504575230406994, Inverse Test Loss: 0.06992949974356276 
2025-03-02 20:46:56,966 INFO: Epoch 129, Train Loss: 0.026128655983925317, Test Loss: 0.029472372297084694, Inverse Test Loss: 0.07005796344442801 
2025-03-02 20:47:08,054 INFO: Epoch 130, Train Loss: 0.026094751714756996, Test Loss: 0.029231383662783737, Inverse Test Loss: 0.06903565991105455 
2025-03-02 20:47:19,225 INFO: Epoch 131, Train Loss: 0.02593920669857074, Test Loss: 0.02918254409098264, Inverse Test Loss: 0.06943439827723936 
2025-03-02 20:47:30,359 INFO: Epoch 132, Train Loss: 0.025811768927131638, Test Loss: 0.029599548627932865, Inverse Test Loss: 0.07011116138010313 
2025-03-02 20:47:41,537 INFO: Epoch 133, Train Loss: 0.025671058539018937, Test Loss: 0.028985958659287655, Inverse Test Loss: 0.06878005295540347 
2025-03-02 20:47:52,737 INFO: Epoch 134, Train Loss: 0.025818133352775916, Test Loss: 0.0291919768646811, Inverse Test Loss: 0.06956558618130106 
2025-03-02 20:48:03,869 INFO: Epoch 135, Train Loss: 0.025755852736024695, Test Loss: 0.029534078005588417, Inverse Test Loss: 0.06967323386307919 
2025-03-02 20:48:15,224 INFO: Epoch 136, Train Loss: 0.02551177089723448, Test Loss: 0.028936823604233337, Inverse Test Loss: 0.06846893533612743 
2025-03-02 20:48:26,349 INFO: Epoch 137, Train Loss: 0.025782743243105484, Test Loss: 0.029182686893777413, Inverse Test Loss: 0.06924331809083621 
2025-03-02 20:48:37,534 INFO: Epoch 138, Train Loss: 0.02574974748616417, Test Loss: 0.02952147072011774, Inverse Test Loss: 0.06995079327713359 
2025-03-02 20:48:48,641 INFO: Epoch 139, Train Loss: 0.02579664127816531, Test Loss: 0.029339784925634212, Inverse Test Loss: 0.06969796787157204 
2025-03-02 20:48:59,794 INFO: Epoch 140, Train Loss: 0.02569871438159184, Test Loss: 0.02910867322123412, Inverse Test Loss: 0.0688692234230764 
2025-03-02 20:49:11,004 INFO: Epoch 141, Train Loss: 0.025691495679149575, Test Loss: 0.029283572947888664, Inverse Test Loss: 0.06955939192663539 
2025-03-02 20:49:22,089 INFO: Epoch 142, Train Loss: 0.025478865993632513, Test Loss: 0.029143056747588245, Inverse Test Loss: 0.0687717113530997 
2025-03-02 20:49:33,186 INFO: Epoch 143, Train Loss: 0.025660559739635297, Test Loss: 0.02902860843548269, Inverse Test Loss: 0.06874447372375113 
2025-03-02 20:49:44,639 INFO: Epoch 144, Train Loss: 0.02563299069350416, Test Loss: 0.029042188078165054, Inverse Test Loss: 0.06875352787249016 
2025-03-02 20:49:55,990 INFO: Epoch 145, Train Loss: 0.025503483960743655, Test Loss: 0.028972243438615944, Inverse Test Loss: 0.06884084743532268 
2025-03-02 20:50:07,835 INFO: Epoch 146, Train Loss: 0.02537993842622999, Test Loss: 0.028888087211684746, Inverse Test Loss: 0.0684291169498906 
2025-03-02 20:50:19,160 INFO: Epoch 147, Train Loss: 0.02557625522780599, Test Loss: 0.029014369077754742, Inverse Test Loss: 0.06864580760399501 
2025-03-02 20:50:30,638 INFO: Epoch 148, Train Loss: 0.025301351924567964, Test Loss: 0.02905446962650978, Inverse Test Loss: 0.06912807623545329 
2025-03-02 20:50:42,196 INFO: Epoch 149, Train Loss: 0.02563298705287955, Test Loss: 0.029230749234557152, Inverse Test Loss: 0.06944903302373308 
2025-03-02 20:50:53,424 INFO: Epoch 150, Train Loss: 0.025263443899651367, Test Loss: 0.029202984871737885, Inverse Test Loss: 0.06917654068181009 
2025-03-02 20:51:04,754 INFO: Epoch 151, Train Loss: 0.025369110841755613, Test Loss: 0.029425105700890224, Inverse Test Loss: 0.06933525780385191 
2025-03-02 20:51:16,053 INFO: Epoch 152, Train Loss: 0.025425180101372076, Test Loss: 0.029046773571859707, Inverse Test Loss: 0.06872535745302837 
2025-03-02 20:51:27,317 INFO: Epoch 153, Train Loss: 0.025121532331192582, Test Loss: 0.029166464496291046, Inverse Test Loss: 0.0691745068990823 
2025-03-02 20:51:38,630 INFO: Epoch 154, Train Loss: 0.025328910817871943, Test Loss: 0.028944869045958374, Inverse Test Loss: 0.06848125870932233 
2025-03-02 20:51:49,925 INFO: Epoch 155, Train Loss: 0.025233551895133023, Test Loss: 0.02895372784273191, Inverse Test Loss: 0.0685627159069885 
2025-03-02 20:52:01,237 INFO: Epoch 156, Train Loss: 0.02525784004705422, Test Loss: 0.02912951469647162, Inverse Test Loss: 0.06873661640918616 
2025-03-02 20:52:12,603 INFO: Epoch 157, Train Loss: 0.025265322179731094, Test Loss: 0.028986743623108574, Inverse Test Loss: 0.06884887362971451 
2025-03-02 20:52:23,831 INFO: Epoch 158, Train Loss: 0.025084447934094704, Test Loss: 0.028844792395830154, Inverse Test Loss: 0.06820184082695932 
2025-03-02 20:52:35,216 INFO: Epoch 159, Train Loss: 0.025132797559666815, Test Loss: 0.029150058712923164, Inverse Test Loss: 0.06894430935834393 
2025-03-02 20:52:46,465 INFO: Epoch 160, Train Loss: 0.0250922869961483, Test Loss: 0.028826552414984413, Inverse Test Loss: 0.06816738866495364 
2025-03-02 20:52:57,792 INFO: Epoch 161, Train Loss: 0.025054923971324708, Test Loss: 0.02929039683305856, Inverse Test Loss: 0.06921656181414922 
2025-03-02 20:53:09,188 INFO: Epoch 162, Train Loss: 0.02533712168224156, Test Loss: 0.0288462545722723, Inverse Test Loss: 0.0685217689835664 
2025-03-02 20:53:20,446 INFO: Epoch 163, Train Loss: 0.02510501294058155, Test Loss: 0.028863371603868225, Inverse Test Loss: 0.06843483786691319 
2025-03-02 20:53:31,820 INFO: Epoch 164, Train Loss: 0.025174438706458066, Test Loss: 0.02902453268567721, Inverse Test Loss: 0.06881465582233487 
2025-03-02 20:53:43,154 INFO: Epoch 165, Train Loss: 0.025041883458580935, Test Loss: 0.02887613523864385, Inverse Test Loss: 0.06826386950684316 
2025-03-02 20:53:54,531 INFO: Epoch 166, Train Loss: 0.024917524914737, Test Loss: 0.028997349242369335, Inverse Test Loss: 0.0687653288019426 
2025-03-02 20:54:05,869 INFO: Epoch 167, Train Loss: 0.024892643672611677, Test Loss: 0.0294081208606561, Inverse Test Loss: 0.06948307032386462 
2025-03-02 20:54:17,171 INFO: Epoch 168, Train Loss: 0.025014410903112905, Test Loss: 0.02895803585874312, Inverse Test Loss: 0.06893235964305473 
2025-03-02 20:54:28,457 INFO: Epoch 169, Train Loss: 0.025009621858991908, Test Loss: 0.02888434747177543, Inverse Test Loss: 0.0683032005573764 
2025-03-02 20:54:39,794 INFO: Epoch 170, Train Loss: 0.024869717206015732, Test Loss: 0.029006961902434177, Inverse Test Loss: 0.06847878331036279 
2025-03-02 20:54:51,100 INFO: Epoch 171, Train Loss: 0.0248379126247583, Test Loss: 0.029020029430588085, Inverse Test Loss: 0.06888756697828119 
2025-03-02 20:55:02,392 INFO: Epoch 172, Train Loss: 0.024930503184088702, Test Loss: 0.028984491177129024, Inverse Test Loss: 0.0687973578319405 
2025-03-02 20:55:13,762 INFO: Epoch 173, Train Loss: 0.024892170130359857, Test Loss: 0.028906394868637577, Inverse Test Loss: 0.06846930447852972 
2025-03-02 20:55:25,266 INFO: Epoch 174, Train Loss: 0.024863484096854474, Test Loss: 0.02906981229104779, Inverse Test Loss: 0.06919035823507742 
2025-03-02 20:55:36,565 INFO: Epoch 175, Train Loss: 0.02461507898106268, Test Loss: 0.029045927874518162, Inverse Test Loss: 0.06909613074226813 
2025-03-02 20:55:47,834 INFO: Epoch 176, Train Loss: 0.02475445207462392, Test Loss: 0.02873765140997641, Inverse Test Loss: 0.06808003986423666 
2025-03-02 20:55:59,182 INFO: Epoch 177, Train Loss: 0.02459237270170089, Test Loss: 0.028890172188932247, Inverse Test Loss: 0.06845876077810924 
2025-03-02 20:56:10,454 INFO: Epoch 178, Train Loss: 0.02457853536488432, Test Loss: 0.029466352397293755, Inverse Test Loss: 0.06951727458473408 
2025-03-02 20:56:21,815 INFO: Epoch 179, Train Loss: 0.024556558318153926, Test Loss: 0.02891643520331744, Inverse Test Loss: 0.06856216817642703 
2025-03-02 20:56:33,063 INFO: Epoch 180, Train Loss: 0.02457400083287873, Test Loss: 0.028824422113371616, Inverse Test Loss: 0.0683217564541282 
2025-03-02 20:56:44,398 INFO: Epoch 181, Train Loss: 0.024620619172117476, Test Loss: 0.02871812970349283, Inverse Test Loss: 0.06801458685235544 
2025-03-02 20:56:55,700 INFO: Epoch 182, Train Loss: 0.024640959722808366, Test Loss: 0.029019540345126934, Inverse Test Loss: 0.06873837937459801 
2025-03-02 20:57:07,053 INFO: Epoch 183, Train Loss: 0.024565227936501757, Test Loss: 0.028860840438441795, Inverse Test Loss: 0.06803835409157204 
2025-03-02 20:57:18,252 INFO: Epoch 184, Train Loss: 0.024506123814110953, Test Loss: 0.02891601181843064, Inverse Test Loss: 0.0684154350875002 
2025-03-02 20:57:29,538 INFO: Epoch 185, Train Loss: 0.024504314600066704, Test Loss: 0.028791014556631897, Inverse Test Loss: 0.06830434670502489 
2025-03-02 20:57:40,950 INFO: Epoch 186, Train Loss: 0.02433451985460565, Test Loss: 0.02868147222607425, Inverse Test Loss: 0.06783646209673448 
2025-03-02 20:57:52,292 INFO: Epoch 187, Train Loss: 0.024420274873123024, Test Loss: 0.029258575741991852, Inverse Test Loss: 0.06913149108489354 
2025-03-02 20:58:03,542 INFO: Epoch 188, Train Loss: 0.02434814978165157, Test Loss: 0.02861374836753715, Inverse Test Loss: 0.06788919200048302 
2025-03-02 20:58:14,732 INFO: Epoch 189, Train Loss: 0.024587432973820603, Test Loss: 0.02870714466905955, Inverse Test Loss: 0.06780100602543715 
2025-03-02 20:58:25,993 INFO: Epoch 190, Train Loss: 0.02446530727584931, Test Loss: 0.029129910536787727, Inverse Test Loss: 0.06863959348111441 
2025-03-02 20:58:37,231 INFO: Epoch 191, Train Loss: 0.024470742509672135, Test Loss: 0.02904759759478497, Inverse Test Loss: 0.06918977584802743 
2025-03-02 20:58:48,538 INFO: Epoch 192, Train Loss: 0.024233816480828507, Test Loss: 0.02918121139660026, Inverse Test Loss: 0.06889613322687871 
2025-03-02 20:58:59,722 INFO: Epoch 193, Train Loss: 0.02448945740858714, Test Loss: 0.028865549487598015, Inverse Test Loss: 0.06859980986425371 
2025-03-02 20:59:10,852 INFO: Epoch 194, Train Loss: 0.0242190427697179, Test Loss: 0.02898362578090393, Inverse Test Loss: 0.06867573071609843 
2025-03-02 20:59:22,105 INFO: Epoch 195, Train Loss: 0.02429000244504123, Test Loss: 0.0286672477130637, Inverse Test Loss: 0.06797549580082748 
2025-03-02 20:59:33,435 INFO: Epoch 196, Train Loss: 0.024081196219688565, Test Loss: 0.028874399930690273, Inverse Test Loss: 0.06853212291995685 
2025-03-02 20:59:44,816 INFO: Epoch 197, Train Loss: 0.024146563959110415, Test Loss: 0.02866665409369902, Inverse Test Loss: 0.0678063990040259 
2025-03-02 20:59:56,003 INFO: Epoch 198, Train Loss: 0.024388760434124957, Test Loss: 0.02878659325792934, Inverse Test Loss: 0.06816466468753236 
2025-03-02 21:00:07,345 INFO: Epoch 199, Train Loss: 0.024244240527464586, Test Loss: 0.02929839209625215, Inverse Test Loss: 0.06888785924423825 
2025-03-02 21:00:18,526 INFO: Epoch 200, Train Loss: 0.02428886601983598, Test Loss: 0.029080177741971882, Inverse Test Loss: 0.06875945006807645 
2025-03-02 21:00:18,527 INFO: Best Epoch 188, Best Test Loss: 0.02861374836753715, Inverse Test Loss: 0.06788919200048302 
2025-03-02 21:00:29,717 INFO: Epoch 201, Train Loss: 0.024254732045599005, Test Loss: 0.0285637459971688, Inverse Test Loss: 0.06751153866449992 
2025-03-02 21:00:40,932 INFO: Epoch 202, Train Loss: 0.024101638460926937, Test Loss: 0.028870106194958542, Inverse Test Loss: 0.06827106270374673 
2025-03-02 21:00:52,266 INFO: Epoch 203, Train Loss: 0.024091716644100168, Test Loss: 0.028989140170090126, Inverse Test Loss: 0.06887124952944843 
2025-03-02 21:01:03,490 INFO: Epoch 204, Train Loss: 0.024127051297744565, Test Loss: 0.028900206709901493, Inverse Test Loss: 0.06801379302685912 
2025-03-02 21:01:14,865 INFO: Epoch 205, Train Loss: 0.024115072393959217, Test Loss: 0.02888471492086396, Inverse Test Loss: 0.0678371713694298 
2025-03-02 21:01:26,090 INFO: Epoch 206, Train Loss: 0.02416772099748028, Test Loss: 0.028935905545949936, Inverse Test Loss: 0.06864877519282428 
2025-03-02 21:01:37,415 INFO: Epoch 207, Train Loss: 0.024019511670551517, Test Loss: 0.028933187608014454, Inverse Test Loss: 0.06817253509705717 
2025-03-02 21:01:48,703 INFO: Epoch 208, Train Loss: 0.02397864253373083, Test Loss: 0.029107290517651672, Inverse Test Loss: 0.06905508165558179 
2025-03-02 21:02:00,126 INFO: Epoch 209, Train Loss: 0.023898670619184322, Test Loss: 0.028865297691840115, Inverse Test Loss: 0.06838666444475 
2025-03-02 21:02:11,434 INFO: Epoch 210, Train Loss: 0.023873483769200517, Test Loss: 0.02914827610507156, Inverse Test Loss: 0.06930052398732214 
2025-03-02 21:02:22,924 INFO: Epoch 211, Train Loss: 0.024043061622333797, Test Loss: 0.02878304294338732, Inverse Test Loss: 0.0680930521903616 
2025-03-02 21:02:34,308 INFO: Epoch 212, Train Loss: 0.023992797959539475, Test Loss: 0.028618691263325287, Inverse Test Loss: 0.06768691810694608 
2025-03-02 21:02:45,454 INFO: Epoch 213, Train Loss: 0.02394975685147625, Test Loss: 0.029100491524194225, Inverse Test Loss: 0.06924373600067514 
2025-03-02 21:02:56,859 INFO: Epoch 214, Train Loss: 0.023883196066669894, Test Loss: 0.028962338569037842, Inverse Test Loss: 0.0688997982352069 
2025-03-02 21:03:08,155 INFO: Epoch 215, Train Loss: 0.023733032316985456, Test Loss: 0.029421214578729687, Inverse Test Loss: 0.0694552305521387 
2025-03-02 21:03:19,452 INFO: Epoch 216, Train Loss: 0.024022778002263018, Test Loss: 0.029018841288758045, Inverse Test Loss: 0.06850356924714464 
2025-03-02 21:03:30,618 INFO: Epoch 217, Train Loss: 0.023787170902571896, Test Loss: 0.028885455802083015, Inverse Test Loss: 0.06854064288464459 
2025-03-02 21:03:41,969 INFO: Epoch 218, Train Loss: 0.023724807969604928, Test Loss: 0.028690469818133297, Inverse Test Loss: 0.06784477152607658 
2025-03-02 21:03:53,171 INFO: Epoch 219, Train Loss: 0.02385071650937651, Test Loss: 0.02877672490748492, Inverse Test Loss: 0.06824118169871243 
2025-03-02 21:04:04,460 INFO: Epoch 220, Train Loss: 0.02371510741244437, Test Loss: 0.028925000831033245, Inverse Test Loss: 0.06856565922498703 
2025-03-02 21:04:15,737 INFO: Epoch 221, Train Loss: 0.023691707086100272, Test Loss: 0.0285414605768341, Inverse Test Loss: 0.06735438932523583 
2025-03-02 21:04:27,082 INFO: Epoch 222, Train Loss: 0.02362467917952348, Test Loss: 0.028785833976033962, Inverse Test Loss: 0.06776198530287454 
2025-03-02 21:04:38,302 INFO: Epoch 223, Train Loss: 0.023945115802978926, Test Loss: 0.028821625662120907, Inverse Test Loss: 0.068393652524912 
2025-03-02 21:04:49,620 INFO: Epoch 224, Train Loss: 0.023839875039729206, Test Loss: 0.028646327329404427, Inverse Test Loss: 0.06806834595221462 
2025-03-02 21:05:00,837 INFO: Epoch 225, Train Loss: 0.02369049032021201, Test Loss: 0.028456639667803593, Inverse Test Loss: 0.0672406426659136 
2025-03-02 21:05:12,202 INFO: Epoch 226, Train Loss: 0.023637895641679115, Test Loss: 0.0289193828110442, Inverse Test Loss: 0.06840350772395279 
2025-03-02 21:05:23,440 INFO: Epoch 227, Train Loss: 0.02345752099416021, Test Loss: 0.028837869395360802, Inverse Test Loss: 0.06838735520388141 
2025-03-02 21:05:34,689 INFO: Epoch 228, Train Loss: 0.023706116628917782, Test Loss: 0.02868611467155543, Inverse Test Loss: 0.06791925825404399 
2025-03-02 21:05:45,873 INFO: Epoch 229, Train Loss: 0.023701931893204648, Test Loss: 0.02874572343672767, Inverse Test Loss: 0.06845181435346603 
2025-03-02 21:05:57,132 INFO: Epoch 230, Train Loss: 0.023522948225339253, Test Loss: 0.028687076925328285, Inverse Test Loss: 0.06779831207611343 
2025-03-02 21:06:08,443 INFO: Epoch 231, Train Loss: 0.023481280274802084, Test Loss: 0.029796260324391453, Inverse Test Loss: 0.07012915791887225 
2025-03-02 21:06:19,839 INFO: Epoch 232, Train Loss: 0.023705484479609313, Test Loss: 0.028930049897594887, Inverse Test Loss: 0.0681333617504799 
2025-03-02 21:06:31,079 INFO: Epoch 233, Train Loss: 0.023409983129099463, Test Loss: 0.02877263098277829, Inverse Test Loss: 0.06823875766360399 
2025-03-02 21:06:42,397 INFO: Epoch 234, Train Loss: 0.023505500419008913, Test Loss: 0.028708621182224968, Inverse Test Loss: 0.068006366152655 
2025-03-02 21:06:53,573 INFO: Epoch 235, Train Loss: 0.023515431019900876, Test Loss: 0.028916046926469513, Inverse Test Loss: 0.06812091476537964 
2025-03-02 21:07:04,846 INFO: Epoch 236, Train Loss: 0.023565312960382664, Test Loss: 0.029043869087190338, Inverse Test Loss: 0.06867687246113112 
2025-03-02 21:07:16,038 INFO: Epoch 237, Train Loss: 0.023506397120372363, Test Loss: 0.029116630723530598, Inverse Test Loss: 0.06899719515984709 
2025-03-02 21:07:27,256 INFO: Epoch 238, Train Loss: 0.023518482237264063, Test Loss: 0.028767017196073677, Inverse Test Loss: 0.06809779685555083 
2025-03-02 21:07:38,600 INFO: Epoch 239, Train Loss: 0.023426899594734565, Test Loss: 0.028854570774869484, Inverse Test Loss: 0.06812104232835048 
2025-03-02 21:07:49,961 INFO: Epoch 240, Train Loss: 0.023666375972838563, Test Loss: 0.028800506822087547, Inverse Test Loss: 0.06832132070805087 
2025-03-02 21:08:01,130 INFO: Epoch 241, Train Loss: 0.02330220495632878, Test Loss: 0.02911562466937484, Inverse Test Loss: 0.06856500255790623 
2025-03-02 21:08:12,853 INFO: Epoch 242, Train Loss: 0.023445636732503772, Test Loss: 0.028720042470729713, Inverse Test Loss: 0.06788499348542908 
2025-03-02 21:08:24,333 INFO: Epoch 243, Train Loss: 0.023191087335969012, Test Loss: 0.029143053473848286, Inverse Test Loss: 0.06894921590432976 
2025-03-02 21:08:35,690 INFO: Epoch 244, Train Loss: 0.023270262482886512, Test Loss: 0.028810315624330982, Inverse Test Loss: 0.06794871412443393 
2025-03-02 21:08:46,967 INFO: Epoch 245, Train Loss: 0.023376416873581933, Test Loss: 0.028640747183200085, Inverse Test Loss: 0.06749394039312999 
2025-03-02 21:08:58,293 INFO: Epoch 246, Train Loss: 0.02337261639309652, Test Loss: 0.028705287781177147, Inverse Test Loss: 0.06801759180697528 
2025-03-02 21:09:09,506 INFO: Epoch 247, Train Loss: 0.023348838267283456, Test Loss: 0.02868968564452547, Inverse Test Loss: 0.06786390676191359 
2025-03-02 21:09:20,890 INFO: Epoch 248, Train Loss: 0.0234259528418382, Test Loss: 0.029006192234880997, Inverse Test Loss: 0.06823433472803145 
2025-03-02 21:09:32,167 INFO: Epoch 249, Train Loss: 0.023202695650979877, Test Loss: 0.028959376568144016, Inverse Test Loss: 0.06845431063662875 
2025-03-02 21:09:43,457 INFO: Epoch 250, Train Loss: 0.02308497776870023, Test Loss: 0.028630848183776394, Inverse Test Loss: 0.06796302951195023 
2025-03-02 21:09:54,628 INFO: Epoch 251, Train Loss: 0.023123835919029785, Test Loss: 0.02891592054881833, Inverse Test Loss: 0.06837056848135861 
2025-03-02 21:10:05,854 INFO: Epoch 252, Train Loss: 0.023153141331435603, Test Loss: 0.02879344988049883, Inverse Test Loss: 0.06781597006501573 
2025-03-02 21:10:17,143 INFO: Epoch 253, Train Loss: 0.023381365166807718, Test Loss: 0.02871245907788927, Inverse Test Loss: 0.06784119592471556 
2025-03-02 21:10:28,498 INFO: Epoch 254, Train Loss: 0.023195982614362783, Test Loss: 0.02887398258528926, Inverse Test Loss: 0.06783138125231772 
2025-03-02 21:10:39,691 INFO: Epoch 255, Train Loss: 0.023163279666650025, Test Loss: 0.02895037152550437, Inverse Test Loss: 0.06853587812546527 
2025-03-02 21:10:51,049 INFO: Epoch 256, Train Loss: 0.02321601419173407, Test Loss: 0.029160217240904316, Inverse Test Loss: 0.06870793235121352 
2025-03-02 21:11:02,324 INFO: Epoch 257, Train Loss: 0.023274272927224185, Test Loss: 0.028483336001183048, Inverse Test Loss: 0.06735225315346863 
2025-03-02 21:11:13,529 INFO: Epoch 258, Train Loss: 0.02307942854663865, Test Loss: 0.028848760733098694, Inverse Test Loss: 0.06838450027686177 
2025-03-02 21:11:24,748 INFO: Epoch 259, Train Loss: 0.02314109592275186, Test Loss: 0.02887792174111713, Inverse Test Loss: 0.06836742422345912 
2025-03-02 21:11:35,972 INFO: Epoch 260, Train Loss: 0.023024446831903224, Test Loss: 0.028596309944987297, Inverse Test Loss: 0.0675643277213429 
2025-03-02 21:11:47,145 INFO: Epoch 261, Train Loss: 0.02299645711371506, Test Loss: 0.028705926047581615, Inverse Test Loss: 0.067831249851169 
2025-03-02 21:11:58,408 INFO: Epoch 262, Train Loss: 0.02322740073908459, Test Loss: 0.028699741783467205, Inverse Test Loss: 0.06804033526868532 
2025-03-02 21:12:09,709 INFO: Epoch 263, Train Loss: 0.022901685351054326, Test Loss: 0.028911294641368317, Inverse Test Loss: 0.06855319632273732 
2025-03-02 21:12:21,060 INFO: Epoch 264, Train Loss: 0.023065072413759703, Test Loss: 0.02888218680340232, Inverse Test Loss: 0.06825141100720926 
2025-03-02 21:12:32,337 INFO: Epoch 265, Train Loss: 0.022793548915422325, Test Loss: 0.029059507517200527, Inverse Test Loss: 0.06849682793924303 
2025-03-02 21:12:43,621 INFO: Epoch 266, Train Loss: 0.022998710854374098, Test Loss: 0.028867248558636868, Inverse Test Loss: 0.06813762506300752 
2025-03-02 21:12:54,995 INFO: Epoch 267, Train Loss: 0.02278980431429139, Test Loss: 0.029293065664894653, Inverse Test Loss: 0.06973135629386613 
2025-03-02 21:13:06,305 INFO: Epoch 268, Train Loss: 0.023067508654838257, Test Loss: 0.029711573243592724, Inverse Test Loss: 0.06993532970999226 
2025-03-02 21:13:17,625 INFO: Epoch 269, Train Loss: 0.022896401668814095, Test Loss: 0.0287337526679039, Inverse Test Loss: 0.06801635230129416 
2025-03-02 21:13:28,986 INFO: Epoch 270, Train Loss: 0.022908411038136393, Test Loss: 0.02894404524880828, Inverse Test Loss: 0.06853891491438403 
2025-03-02 21:13:40,324 INFO: Epoch 271, Train Loss: 0.02290745150072105, Test Loss: 0.029138012648080334, Inverse Test Loss: 0.06868969242681157 
2025-03-02 21:13:51,569 INFO: Epoch 272, Train Loss: 0.022902541744494527, Test Loss: 0.029377321797338398, Inverse Test Loss: 0.0698234655640342 
2025-03-02 21:14:02,847 INFO: Epoch 273, Train Loss: 0.02289273788108293, Test Loss: 0.028906547210433266, Inverse Test Loss: 0.06813205846331337 
2025-03-02 21:14:14,055 INFO: Epoch 274, Train Loss: 0.02278289773191015, Test Loss: 0.029046547062920803, Inverse Test Loss: 0.06837966710780606 
2025-03-02 21:14:25,426 INFO: Epoch 275, Train Loss: 0.022929822447512186, Test Loss: 0.028873363396886623, Inverse Test Loss: 0.06812829817786362 
2025-03-02 21:14:36,700 INFO: Epoch 276, Train Loss: 0.02282822893396246, Test Loss: 0.029645046162785904, Inverse Test Loss: 0.07014082891471458 
2025-03-02 21:14:48,024 INFO: Epoch 277, Train Loss: 0.02278024268647035, Test Loss: 0.02880967871257753, Inverse Test Loss: 0.0680048181252046 
2025-03-02 21:14:59,350 INFO: Epoch 278, Train Loss: 0.022823339575111415, Test Loss: 0.02870587157932195, Inverse Test Loss: 0.06768661929350911 
2025-03-02 21:15:10,670 INFO: Epoch 279, Train Loss: 0.022754344383649754, Test Loss: 0.028901535509662193, Inverse Test Loss: 0.0684542293575677 
2025-03-02 21:15:21,899 INFO: Epoch 280, Train Loss: 0.023050652139566162, Test Loss: 0.02875163485154961, Inverse Test Loss: 0.06790655783631584 
2025-03-02 21:15:33,311 INFO: Epoch 281, Train Loss: 0.022645617715280616, Test Loss: 0.028847770991198944, Inverse Test Loss: 0.0682627706590927 
2025-03-02 21:15:44,472 INFO: Epoch 282, Train Loss: 0.02274276361320958, Test Loss: 0.028810985950809536, Inverse Test Loss: 0.06818221080483812 
2025-03-02 21:15:55,684 INFO: Epoch 283, Train Loss: 0.022614314383121604, Test Loss: 0.02884000048718669, Inverse Test Loss: 0.06819754906676033 
2025-03-02 21:16:06,906 INFO: Epoch 284, Train Loss: 0.02288629966223556, Test Loss: 0.02882002807702079, Inverse Test Loss: 0.06825898858633908 
2025-03-02 21:16:18,223 INFO: Epoch 285, Train Loss: 0.022634757061799366, Test Loss: 0.028648443181406368, Inverse Test Loss: 0.06785591499823512 
2025-03-02 21:16:29,426 INFO: Epoch 286, Train Loss: 0.022519606031533895, Test Loss: 0.028800044321652615, Inverse Test Loss: 0.06795424110058582 
2025-03-02 21:16:40,759 INFO: Epoch 287, Train Loss: 0.022758232344957916, Test Loss: 0.028787761475100662, Inverse Test Loss: 0.06844008273699066 
2025-03-02 21:16:52,098 INFO: Epoch 288, Train Loss: 0.0226334931794554, Test Loss: 0.028934876349839298, Inverse Test Loss: 0.06843916936354204 
2025-03-02 21:17:03,450 INFO: Epoch 289, Train Loss: 0.022774539598630683, Test Loss: 0.028872151266444813, Inverse Test Loss: 0.06825507578976227 
2025-03-02 21:17:14,706 INFO: Epoch 290, Train Loss: 0.022848857474993125, Test Loss: 0.028832012448798527, Inverse Test Loss: 0.06806112306587624 
2025-03-02 21:17:25,920 INFO: Epoch 291, Train Loss: 0.022597027829650677, Test Loss: 0.028546803997773113, Inverse Test Loss: 0.06736883487213742 
2025-03-02 21:17:37,173 INFO: Epoch 292, Train Loss: 0.022370935170770143, Test Loss: 0.029035311756712017, Inverse Test Loss: 0.0688309825279496 
2025-03-02 21:17:48,419 INFO: Epoch 293, Train Loss: 0.022484296283712894, Test Loss: 0.029101199893788857, Inverse Test Loss: 0.0685872867929213 
2025-03-02 21:17:59,831 INFO: Epoch 294, Train Loss: 0.022512487996595377, Test Loss: 0.028963710322524563, Inverse Test Loss: 0.06834799965674226 
2025-03-02 21:18:11,052 INFO: Epoch 295, Train Loss: 0.022428605035229615, Test Loss: 0.02881255666866447, Inverse Test Loss: 0.06806803201184128 
2025-03-02 21:18:22,257 INFO: Epoch 296, Train Loss: 0.022333692427668157, Test Loss: 0.028713987801562656, Inverse Test Loss: 0.06778732371149641 
2025-03-02 21:18:33,519 INFO: Epoch 297, Train Loss: 0.022523947045997236, Test Loss: 0.029008884829553692, Inverse Test Loss: 0.06862754995624225 
2025-03-02 21:18:44,810 INFO: Epoch 298, Train Loss: 0.02228615709552259, Test Loss: 0.028825728222727776, Inverse Test Loss: 0.06807583130218765 
2025-03-02 21:18:56,050 INFO: Epoch 299, Train Loss: 0.02243522982197729, Test Loss: 0.029063736511902374, Inverse Test Loss: 0.06860359193700732 
2025-03-02 21:19:07,320 INFO: Epoch 300, Train Loss: 0.022562792997412158, Test Loss: 0.029261313717473637, Inverse Test Loss: 0.0688268133636677 
2025-03-02 21:19:07,320 INFO: Best Epoch 225, Best Test Loss: 0.028456639667803593, Inverse Test Loss: 0.0672406426659136 
2025-03-02 21:19:18,606 INFO: Epoch 301, Train Loss: 0.022428682469057316, Test Loss: 0.028998273340138523, Inverse Test Loss: 0.06838177912163013 
2025-03-02 21:19:29,833 INFO: Epoch 302, Train Loss: 0.02241695095841406, Test Loss: 0.029010345594901028, Inverse Test Loss: 0.06864923656438336 
2025-03-02 21:19:41,114 INFO: Epoch 303, Train Loss: 0.022235293795044225, Test Loss: 0.028877386484633793, Inverse Test Loss: 0.06786751882596449 
2025-03-02 21:19:52,347 INFO: Epoch 304, Train Loss: 0.022451451549193625, Test Loss: 0.02916196711135633, Inverse Test Loss: 0.06888081155943149 
2025-03-02 21:20:03,575 INFO: Epoch 305, Train Loss: 0.02208560962004192, Test Loss: 0.029058449083205425, Inverse Test Loss: 0.06852375162821828 
2025-03-02 21:20:14,691 INFO: Epoch 306, Train Loss: 0.022256627255542713, Test Loss: 0.02878427341806166, Inverse Test Loss: 0.06786716289140961 
2025-03-02 21:20:25,991 INFO: Epoch 307, Train Loss: 0.02229172452070722, Test Loss: 0.028972192018321068, Inverse Test Loss: 0.06839180884487701 
2025-03-02 21:20:37,352 INFO: Epoch 308, Train Loss: 0.0223092999676186, Test Loss: 0.028790636947660736, Inverse Test Loss: 0.06829354787866275 
2025-03-02 21:20:48,698 INFO: Epoch 309, Train Loss: 0.02236391074786132, Test Loss: 0.02897558609644572, Inverse Test Loss: 0.06817290006261884 
2025-03-02 21:20:59,864 INFO: Epoch 310, Train Loss: 0.02231874979439784, Test Loss: 0.028869034101565678, Inverse Test Loss: 0.06822775383338783 
2025-03-02 21:21:11,093 INFO: Epoch 311, Train Loss: 0.02221016800313285, Test Loss: 0.028970727866346187, Inverse Test Loss: 0.0686307954743053 
2025-03-02 21:21:22,299 INFO: Epoch 312, Train Loss: 0.022126350255513735, Test Loss: 0.02938667464662682, Inverse Test Loss: 0.06929141316901553 
2025-03-02 21:21:33,437 INFO: Epoch 313, Train Loss: 0.022291333301726616, Test Loss: 0.028913664038885723, Inverse Test Loss: 0.06832059596975644 
2025-03-02 21:21:44,716 INFO: Epoch 314, Train Loss: 0.02219179801106679, Test Loss: 0.029549701816656372, Inverse Test Loss: 0.07024331424723972 
2025-03-02 21:21:55,836 INFO: Epoch 315, Train Loss: 0.022236022392682957, Test Loss: 0.02910030706588066, Inverse Test Loss: 0.06854458379023003 
2025-03-02 21:22:06,962 INFO: Epoch 316, Train Loss: 0.02229911422667404, Test Loss: 0.02909316365240198, Inverse Test Loss: 0.06890944346333995 
2025-03-02 21:22:18,186 INFO: Epoch 317, Train Loss: 0.022025840886106544, Test Loss: 0.02920241179791364, Inverse Test Loss: 0.06897421576308482 
2025-03-02 21:22:29,427 INFO: Epoch 318, Train Loss: 0.021972946131206823, Test Loss: 0.028928649188442665, Inverse Test Loss: 0.06826443947625882 
2025-03-02 21:22:40,758 INFO: Epoch 319, Train Loss: 0.02213016767619234, Test Loss: 0.029110638763416897, Inverse Test Loss: 0.0687553540549495 
2025-03-02 21:22:51,929 INFO: Epoch 320, Train Loss: 0.022243691516588584, Test Loss: 0.02894119822391958, Inverse Test Loss: 0.0685171912791151 
2025-03-02 21:23:03,108 INFO: Epoch 321, Train Loss: 0.022182714405723593, Test Loss: 0.029069322471817333, Inverse Test Loss: 0.06865821191758821 
2025-03-02 21:23:14,300 INFO: Epoch 322, Train Loss: 0.02190816523083909, Test Loss: 0.02901971159559308, Inverse Test Loss: 0.0687200477854772 
2025-03-02 21:23:25,735 INFO: Epoch 323, Train Loss: 0.02183318694799461, Test Loss: 0.02903552054230011, Inverse Test Loss: 0.06870096165573958 
2025-03-02 21:23:37,208 INFO: Epoch 324, Train Loss: 0.022016271222100564, Test Loss: 0.02908636573137659, Inverse Test Loss: 0.06854721474828142 
2025-03-02 21:23:48,727 INFO: Epoch 325, Train Loss: 0.021905068216393844, Test Loss: 0.028954417980981594, Inverse Test Loss: 0.06836943983128577 
2025-03-02 21:24:00,285 INFO: Epoch 326, Train Loss: 0.02204868965782225, Test Loss: 0.02904418601908467, Inverse Test Loss: 0.06861915834473842 
2025-03-02 21:24:11,815 INFO: Epoch 327, Train Loss: 0.021937474015761505, Test Loss: 0.02884059213101864, Inverse Test Loss: 0.06831746164596442 
2025-03-02 21:24:23,380 INFO: Epoch 328, Train Loss: 0.02184323114201878, Test Loss: 0.028889517158721432, Inverse Test Loss: 0.06812308209412025 
2025-03-02 21:24:34,669 INFO: Epoch 329, Train Loss: 0.02177604215191395, Test Loss: 0.02905026287066214, Inverse Test Loss: 0.06859680987668759 
2025-03-02 21:24:45,968 INFO: Epoch 330, Train Loss: 0.021867748999008625, Test Loss: 0.02899085476317189, Inverse Test Loss: 0.06831184853658531 
2025-03-02 21:24:57,447 INFO: Epoch 331, Train Loss: 0.021810166012128873, Test Loss: 0.029043408844507103, Inverse Test Loss: 0.06882144126928214 
2025-03-02 21:25:08,956 INFO: Epoch 332, Train Loss: 0.021856331912038677, Test Loss: 0.029598751867359333, Inverse Test Loss: 0.06982404208092978 
2025-03-02 21:25:20,057 INFO: Epoch 333, Train Loss: 0.021925505278914265, Test Loss: 0.028908887821616547, Inverse Test Loss: 0.06827781270399239 
2025-03-02 21:25:31,152 INFO: Epoch 334, Train Loss: 0.021887509483900485, Test Loss: 0.029233629166176826, Inverse Test Loss: 0.06919118005669478 
2025-03-02 21:25:42,219 INFO: Epoch 335, Train Loss: 0.021965762600302696, Test Loss: 0.029329495504498482, Inverse Test Loss: 0.06906118108467622 
2025-03-02 21:25:53,447 INFO: Epoch 336, Train Loss: 0.021635771679663747, Test Loss: 0.02945539586697564, Inverse Test Loss: 0.06993398341265591 
2025-03-02 21:26:04,704 INFO: Epoch 337, Train Loss: 0.021771919723092156, Test Loss: 0.02914997653076143, Inverse Test Loss: 0.0688798747053652 
2025-03-02 21:26:15,882 INFO: Epoch 338, Train Loss: 0.022104669609248187, Test Loss: 0.029225378494822617, Inverse Test Loss: 0.0689395580327872 
2025-03-02 21:26:26,985 INFO: Epoch 339, Train Loss: 0.02173887687086156, Test Loss: 0.02941208112646233, Inverse Test Loss: 0.06923440764799263 
2025-03-02 21:26:38,088 INFO: Epoch 340, Train Loss: 0.021704969800670038, Test Loss: 0.02911171113902872, Inverse Test Loss: 0.06904122414010944 
2025-03-02 21:26:49,204 INFO: Epoch 341, Train Loss: 0.021841970900299424, Test Loss: 0.029249863078196842, Inverse Test Loss: 0.06888006819468556 
2025-03-02 21:27:00,376 INFO: Epoch 342, Train Loss: 0.021822199147815507, Test Loss: 0.029000317395636528, Inverse Test Loss: 0.06826507334004749 
2025-03-02 21:27:11,468 INFO: Epoch 343, Train Loss: 0.021787036414907285, Test Loss: 0.02947567177541328, Inverse Test Loss: 0.0698999615781235 
2025-03-02 21:27:22,724 INFO: Epoch 344, Train Loss: 0.021710752453090565, Test Loss: 0.029045134500572174, Inverse Test Loss: 0.06852262805808675 
2025-03-02 21:27:33,943 INFO: Epoch 345, Train Loss: 0.021752869025945212, Test Loss: 0.028970529635747273, Inverse Test Loss: 0.06842745366421613 
2025-03-02 21:27:45,125 INFO: Epoch 346, Train Loss: 0.02174497670211801, Test Loss: 0.02927197211168029, Inverse Test Loss: 0.06935992498289455 
2025-03-02 21:27:56,539 INFO: Epoch 347, Train Loss: 0.02166504359267878, Test Loss: 0.029557592884609192, Inverse Test Loss: 0.07012018583940738 
2025-03-02 21:28:08,323 INFO: Epoch 348, Train Loss: 0.02171691134572029, Test Loss: 0.029120160605419766, Inverse Test Loss: 0.0689867643470114 
2025-03-02 21:28:20,323 INFO: Epoch 349, Train Loss: 0.021608725274828346, Test Loss: 0.02982243432691603, Inverse Test Loss: 0.07015176896344531 
2025-03-02 21:28:32,434 INFO: Epoch 350, Train Loss: 0.021333494696371032, Test Loss: 0.029041325955679924, Inverse Test Loss: 0.06834434774337393 
2025-03-02 21:28:43,968 INFO: Epoch 351, Train Loss: 0.021537456717906578, Test Loss: 0.029714926061305134, Inverse Test Loss: 0.06993409641312831 
2025-03-02 21:28:55,345 INFO: Epoch 352, Train Loss: 0.021625685265682863, Test Loss: 0.02941369383849881, Inverse Test Loss: 0.06973942978815599 
2025-03-02 21:29:07,108 INFO: Epoch 353, Train Loss: 0.02173846864113302, Test Loss: 0.029226654971187763, Inverse Test Loss: 0.06921191637714703 
2025-03-02 21:29:18,205 INFO: Epoch 354, Train Loss: 0.021667020423620037, Test Loss: 0.029149021106687458, Inverse Test Loss: 0.06876789959091129 
2025-03-02 21:29:29,514 INFO: Epoch 355, Train Loss: 0.021419517872290628, Test Loss: 0.029109303133957314, Inverse Test Loss: 0.06891757983601454 
2025-03-02 21:29:40,668 INFO: Epoch 356, Train Loss: 0.021370910192755135, Test Loss: 0.02875795683851748, Inverse Test Loss: 0.06783663662094058 
2025-03-02 21:29:51,752 INFO: Epoch 357, Train Loss: 0.021501353483252002, Test Loss: 0.02888854423707182, Inverse Test Loss: 0.06828287650238384 
2025-03-02 21:30:02,974 INFO: Epoch 358, Train Loss: 0.021510747134346853, Test Loss: 0.029105852950703014, Inverse Test Loss: 0.06885101375254718 
2025-03-02 21:30:14,186 INFO: Epoch 359, Train Loss: 0.021422383749405995, Test Loss: 0.029222929511557926, Inverse Test Loss: 0.06897211989218538 
2025-03-02 21:30:25,298 INFO: Epoch 360, Train Loss: 0.021778244052477407, Test Loss: 0.029367156552545952, Inverse Test Loss: 0.06930742954665964 
2025-03-02 21:30:36,442 INFO: Epoch 361, Train Loss: 0.021414836586424797, Test Loss: 0.029673168209917618, Inverse Test Loss: 0.0702046032882098 
2025-03-02 21:30:47,534 INFO: Epoch 362, Train Loss: 0.02150326403507003, Test Loss: 0.029425530496871834, Inverse Test Loss: 0.06933451545509425 
2025-03-02 21:30:58,624 INFO: Epoch 363, Train Loss: 0.02158580230774753, Test Loss: 0.02933822764140187, Inverse Test Loss: 0.06925728589747891 
2025-03-02 21:31:09,746 INFO: Epoch 364, Train Loss: 0.021329622334715994, Test Loss: 0.029487891461361538, Inverse Test Loss: 0.06991216698379228 
2025-03-02 21:31:20,905 INFO: Epoch 365, Train Loss: 0.021345116318005956, Test Loss: 0.02940148611863454, Inverse Test Loss: 0.06972045011141083 
2025-03-02 21:31:32,069 INFO: Epoch 366, Train Loss: 0.02136575465909008, Test Loss: 0.0292055978242195, Inverse Test Loss: 0.0689053458697868 
2025-03-02 21:31:43,236 INFO: Epoch 367, Train Loss: 0.021335954848451143, Test Loss: 0.02993567609651522, Inverse Test Loss: 0.07114430449225685 
2025-03-02 21:31:54,367 INFO: Epoch 368, Train Loss: 0.021384019475204474, Test Loss: 0.029358063288258785, Inverse Test Loss: 0.06971256152698488 
2025-03-02 21:32:05,496 INFO: Epoch 369, Train Loss: 0.02139091810606646, Test Loss: 0.029430448613835102, Inverse Test Loss: 0.0697349143976515 
2025-03-02 21:32:16,704 INFO: Epoch 370, Train Loss: 0.02132586254314943, Test Loss: 0.02952828196187814, Inverse Test Loss: 0.06995123952175632 
2025-03-02 21:32:27,915 INFO: Epoch 371, Train Loss: 0.021169970136587366, Test Loss: 0.0293915466490117, Inverse Test Loss: 0.06938733002453139 
2025-03-02 21:32:39,012 INFO: Epoch 372, Train Loss: 0.02118569172241471, Test Loss: 0.029488001357425343, Inverse Test Loss: 0.06932878212043733 
2025-03-02 21:32:50,157 INFO: Epoch 373, Train Loss: 0.021287164301611483, Test Loss: 0.029472028949495518, Inverse Test Loss: 0.06991382643128886 
2025-03-02 21:33:01,298 INFO: Epoch 374, Train Loss: 0.02129790519900394, Test Loss: 0.029461060565981, Inverse Test Loss: 0.06959389590404251 
2025-03-02 21:33:12,458 INFO: Epoch 375, Train Loss: 0.021248547564909764, Test Loss: 0.02973301223281658, Inverse Test Loss: 0.07057815078984607 
2025-03-02 21:33:23,600 INFO: Epoch 376, Train Loss: 0.021354978939405446, Test Loss: 0.029473904463829415, Inverse Test Loss: 0.06983585904041927 
2025-03-02 21:33:34,723 INFO: Epoch 377, Train Loss: 0.02129666110020921, Test Loss: 0.029394481895547924, Inverse Test Loss: 0.06919508653156685 
2025-03-02 21:33:45,862 INFO: Epoch 378, Train Loss: 0.0212874197767991, Test Loss: 0.029430580014983814, Inverse Test Loss: 0.06974326638561307 
2025-03-02 21:33:56,995 INFO: Epoch 379, Train Loss: 0.02119696208727405, Test Loss: 0.029588602991266685, Inverse Test Loss: 0.070174562547243 
2025-03-02 21:34:08,180 INFO: Epoch 380, Train Loss: 0.02136304948450715, Test Loss: 0.03007936251885963, Inverse Test Loss: 0.07104555404547488 
2025-03-02 21:34:19,359 INFO: Epoch 381, Train Loss: 0.02131628267692797, Test Loss: 0.02946384036631295, Inverse Test Loss: 0.06973887302658775 
2025-03-02 21:34:30,464 INFO: Epoch 382, Train Loss: 0.021025023013917787, Test Loss: 0.029307623196280365, Inverse Test Loss: 0.0691023881010937 
2025-03-02 21:34:41,611 INFO: Epoch 383, Train Loss: 0.021151117109129147, Test Loss: 0.02936458677956552, Inverse Test Loss: 0.06961423982724999 
2025-03-02 21:34:52,697 INFO: Epoch 384, Train Loss: 0.02122571159887946, Test Loss: 0.029328402188239677, Inverse Test Loss: 0.06931982099106818 
2025-03-02 21:35:03,814 INFO: Epoch 385, Train Loss: 0.02109215499579229, Test Loss: 0.02954183050403089, Inverse Test Loss: 0.06985003952727173 
2025-03-02 21:35:14,976 INFO: Epoch 386, Train Loss: 0.021106886688027193, Test Loss: 0.029457013715397228, Inverse Test Loss: 0.06954606001575787 
2025-03-02 21:35:26,081 INFO: Epoch 387, Train Loss: 0.021218114751250003, Test Loss: 0.029543679264007194, Inverse Test Loss: 0.069952099047827 
2025-03-02 21:35:37,163 INFO: Epoch 388, Train Loss: 0.020899731976290543, Test Loss: 0.02927039699120955, Inverse Test Loss: 0.06920071138125478 
2025-03-02 21:35:48,260 INFO: Epoch 389, Train Loss: 0.020983304835460855, Test Loss: 0.02937457196866021, Inverse Test Loss: 0.06943771649490703 
2025-03-02 21:35:59,439 INFO: Epoch 390, Train Loss: 0.021054306893016805, Test Loss: 0.029522210641792328, Inverse Test Loss: 0.06958857641527147 
2025-03-02 21:36:10,497 INFO: Epoch 391, Train Loss: 0.021069361221496805, Test Loss: 0.029486034912141888, Inverse Test Loss: 0.06965304504741322 
2025-03-02 21:36:21,658 INFO: Epoch 392, Train Loss: 0.020832752449099313, Test Loss: 0.02961622601882978, Inverse Test Loss: 0.0701935024875583 
2025-03-02 21:36:32,685 INFO: Epoch 393, Train Loss: 0.021074102937497875, Test Loss: 0.02994620218647249, Inverse Test Loss: 0.07078568727681131 
2025-03-02 21:36:43,774 INFO: Epoch 394, Train Loss: 0.02105904056224972, Test Loss: 0.029766157043702675, Inverse Test Loss: 0.07069699567827312 
2025-03-02 21:36:54,911 INFO: Epoch 395, Train Loss: 0.02112044315700504, Test Loss: 0.029545470959309376, Inverse Test Loss: 0.07004017676367905 
2025-03-02 21:37:05,991 INFO: Epoch 396, Train Loss: 0.02071073791012168, Test Loss: 0.029826177735671852, Inverse Test Loss: 0.07071018568945653 
2025-03-02 21:37:17,158 INFO: Epoch 397, Train Loss: 0.020711121290470615, Test Loss: 0.02972797118127346, Inverse Test Loss: 0.07062890109690753 
2025-03-02 21:37:28,335 INFO: Epoch 398, Train Loss: 0.02081562461557262, Test Loss: 0.029778681018135765, Inverse Test Loss: 0.07069904289462349 
2025-03-02 21:37:39,424 INFO: Epoch 399, Train Loss: 0.02091050578394171, Test Loss: 0.02952051032899004, Inverse Test Loss: 0.06986081227660179 
2025-03-02 21:37:50,496 INFO: Epoch 400, Train Loss: 0.02092725657999064, Test Loss: 0.029431348327885975, Inverse Test Loss: 0.06940636659661929 
2025-03-02 21:37:50,496 INFO: Best Epoch 225, Best Test Loss: 0.028456639667803593, Inverse Test Loss: 0.0672406426659136 
2025-03-02 21:38:01,606 INFO: Epoch 401, Train Loss: 0.020856597453750896, Test Loss: 0.02961597941590078, Inverse Test Loss: 0.07012252125776175 
2025-03-02 21:38:12,756 INFO: Epoch 402, Train Loss: 0.020837702816634468, Test Loss: 0.02975733634648901, Inverse Test Loss: 0.0705243062340852 
2025-03-02 21:38:23,899 INFO: Epoch 403, Train Loss: 0.020917169072411278, Test Loss: 0.029596817482149963, Inverse Test Loss: 0.06986410520745046 
2025-03-02 21:38:35,086 INFO: Epoch 404, Train Loss: 0.02084837685282709, Test Loss: 0.02973652755220731, Inverse Test Loss: 0.07030778570157109 
2025-03-02 21:38:46,104 INFO: Epoch 405, Train Loss: 0.020703330650135424, Test Loss: 0.029372151884617226, Inverse Test Loss: 0.06944051238171982 
2025-03-02 21:38:57,200 INFO: Epoch 406, Train Loss: 0.020729608346962115, Test Loss: 0.02963640269908038, Inverse Test Loss: 0.06973204919786165 
2025-03-02 21:39:08,334 INFO: Epoch 407, Train Loss: 0.020637988888969023, Test Loss: 0.029485864113226082, Inverse Test Loss: 0.06964329223741185 
2025-03-02 21:39:19,456 INFO: Epoch 408, Train Loss: 0.020676528625754698, Test Loss: 0.02957776380759297, Inverse Test Loss: 0.06974686456449104 
2025-03-02 21:39:30,535 INFO: Epoch 409, Train Loss: 0.02057192939206619, Test Loss: 0.029669110014131576, Inverse Test Loss: 0.07010836413863933 
2025-03-02 21:39:41,624 INFO: Epoch 410, Train Loss: 0.02070031222661562, Test Loss: 0.029746837349552097, Inverse Test Loss: 0.07018696369998383 
2025-03-02 21:39:52,679 INFO: Epoch 411, Train Loss: 0.020653820377915647, Test Loss: 0.02979128762628093, Inverse Test Loss: 0.07008756268205064 
2025-03-02 21:40:03,811 INFO: Epoch 412, Train Loss: 0.02096804725288442, Test Loss: 0.03004311973398382, Inverse Test Loss: 0.07106630831505313 
2025-03-02 21:40:14,912 INFO: Epoch 413, Train Loss: 0.02069729967325023, Test Loss: 0.029884221878918735, Inverse Test Loss: 0.07044466551054608 
2025-03-02 21:40:26,019 INFO: Epoch 414, Train Loss: 0.020530686971279934, Test Loss: 0.029702144985397656, Inverse Test Loss: 0.07022472775795242 
2025-03-02 21:40:37,192 INFO: Epoch 415, Train Loss: 0.020534586993920984, Test Loss: 0.030385982019431663, Inverse Test Loss: 0.07191914873141231 
2025-03-02 21:40:48,511 INFO: Epoch 416, Train Loss: 0.02075512628917667, Test Loss: 0.029852480260711727, Inverse Test Loss: 0.07035667878208739 
2025-03-02 21:41:00,483 INFO: Epoch 417, Train Loss: 0.02070670778806688, Test Loss: 0.029808189211921257, Inverse Test Loss: 0.07035019598675496 
2025-03-02 21:41:12,177 INFO: Epoch 418, Train Loss: 0.020563435218663828, Test Loss: 0.029705230033758915, Inverse Test Loss: 0.07037387528654301 
2025-03-02 21:41:24,158 INFO: Epoch 419, Train Loss: 0.020701845494014295, Test Loss: 0.029658045563282387, Inverse Test Loss: 0.06996181573380124 
2025-03-02 21:41:35,637 INFO: Epoch 420, Train Loss: 0.02056705267309691, Test Loss: 0.029551846624323815, Inverse Test Loss: 0.06980782295718338 
2025-03-02 21:41:47,001 INFO: Epoch 421, Train Loss: 0.020522822865821196, Test Loss: 0.029870620223157333, Inverse Test Loss: 0.07060677513028636 
2025-03-02 21:41:58,783 INFO: Epoch 422, Train Loss: 0.02039277714423158, Test Loss: 0.02983530226982001, Inverse Test Loss: 0.07023444365371358 
2025-03-02 21:42:10,337 INFO: Epoch 423, Train Loss: 0.020363810253470685, Test Loss: 0.02995952015573328, Inverse Test Loss: 0.0705630322071639 
2025-03-02 21:42:22,138 INFO: Epoch 424, Train Loss: 0.02041419277983633, Test Loss: 0.029844744074525253, Inverse Test Loss: 0.07046777009963989 
2025-03-02 21:42:34,110 INFO: Epoch 425, Train Loss: 0.020526547648125525, Test Loss: 0.030138416328664982, Inverse Test Loss: 0.07116063785823909 
2025-03-02 21:42:45,533 INFO: Epoch 426, Train Loss: 0.020210875797960343, Test Loss: 0.02981638451191512, Inverse Test Loss: 0.0703112105980064 
2025-03-02 21:42:57,331 INFO: Epoch 427, Train Loss: 0.02032760559637664, Test Loss: 0.02969823834119421, Inverse Test Loss: 0.06994493068619208 
2025-03-02 21:43:09,589 INFO: Epoch 428, Train Loss: 0.020418237972383697, Test Loss: 0.030137731834794537, Inverse Test Loss: 0.07107239837447803 
2025-03-02 21:43:21,320 INFO: Epoch 429, Train Loss: 0.02040131921371953, Test Loss: 0.029531223925225662, Inverse Test Loss: 0.06964361656344298 
2025-03-02 21:43:33,365 INFO: Epoch 430, Train Loss: 0.020208032300808663, Test Loss: 0.03004821508445523, Inverse Test Loss: 0.07045634045745387 
2025-03-02 21:43:45,289 INFO: Epoch 431, Train Loss: 0.02053186380671281, Test Loss: 0.030104400364286972, Inverse Test Loss: 0.07087736746126955 
2025-03-02 21:43:56,603 INFO: Epoch 432, Train Loss: 0.020233157810501078, Test Loss: 0.029943256667166046, Inverse Test Loss: 0.07051089801120036 
2025-03-02 21:44:07,719 INFO: Epoch 433, Train Loss: 0.020372280695786078, Test Loss: 0.030036166761860703, Inverse Test Loss: 0.07061646641655402 
2025-03-02 21:44:18,833 INFO: Epoch 434, Train Loss: 0.020267095914195208, Test Loss: 0.029925966635346413, Inverse Test Loss: 0.07060913583545973 
2025-03-02 21:44:29,966 INFO: Epoch 435, Train Loss: 0.02029068212758637, Test Loss: 0.02980428979252324, Inverse Test Loss: 0.0702449730174108 
2025-03-02 21:44:41,070 INFO: Epoch 436, Train Loss: 0.020237538399118366, Test Loss: 0.029797984287142754, Inverse Test Loss: 0.07036955259514577 
2025-03-02 21:44:52,298 INFO: Epoch 437, Train Loss: 0.020215621225140763, Test Loss: 0.029543464495377106, Inverse Test Loss: 0.06959936508175099 
2025-03-02 21:45:04,051 INFO: Epoch 438, Train Loss: 0.020511491986160927, Test Loss: 0.03013620852972522, Inverse Test Loss: 0.07090999095728903 
2025-03-02 21:45:15,656 INFO: Epoch 439, Train Loss: 0.02016499776139178, Test Loss: 0.030001771551641552, Inverse Test Loss: 0.07063171549728423 
2025-03-02 21:45:26,824 INFO: Epoch 440, Train Loss: 0.02015033693433824, Test Loss: 0.02986272130951737, Inverse Test Loss: 0.07050880168875058 
2025-03-02 21:45:38,034 INFO: Epoch 441, Train Loss: 0.020312111916472062, Test Loss: 0.029812709117929142, Inverse Test Loss: 0.07001122550079317 
2025-03-02 21:45:49,103 INFO: Epoch 442, Train Loss: 0.02018092969206698, Test Loss: 0.02988662181252783, Inverse Test Loss: 0.07038111171939156 
2025-03-02 21:46:00,262 INFO: Epoch 443, Train Loss: 0.020280922106890517, Test Loss: 0.030175912335063473, Inverse Test Loss: 0.07118417491967027 
2025-03-02 21:46:11,516 INFO: Epoch 444, Train Loss: 0.020212525741733385, Test Loss: 0.030162731298443043, Inverse Test Loss: 0.0711013287531607 
2025-03-02 21:46:22,711 INFO: Epoch 445, Train Loss: 0.020047324201600117, Test Loss: 0.029765100303021343, Inverse Test Loss: 0.07005884769287976 
2025-03-02 21:46:33,880 INFO: Epoch 446, Train Loss: 0.02015325648597244, Test Loss: 0.030002029838435577, Inverse Test Loss: 0.07077479035113797 
2025-03-02 21:46:45,095 INFO: Epoch 447, Train Loss: 0.020153787749057465, Test Loss: 0.031178629477367256, Inverse Test Loss: 0.07329583326072404 
2025-03-02 21:46:56,250 INFO: Epoch 448, Train Loss: 0.02030316733924503, Test Loss: 0.030004179895375713, Inverse Test Loss: 0.0706073073952487 
2025-03-02 21:47:07,356 INFO: Epoch 449, Train Loss: 0.020072360685320968, Test Loss: 0.02986338079878778, Inverse Test Loss: 0.07019720316836328 
2025-03-02 21:47:18,602 INFO: Epoch 450, Train Loss: 0.02016320906466607, Test Loss: 0.029721643380594975, Inverse Test Loss: 0.06997967804923202 
2025-03-02 21:47:29,758 INFO: Epoch 451, Train Loss: 0.01998499596745453, Test Loss: 0.029564478237069015, Inverse Test Loss: 0.06959403644908559 
2025-03-02 21:47:40,933 INFO: Epoch 452, Train Loss: 0.02039545818203778, Test Loss: 0.0300207104195248, Inverse Test Loss: 0.0708098706196655 
2025-03-02 21:47:52,158 INFO: Epoch 453, Train Loss: 0.020240743073042144, Test Loss: 0.030244845050302418, Inverse Test Loss: 0.07135645300149918 
2025-03-02 21:48:03,281 INFO: Epoch 454, Train Loss: 0.020169478199077828, Test Loss: 0.029788542651768887, Inverse Test Loss: 0.07009403746236455 
2025-03-02 21:48:14,424 INFO: Epoch 455, Train Loss: 0.02018869001150244, Test Loss: 0.029675972281080303, Inverse Test Loss: 0.06988173429713104 
2025-03-02 21:48:25,827 INFO: Epoch 456, Train Loss: 0.020076547403622306, Test Loss: 0.02977394735948606, Inverse Test Loss: 0.07057042307022846 
2025-03-02 21:48:36,998 INFO: Epoch 457, Train Loss: 0.019812909110138815, Test Loss: 0.02979253384877335, Inverse Test Loss: 0.07032979720018127 
2025-03-02 21:48:48,221 INFO: Epoch 458, Train Loss: 0.0200085671844356, Test Loss: 0.03002098191416625, Inverse Test Loss: 0.07085509903051636 
2025-03-02 21:48:59,323 INFO: Epoch 459, Train Loss: 0.01995187905391283, Test Loss: 0.029816069386222145, Inverse Test Loss: 0.0703323765686064 
2025-03-02 21:49:10,480 INFO: Epoch 460, Train Loss: 0.020168133376335554, Test Loss: 0.029893458171775848, Inverse Test Loss: 0.07052652345913829 
2025-03-02 21:49:21,703 INFO: Epoch 461, Train Loss: 0.020214537624269724, Test Loss: 0.029767446276364906, Inverse Test Loss: 0.07055073897495415 
2025-03-02 21:49:32,858 INFO: Epoch 462, Train Loss: 0.020020242096066024, Test Loss: 0.02953325392621936, Inverse Test Loss: 0.06961803183411107 
2025-03-02 21:49:44,005 INFO: Epoch 463, Train Loss: 0.019898011447918234, Test Loss: 0.029549111527475445, Inverse Test Loss: 0.06938715922561559 
2025-03-02 21:49:55,244 INFO: Epoch 464, Train Loss: 0.020129246764223684, Test Loss: 0.03032998289122726, Inverse Test Loss: 0.07140898128802126 
2025-03-02 21:50:06,434 INFO: Epoch 465, Train Loss: 0.01994752455643858, Test Loss: 0.029928459531881592, Inverse Test Loss: 0.07047701717326135 
2025-03-02 21:50:17,589 INFO: Epoch 466, Train Loss: 0.019603264031254432, Test Loss: 0.02998410142732389, Inverse Test Loss: 0.07080988608526462 
2025-03-02 21:50:28,718 INFO: Epoch 467, Train Loss: 0.019957458868509893, Test Loss: 0.0304767605143063, Inverse Test Loss: 0.07220858696735266 
2025-03-02 21:50:39,813 INFO: Epoch 468, Train Loss: 0.020088093729238168, Test Loss: 0.02987627967289, Inverse Test Loss: 0.07055794052553899 
2025-03-02 21:50:50,969 INFO: Epoch 469, Train Loss: 0.019902536772530188, Test Loss: 0.029916831489765282, Inverse Test Loss: 0.07072557565389258 
2025-03-02 21:51:02,098 INFO: Epoch 470, Train Loss: 0.019658155100787, Test Loss: 0.029907559806650334, Inverse Test Loss: 0.07071018196416623 
2025-03-02 21:51:13,253 INFO: Epoch 471, Train Loss: 0.020050549308176745, Test Loss: 0.03001188723878427, Inverse Test Loss: 0.07067154178565199 
2025-03-02 21:51:24,415 INFO: Epoch 472, Train Loss: 0.019815493311563678, Test Loss: 0.0299736676229672, Inverse Test Loss: 0.07057143070481041 
2025-03-02 21:51:35,499 INFO: Epoch 473, Train Loss: 0.019900049880203424, Test Loss: 0.03036376495252956, Inverse Test Loss: 0.0717797280486786 
2025-03-02 21:51:46,636 INFO: Epoch 474, Train Loss: 0.019829838346181947, Test Loss: 0.029753715138543736, Inverse Test Loss: 0.07004056396809491 
2025-03-02 21:51:57,837 INFO: Epoch 475, Train Loss: 0.01968229548638743, Test Loss: 0.030292705096530193, Inverse Test Loss: 0.07115133276039903 
2025-03-02 21:52:08,913 INFO: Epoch 476, Train Loss: 0.019749224348219508, Test Loss: 0.030245847717830628, Inverse Test Loss: 0.07110527180361026 
2025-03-02 21:52:20,106 INFO: Epoch 477, Train Loss: 0.019655254768264113, Test Loss: 0.030477309994625324, Inverse Test Loss: 0.07175975270343549 
2025-03-02 21:52:31,313 INFO: Epoch 478, Train Loss: 0.019685799037247445, Test Loss: 0.02982180876036485, Inverse Test Loss: 0.07047984331394687 
2025-03-02 21:52:42,532 INFO: Epoch 479, Train Loss: 0.019766752770396346, Test Loss: 0.030945923010056667, Inverse Test Loss: 0.07273443291584651 
2025-03-02 21:52:53,788 INFO: Epoch 480, Train Loss: 0.019719813297728473, Test Loss: 0.029845896882541252, Inverse Test Loss: 0.07009366482044711 
2025-03-02 21:53:04,985 INFO: Epoch 481, Train Loss: 0.019667399101749514, Test Loss: 0.0302353777894468, Inverse Test Loss: 0.07111961078463179 
2025-03-02 21:53:16,116 INFO: Epoch 482, Train Loss: 0.019719780338081448, Test Loss: 0.03015722938333497, Inverse Test Loss: 0.07101252979852936 
2025-03-02 21:53:27,193 INFO: Epoch 483, Train Loss: 0.01969575347153075, Test Loss: 0.029946748675270515, Inverse Test Loss: 0.07043844529173592 
2025-03-02 21:53:38,345 INFO: Epoch 484, Train Loss: 0.01967988706504305, Test Loss: 0.029852362236741817, Inverse Test Loss: 0.0704108773533142 
2025-03-02 21:53:49,492 INFO: Epoch 485, Train Loss: 0.019714826153534832, Test Loss: 0.030266717866514668, Inverse Test Loss: 0.0712534219703891 
2025-03-02 21:54:00,674 INFO: Epoch 486, Train Loss: 0.01962354743966099, Test Loss: 0.029973975749629917, Inverse Test Loss: 0.07035639024142062 
2025-03-02 21:54:11,871 INFO: Epoch 487, Train Loss: 0.01964679768901657, Test Loss: 0.03013214897928816, Inverse Test Loss: 0.07113687129634799 
2025-03-02 21:54:23,075 INFO: Epoch 488, Train Loss: 0.019637143161768716, Test Loss: 0.029892068582050728, Inverse Test Loss: 0.07024979196263081 
2025-03-02 21:54:34,275 INFO: Epoch 489, Train Loss: 0.01948276428844441, Test Loss: 0.03014655089513822, Inverse Test Loss: 0.07088729931098042 
2025-03-02 21:54:45,430 INFO: Epoch 490, Train Loss: 0.019576921642786176, Test Loss: 0.02991827865215865, Inverse Test Loss: 0.07028851996768605 
2025-03-02 21:54:56,628 INFO: Epoch 491, Train Loss: 0.019576255958809546, Test Loss: 0.02977717492842313, Inverse Test Loss: 0.07000368607766701 
2025-03-02 21:55:07,784 INFO: Epoch 492, Train Loss: 0.01972555507426009, Test Loss: 0.03004465675489469, Inverse Test Loss: 0.07063572853803635 
2025-03-02 21:55:18,908 INFO: Epoch 493, Train Loss: 0.019415145478860446, Test Loss: 0.03002122411447944, Inverse Test Loss: 0.07057002886678233 
2025-03-02 21:55:30,058 INFO: Epoch 494, Train Loss: 0.01937067790563698, Test Loss: 0.029897197516578617, Inverse Test Loss: 0.07031010192903606 
2025-03-02 21:55:41,098 INFO: Epoch 495, Train Loss: 0.019677464321086354, Test Loss: 0.03007220798595385, Inverse Test Loss: 0.07076420070547046 
2025-03-02 21:55:52,212 INFO: Epoch 496, Train Loss: 0.019730985171697808, Test Loss: 0.02990974502807314, Inverse Test Loss: 0.07029013990452795 
2025-03-02 21:56:03,410 INFO: Epoch 497, Train Loss: 0.019570047861303796, Test Loss: 0.02986833436245268, Inverse Test Loss: 0.07014769970467596 
2025-03-02 21:56:14,488 INFO: Epoch 498, Train Loss: 0.019544079469403987, Test Loss: 0.030091361114473053, Inverse Test Loss: 0.07092610035430301 
2025-03-02 21:56:25,545 INFO: Epoch 499, Train Loss: 0.01945681436072019, Test Loss: 0.030613581734624775, Inverse Test Loss: 0.07237501623052539 
2025-03-02 21:56:36,627 INFO: Epoch 500, Train Loss: 0.019364093317452705, Test Loss: 0.03030458933702021, Inverse Test Loss: 0.0711219876327298 
2025-03-02 21:56:36,628 INFO: Best Epoch 225, Best Test Loss: 0.028456639667803593, Inverse Test Loss: 0.0672406426659136 
2025-03-02 21:56:47,670 INFO: Epoch 501, Train Loss: 0.019664060620760374, Test Loss: 0.030107016759839924, Inverse Test Loss: 0.07084614523884022 
2025-03-02 21:56:59,448 INFO: Epoch 502, Train Loss: 0.019441263404477275, Test Loss: 0.03034280076848738, Inverse Test Loss: 0.07142236682050156 
2025-03-02 21:57:11,070 INFO: Epoch 503, Train Loss: 0.01933565092357722, Test Loss: 0.03014054900091706, Inverse Test Loss: 0.07085608950618541 
2025-03-02 21:57:22,262 INFO: Epoch 504, Train Loss: 0.01930655867820888, Test Loss: 0.0301537002352151, Inverse Test Loss: 0.07070306033799142 
2025-03-02 21:57:33,435 INFO: Epoch 505, Train Loss: 0.019456479811307156, Test Loss: 0.0301012515344403, Inverse Test Loss: 0.07080220645575812 
2025-03-02 21:57:44,484 INFO: Epoch 506, Train Loss: 0.019328392646981007, Test Loss: 0.030025394012530644, Inverse Test Loss: 0.070718376473947 
2025-03-02 21:57:55,660 INFO: Epoch 507, Train Loss: 0.019299133814814868, Test Loss: 0.03054344778259595, Inverse Test Loss: 0.07205072937138153 
2025-03-02 21:58:07,156 INFO: Epoch 508, Train Loss: 0.01930648483561747, Test Loss: 0.03023252681349263, Inverse Test Loss: 0.07100192220373587 
2025-03-02 21:58:18,369 INFO: Epoch 509, Train Loss: 0.01912744323525465, Test Loss: 0.030254408378492702, Inverse Test Loss: 0.07085214814904964 
2025-03-02 21:58:29,474 INFO: Epoch 510, Train Loss: 0.019484643718566407, Test Loss: 0.030174637213349342, Inverse Test Loss: 0.07102444903417067 
2025-03-02 21:58:41,039 INFO: Epoch 511, Train Loss: 0.019498620132887452, Test Loss: 0.03021252883428877, Inverse Test Loss: 0.0711968204740322 
2025-03-02 21:58:52,953 INFO: Epoch 512, Train Loss: 0.01940746024025209, Test Loss: 0.03001711049088926, Inverse Test Loss: 0.07067406843557503 
2025-03-02 21:59:04,765 INFO: Epoch 513, Train Loss: 0.019132097530404502, Test Loss: 0.02992063049565662, Inverse Test Loss: 0.07015321968179761 
2025-03-02 21:59:16,585 INFO: Epoch 514, Train Loss: 0.019252795373287165, Test Loss: 0.02986494412250591, Inverse Test Loss: 0.07030076330358331 
2025-03-02 21:59:28,070 INFO: Epoch 515, Train Loss: 0.0193695499575838, Test Loss: 0.02991922346479965, Inverse Test Loss: 0.07041424241932956 
2025-03-02 21:59:39,463 INFO: Epoch 516, Train Loss: 0.019362546186047522, Test Loss: 0.030034047241012257, Inverse Test Loss: 0.07064716619524089 
2025-03-02 21:59:50,739 INFO: Epoch 517, Train Loss: 0.019445670775674058, Test Loss: 0.030461079864339394, Inverse Test Loss: 0.07176027684049173 
2025-03-02 22:00:02,040 INFO: Epoch 518, Train Loss: 0.019307922286150806, Test Loss: 0.03010359513714458, Inverse Test Loss: 0.07074357625661475 
2025-03-02 22:00:13,404 INFO: Epoch 519, Train Loss: 0.01912098039985832, Test Loss: 0.030197360581069282, Inverse Test Loss: 0.07107197030475645 
2025-03-02 22:00:24,566 INFO: Epoch 520, Train Loss: 0.019271053070428246, Test Loss: 0.030131405501654655, Inverse Test Loss: 0.07095923816615884 
2025-03-02 22:00:35,949 INFO: Epoch 521, Train Loss: 0.01932832300239666, Test Loss: 0.03038345373263865, Inverse Test Loss: 0.07134184670267683 
2025-03-02 22:00:47,221 INFO: Epoch 522, Train Loss: 0.01916872086285642, Test Loss: 0.029969003277294563, Inverse Test Loss: 0.07053051787343892 
2025-03-02 22:00:58,453 INFO: Epoch 523, Train Loss: 0.019069946173465614, Test Loss: 0.030351607862747078, Inverse Test Loss: 0.07154114329905222 
2025-03-02 22:01:09,677 INFO: Epoch 524, Train Loss: 0.019109453095800498, Test Loss: 0.03051913952962919, Inverse Test Loss: 0.07183400959228024 
2025-03-02 22:01:20,900 INFO: Epoch 525, Train Loss: 0.0190627998601871, Test Loss: 0.030062436831719948, Inverse Test Loss: 0.07080397585576231 
2025-03-02 22:01:32,341 INFO: Epoch 526, Train Loss: 0.019198452390617494, Test Loss: 0.030381704539512142, Inverse Test Loss: 0.0713846619156274 
2025-03-02 22:01:43,545 INFO: Epoch 527, Train Loss: 0.019125755710499077, Test Loss: 0.030157764583374515, Inverse Test Loss: 0.07087705476265965 
2025-03-02 22:01:54,826 INFO: Epoch 528, Train Loss: 0.019394883963589866, Test Loss: 0.029907308067336227, Inverse Test Loss: 0.07035510072653944 
2025-03-02 22:02:06,061 INFO: Epoch 529, Train Loss: 0.01915983883946231, Test Loss: 0.03061335917675134, Inverse Test Loss: 0.07208650863983414 
2025-03-02 22:02:17,296 INFO: Epoch 530, Train Loss: 0.01917873706781503, Test Loss: 0.030103472541227486, Inverse Test Loss: 0.07051194447911147 
2025-03-02 22:02:28,697 INFO: Epoch 531, Train Loss: 0.01908177189585386, Test Loss: 0.030659458233099995, Inverse Test Loss: 0.07212913284699123 
2025-03-02 22:02:40,735 INFO: Epoch 532, Train Loss: 0.018934468922177046, Test Loss: 0.030462419670639618, Inverse Test Loss: 0.07164294870965408 
2025-03-02 22:02:53,421 INFO: Epoch 533, Train Loss: 0.01908987425408806, Test Loss: 0.03055253867624384, Inverse Test Loss: 0.07167986949736421 
2025-03-02 22:03:05,194 INFO: Epoch 534, Train Loss: 0.019349027700214225, Test Loss: 0.030487409651731, Inverse Test Loss: 0.0717089506938602 
2025-03-02 22:03:17,856 INFO: Epoch 535, Train Loss: 0.019108596074423105, Test Loss: 0.030060722577300938, Inverse Test Loss: 0.07065144756978209 
2025-03-02 22:03:29,797 INFO: Epoch 536, Train Loss: 0.01904092359384804, Test Loss: 0.030287043050383076, Inverse Test Loss: 0.07115996008117993 
2025-03-02 22:03:41,557 INFO: Epoch 537, Train Loss: 0.019084552807422977, Test Loss: 0.030335622585632584, Inverse Test Loss: 0.07107725197618658 
2025-03-02 22:03:52,660 INFO: Epoch 538, Train Loss: 0.018990577318508065, Test Loss: 0.030275449043873585, Inverse Test Loss: 0.07112313118396384 
2025-03-02 22:04:03,834 INFO: Epoch 539, Train Loss: 0.018940137099531112, Test Loss: 0.0303030191836032, Inverse Test Loss: 0.07109886024034384 
2025-03-02 22:04:14,965 INFO: Epoch 540, Train Loss: 0.019072059598384483, Test Loss: 0.03030340147740913, Inverse Test Loss: 0.0711041684403564 
2025-03-02 22:04:26,471 INFO: Epoch 541, Train Loss: 0.01893234950716071, Test Loss: 0.030230151771595985, Inverse Test Loss: 0.07108084067250743 
2025-03-02 22:04:37,740 INFO: Epoch 542, Train Loss: 0.018918202773696095, Test Loss: 0.030407512899149548, Inverse Test Loss: 0.07158449551824367 
2025-03-02 22:04:48,782 INFO: Epoch 543, Train Loss: 0.01885298019359735, Test Loss: 0.03072452759652427, Inverse Test Loss: 0.07214080564903491 
2025-03-02 22:04:59,930 INFO: Epoch 544, Train Loss: 0.018896863376016194, Test Loss: 0.030416238657904392, Inverse Test Loss: 0.07144309399705945 
2025-03-02 22:05:11,012 INFO: Epoch 545, Train Loss: 0.019165444526482712, Test Loss: 0.030184220748417305, Inverse Test Loss: 0.07085423510182988 
2025-03-02 22:05:22,210 INFO: Epoch 546, Train Loss: 0.018954281808074677, Test Loss: 0.030481596223332665, Inverse Test Loss: 0.07193275992617462 
2025-03-02 22:05:33,344 INFO: Epoch 547, Train Loss: 0.018800805897847044, Test Loss: 0.030429339036345482, Inverse Test Loss: 0.07181798294186592 
2025-03-02 22:05:44,328 INFO: Epoch 548, Train Loss: 0.018809226193380626, Test Loss: 0.030240413253054474, Inverse Test Loss: 0.07130582066196384 
2025-03-02 22:05:55,454 INFO: Epoch 549, Train Loss: 0.019054697695978437, Test Loss: 0.030196333078272415, Inverse Test Loss: 0.07094646516171368 
2025-03-02 22:06:06,579 INFO: Epoch 550, Train Loss: 0.018700969835856195, Test Loss: 0.030055112459442833, Inverse Test Loss: 0.07050015021002654 
2025-03-02 22:06:17,774 INFO: Epoch 551, Train Loss: 0.018757131462211186, Test Loss: 0.030129711002562985, Inverse Test Loss: 0.07094234442620566 
2025-03-02 22:06:28,834 INFO: Epoch 552, Train Loss: 0.018875794989677768, Test Loss: 0.03019934232262048, Inverse Test Loss: 0.07099801324533694 
2025-03-02 22:06:39,860 INFO: Epoch 553, Train Loss: 0.019001931953949457, Test Loss: 0.030212888945684288, Inverse Test Loss: 0.0708471570502628 
2025-03-02 22:06:50,929 INFO: Epoch 554, Train Loss: 0.01878668699469982, Test Loss: 0.02994228865612637, Inverse Test Loss: 0.07023726008606679 
2025-03-02 22:07:02,090 INFO: Epoch 555, Train Loss: 0.018546878106214783, Test Loss: 0.030400034886869518, Inverse Test Loss: 0.07123401907808853 
2025-03-02 22:07:13,159 INFO: Epoch 556, Train Loss: 0.019011648033152927, Test Loss: 0.03008858814383998, Inverse Test Loss: 0.07061850313435901 
2025-03-02 22:07:24,211 INFO: Epoch 557, Train Loss: 0.01875651679989515, Test Loss: 0.030674682139898792, Inverse Test Loss: 0.07213031985994542 
2025-03-02 22:07:35,236 INFO: Epoch 558, Train Loss: 0.018791427214940388, Test Loss: 0.03024387845035755, Inverse Test Loss: 0.07108911702578719 
2025-03-02 22:07:46,276 INFO: Epoch 559, Train Loss: 0.018635175914052084, Test Loss: 0.031336259548411224, Inverse Test Loss: 0.07372864911502058 
2025-03-02 22:07:57,282 INFO: Epoch 560, Train Loss: 0.018745241827811256, Test Loss: 0.030571502661614708, Inverse Test Loss: 0.07199322387124553 
2025-03-02 22:08:08,577 INFO: Epoch 561, Train Loss: 0.018688164637282942, Test Loss: 0.029963608774723427, Inverse Test Loss: 0.07043571262197061 
2025-03-02 22:08:19,678 INFO: Epoch 562, Train Loss: 0.01884064222968212, Test Loss: 0.030321930224696796, Inverse Test Loss: 0.07126046559124281 
2025-03-02 22:08:30,838 INFO: Epoch 563, Train Loss: 0.018615874955712847, Test Loss: 0.030021798768729874, Inverse Test Loss: 0.07060827089078499 
2025-03-02 22:08:42,429 INFO: Epoch 564, Train Loss: 0.01878396238934136, Test Loss: 0.030347072491140076, Inverse Test Loss: 0.07125123624097217 
2025-03-02 22:08:54,097 INFO: Epoch 565, Train Loss: 0.01885721366852522, Test Loss: 0.03061126076588125, Inverse Test Loss: 0.07197854227640411 
