2024-12-26 15:48:52,335 INFO: namespace(depth=2, name='simple_MLP') 
2024-12-26 15:48:52,335 INFO: Dataset:winequality 
2024-12-26 15:48:52,335 INFO: ------Begin Training Model------ 
2024-12-26 15:48:54,218 INFO: Epoch 1, Train Loss: 0.916986228958253, Test Loss: 0.7617474719882011 
2024-12-26 15:48:54,265 INFO: Epoch 2, Train Loss: 0.7365856478291173, Test Loss: 0.6955378651618958 
2024-12-26 15:48:54,312 INFO: Epoch 3, Train Loss: 0.6875771707104098, Test Loss: 0.6719446890056133 
2024-12-26 15:48:54,361 INFO: Epoch 4, Train Loss: 0.6671962305422752, Test Loss: 0.6617051772773266 
2024-12-26 15:48:54,417 INFO: Epoch 5, Train Loss: 0.6552309739974237, Test Loss: 0.6518242470920086 
2024-12-26 15:48:54,465 INFO: Epoch 6, Train Loss: 0.6477628061848302, Test Loss: 0.6461893022060394 
2024-12-26 15:48:54,513 INFO: Epoch 7, Train Loss: 0.6381773794850996, Test Loss: 0.6422732621431351 
2024-12-26 15:48:54,561 INFO: Epoch 8, Train Loss: 0.6412499633527571, Test Loss: 0.6456390842795372 
2024-12-26 15:48:54,609 INFO: Epoch 9, Train Loss: 0.6294010185426281, Test Loss: 0.6341548189520836 
2024-12-26 15:48:54,657 INFO: Epoch 10, Train Loss: 0.6251939929300739, Test Loss: 0.6332761645317078 
2024-12-26 15:48:54,710 INFO: Epoch 11, Train Loss: 0.6225498770513842, Test Loss: 0.6288221329450607 
2024-12-26 15:48:54,759 INFO: Epoch 12, Train Loss: 0.6173552178567455, Test Loss: 0.6266342774033546 
2024-12-26 15:48:54,805 INFO: Epoch 13, Train Loss: 0.6163714335810754, Test Loss: 0.6315753161907196 
2024-12-26 15:48:54,853 INFO: Epoch 14, Train Loss: 0.6147987294581628, Test Loss: 0.625592827796936 
2024-12-26 15:48:54,901 INFO: Epoch 15, Train Loss: 0.6125569641590118, Test Loss: 0.6254799328744411 
2024-12-26 15:48:54,952 INFO: Epoch 16, Train Loss: 0.6095762637353712, Test Loss: 0.6237643174827099 
2024-12-26 15:48:55,000 INFO: Epoch 17, Train Loss: 0.6091123761669281, Test Loss: 0.6227738037705421 
2024-12-26 15:48:55,047 INFO: Epoch 18, Train Loss: 0.6068285319112963, Test Loss: 0.6232128404080868 
2024-12-26 15:48:55,094 INFO: Epoch 19, Train Loss: 0.6006259062597828, Test Loss: 0.6221717447042465 
2024-12-26 15:48:55,142 INFO: Epoch 20, Train Loss: 0.6015331773988662, Test Loss: 0.6200050450861454 
2024-12-26 15:48:55,193 INFO: Epoch 21, Train Loss: 0.6016385334153329, Test Loss: 0.6215796545147896 
2024-12-26 15:48:55,242 INFO: Epoch 22, Train Loss: 0.5967483135961718, Test Loss: 0.6222834028303623 
2024-12-26 15:48:55,290 INFO: Epoch 23, Train Loss: 0.5969586785762541, Test Loss: 0.6167289279401302 
2024-12-26 15:48:55,335 INFO: Epoch 24, Train Loss: 0.5908171995993583, Test Loss: 0.6198366805911064 
2024-12-26 15:48:55,384 INFO: Epoch 25, Train Loss: 0.5901499256010978, Test Loss: 0.6160033829510212 
2024-12-26 15:48:55,437 INFO: Epoch 26, Train Loss: 0.5924777196299645, Test Loss: 0.6158379763364792 
2024-12-26 15:48:55,484 INFO: Epoch 27, Train Loss: 0.5893225006518825, Test Loss: 0.6160183139145374 
2024-12-26 15:48:55,531 INFO: Epoch 28, Train Loss: 0.5852251543152717, Test Loss: 0.6129432879388332 
2024-12-26 15:48:55,580 INFO: Epoch 29, Train Loss: 0.5835366008743164, Test Loss: 0.615592110902071 
2024-12-26 15:48:55,628 INFO: Epoch 30, Train Loss: 0.5835426738185268, Test Loss: 0.6117048598825932 
2024-12-26 15:48:55,681 INFO: Epoch 31, Train Loss: 0.5830351989115438, Test Loss: 0.6191445700824261 
2024-12-26 15:48:55,729 INFO: Epoch 32, Train Loss: 0.58208835221106, Test Loss: 0.6117141470313072 
2024-12-26 15:48:55,776 INFO: Epoch 33, Train Loss: 0.5790629348447246, Test Loss: 0.6144516952335835 
2024-12-26 15:48:55,822 INFO: Epoch 34, Train Loss: 0.5759410310176111, Test Loss: 0.6136879026889801 
2024-12-26 15:48:55,869 INFO: Epoch 35, Train Loss: 0.5803552712163618, Test Loss: 0.6112799048423767 
2024-12-26 15:48:55,920 INFO: Epoch 36, Train Loss: 0.5760490759726493, Test Loss: 0.6100083850324154 
2024-12-26 15:48:55,970 INFO: Epoch 37, Train Loss: 0.5753571612219657, Test Loss: 0.6133426837623119 
2024-12-26 15:48:56,017 INFO: Epoch 38, Train Loss: 0.5701186108973718, Test Loss: 0.609591968357563 
2024-12-26 15:48:56,064 INFO: Epoch 39, Train Loss: 0.5711662480908055, Test Loss: 0.6123769655823708 
2024-12-26 15:48:56,111 INFO: Epoch 40, Train Loss: 0.5698117652247029, Test Loss: 0.6072349883615971 
2024-12-26 15:48:56,162 INFO: Epoch 41, Train Loss: 0.5651823205332602, Test Loss: 0.605154424905777 
2024-12-26 15:48:56,211 INFO: Epoch 42, Train Loss: 0.562139586094887, Test Loss: 0.6056867726147175 
2024-12-26 15:48:56,260 INFO: Epoch 43, Train Loss: 0.565169156559052, Test Loss: 0.6071557588875294 
2024-12-26 15:48:56,308 INFO: Epoch 44, Train Loss: 0.5613782463535186, Test Loss: 0.6067208908498287 
2024-12-26 15:48:56,355 INFO: Epoch 45, Train Loss: 0.5625475087473469, Test Loss: 0.6030170731246471 
2024-12-26 15:48:56,408 INFO: Epoch 46, Train Loss: 0.5579058604855691, Test Loss: 0.6064780578017235 
2024-12-26 15:48:56,456 INFO: Epoch 47, Train Loss: 0.5571482479572296, Test Loss: 0.6005411669611931 
2024-12-26 15:48:56,502 INFO: Epoch 48, Train Loss: 0.5571653419925321, Test Loss: 0.6010691598057747 
2024-12-26 15:48:56,550 INFO: Epoch 49, Train Loss: 0.5519105205612798, Test Loss: 0.6021026223897934 
2024-12-26 15:48:56,597 INFO: Epoch 50, Train Loss: 0.5519544616822274, Test Loss: 0.603821873664856 
2024-12-26 15:48:56,648 INFO: Epoch 51, Train Loss: 0.5538387260129375, Test Loss: 0.600238211452961 
2024-12-26 15:48:56,696 INFO: Epoch 52, Train Loss: 0.5496904590437489, Test Loss: 0.5990181602537632 
2024-12-26 15:48:56,742 INFO: Epoch 53, Train Loss: 0.5472054164255818, Test Loss: 0.6010626368224621 
2024-12-26 15:48:56,788 INFO: Epoch 54, Train Loss: 0.5493352624677843, Test Loss: 0.6018219664692879 
2024-12-26 15:48:56,838 INFO: Epoch 55, Train Loss: 0.5462970483687616, Test Loss: 0.602742288261652 
2024-12-26 15:48:56,889 INFO: Epoch 56, Train Loss: 0.5443366410270813, Test Loss: 0.6008186861872673 
2024-12-26 15:48:56,937 INFO: Epoch 57, Train Loss: 0.5427087170462455, Test Loss: 0.5994183421134949 
2024-12-26 15:48:56,985 INFO: Epoch 58, Train Loss: 0.5445980016262301, Test Loss: 0.5984899066388607 
2024-12-26 15:48:57,032 INFO: Epoch 59, Train Loss: 0.5415629408051891, Test Loss: 0.605859387665987 
2024-12-26 15:48:57,079 INFO: Epoch 60, Train Loss: 0.5385583504553764, Test Loss: 0.5997071377933025 
2024-12-26 15:48:57,128 INFO: Epoch 61, Train Loss: 0.5362192411576548, Test Loss: 0.5971718318760395 
2024-12-26 15:48:57,180 INFO: Epoch 62, Train Loss: 0.535005901129015, Test Loss: 0.6011848226189613 
2024-12-26 15:48:57,227 INFO: Epoch 63, Train Loss: 0.5353025496006012, Test Loss: 0.5966397523880005 
2024-12-26 15:48:57,274 INFO: Epoch 64, Train Loss: 0.5366074471704422, Test Loss: 0.5922527462244034 
2024-12-26 15:48:57,320 INFO: Epoch 65, Train Loss: 0.5321277024284485, Test Loss: 0.5971926786005497 
2024-12-26 15:48:57,373 INFO: Epoch 66, Train Loss: 0.5307358320682279, Test Loss: 0.5946827232837677 
2024-12-26 15:48:57,421 INFO: Epoch 67, Train Loss: 0.530221438215625, Test Loss: 0.5936993099749088 
2024-12-26 15:48:57,469 INFO: Epoch 68, Train Loss: 0.5299035454950025, Test Loss: 0.5977484695613384 
2024-12-26 15:48:57,517 INFO: Epoch 69, Train Loss: 0.5282805196700557, Test Loss: 0.5997219160199165 
2024-12-26 15:48:57,565 INFO: Epoch 70, Train Loss: 0.5272922775437755, Test Loss: 0.5952338986098766 
2024-12-26 15:48:57,618 INFO: Epoch 71, Train Loss: 0.5265133746208683, Test Loss: 0.5929215140640736 
2024-12-26 15:48:57,665 INFO: Epoch 72, Train Loss: 0.5225853131663415, Test Loss: 0.5947725474834442 
2024-12-26 15:48:57,712 INFO: Epoch 73, Train Loss: 0.5233045229988713, Test Loss: 0.5919174551963806 
2024-12-26 15:48:57,761 INFO: Epoch 74, Train Loss: 0.5196245553032044, Test Loss: 0.5962481312453747 
2024-12-26 15:48:57,807 INFO: Epoch 75, Train Loss: 0.5216017144341623, Test Loss: 0.5899340286850929 
2024-12-26 15:48:57,860 INFO: Epoch 76, Train Loss: 0.5190510115315837, Test Loss: 0.5889945551753044 
2024-12-26 15:48:57,909 INFO: Epoch 77, Train Loss: 0.5189447047248963, Test Loss: 0.5943489409983158 
2024-12-26 15:48:57,957 INFO: Epoch 78, Train Loss: 0.5184742933319461, Test Loss: 0.5901173800230026 
2024-12-26 15:48:58,004 INFO: Epoch 79, Train Loss: 0.5174359121630269, Test Loss: 0.5878274813294411 
2024-12-26 15:48:58,053 INFO: Epoch 80, Train Loss: 0.5169308560509835, Test Loss: 0.5944968238472939 
2024-12-26 15:48:58,106 INFO: Epoch 81, Train Loss: 0.5181893446753102, Test Loss: 0.601021908223629 
2024-12-26 15:48:58,155 INFO: Epoch 82, Train Loss: 0.5171209814087037, Test Loss: 0.5877404175698757 
2024-12-26 15:48:58,202 INFO: Epoch 83, Train Loss: 0.5099900749421888, Test Loss: 0.5907772183418274 
2024-12-26 15:48:58,249 INFO: Epoch 84, Train Loss: 0.5120516352115139, Test Loss: 0.589680265635252 
2024-12-26 15:48:58,296 INFO: Epoch 85, Train Loss: 0.5106911226626365, Test Loss: 0.5926717780530453 
2024-12-26 15:48:58,347 INFO: Epoch 86, Train Loss: 0.5080662523546526, Test Loss: 0.5927027091383934 
2024-12-26 15:48:58,396 INFO: Epoch 87, Train Loss: 0.5078198159894636, Test Loss: 0.586134310811758 
2024-12-26 15:48:58,442 INFO: Epoch 88, Train Loss: 0.5104506698346907, Test Loss: 0.5907004699110985 
2024-12-26 15:48:58,490 INFO: Epoch 89, Train Loss: 0.5081404745578766, Test Loss: 0.5914953909814358 
2024-12-26 15:48:58,538 INFO: Epoch 90, Train Loss: 0.5050442641781222, Test Loss: 0.5875410623848438 
2024-12-26 15:48:58,590 INFO: Epoch 91, Train Loss: 0.5084571367309939, Test Loss: 0.585486862808466 
2024-12-26 15:48:58,638 INFO: Epoch 92, Train Loss: 0.5047215703994997, Test Loss: 0.5863385386765003 
2024-12-26 15:48:58,688 INFO: Epoch 93, Train Loss: 0.504948700627973, Test Loss: 0.5865128003060818 
2024-12-26 15:48:58,734 INFO: Epoch 94, Train Loss: 0.5002865349092791, Test Loss: 0.5870900452136993 
2024-12-26 15:48:58,782 INFO: Epoch 95, Train Loss: 0.499194267296022, Test Loss: 0.583892248570919 
2024-12-26 15:48:58,836 INFO: Epoch 96, Train Loss: 0.49916632809946615, Test Loss: 0.5834207832813263 
2024-12-26 15:48:58,883 INFO: Epoch 97, Train Loss: 0.4973811824475565, Test Loss: 0.5890025906264782 
2024-12-26 15:48:58,932 INFO: Epoch 98, Train Loss: 0.5004735387140705, Test Loss: 0.5879391208291054 
2024-12-26 15:48:58,981 INFO: Epoch 99, Train Loss: 0.4963525120289095, Test Loss: 0.5839814469218254 
2024-12-26 15:48:59,028 INFO: Epoch 100, Train Loss: 0.4950293081422006, Test Loss: 0.5835492014884949 
2024-12-26 15:48:59,081 INFO: Epoch 101, Train Loss: 0.49241212010383606, Test Loss: 0.5835485309362411 
2024-12-26 15:48:59,129 INFO: Epoch 102, Train Loss: 0.4969262615326912, Test Loss: 0.5899809449911118 
2024-12-26 15:48:59,177 INFO: Epoch 103, Train Loss: 0.4948413304744228, Test Loss: 0.5847254656255245 
2024-12-26 15:48:59,226 INFO: Epoch 104, Train Loss: 0.4909447133541107, Test Loss: 0.5826984643936157 
2024-12-26 15:48:59,274 INFO: Epoch 105, Train Loss: 0.48978673450408444, Test Loss: 0.5810933001339436 
2024-12-26 15:48:59,328 INFO: Epoch 106, Train Loss: 0.492874288751233, Test Loss: 0.5848245024681091 
2024-12-26 15:48:59,376 INFO: Epoch 107, Train Loss: 0.4851107318555155, Test Loss: 0.5792388208210468 
2024-12-26 15:48:59,421 INFO: Epoch 108, Train Loss: 0.4896099269390106, Test Loss: 0.5856173262000084 
2024-12-26 15:48:59,468 INFO: Epoch 109, Train Loss: 0.48640835477459815, Test Loss: 0.581209197640419 
2024-12-26 15:48:59,514 INFO: Epoch 110, Train Loss: 0.4878225547652091, Test Loss: 0.585589274764061 
2024-12-26 15:48:59,566 INFO: Epoch 111, Train Loss: 0.4855745742397924, Test Loss: 0.5826663859188557 
2024-12-26 15:48:59,615 INFO: Epoch 112, Train Loss: 0.48320351204564493, Test Loss: 0.5809604600071907 
2024-12-26 15:48:59,663 INFO: Epoch 113, Train Loss: 0.4838207912060522, Test Loss: 0.5783034302294254 
2024-12-26 15:48:59,711 INFO: Epoch 114, Train Loss: 0.47973865751297246, Test Loss: 0.5812015756964684 
2024-12-26 15:48:59,760 INFO: Epoch 115, Train Loss: 0.47977459719104154, Test Loss: 0.5789613351225853 
2024-12-26 15:48:59,825 INFO: Epoch 116, Train Loss: 0.4831054816322942, Test Loss: 0.5806428007781506 
2024-12-26 15:48:59,873 INFO: Epoch 117, Train Loss: 0.478945791721344, Test Loss: 0.5820220224559307 
2024-12-26 15:48:59,919 INFO: Epoch 118, Train Loss: 0.478122494874462, Test Loss: 0.5752778835594654 
2024-12-26 15:48:59,967 INFO: Epoch 119, Train Loss: 0.47829212392530135, Test Loss: 0.5846938788890839 
2024-12-26 15:49:00,016 INFO: Epoch 120, Train Loss: 0.4765029770712699, Test Loss: 0.5781619213521481 
2024-12-26 15:49:00,078 INFO: Epoch 121, Train Loss: 0.4796490457750136, Test Loss: 0.5793886817991734 
2024-12-26 15:49:00,126 INFO: Epoch 122, Train Loss: 0.4748281384668043, Test Loss: 0.5810773894190788 
2024-12-26 15:49:00,173 INFO: Epoch 123, Train Loss: 0.47773459265308993, Test Loss: 0.5931554511189461 
2024-12-26 15:49:00,222 INFO: Epoch 124, Train Loss: 0.4776435225240646, Test Loss: 0.5806632526218891 
2024-12-26 15:49:00,272 INFO: Epoch 125, Train Loss: 0.47309048137357157, Test Loss: 0.5745418705046177 
2024-12-26 15:49:00,336 INFO: Epoch 126, Train Loss: 0.4730707320474809, Test Loss: 0.5787534452974796 
2024-12-26 15:49:00,384 INFO: Epoch 127, Train Loss: 0.47090916383650994, Test Loss: 0.5798580013215542 
2024-12-26 15:49:00,430 INFO: Epoch 128, Train Loss: 0.4711093633405624, Test Loss: 0.5797147788107395 
2024-12-26 15:49:00,477 INFO: Epoch 129, Train Loss: 0.4734084721534483, Test Loss: 0.5835486054420471 
2024-12-26 15:49:00,525 INFO: Epoch 130, Train Loss: 0.4660808530546004, Test Loss: 0.5809102579951286 
2024-12-26 15:49:00,588 INFO: Epoch 131, Train Loss: 0.46926356996259383, Test Loss: 0.5768420957028866 
2024-12-26 15:49:00,637 INFO: Epoch 132, Train Loss: 0.4721676005471137, Test Loss: 0.5774008668959141 
2024-12-26 15:49:00,686 INFO: Epoch 133, Train Loss: 0.46467308075197283, Test Loss: 0.5764877460896969 
2024-12-26 15:49:00,732 INFO: Epoch 134, Train Loss: 0.46595741183527056, Test Loss: 0.5756071098148823 
2024-12-26 15:49:00,779 INFO: Epoch 135, Train Loss: 0.46381503151309106, Test Loss: 0.5750264711678028 
2024-12-26 15:49:00,842 INFO: Epoch 136, Train Loss: 0.46571990174631916, Test Loss: 0.5755476094782352 
2024-12-26 15:49:00,890 INFO: Epoch 137, Train Loss: 0.4625801319076169, Test Loss: 0.574038453400135 
2024-12-26 15:49:00,939 INFO: Epoch 138, Train Loss: 0.46202382541471915, Test Loss: 0.5733547136187553 
2024-12-26 15:49:00,987 INFO: Epoch 139, Train Loss: 0.4655298955978886, Test Loss: 0.5715400315821171 
2024-12-26 15:49:01,034 INFO: Epoch 140, Train Loss: 0.4613277796776064, Test Loss: 0.5761803053319454 
2024-12-26 15:49:01,099 INFO: Epoch 141, Train Loss: 0.45890309926002254, Test Loss: 0.5787665322422981 
2024-12-26 15:49:01,151 INFO: Epoch 142, Train Loss: 0.4595273531252338, Test Loss: 0.5746213383972645 
2024-12-26 15:49:01,199 INFO: Epoch 143, Train Loss: 0.4615317121628792, Test Loss: 0.5741581209003925 
2024-12-26 15:49:01,246 INFO: Epoch 144, Train Loss: 0.4567840089721064, Test Loss: 0.577329259365797 
2024-12-26 15:49:01,295 INFO: Epoch 145, Train Loss: 0.4559907096047555, Test Loss: 0.5761667639017105 
2024-12-26 15:49:01,360 INFO: Epoch 146, Train Loss: 0.4567017660986993, Test Loss: 0.5752326548099518 
2024-12-26 15:49:01,407 INFO: Epoch 147, Train Loss: 0.452174328027233, Test Loss: 0.5721252150833607 
2024-12-26 15:49:01,455 INFO: Epoch 148, Train Loss: 0.4579768699984397, Test Loss: 0.5799201354384422 
2024-12-26 15:49:01,503 INFO: Epoch 149, Train Loss: 0.45424114888714207, Test Loss: 0.5679754465818405 
2024-12-26 15:49:01,550 INFO: Epoch 150, Train Loss: 0.4590980602848914, Test Loss: 0.5696805454790592 
2024-12-26 15:49:01,616 INFO: Epoch 151, Train Loss: 0.4536932264604876, Test Loss: 0.5675325952470303 
2024-12-26 15:49:01,664 INFO: Epoch 152, Train Loss: 0.4515724778175354, Test Loss: 0.5686052367091179 
2024-12-26 15:49:01,711 INFO: Epoch 153, Train Loss: 0.45176544689363046, Test Loss: 0.5834092386066914 
2024-12-26 15:49:01,761 INFO: Epoch 154, Train Loss: 0.4497887694066571, Test Loss: 0.5728523060679436 
2024-12-26 15:49:01,809 INFO: Epoch 155, Train Loss: 0.45231832035126224, Test Loss: 0.5702523328363895 
2024-12-26 15:49:01,873 INFO: Epoch 156, Train Loss: 0.4504100343873424, Test Loss: 0.5797440595924854 
2024-12-26 15:49:01,923 INFO: Epoch 157, Train Loss: 0.4487370541018824, Test Loss: 0.5784675292670727 
2024-12-26 15:49:01,972 INFO: Epoch 158, Train Loss: 0.4434336971852087, Test Loss: 0.57433220744133 
2024-12-26 15:49:02,020 INFO: Epoch 159, Train Loss: 0.4477767973176895, Test Loss: 0.571397814899683 
2024-12-26 15:49:02,069 INFO: Epoch 160, Train Loss: 0.4454821405872222, Test Loss: 0.5709599405527115 
2024-12-26 15:49:02,133 INFO: Epoch 161, Train Loss: 0.44550109678699124, Test Loss: 0.5692678354680538 
2024-12-26 15:49:02,181 INFO: Epoch 162, Train Loss: 0.4456450794973681, Test Loss: 0.5799370296299458 
2024-12-26 15:49:02,230 INFO: Epoch 163, Train Loss: 0.4452505534695041, Test Loss: 0.5811120346188545 
2024-12-26 15:49:02,278 INFO: Epoch 164, Train Loss: 0.44688783057274356, Test Loss: 0.572882816195488 
2024-12-26 15:49:02,326 INFO: Epoch 165, Train Loss: 0.44447339254040874, Test Loss: 0.5878600478172302 
2024-12-26 15:49:02,390 INFO: Epoch 166, Train Loss: 0.4470808227216044, Test Loss: 0.5739704295992851 
2024-12-26 15:49:02,440 INFO: Epoch 167, Train Loss: 0.44451477450709187, Test Loss: 0.5714683830738068 
2024-12-26 15:49:02,488 INFO: Epoch 168, Train Loss: 0.4458780567492208, Test Loss: 0.5739018768072128 
2024-12-26 15:49:02,535 INFO: Epoch 169, Train Loss: 0.4409961287052401, Test Loss: 0.5790428966283798 
2024-12-26 15:49:02,582 INFO: Epoch 170, Train Loss: 0.44232348761250895, Test Loss: 0.5799655802547932 
2024-12-26 15:49:02,648 INFO: Epoch 171, Train Loss: 0.44011425971984863, Test Loss: 0.5730602443218231 
2024-12-26 15:49:02,697 INFO: Epoch 172, Train Loss: 0.43881554949668145, Test Loss: 0.5673532374203205 
2024-12-26 15:49:02,744 INFO: Epoch 173, Train Loss: 0.43828462593017087, Test Loss: 0.5710478313267231 
2024-12-26 15:49:02,791 INFO: Epoch 174, Train Loss: 0.43651112433402767, Test Loss: 0.5684186555445194 
2024-12-26 15:49:02,837 INFO: Epoch 175, Train Loss: 0.44139117579306325, Test Loss: 0.5689007937908173 
2024-12-26 15:49:02,903 INFO: Epoch 176, Train Loss: 0.4363479777689903, Test Loss: 0.5732476599514484 
2024-12-26 15:49:02,950 INFO: Epoch 177, Train Loss: 0.4365407334220025, Test Loss: 0.5698394440114498 
2024-12-26 15:49:02,998 INFO: Epoch 178, Train Loss: 0.4345757201794655, Test Loss: 0.5717283673584461 
2024-12-26 15:49:03,047 INFO: Epoch 179, Train Loss: 0.4342858762510361, Test Loss: 0.5731017328798771 
2024-12-26 15:49:03,096 INFO: Epoch 180, Train Loss: 0.43156658257207564, Test Loss: 0.5723269358277321 
2024-12-26 15:49:03,164 INFO: Epoch 181, Train Loss: 0.43872687701256047, Test Loss: 0.5757435522973537 
2024-12-26 15:49:03,213 INFO: Epoch 182, Train Loss: 0.43565844624273237, Test Loss: 0.57052943110466 
2024-12-26 15:49:03,264 INFO: Epoch 183, Train Loss: 0.4332650649932123, Test Loss: 0.577502828091383 
2024-12-26 15:49:03,312 INFO: Epoch 184, Train Loss: 0.43143115601231974, Test Loss: 0.5721787586808205 
2024-12-26 15:49:03,362 INFO: Epoch 185, Train Loss: 0.436207014706827, Test Loss: 0.5741134770214558 
2024-12-26 15:49:03,428 INFO: Epoch 186, Train Loss: 0.43393872149528995, Test Loss: 0.565872959792614 
2024-12-26 15:49:03,477 INFO: Epoch 187, Train Loss: 0.43217013920507125, Test Loss: 0.5772836059331894 
2024-12-26 15:49:03,526 INFO: Epoch 188, Train Loss: 0.4300284702931681, Test Loss: 0.5681240223348141 
2024-12-26 15:49:03,574 INFO: Epoch 189, Train Loss: 0.42884647077129734, Test Loss: 0.5695046596229076 
2024-12-26 15:49:03,622 INFO: Epoch 190, Train Loss: 0.4257815912846596, Test Loss: 0.5701300203800201 
2024-12-26 15:49:03,688 INFO: Epoch 191, Train Loss: 0.4270103593026438, Test Loss: 0.5798559077084064 
2024-12-26 15:49:03,734 INFO: Epoch 192, Train Loss: 0.42718636412774363, Test Loss: 0.5680836327373981 
2024-12-26 15:49:03,782 INFO: Epoch 193, Train Loss: 0.4258077827192122, Test Loss: 0.5808040574193001 
2024-12-26 15:49:03,829 INFO: Epoch 194, Train Loss: 0.42481864267779934, Test Loss: 0.5737708993256092 
2024-12-26 15:49:03,878 INFO: Epoch 195, Train Loss: 0.42879183926889974, Test Loss: 0.5683539435267448 
2024-12-26 15:49:03,942 INFO: Epoch 196, Train Loss: 0.4276064374754506, Test Loss: 0.5793960802257061 
2024-12-26 15:49:03,991 INFO: Epoch 197, Train Loss: 0.4222473771341385, Test Loss: 0.5771055594086647 
2024-12-26 15:49:04,037 INFO: Epoch 198, Train Loss: 0.4270475131850089, Test Loss: 0.5900110825896263 
2024-12-26 15:49:04,087 INFO: Epoch 199, Train Loss: 0.4308960755025187, Test Loss: 0.5660360641777515 
2024-12-26 15:49:04,135 INFO: Epoch 200, Train Loss: 0.4226227902596997, Test Loss: 0.5783315375447273 
2024-12-26 15:49:04,203 INFO: Epoch 201, Train Loss: 0.42645042173324094, Test Loss: 0.5747383870184422 
2024-12-26 15:49:04,252 INFO: Epoch 202, Train Loss: 0.4241043136965844, Test Loss: 0.5684115961194038 
2024-12-26 15:49:04,300 INFO: Epoch 203, Train Loss: 0.4225093655047878, Test Loss: 0.5654407739639282 
2024-12-26 15:49:04,351 INFO: Epoch 204, Train Loss: 0.4184829938796259, Test Loss: 0.5656581893563271 
2024-12-26 15:49:04,398 INFO: Epoch 205, Train Loss: 0.42055269402842366, Test Loss: 0.5778852179646492 
2024-12-26 15:49:04,467 INFO: Epoch 206, Train Loss: 0.41963126005664947, Test Loss: 0.5739848166704178 
2024-12-26 15:49:04,517 INFO: Epoch 207, Train Loss: 0.4179989262934654, Test Loss: 0.5652944669127464 
2024-12-26 15:49:04,566 INFO: Epoch 208, Train Loss: 0.4179018880090406, Test Loss: 0.5720310844480991 
2024-12-26 15:49:04,612 INFO: Epoch 209, Train Loss: 0.4179479306743991, Test Loss: 0.5725244395434856 
2024-12-26 15:49:04,660 INFO: Epoch 210, Train Loss: 0.4190715878240524, Test Loss: 0.5680598504841328 
2024-12-26 15:49:04,724 INFO: Epoch 211, Train Loss: 0.4163209911315672, Test Loss: 0.5739445351064205 
2024-12-26 15:49:04,773 INFO: Epoch 212, Train Loss: 0.42011065060092556, Test Loss: 0.5661830455064774 
2024-12-26 15:49:04,822 INFO: Epoch 213, Train Loss: 0.41575569491232595, Test Loss: 0.5704166069626808 
2024-12-26 15:49:04,868 INFO: Epoch 214, Train Loss: 0.4167716772325577, Test Loss: 0.5696379952132702 
2024-12-26 15:49:04,918 INFO: Epoch 215, Train Loss: 0.4117402559326541, Test Loss: 0.5758905969560146 
2024-12-26 15:49:04,985 INFO: Epoch 216, Train Loss: 0.42093654697941196, Test Loss: 0.5773151740431786 
2024-12-26 15:49:05,030 INFO: Epoch 217, Train Loss: 0.41537703621772026, Test Loss: 0.5669456608593464 
2024-12-26 15:49:05,079 INFO: Epoch 218, Train Loss: 0.41316199687219435, Test Loss: 0.5653554499149323 
2024-12-26 15:49:05,127 INFO: Epoch 219, Train Loss: 0.41411680079275565, Test Loss: 0.5714639835059643 
2024-12-26 15:49:05,175 INFO: Epoch 220, Train Loss: 0.41294142027055064, Test Loss: 0.5757196620106697 
2024-12-26 15:49:05,239 INFO: Epoch 221, Train Loss: 0.4110295839848057, Test Loss: 0.5668170005083084 
2024-12-26 15:49:05,287 INFO: Epoch 222, Train Loss: 0.4092406120992476, Test Loss: 0.5704032257199287 
2024-12-26 15:49:05,335 INFO: Epoch 223, Train Loss: 0.4122532894534449, Test Loss: 0.5652570351958275 
2024-12-26 15:49:05,382 INFO: Epoch 224, Train Loss: 0.4123902436225645, Test Loss: 0.5739286504685879 
2024-12-26 15:49:05,432 INFO: Epoch 225, Train Loss: 0.40842919003578926, Test Loss: 0.5724780708551407 
2024-12-26 15:49:05,497 INFO: Epoch 226, Train Loss: 0.4144925811598378, Test Loss: 0.5764077305793762 
2024-12-26 15:49:05,545 INFO: Epoch 227, Train Loss: 0.4117992385741203, Test Loss: 0.5731110908091068 
2024-12-26 15:49:05,595 INFO: Epoch 228, Train Loss: 0.40714033284494955, Test Loss: 0.5739820450544357 
2024-12-26 15:49:05,642 INFO: Epoch 229, Train Loss: 0.4060236071386645, Test Loss: 0.5712870582938194 
2024-12-26 15:49:05,691 INFO: Epoch 230, Train Loss: 0.40696180155200345, Test Loss: 0.565668810158968 
2024-12-26 15:49:05,755 INFO: Epoch 231, Train Loss: 0.4073283701173721, Test Loss: 0.567025326192379 
2024-12-26 15:49:05,804 INFO: Epoch 232, Train Loss: 0.404760871202715, Test Loss: 0.5672676749527454 
2024-12-26 15:49:05,852 INFO: Epoch 233, Train Loss: 0.40484448209885626, Test Loss: 0.562601126730442 
2024-12-26 15:49:05,901 INFO: Epoch 234, Train Loss: 0.40757930471051124, Test Loss: 0.5664622187614441 
2024-12-26 15:49:05,948 INFO: Epoch 235, Train Loss: 0.40396539242036883, Test Loss: 0.5683857388794422 
2024-12-26 15:49:06,014 INFO: Epoch 236, Train Loss: 0.4054358688093001, Test Loss: 0.5643362663686275 
2024-12-26 15:49:06,065 INFO: Epoch 237, Train Loss: 0.4035929710634293, Test Loss: 0.5636974833905697 
2024-12-26 15:49:06,114 INFO: Epoch 238, Train Loss: 0.4046718535884734, Test Loss: 0.566257331520319 
2024-12-26 15:49:06,163 INFO: Epoch 239, Train Loss: 0.40377460275926896, Test Loss: 0.5649976767599583 
2024-12-26 15:49:06,210 INFO: Epoch 240, Train Loss: 0.4051391847672001, Test Loss: 0.5656345561146736 
2024-12-26 15:49:06,276 INFO: Epoch 241, Train Loss: 0.39994586859979936, Test Loss: 0.5739565417170525 
2024-12-26 15:49:06,325 INFO: Epoch 242, Train Loss: 0.4048527959854372, Test Loss: 0.566301241517067 
2024-12-26 15:49:06,374 INFO: Epoch 243, Train Loss: 0.40153337005646, Test Loss: 0.5656822472810745 
2024-12-26 15:49:06,424 INFO: Epoch 244, Train Loss: 0.40028178018908345, Test Loss: 0.5744935609400272 
2024-12-26 15:49:06,473 INFO: Epoch 245, Train Loss: 0.40059269916626716, Test Loss: 0.5658595710992813 
2024-12-26 15:49:06,539 INFO: Epoch 246, Train Loss: 0.39967193430469883, Test Loss: 0.5638108886778355 
2024-12-26 15:49:06,589 INFO: Epoch 247, Train Loss: 0.40038163815775224, Test Loss: 0.5642207339406013 
2024-12-26 15:49:06,637 INFO: Epoch 248, Train Loss: 0.4007812786486841, Test Loss: 0.5694162510335445 
2024-12-26 15:49:06,684 INFO: Epoch 249, Train Loss: 0.3960083761522847, Test Loss: 0.5675279945135117 
2024-12-26 15:49:06,732 INFO: Epoch 250, Train Loss: 0.39913215944843905, Test Loss: 0.5784682631492615 
2024-12-26 15:49:06,798 INFO: Epoch 251, Train Loss: 0.3994215049089924, Test Loss: 0.5719726793467999 
2024-12-26 15:49:06,847 INFO: Epoch 252, Train Loss: 0.4004943572705792, Test Loss: 0.5661840438842773 
2024-12-26 15:49:06,894 INFO: Epoch 253, Train Loss: 0.39463672234166053, Test Loss: 0.5637451708316803 
2024-12-26 15:49:06,942 INFO: Epoch 254, Train Loss: 0.3965556015891413, Test Loss: 0.5674300231039524 
2024-12-26 15:49:06,991 INFO: Epoch 255, Train Loss: 0.3931921326345013, Test Loss: 0.564000841230154 
2024-12-26 15:49:07,057 INFO: Epoch 256, Train Loss: 0.3925371362316993, Test Loss: 0.5593015216290951 
2024-12-26 15:49:07,106 INFO: Epoch 257, Train Loss: 0.3941530892925878, Test Loss: 0.5606344938278198 
2024-12-26 15:49:07,154 INFO: Epoch 258, Train Loss: 0.39586933582059797, Test Loss: 0.5708966366946697 
2024-12-26 15:49:07,201 INFO: Epoch 259, Train Loss: 0.39313006881744633, Test Loss: 0.5661339163780212 
2024-12-26 15:49:07,250 INFO: Epoch 260, Train Loss: 0.39269869558272824, Test Loss: 0.5724332146346569 
2024-12-26 15:49:07,314 INFO: Epoch 261, Train Loss: 0.3902079597596199, Test Loss: 0.5663586333394051 
2024-12-26 15:49:07,363 INFO: Epoch 262, Train Loss: 0.39336281149618085, Test Loss: 0.5731886476278305 
2024-12-26 15:49:07,413 INFO: Epoch 263, Train Loss: 0.3886595224180529, Test Loss: 0.5657025501132011 
2024-12-26 15:49:07,468 INFO: Epoch 264, Train Loss: 0.38717022153639025, Test Loss: 0.5607062391936779 
2024-12-26 15:49:07,518 INFO: Epoch 265, Train Loss: 0.38948034855627245, Test Loss: 0.5636384524405003 
2024-12-26 15:49:07,582 INFO: Epoch 266, Train Loss: 0.3881829284852551, Test Loss: 0.5649622194468975 
2024-12-26 15:49:07,630 INFO: Epoch 267, Train Loss: 0.3959755878294668, Test Loss: 0.5724479295313358 
2024-12-26 15:49:07,678 INFO: Epoch 268, Train Loss: 0.38993360823200596, Test Loss: 0.5719861127436161 
2024-12-26 15:49:07,728 INFO: Epoch 269, Train Loss: 0.3866709836067692, Test Loss: 0.5695621930062771 
2024-12-26 15:49:07,788 INFO: Epoch 270, Train Loss: 0.38742194252629436, Test Loss: 0.5631988383829594 
2024-12-26 15:49:07,837 INFO: Epoch 271, Train Loss: 0.3866617256595242, Test Loss: 0.5621967799961567 
2024-12-26 15:49:07,886 INFO: Epoch 272, Train Loss: 0.3871481091745438, Test Loss: 0.5655968599021435 
2024-12-26 15:49:07,934 INFO: Epoch 273, Train Loss: 0.3893003617563555, Test Loss: 0.5627582930028439 
2024-12-26 15:49:07,995 INFO: Epoch 274, Train Loss: 0.3906554195188707, Test Loss: 0.5643834881484509 
2024-12-26 15:49:08,043 INFO: Epoch 275, Train Loss: 0.3847432819104964, Test Loss: 0.5653692744672298 
2024-12-26 15:49:08,091 INFO: Epoch 276, Train Loss: 0.3854277326214698, Test Loss: 0.5645167902112007 
2024-12-26 15:49:08,142 INFO: Epoch 277, Train Loss: 0.3864821484011988, Test Loss: 0.5625976771116257 
2024-12-26 15:49:08,203 INFO: Epoch 278, Train Loss: 0.38207068750935214, Test Loss: 0.5690377429127693 
2024-12-26 15:49:08,251 INFO: Epoch 279, Train Loss: 0.3847492721772963, Test Loss: 0.5625446401536465 
2024-12-26 15:49:08,301 INFO: Epoch 280, Train Loss: 0.38694608884473003, Test Loss: 0.5665615722537041 
2024-12-26 15:49:08,351 INFO: Epoch 281, Train Loss: 0.38311649330200687, Test Loss: 0.564798291772604 
2024-12-26 15:49:08,413 INFO: Epoch 282, Train Loss: 0.38411580458764105, Test Loss: 0.5671773329377174 
2024-12-26 15:49:08,461 INFO: Epoch 283, Train Loss: 0.3840277964068997, Test Loss: 0.5629885010421276 
2024-12-26 15:49:08,509 INFO: Epoch 284, Train Loss: 0.3814368824804983, Test Loss: 0.5758275501430035 
2024-12-26 15:49:08,561 INFO: Epoch 285, Train Loss: 0.3894683757135945, Test Loss: 0.563234269618988 
2024-12-26 15:49:08,623 INFO: Epoch 286, Train Loss: 0.38443957797942624, Test Loss: 0.5683786645531654 
2024-12-26 15:49:08,670 INFO: Epoch 287, Train Loss: 0.38264158416178917, Test Loss: 0.5613421350717545 
2024-12-26 15:49:08,719 INFO: Epoch 288, Train Loss: 0.3800632059574127, Test Loss: 0.565609622746706 
2024-12-26 15:49:08,765 INFO: Epoch 289, Train Loss: 0.38147162381679783, Test Loss: 0.5725412741303444 
2024-12-26 15:49:08,826 INFO: Epoch 290, Train Loss: 0.38386099953805247, Test Loss: 0.5697088539600372 
2024-12-26 15:49:08,876 INFO: Epoch 291, Train Loss: 0.38271611544393724, Test Loss: 0.564678244292736 
2024-12-26 15:49:08,924 INFO: Epoch 292, Train Loss: 0.38019777113391506, Test Loss: 0.5684316083788872 
2024-12-26 15:49:08,975 INFO: Epoch 293, Train Loss: 0.38268709375012305, Test Loss: 0.5683235712349415 
2024-12-26 15:49:09,038 INFO: Epoch 294, Train Loss: 0.3816785427831834, Test Loss: 0.5648811161518097 
2024-12-26 15:49:09,086 INFO: Epoch 295, Train Loss: 0.3806138250135606, Test Loss: 0.558854665607214 
2024-12-26 15:49:09,137 INFO: Epoch 296, Train Loss: 0.3791347107579631, Test Loss: 0.5614747628569603 
2024-12-26 15:49:09,184 INFO: Epoch 297, Train Loss: 0.3774563314453248, Test Loss: 0.5672524310648441 
2024-12-26 15:49:09,246 INFO: Epoch 298, Train Loss: 0.38146743947459805, Test Loss: 0.5738924145698547 
2024-12-26 15:49:09,296 INFO: Epoch 299, Train Loss: 0.38211764058759135, Test Loss: 0.5637017153203487 
2024-12-26 15:49:09,346 INFO: Epoch 300, Train Loss: 0.37615982947811005, Test Loss: 0.5710512027144432 
2024-12-26 15:49:09,400 INFO: Epoch 301, Train Loss: 0.375805817304119, Test Loss: 0.5591592453420162 
2024-12-26 15:49:09,460 INFO: Epoch 302, Train Loss: 0.37845289803320364, Test Loss: 0.5697666853666306 
2024-12-26 15:49:09,508 INFO: Epoch 303, Train Loss: 0.37585342507208547, Test Loss: 0.5610249750316143 
2024-12-26 15:49:09,559 INFO: Epoch 304, Train Loss: 0.37741359491502086, Test Loss: 0.572950467467308 
2024-12-26 15:49:09,608 INFO: Epoch 305, Train Loss: 0.3754704335043507, Test Loss: 0.567483089864254 
2024-12-26 15:49:09,672 INFO: Epoch 306, Train Loss: 0.37763155564185114, Test Loss: 0.5599166415631771 
2024-12-26 15:49:09,720 INFO: Epoch 307, Train Loss: 0.3736609182050151, Test Loss: 0.5628652647137642 
2024-12-26 15:49:09,769 INFO: Epoch 308, Train Loss: 0.3762270798606257, Test Loss: 0.569996178150177 
2024-12-26 15:49:09,814 INFO: Epoch 309, Train Loss: 0.3699901132814346, Test Loss: 0.5629390738904476 
2024-12-26 15:49:09,880 INFO: Epoch 310, Train Loss: 0.3761230947509889, Test Loss: 0.5776349902153015 
2024-12-26 15:49:09,930 INFO: Epoch 311, Train Loss: 0.37545155229107025, Test Loss: 0.5660287365317345 
2024-12-26 15:49:09,978 INFO: Epoch 312, Train Loss: 0.3728770286806168, Test Loss: 0.5638613142073154 
2024-12-26 15:49:10,029 INFO: Epoch 313, Train Loss: 0.3752468439840501, Test Loss: 0.5677927322685719 
2024-12-26 15:49:10,089 INFO: Epoch 314, Train Loss: 0.37078777436287175, Test Loss: 0.5623033009469509 
2024-12-26 15:49:10,139 INFO: Epoch 315, Train Loss: 0.37118106599776973, Test Loss: 0.5687667839229107 
2024-12-26 15:49:10,187 INFO: Epoch 316, Train Loss: 0.37295938787921784, Test Loss: 0.5707913972437382 
2024-12-26 15:49:10,239 INFO: Epoch 317, Train Loss: 0.3710375524336292, Test Loss: 0.5645062252879143 
2024-12-26 15:49:10,299 INFO: Epoch 318, Train Loss: 0.37327990320421034, Test Loss: 0.5658068843185902 
2024-12-26 15:49:10,348 INFO: Epoch 319, Train Loss: 0.37180076683721236, Test Loss: 0.569622315466404 
2024-12-26 15:49:10,395 INFO: Epoch 320, Train Loss: 0.37080218138233306, Test Loss: 0.5611629597842693 
2024-12-26 15:49:10,448 INFO: Epoch 321, Train Loss: 0.37058996289007123, Test Loss: 0.5675007030367851 
2024-12-26 15:49:10,509 INFO: Epoch 322, Train Loss: 0.36830611286624787, Test Loss: 0.5645778588950634 
2024-12-26 15:49:10,556 INFO: Epoch 323, Train Loss: 0.3720107126620508, Test Loss: 0.5700644887983799 
2024-12-26 15:49:10,606 INFO: Epoch 324, Train Loss: 0.3699774290284803, Test Loss: 0.5617291554808617 
2024-12-26 15:49:10,653 INFO: Epoch 325, Train Loss: 0.3662147916132404, Test Loss: 0.5632728710770607 
2024-12-26 15:49:10,715 INFO: Epoch 326, Train Loss: 0.36559329446285, Test Loss: 0.5598657913506031 
2024-12-26 15:49:10,766 INFO: Epoch 327, Train Loss: 0.3655585377447067, Test Loss: 0.5651138983666897 
2024-12-26 15:49:10,817 INFO: Epoch 328, Train Loss: 0.3642047691729761, Test Loss: 0.5721474662423134 
2024-12-26 15:49:10,871 INFO: Epoch 329, Train Loss: 0.37121557804845995, Test Loss: 0.5711393132805824 
2024-12-26 15:49:10,929 INFO: Epoch 330, Train Loss: 0.3662709752398153, Test Loss: 0.5669144317507744 
2024-12-26 15:49:10,977 INFO: Epoch 331, Train Loss: 0.3683672066657774, Test Loss: 0.5708559714257717 
2024-12-26 15:49:11,025 INFO: Epoch 332, Train Loss: 0.3637773807971708, Test Loss: 0.5721046887338161 
2024-12-26 15:49:11,073 INFO: Epoch 333, Train Loss: 0.3722498522650811, Test Loss: 0.5651548057794571 
2024-12-26 15:49:11,135 INFO: Epoch 334, Train Loss: 0.36320173067431294, Test Loss: 0.5629468001425266 
2024-12-26 15:49:11,185 INFO: Epoch 335, Train Loss: 0.36530275017984454, Test Loss: 0.5709632784128189 
2024-12-26 15:49:11,234 INFO: Epoch 336, Train Loss: 0.36530272374230044, Test Loss: 0.5685068666934967 
2024-12-26 15:49:11,279 INFO: Epoch 337, Train Loss: 0.36455856792388425, Test Loss: 0.5679810121655464 
2024-12-26 15:49:11,349 INFO: Epoch 338, Train Loss: 0.3658502284557589, Test Loss: 0.5629809349775314 
2024-12-26 15:49:11,396 INFO: Epoch 339, Train Loss: 0.3637046092940915, Test Loss: 0.5710092298686504 
2024-12-26 15:49:11,445 INFO: Epoch 340, Train Loss: 0.36591532153467976, Test Loss: 0.5665940977632999 
2024-12-26 15:49:11,494 INFO: Epoch 341, Train Loss: 0.3620319299159511, Test Loss: 0.5659074932336807 
2024-12-26 15:49:11,544 INFO: Epoch 342, Train Loss: 0.3660888594965781, Test Loss: 0.5646551474928856 
2024-12-26 15:49:11,613 INFO: Epoch 343, Train Loss: 0.3606328272050427, Test Loss: 0.5660634562373161 
2024-12-26 15:49:11,661 INFO: Epoch 344, Train Loss: 0.36225620488966664, Test Loss: 0.5752176865935326 
2024-12-26 15:49:11,708 INFO: Epoch 345, Train Loss: 0.36467466190938025, Test Loss: 0.5695435963571072 
2024-12-26 15:49:11,755 INFO: Epoch 346, Train Loss: 0.3593415771761248, Test Loss: 0.5806450918316841 
2024-12-26 15:49:11,802 INFO: Epoch 347, Train Loss: 0.3628557978137847, Test Loss: 0.5662350356578827 
2024-12-26 15:49:11,872 INFO: Epoch 348, Train Loss: 0.3619360260425075, Test Loss: 0.5705050155520439 
2024-12-26 15:49:11,921 INFO: Epoch 349, Train Loss: 0.36384915920995897, Test Loss: 0.589235246181488 
2024-12-26 15:49:11,969 INFO: Epoch 350, Train Loss: 0.36891639905591167, Test Loss: 0.5674793682992458 
2024-12-26 15:49:12,017 INFO: Epoch 351, Train Loss: 0.3623131667414019, Test Loss: 0.5683950819075108 
2024-12-26 15:49:12,064 INFO: Epoch 352, Train Loss: 0.3626443484137135, Test Loss: 0.5674266256392002 
2024-12-26 15:49:12,130 INFO: Epoch 353, Train Loss: 0.3579619997932065, Test Loss: 0.5667860247194767 
2024-12-26 15:49:12,178 INFO: Epoch 354, Train Loss: 0.3608870515900274, Test Loss: 0.5739654041826725 
2024-12-26 15:49:12,225 INFO: Epoch 355, Train Loss: 0.3612586471342271, Test Loss: 0.5685260109603405 
2024-12-26 15:49:12,273 INFO: Epoch 356, Train Loss: 0.3605798213712631, Test Loss: 0.5721421353518963 
2024-12-26 15:49:12,321 INFO: Epoch 357, Train Loss: 0.36092668002651584, Test Loss: 0.5689808018505573 
2024-12-26 15:49:12,389 INFO: Epoch 358, Train Loss: 0.3567549917967089, Test Loss: 0.5681870989501476 
2024-12-26 15:49:12,437 INFO: Epoch 359, Train Loss: 0.35745217146412017, Test Loss: 0.574628472328186 
2024-12-26 15:49:12,487 INFO: Epoch 360, Train Loss: 0.3568607530286235, Test Loss: 0.5722453221678734 
2024-12-26 15:49:12,534 INFO: Epoch 361, Train Loss: 0.36143628435750164, Test Loss: 0.5702794045209885 
2024-12-26 15:49:12,582 INFO: Epoch 362, Train Loss: 0.3563050483503649, Test Loss: 0.5663304440677166 
2024-12-26 15:49:12,650 INFO: Epoch 363, Train Loss: 0.3528413556275829, Test Loss: 0.5669030733406544 
2024-12-26 15:49:12,697 INFO: Epoch 364, Train Loss: 0.3597535923604042, Test Loss: 0.5759243816137314 
2024-12-26 15:49:12,745 INFO: Epoch 365, Train Loss: 0.359571700134585, Test Loss: 0.5774817317724228 
2024-12-26 15:49:12,791 INFO: Epoch 366, Train Loss: 0.3578473896749558, Test Loss: 0.5669884793460369 
2024-12-26 15:49:12,841 INFO: Epoch 367, Train Loss: 0.35806415542479486, Test Loss: 0.5741296261548996 
2024-12-26 15:49:12,906 INFO: Epoch 368, Train Loss: 0.35690641018652147, Test Loss: 0.5744567587971687 
2024-12-26 15:49:12,955 INFO: Epoch 369, Train Loss: 0.35587211001303887, Test Loss: 0.5699518136680126 
2024-12-26 15:49:13,006 INFO: Epoch 370, Train Loss: 0.3541669778285488, Test Loss: 0.5647104233503342 
2024-12-26 15:49:13,056 INFO: Epoch 371, Train Loss: 0.3516604035131393, Test Loss: 0.5681075751781464 
2024-12-26 15:49:13,105 INFO: Epoch 372, Train Loss: 0.35477383963523373, Test Loss: 0.5715390220284462 
2024-12-26 15:49:13,170 INFO: Epoch 373, Train Loss: 0.35063799831175035, Test Loss: 0.5799453780055046 
2024-12-26 15:49:13,217 INFO: Epoch 374, Train Loss: 0.35586479642698843, Test Loss: 0.5785225629806519 
2024-12-26 15:49:13,266 INFO: Epoch 375, Train Loss: 0.35374916561188235, Test Loss: 0.5739086866378784 
2024-12-26 15:49:13,313 INFO: Epoch 376, Train Loss: 0.3514558365268092, Test Loss: 0.5744954273104668 
2024-12-26 15:49:13,363 INFO: Epoch 377, Train Loss: 0.3530777827385933, Test Loss: 0.5737906619906425 
2024-12-26 15:49:13,431 INFO: Epoch 378, Train Loss: 0.35302968851981625, Test Loss: 0.575668465346098 
2024-12-26 15:49:13,481 INFO: Epoch 379, Train Loss: 0.35041593159398726, Test Loss: 0.5723961889743805 
2024-12-26 15:49:13,530 INFO: Epoch 380, Train Loss: 0.3540695232729758, Test Loss: 0.5752957351505756 
2024-12-26 15:49:13,580 INFO: Epoch 381, Train Loss: 0.34995641919874376, Test Loss: 0.5687153972685337 
2024-12-26 15:49:13,628 INFO: Epoch 382, Train Loss: 0.3522442925360895, Test Loss: 0.5739524215459824 
2024-12-26 15:49:13,698 INFO: Epoch 383, Train Loss: 0.3553476506663907, Test Loss: 0.5706564150750637 
2024-12-26 15:49:13,746 INFO: Epoch 384, Train Loss: 0.3514755459562425, Test Loss: 0.5708339102566242 
2024-12-26 15:49:13,793 INFO: Epoch 385, Train Loss: 0.35063878663124576, Test Loss: 0.563768208026886 
2024-12-26 15:49:13,842 INFO: Epoch 386, Train Loss: 0.34931476462271904, Test Loss: 0.5789893940091133 
2024-12-26 15:49:13,891 INFO: Epoch 387, Train Loss: 0.35331979586232093, Test Loss: 0.5750664956867695 
2024-12-26 15:49:13,957 INFO: Epoch 388, Train Loss: 0.3531853258609772, Test Loss: 0.5693062506616116 
2024-12-26 15:49:14,006 INFO: Epoch 389, Train Loss: 0.35044410872843956, Test Loss: 0.5696485564112663 
2024-12-26 15:49:14,057 INFO: Epoch 390, Train Loss: 0.3512532408199003, Test Loss: 0.570451196283102 
2024-12-26 15:49:14,105 INFO: Epoch 391, Train Loss: 0.347409515611587, Test Loss: 0.5691910162568092 
2024-12-26 15:49:14,154 INFO: Epoch 392, Train Loss: 0.34904252521453366, Test Loss: 0.5725944302976131 
2024-12-26 15:49:14,236 INFO: Epoch 393, Train Loss: 0.3499785921266002, Test Loss: 0.5789785571396351 
2024-12-26 15:49:14,287 INFO: Epoch 394, Train Loss: 0.3470965652696548, Test Loss: 0.5709104835987091 
2024-12-26 15:49:14,338 INFO: Epoch 395, Train Loss: 0.35002055668061777, Test Loss: 0.5764495357871056 
2024-12-26 15:49:14,386 INFO: Epoch 396, Train Loss: 0.3489810401393521, Test Loss: 0.5723385065793991 
2024-12-26 15:49:14,434 INFO: Epoch 397, Train Loss: 0.3468442117014239, Test Loss: 0.5634317621588707 
2024-12-26 15:49:14,498 INFO: Epoch 398, Train Loss: 0.3478656199670607, Test Loss: 0.5735798627138138 
2024-12-26 15:49:14,548 INFO: Epoch 399, Train Loss: 0.34547735318060846, Test Loss: 0.5749281793832779 
2024-12-26 15:49:14,597 INFO: Epoch 400, Train Loss: 0.3448643900694386, Test Loss: 0.5665340311825275 
2024-12-26 15:49:14,646 INFO: Epoch 401, Train Loss: 0.34884197865763017, Test Loss: 0.5706771053373814 
2024-12-26 15:49:14,695 INFO: Epoch 402, Train Loss: 0.3459741540493504, Test Loss: 0.5641620010137558 
2024-12-26 15:49:14,762 INFO: Epoch 403, Train Loss: 0.3444873296445416, Test Loss: 0.5761767588555813 
2024-12-26 15:49:14,810 INFO: Epoch 404, Train Loss: 0.3454170621210529, Test Loss: 0.5739566683769226 
2024-12-26 15:49:14,857 INFO: Epoch 405, Train Loss: 0.3438813393154452, Test Loss: 0.5739319659769535 
2024-12-26 15:49:14,906 INFO: Epoch 406, Train Loss: 0.34327194959886614, Test Loss: 0.5735467784106731 
2024-12-26 15:49:14,955 INFO: Epoch 407, Train Loss: 0.3438541970906719, Test Loss: 0.5905532352626324 
2024-12-26 15:49:15,022 INFO: Epoch 408, Train Loss: 0.3451960269481905, Test Loss: 0.5721297860145569 
2024-12-26 15:49:15,070 INFO: Epoch 409, Train Loss: 0.34285040680439244, Test Loss: 0.5720293894410133 
2024-12-26 15:49:15,120 INFO: Epoch 410, Train Loss: 0.3447012766715019, Test Loss: 0.5769294239580631 
2024-12-26 15:49:15,168 INFO: Epoch 411, Train Loss: 0.34182099180836834, Test Loss: 0.5727132149040699 
2024-12-26 15:49:15,215 INFO: Epoch 412, Train Loss: 0.34412863321842685, Test Loss: 0.5683345161378384 
2024-12-26 15:49:15,281 INFO: Epoch 413, Train Loss: 0.34272660939924177, Test Loss: 0.5863162092864513 
2024-12-26 15:49:15,331 INFO: Epoch 414, Train Loss: 0.34331881134740766, Test Loss: 0.5756746083498001 
2024-12-26 15:49:15,380 INFO: Epoch 415, Train Loss: 0.3420151164454798, Test Loss: 0.5725006088614464 
2024-12-26 15:49:15,430 INFO: Epoch 416, Train Loss: 0.34208013646064267, Test Loss: 0.576308473944664 
2024-12-26 15:49:15,477 INFO: Epoch 417, Train Loss: 0.34176778504925387, Test Loss: 0.5746052823960781 
2024-12-26 15:49:15,542 INFO: Epoch 418, Train Loss: 0.33917902650371673, Test Loss: 0.5709608644247055 
2024-12-26 15:49:15,592 INFO: Epoch 419, Train Loss: 0.33981995909444745, Test Loss: 0.5780881643295288 
2024-12-26 15:49:15,646 INFO: Epoch 420, Train Loss: 0.34517888676735664, Test Loss: 0.57107138261199 
2024-12-26 15:49:15,695 INFO: Epoch 421, Train Loss: 0.34189212466439894, Test Loss: 0.5827136784791946 
2024-12-26 15:49:15,743 INFO: Epoch 422, Train Loss: 0.3404747661082975, Test Loss: 0.5665663182735443 
2024-12-26 15:49:15,806 INFO: Epoch 423, Train Loss: 0.3420312116222997, Test Loss: 0.5799069255590439 
2024-12-26 15:49:15,854 INFO: Epoch 424, Train Loss: 0.33799161737965, Test Loss: 0.5791330710053444 
2024-12-26 15:49:15,904 INFO: Epoch 425, Train Loss: 0.3416247353438408, Test Loss: 0.5842841565608978 
2024-12-26 15:49:15,951 INFO: Epoch 426, Train Loss: 0.3394109174128502, Test Loss: 0.577721893787384 
2024-12-26 15:49:16,017 INFO: Epoch 427, Train Loss: 0.33874853387955695, Test Loss: 0.5728050097823143 
2024-12-26 15:49:16,067 INFO: Epoch 428, Train Loss: 0.33900992620375847, Test Loss: 0.5794994160532951 
2024-12-26 15:49:16,113 INFO: Epoch 429, Train Loss: 0.34266717972293975, Test Loss: 0.5745606645941734 
2024-12-26 15:49:16,166 INFO: Epoch 430, Train Loss: 0.3384272624408045, Test Loss: 0.5751178674399853 
2024-12-26 15:49:16,225 INFO: Epoch 431, Train Loss: 0.3392521912051785, Test Loss: 0.5673275776207447 
2024-12-26 15:49:16,274 INFO: Epoch 432, Train Loss: 0.34294055017732805, Test Loss: 0.5768614001572132 
2024-12-26 15:49:16,321 INFO: Epoch 433, Train Loss: 0.3357104572557634, Test Loss: 0.5738576725125313 
2024-12-26 15:49:16,372 INFO: Epoch 434, Train Loss: 0.33875466210226857, Test Loss: 0.5791158340871334 
2024-12-26 15:49:16,435 INFO: Epoch 435, Train Loss: 0.33512390813519877, Test Loss: 0.5719685964286327 
2024-12-26 15:49:16,483 INFO: Epoch 436, Train Loss: 0.33413152444747185, Test Loss: 0.5715202055871487 
2024-12-26 15:49:16,529 INFO: Epoch 437, Train Loss: 0.3380204573754341, Test Loss: 0.5851692222058773 
2024-12-26 15:49:16,578 INFO: Epoch 438, Train Loss: 0.3359238755318426, Test Loss: 0.5770841091871262 
2024-12-26 15:49:16,640 INFO: Epoch 439, Train Loss: 0.3330335309428553, Test Loss: 0.5843743309378624 
2024-12-26 15:49:16,688 INFO: Epoch 440, Train Loss: 0.33508024100334416, Test Loss: 0.5798919163644314 
2024-12-26 15:49:16,736 INFO: Epoch 441, Train Loss: 0.3360534348795491, Test Loss: 0.5710127390921116 
2024-12-26 15:49:16,786 INFO: Epoch 442, Train Loss: 0.3349336275169926, Test Loss: 0.5842039026319981 
2024-12-26 15:49:16,846 INFO: Epoch 443, Train Loss: 0.3403056840742788, Test Loss: 0.5836887694895267 
2024-12-26 15:49:16,893 INFO: Epoch 444, Train Loss: 0.33237526637892567, Test Loss: 0.5762228816747665 
2024-12-26 15:49:16,942 INFO: Epoch 445, Train Loss: 0.3380150958415001, Test Loss: 0.5731917694211006 
2024-12-26 15:49:16,991 INFO: Epoch 446, Train Loss: 0.33052592508254514, Test Loss: 0.5788574814796448 
2024-12-26 15:49:17,054 INFO: Epoch 447, Train Loss: 0.33294823333140344, Test Loss: 0.5720714591443539 
2024-12-26 15:49:17,101 INFO: Epoch 448, Train Loss: 0.3298269683314908, Test Loss: 0.577469315379858 
2024-12-26 15:49:17,150 INFO: Epoch 449, Train Loss: 0.33713829805774076, Test Loss: 0.5754266045987606 
2024-12-26 15:49:17,199 INFO: Epoch 450, Train Loss: 0.33457040113787495, Test Loss: 0.5754715949296951 
2024-12-26 15:49:17,260 INFO: Epoch 451, Train Loss: 0.33506483416403493, Test Loss: 0.5733035504817963 
2024-12-26 15:49:17,309 INFO: Epoch 452, Train Loss: 0.327699258442848, Test Loss: 0.5834984928369522 
2024-12-26 15:49:17,359 INFO: Epoch 453, Train Loss: 0.3329868143604648, Test Loss: 0.5750485509634018 
2024-12-26 15:49:17,408 INFO: Epoch 454, Train Loss: 0.3298373231964727, Test Loss: 0.582862313836813 
2024-12-26 15:49:17,471 INFO: Epoch 455, Train Loss: 0.3310506925467522, Test Loss: 0.5851619727909565 
2024-12-26 15:49:17,520 INFO: Epoch 456, Train Loss: 0.3332714125994713, Test Loss: 0.5710639134049416 
2024-12-26 15:49:17,568 INFO: Epoch 457, Train Loss: 0.33227754744791216, Test Loss: 0.5865698605775833 
2024-12-26 15:49:17,621 INFO: Epoch 458, Train Loss: 0.3272809794833583, Test Loss: 0.5839683338999748 
2024-12-26 15:49:17,681 INFO: Epoch 459, Train Loss: 0.3283444820873199, Test Loss: 0.5753200314939022 
2024-12-26 15:49:17,732 INFO: Epoch 460, Train Loss: 0.3288176809587786, Test Loss: 0.5764082185924053 
2024-12-26 15:49:17,781 INFO: Epoch 461, Train Loss: 0.32977348758328345, Test Loss: 0.5751571878790855 
2024-12-26 15:49:17,829 INFO: Epoch 462, Train Loss: 0.329850354502278, Test Loss: 0.5757082775235176 
2024-12-26 15:49:17,891 INFO: Epoch 463, Train Loss: 0.32810084233360903, Test Loss: 0.5792842693626881 
2024-12-26 15:49:17,941 INFO: Epoch 464, Train Loss: 0.3314284788024041, Test Loss: 0.5830334350466728 
2024-12-26 15:49:17,990 INFO: Epoch 465, Train Loss: 0.330386677095967, Test Loss: 0.5808547288179398 
2024-12-26 15:49:18,037 INFO: Epoch 466, Train Loss: 0.32919525859817383, Test Loss: 0.5781323909759521 
2024-12-26 15:49:18,109 INFO: Epoch 467, Train Loss: 0.33141481587963717, Test Loss: 0.5746180005371571 
2024-12-26 15:49:18,157 INFO: Epoch 468, Train Loss: 0.32716194275886784, Test Loss: 0.5853278785943985 
2024-12-26 15:49:18,204 INFO: Epoch 469, Train Loss: 0.332249850996079, Test Loss: 0.5800228752195835 
2024-12-26 15:49:18,261 INFO: Epoch 470, Train Loss: 0.33179988495765195, Test Loss: 0.5818589814007282 
2024-12-26 15:49:18,315 INFO: Epoch 471, Train Loss: 0.32929105239529766, Test Loss: 0.5781025439500809 
2024-12-26 15:49:18,365 INFO: Epoch 472, Train Loss: 0.32580424412604303, Test Loss: 0.5819866582751274 
2024-12-26 15:49:18,416 INFO: Epoch 473, Train Loss: 0.3260708345520881, Test Loss: 0.5845676846802235 
2024-12-26 15:49:18,465 INFO: Epoch 474, Train Loss: 0.3285506925275249, Test Loss: 0.5760120339691639 
2024-12-26 15:49:18,531 INFO: Epoch 475, Train Loss: 0.32788682464630375, Test Loss: 0.5791267156600952 
2024-12-26 15:49:18,580 INFO: Epoch 476, Train Loss: 0.3262944067678144, Test Loss: 0.57746372371912 
2024-12-26 15:49:18,626 INFO: Epoch 477, Train Loss: 0.324234809606306, Test Loss: 0.5813240967690945 
2024-12-26 15:49:18,678 INFO: Epoch 478, Train Loss: 0.3315691150003864, Test Loss: 0.5804479904472828 
2024-12-26 15:49:18,738 INFO: Epoch 479, Train Loss: 0.3244483264223222, Test Loss: 0.5830987989902496 
2024-12-26 15:49:18,788 INFO: Epoch 480, Train Loss: 0.32673351322450944, Test Loss: 0.5825515277683735 
2024-12-26 15:49:18,836 INFO: Epoch 481, Train Loss: 0.32437731085285065, Test Loss: 0.5874956771731377 
2024-12-26 15:49:18,883 INFO: Epoch 482, Train Loss: 0.325006385964732, Test Loss: 0.5785252377390862 
2024-12-26 15:49:18,942 INFO: Epoch 483, Train Loss: 0.32773113731415043, Test Loss: 0.5921534895896912 
2024-12-26 15:49:18,992 INFO: Epoch 484, Train Loss: 0.32563661375353414, Test Loss: 0.5858927890658379 
2024-12-26 15:49:19,040 INFO: Epoch 485, Train Loss: 0.3329224173099764, Test Loss: 0.5807450152933598 
2024-12-26 15:49:19,090 INFO: Epoch 486, Train Loss: 0.3259445308677612, Test Loss: 0.595342118293047 
2024-12-26 15:49:19,150 INFO: Epoch 487, Train Loss: 0.3261330867967298, Test Loss: 0.5741816833615303 
2024-12-26 15:49:19,201 INFO: Epoch 488, Train Loss: 0.3234355411221904, Test Loss: 0.580565083771944 
2024-12-26 15:49:19,247 INFO: Epoch 489, Train Loss: 0.3257084027413399, Test Loss: 0.5872571468353271 
2024-12-26 15:49:19,297 INFO: Epoch 490, Train Loss: 0.3257266326296714, Test Loss: 0.5947266183793545 
2024-12-26 15:49:19,359 INFO: Epoch 491, Train Loss: 0.3253118040100221, Test Loss: 0.5814868621528149 
2024-12-26 15:49:19,408 INFO: Epoch 492, Train Loss: 0.32087859030692806, Test Loss: 0.579304151237011 
2024-12-26 15:49:19,457 INFO: Epoch 493, Train Loss: 0.32159076631069183, Test Loss: 0.5895397588610649 
2024-12-26 15:49:19,512 INFO: Epoch 494, Train Loss: 0.3248055072561387, Test Loss: 0.5819472596049309 
2024-12-26 15:49:19,574 INFO: Epoch 495, Train Loss: 0.3222509584119243, Test Loss: 0.5809183567762375 
2024-12-26 15:49:19,625 INFO: Epoch 496, Train Loss: 0.3235047839341625, Test Loss: 0.5904745385050774 
2024-12-26 15:49:19,675 INFO: Epoch 497, Train Loss: 0.3275562015271956, Test Loss: 0.5900331512093544 
2024-12-26 15:49:19,729 INFO: Epoch 498, Train Loss: 0.32504702143130765, Test Loss: 0.5852116458117962 
2024-12-26 15:49:19,790 INFO: Epoch 499, Train Loss: 0.3230426104799394, Test Loss: 0.5803512521088123 
2024-12-26 15:49:19,839 INFO: Epoch 500, Train Loss: 0.32314934461347516, Test Loss: 0.5818544812500477 
2024-12-26 15:49:19,889 INFO: Epoch 501, Train Loss: 0.32147349657550933, Test Loss: 0.5877932719886303 
2024-12-26 15:49:19,940 INFO: Epoch 502, Train Loss: 0.3195098196306536, Test Loss: 0.5900210924446583 
2024-12-26 15:49:20,000 INFO: Epoch 503, Train Loss: 0.32408087628503, Test Loss: 0.584506094455719 
2024-12-26 15:49:20,048 INFO: Epoch 504, Train Loss: 0.32017194455669773, Test Loss: 0.5851179026067257 
2024-12-26 15:49:20,096 INFO: Epoch 505, Train Loss: 0.32261251874508395, Test Loss: 0.5845954157412052 
2024-12-26 15:49:20,147 INFO: Epoch 506, Train Loss: 0.3228951250353167, Test Loss: 0.5881452783942223 
2024-12-26 15:49:20,209 INFO: Epoch 507, Train Loss: 0.32090925881939547, Test Loss: 0.5998834297060966 
2024-12-26 15:49:20,258 INFO: Epoch 508, Train Loss: 0.32457187627592393, Test Loss: 0.5902185253798962 
2024-12-26 15:49:20,310 INFO: Epoch 509, Train Loss: 0.3220014187597459, Test Loss: 0.5880418494343758 
2024-12-26 15:49:20,367 INFO: Epoch 510, Train Loss: 0.32445244394963785, Test Loss: 0.5858594365417957 
2024-12-26 15:49:20,425 INFO: Epoch 511, Train Loss: 0.3244632319096596, Test Loss: 0.5948307327926159 
2024-12-26 15:49:20,473 INFO: Epoch 512, Train Loss: 0.3233788383583869, Test Loss: 0.5821801647543907 
2024-12-26 15:49:20,522 INFO: Epoch 513, Train Loss: 0.32028268854464254, Test Loss: 0.5836086086928844 
2024-12-26 15:49:20,571 INFO: Epoch 514, Train Loss: 0.3216428352940467, Test Loss: 0.5888358801603317 
2024-12-26 15:49:20,642 INFO: Epoch 515, Train Loss: 0.318614496338752, Test Loss: 0.5814172476530075 
2024-12-26 15:49:20,691 INFO: Epoch 516, Train Loss: 0.3178486487557811, Test Loss: 0.5882924310863018 
2024-12-26 15:49:20,741 INFO: Epoch 517, Train Loss: 0.3184657539090803, Test Loss: 0.5909827724099159 
2024-12-26 15:49:20,815 INFO: Epoch 518, Train Loss: 0.322400146434384, Test Loss: 0.594108808785677 
2024-12-26 15:49:20,863 INFO: Epoch 519, Train Loss: 0.31977666049234327, Test Loss: 0.59069499745965 
2024-12-26 15:49:20,911 INFO: Epoch 520, Train Loss: 0.3192429037824754, Test Loss: 0.593145340681076 
2024-12-26 15:49:20,961 INFO: Epoch 521, Train Loss: 0.3198091580021766, Test Loss: 0.5869808085262775 
2024-12-26 15:49:21,009 INFO: Epoch 522, Train Loss: 0.32069856793649737, Test Loss: 0.5887436196208 
2024-12-26 15:49:21,076 INFO: Epoch 523, Train Loss: 0.32038552290008915, Test Loss: 0.5854593031108379 
2024-12-26 15:49:21,124 INFO: Epoch 524, Train Loss: 0.3169856148381387, Test Loss: 0.5907214358448982 
2024-12-26 15:49:21,173 INFO: Epoch 525, Train Loss: 0.3171690216948909, Test Loss: 0.5897644460201263 
2024-12-26 15:49:21,220 INFO: Epoch 526, Train Loss: 0.31475159622007803, Test Loss: 0.5926169380545616 
2024-12-26 15:49:21,268 INFO: Epoch 527, Train Loss: 0.31724557472813514, Test Loss: 0.5920684225857258 
2024-12-26 15:49:21,334 INFO: Epoch 528, Train Loss: 0.3158850741963233, Test Loss: 0.5899351537227631 
2024-12-26 15:49:21,382 INFO: Epoch 529, Train Loss: 0.3184382982792393, Test Loss: 0.5856861136853695 
2024-12-26 15:49:21,429 INFO: Epoch 530, Train Loss: 0.3172612060462275, Test Loss: 0.5919369235634804 
2024-12-26 15:49:21,480 INFO: Epoch 531, Train Loss: 0.31901629701737433, Test Loss: 0.5973152369260788 
2024-12-26 15:49:21,527 INFO: Epoch 532, Train Loss: 0.3174433006394294, Test Loss: 0.5983008332550526 
2024-12-26 15:49:21,595 INFO: Epoch 533, Train Loss: 0.31714413867842767, Test Loss: 0.5887765884399414 
2024-12-26 15:49:21,643 INFO: Epoch 534, Train Loss: 0.3153326064348221, Test Loss: 0.5942495055496693 
2024-12-26 15:49:21,693 INFO: Epoch 535, Train Loss: 0.31648996280085656, Test Loss: 0.5906331539154053 
2024-12-26 15:49:21,743 INFO: Epoch 536, Train Loss: 0.3175808758504929, Test Loss: 0.594366792589426 
2024-12-26 15:49:21,791 INFO: Epoch 537, Train Loss: 0.3122966674066359, Test Loss: 0.595898263156414 
2024-12-26 15:49:21,855 INFO: Epoch 538, Train Loss: 0.313771806416973, Test Loss: 0.591614194214344 
2024-12-26 15:49:21,903 INFO: Epoch 539, Train Loss: 0.31714434873673225, Test Loss: 0.5951555632054806 
2024-12-26 15:49:21,953 INFO: Epoch 540, Train Loss: 0.3156592821882617, Test Loss: 0.5903748013079166 
2024-12-26 15:49:22,001 INFO: Epoch 541, Train Loss: 0.32137200428593543, Test Loss: 0.5944662466645241 
2024-12-26 15:49:22,048 INFO: Epoch 542, Train Loss: 0.3151855411068086, Test Loss: 0.5960709229111671 
2024-12-26 15:49:22,110 INFO: Epoch 543, Train Loss: 0.31688552998727365, Test Loss: 0.5977655276656151 
2024-12-26 15:49:22,160 INFO: Epoch 544, Train Loss: 0.31785748514436907, Test Loss: 0.5953421406447887 
2024-12-26 15:49:22,209 INFO: Epoch 545, Train Loss: 0.3110736411425375, Test Loss: 0.5961488895118237 
2024-12-26 15:49:22,257 INFO: Epoch 546, Train Loss: 0.3190777748823166, Test Loss: 0.5896337330341339 
2024-12-26 15:49:22,304 INFO: Epoch 547, Train Loss: 0.31726292977409976, Test Loss: 0.6017121970653534 
2024-12-26 15:49:22,375 INFO: Epoch 548, Train Loss: 0.3186725589536851, Test Loss: 0.5936126448214054 
2024-12-26 15:49:22,425 INFO: Epoch 549, Train Loss: 0.31781313303978215, Test Loss: 0.5912465155124664 
2024-12-26 15:49:22,474 INFO: Epoch 550, Train Loss: 0.3154678301465127, Test Loss: 0.5903743468225002 
2024-12-26 15:49:22,525 INFO: Epoch 551, Train Loss: 0.31471615741329806, Test Loss: 0.599701851606369 
2024-12-26 15:49:22,574 INFO: Epoch 552, Train Loss: 0.31199107871901605, Test Loss: 0.5960447080433369 
2024-12-26 15:49:22,641 INFO: Epoch 553, Train Loss: 0.31281241390012926, Test Loss: 0.5874460786581039 
2024-12-26 15:49:22,690 INFO: Epoch 554, Train Loss: 0.3118549590149233, Test Loss: 0.5936050824820995 
2024-12-26 15:49:22,738 INFO: Epoch 555, Train Loss: 0.3129325513878176, Test Loss: 0.5994956195354462 
2024-12-26 15:49:22,791 INFO: Epoch 556, Train Loss: 0.31422707342332407, Test Loss: 0.5910642184317112 
2024-12-26 15:49:22,849 INFO: Epoch 557, Train Loss: 0.31227798808005547, Test Loss: 0.5938000082969666 
2024-12-26 15:49:22,899 INFO: Epoch 558, Train Loss: 0.312259467859422, Test Loss: 0.5998209938406944 
2024-12-26 15:49:22,947 INFO: Epoch 559, Train Loss: 0.31391798007872795, Test Loss: 0.6033249795436859 
2024-12-26 15:49:22,994 INFO: Epoch 560, Train Loss: 0.3186511887658027, Test Loss: 0.598683699965477 
2024-12-26 15:49:23,062 INFO: Epoch 561, Train Loss: 0.3136006411044828, Test Loss: 0.596383985131979 
2024-12-26 15:49:23,113 INFO: Epoch 562, Train Loss: 0.3122653009430055, Test Loss: 0.5948696546256542 
2024-12-26 15:49:23,162 INFO: Epoch 563, Train Loss: 0.30981033415563647, Test Loss: 0.6140187904238701 
2024-12-26 15:49:23,210 INFO: Epoch 564, Train Loss: 0.3214059962380317, Test Loss: 0.6011789292097092 
2024-12-26 15:49:23,260 INFO: Epoch 565, Train Loss: 0.3181655325235859, Test Loss: 0.5964468121528625 
2024-12-26 15:49:23,324 INFO: Epoch 566, Train Loss: 0.31450561458064663, Test Loss: 0.5923889949917793 
2024-12-26 15:49:23,374 INFO: Epoch 567, Train Loss: 0.3141501767020072, Test Loss: 0.5920214876532555 
2024-12-26 15:49:23,423 INFO: Epoch 568, Train Loss: 0.3149343022415715, Test Loss: 0.5915017500519753 
2024-12-26 15:49:23,472 INFO: Epoch 569, Train Loss: 0.3098891848518002, Test Loss: 0.5889720544219017 
2024-12-26 15:49:23,520 INFO: Epoch 570, Train Loss: 0.3147266910922143, Test Loss: 0.5990451723337173 
2024-12-26 15:49:23,594 INFO: Epoch 571, Train Loss: 0.3132023335464539, Test Loss: 0.5989623367786407 
2024-12-26 15:49:23,643 INFO: Epoch 572, Train Loss: 0.3068293405155982, Test Loss: 0.6127384044229984 
2024-12-26 15:49:23,692 INFO: Epoch 573, Train Loss: 0.3114146527744109, Test Loss: 0.5916541814804077 
2024-12-26 15:49:23,742 INFO: Epoch 574, Train Loss: 0.3071886560609264, Test Loss: 0.5858448147773743 
2024-12-26 15:49:23,790 INFO: Epoch 575, Train Loss: 0.31651726461225943, Test Loss: 0.6000333204865456 
2024-12-26 15:49:23,854 INFO: Epoch 576, Train Loss: 0.3151155364128851, Test Loss: 0.594032783061266 
2024-12-26 15:49:23,903 INFO: Epoch 577, Train Loss: 0.3071051465888177, Test Loss: 0.6012083776295185 
2024-12-26 15:49:23,950 INFO: Epoch 578, Train Loss: 0.30942415422008884, Test Loss: 0.5894637368619442 
2024-12-26 15:49:24,005 INFO: Epoch 579, Train Loss: 0.3133094180976191, Test Loss: 0.5972604788839817 
2024-12-26 15:49:24,073 INFO: Epoch 580, Train Loss: 0.3082191838372138, Test Loss: 0.5955285876989365 
2024-12-26 15:49:24,124 INFO: Epoch 581, Train Loss: 0.3101697357431535, Test Loss: 0.60808015614748 
2024-12-26 15:49:24,172 INFO: Epoch 582, Train Loss: 0.3079122795212653, Test Loss: 0.5934583358466625 
2024-12-26 15:49:24,230 INFO: Epoch 583, Train Loss: 0.3064439162131279, Test Loss: 0.5905511677265167 
2024-12-26 15:49:24,283 INFO: Epoch 584, Train Loss: 0.3068323404558243, Test Loss: 0.5998015366494656 
2024-12-26 15:49:24,335 INFO: Epoch 585, Train Loss: 0.30719518469225976, Test Loss: 0.5986763089895248 
2024-12-26 15:49:24,385 INFO: Epoch 586, Train Loss: 0.3082577951492802, Test Loss: 0.597613837569952 
2024-12-26 15:49:24,436 INFO: Epoch 587, Train Loss: 0.3101866711531916, Test Loss: 0.5970536097884178 
2024-12-26 15:49:24,497 INFO: Epoch 588, Train Loss: 0.3145409135087844, Test Loss: 0.6008155904710293 
2024-12-26 15:49:24,546 INFO: Epoch 589, Train Loss: 0.30996859794662845, Test Loss: 0.5912341102957726 
2024-12-26 15:49:24,593 INFO: Epoch 590, Train Loss: 0.30655353011623504, Test Loss: 0.5996436811983585 
2024-12-26 15:49:24,645 INFO: Epoch 591, Train Loss: 0.3076239699317563, Test Loss: 0.5904306806623936 
2024-12-26 15:49:24,708 INFO: Epoch 592, Train Loss: 0.3076823449903919, Test Loss: 0.594287171959877 
2024-12-26 15:49:24,756 INFO: Epoch 593, Train Loss: 0.3106045328801678, Test Loss: 0.6028618663549423 
2024-12-26 15:49:24,805 INFO: Epoch 594, Train Loss: 0.3085310872524015, Test Loss: 0.5974474921822548 
2024-12-26 15:49:24,855 INFO: Epoch 595, Train Loss: 0.311341772156377, Test Loss: 0.5953116379678249 
2024-12-26 15:49:24,918 INFO: Epoch 596, Train Loss: 0.31271162484922715, Test Loss: 0.5971342287957668 
2024-12-26 15:49:24,967 INFO: Epoch 597, Train Loss: 0.30903451769582685, Test Loss: 0.6104916371405125 
2024-12-26 15:49:25,018 INFO: Epoch 598, Train Loss: 0.30713816419724493, Test Loss: 0.5961255691945553 
2024-12-26 15:49:25,070 INFO: Epoch 599, Train Loss: 0.3077473255895799, Test Loss: 0.5876857526600361 
2024-12-26 15:49:25,131 INFO: Epoch 600, Train Loss: 0.3054334237690895, Test Loss: 0.6007433235645294 
2024-12-26 15:49:25,187 INFO: Epoch 601, Train Loss: 0.306372118573035, Test Loss: 0.5901971943676472 
2024-12-26 15:49:25,236 INFO: Epoch 602, Train Loss: 0.30964179769639044, Test Loss: 0.6109632812440395 
2024-12-26 15:49:25,292 INFO: Epoch 603, Train Loss: 0.31143620225691027, Test Loss: 0.5946820601820946 
2024-12-26 15:49:25,348 INFO: Epoch 604, Train Loss: 0.3048716028851847, Test Loss: 0.5954556986689568 
2024-12-26 15:49:25,397 INFO: Epoch 605, Train Loss: 0.3053259037194713, Test Loss: 0.597098246216774 
2024-12-26 15:49:25,448 INFO: Epoch 606, Train Loss: 0.307544614999525, Test Loss: 0.6177014485001564 
2024-12-26 15:49:25,495 INFO: Epoch 607, Train Loss: 0.30696288231880436, Test Loss: 0.5927587263286114 
2024-12-26 15:49:25,560 INFO: Epoch 608, Train Loss: 0.3058969051607193, Test Loss: 0.594176147133112 
2024-12-26 15:49:25,614 INFO: Epoch 609, Train Loss: 0.30615335414486544, Test Loss: 0.6027193069458008 
2024-12-26 15:49:25,667 INFO: Epoch 610, Train Loss: 0.31074613188543626, Test Loss: 0.5996531285345554 
2024-12-26 15:49:25,729 INFO: Epoch 611, Train Loss: 0.3089271735760473, Test Loss: 0.5930957309901714 
2024-12-26 15:49:25,782 INFO: Epoch 612, Train Loss: 0.30660669361391374, Test Loss: 0.6047526933252811 
2024-12-26 15:49:25,831 INFO: Epoch 613, Train Loss: 0.30506735319091427, Test Loss: 0.595635823905468 
2024-12-26 15:49:25,879 INFO: Epoch 614, Train Loss: 0.30615891612345175, Test Loss: 0.5929427035152912 
2024-12-26 15:49:25,928 INFO: Epoch 615, Train Loss: 0.3051367704906771, Test Loss: 0.5978932529687881 
2024-12-26 15:49:26,003 INFO: Epoch 616, Train Loss: 0.30012458899328787, Test Loss: 0.608603298664093 
2024-12-26 15:49:26,052 INFO: Epoch 617, Train Loss: 0.30606232535454536, Test Loss: 0.5959846302866936 
2024-12-26 15:49:26,102 INFO: Epoch 618, Train Loss: 0.3040809847654835, Test Loss: 0.5977109111845493 
2024-12-26 15:49:26,153 INFO: Epoch 619, Train Loss: 0.30333570943724725, Test Loss: 0.5943013951182365 
2024-12-26 15:49:26,202 INFO: Epoch 620, Train Loss: 0.30557247131101545, Test Loss: 0.5961805731058121 
2024-12-26 15:49:26,269 INFO: Epoch 621, Train Loss: 0.3029628458522981, Test Loss: 0.6019543781876564 
2024-12-26 15:49:26,316 INFO: Epoch 622, Train Loss: 0.30286900987548215, Test Loss: 0.597936637699604 
2024-12-26 15:49:26,367 INFO: Epoch 623, Train Loss: 0.3030609954749384, Test Loss: 0.5971809029579163 
2024-12-26 15:49:26,415 INFO: Epoch 624, Train Loss: 0.30242356417640565, Test Loss: 0.598515197634697 
2024-12-26 15:49:26,465 INFO: Epoch 625, Train Loss: 0.302860003325247, Test Loss: 0.6032059043645859 
2024-12-26 15:49:26,530 INFO: Epoch 626, Train Loss: 0.30397236539471534, Test Loss: 0.6171253547072411 
2024-12-26 15:49:26,577 INFO: Epoch 627, Train Loss: 0.30530222961979525, Test Loss: 0.6068021059036255 
2024-12-26 15:49:26,628 INFO: Epoch 628, Train Loss: 0.30464913768153035, Test Loss: 0.597651332616806 
2024-12-26 15:49:26,674 INFO: Epoch 629, Train Loss: 0.3035740410127947, Test Loss: 0.5958450026810169 
2024-12-26 15:49:26,724 INFO: Epoch 630, Train Loss: 0.3005978715035223, Test Loss: 0.6151891946792603 
2024-12-26 15:49:26,790 INFO: Epoch 631, Train Loss: 0.3036775430363993, Test Loss: 0.6061704456806183 
2024-12-26 15:49:26,838 INFO: Epoch 632, Train Loss: 0.3018416642181335, Test Loss: 0.6007520705461502 
2024-12-26 15:49:26,887 INFO: Epoch 633, Train Loss: 0.3010017184480544, Test Loss: 0.6041654646396637 
2024-12-26 15:49:26,938 INFO: Epoch 634, Train Loss: 0.3019197684141897, Test Loss: 0.6047150976955891 
2024-12-26 15:49:26,986 INFO: Epoch 635, Train Loss: 0.30170893765264944, Test Loss: 0.6121947169303894 
2024-12-26 15:49:27,053 INFO: Epoch 636, Train Loss: 0.30114228350500905, Test Loss: 0.5973140634596348 
2024-12-26 15:49:27,103 INFO: Epoch 637, Train Loss: 0.3037344193266284, Test Loss: 0.6043114177882671 
2024-12-26 15:49:27,152 INFO: Epoch 638, Train Loss: 0.30006918503392127, Test Loss: 0.5984258465468884 
2024-12-26 15:49:27,201 INFO: Epoch 639, Train Loss: 0.3021152206966954, Test Loss: 0.5961525700986385 
2024-12-26 15:49:27,250 INFO: Epoch 640, Train Loss: 0.30253808873315013, Test Loss: 0.5994854420423508 
2024-12-26 15:49:27,321 INFO: Epoch 641, Train Loss: 0.30207044126526, Test Loss: 0.6078421100974083 
2024-12-26 15:49:27,371 INFO: Epoch 642, Train Loss: 0.3026140687927123, Test Loss: 0.6199197694659233 
2024-12-26 15:49:27,421 INFO: Epoch 643, Train Loss: 0.29966406764522674, Test Loss: 0.60143718495965 
2024-12-26 15:49:27,470 INFO: Epoch 644, Train Loss: 0.3031500789426988, Test Loss: 0.5994345992803574 
2024-12-26 15:49:27,520 INFO: Epoch 645, Train Loss: 0.30138203261360047, Test Loss: 0.6091656982898712 
2024-12-26 15:49:27,590 INFO: Epoch 646, Train Loss: 0.2996631303141194, Test Loss: 0.610854297876358 
2024-12-26 15:49:27,644 INFO: Epoch 647, Train Loss: 0.29976151931670403, Test Loss: 0.6053321920335293 
2024-12-26 15:49:27,694 INFO: Epoch 648, Train Loss: 0.2989242826738665, Test Loss: 0.6008475311100483 
2024-12-26 15:49:27,743 INFO: Epoch 649, Train Loss: 0.29849715530872345, Test Loss: 0.602062676101923 
2024-12-26 15:49:27,793 INFO: Epoch 650, Train Loss: 0.3016008153077095, Test Loss: 0.6025202162563801 
2024-12-26 15:49:27,857 INFO: Epoch 651, Train Loss: 0.3014043814712955, Test Loss: 0.6015773080289364 
2024-12-26 15:49:27,911 INFO: Epoch 652, Train Loss: 0.29772618412971497, Test Loss: 0.5964960418641567 
2024-12-26 15:49:27,961 INFO: Epoch 653, Train Loss: 0.29826120215077556, Test Loss: 0.6012945733964443 
2024-12-26 15:49:28,027 INFO: Epoch 654, Train Loss: 0.29787049851109904, Test Loss: 0.6027890145778656 
2024-12-26 15:49:28,078 INFO: Epoch 655, Train Loss: 0.2966699710776729, Test Loss: 0.5972184054553509 
2024-12-26 15:49:28,133 INFO: Epoch 656, Train Loss: 0.2978357441963688, Test Loss: 0.604793306440115 
2024-12-26 15:49:28,183 INFO: Epoch 657, Train Loss: 0.29910597541639883, Test Loss: 0.6097127944231033 
2024-12-26 15:49:28,233 INFO: Epoch 658, Train Loss: 0.2980979637753579, Test Loss: 0.6065698750317097 
2024-12-26 15:49:28,311 INFO: Epoch 659, Train Loss: 0.2997648937086905, Test Loss: 0.6100243739783764 
2024-12-26 15:49:28,361 INFO: Epoch 660, Train Loss: 0.30019404667039074, Test Loss: 0.6086951717734337 
2024-12-26 15:49:28,411 INFO: Epoch 661, Train Loss: 0.29842819898359235, Test Loss: 0.6048072166740894 
2024-12-26 15:49:28,475 INFO: Epoch 662, Train Loss: 0.300593453068887, Test Loss: 0.6092799939215183 
2024-12-26 15:49:28,526 INFO: Epoch 663, Train Loss: 0.3005728822562002, Test Loss: 0.6169401928782463 
2024-12-26 15:49:28,575 INFO: Epoch 664, Train Loss: 0.3004961278169386, Test Loss: 0.6086517237126827 
2024-12-26 15:49:28,625 INFO: Epoch 665, Train Loss: 0.29894269377954547, Test Loss: 0.6031379699707031 
2024-12-26 15:49:28,674 INFO: Epoch 666, Train Loss: 0.29684825241565704, Test Loss: 0.6039731726050377 
2024-12-26 15:49:28,743 INFO: Epoch 667, Train Loss: 0.2980699414207089, Test Loss: 0.6054063253104687 
2024-12-26 15:49:28,793 INFO: Epoch 668, Train Loss: 0.2987452769471753, Test Loss: 0.6022439859807491 
2024-12-26 15:49:28,842 INFO: Epoch 669, Train Loss: 0.2973250227589761, Test Loss: 0.6064449548721313 
2024-12-26 15:49:28,891 INFO: Epoch 670, Train Loss: 0.2989886273299494, Test Loss: 0.6072052642703056 
2024-12-26 15:49:28,939 INFO: Epoch 671, Train Loss: 0.29890863549324775, Test Loss: 0.6118924655020237 
2024-12-26 15:49:29,008 INFO: Epoch 672, Train Loss: 0.29649316783874263, Test Loss: 0.6033975891768932 
2024-12-26 15:49:29,057 INFO: Epoch 673, Train Loss: 0.2986102108993838, Test Loss: 0.618304293602705 
2024-12-26 15:49:29,108 INFO: Epoch 674, Train Loss: 0.29883610913830416, Test Loss: 0.6105772331357002 
2024-12-26 15:49:29,156 INFO: Epoch 675, Train Loss: 0.2956857094841619, Test Loss: 0.6110662892460823 
2024-12-26 15:49:29,204 INFO: Epoch 676, Train Loss: 0.29890504960090886, Test Loss: 0.615343201905489 
2024-12-26 15:49:29,270 INFO: Epoch 677, Train Loss: 0.29796225697763506, Test Loss: 0.6107552535831928 
2024-12-26 15:49:29,320 INFO: Epoch 678, Train Loss: 0.30086216618937833, Test Loss: 0.6059966720640659 
2024-12-26 15:49:29,370 INFO: Epoch 679, Train Loss: 0.29779705741713125, Test Loss: 0.6064535193145275 
2024-12-26 15:49:29,418 INFO: Epoch 680, Train Loss: 0.2982483208179474, Test Loss: 0.6076769717037678 
2024-12-26 15:49:29,468 INFO: Epoch 681, Train Loss: 0.296402998028263, Test Loss: 0.6064946949481964 
2024-12-26 15:49:29,539 INFO: Epoch 682, Train Loss: 0.298450788182597, Test Loss: 0.6081015542149544 
2024-12-26 15:49:29,591 INFO: Epoch 683, Train Loss: 0.29566109324655226, Test Loss: 0.6032200641930103 
2024-12-26 15:49:29,642 INFO: Epoch 684, Train Loss: 0.2974238919634973, Test Loss: 0.6063635721802711 
2024-12-26 15:49:29,695 INFO: Epoch 685, Train Loss: 0.29537837543795187, Test Loss: 0.6028104871511459 
2024-12-26 15:49:29,756 INFO: Epoch 686, Train Loss: 0.29697748682191294, Test Loss: 0.6110588982701302 
2024-12-26 15:49:29,819 INFO: Epoch 687, Train Loss: 0.2961328130575918, Test Loss: 0.6064429730176926 
2024-12-26 15:49:29,868 INFO: Epoch 688, Train Loss: 0.29611720385089996, Test Loss: 0.6078281402587891 
2024-12-26 15:49:29,917 INFO: Epoch 689, Train Loss: 0.29811579565848073, Test Loss: 0.6191606596112251 
2024-12-26 15:49:29,969 INFO: Epoch 690, Train Loss: 0.29687576092058615, Test Loss: 0.6064518876373768 
2024-12-26 15:49:30,034 INFO: Epoch 691, Train Loss: 0.2941285814008405, Test Loss: 0.6054519452154636 
2024-12-26 15:49:30,084 INFO: Epoch 692, Train Loss: 0.2936169682971893, Test Loss: 0.6047061868011951 
2024-12-26 15:49:30,136 INFO: Epoch 693, Train Loss: 0.3021810819064417, Test Loss: 0.605575792491436 
2024-12-26 15:49:30,191 INFO: Epoch 694, Train Loss: 0.3021410487351879, Test Loss: 0.618285033851862 
2024-12-26 15:49:30,249 INFO: Epoch 695, Train Loss: 0.29533358206672056, Test Loss: 0.6011376827955246 
2024-12-26 15:49:30,297 INFO: Epoch 696, Train Loss: 0.2977668450724694, Test Loss: 0.6072953790426254 
2024-12-26 15:49:30,347 INFO: Epoch 697, Train Loss: 0.2909968480948479, Test Loss: 0.6079088151454926 
2024-12-26 15:49:30,394 INFO: Epoch 698, Train Loss: 0.2918392741872418, Test Loss: 0.609069362282753 
2024-12-26 15:49:30,457 INFO: Epoch 699, Train Loss: 0.30023055499599827, Test Loss: 0.6182945631444454 
2024-12-26 15:49:30,506 INFO: Epoch 700, Train Loss: 0.29845826231664224, Test Loss: 0.6091185621917248 
2024-12-26 15:49:30,554 INFO: Epoch 701, Train Loss: 0.293244787762242, Test Loss: 0.6127501055598259 
2024-12-26 15:49:30,613 INFO: Epoch 702, Train Loss: 0.29640070228807386, Test Loss: 0.6191977597773075 
2024-12-26 15:49:30,677 INFO: Epoch 703, Train Loss: 0.2951624604963487, Test Loss: 0.6140457093715668 
2024-12-26 15:49:30,728 INFO: Epoch 704, Train Loss: 0.2962058167303762, Test Loss: 0.6036079041659832 
2024-12-26 15:49:30,777 INFO: Epoch 705, Train Loss: 0.2936179445635888, Test Loss: 0.6047431826591492 
2024-12-26 15:49:30,829 INFO: Epoch 706, Train Loss: 0.29399761365305993, Test Loss: 0.6102351993322372 
2024-12-26 15:49:30,888 INFO: Epoch 707, Train Loss: 0.29283670984929605, Test Loss: 0.6031601168215275 
2024-12-26 15:49:30,939 INFO: Epoch 708, Train Loss: 0.2939940152629729, Test Loss: 0.6100790128111839 
2024-12-26 15:49:30,988 INFO: Epoch 709, Train Loss: 0.29151083528995514, Test Loss: 0.6072785258293152 
2024-12-26 15:49:31,037 INFO: Epoch 710, Train Loss: 0.29208644888093394, Test Loss: 0.6061305366456509 
2024-12-26 15:49:31,098 INFO: Epoch 711, Train Loss: 0.2929729208830864, Test Loss: 0.6164604984223843 
2024-12-26 15:49:31,149 INFO: Epoch 712, Train Loss: 0.28944518008539755, Test Loss: 0.6163745895028114 
2024-12-26 15:49:31,197 INFO: Epoch 713, Train Loss: 0.29094567991072134, Test Loss: 0.6101143471896648 
2024-12-26 15:49:31,245 INFO: Epoch 714, Train Loss: 0.29165534386711733, Test Loss: 0.6067373193800449 
2024-12-26 15:49:31,309 INFO: Epoch 715, Train Loss: 0.2918834681472471, Test Loss: 0.6111356057226658 
2024-12-26 15:49:31,361 INFO: Epoch 716, Train Loss: 0.29238054204371666, Test Loss: 0.6125528961420059 
2024-12-26 15:49:31,410 INFO: Epoch 717, Train Loss: 0.2970437441141375, Test Loss: 0.6104061789810658 
2024-12-26 15:49:31,462 INFO: Epoch 718, Train Loss: 0.29280842744535013, Test Loss: 0.6219474226236343 
2024-12-26 15:49:31,522 INFO: Epoch 719, Train Loss: 0.29334879979010553, Test Loss: 0.605834387242794 
2024-12-26 15:49:31,572 INFO: Epoch 720, Train Loss: 0.2947083029054826, Test Loss: 0.6084794104099274 
2024-12-26 15:49:31,621 INFO: Epoch 721, Train Loss: 0.2928400501128166, Test Loss: 0.6247016936540604 
2024-12-26 15:49:31,670 INFO: Epoch 722, Train Loss: 0.29028113426700713, Test Loss: 0.6072212308645248 
2024-12-26 15:49:31,734 INFO: Epoch 723, Train Loss: 0.29116379830145067, Test Loss: 0.6140493825078011 
2024-12-26 15:49:31,784 INFO: Epoch 724, Train Loss: 0.29030242658430533, Test Loss: 0.6063360199332237 
2024-12-26 15:49:31,834 INFO: Epoch 725, Train Loss: 0.2938350328514653, Test Loss: 0.6098169907927513 
2024-12-26 15:49:31,886 INFO: Epoch 726, Train Loss: 0.2935887012750872, Test Loss: 0.6095583848655224 
2024-12-26 15:49:31,944 INFO: Epoch 727, Train Loss: 0.29331184587171, Test Loss: 0.608656469732523 
2024-12-26 15:49:31,992 INFO: Epoch 728, Train Loss: 0.2927634153635271, Test Loss: 0.6169940568506718 
2024-12-26 15:49:32,041 INFO: Epoch 729, Train Loss: 0.291399150125442, Test Loss: 0.6086179614067078 
2024-12-26 15:49:32,091 INFO: Epoch 730, Train Loss: 0.2947351312445056, Test Loss: 0.6097080111503601 
2024-12-26 15:49:32,152 INFO: Epoch 731, Train Loss: 0.29093552549039164, Test Loss: 0.6143609993159771 
2024-12-26 15:49:32,200 INFO: Epoch 732, Train Loss: 0.28994970984997287, Test Loss: 0.6068771220743656 
2024-12-26 15:49:32,252 INFO: Epoch 733, Train Loss: 0.2904286942174358, Test Loss: 0.6133983433246613 
2024-12-26 15:49:32,306 INFO: Epoch 734, Train Loss: 0.293570022909872, Test Loss: 0.636528879404068 
2024-12-26 15:49:32,366 INFO: Epoch 735, Train Loss: 0.29452243255030724, Test Loss: 0.6175900734961033 
2024-12-26 15:49:32,416 INFO: Epoch 736, Train Loss: 0.29055023962451565, Test Loss: 0.6167328134179115 
2024-12-26 15:49:32,465 INFO: Epoch 737, Train Loss: 0.2890644544555295, Test Loss: 0.6061338409781456 
2024-12-26 15:49:32,519 INFO: Epoch 738, Train Loss: 0.2866292249771856, Test Loss: 0.6100604981184006 
2024-12-26 15:49:32,582 INFO: Epoch 739, Train Loss: 0.28892280401722076, Test Loss: 0.6098470725119114 
2024-12-26 15:49:32,633 INFO: Epoch 740, Train Loss: 0.2872277536699849, Test Loss: 0.6143748722970486 
2024-12-26 15:49:32,682 INFO: Epoch 741, Train Loss: 0.2894522773642694, Test Loss: 0.6128628179430962 
2024-12-26 15:49:32,733 INFO: Epoch 742, Train Loss: 0.29001096467817983, Test Loss: 0.6116075962781906 
2024-12-26 15:49:32,806 INFO: Epoch 743, Train Loss: 0.293567071999273, Test Loss: 0.6139796413481236 
2024-12-26 15:49:32,856 INFO: Epoch 744, Train Loss: 0.2909808293465645, Test Loss: 0.6166624128818512 
2024-12-26 15:49:32,906 INFO: Epoch 745, Train Loss: 0.2885190902217742, Test Loss: 0.6071337312459946 
2024-12-26 15:49:32,979 INFO: Epoch 746, Train Loss: 0.2900781376707938, Test Loss: 0.6109184063971043 
2024-12-26 15:49:33,026 INFO: Epoch 747, Train Loss: 0.2895918243354367, Test Loss: 0.6097960472106934 
2024-12-26 15:49:33,077 INFO: Epoch 748, Train Loss: 0.2889810093948918, Test Loss: 0.6196946501731873 
2024-12-26 15:49:33,126 INFO: Epoch 749, Train Loss: 0.29286143520186025, Test Loss: 0.6085759624838829 
2024-12-26 15:49:33,178 INFO: Epoch 750, Train Loss: 0.2933626578700158, Test Loss: 0.6061405017971992 
2024-12-26 15:49:33,241 INFO: Epoch 751, Train Loss: 0.2931598439331978, Test Loss: 0.6088178530335426 
2024-12-26 15:49:33,291 INFO: Epoch 752, Train Loss: 0.2897109730589774, Test Loss: 0.62014539539814 
2024-12-26 15:49:33,341 INFO: Epoch 753, Train Loss: 0.2902773815777994, Test Loss: 0.6056088916957378 
2024-12-26 15:49:33,390 INFO: Epoch 754, Train Loss: 0.28904055828048336, Test Loss: 0.6102955974638462 
2024-12-26 15:49:33,452 INFO: Epoch 755, Train Loss: 0.2861518403214793, Test Loss: 0.6085423640906811 
2024-12-26 15:49:33,504 INFO: Epoch 756, Train Loss: 0.292711159875316, Test Loss: 0.6123444847762585 
2024-12-26 15:49:33,554 INFO: Epoch 757, Train Loss: 0.2892841105499575, Test Loss: 0.6147726625204086 
2024-12-26 15:49:33,608 INFO: Epoch 758, Train Loss: 0.2890008452438539, Test Loss: 0.6141430176794529 
2024-12-26 15:49:33,667 INFO: Epoch 759, Train Loss: 0.28525856906367886, Test Loss: 0.6095480024814606 
2024-12-26 15:49:33,718 INFO: Epoch 760, Train Loss: 0.2881089496997095, Test Loss: 0.6112224161624908 
2024-12-26 15:49:33,767 INFO: Epoch 761, Train Loss: 0.2905114634383109, Test Loss: 0.6160966940224171 
2024-12-26 15:49:33,816 INFO: Epoch 762, Train Loss: 0.29305517288946337, Test Loss: 0.6176265962421894 
2024-12-26 15:49:33,878 INFO: Epoch 763, Train Loss: 0.29396875779474935, Test Loss: 0.6101329810917377 
2024-12-26 15:49:33,926 INFO: Epoch 764, Train Loss: 0.2960975468158722, Test Loss: 0.6131965257227421 
2024-12-26 15:49:33,978 INFO: Epoch 765, Train Loss: 0.28778677313558515, Test Loss: 0.606926940381527 
2024-12-26 15:49:34,033 INFO: Epoch 766, Train Loss: 0.2859359133628107, Test Loss: 0.6060653552412987 
2024-12-26 15:49:34,094 INFO: Epoch 767, Train Loss: 0.2848904166490801, Test Loss: 0.6144414693117142 
2024-12-26 15:49:34,145 INFO: Epoch 768, Train Loss: 0.28768575672180424, Test Loss: 0.6124585494399071 
2024-12-26 15:49:34,195 INFO: Epoch 769, Train Loss: 0.28932115051054186, Test Loss: 0.6109561510384083 
2024-12-26 15:49:34,249 INFO: Epoch 770, Train Loss: 0.29020718845628923, Test Loss: 0.6151897571980953 
2024-12-26 15:49:34,310 INFO: Epoch 771, Train Loss: 0.2915022123244501, Test Loss: 0.6072588227689266 
2024-12-26 15:49:34,361 INFO: Epoch 772, Train Loss: 0.2851423573109411, Test Loss: 0.6085433587431908 
2024-12-26 15:49:34,408 INFO: Epoch 773, Train Loss: 0.2841674363420856, Test Loss: 0.6076954826712608 
2024-12-26 15:49:34,458 INFO: Epoch 774, Train Loss: 0.2866778652514181, Test Loss: 0.6172652915120125 
2024-12-26 15:49:34,522 INFO: Epoch 775, Train Loss: 0.28638457002178314, Test Loss: 0.6157841570675373 
2024-12-26 15:49:34,572 INFO: Epoch 776, Train Loss: 0.28920839102037493, Test Loss: 0.613779503852129 
2024-12-26 15:49:34,624 INFO: Epoch 777, Train Loss: 0.2858952538621041, Test Loss: 0.6140657663345337 
2024-12-26 15:49:34,678 INFO: Epoch 778, Train Loss: 0.2899622393231238, Test Loss: 0.6082159504294395 
2024-12-26 15:49:34,739 INFO: Epoch 779, Train Loss: 0.2839311106551078, Test Loss: 0.6055423617362976 
2024-12-26 15:49:34,789 INFO: Epoch 780, Train Loss: 0.28483784246829247, Test Loss: 0.6106786355376244 
2024-12-26 15:49:34,840 INFO: Epoch 781, Train Loss: 0.2884945696400058, Test Loss: 0.608437355607748 
2024-12-26 15:49:34,892 INFO: Epoch 782, Train Loss: 0.28696594940077874, Test Loss: 0.6124870441854 
2024-12-26 15:49:34,951 INFO: Epoch 783, Train Loss: 0.2838040816207086, Test Loss: 0.6188426651060581 
2024-12-26 15:49:35,002 INFO: Epoch 784, Train Loss: 0.286269843097656, Test Loss: 0.6139745488762856 
2024-12-26 15:49:35,052 INFO: Epoch 785, Train Loss: 0.29035710855837793, Test Loss: 0.6214241236448288 
2024-12-26 15:49:35,104 INFO: Epoch 786, Train Loss: 0.28742931687062784, Test Loss: 0.6123500429093838 
2024-12-26 15:49:35,174 INFO: Epoch 787, Train Loss: 0.28367813075742415, Test Loss: 0.6318958066403866 
2024-12-26 15:49:35,225 INFO: Epoch 788, Train Loss: 0.2838369204152015, Test Loss: 0.6109535731375217 
2024-12-26 15:49:35,275 INFO: Epoch 789, Train Loss: 0.28181285098675757, Test Loss: 0.612431962043047 
2024-12-26 15:49:35,332 INFO: Epoch 790, Train Loss: 0.28590380472521626, Test Loss: 0.6218910962343216 
2024-12-26 15:49:35,389 INFO: Epoch 791, Train Loss: 0.28607754265108415, Test Loss: 0.6181191802024841 
2024-12-26 15:49:35,439 INFO: Epoch 792, Train Loss: 0.2879597472567712, Test Loss: 0.6144714765250683 
2024-12-26 15:49:35,489 INFO: Epoch 793, Train Loss: 0.28656168330100273, Test Loss: 0.6151372566819191 
2024-12-26 15:49:35,538 INFO: Epoch 794, Train Loss: 0.28279931410666437, Test Loss: 0.6133702844381332 
2024-12-26 15:49:35,602 INFO: Epoch 795, Train Loss: 0.2861601556501081, Test Loss: 0.6149528510868549 
2024-12-26 15:49:35,653 INFO: Epoch 796, Train Loss: 0.28689973248589423, Test Loss: 0.6173116192221642 
2024-12-26 15:49:35,703 INFO: Epoch 797, Train Loss: 0.28697935948448794, Test Loss: 0.6094833314418793 
2024-12-26 15:49:35,757 INFO: Epoch 798, Train Loss: 0.2865884587649376, Test Loss: 0.6154453940689564 
2024-12-26 15:49:35,816 INFO: Epoch 799, Train Loss: 0.2860263244759652, Test Loss: 0.6107882931828499 
2024-12-26 15:49:35,868 INFO: Epoch 800, Train Loss: 0.2885280083264074, Test Loss: 0.6137342937290668 
2024-12-26 15:49:35,869 INFO: Best Epoch 295, Best Test Loss: 0.558854665607214 
