2025-05-09 15:59:16,585 INFO: log_path:/logs_2025_5_9_HS_mos1_L1/AMFormer_simple_MLP_dim32_depth2_heads4_dropout0.4_fusion0.43_0.57_simple_MLP_lr0.0001_kan_+amformer_rc+fusion_6P 
2025-05-09 15:59:16,585 INFO: Model:namespace(attn_dropout=0.4, categories=[], cluster=3, depth=2, dim=32, ff_dropout=0.4, groups=[54, 54, 54], heads=4, name='AMFormer_simple_MLP_dim32_depth2_heads4_dropout0.4_fusion0.43_0.57_simple_MLP', num_cate=0, num_cont=20, num_special_tokens=1, out_dim=1, predictor='simple_MLP', prod_num_per_group=[6, 6, 6], qk_relu=False, static_fusion={'kan_weight': 0.43, 'trans_weight': 0.57}, sum_num_per_group=[32, 16, 8], target_mode='regression', token_descent=False, use_cls_token=True, use_prod=True, use_row_col_attention=True, use_sigmoid=True) 
2025-05-09 15:59:16,586 INFO: lr:0.0001, loss:L1 
2025-05-09 15:59:16,586 INFO: Dataset:HS_mos1, Target:['metal6_Peak'] 
2025-05-09 15:59:16,586 INFO: ------Begin Training Model------ 
2025-05-09 15:59:28,787 INFO: Epoch 1, Train Loss: 0.3732240096186147, Test Loss: 0.3606819527990678, Inverse Test Loss: 6.029417037963867 
2025-05-09 15:59:32,883 INFO: Epoch 2, Train Loss: 0.3345327905633233, Test Loss: 0.34418537160929513, Inverse Test Loss: 5.788601426517262 
2025-05-09 15:59:37,010 INFO: Epoch 3, Train Loss: 0.3161592065836444, Test Loss: 0.3249167782418868, Inverse Test Loss: 5.541358975803151 
2025-05-09 15:59:41,154 INFO: Epoch 4, Train Loss: 0.30144144143119, Test Loss: 0.30364614549805136, Inverse Test Loss: 5.232960729038014 
2025-05-09 15:59:45,330 INFO: Epoch 5, Train Loss: 0.29156774666273233, Test Loss: 0.302784561234362, Inverse Test Loss: 5.208806711084702 
2025-05-09 15:59:49,521 INFO: Epoch 6, Train Loss: 0.2782545148423224, Test Loss: 0.2773478942758897, Inverse Test Loss: 4.86305241023793 
2025-05-09 15:59:53,703 INFO: Epoch 7, Train Loss: 0.26846178553321143, Test Loss: 0.26979415206348195, Inverse Test Loss: 4.743482000687543 
2025-05-09 15:59:57,933 INFO: Epoch 8, Train Loss: 0.26355953085603134, Test Loss: 0.2549445532700595, Inverse Test Loss: 4.529820077559528 
2025-05-09 16:00:02,149 INFO: Epoch 9, Train Loss: 0.25394465277592343, Test Loss: 0.25253284941701326, Inverse Test Loss: 4.513466919169707 
2025-05-09 16:00:06,317 INFO: Epoch 10, Train Loss: 0.24608610209190485, Test Loss: 0.24156136109548457, Inverse Test Loss: 4.365376234054565 
2025-05-09 16:00:10,487 INFO: Epoch 11, Train Loss: 0.24269984301292535, Test Loss: 0.2402759124250973, Inverse Test Loss: 4.361981293734382 
2025-05-09 16:00:14,663 INFO: Epoch 12, Train Loss: 0.2375273316195517, Test Loss: 0.22256102281458237, Inverse Test Loss: 4.045858705745024 
2025-05-09 16:00:18,825 INFO: Epoch 13, Train Loss: 0.23285876395124377, Test Loss: 0.2263804332298391, Inverse Test Loss: 4.179494871812708 
2025-05-09 16:00:22,978 INFO: Epoch 14, Train Loss: 0.22531392470453726, Test Loss: 0.2163495000670938, Inverse Test Loss: 3.996983149472405 
2025-05-09 16:00:27,076 INFO: Epoch 15, Train Loss: 0.2216067627975435, Test Loss: 0.21254847593167248, Inverse Test Loss: 3.9544325716355266 
2025-05-09 16:00:31,186 INFO: Epoch 16, Train Loss: 0.22078481948736942, Test Loss: 0.2092631327755311, Inverse Test Loss: 3.923768828896915 
2025-05-09 16:00:35,317 INFO: Epoch 17, Train Loss: 0.2149623469872908, Test Loss: 0.2122531559537439, Inverse Test Loss: 3.9874932485468246 
2025-05-09 16:00:39,503 INFO: Epoch 18, Train Loss: 0.21186123585159128, Test Loss: 0.19975090728086584, Inverse Test Loss: 3.788800786523258 
2025-05-09 16:00:43,649 INFO: Epoch 19, Train Loss: 0.20864128863269632, Test Loss: 0.19541843410800486, Inverse Test Loss: 3.7316314753364113 
2025-05-09 16:00:47,825 INFO: Epoch 20, Train Loss: 0.20586559492530246, Test Loss: 0.19278919258538416, Inverse Test Loss: 3.6953783315770767 
2025-05-09 16:00:51,943 INFO: Epoch 21, Train Loss: 0.20145104441678885, Test Loss: 0.19078491978785572, Inverse Test Loss: 3.663546688416425 
2025-05-09 16:00:56,102 INFO: Epoch 22, Train Loss: 0.19854813069105148, Test Loss: 0.18520663240376642, Inverse Test Loss: 3.5742612446055695 
2025-05-09 16:01:00,268 INFO: Epoch 23, Train Loss: 0.1937402401006583, Test Loss: 0.18120364757145152, Inverse Test Loss: 3.5177985780379353 
2025-05-09 16:01:04,421 INFO: Epoch 24, Train Loss: 0.1915681493101698, Test Loss: 0.17911317199468613, Inverse Test Loss: 3.4739323083092186 
2025-05-09 16:01:08,604 INFO: Epoch 25, Train Loss: 0.19012024242318037, Test Loss: 0.1757519354715067, Inverse Test Loss: 3.42096965453204 
2025-05-09 16:01:12,746 INFO: Epoch 26, Train Loss: 0.18586827114675986, Test Loss: 0.17381741106510162, Inverse Test Loss: 3.4173532794503605 
2025-05-09 16:01:16,927 INFO: Epoch 27, Train Loss: 0.18416423361861345, Test Loss: 0.17051166821928584, Inverse Test Loss: 3.361810151268454 
2025-05-09 16:01:21,124 INFO: Epoch 28, Train Loss: 0.18154714708075378, Test Loss: 0.16885378343217514, Inverse Test Loss: 3.3563338728512035 
2025-05-09 16:01:25,300 INFO: Epoch 29, Train Loss: 0.18045053405292105, Test Loss: 0.1661661420674885, Inverse Test Loss: 3.308817793341244 
2025-05-09 16:01:29,500 INFO: Epoch 30, Train Loss: 0.1763719909570434, Test Loss: 0.16458403275293462, Inverse Test Loss: 3.2921205548679127 
2025-05-09 16:01:33,685 INFO: Epoch 31, Train Loss: 0.1743837527253411, Test Loss: 0.16000500672003803, Inverse Test Loss: 3.194050536436193 
2025-05-09 16:01:37,817 INFO: Epoch 32, Train Loss: 0.17032258427052788, Test Loss: 0.15760617308756886, Inverse Test Loss: 3.1749147667604336 
2025-05-09 16:01:41,977 INFO: Epoch 33, Train Loss: 0.16790917380289597, Test Loss: 0.15614795772468343, Inverse Test Loss: 3.1573923475602093 
2025-05-09 16:01:46,175 INFO: Epoch 34, Train Loss: 0.16942550095193315, Test Loss: 0.154056975070168, Inverse Test Loss: 3.0685628442203297 
2025-05-09 16:01:50,367 INFO: Epoch 35, Train Loss: 0.1664908162572167, Test Loss: 0.15271857468520894, Inverse Test Loss: 3.0863212136661304 
2025-05-09 16:01:54,482 INFO: Epoch 36, Train Loss: 0.1661140409608682, Test Loss: 0.15110204062041113, Inverse Test Loss: 3.032040063072653 
2025-05-09 16:01:58,680 INFO: Epoch 37, Train Loss: 0.1632103550840508, Test Loss: 0.1501929917756249, Inverse Test Loss: 3.0617520528681137 
2025-05-09 16:02:02,830 INFO: Epoch 38, Train Loss: 0.16428247139309393, Test Loss: 0.15008640727576086, Inverse Test Loss: 3.0212285799138687 
2025-05-09 16:02:06,981 INFO: Epoch 39, Train Loss: 0.15942686017264018, Test Loss: 0.14700134843587875, Inverse Test Loss: 2.9770861793966854 
2025-05-09 16:02:11,159 INFO: Epoch 40, Train Loss: 0.15832406812996574, Test Loss: 0.1468075189520331, Inverse Test Loss: 2.9928221422083237 
2025-05-09 16:02:15,363 INFO: Epoch 41, Train Loss: 0.15979093584147366, Test Loss: 0.14660006893031738, Inverse Test Loss: 3.0060735870810116 
2025-05-09 16:02:19,535 INFO: Epoch 42, Train Loss: 0.15562657526496684, Test Loss: 0.14313481748104095, Inverse Test Loss: 2.9282021943260643 
2025-05-09 16:02:23,683 INFO: Epoch 43, Train Loss: 0.15556712392153163, Test Loss: 0.1447808672400082, Inverse Test Loss: 2.9887946914224064 
2025-05-09 16:02:27,876 INFO: Epoch 44, Train Loss: 0.15355787358500742, Test Loss: 0.14307031166904113, Inverse Test Loss: 2.931533266516293 
2025-05-09 16:02:32,054 INFO: Epoch 45, Train Loss: 0.15260429240085863, Test Loss: 0.14206469409606037, Inverse Test Loss: 2.8967073244207047 
2025-05-09 16:02:36,276 INFO: Epoch 46, Train Loss: 0.15111048271258673, Test Loss: 0.14074364742811987, Inverse Test Loss: 2.8723638899186077 
2025-05-09 16:02:40,494 INFO: Epoch 47, Train Loss: 0.1520067864295208, Test Loss: 0.1408805365071577, Inverse Test Loss: 2.894170312320485 
2025-05-09 16:02:44,669 INFO: Epoch 48, Train Loss: 0.1527382220056924, Test Loss: 0.13954653634744532, Inverse Test Loss: 2.8573809932259953 
2025-05-09 16:02:48,903 INFO: Epoch 49, Train Loss: 0.148714553000349, Test Loss: 0.13820973170154235, Inverse Test Loss: 2.853101071189432 
2025-05-09 16:02:53,091 INFO: Epoch 50, Train Loss: 0.1481033034171119, Test Loss: 0.1393611821181634, Inverse Test Loss: 2.859063232646269 
2025-05-09 16:02:57,240 INFO: Epoch 51, Train Loss: 0.14788236593206724, Test Loss: 0.13839733512962565, Inverse Test Loss: 2.865548414342544 
2025-05-09 16:03:01,427 INFO: Epoch 52, Train Loss: 0.14760204935164162, Test Loss: 0.1372477889937513, Inverse Test Loss: 2.8130831858691048 
2025-05-09 16:03:05,678 INFO: Epoch 53, Train Loss: 0.1441818829061407, Test Loss: 0.1375079672126209, Inverse Test Loss: 2.831044169033275 
2025-05-09 16:03:09,903 INFO: Epoch 54, Train Loss: 0.1446502028089581, Test Loss: 0.13708406730609782, Inverse Test Loss: 2.7963523023268757 
2025-05-09 16:03:14,083 INFO: Epoch 55, Train Loss: 0.14427015603040205, Test Loss: 0.13699707695666483, Inverse Test Loss: 2.8243035007925594 
2025-05-09 16:03:18,261 INFO: Epoch 56, Train Loss: 0.14239604624383378, Test Loss: 0.13483417998341954, Inverse Test Loss: 2.789817627738504 
2025-05-09 16:03:22,444 INFO: Epoch 57, Train Loss: 0.14257525381716815, Test Loss: 0.13504427671432495, Inverse Test Loss: 2.7747354647692513 
2025-05-09 16:03:26,626 INFO: Epoch 58, Train Loss: 0.14187951690771364, Test Loss: 0.13586637333912008, Inverse Test Loss: 2.7617538115557503 
2025-05-09 16:03:30,826 INFO: Epoch 59, Train Loss: 0.14008436239126956, Test Loss: 0.13353541098973332, Inverse Test Loss: 2.7710666796740364 
2025-05-09 16:03:34,997 INFO: Epoch 60, Train Loss: 0.14001531142628554, Test Loss: 0.1359055195661152, Inverse Test Loss: 2.7477353600894703 
2025-05-09 16:03:39,172 INFO: Epoch 61, Train Loss: 0.13996547934683887, Test Loss: 0.13457458729253097, Inverse Test Loss: 2.744282834670123 
2025-05-09 16:03:43,362 INFO: Epoch 62, Train Loss: 0.14100444610371735, Test Loss: 0.132176354089204, Inverse Test Loss: 2.717413116903866 
2025-05-09 16:03:47,563 INFO: Epoch 63, Train Loss: 0.14029854332858865, Test Loss: 0.133121516336413, Inverse Test Loss: 2.7684605261858772 
2025-05-09 16:03:51,757 INFO: Epoch 64, Train Loss: 0.13842380972522678, Test Loss: 0.13336042314767838, Inverse Test Loss: 2.708990545833812 
2025-05-09 16:03:55,962 INFO: Epoch 65, Train Loss: 0.1379836159899379, Test Loss: 0.12994041337686427, Inverse Test Loss: 2.6995587208691765 
2025-05-09 16:04:00,109 INFO: Epoch 66, Train Loss: 0.13856560386943095, Test Loss: 0.13277947332929163, Inverse Test Loss: 2.7131723095388973 
2025-05-09 16:04:04,263 INFO: Epoch 67, Train Loss: 0.1366607262329622, Test Loss: 0.13199328587335699, Inverse Test Loss: 2.7196570985457478 
2025-05-09 16:04:08,437 INFO: Epoch 68, Train Loss: 0.13495285402644763, Test Loss: 0.13123857449082768, Inverse Test Loss: 2.7305258021635166 
2025-05-09 16:04:12,624 INFO: Epoch 69, Train Loss: 0.13638049431822516, Test Loss: 0.13123222046038685, Inverse Test Loss: 2.7301078263451073 
2025-05-09 16:04:16,846 INFO: Epoch 70, Train Loss: 0.13443169415448653, Test Loss: 0.12809814688037424, Inverse Test Loss: 2.6546609962687775 
2025-05-09 16:04:21,009 INFO: Epoch 71, Train Loss: 0.13351330691666313, Test Loss: 0.1303882822394371, Inverse Test Loss: 2.6882716487435734 
2025-05-09 16:04:25,155 INFO: Epoch 72, Train Loss: 0.13347927356759706, Test Loss: 0.12838967889547348, Inverse Test Loss: 2.6628185580758488 
2025-05-09 16:04:29,309 INFO: Epoch 73, Train Loss: 0.13315513334942586, Test Loss: 0.12914667585316827, Inverse Test Loss: 2.650083773276385 
2025-05-09 16:04:33,515 INFO: Epoch 74, Train Loss: 0.13198587174216905, Test Loss: 0.12821264784125722, Inverse Test Loss: 2.655833405606887 
2025-05-09 16:04:37,761 INFO: Epoch 75, Train Loss: 0.1318283002033378, Test Loss: 0.12865416793262258, Inverse Test Loss: 2.6423549511853386 
2025-05-09 16:04:41,954 INFO: Epoch 76, Train Loss: 0.13172376325184648, Test Loss: 0.12724536262890873, Inverse Test Loss: 2.6479228384354534 
2025-05-09 16:04:46,130 INFO: Epoch 77, Train Loss: 0.1312260167165236, Test Loss: 0.12970611716018005, Inverse Test Loss: 2.7173391790951 
2025-05-09 16:04:50,352 INFO: Epoch 78, Train Loss: 0.1312713645624392, Test Loss: 0.12657886984593728, Inverse Test Loss: 2.6284841719795677 
2025-05-09 16:04:54,566 INFO: Epoch 79, Train Loss: 0.12995378921429315, Test Loss: 0.12765380608684876, Inverse Test Loss: 2.6701395792119644 
2025-05-09 16:04:58,788 INFO: Epoch 80, Train Loss: 0.1286271670551011, Test Loss: 0.12605811414473198, Inverse Test Loss: 2.5925819593317367 
2025-05-09 16:05:02,989 INFO: Epoch 81, Train Loss: 0.12912245828545454, Test Loss: 0.12642921463531606, Inverse Test Loss: 2.5918648453319775 
2025-05-09 16:05:07,188 INFO: Epoch 82, Train Loss: 0.12812671065330505, Test Loss: 0.12567165559705565, Inverse Test Loss: 2.587944598758922 
2025-05-09 16:05:11,337 INFO: Epoch 83, Train Loss: 0.12924714894457298, Test Loss: 0.12536403208094485, Inverse Test Loss: 2.577796964084401 
2025-05-09 16:05:15,484 INFO: Epoch 84, Train Loss: 0.1277071608964241, Test Loss: 0.12507489082567833, Inverse Test Loss: 2.593077168745153 
2025-05-09 16:05:19,664 INFO: Epoch 85, Train Loss: 0.1267461653685931, Test Loss: 0.12726706134922364, Inverse Test Loss: 2.590709728353164 
2025-05-09 16:05:23,847 INFO: Epoch 86, Train Loss: 0.1263032704591751, Test Loss: 0.12496657735284637, Inverse Test Loss: 2.582236177781049 
2025-05-09 16:05:27,967 INFO: Epoch 87, Train Loss: 0.12719703567298976, Test Loss: 0.12530638211790254, Inverse Test Loss: 2.5752141195185043 
2025-05-09 16:05:32,194 INFO: Epoch 88, Train Loss: 0.12603473313378566, Test Loss: 0.12436313094461665, Inverse Test Loss: 2.602853066780988 
2025-05-09 16:05:36,392 INFO: Epoch 89, Train Loss: 0.12363804289788911, Test Loss: 0.12250522721339674, Inverse Test Loss: 2.539337901508107 
2025-05-09 16:05:40,555 INFO: Epoch 90, Train Loss: 0.12430548961415436, Test Loss: 0.12417085140066988, Inverse Test Loss: 2.5971125714919148 
2025-05-09 16:05:44,739 INFO: Epoch 91, Train Loss: 0.12331934973145976, Test Loss: 0.12372807763955172, Inverse Test Loss: 2.5503545438542083 
2025-05-09 16:05:48,939 INFO: Epoch 92, Train Loss: 0.12444480553720937, Test Loss: 0.12313675836605184, Inverse Test Loss: 2.5567378366694733 
2025-05-09 16:05:53,121 INFO: Epoch 93, Train Loss: 0.12373654104091904, Test Loss: 0.12290931799832512, Inverse Test Loss: 2.539414777475245 
2025-05-09 16:05:57,325 INFO: Epoch 94, Train Loss: 0.1230878619420709, Test Loss: 0.12295227300594835, Inverse Test Loss: 2.5773491368574253 
2025-05-09 16:06:01,509 INFO: Epoch 95, Train Loss: 0.12235170038360538, Test Loss: 0.12273467069163042, Inverse Test Loss: 2.5442441982381485 
2025-05-09 16:06:05,648 INFO: Epoch 96, Train Loss: 0.12134932004141086, Test Loss: 0.12241694287342184, Inverse Test Loss: 2.552208381540635 
2025-05-09 16:06:09,808 INFO: Epoch 97, Train Loss: 0.12354024917338834, Test Loss: 0.12214694851461579, Inverse Test Loss: 2.5450180137858673 
2025-05-09 16:06:13,966 INFO: Epoch 98, Train Loss: 0.12136425055337674, Test Loss: 0.12155397762270535, Inverse Test Loss: 2.5218881368637085 
2025-05-09 16:06:18,110 INFO: Epoch 99, Train Loss: 0.12222287386204257, Test Loss: 0.12224031984806061, Inverse Test Loss: 2.55818113859962 
2025-05-09 16:06:22,321 INFO: Epoch 100, Train Loss: 0.1210078928958286, Test Loss: 0.1211426713887383, Inverse Test Loss: 2.5503749146180996 
2025-05-09 16:06:22,321 INFO: Best Epoch 100, Best Test Loss: 0.1211426713887383, Inverse Test Loss: 2.5503749146180996 
2025-05-09 16:06:26,515 INFO: Epoch 101, Train Loss: 0.12153098167795123, Test Loss: 0.12313471953658496, Inverse Test Loss: 2.521132651497336 
2025-05-09 16:06:30,717 INFO: Epoch 102, Train Loss: 0.1202631290211822, Test Loss: 0.12343580845524282, Inverse Test Loss: 2.5271819759817684 
2025-05-09 16:06:34,851 INFO: Epoch 103, Train Loss: 0.12068465306903377, Test Loss: 0.11972649395465851, Inverse Test Loss: 2.49593588885139 
2025-05-09 16:06:39,002 INFO: Epoch 104, Train Loss: 0.1200802419899088, Test Loss: 0.12088598179466584, Inverse Test Loss: 2.496424976517172 
2025-05-09 16:06:43,092 INFO: Epoch 105, Train Loss: 0.11965890968162002, Test Loss: 0.1198837226804565, Inverse Test Loss: 2.4872829773846794 
2025-05-09 16:06:47,307 INFO: Epoch 106, Train Loss: 0.11941709414576039, Test Loss: 0.1195276013630278, Inverse Test Loss: 2.491407499593847 
2025-05-09 16:06:51,474 INFO: Epoch 107, Train Loss: 0.11954735851649081, Test Loss: 0.11882821601979873, Inverse Test Loss: 2.500663392684039 
2025-05-09 16:06:55,641 INFO: Epoch 108, Train Loss: 0.11856019722692894, Test Loss: 0.11868074886939105, Inverse Test Loss: 2.5040890399147484 
2025-05-09 16:06:59,781 INFO: Epoch 109, Train Loss: 0.11714918911457062, Test Loss: 0.11893624593229855, Inverse Test Loss: 2.490297520861906 
2025-05-09 16:07:03,935 INFO: Epoch 110, Train Loss: 0.11738133678833644, Test Loss: 0.11836685284095652, Inverse Test Loss: 2.4668388296576107 
2025-05-09 16:07:08,108 INFO: Epoch 111, Train Loss: 0.11712144574884212, Test Loss: 0.11992804925231372, Inverse Test Loss: 2.5373203964794384 
2025-05-09 16:07:12,275 INFO: Epoch 112, Train Loss: 0.11721605401147496, Test Loss: 0.11970062444315237, Inverse Test Loss: 2.4827193582759186 
2025-05-09 16:07:16,438 INFO: Epoch 113, Train Loss: 0.11753824499971939, Test Loss: 0.11930309981107712, Inverse Test Loss: 2.53608195921954 
2025-05-09 16:07:20,587 INFO: Epoch 114, Train Loss: 0.11586955923474196, Test Loss: 0.1191685239181799, Inverse Test Loss: 2.486334443092346 
2025-05-09 16:07:24,760 INFO: Epoch 115, Train Loss: 0.11637156230933739, Test Loss: 0.11855888498180053, Inverse Test Loss: 2.5122606614056755 
2025-05-09 16:07:28,923 INFO: Epoch 116, Train Loss: 0.11597476052966985, Test Loss: 0.11860974899986211, Inverse Test Loss: 2.4703164100646973 
2025-05-09 16:07:33,120 INFO: Epoch 117, Train Loss: 0.11525701607267062, Test Loss: 0.11697445459225599, Inverse Test Loss: 2.4571674360948452 
2025-05-09 16:07:37,304 INFO: Epoch 118, Train Loss: 0.11556673061215517, Test Loss: 0.11816061879782115, Inverse Test Loss: 2.4677914100534775 
2025-05-09 16:07:41,508 INFO: Epoch 119, Train Loss: 0.11437528817491098, Test Loss: 0.1175860600436435, Inverse Test Loss: 2.4767801200642303 
2025-05-09 16:07:45,704 INFO: Epoch 120, Train Loss: 0.11546817286448045, Test Loss: 0.1182873529546401, Inverse Test Loss: 2.4792481590719784 
2025-05-09 16:07:49,933 INFO: Epoch 121, Train Loss: 0.11505439753333728, Test Loss: 0.11673667588654686, Inverse Test Loss: 2.4452848153955795 
2025-05-09 16:07:54,168 INFO: Epoch 122, Train Loss: 0.11297923157160933, Test Loss: 0.11661287923069562, Inverse Test Loss: 2.4340179878122665 
2025-05-09 16:07:58,430 INFO: Epoch 123, Train Loss: 0.11384880158937338, Test Loss: 0.11763445835779696, Inverse Test Loss: 2.442564606666565 
2025-05-09 16:08:02,674 INFO: Epoch 124, Train Loss: 0.11467004928624991, Test Loss: 0.11628260682610904, Inverse Test Loss: 2.439095476094414 
2025-05-09 16:08:06,881 INFO: Epoch 125, Train Loss: 0.11310958162401662, Test Loss: 0.1170966064228731, Inverse Test Loss: 2.455796571338878 
2025-05-09 16:08:11,118 INFO: Epoch 126, Train Loss: 0.11253806711597876, Test Loss: 0.11820329331299838, Inverse Test Loss: 2.507024512571447 
2025-05-09 16:08:15,312 INFO: Epoch 127, Train Loss: 0.11252470630587953, Test Loss: 0.11707757457214243, Inverse Test Loss: 2.435882982085733 
2025-05-09 16:08:19,512 INFO: Epoch 128, Train Loss: 0.11233505121234691, Test Loss: 0.1171759377945872, Inverse Test Loss: 2.4559240060694076 
2025-05-09 16:08:23,708 INFO: Epoch 129, Train Loss: 0.11170936957227462, Test Loss: 0.11669406316736165, Inverse Test Loss: 2.445433062665603 
2025-05-09 16:08:27,875 INFO: Epoch 130, Train Loss: 0.11158703081309795, Test Loss: 0.11586386272135903, Inverse Test Loss: 2.428495070513557 
2025-05-09 16:08:32,080 INFO: Epoch 131, Train Loss: 0.11070063642480156, Test Loss: 0.1161545274012229, Inverse Test Loss: 2.427024076966678 
2025-05-09 16:08:36,227 INFO: Epoch 132, Train Loss: 0.11199165575883606, Test Loss: 0.11695645267472547, Inverse Test Loss: 2.4201021474950455 
2025-05-09 16:08:40,379 INFO: Epoch 133, Train Loss: 0.11144702418735533, Test Loss: 0.11548621251302607, Inverse Test Loss: 2.404837601325091 
2025-05-09 16:08:44,559 INFO: Epoch 134, Train Loss: 0.11193389818072319, Test Loss: 0.11709256338722565, Inverse Test Loss: 2.424758378197165 
2025-05-09 16:08:48,697 INFO: Epoch 135, Train Loss: 0.11167522158586618, Test Loss: 0.11549965796225212, Inverse Test Loss: 2.4485819199505974 
2025-05-09 16:08:52,857 INFO: Epoch 136, Train Loss: 0.11090418177120613, Test Loss: 0.11413958756362691, Inverse Test Loss: 2.402454046642079 
2025-05-09 16:08:57,037 INFO: Epoch 137, Train Loss: 0.10981415370197008, Test Loss: 0.11450132815276876, Inverse Test Loss: 2.400014638900757 
2025-05-09 16:09:01,146 INFO: Epoch 138, Train Loss: 0.11082667834831006, Test Loss: 0.11476222140824094, Inverse Test Loss: 2.428877921665416 
2025-05-09 16:09:05,352 INFO: Epoch 139, Train Loss: 0.1115779835505016, Test Loss: 0.11505743313361616, Inverse Test Loss: 2.4065048694610596 
2025-05-09 16:09:09,563 INFO: Epoch 140, Train Loss: 0.11016403206370094, Test Loss: 0.11372735526631861, Inverse Test Loss: 2.4035614939296948 
2025-05-09 16:09:13,764 INFO: Epoch 141, Train Loss: 0.10956390676173297, Test Loss: 0.11481199391624507, Inverse Test Loss: 2.4452387655482575 
2025-05-09 16:09:17,951 INFO: Epoch 142, Train Loss: 0.1093276074212609, Test Loss: 0.11372565258951749, Inverse Test Loss: 2.390538012280184 
2025-05-09 16:09:22,160 INFO: Epoch 143, Train Loss: 0.10891529849984428, Test Loss: 0.11471209412111956, Inverse Test Loss: 2.424503712093129 
2025-05-09 16:09:26,380 INFO: Epoch 144, Train Loss: 0.10880321151379382, Test Loss: 0.11460491795750226, Inverse Test Loss: 2.3904056058210483 
2025-05-09 16:09:30,594 INFO: Epoch 145, Train Loss: 0.10898288463552792, Test Loss: 0.11484181070152451, Inverse Test Loss: 2.4036056504530063 
2025-05-09 16:09:34,797 INFO: Epoch 146, Train Loss: 0.1105291061103344, Test Loss: 0.11389543992631576, Inverse Test Loss: 2.3843324535033283 
2025-05-09 16:09:39,000 INFO: Epoch 147, Train Loss: 0.10843171156717069, Test Loss: 0.11467273840132881, Inverse Test Loss: 2.393474312389598 
2025-05-09 16:09:43,176 INFO: Epoch 148, Train Loss: 0.1093217350090995, Test Loss: 0.11323618056143031, Inverse Test Loss: 2.3939452732310578 
2025-05-09 16:09:47,325 INFO: Epoch 149, Train Loss: 0.10612036389383403, Test Loss: 0.11446940066183314, Inverse Test Loss: 2.393358181504642 
2025-05-09 16:09:51,517 INFO: Epoch 150, Train Loss: 0.10779950666156682, Test Loss: 0.11385512132855023, Inverse Test Loss: 2.4066109096302704 
2025-05-09 16:09:55,752 INFO: Epoch 151, Train Loss: 0.10659413344480774, Test Loss: 0.11362367912250407, Inverse Test Loss: 2.374558645136216 
2025-05-09 16:09:59,946 INFO: Epoch 152, Train Loss: 0.10788908781427325, Test Loss: 0.11427255588419297, Inverse Test Loss: 2.380573398926679 
2025-05-09 16:10:04,115 INFO: Epoch 153, Train Loss: 0.10795295046585979, Test Loss: 0.11340895952547297, Inverse Test Loss: 2.385664371883168 
2025-05-09 16:10:08,309 INFO: Epoch 154, Train Loss: 0.10836894849710392, Test Loss: 0.11278929057366707, Inverse Test Loss: 2.3885070506264183 
2025-05-09 16:10:12,527 INFO: Epoch 155, Train Loss: 0.10591885571678479, Test Loss: 0.11321963873856208, Inverse Test Loss: 2.3785948332618263 
2025-05-09 16:10:16,696 INFO: Epoch 156, Train Loss: 0.10633116610574, Test Loss: 0.11279543291996508, Inverse Test Loss: 2.392944476183723 
2025-05-09 16:10:20,894 INFO: Epoch 157, Train Loss: 0.10645108003959511, Test Loss: 0.11250333400333629, Inverse Test Loss: 2.388224054785336 
2025-05-09 16:10:25,050 INFO: Epoch 158, Train Loss: 0.10507466474717314, Test Loss: 0.11372491892646341, Inverse Test Loss: 2.3885340269874122 
2025-05-09 16:10:29,196 INFO: Epoch 159, Train Loss: 0.10586175441064617, Test Loss: 0.1131731398841914, Inverse Test Loss: 2.4193327637279736 
2025-05-09 16:10:33,374 INFO: Epoch 160, Train Loss: 0.10656824064525691, Test Loss: 0.1123297087409917, Inverse Test Loss: 2.3508677202112533 
2025-05-09 16:10:37,540 INFO: Epoch 161, Train Loss: 0.10464782154921329, Test Loss: 0.11429790801861707, Inverse Test Loss: 2.3764828653896557 
2025-05-09 16:10:41,755 INFO: Epoch 162, Train Loss: 0.10611860194441045, Test Loss: 0.11256872906404383, Inverse Test Loss: 2.3569538102430454 
2025-05-09 16:10:45,962 INFO: Epoch 163, Train Loss: 0.10511115238522038, Test Loss: 0.11163741306347005, Inverse Test Loss: 2.3516768707948574 
2025-05-09 16:10:50,175 INFO: Epoch 164, Train Loss: 0.10550569579231017, Test Loss: 0.11206659806125305, Inverse Test Loss: 2.3629293652141796 
2025-05-09 16:10:54,390 INFO: Epoch 165, Train Loss: 0.10451650009913878, Test Loss: 0.11253237461342532, Inverse Test Loss: 2.3576944996328915 
2025-05-09 16:10:58,593 INFO: Epoch 166, Train Loss: 0.10531102775624304, Test Loss: 0.11329990406246747, Inverse Test Loss: 2.3625985664479874 
2025-05-09 16:11:02,815 INFO: Epoch 167, Train Loss: 0.10500343138295593, Test Loss: 0.11228550510371432, Inverse Test Loss: 2.365017470191507 
2025-05-09 16:11:06,936 INFO: Epoch 168, Train Loss: 0.10362158800390633, Test Loss: 0.11176899973960484, Inverse Test Loss: 2.3635624366648056 
2025-05-09 16:11:11,102 INFO: Epoch 169, Train Loss: 0.10433038312828902, Test Loss: 0.11241933966384214, Inverse Test Loss: 2.3519742418737972 
2025-05-09 16:11:15,262 INFO: Epoch 170, Train Loss: 0.10534305825377956, Test Loss: 0.11107471826321938, Inverse Test Loss: 2.3309705958646885 
2025-05-09 16:11:19,425 INFO: Epoch 171, Train Loss: 0.10374055763311459, Test Loss: 0.11249078108983881, Inverse Test Loss: 2.3408703733893 
2025-05-09 16:11:23,611 INFO: Epoch 172, Train Loss: 0.10370494786537054, Test Loss: 0.11171238518813077, Inverse Test Loss: 2.3473817741169647 
2025-05-09 16:11:27,783 INFO: Epoch 173, Train Loss: 0.10305761139501225, Test Loss: 0.11185421049594879, Inverse Test Loss: 2.3898645990035114 
2025-05-09 16:11:31,977 INFO: Epoch 174, Train Loss: 0.10251166739247063, Test Loss: 0.11134057031834826, Inverse Test Loss: 2.379292039310231 
2025-05-09 16:11:36,148 INFO: Epoch 175, Train Loss: 0.10400887477126988, Test Loss: 0.11119212429313098, Inverse Test Loss: 2.3596439431695377 
2025-05-09 16:11:40,336 INFO: Epoch 176, Train Loss: 0.10330590538003227, Test Loss: 0.11059839234632604, Inverse Test Loss: 2.3267248728696037 
2025-05-09 16:11:44,578 INFO: Epoch 177, Train Loss: 0.10239448443506703, Test Loss: 0.11237598736496533, Inverse Test Loss: 2.395702880971572 
2025-05-09 16:11:48,778 INFO: Epoch 178, Train Loss: 0.10205650685185735, Test Loss: 0.11211513486855171, Inverse Test Loss: 2.316195179434384 
2025-05-09 16:11:52,998 INFO: Epoch 179, Train Loss: 0.10094475638911579, Test Loss: 0.1109895820126814, Inverse Test Loss: 2.3427340984344482 
2025-05-09 16:11:57,131 INFO: Epoch 180, Train Loss: 0.10187082478042805, Test Loss: 0.11174402670825229, Inverse Test Loss: 2.3819405401454254 
2025-05-09 16:12:01,282 INFO: Epoch 181, Train Loss: 0.10239933109418912, Test Loss: 0.1108374924344175, Inverse Test Loss: 2.33852957276737 
2025-05-09 16:12:05,463 INFO: Epoch 182, Train Loss: 0.10295224330867782, Test Loss: 0.11142611065331627, Inverse Test Loss: 2.3211840321035946 
2025-05-09 16:12:09,636 INFO: Epoch 183, Train Loss: 0.10037382054283764, Test Loss: 0.11163013494190048, Inverse Test Loss: 2.3663714002160465 
2025-05-09 16:12:13,837 INFO: Epoch 184, Train Loss: 0.10139588165012273, Test Loss: 0.11106210026670904, Inverse Test Loss: 2.319181806900922 
2025-05-09 16:12:18,040 INFO: Epoch 185, Train Loss: 0.10000607523728501, Test Loss: 0.11059817890910541, Inverse Test Loss: 2.3143642018823063 
2025-05-09 16:12:22,222 INFO: Epoch 186, Train Loss: 0.10187207941304553, Test Loss: 0.11081233839778339, Inverse Test Loss: 2.3410839753992416 
2025-05-09 16:12:26,320 INFO: Epoch 187, Train Loss: 0.1022268607648033, Test Loss: 0.11093259383650388, Inverse Test Loss: 2.3043300053652596 
2025-05-09 16:12:30,499 INFO: Epoch 188, Train Loss: 0.10083002264075207, Test Loss: 0.11018358806476873, Inverse Test Loss: 2.3039652880500343 
2025-05-09 16:12:34,659 INFO: Epoch 189, Train Loss: 0.10094555568965999, Test Loss: 0.10948618676732569, Inverse Test Loss: 2.295784487443812 
2025-05-09 16:12:38,856 INFO: Epoch 190, Train Loss: 0.09956223969206665, Test Loss: 0.10910852582139127, Inverse Test Loss: 2.3125047403223373 
2025-05-09 16:12:42,981 INFO: Epoch 191, Train Loss: 0.10123945840380409, Test Loss: 0.10974045492270414, Inverse Test Loss: 2.3236121640485874 
2025-05-09 16:12:47,150 INFO: Epoch 192, Train Loss: 0.09843489877653844, Test Loss: 0.11047697023433797, Inverse Test Loss: 2.3718044687719906 
2025-05-09 16:12:51,319 INFO: Epoch 193, Train Loss: 0.10003436198740294, Test Loss: 0.10977872395340134, Inverse Test Loss: 2.308678900494295 
2025-05-09 16:12:55,498 INFO: Epoch 194, Train Loss: 0.09891566628533782, Test Loss: 0.11153953456703354, Inverse Test Loss: 2.3614569621927597 
2025-05-09 16:12:59,632 INFO: Epoch 195, Train Loss: 0.09965189365726529, Test Loss: 0.10922065771677915, Inverse Test Loss: 2.3181613823946785 
2025-05-09 16:13:03,795 INFO: Epoch 196, Train Loss: 0.10097046399658377, Test Loss: 0.1111604586681899, Inverse Test Loss: 2.3165928686366364 
2025-05-09 16:13:07,935 INFO: Epoch 197, Train Loss: 0.10018983912287337, Test Loss: 0.10987013972857419, Inverse Test Loss: 2.338233982815462 
2025-05-09 16:13:12,083 INFO: Epoch 198, Train Loss: 0.0996679939103849, Test Loss: 0.10997537896037102, Inverse Test Loss: 2.356291139827055 
2025-05-09 16:13:16,337 INFO: Epoch 199, Train Loss: 0.09942341166915315, Test Loss: 0.11144947151050848, Inverse Test Loss: 2.319892308291267 
2025-05-09 16:13:20,559 INFO: Epoch 200, Train Loss: 0.09897355526459939, Test Loss: 0.1093188096933505, Inverse Test Loss: 2.325784311575048 
2025-05-09 16:13:20,559 INFO: Best Epoch 190, Best Test Loss: 0.10910852582139127, Inverse Test Loss: 2.3125047403223373 
2025-05-09 16:13:24,714 INFO: Epoch 201, Train Loss: 0.09828848256306215, Test Loss: 0.10921657041591756, Inverse Test Loss: 2.299136386198156 
2025-05-09 16:13:28,909 INFO: Epoch 202, Train Loss: 0.09673590258215413, Test Loss: 0.11154774203896523, Inverse Test Loss: 2.403832232250887 
2025-05-09 16:13:33,095 INFO: Epoch 203, Train Loss: 0.09895417788489298, Test Loss: 0.11020324817475151, Inverse Test Loss: 2.2947518334669224 
2025-05-09 16:13:37,303 INFO: Epoch 204, Train Loss: 0.09647142238011866, Test Loss: 0.10884070440250285, Inverse Test Loss: 2.2941599523319915 
2025-05-09 16:13:41,477 INFO: Epoch 205, Train Loss: 0.09770255214111372, Test Loss: 0.11045164790223627, Inverse Test Loss: 2.2954991004046272 
2025-05-09 16:13:45,687 INFO: Epoch 206, Train Loss: 0.09762504719423526, Test Loss: 0.10957784884992768, Inverse Test Loss: 2.329603643978343 
2025-05-09 16:13:49,911 INFO: Epoch 207, Train Loss: 0.09779043247302373, Test Loss: 0.10954368508913938, Inverse Test Loss: 2.29215443835539 
2025-05-09 16:13:54,124 INFO: Epoch 208, Train Loss: 0.09702071750705893, Test Loss: 0.10900676294284709, Inverse Test Loss: 2.280043742235969 
2025-05-09 16:13:58,311 INFO: Epoch 209, Train Loss: 0.09697046418758956, Test Loss: 0.10952218139872831, Inverse Test Loss: 2.289148148368387 
2025-05-09 16:14:02,475 INFO: Epoch 210, Train Loss: 0.09606468948450955, Test Loss: 0.10912604739560801, Inverse Test Loss: 2.2967930891934563 
2025-05-09 16:14:06,651 INFO: Epoch 211, Train Loss: 0.09638754566284743, Test Loss: 0.11005974977332003, Inverse Test Loss: 2.2838801285799812 
2025-05-09 16:14:10,829 INFO: Epoch 212, Train Loss: 0.09738186283996611, Test Loss: 0.10895538680693682, Inverse Test Loss: 2.3056344144484577 
2025-05-09 16:14:14,975 INFO: Epoch 213, Train Loss: 0.09609260280249697, Test Loss: 0.10785590879180852, Inverse Test Loss: 2.302260574172525 
2025-05-09 16:14:19,153 INFO: Epoch 214, Train Loss: 0.09687431907337724, Test Loss: 0.10823728823486496, Inverse Test Loss: 2.2790487233330223 
2025-05-09 16:14:23,304 INFO: Epoch 215, Train Loss: 0.09617476080628959, Test Loss: 0.1085833052501959, Inverse Test Loss: 2.3192751127130844 
2025-05-09 16:14:27,488 INFO: Epoch 216, Train Loss: 0.09587210495815132, Test Loss: 0.10762148744919721, Inverse Test Loss: 2.284529040841495 
2025-05-09 16:14:31,657 INFO: Epoch 217, Train Loss: 0.09627690741961653, Test Loss: 0.10758255049586296, Inverse Test Loss: 2.282028043971342 
2025-05-09 16:14:35,860 INFO: Epoch 218, Train Loss: 0.09597698982917902, Test Loss: 0.10745185701286092, Inverse Test Loss: 2.267616587526658 
2025-05-09 16:14:40,049 INFO: Epoch 219, Train Loss: 0.09453095179615599, Test Loss: 0.10748658088200233, Inverse Test Loss: 2.278392889920403 
2025-05-09 16:14:44,245 INFO: Epoch 220, Train Loss: 0.09663588192426797, Test Loss: 0.11139763497254428, Inverse Test Loss: 2.4175157266504623 
2025-05-09 16:14:48,442 INFO: Epoch 221, Train Loss: 0.09598379113683195, Test Loss: 0.1074614014257403, Inverse Test Loss: 2.263725014293895 
2025-05-09 16:14:52,667 INFO: Epoch 222, Train Loss: 0.09558328557195085, Test Loss: 0.10747813038966235, Inverse Test Loss: 2.270867537049686 
2025-05-09 16:14:56,878 INFO: Epoch 223, Train Loss: 0.09445204642234427, Test Loss: 0.10739221555345199, Inverse Test Loss: 2.2685540914535522 
2025-05-09 16:15:01,072 INFO: Epoch 224, Train Loss: 0.09366135643512914, Test Loss: 0.10873984238680671, Inverse Test Loss: 2.337683277971604 
2025-05-09 16:15:05,281 INFO: Epoch 225, Train Loss: 0.09556945757658193, Test Loss: 0.10699974592117702, Inverse Test Loss: 2.275373479899238 
2025-05-09 16:15:09,476 INFO: Epoch 226, Train Loss: 0.09492922574281693, Test Loss: 0.10757446968380142, Inverse Test Loss: 2.2713633074479946 
2025-05-09 16:15:13,655 INFO: Epoch 227, Train Loss: 0.09509185690319899, Test Loss: 0.10854491131270633, Inverse Test Loss: 2.2690246666178986 
2025-05-09 16:15:17,825 INFO: Epoch 228, Train Loss: 0.09399665243020563, Test Loss: 0.10766141160446055, Inverse Test Loss: 2.277202802545884 
2025-05-09 16:15:22,039 INFO: Epoch 229, Train Loss: 0.09498818557370793, Test Loss: 0.1082174870021203, Inverse Test Loss: 2.2979473296333763 
2025-05-09 16:15:26,206 INFO: Epoch 230, Train Loss: 0.0948068822988055, Test Loss: 0.10747544423622243, Inverse Test Loss: 2.25089790540583 
2025-05-09 16:15:30,408 INFO: Epoch 231, Train Loss: 0.09431108979113174, Test Loss: 0.10701939901884865, Inverse Test Loss: 2.2472121715545654 
2025-05-09 16:15:34,617 INFO: Epoch 232, Train Loss: 0.09313821792602539, Test Loss: 0.10661494819556966, Inverse Test Loss: 2.2430461294510784 
2025-05-09 16:15:38,760 INFO: Epoch 233, Train Loss: 0.09359307186395834, Test Loss: 0.10687939296750461, Inverse Test Loss: 2.2581069118836345 
2025-05-09 16:15:43,033 INFO: Epoch 234, Train Loss: 0.0934118198400194, Test Loss: 0.10626977462978925, Inverse Test Loss: 2.271669016164892 
2025-05-09 16:15:47,221 INFO: Epoch 235, Train Loss: 0.09380954780587644, Test Loss: 0.10609616295379751, Inverse Test Loss: 2.2616123031167423 
2025-05-09 16:15:51,376 INFO: Epoch 236, Train Loss: 0.09344102239066904, Test Loss: 0.10860856293755419, Inverse Test Loss: 2.257713324883405 
2025-05-09 16:15:55,561 INFO: Epoch 237, Train Loss: 0.09293663490450743, Test Loss: 0.10548075420014999, Inverse Test Loss: 2.233523502069361 
2025-05-09 16:15:59,746 INFO: Epoch 238, Train Loss: 0.091795248289903, Test Loss: 0.1072692178628024, Inverse Test Loss: 2.259682059288025 
2025-05-09 16:16:03,936 INFO: Epoch 239, Train Loss: 0.09289913223774145, Test Loss: 0.10673198761308894, Inverse Test Loss: 2.242287236101487 
2025-05-09 16:16:08,117 INFO: Epoch 240, Train Loss: 0.09227006024483478, Test Loss: 0.10590260169085335, Inverse Test Loss: 2.241812656907474 
2025-05-09 16:16:12,330 INFO: Epoch 241, Train Loss: 0.09166642577584946, Test Loss: 0.10551950970993322, Inverse Test Loss: 2.244212543263155 
2025-05-09 16:16:16,502 INFO: Epoch 242, Train Loss: 0.09263032550613086, Test Loss: 0.10673111326554242, Inverse Test Loss: 2.2564032498527977 
2025-05-09 16:16:20,669 INFO: Epoch 243, Train Loss: 0.0924875767280658, Test Loss: 0.10947836409596835, Inverse Test Loss: 2.27641754991868 
2025-05-09 16:16:24,837 INFO: Epoch 244, Train Loss: 0.09207074716687202, Test Loss: 0.10777097984271891, Inverse Test Loss: 2.3380157035939835 
2025-05-09 16:16:29,003 INFO: Epoch 245, Train Loss: 0.09246297801534335, Test Loss: 0.10933635997421601, Inverse Test Loss: 2.280463562292211 
2025-05-09 16:16:33,163 INFO: Epoch 246, Train Loss: 0.09164079786701636, Test Loss: 0.10631308485479916, Inverse Test Loss: 2.253619474523208 
2025-05-09 16:16:37,318 INFO: Epoch 247, Train Loss: 0.09227537674208482, Test Loss: 0.1061107840608148, Inverse Test Loss: 2.2581144711550545 
2025-05-09 16:16:41,489 INFO: Epoch 248, Train Loss: 0.09222575350467002, Test Loss: 0.10705874224796015, Inverse Test Loss: 2.2490982448353485 
2025-05-09 16:16:45,679 INFO: Epoch 249, Train Loss: 0.09160537600065723, Test Loss: 0.10609577683841481, Inverse Test Loss: 2.2421065007939056 
2025-05-09 16:16:49,860 INFO: Epoch 250, Train Loss: 0.0909179716624997, Test Loss: 0.10645064470522544, Inverse Test Loss: 2.2374134764951816 
2025-05-09 16:16:54,055 INFO: Epoch 251, Train Loss: 0.09175716238943013, Test Loss: 0.10562395874191732, Inverse Test Loss: 2.2506790231255924 
2025-05-09 16:16:58,250 INFO: Epoch 252, Train Loss: 0.09019773312364564, Test Loss: 0.1054287224131472, Inverse Test Loss: 2.230186939239502 
2025-05-09 16:17:02,475 INFO: Epoch 253, Train Loss: 0.09039443725663604, Test Loss: 0.10560741275548935, Inverse Test Loss: 2.241451585994047 
2025-05-09 16:17:06,661 INFO: Epoch 254, Train Loss: 0.09004424828471559, Test Loss: 0.10592250898480415, Inverse Test Loss: 2.237850140122806 
2025-05-09 16:17:10,833 INFO: Epoch 255, Train Loss: 0.09062386524270881, Test Loss: 0.10586384092183675, Inverse Test Loss: 2.252977777929867 
2025-05-09 16:17:15,000 INFO: Epoch 256, Train Loss: 0.08968680769656644, Test Loss: 0.1045685590190046, Inverse Test Loss: 2.240949609700371 
2025-05-09 16:17:19,223 INFO: Epoch 257, Train Loss: 0.09093784986797607, Test Loss: 0.10541315639720243, Inverse Test Loss: 2.2374426827711216 
2025-05-09 16:17:23,394 INFO: Epoch 258, Train Loss: 0.09021590520260912, Test Loss: 0.10502148331964717, Inverse Test Loss: 2.215887841056375 
2025-05-09 16:17:27,549 INFO: Epoch 259, Train Loss: 0.08952338903239279, Test Loss: 0.10814158815671415, Inverse Test Loss: 2.261119519962984 
2025-05-09 16:17:31,692 INFO: Epoch 260, Train Loss: 0.09080187643341946, Test Loss: 0.10775322072646197, Inverse Test Loss: 2.2512440190595737 
2025-05-09 16:17:35,886 INFO: Epoch 261, Train Loss: 0.08945792422375896, Test Loss: 0.10559323167099673, Inverse Test Loss: 2.258531836902394 
2025-05-09 16:17:40,079 INFO: Epoch 262, Train Loss: 0.08907566699340488, Test Loss: 0.104881470255992, Inverse Test Loss: 2.2388080148135914 
2025-05-09 16:17:44,258 INFO: Epoch 263, Train Loss: 0.08889808748481852, Test Loss: 0.10582258114043404, Inverse Test Loss: 2.23681640625 
2025-05-09 16:17:48,385 INFO: Epoch 264, Train Loss: 0.08932018545315121, Test Loss: 0.10490319176631815, Inverse Test Loss: 2.222014953108395 
2025-05-09 16:17:52,561 INFO: Epoch 265, Train Loss: 0.08897557753053578, Test Loss: 0.10516603071899976, Inverse Test Loss: 2.2336570304982803 
2025-05-09 16:17:56,714 INFO: Epoch 266, Train Loss: 0.0887634302630569, Test Loss: 0.10545858609325745, Inverse Test Loss: 2.2244320827371933 
2025-05-09 16:18:00,902 INFO: Epoch 267, Train Loss: 0.0887300603543267, Test Loss: 0.10649357560802908, Inverse Test Loss: 2.307344808297999 
2025-05-09 16:18:05,084 INFO: Epoch 268, Train Loss: 0.08907044718437122, Test Loss: 0.10442167016513207, Inverse Test Loss: 2.2336007777382347 
2025-05-09 16:18:09,227 INFO: Epoch 269, Train Loss: 0.0891826180458972, Test Loss: 0.10580721453708761, Inverse Test Loss: 2.2494685930364273 
2025-05-09 16:18:13,374 INFO: Epoch 270, Train Loss: 0.08925093733000034, Test Loss: 0.10481047126300194, Inverse Test Loss: 2.2156675773508407 
2025-05-09 16:18:17,574 INFO: Epoch 271, Train Loss: 0.08885532340994387, Test Loss: 0.10445133048821897, Inverse Test Loss: 2.222558757838081 
2025-05-09 16:18:21,794 INFO: Epoch 272, Train Loss: 0.08731536770408804, Test Loss: 0.10448274366995867, Inverse Test Loss: 2.2076096534729004 
2025-05-09 16:18:25,973 INFO: Epoch 273, Train Loss: 0.08849147526603757, Test Loss: 0.10374030098319054, Inverse Test Loss: 2.2191247589447918 
2025-05-09 16:18:30,131 INFO: Epoch 274, Train Loss: 0.08744119068212582, Test Loss: 0.10399745645768502, Inverse Test Loss: 2.2072275105644676 
2025-05-09 16:18:34,314 INFO: Epoch 275, Train Loss: 0.08748713491315191, Test Loss: 0.10432322191841462, Inverse Test Loss: 2.2117714881896973 
2025-05-09 16:18:38,538 INFO: Epoch 276, Train Loss: 0.08706166589576186, Test Loss: 0.10437275425476186, Inverse Test Loss: 2.234631201800178 
2025-05-09 16:18:42,788 INFO: Epoch 277, Train Loss: 0.08804595555094155, Test Loss: 0.10483425636501874, Inverse Test Loss: 2.219051999204299 
2025-05-09 16:18:46,998 INFO: Epoch 278, Train Loss: 0.08799826065925034, Test Loss: 0.1040280831649023, Inverse Test Loss: 2.2213016818551456 
2025-05-09 16:18:51,170 INFO: Epoch 279, Train Loss: 0.08799267379623471, Test Loss: 0.10423291693715488, Inverse Test Loss: 2.210402888410232 
2025-05-09 16:18:55,342 INFO: Epoch 280, Train Loss: 0.08754814664522807, Test Loss: 0.10693987152155708, Inverse Test Loss: 2.228055098477532 
2025-05-09 16:18:59,514 INFO: Epoch 281, Train Loss: 0.08721359277313406, Test Loss: 0.10466929853839033, Inverse Test Loss: 2.255982518196106 
2025-05-09 16:19:03,607 INFO: Epoch 282, Train Loss: 0.08803548189726743, Test Loss: 0.10477542175966151, Inverse Test Loss: 2.2112478438545677 
2025-05-09 16:19:07,913 INFO: Epoch 283, Train Loss: 0.08707722688488888, Test Loss: 0.10517282214234858, Inverse Test Loss: 2.2445763419656193 
2025-05-09 16:19:12,309 INFO: Epoch 284, Train Loss: 0.0872581574049863, Test Loss: 0.10775442903532702, Inverse Test Loss: 2.2611897622837738 
2025-05-09 16:19:16,531 INFO: Epoch 285, Train Loss: 0.08682247290782856, Test Loss: 0.10444713033297483, Inverse Test Loss: 2.248253948548261 
2025-05-09 16:19:20,866 INFO: Epoch 286, Train Loss: 0.08696894494421555, Test Loss: 0.10536627602927826, Inverse Test Loss: 2.2201050870558796 
2025-05-09 16:19:25,191 INFO: Epoch 287, Train Loss: 0.0861109382275379, Test Loss: 0.10486615624497919, Inverse Test Loss: 2.25140441866482 
2025-05-09 16:19:29,449 INFO: Epoch 288, Train Loss: 0.08678883630217928, Test Loss: 0.10470607767210287, Inverse Test Loss: 2.236092546406914 
2025-05-09 16:19:33,764 INFO: Epoch 289, Train Loss: 0.0862313834103671, Test Loss: 0.10509208589792252, Inverse Test Loss: 2.2181001831503475 
2025-05-09 16:19:38,028 INFO: Epoch 290, Train Loss: 0.08589321324093775, Test Loss: 0.1029721068985322, Inverse Test Loss: 2.1927860624649944 
2025-05-09 16:19:42,231 INFO: Epoch 291, Train Loss: 0.08498656586038345, Test Loss: 0.10427295635728275, Inverse Test Loss: 2.2035733952241787 
2025-05-09 16:19:46,521 INFO: Epoch 292, Train Loss: 0.08529636788774621, Test Loss: 0.10337588147205465, Inverse Test Loss: 2.200272560119629 
2025-05-09 16:19:50,672 INFO: Epoch 293, Train Loss: 0.08686897960124594, Test Loss: 0.10536537516643019, Inverse Test Loss: 2.217697599354912 
2025-05-09 16:19:54,964 INFO: Epoch 294, Train Loss: 0.08603637558266972, Test Loss: 0.1057502022560905, Inverse Test Loss: 2.2008906883351944 
2025-05-09 16:19:59,124 INFO: Epoch 295, Train Loss: 0.08585282059555704, Test Loss: 0.10801894787479849, Inverse Test Loss: 2.3498999651740577 
2025-05-09 16:20:03,328 INFO: Epoch 296, Train Loss: 0.08659599196504462, Test Loss: 0.10320987727712183, Inverse Test Loss: 2.191545802004197 
2025-05-09 16:20:07,509 INFO: Epoch 297, Train Loss: 0.08519875805712107, Test Loss: 0.10378546399228714, Inverse Test Loss: 2.214607505237355 
2025-05-09 16:20:11,777 INFO: Epoch 298, Train Loss: 0.08530522730540145, Test Loss: 0.1030042653574663, Inverse Test Loss: 2.1848779005162857 
2025-05-09 16:20:15,899 INFO: Epoch 299, Train Loss: 0.08588519387624481, Test Loss: 0.10359209907405517, Inverse Test Loss: 2.1974215507507324 
2025-05-09 16:20:19,974 INFO: Epoch 300, Train Loss: 0.08501449498263272, Test Loss: 0.10394397947718115, Inverse Test Loss: 2.21495862568126 
2025-05-09 16:20:19,974 INFO: Best Epoch 290, Best Test Loss: 0.1029721068985322, Inverse Test Loss: 2.1927860624649944 
2025-05-09 16:20:24,221 INFO: Epoch 301, Train Loss: 0.08609557964585045, Test Loss: 0.10387747778612025, Inverse Test Loss: 2.2010867595672607 
2025-05-09 16:20:28,630 INFO: Epoch 302, Train Loss: 0.08411705742279689, Test Loss: 0.10416347095194985, Inverse Test Loss: 2.222361452439252 
2025-05-09 16:20:32,768 INFO: Epoch 303, Train Loss: 0.08476694995029406, Test Loss: 0.10360700724756017, Inverse Test Loss: 2.1976027418585384 
2025-05-09 16:20:37,002 INFO: Epoch 304, Train Loss: 0.08456777809469988, Test Loss: 0.1033165969831102, Inverse Test Loss: 2.1944545647677254 
2025-05-09 16:20:41,181 INFO: Epoch 305, Train Loss: 0.08501280138664173, Test Loss: 0.10547932588002261, Inverse Test Loss: 2.2106167639003083 
2025-05-09 16:20:45,512 INFO: Epoch 306, Train Loss: 0.084889950682268, Test Loss: 0.10381474871845807, Inverse Test Loss: 2.2001178474987255 
2025-05-09 16:20:49,693 INFO: Epoch 307, Train Loss: 0.08498464767454249, Test Loss: 0.1046123132109642, Inverse Test Loss: 2.2057669793858246 
2025-05-09 16:20:53,972 INFO: Epoch 308, Train Loss: 0.08338509477449185, Test Loss: 0.10298477266641225, Inverse Test Loss: 2.207060189808116 
2025-05-09 16:20:58,136 INFO: Epoch 309, Train Loss: 0.08500332424812244, Test Loss: 0.1027217454770032, Inverse Test Loss: 2.1894101535572723 
2025-05-09 16:21:02,386 INFO: Epoch 310, Train Loss: 0.0840252134384531, Test Loss: 0.10406273559612386, Inverse Test Loss: 2.2047710839439842 
2025-05-09 16:21:06,594 INFO: Epoch 311, Train Loss: 0.08429783198869589, Test Loss: 0.10341098773128846, Inverse Test Loss: 2.2084285371443806 
2025-05-09 16:21:10,739 INFO: Epoch 312, Train Loss: 0.0846743703904477, Test Loss: 0.10452522775706123, Inverse Test Loss: 2.207742354449104 
2025-05-09 16:21:14,857 INFO: Epoch 313, Train Loss: 0.08427569428176591, Test Loss: 0.10270471848985728, Inverse Test Loss: 2.1835071689942303 
2025-05-09 16:21:19,002 INFO: Epoch 314, Train Loss: 0.08456637591800907, Test Loss: 0.1016469137633548, Inverse Test Loss: 2.1658292237450096 
2025-05-09 16:21:23,135 INFO: Epoch 315, Train Loss: 0.08364739156130588, Test Loss: 0.102430258603657, Inverse Test Loss: 2.1885620495852303 
2025-05-09 16:21:27,309 INFO: Epoch 316, Train Loss: 0.08309755939990282, Test Loss: 0.10225355449844808, Inverse Test Loss: 2.1801587132846607 
2025-05-09 16:21:31,465 INFO: Epoch 317, Train Loss: 0.08304872623447215, Test Loss: 0.10230957234607023, Inverse Test Loss: 2.185732504900764 
2025-05-09 16:21:35,613 INFO: Epoch 318, Train Loss: 0.08323607351066488, Test Loss: 0.1022075491354746, Inverse Test Loss: 2.1868963101330925 
2025-05-09 16:21:39,759 INFO: Epoch 319, Train Loss: 0.08247685940428214, Test Loss: 0.10191503561594907, Inverse Test Loss: 2.173649507410386 
2025-05-09 16:21:43,840 INFO: Epoch 320, Train Loss: 0.08393031561916525, Test Loss: 0.10180265894707512, Inverse Test Loss: 2.166515420464908 
2025-05-09 16:21:48,051 INFO: Epoch 321, Train Loss: 0.08256961806028178, Test Loss: 0.10188064329764422, Inverse Test Loss: 2.170598023078021 
2025-05-09 16:21:52,187 INFO: Epoch 322, Train Loss: 0.08330957094828288, Test Loss: 0.10411468893289566, Inverse Test Loss: 2.1921891535029694 
2025-05-09 16:21:56,362 INFO: Epoch 323, Train Loss: 0.08367278579283845, Test Loss: 0.1023779406267054, Inverse Test Loss: 2.2112369046491733 
2025-05-09 16:22:00,562 INFO: Epoch 324, Train Loss: 0.08291241125852773, Test Loss: 0.1024314712952165, Inverse Test Loss: 2.1768839289160336 
2025-05-09 16:22:04,842 INFO: Epoch 325, Train Loss: 0.08307005487608188, Test Loss: 0.10277181885698262, Inverse Test Loss: 2.1795634381911335 
2025-05-09 16:22:08,980 INFO: Epoch 326, Train Loss: 0.08293932010278557, Test Loss: 0.10258084382204448, Inverse Test Loss: 2.193236126619227 
2025-05-09 16:22:13,125 INFO: Epoch 327, Train Loss: 0.08311876699779973, Test Loss: 0.10230897257433218, Inverse Test Loss: 2.1791386323816635 
2025-05-09 16:22:17,372 INFO: Epoch 328, Train Loss: 0.08160761630896365, Test Loss: 0.10131620177451302, Inverse Test Loss: 2.1691717470393463 
2025-05-09 16:22:21,582 INFO: Epoch 329, Train Loss: 0.08277403918856924, Test Loss: 0.10195405123864903, Inverse Test Loss: 2.1759946486529183 
2025-05-09 16:22:25,753 INFO: Epoch 330, Train Loss: 0.08250813203101809, Test Loss: 0.10225794639657526, Inverse Test Loss: 2.1948115194545075 
2025-05-09 16:22:29,928 INFO: Epoch 331, Train Loss: 0.08264540615632679, Test Loss: 0.10314187451320536, Inverse Test Loss: 2.1855406901415657 
2025-05-09 16:22:34,059 INFO: Epoch 332, Train Loss: 0.0829322739419612, Test Loss: 0.10301771058755763, Inverse Test Loss: 2.2213170458288753 
2025-05-09 16:22:38,214 INFO: Epoch 333, Train Loss: 0.08197590505534952, Test Loss: 0.1020056780646829, Inverse Test Loss: 2.161979016135721 
2025-05-09 16:22:42,369 INFO: Epoch 334, Train Loss: 0.08198113716912991, Test Loss: 0.10222658208187889, Inverse Test Loss: 2.1799339126138126 
2025-05-09 16:22:46,512 INFO: Epoch 335, Train Loss: 0.08242254777613914, Test Loss: 0.10155904293060303, Inverse Test Loss: 2.169952820329105 
2025-05-09 16:22:50,647 INFO: Epoch 336, Train Loss: 0.08166278441521255, Test Loss: 0.10128977938609965, Inverse Test Loss: 2.1661786401973053 
2025-05-09 16:22:54,796 INFO: Epoch 337, Train Loss: 0.08103464013247778, Test Loss: 0.10268177705652573, Inverse Test Loss: 2.1759305350920735 
2025-05-09 16:22:58,993 INFO: Epoch 338, Train Loss: 0.08082720778430953, Test Loss: 0.10137633869753164, Inverse Test Loss: 2.1600389971452603 
2025-05-09 16:23:03,189 INFO: Epoch 339, Train Loss: 0.08235684381515691, Test Loss: 0.10336506125681541, Inverse Test Loss: 2.200515726033379 
2025-05-09 16:23:07,352 INFO: Epoch 340, Train Loss: 0.08189806545322592, Test Loss: 0.10197064653038979, Inverse Test Loss: 2.1763777592602898 
2025-05-09 16:23:11,566 INFO: Epoch 341, Train Loss: 0.08045655336569656, Test Loss: 0.10143742513130694, Inverse Test Loss: 2.1549471546621883 
2025-05-09 16:23:15,698 INFO: Epoch 342, Train Loss: 0.08151710360790744, Test Loss: 0.10118641463272712, Inverse Test Loss: 2.166597836157855 
2025-05-09 16:23:19,823 INFO: Epoch 343, Train Loss: 0.07988793702062333, Test Loss: 0.10175072401762009, Inverse Test Loss: 2.1877768740934482 
2025-05-09 16:23:23,981 INFO: Epoch 344, Train Loss: 0.08148501158663721, Test Loss: 0.10198211889056598, Inverse Test Loss: 2.1537622563979206 
2025-05-09 16:23:28,117 INFO: Epoch 345, Train Loss: 0.08176437020301819, Test Loss: 0.10299889830981984, Inverse Test Loss: 2.2090140791500317 
2025-05-09 16:23:32,242 INFO: Epoch 346, Train Loss: 0.0808026519124255, Test Loss: 0.10067881117848788, Inverse Test Loss: 2.1501108828712914 
2025-05-09 16:23:36,361 INFO: Epoch 347, Train Loss: 0.08129138646252228, Test Loss: 0.10152893206652473, Inverse Test Loss: 2.16388104242437 
2025-05-09 16:23:40,491 INFO: Epoch 348, Train Loss: 0.08110256560824135, Test Loss: 0.10260982395094984, Inverse Test Loss: 2.1738926452748917 
2025-05-09 16:23:44,585 INFO: Epoch 349, Train Loss: 0.08086424529778236, Test Loss: 0.10135569467264063, Inverse Test Loss: 2.1549605271395516 
2025-05-09 16:23:48,710 INFO: Epoch 350, Train Loss: 0.0810549905467214, Test Loss: 0.1009756681673667, Inverse Test Loss: 2.1586282042896046 
2025-05-09 16:23:52,869 INFO: Epoch 351, Train Loss: 0.08128985000604932, Test Loss: 0.10186737512840945, Inverse Test Loss: 2.1634075080647186 
2025-05-09 16:23:57,022 INFO: Epoch 352, Train Loss: 0.08178953905448769, Test Loss: 0.10150652422624476, Inverse Test Loss: 2.1535284799688004 
2025-05-09 16:24:01,224 INFO: Epoch 353, Train Loss: 0.07996727768896204, Test Loss: 0.10134006949032054, Inverse Test Loss: 2.170067219173207 
2025-05-09 16:24:05,358 INFO: Epoch 354, Train Loss: 0.08104352517561479, Test Loss: 0.10126602562034831, Inverse Test Loss: 2.1690395649741676 
2025-05-09 16:24:09,504 INFO: Epoch 355, Train Loss: 0.08000265637581999, Test Loss: 0.10141410963500247, Inverse Test Loss: 2.160410628599279 
2025-05-09 16:24:13,643 INFO: Epoch 356, Train Loss: 0.08072939548980106, Test Loss: 0.10142818663050146, Inverse Test Loss: 2.1502503928016212 
2025-05-09 16:24:17,774 INFO: Epoch 357, Train Loss: 0.07952047066029275, Test Loss: 0.10090530181632322, Inverse Test Loss: 2.159367659512688 
2025-05-09 16:24:21,932 INFO: Epoch 358, Train Loss: 0.08023385884183826, Test Loss: 0.10072629898786545, Inverse Test Loss: 2.163329874767977 
2025-05-09 16:24:26,116 INFO: Epoch 359, Train Loss: 0.07944964273183634, Test Loss: 0.10141347348690033, Inverse Test Loss: 2.1777240739149204 
2025-05-09 16:24:30,270 INFO: Epoch 360, Train Loss: 0.07956332645633003, Test Loss: 0.10133333285065259, Inverse Test Loss: 2.154994242331561 
2025-05-09 16:24:34,417 INFO: Epoch 361, Train Loss: 0.08036576256607518, Test Loss: 0.10200545739601641, Inverse Test Loss: 2.1643654037924374 
2025-05-09 16:24:38,635 INFO: Epoch 362, Train Loss: 0.08005129399173187, Test Loss: 0.10161009956808652, Inverse Test Loss: 2.1699014130760643 
2025-05-09 16:24:42,793 INFO: Epoch 363, Train Loss: 0.07854651580705788, Test Loss: 0.10274202771046582, Inverse Test Loss: 2.1966135992723355 
2025-05-09 16:24:45,577 INFO: Epoch 364, Train Loss: 0.0797452215443958, Test Loss: 0.10144366827957771, Inverse Test Loss: 2.154843477641835 
2025-05-09 16:24:47,791 INFO: Epoch 365, Train Loss: 0.07882682256626361, Test Loss: 0.10168577489607475, Inverse Test Loss: 2.167527374099283 
2025-05-09 16:24:49,884 INFO: Epoch 366, Train Loss: 0.07964985845892718, Test Loss: 0.10170055531403598, Inverse Test Loss: 2.1789396720774032 
2025-05-09 16:24:52,046 INFO: Epoch 367, Train Loss: 0.07982139227290948, Test Loss: 0.1015960607020294, Inverse Test Loss: 2.1835952646592083 
2025-05-09 16:24:54,162 INFO: Epoch 368, Train Loss: 0.07927631332793018, Test Loss: 0.10174393873004352, Inverse Test Loss: 2.2052055106443516 
2025-05-09 16:24:56,647 INFO: Epoch 369, Train Loss: 0.07875899914087671, Test Loss: 0.10117283682612811, Inverse Test Loss: 2.1617520135991715 
2025-05-09 16:24:58,827 INFO: Epoch 370, Train Loss: 0.07922265176294428, Test Loss: 0.10284057478694354, Inverse Test Loss: 2.166534627185148 
2025-05-09 16:25:01,074 INFO: Epoch 371, Train Loss: 0.0795302265182589, Test Loss: 0.10254552171510808, Inverse Test Loss: 2.189728961271398 
2025-05-09 16:25:03,301 INFO: Epoch 372, Train Loss: 0.0794698220649452, Test Loss: 0.10360277575605056, Inverse Test Loss: 2.2296486321617577 
2025-05-09 16:25:05,686 INFO: Epoch 373, Train Loss: 0.07852022711074713, Test Loss: 0.10212384558775846, Inverse Test Loss: 2.162520969615263 
2025-05-09 16:25:08,106 INFO: Epoch 374, Train Loss: 0.07918583121940945, Test Loss: 0.10102762742077603, Inverse Test Loss: 2.1518653070225433 
2025-05-09 16:25:10,446 INFO: Epoch 375, Train Loss: 0.07786728436070861, Test Loss: 0.10181542398298488, Inverse Test Loss: 2.1616892043282006 
2025-05-09 16:25:12,951 INFO: Epoch 376, Train Loss: 0.07849413997521906, Test Loss: 0.10206982844016131, Inverse Test Loss: 2.1677776434842277 
2025-05-09 16:25:15,068 INFO: Epoch 377, Train Loss: 0.0786548401934631, Test Loss: 0.10086551264804952, Inverse Test Loss: 2.155485314481399 
2025-05-09 16:25:17,207 INFO: Epoch 378, Train Loss: 0.07830475090128003, Test Loss: 0.1028158195755061, Inverse Test Loss: 2.1845449139090145 
2025-05-09 16:25:19,219 INFO: Epoch 379, Train Loss: 0.07832145318388939, Test Loss: 0.10151439510724124, Inverse Test Loss: 2.15497265142553 
2025-05-09 16:25:21,220 INFO: Epoch 380, Train Loss: 0.078502511436289, Test Loss: 0.10209425166249275, Inverse Test Loss: 2.1857913732528687 
2025-05-09 16:25:23,304 INFO: Epoch 381, Train Loss: 0.07811409483353297, Test Loss: 0.10213848488295779, Inverse Test Loss: 2.163972223506254 
2025-05-09 16:25:25,326 INFO: Epoch 382, Train Loss: 0.07823429634851037, Test Loss: 0.10193467293592061, Inverse Test Loss: 2.1472339630126953 
2025-05-09 16:25:27,445 INFO: Epoch 383, Train Loss: 0.07737448613977793, Test Loss: 0.1022322440848631, Inverse Test Loss: 2.169247732442968 
2025-05-09 16:25:29,594 INFO: Epoch 384, Train Loss: 0.07882277238549608, Test Loss: 0.10076970278340228, Inverse Test Loss: 2.1455335056080536 
2025-05-09 16:25:31,687 INFO: Epoch 385, Train Loss: 0.07888624326071957, Test Loss: 0.10107790284297045, Inverse Test Loss: 2.1561141224468456 
2025-05-09 16:25:33,849 INFO: Epoch 386, Train Loss: 0.07884677251180013, Test Loss: 0.10162130129687927, Inverse Test Loss: 2.183801160139196 
2025-05-09 16:25:36,042 INFO: Epoch 387, Train Loss: 0.07909633450661645, Test Loss: 0.10042489911703502, Inverse Test Loss: 2.1570390462875366 
2025-05-09 16:25:38,535 INFO: Epoch 388, Train Loss: 0.07829393897995804, Test Loss: 0.10057035395327736, Inverse Test Loss: 2.166005057447097 
2025-05-09 16:25:40,660 INFO: Epoch 389, Train Loss: 0.07751133462244814, Test Loss: 0.1016725154922289, Inverse Test Loss: 2.157548855332767 
2025-05-09 16:25:42,820 INFO: Epoch 390, Train Loss: 0.07655269991267812, Test Loss: 0.10129180769709979, Inverse Test Loss: 2.1571382143918205 
2025-05-09 16:25:44,887 INFO: Epoch 391, Train Loss: 0.07821212962947109, Test Loss: 0.10099932113114525, Inverse Test Loss: 2.162733379532309 
2025-05-09 16:25:47,080 INFO: Epoch 392, Train Loss: 0.0770490827095328, Test Loss: 0.10168480610146242, Inverse Test Loss: 2.162837533389821 
2025-05-09 16:25:49,286 INFO: Epoch 393, Train Loss: 0.07682280677060287, Test Loss: 0.10094010435483035, Inverse Test Loss: 2.1540004575953766 
2025-05-09 16:25:51,472 INFO: Epoch 394, Train Loss: 0.0772612930247278, Test Loss: 0.10124029986122075, Inverse Test Loss: 2.164709785405327 
2025-05-09 16:25:53,817 INFO: Epoch 395, Train Loss: 0.07779176380823959, Test Loss: 0.10052439066417077, Inverse Test Loss: 2.1422718202366546 
2025-05-09 16:25:56,156 INFO: Epoch 396, Train Loss: 0.07792015480950024, Test Loss: 0.10188754823277979, Inverse Test Loss: 2.1738327391007366 
2025-05-09 16:25:58,296 INFO: Epoch 397, Train Loss: 0.07611155747012659, Test Loss: 0.101751960156595, Inverse Test Loss: 2.1531534054700066 
2025-05-09 16:26:00,384 INFO: Epoch 398, Train Loss: 0.07766641591760245, Test Loss: 0.10161765226546456, Inverse Test Loss: 2.1871562635197357 
2025-05-09 16:26:02,730 INFO: Epoch 399, Train Loss: 0.07671921175311912, Test Loss: 0.10127839577548645, Inverse Test Loss: 2.148016130222994 
2025-05-09 16:26:04,888 INFO: Epoch 400, Train Loss: 0.07704424338810371, Test Loss: 0.10071862992994926, Inverse Test Loss: 2.151624048457426 
2025-05-09 16:26:04,888 INFO: Best Epoch 387, Best Test Loss: 0.10042489911703502, Inverse Test Loss: 2.1570390462875366 
