2025-02-20 16:11:06,841 INFO: Model:namespace(attn_dropout=0.4, categories=[], cluster=3, depth=2, dim=32, ff_dropout=0.4, groups=[54, 54, 54], heads=4, name='AMFormer_simple_KAN_dim32_depth2_heads4_dropout0.4_simple_KAN', num_cate=0, num_cont=61, num_special_tokens=1, out=1, out_dim=1, predictor='simple_KAN', prod_num_per_group=[6, 6, 6], qk_relu=False, sum_num_per_group=[32, 16, 8], target_mode='regression', token_descent=False, use_cls_token=True, use_prod=False, use_row_col_attention=True, use_sigmoid=True) 
2025-02-20 16:11:06,841 INFO: lr:0.0001, loss:MSE 
2025-02-20 16:11:06,841 INFO: Dataset:Scm, Target:['LBL'] 
2025-02-20 16:11:06,851 INFO: ------Begin Training Model------ 
2025-02-20 16:11:09,273 INFO: Epoch 1, Train Loss: 1.0024287596083523, Test Loss: 1.0141455014546712, Inverse Test Loss: 49866.32864583333 
2025-02-20 16:11:09,893 INFO: Epoch 2, Train Loss: 0.9469466460378546, Test Loss: 0.916169273853302, Inverse Test Loss: 45048.76067708333 
2025-02-20 16:11:10,509 INFO: Epoch 3, Train Loss: 0.7573868088554918, Test Loss: 0.49110810955365497, Inverse Test Loss: 24148.171419270835 
2025-02-20 16:11:11,125 INFO: Epoch 4, Train Loss: 0.5121649131178856, Test Loss: 0.40352168480555217, Inverse Test Loss: 19841.478645833333 
2025-02-20 16:11:11,733 INFO: Epoch 5, Train Loss: 0.4812782349293692, Test Loss: 0.38693326314290366, Inverse Test Loss: 19025.812239583334 
2025-02-20 16:11:12,355 INFO: Epoch 6, Train Loss: 0.46149005544813054, Test Loss: 0.37775506973266604, Inverse Test Loss: 18574.513802083333 
2025-02-20 16:11:12,978 INFO: Epoch 7, Train Loss: 0.4654458562533061, Test Loss: 0.3684574196736018, Inverse Test Loss: 18117.340299479165 
2025-02-20 16:11:13,619 INFO: Epoch 8, Train Loss: 0.4362314133659789, Test Loss: 0.3613749553759893, Inverse Test Loss: 17769.090494791668 
2025-02-20 16:11:14,224 INFO: Epoch 9, Train Loss: 0.4307597357975809, Test Loss: 0.3581042076150576, Inverse Test Loss: 17608.26533203125 
2025-02-20 16:11:14,840 INFO: Epoch 10, Train Loss: 0.42151591835314767, Test Loss: 0.35036169191201527, Inverse Test Loss: 17227.559733072918 
2025-02-20 16:11:15,465 INFO: Epoch 11, Train Loss: 0.41796419573457616, Test Loss: 0.34496517876784005, Inverse Test Loss: 16962.208658854168 
2025-02-20 16:11:16,082 INFO: Epoch 12, Train Loss: 0.40686461172605815, Test Loss: 0.34068922847509386, Inverse Test Loss: 16751.95673828125 
2025-02-20 16:11:16,699 INFO: Epoch 13, Train Loss: 0.4109440597525814, Test Loss: 0.3366509884595871, Inverse Test Loss: 16553.393912760417 
2025-02-20 16:11:17,317 INFO: Epoch 14, Train Loss: 0.3984716186920802, Test Loss: 0.33310605883598327, Inverse Test Loss: 16379.086507161459 
2025-02-20 16:11:17,928 INFO: Epoch 15, Train Loss: 0.3918512379913999, Test Loss: 0.3313353064159552, Inverse Test Loss: 16292.017122395833 
2025-02-20 16:11:18,523 INFO: Epoch 16, Train Loss: 0.4056331311401568, Test Loss: 0.3248411869009336, Inverse Test Loss: 15972.69677734375 
2025-02-20 16:11:19,126 INFO: Epoch 17, Train Loss: 0.38742879712790773, Test Loss: 0.32268243953585624, Inverse Test Loss: 15866.549153645834 
2025-02-20 16:11:19,732 INFO: Epoch 18, Train Loss: 0.38848741038849477, Test Loss: 0.31941644350687665, Inverse Test Loss: 15705.958251953125 
2025-02-20 16:11:20,354 INFO: Epoch 19, Train Loss: 0.3734237691550924, Test Loss: 0.3166597674290339, Inverse Test Loss: 15570.41064453125 
2025-02-20 16:11:20,964 INFO: Epoch 20, Train Loss: 0.3788746631982034, Test Loss: 0.31284671823183696, Inverse Test Loss: 15382.919091796875 
2025-02-20 16:11:21,597 INFO: Epoch 21, Train Loss: 0.39703737879008577, Test Loss: 0.3100061687330405, Inverse Test Loss: 15243.247493489584 
2025-02-20 16:11:22,211 INFO: Epoch 22, Train Loss: 0.377282836980987, Test Loss: 0.30534731621543565, Inverse Test Loss: 15014.167936197917 
2025-02-20 16:11:22,837 INFO: Epoch 23, Train Loss: 0.3676540616311525, Test Loss: 0.3042378502587477, Inverse Test Loss: 14959.613704427084 
2025-02-20 16:11:23,441 INFO: Epoch 24, Train Loss: 0.36134388154013114, Test Loss: 0.303303545465072, Inverse Test Loss: 14913.673307291667 
2025-02-20 16:11:24,047 INFO: Epoch 25, Train Loss: 0.37824853941013936, Test Loss: 0.3007634316881498, Inverse Test Loss: 14788.774967447916 
2025-02-20 16:11:24,694 INFO: Epoch 26, Train Loss: 0.3584346062781518, Test Loss: 0.29746207868059477, Inverse Test Loss: 14626.444108072918 
2025-02-20 16:11:25,367 INFO: Epoch 27, Train Loss: 0.3620506593009882, Test Loss: 0.29746281951665876, Inverse Test Loss: 14626.480322265625 
2025-02-20 16:11:25,977 INFO: Epoch 28, Train Loss: 0.37085604353954915, Test Loss: 0.294061300655206, Inverse Test Loss: 14459.225520833334 
2025-02-20 16:11:26,575 INFO: Epoch 29, Train Loss: 0.3518151789903641, Test Loss: 0.29209253216783204, Inverse Test Loss: 14362.419514973959 
2025-02-20 16:11:27,190 INFO: Epoch 30, Train Loss: 0.3530265678439224, Test Loss: 0.2920290045440197, Inverse Test Loss: 14359.295849609374 
2025-02-20 16:11:27,874 INFO: Epoch 31, Train Loss: 0.34688147118217066, Test Loss: 0.28841896578669546, Inverse Test Loss: 14181.786686197916 
2025-02-20 16:11:28,476 INFO: Epoch 32, Train Loss: 0.344674249751526, Test Loss: 0.2873872764408588, Inverse Test Loss: 14131.058170572916 
2025-02-20 16:11:29,076 INFO: Epoch 33, Train Loss: 0.3423242657036896, Test Loss: 0.2855913815399011, Inverse Test Loss: 14042.752587890625 
2025-02-20 16:11:29,676 INFO: Epoch 34, Train Loss: 0.34111526843748596, Test Loss: 0.2874957303206126, Inverse Test Loss: 14136.390234375 
2025-02-20 16:11:30,266 INFO: Epoch 35, Train Loss: 0.3465313393818705, Test Loss: 0.282884019613266, Inverse Test Loss: 13909.629850260417 
2025-02-20 16:11:30,868 INFO: Epoch 36, Train Loss: 0.3356661773041675, Test Loss: 0.2822842096288999, Inverse Test Loss: 13880.13671875 
2025-02-20 16:11:31,469 INFO: Epoch 37, Train Loss: 0.33408505639486147, Test Loss: 0.2786420859396458, Inverse Test Loss: 13701.0501953125 
2025-02-20 16:11:32,071 INFO: Epoch 38, Train Loss: 0.3320138100207898, Test Loss: 0.278445366024971, Inverse Test Loss: 13691.377067057292 
2025-02-20 16:11:32,677 INFO: Epoch 39, Train Loss: 0.3292381077220565, Test Loss: 0.2761105810602506, Inverse Test Loss: 13576.574137369791 
2025-02-20 16:11:33,286 INFO: Epoch 40, Train Loss: 0.3287380353400582, Test Loss: 0.2744896759589513, Inverse Test Loss: 13496.873095703126 
2025-02-20 16:11:33,874 INFO: Epoch 41, Train Loss: 0.3273512993596102, Test Loss: 0.2817499073843161, Inverse Test Loss: 13853.864233398437 
2025-02-20 16:11:34,484 INFO: Epoch 42, Train Loss: 0.32944864609785246, Test Loss: 0.27224915027618407, Inverse Test Loss: 13386.704947916667 
2025-02-20 16:11:35,082 INFO: Epoch 43, Train Loss: 0.3234479778952766, Test Loss: 0.2710485594968001, Inverse Test Loss: 13327.670572916666 
2025-02-20 16:11:35,698 INFO: Epoch 44, Train Loss: 0.32836409932688665, Test Loss: 0.2699721038341522, Inverse Test Loss: 13274.740299479166 
2025-02-20 16:11:36,291 INFO: Epoch 45, Train Loss: 0.32846972084881965, Test Loss: 0.27035346056024234, Inverse Test Loss: 13293.491845703125 
2025-02-20 16:11:36,897 INFO: Epoch 46, Train Loss: 0.3202232325024772, Test Loss: 0.26839887301127113, Inverse Test Loss: 13197.383610026041 
2025-02-20 16:11:37,515 INFO: Epoch 47, Train Loss: 0.3267407584608647, Test Loss: 0.26871046821276345, Inverse Test Loss: 13212.704850260418 
2025-02-20 16:11:38,123 INFO: Epoch 48, Train Loss: 0.31562936861525503, Test Loss: 0.2711108403901259, Inverse Test Loss: 13330.732747395834 
2025-02-20 16:11:38,728 INFO: Epoch 49, Train Loss: 0.31132979246608, Test Loss: 0.2640466531117757, Inverse Test Loss: 12983.381298828124 
2025-02-20 16:11:39,382 INFO: Epoch 50, Train Loss: 0.3234066879540159, Test Loss: 0.26269862552483875, Inverse Test Loss: 12917.097623697917 
2025-02-20 16:11:40,036 INFO: Epoch 51, Train Loss: 0.31387216663151457, Test Loss: 0.2627066974838575, Inverse Test Loss: 12917.494807942709 
2025-02-20 16:11:40,690 INFO: Epoch 52, Train Loss: 0.3067689292263566, Test Loss: 0.2599076315760612, Inverse Test Loss: 12779.862727864584 
2025-02-20 16:11:41,295 INFO: Epoch 53, Train Loss: 0.3108480272063038, Test Loss: 0.2583207348982493, Inverse Test Loss: 12701.833675130209 
2025-02-20 16:11:41,896 INFO: Epoch 54, Train Loss: 0.3092092704354671, Test Loss: 0.2582981243729591, Inverse Test Loss: 12700.722037760417 
2025-02-20 16:11:42,499 INFO: Epoch 55, Train Loss: 0.31209088809657515, Test Loss: 0.2578425327936808, Inverse Test Loss: 12678.319466145833 
2025-02-20 16:11:43,109 INFO: Epoch 56, Train Loss: 0.3116977447480486, Test Loss: 0.2565483386317889, Inverse Test Loss: 12614.68310546875 
2025-02-20 16:11:43,755 INFO: Epoch 57, Train Loss: 0.30857168111884803, Test Loss: 0.2566966344912847, Inverse Test Loss: 12621.975048828124 
2025-02-20 16:11:44,360 INFO: Epoch 58, Train Loss: 0.3013238567009307, Test Loss: 0.25251874377330147, Inverse Test Loss: 12416.54482421875 
2025-02-20 16:11:44,986 INFO: Epoch 59, Train Loss: 0.35589994882282455, Test Loss: 0.25309505065282184, Inverse Test Loss: 12444.88232421875 
2025-02-20 16:11:45,665 INFO: Epoch 60, Train Loss: 0.3048196823189133, Test Loss: 0.25318633715311684, Inverse Test Loss: 12449.370768229166 
2025-02-20 16:11:46,327 INFO: Epoch 61, Train Loss: 0.30589782119842995, Test Loss: 0.25258669853210447, Inverse Test Loss: 12419.886979166668 
2025-02-20 16:11:46,992 INFO: Epoch 62, Train Loss: 0.30265299557593833, Test Loss: 0.2541347453991572, Inverse Test Loss: 12496.005501302083 
2025-02-20 16:11:47,596 INFO: Epoch 63, Train Loss: 0.30257367538778407, Test Loss: 0.25430500557025276, Inverse Test Loss: 12504.376643880209 
2025-02-20 16:11:48,266 INFO: Epoch 64, Train Loss: 0.31252169086222065, Test Loss: 0.2526120359698931, Inverse Test Loss: 12421.1330078125 
2025-02-20 16:11:48,914 INFO: Epoch 65, Train Loss: 0.3065296565754372, Test Loss: 0.2507929340004921, Inverse Test Loss: 12331.68544921875 
2025-02-20 16:11:49,600 INFO: Epoch 66, Train Loss: 0.3021636134699771, Test Loss: 0.25085151493549346, Inverse Test Loss: 12334.565885416667 
2025-02-20 16:11:50,353 INFO: Epoch 67, Train Loss: 0.29998334275003063, Test Loss: 0.2518982023000717, Inverse Test Loss: 12386.03291015625 
2025-02-20 16:11:50,982 INFO: Epoch 68, Train Loss: 0.29579473979640425, Test Loss: 0.24859166542689007, Inverse Test Loss: 12223.44765625 
2025-02-20 16:11:51,628 INFO: Epoch 69, Train Loss: 0.29855580889342126, Test Loss: 0.24772171080112457, Inverse Test Loss: 12180.671647135418 
2025-02-20 16:11:52,361 INFO: Epoch 70, Train Loss: 0.29683139841807515, Test Loss: 0.2478639135758082, Inverse Test Loss: 12187.663899739584 
2025-02-20 16:11:53,032 INFO: Epoch 71, Train Loss: 0.2978478108058896, Test Loss: 0.24577997078498204, Inverse Test Loss: 12085.194205729167 
2025-02-20 16:11:53,701 INFO: Epoch 72, Train Loss: 0.29464849698961826, Test Loss: 0.24421339631080627, Inverse Test Loss: 12008.164322916668 
2025-02-20 16:11:54,320 INFO: Epoch 73, Train Loss: 0.3116879570379592, Test Loss: 0.2457229311267535, Inverse Test Loss: 12082.389322916666 
2025-02-20 16:11:54,975 INFO: Epoch 74, Train Loss: 0.29641202484306534, Test Loss: 0.2446136310696602, Inverse Test Loss: 12027.843977864582 
2025-02-20 16:11:55,610 INFO: Epoch 75, Train Loss: 0.2899436836964206, Test Loss: 0.2441924422979355, Inverse Test Loss: 12007.134928385416 
2025-02-20 16:11:56,235 INFO: Epoch 76, Train Loss: 0.2886875062658076, Test Loss: 0.24408964514732362, Inverse Test Loss: 12002.079622395833 
2025-02-20 16:11:56,891 INFO: Epoch 77, Train Loss: 0.29543294587679075, Test Loss: 0.24129270613193513, Inverse Test Loss: 11864.552001953125 
2025-02-20 16:11:57,512 INFO: Epoch 78, Train Loss: 0.29270321496746, Test Loss: 0.24175166140000026, Inverse Test Loss: 11887.11884765625 
2025-02-20 16:11:58,153 INFO: Epoch 79, Train Loss: 0.28813139545290095, Test Loss: 0.24235376864671707, Inverse Test Loss: 11916.724479166667 
2025-02-20 16:11:58,765 INFO: Epoch 80, Train Loss: 0.2806845448519054, Test Loss: 0.24083819140990576, Inverse Test Loss: 11842.203059895834 
2025-02-20 16:11:59,368 INFO: Epoch 81, Train Loss: 0.28607810863800215, Test Loss: 0.23836131940285366, Inverse Test Loss: 11720.413118489583 
2025-02-20 16:11:59,982 INFO: Epoch 82, Train Loss: 0.29047419522937973, Test Loss: 0.24038231521844863, Inverse Test Loss: 11819.787386067708 
2025-02-20 16:12:00,663 INFO: Epoch 83, Train Loss: 0.29891642797411533, Test Loss: 0.23661962151527405, Inverse Test Loss: 11634.772477213543 
2025-02-20 16:12:01,278 INFO: Epoch 84, Train Loss: 0.2917353534384778, Test Loss: 0.23737880686918894, Inverse Test Loss: 11672.101790364582 
2025-02-20 16:12:01,889 INFO: Epoch 85, Train Loss: 0.2849787847514738, Test Loss: 0.23676840315262476, Inverse Test Loss: 11642.087890625 
2025-02-20 16:12:02,488 INFO: Epoch 86, Train Loss: 0.2866490674123429, Test Loss: 0.23756866653760275, Inverse Test Loss: 11681.43828125 
2025-02-20 16:12:03,125 INFO: Epoch 87, Train Loss: 0.2824588004957166, Test Loss: 0.23926822890837987, Inverse Test Loss: 11765.006575520832 
2025-02-20 16:12:03,755 INFO: Epoch 88, Train Loss: 0.28524529777075114, Test Loss: 0.23799480944871904, Inverse Test Loss: 11702.391650390626 
2025-02-20 16:12:04,381 INFO: Epoch 89, Train Loss: 0.28485329632173506, Test Loss: 0.23563330521186193, Inverse Test Loss: 11586.275 
2025-02-20 16:12:05,018 INFO: Epoch 90, Train Loss: 0.284265458060984, Test Loss: 0.2339050536354383, Inverse Test Loss: 11501.29521484375 
2025-02-20 16:12:05,759 INFO: Epoch 91, Train Loss: 0.27846062732370275, Test Loss: 0.23494712114334107, Inverse Test Loss: 11552.534765625 
2025-02-20 16:12:06,432 INFO: Epoch 92, Train Loss: 0.27845843502304013, Test Loss: 0.23449664463599523, Inverse Test Loss: 11530.38427734375 
2025-02-20 16:12:07,099 INFO: Epoch 93, Train Loss: 0.27925727451056764, Test Loss: 0.2319122185309728, Inverse Test Loss: 11403.30576171875 
2025-02-20 16:12:07,769 INFO: Epoch 94, Train Loss: 0.2785202824232871, Test Loss: 0.23543692727883656, Inverse Test Loss: 11576.618424479168 
2025-02-20 16:12:08,378 INFO: Epoch 95, Train Loss: 0.2843421242739025, Test Loss: 0.2355555459856987, Inverse Test Loss: 11582.45126953125 
2025-02-20 16:12:09,020 INFO: Epoch 96, Train Loss: 0.2799977252357884, Test Loss: 0.23298112154006959, Inverse Test Loss: 11455.864680989584 
2025-02-20 16:12:09,627 INFO: Epoch 97, Train Loss: 0.27454693876860436, Test Loss: 0.23135470400253932, Inverse Test Loss: 11375.893098958333 
2025-02-20 16:12:10,239 INFO: Epoch 98, Train Loss: 0.27177633501981435, Test Loss: 0.23418156852324803, Inverse Test Loss: 11514.891845703125 
2025-02-20 16:12:10,860 INFO: Epoch 99, Train Loss: 0.27349826327541416, Test Loss: 0.23005054543415707, Inverse Test Loss: 11311.766145833333 
2025-02-20 16:12:11,481 INFO: Epoch 100, Train Loss: 0.27453825531298653, Test Loss: 0.23015406876802444, Inverse Test Loss: 11316.856184895832 
2025-02-20 16:12:11,481 INFO: Best Epoch 99, Best Test Loss: 0.23005054543415707, Inverse Test Loss: 11311.766145833333 
2025-02-20 16:12:12,117 INFO: Epoch 101, Train Loss: 0.27018996759464864, Test Loss: 0.22802409380674363, Inverse Test Loss: 11212.12373046875 
2025-02-20 16:12:12,721 INFO: Epoch 102, Train Loss: 0.2657380345882031, Test Loss: 0.228007639447848, Inverse Test Loss: 11211.314713541668 
2025-02-20 16:12:13,334 INFO: Epoch 103, Train Loss: 0.27948997104377077, Test Loss: 0.2269395132859548, Inverse Test Loss: 11158.794205729168 
2025-02-20 16:12:13,937 INFO: Epoch 104, Train Loss: 0.2677951606742123, Test Loss: 0.23109097232421238, Inverse Test Loss: 11362.924430338542 
2025-02-20 16:12:14,566 INFO: Epoch 105, Train Loss: 0.2692440465876931, Test Loss: 0.22500427961349487, Inverse Test Loss: 11063.636946614582 
2025-02-20 16:12:15,207 INFO: Epoch 106, Train Loss: 0.2645438378840162, Test Loss: 0.22656751821438473, Inverse Test Loss: 11140.502994791666 
2025-02-20 16:12:15,816 INFO: Epoch 107, Train Loss: 0.2678139345687732, Test Loss: 0.22412776400645573, Inverse Test Loss: 11020.538330078125 
2025-02-20 16:12:16,438 INFO: Epoch 108, Train Loss: 0.26547784292907045, Test Loss: 0.22361022134621938, Inverse Test Loss: 10995.090055338542 
2025-02-20 16:12:17,043 INFO: Epoch 109, Train Loss: 0.26876573682877053, Test Loss: 0.22228367775678634, Inverse Test Loss: 10929.863671875 
2025-02-20 16:12:17,681 INFO: Epoch 110, Train Loss: 0.2683956361653512, Test Loss: 0.2241199642419815, Inverse Test Loss: 11020.154850260416 
2025-02-20 16:12:18,281 INFO: Epoch 111, Train Loss: 0.2610832583485988, Test Loss: 0.22381673653920492, Inverse Test Loss: 11005.244563802084 
2025-02-20 16:12:18,928 INFO: Epoch 112, Train Loss: 0.26388806758219735, Test Loss: 0.22423724681138993, Inverse Test Loss: 11025.922233072917 
2025-02-20 16:12:19,518 INFO: Epoch 113, Train Loss: 0.27259365613000436, Test Loss: 0.22092404464880624, Inverse Test Loss: 10863.00947265625 
2025-02-20 16:12:20,115 INFO: Epoch 114, Train Loss: 0.2688957520744257, Test Loss: 0.22255401561657587, Inverse Test Loss: 10943.156315104166 
2025-02-20 16:12:20,753 INFO: Epoch 115, Train Loss: 0.26108480329837713, Test Loss: 0.22218359857797623, Inverse Test Loss: 10924.942578125 
2025-02-20 16:12:21,432 INFO: Epoch 116, Train Loss: 0.25746120512485504, Test Loss: 0.22330805708964666, Inverse Test Loss: 10980.232552083333 
2025-02-20 16:12:22,123 INFO: Epoch 117, Train Loss: 0.2650599168580875, Test Loss: 0.22343690097332, Inverse Test Loss: 10986.567708333334 
2025-02-20 16:12:22,806 INFO: Epoch 118, Train Loss: 0.2657889546009532, Test Loss: 0.21992996086676916, Inverse Test Loss: 10814.128971354166 
2025-02-20 16:12:23,483 INFO: Epoch 119, Train Loss: 0.2610313947263517, Test Loss: 0.21934869637091955, Inverse Test Loss: 10785.5478515625 
2025-02-20 16:12:24,090 INFO: Epoch 120, Train Loss: 0.25666958538063783, Test Loss: 0.22301238477230073, Inverse Test Loss: 10965.694075520832 
2025-02-20 16:12:24,700 INFO: Epoch 121, Train Loss: 0.25837838388325873, Test Loss: 0.22147790789604188, Inverse Test Loss: 10890.243082682291 
2025-02-20 16:12:25,327 INFO: Epoch 122, Train Loss: 0.2590007844724153, Test Loss: 0.21694636444250742, Inverse Test Loss: 10667.422819010417 
2025-02-20 16:12:25,966 INFO: Epoch 123, Train Loss: 0.2535798506190379, Test Loss: 0.21719357520341873, Inverse Test Loss: 10679.578645833333 
2025-02-20 16:12:26,577 INFO: Epoch 124, Train Loss: 0.25610148854422987, Test Loss: 0.2208541656533877, Inverse Test Loss: 10859.57197265625 
2025-02-20 16:12:27,214 INFO: Epoch 125, Train Loss: 0.25751107146865443, Test Loss: 0.2186637376745542, Inverse Test Loss: 10751.868131510417 
2025-02-20 16:12:27,823 INFO: Epoch 126, Train Loss: 0.2534434160119609, Test Loss: 0.21626765529314676, Inverse Test Loss: 10634.050618489584 
2025-02-20 16:12:28,446 INFO: Epoch 127, Train Loss: 0.2622066495711343, Test Loss: 0.21588774671157202, Inverse Test Loss: 10615.369694010416 
2025-02-20 16:12:29,047 INFO: Epoch 128, Train Loss: 0.26257057252683136, Test Loss: 0.222974689801534, Inverse Test Loss: 10963.840299479167 
2025-02-20 16:12:29,670 INFO: Epoch 129, Train Loss: 0.25533472380617206, Test Loss: 0.2167144661148389, Inverse Test Loss: 10656.02021484375 
2025-02-20 16:12:30,302 INFO: Epoch 130, Train Loss: 0.251197482802366, Test Loss: 0.21968480199575424, Inverse Test Loss: 10802.07392578125 
2025-02-20 16:12:30,928 INFO: Epoch 131, Train Loss: 0.2562713019157711, Test Loss: 0.22112972338994344, Inverse Test Loss: 10873.121875 
2025-02-20 16:12:31,515 INFO: Epoch 132, Train Loss: 0.253869225581487, Test Loss: 0.21510635813077292, Inverse Test Loss: 10576.948111979167 
2025-02-20 16:12:32,226 INFO: Epoch 133, Train Loss: 0.2517467888823727, Test Loss: 0.22179114272197087, Inverse Test Loss: 10905.644498697917 
2025-02-20 16:12:33,031 INFO: Epoch 134, Train Loss: 0.24960528386005185, Test Loss: 0.21517189095417658, Inverse Test Loss: 10580.170930989583 
2025-02-20 16:12:33,811 INFO: Epoch 135, Train Loss: 0.2549426121669903, Test Loss: 0.2139243150750796, Inverse Test Loss: 10518.82607421875 
2025-02-20 16:12:34,553 INFO: Epoch 136, Train Loss: 0.24963099692474333, Test Loss: 0.21522318422794343, Inverse Test Loss: 10582.69296875 
2025-02-20 16:12:35,367 INFO: Epoch 137, Train Loss: 0.24463655472847454, Test Loss: 0.21170008132855098, Inverse Test Loss: 10409.459505208333 
2025-02-20 16:12:36,065 INFO: Epoch 138, Train Loss: 0.24782955777226834, Test Loss: 0.21498970786730448, Inverse Test Loss: 10571.213313802084 
2025-02-20 16:12:36,819 INFO: Epoch 139, Train Loss: 0.24496036088257506, Test Loss: 0.21287507514158885, Inverse Test Loss: 10467.23408203125 
2025-02-20 16:12:37,673 INFO: Epoch 140, Train Loss: 0.24616204123747976, Test Loss: 0.21424862494071326, Inverse Test Loss: 10534.77314453125 
2025-02-20 16:12:38,512 INFO: Epoch 141, Train Loss: 0.24382680484600233, Test Loss: 0.21123889336983362, Inverse Test Loss: 10386.7830078125 
2025-02-20 16:12:39,309 INFO: Epoch 142, Train Loss: 0.2441992908062642, Test Loss: 0.2088228354851405, Inverse Test Loss: 10267.983138020832 
2025-02-20 16:12:40,102 INFO: Epoch 143, Train Loss: 0.24306619088900716, Test Loss: 0.21647445062796275, Inverse Test Loss: 10644.218717447917 
2025-02-20 16:12:40,959 INFO: Epoch 144, Train Loss: 0.25031933580574234, Test Loss: 0.21042810777823132, Inverse Test Loss: 10346.914680989583 
2025-02-20 16:12:41,829 INFO: Epoch 145, Train Loss: 0.2460768796634256, Test Loss: 0.2118735025326411, Inverse Test Loss: 10417.986295572917 
2025-02-20 16:12:42,652 INFO: Epoch 146, Train Loss: 0.24773366278723666, Test Loss: 0.2105176349480947, Inverse Test Loss: 10351.317220052084 
2025-02-20 16:12:43,467 INFO: Epoch 147, Train Loss: 0.2486342758985988, Test Loss: 0.20949261784553527, Inverse Test Loss: 10300.916959635417 
2025-02-20 16:12:44,297 INFO: Epoch 148, Train Loss: 0.2460972298132746, Test Loss: 0.2129012589653333, Inverse Test Loss: 10468.52158203125 
2025-02-20 16:12:45,061 INFO: Epoch 149, Train Loss: 0.24701823189593197, Test Loss: 0.21122615784406662, Inverse Test Loss: 10386.155826822916 
2025-02-20 16:12:45,882 INFO: Epoch 150, Train Loss: 0.2444217531827458, Test Loss: 0.20851719826459886, Inverse Test Loss: 10252.953450520834 
2025-02-20 16:12:46,733 INFO: Epoch 151, Train Loss: 0.24041830003261566, Test Loss: 0.2089772601922353, Inverse Test Loss: 10275.576302083333 
2025-02-20 16:12:47,583 INFO: Epoch 152, Train Loss: 0.24651100983222327, Test Loss: 0.21261002719402314, Inverse Test Loss: 10454.201920572918 
2025-02-20 16:12:48,360 INFO: Epoch 153, Train Loss: 0.24101411054531732, Test Loss: 0.21081643253564836, Inverse Test Loss: 10366.009602864584 
2025-02-20 16:12:49,037 INFO: Epoch 154, Train Loss: 0.24126004179318747, Test Loss: 0.21326746940612792, Inverse Test Loss: 10486.528841145833 
2025-02-20 16:12:49,874 INFO: Epoch 155, Train Loss: 0.23842548043058628, Test Loss: 0.20594050884246826, Inverse Test Loss: 10126.256705729167 
2025-02-20 16:12:50,689 INFO: Epoch 156, Train Loss: 0.23725661373974985, Test Loss: 0.20407462666432064, Inverse Test Loss: 10034.509700520834 
2025-02-20 16:12:51,399 INFO: Epoch 157, Train Loss: 0.236035829311923, Test Loss: 0.2064957449833552, Inverse Test Loss: 10153.5583984375 
2025-02-20 16:12:52,163 INFO: Epoch 158, Train Loss: 0.24279373413638064, Test Loss: 0.20298220068216324, Inverse Test Loss: 9980.7939453125 
2025-02-20 16:12:52,925 INFO: Epoch 159, Train Loss: 0.24086471267959528, Test Loss: 0.2040769452850024, Inverse Test Loss: 10034.623372395834 
2025-02-20 16:12:53,709 INFO: Epoch 160, Train Loss: 0.23386206072673463, Test Loss: 0.20556269039710362, Inverse Test Loss: 10107.678515625 
2025-02-20 16:12:54,395 INFO: Epoch 161, Train Loss: 0.2366296243772172, Test Loss: 0.2043060099085172, Inverse Test Loss: 10045.88720703125 
2025-02-20 16:12:55,173 INFO: Epoch 162, Train Loss: 0.23690409723081088, Test Loss: 0.20283052672942478, Inverse Test Loss: 9973.336360677084 
2025-02-20 16:12:55,881 INFO: Epoch 163, Train Loss: 0.2400909204754913, Test Loss: 0.2082521711786588, Inverse Test Loss: 10239.92236328125 
2025-02-20 16:12:56,582 INFO: Epoch 164, Train Loss: 0.2394745757705287, Test Loss: 0.20094565252463023, Inverse Test Loss: 9880.656119791667 
2025-02-20 16:12:57,334 INFO: Epoch 165, Train Loss: 0.23515211594732185, Test Loss: 0.20045559604962668, Inverse Test Loss: 9856.55849609375 
2025-02-20 16:12:58,139 INFO: Epoch 166, Train Loss: 0.24244181184392227, Test Loss: 0.20857932368914286, Inverse Test Loss: 10256.008951822916 
2025-02-20 16:12:58,920 INFO: Epoch 167, Train Loss: 0.23841793286172966, Test Loss: 0.20307887047529222, Inverse Test Loss: 9985.547395833333 
2025-02-20 16:12:59,738 INFO: Epoch 168, Train Loss: 0.23534733057022095, Test Loss: 0.20424315134684246, Inverse Test Loss: 10042.796223958334 
2025-02-20 16:13:00,580 INFO: Epoch 169, Train Loss: 0.23292222174636104, Test Loss: 0.20560207267602285, Inverse Test Loss: 10109.6150390625 
2025-02-20 16:13:01,390 INFO: Epoch 170, Train Loss: 0.23772260991104863, Test Loss: 0.2044039805730184, Inverse Test Loss: 10050.703841145832 
2025-02-20 16:13:02,242 INFO: Epoch 171, Train Loss: 0.23459131100721525, Test Loss: 0.2001184418797493, Inverse Test Loss: 9839.9806640625 
2025-02-20 16:13:03,100 INFO: Epoch 172, Train Loss: 0.2358664425841549, Test Loss: 0.19989442030588786, Inverse Test Loss: 9828.966145833334 
2025-02-20 16:13:03,884 INFO: Epoch 173, Train Loss: 0.22965121033944583, Test Loss: 0.20519603888193766, Inverse Test Loss: 10089.6501953125 
2025-02-20 16:13:04,716 INFO: Epoch 174, Train Loss: 0.22720177367068173, Test Loss: 0.19919430712858835, Inverse Test Loss: 9794.540625 
2025-02-20 16:13:05,512 INFO: Epoch 175, Train Loss: 0.23669822984620145, Test Loss: 0.19702754418055216, Inverse Test Loss: 9687.99931640625 
2025-02-20 16:13:06,391 INFO: Epoch 176, Train Loss: 0.23332578394758074, Test Loss: 0.19809704820315044, Inverse Test Loss: 9740.58759765625 
2025-02-20 16:13:07,274 INFO: Epoch 177, Train Loss: 0.22998528744567903, Test Loss: 0.19859251081943513, Inverse Test Loss: 9764.949641927084 
2025-02-20 16:13:08,116 INFO: Epoch 178, Train Loss: 0.22624321281909943, Test Loss: 0.19647367397944132, Inverse Test Loss: 9660.765266927083 
2025-02-20 16:13:08,917 INFO: Epoch 179, Train Loss: 0.22781115325919368, Test Loss: 0.1986108109354973, Inverse Test Loss: 9765.849609375 
2025-02-20 16:13:09,769 INFO: Epoch 180, Train Loss: 0.23185596026872335, Test Loss: 0.20102745145559311, Inverse Test Loss: 9884.67763671875 
2025-02-20 16:13:10,627 INFO: Epoch 181, Train Loss: 0.23113671337303363, Test Loss: 0.19928188969691593, Inverse Test Loss: 9798.846940104168 
2025-02-20 16:13:11,419 INFO: Epoch 182, Train Loss: 0.2319957428334052, Test Loss: 0.19966491510470707, Inverse Test Loss: 9817.680696614583 
2025-02-20 16:13:12,210 INFO: Epoch 183, Train Loss: 0.22494201597414518, Test Loss: 0.1972127874692281, Inverse Test Loss: 9697.1078125 
2025-02-20 16:13:12,994 INFO: Epoch 184, Train Loss: 0.22535373277047224, Test Loss: 0.19776920328537623, Inverse Test Loss: 9724.46689453125 
2025-02-20 16:13:13,802 INFO: Epoch 185, Train Loss: 0.22938537414659532, Test Loss: 0.1975620746612549, Inverse Test Loss: 9714.283040364584 
2025-02-20 16:13:14,590 INFO: Epoch 186, Train Loss: 0.22595619083496563, Test Loss: 0.1962475796540578, Inverse Test Loss: 9649.64716796875 
2025-02-20 16:13:15,355 INFO: Epoch 187, Train Loss: 0.22990733724937104, Test Loss: 0.1996306558450063, Inverse Test Loss: 9815.996354166668 
2025-02-20 16:13:16,078 INFO: Epoch 188, Train Loss: 0.22584902900352813, Test Loss: 0.19363633841276168, Inverse Test Loss: 9521.250618489583 
2025-02-20 16:13:16,834 INFO: Epoch 189, Train Loss: 0.22672522983007265, Test Loss: 0.19588482578595479, Inverse Test Loss: 9631.811197916666 
2025-02-20 16:13:17,612 INFO: Epoch 190, Train Loss: 0.2383127683087399, Test Loss: 0.19812194804350536, Inverse Test Loss: 9741.811653645833 
2025-02-20 16:13:18,321 INFO: Epoch 191, Train Loss: 0.22607008171708962, Test Loss: 0.19505080928405125, Inverse Test Loss: 9590.801985677082 
2025-02-20 16:13:18,984 INFO: Epoch 192, Train Loss: 0.2365344762802124, Test Loss: 0.19177324374516805, Inverse Test Loss: 9429.641471354167 
2025-02-20 16:13:19,697 INFO: Epoch 193, Train Loss: 0.23133851927623414, Test Loss: 0.1931903064250946, Inverse Test Loss: 9499.319108072918 
2025-02-20 16:13:20,498 INFO: Epoch 194, Train Loss: 0.23053907563811854, Test Loss: 0.19324444830417634, Inverse Test Loss: 9501.980989583333 
2025-02-20 16:13:21,223 INFO: Epoch 195, Train Loss: 0.2267824113368988, Test Loss: 0.20040389001369477, Inverse Test Loss: 9854.015657552083 
2025-02-20 16:13:21,947 INFO: Epoch 196, Train Loss: 0.2275334316910359, Test Loss: 0.19517576545476914, Inverse Test Loss: 9596.945735677084 
2025-02-20 16:13:22,695 INFO: Epoch 197, Train Loss: 0.23318745143580855, Test Loss: 0.19231517215569813, Inverse Test Loss: 9456.287825520832 
2025-02-20 16:13:23,550 INFO: Epoch 198, Train Loss: 0.22734269996484122, Test Loss: 0.1918062632282575, Inverse Test Loss: 9431.264420572918 
2025-02-20 16:13:24,422 INFO: Epoch 199, Train Loss: 0.22836203507164068, Test Loss: 0.19287341038386027, Inverse Test Loss: 9483.736881510416 
2025-02-20 16:13:25,310 INFO: Epoch 200, Train Loss: 0.22284727007673497, Test Loss: 0.1945233628153801, Inverse Test Loss: 9564.866145833334 
2025-02-20 16:13:25,310 INFO: Best Epoch 192, Best Test Loss: 0.19177324374516805, Inverse Test Loss: 9429.641471354167 
2025-02-20 16:13:26,104 INFO: Epoch 201, Train Loss: 0.22017315892796768, Test Loss: 0.1917882243792216, Inverse Test Loss: 9430.377473958333 
2025-02-20 16:13:26,959 INFO: Epoch 202, Train Loss: 0.22099459419647852, Test Loss: 0.19266626636187237, Inverse Test Loss: 9473.5521484375 
2025-02-20 16:13:27,847 INFO: Epoch 203, Train Loss: 0.2193001792357679, Test Loss: 0.1942891890803973, Inverse Test Loss: 9553.351139322916 
2025-02-20 16:13:28,719 INFO: Epoch 204, Train Loss: 0.2208575788689287, Test Loss: 0.1939232791463534, Inverse Test Loss: 9535.360579427082 
2025-02-20 16:13:29,584 INFO: Epoch 205, Train Loss: 0.22203987170206874, Test Loss: 0.1917073041200638, Inverse Test Loss: 9426.39912109375 
2025-02-20 16:13:30,332 INFO: Epoch 206, Train Loss: 0.220706822840791, Test Loss: 0.18671457022428511, Inverse Test Loss: 9180.90146484375 
2025-02-20 16:13:31,111 INFO: Epoch 207, Train Loss: 0.22462769872263857, Test Loss: 0.18966534783442815, Inverse Test Loss: 9325.994108072917 
2025-02-20 16:13:32,089 INFO: Epoch 208, Train Loss: 0.23704702237196135, Test Loss: 0.18948227067788442, Inverse Test Loss: 9316.991959635418 
2025-02-20 16:13:32,917 INFO: Epoch 209, Train Loss: 0.21663232252263187, Test Loss: 0.18809488664070764, Inverse Test Loss: 9248.773274739584 
2025-02-20 16:13:33,887 INFO: Epoch 210, Train Loss: 0.21742905963931167, Test Loss: 0.1923118844628334, Inverse Test Loss: 9456.126009114583 
2025-02-20 16:13:34,669 INFO: Epoch 211, Train Loss: 0.21606797143294101, Test Loss: 0.19292061974604924, Inverse Test Loss: 9486.058626302083 
2025-02-20 16:13:35,540 INFO: Epoch 212, Train Loss: 0.21777808274093427, Test Loss: 0.19067561328411103, Inverse Test Loss: 9375.66982421875 
2025-02-20 16:13:36,421 INFO: Epoch 213, Train Loss: 0.22007722002372407, Test Loss: 0.19119660754998524, Inverse Test Loss: 9401.2869140625 
2025-02-20 16:13:37,243 INFO: Epoch 214, Train Loss: 0.21537618688716179, Test Loss: 0.18794989287853242, Inverse Test Loss: 9241.644075520833 
