2025-02-20 16:14:34,529 INFO: Model:namespace(attn_dropout=0.4, categories=[], cluster=3, depth=2, dim=32, ff_dropout=0.4, groups=[54, 54, 54], heads=4, name='AMFormer_simple_KAN_dim32_depth2_heads4_dropout0.4_simple_KAN', num_cate=0, num_cont=61, num_special_tokens=1, out=1, out_dim=1, predictor='simple_KAN', prod_num_per_group=[6, 6, 6], qk_relu=False, sum_num_per_group=[32, 16, 8], target_mode='regression', token_descent=True, use_cls_token=True, use_prod=True, use_row_col_attention=False, use_sigmoid=True) 
2025-02-20 16:14:34,531 INFO: lr:0.0001, loss:MSE 
2025-02-20 16:14:34,531 INFO: Dataset:Scm, Target:['LBL'] 
2025-02-20 16:14:34,531 INFO: ------Begin Training Model------ 
2025-02-20 16:14:39,447 INFO: Epoch 1, Train Loss: 0.9538442157862479, Test Loss: 0.7306206425031027, Inverse Test Loss: 35925.191796875 
2025-02-20 16:14:40,919 INFO: Epoch 2, Train Loss: 0.5674725069027198, Test Loss: 0.3672808659573396, Inverse Test Loss: 18059.489013671875 
2025-02-20 16:14:42,381 INFO: Epoch 3, Train Loss: 0.4180311079610858, Test Loss: 0.33651809139798083, Inverse Test Loss: 16546.858801269533 
2025-02-20 16:14:43,844 INFO: Epoch 4, Train Loss: 0.3888160926208161, Test Loss: 0.32558616815755764, Inverse Test Loss: 16009.327416992188 
2025-02-20 16:14:45,307 INFO: Epoch 5, Train Loss: 0.3715358867979886, Test Loss: 0.3146009786675374, Inverse Test Loss: 15469.176993815105 
2025-02-20 16:14:46,786 INFO: Epoch 6, Train Loss: 0.3607074911134285, Test Loss: 0.3044921837747097, Inverse Test Loss: 14972.11948445638 
2025-02-20 16:14:48,231 INFO: Epoch 7, Train Loss: 0.3469423675223401, Test Loss: 0.29586664227147896, Inverse Test Loss: 14547.994449869791 
2025-02-20 16:14:49,661 INFO: Epoch 8, Train Loss: 0.3388976703087489, Test Loss: 0.28948013310631115, Inverse Test Loss: 14233.965559895832 
2025-02-20 16:14:51,210 INFO: Epoch 9, Train Loss: 0.3296314922341129, Test Loss: 0.2832301293810209, Inverse Test Loss: 13926.647932942707 
2025-02-20 16:14:52,772 INFO: Epoch 10, Train Loss: 0.31576187947863027, Test Loss: 0.27682630295554794, Inverse Test Loss: 13611.766015625 
2025-02-20 16:14:54,272 INFO: Epoch 11, Train Loss: 0.31989388638421107, Test Loss: 0.2696097955107689, Inverse Test Loss: 13256.925716145834 
2025-02-20 16:14:55,743 INFO: Epoch 12, Train Loss: 0.3036504238843918, Test Loss: 0.2675797631343206, Inverse Test Loss: 13157.10703125 
2025-02-20 16:14:57,167 INFO: Epoch 13, Train Loss: 0.2966260246017523, Test Loss: 0.2615841488043467, Inverse Test Loss: 12862.297672526041 
2025-02-20 16:14:58,591 INFO: Epoch 14, Train Loss: 0.2905295919953731, Test Loss: 0.2565303534269333, Inverse Test Loss: 12613.79853515625 
2025-02-20 16:15:00,058 INFO: Epoch 15, Train Loss: 0.28036836763484435, Test Loss: 0.25148461734255156, Inverse Test Loss: 12365.695979817709 
2025-02-20 16:15:01,457 INFO: Epoch 16, Train Loss: 0.28017275715083406, Test Loss: 0.24554986357688904, Inverse Test Loss: 12073.879248046875 
2025-02-20 16:15:02,960 INFO: Epoch 17, Train Loss: 0.27330451785472404, Test Loss: 0.24354724039634068, Inverse Test Loss: 11975.409098307291 
2025-02-20 16:15:04,358 INFO: Epoch 18, Train Loss: 0.27085482080777484, Test Loss: 0.23888204768300056, Inverse Test Loss: 11746.017610677083 
2025-02-20 16:15:05,791 INFO: Epoch 19, Train Loss: 0.26462439826705997, Test Loss: 0.23442663252353668, Inverse Test Loss: 11526.941780598958 
2025-02-20 16:15:07,238 INFO: Epoch 20, Train Loss: 0.2630748165804043, Test Loss: 0.2302386537194252, Inverse Test Loss: 11321.015592447917 
2025-02-20 16:15:08,744 INFO: Epoch 21, Train Loss: 0.2574512189940402, Test Loss: 0.23038767625888187, Inverse Test Loss: 11328.34326171875 
2025-02-20 16:15:10,182 INFO: Epoch 22, Train Loss: 0.25219416801343886, Test Loss: 0.2255849743882815, Inverse Test Loss: 11092.190201822918 
2025-02-20 16:15:11,624 INFO: Epoch 23, Train Loss: 0.25643353451762285, Test Loss: 0.22398016999165218, Inverse Test Loss: 11013.281070963541 
2025-02-20 16:15:13,099 INFO: Epoch 24, Train Loss: 0.24762527827630965, Test Loss: 0.21764921719829242, Inverse Test Loss: 10701.982779947917 
2025-02-20 16:15:14,596 INFO: Epoch 25, Train Loss: 0.24103571239270663, Test Loss: 0.21496792112787563, Inverse Test Loss: 10570.141544596354 
2025-02-20 16:15:16,096 INFO: Epoch 26, Train Loss: 0.23436087984264942, Test Loss: 0.21342084556818008, Inverse Test Loss: 10494.070638020834 
2025-02-20 16:15:17,573 INFO: Epoch 27, Train Loss: 0.23436367224183, Test Loss: 0.21129231254259745, Inverse Test Loss: 10389.408610026041 
2025-02-20 16:15:19,039 INFO: Epoch 28, Train Loss: 0.23588075214310697, Test Loss: 0.20941373805205027, Inverse Test Loss: 10297.037727864583 
2025-02-20 16:15:20,506 INFO: Epoch 29, Train Loss: 0.23003726779368885, Test Loss: 0.20643827418486277, Inverse Test Loss: 10150.732047526042 
2025-02-20 16:15:21,985 INFO: Epoch 30, Train Loss: 0.22174659632799917, Test Loss: 0.20511192778746287, Inverse Test Loss: 10085.514388020832 
2025-02-20 16:15:23,505 INFO: Epoch 31, Train Loss: 0.22261740763982138, Test Loss: 0.20358123580614726, Inverse Test Loss: 10010.249397786458 
2025-02-20 16:15:24,991 INFO: Epoch 32, Train Loss: 0.22334722494869902, Test Loss: 0.1986684466401736, Inverse Test Loss: 9768.683447265625 
2025-02-20 16:15:26,451 INFO: Epoch 33, Train Loss: 0.2194028073235562, Test Loss: 0.19645358746250471, Inverse Test Loss: 9659.777221679688 
2025-02-20 16:15:27,931 INFO: Epoch 34, Train Loss: 0.21563906497076937, Test Loss: 0.19389951353271803, Inverse Test Loss: 9534.191357421874 
2025-02-20 16:15:29,370 INFO: Epoch 35, Train Loss: 0.20697032340001642, Test Loss: 0.1921027645468712, Inverse Test Loss: 9445.843359375 
2025-02-20 16:15:30,808 INFO: Epoch 36, Train Loss: 0.20653976055613735, Test Loss: 0.18978067710995675, Inverse Test Loss: 9331.665348307291 
2025-02-20 16:15:32,221 INFO: Epoch 37, Train Loss: 0.20600718390523343, Test Loss: 0.18575982886056105, Inverse Test Loss: 9133.956616210937 
2025-02-20 16:15:33,661 INFO: Epoch 38, Train Loss: 0.2050935670472028, Test Loss: 0.18471523920694988, Inverse Test Loss: 9082.593424479166 
2025-02-20 16:15:35,078 INFO: Epoch 39, Train Loss: 0.19868268700022446, Test Loss: 0.1834449221690496, Inverse Test Loss: 9020.13133951823 
2025-02-20 16:15:36,500 INFO: Epoch 40, Train Loss: 0.19199174203043967, Test Loss: 0.1803688809275627, Inverse Test Loss: 8868.87977701823 
2025-02-20 16:15:37,973 INFO: Epoch 41, Train Loss: 0.19816978785552478, Test Loss: 0.17852552160620688, Inverse Test Loss: 8778.24013671875 
2025-02-20 16:15:39,363 INFO: Epoch 42, Train Loss: 0.20041791663358086, Test Loss: 0.17715981528162955, Inverse Test Loss: 8711.087263997395 
2025-02-20 16:15:40,760 INFO: Epoch 43, Train Loss: 0.19121077356108448, Test Loss: 0.17795132274429004, Inverse Test Loss: 8750.006363932293 
2025-02-20 16:15:42,138 INFO: Epoch 44, Train Loss: 0.18955118535903462, Test Loss: 0.1744755871593952, Inverse Test Loss: 8579.101611328126 
2025-02-20 16:15:43,532 INFO: Epoch 45, Train Loss: 0.18514161530816764, Test Loss: 0.17359546398123105, Inverse Test Loss: 8535.824877929688 
2025-02-20 16:15:44,947 INFO: Epoch 46, Train Loss: 0.18157782810821868, Test Loss: 0.1725788339972496, Inverse Test Loss: 8485.836612955729 
2025-02-20 16:15:46,333 INFO: Epoch 47, Train Loss: 0.17978888031160623, Test Loss: 0.16923386293152967, Inverse Test Loss: 8321.362141927084 
2025-02-20 16:15:47,747 INFO: Epoch 48, Train Loss: 0.18128046314967305, Test Loss: 0.16815572157502173, Inverse Test Loss: 8268.348942057291 
2025-02-20 16:15:49,164 INFO: Epoch 49, Train Loss: 0.18601181462668537, Test Loss: 0.16947599947452546, Inverse Test Loss: 8333.267659505209 
2025-02-20 16:15:50,578 INFO: Epoch 50, Train Loss: 0.1785474393451423, Test Loss: 0.16627294719219207, Inverse Test Loss: 8175.771028645833 
2025-02-20 16:15:52,004 INFO: Epoch 51, Train Loss: 0.17236351470152536, Test Loss: 0.16406044661998748, Inverse Test Loss: 8066.980240885417 
2025-02-20 16:15:53,410 INFO: Epoch 52, Train Loss: 0.1704382840870765, Test Loss: 0.16501619815826415, Inverse Test Loss: 8113.97626953125 
2025-02-20 16:15:54,867 INFO: Epoch 53, Train Loss: 0.1671906678300155, Test Loss: 0.16129980931679408, Inverse Test Loss: 7931.238802083333 
2025-02-20 16:15:56,294 INFO: Epoch 54, Train Loss: 0.16619914940051866, Test Loss: 0.1595724828541279, Inverse Test Loss: 7846.304264322916 
2025-02-20 16:15:57,820 INFO: Epoch 55, Train Loss: 0.16362347362334267, Test Loss: 0.15887133131424586, Inverse Test Loss: 7811.827962239583 
2025-02-20 16:15:59,404 INFO: Epoch 56, Train Loss: 0.16376299724767082, Test Loss: 0.15629450952013332, Inverse Test Loss: 7685.123282877604 
2025-02-20 16:16:00,874 INFO: Epoch 57, Train Loss: 0.1634052690576043, Test Loss: 0.15475258181492488, Inverse Test Loss: 7609.305924479167 
2025-02-20 16:16:02,430 INFO: Epoch 58, Train Loss: 0.15903712181668533, Test Loss: 0.15309980188806852, Inverse Test Loss: 7528.037605794271 
2025-02-20 16:16:03,919 INFO: Epoch 59, Train Loss: 0.1626751613721513, Test Loss: 0.15374844148755074, Inverse Test Loss: 7559.931282552084 
2025-02-20 16:16:05,367 INFO: Epoch 60, Train Loss: 0.16146813150037798, Test Loss: 0.15110459675391516, Inverse Test Loss: 7429.931429036458 
2025-02-20 16:16:06,771 INFO: Epoch 61, Train Loss: 0.15226577902049349, Test Loss: 0.1501064844429493, Inverse Test Loss: 7380.854150390625 
2025-02-20 16:16:08,197 INFO: Epoch 62, Train Loss: 0.15629327061929202, Test Loss: 0.14767208335300286, Inverse Test Loss: 7261.152457682291 
2025-02-20 16:16:09,584 INFO: Epoch 63, Train Loss: 0.15012524525324503, Test Loss: 0.1489943739026785, Inverse Test Loss: 7326.170361328125 
2025-02-20 16:16:10,962 INFO: Epoch 64, Train Loss: 0.14883287845734963, Test Loss: 0.1465954986711343, Inverse Test Loss: 7208.215559895833 
2025-02-20 16:16:12,423 INFO: Epoch 65, Train Loss: 0.1470268217912107, Test Loss: 0.14616069893042247, Inverse Test Loss: 7186.836588541667 
2025-02-20 16:16:13,868 INFO: Epoch 66, Train Loss: 0.14690205690107846, Test Loss: 0.14289309283097584, Inverse Test Loss: 7026.1654296875 
2025-02-20 16:16:15,313 INFO: Epoch 67, Train Loss: 0.15335769624563686, Test Loss: 0.14363076264659563, Inverse Test Loss: 7062.436946614584 
2025-02-20 16:16:16,781 INFO: Epoch 68, Train Loss: 0.1488625591522769, Test Loss: 0.14230543797214826, Inverse Test Loss: 6997.269905598959 
2025-02-20 16:16:18,220 INFO: Epoch 69, Train Loss: 0.1412590866941109, Test Loss: 0.14182897160450617, Inverse Test Loss: 6973.841959635417 
2025-02-20 16:16:19,713 INFO: Epoch 70, Train Loss: 0.1378579666478592, Test Loss: 0.1407514796902736, Inverse Test Loss: 6920.860660807291 
2025-02-20 16:16:21,183 INFO: Epoch 71, Train Loss: 0.1416103672562984, Test Loss: 0.14081793017685412, Inverse Test Loss: 6924.128304036459 
2025-02-20 16:16:22,651 INFO: Epoch 72, Train Loss: 0.13946030367361872, Test Loss: 0.1375186404834191, Inverse Test Loss: 6761.899178059896 
2025-02-20 16:16:24,099 INFO: Epoch 73, Train Loss: 0.13920545747928453, Test Loss: 0.13786756247282028, Inverse Test Loss: 6779.055908203125 
2025-02-20 16:16:25,537 INFO: Epoch 74, Train Loss: 0.1350332851472654, Test Loss: 0.13684802651405334, Inverse Test Loss: 6728.9248453776045 
2025-02-20 16:16:26,981 INFO: Epoch 75, Train Loss: 0.13171916932129024, Test Loss: 0.1344810515642166, Inverse Test Loss: 6612.538818359375 
2025-02-20 16:16:28,533 INFO: Epoch 76, Train Loss: 0.13471389117470958, Test Loss: 0.13547915381689865, Inverse Test Loss: 6661.616682942708 
2025-02-20 16:16:30,191 INFO: Epoch 77, Train Loss: 0.1320563077665212, Test Loss: 0.13444501807292303, Inverse Test Loss: 6610.767399088541 
2025-02-20 16:16:31,685 INFO: Epoch 78, Train Loss: 0.13400075859145114, Test Loss: 0.1339187522729238, Inverse Test Loss: 6584.890218098958 
2025-02-20 16:16:33,224 INFO: Epoch 79, Train Loss: 0.1307866134141621, Test Loss: 0.13069427063067754, Inverse Test Loss: 6426.339493815104 
2025-02-20 16:16:34,705 INFO: Epoch 80, Train Loss: 0.12861127367145136, Test Loss: 0.13066390852133433, Inverse Test Loss: 6424.847078450521 
2025-02-20 16:16:36,153 INFO: Epoch 81, Train Loss: 0.13283290897022215, Test Loss: 0.13140045317510765, Inverse Test Loss: 6461.0636800130205 
2025-02-20 16:16:37,599 INFO: Epoch 82, Train Loss: 0.12795895468770413, Test Loss: 0.1300714949766795, Inverse Test Loss: 6395.717154947916 
2025-02-20 16:16:39,046 INFO: Epoch 83, Train Loss: 0.1286735739885715, Test Loss: 0.12874291936556498, Inverse Test Loss: 6330.390376790365 
2025-02-20 16:16:40,691 INFO: Epoch 84, Train Loss: 0.12020089336785308, Test Loss: 0.130344861621658, Inverse Test Loss: 6409.159155273437 
2025-02-20 16:16:42,248 INFO: Epoch 85, Train Loss: 0.12475938585243727, Test Loss: 0.12902419691284497, Inverse Test Loss: 6344.220882161459 
2025-02-20 16:16:43,781 INFO: Epoch 86, Train Loss: 0.12372799766691107, Test Loss: 0.1278524652123451, Inverse Test Loss: 6286.605891927084 
2025-02-20 16:16:45,413 INFO: Epoch 87, Train Loss: 0.11838507965991371, Test Loss: 0.12467578686773777, Inverse Test Loss: 6130.4063435872395 
2025-02-20 16:16:46,920 INFO: Epoch 88, Train Loss: 0.11851506490717854, Test Loss: 0.12564770703514416, Inverse Test Loss: 6178.196337890625 
2025-02-20 16:16:48,504 INFO: Epoch 89, Train Loss: 0.11882016847008153, Test Loss: 0.12486004879077275, Inverse Test Loss: 6139.466625976563 
2025-02-20 16:16:50,026 INFO: Epoch 90, Train Loss: 0.1167597713831224, Test Loss: 0.12409573197364807, Inverse Test Loss: 6101.8847249348955 
2025-02-20 16:16:51,469 INFO: Epoch 91, Train Loss: 0.11488265266413228, Test Loss: 0.12324519604444503, Inverse Test Loss: 6060.063155110677 
2025-02-20 16:16:52,904 INFO: Epoch 92, Train Loss: 0.1158136721504362, Test Loss: 0.12172088039418062, Inverse Test Loss: 5985.1112345377605 
2025-02-20 16:16:54,327 INFO: Epoch 93, Train Loss: 0.11679043823428321, Test Loss: 0.12156762704253196, Inverse Test Loss: 5977.575602213542 
2025-02-20 16:16:55,749 INFO: Epoch 94, Train Loss: 0.12073620095064766, Test Loss: 0.12298301334182421, Inverse Test Loss: 6047.171728515625 
2025-02-20 16:16:57,248 INFO: Epoch 95, Train Loss: 0.11387800725928524, Test Loss: 0.12132726411024729, Inverse Test Loss: 5965.756917317708 
2025-02-20 16:16:58,875 INFO: Epoch 96, Train Loss: 0.11122501314732067, Test Loss: 0.11927357589205106, Inverse Test Loss: 5864.775309244792 
2025-02-20 16:17:00,466 INFO: Epoch 97, Train Loss: 0.11326819501425091, Test Loss: 0.11959021016955376, Inverse Test Loss: 5880.34482421875 
2025-02-20 16:17:02,031 INFO: Epoch 98, Train Loss: 0.1138950145819731, Test Loss: 0.11997694596648216, Inverse Test Loss: 5899.360286458334 
2025-02-20 16:17:03,666 INFO: Epoch 99, Train Loss: 0.10831154712982345, Test Loss: 0.11969702032705148, Inverse Test Loss: 5885.596533203125 
2025-02-20 16:17:05,282 INFO: Epoch 100, Train Loss: 0.11195237254887297, Test Loss: 0.11692346421380838, Inverse Test Loss: 5749.218123372396 
2025-02-20 16:17:05,282 INFO: Best Epoch 100, Best Test Loss: 0.11692346421380838, Inverse Test Loss: 5749.218123372396 
2025-02-20 16:17:06,868 INFO: Epoch 101, Train Loss: 0.10749875309697368, Test Loss: 0.11841480260094008, Inverse Test Loss: 5822.549161783854 
2025-02-20 16:17:08,280 INFO: Epoch 102, Train Loss: 0.10747670225406948, Test Loss: 0.11606232983370622, Inverse Test Loss: 5706.876029459635 
2025-02-20 16:17:09,685 INFO: Epoch 103, Train Loss: 0.10794902501399056, Test Loss: 0.11627965588122606, Inverse Test Loss: 5717.56220296224 
2025-02-20 16:17:11,125 INFO: Epoch 104, Train Loss: 0.11146870242399082, Test Loss: 0.11688294063011805, Inverse Test Loss: 5747.226053873698 
2025-02-20 16:17:12,539 INFO: Epoch 105, Train Loss: 0.10849776118993759, Test Loss: 0.11612396376828353, Inverse Test Loss: 5709.906437174479 
2025-02-20 16:17:13,958 INFO: Epoch 106, Train Loss: 0.10525146368564221, Test Loss: 0.11551687394579252, Inverse Test Loss: 5680.055598958334 
2025-02-20 16:17:15,404 INFO: Epoch 107, Train Loss: 0.10368003121070694, Test Loss: 0.11380943581461907, Inverse Test Loss: 5596.09935913086 
2025-02-20 16:17:16,829 INFO: Epoch 108, Train Loss: 0.10089150345639179, Test Loss: 0.11403578339765469, Inverse Test Loss: 5607.229361979166 
2025-02-20 16:17:18,297 INFO: Epoch 109, Train Loss: 0.10249270884352818, Test Loss: 0.11359005272388459, Inverse Test Loss: 5585.3119445800785 
2025-02-20 16:17:19,798 INFO: Epoch 110, Train Loss: 0.09875122078678064, Test Loss: 0.11180095927168926, Inverse Test Loss: 5497.340862019857 
2025-02-20 16:17:21,231 INFO: Epoch 111, Train Loss: 0.10196925124578309, Test Loss: 0.1120289654781421, Inverse Test Loss: 5508.552162679037 
2025-02-20 16:17:22,722 INFO: Epoch 112, Train Loss: 0.09721827350164715, Test Loss: 0.11133847769039372, Inverse Test Loss: 5474.600208536784 
2025-02-20 16:17:24,199 INFO: Epoch 113, Train Loss: 0.09882213701412343, Test Loss: 0.11096875878671805, Inverse Test Loss: 5456.421077473959 
2025-02-20 16:17:25,634 INFO: Epoch 114, Train Loss: 0.10043480554432199, Test Loss: 0.11061865150307616, Inverse Test Loss: 5439.206022135417 
2025-02-20 16:17:27,215 INFO: Epoch 115, Train Loss: 0.09940053431088464, Test Loss: 0.11146216625347734, Inverse Test Loss: 5480.682529703776 
2025-02-20 16:17:28,790 INFO: Epoch 116, Train Loss: 0.09951793036439963, Test Loss: 0.11171448463574052, Inverse Test Loss: 5493.088884480794 
2025-02-20 16:17:30,290 INFO: Epoch 117, Train Loss: 0.09703767940140608, Test Loss: 0.11038424205034972, Inverse Test Loss: 5427.6798624674475 
2025-02-20 16:17:31,854 INFO: Epoch 118, Train Loss: 0.09484810257951419, Test Loss: 0.11003859657794238, Inverse Test Loss: 5410.684229532878 
2025-02-20 16:17:33,363 INFO: Epoch 119, Train Loss: 0.09463305542604965, Test Loss: 0.108890009795626, Inverse Test Loss: 5354.207165527344 
2025-02-20 16:17:34,890 INFO: Epoch 120, Train Loss: 0.09424299191226039, Test Loss: 0.10920058985551198, Inverse Test Loss: 5369.478788248698 
2025-02-20 16:17:36,333 INFO: Epoch 121, Train Loss: 0.09527743346335595, Test Loss: 0.10806058303763469, Inverse Test Loss: 5313.423771158854 
2025-02-20 16:17:37,772 INFO: Epoch 122, Train Loss: 0.09489341684731475, Test Loss: 0.10811127540849459, Inverse Test Loss: 5315.916422017415 
2025-02-20 16:17:39,201 INFO: Epoch 123, Train Loss: 0.09187916234919899, Test Loss: 0.1075422644459953, Inverse Test Loss: 5287.9377716064455 
2025-02-20 16:17:40,623 INFO: Epoch 124, Train Loss: 0.08989964226228103, Test Loss: 0.10734098435690005, Inverse Test Loss: 5278.040698242187 
2025-02-20 16:17:42,050 INFO: Epoch 125, Train Loss: 0.09144192123622225, Test Loss: 0.10739958272315561, Inverse Test Loss: 5280.921781921386 
2025-02-20 16:17:43,485 INFO: Epoch 126, Train Loss: 0.09471786610390011, Test Loss: 0.10641574887558818, Inverse Test Loss: 5232.545962524414 
2025-02-20 16:17:44,901 INFO: Epoch 127, Train Loss: 0.09272878505943115, Test Loss: 0.10717333623518546, Inverse Test Loss: 5269.797086588542 
2025-02-20 16:17:46,329 INFO: Epoch 128, Train Loss: 0.09734862944797466, Test Loss: 0.10657271151430905, Inverse Test Loss: 5240.263854217529 
2025-02-20 16:17:47,753 INFO: Epoch 129, Train Loss: 0.09714205001007047, Test Loss: 0.1046470837512364, Inverse Test Loss: 5145.579328409831 
2025-02-20 16:17:49,185 INFO: Epoch 130, Train Loss: 0.09054215121687505, Test Loss: 0.10677985958755017, Inverse Test Loss: 5250.4494222005205 
2025-02-20 16:17:50,614 INFO: Epoch 131, Train Loss: 0.0886848664989597, Test Loss: 0.10479285252901414, Inverse Test Loss: 5152.7470230102535 
2025-02-20 16:17:52,048 INFO: Epoch 132, Train Loss: 0.08921055914017192, Test Loss: 0.10420189341530203, Inverse Test Loss: 5123.689029947916 
2025-02-20 16:17:53,474 INFO: Epoch 133, Train Loss: 0.08944917463681154, Test Loss: 0.10395082347095012, Inverse Test Loss: 5111.343682352702 
2025-02-20 16:17:54,909 INFO: Epoch 134, Train Loss: 0.0862647364929057, Test Loss: 0.10341978476693232, Inverse Test Loss: 5085.23209253947 
2025-02-20 16:17:56,334 INFO: Epoch 135, Train Loss: 0.09201897458549131, Test Loss: 0.1036382734174064, Inverse Test Loss: 5095.975418980916 
2025-02-20 16:17:57,765 INFO: Epoch 136, Train Loss: 0.09046929682555951, Test Loss: 0.1034887104605635, Inverse Test Loss: 5088.621099853515 
2025-02-20 16:17:59,207 INFO: Epoch 137, Train Loss: 0.08704744586557672, Test Loss: 0.10458030682057143, Inverse Test Loss: 5142.295834859212 
2025-02-20 16:18:00,640 INFO: Epoch 138, Train Loss: 0.08679067454578583, Test Loss: 0.10189268194759886, Inverse Test Loss: 5010.1432753245035 
2025-02-20 16:18:02,074 INFO: Epoch 139, Train Loss: 0.08662476978803936, Test Loss: 0.10263287178240717, Inverse Test Loss: 5046.538721720378 
2025-02-20 16:18:03,500 INFO: Epoch 140, Train Loss: 0.0852179590678006, Test Loss: 0.1027047059033066, Inverse Test Loss: 5050.071307373047 
2025-02-20 16:18:04,919 INFO: Epoch 141, Train Loss: 0.08320705429242369, Test Loss: 0.10332049501594157, Inverse Test Loss: 5080.349914550781 
2025-02-20 16:18:06,343 INFO: Epoch 142, Train Loss: 0.08290490834859379, Test Loss: 0.10201227205009976, Inverse Test Loss: 5016.0233599980675 
2025-02-20 16:18:07,769 INFO: Epoch 143, Train Loss: 0.08512291547499205, Test Loss: 0.10199589274125173, Inverse Test Loss: 5015.218305969238 
2025-02-20 16:18:09,197 INFO: Epoch 144, Train Loss: 0.08501340756029413, Test Loss: 0.10288851918497434, Inverse Test Loss: 5059.109046427408 
2025-02-20 16:18:10,632 INFO: Epoch 145, Train Loss: 0.08127228255596078, Test Loss: 0.10135545958764851, Inverse Test Loss: 4983.727585347494 
2025-02-20 16:18:12,055 INFO: Epoch 146, Train Loss: 0.0813338325865436, Test Loss: 0.10127133309918766, Inverse Test Loss: 4979.5911632537845 
2025-02-20 16:18:13,474 INFO: Epoch 147, Train Loss: 0.08576857011046327, Test Loss: 0.10129330898635089, Inverse Test Loss: 4980.671575927734 
2025-02-20 16:18:14,923 INFO: Epoch 148, Train Loss: 0.08415636629389044, Test Loss: 0.10211245402072867, Inverse Test Loss: 5020.949687703451 
2025-02-20 16:18:16,351 INFO: Epoch 149, Train Loss: 0.08130111388469997, Test Loss: 0.10178012472655003, Inverse Test Loss: 5004.608579508464 
2025-02-20 16:18:17,784 INFO: Epoch 150, Train Loss: 0.08051936321875505, Test Loss: 0.1002961321733892, Inverse Test Loss: 4931.639480336507 
2025-02-20 16:18:19,214 INFO: Epoch 151, Train Loss: 0.08178520647057316, Test Loss: 0.10212793964892626, Inverse Test Loss: 5021.711014811198 
2025-02-20 16:18:20,638 INFO: Epoch 152, Train Loss: 0.07883338371634875, Test Loss: 0.09895365625464668, Inverse Test Loss: 4865.628785451253 
2025-02-20 16:18:22,070 INFO: Epoch 153, Train Loss: 0.07865360751748085, Test Loss: 0.10033350035858651, Inverse Test Loss: 4933.477152506511 
2025-02-20 16:18:23,482 INFO: Epoch 154, Train Loss: 0.07784296804222099, Test Loss: 0.09980195399063328, Inverse Test Loss: 4907.3403793334965 
2025-02-20 16:18:24,915 INFO: Epoch 155, Train Loss: 0.07812904318173726, Test Loss: 0.09832150950872649, Inverse Test Loss: 4834.545677693685 
2025-02-20 16:18:26,334 INFO: Epoch 156, Train Loss: 0.07807895573869086, Test Loss: 0.09895823368181784, Inverse Test Loss: 4865.853852335612 
2025-02-20 16:18:27,755 INFO: Epoch 157, Train Loss: 0.07670342059511888, Test Loss: 0.09969588800643882, Inverse Test Loss: 4902.125237782796 
2025-02-20 16:18:29,181 INFO: Epoch 158, Train Loss: 0.07971045950002838, Test Loss: 0.09806631053021798, Inverse Test Loss: 4821.997342363993 
2025-02-20 16:18:30,613 INFO: Epoch 159, Train Loss: 0.07584728378998606, Test Loss: 0.09845410585403443, Inverse Test Loss: 4841.06591796875 
2025-02-20 16:18:32,031 INFO: Epoch 160, Train Loss: 0.07685036735053648, Test Loss: 0.0974338350739951, Inverse Test Loss: 4790.898444620768 
2025-02-20 16:18:33,471 INFO: Epoch 161, Train Loss: 0.07715255008977756, Test Loss: 0.09890160355716944, Inverse Test Loss: 4863.069276936849 
2025-02-20 16:18:34,880 INFO: Epoch 162, Train Loss: 0.07921093068363373, Test Loss: 0.09625015187387666, Inverse Test Loss: 4732.695740763346 
2025-02-20 16:18:36,312 INFO: Epoch 163, Train Loss: 0.07392117779767304, Test Loss: 0.09693024565155307, Inverse Test Loss: 4766.136056518555 
2025-02-20 16:18:37,737 INFO: Epoch 164, Train Loss: 0.07753963036495343, Test Loss: 0.09760649542634686, Inverse Test Loss: 4799.3879536946615 
2025-02-20 16:18:39,161 INFO: Epoch 165, Train Loss: 0.07491976238395039, Test Loss: 0.09553076947728793, Inverse Test Loss: 4697.323411051432 
2025-02-20 16:18:40,587 INFO: Epoch 166, Train Loss: 0.0735334570993457, Test Loss: 0.09551813934619229, Inverse Test Loss: 4696.7020924886065 
2025-02-20 16:18:42,007 INFO: Epoch 167, Train Loss: 0.07388471570192721, Test Loss: 0.09663539615770181, Inverse Test Loss: 4751.638240559896 
2025-02-20 16:18:43,430 INFO: Epoch 168, Train Loss: 0.07328427929365844, Test Loss: 0.09542827946133911, Inverse Test Loss: 4692.283206176758 
2025-02-20 16:18:44,859 INFO: Epoch 169, Train Loss: 0.07131508986155193, Test Loss: 0.0966502499456207, Inverse Test Loss: 4752.36889851888 
2025-02-20 16:18:46,275 INFO: Epoch 170, Train Loss: 0.06976635852959334, Test Loss: 0.09636256033554673, Inverse Test Loss: 4738.222952270507 
2025-02-20 16:18:47,684 INFO: Epoch 171, Train Loss: 0.06941450370900464, Test Loss: 0.09641069630160928, Inverse Test Loss: 4740.589516194662 
2025-02-20 16:18:49,124 INFO: Epoch 172, Train Loss: 0.07175814759051591, Test Loss: 0.09642576643576224, Inverse Test Loss: 4741.330513509115 
2025-02-20 16:18:50,548 INFO: Epoch 173, Train Loss: 0.07028319438298543, Test Loss: 0.09484034031629562, Inverse Test Loss: 4663.374075317382 
2025-02-20 16:18:51,972 INFO: Epoch 174, Train Loss: 0.0692176037843813, Test Loss: 0.0955091068521142, Inverse Test Loss: 4696.257318115235 
2025-02-20 16:18:53,404 INFO: Epoch 175, Train Loss: 0.07217723386068094, Test Loss: 0.09522537862261136, Inverse Test Loss: 4682.306833902995 
2025-02-20 16:18:54,839 INFO: Epoch 176, Train Loss: 0.07063445506061901, Test Loss: 0.09587764584769805, Inverse Test Loss: 4714.379178873698 
2025-02-20 16:18:56,259 INFO: Epoch 177, Train Loss: 0.06906051963175598, Test Loss: 0.09424600939576824, Inverse Test Loss: 4634.150358072917 
2025-02-20 16:18:57,688 INFO: Epoch 178, Train Loss: 0.06756430651927203, Test Loss: 0.0951191201650848, Inverse Test Loss: 4677.08176167806 
2025-02-20 16:18:59,117 INFO: Epoch 179, Train Loss: 0.06727216226097785, Test Loss: 0.09550869377950827, Inverse Test Loss: 4696.237316894531 
2025-02-20 16:19:00,551 INFO: Epoch 180, Train Loss: 0.06982212716288734, Test Loss: 0.09443313226414224, Inverse Test Loss: 4643.3511525472 
2025-02-20 16:19:01,970 INFO: Epoch 181, Train Loss: 0.06705840435205844, Test Loss: 0.09494224467004339, Inverse Test Loss: 4668.384773763021 
2025-02-20 16:19:03,394 INFO: Epoch 182, Train Loss: 0.06934768896092448, Test Loss: 0.0944171027901272, Inverse Test Loss: 4642.563146972656 
2025-02-20 16:19:04,820 INFO: Epoch 183, Train Loss: 0.07217184486880637, Test Loss: 0.09717054331364731, Inverse Test Loss: 4777.952091471354 
2025-02-20 16:19:06,242 INFO: Epoch 184, Train Loss: 0.06923084542678114, Test Loss: 0.0940603982967635, Inverse Test Loss: 4625.023836771647 
2025-02-20 16:19:07,662 INFO: Epoch 185, Train Loss: 0.06828373690184794, Test Loss: 0.0966148498778542, Inverse Test Loss: 4750.628047688802 
2025-02-20 16:19:09,089 INFO: Epoch 186, Train Loss: 0.06649134288492956, Test Loss: 0.09394951329256097, Inverse Test Loss: 4619.571549479167 
2025-02-20 16:19:10,518 INFO: Epoch 187, Train Loss: 0.06661658609906833, Test Loss: 0.09399727924416462, Inverse Test Loss: 4621.920205688477 
2025-02-20 16:19:11,944 INFO: Epoch 188, Train Loss: 0.0659298009582256, Test Loss: 0.09468755799656113, Inverse Test Loss: 4655.861635335286 
2025-02-20 16:19:13,377 INFO: Epoch 189, Train Loss: 0.06542856467626336, Test Loss: 0.09545556573818127, Inverse Test Loss: 4693.624584960938 
2025-02-20 16:19:14,805 INFO: Epoch 190, Train Loss: 0.0632107108177846, Test Loss: 0.09352112784981728, Inverse Test Loss: 4598.507334391276 
2025-02-20 16:19:16,239 INFO: Epoch 191, Train Loss: 0.06466452261073548, Test Loss: 0.09418116050461928, Inverse Test Loss: 4630.9614400227865 
2025-02-20 16:19:17,671 INFO: Epoch 192, Train Loss: 0.06506607060631116, Test Loss: 0.09340835120528937, Inverse Test Loss: 4592.961926269531 
2025-02-20 16:19:19,100 INFO: Epoch 193, Train Loss: 0.06393533559483394, Test Loss: 0.09381823831548293, Inverse Test Loss: 4613.116465250651 
2025-02-20 16:19:20,528 INFO: Epoch 194, Train Loss: 0.06354063827740519, Test Loss: 0.09346198073277871, Inverse Test Loss: 4595.598956298828 
2025-02-20 16:19:21,951 INFO: Epoch 195, Train Loss: 0.06380813673400042, Test Loss: 0.09163627922534942, Inverse Test Loss: 4505.827768961589 
2025-02-20 16:19:23,365 INFO: Epoch 196, Train Loss: 0.06329810612818651, Test Loss: 0.0925623000289003, Inverse Test Loss: 4551.3610432942705 
2025-02-20 16:19:24,797 INFO: Epoch 197, Train Loss: 0.06856898486352804, Test Loss: 0.09266340034082532, Inverse Test Loss: 4556.332295735677 
2025-02-20 16:19:26,215 INFO: Epoch 198, Train Loss: 0.06274728548892758, Test Loss: 0.09308144133538007, Inverse Test Loss: 4576.88769938151 
2025-02-20 16:19:27,634 INFO: Epoch 199, Train Loss: 0.062182206268373286, Test Loss: 0.09244393606980641, Inverse Test Loss: 4545.541003417969 
2025-02-20 16:19:29,099 INFO: Epoch 200, Train Loss: 0.06326923904973164, Test Loss: 0.09285803431024155, Inverse Test Loss: 4565.902673339844 
2025-02-20 16:19:29,099 INFO: Best Epoch 195, Best Test Loss: 0.09163627922534942, Inverse Test Loss: 4505.827768961589 
2025-02-20 16:19:30,566 INFO: Epoch 201, Train Loss: 0.06190639917264905, Test Loss: 0.09244800793627898, Inverse Test Loss: 4545.740999348958 
2025-02-20 16:19:32,007 INFO: Epoch 202, Train Loss: 0.06375563497606077, Test Loss: 0.09341979958117008, Inverse Test Loss: 4593.5245890299475 
2025-02-20 16:19:33,424 INFO: Epoch 203, Train Loss: 0.062034231267477334, Test Loss: 0.09255211912095547, Inverse Test Loss: 4550.860274251302 
2025-02-20 16:19:34,943 INFO: Epoch 204, Train Loss: 0.06194162904693369, Test Loss: 0.09092264200250308, Inverse Test Loss: 4470.737660725911 
2025-02-20 16:19:36,407 INFO: Epoch 205, Train Loss: 0.06133095227312623, Test Loss: 0.09079890133192142, Inverse Test Loss: 4464.6531453450525 
2025-02-20 16:19:37,871 INFO: Epoch 206, Train Loss: 0.062255328684522396, Test Loss: 0.09254218755910794, Inverse Test Loss: 4550.37178141276 
2025-02-20 16:19:39,369 INFO: Epoch 207, Train Loss: 0.060906940989457724, Test Loss: 0.09054954679061969, Inverse Test Loss: 4452.392262776692 
2025-02-20 16:19:40,838 INFO: Epoch 208, Train Loss: 0.05970410463449202, Test Loss: 0.09220078230525057, Inverse Test Loss: 4533.584885660807 
2025-02-20 16:19:42,299 INFO: Epoch 209, Train Loss: 0.06064259906283073, Test Loss: 0.09308881101508935, Inverse Test Loss: 4577.2499064127605 
2025-02-20 16:19:43,793 INFO: Epoch 210, Train Loss: 0.05885745174856039, Test Loss: 0.09158887273321549, Inverse Test Loss: 4503.49658610026 
2025-02-20 16:19:45,353 INFO: Epoch 211, Train Loss: 0.059851930133606256, Test Loss: 0.09265843487034241, Inverse Test Loss: 4556.088142903646 
2025-02-20 16:19:46,848 INFO: Epoch 212, Train Loss: 0.05822698773587482, Test Loss: 0.09045531681428352, Inverse Test Loss: 4447.75907796224 
2025-02-20 16:19:48,305 INFO: Epoch 213, Train Loss: 0.06263689768680356, Test Loss: 0.09080016165971756, Inverse Test Loss: 4464.714990234375 
2025-02-20 16:19:49,775 INFO: Epoch 214, Train Loss: 0.061411623695963306, Test Loss: 0.09198782009383043, Inverse Test Loss: 4523.113171386719 
2025-02-20 16:19:51,237 INFO: Epoch 215, Train Loss: 0.05946424289753562, Test Loss: 0.09027924668043852, Inverse Test Loss: 4439.101021321615 
2025-02-20 16:19:52,705 INFO: Epoch 216, Train Loss: 0.05865127671706049, Test Loss: 0.09055130494137605, Inverse Test Loss: 4452.47875366211 
2025-02-20 16:19:54,228 INFO: Epoch 217, Train Loss: 0.05599870173293248, Test Loss: 0.09084675231327613, Inverse Test Loss: 4467.006026204427 
2025-02-20 16:19:55,687 INFO: Epoch 218, Train Loss: 0.05731871567274395, Test Loss: 0.0902958519756794, Inverse Test Loss: 4439.918070475261 
2025-02-20 16:19:57,190 INFO: Epoch 219, Train Loss: 0.05817659610980436, Test Loss: 0.0892645562067628, Inverse Test Loss: 4389.208422851562 
2025-02-20 16:19:58,637 INFO: Epoch 220, Train Loss: 0.05602632319195229, Test Loss: 0.09055407643318177, Inverse Test Loss: 4452.614957682292 
2025-02-20 16:20:00,226 INFO: Epoch 221, Train Loss: 0.05596748164348435, Test Loss: 0.0913422615888218, Inverse Test Loss: 4491.370658365885 
2025-02-20 16:20:01,743 INFO: Epoch 222, Train Loss: 0.05893701563278834, Test Loss: 0.08973211950312059, Inverse Test Loss: 4412.198573811849 
2025-02-20 16:20:03,213 INFO: Epoch 223, Train Loss: 0.056980625252451816, Test Loss: 0.09096770814309517, Inverse Test Loss: 4472.953658040365 
2025-02-20 16:20:04,695 INFO: Epoch 224, Train Loss: 0.05538208367662471, Test Loss: 0.09068706470231215, Inverse Test Loss: 4459.154069010417 
2025-02-20 16:20:06,315 INFO: Epoch 225, Train Loss: 0.056102402181478966, Test Loss: 0.08933848403394222, Inverse Test Loss: 4392.843416341146 
2025-02-20 16:20:07,772 INFO: Epoch 226, Train Loss: 0.05712171023090681, Test Loss: 0.09163272756462296, Inverse Test Loss: 4505.653179931641 
