2025-02-20 16:03:55,276 INFO: Model:namespace(attn_dropout=0.4, categories=[], cluster=3, depth=2, dim=32, ff_dropout=0.4, groups=[54, 54, 54], heads=4, name='AMFormer_simple_KAN_dim32_depth2_heads4_dropout0.4_simple_KAN', num_cate=0, num_cont=61, num_special_tokens=1, out=1, out_dim=1, predictor='simple_KAN', prod_num_per_group=[6, 6, 6], qk_relu=False, sum_num_per_group=[32, 16, 8], target_mode='regression', token_descent=False, use_cls_token=True, use_prod=False, use_row_col_attention=True, use_sigmoid=True) 
2025-02-20 16:03:55,276 INFO: lr:0.0001, loss:MSE 
2025-02-20 16:03:55,276 INFO: Dataset:Scm, Target:['LBL'] 
2025-02-20 16:03:55,276 INFO: ------Begin Training Model------ 
2025-02-20 16:03:57,575 INFO: Epoch 1, Train Loss: 0.9937528110387033, Test Loss: 1.03722749153773, Inverse Test Loss: 51001.29114583333 
2025-02-20 16:03:58,017 INFO: Epoch 2, Train Loss: 1.0208088452355903, Test Loss: 1.041276474793752, Inverse Test Loss: 51200.3828125 
2025-02-20 16:03:58,454 INFO: Epoch 3, Train Loss: 0.9990640847306502, Test Loss: 1.03636345465978, Inverse Test Loss: 50958.80416666667 
2025-02-20 16:03:58,902 INFO: Epoch 4, Train Loss: 0.9907235377713254, Test Loss: 1.0483044306437175, Inverse Test Loss: 51545.95104166667 
2025-02-20 16:03:59,357 INFO: Epoch 5, Train Loss: 1.020313913362068, Test Loss: 1.0414084871610005, Inverse Test Loss: 51206.873697916664 
2025-02-20 16:03:59,836 INFO: Epoch 6, Train Loss: 0.9944647571496796, Test Loss: 1.0410579721132913, Inverse Test Loss: 51189.6375 
2025-02-20 16:04:00,266 INFO: Epoch 7, Train Loss: 0.9931845759090624, Test Loss: 1.0385467569033304, Inverse Test Loss: 51066.15677083333 
2025-02-20 16:04:00,699 INFO: Epoch 8, Train Loss: 0.9939147746353819, Test Loss: 1.0406409899393718, Inverse Test Loss: 51169.13515625 
2025-02-20 16:04:01,125 INFO: Epoch 9, Train Loss: 0.991120166423028, Test Loss: 1.0438265283902486, Inverse Test Loss: 51325.77239583333 
2025-02-20 16:04:01,558 INFO: Epoch 10, Train Loss: 0.9914820996815699, Test Loss: 1.0377340078353883, Inverse Test Loss: 51026.19635416667 
2025-02-20 16:04:01,990 INFO: Epoch 11, Train Loss: 0.9962224813929775, Test Loss: 1.0374747157096862, Inverse Test Loss: 51013.44739583333 
2025-02-20 16:04:02,422 INFO: Epoch 12, Train Loss: 0.9932269265777186, Test Loss: 1.0406258821487426, Inverse Test Loss: 51168.391927083336 
2025-02-20 16:04:02,855 INFO: Epoch 13, Train Loss: 1.0021631686311019, Test Loss: 1.0373515526453654, Inverse Test Loss: 51007.390885416666 
2025-02-20 16:04:03,290 INFO: Epoch 14, Train Loss: 1.0032381436281037, Test Loss: 1.0367719411849976, Inverse Test Loss: 50978.89010416667 
2025-02-20 16:04:03,717 INFO: Epoch 15, Train Loss: 0.9914691490039491, Test Loss: 1.0366642713546752, Inverse Test Loss: 50973.597395833334 
2025-02-20 16:04:04,149 INFO: Epoch 16, Train Loss: 1.0150514830622757, Test Loss: 1.0361030141512553, Inverse Test Loss: 50945.998697916664 
2025-02-20 16:04:04,617 INFO: Epoch 17, Train Loss: 1.0154845348575658, Test Loss: 1.0517038067181905, Inverse Test Loss: 51713.09947916667 
2025-02-20 16:04:05,054 INFO: Epoch 18, Train Loss: 0.9992414158687257, Test Loss: 1.0360213756561278, Inverse Test Loss: 50941.984375 
2025-02-20 16:04:05,489 INFO: Epoch 19, Train Loss: 1.0015090212487339, Test Loss: 1.0397007664044697, Inverse Test Loss: 51122.9015625 
2025-02-20 16:04:05,961 INFO: Epoch 20, Train Loss: 1.006954712825909, Test Loss: 1.0388517181078594, Inverse Test Loss: 51081.15442708333 
2025-02-20 16:04:06,399 INFO: Epoch 21, Train Loss: 0.9983599227771425, Test Loss: 1.0403836290041606, Inverse Test Loss: 51156.479166666664 
2025-02-20 16:04:06,840 INFO: Epoch 22, Train Loss: 1.0027069972272504, Test Loss: 1.0371984759966533, Inverse Test Loss: 50999.864583333336 
2025-02-20 16:04:07,273 INFO: Epoch 23, Train Loss: 1.0010793543698495, Test Loss: 1.0414648214975992, Inverse Test Loss: 51209.6421875 
2025-02-20 16:04:07,712 INFO: Epoch 24, Train Loss: 0.9886719291670281, Test Loss: 1.0432950894037882, Inverse Test Loss: 51299.64010416667 
2025-02-20 16:04:08,151 INFO: Epoch 25, Train Loss: 0.9929799176099008, Test Loss: 1.0361018737157186, Inverse Test Loss: 50945.94348958333 
2025-02-20 16:04:08,582 INFO: Epoch 26, Train Loss: 1.0015768576086612, Test Loss: 1.0360470175743104, Inverse Test Loss: 50943.24322916667 
2025-02-20 16:04:09,014 INFO: Epoch 27, Train Loss: 0.9999841786267465, Test Loss: 1.0378645062446594, Inverse Test Loss: 51032.61510416667 
2025-02-20 16:04:09,441 INFO: Epoch 28, Train Loss: 0.996106349585349, Test Loss: 1.0365778009096782, Inverse Test Loss: 50969.34192708333 
2025-02-20 16:04:09,872 INFO: Epoch 29, Train Loss: 0.9968959605484679, Test Loss: 1.0391878008842468, Inverse Test Loss: 51097.68046875 
2025-02-20 16:04:10,304 INFO: Epoch 30, Train Loss: 0.9999828882384718, Test Loss: 1.0398969610532125, Inverse Test Loss: 51132.55 
2025-02-20 16:04:10,735 INFO: Epoch 31, Train Loss: 1.0010923398168463, Test Loss: 1.038876970609029, Inverse Test Loss: 51082.39609375 
2025-02-20 16:04:11,153 INFO: Epoch 32, Train Loss: 0.9927980261936522, Test Loss: 1.0361552675565084, Inverse Test Loss: 50948.5703125 
2025-02-20 16:04:11,586 INFO: Epoch 33, Train Loss: 1.008514078039872, Test Loss: 1.0387201984723409, Inverse Test Loss: 51074.68932291667 
2025-02-20 16:04:12,018 INFO: Epoch 34, Train Loss: 0.9999247392018636, Test Loss: 1.0443385044733684, Inverse Test Loss: 51350.9453125 
2025-02-20 16:04:12,469 INFO: Epoch 35, Train Loss: 1.0183057816405046, Test Loss: 1.0368836482365926, Inverse Test Loss: 50984.38229166667 
2025-02-20 16:04:12,953 INFO: Epoch 36, Train Loss: 1.0298710454974258, Test Loss: 1.0415115475654602, Inverse Test Loss: 51211.94088541667 
2025-02-20 16:04:13,391 INFO: Epoch 37, Train Loss: 0.9959183962721574, Test Loss: 1.0380627632141113, Inverse Test Loss: 51042.3609375 
2025-02-20 16:04:13,878 INFO: Epoch 38, Train Loss: 1.005916300572847, Test Loss: 1.043987242380778, Inverse Test Loss: 51333.672135416666 
2025-02-20 16:04:14,329 INFO: Epoch 39, Train Loss: 0.9979248841603597, Test Loss: 1.049255375067393, Inverse Test Loss: 51592.71015625 
2025-02-20 16:04:14,775 INFO: Epoch 40, Train Loss: 1.0055242379506428, Test Loss: 1.039832890033722, Inverse Test Loss: 51129.399739583336 
2025-02-20 16:04:15,215 INFO: Epoch 41, Train Loss: 0.9900204547141728, Test Loss: 1.0369606375694276, Inverse Test Loss: 50988.16875 
2025-02-20 16:04:15,656 INFO: Epoch 42, Train Loss: 1.0063050933051527, Test Loss: 1.0373301744461059, Inverse Test Loss: 51006.33880208333 
2025-02-20 16:04:16,095 INFO: Epoch 43, Train Loss: 1.0021561593340154, Test Loss: 1.0402235070864359, Inverse Test Loss: 51148.60729166667 
2025-02-20 16:04:16,522 INFO: Epoch 44, Train Loss: 1.0027977594158106, Test Loss: 1.0364898403485616, Inverse Test Loss: 50965.019270833334 
2025-02-20 16:04:16,960 INFO: Epoch 45, Train Loss: 0.9911123257980012, Test Loss: 1.0392780900001526, Inverse Test Loss: 51102.1171875 
2025-02-20 16:04:17,426 INFO: Epoch 46, Train Loss: 0.9969039224741751, Test Loss: 1.036848747730255, Inverse Test Loss: 50982.668229166666 
2025-02-20 16:04:17,878 INFO: Epoch 47, Train Loss: 1.0023025818038405, Test Loss: 1.0368367910385132, Inverse Test Loss: 50982.07916666667 
2025-02-20 16:04:18,315 INFO: Epoch 48, Train Loss: 0.9889697976279677, Test Loss: 1.0370423237482707, Inverse Test Loss: 50992.18411458333 
2025-02-20 16:04:18,763 INFO: Epoch 49, Train Loss: 0.9982934113134417, Test Loss: 1.036594529946645, Inverse Test Loss: 50970.16588541667 
2025-02-20 16:04:19,202 INFO: Epoch 50, Train Loss: 1.0101844867070515, Test Loss: 1.048041319847107, Inverse Test Loss: 51533.01510416667 
2025-02-20 16:04:19,658 INFO: Epoch 51, Train Loss: 1.0121462355580246, Test Loss: 1.0388538161913554, Inverse Test Loss: 51081.259375 
2025-02-20 16:04:20,087 INFO: Epoch 52, Train Loss: 1.0332834385989005, Test Loss: 1.043384357293447, Inverse Test Loss: 51304.028645833336 
2025-02-20 16:04:20,523 INFO: Epoch 53, Train Loss: 1.0205402353353668, Test Loss: 1.0371585090955098, Inverse Test Loss: 50997.89895833333 
2025-02-20 16:04:21,020 INFO: Epoch 54, Train Loss: 1.020751714706421, Test Loss: 1.0449092229207357, Inverse Test Loss: 51379.009114583336 
2025-02-20 16:04:21,496 INFO: Epoch 55, Train Loss: 0.9908099509122079, Test Loss: 1.0380154490470885, Inverse Test Loss: 51040.034895833334 
2025-02-20 16:04:21,937 INFO: Epoch 56, Train Loss: 0.9881967238166876, Test Loss: 1.0382284800211588, Inverse Test Loss: 51050.508072916666 
2025-02-20 16:04:22,372 INFO: Epoch 57, Train Loss: 1.0005340649370562, Test Loss: 1.0362927913665771, Inverse Test Loss: 50955.33098958333 
2025-02-20 16:04:22,809 INFO: Epoch 58, Train Loss: 0.9988759829286944, Test Loss: 1.0419567982355753, Inverse Test Loss: 51233.83255208333 
2025-02-20 16:04:23,251 INFO: Epoch 59, Train Loss: 0.9949327644548918, Test Loss: 1.0384629607200622, Inverse Test Loss: 51062.038802083334 
2025-02-20 16:04:23,724 INFO: Epoch 60, Train Loss: 1.0036856071990834, Test Loss: 1.0373135447502135, Inverse Test Loss: 51005.520833333336 
2025-02-20 16:04:24,409 INFO: Epoch 61, Train Loss: 0.9958114425341288, Test Loss: 1.036032255490621, Inverse Test Loss: 50942.519791666666 
2025-02-20 16:04:25,119 INFO: Epoch 62, Train Loss: 1.0012897200751723, Test Loss: 1.0399921695391336, Inverse Test Loss: 51137.23255208333 
2025-02-20 16:04:25,769 INFO: Epoch 63, Train Loss: 0.9956774293330678, Test Loss: 1.039741543928782, Inverse Test Loss: 51124.907552083336 
2025-02-20 16:04:26,355 INFO: Epoch 64, Train Loss: 1.009947517461944, Test Loss: 1.0466572960217795, Inverse Test Loss: 51464.96041666667 
2025-02-20 16:04:27,019 INFO: Epoch 65, Train Loss: 0.9997608421141642, Test Loss: 1.0362709403038024, Inverse Test Loss: 50954.25677083333 
2025-02-20 16:04:27,588 INFO: Epoch 66, Train Loss: 0.9979771292000487, Test Loss: 1.0379897753397624, Inverse Test Loss: 51038.773697916666 
2025-02-20 16:04:28,229 INFO: Epoch 67, Train Loss: 1.0007265816655075, Test Loss: 1.036879026889801, Inverse Test Loss: 50984.154947916664 
2025-02-20 16:04:28,795 INFO: Epoch 68, Train Loss: 1.001002618095331, Test Loss: 1.036301072438558, Inverse Test Loss: 50955.73619791667 
2025-02-20 16:04:29,360 INFO: Epoch 69, Train Loss: 1.0293997212460166, Test Loss: 1.0416840712229412, Inverse Test Loss: 51220.42395833333 
2025-02-20 16:04:29,899 INFO: Epoch 70, Train Loss: 0.9989885917881078, Test Loss: 1.0386887470881143, Inverse Test Loss: 51073.14140625 
2025-02-20 16:04:30,447 INFO: Epoch 71, Train Loss: 0.9983445834695247, Test Loss: 1.0369715809822082, Inverse Test Loss: 50988.70546875 
2025-02-20 16:04:31,024 INFO: Epoch 72, Train Loss: 0.9949124403167189, Test Loss: 1.0483574549357095, Inverse Test Loss: 51548.56197916667 
2025-02-20 16:04:31,552 INFO: Epoch 73, Train Loss: 0.9872279428599173, Test Loss: 1.036291782061259, Inverse Test Loss: 50955.28125 
2025-02-20 16:04:32,123 INFO: Epoch 74, Train Loss: 0.9894954907266718, Test Loss: 1.0401651541392007, Inverse Test Loss: 51145.73776041667 
2025-02-20 16:04:32,700 INFO: Epoch 75, Train Loss: 1.0010514458020527, Test Loss: 1.0397868394851684, Inverse Test Loss: 51127.13463541667 
2025-02-20 16:04:33,246 INFO: Epoch 76, Train Loss: 0.994011964714318, Test Loss: 1.039583436648051, Inverse Test Loss: 51117.13489583333 
2025-02-20 16:04:33,789 INFO: Epoch 77, Train Loss: 0.9996824860572815, Test Loss: 1.046737587451935, Inverse Test Loss: 51468.91015625 
2025-02-20 16:04:34,406 INFO: Epoch 78, Train Loss: 1.02791968040299, Test Loss: 1.0442721923192342, Inverse Test Loss: 51347.68463541667 
2025-02-20 16:04:34,959 INFO: Epoch 79, Train Loss: 0.9930264123699122, Test Loss: 1.0370856245358786, Inverse Test Loss: 50994.31484375 
2025-02-20 16:04:35,531 INFO: Epoch 80, Train Loss: 1.0330358963263662, Test Loss: 1.0371508200963337, Inverse Test Loss: 50997.519791666666 
2025-02-20 16:04:36,121 INFO: Epoch 81, Train Loss: 0.9943678776423136, Test Loss: 1.039052414894104, Inverse Test Loss: 51091.022135416664 
2025-02-20 16:04:36,698 INFO: Epoch 82, Train Loss: 1.0009962006619102, Test Loss: 1.037521481513977, Inverse Test Loss: 51015.74713541667 
2025-02-20 16:04:37,253 INFO: Epoch 83, Train Loss: 0.9958614884761342, Test Loss: 1.0412699063618978, Inverse Test Loss: 51200.06171875 
2025-02-20 16:04:37,893 INFO: Epoch 84, Train Loss: 0.9993192940427545, Test Loss: 1.0398083686828614, Inverse Test Loss: 51128.19427083333 
2025-02-20 16:04:38,450 INFO: Epoch 85, Train Loss: 0.9895378633549339, Test Loss: 1.0365940809249878, Inverse Test Loss: 50970.14505208333 
2025-02-20 16:04:39,041 INFO: Epoch 86, Train Loss: 0.9957640955322667, Test Loss: 1.037351087729136, Inverse Test Loss: 51007.36614583333 
2025-02-20 16:04:39,639 INFO: Epoch 87, Train Loss: 1.0078710516293843, Test Loss: 1.0363926490147908, Inverse Test Loss: 50960.23984375 
2025-02-20 16:04:40,173 INFO: Epoch 88, Train Loss: 0.9893376900438677, Test Loss: 1.041657292842865, Inverse Test Loss: 51219.10546875 
2025-02-20 16:04:40,747 INFO: Epoch 89, Train Loss: 0.9967166195835984, Test Loss: 1.0412542661031088, Inverse Test Loss: 51199.289322916666 
2025-02-20 16:04:41,390 INFO: Epoch 90, Train Loss: 1.0031286195704812, Test Loss: 1.0474634130795797, Inverse Test Loss: 51504.596354166664 
2025-02-20 16:04:42,019 INFO: Epoch 91, Train Loss: 0.9855018526054266, Test Loss: 1.0383887966473897, Inverse Test Loss: 51058.3921875 
2025-02-20 16:04:42,763 INFO: Epoch 92, Train Loss: 1.001434704713654, Test Loss: 1.0409158746401468, Inverse Test Loss: 51182.65182291667 
2025-02-20 16:04:43,403 INFO: Epoch 93, Train Loss: 0.9930695180307355, Test Loss: 1.0403461694717406, Inverse Test Loss: 51154.6359375 
2025-02-20 16:04:44,023 INFO: Epoch 94, Train Loss: 1.0095553460874056, Test Loss: 1.038402263323466, Inverse Test Loss: 51059.05390625 
2025-02-20 16:04:44,557 INFO: Epoch 95, Train Loss: 0.9943208725828874, Test Loss: 1.0360167582829793, Inverse Test Loss: 50941.75885416667 
2025-02-20 16:04:45,207 INFO: Epoch 96, Train Loss: 1.019830724649262, Test Loss: 1.0391990343729656, Inverse Test Loss: 51098.23203125 
2025-02-20 16:04:45,775 INFO: Epoch 97, Train Loss: 0.9922786694869661, Test Loss: 1.0375627120335897, Inverse Test Loss: 51017.77447916667 
2025-02-20 16:04:46,393 INFO: Epoch 98, Train Loss: 1.0024084699781317, Test Loss: 1.038771677017212, Inverse Test Loss: 51077.218489583334 
2025-02-20 16:04:46,964 INFO: Epoch 99, Train Loss: 0.9925709063546699, Test Loss: 1.048528774579366, Inverse Test Loss: 51556.98255208333 
2025-02-20 16:04:47,576 INFO: Epoch 100, Train Loss: 1.0097251220753318, Test Loss: 1.0376013000806172, Inverse Test Loss: 51019.67239583333 
2025-02-20 16:04:47,576 INFO: Best Epoch 95, Best Test Loss: 1.0360167582829793, Inverse Test Loss: 50941.75885416667 
2025-02-20 16:04:48,181 INFO: Epoch 101, Train Loss: 0.9880045307310004, Test Loss: 1.041989227135976, Inverse Test Loss: 51235.42864583333 
2025-02-20 16:04:48,817 INFO: Epoch 102, Train Loss: 1.002101557296619, Test Loss: 1.039322809378306, Inverse Test Loss: 51104.31927083333 
2025-02-20 16:04:49,485 INFO: Epoch 103, Train Loss: 0.999552609627707, Test Loss: 1.0394646724065144, Inverse Test Loss: 51111.29244791667 
2025-02-20 16:04:50,181 INFO: Epoch 104, Train Loss: 0.9932139688416531, Test Loss: 1.0399588068326315, Inverse Test Loss: 51135.59140625 
2025-02-20 16:04:50,749 INFO: Epoch 105, Train Loss: 1.0278830381861903, Test Loss: 1.0455271402994792, Inverse Test Loss: 51409.389322916664 
2025-02-20 16:04:51,384 INFO: Epoch 106, Train Loss: 1.010222600217451, Test Loss: 1.0441948334376017, Inverse Test Loss: 51343.87942708333 
2025-02-20 16:04:51,929 INFO: Epoch 107, Train Loss: 1.0046311585526717, Test Loss: 1.0368443210919698, Inverse Test Loss: 50982.44713541667 
2025-02-20 16:04:52,418 INFO: Epoch 108, Train Loss: 1.0231674867763854, Test Loss: 1.0460768898328145, Inverse Test Loss: 51436.42005208333 
2025-02-20 16:04:52,916 INFO: Epoch 109, Train Loss: 1.0329465615121942, Test Loss: 1.045499336719513, Inverse Test Loss: 51408.022135416664 
2025-02-20 16:04:53,464 INFO: Epoch 110, Train Loss: 1.0228977830786454, Test Loss: 1.0379968802134196, Inverse Test Loss: 51039.122395833336 
2025-02-20 16:04:54,062 INFO: Epoch 111, Train Loss: 1.0069662280250014, Test Loss: 1.0381296237309774, Inverse Test Loss: 51045.64895833333 
2025-02-20 16:04:54,649 INFO: Epoch 112, Train Loss: 0.9882684716007166, Test Loss: 1.040623911221822, Inverse Test Loss: 51168.29348958333 
2025-02-20 16:04:55,169 INFO: Epoch 113, Train Loss: 1.0157567952808582, Test Loss: 1.0424140532811483, Inverse Test Loss: 51256.3171875 
2025-02-20 16:04:55,737 INFO: Epoch 114, Train Loss: 0.9873389144215667, Test Loss: 1.0372116327285767, Inverse Test Loss: 51000.5109375 
2025-02-20 16:04:56,329 INFO: Epoch 115, Train Loss: 0.9888559028244855, Test Loss: 1.048729908466339, Inverse Test Loss: 51566.873697916664 
2025-02-20 16:04:56,913 INFO: Epoch 116, Train Loss: 1.0111846380066454, Test Loss: 1.0464937170346578, Inverse Test Loss: 51456.915625 
2025-02-20 16:04:57,541 INFO: Epoch 117, Train Loss: 0.9972763553000333, Test Loss: 1.0389392733573914, Inverse Test Loss: 51085.4578125 
2025-02-20 16:04:58,116 INFO: Epoch 118, Train Loss: 0.997330367565155, Test Loss: 1.0378661592801413, Inverse Test Loss: 51032.69375 
2025-02-20 16:04:58,713 INFO: Epoch 119, Train Loss: 1.0387714881646006, Test Loss: 1.0480345606803894, Inverse Test Loss: 51532.68411458333 
2025-02-20 16:04:59,322 INFO: Epoch 120, Train Loss: 1.014073858135625, Test Loss: 1.0415464440981548, Inverse Test Loss: 51213.654947916664 
2025-02-20 16:04:59,970 INFO: Epoch 121, Train Loss: 0.9915814143523836, Test Loss: 1.036941921710968, Inverse Test Loss: 50987.2484375 
2025-02-20 16:05:00,589 INFO: Epoch 122, Train Loss: 0.9965707607436598, Test Loss: 1.0429979006449381, Inverse Test Loss: 51285.027604166666 
2025-02-20 16:05:01,165 INFO: Epoch 123, Train Loss: 0.9986705832314073, Test Loss: 1.040306838353475, Inverse Test Loss: 51152.704427083336 
2025-02-20 16:05:01,823 INFO: Epoch 124, Train Loss: 0.9992918194385997, Test Loss: 1.043208158016205, Inverse Test Loss: 51295.36484375 
2025-02-20 16:05:02,416 INFO: Epoch 125, Train Loss: 1.0192657625466062, Test Loss: 1.0420592387517293, Inverse Test Loss: 51238.86796875 
2025-02-20 16:05:03,009 INFO: Epoch 126, Train Loss: 0.9998482089293631, Test Loss: 1.0447471380233764, Inverse Test Loss: 51371.037760416664 
2025-02-20 16:05:03,606 INFO: Epoch 127, Train Loss: 1.029372055279581, Test Loss: 1.0375579913457236, Inverse Test Loss: 51017.5421875 
2025-02-20 16:05:04,271 INFO: Epoch 128, Train Loss: 1.020357438346796, Test Loss: 1.040187954902649, Inverse Test Loss: 51146.85885416667 
2025-02-20 16:05:04,846 INFO: Epoch 129, Train Loss: 0.9972554100187201, Test Loss: 1.0481459577878316, Inverse Test Loss: 51538.16197916667 
2025-02-20 16:05:05,380 INFO: Epoch 130, Train Loss: 0.9928655362965768, Test Loss: 1.0416864156723022, Inverse Test Loss: 51220.539322916666 
2025-02-20 16:05:05,993 INFO: Epoch 131, Train Loss: 0.990211137031254, Test Loss: 1.0405555327733358, Inverse Test Loss: 51164.933854166666 
2025-02-20 16:05:06,621 INFO: Epoch 132, Train Loss: 1.0113487285480165, Test Loss: 1.0376781225204468, Inverse Test Loss: 51023.44739583333 
