2025-01-11 16:37:35,888 INFO: namespace(depth=2, grid_size=5, name='KAN_grid5_spline3', spline_order=3) 
2025-01-11 16:37:35,888 INFO: Dataset:Bike 
2025-01-11 16:37:35,888 INFO: ------Begin Training Model------ 
2025-01-11 16:37:38,768 INFO: Epoch 1, Train Loss: 0.6591721231784295, Test Loss: 0.5211015545896122, Inverse Test Loss: 3.7503040858677457 
2025-01-11 16:37:39,251 INFO: Epoch 2, Train Loss: 0.448150128672976, Test Loss: 0.33223132469824385, Inverse Test Loss: 2.4327872140066966 
2025-01-11 16:37:39,709 INFO: Epoch 3, Train Loss: 0.2863902784542206, Test Loss: 0.25531342146652086, Inverse Test Loss: 1.3601864406040736 
2025-01-11 16:37:40,206 INFO: Epoch 4, Train Loss: 0.24707720162124808, Test Loss: 0.24219115717070444, Inverse Test Loss: 1.3034116200038366 
2025-01-11 16:37:40,664 INFO: Epoch 5, Train Loss: 0.23337999820162397, Test Loss: 0.23505241530282156, Inverse Test Loss: 1.3327350616455078 
2025-01-11 16:37:41,151 INFO: Epoch 6, Train Loss: 0.22318326620333787, Test Loss: 0.2349434872823102, Inverse Test Loss: 1.3986620221819197 
2025-01-11 16:37:41,611 INFO: Epoch 7, Train Loss: 0.21625939517393025, Test Loss: 0.2274401874414512, Inverse Test Loss: 1.3363211495535714 
2025-01-11 16:37:42,106 INFO: Epoch 8, Train Loss: 0.21051551497310672, Test Loss: 0.22919337345021112, Inverse Test Loss: 1.4098257337297713 
2025-01-11 16:37:42,577 INFO: Epoch 9, Train Loss: 0.2052916353995647, Test Loss: 0.2275071990277086, Inverse Test Loss: 1.3894235066005163 
2025-01-11 16:37:43,032 INFO: Epoch 10, Train Loss: 0.20064669970525514, Test Loss: 0.22401580161281995, Inverse Test Loss: 1.4226192746843611 
2025-01-11 16:37:43,485 INFO: Epoch 11, Train Loss: 0.1963849204395889, Test Loss: 0.22808907287461416, Inverse Test Loss: 1.3230227061680384 
2025-01-11 16:37:43,962 INFO: Epoch 12, Train Loss: 0.19350544288070923, Test Loss: 0.22448848134705, Inverse Test Loss: 1.310394287109375 
2025-01-11 16:37:44,446 INFO: Epoch 13, Train Loss: 0.19084763923369416, Test Loss: 0.22412429537091935, Inverse Test Loss: 1.2209035328456335 
2025-01-11 16:37:44,918 INFO: Epoch 14, Train Loss: 0.18559100157623992, Test Loss: 0.23975625474538123, Inverse Test Loss: 1.465287208557129 
2025-01-11 16:37:45,394 INFO: Epoch 15, Train Loss: 0.18507940219629795, Test Loss: 0.22472324914165906, Inverse Test Loss: 1.3553496769496374 
2025-01-11 16:37:45,867 INFO: Epoch 16, Train Loss: 0.18130225654042095, Test Loss: 0.22786291635462216, Inverse Test Loss: 1.3883805956159319 
2025-01-11 16:37:46,342 INFO: Epoch 17, Train Loss: 0.17687458292059943, Test Loss: 0.22562378006322042, Inverse Test Loss: 1.3258583886282784 
2025-01-11 16:37:46,823 INFO: Epoch 18, Train Loss: 0.17431937158107758, Test Loss: 0.22783673820751055, Inverse Test Loss: 1.341076033455985 
2025-01-11 16:37:47,296 INFO: Epoch 19, Train Loss: 0.17135882138385686, Test Loss: 0.22849079913326673, Inverse Test Loss: 1.475318091256278 
2025-01-11 16:37:47,777 INFO: Epoch 20, Train Loss: 0.1685452782506243, Test Loss: 0.23098022171429225, Inverse Test Loss: 1.3087358474731445 
2025-01-11 16:37:48,249 INFO: Epoch 21, Train Loss: 0.16684075205697926, Test Loss: 0.2310607401388032, Inverse Test Loss: 1.3204099110194616 
2025-01-11 16:37:48,729 INFO: Epoch 22, Train Loss: 0.16425827384815303, Test Loss: 0.23476077243685722, Inverse Test Loss: 1.419706072126116 
2025-01-11 16:37:49,202 INFO: Epoch 23, Train Loss: 0.16255576915423806, Test Loss: 0.23249642444508417, Inverse Test Loss: 1.3441920961652483 
2025-01-11 16:37:49,676 INFO: Epoch 24, Train Loss: 0.1579367865663056, Test Loss: 0.23196506606681006, Inverse Test Loss: 1.2934795107160295 
2025-01-11 16:37:50,164 INFO: Epoch 25, Train Loss: 0.1558041584874512, Test Loss: 0.23489223420619965, Inverse Test Loss: 1.3885526657104492 
2025-01-11 16:37:50,695 INFO: Epoch 26, Train Loss: 0.15380825970424425, Test Loss: 0.23940200997250421, Inverse Test Loss: 1.4175671168736048 
2025-01-11 16:37:51,170 INFO: Epoch 27, Train Loss: 0.15409665746152948, Test Loss: 0.2366623186639377, Inverse Test Loss: 1.3941590445382255 
2025-01-11 16:37:51,627 INFO: Epoch 28, Train Loss: 0.15040611332162804, Test Loss: 0.2379521897860936, Inverse Test Loss: 1.2962450299944197 
2025-01-11 16:37:52,094 INFO: Epoch 29, Train Loss: 0.14850692615049696, Test Loss: 0.23901538763727462, Inverse Test Loss: 1.4226863043648856 
2025-01-11 16:37:52,562 INFO: Epoch 30, Train Loss: 0.14563742450891284, Test Loss: 0.24122605472803116, Inverse Test Loss: 1.4378170285906111 
2025-01-11 16:37:53,035 INFO: Epoch 31, Train Loss: 0.1451951013109006, Test Loss: 0.23925079937492097, Inverse Test Loss: 1.3364701952253069 
2025-01-11 16:37:53,507 INFO: Epoch 32, Train Loss: 0.14417691426266224, Test Loss: 0.24208037235907146, Inverse Test Loss: 1.4313759122576033 
2025-01-11 16:37:53,978 INFO: Epoch 33, Train Loss: 0.14246314579467162, Test Loss: 0.24277031900627272, Inverse Test Loss: 1.3516123635428292 
2025-01-11 16:37:54,447 INFO: Epoch 34, Train Loss: 0.14064045223074223, Test Loss: 0.24674598979098455, Inverse Test Loss: 1.4059960501534599 
2025-01-11 16:37:54,920 INFO: Epoch 35, Train Loss: 0.1399201090456149, Test Loss: 0.243215055337974, Inverse Test Loss: 1.3889428547450475 
2025-01-11 16:37:55,385 INFO: Epoch 36, Train Loss: 0.13790864654637258, Test Loss: 0.24253768899611064, Inverse Test Loss: 1.3467127936226981 
2025-01-11 16:37:55,899 INFO: Epoch 37, Train Loss: 0.1374643754658349, Test Loss: 0.2460412840758051, Inverse Test Loss: 1.4475252968924386 
2025-01-11 16:37:56,400 INFO: Epoch 38, Train Loss: 0.13456606803410645, Test Loss: 0.2464489010827882, Inverse Test Loss: 1.3649661200387138 
2025-01-11 16:37:56,871 INFO: Epoch 39, Train Loss: 0.13297131650765007, Test Loss: 0.24691100152475493, Inverse Test Loss: 1.501499857221331 
2025-01-11 16:37:57,356 INFO: Epoch 40, Train Loss: 0.13240461789686744, Test Loss: 0.24823563812034471, Inverse Test Loss: 1.4673494611467635 
2025-01-11 16:37:57,891 INFO: Epoch 41, Train Loss: 0.13024230438088058, Test Loss: 0.25065513647028376, Inverse Test Loss: 1.4917614800589425 
2025-01-11 16:37:58,369 INFO: Epoch 42, Train Loss: 0.13093892334524646, Test Loss: 0.2500836178660393, Inverse Test Loss: 1.4949825831821986 
2025-01-11 16:37:58,851 INFO: Epoch 43, Train Loss: 0.12963092019525144, Test Loss: 0.24998629838228226, Inverse Test Loss: 1.3993328639439173 
2025-01-11 16:37:59,390 INFO: Epoch 44, Train Loss: 0.12743066968994404, Test Loss: 0.2520776337810925, Inverse Test Loss: 1.4150547300066267 
2025-01-11 16:37:59,875 INFO: Epoch 45, Train Loss: 0.12663998249747338, Test Loss: 0.25216640532016754, Inverse Test Loss: 1.5112980433872767 
2025-01-11 16:38:00,345 INFO: Epoch 46, Train Loss: 0.12533390891114507, Test Loss: 0.25358637209449497, Inverse Test Loss: 1.5122931344168526 
2025-01-11 16:38:00,805 INFO: Epoch 47, Train Loss: 0.12519935395466078, Test Loss: 0.2543346658349037, Inverse Test Loss: 1.4953301293509347 
2025-01-11 16:38:01,305 INFO: Epoch 48, Train Loss: 0.12328507170217846, Test Loss: 0.25592936468975885, Inverse Test Loss: 1.621300288609096 
2025-01-11 16:38:01,798 INFO: Epoch 49, Train Loss: 0.12207299375205959, Test Loss: 0.25586707464286257, Inverse Test Loss: 1.5393633161272322 
2025-01-11 16:38:02,274 INFO: Epoch 50, Train Loss: 0.12179649347832444, Test Loss: 0.2578896124448095, Inverse Test Loss: 1.5044183731079102 
2025-01-11 16:38:02,798 INFO: Epoch 51, Train Loss: 0.12133586625440405, Test Loss: 0.2567962775272982, Inverse Test Loss: 1.5591351645333427 
2025-01-11 16:38:03,362 INFO: Epoch 52, Train Loss: 0.11935754298070154, Test Loss: 0.256521892866918, Inverse Test Loss: 1.4630043847220284 
2025-01-11 16:38:03,894 INFO: Epoch 53, Train Loss: 0.1187280258591022, Test Loss: 0.25731284277779715, Inverse Test Loss: 1.5189734867640905 
2025-01-11 16:38:04,422 INFO: Epoch 54, Train Loss: 0.11817077643007314, Test Loss: 0.258416797965765, Inverse Test Loss: 1.6762823377336775 
2025-01-11 16:38:04,939 INFO: Epoch 55, Train Loss: 0.11850122054782483, Test Loss: 0.2589691903974329, Inverse Test Loss: 1.5442605699811662 
2025-01-11 16:38:05,474 INFO: Epoch 56, Train Loss: 0.1173798764517548, Test Loss: 0.2598594107798168, Inverse Test Loss: 1.4802133015223913 
2025-01-11 16:38:05,985 INFO: Epoch 57, Train Loss: 0.11638072966982466, Test Loss: 0.2599647843411991, Inverse Test Loss: 1.5065333502633231 
2025-01-11 16:38:06,490 INFO: Epoch 58, Train Loss: 0.11584781267500799, Test Loss: 0.2658883200160095, Inverse Test Loss: 1.628385135105678 
2025-01-11 16:38:07,054 INFO: Epoch 59, Train Loss: 0.11626333900547903, Test Loss: 0.2600426232176168, Inverse Test Loss: 1.6386605671473913 
2025-01-11 16:38:07,614 INFO: Epoch 60, Train Loss: 0.11384534924675566, Test Loss: 0.2600850095706327, Inverse Test Loss: 1.4897959572928292 
2025-01-11 16:38:08,156 INFO: Epoch 61, Train Loss: 0.11405590545693668, Test Loss: 0.26112939257706913, Inverse Test Loss: 1.545731544494629 
2025-01-11 16:38:08,689 INFO: Epoch 62, Train Loss: 0.11245254857824483, Test Loss: 0.26239925782595364, Inverse Test Loss: 1.5353754588535853 
2025-01-11 16:38:09,204 INFO: Epoch 63, Train Loss: 0.11267701604770958, Test Loss: 0.26226129648940905, Inverse Test Loss: 1.506443977355957 
2025-01-11 16:38:09,734 INFO: Epoch 64, Train Loss: 0.11169564874347197, Test Loss: 0.2628675534256867, Inverse Test Loss: 1.5687757219587053 
2025-01-11 16:38:10,254 INFO: Epoch 65, Train Loss: 0.11173392367472343, Test Loss: 0.26347976124712397, Inverse Test Loss: 1.462167194911412 
2025-01-11 16:38:10,779 INFO: Epoch 66, Train Loss: 0.11069850056269846, Test Loss: 0.26587560560022083, Inverse Test Loss: 1.5471007483346122 
2025-01-11 16:38:11,297 INFO: Epoch 67, Train Loss: 0.11116120895934761, Test Loss: 0.2645989608551775, Inverse Test Loss: 1.4912526266915458 
2025-01-11 16:38:11,902 INFO: Epoch 68, Train Loss: 0.10959890149875519, Test Loss: 0.2664130409913404, Inverse Test Loss: 1.6228996004377092 
2025-01-11 16:38:12,457 INFO: Epoch 69, Train Loss: 0.10883662090935839, Test Loss: 0.2655787526496819, Inverse Test Loss: 1.5730691637311662 
2025-01-11 16:38:13,170 INFO: Epoch 70, Train Loss: 0.10905567235356077, Test Loss: 0.26537674239703585, Inverse Test Loss: 1.5393593651907784 
2025-01-11 16:38:13,738 INFO: Epoch 71, Train Loss: 0.10698570215373958, Test Loss: 0.26719118069325176, Inverse Test Loss: 1.6228882925851005 
2025-01-11 16:38:14,323 INFO: Epoch 72, Train Loss: 0.10707285569621883, Test Loss: 0.2677329991544996, Inverse Test Loss: 1.4126155035836356 
2025-01-11 16:38:14,906 INFO: Epoch 73, Train Loss: 0.10651367601998356, Test Loss: 0.26656252624733107, Inverse Test Loss: 1.499506950378418 
2025-01-11 16:38:15,436 INFO: Epoch 74, Train Loss: 0.10612374161361554, Test Loss: 0.26876029797962736, Inverse Test Loss: 1.5518973214285714 
2025-01-11 16:38:15,975 INFO: Epoch 75, Train Loss: 0.10563626352253311, Test Loss: 0.2686011370803629, Inverse Test Loss: 1.5620106288364954 
2025-01-11 16:38:16,497 INFO: Epoch 76, Train Loss: 0.10563583152556638, Test Loss: 0.26960012157048496, Inverse Test Loss: 1.5183087757655553 
2025-01-11 16:38:17,024 INFO: Epoch 77, Train Loss: 0.10585080340094523, Test Loss: 0.2673298737832478, Inverse Test Loss: 1.4157356534685408 
2025-01-11 16:38:17,569 INFO: Epoch 78, Train Loss: 0.1047098365262014, Test Loss: 0.2693156397768429, Inverse Test Loss: 1.5395473752702986 
2025-01-11 16:38:18,097 INFO: Epoch 79, Train Loss: 0.10317173347287222, Test Loss: 0.2694952759359564, Inverse Test Loss: 1.5570072446550642 
2025-01-11 16:38:18,627 INFO: Epoch 80, Train Loss: 0.10354185398292104, Test Loss: 0.2709440817790372, Inverse Test Loss: 1.52000059400286 
2025-01-11 16:38:19,135 INFO: Epoch 81, Train Loss: 0.10321184056341101, Test Loss: 0.2731047219463757, Inverse Test Loss: 1.5261279514857702 
2025-01-11 16:38:19,601 INFO: Epoch 82, Train Loss: 0.10490679433312985, Test Loss: 0.270654991801296, Inverse Test Loss: 1.6015006474086217 
2025-01-11 16:38:20,070 INFO: Epoch 83, Train Loss: 0.10189871688228135, Test Loss: 0.2700062766671181, Inverse Test Loss: 1.5362059729439872 
2025-01-11 16:38:20,534 INFO: Epoch 84, Train Loss: 0.10162557723051911, Test Loss: 0.27512320556810926, Inverse Test Loss: 1.4953880310058594 
2025-01-11 16:38:21,012 INFO: Epoch 85, Train Loss: 0.10223896685269994, Test Loss: 0.27195093195353237, Inverse Test Loss: 1.4569158554077148 
2025-01-11 16:38:21,480 INFO: Epoch 86, Train Loss: 0.10200319664740781, Test Loss: 0.27092431325997623, Inverse Test Loss: 1.5085265295846122 
2025-01-11 16:38:21,949 INFO: Epoch 87, Train Loss: 0.10128183375804796, Test Loss: 0.272490427430187, Inverse Test Loss: 1.5750977652413505 
2025-01-11 16:38:22,430 INFO: Epoch 88, Train Loss: 0.1011176845486011, Test Loss: 0.27273282781243324, Inverse Test Loss: 1.5810589109148299 
2025-01-11 16:38:22,899 INFO: Epoch 89, Train Loss: 0.0998143207179297, Test Loss: 0.2743062265217304, Inverse Test Loss: 1.595935549054827 
2025-01-11 16:38:23,371 INFO: Epoch 90, Train Loss: 0.10064058887575744, Test Loss: 0.2739496012883527, Inverse Test Loss: 1.5744104385375977 
2025-01-11 16:38:23,841 INFO: Epoch 91, Train Loss: 0.10129929272406692, Test Loss: 0.27457936480641365, Inverse Test Loss: 1.5927143096923828 
2025-01-11 16:38:24,339 INFO: Epoch 92, Train Loss: 0.09927679905924228, Test Loss: 0.2768682454313551, Inverse Test Loss: 1.6267531258719308 
2025-01-11 16:38:24,805 INFO: Epoch 93, Train Loss: 0.09859911386572986, Test Loss: 0.2743431239255837, Inverse Test Loss: 1.6433259419032507 
2025-01-11 16:38:25,287 INFO: Epoch 94, Train Loss: 0.09864281227282427, Test Loss: 0.27474382306848255, Inverse Test Loss: 1.4962267194475447 
2025-01-11 16:38:25,759 INFO: Epoch 95, Train Loss: 0.09848744305995626, Test Loss: 0.274662726691791, Inverse Test Loss: 1.6243136269705636 
2025-01-11 16:38:26,247 INFO: Epoch 96, Train Loss: 0.09770511528220746, Test Loss: 0.2755692276571478, Inverse Test Loss: 1.5582095554896764 
2025-01-11 16:38:26,722 INFO: Epoch 97, Train Loss: 0.09736968590578901, Test Loss: 0.27556254767945837, Inverse Test Loss: 1.6190013885498047 
2025-01-11 16:38:27,197 INFO: Epoch 98, Train Loss: 0.09793142892351937, Test Loss: 0.27847732816423687, Inverse Test Loss: 1.5722807475498743 
2025-01-11 16:38:27,662 INFO: Epoch 99, Train Loss: 0.09700040963538197, Test Loss: 0.27585437680993763, Inverse Test Loss: 1.4562151772635323 
2025-01-11 16:38:28,138 INFO: Epoch 100, Train Loss: 0.09628671175296154, Test Loss: 0.2765404007264546, Inverse Test Loss: 1.615617343357631 
2025-01-11 16:38:28,138 INFO: Best Epoch 10, Best Test Loss: 0.22401580161281995 
2025-01-11 16:38:28,612 INFO: Epoch 101, Train Loss: 0.09684548540673124, Test Loss: 0.2771162816456386, Inverse Test Loss: 1.5664941242762975 
2025-01-11 16:38:29,090 INFO: Epoch 102, Train Loss: 0.0963266324422775, Test Loss: 0.27736647320645197, Inverse Test Loss: 1.6460229328700475 
2025-01-11 16:38:29,569 INFO: Epoch 103, Train Loss: 0.09642954368930344, Test Loss: 0.2777404354086944, Inverse Test Loss: 1.5229583467755998 
2025-01-11 16:38:30,071 INFO: Epoch 104, Train Loss: 0.09607332972211576, Test Loss: 0.2775960346417768, Inverse Test Loss: 1.5138767787388392 
2025-01-11 16:38:30,577 INFO: Epoch 105, Train Loss: 0.09560413077610348, Test Loss: 0.27545033980693134, Inverse Test Loss: 1.405637196132115 
2025-01-11 16:38:31,056 INFO: Epoch 106, Train Loss: 0.09529928172673655, Test Loss: 0.27960787287780214, Inverse Test Loss: 1.5371413912091936 
2025-01-11 16:38:31,520 INFO: Epoch 107, Train Loss: 0.09563457719776608, Test Loss: 0.28237694022910936, Inverse Test Loss: 1.5039997100830078 
2025-01-11 16:38:31,991 INFO: Epoch 108, Train Loss: 0.09574728787218759, Test Loss: 0.27606264342154774, Inverse Test Loss: 1.5123138427734375 
2025-01-11 16:38:32,462 INFO: Epoch 109, Train Loss: 0.09501914399752923, Test Loss: 0.2799255938402244, Inverse Test Loss: 1.628110068184989 
2025-01-11 16:38:32,944 INFO: Epoch 110, Train Loss: 0.09458110515677601, Test Loss: 0.2790007138890879, Inverse Test Loss: 1.5950974055698939 
2025-01-11 16:38:33,468 INFO: Epoch 111, Train Loss: 0.0941206963920812, Test Loss: 0.2783307300082275, Inverse Test Loss: 1.5885906219482422 
2025-01-11 16:38:33,934 INFO: Epoch 112, Train Loss: 0.09358963124248959, Test Loss: 0.28066522095884594, Inverse Test Loss: 1.5026779174804688 
2025-01-11 16:38:34,403 INFO: Epoch 113, Train Loss: 0.0938658384144853, Test Loss: 0.2774208060332707, Inverse Test Loss: 1.4247902461460658 
2025-01-11 16:38:34,865 INFO: Epoch 114, Train Loss: 0.0936214517836177, Test Loss: 0.279743494199855, Inverse Test Loss: 1.493539673941476 
2025-01-11 16:38:35,343 INFO: Epoch 115, Train Loss: 0.09269191256356896, Test Loss: 0.27728827244469095, Inverse Test Loss: 1.3993729182652064 
2025-01-11 16:38:35,808 INFO: Epoch 116, Train Loss: 0.09210312735596927, Test Loss: 0.2759335738207613, Inverse Test Loss: 1.5204437800816126 
2025-01-11 16:38:36,270 INFO: Epoch 117, Train Loss: 0.09283124491435672, Test Loss: 0.2776793491627489, Inverse Test Loss: 1.4941411699567522 
2025-01-11 16:38:36,736 INFO: Epoch 118, Train Loss: 0.09204384322286746, Test Loss: 0.27881036113415447, Inverse Test Loss: 1.4281009946550642 
2025-01-11 16:38:37,201 INFO: Epoch 119, Train Loss: 0.09246481476573769, Test Loss: 0.28169756063393186, Inverse Test Loss: 1.556962558201381 
2025-01-11 16:38:37,674 INFO: Epoch 120, Train Loss: 0.09221589045787076, Test Loss: 0.2788441420665809, Inverse Test Loss: 1.594735554286412 
2025-01-11 16:38:38,167 INFO: Epoch 121, Train Loss: 0.0921301141107848, Test Loss: 0.27870040227259907, Inverse Test Loss: 1.4391051701136999 
2025-01-11 16:38:38,658 INFO: Epoch 122, Train Loss: 0.09190603079052147, Test Loss: 0.2787559676383223, Inverse Test Loss: 1.6106463841029577 
2025-01-11 16:38:39,134 INFO: Epoch 123, Train Loss: 0.0917761049686222, Test Loss: 0.2794731328529971, Inverse Test Loss: 1.572937284197126 
2025-01-11 16:38:39,636 INFO: Epoch 124, Train Loss: 0.09193530316473147, Test Loss: 0.2778992126030581, Inverse Test Loss: 1.4566614968436105 
2025-01-11 16:38:40,143 INFO: Epoch 125, Train Loss: 0.09087176374886013, Test Loss: 0.2793383076786995, Inverse Test Loss: 1.4744067873273576 
2025-01-11 16:38:40,627 INFO: Epoch 126, Train Loss: 0.09004066891353064, Test Loss: 0.2794869914650917, Inverse Test Loss: 1.4536511557442802 
2025-01-11 16:38:41,186 INFO: Epoch 127, Train Loss: 0.09074265222757234, Test Loss: 0.2814273605389254, Inverse Test Loss: 1.4872192655290877 
2025-01-11 16:38:41,683 INFO: Epoch 128, Train Loss: 0.0909352049641653, Test Loss: 0.280653147825173, Inverse Test Loss: 1.489426612854004 
2025-01-11 16:38:42,217 INFO: Epoch 129, Train Loss: 0.09099538918208638, Test Loss: 0.2804783806204796, Inverse Test Loss: 1.528470720563616 
2025-01-11 16:38:42,749 INFO: Epoch 130, Train Loss: 0.09034293042410405, Test Loss: 0.2818986917180674, Inverse Test Loss: 1.4415732792445592 
2025-01-11 16:38:43,231 INFO: Epoch 131, Train Loss: 0.09028014554343092, Test Loss: 0.28054384301815716, Inverse Test Loss: 1.3613427025931222 
2025-01-11 16:38:43,697 INFO: Epoch 132, Train Loss: 0.08964766227050659, Test Loss: 0.2804125355822699, Inverse Test Loss: 1.5060755865914481 
2025-01-11 16:38:44,164 INFO: Epoch 133, Train Loss: 0.09064264486142255, Test Loss: 0.2782749166446073, Inverse Test Loss: 1.3881822313581194 
2025-01-11 16:38:44,633 INFO: Epoch 134, Train Loss: 0.08966284293100374, Test Loss: 0.28062486595341135, Inverse Test Loss: 1.4547876630510603 
2025-01-11 16:38:45,105 INFO: Epoch 135, Train Loss: 0.08979201234808755, Test Loss: 0.280242313763925, Inverse Test Loss: 1.457104001726423 
2025-01-11 16:38:45,584 INFO: Epoch 136, Train Loss: 0.08826434735311281, Test Loss: 0.2812012348856245, Inverse Test Loss: 1.4449140003749303 
2025-01-11 16:38:46,072 INFO: Epoch 137, Train Loss: 0.08838507204974463, Test Loss: 0.28095670895917074, Inverse Test Loss: 1.4404183796473913 
2025-01-11 16:38:46,603 INFO: Epoch 138, Train Loss: 0.08810653284602209, Test Loss: 0.28135570511221886, Inverse Test Loss: 1.4154743467058455 
2025-01-11 16:38:47,147 INFO: Epoch 139, Train Loss: 0.08934300720965097, Test Loss: 0.2813327775469848, Inverse Test Loss: 1.4286082131522042 
2025-01-11 16:38:47,665 INFO: Epoch 140, Train Loss: 0.08859987324530925, Test Loss: 0.28210561562861713, Inverse Test Loss: 1.3600921630859375 
2025-01-11 16:38:48,191 INFO: Epoch 141, Train Loss: 0.08878056041964698, Test Loss: 0.28013417390840395, Inverse Test Loss: 1.3558199746268136 
2025-01-11 16:38:48,718 INFO: Epoch 142, Train Loss: 0.08800338789683963, Test Loss: 0.2812447819326605, Inverse Test Loss: 1.383955683026995 
2025-01-11 16:38:49,235 INFO: Epoch 143, Train Loss: 0.08699603064344563, Test Loss: 0.27940613510353224, Inverse Test Loss: 1.2195707048688615 
2025-01-11 16:38:49,755 INFO: Epoch 144, Train Loss: 0.0878722453746227, Test Loss: 0.2814140399651868, Inverse Test Loss: 1.3826499666486467 
2025-01-11 16:38:50,297 INFO: Epoch 145, Train Loss: 0.08719659774401865, Test Loss: 0.28052568063139915, Inverse Test Loss: 1.4681034088134766 
2025-01-11 16:38:50,815 INFO: Epoch 146, Train Loss: 0.08628582325550395, Test Loss: 0.2813954135136945, Inverse Test Loss: 1.525632722037179 
2025-01-11 16:38:51,337 INFO: Epoch 147, Train Loss: 0.0872331741137789, Test Loss: 0.28291260238204685, Inverse Test Loss: 1.3745835168021066 
2025-01-11 16:38:51,895 INFO: Epoch 148, Train Loss: 0.0893436956706397, Test Loss: 0.2828083799353668, Inverse Test Loss: 1.5744431359427316 
2025-01-11 16:38:52,394 INFO: Epoch 149, Train Loss: 0.08725221181681397, Test Loss: 0.2813748243663992, Inverse Test Loss: 1.524172646658761 
2025-01-11 16:38:52,927 INFO: Epoch 150, Train Loss: 0.08673110043783801, Test Loss: 0.2810380661061832, Inverse Test Loss: 1.5157954352242606 
2025-01-11 16:38:53,468 INFO: Epoch 151, Train Loss: 0.0858962233050154, Test Loss: 0.28220016243202345, Inverse Test Loss: 1.364236831665039 
2025-01-11 16:38:53,985 INFO: Epoch 152, Train Loss: 0.08635474761965078, Test Loss: 0.2824318025793348, Inverse Test Loss: 1.4311342239379883 
2025-01-11 16:38:54,515 INFO: Epoch 153, Train Loss: 0.08667642240403989, Test Loss: 0.2811950280198029, Inverse Test Loss: 1.425823756626674 
2025-01-11 16:38:55,129 INFO: Epoch 154, Train Loss: 0.0855652084317776, Test Loss: 0.28308066140328136, Inverse Test Loss: 1.4496537617274694 
2025-01-11 16:38:55,751 INFO: Epoch 155, Train Loss: 0.08608251885263198, Test Loss: 0.282844604658229, Inverse Test Loss: 1.4621278217860632 
2025-01-11 16:38:56,515 INFO: Epoch 156, Train Loss: 0.08646100363053313, Test Loss: 0.28277661704591345, Inverse Test Loss: 1.4113405772617884 
2025-01-11 16:38:57,168 INFO: Epoch 157, Train Loss: 0.08556481669528769, Test Loss: 0.28460452971713884, Inverse Test Loss: 1.4426537922450475 
2025-01-11 16:38:57,761 INFO: Epoch 158, Train Loss: 0.08556701256594526, Test Loss: 0.2826388930635793, Inverse Test Loss: 1.4468864713396346 
2025-01-11 16:38:58,361 INFO: Epoch 159, Train Loss: 0.08476181471839957, Test Loss: 0.28232075752956526, Inverse Test Loss: 1.467320442199707 
2025-01-11 16:38:59,007 INFO: Epoch 160, Train Loss: 0.08531636922457896, Test Loss: 0.28511194565466474, Inverse Test Loss: 1.504655020577567 
2025-01-11 16:38:59,593 INFO: Epoch 161, Train Loss: 0.08567083859388981, Test Loss: 0.28282631614378523, Inverse Test Loss: 1.4549170902797155 
2025-01-11 16:39:00,158 INFO: Epoch 162, Train Loss: 0.0844354304835337, Test Loss: 0.2825269012578896, Inverse Test Loss: 1.3798467091151647 
2025-01-11 16:39:00,777 INFO: Epoch 163, Train Loss: 0.08513057279750841, Test Loss: 0.28379771911672186, Inverse Test Loss: 1.3707448414393835 
2025-01-11 16:39:01,393 INFO: Epoch 164, Train Loss: 0.08496324471924283, Test Loss: 0.2831843431506838, Inverse Test Loss: 1.359708377293178 
2025-01-11 16:39:02,035 INFO: Epoch 165, Train Loss: 0.08564315346676275, Test Loss: 0.28300047293305397, Inverse Test Loss: 1.3547356469290597 
2025-01-11 16:39:02,610 INFO: Epoch 166, Train Loss: 0.08484110195155538, Test Loss: 0.28393007655228886, Inverse Test Loss: 1.5366976601736886 
2025-01-11 16:39:03,167 INFO: Epoch 167, Train Loss: 0.08492514798674014, Test Loss: 0.2828540583806379, Inverse Test Loss: 1.3936805725097656 
2025-01-11 16:39:03,776 INFO: Epoch 168, Train Loss: 0.08414364906899426, Test Loss: 0.2823128631072385, Inverse Test Loss: 1.3595707757132394 
2025-01-11 16:39:04,335 INFO: Epoch 169, Train Loss: 0.08342475601292532, Test Loss: 0.2853740687881197, Inverse Test Loss: 1.4623314993722099 
2025-01-11 16:39:04,895 INFO: Epoch 170, Train Loss: 0.08426536257387301, Test Loss: 0.2849908678659371, Inverse Test Loss: 1.4434992926461356 
2025-01-11 16:39:05,415 INFO: Epoch 171, Train Loss: 0.0835995406185815, Test Loss: 0.28384637885860037, Inverse Test Loss: 1.5069026947021484 
2025-01-11 16:39:06,002 INFO: Epoch 172, Train Loss: 0.08380602669278416, Test Loss: 0.28591249138116837, Inverse Test Loss: 1.5555503027779716 
2025-01-11 16:39:06,560 INFO: Epoch 173, Train Loss: 0.08447039913420283, Test Loss: 0.2824130265840462, Inverse Test Loss: 1.3084835324968611 
2025-01-11 16:39:07,075 INFO: Epoch 174, Train Loss: 0.0840067282114007, Test Loss: 0.28449916413852144, Inverse Test Loss: 1.3796678270612444 
2025-01-11 16:39:07,638 INFO: Epoch 175, Train Loss: 0.08397422156749515, Test Loss: 0.2830658597605569, Inverse Test Loss: 1.3730737141200475 
2025-01-11 16:39:08,168 INFO: Epoch 176, Train Loss: 0.08375053107738495, Test Loss: 0.28535731615764753, Inverse Test Loss: 1.4388877323695592 
2025-01-11 16:39:08,707 INFO: Epoch 177, Train Loss: 0.08366149424686345, Test Loss: 0.2852003329566547, Inverse Test Loss: 1.5123703820364816 
2025-01-11 16:39:09,230 INFO: Epoch 178, Train Loss: 0.08317001909017563, Test Loss: 0.2857129845236029, Inverse Test Loss: 1.3962651661464147 
2025-01-11 16:39:09,798 INFO: Epoch 179, Train Loss: 0.08298477954273924, Test Loss: 0.2845914965229375, Inverse Test Loss: 1.410727092197963 
2025-01-11 16:39:10,340 INFO: Epoch 180, Train Loss: 0.0827700866198321, Test Loss: 0.2841258448149477, Inverse Test Loss: 1.3546386446271623 
2025-01-11 16:39:10,963 INFO: Epoch 181, Train Loss: 0.08274956614872732, Test Loss: 0.28564053188477245, Inverse Test Loss: 1.3175240925380163 
2025-01-11 16:39:11,524 INFO: Epoch 182, Train Loss: 0.08224292137070534, Test Loss: 0.285392061408077, Inverse Test Loss: 1.3927748543875558 
2025-01-11 16:39:12,064 INFO: Epoch 183, Train Loss: 0.08274163722718528, Test Loss: 0.2865328033055578, Inverse Test Loss: 1.4585391453334264 
2025-01-11 16:39:12,583 INFO: Epoch 184, Train Loss: 0.08183494087206114, Test Loss: 0.2843487842806748, Inverse Test Loss: 1.2894154957362585 
2025-01-11 16:39:13,090 INFO: Epoch 185, Train Loss: 0.0824873536961888, Test Loss: 0.28315386388983044, Inverse Test Loss: 1.3388283593314034 
2025-01-11 16:39:13,616 INFO: Epoch 186, Train Loss: 0.08283753740951555, Test Loss: 0.28500841025795254, Inverse Test Loss: 1.350287846156529 
2025-01-11 16:39:14,145 INFO: Epoch 187, Train Loss: 0.08260243324511642, Test Loss: 0.28389095089265276, Inverse Test Loss: 1.3849661690848214 
2025-01-11 16:39:14,665 INFO: Epoch 188, Train Loss: 0.08224305818113711, Test Loss: 0.28634533658623695, Inverse Test Loss: 1.4017786298479353 
2025-01-11 16:39:15,185 INFO: Epoch 189, Train Loss: 0.08170221575082989, Test Loss: 0.2847730043743338, Inverse Test Loss: 1.3776396342686243 
2025-01-11 16:39:15,775 INFO: Epoch 190, Train Loss: 0.0821499130731329, Test Loss: 0.28443161877138273, Inverse Test Loss: 1.3621259416852678 
2025-01-11 16:39:16,325 INFO: Epoch 191, Train Loss: 0.08147817877454495, Test Loss: 0.28543318435549736, Inverse Test Loss: 1.3927240371704102 
2025-01-11 16:39:16,865 INFO: Epoch 192, Train Loss: 0.08220516008521439, Test Loss: 0.28492746342505726, Inverse Test Loss: 1.4253416061401367 
2025-01-11 16:39:17,376 INFO: Epoch 193, Train Loss: 0.08103852199578504, Test Loss: 0.2858348733612469, Inverse Test Loss: 1.4342126846313477 
2025-01-11 16:39:17,920 INFO: Epoch 194, Train Loss: 0.08148534763433518, Test Loss: 0.28571041407329695, Inverse Test Loss: 1.5220042637416296 
2025-01-11 16:39:18,485 INFO: Epoch 195, Train Loss: 0.08195988598083137, Test Loss: 0.2862369045615196, Inverse Test Loss: 1.4234912054879325 
2025-01-11 16:39:19,095 INFO: Epoch 196, Train Loss: 0.0816117063028003, Test Loss: 0.2849269849913461, Inverse Test Loss: 1.3252593449183874 
2025-01-11 16:39:19,615 INFO: Epoch 197, Train Loss: 0.08161300523292034, Test Loss: 0.2848852037319115, Inverse Test Loss: 1.4571425574166434 
2025-01-11 16:39:20,232 INFO: Epoch 198, Train Loss: 0.08108621757101575, Test Loss: 0.28672135940619875, Inverse Test Loss: 1.2857750483921595 
2025-01-11 16:39:20,795 INFO: Epoch 199, Train Loss: 0.08114667414525233, Test Loss: 0.2854794460747923, Inverse Test Loss: 1.3995351791381836 
2025-01-11 16:39:21,309 INFO: Epoch 200, Train Loss: 0.0827978087948003, Test Loss: 0.28697641459958895, Inverse Test Loss: 1.2951879501342773 
2025-01-11 16:39:21,309 INFO: Best Epoch 10, Best Test Loss: 0.22401580161281995 
2025-01-11 16:39:21,833 INFO: Epoch 201, Train Loss: 0.08036369006704847, Test Loss: 0.28636590231742176, Inverse Test Loss: 1.3628911972045898 
2025-01-11 16:39:22,389 INFO: Epoch 202, Train Loss: 0.07999448122781351, Test Loss: 0.2877834838415895, Inverse Test Loss: 1.3445820127214705 
2025-01-11 16:39:22,909 INFO: Epoch 203, Train Loss: 0.08147191960330404, Test Loss: 0.2878015802374908, Inverse Test Loss: 1.410402706691197 
2025-01-11 16:39:23,464 INFO: Epoch 204, Train Loss: 0.08105587128789053, Test Loss: 0.2859881195638861, Inverse Test Loss: 1.403918675013951 
2025-01-11 16:39:24,066 INFO: Epoch 205, Train Loss: 0.08105670226686591, Test Loss: 0.28650435752102305, Inverse Test Loss: 1.4000741413661413 
2025-01-11 16:39:24,639 INFO: Epoch 206, Train Loss: 0.0809290916274447, Test Loss: 0.28579914942383766, Inverse Test Loss: 1.4280497687203544 
2025-01-11 16:39:25,216 INFO: Epoch 207, Train Loss: 0.08075850128854087, Test Loss: 0.28747965714761187, Inverse Test Loss: 1.4312835420880998 
2025-01-11 16:39:25,840 INFO: Epoch 208, Train Loss: 0.08126676178306615, Test Loss: 0.28673073117222103, Inverse Test Loss: 1.2980992453438895 
2025-01-11 16:39:26,422 INFO: Epoch 209, Train Loss: 0.08040294225472923, Test Loss: 0.2867790034839085, Inverse Test Loss: 1.3775127955845423 
2025-01-11 16:39:27,060 INFO: Epoch 210, Train Loss: 0.080080849793526, Test Loss: 0.2875083488013063, Inverse Test Loss: 1.4303152901785714 
2025-01-11 16:39:27,598 INFO: Epoch 211, Train Loss: 0.07940166546117275, Test Loss: 0.2868456851158823, Inverse Test Loss: 1.3207261221749442 
2025-01-11 16:39:28,159 INFO: Epoch 212, Train Loss: 0.08045879115752123, Test Loss: 0.2877749667635986, Inverse Test Loss: 1.4768190383911133 
2025-01-11 16:39:28,774 INFO: Epoch 213, Train Loss: 0.07966576144099236, Test Loss: 0.28669532601322445, Inverse Test Loss: 1.2738591602870397 
2025-01-11 16:39:29,382 INFO: Epoch 214, Train Loss: 0.07992906827445424, Test Loss: 0.2863056861928531, Inverse Test Loss: 1.1968529564993722 
2025-01-11 16:39:29,945 INFO: Epoch 215, Train Loss: 0.0788336286167486, Test Loss: 0.2875718202974115, Inverse Test Loss: 1.2843595232282365 
2025-01-11 16:39:30,563 INFO: Epoch 216, Train Loss: 0.07966188194418172, Test Loss: 0.2874402499624661, Inverse Test Loss: 1.3558380944388253 
2025-01-11 16:39:31,119 INFO: Epoch 217, Train Loss: 0.07975510412126506, Test Loss: 0.28819048404693604, Inverse Test Loss: 1.2776545115879603 
2025-01-11 16:39:31,665 INFO: Epoch 218, Train Loss: 0.07887101204160156, Test Loss: 0.28832224916134563, Inverse Test Loss: 1.4078095299857003 
2025-01-11 16:39:32,244 INFO: Epoch 219, Train Loss: 0.07968037103841064, Test Loss: 0.28880556353500914, Inverse Test Loss: 1.363111904689244 
2025-01-11 16:39:32,845 INFO: Epoch 220, Train Loss: 0.07975256538719212, Test Loss: 0.28828065363424166, Inverse Test Loss: 1.3432307924543108 
2025-01-11 16:39:33,440 INFO: Epoch 221, Train Loss: 0.07982979205633522, Test Loss: 0.28885817527770996, Inverse Test Loss: 1.2876977920532227 
2025-01-11 16:39:34,000 INFO: Epoch 222, Train Loss: 0.07858717680797664, Test Loss: 0.2885193867342813, Inverse Test Loss: 1.404794148036412 
2025-01-11 16:39:34,539 INFO: Epoch 223, Train Loss: 0.07911313677189546, Test Loss: 0.28743880082454, Inverse Test Loss: 1.4010508401053292 
2025-01-11 16:39:35,070 INFO: Epoch 224, Train Loss: 0.07815121996019958, Test Loss: 0.28908849720443996, Inverse Test Loss: 1.2973383494785853 
2025-01-11 16:39:35,615 INFO: Epoch 225, Train Loss: 0.07884761202362699, Test Loss: 0.28815796385918346, Inverse Test Loss: 1.2364933831351144 
2025-01-11 16:39:36,134 INFO: Epoch 226, Train Loss: 0.079492800040256, Test Loss: 0.28809979451554163, Inverse Test Loss: 1.3392205919538225 
2025-01-11 16:39:36,690 INFO: Epoch 227, Train Loss: 0.07989405464688572, Test Loss: 0.28928604455930845, Inverse Test Loss: 1.3222243445260184 
2025-01-11 16:39:37,230 INFO: Epoch 228, Train Loss: 0.07851952782601392, Test Loss: 0.28839088923164774, Inverse Test Loss: 1.3182059696742467 
2025-01-11 16:39:37,760 INFO: Epoch 229, Train Loss: 0.07874650945630643, Test Loss: 0.289009760000876, Inverse Test Loss: 1.3462929044451033 
2025-01-11 16:39:38,321 INFO: Epoch 230, Train Loss: 0.07833375798863008, Test Loss: 0.28850451910070013, Inverse Test Loss: 1.3776100703648158 
2025-01-11 16:39:38,784 INFO: Epoch 231, Train Loss: 0.07856194203326461, Test Loss: 0.29002564613308224, Inverse Test Loss: 1.3189536503383092 
2025-01-11 16:39:39,264 INFO: Epoch 232, Train Loss: 0.07793095971056081, Test Loss: 0.28761532955936026, Inverse Test Loss: 1.2557776314871651 
2025-01-11 16:39:39,750 INFO: Epoch 233, Train Loss: 0.0779083920728176, Test Loss: 0.28769553133419584, Inverse Test Loss: 1.378786631992885 
2025-01-11 16:39:40,210 INFO: Epoch 234, Train Loss: 0.07788146878464507, Test Loss: 0.2868381728019033, Inverse Test Loss: 1.2521096638270788 
2025-01-11 16:39:40,712 INFO: Epoch 235, Train Loss: 0.07887590327940949, Test Loss: 0.28719709121755194, Inverse Test Loss: 1.2839627947126115 
2025-01-11 16:39:41,221 INFO: Epoch 236, Train Loss: 0.07866369211755761, Test Loss: 0.2875471333307879, Inverse Test Loss: 1.2861200060163225 
2025-01-11 16:39:41,812 INFO: Epoch 237, Train Loss: 0.07782902001240931, Test Loss: 0.28890042858464376, Inverse Test Loss: 1.2309770584106445 
2025-01-11 16:39:42,365 INFO: Epoch 238, Train Loss: 0.07814617386651695, Test Loss: 0.28896636409418924, Inverse Test Loss: 1.348853656223842 
2025-01-11 16:39:42,850 INFO: Epoch 239, Train Loss: 0.07745430304096379, Test Loss: 0.28780082134263857, Inverse Test Loss: 1.287430899483817 
2025-01-11 16:39:43,339 INFO: Epoch 240, Train Loss: 0.07777040800370208, Test Loss: 0.2883767065192972, Inverse Test Loss: 1.2506194795880998 
2025-01-11 16:39:43,804 INFO: Epoch 241, Train Loss: 0.07830744776703896, Test Loss: 0.28829058206507135, Inverse Test Loss: 1.3543667112077986 
2025-01-11 16:39:44,313 INFO: Epoch 242, Train Loss: 0.07806174105050367, Test Loss: 0.28905317346964565, Inverse Test Loss: 1.388542856488909 
2025-01-11 16:39:44,780 INFO: Epoch 243, Train Loss: 0.0775693711747817, Test Loss: 0.2888361481683595, Inverse Test Loss: 1.3198208127702986 
2025-01-11 16:39:45,232 INFO: Epoch 244, Train Loss: 0.07760417806582713, Test Loss: 0.2884792775980064, Inverse Test Loss: 1.436734880719866 
2025-01-11 16:39:45,697 INFO: Epoch 245, Train Loss: 0.07838811007661557, Test Loss: 0.29008709798966137, Inverse Test Loss: 1.4664493288312639 
2025-01-11 16:39:46,164 INFO: Epoch 246, Train Loss: 0.07744984291152122, Test Loss: 0.2902749196759292, Inverse Test Loss: 1.295077187674386 
2025-01-11 16:39:46,646 INFO: Epoch 247, Train Loss: 0.07813989613717849, Test Loss: 0.29152591047542437, Inverse Test Loss: 1.3850654874529158 
2025-01-11 16:39:47,151 INFO: Epoch 248, Train Loss: 0.07755806854148524, Test Loss: 0.29046408353107317, Inverse Test Loss: 1.329695701599121 
2025-01-11 16:39:47,640 INFO: Epoch 249, Train Loss: 0.07848683573784085, Test Loss: 0.2866678408214024, Inverse Test Loss: 1.2116062981741769 
2025-01-11 16:39:48,162 INFO: Epoch 250, Train Loss: 0.07767186925635425, Test Loss: 0.2899912452059133, Inverse Test Loss: 1.3486411230904716 
2025-01-11 16:39:48,689 INFO: Epoch 251, Train Loss: 0.07769108994291463, Test Loss: 0.29007804659860476, Inverse Test Loss: 1.4118596485682897 
2025-01-11 16:39:49,318 INFO: Epoch 252, Train Loss: 0.07672908211793375, Test Loss: 0.289003531315497, Inverse Test Loss: 1.2920788356236048 
2025-01-11 16:39:49,847 INFO: Epoch 253, Train Loss: 0.07764336948684596, Test Loss: 0.28878132892506464, Inverse Test Loss: 1.276451928274972 
2025-01-11 16:39:50,411 INFO: Epoch 254, Train Loss: 0.07741680696880052, Test Loss: 0.290376999016319, Inverse Test Loss: 1.298433712550572 
2025-01-11 16:39:50,950 INFO: Epoch 255, Train Loss: 0.07684385116904154, Test Loss: 0.2881102136203221, Inverse Test Loss: 1.335442270551409 
2025-01-11 16:39:51,416 INFO: Epoch 256, Train Loss: 0.07717746626073067, Test Loss: 0.2904736463512693, Inverse Test Loss: 1.3768048967633928 
2025-01-11 16:39:51,884 INFO: Epoch 257, Train Loss: 0.0762412499192111, Test Loss: 0.28932770394853186, Inverse Test Loss: 1.3149302346365792 
2025-01-11 16:39:52,357 INFO: Epoch 258, Train Loss: 0.07752514835617957, Test Loss: 0.2904989405402115, Inverse Test Loss: 1.2444764545985632 
2025-01-11 16:39:52,829 INFO: Epoch 259, Train Loss: 0.0779074954740498, Test Loss: 0.28784022480249405, Inverse Test Loss: 1.2965903963361467 
2025-01-11 16:39:53,288 INFO: Epoch 260, Train Loss: 0.07646881231884343, Test Loss: 0.2888191496687276, Inverse Test Loss: 1.358027730669294 
2025-01-11 16:39:53,763 INFO: Epoch 261, Train Loss: 0.07652719971646957, Test Loss: 0.2902808700289045, Inverse Test Loss: 1.2470125470842635 
2025-01-11 16:39:54,237 INFO: Epoch 262, Train Loss: 0.077096297961036, Test Loss: 0.2891526051930019, Inverse Test Loss: 1.2903058188302177 
2025-01-11 16:39:54,715 INFO: Epoch 263, Train Loss: 0.0775008455534047, Test Loss: 0.29055668094328474, Inverse Test Loss: 1.3458758762904577 
2025-01-11 16:39:55,196 INFO: Epoch 264, Train Loss: 0.07577169098711889, Test Loss: 0.289106904395989, Inverse Test Loss: 1.3960291998726981 
2025-01-11 16:39:55,791 INFO: Epoch 265, Train Loss: 0.07678671092341799, Test Loss: 0.29027378293020384, Inverse Test Loss: 1.4017556054251534 
2025-01-11 16:39:56,313 INFO: Epoch 266, Train Loss: 0.07588082422083671, Test Loss: 0.29101845036659924, Inverse Test Loss: 1.3308070046561105 
2025-01-11 16:39:56,804 INFO: Epoch 267, Train Loss: 0.0764379899162765, Test Loss: 0.2905105714287077, Inverse Test Loss: 1.2902956008911133 
2025-01-11 16:39:57,276 INFO: Epoch 268, Train Loss: 0.07731904403879009, Test Loss: 0.29137554871184485, Inverse Test Loss: 1.3015214375087194 
2025-01-11 16:39:57,728 INFO: Epoch 269, Train Loss: 0.07708860978210738, Test Loss: 0.2911719200866563, Inverse Test Loss: 1.3643770217895508 
2025-01-11 16:39:58,214 INFO: Epoch 270, Train Loss: 0.0760889671947978, Test Loss: 0.29257440141269137, Inverse Test Loss: 1.4234582356044225 
2025-01-11 16:39:58,672 INFO: Epoch 271, Train Loss: 0.07604455886357421, Test Loss: 0.2892721455012049, Inverse Test Loss: 1.2936662946428572 
2025-01-11 16:39:59,147 INFO: Epoch 272, Train Loss: 0.07596681352465524, Test Loss: 0.28941165442977634, Inverse Test Loss: 1.2813991819109236 
2025-01-11 16:39:59,609 INFO: Epoch 273, Train Loss: 0.07618326768962615, Test Loss: 0.2898681898202215, Inverse Test Loss: 1.3756264277866908 
2025-01-11 16:40:00,070 INFO: Epoch 274, Train Loss: 0.0757771033554449, Test Loss: 0.2912221827677318, Inverse Test Loss: 1.4086528505597795 
2025-01-11 16:40:00,551 INFO: Epoch 275, Train Loss: 0.07551599051290696, Test Loss: 0.289211313107184, Inverse Test Loss: 1.2687890189034599 
2025-01-11 16:40:01,019 INFO: Epoch 276, Train Loss: 0.0766192889610015, Test Loss: 0.29059891243066105, Inverse Test Loss: 1.2889137268066406 
2025-01-11 16:40:01,492 INFO: Epoch 277, Train Loss: 0.07633690580452254, Test Loss: 0.29061282532555716, Inverse Test Loss: 1.3583745956420898 
2025-01-11 16:40:01,966 INFO: Epoch 278, Train Loss: 0.07591223361295298, Test Loss: 0.28946519643068314, Inverse Test Loss: 1.2970002038138253 
2025-01-11 16:40:02,441 INFO: Epoch 279, Train Loss: 0.07599621334480583, Test Loss: 0.29094138368964195, Inverse Test Loss: 1.453075953892299 
2025-01-11 16:40:02,907 INFO: Epoch 280, Train Loss: 0.07680484755050151, Test Loss: 0.29207530298403334, Inverse Test Loss: 1.3590002059936523 
2025-01-11 16:40:03,374 INFO: Epoch 281, Train Loss: 0.075386380041958, Test Loss: 0.29094114527106285, Inverse Test Loss: 1.4817350932529993 
2025-01-11 16:40:03,842 INFO: Epoch 282, Train Loss: 0.07659624920252266, Test Loss: 0.2903011643460819, Inverse Test Loss: 1.370682988848005 
2025-01-11 16:40:04,323 INFO: Epoch 283, Train Loss: 0.07518132683744125, Test Loss: 0.290794564144952, Inverse Test Loss: 1.3896097455705916 
2025-01-11 16:40:04,872 INFO: Epoch 284, Train Loss: 0.07580162612123227, Test Loss: 0.29006279685667585, Inverse Test Loss: 1.3086881637573242 
2025-01-11 16:40:05,360 INFO: Epoch 285, Train Loss: 0.07565594471375876, Test Loss: 0.28981355311615126, Inverse Test Loss: 1.3505981990269251 
2025-01-11 16:40:05,862 INFO: Epoch 286, Train Loss: 0.07561933960116238, Test Loss: 0.29042784177831243, Inverse Test Loss: 1.3829607282366072 
2025-01-11 16:40:06,390 INFO: Epoch 287, Train Loss: 0.07478849928176731, Test Loss: 0.29030983788626535, Inverse Test Loss: 1.4349546432495117 
2025-01-11 16:40:06,861 INFO: Epoch 288, Train Loss: 0.07575276005295438, Test Loss: 0.2921754834907396, Inverse Test Loss: 1.4587421417236328 
2025-01-11 16:40:07,336 INFO: Epoch 289, Train Loss: 0.07551910574419783, Test Loss: 0.290622173675469, Inverse Test Loss: 1.291762215750558 
2025-01-11 16:40:07,821 INFO: Epoch 290, Train Loss: 0.07539500405482195, Test Loss: 0.29103970155119896, Inverse Test Loss: 1.4665226255144392 
2025-01-11 16:40:08,310 INFO: Epoch 291, Train Loss: 0.0752018385250634, Test Loss: 0.2902701534330845, Inverse Test Loss: 1.2917252949305944 
2025-01-11 16:40:08,774 INFO: Epoch 292, Train Loss: 0.0756197453843891, Test Loss: 0.2914115632218974, Inverse Test Loss: 1.297100339617048 
2025-01-11 16:40:09,233 INFO: Epoch 293, Train Loss: 0.07537213446350273, Test Loss: 0.2914344482123852, Inverse Test Loss: 1.4446063722882951 
2025-01-11 16:40:09,760 INFO: Epoch 294, Train Loss: 0.07526407431845271, Test Loss: 0.2904957979917526, Inverse Test Loss: 1.4212215968540736 
2025-01-11 16:40:10,265 INFO: Epoch 295, Train Loss: 0.07529340318720275, Test Loss: 0.29263658661927494, Inverse Test Loss: 1.404409544808524 
2025-01-11 16:40:10,750 INFO: Epoch 296, Train Loss: 0.07524142660405658, Test Loss: 0.29091215240103857, Inverse Test Loss: 1.3502202715192522 
2025-01-11 16:40:11,209 INFO: Epoch 297, Train Loss: 0.07518008819550549, Test Loss: 0.29011726113302366, Inverse Test Loss: 1.378289086478097 
2025-01-11 16:40:11,655 INFO: Epoch 298, Train Loss: 0.0751668295797405, Test Loss: 0.29179727871503147, Inverse Test Loss: 1.3933606828962053 
2025-01-11 16:40:12,097 INFO: Epoch 299, Train Loss: 0.07520448026853964, Test Loss: 0.29059258263025967, Inverse Test Loss: 1.4780667168753487 
2025-01-11 16:40:12,553 INFO: Epoch 300, Train Loss: 0.07639293078709086, Test Loss: 0.29112946348530905, Inverse Test Loss: 1.3540875571114677 
2025-01-11 16:40:12,553 INFO: Best Epoch 10, Best Test Loss: 0.22401580161281995 
2025-01-11 16:40:13,002 INFO: Epoch 301, Train Loss: 0.07490438786805223, Test Loss: 0.2912948248641832, Inverse Test Loss: 1.4556996481759208 
2025-01-11 16:40:13,504 INFO: Epoch 302, Train Loss: 0.07572715196314209, Test Loss: 0.29033173461045536, Inverse Test Loss: 1.279181752886091 
