2025-05-09 15:15:48,496 INFO: log_path:/logs_2025_5_9_HS_mos1_L1/AMFormer_simple_MLP_dim32_depth2_heads4_dropout0.4_fusion0.45_0.55_simple_MLP_lr0.0001_kan_+amformer_rc+fusion_6P_GELU 
2025-05-09 15:15:48,496 INFO: Model:namespace(attn_dropout=0.4, categories=[], cluster=3, depth=2, dim=32, ff_dropout=0.4, groups=[54, 54, 54], heads=4, name='AMFormer_simple_MLP_dim32_depth2_heads4_dropout0.4_fusion0.45_0.55_simple_MLP', num_cate=0, num_cont=20, num_special_tokens=1, out_dim=1, predictor='simple_MLP', prod_num_per_group=[6, 6, 6], qk_relu=False, static_fusion={'kan_weight': 0.45, 'trans_weight': 0.55}, sum_num_per_group=[32, 16, 8], target_mode='regression', token_descent=False, use_cls_token=True, use_prod=True, use_row_col_attention=True, use_sigmoid=True) 
2025-05-09 15:15:48,497 INFO: lr:0.0001, loss:L1 
2025-05-09 15:15:48,497 INFO: Dataset:HS_mos1, Target:['metal6_Peak'] 
2025-05-09 15:15:48,498 INFO: ------Begin Training Model------ 
2025-05-09 15:15:54,181 INFO: Epoch 1, Train Loss: 0.37155202302065765, Test Loss: 0.36123580792370963, Inverse Test Loss: 6.031506229849422 
2025-05-09 15:15:56,283 INFO: Epoch 2, Train Loss: 0.3329826532439752, Test Loss: 0.3382737838170108, Inverse Test Loss: 5.694573851192699 
2025-05-09 15:15:58,328 INFO: Epoch 3, Train Loss: 0.313505042005669, Test Loss: 0.3167067748658797, Inverse Test Loss: 5.419001270742977 
2025-05-09 15:16:00,392 INFO: Epoch 4, Train Loss: 0.2974576112447363, Test Loss: 0.2947726574014215, Inverse Test Loss: 5.0890139691969924 
2025-05-09 15:16:02,505 INFO: Epoch 5, Train Loss: 0.28793842819604004, Test Loss: 0.2920824990553014, Inverse Test Loss: 5.0333258404451255 
2025-05-09 15:16:04,609 INFO: Epoch 6, Train Loss: 0.27514260217095865, Test Loss: 0.2700827647657955, Inverse Test Loss: 4.743311910068288 
2025-05-09 15:16:06,671 INFO: Epoch 7, Train Loss: 0.26409935025554715, Test Loss: 0.2613690285121693, Inverse Test Loss: 4.613317209131577 
2025-05-09 15:16:08,738 INFO: Epoch 8, Train Loss: 0.2596660073507916, Test Loss: 0.24904650625060587, Inverse Test Loss: 4.44508957862854 
2025-05-09 15:16:10,842 INFO: Epoch 9, Train Loss: 0.25065482249765686, Test Loss: 0.24636407459483428, Inverse Test Loss: 4.42582295922672 
2025-05-09 15:16:12,864 INFO: Epoch 10, Train Loss: 0.2432651806509856, Test Loss: 0.2334863508448881, Inverse Test Loss: 4.237565307056203 
2025-05-09 15:16:14,906 INFO: Epoch 11, Train Loss: 0.24101554783004703, Test Loss: 0.23172660434947295, Inverse Test Loss: 4.229332124485689 
2025-05-09 15:16:16,972 INFO: Epoch 12, Train Loss: 0.2336667263598153, Test Loss: 0.22056580378728755, Inverse Test Loss: 4.0207509153029495 
2025-05-09 15:16:18,988 INFO: Epoch 13, Train Loss: 0.23072114180434833, Test Loss: 0.22037865572115956, Inverse Test Loss: 4.07283036849078 
2025-05-09 15:16:21,018 INFO: Epoch 14, Train Loss: 0.2228782314694289, Test Loss: 0.21286325857919805, Inverse Test Loss: 3.940179516287411 
2025-05-09 15:16:23,030 INFO: Epoch 15, Train Loss: 0.2194602773948149, Test Loss: 0.21110224110238693, Inverse Test Loss: 3.933147626764634 
2025-05-09 15:16:25,034 INFO: Epoch 16, Train Loss: 0.21740435199304062, Test Loss: 0.20371294196914225, Inverse Test Loss: 3.8149457538829132 
2025-05-09 15:16:27,134 INFO: Epoch 17, Train Loss: 0.21199919080192392, Test Loss: 0.20505468810305877, Inverse Test Loss: 3.861850752550013 
2025-05-09 15:16:29,329 INFO: Epoch 18, Train Loss: 0.2091419170751716, Test Loss: 0.19675602807718165, Inverse Test Loss: 3.7304867996889004 
2025-05-09 15:16:31,453 INFO: Epoch 19, Train Loss: 0.20573022261713492, Test Loss: 0.1928017358569538, Inverse Test Loss: 3.6729966051438274 
2025-05-09 15:16:33,869 INFO: Epoch 20, Train Loss: 0.20196908396301846, Test Loss: 0.18998884541146896, Inverse Test Loss: 3.6362851647769703 
2025-05-09 15:16:36,143 INFO: Epoch 21, Train Loss: 0.19996081224896692, Test Loss: 0.18800875895163593, Inverse Test Loss: 3.6100049159106087 
2025-05-09 15:16:38,465 INFO: Epoch 22, Train Loss: 0.1945834347244465, Test Loss: 0.1865085424745784, Inverse Test Loss: 3.597405195236206 
2025-05-09 15:16:40,707 INFO: Epoch 23, Train Loss: 0.1907455651371768, Test Loss: 0.1815588544396793, Inverse Test Loss: 3.5149620561038746 
2025-05-09 15:16:43,112 INFO: Epoch 24, Train Loss: 0.18918478646964737, Test Loss: 0.17782491182579713, Inverse Test Loss: 3.4423949437982895 
2025-05-09 15:16:45,346 INFO: Epoch 25, Train Loss: 0.18822242534070305, Test Loss: 0.1751604777048616, Inverse Test Loss: 3.4034847932703354 
2025-05-09 15:16:47,633 INFO: Epoch 26, Train Loss: 0.18402598685387409, Test Loss: 0.17384879904634812, Inverse Test Loss: 3.4139881695018097 
2025-05-09 15:16:49,775 INFO: Epoch 27, Train Loss: 0.18159835819493642, Test Loss: 0.16990368112045176, Inverse Test Loss: 3.340176596361048 
2025-05-09 15:16:52,103 INFO: Epoch 28, Train Loss: 0.17952007405234105, Test Loss: 0.1681957170367241, Inverse Test Loss: 3.3452233146218693 
2025-05-09 15:16:54,446 INFO: Epoch 29, Train Loss: 0.17848011738423145, Test Loss: 0.16560513964470694, Inverse Test Loss: 3.30777504864861 
2025-05-09 15:16:56,864 INFO: Epoch 30, Train Loss: 0.17444904374353815, Test Loss: 0.16383173272890203, Inverse Test Loss: 3.2843002852271583 
2025-05-09 15:16:59,141 INFO: Epoch 31, Train Loss: 0.17128708281300284, Test Loss: 0.1586859717088587, Inverse Test Loss: 3.1751943756552303 
2025-05-09 15:17:01,229 INFO: Epoch 32, Train Loss: 0.16944201708291518, Test Loss: 0.15661157229367426, Inverse Test Loss: 3.1625378552605126 
2025-05-09 15:17:03,315 INFO: Epoch 33, Train Loss: 0.16525043524575955, Test Loss: 0.15497843044645646, Inverse Test Loss: 3.143551321590648 
2025-05-09 15:17:05,416 INFO: Epoch 34, Train Loss: 0.16596694403525555, Test Loss: 0.15281220613157048, Inverse Test Loss: 3.0492544454686783 
2025-05-09 15:17:07,491 INFO: Epoch 35, Train Loss: 0.16288726472041823, Test Loss: 0.14945905173526092, Inverse Test Loss: 3.0141754571129296 
2025-05-09 15:17:09,573 INFO: Epoch 36, Train Loss: 0.16185225049654642, Test Loss: 0.14883128334494197, Inverse Test Loss: 2.989243549459121 
2025-05-09 15:17:11,683 INFO: Epoch 37, Train Loss: 0.1601679197540789, Test Loss: 0.14744573919212117, Inverse Test Loss: 2.9902954382054947 
2025-05-09 15:17:13,773 INFO: Epoch 38, Train Loss: 0.16051866712443758, Test Loss: 0.14884522425777771, Inverse Test Loss: 2.974761486053467 
2025-05-09 15:17:15,827 INFO: Epoch 39, Train Loss: 0.15649494156241417, Test Loss: 0.14646825282012715, Inverse Test Loss: 2.9420211595647476 
2025-05-09 15:17:17,898 INFO: Epoch 40, Train Loss: 0.15605374572403502, Test Loss: 0.14470350654686198, Inverse Test Loss: 2.9301147741429947 
2025-05-09 15:17:20,008 INFO: Epoch 41, Train Loss: 0.15680530001268242, Test Loss: 0.14443569148288055, Inverse Test Loss: 2.942291021347046 
2025-05-09 15:17:22,249 INFO: Epoch 42, Train Loss: 0.1532125071142659, Test Loss: 0.14223898377488642, Inverse Test Loss: 2.8854559589834774 
2025-05-09 15:17:24,313 INFO: Epoch 43, Train Loss: 0.15337337734121265, Test Loss: 0.14254315022160025, Inverse Test Loss: 2.9237725874956917 
2025-05-09 15:17:26,415 INFO: Epoch 44, Train Loss: 0.1517544575035572, Test Loss: 0.14169236667015972, Inverse Test Loss: 2.876139346291037 
2025-05-09 15:17:28,647 INFO: Epoch 45, Train Loss: 0.1500490399246866, Test Loss: 0.1407844818690244, Inverse Test Loss: 2.867427236893598 
2025-05-09 15:17:30,702 INFO: Epoch 46, Train Loss: 0.14873468040516882, Test Loss: 0.13985211358350866, Inverse Test Loss: 2.842966304105871 
2025-05-09 15:17:32,786 INFO: Epoch 47, Train Loss: 0.14871273844531088, Test Loss: 0.13985858594670014, Inverse Test Loss: 2.857295078389785 
2025-05-09 15:17:34,845 INFO: Epoch 48, Train Loss: 0.15009583792451656, Test Loss: 0.13910844001699896, Inverse Test Loss: 2.8312734716078816 
2025-05-09 15:17:36,941 INFO: Epoch 49, Train Loss: 0.14593684853929462, Test Loss: 0.13724556696765564, Inverse Test Loss: 2.820844762465533 
2025-05-09 15:17:39,036 INFO: Epoch 50, Train Loss: 0.1452598711757949, Test Loss: 0.1373830012538854, Inverse Test Loss: 2.807664492551018 
2025-05-09 15:17:41,104 INFO: Epoch 51, Train Loss: 0.1443671720723311, Test Loss: 0.13630668424508152, Inverse Test Loss: 2.812885003931382 
2025-05-09 15:17:43,178 INFO: Epoch 52, Train Loss: 0.14543212950229645, Test Loss: 0.1358699298956815, Inverse Test Loss: 2.7817150424508488 
2025-05-09 15:17:45,228 INFO: Epoch 53, Train Loss: 0.14193864053849017, Test Loss: 0.1367635617361349, Inverse Test Loss: 2.7950500460232006 
2025-05-09 15:17:47,278 INFO: Epoch 54, Train Loss: 0.14322379886200934, Test Loss: 0.13602888584136963, Inverse Test Loss: 2.7782060258528767 
2025-05-09 15:17:49,359 INFO: Epoch 55, Train Loss: 0.1416377074113398, Test Loss: 0.13422180624569163, Inverse Test Loss: 2.769725995905259 
2025-05-09 15:17:51,429 INFO: Epoch 56, Train Loss: 0.1388815732842142, Test Loss: 0.13355893948498895, Inverse Test Loss: 2.770702095592723 
2025-05-09 15:17:53,495 INFO: Epoch 57, Train Loss: 0.14098525961691682, Test Loss: 0.13431930279030518, Inverse Test Loss: 2.7497296894297882 
2025-05-09 15:17:55,548 INFO: Epoch 58, Train Loss: 0.13923972382238417, Test Loss: 0.13559608073795543, Inverse Test Loss: 2.7624303032370174 
2025-05-09 15:17:57,650 INFO: Epoch 59, Train Loss: 0.13848036448612358, Test Loss: 0.1318183983950054, Inverse Test Loss: 2.7364644303041348 
2025-05-09 15:17:59,742 INFO: Epoch 60, Train Loss: 0.13779025637742245, Test Loss: 0.1361176485524458, Inverse Test Loss: 2.7443011929007137 
2025-05-09 15:18:01,819 INFO: Epoch 61, Train Loss: 0.13696177913384003, Test Loss: 0.13469660413615844, Inverse Test Loss: 2.7423322621513817 
2025-05-09 15:18:03,882 INFO: Epoch 62, Train Loss: 0.13748800777124637, Test Loss: 0.13138739238767064, Inverse Test Loss: 2.6914081853978775 
2025-05-09 15:18:05,996 INFO: Epoch 63, Train Loss: 0.13803035630421204, Test Loss: 0.13046278366271188, Inverse Test Loss: 2.721842821906595 
2025-05-09 15:18:08,229 INFO: Epoch 64, Train Loss: 0.13600879873741756, Test Loss: 0.13265283800223293, Inverse Test Loss: 2.7053010603960823 
2025-05-09 15:18:10,547 INFO: Epoch 65, Train Loss: 0.134829106881763, Test Loss: 0.12905525197001064, Inverse Test Loss: 2.6924589101006005 
2025-05-09 15:18:12,685 INFO: Epoch 66, Train Loss: 0.13583428186900687, Test Loss: 0.13130895749611013, Inverse Test Loss: 2.695330086876364 
2025-05-09 15:18:15,064 INFO: Epoch 67, Train Loss: 0.1336850438154105, Test Loss: 0.1299851194900625, Inverse Test Loss: 2.675264358520508 
2025-05-09 15:18:17,238 INFO: Epoch 68, Train Loss: 0.132371968617945, Test Loss: 0.12955393642187119, Inverse Test Loss: 2.7017163388869343 
2025-05-09 15:18:19,293 INFO: Epoch 69, Train Loss: 0.13413642301703943, Test Loss: 0.12949129456982894, Inverse Test Loss: 2.6950700283050537 
2025-05-09 15:18:21,420 INFO: Epoch 70, Train Loss: 0.13221317845763583, Test Loss: 0.1266413580845384, Inverse Test Loss: 2.6326434752520393 
2025-05-09 15:18:23,482 INFO: Epoch 71, Train Loss: 0.1321830560989452, Test Loss: 0.12983839038540335, Inverse Test Loss: 2.673694091684678 
2025-05-09 15:18:25,554 INFO: Epoch 72, Train Loss: 0.13016688485037198, Test Loss: 0.1278546566472334, Inverse Test Loss: 2.6537061438840976 
2025-05-09 15:18:27,654 INFO: Epoch 73, Train Loss: 0.1299093221173142, Test Loss: 0.1300462098682628, Inverse Test Loss: 2.658233179765589 
2025-05-09 15:18:29,783 INFO: Epoch 74, Train Loss: 0.13012123277241533, Test Loss: 0.12755456479156718, Inverse Test Loss: 2.6437070229474235 
2025-05-09 15:18:31,919 INFO: Epoch 75, Train Loss: 0.12962047010660172, Test Loss: 0.1285642508198233, Inverse Test Loss: 2.6482931866365322 
2025-05-09 15:18:33,986 INFO: Epoch 76, Train Loss: 0.12928021665323863, Test Loss: 0.12643151817952886, Inverse Test Loss: 2.639283600975485 
2025-05-09 15:18:36,075 INFO: Epoch 77, Train Loss: 0.12887581144318436, Test Loss: 0.1272788941860199, Inverse Test Loss: 2.6764862958122704 
2025-05-09 15:18:38,152 INFO: Epoch 78, Train Loss: 0.12997636808590454, Test Loss: 0.12599781856817358, Inverse Test Loss: 2.6308585124857284 
2025-05-09 15:18:40,209 INFO: Epoch 79, Train Loss: 0.12660083174705505, Test Loss: 0.12532725448117538, Inverse Test Loss: 2.634443956262925 
2025-05-09 15:18:42,371 INFO: Epoch 80, Train Loss: 0.12602984939109196, Test Loss: 0.12601381189682903, Inverse Test Loss: 2.594259325195761 
2025-05-09 15:18:44,443 INFO: Epoch 81, Train Loss: 0.1253415604658199, Test Loss: 0.12792866457911098, Inverse Test Loss: 2.624474567525527 
2025-05-09 15:18:46,516 INFO: Epoch 82, Train Loss: 0.12618712584177652, Test Loss: 0.12544029074556687, Inverse Test Loss: 2.6040115496691536 
2025-05-09 15:18:48,589 INFO: Epoch 83, Train Loss: 0.125479985931606, Test Loss: 0.12685838823809342, Inverse Test Loss: 2.6018872751909146 
2025-05-09 15:18:50,664 INFO: Epoch 84, Train Loss: 0.12580943017294913, Test Loss: 0.12541640374590368, Inverse Test Loss: 2.5900286926942715 
2025-05-09 15:18:52,778 INFO: Epoch 85, Train Loss: 0.12493127290949677, Test Loss: 0.12700413167476654, Inverse Test Loss: 2.604488492012024 
2025-05-09 15:18:54,863 INFO: Epoch 86, Train Loss: 0.12402646661256299, Test Loss: 0.12386196807903402, Inverse Test Loss: 2.5831413549535416 
2025-05-09 15:18:56,992 INFO: Epoch 87, Train Loss: 0.12388876204689343, Test Loss: 0.12454482452834353, Inverse Test Loss: 2.5777385655571434 
2025-05-09 15:18:59,070 INFO: Epoch 88, Train Loss: 0.1233907404045264, Test Loss: 0.12273817158797208, Inverse Test Loss: 2.5738267057082234 
2025-05-09 15:19:01,149 INFO: Epoch 89, Train Loss: 0.12156616241642923, Test Loss: 0.12242528138791814, Inverse Test Loss: 2.5483157003627106 
2025-05-09 15:19:03,237 INFO: Epoch 90, Train Loss: 0.1219822412187403, Test Loss: 0.12334733456373215, Inverse Test Loss: 2.573437922141131 
2025-05-09 15:19:05,301 INFO: Epoch 91, Train Loss: 0.12076218968087976, Test Loss: 0.12377989730414223, Inverse Test Loss: 2.5495498671251187 
2025-05-09 15:19:07,369 INFO: Epoch 92, Train Loss: 0.12266053519014156, Test Loss: 0.12441224999287549, Inverse Test Loss: 2.568064977140988 
2025-05-09 15:19:09,443 INFO: Epoch 93, Train Loss: 0.120797971771522, Test Loss: 0.12283708440030322, Inverse Test Loss: 2.548976449405446 
2025-05-09 15:19:11,520 INFO: Epoch 94, Train Loss: 0.12069391143141371, Test Loss: 0.12231616982642342, Inverse Test Loss: 2.577916580087998 
2025-05-09 15:19:13,802 INFO: Epoch 95, Train Loss: 0.12083139225389018, Test Loss: 0.12253975780571208, Inverse Test Loss: 2.536165665177738 
2025-05-09 15:19:16,064 INFO: Epoch 96, Train Loss: 0.11892379154310082, Test Loss: 0.12201837625573664, Inverse Test Loss: 2.5596307165482464 
2025-05-09 15:19:18,288 INFO: Epoch 97, Train Loss: 0.12102671588460605, Test Loss: 0.1210439516340985, Inverse Test Loss: 2.5305057693930233 
2025-05-09 15:19:20,539 INFO: Epoch 98, Train Loss: 0.11903522423270976, Test Loss: 0.1211060515659697, Inverse Test Loss: 2.5272823291666366 
2025-05-09 15:19:22,862 INFO: Epoch 99, Train Loss: 0.1199279244650494, Test Loss: 0.12205263665493797, Inverse Test Loss: 2.5601650756948136 
2025-05-09 15:19:25,060 INFO: Epoch 100, Train Loss: 0.11831666608199928, Test Loss: 0.12124897057519239, Inverse Test Loss: 2.5648139434702255 
2025-05-09 15:19:25,060 INFO: Best Epoch 97, Best Test Loss: 0.1210439516340985, Inverse Test Loss: 2.5305057693930233 
2025-05-09 15:19:27,080 INFO: Epoch 101, Train Loss: 0.118681132116101, Test Loss: 0.12464407261680155, Inverse Test Loss: 2.5488922666100895 
2025-05-09 15:19:29,136 INFO: Epoch 102, Train Loss: 0.11812307719479907, Test Loss: 0.1246171466567937, Inverse Test Loss: 2.544301145216998 
2025-05-09 15:19:31,170 INFO: Epoch 103, Train Loss: 0.11785101540612453, Test Loss: 0.12032439362476854, Inverse Test Loss: 2.5086469650268555 
2025-05-09 15:19:33,278 INFO: Epoch 104, Train Loss: 0.1172233269070134, Test Loss: 0.12408265690593158, Inverse Test Loss: 2.543793201446533 
2025-05-09 15:19:35,363 INFO: Epoch 105, Train Loss: 0.11648031358014453, Test Loss: 0.12030611625489067, Inverse Test Loss: 2.5026408784529743 
2025-05-09 15:19:37,446 INFO: Epoch 106, Train Loss: 0.11626008728688414, Test Loss: 0.12082851174123146, Inverse Test Loss: 2.5145341368282543 
2025-05-09 15:19:39,524 INFO: Epoch 107, Train Loss: 0.1166808506981893, Test Loss: 0.11897368225104668, Inverse Test Loss: 2.501097559928894 
2025-05-09 15:19:41,552 INFO: Epoch 108, Train Loss: 0.11729843959663853, Test Loss: 0.11922703025972142, Inverse Test Loss: 2.51695521438823 
2025-05-09 15:19:43,664 INFO: Epoch 109, Train Loss: 0.11495872056393912, Test Loss: 0.11891550746034174, Inverse Test Loss: 2.485147328937755 
2025-05-09 15:19:45,821 INFO: Epoch 110, Train Loss: 0.11533573743971912, Test Loss: 0.11925497169003767, Inverse Test Loss: 2.4780540536431706 
2025-05-09 15:19:48,105 INFO: Epoch 111, Train Loss: 0.11581634899432008, Test Loss: 0.11982698475613314, Inverse Test Loss: 2.525923532598159 
2025-05-09 15:19:50,251 INFO: Epoch 112, Train Loss: 0.11464723244760976, Test Loss: 0.12040379183257327, Inverse Test Loss: 2.493053667685565 
2025-05-09 15:19:52,413 INFO: Epoch 113, Train Loss: 0.1141936182975769, Test Loss: 0.11899753265521106, Inverse Test Loss: 2.523363877745236 
2025-05-09 15:19:54,818 INFO: Epoch 114, Train Loss: 0.11388358648753527, Test Loss: 0.11947797633269254, Inverse Test Loss: 2.502791299539454 
2025-05-09 15:19:57,003 INFO: Epoch 115, Train Loss: 0.11412440285538182, Test Loss: 0.11797065682270948, Inverse Test Loss: 2.478541339144987 
2025-05-09 15:19:59,132 INFO: Epoch 116, Train Loss: 0.11351980675350536, Test Loss: 0.11840471033664311, Inverse Test Loss: 2.4779375581180347 
2025-05-09 15:20:01,412 INFO: Epoch 117, Train Loss: 0.11344869146970185, Test Loss: 0.11799090289894272, Inverse Test Loss: 2.47272484442767 
2025-05-09 15:20:03,741 INFO: Epoch 118, Train Loss: 0.11313876125848654, Test Loss: 0.11837363506064695, Inverse Test Loss: 2.4765253768247715 
2025-05-09 15:20:05,942 INFO: Epoch 119, Train Loss: 0.11164642639006629, Test Loss: 0.11890012880458552, Inverse Test Loss: 2.47917146542493 
2025-05-09 15:20:07,946 INFO: Epoch 120, Train Loss: 0.11305414241823283, Test Loss: 0.11933483271037831, Inverse Test Loss: 2.480158139677609 
2025-05-09 15:20:09,960 INFO: Epoch 121, Train Loss: 0.11223073602851594, Test Loss: 0.11718305813915589, Inverse Test Loss: 2.4471849062863518 
2025-05-09 15:20:11,965 INFO: Epoch 122, Train Loss: 0.11109958193970448, Test Loss: 0.11861237160423223, Inverse Test Loss: 2.4662717931410847 
2025-05-09 15:20:13,980 INFO: Epoch 123, Train Loss: 0.11160431915160382, Test Loss: 0.11900690044550334, Inverse Test Loss: 2.465870457537034 
2025-05-09 15:20:15,979 INFO: Epoch 124, Train Loss: 0.11252565173940225, Test Loss: 0.11716797421960269, Inverse Test Loss: 2.44797445044798 
2025-05-09 15:20:18,024 INFO: Epoch 125, Train Loss: 0.11108321651364818, Test Loss: 0.11851337048060753, Inverse Test Loss: 2.488521127139821 
2025-05-09 15:20:20,049 INFO: Epoch 126, Train Loss: 0.11055906162117467, Test Loss: 0.11802396090591655, Inverse Test Loss: 2.501862876555499 
2025-05-09 15:20:22,053 INFO: Epoch 127, Train Loss: 0.10981588946147398, Test Loss: 0.11713637258200084, Inverse Test Loss: 2.4401751967037426 
2025-05-09 15:20:24,074 INFO: Epoch 128, Train Loss: 0.1103606146732063, Test Loss: 0.11762388970922022, Inverse Test Loss: 2.4611055500367107 
2025-05-09 15:20:26,109 INFO: Epoch 129, Train Loss: 0.10881611433896152, Test Loss: 0.1171287806595073, Inverse Test Loss: 2.4605241733438827 
2025-05-09 15:20:28,120 INFO: Epoch 130, Train Loss: 0.10949355877484336, Test Loss: 0.11728288912597824, Inverse Test Loss: 2.45761245839736 
2025-05-09 15:20:30,136 INFO: Epoch 131, Train Loss: 0.10857199053421165, Test Loss: 0.11705738218391643, Inverse Test Loss: 2.449364704244277 
2025-05-09 15:20:32,161 INFO: Epoch 132, Train Loss: 0.10924506204372103, Test Loss: 0.11859383916153628, Inverse Test Loss: 2.4529808409073772 
2025-05-09 15:20:34,180 INFO: Epoch 133, Train Loss: 0.10913447493856604, Test Loss: 0.11686129714636241, Inverse Test Loss: 2.426266165340648 
2025-05-09 15:20:36,197 INFO: Epoch 134, Train Loss: 0.10973435504869981, Test Loss: 0.11833382595111341, Inverse Test Loss: 2.443658064393436 
2025-05-09 15:20:38,195 INFO: Epoch 135, Train Loss: 0.10956431360858859, Test Loss: 0.11601870507001877, Inverse Test Loss: 2.456660333801718 
2025-05-09 15:20:40,207 INFO: Epoch 136, Train Loss: 0.10926630280234596, Test Loss: 0.11493039722828303, Inverse Test Loss: 2.4186702616074505 
2025-05-09 15:20:42,219 INFO: Epoch 137, Train Loss: 0.10674664084658478, Test Loss: 0.1155768558382988, Inverse Test Loss: 2.4214213245055256 
2025-05-09 15:20:44,244 INFO: Epoch 138, Train Loss: 0.10873031130794322, Test Loss: 0.11525347083806992, Inverse Test Loss: 2.4370787634569058 
2025-05-09 15:20:46,271 INFO: Epoch 139, Train Loss: 0.10832874352733295, Test Loss: 0.11697344306637258, Inverse Test Loss: 2.442905447062324 
2025-05-09 15:20:48,298 INFO: Epoch 140, Train Loss: 0.10744614549206966, Test Loss: 0.11460215773652582, Inverse Test Loss: 2.4210820688920864 
2025-05-09 15:20:50,302 INFO: Epoch 141, Train Loss: 0.10680925247795654, Test Loss: 0.11584297567605972, Inverse Test Loss: 2.4545123016133026 
2025-05-09 15:20:52,301 INFO: Epoch 142, Train Loss: 0.10762843715422081, Test Loss: 0.11486331132404945, Inverse Test Loss: 2.410060132251066 
2025-05-09 15:20:54,331 INFO: Epoch 143, Train Loss: 0.10703858535623911, Test Loss: 0.11525569352156975, Inverse Test Loss: 2.4280668567208683 
2025-05-09 15:20:56,352 INFO: Epoch 144, Train Loss: 0.10636044225909493, Test Loss: 0.11609024488750626, Inverse Test Loss: 2.4125020644244026 
2025-05-09 15:20:58,377 INFO: Epoch 145, Train Loss: 0.10655456939429948, Test Loss: 0.11536372781676404, Inverse Test Loss: 2.4033295827753403 
2025-05-09 15:21:00,381 INFO: Epoch 146, Train Loss: 0.10700170718359225, Test Loss: 0.11505317644161336, Inverse Test Loss: 2.4038083342944874 
2025-05-09 15:21:02,376 INFO: Epoch 147, Train Loss: 0.10652968473732471, Test Loss: 0.11638302881928052, Inverse Test Loss: 2.420231713968165 
2025-05-09 15:21:04,443 INFO: Epoch 148, Train Loss: 0.10648385028947484, Test Loss: 0.11424936135025586, Inverse Test Loss: 2.409032835679896 
2025-05-09 15:21:06,483 INFO: Epoch 149, Train Loss: 0.10425152956987872, Test Loss: 0.11586698385722496, Inverse Test Loss: 2.4141784275279328 
2025-05-09 15:21:08,531 INFO: Epoch 150, Train Loss: 0.10484620240150076, Test Loss: 0.11458072285441791, Inverse Test Loss: 2.4169807924943814 
2025-05-09 15:21:10,563 INFO: Epoch 151, Train Loss: 0.10497960425687558, Test Loss: 0.1139221274677445, Inverse Test Loss: 2.3899642509572647 
2025-05-09 15:21:12,586 INFO: Epoch 152, Train Loss: 0.10436222386179549, Test Loss: 0.11587268092176493, Inverse Test Loss: 2.403316385605756 
2025-05-09 15:21:14,624 INFO: Epoch 153, Train Loss: 0.10647360156431343, Test Loss: 0.11365903322311009, Inverse Test Loss: 2.38643979325014 
2025-05-09 15:21:16,663 INFO: Epoch 154, Train Loss: 0.10547469070915019, Test Loss: 0.11387696095249232, Inverse Test Loss: 2.4090048355214737 
2025-05-09 15:21:18,714 INFO: Epoch 155, Train Loss: 0.1033237600191073, Test Loss: 0.11441000726293116, Inverse Test Loss: 2.4104831358965706 
2025-05-09 15:21:20,754 INFO: Epoch 156, Train Loss: 0.10374294859216068, Test Loss: 0.11273491470252767, Inverse Test Loss: 2.3966848499634685 
2025-05-09 15:21:22,797 INFO: Epoch 157, Train Loss: 0.1046265410541585, Test Loss: 0.11265658411909552, Inverse Test Loss: 2.402674815234016 
2025-05-09 15:21:24,845 INFO: Epoch 158, Train Loss: 0.10295558562784483, Test Loss: 0.1132107758346726, Inverse Test Loss: 2.3859906056348015 
2025-05-09 15:21:26,873 INFO: Epoch 159, Train Loss: 0.10378848947584629, Test Loss: 0.11345085764632505, Inverse Test Loss: 2.4413578931023094 
2025-05-09 15:21:28,910 INFO: Epoch 160, Train Loss: 0.10337711131256638, Test Loss: 0.11313372631283368, Inverse Test Loss: 2.3746336067424103 
2025-05-09 15:21:30,918 INFO: Epoch 161, Train Loss: 0.10320961339907213, Test Loss: 0.11327606943600319, Inverse Test Loss: 2.369641998234917 
2025-05-09 15:21:32,974 INFO: Epoch 162, Train Loss: 0.10302475060928952, Test Loss: 0.11284884394091718, Inverse Test Loss: 2.3758250685299145 
2025-05-09 15:21:34,991 INFO: Epoch 163, Train Loss: 0.10244181977980064, Test Loss: 0.11175511010429438, Inverse Test Loss: 2.36187481880188 
2025-05-09 15:21:36,997 INFO: Epoch 164, Train Loss: 0.1019384613204183, Test Loss: 0.11253802697448169, Inverse Test Loss: 2.3854058980941772 
2025-05-09 15:21:39,014 INFO: Epoch 165, Train Loss: 0.10140931109587352, Test Loss: 0.11324040657457184, Inverse Test Loss: 2.3787484519621906 
2025-05-09 15:21:41,032 INFO: Epoch 166, Train Loss: 0.10316090240623012, Test Loss: 0.11272648634279475, Inverse Test Loss: 2.3654523456797882 
2025-05-09 15:21:43,054 INFO: Epoch 167, Train Loss: 0.10250863901367693, Test Loss: 0.11242141596534673, Inverse Test Loss: 2.3816940714331234 
2025-05-09 15:21:45,087 INFO: Epoch 168, Train Loss: 0.10108758153563197, Test Loss: 0.11121311038732529, Inverse Test Loss: 2.3590709812500896 
2025-05-09 15:21:47,132 INFO: Epoch 169, Train Loss: 0.10075006656574481, Test Loss: 0.11331916951081332, Inverse Test Loss: 2.3821252794826733 
2025-05-09 15:21:49,182 INFO: Epoch 170, Train Loss: 0.10142300622255514, Test Loss: 0.11131239572868627, Inverse Test Loss: 2.347126231474035 
2025-05-09 15:21:51,194 INFO: Epoch 171, Train Loss: 0.09997133476038773, Test Loss: 0.11248286287574207, Inverse Test Loss: 2.3691066012663 
2025-05-09 15:21:53,200 INFO: Epoch 172, Train Loss: 0.09996870425388668, Test Loss: 0.11231840204666643, Inverse Test Loss: 2.367473931873546 
2025-05-09 15:21:55,224 INFO: Epoch 173, Train Loss: 0.10054484720934521, Test Loss: 0.11223541594603482, Inverse Test Loss: 2.405946401988759 
2025-05-09 15:21:57,258 INFO: Epoch 174, Train Loss: 0.1001653473711375, Test Loss: 0.11215103571029271, Inverse Test Loss: 2.402950553333058 
2025-05-09 15:21:59,299 INFO: Epoch 175, Train Loss: 0.10044855844568122, Test Loss: 0.11207047236316345, Inverse Test Loss: 2.395189453573788 
2025-05-09 15:22:01,324 INFO: Epoch 176, Train Loss: 0.10018921152434566, Test Loss: 0.11119915807948393, Inverse Test Loss: 2.3432265520095825 
2025-05-09 15:22:03,351 INFO: Epoch 177, Train Loss: 0.09981249255890196, Test Loss: 0.11131910892093883, Inverse Test Loss: 2.3700203825445736 
2025-05-09 15:22:05,388 INFO: Epoch 178, Train Loss: 0.09939815713600679, Test Loss: 0.11282428704640445, Inverse Test Loss: 2.342113796402426 
2025-05-09 15:22:07,440 INFO: Epoch 179, Train Loss: 0.09905765374953096, Test Loss: 0.11133771170588101, Inverse Test Loss: 2.375066027921789 
2025-05-09 15:22:09,454 INFO: Epoch 180, Train Loss: 0.09909323546471017, Test Loss: 0.11160704887965146, Inverse Test Loss: 2.3770675659179688 
2025-05-09 15:22:11,487 INFO: Epoch 181, Train Loss: 0.0980347337935007, Test Loss: 0.11077576042974696, Inverse Test Loss: 2.347880650969113 
2025-05-09 15:22:13,514 INFO: Epoch 182, Train Loss: 0.09875921701843088, Test Loss: 0.11265858438085108, Inverse Test Loss: 2.3622886363197777 
2025-05-09 15:22:15,548 INFO: Epoch 183, Train Loss: 0.09709048660641367, Test Loss: 0.11157381578403361, Inverse Test Loss: 2.3837868606342987 
2025-05-09 15:22:17,591 INFO: Epoch 184, Train Loss: 0.09790805258759946, Test Loss: 0.1122812490691157, Inverse Test Loss: 2.354325939627255 
2025-05-09 15:22:19,636 INFO: Epoch 185, Train Loss: 0.09797886403446848, Test Loss: 0.11062981254037689, Inverse Test Loss: 2.340428618823781 
2025-05-09 15:22:21,669 INFO: Epoch 186, Train Loss: 0.098429522843975, Test Loss: 0.11029141900293968, Inverse Test Loss: 2.330791620647206 
2025-05-09 15:22:23,674 INFO: Epoch 187, Train Loss: 0.09851720296975339, Test Loss: 0.11177769171841004, Inverse Test Loss: 2.335467310512767 
2025-05-09 15:22:25,683 INFO: Epoch 188, Train Loss: 0.09726393843690555, Test Loss: 0.11033186579451841, Inverse Test Loss: 2.3178773206823013 
2025-05-09 15:22:27,705 INFO: Epoch 189, Train Loss: 0.09849341129037467, Test Loss: 0.10984144009211484, Inverse Test Loss: 2.3281846747678867 
2025-05-09 15:22:29,722 INFO: Epoch 190, Train Loss: 0.09712814082476226, Test Loss: 0.10957133638508179, Inverse Test Loss: 2.326807555030374 
2025-05-09 15:22:31,747 INFO: Epoch 191, Train Loss: 0.09703721670490323, Test Loss: 0.11008431543322171, Inverse Test Loss: 2.3340245064567116 
2025-05-09 15:22:33,760 INFO: Epoch 192, Train Loss: 0.09626894229740808, Test Loss: 0.10962395808276008, Inverse Test Loss: 2.35310722098631 
2025-05-09 15:22:35,791 INFO: Epoch 193, Train Loss: 0.0977243036596161, Test Loss: 0.10938452929258347, Inverse Test Loss: 2.319556145107045 
2025-05-09 15:22:37,823 INFO: Epoch 194, Train Loss: 0.09577712907709858, Test Loss: 0.11200382976847537, Inverse Test Loss: 2.37741299236522 
2025-05-09 15:22:39,855 INFO: Epoch 195, Train Loss: 0.09651789362683441, Test Loss: 0.10878175935324501, Inverse Test Loss: 2.322215669295367 
2025-05-09 15:22:41,909 INFO: Epoch 196, Train Loss: 0.09658147151948827, Test Loss: 0.11045945435762405, Inverse Test Loss: 2.324264140690074 
2025-05-09 15:22:43,946 INFO: Epoch 197, Train Loss: 0.09696003230232181, Test Loss: 0.10917856105986763, Inverse Test Loss: 2.3251796890707577 
2025-05-09 15:22:45,981 INFO: Epoch 198, Train Loss: 0.09552415838521539, Test Loss: 0.10926466522847905, Inverse Test Loss: 2.361214385313146 
2025-05-09 15:22:48,016 INFO: Epoch 199, Train Loss: 0.09712656028568745, Test Loss: 0.11391404665568296, Inverse Test Loss: 2.3817687455345604 
2025-05-09 15:22:50,052 INFO: Epoch 200, Train Loss: 0.09651041854963158, Test Loss: 0.10809213470886736, Inverse Test Loss: 2.3107650840983673 
2025-05-09 15:22:50,052 INFO: Best Epoch 200, Best Test Loss: 0.10809213470886736, Inverse Test Loss: 2.3107650840983673 
2025-05-09 15:22:52,088 INFO: Epoch 201, Train Loss: 0.09532999941571192, Test Loss: 0.10829358854714562, Inverse Test Loss: 2.308896205004524 
2025-05-09 15:22:54,115 INFO: Epoch 202, Train Loss: 0.09504556757482616, Test Loss: 0.11030939637738116, Inverse Test Loss: 2.3796959273955403 
2025-05-09 15:22:56,165 INFO: Epoch 203, Train Loss: 0.09481959682748173, Test Loss: 0.11060938677367042, Inverse Test Loss: 2.3134518090416405 
2025-05-09 15:22:58,197 INFO: Epoch 204, Train Loss: 0.09466029325443687, Test Loss: 0.10808871029054418, Inverse Test Loss: 2.2956215563942406 
2025-05-09 15:23:00,219 INFO: Epoch 205, Train Loss: 0.09367399899797006, Test Loss: 0.1085765271940652, Inverse Test Loss: 2.290902446298038 
2025-05-09 15:23:02,255 INFO: Epoch 206, Train Loss: 0.09447129494087263, Test Loss: 0.10770342740065911, Inverse Test Loss: 2.306964593775132 
2025-05-09 15:23:04,268 INFO: Epoch 207, Train Loss: 0.09439177641814406, Test Loss: 0.10874490746680428, Inverse Test Loss: 2.2956482873243442 
2025-05-09 15:23:06,282 INFO: Epoch 208, Train Loss: 0.09364309619096192, Test Loss: 0.1080815108383403, Inverse Test Loss: 2.284823599983664 
2025-05-09 15:23:08,300 INFO: Epoch 209, Train Loss: 0.09440114975652912, Test Loss: 0.1092668169123285, Inverse Test Loss: 2.3100122143240536 
2025-05-09 15:23:10,329 INFO: Epoch 210, Train Loss: 0.0934852696955204, Test Loss: 0.10822657671044855, Inverse Test Loss: 2.306009699316586 
2025-05-09 15:23:12,339 INFO: Epoch 211, Train Loss: 0.09378448997934659, Test Loss: 0.11021590145195231, Inverse Test Loss: 2.308054902974297 
2025-05-09 15:23:14,370 INFO: Epoch 212, Train Loss: 0.09423640562277852, Test Loss: 0.10785618950338925, Inverse Test Loss: 2.3049768489949845 
2025-05-09 15:23:16,383 INFO: Epoch 213, Train Loss: 0.09357586779603452, Test Loss: 0.10678813518846736, Inverse Test Loss: 2.292425274848938 
2025-05-09 15:23:18,412 INFO: Epoch 214, Train Loss: 0.0938335366998658, Test Loss: 0.10845030164893936, Inverse Test Loss: 2.294948101043701 
2025-05-09 15:23:20,421 INFO: Epoch 215, Train Loss: 0.0931109722816583, Test Loss: 0.10723059317644905, Inverse Test Loss: 2.314784323467928 
2025-05-09 15:23:22,420 INFO: Epoch 216, Train Loss: 0.09335213160198746, Test Loss: 0.10676579308860443, Inverse Test Loss: 2.2782197068719303 
2025-05-09 15:23:24,483 INFO: Epoch 217, Train Loss: 0.09482472282693241, Test Loss: 0.10781246182673118, Inverse Test Loss: 2.301037311553955 
2025-05-09 15:23:26,530 INFO: Epoch 218, Train Loss: 0.09256512361268203, Test Loss: 0.10697532226057614, Inverse Test Loss: 2.275973642573637 
2025-05-09 15:23:28,533 INFO: Epoch 219, Train Loss: 0.09309264757868016, Test Loss: 0.10702601864057429, Inverse Test Loss: 2.284306189593147 
2025-05-09 15:23:30,611 INFO: Epoch 220, Train Loss: 0.09363350802750299, Test Loss: 0.10849405693657257, Inverse Test Loss: 2.36529278755188 
2025-05-09 15:23:32,607 INFO: Epoch 221, Train Loss: 0.0940304607378714, Test Loss: 0.10832484066486359, Inverse Test Loss: 2.299277011085959 
2025-05-09 15:23:34,653 INFO: Epoch 222, Train Loss: 0.09172318616148198, Test Loss: 0.10693144097047694, Inverse Test Loss: 2.273478213478537 
2025-05-09 15:23:36,691 INFO: Epoch 223, Train Loss: 0.09199090866428433, Test Loss: 0.10614241374766126, Inverse Test Loss: 2.2638784717111027 
2025-05-09 15:23:38,742 INFO: Epoch 224, Train Loss: 0.09181009515216856, Test Loss: 0.10749553910949651, Inverse Test Loss: 2.3335837897132423 
2025-05-09 15:23:40,762 INFO: Epoch 225, Train Loss: 0.09274478025282874, Test Loss: 0.1055988691308919, Inverse Test Loss: 2.263169246561387 
2025-05-09 15:23:42,783 INFO: Epoch 226, Train Loss: 0.09284381410389235, Test Loss: 0.10628779101021149, Inverse Test Loss: 2.261227186988382 
2025-05-09 15:23:44,810 INFO: Epoch 227, Train Loss: 0.09205035283935792, Test Loss: 0.10714438886326902, Inverse Test Loss: 2.2702843511805817 
2025-05-09 15:23:46,831 INFO: Epoch 228, Train Loss: 0.09146729360024135, Test Loss: 0.10618062142063589, Inverse Test Loss: 2.273072880857131 
2025-05-09 15:23:48,896 INFO: Epoch 229, Train Loss: 0.09203055619516155, Test Loss: 0.10585083549513537, Inverse Test Loss: 2.258413931902717 
2025-05-09 15:23:50,941 INFO: Epoch 230, Train Loss: 0.09140287796882066, Test Loss: 0.10639532830785303, Inverse Test Loss: 2.250110156395856 
2025-05-09 15:23:52,985 INFO: Epoch 231, Train Loss: 0.09162682424666303, Test Loss: 0.10652509375530131, Inverse Test Loss: 2.257130468592924 
2025-05-09 15:23:55,013 INFO: Epoch 232, Train Loss: 0.09057744592428207, Test Loss: 0.10630746843183742, Inverse Test Loss: 2.2644726879456463 
2025-05-09 15:23:57,023 INFO: Epoch 233, Train Loss: 0.09145019417910864, Test Loss: 0.10622546624611406, Inverse Test Loss: 2.2621416274239037 
2025-05-09 15:23:59,062 INFO: Epoch 234, Train Loss: 0.09057713768473177, Test Loss: 0.10527404310072169, Inverse Test Loss: 2.250908003133886 
2025-05-09 15:24:01,068 INFO: Epoch 235, Train Loss: 0.09149442500237262, Test Loss: 0.1052984669804573, Inverse Test Loss: 2.273855083128985 
2025-05-09 15:24:03,075 INFO: Epoch 236, Train Loss: 0.09017846902663057, Test Loss: 0.1057523815509151, Inverse Test Loss: 2.2420816351385677 
2025-05-09 15:24:05,110 INFO: Epoch 237, Train Loss: 0.09049148422976334, Test Loss: 0.10428238528616288, Inverse Test Loss: 2.229803162462571 
2025-05-09 15:24:07,154 INFO: Epoch 238, Train Loss: 0.08902369326714313, Test Loss: 0.1058330415364574, Inverse Test Loss: 2.2401739709517536 
2025-05-09 15:24:09,187 INFO: Epoch 239, Train Loss: 0.0914830280975862, Test Loss: 0.10559062747394338, Inverse Test Loss: 2.2452780569300934 
2025-05-09 15:24:11,186 INFO: Epoch 240, Train Loss: 0.09051516403754552, Test Loss: 0.10500290463952457, Inverse Test Loss: 2.242102580911973 
2025-05-09 15:24:13,254 INFO: Epoch 241, Train Loss: 0.08887280518132629, Test Loss: 0.10410856061121997, Inverse Test Loss: 2.239067659658544 
2025-05-09 15:24:15,380 INFO: Epoch 242, Train Loss: 0.09023693412768119, Test Loss: 0.10541433819076594, Inverse Test Loss: 2.254121086176704 
2025-05-09 15:24:17,507 INFO: Epoch 243, Train Loss: 0.09033773252458284, Test Loss: 0.10720225314007086, Inverse Test Loss: 2.250790883513058 
2025-05-09 15:24:19,542 INFO: Epoch 244, Train Loss: 0.09020802807627303, Test Loss: 0.1071993730524007, Inverse Test Loss: 2.341247095781214 
2025-05-09 15:24:21,589 INFO: Epoch 245, Train Loss: 0.08990333246236498, Test Loss: 0.1089450296233682, Inverse Test Loss: 2.283759832382202 
2025-05-09 15:24:23,603 INFO: Epoch 246, Train Loss: 0.09046354342364904, Test Loss: 0.10586331149234492, Inverse Test Loss: 2.270839985679178 
2025-05-09 15:24:25,605 INFO: Epoch 247, Train Loss: 0.09044420815101176, Test Loss: 0.1051211317672449, Inverse Test Loss: 2.254401213982526 
2025-05-09 15:24:27,634 INFO: Epoch 248, Train Loss: 0.08920571992568897, Test Loss: 0.10558720086427296, Inverse Test Loss: 2.2469658851623535 
2025-05-09 15:24:29,690 INFO: Epoch 249, Train Loss: 0.0902542019206466, Test Loss: 0.10470166035434779, Inverse Test Loss: 2.229192004484289 
2025-05-09 15:24:31,705 INFO: Epoch 250, Train Loss: 0.08836382813751698, Test Loss: 0.10447806952630773, Inverse Test Loss: 2.234432486926808 
2025-05-09 15:24:33,775 INFO: Epoch 251, Train Loss: 0.08881820444807861, Test Loss: 0.10452132343369372, Inverse Test Loss: 2.2458438803167904 
2025-05-09 15:24:35,805 INFO: Epoch 252, Train Loss: 0.08858638397897735, Test Loss: 0.10515887509374057, Inverse Test Loss: 2.239832211943234 
2025-05-09 15:24:37,821 INFO: Epoch 253, Train Loss: 0.08743248625912449, Test Loss: 0.10478486011133474, Inverse Test Loss: 2.236127558876486 
2025-05-09 15:24:39,837 INFO: Epoch 254, Train Loss: 0.0876725839846062, Test Loss: 0.10534101330182132, Inverse Test Loss: 2.233137432266684 
2025-05-09 15:24:41,843 INFO: Epoch 255, Train Loss: 0.08915189382704822, Test Loss: 0.10471003699828596, Inverse Test Loss: 2.2341126063290764 
2025-05-09 15:24:43,848 INFO: Epoch 256, Train Loss: 0.08728453460516351, Test Loss: 0.10398347390925183, Inverse Test Loss: 2.2256649522220386 
2025-05-09 15:24:45,850 INFO: Epoch 257, Train Loss: 0.08902267569845373, Test Loss: 0.10471341539831723, Inverse Test Loss: 2.2338448762893677 
2025-05-09 15:24:47,876 INFO: Epoch 258, Train Loss: 0.08833820316376108, Test Loss: 0.10442846706684898, Inverse Test Loss: 2.2181924371158375 
2025-05-09 15:24:49,932 INFO: Epoch 259, Train Loss: 0.08845233200400164, Test Loss: 0.10919289422385833, Inverse Test Loss: 2.2759499339496387 
2025-05-09 15:24:51,983 INFO: Epoch 260, Train Loss: 0.08878077967374613, Test Loss: 0.10621513908400255, Inverse Test Loss: 2.243412936435026 
2025-05-09 15:24:54,023 INFO: Epoch 261, Train Loss: 0.08892366402980054, Test Loss: 0.1044284990605186, Inverse Test Loss: 2.2444139228147617 
2025-05-09 15:24:56,071 INFO: Epoch 262, Train Loss: 0.0880873121434089, Test Loss: 0.10358235546771218, Inverse Test Loss: 2.2243861661237827 
2025-05-09 15:24:58,109 INFO: Epoch 263, Train Loss: 0.0877624557099559, Test Loss: 0.10421652828945834, Inverse Test Loss: 2.219880587914411 
2025-05-09 15:25:00,130 INFO: Epoch 264, Train Loss: 0.08740965322111592, Test Loss: 0.10345956288716372, Inverse Test Loss: 2.2102507072336532 
2025-05-09 15:25:02,177 INFO: Epoch 265, Train Loss: 0.0876474202695218, Test Loss: 0.1033725975190892, Inverse Test Loss: 2.214048567940207 
2025-05-09 15:25:04,216 INFO: Epoch 266, Train Loss: 0.08763243325731972, Test Loss: 0.10417681822881979, Inverse Test Loss: 2.207024931907654 
2025-05-09 15:25:06,217 INFO: Epoch 267, Train Loss: 0.08594582404828432, Test Loss: 0.10394036353510969, Inverse Test Loss: 2.2472465809653785 
2025-05-09 15:25:08,239 INFO: Epoch 268, Train Loss: 0.08693930845368993, Test Loss: 0.10280087634044535, Inverse Test Loss: 2.199601047179278 
2025-05-09 15:25:10,265 INFO: Epoch 269, Train Loss: 0.08728680934644106, Test Loss: 0.10371659192092278, Inverse Test Loss: 2.2175602702533497 
2025-05-09 15:25:12,304 INFO: Epoch 270, Train Loss: 0.0880443263573177, Test Loss: 0.10431100997854681, Inverse Test Loss: 2.2162971356335808 
2025-05-09 15:25:14,441 INFO: Epoch 271, Train Loss: 0.0863908991556276, Test Loss: 0.1034140788456973, Inverse Test Loss: 2.2150264066808365 
2025-05-09 15:25:16,522 INFO: Epoch 272, Train Loss: 0.08669450207415855, Test Loss: 0.10394157162484001, Inverse Test Loss: 2.194979183814105 
2025-05-09 15:25:18,612 INFO: Epoch 273, Train Loss: 0.08718696913935921, Test Loss: 0.10283718236228999, Inverse Test Loss: 2.2098099203670727 
2025-05-09 15:25:20,745 INFO: Epoch 274, Train Loss: 0.08672060732814399, Test Loss: 0.10343828249503584, Inverse Test Loss: 2.1973379008910237 
2025-05-09 15:25:22,834 INFO: Epoch 275, Train Loss: 0.08567961559376934, Test Loss: 0.10420426419552635, Inverse Test Loss: 2.2092161038342644 
2025-05-09 15:25:24,966 INFO: Epoch 276, Train Loss: 0.08614189070508335, Test Loss: 0.10377113192397006, Inverse Test Loss: 2.2290895896799423 
2025-05-09 15:25:27,040 INFO: Epoch 277, Train Loss: 0.08680782207485402, Test Loss: 0.103803549619282, Inverse Test Loss: 2.1975404935724594 
2025-05-09 15:25:29,131 INFO: Epoch 278, Train Loss: 0.08672491444105451, Test Loss: 0.10352134069099146, Inverse Test Loss: 2.2153170389287613 
2025-05-09 15:25:31,213 INFO: Epoch 279, Train Loss: 0.08666690822803613, Test Loss: 0.10476709792719167, Inverse Test Loss: 2.2283518454607796 
2025-05-09 15:25:33,292 INFO: Epoch 280, Train Loss: 0.08603703377373291, Test Loss: 0.10463650809491382, Inverse Test Loss: 2.2008352560155533 
2025-05-09 15:25:35,349 INFO: Epoch 281, Train Loss: 0.08553616984775572, Test Loss: 0.10270996063071139, Inverse Test Loss: 2.215130658710704 
2025-05-09 15:25:37,380 INFO: Epoch 282, Train Loss: 0.08692105148326267, Test Loss: 0.10358876428183388, Inverse Test Loss: 2.194633764379165 
2025-05-09 15:25:39,496 INFO: Epoch 283, Train Loss: 0.08525397577746348, Test Loss: 0.10377659013166148, Inverse Test Loss: 2.2150143104441025 
2025-05-09 15:25:41,580 INFO: Epoch 284, Train Loss: 0.08638495376164262, Test Loss: 0.10631104558706284, Inverse Test Loss: 2.2561811208724976 
2025-05-09 15:25:43,639 INFO: Epoch 285, Train Loss: 0.08579707252934124, Test Loss: 0.10388452910325106, Inverse Test Loss: 2.2429162474239575 
2025-05-09 15:25:45,652 INFO: Epoch 286, Train Loss: 0.08736620978875594, Test Loss: 0.10483013838529587, Inverse Test Loss: 2.2027040790109074 
2025-05-09 15:25:47,769 INFO: Epoch 287, Train Loss: 0.08514719445145491, Test Loss: 0.10402004223536043, Inverse Test Loss: 2.236010761821971 
2025-05-09 15:25:49,831 INFO: Epoch 288, Train Loss: 0.08625219350285603, Test Loss: 0.10294931491508204, Inverse Test Loss: 2.201851206667283 
2025-05-09 15:25:51,902 INFO: Epoch 289, Train Loss: 0.08475566548154209, Test Loss: 0.10480512525228892, Inverse Test Loss: 2.221552715582006 
2025-05-09 15:25:53,961 INFO: Epoch 290, Train Loss: 0.08565422813549187, Test Loss: 0.10244392669376205, Inverse Test Loss: 2.2006003856658936 
2025-05-09 15:25:56,067 INFO: Epoch 291, Train Loss: 0.08342790016622255, Test Loss: 0.10310964220586945, Inverse Test Loss: 2.1887935470132267 
2025-05-09 15:25:58,135 INFO: Epoch 292, Train Loss: 0.08471567990879218, Test Loss: 0.10252341934863259, Inverse Test Loss: 2.182634283514584 
2025-05-09 15:26:00,219 INFO: Epoch 293, Train Loss: 0.08500425184540676, Test Loss: 0.10371197234181796, Inverse Test Loss: 2.2007008159861847 
2025-05-09 15:26:02,317 INFO: Epoch 294, Train Loss: 0.08473773786064351, Test Loss: 0.10451903369496851, Inverse Test Loss: 2.1894026854458977 
2025-05-09 15:26:04,393 INFO: Epoch 295, Train Loss: 0.08383371664041822, Test Loss: 0.1077626038561849, Inverse Test Loss: 2.3319386033450855 
2025-05-09 15:26:06,546 INFO: Epoch 296, Train Loss: 0.08558150205874082, Test Loss: 0.10211663101525868, Inverse Test Loss: 2.173229547107921 
2025-05-09 15:26:08,744 INFO: Epoch 297, Train Loss: 0.08481748148121616, Test Loss: 0.10279768004136927, Inverse Test Loss: 2.1966067061704746 
2025-05-09 15:26:10,809 INFO: Epoch 298, Train Loss: 0.08480945686725053, Test Loss: 0.1030054629287299, Inverse Test Loss: 2.189621890292448 
2025-05-09 15:26:13,088 INFO: Epoch 299, Train Loss: 0.08498783144309666, Test Loss: 0.10322907917639788, Inverse Test Loss: 2.1971981665667366 
2025-05-09 15:26:15,360 INFO: Epoch 300, Train Loss: 0.08401364567830708, Test Loss: 0.10338528804919299, Inverse Test Loss: 2.197301471934599 
2025-05-09 15:26:15,360 INFO: Best Epoch 296, Best Test Loss: 0.10211663101525868, Inverse Test Loss: 2.173229547107921 
2025-05-09 15:26:17,541 INFO: Epoch 301, Train Loss: 0.08481496465251301, Test Loss: 0.10336651565397487, Inverse Test Loss: 2.1949898214901196 
2025-05-09 15:26:19,608 INFO: Epoch 302, Train Loss: 0.08508524225290978, Test Loss: 0.10385600017274127, Inverse Test Loss: 2.207485360257766 
2025-05-09 15:26:21,723 INFO: Epoch 303, Train Loss: 0.08462110252091379, Test Loss: 0.10262782126665115, Inverse Test Loss: 2.1928421329049503 
2025-05-09 15:26:23,816 INFO: Epoch 304, Train Loss: 0.08343727587524688, Test Loss: 0.1031835002495962, Inverse Test Loss: 2.1937197587069344 
2025-05-09 15:26:25,928 INFO: Epoch 305, Train Loss: 0.08309060961685398, Test Loss: 0.10520463173880297, Inverse Test Loss: 2.2127235286376057 
2025-05-09 15:26:28,012 INFO: Epoch 306, Train Loss: 0.08366463914739364, Test Loss: 0.10314037168727201, Inverse Test Loss: 2.1819050241919125 
2025-05-09 15:26:30,045 INFO: Epoch 307, Train Loss: 0.08380389924753796, Test Loss: 0.10284357386476853, Inverse Test Loss: 2.1776939770754646 
2025-05-09 15:26:32,159 INFO: Epoch 308, Train Loss: 0.08301784820628888, Test Loss: 0.10341064325150322, Inverse Test Loss: 2.2344519881641163 
2025-05-09 15:26:34,359 INFO: Epoch 309, Train Loss: 0.08456408858976582, Test Loss: 0.1023460271603921, Inverse Test Loss: 2.181086729554569 
2025-05-09 15:26:36,686 INFO: Epoch 310, Train Loss: 0.08357464697099093, Test Loss: 0.10378912748659358, Inverse Test Loss: 2.1941874237621533 
2025-05-09 15:26:39,012 INFO: Epoch 311, Train Loss: 0.08253217262752129, Test Loss: 0.10287217204185094, Inverse Test Loss: 2.190778045093312 
2025-05-09 15:26:41,166 INFO: Epoch 312, Train Loss: 0.08363165232268246, Test Loss: 0.10312210549326505, Inverse Test Loss: 2.1889995827394375 
2025-05-09 15:26:43,433 INFO: Epoch 313, Train Loss: 0.08425894560235919, Test Loss: 0.10321063373018713, Inverse Test Loss: 2.191031021230361 
2025-05-09 15:26:45,563 INFO: Epoch 314, Train Loss: 0.08313602666285905, Test Loss: 0.10183668925481684, Inverse Test Loss: 2.181514066808364 
2025-05-09 15:26:47,680 INFO: Epoch 315, Train Loss: 0.08377052747616262, Test Loss: 0.10210310032262522, Inverse Test Loss: 2.17763212147881 
2025-05-09 15:26:49,719 INFO: Epoch 316, Train Loss: 0.08273141633606318, Test Loss: 0.10297713625956983, Inverse Test Loss: 2.18137947250815 
2025-05-09 15:26:51,762 INFO: Epoch 317, Train Loss: 0.08260886218737472, Test Loss: 0.10248498048852472, Inverse Test Loss: 2.1883752907023712 
2025-05-09 15:26:53,791 INFO: Epoch 318, Train Loss: 0.0834288966249336, Test Loss: 0.10251004161203608, Inverse Test Loss: 2.1841487814398373 
2025-05-09 15:26:55,820 INFO: Epoch 319, Train Loss: 0.08252270226225708, Test Loss: 0.10251091245342703, Inverse Test Loss: 2.1790083716897404 
2025-05-09 15:26:57,907 INFO: Epoch 320, Train Loss: 0.08315523821070339, Test Loss: 0.10310404484762865, Inverse Test Loss: 2.168738274013295 
2025-05-09 15:27:00,027 INFO: Epoch 321, Train Loss: 0.08182781531165044, Test Loss: 0.10255915496279211, Inverse Test Loss: 2.178916433278252 
2025-05-09 15:27:02,068 INFO: Epoch 322, Train Loss: 0.08231268885234992, Test Loss: 0.1069639842299854, Inverse Test Loss: 2.241728761616875 
2025-05-09 15:27:04,255 INFO: Epoch 323, Train Loss: 0.08327409241235617, Test Loss: 0.1024519945768749, Inverse Test Loss: 2.21062512958751 
2025-05-09 15:27:06,365 INFO: Epoch 324, Train Loss: 0.08212970581018564, Test Loss: 0.10292071279357462, Inverse Test Loss: 2.1804252161699185 
2025-05-09 15:27:08,412 INFO: Epoch 325, Train Loss: 0.08164473617392959, Test Loss: 0.10350638759486816, Inverse Test Loss: 2.185182915014379 
2025-05-09 15:27:10,556 INFO: Epoch 326, Train Loss: 0.08281855200502006, Test Loss: 0.10269805306897443, Inverse Test Loss: 2.204316721243017 
2025-05-09 15:27:12,743 INFO: Epoch 327, Train Loss: 0.08351328020746057, Test Loss: 0.10305623863549794, Inverse Test Loss: 2.1736806911580704 
2025-05-09 15:27:14,795 INFO: Epoch 328, Train Loss: 0.08138841435764775, Test Loss: 0.10237010195851326, Inverse Test Loss: 2.19368339286131 
2025-05-09 15:27:16,824 INFO: Epoch 329, Train Loss: 0.08173386876781781, Test Loss: 0.10283696607631795, Inverse Test Loss: 2.1739936295677635 
2025-05-09 15:27:18,914 INFO: Epoch 330, Train Loss: 0.08147877866797375, Test Loss: 0.1023993194103241, Inverse Test Loss: 2.1937020385966584 
2025-05-09 15:27:21,108 INFO: Epoch 331, Train Loss: 0.08122312887148424, Test Loss: 0.10282114104313009, Inverse Test Loss: 2.176556678379283 
2025-05-09 15:27:23,140 INFO: Epoch 332, Train Loss: 0.08116405694322153, Test Loss: 0.10352852195501328, Inverse Test Loss: 2.230784542420331 
2025-05-09 15:27:25,238 INFO: Epoch 333, Train Loss: 0.08180726946077564, Test Loss: 0.10378016071284518, Inverse Test Loss: 2.1733299634035896 
2025-05-09 15:27:27,409 INFO: Epoch 334, Train Loss: 0.08154184800205809, Test Loss: 0.10277578059364767, Inverse Test Loss: 2.181034901562859 
2025-05-09 15:27:29,529 INFO: Epoch 335, Train Loss: 0.08246881164836162, Test Loss: 0.10189243493711247, Inverse Test Loss: 2.1739339547998764 
2025-05-09 15:27:31,594 INFO: Epoch 336, Train Loss: 0.08146851583186424, Test Loss: 0.10168749050182455, Inverse Test Loss: 2.167864112293019 
2025-05-09 15:27:33,765 INFO: Epoch 337, Train Loss: 0.08005379021845081, Test Loss: 0.10265680490171208, Inverse Test Loss: 2.1770876856411205 
2025-05-09 15:27:35,864 INFO: Epoch 338, Train Loss: 0.08120016748029174, Test Loss: 0.10195606026579351, Inverse Test Loss: 2.1643593381432926 
2025-05-09 15:27:37,971 INFO: Epoch 339, Train Loss: 0.0822581286457452, Test Loss: 0.10276532414204934, Inverse Test Loss: 2.1772145734113804 
2025-05-09 15:27:40,131 INFO: Epoch 340, Train Loss: 0.0808987675629782, Test Loss: 0.10302149570163559, Inverse Test Loss: 2.168561774141648 
2025-05-09 15:27:42,289 INFO: Epoch 341, Train Loss: 0.08057622408325021, Test Loss: 0.10194230956189773, Inverse Test Loss: 2.1646533853867473 
2025-05-09 15:27:44,370 INFO: Epoch 342, Train Loss: 0.08181810463694009, Test Loss: 0.1025694716064369, Inverse Test Loss: 2.181399611865773 
2025-05-09 15:27:46,467 INFO: Epoch 343, Train Loss: 0.07990769325106432, Test Loss: 0.10232526567928932, Inverse Test Loss: 2.178723370327669 
2025-05-09 15:27:48,517 INFO: Epoch 344, Train Loss: 0.08170578143361842, Test Loss: 0.10226726838771034, Inverse Test Loss: 2.174086767084458 
2025-05-09 15:27:50,584 INFO: Epoch 345, Train Loss: 0.08100125882210153, Test Loss: 0.10295493506333407, Inverse Test Loss: 2.186785038779764 
2025-05-09 15:27:52,777 INFO: Epoch 346, Train Loss: 0.08032974256484797, Test Loss: 0.10223745204070035, Inverse Test Loss: 2.1507339547662174 
2025-05-09 15:27:54,930 INFO: Epoch 347, Train Loss: 0.07961220074106347, Test Loss: 0.10256005166208043, Inverse Test Loss: 2.1690666605444515 
2025-05-09 15:27:57,051 INFO: Epoch 348, Train Loss: 0.08012317064585107, Test Loss: 0.1030866063254721, Inverse Test Loss: 2.174040948643404 
2025-05-09 15:27:59,166 INFO: Epoch 349, Train Loss: 0.08001950625894648, Test Loss: 0.10172341172309483, Inverse Test Loss: 2.162920446956859 
2025-05-09 15:28:01,322 INFO: Epoch 350, Train Loss: 0.08086738058111885, Test Loss: 0.10153590712477178, Inverse Test Loss: 2.1575386313831104 
2025-05-09 15:28:03,387 INFO: Epoch 351, Train Loss: 0.07980422156326698, Test Loss: 0.10299026944181498, Inverse Test Loss: 2.18158556433285 
2025-05-09 15:28:05,561 INFO: Epoch 352, Train Loss: 0.08150789265831311, Test Loss: 0.10300854286726784, Inverse Test Loss: 2.1796408400816074 
2025-05-09 15:28:07,830 INFO: Epoch 353, Train Loss: 0.08036153249894128, Test Loss: 0.10194294329951792, Inverse Test Loss: 2.1713124723995434 
2025-05-09 15:28:10,029 INFO: Epoch 354, Train Loss: 0.08051257287011002, Test Loss: 0.10251523094142184, Inverse Test Loss: 2.178467259687536 
2025-05-09 15:28:12,091 INFO: Epoch 355, Train Loss: 0.0790510895577344, Test Loss: 0.10276309050181333, Inverse Test Loss: 2.1796416885712566 
2025-05-09 15:28:14,148 INFO: Epoch 356, Train Loss: 0.0796346277224295, Test Loss: 0.10233141963972765, Inverse Test Loss: 2.167115092277527 
2025-05-09 15:28:16,417 INFO: Epoch 357, Train Loss: 0.0789613640782508, Test Loss: 0.10184014720075271, Inverse Test Loss: 2.166746321846457 
2025-05-09 15:28:18,418 INFO: Epoch 358, Train Loss: 0.08000212777970415, Test Loss: 0.10207211883629069, Inverse Test Loss: 2.1786449025659 
2025-05-09 15:28:20,435 INFO: Epoch 359, Train Loss: 0.07941461027120099, Test Loss: 0.1019606298821814, Inverse Test Loss: 2.177571654319763 
2025-05-09 15:28:22,476 INFO: Epoch 360, Train Loss: 0.07985613692664739, Test Loss: 0.10223617601920576, Inverse Test Loss: 2.1672705482034123 
2025-05-09 15:28:24,546 INFO: Epoch 361, Train Loss: 0.07957103210642483, Test Loss: 0.10334448910811368, Inverse Test Loss: 2.188755252782036 
2025-05-09 15:28:26,739 INFO: Epoch 362, Train Loss: 0.08058778134485085, Test Loss: 0.10211472235181752, Inverse Test Loss: 2.1626550730536964 
2025-05-09 15:28:28,907 INFO: Epoch 363, Train Loss: 0.07831527129041427, Test Loss: 0.10275581588639933, Inverse Test Loss: 2.1850655920365276 
2025-05-09 15:28:31,110 INFO: Epoch 364, Train Loss: 0.07918221373675448, Test Loss: 0.10244096684105256, Inverse Test Loss: 2.164577238699969 
2025-05-09 15:28:33,281 INFO: Epoch 365, Train Loss: 0.07941593765986688, Test Loss: 0.10149332946714233, Inverse Test Loss: 2.160042685620925 
2025-05-09 15:28:35,413 INFO: Epoch 366, Train Loss: 0.07985191888204127, Test Loss: 0.10304874159833964, Inverse Test Loss: 2.175628837417154 
2025-05-09 15:28:37,776 INFO: Epoch 367, Train Loss: 0.07866916980481509, Test Loss: 0.10205289480440757, Inverse Test Loss: 2.1884090058943806 
2025-05-09 15:28:40,090 INFO: Epoch 368, Train Loss: 0.07819703379363725, Test Loss: 0.10290020572788575, Inverse Test Loss: 2.19952386267045 
2025-05-09 15:28:42,494 INFO: Epoch 369, Train Loss: 0.07739690651722027, Test Loss: 0.10200946383616503, Inverse Test Loss: 2.1602795053930843 
2025-05-09 15:28:44,761 INFO: Epoch 370, Train Loss: 0.07811623930253765, Test Loss: 0.10383231455788892, Inverse Test Loss: 2.174960451967576 
2025-05-09 15:28:47,143 INFO: Epoch 371, Train Loss: 0.07960730729003747, Test Loss: 0.10267829281442306, Inverse Test Loss: 2.1778357730192295 
2025-05-09 15:28:49,595 INFO: Epoch 372, Train Loss: 0.07863122444938529, Test Loss: 0.10430095147560625, Inverse Test Loss: 2.243695111835704 
2025-05-09 15:28:52,334 INFO: Epoch 373, Train Loss: 0.0782554294688232, Test Loss: 0.10214999427690226, Inverse Test Loss: 2.1658237751792457 
2025-05-09 15:28:54,517 INFO: Epoch 374, Train Loss: 0.07843424848309069, Test Loss: 0.10205824125339003, Inverse Test Loss: 2.1838593132355633 
2025-05-09 15:28:56,813 INFO: Epoch 375, Train Loss: 0.07825252633880485, Test Loss: 0.10246437196345891, Inverse Test Loss: 2.182726642664741 
2025-05-09 15:28:59,112 INFO: Epoch 376, Train Loss: 0.07811042762389689, Test Loss: 0.10271557289011338, Inverse Test Loss: 2.1613852346644684 
2025-05-09 15:29:01,300 INFO: Epoch 377, Train Loss: 0.07817459383019895, Test Loss: 0.1023944868322681, Inverse Test Loss: 2.1688268114538753 
2025-05-09 15:29:03,508 INFO: Epoch 378, Train Loss: 0.07861964867422075, Test Loss: 0.1027268874732887, Inverse Test Loss: 2.177986467585844 
2025-05-09 15:29:05,671 INFO: Epoch 379, Train Loss: 0.07766030948947776, Test Loss: 0.10247907656080582, Inverse Test Loss: 2.161304642172421 
2025-05-09 15:29:07,822 INFO: Epoch 380, Train Loss: 0.07893721352924, Test Loss: 0.10201646869673449, Inverse Test Loss: 2.1823150760987224 
2025-05-09 15:29:10,073 INFO: Epoch 381, Train Loss: 0.07889706929298965, Test Loss: 0.10290104589041542, Inverse Test Loss: 2.160545166801004 
2025-05-09 15:29:12,281 INFO: Epoch 382, Train Loss: 0.07743473887217767, Test Loss: 0.10294103337561383, Inverse Test Loss: 2.1547836836646583 
2025-05-09 15:29:14,652 INFO: Epoch 383, Train Loss: 0.07739904376141953, Test Loss: 0.1024972128079218, Inverse Test Loss: 2.159070435692282 
2025-05-09 15:29:16,912 INFO: Epoch 384, Train Loss: 0.0788597512538686, Test Loss: 0.10220171116730746, Inverse Test Loss: 2.1760617214090683 
2025-05-09 15:29:19,274 INFO: Epoch 385, Train Loss: 0.07779836530486743, Test Loss: 0.10125470424399656, Inverse Test Loss: 2.148691878599279 
2025-05-09 15:29:21,628 INFO: Epoch 386, Train Loss: 0.07774518926938374, Test Loss: 0.10281053053982117, Inverse Test Loss: 2.1868821382522583 
2025-05-09 15:29:23,941 INFO: Epoch 387, Train Loss: 0.07842711494727568, Test Loss: 0.1022748763070387, Inverse Test Loss: 2.1563895379795746 
2025-05-09 15:29:26,319 INFO: Epoch 388, Train Loss: 0.07717794501645998, Test Loss: 0.100998795207809, Inverse Test Loss: 2.1544041493359734 
2025-05-09 15:29:28,588 INFO: Epoch 389, Train Loss: 0.0773384849343336, Test Loss: 0.10278770371394999, Inverse Test Loss: 2.1666349242715275 
2025-05-09 15:29:31,063 INFO: Epoch 390, Train Loss: 0.07703487061415658, Test Loss: 0.10301137189654742, Inverse Test Loss: 2.180063107434441 
2025-05-09 15:29:33,419 INFO: Epoch 391, Train Loss: 0.07798334815059647, Test Loss: 0.10182965240057777, Inverse Test Loss: 2.1506212248521694 
2025-05-09 15:29:35,824 INFO: Epoch 392, Train Loss: 0.0771757247434421, Test Loss: 0.10323749132016126, Inverse Test Loss: 2.1647572797887467 
2025-05-09 15:29:38,129 INFO: Epoch 393, Train Loss: 0.07608807515917403, Test Loss: 0.10161011293530464, Inverse Test Loss: 2.1752658311058495 
2025-05-09 15:29:40,612 INFO: Epoch 394, Train Loss: 0.07731319811533797, Test Loss: 0.10281584280378678, Inverse Test Loss: 2.178525959744173 
2025-05-09 15:29:42,954 INFO: Epoch 395, Train Loss: 0.07736171268378243, Test Loss: 0.1023473529254689, Inverse Test Loss: 2.1496014174293068 
2025-05-09 15:29:45,266 INFO: Epoch 396, Train Loss: 0.07702768582737807, Test Loss: 0.10255456934956943, Inverse Test Loss: 2.1668644302031574 
2025-05-09 15:29:47,502 INFO: Epoch 397, Train Loss: 0.07716537831407605, Test Loss: 0.1035130269387189, Inverse Test Loss: 2.162783938295701 
2025-05-09 15:29:49,677 INFO: Epoch 398, Train Loss: 0.0768319114365361, Test Loss: 0.10318432047086604, Inverse Test Loss: 2.1837641140993904 
2025-05-09 15:29:51,997 INFO: Epoch 399, Train Loss: 0.07769629844661916, Test Loss: 0.10297843244145899, Inverse Test Loss: 2.161737056339488 
2025-05-09 15:29:54,147 INFO: Epoch 400, Train Loss: 0.07694135815130942, Test Loss: 0.10239959091824644, Inverse Test Loss: 2.150966258609996 
2025-05-09 15:29:54,147 INFO: Best Epoch 388, Best Test Loss: 0.100998795207809, Inverse Test Loss: 2.1544041493359734 
