2025-01-09 14:34:39,603 INFO: namespace(depth=2, name='KAN') 
2025-01-09 14:34:39,603 INFO: Dataset:winequality 
2025-01-09 14:34:39,603 INFO: ------Begin Training Model------ 
2025-01-09 14:34:41,658 INFO: Epoch 1, Train Loss: 1.0072785827421373, Test Loss: 0.9541730359196663, Inverse Test Loss: 0.08848264068365097 
2025-01-09 14:34:41,815 INFO: Epoch 2, Train Loss: 0.9595987681419619, Test Loss: 0.9162423089146614, Inverse Test Loss: 0.08448734879493713 
2025-01-09 14:34:41,973 INFO: Epoch 3, Train Loss: 0.9247817858572929, Test Loss: 0.8875863552093506, Inverse Test Loss: 0.08231943100690842 
2025-01-09 14:34:42,124 INFO: Epoch 4, Train Loss: 0.9026981188404944, Test Loss: 0.8677034601569176, Inverse Test Loss: 0.08143304288387299 
2025-01-09 14:34:42,279 INFO: Epoch 5, Train Loss: 0.8813489675521851, Test Loss: 0.8539456427097321, Inverse Test Loss: 0.08096189051866531 
2025-01-09 14:34:42,431 INFO: Epoch 6, Train Loss: 0.8690996323862383, Test Loss: 0.8445518240332603, Inverse Test Loss: 0.08057653158903122 
2025-01-09 14:34:42,591 INFO: Epoch 7, Train Loss: 0.8604405195482315, Test Loss: 0.839741662144661, Inverse Test Loss: 0.08029256761074066 
2025-01-09 14:34:42,748 INFO: Epoch 8, Train Loss: 0.8514999151229858, Test Loss: 0.836898535490036, Inverse Test Loss: 0.08015511184930801 
2025-01-09 14:34:42,905 INFO: Epoch 9, Train Loss: 0.8487286529233379, Test Loss: 0.8340021520853043, Inverse Test Loss: 0.07967425882816315 
2025-01-09 14:34:43,060 INFO: Epoch 10, Train Loss: 0.8477368489388497, Test Loss: 0.8305420428514481, Inverse Test Loss: 0.07930020987987518 
2025-01-09 14:34:43,222 INFO: Epoch 11, Train Loss: 0.8440358754127256, Test Loss: 0.8280397057533264, Inverse Test Loss: 0.0788358598947525 
2025-01-09 14:34:43,375 INFO: Epoch 12, Train Loss: 0.8391152101178323, Test Loss: 0.8250910639762878, Inverse Test Loss: 0.0788201242685318 
2025-01-09 14:34:43,525 INFO: Epoch 13, Train Loss: 0.8351467540187221, Test Loss: 0.8221030682325363, Inverse Test Loss: 0.07820013165473938 
2025-01-09 14:34:43,676 INFO: Epoch 14, Train Loss: 0.83434001668807, Test Loss: 0.819100022315979, Inverse Test Loss: 0.0778636634349823 
2025-01-09 14:34:43,826 INFO: Epoch 15, Train Loss: 0.828716964490952, Test Loss: 0.8160788416862488, Inverse Test Loss: 0.07776128500699997 
2025-01-09 14:34:43,978 INFO: Epoch 16, Train Loss: 0.8282557975861334, Test Loss: 0.8139919713139534, Inverse Test Loss: 0.07716671377420425 
2025-01-09 14:34:44,134 INFO: Epoch 17, Train Loss: 0.8231659454684104, Test Loss: 0.8111048862338066, Inverse Test Loss: 0.07695508748292923 
2025-01-09 14:34:44,288 INFO: Epoch 18, Train Loss: 0.8217558572369237, Test Loss: 0.8088970929384232, Inverse Test Loss: 0.07657042145729065 
2025-01-09 14:34:44,441 INFO: Epoch 19, Train Loss: 0.8174054891832413, Test Loss: 0.8072362318634987, Inverse Test Loss: 0.07685329020023346 
2025-01-09 14:34:44,588 INFO: Epoch 20, Train Loss: 0.8165962330756649, Test Loss: 0.8059048056602478, Inverse Test Loss: 0.07637760043144226 
2025-01-09 14:34:44,744 INFO: Epoch 21, Train Loss: 0.8151970909487817, Test Loss: 0.8041924461722374, Inverse Test Loss: 0.07620077580213547 
2025-01-09 14:34:44,890 INFO: Epoch 22, Train Loss: 0.8105870523760396, Test Loss: 0.803463950753212, Inverse Test Loss: 0.07577338814735413 
2025-01-09 14:34:45,040 INFO: Epoch 23, Train Loss: 0.81149632892301, Test Loss: 0.8019394278526306, Inverse Test Loss: 0.07574762403964996 
2025-01-09 14:34:45,191 INFO: Epoch 24, Train Loss: 0.8084064664379242, Test Loss: 0.8010435923933983, Inverse Test Loss: 0.07565563917160034 
2025-01-09 14:34:45,340 INFO: Epoch 25, Train Loss: 0.8072461274362379, Test Loss: 0.800577700138092, Inverse Test Loss: 0.07550419867038727 
2025-01-09 14:34:45,491 INFO: Epoch 26, Train Loss: 0.8053588001958786, Test Loss: 0.7991719096899033, Inverse Test Loss: 0.07545648515224457 
2025-01-09 14:34:45,643 INFO: Epoch 27, Train Loss: 0.8061107224033724, Test Loss: 0.7997267097234726, Inverse Test Loss: 0.07601233571767807 
2025-01-09 14:34:45,793 INFO: Epoch 28, Train Loss: 0.8033700950684086, Test Loss: 0.7981949895620346, Inverse Test Loss: 0.07562343776226044 
2025-01-09 14:34:45,948 INFO: Epoch 29, Train Loss: 0.8002425105341019, Test Loss: 0.7973540723323822, Inverse Test Loss: 0.07576753199100494 
2025-01-09 14:34:46,097 INFO: Epoch 30, Train Loss: 0.7995340727990673, Test Loss: 0.7976146712899208, Inverse Test Loss: 0.07558678090572357 
2025-01-09 14:34:46,249 INFO: Epoch 31, Train Loss: 0.798878425551999, Test Loss: 0.7966782376170158, Inverse Test Loss: 0.07599076628684998 
2025-01-09 14:34:46,399 INFO: Epoch 32, Train Loss: 0.7980506054816707, Test Loss: 0.7957623302936554, Inverse Test Loss: 0.07621727883815765 
2025-01-09 14:34:46,549 INFO: Epoch 33, Train Loss: 0.7971829329767535, Test Loss: 0.7962680459022522, Inverse Test Loss: 0.07566972821950912 
2025-01-09 14:34:46,696 INFO: Epoch 34, Train Loss: 0.7942029622293287, Test Loss: 0.7964209020137787, Inverse Test Loss: 0.0756361111998558 
2025-01-09 14:34:46,847 INFO: Epoch 35, Train Loss: 0.7935655482353703, Test Loss: 0.7948337644338608, Inverse Test Loss: 0.07652749121189117 
2025-01-09 14:34:46,993 INFO: Epoch 36, Train Loss: 0.7941168700495074, Test Loss: 0.7937374711036682, Inverse Test Loss: 0.07596225291490555 
2025-01-09 14:34:47,144 INFO: Epoch 37, Train Loss: 0.7912503327092817, Test Loss: 0.7947208061814308, Inverse Test Loss: 0.07551935315132141 
2025-01-09 14:34:47,293 INFO: Epoch 38, Train Loss: 0.7884900070005848, Test Loss: 0.7936835139989853, Inverse Test Loss: 0.07624376565217972 
2025-01-09 14:34:47,445 INFO: Epoch 39, Train Loss: 0.7871751016186129, Test Loss: 0.7935459837317467, Inverse Test Loss: 0.07645078748464584 
2025-01-09 14:34:47,594 INFO: Epoch 40, Train Loss: 0.7874289731825551, Test Loss: 0.7936304062604904, Inverse Test Loss: 0.07664697617292404 
2025-01-09 14:34:47,747 INFO: Epoch 41, Train Loss: 0.7829349906213822, Test Loss: 0.7925490289926529, Inverse Test Loss: 0.07641518861055374 
2025-01-09 14:34:47,897 INFO: Epoch 42, Train Loss: 0.7867607935782401, Test Loss: 0.7934099808335304, Inverse Test Loss: 0.07611619681119919 
2025-01-09 14:34:48,047 INFO: Epoch 43, Train Loss: 0.7825782568224015, Test Loss: 0.7914487347006798, Inverse Test Loss: 0.07646896690130234 
2025-01-09 14:34:48,191 INFO: Epoch 44, Train Loss: 0.7820663605966875, Test Loss: 0.7918212935328484, Inverse Test Loss: 0.0766109824180603 
2025-01-09 14:34:48,346 INFO: Epoch 45, Train Loss: 0.7825523114973499, Test Loss: 0.7921625077724457, Inverse Test Loss: 0.07609376311302185 
2025-01-09 14:34:48,496 INFO: Epoch 46, Train Loss: 0.7812062847998834, Test Loss: 0.7910929098725319, Inverse Test Loss: 0.07637996226549149 
2025-01-09 14:34:48,645 INFO: Epoch 47, Train Loss: 0.7781067644396136, Test Loss: 0.7903685569763184, Inverse Test Loss: 0.07684949040412903 
2025-01-09 14:34:48,795 INFO: Epoch 48, Train Loss: 0.7747680006488677, Test Loss: 0.7899905815720558, Inverse Test Loss: 0.07718721777200699 
2025-01-09 14:34:48,946 INFO: Epoch 49, Train Loss: 0.7755409306095492, Test Loss: 0.7896343916654587, Inverse Test Loss: 0.07676506042480469 
2025-01-09 14:34:49,093 INFO: Epoch 50, Train Loss: 0.7763361911619863, Test Loss: 0.7897159308195114, Inverse Test Loss: 0.0770483985543251 
2025-01-09 14:34:49,244 INFO: Epoch 51, Train Loss: 0.7729473594696291, Test Loss: 0.788622297346592, Inverse Test Loss: 0.0767240971326828 
2025-01-09 14:34:49,401 INFO: Epoch 52, Train Loss: 0.7722150817994149, Test Loss: 0.7892734706401825, Inverse Test Loss: 0.07760975509881973 
2025-01-09 14:34:49,556 INFO: Epoch 53, Train Loss: 0.771323436690915, Test Loss: 0.7908939644694328, Inverse Test Loss: 0.07667198032140732 
2025-01-09 14:34:49,705 INFO: Epoch 54, Train Loss: 0.7721933395631851, Test Loss: 0.7896565422415733, Inverse Test Loss: 0.07701356709003448 
2025-01-09 14:34:49,857 INFO: Epoch 55, Train Loss: 0.7688159250443981, Test Loss: 0.790177159011364, Inverse Test Loss: 0.07683845609426498 
2025-01-09 14:34:50,007 INFO: Epoch 56, Train Loss: 0.7690133798506952, Test Loss: 0.788238637149334, Inverse Test Loss: 0.07796697318553925 
2025-01-09 14:34:50,162 INFO: Epoch 57, Train Loss: 0.7677749453052398, Test Loss: 0.7887021005153656, Inverse Test Loss: 0.07749433815479279 
2025-01-09 14:34:50,311 INFO: Epoch 58, Train Loss: 0.7657147280631527, Test Loss: 0.7880292907357216, Inverse Test Loss: 0.07732988893985748 
2025-01-09 14:34:50,468 INFO: Epoch 59, Train Loss: 0.7658166500829882, Test Loss: 0.7903863340616226, Inverse Test Loss: 0.07681238651275635 
2025-01-09 14:34:50,616 INFO: Epoch 60, Train Loss: 0.7655302613012253, Test Loss: 0.7878551483154297, Inverse Test Loss: 0.07816388458013535 
2025-01-09 14:34:50,774 INFO: Epoch 61, Train Loss: 0.7651663787903324, Test Loss: 0.7881847992539406, Inverse Test Loss: 0.07748295366764069 
2025-01-09 14:34:50,916 INFO: Epoch 62, Train Loss: 0.7625696351451259, Test Loss: 0.786738745868206, Inverse Test Loss: 0.07765805721282959 
2025-01-09 14:34:51,074 INFO: Epoch 63, Train Loss: 0.7621456480795338, Test Loss: 0.7864367291331291, Inverse Test Loss: 0.07751863449811935 
2025-01-09 14:34:51,225 INFO: Epoch 64, Train Loss: 0.7630926505211861, Test Loss: 0.7883349657058716, Inverse Test Loss: 0.07801561802625656 
2025-01-09 14:34:51,384 INFO: Epoch 65, Train Loss: 0.7605607067385027, Test Loss: 0.7867994830012321, Inverse Test Loss: 0.0779307559132576 
2025-01-09 14:34:51,532 INFO: Epoch 66, Train Loss: 0.7595793451032331, Test Loss: 0.7878376543521881, Inverse Test Loss: 0.07744704931974411 
2025-01-09 14:34:51,690 INFO: Epoch 67, Train Loss: 0.7613333944351443, Test Loss: 0.7867838740348816, Inverse Test Loss: 0.07786908000707626 
2025-01-09 14:34:51,839 INFO: Epoch 68, Train Loss: 0.7584190772425744, Test Loss: 0.7871103808283806, Inverse Test Loss: 0.07778662443161011 
2025-01-09 14:34:52,017 INFO: Epoch 69, Train Loss: 0.7569674714919059, Test Loss: 0.7863814011216164, Inverse Test Loss: 0.07758303731679916 
2025-01-09 14:34:52,167 INFO: Epoch 70, Train Loss: 0.7588029599958851, Test Loss: 0.7856883928179741, Inverse Test Loss: 0.07788940519094467 
2025-01-09 14:34:52,321 INFO: Epoch 71, Train Loss: 0.7553273247134301, Test Loss: 0.7869664579629898, Inverse Test Loss: 0.07762055844068527 
2025-01-09 14:34:52,485 INFO: Epoch 72, Train Loss: 0.7569437200023282, Test Loss: 0.7861252427101135, Inverse Test Loss: 0.07818429172039032 
2025-01-09 14:34:52,640 INFO: Epoch 73, Train Loss: 0.7538617349440052, Test Loss: 0.7862979918718338, Inverse Test Loss: 0.07774978876113892 
2025-01-09 14:34:52,796 INFO: Epoch 74, Train Loss: 0.7554847444257429, Test Loss: 0.7864230871200562, Inverse Test Loss: 0.07767783850431442 
2025-01-09 14:34:52,952 INFO: Epoch 75, Train Loss: 0.7554491681437339, Test Loss: 0.7871938347816467, Inverse Test Loss: 0.07732804119586945 
2025-01-09 14:34:53,102 INFO: Epoch 76, Train Loss: 0.7518242770625699, Test Loss: 0.7854182198643684, Inverse Test Loss: 0.07791683822870255 
2025-01-09 14:34:53,260 INFO: Epoch 77, Train Loss: 0.753640059501894, Test Loss: 0.7867617458105087, Inverse Test Loss: 0.07703163474798203 
2025-01-09 14:34:53,420 INFO: Epoch 78, Train Loss: 0.7523836128173336, Test Loss: 0.7860014289617538, Inverse Test Loss: 0.07817620784044266 
2025-01-09 14:34:53,579 INFO: Epoch 79, Train Loss: 0.7510335349267528, Test Loss: 0.7862869054079056, Inverse Test Loss: 0.0783524140715599 
2025-01-09 14:34:53,730 INFO: Epoch 80, Train Loss: 0.749588466459705, Test Loss: 0.7856677994132042, Inverse Test Loss: 0.078389972448349 
2025-01-09 14:34:53,890 INFO: Epoch 81, Train Loss: 0.7498602290307322, Test Loss: 0.7864044606685638, Inverse Test Loss: 0.07817959785461426 
2025-01-09 14:34:54,038 INFO: Epoch 82, Train Loss: 0.7467289336266056, Test Loss: 0.7855498939752579, Inverse Test Loss: 0.07819895446300507 
2025-01-09 14:34:54,198 INFO: Epoch 83, Train Loss: 0.7476232282577022, Test Loss: 0.7864095717668533, Inverse Test Loss: 0.07762394845485687 
2025-01-09 14:34:54,346 INFO: Epoch 84, Train Loss: 0.7474179960066273, Test Loss: 0.7861564680933952, Inverse Test Loss: 0.07839099317789078 
2025-01-09 14:34:54,507 INFO: Epoch 85, Train Loss: 0.7477385382498464, Test Loss: 0.7845052778720856, Inverse Test Loss: 0.07823792099952698 
2025-01-09 14:34:54,670 INFO: Epoch 86, Train Loss: 0.7442385669677488, Test Loss: 0.7848535850644112, Inverse Test Loss: 0.07828774303197861 
2025-01-09 14:34:54,825 INFO: Epoch 87, Train Loss: 0.7464279590114471, Test Loss: 0.7856251150369644, Inverse Test Loss: 0.07819227874279022 
2025-01-09 14:34:54,974 INFO: Epoch 88, Train Loss: 0.745493390867787, Test Loss: 0.7846617177128792, Inverse Test Loss: 0.07918449491262436 
2025-01-09 14:34:55,130 INFO: Epoch 89, Train Loss: 0.7436013798559865, Test Loss: 0.7861895263195038, Inverse Test Loss: 0.07925967127084732 
2025-01-09 14:34:55,277 INFO: Epoch 90, Train Loss: 0.7431969815684903, Test Loss: 0.7855717465281487, Inverse Test Loss: 0.07835081219673157 
2025-01-09 14:34:55,449 INFO: Epoch 91, Train Loss: 0.7429390491977814, Test Loss: 0.7855425924062729, Inverse Test Loss: 0.07847700268030167 
2025-01-09 14:34:55,595 INFO: Epoch 92, Train Loss: 0.740351298163014, Test Loss: 0.7859431952238083, Inverse Test Loss: 0.07792072743177414 
2025-01-09 14:34:55,756 INFO: Epoch 93, Train Loss: 0.7390300862250789, Test Loss: 0.7861581221222878, Inverse Test Loss: 0.07850070297718048 
2025-01-09 14:34:55,904 INFO: Epoch 94, Train Loss: 0.7383106370126048, Test Loss: 0.7858895137906075, Inverse Test Loss: 0.07858896255493164 
2025-01-09 14:34:56,062 INFO: Epoch 95, Train Loss: 0.7399231733814362, Test Loss: 0.785415418446064, Inverse Test Loss: 0.07929456979036331 
2025-01-09 14:34:56,210 INFO: Epoch 96, Train Loss: 0.738459046809904, Test Loss: 0.7864943519234657, Inverse Test Loss: 0.07867395877838135 
2025-01-09 14:34:56,366 INFO: Epoch 97, Train Loss: 0.7385975545452487, Test Loss: 0.7857199162244797, Inverse Test Loss: 0.07921206951141357 
2025-01-09 14:34:56,515 INFO: Epoch 98, Train Loss: 0.7381293062240847, Test Loss: 0.7864900305867195, Inverse Test Loss: 0.07888930290937424 
2025-01-09 14:34:56,671 INFO: Epoch 99, Train Loss: 0.7355983391884835, Test Loss: 0.7862757593393326, Inverse Test Loss: 0.0789724737405777 
2025-01-09 14:34:56,816 INFO: Epoch 100, Train Loss: 0.7350382766415996, Test Loss: 0.7859696671366692, Inverse Test Loss: 0.07901719212532043 
2025-01-09 14:34:56,816 INFO: Best Epoch 85, Best Test Loss: 0.7845052778720856 
2025-01-09 14:34:56,983 INFO: Epoch 101, Train Loss: 0.7357416383681759, Test Loss: 0.7875666618347168, Inverse Test Loss: 0.07899767905473709 
2025-01-09 14:34:57,131 INFO: Epoch 102, Train Loss: 0.7321825988831059, Test Loss: 0.7853139117360115, Inverse Test Loss: 0.07929899543523788 
2025-01-09 14:34:57,288 INFO: Epoch 103, Train Loss: 0.7329229424076695, Test Loss: 0.786788322031498, Inverse Test Loss: 0.07914441078901291 
2025-01-09 14:34:57,437 INFO: Epoch 104, Train Loss: 0.7338449070530553, Test Loss: 0.7869128957390785, Inverse Test Loss: 0.07803039997816086 
2025-01-09 14:34:57,587 INFO: Epoch 105, Train Loss: 0.7295476082832583, Test Loss: 0.7867656946182251, Inverse Test Loss: 0.08005360513925552 
2025-01-09 14:34:57,735 INFO: Epoch 106, Train Loss: 0.7327949308579967, Test Loss: 0.788035161793232, Inverse Test Loss: 0.07865812629461288 
2025-01-09 14:34:57,890 INFO: Epoch 107, Train Loss: 0.7346075965512183, Test Loss: 0.7852209433913231, Inverse Test Loss: 0.07939725369215012 
2025-01-09 14:34:58,036 INFO: Epoch 108, Train Loss: 0.7324154300074424, Test Loss: 0.7875402197241783, Inverse Test Loss: 0.07898245006799698 
2025-01-09 14:34:58,190 INFO: Epoch 109, Train Loss: 0.7313212348568824, Test Loss: 0.7870519980788231, Inverse Test Loss: 0.07910670340061188 
2025-01-09 14:34:58,337 INFO: Epoch 110, Train Loss: 0.7325194651080716, Test Loss: 0.7877394184470177, Inverse Test Loss: 0.07969654351472855 
2025-01-09 14:34:58,488 INFO: Epoch 111, Train Loss: 0.7297695952077066, Test Loss: 0.7868460714817047, Inverse Test Loss: 0.0788906067609787 
2025-01-09 14:34:58,636 INFO: Epoch 112, Train Loss: 0.7285799268753298, Test Loss: 0.787162221968174, Inverse Test Loss: 0.07958560436964035 
2025-01-09 14:34:58,786 INFO: Epoch 113, Train Loss: 0.7275413044037358, Test Loss: 0.7866283729672432, Inverse Test Loss: 0.07939907908439636 
2025-01-09 14:34:58,931 INFO: Epoch 114, Train Loss: 0.728310356217046, Test Loss: 0.785770446062088, Inverse Test Loss: 0.078848697245121 
2025-01-09 14:34:59,081 INFO: Epoch 115, Train Loss: 0.7269554176638203, Test Loss: 0.7875237241387367, Inverse Test Loss: 0.0792735144495964 
2025-01-09 14:34:59,232 INFO: Epoch 116, Train Loss: 0.7266629876628998, Test Loss: 0.7883620709180832, Inverse Test Loss: 0.07934634387493134 
2025-01-09 14:34:59,391 INFO: Epoch 117, Train Loss: 0.7255394477998057, Test Loss: 0.7874484583735466, Inverse Test Loss: 0.08047886192798615 
2025-01-09 14:34:59,538 INFO: Epoch 118, Train Loss: 0.7257215899805869, Test Loss: 0.7871777638792992, Inverse Test Loss: 0.08009384572505951 
2025-01-09 14:34:59,707 INFO: Epoch 119, Train Loss: 0.7266178515649611, Test Loss: 0.7883589118719101, Inverse Test Loss: 0.07954267412424088 
2025-01-09 14:34:59,855 INFO: Epoch 120, Train Loss: 0.721657435740194, Test Loss: 0.7884106934070587, Inverse Test Loss: 0.07994600385427475 
2025-01-09 14:35:00,010 INFO: Epoch 121, Train Loss: 0.7225397940604917, Test Loss: 0.7890179231762886, Inverse Test Loss: 0.08017314970493317 
2025-01-09 14:35:00,161 INFO: Epoch 122, Train Loss: 0.7242015138749154, Test Loss: 0.7874660342931747, Inverse Test Loss: 0.08006612956523895 
2025-01-09 14:35:00,321 INFO: Epoch 123, Train Loss: 0.7229715643390533, Test Loss: 0.7885744646191597, Inverse Test Loss: 0.08063745498657227 
2025-01-09 14:35:00,469 INFO: Epoch 124, Train Loss: 0.7196414816764093, Test Loss: 0.7872176617383957, Inverse Test Loss: 0.08082017302513123 
2025-01-09 14:35:00,627 INFO: Epoch 125, Train Loss: 0.7218132826589769, Test Loss: 0.7900489047169685, Inverse Test Loss: 0.08079585433006287 
2025-01-09 14:35:00,777 INFO: Epoch 126, Train Loss: 0.7223947317369522, Test Loss: 0.7879467234015465, Inverse Test Loss: 0.0811433494091034 
2025-01-09 14:35:00,941 INFO: Epoch 127, Train Loss: 0.7196826415677224, Test Loss: 0.789421983063221, Inverse Test Loss: 0.08109727501869202 
2025-01-09 14:35:01,091 INFO: Epoch 128, Train Loss: 0.7176860167134193, Test Loss: 0.7892598509788513, Inverse Test Loss: 0.08175389468669891 
2025-01-09 14:35:01,254 INFO: Epoch 129, Train Loss: 0.718041391141953, Test Loss: 0.7911694943904877, Inverse Test Loss: 0.08227436989545822 
2025-01-09 14:35:01,402 INFO: Epoch 130, Train Loss: 0.7173349799648407, Test Loss: 0.7886912226676941, Inverse Test Loss: 0.08127796649932861 
2025-01-09 14:35:01,561 INFO: Epoch 131, Train Loss: 0.7170949847467484, Test Loss: 0.7907879576086998, Inverse Test Loss: 0.08214103430509567 
2025-01-09 14:35:01,706 INFO: Epoch 132, Train Loss: 0.7164850234985352, Test Loss: 0.7913558706641197, Inverse Test Loss: 0.08134366571903229 
2025-01-09 14:35:01,866 INFO: Epoch 133, Train Loss: 0.7167907337988576, Test Loss: 0.7897094935178757, Inverse Test Loss: 0.08175764977931976 
2025-01-09 14:35:02,014 INFO: Epoch 134, Train Loss: 0.7173071792048793, Test Loss: 0.7918528765439987, Inverse Test Loss: 0.08182189613580704 
2025-01-09 14:35:02,174 INFO: Epoch 135, Train Loss: 0.715064194894606, Test Loss: 0.7900627106428146, Inverse Test Loss: 0.08164574950933456 
2025-01-09 14:35:02,321 INFO: Epoch 136, Train Loss: 0.7155202665636616, Test Loss: 0.7905225604772568, Inverse Test Loss: 0.08250848203897476 
2025-01-09 14:35:02,480 INFO: Epoch 137, Train Loss: 0.7132427442458368, Test Loss: 0.7936041951179504, Inverse Test Loss: 0.0815473198890686 
2025-01-09 14:35:02,623 INFO: Epoch 138, Train Loss: 0.7143660206948558, Test Loss: 0.7952231243252754, Inverse Test Loss: 0.08291816711425781 
2025-01-09 14:35:02,774 INFO: Epoch 139, Train Loss: 0.7130891065443715, Test Loss: 0.7934609204530716, Inverse Test Loss: 0.08168163895606995 
2025-01-09 14:35:02,919 INFO: Epoch 140, Train Loss: 0.7136920863582242, Test Loss: 0.7944615483283997, Inverse Test Loss: 0.08306410163640976 
2025-01-09 14:35:03,071 INFO: Epoch 141, Train Loss: 0.7124536556582297, Test Loss: 0.7927514314651489, Inverse Test Loss: 0.08314084261655807 
2025-01-09 14:35:03,217 INFO: Epoch 142, Train Loss: 0.7123054669749352, Test Loss: 0.7938114479184151, Inverse Test Loss: 0.08302914351224899 
2025-01-09 14:35:03,368 INFO: Epoch 143, Train Loss: 0.710173866441173, Test Loss: 0.7948162704706192, Inverse Test Loss: 0.08246149122714996 
2025-01-09 14:35:03,516 INFO: Epoch 144, Train Loss: 0.710617144261637, Test Loss: 0.7931726798415184, Inverse Test Loss: 0.08322149515151978 
2025-01-09 14:35:03,670 INFO: Epoch 145, Train Loss: 0.7106960531203977, Test Loss: 0.7965203821659088, Inverse Test Loss: 0.0829114317893982 
2025-01-09 14:35:03,820 INFO: Epoch 146, Train Loss: 0.7106492115605262, Test Loss: 0.7953350841999054, Inverse Test Loss: 0.08278799802064896 
2025-01-09 14:35:03,971 INFO: Epoch 147, Train Loss: 0.7061501645272777, Test Loss: 0.7954680174589157, Inverse Test Loss: 0.08353783190250397 
2025-01-09 14:35:04,118 INFO: Epoch 148, Train Loss: 0.7098970797754103, Test Loss: 0.7964396327733994, Inverse Test Loss: 0.08254449814558029 
2025-01-09 14:35:04,274 INFO: Epoch 149, Train Loss: 0.7075117441915697, Test Loss: 0.7953360304236412, Inverse Test Loss: 0.0829775258898735 
2025-01-09 14:35:04,425 INFO: Epoch 150, Train Loss: 0.7093169881451514, Test Loss: 0.7988760843873024, Inverse Test Loss: 0.08313362300395966 
2025-01-09 14:35:04,576 INFO: Epoch 151, Train Loss: 0.7067103270561464, Test Loss: 0.7962549775838852, Inverse Test Loss: 0.0834144875407219 
2025-01-09 14:35:04,727 INFO: Epoch 152, Train Loss: 0.7073272024431536, Test Loss: 0.7935036271810532, Inverse Test Loss: 0.0831885114312172 
2025-01-09 14:35:04,894 INFO: Epoch 153, Train Loss: 0.7050841950601147, Test Loss: 0.7979603931307793, Inverse Test Loss: 0.08314751088619232 
2025-01-09 14:35:05,041 INFO: Epoch 154, Train Loss: 0.7054233935571486, Test Loss: 0.7977812886238098, Inverse Test Loss: 0.08287356048822403 
2025-01-09 14:35:05,199 INFO: Epoch 155, Train Loss: 0.7042669692347127, Test Loss: 0.7972451522946358, Inverse Test Loss: 0.08378689736127853 
2025-01-09 14:35:05,343 INFO: Epoch 156, Train Loss: 0.7035571663610397, Test Loss: 0.7973751723766327, Inverse Test Loss: 0.08308429270982742 
2025-01-09 14:35:05,504 INFO: Epoch 157, Train Loss: 0.7049880008543691, Test Loss: 0.795926496386528, Inverse Test Loss: 0.08356567472219467 
2025-01-09 14:35:05,650 INFO: Epoch 158, Train Loss: 0.7046747130732383, Test Loss: 0.7971750870347023, Inverse Test Loss: 0.0837620347738266 
2025-01-09 14:35:05,808 INFO: Epoch 159, Train Loss: 0.7052355850896528, Test Loss: 0.798354908823967, Inverse Test Loss: 0.08290538936853409 
2025-01-09 14:35:05,958 INFO: Epoch 160, Train Loss: 0.7028922707803787, Test Loss: 0.798889771103859, Inverse Test Loss: 0.08422372490167618 
2025-01-09 14:35:06,114 INFO: Epoch 161, Train Loss: 0.7041282980672775, Test Loss: 0.7985688671469688, Inverse Test Loss: 0.08388443291187286 
2025-01-09 14:35:06,262 INFO: Epoch 162, Train Loss: 0.7014018720196139, Test Loss: 0.7964826449751854, Inverse Test Loss: 0.08313004672527313 
2025-01-09 14:35:06,419 INFO: Epoch 163, Train Loss: 0.7021602276832827, Test Loss: 0.7976104170084, Inverse Test Loss: 0.08344152569770813 
2025-01-09 14:35:06,567 INFO: Epoch 164, Train Loss: 0.7017553121812882, Test Loss: 0.7987596690654755, Inverse Test Loss: 0.08382774144411087 
2025-01-09 14:35:06,727 INFO: Epoch 165, Train Loss: 0.7020389476130086, Test Loss: 0.7977627515792847, Inverse Test Loss: 0.08368517458438873 
2025-01-09 14:35:06,878 INFO: Epoch 166, Train Loss: 0.698752099467862, Test Loss: 0.7977290228009224, Inverse Test Loss: 0.08347073197364807 
2025-01-09 14:35:07,043 INFO: Epoch 167, Train Loss: 0.7003847533656705, Test Loss: 0.7999656200408936, Inverse Test Loss: 0.08393978327512741 
2025-01-09 14:35:07,198 INFO: Epoch 168, Train Loss: 0.697087497480454, Test Loss: 0.7988335564732552, Inverse Test Loss: 0.08405863493680954 
2025-01-09 14:35:07,353 INFO: Epoch 169, Train Loss: 0.7010326077861171, Test Loss: 0.7997244969010353, Inverse Test Loss: 0.0840587168931961 
2025-01-09 14:35:07,515 INFO: Epoch 170, Train Loss: 0.6977520681196644, Test Loss: 0.7993864342570305, Inverse Test Loss: 0.08443091809749603 
2025-01-09 14:35:07,673 INFO: Epoch 171, Train Loss: 0.6976088573855739, Test Loss: 0.7998921871185303, Inverse Test Loss: 0.08422432094812393 
2025-01-09 14:35:07,822 INFO: Epoch 172, Train Loss: 0.7013642672569521, Test Loss: 0.7983375191688538, Inverse Test Loss: 0.08374042809009552 
2025-01-09 14:35:07,984 INFO: Epoch 173, Train Loss: 0.6989460414455783, Test Loss: 0.8000562265515327, Inverse Test Loss: 0.08418126404285431 
2025-01-09 14:35:08,147 INFO: Epoch 174, Train Loss: 0.6974071187357749, Test Loss: 0.7989649623632431, Inverse Test Loss: 0.0843367651104927 
2025-01-09 14:35:08,304 INFO: Epoch 175, Train Loss: 0.6965321071686283, Test Loss: 0.8003037795424461, Inverse Test Loss: 0.08430396765470505 
2025-01-09 14:35:08,460 INFO: Epoch 176, Train Loss: 0.6975865075665135, Test Loss: 0.8004184886813164, Inverse Test Loss: 0.08476044237613678 
2025-01-09 14:35:08,611 INFO: Epoch 177, Train Loss: 0.6973699754284274, Test Loss: 0.8003975674510002, Inverse Test Loss: 0.08426452428102493 
2025-01-09 14:35:08,760 INFO: Epoch 178, Train Loss: 0.6958811456157316, Test Loss: 0.8009535744786263, Inverse Test Loss: 0.08459624648094177 
2025-01-09 14:35:08,926 INFO: Epoch 179, Train Loss: 0.6955029579900927, Test Loss: 0.8008724674582481, Inverse Test Loss: 0.0837361291050911 
2025-01-09 14:35:09,085 INFO: Epoch 180, Train Loss: 0.6955278977271049, Test Loss: 0.8003146946430206, Inverse Test Loss: 0.08441328257322311 
2025-01-09 14:35:09,243 INFO: Epoch 181, Train Loss: 0.6941236795917634, Test Loss: 0.8030739948153496, Inverse Test Loss: 0.08421998471021652 
2025-01-09 14:35:09,403 INFO: Epoch 182, Train Loss: 0.6929338785909838, Test Loss: 0.7999742850661278, Inverse Test Loss: 0.0849703773856163 
2025-01-09 14:35:09,578 INFO: Epoch 183, Train Loss: 0.694722096766195, Test Loss: 0.8023340031504631, Inverse Test Loss: 0.08579079061746597 
2025-01-09 14:35:09,747 INFO: Epoch 184, Train Loss: 0.6938445625766632, Test Loss: 0.8014973104000092, Inverse Test Loss: 0.08440287411212921 
2025-01-09 14:35:09,904 INFO: Epoch 185, Train Loss: 0.6925753970299998, Test Loss: 0.8017608523368835, Inverse Test Loss: 0.08490988612174988 
2025-01-09 14:35:10,076 INFO: Epoch 186, Train Loss: 0.692929660120318, Test Loss: 0.8011985197663307, Inverse Test Loss: 0.08447844535112381 
2025-01-09 14:35:10,237 INFO: Epoch 187, Train Loss: 0.6905716157728626, Test Loss: 0.8015172630548477, Inverse Test Loss: 0.08528712391853333 
2025-01-09 14:35:10,413 INFO: Epoch 188, Train Loss: 0.6926930854397435, Test Loss: 0.8019492775201797, Inverse Test Loss: 0.08532816916704178 
2025-01-09 14:35:10,582 INFO: Epoch 189, Train Loss: 0.6913384891325428, Test Loss: 0.800179623067379, Inverse Test Loss: 0.08480159193277359 
2025-01-09 14:35:10,753 INFO: Epoch 190, Train Loss: 0.6911350373298891, Test Loss: 0.8009210675954819, Inverse Test Loss: 0.08479617536067963 
2025-01-09 14:35:10,920 INFO: Epoch 191, Train Loss: 0.6890976044439501, Test Loss: 0.8032261282205582, Inverse Test Loss: 0.0848979577422142 
2025-01-09 14:35:11,083 INFO: Epoch 192, Train Loss: 0.6891787417473332, Test Loss: 0.7996408864855766, Inverse Test Loss: 0.08531057089567184 
2025-01-09 14:35:11,254 INFO: Epoch 193, Train Loss: 0.6887388287052032, Test Loss: 0.8005686849355698, Inverse Test Loss: 0.08600704371929169 
2025-01-09 14:35:11,422 INFO: Epoch 194, Train Loss: 0.6906260924954568, Test Loss: 0.8035154566168785, Inverse Test Loss: 0.08518239855766296 
2025-01-09 14:35:11,595 INFO: Epoch 195, Train Loss: 0.6879279382767216, Test Loss: 0.8024628758430481, Inverse Test Loss: 0.08508018404245377 
2025-01-09 14:35:11,761 INFO: Epoch 196, Train Loss: 0.6893666655786576, Test Loss: 0.8024784103035927, Inverse Test Loss: 0.08526889234781265 
2025-01-09 14:35:11,931 INFO: Epoch 197, Train Loss: 0.6888073086738586, Test Loss: 0.8015479892492294, Inverse Test Loss: 0.08570564538240433 
2025-01-09 14:35:12,109 INFO: Epoch 198, Train Loss: 0.6864777188147267, Test Loss: 0.8003884255886078, Inverse Test Loss: 0.08484983444213867 
2025-01-09 14:35:12,262 INFO: Epoch 199, Train Loss: 0.6866096488891109, Test Loss: 0.7997198328375816, Inverse Test Loss: 0.08524904400110245 
2025-01-09 14:35:12,412 INFO: Epoch 200, Train Loss: 0.6864416330091415, Test Loss: 0.8017565310001373, Inverse Test Loss: 0.08518567681312561 
2025-01-09 14:35:12,412 INFO: Best Epoch 85, Best Test Loss: 0.7845052778720856 
2025-01-09 14:35:12,577 INFO: Epoch 201, Train Loss: 0.6857059944060541, Test Loss: 0.8013369888067245, Inverse Test Loss: 0.08453544974327087 
2025-01-09 14:35:12,734 INFO: Epoch 202, Train Loss: 0.6862086653709412, Test Loss: 0.8005935698747635, Inverse Test Loss: 0.08573995530605316 
2025-01-09 14:35:12,893 INFO: Epoch 203, Train Loss: 0.685531404710585, Test Loss: 0.8001168891787529, Inverse Test Loss: 0.08480152487754822 
2025-01-09 14:35:13,056 INFO: Epoch 204, Train Loss: 0.6835860071643707, Test Loss: 0.8020829036831856, Inverse Test Loss: 0.08553387224674225 
2025-01-09 14:35:13,269 INFO: Epoch 205, Train Loss: 0.6834264686030727, Test Loss: 0.8020197600126266, Inverse Test Loss: 0.08537732064723969 
2025-01-09 14:35:13,460 INFO: Epoch 206, Train Loss: 0.6825394880387091, Test Loss: 0.8009558543562889, Inverse Test Loss: 0.08518553525209427 
2025-01-09 14:35:13,654 INFO: Epoch 207, Train Loss: 0.6826242131571616, Test Loss: 0.8005502596497536, Inverse Test Loss: 0.08566984534263611 
2025-01-09 14:35:13,821 INFO: Epoch 208, Train Loss: 0.6842611393620891, Test Loss: 0.7989817634224892, Inverse Test Loss: 0.0853448212146759 
2025-01-09 14:35:14,009 INFO: Epoch 209, Train Loss: 0.6818076660556178, Test Loss: 0.8016023114323616, Inverse Test Loss: 0.08581815659999847 
2025-01-09 14:35:14,181 INFO: Epoch 210, Train Loss: 0.6817158499071675, Test Loss: 0.8021474182605743, Inverse Test Loss: 0.08553653210401535 
2025-01-09 14:35:14,378 INFO: Epoch 211, Train Loss: 0.6814542624258226, Test Loss: 0.8019098415970802, Inverse Test Loss: 0.0855940729379654 
2025-01-09 14:35:14,555 INFO: Epoch 212, Train Loss: 0.6817284649418246, Test Loss: 0.8017667829990387, Inverse Test Loss: 0.08552004396915436 
2025-01-09 14:35:14,731 INFO: Epoch 213, Train Loss: 0.68040281726468, Test Loss: 0.8037685379385948, Inverse Test Loss: 0.0854543000459671 
2025-01-09 14:35:14,897 INFO: Epoch 214, Train Loss: 0.6810507216761189, Test Loss: 0.8027891591191292, Inverse Test Loss: 0.0867283046245575 
2025-01-09 14:35:15,076 INFO: Epoch 215, Train Loss: 0.6776173941550716, Test Loss: 0.7995429039001465, Inverse Test Loss: 0.08569850772619247 
2025-01-09 14:35:15,260 INFO: Epoch 216, Train Loss: 0.6777148342901661, Test Loss: 0.8001430407166481, Inverse Test Loss: 0.08601145446300507 
2025-01-09 14:35:15,442 INFO: Epoch 217, Train Loss: 0.6798545545147311, Test Loss: 0.8022036775946617, Inverse Test Loss: 0.08543400466442108 
2025-01-09 14:35:15,610 INFO: Epoch 218, Train Loss: 0.6777724316043239, Test Loss: 0.8023992031812668, Inverse Test Loss: 0.08565811812877655 
2025-01-09 14:35:15,801 INFO: Epoch 219, Train Loss: 0.6774965793855728, Test Loss: 0.8020764961838722, Inverse Test Loss: 0.08518768846988678 
2025-01-09 14:35:15,973 INFO: Epoch 220, Train Loss: 0.6782607955317344, Test Loss: 0.8041675910353661, Inverse Test Loss: 0.0866716057062149 
2025-01-09 14:35:16,166 INFO: Epoch 221, Train Loss: 0.6763571404641674, Test Loss: 0.8019048646092415, Inverse Test Loss: 0.08558936417102814 
2025-01-09 14:35:16,330 INFO: Epoch 222, Train Loss: 0.677067716275492, Test Loss: 0.803353987634182, Inverse Test Loss: 0.08573557436466217 
2025-01-09 14:35:16,502 INFO: Epoch 223, Train Loss: 0.6767957095176943, Test Loss: 0.803014874458313, Inverse Test Loss: 0.08621618896722794 
2025-01-09 14:35:16,672 INFO: Epoch 224, Train Loss: 0.6748911257713072, Test Loss: 0.8024848327040672, Inverse Test Loss: 0.08609584718942642 
2025-01-09 14:35:16,857 INFO: Epoch 225, Train Loss: 0.6743781201301082, Test Loss: 0.8023526594042778, Inverse Test Loss: 0.08519323170185089 
2025-01-09 14:35:17,037 INFO: Epoch 226, Train Loss: 0.6736060534754107, Test Loss: 0.8037992492318153, Inverse Test Loss: 0.08569206297397614 
2025-01-09 14:35:17,210 INFO: Epoch 227, Train Loss: 0.6743002630049183, Test Loss: 0.8025031238794327, Inverse Test Loss: 0.08600617200136185 
2025-01-09 14:35:17,378 INFO: Epoch 228, Train Loss: 0.6752419202558456, Test Loss: 0.8045498430728912, Inverse Test Loss: 0.0858498141169548 
2025-01-09 14:35:17,557 INFO: Epoch 229, Train Loss: 0.6729500370640908, Test Loss: 0.8031608909368515, Inverse Test Loss: 0.08592841774225235 
2025-01-09 14:35:17,726 INFO: Epoch 230, Train Loss: 0.6734657845189495, Test Loss: 0.804654486477375, Inverse Test Loss: 0.08518192172050476 
2025-01-09 14:35:17,902 INFO: Epoch 231, Train Loss: 0.6735085325856363, Test Loss: 0.8038787916302681, Inverse Test Loss: 0.08562794327735901 
2025-01-09 14:35:18,077 INFO: Epoch 232, Train Loss: 0.6723831622831283, Test Loss: 0.8031214028596878, Inverse Test Loss: 0.08557893335819244 
2025-01-09 14:35:18,253 INFO: Epoch 233, Train Loss: 0.6728439600236954, Test Loss: 0.8068442270159721, Inverse Test Loss: 0.08556892722845078 
2025-01-09 14:35:18,418 INFO: Epoch 234, Train Loss: 0.6711156868165539, Test Loss: 0.8054533451795578, Inverse Test Loss: 0.08606693893671036 
2025-01-09 14:35:18,593 INFO: Epoch 235, Train Loss: 0.6690727376168774, Test Loss: 0.8049887269735336, Inverse Test Loss: 0.08530153334140778 
2025-01-09 14:35:18,766 INFO: Epoch 236, Train Loss: 0.6710739481833673, Test Loss: 0.8056558072566986, Inverse Test Loss: 0.08653313666582108 
2025-01-09 14:35:18,976 INFO: Epoch 237, Train Loss: 0.6699735483815593, Test Loss: 0.8045564517378807, Inverse Test Loss: 0.08586385846138 
2025-01-09 14:35:19,166 INFO: Epoch 238, Train Loss: 0.6684569254998238, Test Loss: 0.8073300197720528, Inverse Test Loss: 0.08641640841960907 
2025-01-09 14:35:19,376 INFO: Epoch 239, Train Loss: 0.6693176396431462, Test Loss: 0.8054306283593178, Inverse Test Loss: 0.08537942171096802 
2025-01-09 14:35:19,562 INFO: Epoch 240, Train Loss: 0.6682794017176474, Test Loss: 0.8087722361087799, Inverse Test Loss: 0.08585407584905624 
2025-01-09 14:35:19,742 INFO: Epoch 241, Train Loss: 0.6670517479219744, Test Loss: 0.8062317445874214, Inverse Test Loss: 0.0856485441327095 
2025-01-09 14:35:19,938 INFO: Epoch 242, Train Loss: 0.6680386027982158, Test Loss: 0.8064635321497917, Inverse Test Loss: 0.08583691716194153 
2025-01-09 14:35:20,147 INFO: Epoch 243, Train Loss: 0.666574401240195, Test Loss: 0.8078626468777657, Inverse Test Loss: 0.08555932343006134 
2025-01-09 14:35:20,348 INFO: Epoch 244, Train Loss: 0.6699165759548065, Test Loss: 0.8069162517786026, Inverse Test Loss: 0.08602263778448105 
2025-01-09 14:35:20,559 INFO: Epoch 245, Train Loss: 0.6669347497724718, Test Loss: 0.8074436113238335, Inverse Test Loss: 0.08617838472127914 
2025-01-09 14:35:20,754 INFO: Epoch 246, Train Loss: 0.6669558209757651, Test Loss: 0.8070363402366638, Inverse Test Loss: 0.08607330173254013 
2025-01-09 14:35:20,952 INFO: Epoch 247, Train Loss: 0.6654078056735377, Test Loss: 0.8086618036031723, Inverse Test Loss: 0.08626488596200943 
2025-01-09 14:35:21,170 INFO: Epoch 248, Train Loss: 0.664270322169027, Test Loss: 0.8084447458386421, Inverse Test Loss: 0.08609037846326828 
2025-01-09 14:35:21,376 INFO: Epoch 249, Train Loss: 0.6657532876537692, Test Loss: 0.8097366169095039, Inverse Test Loss: 0.08586275577545166 
2025-01-09 14:35:21,576 INFO: Epoch 250, Train Loss: 0.66648119495761, Test Loss: 0.8076718002557755, Inverse Test Loss: 0.08636520057916641 
2025-01-09 14:35:21,806 INFO: Epoch 251, Train Loss: 0.6653683454759659, Test Loss: 0.8109072595834732, Inverse Test Loss: 0.08641116321086884 
2025-01-09 14:35:22,003 INFO: Epoch 252, Train Loss: 0.6646165540141444, Test Loss: 0.8083493858575821, Inverse Test Loss: 0.08616013824939728 
2025-01-09 14:35:22,216 INFO: Epoch 253, Train Loss: 0.6633729877010468, Test Loss: 0.8103662803769112, Inverse Test Loss: 0.08651183545589447 
2025-01-09 14:35:22,418 INFO: Epoch 254, Train Loss: 0.6640654513912816, Test Loss: 0.807278461754322, Inverse Test Loss: 0.08570456504821777 
2025-01-09 14:35:22,635 INFO: Epoch 255, Train Loss: 0.6621093115498943, Test Loss: 0.8090911880135536, Inverse Test Loss: 0.085880346596241 
2025-01-09 14:35:22,827 INFO: Epoch 256, Train Loss: 0.6627773200311968, Test Loss: 0.8099671676754951, Inverse Test Loss: 0.08652512729167938 
2025-01-09 14:35:23,026 INFO: Epoch 257, Train Loss: 0.6639257400266586, Test Loss: 0.8085630461573601, Inverse Test Loss: 0.08661525696516037 
2025-01-09 14:35:23,209 INFO: Epoch 258, Train Loss: 0.661889289655993, Test Loss: 0.8106261789798737, Inverse Test Loss: 0.08624261617660522 
2025-01-09 14:35:23,460 INFO: Epoch 259, Train Loss: 0.6625665541618101, Test Loss: 0.8109863325953484, Inverse Test Loss: 0.08625506609678268 
2025-01-09 14:35:23,662 INFO: Epoch 260, Train Loss: 0.6618776052228866, Test Loss: 0.8098627924919128, Inverse Test Loss: 0.08583240956068039 
2025-01-09 14:35:23,858 INFO: Epoch 261, Train Loss: 0.6614902538637961, Test Loss: 0.8130456358194351, Inverse Test Loss: 0.08650244027376175 
2025-01-09 14:35:24,037 INFO: Epoch 262, Train Loss: 0.6604170087845095, Test Loss: 0.8112999200820923, Inverse Test Loss: 0.08683988451957703 
2025-01-09 14:35:24,227 INFO: Epoch 263, Train Loss: 0.6619653528736483, Test Loss: 0.8094877302646637, Inverse Test Loss: 0.08614785224199295 
2025-01-09 14:35:24,413 INFO: Epoch 264, Train Loss: 0.6607891994137918, Test Loss: 0.8109140321612358, Inverse Test Loss: 0.08645565062761307 
2025-01-09 14:35:24,590 INFO: Epoch 265, Train Loss: 0.6599881283698543, Test Loss: 0.8108779713511467, Inverse Test Loss: 0.08593668788671494 
2025-01-09 14:35:24,761 INFO: Epoch 266, Train Loss: 0.6581433011639503, Test Loss: 0.8141737058758736, Inverse Test Loss: 0.08689678460359573 
2025-01-09 14:35:24,976 INFO: Epoch 267, Train Loss: 0.6561851578374063, Test Loss: 0.8116208240389824, Inverse Test Loss: 0.08585628867149353 
2025-01-09 14:35:25,168 INFO: Epoch 268, Train Loss: 0.6588969192197246, Test Loss: 0.8117241710424423, Inverse Test Loss: 0.08628465235233307 
2025-01-09 14:35:25,349 INFO: Epoch 269, Train Loss: 0.6606280226861277, Test Loss: 0.8150574490427971, Inverse Test Loss: 0.086416095495224 
2025-01-09 14:35:25,520 INFO: Epoch 270, Train Loss: 0.6600215704210343, Test Loss: 0.8114839196205139, Inverse Test Loss: 0.08618859201669693 
2025-01-09 14:35:25,708 INFO: Epoch 271, Train Loss: 0.658374173025931, Test Loss: 0.8137625083327293, Inverse Test Loss: 0.0863770991563797 
2025-01-09 14:35:25,901 INFO: Epoch 272, Train Loss: 0.6554686811662489, Test Loss: 0.8139365613460541, Inverse Test Loss: 0.08638331294059753 
2025-01-09 14:35:26,086 INFO: Epoch 273, Train Loss: 0.6559951074661747, Test Loss: 0.8120741546154022, Inverse Test Loss: 0.08633959293365479 
2025-01-09 14:35:26,291 INFO: Epoch 274, Train Loss: 0.6564063237559411, Test Loss: 0.8112481981515884, Inverse Test Loss: 0.08621527999639511 
2025-01-09 14:35:26,505 INFO: Epoch 275, Train Loss: 0.657336131218941, Test Loss: 0.8133617788553238, Inverse Test Loss: 0.08639202266931534 
2025-01-09 14:35:26,685 INFO: Epoch 276, Train Loss: 0.6566526486027625, Test Loss: 0.8123308792710304, Inverse Test Loss: 0.08617015928030014 
2025-01-09 14:35:26,864 INFO: Epoch 277, Train Loss: 0.6553228093731788, Test Loss: 0.8129046559333801, Inverse Test Loss: 0.0858323872089386 
2025-01-09 14:35:27,036 INFO: Epoch 278, Train Loss: 0.6542665862268017, Test Loss: 0.8130497559905052, Inverse Test Loss: 0.08672674745321274 
2025-01-09 14:35:27,206 INFO: Epoch 279, Train Loss: 0.6544134655306416, Test Loss: 0.813456729054451, Inverse Test Loss: 0.08659511059522629 
2025-01-09 14:35:27,375 INFO: Epoch 280, Train Loss: 0.6536724528958721, Test Loss: 0.812197133898735, Inverse Test Loss: 0.08623228967189789 
2025-01-09 14:35:27,546 INFO: Epoch 281, Train Loss: 0.6550398584335081, Test Loss: 0.8120570331811905, Inverse Test Loss: 0.08593149483203888 
2025-01-09 14:35:27,715 INFO: Epoch 282, Train Loss: 0.6529949768897025, Test Loss: 0.8114162459969521, Inverse Test Loss: 0.08583373576402664 
2025-01-09 14:35:27,884 INFO: Epoch 283, Train Loss: 0.6543363871112946, Test Loss: 0.8130352571606636, Inverse Test Loss: 0.08581902086734772 
2025-01-09 14:35:28,075 INFO: Epoch 284, Train Loss: 0.656029385905112, Test Loss: 0.8138205483555794, Inverse Test Loss: 0.08715580403804779 
2025-01-09 14:35:28,249 INFO: Epoch 285, Train Loss: 0.6539223809396068, Test Loss: 0.8120659291744232, Inverse Test Loss: 0.08631661534309387 
2025-01-09 14:35:28,421 INFO: Epoch 286, Train Loss: 0.6510059852753917, Test Loss: 0.811515249311924, Inverse Test Loss: 0.08616568893194199 
2025-01-09 14:35:28,592 INFO: Epoch 287, Train Loss: 0.6509842065072828, Test Loss: 0.8157546818256378, Inverse Test Loss: 0.08632273972034454 
2025-01-09 14:35:28,768 INFO: Epoch 288, Train Loss: 0.6512607951318065, Test Loss: 0.8112812712788582, Inverse Test Loss: 0.08628254383802414 
2025-01-09 14:35:28,946 INFO: Epoch 289, Train Loss: 0.65362556903593, Test Loss: 0.8127019703388214, Inverse Test Loss: 0.08592939376831055 
2025-01-09 14:35:29,111 INFO: Epoch 290, Train Loss: 0.652579172965019, Test Loss: 0.8147642016410828, Inverse Test Loss: 0.0866701677441597 
2025-01-09 14:35:29,284 INFO: Epoch 291, Train Loss: 0.6523541115945385, Test Loss: 0.8153078854084015, Inverse Test Loss: 0.08621485531330109 
2025-01-09 14:35:29,460 INFO: Epoch 292, Train Loss: 0.6515161395072937, Test Loss: 0.8147899881005287, Inverse Test Loss: 0.08615811914205551 
2025-01-09 14:35:29,652 INFO: Epoch 293, Train Loss: 0.6507322653647392, Test Loss: 0.8122883439064026, Inverse Test Loss: 0.086026132106781 
2025-01-09 14:35:29,871 INFO: Epoch 294, Train Loss: 0.6498585958634654, Test Loss: 0.8149262219667435, Inverse Test Loss: 0.08637890219688416 
2025-01-09 14:35:30,061 INFO: Epoch 295, Train Loss: 0.6497019798524918, Test Loss: 0.8165057152509689, Inverse Test Loss: 0.08706153929233551 
2025-01-09 14:35:30,254 INFO: Epoch 296, Train Loss: 0.648239008841976, Test Loss: 0.814567007124424, Inverse Test Loss: 0.08594056963920593 
2025-01-09 14:35:30,428 INFO: Epoch 297, Train Loss: 0.6498930838800245, Test Loss: 0.8155463486909866, Inverse Test Loss: 0.08651711791753769 
2025-01-09 14:35:30,615 INFO: Epoch 298, Train Loss: 0.6472364279531664, Test Loss: 0.8144680187106133, Inverse Test Loss: 0.08603083342313766 
2025-01-09 14:35:30,803 INFO: Epoch 299, Train Loss: 0.6485848292227714, Test Loss: 0.816247820854187, Inverse Test Loss: 0.08627714961767197 
2025-01-09 14:35:30,975 INFO: Epoch 300, Train Loss: 0.647857912125126, Test Loss: 0.8147794157266617, Inverse Test Loss: 0.08612824976444244 
2025-01-09 14:35:30,975 INFO: Best Epoch 85, Best Test Loss: 0.7845052778720856 
2025-01-09 14:35:31,143 INFO: Epoch 301, Train Loss: 0.6478160292871536, Test Loss: 0.8132939711213112, Inverse Test Loss: 0.08617094904184341 
2025-01-09 14:35:31,336 INFO: Epoch 302, Train Loss: 0.6449808882128808, Test Loss: 0.8141430392861366, Inverse Test Loss: 0.08604215085506439 
2025-01-09 14:35:31,507 INFO: Epoch 303, Train Loss: 0.6472803892627839, Test Loss: 0.8163266107439995, Inverse Test Loss: 0.08627770096063614 
2025-01-09 14:35:31,680 INFO: Epoch 304, Train Loss: 0.6480194368670064, Test Loss: 0.8137964382767677, Inverse Test Loss: 0.08577388525009155 
2025-01-09 14:35:31,868 INFO: Epoch 305, Train Loss: 0.6471688266723387, Test Loss: 0.8183448389172554, Inverse Test Loss: 0.08646073937416077 
2025-01-09 14:35:32,066 INFO: Epoch 306, Train Loss: 0.6472977649781012, Test Loss: 0.8147577121853828, Inverse Test Loss: 0.08610977977514267 
2025-01-09 14:35:32,241 INFO: Epoch 307, Train Loss: 0.6453745807370832, Test Loss: 0.8145216554403305, Inverse Test Loss: 0.08669701218605042 
2025-01-09 14:35:32,433 INFO: Epoch 308, Train Loss: 0.645176891357668, Test Loss: 0.8146752566099167, Inverse Test Loss: 0.08572234213352203 
2025-01-09 14:35:32,640 INFO: Epoch 309, Train Loss: 0.6459858206010634, Test Loss: 0.8166555315256119, Inverse Test Loss: 0.08654152601957321 
2025-01-09 14:35:32,841 INFO: Epoch 310, Train Loss: 0.645159786747348, Test Loss: 0.8150592520833015, Inverse Test Loss: 0.08681730926036835 
2025-01-09 14:35:33,031 INFO: Epoch 311, Train Loss: 0.6452548465421123, Test Loss: 0.8145742937922478, Inverse Test Loss: 0.08642339706420898 
2025-01-09 14:35:33,227 INFO: Epoch 312, Train Loss: 0.6437569895098286, Test Loss: 0.8147628456354141, Inverse Test Loss: 0.08636926859617233 
2025-01-09 14:35:33,412 INFO: Epoch 313, Train Loss: 0.6437378006596719, Test Loss: 0.8168505132198334, Inverse Test Loss: 0.0872843861579895 
2025-01-09 14:35:33,583 INFO: Epoch 314, Train Loss: 0.644686673918078, Test Loss: 0.8164436742663383, Inverse Test Loss: 0.0863487720489502 
2025-01-09 14:35:33,766 INFO: Epoch 315, Train Loss: 0.6427911693050016, Test Loss: 0.8196085765957832, Inverse Test Loss: 0.08653195947408676 
2025-01-09 14:35:33,949 INFO: Epoch 316, Train Loss: 0.643119881230016, Test Loss: 0.81426752358675, Inverse Test Loss: 0.08628741651773453 
2025-01-09 14:35:34,124 INFO: Epoch 317, Train Loss: 0.6434035339663106, Test Loss: 0.818603441119194, Inverse Test Loss: 0.08671790361404419 
2025-01-09 14:35:34,384 INFO: Epoch 318, Train Loss: 0.6415631617269208, Test Loss: 0.8134192079305649, Inverse Test Loss: 0.08656903356313705 
2025-01-09 14:35:34,551 INFO: Epoch 319, Train Loss: 0.6424025970120584, Test Loss: 0.8149885460734367, Inverse Test Loss: 0.08585607260465622 
2025-01-09 14:35:34,735 INFO: Epoch 320, Train Loss: 0.6414403319358826, Test Loss: 0.815202608704567, Inverse Test Loss: 0.08686743676662445 
2025-01-09 14:35:34,900 INFO: Epoch 321, Train Loss: 0.6428158975416615, Test Loss: 0.820338748395443, Inverse Test Loss: 0.08657445758581161 
2025-01-09 14:35:35,074 INFO: Epoch 322, Train Loss: 0.6394565624575461, Test Loss: 0.8170915395021439, Inverse Test Loss: 0.08645262569189072 
2025-01-09 14:35:35,244 INFO: Epoch 323, Train Loss: 0.6409966157328698, Test Loss: 0.8165810406208038, Inverse Test Loss: 0.08669067174196243 
2025-01-09 14:35:35,424 INFO: Epoch 324, Train Loss: 0.6414257499479479, Test Loss: 0.8159709051251411, Inverse Test Loss: 0.08587633073329926 
2025-01-09 14:35:35,591 INFO: Epoch 325, Train Loss: 0.6400846435177711, Test Loss: 0.8168968111276627, Inverse Test Loss: 0.0869058147072792 
2025-01-09 14:35:35,768 INFO: Epoch 326, Train Loss: 0.6399757842863759, Test Loss: 0.8156600967049599, Inverse Test Loss: 0.08622242510318756 
2025-01-09 14:35:35,941 INFO: Epoch 327, Train Loss: 0.6392593749107853, Test Loss: 0.8169981613755226, Inverse Test Loss: 0.08614186197519302 
2025-01-09 14:35:36,117 INFO: Epoch 328, Train Loss: 0.6378488002284881, Test Loss: 0.8165155872702599, Inverse Test Loss: 0.08650542795658112 
2025-01-09 14:35:36,289 INFO: Epoch 329, Train Loss: 0.6384384016836843, Test Loss: 0.815385676920414, Inverse Test Loss: 0.08574198186397552 
2025-01-09 14:35:36,470 INFO: Epoch 330, Train Loss: 0.6400145176918276, Test Loss: 0.8156382292509079, Inverse Test Loss: 0.08632809668779373 
2025-01-09 14:35:36,634 INFO: Epoch 331, Train Loss: 0.6378143679711127, Test Loss: 0.817886233329773, Inverse Test Loss: 0.08655698597431183 
2025-01-09 14:35:36,817 INFO: Epoch 332, Train Loss: 0.6373131505904659, Test Loss: 0.8152386397123337, Inverse Test Loss: 0.08670195937156677 
2025-01-09 14:35:37,003 INFO: Epoch 333, Train Loss: 0.6394107707085148, Test Loss: 0.8188489452004433, Inverse Test Loss: 0.08644258975982666 
2025-01-09 14:35:37,178 INFO: Epoch 334, Train Loss: 0.6379402106808078, Test Loss: 0.8183589279651642, Inverse Test Loss: 0.08651157468557358 
2025-01-09 14:35:37,340 INFO: Epoch 335, Train Loss: 0.6373424568483906, Test Loss: 0.815480649471283, Inverse Test Loss: 0.08650035411119461 
2025-01-09 14:35:37,509 INFO: Epoch 336, Train Loss: 0.6382815087995222, Test Loss: 0.8211308717727661, Inverse Test Loss: 0.08798930048942566 
2025-01-09 14:35:37,676 INFO: Epoch 337, Train Loss: 0.6344267822081043, Test Loss: 0.818382054567337, Inverse Test Loss: 0.08634248375892639 
2025-01-09 14:35:37,855 INFO: Epoch 338, Train Loss: 0.637824539215334, Test Loss: 0.8173138573765755, Inverse Test Loss: 0.08662225306034088 
2025-01-09 14:35:38,040 INFO: Epoch 339, Train Loss: 0.6351010145679596, Test Loss: 0.8179975897073746, Inverse Test Loss: 0.08637223392724991 
2025-01-09 14:35:38,218 INFO: Epoch 340, Train Loss: 0.6348430918109033, Test Loss: 0.8163087740540504, Inverse Test Loss: 0.08596275001764297 
2025-01-09 14:35:38,400 INFO: Epoch 341, Train Loss: 0.6347430502214739, Test Loss: 0.8181082308292389, Inverse Test Loss: 0.08585506677627563 
2025-01-09 14:35:38,601 INFO: Epoch 342, Train Loss: 0.6365758815119343, Test Loss: 0.8167448416352272, Inverse Test Loss: 0.08626003563404083 
2025-01-09 14:35:38,805 INFO: Epoch 343, Train Loss: 0.6340072251135304, Test Loss: 0.8186019659042358, Inverse Test Loss: 0.08712704479694366 
2025-01-09 14:35:39,001 INFO: Epoch 344, Train Loss: 0.6337171581483656, Test Loss: 0.8203352615237236, Inverse Test Loss: 0.08694351464509964 
2025-01-09 14:35:39,176 INFO: Epoch 345, Train Loss: 0.6346826995572736, Test Loss: 0.8214485123753548, Inverse Test Loss: 0.08626662939786911 
2025-01-09 14:35:39,351 INFO: Epoch 346, Train Loss: 0.6349387611112287, Test Loss: 0.8194708973169327, Inverse Test Loss: 0.08633559942245483 
2025-01-09 14:35:39,539 INFO: Epoch 347, Train Loss: 0.634183402984373, Test Loss: 0.8177078068256378, Inverse Test Loss: 0.0866314172744751 
2025-01-09 14:35:39,718 INFO: Epoch 348, Train Loss: 0.6337670991497655, Test Loss: 0.8167555257678032, Inverse Test Loss: 0.08642619848251343 
2025-01-09 14:35:39,883 INFO: Epoch 349, Train Loss: 0.6317445808841337, Test Loss: 0.8211697116494179, Inverse Test Loss: 0.08681609481573105 
2025-01-09 14:35:40,065 INFO: Epoch 350, Train Loss: 0.633990018598495, Test Loss: 0.8183449655771255, Inverse Test Loss: 0.08698885887861252 
2025-01-09 14:35:40,236 INFO: Epoch 351, Train Loss: 0.631703918980014, Test Loss: 0.8170596286654472, Inverse Test Loss: 0.08667735010385513 
2025-01-09 14:35:40,455 INFO: Epoch 352, Train Loss: 0.631919135970454, Test Loss: 0.8166683986783028, Inverse Test Loss: 0.08661604672670364 
2025-01-09 14:35:40,622 INFO: Epoch 353, Train Loss: 0.6324854243186212, Test Loss: 0.8204191103577614, Inverse Test Loss: 0.08652710914611816 
2025-01-09 14:35:40,793 INFO: Epoch 354, Train Loss: 0.6315435401854976, Test Loss: 0.8143965378403664, Inverse Test Loss: 0.08626218885183334 
2025-01-09 14:35:40,987 INFO: Epoch 355, Train Loss: 0.6323395871346996, Test Loss: 0.8169747889041901, Inverse Test Loss: 0.08697579801082611 
2025-01-09 14:35:41,162 INFO: Epoch 356, Train Loss: 0.6331099733229606, Test Loss: 0.8181306421756744, Inverse Test Loss: 0.08671754598617554 
2025-01-09 14:35:41,333 INFO: Epoch 357, Train Loss: 0.6322096913091598, Test Loss: 0.8182213678956032, Inverse Test Loss: 0.08650081604719162 
2025-01-09 14:35:41,520 INFO: Epoch 358, Train Loss: 0.6304887571642476, Test Loss: 0.819492757320404, Inverse Test Loss: 0.0871572196483612 
2025-01-09 14:35:41,686 INFO: Epoch 359, Train Loss: 0.6327341794967651, Test Loss: 0.8158041834831238, Inverse Test Loss: 0.0859866589307785 
2025-01-09 14:35:41,867 INFO: Epoch 360, Train Loss: 0.6306088547552785, Test Loss: 0.8150253146886826, Inverse Test Loss: 0.08610841631889343 
2025-01-09 14:35:42,040 INFO: Epoch 361, Train Loss: 0.630651387476152, Test Loss: 0.8179532960057259, Inverse Test Loss: 0.08692215383052826 
2025-01-09 14:35:42,206 INFO: Epoch 362, Train Loss: 0.6323467493057251, Test Loss: 0.817135401070118, Inverse Test Loss: 0.08591040223836899 
2025-01-09 14:35:42,373 INFO: Epoch 363, Train Loss: 0.6304892128513705, Test Loss: 0.8164311349391937, Inverse Test Loss: 0.08653690665960312 
2025-01-09 14:35:42,553 INFO: Epoch 364, Train Loss: 0.6293326520150707, Test Loss: 0.8167940899729729, Inverse Test Loss: 0.08674994856119156 
2025-01-09 14:35:42,745 INFO: Epoch 365, Train Loss: 0.6278979009197604, Test Loss: 0.8193278312683105, Inverse Test Loss: 0.08697012811899185 
2025-01-09 14:35:42,921 INFO: Epoch 366, Train Loss: 0.6295463231302076, Test Loss: 0.8178662657737732, Inverse Test Loss: 0.08654145151376724 
2025-01-09 14:35:43,091 INFO: Epoch 367, Train Loss: 0.6279211563448752, Test Loss: 0.8176059275865555, Inverse Test Loss: 0.0867331326007843 
2025-01-09 14:35:43,301 INFO: Epoch 368, Train Loss: 0.6289891023789683, Test Loss: 0.8177464827895164, Inverse Test Loss: 0.0872294008731842 
2025-01-09 14:35:43,473 INFO: Epoch 369, Train Loss: 0.6267665566936615, Test Loss: 0.8188260495662689, Inverse Test Loss: 0.08722624182701111 
2025-01-09 14:35:43,670 INFO: Epoch 370, Train Loss: 0.6260466729440997, Test Loss: 0.8158544823527336, Inverse Test Loss: 0.08635193854570389 
2025-01-09 14:35:43,861 INFO: Epoch 371, Train Loss: 0.6289231373417762, Test Loss: 0.820415310561657, Inverse Test Loss: 0.08677646517753601 
2025-01-09 14:35:44,041 INFO: Epoch 372, Train Loss: 0.6278176076950566, Test Loss: 0.8187341317534447, Inverse Test Loss: 0.08628391474485397 
2025-01-09 14:35:44,221 INFO: Epoch 373, Train Loss: 0.6280323497710689, Test Loss: 0.8200586885213852, Inverse Test Loss: 0.08729179948568344 
2025-01-09 14:35:44,419 INFO: Epoch 374, Train Loss: 0.6278542357106363, Test Loss: 0.8187839388847351, Inverse Test Loss: 0.08703423291444778 
2025-01-09 14:35:44,596 INFO: Epoch 375, Train Loss: 0.6262836360162304, Test Loss: 0.8184676691889763, Inverse Test Loss: 0.08643835783004761 
2025-01-09 14:35:44,774 INFO: Epoch 376, Train Loss: 0.6259053868632163, Test Loss: 0.8186537995934486, Inverse Test Loss: 0.08686503022909164 
2025-01-09 14:35:44,945 INFO: Epoch 377, Train Loss: 0.6263778440413936, Test Loss: 0.8191255554556847, Inverse Test Loss: 0.08639159798622131 
2025-01-09 14:35:45,122 INFO: Epoch 378, Train Loss: 0.6255335788572988, Test Loss: 0.8165566623210907, Inverse Test Loss: 0.08660748600959778 
2025-01-09 14:35:45,292 INFO: Epoch 379, Train Loss: 0.6253954229816314, Test Loss: 0.8196338415145874, Inverse Test Loss: 0.08744319528341293 
2025-01-09 14:35:45,462 INFO: Epoch 380, Train Loss: 0.6237598176925413, Test Loss: 0.8210536241531372, Inverse Test Loss: 0.08706144243478775 
2025-01-09 14:35:45,632 INFO: Epoch 381, Train Loss: 0.6247393565793191, Test Loss: 0.8236390426754951, Inverse Test Loss: 0.0874200388789177 
2025-01-09 14:35:45,807 INFO: Epoch 382, Train Loss: 0.6249678711737355, Test Loss: 0.819514237344265, Inverse Test Loss: 0.0871710404753685 
2025-01-09 14:35:45,975 INFO: Epoch 383, Train Loss: 0.6231991879401668, Test Loss: 0.8191597834229469, Inverse Test Loss: 0.08704132586717606 
2025-01-09 14:35:46,160 INFO: Epoch 384, Train Loss: 0.623923493969825, Test Loss: 0.8229177892208099, Inverse Test Loss: 0.08807285875082016 
2025-01-09 14:35:46,334 INFO: Epoch 385, Train Loss: 0.6233131808619345, Test Loss: 0.8205464631319046, Inverse Test Loss: 0.08748678863048553 
2025-01-09 14:35:46,507 INFO: Epoch 386, Train Loss: 0.6230324564441558, Test Loss: 0.8234871700406075, Inverse Test Loss: 0.08768351376056671 
2025-01-09 14:35:46,685 INFO: Epoch 387, Train Loss: 0.6244152457483353, Test Loss: 0.8189291134476662, Inverse Test Loss: 0.08723225444555283 
2025-01-09 14:35:46,872 INFO: Epoch 388, Train Loss: 0.6215379641902062, Test Loss: 0.8215780779719353, Inverse Test Loss: 0.0871640220284462 
2025-01-09 14:35:47,043 INFO: Epoch 389, Train Loss: 0.622180748370386, Test Loss: 0.8209630027413368, Inverse Test Loss: 0.08730975538492203 
2025-01-09 14:35:47,218 INFO: Epoch 390, Train Loss: 0.6222860255549031, Test Loss: 0.8218313604593277, Inverse Test Loss: 0.08807537704706192 
2025-01-09 14:35:47,388 INFO: Epoch 391, Train Loss: 0.620410027042512, Test Loss: 0.8263453766703606, Inverse Test Loss: 0.0879080593585968 
2025-01-09 14:35:47,583 INFO: Epoch 392, Train Loss: 0.6216690847950597, Test Loss: 0.8244758248329163, Inverse Test Loss: 0.08764279633760452 
2025-01-09 14:35:47,770 INFO: Epoch 393, Train Loss: 0.6217647233316975, Test Loss: 0.8243828192353249, Inverse Test Loss: 0.08736968040466309 
2025-01-09 14:35:47,963 INFO: Epoch 394, Train Loss: 0.6224941611289978, Test Loss: 0.8246498107910156, Inverse Test Loss: 0.08731451630592346 
2025-01-09 14:35:48,194 INFO: Epoch 395, Train Loss: 0.6195551733816823, Test Loss: 0.8212441578507423, Inverse Test Loss: 0.08744605630636215 
2025-01-09 14:35:48,381 INFO: Epoch 396, Train Loss: 0.6200637452064022, Test Loss: 0.8228564336895943, Inverse Test Loss: 0.08741901069879532 
2025-01-09 14:35:48,563 INFO: Epoch 397, Train Loss: 0.6198044919198559, Test Loss: 0.8237224221229553, Inverse Test Loss: 0.08712071925401688 
2025-01-09 14:35:48,742 INFO: Epoch 398, Train Loss: 0.6228408448157772, Test Loss: 0.8255395665764809, Inverse Test Loss: 0.08735071122646332 
2025-01-09 14:35:48,926 INFO: Epoch 399, Train Loss: 0.620189211060924, Test Loss: 0.8262168243527412, Inverse Test Loss: 0.08762676268815994 
2025-01-09 14:35:49,087 INFO: Epoch 400, Train Loss: 0.6229016511671005, Test Loss: 0.8243958428502083, Inverse Test Loss: 0.08754931390285492 
2025-01-09 14:35:49,087 INFO: Best Epoch 85, Best Test Loss: 0.7845052778720856 
2025-01-09 14:35:49,266 INFO: Epoch 401, Train Loss: 0.618543892137466, Test Loss: 0.8265603557229042, Inverse Test Loss: 0.08819474279880524 
2025-01-09 14:35:49,451 INFO: Epoch 402, Train Loss: 0.622046543705848, Test Loss: 0.8236847743391991, Inverse Test Loss: 0.08752209693193436 
2025-01-09 14:35:49,622 INFO: Epoch 403, Train Loss: 0.6181081148885912, Test Loss: 0.8250980973243713, Inverse Test Loss: 0.08753423392772675 
2025-01-09 14:35:49,792 INFO: Epoch 404, Train Loss: 0.6201934526043553, Test Loss: 0.8241378292441368, Inverse Test Loss: 0.0871778279542923 
2025-01-09 14:35:50,015 INFO: Epoch 405, Train Loss: 0.6199181118319111, Test Loss: 0.8275749087333679, Inverse Test Loss: 0.08798211067914963 
2025-01-09 14:35:50,183 INFO: Epoch 406, Train Loss: 0.6180544284082228, Test Loss: 0.8280858024954796, Inverse Test Loss: 0.0883626788854599 
2025-01-09 14:35:50,353 INFO: Epoch 407, Train Loss: 0.6171988556461949, Test Loss: 0.8249443173408508, Inverse Test Loss: 0.08788394182920456 
2025-01-09 14:35:50,525 INFO: Epoch 408, Train Loss: 0.617912434762524, Test Loss: 0.827455647289753, Inverse Test Loss: 0.08771755546331406 
2025-01-09 14:35:50,702 INFO: Epoch 409, Train Loss: 0.6181611284132926, Test Loss: 0.8236218765377998, Inverse Test Loss: 0.08783341944217682 
2025-01-09 14:35:50,890 INFO: Epoch 410, Train Loss: 0.618723500159479, Test Loss: 0.8283225446939468, Inverse Test Loss: 0.0883118063211441 
2025-01-09 14:35:51,066 INFO: Epoch 411, Train Loss: 0.6163570400207273, Test Loss: 0.8299915939569473, Inverse Test Loss: 0.08828574419021606 
2025-01-09 14:35:51,232 INFO: Epoch 412, Train Loss: 0.6152577188707167, Test Loss: 0.8263134583830833, Inverse Test Loss: 0.08797291666269302 
2025-01-09 14:35:51,411 INFO: Epoch 413, Train Loss: 0.617236727668393, Test Loss: 0.8272281661629677, Inverse Test Loss: 0.08819681406021118 
2025-01-09 14:35:51,587 INFO: Epoch 414, Train Loss: 0.6171936988830566, Test Loss: 0.8277933374047279, Inverse Test Loss: 0.08762608468532562 
2025-01-09 14:35:51,754 INFO: Epoch 415, Train Loss: 0.6179721913030071, Test Loss: 0.8280413448810577, Inverse Test Loss: 0.08772013336420059 
2025-01-09 14:35:51,929 INFO: Epoch 416, Train Loss: 0.6173999098039442, Test Loss: 0.8275789991021156, Inverse Test Loss: 0.08789853751659393 
2025-01-09 14:35:52,136 INFO: Epoch 417, Train Loss: 0.6169194021532612, Test Loss: 0.828407384455204, Inverse Test Loss: 0.08836445212364197 
2025-01-09 14:35:52,308 INFO: Epoch 418, Train Loss: 0.6163492279668008, Test Loss: 0.8306434750556946, Inverse Test Loss: 0.08833245187997818 
2025-01-09 14:35:52,483 INFO: Epoch 419, Train Loss: 0.6165762255268712, Test Loss: 0.82858457416296, Inverse Test Loss: 0.08828744292259216 
2025-01-09 14:35:52,661 INFO: Epoch 420, Train Loss: 0.6168809456209983, Test Loss: 0.8285678699612617, Inverse Test Loss: 0.08845267444849014 
2025-01-09 14:35:52,853 INFO: Epoch 421, Train Loss: 0.6161729539594343, Test Loss: 0.8300657495856285, Inverse Test Loss: 0.08779003471136093 
2025-01-09 14:35:53,023 INFO: Epoch 422, Train Loss: 0.6158941811130892, Test Loss: 0.8301625102758408, Inverse Test Loss: 0.08816507458686829 
2025-01-09 14:35:53,186 INFO: Epoch 423, Train Loss: 0.6157335331363063, Test Loss: 0.8312754556536674, Inverse Test Loss: 0.0882561132311821 
2025-01-09 14:35:53,339 INFO: Epoch 424, Train Loss: 0.6172465143665191, Test Loss: 0.8294087052345276, Inverse Test Loss: 0.08782804012298584 
2025-01-09 14:35:53,491 INFO: Epoch 425, Train Loss: 0.6147853039926098, Test Loss: 0.8299291655421257, Inverse Test Loss: 0.08851820975542068 
2025-01-09 14:35:53,632 INFO: Epoch 426, Train Loss: 0.6172276985260748, Test Loss: 0.8330304026603699, Inverse Test Loss: 0.08881314098834991 
2025-01-09 14:35:53,794 INFO: Epoch 427, Train Loss: 0.6137283329040774, Test Loss: 0.8317878097295761, Inverse Test Loss: 0.08869101107120514 
2025-01-09 14:35:53,937 INFO: Epoch 428, Train Loss: 0.6160115195858863, Test Loss: 0.8300144001841545, Inverse Test Loss: 0.08817246556282043 
2025-01-09 14:35:54,091 INFO: Epoch 429, Train Loss: 0.6134817427204501, Test Loss: 0.8322691917419434, Inverse Test Loss: 0.08885911852121353 
2025-01-09 14:35:54,235 INFO: Epoch 430, Train Loss: 0.6158883610079365, Test Loss: 0.8347322344779968, Inverse Test Loss: 0.08835268765687943 
2025-01-09 14:35:54,384 INFO: Epoch 431, Train Loss: 0.613880036338683, Test Loss: 0.8305092677474022, Inverse Test Loss: 0.08772365748882294 
2025-01-09 14:35:54,528 INFO: Epoch 432, Train Loss: 0.6140396306591649, Test Loss: 0.8352616801857948, Inverse Test Loss: 0.08904630690813065 
2025-01-09 14:35:54,679 INFO: Epoch 433, Train Loss: 0.6165551831645351, Test Loss: 0.8348439484834671, Inverse Test Loss: 0.08900849521160126 
2025-01-09 14:35:54,826 INFO: Epoch 434, Train Loss: 0.6137859840546885, Test Loss: 0.831435352563858, Inverse Test Loss: 0.08786959201097488 
2025-01-09 14:35:54,971 INFO: Epoch 435, Train Loss: 0.6132855953708771, Test Loss: 0.8329485282301903, Inverse Test Loss: 0.08848121017217636 
2025-01-09 14:35:55,119 INFO: Epoch 436, Train Loss: 0.6152819952657146, Test Loss: 0.8362146690487862, Inverse Test Loss: 0.08980894833803177 
2025-01-09 14:35:55,271 INFO: Epoch 437, Train Loss: 0.6114673249183162, Test Loss: 0.8336215168237686, Inverse Test Loss: 0.08857429772615433 
2025-01-09 14:35:55,409 INFO: Epoch 438, Train Loss: 0.6121879085417716, Test Loss: 0.8331675305962563, Inverse Test Loss: 0.0885969027876854 
2025-01-09 14:35:55,558 INFO: Epoch 439, Train Loss: 0.6126911755531065, Test Loss: 0.8325011357665062, Inverse Test Loss: 0.08855899423360825 
2025-01-09 14:35:55,705 INFO: Epoch 440, Train Loss: 0.6122314929962158, Test Loss: 0.8358054533600807, Inverse Test Loss: 0.08839777857065201 
2025-01-09 14:35:55,855 INFO: Epoch 441, Train Loss: 0.6122055611302776, Test Loss: 0.8336168080568314, Inverse Test Loss: 0.08826406300067902 
2025-01-09 14:35:56,005 INFO: Epoch 442, Train Loss: 0.6138955546963599, Test Loss: 0.8346153497695923, Inverse Test Loss: 0.08937226235866547 
2025-01-09 14:35:56,167 INFO: Epoch 443, Train Loss: 0.6124123392566558, Test Loss: 0.8344225063920021, Inverse Test Loss: 0.08863135427236557 
2025-01-09 14:35:56,316 INFO: Epoch 444, Train Loss: 0.6118913081384474, Test Loss: 0.8384869769215584, Inverse Test Loss: 0.08950851112604141 
2025-01-09 14:35:56,476 INFO: Epoch 445, Train Loss: 0.6102206149408894, Test Loss: 0.8356363549828529, Inverse Test Loss: 0.0890616923570633 
2025-01-09 14:35:56,630 INFO: Epoch 446, Train Loss: 0.6094292594540504, Test Loss: 0.8351166546344757, Inverse Test Loss: 0.08923989534378052 
2025-01-09 14:35:56,788 INFO: Epoch 447, Train Loss: 0.6112601968549913, Test Loss: 0.8374848961830139, Inverse Test Loss: 0.08856426924467087 
2025-01-09 14:35:56,934 INFO: Epoch 448, Train Loss: 0.6105134083378699, Test Loss: 0.8359741196036339, Inverse Test Loss: 0.08877145498991013 
2025-01-09 14:35:57,100 INFO: Epoch 449, Train Loss: 0.6115484179988984, Test Loss: 0.8427532538771629, Inverse Test Loss: 0.08953999727964401 
2025-01-09 14:35:57,248 INFO: Epoch 450, Train Loss: 0.6104427691428892, Test Loss: 0.8376867100596428, Inverse Test Loss: 0.08967428654432297 
2025-01-09 14:35:57,409 INFO: Epoch 451, Train Loss: 0.610633248283017, Test Loss: 0.8362414613366127, Inverse Test Loss: 0.08838506042957306 
2025-01-09 14:35:57,556 INFO: Epoch 452, Train Loss: 0.612196801170226, Test Loss: 0.8380965664982796, Inverse Test Loss: 0.08905746787786484 
2025-01-09 14:35:57,712 INFO: Epoch 453, Train Loss: 0.6096764456841254, Test Loss: 0.8389518111944199, Inverse Test Loss: 0.08900716155767441 
2025-01-09 14:35:57,867 INFO: Epoch 454, Train Loss: 0.6102293806691323, Test Loss: 0.836503192782402, Inverse Test Loss: 0.08949004113674164 
2025-01-09 14:35:58,029 INFO: Epoch 455, Train Loss: 0.6108782041457391, Test Loss: 0.8424831852316856, Inverse Test Loss: 0.09029390662908554 
2025-01-09 14:35:58,182 INFO: Epoch 456, Train Loss: 0.610776016789098, Test Loss: 0.8370541036128998, Inverse Test Loss: 0.08859572559595108 
2025-01-09 14:35:58,346 INFO: Epoch 457, Train Loss: 0.6078232026869251, Test Loss: 0.8392495736479759, Inverse Test Loss: 0.08961500227451324 
