2025-02-20 16:35:38,535 INFO: Model:namespace(attn_dropout=0.4, categories=[], cluster=3, depth=2, dim=32, ff_dropout=0.4, groups=[54, 54, 54], heads=4, name='AMFormer_simple_MLP_dim32_depth2_heads4_dropout0.4_simple_MLP', num_cate=0, num_cont=61, num_special_tokens=1, out=1, out_dim=1, predictor='simple_MLP', prod_num_per_group=[6, 6, 6], qk_relu=False, sum_num_per_group=[32, 16, 8], target_mode='regression', token_descent=False, use_cls_token=True, use_prod=False, use_row_col_attention=True, use_sigmoid=True) 
2025-02-20 16:35:38,535 INFO: lr:0.0001, loss:MSE 
2025-02-20 16:35:38,535 INFO: Dataset:Scm, Target:['LBL'] 
2025-02-20 16:35:38,535 INFO: ------Begin Training Model------ 
2025-02-20 16:35:41,188 INFO: Epoch 1, Train Loss: 1.4051366898051478, Test Loss: 1.0109353383382162, Inverse Test Loss: 49708.48385416667 
2025-02-20 16:35:41,932 INFO: Epoch 2, Train Loss: 0.9795844931351511, Test Loss: 0.9831626494725545, Inverse Test Loss: 48342.880208333336 
2025-02-20 16:35:42,667 INFO: Epoch 3, Train Loss: 0.9518859846550122, Test Loss: 0.9494163274765015, Inverse Test Loss: 46683.54348958333 
2025-02-20 16:35:43,404 INFO: Epoch 4, Train Loss: 0.9213310459203887, Test Loss: 0.8909376541773478, Inverse Test Loss: 43808.10390625 
2025-02-20 16:35:44,165 INFO: Epoch 5, Train Loss: 0.8552978901486648, Test Loss: 0.8095644990603129, Inverse Test Loss: 39806.92278645833 
2025-02-20 16:35:44,896 INFO: Epoch 6, Train Loss: 0.777072949367657, Test Loss: 0.6761694629987081, Inverse Test Loss: 33247.78138020833 
2025-02-20 16:35:45,626 INFO: Epoch 7, Train Loss: 0.6568056010363394, Test Loss: 0.5110651274522146, Inverse Test Loss: 25129.474869791666 
2025-02-20 16:35:46,354 INFO: Epoch 8, Train Loss: 0.5728241728063215, Test Loss: 0.4321644643942515, Inverse Test Loss: 21249.86572265625 
2025-02-20 16:35:47,070 INFO: Epoch 9, Train Loss: 0.5287249956214637, Test Loss: 0.40649108265837036, Inverse Test Loss: 19987.486263020834 
2025-02-20 16:35:47,805 INFO: Epoch 10, Train Loss: 0.5081104238828024, Test Loss: 0.3869399351378282, Inverse Test Loss: 19026.140364583334 
2025-02-20 16:35:48,529 INFO: Epoch 11, Train Loss: 0.4896557529767354, Test Loss: 0.3782684343556563, Inverse Test Loss: 18599.755859375 
2025-02-20 16:35:49,254 INFO: Epoch 12, Train Loss: 0.48677241279367817, Test Loss: 0.39088546435038246, Inverse Test Loss: 19220.145670572918 
2025-02-20 16:35:49,983 INFO: Epoch 13, Train Loss: 0.48461780945460003, Test Loss: 0.37574025193850197, Inverse Test Loss: 18475.443098958334 
2025-02-20 16:35:50,750 INFO: Epoch 14, Train Loss: 0.4729745267776021, Test Loss: 0.37027357319990795, Inverse Test Loss: 18206.642513020834 
2025-02-20 16:35:51,486 INFO: Epoch 15, Train Loss: 0.47375705942772983, Test Loss: 0.36078789581855136, Inverse Test Loss: 17740.22394205729 
2025-02-20 16:35:52,220 INFO: Epoch 16, Train Loss: 0.4557120020975146, Test Loss: 0.36107735832532245, Inverse Test Loss: 17754.457682291668 
2025-02-20 16:35:52,946 INFO: Epoch 17, Train Loss: 0.4666934849923117, Test Loss: 0.38070897459983827, Inverse Test Loss: 18719.7599609375 
2025-02-20 16:35:53,664 INFO: Epoch 18, Train Loss: 0.4502292934216951, Test Loss: 0.35197557558616005, Inverse Test Loss: 17306.915885416667 
2025-02-20 16:35:54,396 INFO: Epoch 19, Train Loss: 0.44986761243719803, Test Loss: 0.35126400192578633, Inverse Test Loss: 17271.927164713543 
2025-02-20 16:35:55,123 INFO: Epoch 20, Train Loss: 0.43174231418392117, Test Loss: 0.3510135372479757, Inverse Test Loss: 17259.611490885418 
2025-02-20 16:35:55,843 INFO: Epoch 21, Train Loss: 0.43303823340357395, Test Loss: 0.34671272660295166, Inverse Test Loss: 17048.136637369793 
2025-02-20 16:35:56,591 INFO: Epoch 22, Train Loss: 0.4338526417288864, Test Loss: 0.34170398314793904, Inverse Test Loss: 16801.852962239584 
2025-02-20 16:35:57,307 INFO: Epoch 23, Train Loss: 0.42206250431767683, Test Loss: 0.34267979115247726, Inverse Test Loss: 16849.835091145833 
2025-02-20 16:35:58,014 INFO: Epoch 24, Train Loss: 0.4200820860109831, Test Loss: 0.3387314307192961, Inverse Test Loss: 16655.690283203126 
2025-02-20 16:35:58,730 INFO: Epoch 25, Train Loss: 0.4132374210054414, Test Loss: 0.3557937890291214, Inverse Test Loss: 17494.66064453125 
2025-02-20 16:35:59,452 INFO: Epoch 26, Train Loss: 0.43773842014764486, Test Loss: 0.3314778581261635, Inverse Test Loss: 16299.026692708334 
2025-02-20 16:36:00,178 INFO: Epoch 27, Train Loss: 0.4117469181094253, Test Loss: 0.3295909658074379, Inverse Test Loss: 16206.246875 
2025-02-20 16:36:00,894 INFO: Epoch 28, Train Loss: 0.4153859761723301, Test Loss: 0.32906931191682814, Inverse Test Loss: 16180.59716796875 
2025-02-20 16:36:01,617 INFO: Epoch 29, Train Loss: 0.40477504228290756, Test Loss: 0.3254749794801076, Inverse Test Loss: 16003.86044921875 
2025-02-20 16:36:02,361 INFO: Epoch 30, Train Loss: 0.4051878518964115, Test Loss: 0.322169471035401, Inverse Test Loss: 15841.3267578125 
2025-02-20 16:36:03,088 INFO: Epoch 31, Train Loss: 0.4031259294664651, Test Loss: 0.32328819036483764, Inverse Test Loss: 15896.333854166667 
2025-02-20 16:36:03,816 INFO: Epoch 32, Train Loss: 0.4014802078406016, Test Loss: 0.3569961596139668, Inverse Test Loss: 17553.78050022125 
2025-02-20 16:36:04,537 INFO: Epoch 33, Train Loss: 0.43502216171800046, Test Loss: 0.3253416856129964, Inverse Test Loss: 15997.306412760418 
2025-02-20 16:36:05,264 INFO: Epoch 34, Train Loss: 0.3952691690963611, Test Loss: 0.31281418253978094, Inverse Test Loss: 15381.31904296875 
2025-02-20 16:36:05,983 INFO: Epoch 35, Train Loss: 0.396581490834554, Test Loss: 0.3205245494842529, Inverse Test Loss: 15760.4439453125 
2025-02-20 16:36:06,702 INFO: Epoch 36, Train Loss: 0.39368825837185506, Test Loss: 0.3124222482244174, Inverse Test Loss: 15362.047314453124 
2025-02-20 16:36:07,421 INFO: Epoch 37, Train Loss: 0.3931241736077426, Test Loss: 0.305743420869112, Inverse Test Loss: 15033.644661458333 
2025-02-20 16:36:08,141 INFO: Epoch 38, Train Loss: 0.40040742566711024, Test Loss: 0.3041410946597656, Inverse Test Loss: 14954.856274414062 
2025-02-20 16:36:08,863 INFO: Epoch 39, Train Loss: 0.38960510413897664, Test Loss: 0.30375709061821304, Inverse Test Loss: 14935.974967447917 
2025-02-20 16:36:09,584 INFO: Epoch 40, Train Loss: 0.39129119588617695, Test Loss: 0.3020097369949023, Inverse Test Loss: 14850.055932617188 
2025-02-20 16:36:10,301 INFO: Epoch 41, Train Loss: 0.38571340420789885, Test Loss: 0.2996844928711653, Inverse Test Loss: 14735.721549479167 
2025-02-20 16:36:11,012 INFO: Epoch 42, Train Loss: 0.38773042590994583, Test Loss: 0.30636371473471324, Inverse Test Loss: 15064.144482421874 
2025-02-20 16:36:11,722 INFO: Epoch 43, Train Loss: 0.3734257200308013, Test Loss: 0.2962928168475628, Inverse Test Loss: 14568.950528971354 
2025-02-20 16:36:12,436 INFO: Epoch 44, Train Loss: 0.37959898642280643, Test Loss: 0.2947309525062641, Inverse Test Loss: 14492.15185546875 
2025-02-20 16:36:13,138 INFO: Epoch 45, Train Loss: 0.3912714029613294, Test Loss: 0.2936007596552372, Inverse Test Loss: 14436.580228678386 
2025-02-20 16:36:13,839 INFO: Epoch 46, Train Loss: 0.3814846745185685, Test Loss: 0.2944126714641849, Inverse Test Loss: 14476.502473958333 
2025-02-20 16:36:14,599 INFO: Epoch 47, Train Loss: 0.37490285070318924, Test Loss: 0.2930697437375784, Inverse Test Loss: 14410.469921875 
2025-02-20 16:36:15,365 INFO: Epoch 48, Train Loss: 0.37784120283628764, Test Loss: 0.29783508740365505, Inverse Test Loss: 14644.784458414713 
2025-02-20 16:36:16,085 INFO: Epoch 49, Train Loss: 0.3910140039628012, Test Loss: 0.29171014254291855, Inverse Test Loss: 14343.616162109374 
2025-02-20 16:36:16,820 INFO: Epoch 50, Train Loss: 0.372773950805136, Test Loss: 0.2950350264708201, Inverse Test Loss: 14507.103759765625 
2025-02-20 16:36:17,569 INFO: Epoch 51, Train Loss: 0.3795503587053533, Test Loss: 0.295799158513546, Inverse Test Loss: 14544.676822916666 
2025-02-20 16:36:18,363 INFO: Epoch 52, Train Loss: 0.37755672372224036, Test Loss: 0.29107852702339493, Inverse Test Loss: 14312.559537760417 
2025-02-20 16:36:19,096 INFO: Epoch 53, Train Loss: 0.36849655289398997, Test Loss: 0.29059848251442116, Inverse Test Loss: 14288.95546468099 
2025-02-20 16:36:19,849 INFO: Epoch 54, Train Loss: 0.3673155924730134, Test Loss: 0.3012658009926478, Inverse Test Loss: 14813.476009114584 
2025-02-20 16:36:20,631 INFO: Epoch 55, Train Loss: 0.36775735804909154, Test Loss: 0.3239830941582719, Inverse Test Loss: 15930.50268351237 
2025-02-20 16:36:21,463 INFO: Epoch 56, Train Loss: 0.38369539772209366, Test Loss: 0.2869180793563525, Inverse Test Loss: 14107.987125651041 
2025-02-20 16:36:22,245 INFO: Epoch 57, Train Loss: 0.3775231728428288, Test Loss: 0.2899873569607735, Inverse Test Loss: 14258.906396484375 
2025-02-20 16:36:23,017 INFO: Epoch 58, Train Loss: 0.3666326701641083, Test Loss: 0.28417062684893607, Inverse Test Loss: 13972.893001302084 
2025-02-20 16:36:23,768 INFO: Epoch 59, Train Loss: 0.3680741044512966, Test Loss: 0.28454392900069553, Inverse Test Loss: 13991.248885091145 
2025-02-20 16:36:24,652 INFO: Epoch 60, Train Loss: 0.36245467802999837, Test Loss: 0.2902647266164422, Inverse Test Loss: 14272.544458007813 
2025-02-20 16:36:25,389 INFO: Epoch 61, Train Loss: 0.3788786744862272, Test Loss: 0.3038550967971484, Inverse Test Loss: 14940.79365234375 
2025-02-20 16:36:26,357 INFO: Epoch 62, Train Loss: 0.37417525288305786, Test Loss: 0.28472286015748977, Inverse Test Loss: 14000.0470703125 
2025-02-20 16:36:27,251 INFO: Epoch 63, Train Loss: 0.36099460492270036, Test Loss: 0.2819876508166393, Inverse Test Loss: 13865.553881835938 
2025-02-20 16:36:28,073 INFO: Epoch 64, Train Loss: 0.36163718854649024, Test Loss: 0.2805135931819677, Inverse Test Loss: 13793.074007161458 
2025-02-20 16:36:28,848 INFO: Epoch 65, Train Loss: 0.35480599634741483, Test Loss: 0.2851373386879762, Inverse Test Loss: 14020.427180989584 
2025-02-20 16:36:29,674 INFO: Epoch 66, Train Loss: 0.3642899505140489, Test Loss: 0.28613945121566453, Inverse Test Loss: 14069.701497395834 
2025-02-20 16:36:30,568 INFO: Epoch 67, Train Loss: 0.3578597309819439, Test Loss: 0.27960073165595534, Inverse Test Loss: 13748.187670898438 
2025-02-20 16:36:31,334 INFO: Epoch 68, Train Loss: 0.35230820482237296, Test Loss: 0.28355929094056287, Inverse Test Loss: 13942.832332356771 
2025-02-20 16:36:32,127 INFO: Epoch 69, Train Loss: 0.35491348646189036, Test Loss: 0.286188763876756, Inverse Test Loss: 14072.126627604166 
2025-02-20 16:36:32,919 INFO: Epoch 70, Train Loss: 0.35604115797762287, Test Loss: 0.27863428741693497, Inverse Test Loss: 13700.6673828125 
2025-02-20 16:36:33,729 INFO: Epoch 71, Train Loss: 0.34739600579466734, Test Loss: 0.2772973202168941, Inverse Test Loss: 13634.926871744792 
2025-02-20 16:36:34,544 INFO: Epoch 72, Train Loss: 0.3593806059736955, Test Loss: 0.2767458848655224, Inverse Test Loss: 13607.812874348958 
2025-02-20 16:36:35,473 INFO: Epoch 73, Train Loss: 0.36607208011443154, Test Loss: 0.27672709375619886, Inverse Test Loss: 13606.888159179687 
2025-02-20 16:36:36,458 INFO: Epoch 74, Train Loss: 0.3579548903201756, Test Loss: 0.2781264199564854, Inverse Test Loss: 13675.694466145833 
2025-02-20 16:36:37,286 INFO: Epoch 75, Train Loss: 0.3536590596562938, Test Loss: 0.28159970690806707, Inverse Test Loss: 13846.479117838542 
2025-02-20 16:36:38,144 INFO: Epoch 76, Train Loss: 0.3586787492559667, Test Loss: 0.2949963284035524, Inverse Test Loss: 14505.200821940105 
2025-02-20 16:36:39,059 INFO: Epoch 77, Train Loss: 0.3564879095606637, Test Loss: 0.27604975054661435, Inverse Test Loss: 13573.583333333334 
2025-02-20 16:36:39,942 INFO: Epoch 78, Train Loss: 0.35745726708780257, Test Loss: 0.2825935214757919, Inverse Test Loss: 13895.345458984375 
2025-02-20 16:36:40,738 INFO: Epoch 79, Train Loss: 0.3605690763184899, Test Loss: 0.2741831488907337, Inverse Test Loss: 13481.801684570313 
2025-02-20 16:36:41,558 INFO: Epoch 80, Train Loss: 0.3516808175726941, Test Loss: 0.2741831841568152, Inverse Test Loss: 13481.803190104167 
2025-02-20 16:36:42,443 INFO: Epoch 81, Train Loss: 0.3542087394417378, Test Loss: 0.2740766872962316, Inverse Test Loss: 13476.566520182292 
2025-02-20 16:36:43,313 INFO: Epoch 82, Train Loss: 0.3468461130794726, Test Loss: 0.2736516259610653, Inverse Test Loss: 13455.66542154948 
2025-02-20 16:36:44,324 INFO: Epoch 83, Train Loss: 0.35234782256578145, Test Loss: 0.2849244872728984, Inverse Test Loss: 14009.960530598959 
2025-02-20 16:36:45,182 INFO: Epoch 84, Train Loss: 0.35271238627140983, Test Loss: 0.2723452739417553, Inverse Test Loss: 13391.430810546875 
2025-02-20 16:36:45,923 INFO: Epoch 85, Train Loss: 0.3462903513981585, Test Loss: 0.27293114388982453, Inverse Test Loss: 13420.238802083333 
2025-02-20 16:36:46,735 INFO: Epoch 86, Train Loss: 0.3422684261673375, Test Loss: 0.27244665200511614, Inverse Test Loss: 13396.415625 
2025-02-20 16:36:47,530 INFO: Epoch 87, Train Loss: 0.3442670653263728, Test Loss: 0.2744349889457226, Inverse Test Loss: 13494.183780924479 
2025-02-20 16:36:48,308 INFO: Epoch 88, Train Loss: 0.35935688463219423, Test Loss: 0.27481581705311936, Inverse Test Loss: 13512.908951822918 
2025-02-20 16:36:49,069 INFO: Epoch 89, Train Loss: 0.34983502459107785, Test Loss: 0.27152479911843935, Inverse Test Loss: 13351.087809244791 
2025-02-20 16:36:50,111 INFO: Epoch 90, Train Loss: 0.34178082906363305, Test Loss: 0.2739594162752231, Inverse Test Loss: 13470.79930826823 
2025-02-20 16:36:51,028 INFO: Epoch 91, Train Loss: 0.34502899646759033, Test Loss: 0.2705165810883045, Inverse Test Loss: 13301.512182617187 
2025-02-20 16:36:51,889 INFO: Epoch 92, Train Loss: 0.34584532050709976, Test Loss: 0.2732113023598989, Inverse Test Loss: 13434.014534505208 
2025-02-20 16:36:52,725 INFO: Epoch 93, Train Loss: 0.34918505319377835, Test Loss: 0.27541993570824463, Inverse Test Loss: 13542.615388997396 
2025-02-20 16:36:53,570 INFO: Epoch 94, Train Loss: 0.34219984657931746, Test Loss: 0.2712319828569889, Inverse Test Loss: 13336.689371744791 
2025-02-20 16:36:54,532 INFO: Epoch 95, Train Loss: 0.34431048757151556, Test Loss: 0.26978490004936856, Inverse Test Loss: 13265.53564453125 
2025-02-20 16:36:55,479 INFO: Epoch 96, Train Loss: 0.34411890726340444, Test Loss: 0.26912515635291734, Inverse Test Loss: 13233.095556640625 
2025-02-20 16:36:56,391 INFO: Epoch 97, Train Loss: 0.3371863514184952, Test Loss: 0.27129628757635754, Inverse Test Loss: 13339.851106770833 
2025-02-20 16:36:57,345 INFO: Epoch 98, Train Loss: 0.34044915437698364, Test Loss: 0.2699439206471046, Inverse Test Loss: 13273.355021158854 
