2025-02-20 15:55:09,531 INFO: Model:namespace(attn_dropout=0.4, categories=[], cluster=3, depth=2, dim=32, ff_dropout=0.4, groups=[54, 54, 54], heads=4, name='AMFormer_simple_KAN_dim32_depth2_heads4_dropout0.4_simple_KAN', num_cate=0, num_cont=61, num_special_tokens=1, out=1, out_dim=1, predictor='simple_KAN', prod_num_per_group=[6, 6, 6], qk_relu=False, sum_num_per_group=[32, 16, 8], target_mode='regression', token_descent=False, use_cls_token=True, use_prod=True, use_row_col_attention=True, use_sigmoid=True) 
2025-02-20 15:55:09,531 INFO: lr:0.0001, loss:MSE 
2025-02-20 15:55:09,531 INFO: Dataset:Scm, Target:['LBL'] 
2025-02-20 15:55:09,531 INFO: ------Begin Training Model------ 
2025-02-20 15:55:14,052 INFO: Epoch 1, Train Loss: 1.0056373226015192, Test Loss: 1.0297403534253438, Inverse Test Loss: 50633.13776041667 
2025-02-20 15:55:15,152 INFO: Epoch 2, Train Loss: 0.9832690441817568, Test Loss: 0.9577711383501689, Inverse Test Loss: 47094.36041666667 
2025-02-20 15:55:16,234 INFO: Epoch 3, Train Loss: 0.8141586038104275, Test Loss: 0.520550407965978, Inverse Test Loss: 25595.874088541666 
2025-02-20 15:55:17,388 INFO: Epoch 4, Train Loss: 0.521273287241919, Test Loss: 0.4055052399635315, Inverse Test Loss: 19939.010807291666 
2025-02-20 15:55:18,474 INFO: Epoch 5, Train Loss: 0.45375674806143107, Test Loss: 0.3824819207191467, Inverse Test Loss: 18806.936653645833 
2025-02-20 15:55:19,575 INFO: Epoch 6, Train Loss: 0.43631520762778164, Test Loss: 0.371407554546992, Inverse Test Loss: 18262.4013671875 
2025-02-20 15:55:20,655 INFO: Epoch 7, Train Loss: 0.4129823860630654, Test Loss: 0.3552176505327225, Inverse Test Loss: 17466.330859375 
2025-02-20 15:55:21,741 INFO: Epoch 8, Train Loss: 0.4020142544779861, Test Loss: 0.3495655253529549, Inverse Test Loss: 17188.411848958334 
2025-02-20 15:55:22,842 INFO: Epoch 9, Train Loss: 0.38580723286590035, Test Loss: 0.33922473738590875, Inverse Test Loss: 16679.947314453126 
2025-02-20 15:55:23,935 INFO: Epoch 10, Train Loss: 0.3796447850763798, Test Loss: 0.3304332305987676, Inverse Test Loss: 16247.661865234375 
2025-02-20 15:55:25,034 INFO: Epoch 11, Train Loss: 0.37886737417756466, Test Loss: 0.3251162360111872, Inverse Test Loss: 15986.220345052083 
2025-02-20 15:55:26,109 INFO: Epoch 12, Train Loss: 0.3670430782071331, Test Loss: 0.3191365266839663, Inverse Test Loss: 15692.194401041666 
2025-02-20 15:55:27,208 INFO: Epoch 13, Train Loss: 0.3639671091447797, Test Loss: 0.3182175894578298, Inverse Test Loss: 15647.008577473958 
2025-02-20 15:55:28,292 INFO: Epoch 14, Train Loss: 0.3576148572263488, Test Loss: 0.31163519447048504, Inverse Test Loss: 15323.347493489584 
2025-02-20 15:55:29,379 INFO: Epoch 15, Train Loss: 0.35216283955072103, Test Loss: 0.30978313783804573, Inverse Test Loss: 15232.2802734375 
2025-02-20 15:55:30,457 INFO: Epoch 16, Train Loss: 0.35985395809014636, Test Loss: 0.30481332490841545, Inverse Test Loss: 14987.910123697917 
2025-02-20 15:55:31,553 INFO: Epoch 17, Train Loss: 0.3448282079607771, Test Loss: 0.30408172942698003, Inverse Test Loss: 14951.937190755209 
2025-02-20 15:55:32,718 INFO: Epoch 18, Train Loss: 0.3406924503414254, Test Loss: 0.3005613638708989, Inverse Test Loss: 14778.838114420572 
2025-02-20 15:55:33,801 INFO: Epoch 19, Train Loss: 0.3376857809591712, Test Loss: 0.3071444667875767, Inverse Test Loss: 15102.534352620443 
2025-02-20 15:55:34,891 INFO: Epoch 20, Train Loss: 0.3404534830335985, Test Loss: 0.2942476915816466, Inverse Test Loss: 14468.390478515625 
2025-02-20 15:55:35,998 INFO: Epoch 21, Train Loss: 0.3354577045691641, Test Loss: 0.2923390952249368, Inverse Test Loss: 14374.543497721354 
2025-02-20 15:55:37,090 INFO: Epoch 22, Train Loss: 0.32672958232854543, Test Loss: 0.28908340210715927, Inverse Test Loss: 14214.457291666668 
2025-02-20 15:55:38,182 INFO: Epoch 23, Train Loss: 0.32419734552764057, Test Loss: 0.2879035542408625, Inverse Test Loss: 14156.444189453125 
2025-02-20 15:55:39,262 INFO: Epoch 24, Train Loss: 0.3307510718964694, Test Loss: 0.28473824361960093, Inverse Test Loss: 14000.802750651043 
2025-02-20 15:55:40,350 INFO: Epoch 25, Train Loss: 0.31603929060592983, Test Loss: 0.28621374468008676, Inverse Test Loss: 14073.354459635417 
2025-02-20 15:55:41,461 INFO: Epoch 26, Train Loss: 0.31168021026410553, Test Loss: 0.28108841280142466, Inverse Test Loss: 13821.337890625 
2025-02-20 15:55:42,527 INFO: Epoch 27, Train Loss: 0.31886380492595207, Test Loss: 0.2808558205763499, Inverse Test Loss: 13809.901106770832 
2025-02-20 15:55:43,606 INFO: Epoch 28, Train Loss: 0.3098632421409875, Test Loss: 0.2771291360259056, Inverse Test Loss: 13626.656803385416 
2025-02-20 15:55:44,676 INFO: Epoch 29, Train Loss: 0.30807298787853177, Test Loss: 0.2764848105609417, Inverse Test Loss: 13594.976236979166 
2025-02-20 15:55:45,784 INFO: Epoch 30, Train Loss: 0.3080832163492839, Test Loss: 0.2732763739923636, Inverse Test Loss: 13437.213948567709 
2025-02-20 15:55:46,877 INFO: Epoch 31, Train Loss: 0.30136627769261076, Test Loss: 0.2708191459377607, Inverse Test Loss: 13316.390071614584 
2025-02-20 15:55:48,018 INFO: Epoch 32, Train Loss: 0.30204884930138004, Test Loss: 0.2699028079708417, Inverse Test Loss: 13271.33291015625 
2025-02-20 15:55:49,098 INFO: Epoch 33, Train Loss: 0.3163785278274302, Test Loss: 0.2811012476682663, Inverse Test Loss: 13821.969034830729 
2025-02-20 15:55:50,187 INFO: Epoch 34, Train Loss: 0.3039631575607417, Test Loss: 0.2677609791358312, Inverse Test Loss: 13166.01787109375 
2025-02-20 15:55:51,260 INFO: Epoch 35, Train Loss: 0.29034984320924995, Test Loss: 0.26557869811852775, Inverse Test Loss: 13058.713623046875 
2025-02-20 15:55:52,402 INFO: Epoch 36, Train Loss: 0.28796354040764927, Test Loss: 0.26330101042985915, Inverse Test Loss: 12946.71767578125 
2025-02-20 15:55:53,500 INFO: Epoch 37, Train Loss: 0.3028543290861866, Test Loss: 0.26270316590865456, Inverse Test Loss: 12917.321126302084 
2025-02-20 15:55:54,580 INFO: Epoch 38, Train Loss: 0.28496230197580236, Test Loss: 0.26203780869642895, Inverse Test Loss: 12884.604752604168 
2025-02-20 15:55:55,690 INFO: Epoch 39, Train Loss: 0.28592312728103836, Test Loss: 0.2601655604938666, Inverse Test Loss: 12792.544873046874 
2025-02-20 15:55:56,822 INFO: Epoch 40, Train Loss: 0.2824658722731105, Test Loss: 0.26268722911675774, Inverse Test Loss: 12916.538216145833 
2025-02-20 15:55:57,914 INFO: Epoch 41, Train Loss: 0.28269244233767193, Test Loss: 0.2566253503163656, Inverse Test Loss: 12618.469986979168 
2025-02-20 15:55:58,997 INFO: Epoch 42, Train Loss: 0.2822251359098836, Test Loss: 0.2573256254196167, Inverse Test Loss: 12652.902799479167 
2025-02-20 15:56:00,181 INFO: Epoch 43, Train Loss: 0.27810890528193694, Test Loss: 0.2549179643392563, Inverse Test Loss: 12534.51630859375 
2025-02-20 15:56:01,279 INFO: Epoch 44, Train Loss: 0.27217268577793186, Test Loss: 0.2559781037271023, Inverse Test Loss: 12586.644384765625 
2025-02-20 15:56:02,384 INFO: Epoch 45, Train Loss: 0.27808629211626557, Test Loss: 0.2510659471154213, Inverse Test Loss: 12345.10986328125 
2025-02-20 15:56:03,492 INFO: Epoch 46, Train Loss: 0.26915287605503146, Test Loss: 0.24803189784288407, Inverse Test Loss: 12195.9232421875 
2025-02-20 15:56:04,574 INFO: Epoch 47, Train Loss: 0.2665807361665525, Test Loss: 0.24701548318068187, Inverse Test Loss: 12145.944856770833 
2025-02-20 15:56:05,671 INFO: Epoch 48, Train Loss: 0.2787512028426455, Test Loss: 0.2613252510627111, Inverse Test Loss: 12849.567659505208 
2025-02-20 15:56:06,769 INFO: Epoch 49, Train Loss: 0.28281778018725545, Test Loss: 0.24533929626146952, Inverse Test Loss: 12063.52568359375 
2025-02-20 15:56:07,888 INFO: Epoch 50, Train Loss: 0.26295793919186844, Test Loss: 0.24234479963779448, Inverse Test Loss: 11916.28349609375 
2025-02-20 15:56:09,432 INFO: Epoch 51, Train Loss: 0.259791142062137, Test Loss: 0.24036397486925126, Inverse Test Loss: 11818.885514322918 
2025-02-20 15:56:11,224 INFO: Epoch 52, Train Loss: 0.2685047375005588, Test Loss: 0.2410325934489568, Inverse Test Loss: 11851.7623046875 
2025-02-20 15:56:12,672 INFO: Epoch 53, Train Loss: 0.27164010363712643, Test Loss: 0.23855205078919728, Inverse Test Loss: 11729.7919921875 
2025-02-20 15:56:14,044 INFO: Epoch 54, Train Loss: 0.25383295929222777, Test Loss: 0.23395035515228907, Inverse Test Loss: 11503.522102864583 
2025-02-20 15:56:15,326 INFO: Epoch 55, Train Loss: 0.2501108728087785, Test Loss: 0.23417149434487025, Inverse Test Loss: 11514.395686848959 
2025-02-20 15:56:16,560 INFO: Epoch 56, Train Loss: 0.24634319400055366, Test Loss: 0.23191125094890594, Inverse Test Loss: 11403.25849609375 
2025-02-20 15:56:17,835 INFO: Epoch 57, Train Loss: 0.25511571085243895, Test Loss: 0.22709675282239913, Inverse Test Loss: 11166.525423177083 
2025-02-20 15:56:19,024 INFO: Epoch 58, Train Loss: 0.2496554760033624, Test Loss: 0.23212117155392964, Inverse Test Loss: 11413.580078125 
2025-02-20 15:56:20,192 INFO: Epoch 59, Train Loss: 0.24554322529257389, Test Loss: 0.22633754511674245, Inverse Test Loss: 11129.1947265625 
2025-02-20 15:56:21,305 INFO: Epoch 60, Train Loss: 0.23852452426625972, Test Loss: 0.22379294683535894, Inverse Test Loss: 11004.075032552084 
2025-02-20 15:56:22,485 INFO: Epoch 61, Train Loss: 0.24160818860196231, Test Loss: 0.22491289426883063, Inverse Test Loss: 11059.143619791666 
2025-02-20 15:56:23,646 INFO: Epoch 62, Train Loss: 0.234513234412461, Test Loss: 0.22324387977520624, Inverse Test Loss: 10977.077018229167 
2025-02-20 15:56:24,730 INFO: Epoch 63, Train Loss: 0.24387965573553452, Test Loss: 0.22666451185941697, Inverse Test Loss: 11145.271907552084 
2025-02-20 15:56:25,815 INFO: Epoch 64, Train Loss: 0.24107006662770322, Test Loss: 0.21787440578142803, Inverse Test Loss: 10713.055598958334 
2025-02-20 15:56:26,900 INFO: Epoch 65, Train Loss: 0.23201556386131988, Test Loss: 0.21496712416410446, Inverse Test Loss: 10570.10263671875 
2025-02-20 15:56:27,975 INFO: Epoch 66, Train Loss: 0.227693660217419, Test Loss: 0.21989740331967672, Inverse Test Loss: 10812.527571614582 
2025-02-20 15:56:29,052 INFO: Epoch 67, Train Loss: 0.22732155521710715, Test Loss: 0.21798655440409978, Inverse Test Loss: 10718.56962890625 
2025-02-20 15:56:30,146 INFO: Epoch 68, Train Loss: 0.22590156958291405, Test Loss: 0.21031634410222372, Inverse Test Loss: 10341.42041015625 
2025-02-20 15:56:31,246 INFO: Epoch 69, Train Loss: 0.2209932521769875, Test Loss: 0.21089013616243998, Inverse Test Loss: 10369.6341796875 
2025-02-20 15:56:32,341 INFO: Epoch 70, Train Loss: 0.22230871949802367, Test Loss: 0.21286774128675462, Inverse Test Loss: 10466.874609375 
2025-02-20 15:56:33,441 INFO: Epoch 71, Train Loss: 0.22334549288477815, Test Loss: 0.2099075898528099, Inverse Test Loss: 10321.320735677084 
2025-02-20 15:56:34,534 INFO: Epoch 72, Train Loss: 0.22374991654304036, Test Loss: 0.20740286310513814, Inverse Test Loss: 10198.161393229168 
2025-02-20 15:56:35,643 INFO: Epoch 73, Train Loss: 0.21722537540552908, Test Loss: 0.20554454972346622, Inverse Test Loss: 10106.787174479166 
2025-02-20 15:56:36,818 INFO: Epoch 74, Train Loss: 0.21667199849820973, Test Loss: 0.20502395729223888, Inverse Test Loss: 10081.18896484375 
2025-02-20 15:56:37,927 INFO: Epoch 75, Train Loss: 0.21340600348878325, Test Loss: 0.20513167828321457, Inverse Test Loss: 10086.485546875 
2025-02-20 15:56:39,072 INFO: Epoch 76, Train Loss: 0.22139672320662884, Test Loss: 0.20504323889811835, Inverse Test Loss: 10082.13701171875 
2025-02-20 15:56:40,162 INFO: Epoch 77, Train Loss: 0.21746368928436646, Test Loss: 0.20221993674834568, Inverse Test Loss: 9943.313313802084 
2025-02-20 15:56:41,264 INFO: Epoch 78, Train Loss: 0.2110775054285401, Test Loss: 0.20295458883047104, Inverse Test Loss: 9979.436458333334 
2025-02-20 15:56:42,373 INFO: Epoch 79, Train Loss: 0.2103914354454007, Test Loss: 0.20235125571489335, Inverse Test Loss: 9949.770442708334 
2025-02-20 15:56:43,502 INFO: Epoch 80, Train Loss: 0.21160112530515904, Test Loss: 0.20179950296878815, Inverse Test Loss: 9922.640364583332 
2025-02-20 15:56:44,608 INFO: Epoch 81, Train Loss: 0.21292024850845337, Test Loss: 0.1981086959441503, Inverse Test Loss: 9741.16025390625 
2025-02-20 15:56:45,739 INFO: Epoch 82, Train Loss: 0.2059398198075462, Test Loss: 0.19839181900024414, Inverse Test Loss: 9755.081429036458 
2025-02-20 15:56:46,823 INFO: Epoch 83, Train Loss: 0.20853312836404433, Test Loss: 0.1964989572763443, Inverse Test Loss: 9662.007552083332 
2025-02-20 15:56:47,945 INFO: Epoch 84, Train Loss: 0.2031679974313368, Test Loss: 0.1938509871562322, Inverse Test Loss: 9531.805696614583 
2025-02-20 15:56:49,047 INFO: Epoch 85, Train Loss: 0.2012496276905662, Test Loss: 0.1946857581535975, Inverse Test Loss: 9572.851595052083 
2025-02-20 15:56:50,123 INFO: Epoch 86, Train Loss: 0.20294971358880662, Test Loss: 0.19960800806681314, Inverse Test Loss: 9814.882779947917 
2025-02-20 15:56:51,226 INFO: Epoch 87, Train Loss: 0.20315672012797573, Test Loss: 0.19241583198308945, Inverse Test Loss: 9461.237467447916 
2025-02-20 15:56:52,308 INFO: Epoch 88, Train Loss: 0.20425857276770107, Test Loss: 0.18982267528772354, Inverse Test Loss: 9333.730143229166 
2025-02-20 15:56:53,384 INFO: Epoch 89, Train Loss: 0.20123124540897838, Test Loss: 0.18934179246425628, Inverse Test Loss: 9310.08466796875 
2025-02-20 15:56:54,460 INFO: Epoch 90, Train Loss: 0.20158109761643828, Test Loss: 0.19089443633953732, Inverse Test Loss: 9386.4298828125 
2025-02-20 15:56:55,556 INFO: Epoch 91, Train Loss: 0.2033307339277184, Test Loss: 0.18868988504012427, Inverse Test Loss: 9278.030013020832 
2025-02-20 15:56:56,641 INFO: Epoch 92, Train Loss: 0.1979609224618527, Test Loss: 0.1893216699361801, Inverse Test Loss: 9309.09521484375 
2025-02-20 15:56:57,726 INFO: Epoch 93, Train Loss: 0.19574666787919245, Test Loss: 0.18897356291611989, Inverse Test Loss: 9291.978629557292 
2025-02-20 15:56:58,833 INFO: Epoch 94, Train Loss: 0.19513575824206336, Test Loss: 0.18954586684703828, Inverse Test Loss: 9320.119205729166 
2025-02-20 15:57:00,005 INFO: Epoch 95, Train Loss: 0.19581487186645208, Test Loss: 0.18455162197351455, Inverse Test Loss: 9074.547981770833 
2025-02-20 15:57:01,088 INFO: Epoch 96, Train Loss: 0.20071258056059219, Test Loss: 0.19016349017620088, Inverse Test Loss: 9350.48798828125 
2025-02-20 15:57:02,200 INFO: Epoch 97, Train Loss: 0.19838937855603403, Test Loss: 0.18408668885628382, Inverse Test Loss: 9051.686979166667 
2025-02-20 15:57:03,313 INFO: Epoch 98, Train Loss: 0.19258441932891546, Test Loss: 0.18331997940937678, Inverse Test Loss: 9013.987825520833 
2025-02-20 15:57:04,424 INFO: Epoch 99, Train Loss: 0.19205086286130704, Test Loss: 0.18244697401920953, Inverse Test Loss: 8971.060856119791 
2025-02-20 15:57:05,556 INFO: Epoch 100, Train Loss: 0.1878280563835512, Test Loss: 0.18362663288911182, Inverse Test Loss: 9029.065755208334 
2025-02-20 15:57:05,556 INFO: Best Epoch 99, Best Test Loss: 0.18244697401920953, Inverse Test Loss: 8971.060856119791 
2025-02-20 15:57:06,638 INFO: Epoch 101, Train Loss: 0.18832079843993774, Test Loss: 0.18020879725615183, Inverse Test Loss: 8861.008203125 
2025-02-20 15:57:07,703 INFO: Epoch 102, Train Loss: 0.18574893409222887, Test Loss: 0.18102405418952305, Inverse Test Loss: 8901.094514973958 
2025-02-20 15:57:08,836 INFO: Epoch 103, Train Loss: 0.1812980808971221, Test Loss: 0.18556807513038318, Inverse Test Loss: 9124.527750651041 
2025-02-20 15:57:09,908 INFO: Epoch 104, Train Loss: 0.18446772022728333, Test Loss: 0.17967605988184612, Inverse Test Loss: 8834.813151041666 
2025-02-20 15:57:10,997 INFO: Epoch 105, Train Loss: 0.18097666729437678, Test Loss: 0.1817566692829132, Inverse Test Loss: 8937.118684895833 
2025-02-20 15:57:12,100 INFO: Epoch 106, Train Loss: 0.1854319188155626, Test Loss: 0.17920414259036382, Inverse Test Loss: 8811.607975260416 
2025-02-20 15:57:13,169 INFO: Epoch 107, Train Loss: 0.1803026401944328, Test Loss: 0.17571996102730433, Inverse Test Loss: 8640.288606770833 
2025-02-20 15:57:14,263 INFO: Epoch 108, Train Loss: 0.18009845990883677, Test Loss: 0.17441188593705495, Inverse Test Loss: 8575.96953125 
2025-02-20 15:57:15,360 INFO: Epoch 109, Train Loss: 0.18134463892171257, Test Loss: 0.17315941949685415, Inverse Test Loss: 8514.385091145834 
2025-02-20 15:57:16,458 INFO: Epoch 110, Train Loss: 0.17423854343462408, Test Loss: 0.17262073655923207, Inverse Test Loss: 8487.897493489583 
2025-02-20 15:57:17,549 INFO: Epoch 111, Train Loss: 0.1781066062680462, Test Loss: 0.1738597959280014, Inverse Test Loss: 8548.822884114583 
2025-02-20 15:57:18,617 INFO: Epoch 112, Train Loss: 0.1780482309690693, Test Loss: 0.17417185877760252, Inverse Test Loss: 8564.167073567709 
2025-02-20 15:57:19,723 INFO: Epoch 113, Train Loss: 0.17400899372602763, Test Loss: 0.16908861845731735, Inverse Test Loss: 8314.220133463541 
2025-02-20 15:57:20,819 INFO: Epoch 114, Train Loss: 0.1742497253836247, Test Loss: 0.17043746560811995, Inverse Test Loss: 8380.543684895832 
2025-02-20 15:57:21,934 INFO: Epoch 115, Train Loss: 0.17543553992321617, Test Loss: 0.16775988216201465, Inverse Test Loss: 8248.884895833333 
2025-02-20 15:57:23,039 INFO: Epoch 116, Train Loss: 0.1715687917251336, Test Loss: 0.16751090039809544, Inverse Test Loss: 8236.642903645834 
2025-02-20 15:57:24,144 INFO: Epoch 117, Train Loss: 0.17240051519975327, Test Loss: 0.1680127109090487, Inverse Test Loss: 8261.316536458333 
2025-02-20 15:57:25,224 INFO: Epoch 118, Train Loss: 0.17304638916986032, Test Loss: 0.16626577029625575, Inverse Test Loss: 8175.418570963541 
2025-02-20 15:57:26,299 INFO: Epoch 119, Train Loss: 0.16675594602629804, Test Loss: 0.17063328872124353, Inverse Test Loss: 8390.172395833333 
2025-02-20 15:57:27,468 INFO: Epoch 120, Train Loss: 0.1689843681820652, Test Loss: 0.16713807880878448, Inverse Test Loss: 8218.310709635416 
2025-02-20 15:57:28,547 INFO: Epoch 121, Train Loss: 0.16545982368029, Test Loss: 0.16348053415616354, Inverse Test Loss: 8038.465885416666 
2025-02-20 15:57:29,628 INFO: Epoch 122, Train Loss: 0.16400469708860965, Test Loss: 0.162191970149676, Inverse Test Loss: 7975.106705729167 
2025-02-20 15:57:30,713 INFO: Epoch 123, Train Loss: 0.16279705522353188, Test Loss: 0.16156969865163168, Inverse Test Loss: 7944.509293619792 
2025-02-20 15:57:31,798 INFO: Epoch 124, Train Loss: 0.1643305261406982, Test Loss: 0.16234382937351863, Inverse Test Loss: 7982.573307291666 
2025-02-20 15:57:32,878 INFO: Epoch 125, Train Loss: 0.1599811988049432, Test Loss: 0.16165537834167482, Inverse Test Loss: 7948.721728515625 
2025-02-20 15:57:33,971 INFO: Epoch 126, Train Loss: 0.1614254631690289, Test Loss: 0.16028298288583756, Inverse Test Loss: 7881.23994140625 
2025-02-20 15:57:35,071 INFO: Epoch 127, Train Loss: 0.15791579525460275, Test Loss: 0.158549698193868, Inverse Test Loss: 7796.013509114583 
2025-02-20 15:57:36,172 INFO: Epoch 128, Train Loss: 0.15678715640515611, Test Loss: 0.15851790755987166, Inverse Test Loss: 7794.450276692708 
2025-02-20 15:57:37,266 INFO: Epoch 129, Train Loss: 0.15969705333312353, Test Loss: 0.15800314843654634, Inverse Test Loss: 7769.139143880208 
2025-02-20 15:57:38,347 INFO: Epoch 130, Train Loss: 0.16001161044104056, Test Loss: 0.15595671584208806, Inverse Test Loss: 7668.514013671875 
2025-02-20 15:57:39,439 INFO: Epoch 131, Train Loss: 0.15326361521555668, Test Loss: 0.15780010918776194, Inverse Test Loss: 7759.15556640625 
2025-02-20 15:57:40,544 INFO: Epoch 132, Train Loss: 0.1538303133688475, Test Loss: 0.16031034141778946, Inverse Test Loss: 7882.585205078125 
2025-02-20 15:57:41,624 INFO: Epoch 133, Train Loss: 0.15620132875547074, Test Loss: 0.15500469530622166, Inverse Test Loss: 7621.702099609375 
2025-02-20 15:57:42,711 INFO: Epoch 134, Train Loss: 0.15407991767125695, Test Loss: 0.1533812055985133, Inverse Test Loss: 7541.874202473959 
2025-02-20 15:57:43,795 INFO: Epoch 135, Train Loss: 0.1508887655902327, Test Loss: 0.15220862701535226, Inverse Test Loss: 7484.217333984375 
2025-02-20 15:57:44,886 INFO: Epoch 136, Train Loss: 0.15740398578999334, Test Loss: 0.15480152815580367, Inverse Test Loss: 7611.71279296875 
2025-02-20 15:57:45,980 INFO: Epoch 137, Train Loss: 0.15906551611005215, Test Loss: 0.15400190552075704, Inverse Test Loss: 7572.394840494791 
2025-02-20 15:57:47,059 INFO: Epoch 138, Train Loss: 0.15814613354833504, Test Loss: 0.15073867340882618, Inverse Test Loss: 7411.938753255208 
2025-02-20 15:57:48,128 INFO: Epoch 139, Train Loss: 0.14733874516790374, Test Loss: 0.15067566980918248, Inverse Test Loss: 7408.841080729167 
2025-02-20 15:57:49,214 INFO: Epoch 140, Train Loss: 0.1437677988749847, Test Loss: 0.1488570436835289, Inverse Test Loss: 7319.417822265625 
2025-02-20 15:57:50,291 INFO: Epoch 141, Train Loss: 0.1490730699478534, Test Loss: 0.14953573594490688, Inverse Test Loss: 7352.790071614583 
2025-02-20 15:57:51,364 INFO: Epoch 142, Train Loss: 0.1495991430261679, Test Loss: 0.14951252639293672, Inverse Test Loss: 7351.648681640625 
2025-02-20 15:57:52,449 INFO: Epoch 143, Train Loss: 0.1532768531326662, Test Loss: 0.14829682956139248, Inverse Test Loss: 7291.871468098959 
2025-02-20 15:57:53,519 INFO: Epoch 144, Train Loss: 0.14286464397190957, Test Loss: 0.14525871574878693, Inverse Test Loss: 7142.485319010417 
2025-02-20 15:57:54,597 INFO: Epoch 145, Train Loss: 0.14582873541012145, Test Loss: 0.15108569065729777, Inverse Test Loss: 7429.001985677083 
2025-02-20 15:57:55,675 INFO: Epoch 146, Train Loss: 0.1499785974360349, Test Loss: 0.14857514748970668, Inverse Test Loss: 7305.557014973959 
2025-02-20 15:57:56,740 INFO: Epoch 147, Train Loss: 0.14930394958508642, Test Loss: 0.1443131148815155, Inverse Test Loss: 7095.989192708334 
2025-02-20 15:57:57,814 INFO: Epoch 148, Train Loss: 0.1413236182967299, Test Loss: 0.1437180312971274, Inverse Test Loss: 7066.72861328125 
2025-02-20 15:57:58,892 INFO: Epoch 149, Train Loss: 0.14101510364235492, Test Loss: 0.1413898065686226, Inverse Test Loss: 6952.248372395833 
2025-02-20 15:57:59,984 INFO: Epoch 150, Train Loss: 0.1415781645398391, Test Loss: 0.14645218054453532, Inverse Test Loss: 7201.16904296875 
2025-02-20 15:58:01,149 INFO: Epoch 151, Train Loss: 0.1408631572859329, Test Loss: 0.14307615980505944, Inverse Test Loss: 7035.16708984375 
2025-02-20 15:58:02,221 INFO: Epoch 152, Train Loss: 0.1399763838240975, Test Loss: 0.14082407752672832, Inverse Test Loss: 6924.430631510417 
2025-02-20 15:58:03,303 INFO: Epoch 153, Train Loss: 0.14056026007522615, Test Loss: 0.13962462395429612, Inverse Test Loss: 6865.4529296875 
2025-02-20 15:58:04,380 INFO: Epoch 154, Train Loss: 0.13989678090601637, Test Loss: 0.14067912821968395, Inverse Test Loss: 6917.303580729166 
2025-02-20 15:58:05,452 INFO: Epoch 155, Train Loss: 0.13908572233559793, Test Loss: 0.1425587331255277, Inverse Test Loss: 7009.724772135417 
2025-02-20 15:58:06,539 INFO: Epoch 156, Train Loss: 0.13760835840775257, Test Loss: 0.14040222615003586, Inverse Test Loss: 6903.687630208334 
2025-02-20 15:58:07,612 INFO: Epoch 157, Train Loss: 0.1377135726966356, Test Loss: 0.13850415696700413, Inverse Test Loss: 6810.358487955729 
2025-02-20 15:58:08,695 INFO: Epoch 158, Train Loss: 0.13960652850699007, Test Loss: 0.13678337931632994, Inverse Test Loss: 6725.746712239584 
2025-02-20 15:58:09,813 INFO: Epoch 159, Train Loss: 0.13443885730546817, Test Loss: 0.13769158696134884, Inverse Test Loss: 6770.403409830729 
2025-02-20 15:58:10,913 INFO: Epoch 160, Train Loss: 0.1339321667165087, Test Loss: 0.13656019990642865, Inverse Test Loss: 6714.772395833334 
2025-02-20 15:58:12,018 INFO: Epoch 161, Train Loss: 0.13049565386353879, Test Loss: 0.13648735359311104, Inverse Test Loss: 6711.190690104167 
2025-02-20 15:58:13,154 INFO: Epoch 162, Train Loss: 0.13316745147631878, Test Loss: 0.1357996771732966, Inverse Test Loss: 6677.376546223958 
2025-02-20 15:58:14,263 INFO: Epoch 163, Train Loss: 0.13091961294412613, Test Loss: 0.13926743119955062, Inverse Test Loss: 6847.889225260416 
2025-02-20 15:58:15,367 INFO: Epoch 164, Train Loss: 0.13322330762942633, Test Loss: 0.1387539731959502, Inverse Test Loss: 6822.641813151042 
2025-02-20 15:58:16,512 INFO: Epoch 165, Train Loss: 0.13201755455188585, Test Loss: 0.1396829071144263, Inverse Test Loss: 6868.318229166666 
2025-02-20 15:58:17,571 INFO: Epoch 166, Train Loss: 0.13297016618021748, Test Loss: 0.13389859447876612, Inverse Test Loss: 6583.898893229167 
2025-02-20 15:58:18,675 INFO: Epoch 167, Train Loss: 0.13312968141154238, Test Loss: 0.13110546891887984, Inverse Test Loss: 6446.558927408854 
2025-02-20 15:58:19,739 INFO: Epoch 168, Train Loss: 0.13227053692466334, Test Loss: 0.132080764323473, Inverse Test Loss: 6494.515169270833 
2025-02-20 15:58:20,812 INFO: Epoch 169, Train Loss: 0.1275311311086019, Test Loss: 0.1348728907605012, Inverse Test Loss: 6631.806087239584 
2025-02-20 15:58:21,914 INFO: Epoch 170, Train Loss: 0.12525065501400254, Test Loss: 0.1349486415584882, Inverse Test Loss: 6635.530891927084 
2025-02-20 15:58:23,019 INFO: Epoch 171, Train Loss: 0.1257426249876357, Test Loss: 0.1355307549238205, Inverse Test Loss: 6664.153548177083 
2025-02-20 15:58:24,103 INFO: Epoch 172, Train Loss: 0.12582244959316755, Test Loss: 0.13231835414965948, Inverse Test Loss: 6506.197298177083 
2025-02-20 15:58:25,190 INFO: Epoch 173, Train Loss: 0.12381290030061153, Test Loss: 0.13389713962872823, Inverse Test Loss: 6583.828043619792 
2025-02-20 15:58:26,269 INFO: Epoch 174, Train Loss: 0.1262353556720834, Test Loss: 0.13122181047995884, Inverse Test Loss: 6452.279296875 
2025-02-20 15:58:27,342 INFO: Epoch 175, Train Loss: 0.12750012192286944, Test Loss: 0.1297100653251012, Inverse Test Loss: 6377.945654296875 
2025-02-20 15:58:28,410 INFO: Epoch 176, Train Loss: 0.12339500063344051, Test Loss: 0.12854453151424725, Inverse Test Loss: 6320.635335286458 
2025-02-20 15:58:29,497 INFO: Epoch 177, Train Loss: 0.12321761688380911, Test Loss: 0.13135217726230622, Inverse Test Loss: 6458.68994140625 
2025-02-20 15:58:30,574 INFO: Epoch 178, Train Loss: 0.1233760762240803, Test Loss: 0.13018563364942867, Inverse Test Loss: 6401.329964192709 
2025-02-20 15:58:31,680 INFO: Epoch 179, Train Loss: 0.12397809940994832, Test Loss: 0.13120334508518378, Inverse Test Loss: 6451.371435546875 
2025-02-20 15:58:32,751 INFO: Epoch 180, Train Loss: 0.123569126453316, Test Loss: 0.12845588972171149, Inverse Test Loss: 6316.276953125 
2025-02-20 15:58:33,833 INFO: Epoch 181, Train Loss: 0.12398338958359602, Test Loss: 0.127229888488849, Inverse Test Loss: 6255.993538411459 
2025-02-20 15:58:34,902 INFO: Epoch 182, Train Loss: 0.12212557384842321, Test Loss: 0.13138414422671, Inverse Test Loss: 6460.26171875 
2025-02-20 15:58:35,966 INFO: Epoch 183, Train Loss: 0.12115856090135742, Test Loss: 0.1276481454571088, Inverse Test Loss: 6276.559440104166 
2025-02-20 15:58:37,039 INFO: Epoch 184, Train Loss: 0.12112322351650189, Test Loss: 0.12906812205910684, Inverse Test Loss: 6346.380924479166 
2025-02-20 15:58:38,105 INFO: Epoch 185, Train Loss: 0.11647153613075875, Test Loss: 0.12506628558039665, Inverse Test Loss: 6149.607405598958 
2025-02-20 15:58:39,176 INFO: Epoch 186, Train Loss: 0.1212770199043709, Test Loss: 0.13114749720940988, Inverse Test Loss: 6448.625618489584 
2025-02-20 15:58:40,249 INFO: Epoch 187, Train Loss: 0.11814735529192708, Test Loss: 0.12446718563636144, Inverse Test Loss: 6120.149641927083 
2025-02-20 15:58:41,320 INFO: Epoch 188, Train Loss: 0.11884960950466625, Test Loss: 0.12543045034011205, Inverse Test Loss: 6167.513606770834 
2025-02-20 15:58:42,394 INFO: Epoch 189, Train Loss: 0.11691681825016674, Test Loss: 0.12431173101067543, Inverse Test Loss: 6112.505786132812 
2025-02-20 15:58:43,478 INFO: Epoch 190, Train Loss: 0.12298548025520224, Test Loss: 0.1261342833439509, Inverse Test Loss: 6202.12177734375 
2025-02-20 15:58:44,539 INFO: Epoch 191, Train Loss: 0.121040793625932, Test Loss: 0.1252840076883634, Inverse Test Loss: 6160.313411458334 
2025-02-20 15:58:45,645 INFO: Epoch 192, Train Loss: 0.13723601923699966, Test Loss: 0.12267007281382879, Inverse Test Loss: 6031.783927408854 
2025-02-20 15:58:46,752 INFO: Epoch 193, Train Loss: 0.131453387308539, Test Loss: 0.1258769360681375, Inverse Test Loss: 6189.467561848958 
2025-02-20 15:58:47,837 INFO: Epoch 194, Train Loss: 0.11823408135719467, Test Loss: 0.12386269147197405, Inverse Test Loss: 6090.425545247396 
2025-02-20 15:58:48,953 INFO: Epoch 195, Train Loss: 0.11972202961904961, Test Loss: 0.12441660389304161, Inverse Test Loss: 6117.662263997396 
2025-02-20 15:58:50,048 INFO: Epoch 196, Train Loss: 0.11718166005193141, Test Loss: 0.12299458906054497, Inverse Test Loss: 6047.740559895833 
2025-02-20 15:58:51,198 INFO: Epoch 197, Train Loss: 0.11538263554112953, Test Loss: 0.12256462375322978, Inverse Test Loss: 6026.598901367188 
2025-02-20 15:58:52,299 INFO: Epoch 198, Train Loss: 0.11487219495731488, Test Loss: 0.12259749496976534, Inverse Test Loss: 6028.215120442708 
2025-02-20 15:58:53,459 INFO: Epoch 199, Train Loss: 0.11230126470980938, Test Loss: 0.12105468027293682, Inverse Test Loss: 5952.353955078125 
2025-02-20 15:58:54,566 INFO: Epoch 200, Train Loss: 0.12613243152175033, Test Loss: 0.1214790903031826, Inverse Test Loss: 5973.222607421875 
2025-02-20 15:58:54,566 INFO: Best Epoch 199, Best Test Loss: 0.12105468027293682, Inverse Test Loss: 5952.353955078125 
2025-02-20 15:58:55,642 INFO: Epoch 201, Train Loss: 0.11740924169619878, Test Loss: 0.12203580240408579, Inverse Test Loss: 6000.596044921875 
2025-02-20 15:58:56,720 INFO: Epoch 202, Train Loss: 0.1131082850328663, Test Loss: 0.12242525319258372, Inverse Test Loss: 6019.746012369792 
2025-02-20 15:58:57,790 INFO: Epoch 203, Train Loss: 0.11476446086900276, Test Loss: 0.11779869720339775, Inverse Test Loss: 5792.254264322916 
2025-02-20 15:58:58,861 INFO: Epoch 204, Train Loss: 0.109476072092851, Test Loss: 0.1187652071317037, Inverse Test Loss: 5839.778336588542 
2025-02-20 15:58:59,928 INFO: Epoch 205, Train Loss: 0.11259441312990691, Test Loss: 0.11974438391625881, Inverse Test Loss: 5887.925439453125 
2025-02-20 15:59:01,011 INFO: Epoch 206, Train Loss: 0.10699328734425076, Test Loss: 0.1236457367738088, Inverse Test Loss: 6079.758251953125 
2025-02-20 15:59:02,092 INFO: Epoch 207, Train Loss: 0.10953083118064362, Test Loss: 0.11976354320844014, Inverse Test Loss: 5888.867610677084 
2025-02-20 15:59:03,169 INFO: Epoch 208, Train Loss: 0.11479355094202778, Test Loss: 0.11848097642262777, Inverse Test Loss: 5825.803165690104 
2025-02-20 15:59:04,245 INFO: Epoch 209, Train Loss: 0.11161953106261137, Test Loss: 0.11910201112429301, Inverse Test Loss: 5856.33955078125 
2025-02-20 15:59:05,326 INFO: Epoch 210, Train Loss: 0.1057130165005985, Test Loss: 0.11866081456343333, Inverse Test Loss: 5834.645450846354 
2025-02-20 15:59:06,401 INFO: Epoch 211, Train Loss: 0.11301753068702262, Test Loss: 0.1196317158639431, Inverse Test Loss: 5882.385522460938 
2025-02-20 15:59:07,464 INFO: Epoch 212, Train Loss: 0.11586279875451796, Test Loss: 0.11881845047076543, Inverse Test Loss: 5842.396565755208 
2025-02-20 15:59:08,524 INFO: Epoch 213, Train Loss: 0.1058422125745238, Test Loss: 0.1190579429268837, Inverse Test Loss: 5854.172762044271 
2025-02-20 15:59:09,611 INFO: Epoch 214, Train Loss: 0.10721021001799065, Test Loss: 0.12153849545866251, Inverse Test Loss: 5976.143465169271 
2025-02-20 15:59:10,693 INFO: Epoch 215, Train Loss: 0.1078891773103622, Test Loss: 0.11826559988160928, Inverse Test Loss: 5815.212565104167 
2025-02-20 15:59:11,778 INFO: Epoch 216, Train Loss: 0.10399382035329677, Test Loss: 0.11638601968685786, Inverse Test Loss: 5722.792106119791 
2025-02-20 15:59:12,865 INFO: Epoch 217, Train Loss: 0.10399028188303898, Test Loss: 0.11543784824510415, Inverse Test Loss: 5676.170174153646 
2025-02-20 15:59:13,951 INFO: Epoch 218, Train Loss: 0.10647919564916376, Test Loss: 0.11623306199908257, Inverse Test Loss: 5715.270878092448 
2025-02-20 15:59:15,031 INFO: Epoch 219, Train Loss: 0.10865463669362821, Test Loss: 0.1171103327224652, Inverse Test Loss: 5758.406986490885 
2025-02-20 15:59:16,122 INFO: Epoch 220, Train Loss: 0.10590970385492894, Test Loss: 0.11594158423443636, Inverse Test Loss: 5700.938411458334 
2025-02-20 15:59:17,211 INFO: Epoch 221, Train Loss: 0.1066864342020269, Test Loss: 0.11579240957895914, Inverse Test Loss: 5693.6037109375 
2025-02-20 15:59:18,287 INFO: Epoch 222, Train Loss: 0.10321306295104717, Test Loss: 0.11769770570099354, Inverse Test Loss: 5787.288663736979 
2025-02-20 15:59:19,368 INFO: Epoch 223, Train Loss: 0.10189246294791238, Test Loss: 0.1163366787135601, Inverse Test Loss: 5720.366097005209 
2025-02-20 15:59:20,539 INFO: Epoch 224, Train Loss: 0.10317945022854888, Test Loss: 0.11562002624074617, Inverse Test Loss: 5685.127880859375 
2025-02-20 15:59:21,658 INFO: Epoch 225, Train Loss: 0.100135867271507, Test Loss: 0.11504345784584681, Inverse Test Loss: 5656.777490234375 
2025-02-20 15:59:22,807 INFO: Epoch 226, Train Loss: 0.10100513003897249, Test Loss: 0.11585351924101511, Inverse Test Loss: 5696.608642578125 
2025-02-20 15:59:23,925 INFO: Epoch 227, Train Loss: 0.10267260017102225, Test Loss: 0.11706151614586512, Inverse Test Loss: 5756.00654296875 
2025-02-20 15:59:25,072 INFO: Epoch 228, Train Loss: 0.10129216065009435, Test Loss: 0.11645414121448994, Inverse Test Loss: 5726.141471354166 
2025-02-20 15:59:26,193 INFO: Epoch 229, Train Loss: 0.10229706398227759, Test Loss: 0.1151434821387132, Inverse Test Loss: 5661.695686848959 
2025-02-20 15:59:27,283 INFO: Epoch 230, Train Loss: 0.10262784087344219, Test Loss: 0.11488015825549762, Inverse Test Loss: 5648.74794921875 
2025-02-20 15:59:28,365 INFO: Epoch 231, Train Loss: 0.10181568478021705, Test Loss: 0.11431807093322277, Inverse Test Loss: 5621.109440104166 
2025-02-20 15:59:29,452 INFO: Epoch 232, Train Loss: 0.09847426035425119, Test Loss: 0.1125983006010453, Inverse Test Loss: 5536.54687906901 
2025-02-20 15:59:30,542 INFO: Epoch 233, Train Loss: 0.10177267970223176, Test Loss: 0.11623402511080107, Inverse Test Loss: 5715.318294270834 
2025-02-20 15:59:31,650 INFO: Epoch 234, Train Loss: 0.11449810385442617, Test Loss: 0.11781830166776976, Inverse Test Loss: 5793.218334960938 
2025-02-20 15:59:32,731 INFO: Epoch 235, Train Loss: 0.10501928392209504, Test Loss: 0.11648932645718256, Inverse Test Loss: 5727.8717854817705 
2025-02-20 15:59:33,852 INFO: Epoch 236, Train Loss: 0.10310536230865278, Test Loss: 0.11163201828797659, Inverse Test Loss: 5489.03389078776 
2025-02-20 15:59:35,015 INFO: Epoch 237, Train Loss: 0.09802458997358356, Test Loss: 0.1110034150381883, Inverse Test Loss: 5458.125227864583 
2025-02-20 15:59:36,134 INFO: Epoch 238, Train Loss: 0.09607263889751937, Test Loss: 0.11223900119463602, Inverse Test Loss: 5518.8798421223955 
2025-02-20 15:59:37,298 INFO: Epoch 239, Train Loss: 0.0979780284197707, Test Loss: 0.11297636354962985, Inverse Test Loss: 5555.136181640625 
2025-02-20 15:59:38,359 INFO: Epoch 240, Train Loss: 0.103441311340583, Test Loss: 0.1152112290263176, Inverse Test Loss: 5665.026692708333 
2025-02-20 15:59:39,501 INFO: Epoch 241, Train Loss: 0.10082829655393173, Test Loss: 0.1118640959262848, Inverse Test Loss: 5500.445589192708 
2025-02-20 15:59:40,650 INFO: Epoch 242, Train Loss: 0.09818527657996144, Test Loss: 0.11190664675086737, Inverse Test Loss: 5502.537654622396 
2025-02-20 15:59:41,751 INFO: Epoch 243, Train Loss: 0.1013063459019912, Test Loss: 0.11221016024549803, Inverse Test Loss: 5517.461865234375 
2025-02-20 15:59:42,877 INFO: Epoch 244, Train Loss: 0.09571032317584022, Test Loss: 0.10915985784182945, Inverse Test Loss: 5367.476017252604 
2025-02-20 15:59:43,973 INFO: Epoch 245, Train Loss: 0.09502977538004256, Test Loss: 0.11195555875698725, Inverse Test Loss: 5504.942610677083 
2025-02-20 15:59:45,119 INFO: Epoch 246, Train Loss: 0.09531878122831122, Test Loss: 0.11274066772311926, Inverse Test Loss: 5543.5470499674475 
2025-02-20 15:59:46,239 INFO: Epoch 247, Train Loss: 0.09711790771076553, Test Loss: 0.1110412875811259, Inverse Test Loss: 5459.9872639973955 
2025-02-20 15:59:47,388 INFO: Epoch 248, Train Loss: 0.10148893120257478, Test Loss: 0.11121876239776611, Inverse Test Loss: 5468.714086914062 
2025-02-20 15:59:48,496 INFO: Epoch 249, Train Loss: 0.09992245989933349, Test Loss: 0.11101295202970504, Inverse Test Loss: 5458.594274902343 
2025-02-20 15:59:49,592 INFO: Epoch 250, Train Loss: 0.09727617189810987, Test Loss: 0.11068631882468859, Inverse Test Loss: 5442.533463541667 
2025-02-20 15:59:50,712 INFO: Epoch 251, Train Loss: 0.09609715578456719, Test Loss: 0.11085574254393578, Inverse Test Loss: 5450.864070638021 
2025-02-20 15:59:51,892 INFO: Epoch 252, Train Loss: 0.09343088967235465, Test Loss: 0.10940149718274673, Inverse Test Loss: 5379.357279459636 
2025-02-20 15:59:52,971 INFO: Epoch 253, Train Loss: 0.09320454776140027, Test Loss: 0.11169004465142886, Inverse Test Loss: 5491.887255859375 
2025-02-20 15:59:54,044 INFO: Epoch 254, Train Loss: 0.09486063831208046, Test Loss: 0.10897562019526959, Inverse Test Loss: 5358.416621907552 
2025-02-20 15:59:55,144 INFO: Epoch 255, Train Loss: 0.0922972579862465, Test Loss: 0.10800166341165701, Inverse Test Loss: 5310.526713053386 
2025-02-20 15:59:56,244 INFO: Epoch 256, Train Loss: 0.09344231598732765, Test Loss: 0.10806062370538712, Inverse Test Loss: 5313.426123046875 
2025-02-20 15:59:57,371 INFO: Epoch 257, Train Loss: 0.09434184490850098, Test Loss: 0.10723637950917085, Inverse Test Loss: 5272.897005208333 
2025-02-20 15:59:58,446 INFO: Epoch 258, Train Loss: 0.09284653945973045, Test Loss: 0.10769841317087411, Inverse Test Loss: 5295.615511067708 
2025-02-20 15:59:59,516 INFO: Epoch 259, Train Loss: 0.09217900554077667, Test Loss: 0.10806664091845354, Inverse Test Loss: 5313.721834309896 
2025-02-20 16:00:00,605 INFO: Epoch 260, Train Loss: 0.09087198443318668, Test Loss: 0.10849128998816013, Inverse Test Loss: 5334.601879882813 
2025-02-20 16:00:01,692 INFO: Epoch 261, Train Loss: 0.09210952031507827, Test Loss: 0.10658125976721446, Inverse Test Loss: 5240.684383138021 
2025-02-20 16:00:02,772 INFO: Epoch 262, Train Loss: 0.09267320374451708, Test Loss: 0.10541546475142241, Inverse Test Loss: 5183.361499023437 
2025-02-20 16:00:03,852 INFO: Epoch 263, Train Loss: 0.08950733269254367, Test Loss: 0.10677889900592466, Inverse Test Loss: 5250.402376556396 
2025-02-20 16:00:04,949 INFO: Epoch 264, Train Loss: 0.0906343225455075, Test Loss: 0.11031025225917498, Inverse Test Loss: 5424.041959635417 
2025-02-20 16:00:06,047 INFO: Epoch 265, Train Loss: 0.0912640613683483, Test Loss: 0.10468204428131382, Inverse Test Loss: 5147.298065185547 
2025-02-20 16:00:07,224 INFO: Epoch 266, Train Loss: 0.09307961067871044, Test Loss: 0.1067927439386646, Inverse Test Loss: 5251.083056640625 
2025-02-20 16:00:08,341 INFO: Epoch 267, Train Loss: 0.09215358775435832, Test Loss: 0.10821821372956038, Inverse Test Loss: 5321.174641927083 
2025-02-20 16:00:09,423 INFO: Epoch 268, Train Loss: 0.09472845464520026, Test Loss: 0.10390208015839258, Inverse Test Loss: 5108.946716308594 
2025-02-20 16:00:10,505 INFO: Epoch 269, Train Loss: 0.08954992106086329, Test Loss: 0.10782527836660544, Inverse Test Loss: 5301.853568522135 
2025-02-20 16:00:11,580 INFO: Epoch 270, Train Loss: 0.09063863956875969, Test Loss: 0.10541920873026053, Inverse Test Loss: 5183.545402018229 
2025-02-20 16:00:12,653 INFO: Epoch 271, Train Loss: 0.09081091457291653, Test Loss: 0.10704585363467535, Inverse Test Loss: 5263.52861328125 
2025-02-20 16:00:13,739 INFO: Epoch 272, Train Loss: 0.09014322484532993, Test Loss: 0.10385773001859586, Inverse Test Loss: 5106.766027832031 
2025-02-20 16:00:14,810 INFO: Epoch 273, Train Loss: 0.08765192519415889, Test Loss: 0.10459444920221965, Inverse Test Loss: 5142.991031901041 
2025-02-20 16:00:15,965 INFO: Epoch 274, Train Loss: 0.08790061714356406, Test Loss: 0.10496252719312907, Inverse Test Loss: 5161.089731852214 
2025-02-20 16:00:17,053 INFO: Epoch 275, Train Loss: 0.0866559432133248, Test Loss: 0.10387209330995878, Inverse Test Loss: 5107.472387695312 
2025-02-20 16:00:18,142 INFO: Epoch 276, Train Loss: 0.08593532782897614, Test Loss: 0.10323662913093964, Inverse Test Loss: 5076.226098632813 
2025-02-20 16:00:19,302 INFO: Epoch 277, Train Loss: 0.11090825445819319, Test Loss: 0.10656150691211223, Inverse Test Loss: 5239.713102213542 
2025-02-20 16:00:20,440 INFO: Epoch 278, Train Loss: 0.0931246843385069, Test Loss: 0.10280345889429252, Inverse Test Loss: 5054.927135213216 
2025-02-20 16:00:21,502 INFO: Epoch 279, Train Loss: 0.08636360288712017, Test Loss: 0.10125132190684477, Inverse Test Loss: 4978.607242838541 
2025-02-20 16:00:22,583 INFO: Epoch 280, Train Loss: 0.0863959318713138, Test Loss: 0.10289023028065761, Inverse Test Loss: 5059.193351236979 
2025-02-20 16:00:23,764 INFO: Epoch 281, Train Loss: 0.08624106802438435, Test Loss: 0.10431588763991992, Inverse Test Loss: 5129.294128417969 
2025-02-20 16:00:24,857 INFO: Epoch 282, Train Loss: 0.08534511335586246, Test Loss: 0.10437003994981447, Inverse Test Loss: 5131.956941731771 
2025-02-20 16:00:25,946 INFO: Epoch 283, Train Loss: 0.08527993969619274, Test Loss: 0.10202104815592368, Inverse Test Loss: 5016.454993693033 
2025-02-20 16:00:27,038 INFO: Epoch 284, Train Loss: 0.08348121441770018, Test Loss: 0.10137784580389658, Inverse Test Loss: 4984.828267415364 
2025-02-20 16:00:28,120 INFO: Epoch 285, Train Loss: 0.08386194513163023, Test Loss: 0.10077595552429557, Inverse Test Loss: 4955.23286336263 
2025-02-20 16:00:29,190 INFO: Epoch 286, Train Loss: 0.08461271298297665, Test Loss: 0.10385527089238167, Inverse Test Loss: 5106.645163472494 
2025-02-20 16:00:30,300 INFO: Epoch 287, Train Loss: 0.08482796849127401, Test Loss: 0.10220937008659045, Inverse Test Loss: 5025.714825439453 
2025-02-20 16:00:31,434 INFO: Epoch 288, Train Loss: 0.08424084349290321, Test Loss: 0.1019402090460062, Inverse Test Loss: 5012.48046875 
2025-02-20 16:00:32,522 INFO: Epoch 289, Train Loss: 0.08296497015838038, Test Loss: 0.10009575810593864, Inverse Test Loss: 4921.787054443359 
2025-02-20 16:00:33,620 INFO: Epoch 290, Train Loss: 0.08334462514571976, Test Loss: 0.10066235847771168, Inverse Test Loss: 4949.647412109375 
2025-02-20 16:00:34,701 INFO: Epoch 291, Train Loss: 0.08220224219717477, Test Loss: 0.10181704958279927, Inverse Test Loss: 5006.42451171875 
2025-02-20 16:00:35,849 INFO: Epoch 292, Train Loss: 0.08356904532564313, Test Loss: 0.10193145436545213, Inverse Test Loss: 5012.049869791666 
2025-02-20 16:00:37,022 INFO: Epoch 293, Train Loss: 0.08417797232406181, Test Loss: 0.10295255289723476, Inverse Test Loss: 5062.257845052083 
2025-02-20 16:00:38,095 INFO: Epoch 294, Train Loss: 0.08198540592402742, Test Loss: 0.10044468933095535, Inverse Test Loss: 4938.944409179688 
2025-02-20 16:00:39,170 INFO: Epoch 295, Train Loss: 0.08772288596159533, Test Loss: 0.10380930925408999, Inverse Test Loss: 5104.385115559896 
2025-02-20 16:00:40,256 INFO: Epoch 296, Train Loss: 0.08538908328403506, Test Loss: 0.10114503403504689, Inverse Test Loss: 4973.381075032552 
2025-02-20 16:00:41,332 INFO: Epoch 297, Train Loss: 0.08134508825707853, Test Loss: 0.09951982678224643, Inverse Test Loss: 4893.4683024088545 
2025-02-20 16:00:42,428 INFO: Epoch 298, Train Loss: 0.08262642133131362, Test Loss: 0.10262273860474427, Inverse Test Loss: 5046.040836588541 
2025-02-20 16:00:43,508 INFO: Epoch 299, Train Loss: 0.08189215622188752, Test Loss: 0.10552115316192309, Inverse Test Loss: 5188.5579966227215 
2025-02-20 16:00:44,579 INFO: Epoch 300, Train Loss: 0.08309473842382431, Test Loss: 0.10022547096014023, Inverse Test Loss: 4928.164986165365 
2025-02-20 16:00:44,579 INFO: Best Epoch 297, Best Test Loss: 0.09951982678224643, Inverse Test Loss: 4893.4683024088545 
2025-02-20 16:00:45,701 INFO: Epoch 301, Train Loss: 0.08281531371176243, Test Loss: 0.09965421681602796, Inverse Test Loss: 4900.076139322917 
2025-02-20 16:00:46,891 INFO: Epoch 302, Train Loss: 0.08703592805224553, Test Loss: 0.10447852239012718, Inverse Test Loss: 5137.291267903646 
2025-02-20 16:00:48,097 INFO: Epoch 303, Train Loss: 0.08792109044856931, Test Loss: 0.1000731889003267, Inverse Test Loss: 4920.677343241374 
2025-02-20 16:00:49,269 INFO: Epoch 304, Train Loss: 0.0859373705951791, Test Loss: 0.10112940880159536, Inverse Test Loss: 4972.612502034505 
2025-02-20 16:00:50,485 INFO: Epoch 305, Train Loss: 0.0834999636730604, Test Loss: 0.1000212703521053, Inverse Test Loss: 4918.12480875651 
2025-02-20 16:00:51,722 INFO: Epoch 306, Train Loss: 0.08211768418550491, Test Loss: 0.10021750995268425, Inverse Test Loss: 4927.773486328125 
2025-02-20 16:00:52,848 INFO: Epoch 307, Train Loss: 0.08090782100171373, Test Loss: 0.10005836250881354, Inverse Test Loss: 4919.948413085937 
2025-02-20 16:00:53,962 INFO: Epoch 308, Train Loss: 0.0843002270057536, Test Loss: 0.09917226048807302, Inverse Test Loss: 4876.377899169922 
2025-02-20 16:00:55,055 INFO: Epoch 309, Train Loss: 0.08016955891722127, Test Loss: 0.09903011520703633, Inverse Test Loss: 4869.388745117188 
2025-02-20 16:00:56,209 INFO: Epoch 310, Train Loss: 0.07721208101301863, Test Loss: 0.09892313095430533, Inverse Test Loss: 4864.128100585937 
2025-02-20 16:00:57,344 INFO: Epoch 311, Train Loss: 0.08073148066014574, Test Loss: 0.09886656037221352, Inverse Test Loss: 4861.346356201172 
2025-02-20 16:00:58,425 INFO: Epoch 312, Train Loss: 0.07887085568846057, Test Loss: 0.09944726414978504, Inverse Test Loss: 4889.900170898438 
2025-02-20 16:00:59,509 INFO: Epoch 313, Train Loss: 0.07748990218367494, Test Loss: 0.10290826310714087, Inverse Test Loss: 5060.080098470052 
2025-02-20 16:01:00,595 INFO: Epoch 314, Train Loss: 0.07782729885034394, Test Loss: 0.09812638231863578, Inverse Test Loss: 4824.951163736979 
2025-02-20 16:01:01,649 INFO: Epoch 315, Train Loss: 0.07665693782792803, Test Loss: 0.09713343869273862, Inverse Test Loss: 4776.127252197266 
2025-02-20 16:01:02,718 INFO: Epoch 316, Train Loss: 0.0789507440569108, Test Loss: 0.09784831671665112, Inverse Test Loss: 4811.278816731771 
2025-02-20 16:01:03,794 INFO: Epoch 317, Train Loss: 0.0788800001405833, Test Loss: 0.10040914065515001, Inverse Test Loss: 4937.196105957031 
2025-02-20 16:01:04,883 INFO: Epoch 318, Train Loss: 0.0778961527373707, Test Loss: 0.0968818509640793, Inverse Test Loss: 4763.756788126628 
2025-02-20 16:01:05,932 INFO: Epoch 319, Train Loss: 0.0763426385819912, Test Loss: 0.09752013351147373, Inverse Test Loss: 4795.141666666666 
2025-02-20 16:01:07,005 INFO: Epoch 320, Train Loss: 0.07740858295246174, Test Loss: 0.09612633765985569, Inverse Test Loss: 4726.607580566406 
2025-02-20 16:01:08,075 INFO: Epoch 321, Train Loss: 0.0771713566623236, Test Loss: 0.10070643030727904, Inverse Test Loss: 4951.814111328125 
2025-02-20 16:01:09,162 INFO: Epoch 322, Train Loss: 0.07651525199936147, Test Loss: 0.0989438568552335, Inverse Test Loss: 4865.146864827474 
2025-02-20 16:01:10,250 INFO: Epoch 323, Train Loss: 0.07731664978098451, Test Loss: 0.097229172832643, Inverse Test Loss: 4780.834694417318 
2025-02-20 16:01:11,322 INFO: Epoch 324, Train Loss: 0.07781430320781574, Test Loss: 0.09733287307123344, Inverse Test Loss: 4785.933605957031 
2025-02-20 16:01:12,390 INFO: Epoch 325, Train Loss: 0.07902182932747037, Test Loss: 0.09652560375009973, Inverse Test Loss: 4746.2400390625 
2025-02-20 16:01:13,476 INFO: Epoch 326, Train Loss: 0.0773149808509308, Test Loss: 0.09578659683465958, Inverse Test Loss: 4709.902161661784 
2025-02-20 16:01:14,590 INFO: Epoch 327, Train Loss: 0.0773903136713463, Test Loss: 0.09924424556083977, Inverse Test Loss: 4879.917273966471 
2025-02-20 16:01:15,650 INFO: Epoch 328, Train Loss: 0.07601731937182576, Test Loss: 0.09590732365225753, Inverse Test Loss: 4715.838618977865 
2025-02-20 16:01:16,729 INFO: Epoch 329, Train Loss: 0.07696722055736341, Test Loss: 0.09859126061201096, Inverse Test Loss: 4847.809810384115 
2025-02-20 16:01:17,892 INFO: Epoch 330, Train Loss: 0.07480097921532497, Test Loss: 0.09569404822929452, Inverse Test Loss: 4705.351605733235 
2025-02-20 16:01:18,980 INFO: Epoch 331, Train Loss: 0.0761259134139931, Test Loss: 0.10289659822980562, Inverse Test Loss: 5059.506434122722 
2025-02-20 16:01:20,161 INFO: Epoch 332, Train Loss: 0.07571690072093093, Test Loss: 0.09511541910469531, Inverse Test Loss: 4676.899857584635 
2025-02-20 16:01:21,352 INFO: Epoch 333, Train Loss: 0.07523308001589357, Test Loss: 0.0955447637476027, Inverse Test Loss: 4698.0109720865885 
2025-02-20 16:01:22,630 INFO: Epoch 334, Train Loss: 0.07308098667284899, Test Loss: 0.09648213007797797, Inverse Test Loss: 4744.101985677084 
2025-02-20 16:01:23,839 INFO: Epoch 335, Train Loss: 0.07458819697300594, Test Loss: 0.09647271490345398, Inverse Test Loss: 4743.639243570963 
2025-02-20 16:01:25,000 INFO: Epoch 336, Train Loss: 0.07153500374733356, Test Loss: 0.09653098403165737, Inverse Test Loss: 4746.504400634765 
2025-02-20 16:01:26,094 INFO: Epoch 337, Train Loss: 0.07563274968088719, Test Loss: 0.09591910087813933, Inverse Test Loss: 4716.417606608073 
2025-02-20 16:01:27,228 INFO: Epoch 338, Train Loss: 0.07422339654805367, Test Loss: 0.09621307197958232, Inverse Test Loss: 4730.872184244791 
2025-02-20 16:01:28,407 INFO: Epoch 339, Train Loss: 0.07699711503166902, Test Loss: 0.09601672811744114, Inverse Test Loss: 4721.2180033365885 
2025-02-20 16:01:29,610 INFO: Epoch 340, Train Loss: 0.07374023964726611, Test Loss: 0.09434531244138876, Inverse Test Loss: 4639.032926432292 
2025-02-20 16:01:30,785 INFO: Epoch 341, Train Loss: 0.07273325520126443, Test Loss: 0.09494615104049445, Inverse Test Loss: 4668.576580810547 
2025-02-20 16:01:31,922 INFO: Epoch 342, Train Loss: 0.07505002853117491, Test Loss: 0.09677067653586467, Inverse Test Loss: 4758.2903767903645 
2025-02-20 16:01:33,035 INFO: Epoch 343, Train Loss: 0.07607929205946755, Test Loss: 0.095631203862528, Inverse Test Loss: 4702.261376953125 
2025-02-20 16:01:34,372 INFO: Epoch 344, Train Loss: 0.07579794231998294, Test Loss: 0.09670061242456238, Inverse Test Loss: 4754.845133463542 
2025-02-20 16:01:35,638 INFO: Epoch 345, Train Loss: 0.07231195463815279, Test Loss: 0.09445615721245607, Inverse Test Loss: 4644.483430989583 
2025-02-20 16:01:36,825 INFO: Epoch 346, Train Loss: 0.07041122646708238, Test Loss: 0.09440616068119805, Inverse Test Loss: 4642.02510172526 
2025-02-20 16:01:38,062 INFO: Epoch 347, Train Loss: 0.07488939577811643, Test Loss: 0.093584568426013, Inverse Test Loss: 4601.626703898112 
2025-02-20 16:01:39,315 INFO: Epoch 348, Train Loss: 0.07019181013630148, Test Loss: 0.09460611809045076, Inverse Test Loss: 4651.857284545898 
2025-02-20 16:01:40,515 INFO: Epoch 349, Train Loss: 0.07160100399663574, Test Loss: 0.09513230957090854, Inverse Test Loss: 4677.7309977213545 
2025-02-20 16:01:41,600 INFO: Epoch 350, Train Loss: 0.07209565581982597, Test Loss: 0.0959997828428944, Inverse Test Loss: 4720.38466796875 
2025-02-20 16:01:42,706 INFO: Epoch 351, Train Loss: 0.07238173863866873, Test Loss: 0.09222295807364086, Inverse Test Loss: 4534.675182088216 
2025-02-20 16:01:43,840 INFO: Epoch 352, Train Loss: 0.07304211895455394, Test Loss: 0.09564769268035889, Inverse Test Loss: 4703.0723063151045 
2025-02-20 16:01:44,919 INFO: Epoch 353, Train Loss: 0.07040919915756635, Test Loss: 0.09571867998068531, Inverse Test Loss: 4706.56273803711 
2025-02-20 16:01:45,981 INFO: Epoch 354, Train Loss: 0.07079040134946506, Test Loss: 0.0959112165030092, Inverse Test Loss: 4716.02975209554 
2025-02-20 16:01:47,051 INFO: Epoch 355, Train Loss: 0.07126475380439508, Test Loss: 0.09767897178729375, Inverse Test Loss: 4802.951698811849 
2025-02-20 16:01:48,126 INFO: Epoch 356, Train Loss: 0.06977500776319127, Test Loss: 0.097693936121262, Inverse Test Loss: 4803.68749516805 
2025-02-20 16:01:49,215 INFO: Epoch 357, Train Loss: 0.07492542685123912, Test Loss: 0.09467705393520494, Inverse Test Loss: 4655.3453369140625 
2025-02-20 16:01:50,277 INFO: Epoch 358, Train Loss: 0.07455983659938763, Test Loss: 0.09490786114086708, Inverse Test Loss: 4666.693913777669 
2025-02-20 16:01:51,356 INFO: Epoch 359, Train Loss: 0.0731059283410248, Test Loss: 0.09746823161840439, Inverse Test Loss: 4792.589528401692 
2025-02-20 16:01:52,419 INFO: Epoch 360, Train Loss: 0.07038092312582753, Test Loss: 0.0991867646574974, Inverse Test Loss: 4877.0912943522135 
2025-02-20 16:01:53,488 INFO: Epoch 361, Train Loss: 0.07000967618404773, Test Loss: 0.0941607785023128, Inverse Test Loss: 4629.959403991699 
2025-02-20 16:01:54,563 INFO: Epoch 362, Train Loss: 0.07487499740040093, Test Loss: 0.09584520012140274, Inverse Test Loss: 4712.783935546875 
2025-02-20 16:01:55,638 INFO: Epoch 363, Train Loss: 0.07207368000557549, Test Loss: 0.092204417878141, Inverse Test Loss: 4533.763588460287 
2025-02-20 16:01:56,701 INFO: Epoch 364, Train Loss: 0.07040964488528277, Test Loss: 0.09512727943559487, Inverse Test Loss: 4677.4826802571615 
2025-02-20 16:01:57,833 INFO: Epoch 365, Train Loss: 0.06845796660503797, Test Loss: 0.09380042850971222, Inverse Test Loss: 4612.240785725911 
2025-02-20 16:01:58,957 INFO: Epoch 366, Train Loss: 0.06776730693353895, Test Loss: 0.0920762125092248, Inverse Test Loss: 4527.459451293946 
2025-02-20 16:02:00,039 INFO: Epoch 367, Train Loss: 0.06779397520841214, Test Loss: 0.09370909201679752, Inverse Test Loss: 4607.749670918783 
2025-02-20 16:02:01,112 INFO: Epoch 368, Train Loss: 0.07267728173419048, Test Loss: 0.09207183197140693, Inverse Test Loss: 4527.244156901042 
2025-02-20 16:02:02,187 INFO: Epoch 369, Train Loss: 0.07180040708759375, Test Loss: 0.09208618180903917, Inverse Test Loss: 4527.949770863851 
2025-02-20 16:02:03,299 INFO: Epoch 370, Train Loss: 0.06983699473111253, Test Loss: 0.09096681593606869, Inverse Test Loss: 4472.909764607747 
2025-02-20 16:02:04,390 INFO: Epoch 371, Train Loss: 0.06969931466799033, Test Loss: 0.09190953611202228, Inverse Test Loss: 4519.264082400004 
2025-02-20 16:02:05,457 INFO: Epoch 372, Train Loss: 0.06861678216802447, Test Loss: 0.09219766966998577, Inverse Test Loss: 4533.431962076823 
2025-02-20 16:02:06,537 INFO: Epoch 373, Train Loss: 0.06790453277266863, Test Loss: 0.09186416883021593, Inverse Test Loss: 4517.033071899414 
2025-02-20 16:02:07,602 INFO: Epoch 374, Train Loss: 0.06772947288526777, Test Loss: 0.09439140163982908, Inverse Test Loss: 4641.299435424805 
2025-02-20 16:02:08,668 INFO: Epoch 375, Train Loss: 0.06709242579445504, Test Loss: 0.09199480476478736, Inverse Test Loss: 4523.456658935547 
2025-02-20 16:02:09,777 INFO: Epoch 376, Train Loss: 0.06712928656161878, Test Loss: 0.09072278545548519, Inverse Test Loss: 4460.910538736979 
2025-02-20 16:02:10,935 INFO: Epoch 377, Train Loss: 0.06642382575623822, Test Loss: 0.09108956040193637, Inverse Test Loss: 4478.945200602214 
2025-02-20 16:02:12,006 INFO: Epoch 378, Train Loss: 0.0678720772266388, Test Loss: 0.09258502752830584, Inverse Test Loss: 4552.478538004557 
2025-02-20 16:02:13,075 INFO: Epoch 379, Train Loss: 0.07082905816404443, Test Loss: 0.09104329364684721, Inverse Test Loss: 4476.670397949219 
2025-02-20 16:02:14,134 INFO: Epoch 380, Train Loss: 0.06901207585868083, Test Loss: 0.09240310847138365, Inverse Test Loss: 4543.533479817708 
2025-02-20 16:02:15,211 INFO: Epoch 381, Train Loss: 0.06676533390163329, Test Loss: 0.09091961917001753, Inverse Test Loss: 4470.589002990722 
2025-02-20 16:02:16,273 INFO: Epoch 382, Train Loss: 0.06447291738566077, Test Loss: 0.09227927401661873, Inverse Test Loss: 4537.444604492188 
2025-02-20 16:02:17,343 INFO: Epoch 383, Train Loss: 0.0823225509048554, Test Loss: 0.09373751518627008, Inverse Test Loss: 4609.147432454427 
2025-02-20 16:02:18,490 INFO: Epoch 384, Train Loss: 0.08439161050697103, Test Loss: 0.09621415504564841, Inverse Test Loss: 4730.925805664063 
2025-02-20 16:02:19,611 INFO: Epoch 385, Train Loss: 0.06954809330534517, Test Loss: 0.09336490736653408, Inverse Test Loss: 4590.825950113932 
2025-02-20 16:02:20,679 INFO: Epoch 386, Train Loss: 0.06836861269058365, Test Loss: 0.09407081510871648, Inverse Test Loss: 4625.536218261719 
2025-02-20 16:02:21,766 INFO: Epoch 387, Train Loss: 0.06635789285626328, Test Loss: 0.09041146983702977, Inverse Test Loss: 4445.60332438151 
2025-02-20 16:02:22,873 INFO: Epoch 388, Train Loss: 0.06896497439919856, Test Loss: 0.09215405536815524, Inverse Test Loss: 4531.287157185872 
2025-02-20 16:02:23,975 INFO: Epoch 389, Train Loss: 0.06372900555531184, Test Loss: 0.09225038594255845, Inverse Test Loss: 4536.0239949544275 
2025-02-20 16:02:25,079 INFO: Epoch 390, Train Loss: 0.06628107978847989, Test Loss: 0.09425389990210534, Inverse Test Loss: 4634.538342285156 
2025-02-20 16:02:26,180 INFO: Epoch 391, Train Loss: 0.0646112176279227, Test Loss: 0.09108568355441093, Inverse Test Loss: 4478.754608154297 
2025-02-20 16:02:27,298 INFO: Epoch 392, Train Loss: 0.06603945268873583, Test Loss: 0.08957527695844571, Inverse Test Loss: 4404.48681233724 
2025-02-20 16:02:28,437 INFO: Epoch 393, Train Loss: 0.06415711005071276, Test Loss: 0.09103197424362103, Inverse Test Loss: 4476.113607788086 
2025-02-20 16:02:29,560 INFO: Epoch 394, Train Loss: 0.06357413040179956, Test Loss: 0.08951013305534919, Inverse Test Loss: 4401.283396402995 
2025-02-20 16:02:30,637 INFO: Epoch 395, Train Loss: 0.06359386374651078, Test Loss: 0.09022250346218547, Inverse Test Loss: 4436.311254374186 
