2025-06-18 17:19:01,412 INFO: log_path:/logs_2025_6_18_HS_mos2_L1_compare_AMFormer+KAN/AMFormer_simple_KAN_dim32_depth2_heads4_dropout0.4_lr0.0001_6P 
2025-06-18 17:19:01,412 INFO: Model:namespace(attn_dropout=0.4, categories=[], cluster=3, depth=2, dim=32, ff_dropout=0.4, groups=[54, 54, 54], heads=4, name='AMFormer_simple_KAN_dim32_depth2_heads4_dropout0.4', num_cate=0, num_cont=20, num_special_tokens=1, out_dim=1, predictor='simple_KAN', prod_num_per_group=[6, 6, 6], qk_relu=False, static_fusion={'kan_weight': 0.4, 'trans_weight': 0.6}, sum_num_per_group=[32, 16, 8], target_mode='regression', token_descent=False, use_cls_token=True, use_prod=True, use_row_col_attention=False, use_sigmoid=True) 
2025-06-18 17:19:01,414 INFO: lr:0.0001, loss:L1 
2025-06-18 17:19:01,414 INFO: Dataset:HS_mos2, Target:['metal6_Peak'] 
2025-06-18 17:19:01,414 INFO: ------Begin Training Model------ 
2025-06-18 17:19:08,990 INFO: Epoch 1, Train Loss: 0.3137708425973401, Test Loss: 0.3198479764601764, Inverse Test Loss: 3.784792002509622 
2025-06-18 17:19:10,893 INFO: Epoch 2, Train Loss: 0.31214260445399716, Test Loss: 0.3192244978512035, Inverse Test Loss: 3.7669604666092815 
2025-06-18 17:19:12,802 INFO: Epoch 3, Train Loss: 0.3104644410989501, Test Loss: 0.3163611888885498, Inverse Test Loss: 3.760779352749095 
2025-06-18 17:19:14,716 INFO: Epoch 4, Train Loss: 0.30379393019459466, Test Loss: 0.3015211557640749, Inverse Test Loss: 3.5712841118083283 
2025-06-18 17:19:16,606 INFO: Epoch 5, Train Loss: 0.2770648716074048, Test Loss: 0.2651803519795923, Inverse Test Loss: 3.073194012922399 
2025-06-18 17:19:18,458 INFO: Epoch 6, Train Loss: 0.25627254897897894, Test Loss: 0.25056229356457205, Inverse Test Loss: 2.920484991634593 
2025-06-18 17:19:20,372 INFO: Epoch 7, Train Loss: 0.2466601128831054, Test Loss: 0.2396775475319694, Inverse Test Loss: 2.857462812872494 
2025-06-18 17:19:22,251 INFO: Epoch 8, Train Loss: 0.2433853368415977, Test Loss: 0.234456165748484, Inverse Test Loss: 2.7988773233750286 
2025-06-18 17:19:24,141 INFO: Epoch 9, Train Loss: 0.23668652208465518, Test Loss: 0.22884413862929626, Inverse Test Loss: 2.7622202845180737 
2025-06-18 17:19:26,031 INFO: Epoch 10, Train Loss: 0.23534047377832007, Test Loss: 0.22441377183970282, Inverse Test Loss: 2.736733689027674 
2025-06-18 17:19:27,926 INFO: Epoch 11, Train Loss: 0.22959904327537073, Test Loss: 0.22028341451111963, Inverse Test Loss: 2.70349560064428 
2025-06-18 17:19:29,813 INFO: Epoch 12, Train Loss: 0.2265452200716192, Test Loss: 0.21723833767806783, Inverse Test Loss: 2.6417118801790127 
2025-06-18 17:19:31,720 INFO: Epoch 13, Train Loss: 0.2245954250295957, Test Loss: 0.21226192660191479, Inverse Test Loss: 2.6073729711420395 
2025-06-18 17:19:33,614 INFO: Epoch 14, Train Loss: 0.2215078608556227, Test Loss: 0.2072592763339772, Inverse Test Loss: 2.5813917973462273 
2025-06-18 17:19:35,519 INFO: Epoch 15, Train Loss: 0.2197880566571698, Test Loss: 0.2028039895436343, Inverse Test Loss: 2.5390011703266815 
2025-06-18 17:19:37,411 INFO: Epoch 16, Train Loss: 0.21480483708508086, Test Loss: 0.19530404139967525, Inverse Test Loss: 2.498176434460808 
2025-06-18 17:19:39,291 INFO: Epoch 17, Train Loss: 0.2085344260840705, Test Loss: 0.18501260438386133, Inverse Test Loss: 2.4077030490426456 
2025-06-18 17:19:41,127 INFO: Epoch 18, Train Loss: 0.2003090555469195, Test Loss: 0.16717151157996235, Inverse Test Loss: 2.2785022749620327 
2025-06-18 17:19:43,008 INFO: Epoch 19, Train Loss: 0.18874114108356563, Test Loss: 0.1520935717750998, Inverse Test Loss: 2.1328404721091774 
2025-06-18 17:19:44,886 INFO: Epoch 20, Train Loss: 0.18212330950932068, Test Loss: 0.14773011689676957, Inverse Test Loss: 2.164759635925293 
2025-06-18 17:19:46,780 INFO: Epoch 21, Train Loss: 0.17558161767594743, Test Loss: 0.1471311826916302, Inverse Test Loss: 2.0860700116438022 
2025-06-18 17:19:48,714 INFO: Epoch 22, Train Loss: 0.1710907697226062, Test Loss: 0.1433679312467575, Inverse Test Loss: 2.0506337320103363 
2025-06-18 17:19:50,608 INFO: Epoch 23, Train Loss: 0.168360720191038, Test Loss: 0.1394472722621525, Inverse Test Loss: 2.0249193135429833 
2025-06-18 17:19:52,485 INFO: Epoch 24, Train Loss: 0.1679545333891204, Test Loss: 0.1380449651795275, Inverse Test Loss: 1.9957567803999956 
2025-06-18 17:19:54,358 INFO: Epoch 25, Train Loss: 0.16440712863748724, Test Loss: 0.13916551628533533, Inverse Test Loss: 1.9869235403397505 
2025-06-18 17:19:56,267 INFO: Epoch 26, Train Loss: 0.16506537174185118, Test Loss: 0.13700167133527644, Inverse Test Loss: 1.959907153073479 
2025-06-18 17:19:58,162 INFO: Epoch 27, Train Loss: 0.1622671843929724, Test Loss: 0.13415037358508392, Inverse Test Loss: 1.9582538254120772 
2025-06-18 17:20:00,054 INFO: Epoch 28, Train Loss: 0.1613352161013719, Test Loss: 0.13469214342972813, Inverse Test Loss: 1.9618490934371948 
2025-06-18 17:20:01,947 INFO: Epoch 29, Train Loss: 0.15847840826168205, Test Loss: 0.13197544743033016, Inverse Test Loss: 1.8981610045713537 
2025-06-18 17:20:03,840 INFO: Epoch 30, Train Loss: 0.1573649886431116, Test Loss: 0.13228700353818781, Inverse Test Loss: 1.9513213213752298 
2025-06-18 17:20:05,746 INFO: Epoch 31, Train Loss: 0.15706101737239145, Test Loss: 0.12978113486486323, Inverse Test Loss: 1.8736477459178251 
2025-06-18 17:20:07,670 INFO: Epoch 32, Train Loss: 0.15342727269638667, Test Loss: 0.13006353597430623, Inverse Test Loss: 1.863155112547033 
2025-06-18 17:20:09,587 INFO: Epoch 33, Train Loss: 0.15318572995337573, Test Loss: 0.128572437693091, Inverse Test Loss: 1.8497407015632181 
2025-06-18 17:20:11,511 INFO: Epoch 34, Train Loss: 0.152881382541223, Test Loss: 0.12728632241487503, Inverse Test Loss: 1.8266326679902918 
2025-06-18 17:20:13,387 INFO: Epoch 35, Train Loss: 0.15030745744253649, Test Loss: 0.12683062912786708, Inverse Test Loss: 1.819250779993394 
2025-06-18 17:20:15,300 INFO: Epoch 36, Train Loss: 0.15041639802582335, Test Loss: 0.1256398080902941, Inverse Test Loss: 1.8215278737685259 
2025-06-18 17:20:17,158 INFO: Epoch 37, Train Loss: 0.15006229462045612, Test Loss: 0.12500372134587345, Inverse Test Loss: 1.8148095818126904 
2025-06-18 17:20:19,035 INFO: Epoch 38, Train Loss: 0.14822895125006186, Test Loss: 0.12335299963460249, Inverse Test Loss: 1.78855982948752 
2025-06-18 17:20:20,915 INFO: Epoch 39, Train Loss: 0.14711610589063528, Test Loss: 0.12375498826012891, Inverse Test Loss: 1.7951491369920618 
2025-06-18 17:20:22,798 INFO: Epoch 40, Train Loss: 0.1452182290341818, Test Loss: 0.12208900513017878, Inverse Test Loss: 1.7535291419309729 
2025-06-18 17:20:24,698 INFO: Epoch 41, Train Loss: 0.14494044548182777, Test Loss: 0.12088038859998479, Inverse Test Loss: 1.75193190574646 
2025-06-18 17:20:26,587 INFO: Epoch 42, Train Loss: 0.14447183884454495, Test Loss: 0.12052745415883906, Inverse Test Loss: 1.7279830259435318 
2025-06-18 17:20:28,496 INFO: Epoch 43, Train Loss: 0.14180852924332474, Test Loss: 0.1190375821555362, Inverse Test Loss: 1.7205263586605297 
2025-06-18 17:20:30,357 INFO: Epoch 44, Train Loss: 0.14275422816475233, Test Loss: 0.1183910913327161, Inverse Test Loss: 1.7123766716788797 
2025-06-18 17:20:32,299 INFO: Epoch 45, Train Loss: 0.14067352286568194, Test Loss: 0.11803173361455693, Inverse Test Loss: 1.696455064941855 
2025-06-18 17:20:34,206 INFO: Epoch 46, Train Loss: 0.1394784360220938, Test Loss: 0.11695781174828024, Inverse Test Loss: 1.6818220825756298 
2025-06-18 17:20:36,115 INFO: Epoch 47, Train Loss: 0.14060373164036058, Test Loss: 0.11705510581240934, Inverse Test Loss: 1.6728634133058435 
2025-06-18 17:20:38,036 INFO: Epoch 48, Train Loss: 0.13874112498579602, Test Loss: 0.11598034991937525, Inverse Test Loss: 1.6753751039505005 
2025-06-18 17:20:39,930 INFO: Epoch 49, Train Loss: 0.13725942915136163, Test Loss: 0.11478812773438062, Inverse Test Loss: 1.6810327838448917 
2025-06-18 17:20:41,833 INFO: Epoch 50, Train Loss: 0.13765498860315842, Test Loss: 0.11351099654155619, Inverse Test Loss: 1.6482852697372437 
2025-06-18 17:20:43,711 INFO: Epoch 51, Train Loss: 0.13532997453303047, Test Loss: 0.11297732723109863, Inverse Test Loss: 1.6364380541969747 
2025-06-18 17:20:45,605 INFO: Epoch 52, Train Loss: 0.13601916949405815, Test Loss: 0.113074090989197, Inverse Test Loss: 1.616819893612581 
2025-06-18 17:20:47,512 INFO: Epoch 53, Train Loss: 0.1358929118423751, Test Loss: 0.11205681983162374, Inverse Test Loss: 1.6005961123634787 
2025-06-18 17:20:49,412 INFO: Epoch 54, Train Loss: 0.13581829156839487, Test Loss: 0.11119139588931028, Inverse Test Loss: 1.59491369303535 
2025-06-18 17:20:51,317 INFO: Epoch 55, Train Loss: 0.13622419581268774, Test Loss: 0.11013911795966766, Inverse Test Loss: 1.5869972144856173 
2025-06-18 17:20:53,246 INFO: Epoch 56, Train Loss: 0.1311102652865829, Test Loss: 0.11037244165644926, Inverse Test Loss: 1.5710908384884106 
2025-06-18 17:20:55,133 INFO: Epoch 57, Train Loss: 0.13223656729766817, Test Loss: 0.10922227975200205, Inverse Test Loss: 1.5721370472627527 
2025-06-18 17:20:57,036 INFO: Epoch 58, Train Loss: 0.13118656634381323, Test Loss: 0.10867476507144816, Inverse Test Loss: 1.5525331216699936 
2025-06-18 17:20:58,935 INFO: Epoch 59, Train Loss: 0.13184990338755376, Test Loss: 0.1088503802962163, Inverse Test Loss: 1.5706227877560783 
2025-06-18 17:21:00,849 INFO: Epoch 60, Train Loss: 0.13023282158555408, Test Loss: 0.10743797263678383, Inverse Test Loss: 1.5403731851016773 
2025-06-18 17:21:02,746 INFO: Epoch 61, Train Loss: 0.13086856495250354, Test Loss: 0.10768149946542348, Inverse Test Loss: 1.521575598155751 
2025-06-18 17:21:04,649 INFO: Epoch 62, Train Loss: 0.1303562210364775, Test Loss: 0.10636339950210907, Inverse Test Loss: 1.5215391551747042 
2025-06-18 17:21:06,563 INFO: Epoch 63, Train Loss: 0.12723942055846704, Test Loss: 0.10634767658570234, Inverse Test Loss: 1.5092103621538948 
2025-06-18 17:21:08,401 INFO: Epoch 64, Train Loss: 0.12804088696385874, Test Loss: 0.10612069771570318, Inverse Test Loss: 1.5230810922734879 
2025-06-18 17:21:10,288 INFO: Epoch 65, Train Loss: 0.12778878522415957, Test Loss: 0.1055800603593097, Inverse Test Loss: 1.503155561054454 
2025-06-18 17:21:12,190 INFO: Epoch 66, Train Loss: 0.12540745983521143, Test Loss: 0.10462761100600748, Inverse Test Loss: 1.4883059193106258 
2025-06-18 17:21:14,100 INFO: Epoch 67, Train Loss: 0.12617298193050153, Test Loss: 0.10407495498657227, Inverse Test Loss: 1.4862567536971147 
2025-06-18 17:21:16,023 INFO: Epoch 68, Train Loss: 0.12479617875633818, Test Loss: 0.10368109582101598, Inverse Test Loss: 1.4766897033242619 
2025-06-18 17:21:17,925 INFO: Epoch 69, Train Loss: 0.1236821518025615, Test Loss: 0.10482769722447675, Inverse Test Loss: 1.4710531935972326 
2025-06-18 17:21:19,817 INFO: Epoch 70, Train Loss: 0.12398800801372889, Test Loss: 0.10337455176255282, Inverse Test Loss: 1.4750320140053244 
2025-06-18 17:21:21,733 INFO: Epoch 71, Train Loss: 0.12497329909467336, Test Loss: 0.10270227119326591, Inverse Test Loss: 1.4531239060794605 
2025-06-18 17:21:23,618 INFO: Epoch 72, Train Loss: 0.12256752327084541, Test Loss: 0.10219728157800786, Inverse Test Loss: 1.4575388992533964 
2025-06-18 17:21:25,536 INFO: Epoch 73, Train Loss: 0.12270285324616866, Test Loss: 0.1022059168009197, Inverse Test Loss: 1.4728224417742561 
2025-06-18 17:21:27,420 INFO: Epoch 74, Train Loss: 0.12067879860599835, Test Loss: 0.10233056632911458, Inverse Test Loss: 1.4386901715222526 
2025-06-18 17:21:29,345 INFO: Epoch 75, Train Loss: 0.1227122579108585, Test Loss: 0.10145613156697329, Inverse Test Loss: 1.4554543004316443 
2025-06-18 17:21:31,238 INFO: Epoch 76, Train Loss: 0.12188411323410092, Test Loss: 0.10166344221900492, Inverse Test Loss: 1.4361232308780445 
2025-06-18 17:21:33,143 INFO: Epoch 77, Train Loss: 0.11886721572866946, Test Loss: 0.10113479284679189, Inverse Test Loss: 1.4530393656562357 
2025-06-18 17:21:35,060 INFO: Epoch 78, Train Loss: 0.11991046222321915, Test Loss: 0.10188425288480871, Inverse Test Loss: 1.4328133779413559 
2025-06-18 17:21:36,980 INFO: Epoch 79, Train Loss: 0.11918490498580715, Test Loss: 0.10049454078954809, Inverse Test Loss: 1.4338293636546415 
2025-06-18 17:21:38,893 INFO: Epoch 80, Train Loss: 0.11943882489294717, Test Loss: 0.10064100254984464, Inverse Test Loss: 1.4355611029793234 
2025-06-18 17:21:40,801 INFO: Epoch 81, Train Loss: 0.11995463931199277, Test Loss: 0.10001818528946708, Inverse Test Loss: 1.415621883728925 
2025-06-18 17:21:42,677 INFO: Epoch 82, Train Loss: 0.12007108889520168, Test Loss: 0.10003116069471135, Inverse Test Loss: 1.4090271627201754 
2025-06-18 17:21:44,597 INFO: Epoch 83, Train Loss: 0.11982667796087987, Test Loss: 0.09882613052340115, Inverse Test Loss: 1.4098649235332714 
2025-06-18 17:21:46,495 INFO: Epoch 84, Train Loss: 0.1175206523727287, Test Loss: 0.09916090833790162, Inverse Test Loss: 1.4046221831265617 
2025-06-18 17:21:48,384 INFO: Epoch 85, Train Loss: 0.11817402742577321, Test Loss: 0.09834489489302915, Inverse Test Loss: 1.3909079467549044 
2025-06-18 17:21:50,296 INFO: Epoch 86, Train Loss: 0.1167328863997351, Test Loss: 0.09801809708861743, Inverse Test Loss: 1.386777316822725 
2025-06-18 17:21:52,196 INFO: Epoch 87, Train Loss: 0.11766415811849362, Test Loss: 0.0996586115044706, Inverse Test Loss: 1.4127430495093851 
2025-06-18 17:21:54,081 INFO: Epoch 88, Train Loss: 0.11829070961385062, Test Loss: 0.0975819642052931, Inverse Test Loss: 1.3908996161292582 
2025-06-18 17:21:55,990 INFO: Epoch 89, Train Loss: 0.1159939036676378, Test Loss: 0.0973649007432601, Inverse Test Loss: 1.3940913747338688 
2025-06-18 17:21:57,875 INFO: Epoch 90, Train Loss: 0.1173873075255842, Test Loss: 0.09770701869445689, Inverse Test Loss: 1.3757967668421127 
2025-06-18 17:21:59,794 INFO: Epoch 91, Train Loss: 0.11650664923769055, Test Loss: 0.09766385068788248, Inverse Test Loss: 1.3682891621309168 
2025-06-18 17:22:01,672 INFO: Epoch 92, Train Loss: 0.1165336835564989, Test Loss: 0.09678189741338, Inverse Test Loss: 1.3894831643385046 
2025-06-18 17:22:03,572 INFO: Epoch 93, Train Loss: 0.11671760887133353, Test Loss: 0.09722089877023417, Inverse Test Loss: 1.3638777873095345 
2025-06-18 17:22:05,464 INFO: Epoch 94, Train Loss: 0.11606388849516709, Test Loss: 0.09690292113844086, Inverse Test Loss: 1.365983388003181 
2025-06-18 17:22:07,340 INFO: Epoch 95, Train Loss: 0.1167991336322192, Test Loss: 0.09612076444660916, Inverse Test Loss: 1.3653888982885025 
2025-06-18 17:22:09,207 INFO: Epoch 96, Train Loss: 0.11570191919577844, Test Loss: 0.09622788451173726, Inverse Test Loss: 1.3638148518169628 
2025-06-18 17:22:11,123 INFO: Epoch 97, Train Loss: 0.11457067270847884, Test Loss: 0.09630331660018247, Inverse Test Loss: 1.356954476412605 
2025-06-18 17:22:13,024 INFO: Epoch 98, Train Loss: 0.11370322650129144, Test Loss: 0.09862263938959907, Inverse Test Loss: 1.380891032078687 
2025-06-18 17:22:14,926 INFO: Epoch 99, Train Loss: 0.11250786511509707, Test Loss: 0.09693047754904803, Inverse Test Loss: 1.3706687513519735 
2025-06-18 17:22:16,796 INFO: Epoch 100, Train Loss: 0.1136752116973653, Test Loss: 0.09551964524914236, Inverse Test Loss: 1.356897631112267 
2025-06-18 17:22:16,796 INFO: Best Epoch 100, Best Test Loss: 0.09551964524914236, Inverse Test Loss: 1.356897631112267 
2025-06-18 17:22:18,697 INFO: Epoch 101, Train Loss: 0.11600344978047139, Test Loss: 0.09519227243521634, Inverse Test Loss: 1.3514371409135706 
2025-06-18 17:22:20,602 INFO: Epoch 102, Train Loss: 0.11347680595336539, Test Loss: 0.09598106321166544, Inverse Test Loss: 1.3534102404818815 
2025-06-18 17:22:22,465 INFO: Epoch 103, Train Loss: 0.11241481729754896, Test Loss: 0.09556605798356674, Inverse Test Loss: 1.3624494005652035 
2025-06-18 17:22:24,359 INFO: Epoch 104, Train Loss: 0.11391478297159527, Test Loss: 0.09551555882481967, Inverse Test Loss: 1.3486805698450874 
2025-06-18 17:22:26,246 INFO: Epoch 105, Train Loss: 0.11333087826091232, Test Loss: 0.09516708114567925, Inverse Test Loss: 1.3485182067927193 
2025-06-18 17:22:28,144 INFO: Epoch 106, Train Loss: 0.11241241064712856, Test Loss: 0.09653849505326327, Inverse Test Loss: 1.3493771833531998 
2025-06-18 17:22:30,058 INFO: Epoch 107, Train Loss: 0.11269952243927753, Test Loss: 0.09470201765789706, Inverse Test Loss: 1.3420655727386475 
2025-06-18 17:22:31,935 INFO: Epoch 108, Train Loss: 0.11238295528473276, Test Loss: 0.094637290958096, Inverse Test Loss: 1.333001946701723 
2025-06-18 17:22:33,843 INFO: Epoch 109, Train Loss: 0.11254089207134464, Test Loss: 0.09444467679542654, Inverse Test Loss: 1.353543625158422 
2025-06-18 17:22:35,732 INFO: Epoch 110, Train Loss: 0.11243977629099831, Test Loss: 0.09614965582595152, Inverse Test Loss: 1.3492784044321846 
2025-06-18 17:22:37,639 INFO: Epoch 111, Train Loss: 0.11272637410597368, Test Loss: 0.09452921590384315, Inverse Test Loss: 1.3348621726036072 
2025-06-18 17:22:39,533 INFO: Epoch 112, Train Loss: 0.11027573173244794, Test Loss: 0.09441194245043923, Inverse Test Loss: 1.336888074874878 
2025-06-18 17:22:41,448 INFO: Epoch 113, Train Loss: 0.1105171318419955, Test Loss: 0.09496591152513728, Inverse Test Loss: 1.3318498204736149 
2025-06-18 17:22:43,332 INFO: Epoch 114, Train Loss: 0.11168929872413476, Test Loss: 0.0952523311271387, Inverse Test Loss: 1.3726378258536844 
2025-06-18 17:22:45,214 INFO: Epoch 115, Train Loss: 0.11095566200939092, Test Loss: 0.09446212035768173, Inverse Test Loss: 1.3410110052894144 
2025-06-18 17:22:47,099 INFO: Epoch 116, Train Loss: 0.1102764458593094, Test Loss: 0.0949313403928981, Inverse Test Loss: 1.3352870976223665 
2025-06-18 17:22:48,970 INFO: Epoch 117, Train Loss: 0.11117730583205368, Test Loss: 0.09482719749212265, Inverse Test Loss: 1.337985378854415 
2025-06-18 17:22:50,861 INFO: Epoch 118, Train Loss: 0.11043623355076168, Test Loss: 0.09537313790882335, Inverse Test Loss: 1.3564134906320011 
2025-06-18 17:22:52,763 INFO: Epoch 119, Train Loss: 0.10999988973366492, Test Loss: 0.09480978110257317, Inverse Test Loss: 1.3507040703997892 
2025-06-18 17:22:54,675 INFO: Epoch 120, Train Loss: 0.10940669815648686, Test Loss: 0.09536119331331815, Inverse Test Loss: 1.3327067809946396 
2025-06-18 17:22:56,605 INFO: Epoch 121, Train Loss: 0.11064167219129475, Test Loss: 0.09407132075113409, Inverse Test Loss: 1.325917875065523 
2025-06-18 17:22:58,503 INFO: Epoch 122, Train Loss: 0.10989546544398322, Test Loss: 0.09410180085722138, Inverse Test Loss: 1.3173593422945808 
2025-06-18 17:23:00,453 INFO: Epoch 123, Train Loss: 0.1093516568229957, Test Loss: 0.09488312637104708, Inverse Test Loss: 1.3351976100136251 
2025-06-18 17:23:02,362 INFO: Epoch 124, Train Loss: 0.110551838001067, Test Loss: 0.09701845794916153, Inverse Test Loss: 1.3652229203897364 
2025-06-18 17:23:04,300 INFO: Epoch 125, Train Loss: 0.10917350553879232, Test Loss: 0.09338601459475125, Inverse Test Loss: 1.320939162198235 
2025-06-18 17:23:06,270 INFO: Epoch 126, Train Loss: 0.10898544498239503, Test Loss: 0.09378599989063599, Inverse Test Loss: 1.3179625763612635 
2025-06-18 17:23:08,188 INFO: Epoch 127, Train Loss: 0.10911590385843407, Test Loss: 0.09347523661220775, Inverse Test Loss: 1.3147456260288464 
2025-06-18 17:23:10,146 INFO: Epoch 128, Train Loss: 0.10876807841387662, Test Loss: 0.09437291762408088, Inverse Test Loss: 1.3329191032577963 
2025-06-18 17:23:12,059 INFO: Epoch 129, Train Loss: 0.10990521910064148, Test Loss: 0.09314501000677838, Inverse Test Loss: 1.3263304408858805 
2025-06-18 17:23:13,999 INFO: Epoch 130, Train Loss: 0.10948550283457294, Test Loss: 0.09307605028152466, Inverse Test Loss: 1.315797293887419 
2025-06-18 17:23:15,937 INFO: Epoch 131, Train Loss: 0.10797499447609439, Test Loss: 0.09318019625018625, Inverse Test Loss: 1.3193484685000252 
2025-06-18 17:23:17,911 INFO: Epoch 132, Train Loss: 0.10726966878229921, Test Loss: 0.09329172179979436, Inverse Test Loss: 1.3092064156251795 
2025-06-18 17:23:19,845 INFO: Epoch 133, Train Loss: 0.10864271020347421, Test Loss: 0.09303339833722395, Inverse Test Loss: 1.3243314623832703 
2025-06-18 17:23:21,755 INFO: Epoch 134, Train Loss: 0.10744920519716812, Test Loss: 0.09271621287745588, Inverse Test Loss: 1.318227329674889 
2025-06-18 17:23:23,659 INFO: Epoch 135, Train Loss: 0.10992903713927124, Test Loss: 0.09261770283474642, Inverse Test Loss: 1.3052169645533842 
2025-06-18 17:23:25,562 INFO: Epoch 136, Train Loss: 0.10914576228595141, Test Loss: 0.09298561995520312, Inverse Test Loss: 1.3074760787627275 
2025-06-18 17:23:27,534 INFO: Epoch 137, Train Loss: 0.10722041536461223, Test Loss: 0.09258563531672254, Inverse Test Loss: 1.3091546752873588 
2025-06-18 17:23:29,430 INFO: Epoch 138, Train Loss: 0.10735806292205145, Test Loss: 0.09268604197046336, Inverse Test Loss: 1.3100845778689665 
2025-06-18 17:23:31,323 INFO: Epoch 139, Train Loss: 0.10686223835430363, Test Loss: 0.09298496824853561, Inverse Test Loss: 1.3105977843789494 
2025-06-18 17:23:33,274 INFO: Epoch 140, Train Loss: 0.10694804985189077, Test Loss: 0.09353820891941295, Inverse Test Loss: 1.3297843126689686 
2025-06-18 17:23:35,175 INFO: Epoch 141, Train Loss: 0.10678941683109963, Test Loss: 0.09220537915825844, Inverse Test Loss: 1.310491547865026 
2025-06-18 17:23:37,064 INFO: Epoch 142, Train Loss: 0.10660847287737962, Test Loss: 0.09267278410056058, Inverse Test Loss: 1.3243530006969677 
2025-06-18 17:23:38,993 INFO: Epoch 143, Train Loss: 0.10688554879390832, Test Loss: 0.09255893112105482, Inverse Test Loss: 1.3106244907659643 
2025-06-18 17:23:40,875 INFO: Epoch 144, Train Loss: 0.1075946284514485, Test Loss: 0.09386151371633306, Inverse Test Loss: 1.3403283918605131 
2025-06-18 17:23:42,767 INFO: Epoch 145, Train Loss: 0.10511504277361161, Test Loss: 0.0924898182206294, Inverse Test Loss: 1.3021529106532825 
2025-06-18 17:23:44,734 INFO: Epoch 146, Train Loss: 0.10689014535058629, Test Loss: 0.09232006090528824, Inverse Test Loss: 1.303340403472676 
2025-06-18 17:23:46,683 INFO: Epoch 147, Train Loss: 0.1059689728938269, Test Loss: 0.09293977938154165, Inverse Test Loss: 1.306391789632685 
2025-06-18 17:23:48,599 INFO: Epoch 148, Train Loss: 0.10591354892786706, Test Loss: 0.0923767052590847, Inverse Test Loss: 1.2988081819870894 
2025-06-18 17:23:50,501 INFO: Epoch 149, Train Loss: 0.10622146804675911, Test Loss: 0.09273087759228314, Inverse Test Loss: 1.3027470357277815 
2025-06-18 17:23:52,413 INFO: Epoch 150, Train Loss: 0.10531749655351494, Test Loss: 0.09229260244790245, Inverse Test Loss: 1.307110730339499 
2025-06-18 17:23:54,297 INFO: Epoch 151, Train Loss: 0.10570778799327937, Test Loss: 0.09195238746264402, Inverse Test Loss: 1.3104866883333992 
2025-06-18 17:23:56,198 INFO: Epoch 152, Train Loss: 0.10657813321008827, Test Loss: 0.09223480873248156, Inverse Test Loss: 1.2918438140083761 
2025-06-18 17:23:58,173 INFO: Epoch 153, Train Loss: 0.10613263883825505, Test Loss: 0.09144809951677042, Inverse Test Loss: 1.2950101950589348 
2025-06-18 17:24:00,056 INFO: Epoch 154, Train Loss: 0.10651742525850282, Test Loss: 0.09227584499646635, Inverse Test Loss: 1.2927299702868742 
2025-06-18 17:24:01,972 INFO: Epoch 155, Train Loss: 0.1049584744667465, Test Loss: 0.09190481419072431, Inverse Test Loss: 1.2991311339771046 
2025-06-18 17:24:03,858 INFO: Epoch 156, Train Loss: 0.10429086174928781, Test Loss: 0.09200186107088537, Inverse Test Loss: 1.304167975397671 
2025-06-18 17:24:05,762 INFO: Epoch 157, Train Loss: 0.10583496223570722, Test Loss: 0.09291799059685539, Inverse Test Loss: 1.3209163791993086 
2025-06-18 17:24:07,680 INFO: Epoch 158, Train Loss: 0.10542463308030908, Test Loss: 0.09209912840057821, Inverse Test Loss: 1.3116567485472734 
2025-06-18 17:24:09,628 INFO: Epoch 159, Train Loss: 0.10539879587789376, Test Loss: 0.09159311980885618, Inverse Test Loss: 1.3067556514459497 
2025-06-18 17:24:11,495 INFO: Epoch 160, Train Loss: 0.10374890471046622, Test Loss: 0.09167724409524132, Inverse Test Loss: 1.2951247271369486 
2025-06-18 17:24:13,428 INFO: Epoch 161, Train Loss: 0.10670226056015852, Test Loss: 0.09177971083451719, Inverse Test Loss: 1.2983515788527096 
2025-06-18 17:24:15,347 INFO: Epoch 162, Train Loss: 0.10549227170871966, Test Loss: 0.09176723089288263, Inverse Test Loss: 1.300127436132992 
2025-06-18 17:24:17,303 INFO: Epoch 163, Train Loss: 0.10650161439270685, Test Loss: 0.09256861095919329, Inverse Test Loss: 1.3093537092208862 
2025-06-18 17:24:19,262 INFO: Epoch 164, Train Loss: 0.10456909707775622, Test Loss: 0.09264853509033427, Inverse Test Loss: 1.3184436033753788 
2025-06-18 17:24:21,172 INFO: Epoch 165, Train Loss: 0.10399044474417513, Test Loss: 0.09188557109412025, Inverse Test Loss: 1.2923007432152243 
2025-06-18 17:24:23,066 INFO: Epoch 166, Train Loss: 0.10620220688482125, Test Loss: 0.09123837246614344, Inverse Test Loss: 1.2940413741504444 
2025-06-18 17:24:24,970 INFO: Epoch 167, Train Loss: 0.10598263229158791, Test Loss: 0.09237969447584714, Inverse Test Loss: 1.2940821647644043 
2025-06-18 17:24:26,901 INFO: Epoch 168, Train Loss: 0.10384492468879078, Test Loss: 0.0922387825215564, Inverse Test Loss: 1.2960326952092789 
2025-06-18 17:24:28,813 INFO: Epoch 169, Train Loss: 0.10450760359791192, Test Loss: 0.09111009801135343, Inverse Test Loss: 1.2999663703581865 
2025-06-18 17:24:30,716 INFO: Epoch 170, Train Loss: 0.10397921254237492, Test Loss: 0.09156249792260282, Inverse Test Loss: 1.3068690790849573 
2025-06-18 17:24:32,614 INFO: Epoch 171, Train Loss: 0.10475192309329004, Test Loss: 0.09079265024732142, Inverse Test Loss: 1.2912210997413187 
2025-06-18 17:24:34,540 INFO: Epoch 172, Train Loss: 0.10370013941869591, Test Loss: 0.09101476344992132, Inverse Test Loss: 1.2922036016688627 
2025-06-18 17:24:36,413 INFO: Epoch 173, Train Loss: 0.1027223075542486, Test Loss: 0.0913398471825263, Inverse Test Loss: 1.2932276690707487 
2025-06-18 17:24:38,360 INFO: Epoch 174, Train Loss: 0.10470355804445165, Test Loss: 0.09076437376001302, Inverse Test Loss: 1.305502597023459 
2025-06-18 17:24:40,301 INFO: Epoch 175, Train Loss: 0.10409941383157716, Test Loss: 0.09095642978654188, Inverse Test Loss: 1.2900976889273699 
2025-06-18 17:24:42,194 INFO: Epoch 176, Train Loss: 0.1044294395004258, Test Loss: 0.09097192458370153, Inverse Test Loss: 1.280163891175214 
2025-06-18 17:24:44,105 INFO: Epoch 177, Train Loss: 0.10468577108148372, Test Loss: 0.09307028528522043, Inverse Test Loss: 1.3455413159202128 
2025-06-18 17:24:46,003 INFO: Epoch 178, Train Loss: 0.10354401713067835, Test Loss: 0.09183199177770053, Inverse Test Loss: 1.2967641704222734 
2025-06-18 17:24:47,942 INFO: Epoch 179, Train Loss: 0.1038719555645278, Test Loss: 0.0911544276510968, Inverse Test Loss: 1.2934352229623234 
2025-06-18 17:24:49,871 INFO: Epoch 180, Train Loss: 0.10236570081024458, Test Loss: 0.09119008196627393, Inverse Test Loss: 1.2898667910519768 
2025-06-18 17:24:51,740 INFO: Epoch 181, Train Loss: 0.10356405620096308, Test Loss: 0.09046361047555418, Inverse Test Loss: 1.2890734181684607 
2025-06-18 17:24:53,662 INFO: Epoch 182, Train Loss: 0.10336397277812163, Test Loss: 0.09079409719390028, Inverse Test Loss: 1.2843379167949451 
2025-06-18 17:24:55,573 INFO: Epoch 183, Train Loss: 0.10199931472765678, Test Loss: 0.09110931920654633, Inverse Test Loss: 1.278896366848665 
2025-06-18 17:24:57,485 INFO: Epoch 184, Train Loss: 0.10274427841332825, Test Loss: 0.09145548019339056, Inverse Test Loss: 1.2954179714707768 
2025-06-18 17:24:59,367 INFO: Epoch 185, Train Loss: 0.10456434405888572, Test Loss: 0.09059683386893834, Inverse Test Loss: 1.2774806583628935 
2025-06-18 17:25:01,260 INFO: Epoch 186, Train Loss: 0.1024197181968978, Test Loss: 0.09080125676358447, Inverse Test Loss: 1.2796840211924385 
2025-06-18 17:25:03,200 INFO: Epoch 187, Train Loss: 0.1042018226263198, Test Loss: 0.09066850231850848, Inverse Test Loss: 1.2818693308269276 
2025-06-18 17:25:05,106 INFO: Epoch 188, Train Loss: 0.10368450911659183, Test Loss: 0.09066582865574781, Inverse Test Loss: 1.2808390294804293 
2025-06-18 17:25:07,034 INFO: Epoch 189, Train Loss: 0.10147136861853527, Test Loss: 0.09018432874889935, Inverse Test Loss: 1.2742277769481434 
2025-06-18 17:25:08,939 INFO: Epoch 190, Train Loss: 0.10220394311754992, Test Loss: 0.0907394309692523, Inverse Test Loss: 1.2878236034337212 
2025-06-18 17:25:10,888 INFO: Epoch 191, Train Loss: 0.10149652550392078, Test Loss: 0.09092728596399813, Inverse Test Loss: 1.2701345015974606 
2025-06-18 17:25:12,776 INFO: Epoch 192, Train Loss: 0.10287946253789193, Test Loss: 0.09056278164772426, Inverse Test Loss: 1.2819881334024317 
2025-06-18 17:25:14,682 INFO: Epoch 193, Train Loss: 0.10125678913159804, Test Loss: 0.09114400165922501, Inverse Test Loss: 1.2842668154660393 
2025-06-18 17:25:16,609 INFO: Epoch 194, Train Loss: 0.10204546424475583, Test Loss: 0.09010863895801936, Inverse Test Loss: 1.2695785199894625 
2025-06-18 17:25:18,537 INFO: Epoch 195, Train Loss: 0.10182185166261414, Test Loss: 0.09006799319211174, Inverse Test Loss: 1.2950081264271456 
2025-06-18 17:25:20,468 INFO: Epoch 196, Train Loss: 0.10306523367762566, Test Loss: 0.09063400284332387, Inverse Test Loss: 1.3009711924721212 
2025-06-18 17:25:22,372 INFO: Epoch 197, Train Loss: 0.10096583278341727, Test Loss: 0.09032710510141709, Inverse Test Loss: 1.2772430777549744 
2025-06-18 17:25:24,325 INFO: Epoch 198, Train Loss: 0.10141563449393619, Test Loss: 0.09124114649260745, Inverse Test Loss: 1.2895795141949373 
2025-06-18 17:25:26,251 INFO: Epoch 199, Train Loss: 0.1018285404777888, Test Loss: 0.09026776802013903, Inverse Test Loss: 1.2899674527785356 
2025-06-18 17:25:28,164 INFO: Epoch 200, Train Loss: 0.1018219529227777, Test Loss: 0.09040176123380661, Inverse Test Loss: 1.2912640992332907 
2025-06-18 17:25:28,165 INFO: Best Epoch 195, Best Test Loss: 0.09006799319211174, Inverse Test Loss: 1.2950081264271456 
2025-06-18 17:25:30,056 INFO: Epoch 201, Train Loss: 0.10243547476376548, Test Loss: 0.08985000607721946, Inverse Test Loss: 1.2779898643493652 
2025-06-18 17:25:31,950 INFO: Epoch 202, Train Loss: 0.1029164209736116, Test Loss: 0.0906870371716864, Inverse Test Loss: 1.2756859309533064 
2025-06-18 17:25:33,866 INFO: Epoch 203, Train Loss: 0.10141404531896114, Test Loss: 0.09050059340455953, Inverse Test Loss: 1.28042654430165 
2025-06-18 17:25:35,753 INFO: Epoch 204, Train Loss: 0.10131011434802503, Test Loss: 0.08959996678373393, Inverse Test Loss: 1.270669400691986 
2025-06-18 17:25:37,661 INFO: Epoch 205, Train Loss: 0.10093057618448228, Test Loss: 0.09046062651802511, Inverse Test Loss: 1.2876568191191728 
2025-06-18 17:25:39,547 INFO: Epoch 206, Train Loss: 0.10165627193496082, Test Loss: 0.09008533003575661, Inverse Test Loss: 1.2819111101767595 
2025-06-18 17:25:41,482 INFO: Epoch 207, Train Loss: 0.10190796547315338, Test Loss: 0.08961417613660588, Inverse Test Loss: 1.2742417349534876 
2025-06-18 17:25:43,383 INFO: Epoch 208, Train Loss: 0.10060801289298317, Test Loss: 0.09013745188713074, Inverse Test Loss: 1.291764950051027 
2025-06-18 17:25:45,307 INFO: Epoch 209, Train Loss: 0.10123147753377755, Test Loss: 0.08898929550367243, Inverse Test Loss: 1.2795469936202555 
2025-06-18 17:25:47,236 INFO: Epoch 210, Train Loss: 0.10134260390292514, Test Loss: 0.08912105770672069, Inverse Test Loss: 1.278223553124596 
2025-06-18 17:25:49,165 INFO: Epoch 211, Train Loss: 0.10094065269963308, Test Loss: 0.09056095559807385, Inverse Test Loss: 1.289096176624298 
2025-06-18 17:25:51,093 INFO: Epoch 212, Train Loss: 0.10014905780553818, Test Loss: 0.08979975344503627, Inverse Test Loss: 1.279937645968269 
2025-06-18 17:25:53,004 INFO: Epoch 213, Train Loss: 0.09966754986707008, Test Loss: 0.08954382906941806, Inverse Test Loss: 1.2686448903644787 
2025-06-18 17:25:54,903 INFO: Epoch 214, Train Loss: 0.10225409303199161, Test Loss: 0.09050177936168279, Inverse Test Loss: 1.2894960852230297 
2025-06-18 17:25:56,857 INFO: Epoch 215, Train Loss: 0.1014065732897231, Test Loss: 0.08957439682939473, Inverse Test Loss: 1.263125083025764 
2025-06-18 17:25:58,729 INFO: Epoch 216, Train Loss: 0.10051530763281114, Test Loss: 0.08914005361935672, Inverse Test Loss: 1.2744171549292171 
2025-06-18 17:26:00,680 INFO: Epoch 217, Train Loss: 0.1002701660900405, Test Loss: 0.08970401896273389, Inverse Test Loss: 1.2789536188630497 
2025-06-18 17:26:02,561 INFO: Epoch 218, Train Loss: 0.10011320442638615, Test Loss: 0.08952650734606911, Inverse Test Loss: 1.2601834886214311 
2025-06-18 17:26:04,453 INFO: Epoch 219, Train Loss: 0.10022303377362815, Test Loss: 0.09036560006001416, Inverse Test Loss: 1.2783026099205017 
2025-06-18 17:26:06,373 INFO: Epoch 220, Train Loss: 0.10138328779827464, Test Loss: 0.09029664953841883, Inverse Test Loss: 1.2694273520918453 
2025-06-18 17:26:08,304 INFO: Epoch 221, Train Loss: 0.10012759347305153, Test Loss: 0.08977689068107043, Inverse Test Loss: 1.2816638175178976 
2025-06-18 17:26:10,196 INFO: Epoch 222, Train Loss: 0.09899341241654122, Test Loss: 0.09086390234091703, Inverse Test Loss: 1.281593382358551 
2025-06-18 17:26:12,139 INFO: Epoch 223, Train Loss: 0.09940229232112567, Test Loss: 0.09020510644597166, Inverse Test Loss: 1.2669638851109672 
2025-06-18 17:26:14,076 INFO: Epoch 224, Train Loss: 0.09996369876193278, Test Loss: 0.0895544266437783, Inverse Test Loss: 1.2805054853944218 
2025-06-18 17:26:15,996 INFO: Epoch 225, Train Loss: 0.1002518381133224, Test Loss: 0.0894320666351739, Inverse Test Loss: 1.2593622347887825 
2025-06-18 17:26:17,923 INFO: Epoch 226, Train Loss: 0.10129086216065017, Test Loss: 0.08912834875723895, Inverse Test Loss: 1.2584660684361177 
2025-06-18 17:26:19,844 INFO: Epoch 227, Train Loss: 0.09988110478628766, Test Loss: 0.09006973860018394, Inverse Test Loss: 1.2706839687684004 
2025-06-18 17:26:21,746 INFO: Epoch 228, Train Loss: 0.09885562233852618, Test Loss: 0.08961117815445452, Inverse Test Loss: 1.2589744750191183 
2025-06-18 17:26:23,678 INFO: Epoch 229, Train Loss: 0.09754023424377947, Test Loss: 0.09013224875225741, Inverse Test Loss: 1.288752654019524 
2025-06-18 17:26:25,581 INFO: Epoch 230, Train Loss: 0.1008587796805483, Test Loss: 0.08896630914772258, Inverse Test Loss: 1.2526837762664347 
2025-06-18 17:26:27,628 INFO: Epoch 231, Train Loss: 0.09923185425048525, Test Loss: 0.08894588535322863, Inverse Test Loss: 1.2737918566255009 
2025-06-18 17:26:29,694 INFO: Epoch 232, Train Loss: 0.10170899726676219, Test Loss: 0.0893624282496817, Inverse Test Loss: 1.2668184638023376 
2025-06-18 17:26:31,708 INFO: Epoch 233, Train Loss: 0.09773383368596886, Test Loss: 0.08949344561380498, Inverse Test Loss: 1.2577895627302282 
2025-06-18 17:26:33,614 INFO: Epoch 234, Train Loss: 0.10074604432465452, Test Loss: 0.08879551510600482, Inverse Test Loss: 1.2572687969488257 
2025-06-18 17:26:35,494 INFO: Epoch 235, Train Loss: 0.09926405622426307, Test Loss: 0.08954511933466967, Inverse Test Loss: 1.2677691789234387 
2025-06-18 17:26:37,405 INFO: Epoch 236, Train Loss: 0.09901927134981661, Test Loss: 0.08890515105689273, Inverse Test Loss: 1.259280990151798 
2025-06-18 17:26:39,294 INFO: Epoch 237, Train Loss: 0.0987635034164696, Test Loss: 0.08928418378619586, Inverse Test Loss: 1.2597477576311897 
2025-06-18 17:26:41,215 INFO: Epoch 238, Train Loss: 0.10065584889415538, Test Loss: 0.08854016048066757, Inverse Test Loss: 1.2579691164633806 
2025-06-18 17:26:43,152 INFO: Epoch 239, Train Loss: 0.1011697795016296, Test Loss: 0.08865707959322368, Inverse Test Loss: 1.2644254880792953 
2025-06-18 17:26:45,087 INFO: Epoch 240, Train Loss: 0.1001980672731544, Test Loss: 0.08870477558058851, Inverse Test Loss: 1.2578565513386446 
2025-06-18 17:26:47,038 INFO: Epoch 241, Train Loss: 0.0997441860875397, Test Loss: 0.08904903206755133, Inverse Test Loss: 1.2570561416008894 
2025-06-18 17:26:48,944 INFO: Epoch 242, Train Loss: 0.09891795163804834, Test Loss: 0.08882380605620496, Inverse Test Loss: 1.2643973406623392 
2025-06-18 17:26:50,862 INFO: Epoch 243, Train Loss: 0.0988708936581106, Test Loss: 0.08900245213333298, Inverse Test Loss: 1.270693789510166 
2025-06-18 17:26:52,803 INFO: Epoch 244, Train Loss: 0.09986156490490292, Test Loss: 0.08895986001281177, Inverse Test Loss: 1.2666242227834814 
2025-06-18 17:26:54,760 INFO: Epoch 245, Train Loss: 0.0998017079563755, Test Loss: 0.08846822753548622, Inverse Test Loss: 1.2666342118207146 
2025-06-18 17:26:56,669 INFO: Epoch 246, Train Loss: 0.09903677061877468, Test Loss: 0.0877995499793221, Inverse Test Loss: 1.2564767353674944 
2025-06-18 17:26:58,576 INFO: Epoch 247, Train Loss: 0.09791489498633327, Test Loss: 0.08917046973810476, Inverse Test Loss: 1.2733223157770492 
2025-06-18 17:27:00,444 INFO: Epoch 248, Train Loss: 0.09979242515383345, Test Loss: 0.08899927489897784, Inverse Test Loss: 1.2557094587999231 
2025-06-18 17:27:02,388 INFO: Epoch 249, Train Loss: 0.09785228256474841, Test Loss: 0.08829384823055829, Inverse Test Loss: 1.2539759208174313 
2025-06-18 17:27:04,291 INFO: Epoch 250, Train Loss: 0.09887361199115262, Test Loss: 0.08850958548924502, Inverse Test Loss: 1.2578705303809221 
2025-06-18 17:27:06,239 INFO: Epoch 251, Train Loss: 0.09851315662716374, Test Loss: 0.08824828508145668, Inverse Test Loss: 1.252766086774714 
2025-06-18 17:27:08,159 INFO: Epoch 252, Train Loss: 0.0999598041967009, Test Loss: 0.08879722654819489, Inverse Test Loss: 1.2692694278324352 
2025-06-18 17:27:10,080 INFO: Epoch 253, Train Loss: 0.09854242403173086, Test Loss: 0.08874493004644618, Inverse Test Loss: 1.2673991042024948 
2025-06-18 17:27:11,992 INFO: Epoch 254, Train Loss: 0.09916883582870166, Test Loss: 0.08852233058389496, Inverse Test Loss: 1.272178085411296 
2025-06-18 17:27:13,941 INFO: Epoch 255, Train Loss: 0.09973247586326166, Test Loss: 0.08816237879150055, Inverse Test Loss: 1.2544728026670569 
2025-06-18 17:27:15,849 INFO: Epoch 256, Train Loss: 0.09855336272581057, Test Loss: 0.08845814668080386, Inverse Test Loss: 1.2551326821832096 
2025-06-18 17:27:17,759 INFO: Epoch 257, Train Loss: 0.09849877170089519, Test Loss: 0.08842841229018043, Inverse Test Loss: 1.2562966522048502 
2025-06-18 17:27:19,677 INFO: Epoch 258, Train Loss: 0.09969016751556685, Test Loss: 0.08801140438984423, Inverse Test Loss: 1.2631082289359148 
2025-06-18 17:27:21,562 INFO: Epoch 259, Train Loss: 0.09862203303385865, Test Loss: 0.08812010375892415, Inverse Test Loss: 1.2528214384527767 
2025-06-18 17:27:23,416 INFO: Epoch 260, Train Loss: 0.10003699441299294, Test Loss: 0.08861565962433815, Inverse Test Loss: 1.25582437655505 
2025-06-18 17:27:25,287 INFO: Epoch 261, Train Loss: 0.09768807109106671, Test Loss: 0.08821217233643812, Inverse Test Loss: 1.2547034726423376 
2025-06-18 17:27:27,201 INFO: Epoch 262, Train Loss: 0.09866772484824513, Test Loss: 0.08813972223330946, Inverse Test Loss: 1.268072783946991 
2025-06-18 17:27:29,114 INFO: Epoch 263, Train Loss: 0.09980298341675238, Test Loss: 0.08798395820400294, Inverse Test Loss: 1.248204865876366 
2025-06-18 17:27:31,029 INFO: Epoch 264, Train Loss: 0.09787823581560091, Test Loss: 0.08889669136089437, Inverse Test Loss: 1.2518267806838541 
2025-06-18 17:27:32,940 INFO: Epoch 265, Train Loss: 0.09746479502681529, Test Loss: 0.08842517895733609, Inverse Test Loss: 1.2592530951780432 
2025-06-18 17:27:34,857 INFO: Epoch 266, Train Loss: 0.09799967203853709, Test Loss: 0.0879679576439016, Inverse Test Loss: 1.250581096200382 
2025-06-18 17:27:36,751 INFO: Epoch 267, Train Loss: 0.09713618575849316, Test Loss: 0.08779081417357221, Inverse Test Loss: 1.2569866636220146 
2025-06-18 17:27:38,637 INFO: Epoch 268, Train Loss: 0.0970650270694133, Test Loss: 0.08864284131456823, Inverse Test Loss: 1.27104670159957 
2025-06-18 17:27:40,585 INFO: Epoch 269, Train Loss: 0.0979093314346039, Test Loss: 0.0876833005424808, Inverse Test Loss: 1.2563380423714132 
2025-06-18 17:27:42,482 INFO: Epoch 270, Train Loss: 0.09662628535068396, Test Loss: 0.08782652721685522, Inverse Test Loss: 1.259465315762688 
2025-06-18 17:27:44,476 INFO: Epoch 271, Train Loss: 0.09652316039710333, Test Loss: 0.08752161790342892, Inverse Test Loss: 1.246843530851252 
2025-06-18 17:27:46,353 INFO: Epoch 272, Train Loss: 0.09798409693846197, Test Loss: 0.08792810185867198, Inverse Test Loss: 1.2486124880173628 
2025-06-18 17:27:48,281 INFO: Epoch 273, Train Loss: 0.09769149745504062, Test Loss: 0.08751223718418795, Inverse Test Loss: 1.2511924014371985 
2025-06-18 17:27:50,178 INFO: Epoch 274, Train Loss: 0.0967253576399702, Test Loss: 0.08955676875570241, Inverse Test Loss: 1.2718838558477514 
2025-06-18 17:27:52,091 INFO: Epoch 275, Train Loss: 0.09669531085951762, Test Loss: 0.0882043571156614, Inverse Test Loss: 1.265865006867577 
2025-06-18 17:27:53,987 INFO: Epoch 276, Train Loss: 0.09865120228267077, Test Loss: 0.08818089151207138, Inverse Test Loss: 1.250452977769515 
2025-06-18 17:27:55,913 INFO: Epoch 277, Train Loss: 0.09728351421654224, Test Loss: 0.08802716609309702, Inverse Test Loss: 1.2509492179926704 
2025-06-18 17:27:57,829 INFO: Epoch 278, Train Loss: 0.09718970841530597, Test Loss: 0.08742880426785525, Inverse Test Loss: 1.2377553862683914 
2025-06-18 17:27:59,669 INFO: Epoch 279, Train Loss: 0.09801696128014362, Test Loss: 0.08766869455575943, Inverse Test Loss: 1.2478902339935303 
2025-06-18 17:28:01,586 INFO: Epoch 280, Train Loss: 0.0989679614025535, Test Loss: 0.08789061798768885, Inverse Test Loss: 1.2492186847855062 
2025-06-18 17:28:03,499 INFO: Epoch 281, Train Loss: 0.09558053484017198, Test Loss: 0.0871565052691628, Inverse Test Loss: 1.245914588956272 
2025-06-18 17:28:05,417 INFO: Epoch 282, Train Loss: 0.09665823191630118, Test Loss: 0.08798553860362839, Inverse Test Loss: 1.256597382180831 
2025-06-18 17:28:07,320 INFO: Epoch 283, Train Loss: 0.09689045782116326, Test Loss: 0.08726769663831767, Inverse Test Loss: 1.249453348271987 
2025-06-18 17:28:09,245 INFO: Epoch 284, Train Loss: 0.09844435559529247, Test Loss: 0.08831662377890419, Inverse Test Loss: 1.2445589724709005 
2025-06-18 17:28:11,136 INFO: Epoch 285, Train Loss: 0.09680242870341647, Test Loss: 0.0890223548254546, Inverse Test Loss: 1.2639464735984802 
2025-06-18 17:28:13,008 INFO: Epoch 286, Train Loss: 0.09665820036422122, Test Loss: 0.08766496269141927, Inverse Test Loss: 1.2360888053389156 
2025-06-18 17:28:14,921 INFO: Epoch 287, Train Loss: 0.09659028222615068, Test Loss: 0.08781807606711108, Inverse Test Loss: 1.246508142527412 
2025-06-18 17:28:16,812 INFO: Epoch 288, Train Loss: 0.09713932414623824, Test Loss: 0.08733857664115288, Inverse Test Loss: 1.2487368864171646 
2025-06-18 17:28:18,675 INFO: Epoch 289, Train Loss: 0.0979983007930445, Test Loss: 0.0885659524184816, Inverse Test Loss: 1.256701574606054 
2025-06-18 17:28:20,609 INFO: Epoch 290, Train Loss: 0.09761238865780109, Test Loss: 0.08751522552441149, Inverse Test Loss: 1.2542367612614351 
2025-06-18 17:28:22,540 INFO: Epoch 291, Train Loss: 0.09771101492823976, Test Loss: 0.08830593285315178, Inverse Test Loss: 1.2727000012117273 
2025-06-18 17:28:24,451 INFO: Epoch 292, Train Loss: 0.09702421278890336, Test Loss: 0.08802425313521833, Inverse Test Loss: 1.2582383155822754 
2025-06-18 17:28:26,374 INFO: Epoch 293, Train Loss: 0.0971097182482481, Test Loss: 0.0878604589139714, Inverse Test Loss: 1.2610393727526945 
2025-06-18 17:28:28,271 INFO: Epoch 294, Train Loss: 0.09559646401215684, Test Loss: 0.08718798988882233, Inverse Test Loss: 1.2433752978549284 
2025-06-18 17:28:30,213 INFO: Epoch 295, Train Loss: 0.09577358039942654, Test Loss: 0.0883656996576225, Inverse Test Loss: 1.2564186734311722 
2025-06-18 17:28:32,137 INFO: Epoch 296, Train Loss: 0.09614783525466919, Test Loss: 0.08699647096150062, Inverse Test Loss: 1.244418656124788 
2025-06-18 17:28:34,112 INFO: Epoch 297, Train Loss: 0.09641106917776844, Test Loss: 0.08788073895608678, Inverse Test Loss: 1.2626424326616175 
2025-06-18 17:28:36,013 INFO: Epoch 298, Train Loss: 0.09571885402229699, Test Loss: 0.08770878087071811, Inverse Test Loss: 1.2572581487543442 
2025-06-18 17:28:37,924 INFO: Epoch 299, Train Loss: 0.09613695915675524, Test Loss: 0.0877940293182345, Inverse Test Loss: 1.2476252071997698 
2025-06-18 17:28:39,698 INFO: Epoch 300, Train Loss: 0.0954841399339564, Test Loss: 0.08745326737270635, Inverse Test Loss: 1.2474924816804773 
2025-06-18 17:28:39,698 INFO: Best Epoch 296, Best Test Loss: 0.08699647096150062, Inverse Test Loss: 1.244418656124788 
2025-06-18 17:28:41,604 INFO: Epoch 301, Train Loss: 0.09489332331400929, Test Loss: 0.08751020777751417, Inverse Test Loss: 1.258264208541197 
2025-06-18 17:28:43,500 INFO: Epoch 302, Train Loss: 0.09759708200440262, Test Loss: 0.0871496261919246, Inverse Test Loss: 1.245569292236777 
2025-06-18 17:28:45,348 INFO: Epoch 303, Train Loss: 0.09698979708958756, Test Loss: 0.08708328227786456, Inverse Test Loss: 1.2393021864049576 
2025-06-18 17:28:47,325 INFO: Epoch 304, Train Loss: 0.09599795971404422, Test Loss: 0.08740573617465355, Inverse Test Loss: 1.2485169663148767 
2025-06-18 17:28:49,276 INFO: Epoch 305, Train Loss: 0.09657451064523423, Test Loss: 0.08783813741277247, Inverse Test Loss: 1.248638251248528 
2025-06-18 17:28:51,185 INFO: Epoch 306, Train Loss: 0.09527720657713486, Test Loss: 0.08765995436731507, Inverse Test Loss: 1.2423762889469372 
2025-06-18 17:28:53,104 INFO: Epoch 307, Train Loss: 0.09581764414906502, Test Loss: 0.08726783929502263, Inverse Test Loss: 1.2503649346968706 
2025-06-18 17:28:54,981 INFO: Epoch 308, Train Loss: 0.09480094475050767, Test Loss: 0.0876886397600174, Inverse Test Loss: 1.2601649375522839 
2025-06-18 17:28:56,897 INFO: Epoch 309, Train Loss: 0.09490134962128871, Test Loss: 0.08805850192027934, Inverse Test Loss: 1.267923306016361 
2025-06-18 17:28:58,750 INFO: Epoch 310, Train Loss: 0.09523003209720958, Test Loss: 0.0876035024138058, Inverse Test Loss: 1.2469317667624529 
2025-06-18 17:29:00,663 INFO: Epoch 311, Train Loss: 0.0961936843214613, Test Loss: 0.08687651288859985, Inverse Test Loss: 1.2494619804270126 
2025-06-18 17:29:02,572 INFO: Epoch 312, Train Loss: 0.09525255932275092, Test Loss: 0.08688638972885468, Inverse Test Loss: 1.2413082929218517 
2025-06-18 17:29:04,486 INFO: Epoch 313, Train Loss: 0.09588268534703688, Test Loss: 0.08736289073439206, Inverse Test Loss: 1.234235991449917 
2025-06-18 17:29:06,419 INFO: Epoch 314, Train Loss: 0.0962052032577269, Test Loss: 0.08655541083391975, Inverse Test Loss: 1.2410890915814567 
2025-06-18 17:29:08,338 INFO: Epoch 315, Train Loss: 0.09395199839138624, Test Loss: 0.08692382429452504, Inverse Test Loss: 1.2331371342434603 
2025-06-18 17:29:10,244 INFO: Epoch 316, Train Loss: 0.09661140479147434, Test Loss: 0.08782792135196574, Inverse Test Loss: 1.263400417916915 
2025-06-18 17:29:12,120 INFO: Epoch 317, Train Loss: 0.09531034320367104, Test Loss: 0.08812430785859332, Inverse Test Loss: 1.2567682511666243 
2025-06-18 17:29:14,036 INFO: Epoch 318, Train Loss: 0.09742472072442372, Test Loss: 0.08772995038067594, Inverse Test Loss: 1.248671226641711 
2025-06-18 17:29:15,943 INFO: Epoch 319, Train Loss: 0.095546143665684, Test Loss: 0.08853944632060387, Inverse Test Loss: 1.2766291779630325 
2025-06-18 17:29:17,855 INFO: Epoch 320, Train Loss: 0.09488394438768878, Test Loss: 0.08696957940564436, Inverse Test Loss: 1.2377166187061983 
2025-06-18 17:29:19,759 INFO: Epoch 321, Train Loss: 0.09590309553525665, Test Loss: 0.08708037085392896, Inverse Test Loss: 1.235457164399764 
2025-06-18 17:29:21,656 INFO: Epoch 322, Train Loss: 0.09547688196780103, Test Loss: 0.08778331845122225, Inverse Test Loss: 1.256296241984648 
2025-06-18 17:29:23,549 INFO: Epoch 323, Train Loss: 0.09374114554939848, Test Loss: 0.08750803900115631, Inverse Test Loss: 1.2549908055978662 
2025-06-18 17:29:25,475 INFO: Epoch 324, Train Loss: 0.09623184946901871, Test Loss: 0.08723833368105047, Inverse Test Loss: 1.2454527616500854 
2025-06-18 17:29:27,379 INFO: Epoch 325, Train Loss: 0.09548964114351706, Test Loss: 0.08772336976493106, Inverse Test Loss: 1.2400814505184399 
2025-06-18 17:29:29,269 INFO: Epoch 326, Train Loss: 0.09387336022248774, Test Loss: 0.0894563986974604, Inverse Test Loss: 1.2676692289464615 
2025-06-18 17:29:31,120 INFO: Epoch 327, Train Loss: 0.09463934950304753, Test Loss: 0.08700895068400047, Inverse Test Loss: 1.238080406890196 
2025-06-18 17:29:32,995 INFO: Epoch 328, Train Loss: 0.093302338073651, Test Loss: 0.08891558143145897, Inverse Test Loss: 1.267603618257186 
2025-06-18 17:29:34,850 INFO: Epoch 329, Train Loss: 0.09596725254122054, Test Loss: 0.08734649573178853, Inverse Test Loss: 1.2394113926326527 
2025-06-18 17:29:36,760 INFO: Epoch 330, Train Loss: 0.09407758582947832, Test Loss: 0.088466645382783, Inverse Test Loss: 1.2386973885928882 
2025-06-18 17:29:38,690 INFO: Epoch 331, Train Loss: 0.09584882646573312, Test Loss: 0.08749590573065422, Inverse Test Loss: 1.2433179020881653 
2025-06-18 17:29:40,620 INFO: Epoch 332, Train Loss: 0.09470926163097222, Test Loss: 0.0882424933507162, Inverse Test Loss: 1.2469196459826302 
2025-06-18 17:29:42,542 INFO: Epoch 333, Train Loss: 0.09484261359003457, Test Loss: 0.0882568994865698, Inverse Test Loss: 1.2509449790505802 
2025-06-18 17:29:44,430 INFO: Epoch 334, Train Loss: 0.09585801156407053, Test Loss: 0.08801878923002411, Inverse Test Loss: 1.2532083251897026 
2025-06-18 17:29:46,332 INFO: Epoch 335, Train Loss: 0.09379381686449051, Test Loss: 0.08790254921597593, Inverse Test Loss: 1.2541253040818607 
2025-06-18 17:29:48,192 INFO: Epoch 336, Train Loss: 0.09559474529867823, Test Loss: 0.08729284519658369, Inverse Test Loss: 1.2395509656737833 
2025-06-18 17:29:50,144 INFO: Epoch 337, Train Loss: 0.0943576849884156, Test Loss: 0.0875514677780516, Inverse Test Loss: 1.2459479815819685 
2025-06-18 17:29:52,045 INFO: Epoch 338, Train Loss: 0.09444102385278905, Test Loss: 0.08736552999300115, Inverse Test Loss: 1.2459312747506535 
2025-06-18 17:29:53,924 INFO: Epoch 339, Train Loss: 0.09596859167019527, Test Loss: 0.0877685435116291, Inverse Test Loss: 1.2408067619099337 
2025-06-18 17:29:55,871 INFO: Epoch 340, Train Loss: 0.09343172412252787, Test Loss: 0.0870247623499702, Inverse Test Loss: 1.232834493412691 
2025-06-18 17:29:57,807 INFO: Epoch 341, Train Loss: 0.0944242478545868, Test Loss: 0.08773150799029014, Inverse Test Loss: 1.2514821571462296 
2025-06-18 17:29:59,759 INFO: Epoch 342, Train Loss: 0.09420175664126873, Test Loss: 0.08694692240918384, Inverse Test Loss: 1.2353148951249964 
2025-06-18 17:30:01,675 INFO: Epoch 343, Train Loss: 0.09464102763343941, Test Loss: 0.08745164928190849, Inverse Test Loss: 1.2308004708851086 
2025-06-18 17:30:03,617 INFO: Epoch 344, Train Loss: 0.09364370708212708, Test Loss: 0.08777347579598427, Inverse Test Loss: 1.2357791697277742 
2025-06-18 17:30:05,469 INFO: Epoch 345, Train Loss: 0.09474216520108959, Test Loss: 0.08754347418161, Inverse Test Loss: 1.239446569891537 
2025-06-18 17:30:07,367 INFO: Epoch 346, Train Loss: 0.09307456310048248, Test Loss: 0.08727388193502146, Inverse Test Loss: 1.2497667705311495 
2025-06-18 17:30:09,363 INFO: Epoch 347, Train Loss: 0.09560107417178876, Test Loss: 0.08769032490604065, Inverse Test Loss: 1.2431018352508545 
2025-06-18 17:30:11,285 INFO: Epoch 348, Train Loss: 0.09637836186271725, Test Loss: 0.08716392495176371, Inverse Test Loss: 1.232184971080107 
2025-06-18 17:30:13,177 INFO: Epoch 349, Train Loss: 0.09454626240061992, Test Loss: 0.08797304485650624, Inverse Test Loss: 1.2401326859698576 
2025-06-18 17:30:15,074 INFO: Epoch 350, Train Loss: 0.09460969145099322, Test Loss: 0.08709546112838913, Inverse Test Loss: 1.2363508168388815 
2025-06-18 17:30:16,911 INFO: Epoch 351, Train Loss: 0.09286381326841586, Test Loss: 0.08865696345182027, Inverse Test Loss: 1.2506930547602035 
2025-06-18 17:30:18,858 INFO: Epoch 352, Train Loss: 0.09447291504704591, Test Loss: 0.08799582544495077, Inverse Test Loss: 1.2365238982088425 
2025-06-18 17:30:20,866 INFO: Epoch 353, Train Loss: 0.0942408772693439, Test Loss: 0.08675849854069598, Inverse Test Loss: 1.238279682748458 
2025-06-18 17:30:22,835 INFO: Epoch 354, Train Loss: 0.09448640528276112, Test Loss: 0.08741011602037094, Inverse Test Loss: 1.2443802426843082 
2025-06-18 17:30:24,754 INFO: Epoch 355, Train Loss: 0.09391633545358975, Test Loss: 0.0877725543344722, Inverse Test Loss: 1.240004606106702 
2025-06-18 17:30:26,620 INFO: Epoch 356, Train Loss: 0.09471515808818919, Test Loss: 0.0881283642614589, Inverse Test Loss: 1.267449554275064 
2025-06-18 17:30:28,538 INFO: Epoch 357, Train Loss: 0.09326986624210169, Test Loss: 0.08710753347943812, Inverse Test Loss: 1.233842811163734 
2025-06-18 17:30:30,441 INFO: Epoch 358, Train Loss: 0.093797022025242, Test Loss: 0.08803092403446927, Inverse Test Loss: 1.2530130393364851 
2025-06-18 17:30:32,378 INFO: Epoch 359, Train Loss: 0.09503658595636036, Test Loss: 0.0871781318941537, Inverse Test Loss: 1.2398402235087227 
2025-06-18 17:30:34,305 INFO: Epoch 360, Train Loss: 0.09376942733246268, Test Loss: 0.0871819921714418, Inverse Test Loss: 1.2295798238585978 
2025-06-18 17:30:36,220 INFO: Epoch 361, Train Loss: 0.09369958931523742, Test Loss: 0.08912194870850619, Inverse Test Loss: 1.255196865867166 
2025-06-18 17:30:38,121 INFO: Epoch 362, Train Loss: 0.09503253814623211, Test Loss: 0.08810201155788758, Inverse Test Loss: 1.2379440174383276 
2025-06-18 17:30:40,033 INFO: Epoch 363, Train Loss: 0.09285822979202776, Test Loss: 0.08749170141185031, Inverse Test Loss: 1.2392485913108378 
2025-06-18 17:30:41,926 INFO: Epoch 364, Train Loss: 0.09208524057810957, Test Loss: 0.08800624464364613, Inverse Test Loss: 1.2395173942341524 
2025-06-18 17:30:43,792 INFO: Epoch 365, Train Loss: 0.09263537818509521, Test Loss: 0.08717776243301, Inverse Test Loss: 1.2340897391824162 
2025-06-18 17:30:45,633 INFO: Epoch 366, Train Loss: 0.09330271692438559, Test Loss: 0.08801253490588244, Inverse Test Loss: 1.2473270402235144 
2025-06-18 17:30:47,499 INFO: Epoch 367, Train Loss: 0.09384774811791652, Test Loss: 0.08807861498173546, Inverse Test Loss: 1.2360521239392899 
2025-06-18 17:30:49,331 INFO: Epoch 368, Train Loss: 0.0924180071575172, Test Loss: 0.08732333121930852, Inverse Test Loss: 1.2471379777964424 
2025-06-18 17:30:51,171 INFO: Epoch 369, Train Loss: 0.09344002491596973, Test Loss: 0.08765141402973849, Inverse Test Loss: 1.2397300706190222 
2025-06-18 17:30:52,999 INFO: Epoch 370, Train Loss: 0.09299191341481426, Test Loss: 0.08769968086305786, Inverse Test Loss: 1.2434215159977184 
2025-06-18 17:30:54,881 INFO: Epoch 371, Train Loss: 0.09185372292995453, Test Loss: 0.08805770646123325, Inverse Test Loss: 1.2446486634366654 
2025-06-18 17:30:56,713 INFO: Epoch 372, Train Loss: 0.09305286046230432, Test Loss: 0.08667245375759461, Inverse Test Loss: 1.2438247133703793 
2025-06-18 17:30:57,985 INFO: Epoch 373, Train Loss: 0.09195130736087308, Test Loss: 0.08874726492692442, Inverse Test Loss: 1.2537116303163416 
2025-06-18 17:30:59,464 INFO: Epoch 374, Train Loss: 0.09308694325613254, Test Loss: 0.08793865801656947, Inverse Test Loss: 1.2571205496788025 
2025-06-18 17:31:00,660 INFO: Epoch 375, Train Loss: 0.09367654726586559, Test Loss: 0.08755713832729003, Inverse Test Loss: 1.2483792340054232 
2025-06-18 17:31:01,826 INFO: Epoch 376, Train Loss: 0.09262675261407187, Test Loss: 0.08744011315352776, Inverse Test Loss: 1.2441362002316643 
2025-06-18 17:31:02,996 INFO: Epoch 377, Train Loss: 0.09330813569778745, Test Loss: 0.08767185031491168, Inverse Test Loss: 1.2430325395920698 
2025-06-18 17:31:04,163 INFO: Epoch 378, Train Loss: 0.09235625036738136, Test Loss: 0.08748910466537756, Inverse Test Loss: 1.2424037456512451 
2025-06-18 17:31:05,345 INFO: Epoch 379, Train Loss: 0.09355758525656932, Test Loss: 0.08674357415122144, Inverse Test Loss: 1.2337079503956963 
2025-06-18 17:31:06,520 INFO: Epoch 380, Train Loss: 0.09274901184394505, Test Loss: 0.0865922872634495, Inverse Test Loss: 1.2367144928259008 
2025-06-18 17:31:07,703 INFO: Epoch 381, Train Loss: 0.09368329562924126, Test Loss: 0.08835975124555476, Inverse Test Loss: 1.250165227581473 
2025-06-18 17:31:08,867 INFO: Epoch 382, Train Loss: 0.09374366209588268, Test Loss: 0.08738954737782478, Inverse Test Loss: 1.2451542931444504 
2025-06-18 17:31:10,053 INFO: Epoch 383, Train Loss: 0.09464293825581219, Test Loss: 0.08681142658871763, Inverse Test Loss: 1.2323484420776367 
2025-06-18 17:31:11,262 INFO: Epoch 384, Train Loss: 0.09319142032076012, Test Loss: 0.08762432240387973, Inverse Test Loss: 1.2399288205539478 
2025-06-18 17:31:12,423 INFO: Epoch 385, Train Loss: 0.0923192696363637, Test Loss: 0.0870775749139926, Inverse Test Loss: 1.2280084876453174 
2025-06-18 17:31:13,611 INFO: Epoch 386, Train Loss: 0.09241560372439298, Test Loss: 0.0877955168047372, Inverse Test Loss: 1.2538414842942183 
2025-06-18 17:31:14,780 INFO: Epoch 387, Train Loss: 0.08957279930737885, Test Loss: 0.08778049950213994, Inverse Test Loss: 1.2408746656249552 
2025-06-18 17:31:15,953 INFO: Epoch 388, Train Loss: 0.09159132905981758, Test Loss: 0.08850884503301452, Inverse Test Loss: 1.2500015146592085 
2025-06-18 17:31:17,110 INFO: Epoch 389, Train Loss: 0.09378607994453474, Test Loss: 0.08752070608384468, Inverse Test Loss: 1.237729335532469 
2025-06-18 17:31:18,271 INFO: Epoch 390, Train Loss: 0.09229992380873724, Test Loss: 0.08643863043364357, Inverse Test Loss: 1.2327962342430563 
2025-06-18 17:31:19,442 INFO: Epoch 391, Train Loss: 0.09277682785283435, Test Loss: 0.08745388752397369, Inverse Test Loss: 1.2334013686460608 
2025-06-18 17:31:20,637 INFO: Epoch 392, Train Loss: 0.09249539916036707, Test Loss: 0.08665172711891286, Inverse Test Loss: 1.2285900606828577 
2025-06-18 17:31:21,826 INFO: Epoch 393, Train Loss: 0.09243009984493256, Test Loss: 0.08776107978294878, Inverse Test Loss: 1.237697636379915 
2025-06-18 17:31:22,993 INFO: Epoch 394, Train Loss: 0.09216272921273203, Test Loss: 0.08821550690952469, Inverse Test Loss: 1.2397271114237167 
2025-06-18 17:31:24,162 INFO: Epoch 395, Train Loss: 0.09194952193083185, Test Loss: 0.08743103571674403, Inverse Test Loss: 1.252976606873905 
2025-06-18 17:31:25,326 INFO: Epoch 396, Train Loss: 0.0913064330251831, Test Loss: 0.08737768561524503, Inverse Test Loss: 1.2321286411846386 
2025-06-18 17:31:26,500 INFO: Epoch 397, Train Loss: 0.09198030169037255, Test Loss: 0.08751490646425415, Inverse Test Loss: 1.2354881938766031 
2025-06-18 17:31:27,675 INFO: Epoch 398, Train Loss: 0.0915028823144508, Test Loss: 0.08791311129051096, Inverse Test Loss: 1.245120851432576 
2025-06-18 17:31:28,845 INFO: Epoch 399, Train Loss: 0.09288836767276128, Test Loss: 0.08702205011949819, Inverse Test Loss: 1.2412309366113998 
2025-06-18 17:31:30,018 INFO: Epoch 400, Train Loss: 0.0930249545948975, Test Loss: 0.08706131336443565, Inverse Test Loss: 1.2282281272551592 
2025-06-18 17:31:30,019 INFO: Best Epoch 390, Best Test Loss: 0.08643863043364357, Inverse Test Loss: 1.2327962342430563 
