2025-01-09 14:36:40,929 INFO: namespace(depth=2, name='KAN') 
2025-01-09 14:36:40,930 INFO: Dataset:winequality 
2025-01-09 14:36:40,930 INFO: ------Begin Training Model------ 
2025-01-09 14:36:42,938 INFO: Epoch 1, Train Loss: 1.0758701062971545, Test Loss: 0.9537391662597656, Inverse Test Loss: 0.08827321231365204 
2025-01-09 14:36:43,090 INFO: Epoch 2, Train Loss: 1.023123356603807, Test Loss: 0.916780911386013, Inverse Test Loss: 0.08406925201416016 
2025-01-09 14:36:43,240 INFO: Epoch 3, Train Loss: 0.9858424682771006, Test Loss: 0.8884307444095612, Inverse Test Loss: 0.08157088607549667 
2025-01-09 14:36:43,395 INFO: Epoch 4, Train Loss: 0.9603534533131507, Test Loss: 0.8662690073251724, Inverse Test Loss: 0.08025788515806198 
2025-01-09 14:36:43,543 INFO: Epoch 5, Train Loss: 0.934681728962929, Test Loss: 0.8502113595604897, Inverse Test Loss: 0.07963509112596512 
2025-01-09 14:36:43,690 INFO: Epoch 6, Train Loss: 0.9178636304793819, Test Loss: 0.8391747549176216, Inverse Test Loss: 0.07924063503742218 
2025-01-09 14:36:43,842 INFO: Epoch 7, Train Loss: 0.9042823641530929, Test Loss: 0.8328461721539497, Inverse Test Loss: 0.07898668944835663 
2025-01-09 14:36:43,988 INFO: Epoch 8, Train Loss: 0.8907801201266627, Test Loss: 0.8285118266940117, Inverse Test Loss: 0.07892805337905884 
2025-01-09 14:36:44,137 INFO: Epoch 9, Train Loss: 0.8838521338278248, Test Loss: 0.8241138830780983, Inverse Test Loss: 0.07827504724264145 
2025-01-09 14:36:44,286 INFO: Epoch 10, Train Loss: 0.8789416455453442, Test Loss: 0.8199224919080734, Inverse Test Loss: 0.0778936892747879 
2025-01-09 14:36:44,434 INFO: Epoch 11, Train Loss: 0.8713662585904521, Test Loss: 0.8174453228712082, Inverse Test Loss: 0.077541284263134 
2025-01-09 14:36:44,580 INFO: Epoch 12, Train Loss: 0.8628540365926681, Test Loss: 0.8146362081170082, Inverse Test Loss: 0.07755519449710846 
2025-01-09 14:36:44,734 INFO: Epoch 13, Train Loss: 0.8577128437257582, Test Loss: 0.8120760694146156, Inverse Test Loss: 0.07713085412979126 
2025-01-09 14:36:44,877 INFO: Epoch 14, Train Loss: 0.8557909438686986, Test Loss: 0.8110241740942001, Inverse Test Loss: 0.0770137831568718 
2025-01-09 14:36:45,021 INFO: Epoch 15, Train Loss: 0.8495797072687457, Test Loss: 0.8092784211039543, Inverse Test Loss: 0.07695275545120239 
2025-01-09 14:36:45,169 INFO: Epoch 16, Train Loss: 0.8490464283574012, Test Loss: 0.8083716407418251, Inverse Test Loss: 0.0762748271226883 
2025-01-09 14:36:45,321 INFO: Epoch 17, Train Loss: 0.8443937801545666, Test Loss: 0.8070811554789543, Inverse Test Loss: 0.07607550919055939 
2025-01-09 14:36:45,473 INFO: Epoch 18, Train Loss: 0.842865486298838, Test Loss: 0.8063514530658722, Inverse Test Loss: 0.07591061294078827 
2025-01-09 14:36:45,624 INFO: Epoch 19, Train Loss: 0.8383897735226539, Test Loss: 0.8056097403168678, Inverse Test Loss: 0.07627850770950317 
2025-01-09 14:36:45,774 INFO: Epoch 20, Train Loss: 0.8378652564940914, Test Loss: 0.8047459796071053, Inverse Test Loss: 0.07615306228399277 
2025-01-09 14:36:45,927 INFO: Epoch 21, Train Loss: 0.8367299610568631, Test Loss: 0.8034882098436356, Inverse Test Loss: 0.0756208524107933 
2025-01-09 14:36:46,074 INFO: Epoch 22, Train Loss: 0.8326416477080314, Test Loss: 0.8034857511520386, Inverse Test Loss: 0.07558926939964294 
2025-01-09 14:36:46,227 INFO: Epoch 23, Train Loss: 0.8321481250947521, Test Loss: 0.8015975281596184, Inverse Test Loss: 0.07550579309463501 
2025-01-09 14:36:46,375 INFO: Epoch 24, Train Loss: 0.8295676785130655, Test Loss: 0.800857774913311, Inverse Test Loss: 0.07566042244434357 
2025-01-09 14:36:46,522 INFO: Epoch 25, Train Loss: 0.8282280525853557, Test Loss: 0.800558365881443, Inverse Test Loss: 0.07553957402706146 
2025-01-09 14:36:46,672 INFO: Epoch 26, Train Loss: 0.8259741433205143, Test Loss: 0.7989651709794998, Inverse Test Loss: 0.07544124871492386 
2025-01-09 14:36:46,826 INFO: Epoch 27, Train Loss: 0.8267609400133933, Test Loss: 0.7997754439711571, Inverse Test Loss: 0.0758381113409996 
2025-01-09 14:36:46,973 INFO: Epoch 28, Train Loss: 0.8235199086127742, Test Loss: 0.7982244864106178, Inverse Test Loss: 0.07574629783630371 
2025-01-09 14:36:47,124 INFO: Epoch 29, Train Loss: 0.820637664487285, Test Loss: 0.7977146804332733, Inverse Test Loss: 0.07561834156513214 
2025-01-09 14:36:47,273 INFO: Epoch 30, Train Loss: 0.820032085141828, Test Loss: 0.7977203652262688, Inverse Test Loss: 0.07582618296146393 
2025-01-09 14:36:47,422 INFO: Epoch 31, Train Loss: 0.8191910270721682, Test Loss: 0.7968496456742287, Inverse Test Loss: 0.07569358497858047 
2025-01-09 14:36:47,569 INFO: Epoch 32, Train Loss: 0.8179640000866305, Test Loss: 0.7955696284770966, Inverse Test Loss: 0.07612721621990204 
2025-01-09 14:36:47,719 INFO: Epoch 33, Train Loss: 0.81670723038335, Test Loss: 0.7957167774438858, Inverse Test Loss: 0.07574865967035294 
2025-01-09 14:36:47,865 INFO: Epoch 34, Train Loss: 0.8141794993031409, Test Loss: 0.796241007745266, Inverse Test Loss: 0.07555031776428223 
2025-01-09 14:36:48,015 INFO: Epoch 35, Train Loss: 0.8137425895660154, Test Loss: 0.7951021492481232, Inverse Test Loss: 0.0762273520231247 
2025-01-09 14:36:48,168 INFO: Epoch 36, Train Loss: 0.8142838939543693, Test Loss: 0.794039711356163, Inverse Test Loss: 0.07586652785539627 
2025-01-09 14:36:48,317 INFO: Epoch 37, Train Loss: 0.8115301728248596, Test Loss: 0.7939792349934578, Inverse Test Loss: 0.07541944831609726 
2025-01-09 14:36:48,461 INFO: Epoch 38, Train Loss: 0.8097824838853651, Test Loss: 0.7932858839631081, Inverse Test Loss: 0.07609408348798752 
2025-01-09 14:36:48,614 INFO: Epoch 39, Train Loss: 0.8089904035291364, Test Loss: 0.7937520146369934, Inverse Test Loss: 0.07612746208906174 
2025-01-09 14:36:48,759 INFO: Epoch 40, Train Loss: 0.8083488152873132, Test Loss: 0.7940686866641045, Inverse Test Loss: 0.07601569592952728 
2025-01-09 14:36:48,911 INFO: Epoch 41, Train Loss: 0.8039209881136494, Test Loss: 0.7921236157417297, Inverse Test Loss: 0.07610227912664413 
2025-01-09 14:36:49,059 INFO: Epoch 42, Train Loss: 0.8083795482112516, Test Loss: 0.7923374101519585, Inverse Test Loss: 0.07596054673194885 
2025-01-09 14:36:49,211 INFO: Epoch 43, Train Loss: 0.8050473966906148, Test Loss: 0.7922678664326668, Inverse Test Loss: 0.0759885162115097 
2025-01-09 14:36:49,360 INFO: Epoch 44, Train Loss: 0.8044495909444748, Test Loss: 0.7919314950704575, Inverse Test Loss: 0.07645173370838165 
2025-01-09 14:36:49,511 INFO: Epoch 45, Train Loss: 0.8047971225553944, Test Loss: 0.7919604629278183, Inverse Test Loss: 0.07628141343593597 
2025-01-09 14:36:49,656 INFO: Epoch 46, Train Loss: 0.8036812947642419, Test Loss: 0.791691891849041, Inverse Test Loss: 0.07594841718673706 
2025-01-09 14:36:49,806 INFO: Epoch 47, Train Loss: 0.8016377668226918, Test Loss: 0.7911848202347755, Inverse Test Loss: 0.07619045674800873 
2025-01-09 14:36:49,953 INFO: Epoch 48, Train Loss: 0.798893105599188, Test Loss: 0.7911068424582481, Inverse Test Loss: 0.0762038454413414 
2025-01-09 14:36:50,103 INFO: Epoch 49, Train Loss: 0.7985589696514991, Test Loss: 0.7908907756209373, Inverse Test Loss: 0.07596166431903839 
2025-01-09 14:36:50,254 INFO: Epoch 50, Train Loss: 0.7997858658913644, Test Loss: 0.7903370186686516, Inverse Test Loss: 0.07651764154434204 
2025-01-09 14:36:50,404 INFO: Epoch 51, Train Loss: 0.7964079456944619, Test Loss: 0.7891635745763779, Inverse Test Loss: 0.07603412121534348 
2025-01-09 14:36:50,546 INFO: Epoch 52, Train Loss: 0.7952856748334823, Test Loss: 0.790066696703434, Inverse Test Loss: 0.0764973983168602 
2025-01-09 14:36:50,698 INFO: Epoch 53, Train Loss: 0.794675305966408, Test Loss: 0.7885932698845863, Inverse Test Loss: 0.07619412243366241 
2025-01-09 14:36:50,845 INFO: Epoch 54, Train Loss: 0.7944757649975438, Test Loss: 0.7884074151515961, Inverse Test Loss: 0.07628460973501205 
2025-01-09 14:36:51,001 INFO: Epoch 55, Train Loss: 0.7917977994488131, Test Loss: 0.7886014357209206, Inverse Test Loss: 0.07641549408435822 
2025-01-09 14:36:51,145 INFO: Epoch 56, Train Loss: 0.791379532506389, Test Loss: 0.7877609953284264, Inverse Test Loss: 0.07636485248804092 
2025-01-09 14:36:51,303 INFO: Epoch 57, Train Loss: 0.7904019471137754, Test Loss: 0.7879715412855148, Inverse Test Loss: 0.07654005289077759 
2025-01-09 14:36:51,452 INFO: Epoch 58, Train Loss: 0.788270806112597, Test Loss: 0.7869793623685837, Inverse Test Loss: 0.07658261060714722 
2025-01-09 14:36:51,607 INFO: Epoch 59, Train Loss: 0.7882026683899664, Test Loss: 0.787344679236412, Inverse Test Loss: 0.07648865878582001 
2025-01-09 14:36:51,759 INFO: Epoch 60, Train Loss: 0.7877751281184535, Test Loss: 0.7868015170097351, Inverse Test Loss: 0.07675185054540634 
2025-01-09 14:36:51,915 INFO: Epoch 61, Train Loss: 0.7876458437212052, Test Loss: 0.7860549166798592, Inverse Test Loss: 0.07660915702581406 
2025-01-09 14:36:52,059 INFO: Epoch 62, Train Loss: 0.7843009925657703, Test Loss: 0.7860489636659622, Inverse Test Loss: 0.07647866755723953 
2025-01-09 14:36:52,225 INFO: Epoch 63, Train Loss: 0.78452689801493, Test Loss: 0.7857106998562813, Inverse Test Loss: 0.07654055953025818 
2025-01-09 14:36:52,376 INFO: Epoch 64, Train Loss: 0.7842374867008578, Test Loss: 0.786763921380043, Inverse Test Loss: 0.07675457745790482 
2025-01-09 14:36:52,530 INFO: Epoch 65, Train Loss: 0.7829828185419883, Test Loss: 0.7855742797255516, Inverse Test Loss: 0.07709917426109314 
2025-01-09 14:36:52,677 INFO: Epoch 66, Train Loss: 0.7816004080157126, Test Loss: 0.785173311829567, Inverse Test Loss: 0.076505646109581 
2025-01-09 14:36:52,828 INFO: Epoch 67, Train Loss: 0.7845149463222872, Test Loss: 0.7846898511052132, Inverse Test Loss: 0.07676467299461365 
2025-01-09 14:36:52,973 INFO: Epoch 68, Train Loss: 0.7807303763205006, Test Loss: 0.7846627905964851, Inverse Test Loss: 0.07686828821897507 
2025-01-09 14:36:53,122 INFO: Epoch 69, Train Loss: 0.7803483009338379, Test Loss: 0.7847025841474533, Inverse Test Loss: 0.07659637182950974 
2025-01-09 14:36:53,279 INFO: Epoch 70, Train Loss: 0.7808384837642792, Test Loss: 0.7840200588107109, Inverse Test Loss: 0.07671026885509491 
2025-01-09 14:36:53,432 INFO: Epoch 71, Train Loss: 0.7774716596449575, Test Loss: 0.7842898443341255, Inverse Test Loss: 0.07696624845266342 
2025-01-09 14:36:53,578 INFO: Epoch 72, Train Loss: 0.7785076921985995, Test Loss: 0.7828647345304489, Inverse Test Loss: 0.07687550783157349 
2025-01-09 14:36:53,742 INFO: Epoch 73, Train Loss: 0.7755214475816296, Test Loss: 0.7831438407301903, Inverse Test Loss: 0.07695192098617554 
2025-01-09 14:36:53,889 INFO: Epoch 74, Train Loss: 0.777393392978176, Test Loss: 0.7827277854084969, Inverse Test Loss: 0.07691161334514618 
2025-01-09 14:36:54,043 INFO: Epoch 75, Train Loss: 0.7775689151979261, Test Loss: 0.782660186290741, Inverse Test Loss: 0.07704392820596695 
2025-01-09 14:36:54,193 INFO: Epoch 76, Train Loss: 0.773551962068004, Test Loss: 0.7816920876502991, Inverse Test Loss: 0.0771862119436264 
2025-01-09 14:36:54,355 INFO: Epoch 77, Train Loss: 0.7749445534521534, Test Loss: 0.7816098928451538, Inverse Test Loss: 0.07652800530195236 
2025-01-09 14:36:54,503 INFO: Epoch 78, Train Loss: 0.7738609679283635, Test Loss: 0.7814438045024872, Inverse Test Loss: 0.07718121260404587 
2025-01-09 14:36:54,661 INFO: Epoch 79, Train Loss: 0.7733562281054835, Test Loss: 0.7811453491449356, Inverse Test Loss: 0.07731248438358307 
2025-01-09 14:36:54,808 INFO: Epoch 80, Train Loss: 0.771626466704953, Test Loss: 0.780350498855114, Inverse Test Loss: 0.07694178074598312 
2025-01-09 14:36:54,965 INFO: Epoch 81, Train Loss: 0.7700363147643304, Test Loss: 0.7805434763431549, Inverse Test Loss: 0.07714435458183289 
2025-01-09 14:36:55,113 INFO: Epoch 82, Train Loss: 0.7658800521204548, Test Loss: 0.780550092458725, Inverse Test Loss: 0.07700009644031525 
2025-01-09 14:36:55,265 INFO: Epoch 83, Train Loss: 0.769140653071865, Test Loss: 0.7805047631263733, Inverse Test Loss: 0.07711724936962128 
2025-01-09 14:36:55,415 INFO: Epoch 84, Train Loss: 0.7670931816101074, Test Loss: 0.7799598425626755, Inverse Test Loss: 0.07738596200942993 
2025-01-09 14:36:55,574 INFO: Epoch 85, Train Loss: 0.7668820465764692, Test Loss: 0.7793762534856796, Inverse Test Loss: 0.07708222419023514 
2025-01-09 14:36:55,722 INFO: Epoch 86, Train Loss: 0.7638606006099332, Test Loss: 0.7791958078742027, Inverse Test Loss: 0.07707018405199051 
2025-01-09 14:36:55,878 INFO: Epoch 87, Train Loss: 0.7655940536529787, Test Loss: 0.7797042056918144, Inverse Test Loss: 0.07742457091808319 
2025-01-09 14:36:56,032 INFO: Epoch 88, Train Loss: 0.7641545707179654, Test Loss: 0.7782363370060921, Inverse Test Loss: 0.07750042527914047 
2025-01-09 14:36:56,190 INFO: Epoch 89, Train Loss: 0.7635740234005836, Test Loss: 0.7797262892127037, Inverse Test Loss: 0.07736530154943466 
2025-01-09 14:36:56,347 INFO: Epoch 90, Train Loss: 0.7617023375726515, Test Loss: 0.7788402885198593, Inverse Test Loss: 0.07753489166498184 
2025-01-09 14:36:56,508 INFO: Epoch 91, Train Loss: 0.7620500306929311, Test Loss: 0.7797185108065605, Inverse Test Loss: 0.07689442485570908 
2025-01-09 14:36:56,657 INFO: Epoch 92, Train Loss: 0.7590475140079376, Test Loss: 0.7793119549751282, Inverse Test Loss: 0.07682628184556961 
2025-01-09 14:36:56,814 INFO: Epoch 93, Train Loss: 0.7584006594073388, Test Loss: 0.7796732783317566, Inverse Test Loss: 0.07712752372026443 
2025-01-09 14:36:56,962 INFO: Epoch 94, Train Loss: 0.7577418646504802, Test Loss: 0.7789965271949768, Inverse Test Loss: 0.07708233594894409 
2025-01-09 14:36:57,121 INFO: Epoch 95, Train Loss: 0.7592736078846839, Test Loss: 0.7788704857230186, Inverse Test Loss: 0.07745441794395447 
2025-01-09 14:36:57,274 INFO: Epoch 96, Train Loss: 0.7570373069855475, Test Loss: 0.7793148159980774, Inverse Test Loss: 0.07736781984567642 
2025-01-09 14:36:57,430 INFO: Epoch 97, Train Loss: 0.7577002471493136, Test Loss: 0.7794734165072441, Inverse Test Loss: 0.07707470655441284 
2025-01-09 14:36:57,574 INFO: Epoch 98, Train Loss: 0.7564783173222696, Test Loss: 0.7782598361372948, Inverse Test Loss: 0.07727958261966705 
2025-01-09 14:36:57,725 INFO: Epoch 99, Train Loss: 0.7560352163930093, Test Loss: 0.7792922705411911, Inverse Test Loss: 0.0770714282989502 
2025-01-09 14:36:57,871 INFO: Epoch 100, Train Loss: 0.7538376488993245, Test Loss: 0.7786340415477753, Inverse Test Loss: 0.07697302848100662 
2025-01-09 14:36:57,871 INFO: Best Epoch 88, Best Test Loss: 0.7782363370060921 
2025-01-09 14:36:58,026 INFO: Epoch 101, Train Loss: 0.7542252675179513, Test Loss: 0.7788804322481155, Inverse Test Loss: 0.07688822597265244 
2025-01-09 14:36:58,170 INFO: Epoch 102, Train Loss: 0.7517116069793701, Test Loss: 0.7778519988059998, Inverse Test Loss: 0.07758554816246033 
2025-01-09 14:36:58,319 INFO: Epoch 103, Train Loss: 0.7508418983028781, Test Loss: 0.7786805853247643, Inverse Test Loss: 0.07732995599508286 
2025-01-09 14:36:58,472 INFO: Epoch 104, Train Loss: 0.7510308373358942, Test Loss: 0.7788395509123802, Inverse Test Loss: 0.07669288665056229 
2025-01-09 14:36:58,625 INFO: Epoch 105, Train Loss: 0.7485577214148736, Test Loss: 0.7776714563369751, Inverse Test Loss: 0.07760467380285263 
2025-01-09 14:36:58,771 INFO: Epoch 106, Train Loss: 0.7508823852385244, Test Loss: 0.7796715721487999, Inverse Test Loss: 0.0768478512763977 
2025-01-09 14:36:58,920 INFO: Epoch 107, Train Loss: 0.7514111957242412, Test Loss: 0.7789405584335327, Inverse Test Loss: 0.07738326489925385 
2025-01-09 14:36:59,065 INFO: Epoch 108, Train Loss: 0.7506137471045217, Test Loss: 0.777692437171936, Inverse Test Loss: 0.07701868563890457 
2025-01-09 14:36:59,213 INFO: Epoch 109, Train Loss: 0.7500296331221058, Test Loss: 0.7775992527604103, Inverse Test Loss: 0.07717112451791763 
2025-01-09 14:36:59,363 INFO: Epoch 110, Train Loss: 0.7498951092843087, Test Loss: 0.7779704481363297, Inverse Test Loss: 0.07729476690292358 
2025-01-09 14:36:59,522 INFO: Epoch 111, Train Loss: 0.7476298578323857, Test Loss: 0.7778718248009682, Inverse Test Loss: 0.07719296216964722 
2025-01-09 14:36:59,669 INFO: Epoch 112, Train Loss: 0.7452345894229028, Test Loss: 0.777359701693058, Inverse Test Loss: 0.07715263962745667 
2025-01-09 14:36:59,821 INFO: Epoch 113, Train Loss: 0.7456744294012746, Test Loss: 0.7779858112335205, Inverse Test Loss: 0.0769302174448967 
2025-01-09 14:36:59,969 INFO: Epoch 114, Train Loss: 0.7458174247895518, Test Loss: 0.7770557403564453, Inverse Test Loss: 0.0768750011920929 
2025-01-09 14:37:00,123 INFO: Epoch 115, Train Loss: 0.744851420002599, Test Loss: 0.7790128439664841, Inverse Test Loss: 0.0770399272441864 
2025-01-09 14:37:00,272 INFO: Epoch 116, Train Loss: 0.7439274557175175, Test Loss: 0.7774687707424164, Inverse Test Loss: 0.07720965892076492 
2025-01-09 14:37:00,428 INFO: Epoch 117, Train Loss: 0.743283083361964, Test Loss: 0.7783797606825829, Inverse Test Loss: 0.07724316418170929 
2025-01-09 14:37:00,576 INFO: Epoch 118, Train Loss: 0.7435492277145386, Test Loss: 0.7782737240195274, Inverse Test Loss: 0.07694284617900848 
2025-01-09 14:37:00,732 INFO: Epoch 119, Train Loss: 0.7440308120942885, Test Loss: 0.7789313644170761, Inverse Test Loss: 0.07684274017810822 
2025-01-09 14:37:00,876 INFO: Epoch 120, Train Loss: 0.7392966920329679, Test Loss: 0.7775091305375099, Inverse Test Loss: 0.07747004181146622 
2025-01-09 14:37:01,027 INFO: Epoch 121, Train Loss: 0.7417277443793512, Test Loss: 0.7790147587656975, Inverse Test Loss: 0.07708799839019775 
2025-01-09 14:37:01,177 INFO: Epoch 122, Train Loss: 0.7421364034375837, Test Loss: 0.7772465571761131, Inverse Test Loss: 0.07677453011274338 
2025-01-09 14:37:01,327 INFO: Epoch 123, Train Loss: 0.7405391893079204, Test Loss: 0.7780281528830528, Inverse Test Loss: 0.07689452171325684 
2025-01-09 14:37:01,471 INFO: Epoch 124, Train Loss: 0.7383199853281821, Test Loss: 0.7775244563817978, Inverse Test Loss: 0.07699224352836609 
2025-01-09 14:37:01,619 INFO: Epoch 125, Train Loss: 0.7396280380987352, Test Loss: 0.7776125594973564, Inverse Test Loss: 0.077061727643013 
2025-01-09 14:37:01,766 INFO: Epoch 126, Train Loss: 0.7409516438361137, Test Loss: 0.7780701071023941, Inverse Test Loss: 0.07712433487176895 
2025-01-09 14:37:01,915 INFO: Epoch 127, Train Loss: 0.7366555102409855, Test Loss: 0.7781885266304016, Inverse Test Loss: 0.07680162787437439 
2025-01-09 14:37:02,062 INFO: Epoch 128, Train Loss: 0.7372909495907445, Test Loss: 0.7767042890191078, Inverse Test Loss: 0.07702598720788956 
2025-01-09 14:37:02,212 INFO: Epoch 129, Train Loss: 0.7366308069998219, Test Loss: 0.7771114185452461, Inverse Test Loss: 0.07768300920724869 
2025-01-09 14:37:02,354 INFO: Epoch 130, Train Loss: 0.7359169817739918, Test Loss: 0.77843277156353, Inverse Test Loss: 0.07678811997175217 
2025-01-09 14:37:02,503 INFO: Epoch 131, Train Loss: 0.7353680749093333, Test Loss: 0.777403213083744, Inverse Test Loss: 0.07713894546031952 
2025-01-09 14:37:02,649 INFO: Epoch 132, Train Loss: 0.7355063672988645, Test Loss: 0.7787902355194092, Inverse Test Loss: 0.07657676935195923 
2025-01-09 14:37:02,805 INFO: Epoch 133, Train Loss: 0.7354166969176261, Test Loss: 0.7774463072419167, Inverse Test Loss: 0.07715274393558502 
2025-01-09 14:37:02,954 INFO: Epoch 134, Train Loss: 0.7352786544830568, Test Loss: 0.7776184976100922, Inverse Test Loss: 0.0767519623041153 
2025-01-09 14:37:03,111 INFO: Epoch 135, Train Loss: 0.7332243784781425, Test Loss: 0.7779378220438957, Inverse Test Loss: 0.07655250281095505 
2025-01-09 14:37:03,259 INFO: Epoch 136, Train Loss: 0.7339732762305967, Test Loss: 0.7775414064526558, Inverse Test Loss: 0.07683566957712173 
2025-01-09 14:37:03,418 INFO: Epoch 137, Train Loss: 0.7320003124975389, Test Loss: 0.7790118753910065, Inverse Test Loss: 0.07631722092628479 
2025-01-09 14:37:03,574 INFO: Epoch 138, Train Loss: 0.7314854437305082, Test Loss: 0.7775384560227394, Inverse Test Loss: 0.07698934525251389 
2025-01-09 14:37:03,737 INFO: Epoch 139, Train Loss: 0.7316380546938989, Test Loss: 0.7787998840212822, Inverse Test Loss: 0.07607990503311157 
2025-01-09 14:37:03,887 INFO: Epoch 140, Train Loss: 0.7316968421782216, Test Loss: 0.7782522514462471, Inverse Test Loss: 0.07693766802549362 
2025-01-09 14:37:04,040 INFO: Epoch 141, Train Loss: 0.7300993415617174, Test Loss: 0.7783672735095024, Inverse Test Loss: 0.07694658637046814 
2025-01-09 14:37:04,187 INFO: Epoch 142, Train Loss: 0.7297912105437248, Test Loss: 0.7769882455468178, Inverse Test Loss: 0.07629820704460144 
2025-01-09 14:37:04,346 INFO: Epoch 143, Train Loss: 0.7290859318548634, Test Loss: 0.7781883701682091, Inverse Test Loss: 0.07662778347730637 
2025-01-09 14:37:04,492 INFO: Epoch 144, Train Loss: 0.7293154770328153, Test Loss: 0.7787637040019035, Inverse Test Loss: 0.07640977203845978 
2025-01-09 14:37:04,644 INFO: Epoch 145, Train Loss: 0.7293068728139324, Test Loss: 0.7785733342170715, Inverse Test Loss: 0.07668182253837585 
2025-01-09 14:37:04,793 INFO: Epoch 146, Train Loss: 0.7289391102329377, Test Loss: 0.7787487655878067, Inverse Test Loss: 0.07613912224769592 
2025-01-09 14:37:04,947 INFO: Epoch 147, Train Loss: 0.72481325557155, Test Loss: 0.7780727818608284, Inverse Test Loss: 0.07655473798513412 
2025-01-09 14:37:05,097 INFO: Epoch 148, Train Loss: 0.7273980763650709, Test Loss: 0.778986930847168, Inverse Test Loss: 0.0761915072798729 
2025-01-09 14:37:05,254 INFO: Epoch 149, Train Loss: 0.7253915359896999, Test Loss: 0.7783061116933823, Inverse Test Loss: 0.07607586681842804 
2025-01-09 14:37:05,404 INFO: Epoch 150, Train Loss: 0.7262179063212487, Test Loss: 0.7795017436146736, Inverse Test Loss: 0.0763699859380722 
2025-01-09 14:37:05,554 INFO: Epoch 151, Train Loss: 0.7250413067879216, Test Loss: 0.7785530611872673, Inverse Test Loss: 0.07652796804904938 
2025-01-09 14:37:05,699 INFO: Epoch 152, Train Loss: 0.7257738421040196, Test Loss: 0.7798039615154266, Inverse Test Loss: 0.07620541006326675 
2025-01-09 14:37:05,854 INFO: Epoch 153, Train Loss: 0.7234279224949498, Test Loss: 0.7789686769247055, Inverse Test Loss: 0.07597409933805466 
2025-01-09 14:37:06,006 INFO: Epoch 154, Train Loss: 0.7237699397148625, Test Loss: 0.7796069756150246, Inverse Test Loss: 0.07564608007669449 
2025-01-09 14:37:06,165 INFO: Epoch 155, Train Loss: 0.721425312180673, Test Loss: 0.7799052968621254, Inverse Test Loss: 0.07634921371936798 
2025-01-09 14:37:06,313 INFO: Epoch 156, Train Loss: 0.7221239978267301, Test Loss: 0.7782489359378815, Inverse Test Loss: 0.07662755995988846 
2025-01-09 14:37:06,472 INFO: Epoch 157, Train Loss: 0.72313831890783, Test Loss: 0.7802972868084908, Inverse Test Loss: 0.07643675804138184 
2025-01-09 14:37:06,619 INFO: Epoch 158, Train Loss: 0.7201630800001083, Test Loss: 0.7793388217687607, Inverse Test Loss: 0.07626034319400787 
2025-01-09 14:37:06,779 INFO: Epoch 159, Train Loss: 0.7218879038287748, Test Loss: 0.7801708579063416, Inverse Test Loss: 0.07546016573905945 
2025-01-09 14:37:06,927 INFO: Epoch 160, Train Loss: 0.7192149969839281, Test Loss: 0.7787332311272621, Inverse Test Loss: 0.07623226195573807 
2025-01-09 14:37:07,076 INFO: Epoch 161, Train Loss: 0.7208515309518383, Test Loss: 0.7795420214533806, Inverse Test Loss: 0.07587572187185287 
2025-01-09 14:37:07,222 INFO: Epoch 162, Train Loss: 0.7181880781727452, Test Loss: 0.7795004770159721, Inverse Test Loss: 0.07554935663938522 
2025-01-09 14:37:07,376 INFO: Epoch 163, Train Loss: 0.7181719926095778, Test Loss: 0.7792757228016853, Inverse Test Loss: 0.0758865475654602 
2025-01-09 14:37:07,522 INFO: Epoch 164, Train Loss: 0.7181366528234174, Test Loss: 0.7807653173804283, Inverse Test Loss: 0.07563435286283493 
2025-01-09 14:37:07,673 INFO: Epoch 165, Train Loss: 0.7177089510425445, Test Loss: 0.7793454751372337, Inverse Test Loss: 0.07600972056388855 
2025-01-09 14:37:07,832 INFO: Epoch 166, Train Loss: 0.7154244299857847, Test Loss: 0.7820295542478561, Inverse Test Loss: 0.07517161220312119 
2025-01-09 14:37:07,982 INFO: Epoch 167, Train Loss: 0.716347582878605, Test Loss: 0.7818324640393257, Inverse Test Loss: 0.07587724924087524 
2025-01-09 14:37:08,130 INFO: Epoch 168, Train Loss: 0.7143336957500827, Test Loss: 0.7805130109190941, Inverse Test Loss: 0.07583164423704147 
2025-01-09 14:37:08,279 INFO: Epoch 169, Train Loss: 0.715939998626709, Test Loss: 0.7815553024411201, Inverse Test Loss: 0.07573037594556808 
2025-01-09 14:37:08,426 INFO: Epoch 170, Train Loss: 0.713892686751581, Test Loss: 0.7806481420993805, Inverse Test Loss: 0.07574409246444702 
2025-01-09 14:37:08,581 INFO: Epoch 171, Train Loss: 0.7144773698622181, Test Loss: 0.7817280665040016, Inverse Test Loss: 0.07592146843671799 
2025-01-09 14:37:08,740 INFO: Epoch 172, Train Loss: 0.7153679170916157, Test Loss: 0.7825195044279099, Inverse Test Loss: 0.07526426017284393 
2025-01-09 14:37:08,910 INFO: Epoch 173, Train Loss: 0.7155008373721954, Test Loss: 0.7821550220251083, Inverse Test Loss: 0.0754961296916008 
2025-01-09 14:37:09,077 INFO: Epoch 174, Train Loss: 0.7129939486903529, Test Loss: 0.7816719338297844, Inverse Test Loss: 0.07550668716430664 
2025-01-09 14:37:09,240 INFO: Epoch 175, Train Loss: 0.7130560067392164, Test Loss: 0.7815370410680771, Inverse Test Loss: 0.07560738176107407 
2025-01-09 14:37:09,395 INFO: Epoch 176, Train Loss: 0.7132776802585971, Test Loss: 0.7813526391983032, Inverse Test Loss: 0.07558067888021469 
2025-01-09 14:37:09,556 INFO: Epoch 177, Train Loss: 0.7134621604796378, Test Loss: 0.7823072075843811, Inverse Test Loss: 0.07507726550102234 
2025-01-09 14:37:09,706 INFO: Epoch 178, Train Loss: 0.7115575402013717, Test Loss: 0.7824311926960945, Inverse Test Loss: 0.07521749287843704 
2025-01-09 14:37:09,855 INFO: Epoch 179, Train Loss: 0.7103741034384696, Test Loss: 0.7823515087366104, Inverse Test Loss: 0.07505283504724503 
2025-01-09 14:37:10,005 INFO: Epoch 180, Train Loss: 0.7117717900583821, Test Loss: 0.7821953967213631, Inverse Test Loss: 0.07520883530378342 
2025-01-09 14:37:10,167 INFO: Epoch 181, Train Loss: 0.7095576832371373, Test Loss: 0.783274233341217, Inverse Test Loss: 0.07467253506183624 
2025-01-09 14:37:10,324 INFO: Epoch 182, Train Loss: 0.7103473159574694, Test Loss: 0.7821362689137459, Inverse Test Loss: 0.07584941387176514 
2025-01-09 14:37:10,481 INFO: Epoch 183, Train Loss: 0.7113823275412282, Test Loss: 0.7835290506482124, Inverse Test Loss: 0.07584091275930405 
2025-01-09 14:37:10,665 INFO: Epoch 184, Train Loss: 0.7101663677923141, Test Loss: 0.7823879793286324, Inverse Test Loss: 0.07506442070007324 
2025-01-09 14:37:10,826 INFO: Epoch 185, Train Loss: 0.7080246575417057, Test Loss: 0.782818078994751, Inverse Test Loss: 0.07551345229148865 
2025-01-09 14:37:10,988 INFO: Epoch 186, Train Loss: 0.7082549218208559, Test Loss: 0.7846653088927269, Inverse Test Loss: 0.07503648102283478 
2025-01-09 14:37:11,148 INFO: Epoch 187, Train Loss: 0.7075018171341189, Test Loss: 0.7829589173197746, Inverse Test Loss: 0.07540774345397949 
2025-01-09 14:37:11,309 INFO: Epoch 188, Train Loss: 0.7093153595924377, Test Loss: 0.7833037227392197, Inverse Test Loss: 0.075191430747509 
2025-01-09 14:37:11,486 INFO: Epoch 189, Train Loss: 0.7073331494485179, Test Loss: 0.7841629907488823, Inverse Test Loss: 0.0756436362862587 
2025-01-09 14:37:11,649 INFO: Epoch 190, Train Loss: 0.7062397676129495, Test Loss: 0.7831569015979767, Inverse Test Loss: 0.07511335611343384 
2025-01-09 14:37:11,815 INFO: Epoch 191, Train Loss: 0.7048741175282386, Test Loss: 0.7840993776917458, Inverse Test Loss: 0.0753941535949707 
2025-01-09 14:37:11,987 INFO: Epoch 192, Train Loss: 0.7056517370285527, Test Loss: 0.7836281433701515, Inverse Test Loss: 0.07550368458032608 
2025-01-09 14:37:12,149 INFO: Epoch 193, Train Loss: 0.7043640248237117, Test Loss: 0.78338173776865, Inverse Test Loss: 0.07516585290431976 
2025-01-09 14:37:12,313 INFO: Epoch 194, Train Loss: 0.7061065935319469, Test Loss: 0.7840274572372437, Inverse Test Loss: 0.07499673962593079 
2025-01-09 14:37:12,484 INFO: Epoch 195, Train Loss: 0.704505362818318, Test Loss: 0.7854598835110664, Inverse Test Loss: 0.07507826387882233 
2025-01-09 14:37:12,646 INFO: Epoch 196, Train Loss: 0.7020906344536813, Test Loss: 0.7840000316500664, Inverse Test Loss: 0.07532093673944473 
2025-01-09 14:37:12,812 INFO: Epoch 197, Train Loss: 0.705098150237914, Test Loss: 0.7845841199159622, Inverse Test Loss: 0.0752037987112999 
2025-01-09 14:37:13,001 INFO: Epoch 198, Train Loss: 0.7035553013124773, Test Loss: 0.7842594385147095, Inverse Test Loss: 0.07516245543956757 
2025-01-09 14:37:13,174 INFO: Epoch 199, Train Loss: 0.7028125755248531, Test Loss: 0.784870058298111, Inverse Test Loss: 0.07467356324195862 
2025-01-09 14:37:13,329 INFO: Epoch 200, Train Loss: 0.7036228679841564, Test Loss: 0.7846749052405357, Inverse Test Loss: 0.07550109922885895 
2025-01-09 14:37:13,329 INFO: Best Epoch 128, Best Test Loss: 0.7767042890191078 
2025-01-09 14:37:13,483 INFO: Epoch 201, Train Loss: 0.7009402705777076, Test Loss: 0.7863069325685501, Inverse Test Loss: 0.07463540881872177 
2025-01-09 14:37:13,646 INFO: Epoch 202, Train Loss: 0.7027637420162078, Test Loss: 0.7870041355490685, Inverse Test Loss: 0.07508113980293274 
2025-01-09 14:37:13,803 INFO: Epoch 203, Train Loss: 0.7028561234474182, Test Loss: 0.7861862555146217, Inverse Test Loss: 0.07417790591716766 
2025-01-09 14:37:13,986 INFO: Epoch 204, Train Loss: 0.7012016773223877, Test Loss: 0.7853889912366867, Inverse Test Loss: 0.07487038522958755 
2025-01-09 14:37:14,158 INFO: Epoch 205, Train Loss: 0.7007240422310368, Test Loss: 0.7863642871379852, Inverse Test Loss: 0.07445836812257767 
2025-01-09 14:37:14,328 INFO: Epoch 206, Train Loss: 0.7010592029940698, Test Loss: 0.7863595634698868, Inverse Test Loss: 0.0750405490398407 
2025-01-09 14:37:14,526 INFO: Epoch 207, Train Loss: 0.7020433275930343, Test Loss: 0.7857189700007439, Inverse Test Loss: 0.07500153034925461 
2025-01-09 14:37:14,717 INFO: Epoch 208, Train Loss: 0.7003486194918233, Test Loss: 0.7859867215156555, Inverse Test Loss: 0.07458401471376419 
2025-01-09 14:37:14,898 INFO: Epoch 209, Train Loss: 0.7005866054565676, Test Loss: 0.7856042459607124, Inverse Test Loss: 0.07526953518390656 
2025-01-09 14:37:15,072 INFO: Epoch 210, Train Loss: 0.6996317832700668, Test Loss: 0.7864770218729973, Inverse Test Loss: 0.07483559846878052 
2025-01-09 14:37:15,254 INFO: Epoch 211, Train Loss: 0.6998595153131792, Test Loss: 0.7887903898954391, Inverse Test Loss: 0.07433582842350006 
2025-01-09 14:37:15,425 INFO: Epoch 212, Train Loss: 0.6995069403802195, Test Loss: 0.7875415086746216, Inverse Test Loss: 0.07452455908060074 
2025-01-09 14:37:15,609 INFO: Epoch 213, Train Loss: 0.6972872461042097, Test Loss: 0.7882612869143486, Inverse Test Loss: 0.07442285120487213 
2025-01-09 14:37:15,788 INFO: Epoch 214, Train Loss: 0.6991216213472428, Test Loss: 0.7864196226000786, Inverse Test Loss: 0.07484343647956848 
2025-01-09 14:37:15,968 INFO: Epoch 215, Train Loss: 0.6964124210419194, Test Loss: 0.7875304147601128, Inverse Test Loss: 0.07492806762456894 
2025-01-09 14:37:16,136 INFO: Epoch 216, Train Loss: 0.696997094538904, Test Loss: 0.7869729176163673, Inverse Test Loss: 0.07502932846546173 
2025-01-09 14:37:16,341 INFO: Epoch 217, Train Loss: 0.6971856797895124, Test Loss: 0.7872469127178192, Inverse Test Loss: 0.0743769034743309 
2025-01-09 14:37:16,511 INFO: Epoch 218, Train Loss: 0.6954947075536174, Test Loss: 0.7887271791696548, Inverse Test Loss: 0.07441540062427521 
2025-01-09 14:37:16,685 INFO: Epoch 219, Train Loss: 0.6974972274995619, Test Loss: 0.7872450202703476, Inverse Test Loss: 0.07438931614160538 
2025-01-09 14:37:16,853 INFO: Epoch 220, Train Loss: 0.6967915431145699, Test Loss: 0.7877766340970993, Inverse Test Loss: 0.07491761445999146 
2025-01-09 14:37:17,027 INFO: Epoch 221, Train Loss: 0.6948545844324173, Test Loss: 0.7889820039272308, Inverse Test Loss: 0.07488121092319489 
2025-01-09 14:37:17,195 INFO: Epoch 222, Train Loss: 0.6965714346977973, Test Loss: 0.7882721796631813, Inverse Test Loss: 0.07452921569347382 
2025-01-09 14:37:17,370 INFO: Epoch 223, Train Loss: 0.6957087843648849, Test Loss: 0.7883933112025261, Inverse Test Loss: 0.07488401979207993 
2025-01-09 14:37:17,542 INFO: Epoch 224, Train Loss: 0.6958330927356597, Test Loss: 0.7876682877540588, Inverse Test Loss: 0.07461623847484589 
2025-01-09 14:37:17,716 INFO: Epoch 225, Train Loss: 0.6941054674886888, Test Loss: 0.7876424193382263, Inverse Test Loss: 0.07392982393503189 
2025-01-09 14:37:17,885 INFO: Epoch 226, Train Loss: 0.6947183628236094, Test Loss: 0.7879335135221481, Inverse Test Loss: 0.07453902810811996 
2025-01-09 14:37:18,056 INFO: Epoch 227, Train Loss: 0.6947166900480947, Test Loss: 0.7883810773491859, Inverse Test Loss: 0.07465596497058868 
2025-01-09 14:37:18,228 INFO: Epoch 228, Train Loss: 0.6960850531055082, Test Loss: 0.7878193184733391, Inverse Test Loss: 0.07475993782281876 
2025-01-09 14:37:18,405 INFO: Epoch 229, Train Loss: 0.694187004720011, Test Loss: 0.788968063890934, Inverse Test Loss: 0.07417773455381393 
2025-01-09 14:37:18,582 INFO: Epoch 230, Train Loss: 0.6930045754678787, Test Loss: 0.7902623862028122, Inverse Test Loss: 0.07398225367069244 
2025-01-09 14:37:18,753 INFO: Epoch 231, Train Loss: 0.6942739467467031, Test Loss: 0.7890285179018974, Inverse Test Loss: 0.07467436790466309 
2025-01-09 14:37:18,930 INFO: Epoch 232, Train Loss: 0.6920925763345533, Test Loss: 0.7901020348072052, Inverse Test Loss: 0.07460757344961166 
2025-01-09 14:37:19,105 INFO: Epoch 233, Train Loss: 0.6934999785115642, Test Loss: 0.7911883667111397, Inverse Test Loss: 0.07405536621809006 
2025-01-09 14:37:19,279 INFO: Epoch 234, Train Loss: 0.691565082919213, Test Loss: 0.7889995872974396, Inverse Test Loss: 0.07499063014984131 
2025-01-09 14:37:19,466 INFO: Epoch 235, Train Loss: 0.6900789718474111, Test Loss: 0.7902056947350502, Inverse Test Loss: 0.07422411441802979 
2025-01-09 14:37:19,635 INFO: Epoch 236, Train Loss: 0.6926101580742867, Test Loss: 0.7897896245121956, Inverse Test Loss: 0.07494977116584778 
2025-01-09 14:37:19,814 INFO: Epoch 237, Train Loss: 0.6917455119471396, Test Loss: 0.7901128754019737, Inverse Test Loss: 0.0748107060790062 
2025-01-09 14:37:19,987 INFO: Epoch 238, Train Loss: 0.6897984993073248, Test Loss: 0.7901232242584229, Inverse Test Loss: 0.07432425767183304 
2025-01-09 14:37:20,160 INFO: Epoch 239, Train Loss: 0.6911950918935961, Test Loss: 0.7893070131540298, Inverse Test Loss: 0.07437875866889954 
2025-01-09 14:37:20,329 INFO: Epoch 240, Train Loss: 0.6900714251302904, Test Loss: 0.7895649373531342, Inverse Test Loss: 0.07482891529798508 
2025-01-09 14:37:20,509 INFO: Epoch 241, Train Loss: 0.6903325127017114, Test Loss: 0.790693424642086, Inverse Test Loss: 0.07449737936258316 
2025-01-09 14:37:20,677 INFO: Epoch 242, Train Loss: 0.6898845241915795, Test Loss: 0.790864072740078, Inverse Test Loss: 0.07490085065364838 
2025-01-09 14:37:20,852 INFO: Epoch 243, Train Loss: 0.6909354982837554, Test Loss: 0.7919726893305779, Inverse Test Loss: 0.07387850433588028 
2025-01-09 14:37:21,020 INFO: Epoch 244, Train Loss: 0.6901089799019599, Test Loss: 0.7905137315392494, Inverse Test Loss: 0.07434585690498352 
2025-01-09 14:37:21,192 INFO: Epoch 245, Train Loss: 0.6889042642808729, Test Loss: 0.7914460822939873, Inverse Test Loss: 0.07456371933221817 
2025-01-09 14:37:21,357 INFO: Epoch 246, Train Loss: 0.6877309776121571, Test Loss: 0.7909960001707077, Inverse Test Loss: 0.07487337291240692 
2025-01-09 14:37:21,531 INFO: Epoch 247, Train Loss: 0.6883162625374333, Test Loss: 0.7920400574803352, Inverse Test Loss: 0.07406118512153625 
2025-01-09 14:37:21,706 INFO: Epoch 248, Train Loss: 0.6881322072398278, Test Loss: 0.7906559482216835, Inverse Test Loss: 0.0739913210272789 
2025-01-09 14:37:21,875 INFO: Epoch 249, Train Loss: 0.6897881915492396, Test Loss: 0.7920576259493828, Inverse Test Loss: 0.07465439289808273 
2025-01-09 14:37:22,042 INFO: Epoch 250, Train Loss: 0.6890032214503135, Test Loss: 0.7906694263219833, Inverse Test Loss: 0.07482219487428665 
2025-01-09 14:37:22,214 INFO: Epoch 251, Train Loss: 0.6882498495040401, Test Loss: 0.791649229824543, Inverse Test Loss: 0.07447020709514618 
2025-01-09 14:37:22,386 INFO: Epoch 252, Train Loss: 0.687210000330402, Test Loss: 0.791212260723114, Inverse Test Loss: 0.07427448034286499 
2025-01-09 14:37:22,560 INFO: Epoch 253, Train Loss: 0.686135874640557, Test Loss: 0.7917303666472435, Inverse Test Loss: 0.07429081201553345 
2025-01-09 14:37:22,747 INFO: Epoch 254, Train Loss: 0.6873518728440807, Test Loss: 0.7920595109462738, Inverse Test Loss: 0.07432214170694351 
2025-01-09 14:37:22,935 INFO: Epoch 255, Train Loss: 0.6846922751395933, Test Loss: 0.7916137278079987, Inverse Test Loss: 0.07495002448558807 
2025-01-09 14:37:23,106 INFO: Epoch 256, Train Loss: 0.6864472300775589, Test Loss: 0.7918620407581329, Inverse Test Loss: 0.07465015351772308 
2025-01-09 14:37:23,280 INFO: Epoch 257, Train Loss: 0.6871798980620599, Test Loss: 0.7927860394120216, Inverse Test Loss: 0.07522793859243393 
2025-01-09 14:37:23,459 INFO: Epoch 258, Train Loss: 0.6857725304941977, Test Loss: 0.7919700294733047, Inverse Test Loss: 0.07417089492082596 
2025-01-09 14:37:23,633 INFO: Epoch 259, Train Loss: 0.6857595443725586, Test Loss: 0.793134942650795, Inverse Test Loss: 0.07443897426128387 
2025-01-09 14:37:23,828 INFO: Epoch 260, Train Loss: 0.6862753937321324, Test Loss: 0.7929148450493813, Inverse Test Loss: 0.07414958626031876 
2025-01-09 14:37:24,031 INFO: Epoch 261, Train Loss: 0.685830585418209, Test Loss: 0.7927936762571335, Inverse Test Loss: 0.07462286949157715 
2025-01-09 14:37:24,225 INFO: Epoch 262, Train Loss: 0.6841777736140836, Test Loss: 0.7927519530057907, Inverse Test Loss: 0.0749438926577568 
2025-01-09 14:37:24,418 INFO: Epoch 263, Train Loss: 0.6848044087809901, Test Loss: 0.7915666848421097, Inverse Test Loss: 0.07466784119606018 
2025-01-09 14:37:24,589 INFO: Epoch 264, Train Loss: 0.6854300537417012, Test Loss: 0.7927137017250061, Inverse Test Loss: 0.0742277279496193 
2025-01-09 14:37:24,804 INFO: Epoch 265, Train Loss: 0.6840698103750905, Test Loss: 0.792316809296608, Inverse Test Loss: 0.07433339953422546 
2025-01-09 14:37:25,007 INFO: Epoch 266, Train Loss: 0.6838878489309742, Test Loss: 0.7929942756891251, Inverse Test Loss: 0.07489319145679474 
2025-01-09 14:37:25,190 INFO: Epoch 267, Train Loss: 0.6821756997416096, Test Loss: 0.7937794476747513, Inverse Test Loss: 0.07422734051942825 
2025-01-09 14:37:25,372 INFO: Epoch 268, Train Loss: 0.6831606972602106, Test Loss: 0.7934679687023163, Inverse Test Loss: 0.0747729167342186 
2025-01-09 14:37:25,554 INFO: Epoch 269, Train Loss: 0.6843661838962186, Test Loss: 0.7932528108358383, Inverse Test Loss: 0.07423444837331772 
2025-01-09 14:37:25,748 INFO: Epoch 270, Train Loss: 0.6838813789429203, Test Loss: 0.793638326227665, Inverse Test Loss: 0.0745038092136383 
2025-01-09 14:37:25,939 INFO: Epoch 271, Train Loss: 0.682856023311615, Test Loss: 0.7924811318516731, Inverse Test Loss: 0.07496294379234314 
2025-01-09 14:37:26,149 INFO: Epoch 272, Train Loss: 0.6813325766594179, Test Loss: 0.7932557612657547, Inverse Test Loss: 0.0749632865190506 
2025-01-09 14:37:26,345 INFO: Epoch 273, Train Loss: 0.6823127077471826, Test Loss: 0.7935512885451317, Inverse Test Loss: 0.07478044182062149 
2025-01-09 14:37:26,524 INFO: Epoch 274, Train Loss: 0.6813683990509279, Test Loss: 0.7930819988250732, Inverse Test Loss: 0.07493764162063599 
2025-01-09 14:37:26,713 INFO: Epoch 275, Train Loss: 0.6832549129762957, Test Loss: 0.793778657913208, Inverse Test Loss: 0.07473266124725342 
2025-01-09 14:37:26,887 INFO: Epoch 276, Train Loss: 0.6823409045896223, Test Loss: 0.7934228405356407, Inverse Test Loss: 0.07462617754936218 
2025-01-09 14:37:27,071 INFO: Epoch 277, Train Loss: 0.681550589299971, Test Loss: 0.7942242547869682, Inverse Test Loss: 0.07442840188741684 
2025-01-09 14:37:27,259 INFO: Epoch 278, Train Loss: 0.681573373656119, Test Loss: 0.7935829311609268, Inverse Test Loss: 0.07502340525388718 
2025-01-09 14:37:27,442 INFO: Epoch 279, Train Loss: 0.6796769922779452, Test Loss: 0.7933776527643204, Inverse Test Loss: 0.07539397478103638 
2025-01-09 14:37:27,635 INFO: Epoch 280, Train Loss: 0.6809044134232306, Test Loss: 0.7937609478831291, Inverse Test Loss: 0.07514477521181107 
2025-01-09 14:37:27,818 INFO: Epoch 281, Train Loss: 0.6790942434341677, Test Loss: 0.794546976685524, Inverse Test Loss: 0.07512605935335159 
2025-01-09 14:37:27,997 INFO: Epoch 282, Train Loss: 0.6797445724087376, Test Loss: 0.7934928610920906, Inverse Test Loss: 0.07504618912935257 
2025-01-09 14:37:28,182 INFO: Epoch 283, Train Loss: 0.6790474307152533, Test Loss: 0.7941828370094299, Inverse Test Loss: 0.07483573257923126 
2025-01-09 14:37:28,369 INFO: Epoch 284, Train Loss: 0.6813312115207795, Test Loss: 0.7949704527854919, Inverse Test Loss: 0.07464908063411713 
2025-01-09 14:37:28,557 INFO: Epoch 285, Train Loss: 0.6796022326715531, Test Loss: 0.7944105491042137, Inverse Test Loss: 0.07545386254787445 
2025-01-09 14:37:28,746 INFO: Epoch 286, Train Loss: 0.6785268783569336, Test Loss: 0.7932306751608849, Inverse Test Loss: 0.07456949353218079 
